nohup: ignoring input
--------------------------------------------------
unknown
../Tax_1_100/100.smt2 : 1340 ms.
--------------------------------------------------
unknown
../Tax_1_100/10.smt2 : 11480 ms.
--------------------------------------------------
unknown
../Tax_1_100/11.smt2 : 19375 ms.
--------------------------------------------------
unknown
../Tax_1_100/12.smt2 : 19092 ms.
--------------------------------------------------
unknown
../Tax_1_100/13.smt2 : 12022 ms.
--------------------------------------------------
unknown
../Tax_1_100/14.smt2 : 21166 ms.
--------------------------------------------------
unknown
../Tax_1_100/15.smt2 : 11539 ms.
--------------------------------------------------
unknown
../Tax_1_100/16.smt2 : 17456 ms.
--------------------------------------------------
unknown
../Tax_1_100/17.smt2 : 14770 ms.
--------------------------------------------------
unknown
../Tax_1_100/18.smt2 : 16824 ms.
--------------------------------------------------
unknown
../Tax_1_100/19.smt2 : 14180 ms.
--------------------------------------------------
sat
../Tax_1_100/1.smt2 : 232 ms.
--------------------------------------------------
unknown
../Tax_1_100/20.smt2 : 11308 ms.
--------------------------------------------------
unknown
../Tax_1_100/21.smt2 : 16411 ms.
--------------------------------------------------
unknown
../Tax_1_100/22.smt2 : 17168 ms.
--------------------------------------------------
unknown
../Tax_1_100/23.smt2 : 14797 ms.
--------------------------------------------------
unknown
../Tax_1_100/24.smt2 : 18365 ms.
--------------------------------------------------
unknown
../Tax_1_100/25.smt2 : 13747 ms.
--------------------------------------------------
unknown
../Tax_1_100/26.smt2 : 20542 ms.
--------------------------------------------------
unknown
../Tax_1_100/27.smt2 : 24381 ms.
--------------------------------------------------
unknown
../Tax_1_100/28.smt2 : 15120 ms.
--------------------------------------------------
unknown
../Tax_1_100/29.smt2 : 13323 ms.
--------------------------------------------------
sat
../Tax_1_100/2.smt2 : 318 ms.
--------------------------------------------------
unknown
../Tax_1_100/30.smt2 : 19332 ms.
--------------------------------------------------
unknown
../Tax_1_100/31.smt2 : 14610 ms.
--------------------------------------------------
unknown
../Tax_1_100/32.smt2 : 16469 ms.
--------------------------------------------------
unknown
../Tax_1_100/33.smt2 : 21339 ms.
--------------------------------------------------
unknown
../Tax_1_100/34.smt2 : 20961 ms.
--------------------------------------------------
unknown
../Tax_1_100/35.smt2 : 17636 ms.
--------------------------------------------------
unknown
../Tax_1_100/36.smt2 : 19668 ms.
--------------------------------------------------
unknown
../Tax_1_100/37.smt2 : 19366 ms.
--------------------------------------------------
unknown
../Tax_1_100/38.smt2 : 17914 ms.
--------------------------------------------------
unknown
../Tax_1_100/39.smt2 : 15100 ms.
--------------------------------------------------
sat
../Tax_1_100/3.smt2 : 295 ms.
--------------------------------------------------
unknown
../Tax_1_100/40.smt2 : 16038 ms.
--------------------------------------------------
unknown
../Tax_1_100/41.smt2 : 16887 ms.
--------------------------------------------------
unknown
../Tax_1_100/42.smt2 : 19308 ms.
--------------------------------------------------
unknown
../Tax_1_100/43.smt2 : 19567 ms.
--------------------------------------------------
unknown
../Tax_1_100/44.smt2 : 19825 ms.
--------------------------------------------------
unknown
../Tax_1_100/45.smt2 : 13635 ms.
--------------------------------------------------
unknown
../Tax_1_100/46.smt2 : 17612 ms.
--------------------------------------------------
unknown
../Tax_1_100/47.smt2 : 16406 ms.
--------------------------------------------------
unknown
../Tax_1_100/48.smt2 : 24132 ms.
--------------------------------------------------
unknown
../Tax_1_100/49.smt2 : 22447 ms.
--------------------------------------------------
sat
../Tax_1_100/4.smt2 : 405 ms.
--------------------------------------------------
unknown
../Tax_1_100/50.smt2 : 15433 ms.
--------------------------------------------------
unknown
../Tax_1_100/51.smt2 : 19151 ms.
--------------------------------------------------
unknown
../Tax_1_100/52.smt2 : 15965 ms.
--------------------------------------------------
unknown
../Tax_1_100/53.smt2 : 16349 ms.
--------------------------------------------------
unknown
../Tax_1_100/54.smt2 : 16185 ms.
--------------------------------------------------
unknown
../Tax_1_100/55.smt2 : 19520 ms.
--------------------------------------------------
unknown
../Tax_1_100/56.smt2 : 19369 ms.
--------------------------------------------------
unknown
../Tax_1_100/57.smt2 : 19955 ms.
--------------------------------------------------
unknown
../Tax_1_100/58.smt2 : 17531 ms.
--------------------------------------------------
unknown
../Tax_1_100/59.smt2 : 25764 ms.
--------------------------------------------------
sat
../Tax_1_100/5.smt2 : 377 ms.
--------------------------------------------------
unknown
../Tax_1_100/60.smt2 : 21310 ms.
--------------------------------------------------
unknown
../Tax_1_100/61.smt2 : 19211 ms.
--------------------------------------------------
unknown
../Tax_1_100/62.smt2 : 14333 ms.
--------------------------------------------------
unknown
../Tax_1_100/63.smt2 : 18718 ms.
--------------------------------------------------
unknown
../Tax_1_100/64.smt2 : 17249 ms.
--------------------------------------------------
unknown
../Tax_1_100/65.smt2 : 41950 ms.
--------------------------------------------------
unknown
../Tax_1_100/66.smt2 : 22759 ms.
--------------------------------------------------
unknown
../Tax_1_100/67.smt2 : 22882 ms.
--------------------------------------------------
unknown
../Tax_1_100/68.smt2 : 18924 ms.
--------------------------------------------------
unknown
../Tax_1_100/69.smt2 : 23391 ms.
--------------------------------------------------
sat
../Tax_1_100/6.smt2 : 399 ms.
--------------------------------------------------
unknown
../Tax_1_100/70.smt2 : 22208 ms.
--------------------------------------------------
unknown
../Tax_1_100/71.smt2 : 16396 ms.
--------------------------------------------------
unknown
../Tax_1_100/72.smt2 : 30444 ms.
--------------------------------------------------
unknown
../Tax_1_100/73.smt2 : 22267 ms.
--------------------------------------------------
unknown
../Tax_1_100/74.smt2 : 18396 ms.
--------------------------------------------------
unknown
../Tax_1_100/75.smt2 : 21533 ms.
--------------------------------------------------
unknown
../Tax_1_100/76.smt2 : 19766 ms.
--------------------------------------------------
unknown
../Tax_1_100/77.smt2 : 20007 ms.
--------------------------------------------------
unknown
../Tax_1_100/78.smt2 : 18447 ms.
--------------------------------------------------
unknown
../Tax_1_100/79.smt2 : 22128 ms.
--------------------------------------------------
sat
../Tax_1_100/7.smt2 : 617 ms.
--------------------------------------------------
unknown
../Tax_1_100/80.smt2 : 21214 ms.
--------------------------------------------------
unknown
../Tax_1_100/81.smt2 : 16611 ms.
--------------------------------------------------
unknown
../Tax_1_100/82.smt2 : 21652 ms.
--------------------------------------------------
unknown
../Tax_1_100/83.smt2 : 16767 ms.
--------------------------------------------------
unknown
../Tax_1_100/84.smt2 : 22624 ms.
--------------------------------------------------
unknown
../Tax_1_100/85.smt2 : 24696 ms.
--------------------------------------------------
unknown
../Tax_1_100/86.smt2 : 20878 ms.
--------------------------------------------------
unknown
../Tax_1_100/87.smt2 : 23267 ms.
--------------------------------------------------
unknown
../Tax_1_100/88.smt2 : 21911 ms.
--------------------------------------------------
unknown
../Tax_1_100/89.smt2 : 1043 ms.
--------------------------------------------------
sat
../Tax_1_100/8.smt2 : 448 ms.
--------------------------------------------------
unknown
../Tax_1_100/90.smt2 : 1252 ms.
--------------------------------------------------
unknown
../Tax_1_100/91.smt2 : 1057 ms.
--------------------------------------------------
unknown
../Tax_1_100/92.smt2 : 995 ms.
--------------------------------------------------
unknown
../Tax_1_100/93.smt2 : 1032 ms.
--------------------------------------------------
unknown
../Tax_1_100/94.smt2 : 1182 ms.
--------------------------------------------------
unknown
../Tax_1_100/95.smt2 : 1354 ms.
--------------------------------------------------
unknown
../Tax_1_100/96.smt2 : 1200 ms.
--------------------------------------------------
unknown
../Tax_1_100/97.smt2 : 1152 ms.
--------------------------------------------------
unknown
../Tax_1_100/98.smt2 : 1058 ms.
--------------------------------------------------
unknown
../Tax_1_100/99.smt2 : 1168 ms.
--------------------------------------------------
unknown
../Tax_1_100/9.smt2 : 17320 ms.
