--------------------------------------------------
First to ismt, cur time 0 s.
ismt: sat (2 bits).
../../QF_NIA_split/QF_NIA_2_21//20170427-VeryMax/ITS/From_T2__bakery.t2__p17028_terminationG_0.smt2 : 901 ms.
--------------------------------------------------
First to ismt, cur time 0 s.
ismt: sat (2 bits).
../../QF_NIA_split/QF_NIA_2_21//20170427-VeryMax/ITS/From_T2__bakery.t2__p17029_terminationG_0.smt2 : 21103 ms.
--------------------------------------------------
First to ismt, cur time 0 s.
ismt: sat (2 bits).
../../QF_NIA_split/QF_NIA_2_21//20170427-VeryMax/ITS/From_T2__bakery.t2__p17034_terminationG_0.smt2 : 4518 ms.
--------------------------------------------------
First to ismt, cur time 0 s.
Final to yices2, cur time 360 s.
final yices2: unsat
../../QF_NIA_split/QF_NIA_2_21//20170427-VeryMax/ITS/From_T2__bakery.t2__p17037_terminationG_0.smt2 : 360347 ms.
--------------------------------------------------
First to ismt, cur time 0 s.
Final to yices2, cur time 360 s.
unknown
../../QF_NIA_split/QF_NIA_2_21//20170427-VeryMax/ITS/From_T2__bakery.t2__p17038_terminationG_0.smt2 : 1199881 ms.
--------------------------------------------------
First to ismt, cur time 0 s.
Final to yices2, cur time 360 s.
../../QF_NIA_split/QF_NIA_2_21//20170427-VeryMax/ITS/From_T2__bakery.t2__p17039_terminationG_0.smt2 : 1200038 ms.
--------------------------------------------------
First to ismt, cur time 0 s.
Final to yices2, cur time 360 s.
final yices2: unsat
../../QF_NIA_split/QF_NIA_2_21//20170427-VeryMax/ITS/From_T2__bakery.t2__p17042_terminationG_0.smt2 : 360846 ms.
--------------------------------------------------
First to ismt, cur time 0 s.
Final to yices2, cur time 360 s.
unknown
../../QF_NIA_split/QF_NIA_2_21//20170427-VeryMax/ITS/From_T2__bakery.t2__p17043_terminationG_0.smt2 : 1200000 ms.
--------------------------------------------------
First to ismt, cur time 0 s.
Final to yices2, cur time 360 s.
../../QF_NIA_split/QF_NIA_2_21//20170427-VeryMax/ITS/From_T2__bakery.t2__p17044_terminationG_0.smt2 : 1200055 ms.
--------------------------------------------------
First to ismt, cur time 0 s.
Final to yices2, cur time 360 s.
final yices2: unsat
../../QF_NIA_split/QF_NIA_2_21//20170427-VeryMax/ITS/From_T2__bakery.t2__p17047_terminationG_0.smt2 : 360405 ms.
--------------------------------------------------
First to ismt, cur time 0 s.
Final to yices2, cur time 360 s.
../../QF_NIA_split/QF_NIA_2_21//20170427-VeryMax/ITS/From_T2__bakery.t2__p17048_terminationG_0.smt2 : 1200038 ms.
--------------------------------------------------
First to ismt, cur time 0 s.
Final to yices2, cur time 360 s.
../../QF_NIA_split/QF_NIA_2_21//20170427-VeryMax/ITS/From_T2__bakery.t2__p17049_terminationG_0.smt2 : 1200047 ms.
--------------------------------------------------
First to ismt, cur time 0 s.
Final to yices2, cur time 360 s.
final yices2: unsat
../../QF_NIA_split/QF_NIA_2_21//20170427-VeryMax/ITS/From_T2__bakery.t2__p17052_terminationG_0.smt2 : 361694 ms.
--------------------------------------------------
First to ismt, cur time 0 s.
Final to yices2, cur time 360 s.
../../QF_NIA_split/QF_NIA_2_21//20170427-VeryMax/ITS/From_T2__bakery.t2__p17053_terminationG_0.smt2 : 1200044 ms.
--------------------------------------------------
First to ismt, cur time 0 s.
Final to yices2, cur time 360 s.
../../QF_NIA_split/QF_NIA_2_21//20170427-VeryMax/ITS/From_T2__bakery.t2__p17054_terminationG_0.smt2 : 1200063 ms.
--------------------------------------------------
First to ismt, cur time 0 s.
Final to yices2, cur time 360 s.
final yices2: unsat
../../QF_NIA_split/QF_NIA_2_21//20170427-VeryMax/ITS/From_T2__bakery.t2__p17057_terminationG_0.smt2 : 361989 ms.
--------------------------------------------------
First to ismt, cur time 0 s.
Final to yices2, cur time 360 s.
../../QF_NIA_split/QF_NIA_2_21//20170427-VeryMax/ITS/From_T2__bakery.t2__p17058_terminationG_0.smt2 : 1200034 ms.
--------------------------------------------------
First to ismt, cur time 0 s.
Final to yices2, cur time 360 s.
../../QF_NIA_split/QF_NIA_2_21//20170427-VeryMax/ITS/From_T2__bakery.t2__p17059_terminationG_0.smt2 : 1200050 ms.
--------------------------------------------------
First to ismt, cur time 0 s.
Final to yices2, cur time 360 s.
final yices2: unsat
../../QF_NIA_split/QF_NIA_2_21//20170427-VeryMax/ITS/From_T2__bakery.t2__p17062_terminationG_0.smt2 : 362135 ms.
--------------------------------------------------
First to ismt, cur time 0 s.
Final to yices2, cur time 360 s.
../../QF_NIA_split/QF_NIA_2_21//20170427-VeryMax/ITS/From_T2__bakery.t2__p17063_terminationG_0.smt2 : 1200035 ms.
--------------------------------------------------
First to ismt, cur time 0 s.
Final to yices2, cur time 360 s.
../../QF_NIA_split/QF_NIA_2_21//20170427-VeryMax/ITS/From_T2__bakery.t2__p17065_terminationG_0.smt2 : 1200059 ms.
--------------------------------------------------
First to ismt, cur time 0 s.
Final to yices2, cur time 360 s.
unknown
../../QF_NIA_split/QF_NIA_2_21//20170427-VeryMax/ITS/From_T2__bakery.t2__p17068_terminationG_0.smt2 : 1199519 ms.
--------------------------------------------------
First to ismt, cur time 0 s.
Final to yices2, cur time 360 s.
../../QF_NIA_split/QF_NIA_2_21//20170427-VeryMax/ITS/From_T2__bakery.t2__p17069_terminationG_0.smt2 : 1200043 ms.
--------------------------------------------------
First to ismt, cur time 0 s.
Final to yices2, cur time 360 s.
../../QF_NIA_split/QF_NIA_2_21//20170427-VeryMax/ITS/From_T2__bakery.t2__p17070_terminationG_0.smt2 : 1200024 ms.
--------------------------------------------------
First to ismt, cur time 0 s.
Final to yices2, cur time 360 s.
final yices2: unsat
../../QF_NIA_split/QF_NIA_2_21//20170427-VeryMax/ITS/From_T2__bakery.t2__p17073_terminationG_0.smt2 : 362921 ms.
--------------------------------------------------
First to ismt, cur time 0 s.
Final to yices2, cur time 360 s.
../../QF_NIA_split/QF_NIA_2_21//20170427-VeryMax/ITS/From_T2__bakery.t2__p17074_terminationG_0.smt2 : 1200050 ms.
--------------------------------------------------
First to ismt, cur time 0 s.
Final to yices2, cur time 360 s.
../../QF_NIA_split/QF_NIA_2_21//20170427-VeryMax/ITS/From_T2__bakery.t2__p17075_terminationG_0.smt2 : 1200044 ms.
--------------------------------------------------
First to ismt, cur time 0 s.
Final to yices2, cur time 360 s.
final yices2: unsat
../../QF_NIA_split/QF_NIA_2_21//20170427-VeryMax/ITS/From_T2__bakery.t2__p17078_terminationG_0.smt2 : 364513 ms.
--------------------------------------------------
First to ismt, cur time 0 s.
Final to yices2, cur time 360 s.
unknown
../../QF_NIA_split/QF_NIA_2_21//20170427-VeryMax/ITS/From_T2__bakery.t2__p17079_terminationG_0.smt2 : 1199691 ms.
--------------------------------------------------
First to ismt, cur time 0 s.
Final to yices2, cur time 360 s.
../../QF_NIA_split/QF_NIA_2_21//20170427-VeryMax/ITS/From_T2__bakery.t2__p17080_terminationG_0.smt2 : 1200047 ms.
--------------------------------------------------
First to ismt, cur time 0 s.
Final to yices2, cur time 360 s.
final yices2: unsat
../../QF_NIA_split/QF_NIA_2_21//20170427-VeryMax/ITS/From_T2__bakery.t2__p17083_terminationG_0.smt2 : 363128 ms.
--------------------------------------------------
First to ismt, cur time 0 s.
Final to yices2, cur time 360 s.
unknown
../../QF_NIA_split/QF_NIA_2_21//20170427-VeryMax/ITS/From_T2__bakery.t2__p17084_terminationG_0.smt2 : 1199900 ms.
--------------------------------------------------
First to ismt, cur time 0 s.
Final to yices2, cur time 360 s.
../../QF_NIA_split/QF_NIA_2_21//20170427-VeryMax/ITS/From_T2__bakery.t2__p17085_terminationG_0.smt2 : 1200037 ms.
--------------------------------------------------
First to ismt, cur time 0 s.
Final to yices2, cur time 360 s.
final yices2: unsat
../../QF_NIA_split/QF_NIA_2_21//20170427-VeryMax/ITS/From_T2__bakery.t2__p17088_terminationG_0.smt2 : 367847 ms.
--------------------------------------------------
First to ismt, cur time 0 s.
Final to yices2, cur time 360 s.
../../QF_NIA_split/QF_NIA_2_21//20170427-VeryMax/ITS/From_T2__bakery.t2__p17089_terminationG_0.smt2 : 1200033 ms.
--------------------------------------------------
First to ismt, cur time 0 s.
Final to yices2, cur time 360 s.
../../QF_NIA_split/QF_NIA_2_21//20170427-VeryMax/ITS/From_T2__bakery.t2__p17090_terminationG_0.smt2 : 1200036 ms.
--------------------------------------------------
First to ismt, cur time 0 s.
Final to yices2, cur time 360 s.
final yices2: unsat
../../QF_NIA_split/QF_NIA_2_21//20170427-VeryMax/ITS/From_T2__bakery.t2__p17093_terminationG_0.smt2 : 370796 ms.
--------------------------------------------------
First to ismt, cur time 0 s.
Final to yices2, cur time 360 s.
unknown
../../QF_NIA_split/QF_NIA_2_21//20170427-VeryMax/ITS/From_T2__bakery.t2__p17094_terminationG_0.smt2 : 1199617 ms.
--------------------------------------------------
First to ismt, cur time 0 s.
Final to yices2, cur time 360 s.
../../QF_NIA_split/QF_NIA_2_21//20170427-VeryMax/ITS/From_T2__bakery.t2__p17095_terminationG_0.smt2 : 1200015 ms.
--------------------------------------------------
First to ismt, cur time 0 s.
Final to yices2, cur time 360 s.
final yices2: unsat
../../QF_NIA_split/QF_NIA_2_21//20170427-VeryMax/ITS/From_T2__bakery.t2__p17098_terminationG_0.smt2 : 384994 ms.
--------------------------------------------------
First to ismt, cur time 0 s.
Final to yices2, cur time 360 s.
../../QF_NIA_split/QF_NIA_2_21//20170427-VeryMax/ITS/From_T2__bakery.t2__p17099_terminationG_0.smt2 : 1200045 ms.
--------------------------------------------------
First to ismt, cur time 0 s.
Final to yices2, cur time 360 s.
../../QF_NIA_split/QF_NIA_2_21//20170427-VeryMax/ITS/From_T2__bakery.t2__p17100_terminationG_0.smt2 : 1200033 ms.
--------------------------------------------------
First to ismt, cur time 0 s.
Final to yices2, cur time 360 s.
final yices2: unsat
../../QF_NIA_split/QF_NIA_2_21//20170427-VeryMax/ITS/From_T2__bakery.t2__p17103_terminationG_0.smt2 : 367181 ms.
--------------------------------------------------
First to ismt, cur time 0 s.
Final to yices2, cur time 360 s.
../../QF_NIA_split/QF_NIA_2_21//20170427-VeryMax/ITS/From_T2__bakery.t2__p17104_terminationG_0.smt2 : 1200041 ms.
--------------------------------------------------
First to ismt, cur time 0 s.
Final to yices2, cur time 360 s.
../../QF_NIA_split/QF_NIA_2_21//20170427-VeryMax/ITS/From_T2__bakery.t2__p17105_terminationG_0.smt2 : 1200053 ms.
--------------------------------------------------
First to ismt, cur time 0 s.
Final to yices2, cur time 360 s.
../../QF_NIA_split/QF_NIA_2_21//20170427-VeryMax/ITS/From_T2__bakery.t2__p17108_terminationG_0.smt2 : 1200047 ms.
--------------------------------------------------
First to ismt, cur time 0 s.
Final to yices2, cur time 360 s.
../../QF_NIA_split/QF_NIA_2_21//20170427-VeryMax/ITS/From_T2__bakery.t2__p17109_terminationG_0.smt2 : 1200038 ms.
--------------------------------------------------
First to ismt, cur time 0 s.
Final to yices2, cur time 361 s.
unknown
../../QF_NIA_split/QF_NIA_2_21//20170427-VeryMax/ITS/From_T2__bakery.t2__p17110_terminationG_0.smt2 : 1199191 ms.
--------------------------------------------------
First to ismt, cur time 0 s.
Final to yices2, cur time 360 s.
final yices2: unsat
../../QF_NIA_split/QF_NIA_2_21//20170427-VeryMax/ITS/From_T2__bakery.t2__p17113_terminationG_0.smt2 : 374753 ms.
--------------------------------------------------
First to ismt, cur time 0 s.
Final to yices2, cur time 361 s.
unknown
../../QF_NIA_split/QF_NIA_2_21//20170427-VeryMax/ITS/From_T2__bakery.t2__p17114_terminationG_0.smt2 : 1199182 ms.
--------------------------------------------------
First to ismt, cur time 0 s.
Final to yices2, cur time 360 s.
../../QF_NIA_split/QF_NIA_2_21//20170427-VeryMax/ITS/From_T2__bakery.t2__p17115_terminationG_0.smt2 : 1200047 ms.
--------------------------------------------------
First to ismt, cur time 0 s.
Final to yices2, cur time 360 s.
final yices2: unsat
../../QF_NIA_split/QF_NIA_2_21//20170427-VeryMax/ITS/From_T2__bakery.t2__p17118_terminationG_0.smt2 : 496915 ms.
--------------------------------------------------
First to ismt, cur time 0 s.
Final to yices2, cur time 360 s.
../../QF_NIA_split/QF_NIA_2_21//20170427-VeryMax/ITS/From_T2__bakery.t2__p17119_terminationG_0.smt2 : 1200041 ms.
--------------------------------------------------
First to ismt, cur time 0 s.
Final to yices2, cur time 360 s.
../../QF_NIA_split/QF_NIA_2_21//20170427-VeryMax/ITS/From_T2__bakery.t2__p17120_terminationG_0.smt2 : 1200051 ms.
--------------------------------------------------
First to ismt, cur time 0 s.
Final to yices2, cur time 361 s.
final yices2: unsat
../../QF_NIA_split/QF_NIA_2_21//20170427-VeryMax/ITS/From_T2__bakery.t2__p17123_terminationG_0.smt2 : 377194 ms.
--------------------------------------------------
First to ismt, cur time 0 s.
Final to yices2, cur time 360 s.
../../QF_NIA_split/QF_NIA_2_21//20170427-VeryMax/ITS/From_T2__bakery.t2__p17124_terminationG_0.smt2 : 1200053 ms.
--------------------------------------------------
First to ismt, cur time 0 s.
Final to yices2, cur time 360 s.
../../QF_NIA_split/QF_NIA_2_21//20170427-VeryMax/ITS/From_T2__bakery.t2__p17125_terminationG_0.smt2 : 1200041 ms.
--------------------------------------------------
First to ismt, cur time 0 s.
Final to yices2, cur time 360 s.
final yices2: unsat
../../QF_NIA_split/QF_NIA_2_21//20170427-VeryMax/ITS/From_T2__bakery.t2__p17128_terminationG_0.smt2 : 378352 ms.
--------------------------------------------------
First to ismt, cur time 0 s.
Final to yices2, cur time 360 s.
../../QF_NIA_split/QF_NIA_2_21//20170427-VeryMax/ITS/From_T2__bakery.t2__p17129_terminationG_0.smt2 : 1200056 ms.
--------------------------------------------------
First to ismt, cur time 0 s.
Final to yices2, cur time 360 s.
../../QF_NIA_split/QF_NIA_2_21//20170427-VeryMax/ITS/From_T2__bakery.t2__p17130_terminationG_0.smt2 : 1200047 ms.
--------------------------------------------------
First to ismt, cur time 0 s.
Final to yices2, cur time 360 s.
final yices2: unsat
../../QF_NIA_split/QF_NIA_2_21//20170427-VeryMax/ITS/From_T2__bakery.t2__p17133_terminationG_0.smt2 : 399509 ms.
--------------------------------------------------
First to ismt, cur time 0 s.
Final to yices2, cur time 360 s.
../../QF_NIA_split/QF_NIA_2_21//20170427-VeryMax/ITS/From_T2__bakery.t2__p17134_terminationG_0.smt2 : 1200041 ms.
--------------------------------------------------
First to ismt, cur time 0 s.
Final to yices2, cur time 360 s.
../../QF_NIA_split/QF_NIA_2_21//20170427-VeryMax/ITS/From_T2__bakery.t2__p17135_terminationG_0.smt2 : 1200045 ms.
--------------------------------------------------
First to ismt, cur time 0 s.
Final to yices2, cur time 360 s.
final yices2: unsat
../../QF_NIA_split/QF_NIA_2_21//20170427-VeryMax/ITS/From_T2__bakery.t2__p17138_terminationG_0.smt2 : 597748 ms.
--------------------------------------------------
First to ismt, cur time 0 s.
Final to yices2, cur time 360 s.
../../QF_NIA_split/QF_NIA_2_21//20170427-VeryMax/ITS/From_T2__bakery.t2__p17139_terminationG_0.smt2 : 1200051 ms.
--------------------------------------------------
First to ismt, cur time 0 s.
Final to yices2, cur time 360 s.
../../QF_NIA_split/QF_NIA_2_21//20170427-VeryMax/ITS/From_T2__bakery.t2__p17140_terminationG_0.smt2 : 1200036 ms.
--------------------------------------------------
First to ismt, cur time 0 s.
Final to yices2, cur time 360 s.
../../QF_NIA_split/QF_NIA_2_21//20170427-VeryMax/ITS/From_T2__bakery.t2__p17143_terminationG_0.smt2 : 1200034 ms.
--------------------------------------------------
First to ismt, cur time 0 s.
Final to yices2, cur time 360 s.
../../QF_NIA_split/QF_NIA_2_21//20170427-VeryMax/ITS/From_T2__bakery.t2__p17144_terminationG_0.smt2 : 1200045 ms.
--------------------------------------------------
First to ismt, cur time 0 s.
Final to yices2, cur time 361 s.
unknown
../../QF_NIA_split/QF_NIA_2_21//20170427-VeryMax/ITS/From_T2__bakery.t2__p17145_terminationG_0.smt2 : 1199358 ms.
--------------------------------------------------
First to ismt, cur time 0 s.
Final to yices2, cur time 361 s.
../../QF_NIA_split/QF_NIA_2_21//20170427-VeryMax/ITS/From_T2__bakery.t2__p17148_terminationG_0.smt2 : 1200057 ms.
--------------------------------------------------
First to ismt, cur time 0 s.
Final to yices2, cur time 360 s.
../../QF_NIA_split/QF_NIA_2_21//20170427-VeryMax/ITS/From_T2__bakery.t2__p17149_terminationG_0.smt2 : 1200049 ms.
--------------------------------------------------
First to ismt, cur time 0 s.
Final to yices2, cur time 360 s.
../../QF_NIA_split/QF_NIA_2_21//20170427-VeryMax/ITS/From_T2__bakery.t2__p17150_terminationG_0.smt2 : 1200030 ms.
--------------------------------------------------
First to ismt, cur time 0 s.
Final to yices2, cur time 360 s.
../../QF_NIA_split/QF_NIA_2_21//20170427-VeryMax/ITS/From_T2__bakery.t2__p17153_terminationG_0.smt2 : 1200040 ms.
--------------------------------------------------
First to ismt, cur time 0 s.
Final to yices2, cur time 360 s.
../../QF_NIA_split/QF_NIA_2_21//20170427-VeryMax/ITS/From_T2__bakery.t2__p17154_terminationG_0.smt2 : 1216784 ms.
--------------------------------------------------
First to ismt, cur time 0 s.
Final to yices2, cur time 361 s.
../../QF_NIA_split/QF_NIA_2_21//20170427-VeryMax/ITS/From_T2__bakery.t2__p17155_terminationG_0.smt2 : 1200491 ms.
--------------------------------------------------
First to ismt, cur time 0 s.
Final to yices2, cur time 360 s.
../../QF_NIA_split/QF_NIA_2_21//20170427-VeryMax/ITS/From_T2__bakery.t2__p17158_terminationG_0.smt2 : 1212746 ms.
--------------------------------------------------
First to ismt, cur time 0 s.
Final to yices2, cur time 360 s.
../../QF_NIA_split/QF_NIA_2_21//20170427-VeryMax/ITS/From_T2__bakery.t2__p17159_terminationG_0.smt2 : 1200633 ms.
--------------------------------------------------
First to ismt, cur time 0 s.
Final to yices2, cur time 361 s.
../../QF_NIA_split/QF_NIA_2_21//20170427-VeryMax/ITS/From_T2__bakery.t2__p17160_terminationG_0.smt2 : 1214578 ms.
--------------------------------------------------
First to ismt, cur time 0 s.
Final to yices2, cur time 361 s.
../../QF_NIA_split/QF_NIA_2_21//20170427-VeryMax/ITS/From_T2__bakery.t2__p17163_terminationG_0.smt2 : 1204551 ms.
--------------------------------------------------
First to ismt, cur time 0 s.
Final to yices2, cur time 361 s.
../../QF_NIA_split/QF_NIA_2_21//20170427-VeryMax/ITS/From_T2__bakery.t2__p17164_terminationG_0.smt2 : 1200044 ms.
--------------------------------------------------
First to ismt, cur time 0 s.
Final to yices2, cur time 360 s.
../../QF_NIA_split/QF_NIA_2_21//20170427-VeryMax/ITS/From_T2__bakery.t2__p17165_terminationG_0.smt2 : 1201123 ms.
--------------------------------------------------
First to ismt, cur time 0 s.
Final to yices2, cur time 367 s.
../../QF_NIA_split/QF_NIA_2_21//20170427-VeryMax/ITS/From_T2__bakery.t2__p17168_terminationG_0.smt2 : 1200119 ms.
--------------------------------------------------
First to ismt, cur time 0 s.
Final to yices2, cur time 361 s.
../../QF_NIA_split/QF_NIA_2_21//20170427-VeryMax/ITS/From_T2__bakery.t2__p17169_terminationG_0.smt2 : 1200050 ms.
--------------------------------------------------
First to ismt, cur time 0 s.
Final to yices2, cur time 361 s.
../../QF_NIA_split/QF_NIA_2_21//20170427-VeryMax/ITS/From_T2__bakery.t2__p17170_terminationG_0.smt2 : 1200045 ms.
--------------------------------------------------
First to ismt, cur time 0 s.
Final to yices2, cur time 360 s.
../../QF_NIA_split/QF_NIA_2_21//20170427-VeryMax/ITS/From_T2__bakery.t2__p17173_terminationG_0.smt2 : 1209920 ms.
--------------------------------------------------
First to ismt, cur time 0 s.
Final to yices2, cur time 360 s.
../../QF_NIA_split/QF_NIA_2_21//20170427-VeryMax/ITS/From_T2__bakery.t2__p17174_terminationG_0.smt2 : 1216345 ms.
--------------------------------------------------
First to ismt, cur time 0 s.
Final to yices2, cur time 360 s.
../../QF_NIA_split/QF_NIA_2_21//20170427-VeryMax/ITS/From_T2__bakery.t2__p17175_terminationG_0.smt2 : 1200056 ms.
--------------------------------------------------
First to ismt, cur time 0 s.
Final to yices2, cur time 360 s.
../../QF_NIA_split/QF_NIA_2_21//20170427-VeryMax/ITS/From_T2__bakery.t2__p17178_terminationG_0.smt2 : 1200074 ms.
--------------------------------------------------
First to ismt, cur time 0 s.
Final to yices2, cur time 360 s.
../../QF_NIA_split/QF_NIA_2_21//20170427-VeryMax/ITS/From_T2__bakery.t2__p17179_terminationG_0.smt2 : 1200082 ms.
--------------------------------------------------
First to ismt, cur time 0 s.
Final to yices2, cur time 361 s.
../../QF_NIA_split/QF_NIA_2_21//20170427-VeryMax/ITS/From_T2__bakery.t2__p17180_terminationG_0.smt2 : 1200607 ms.
--------------------------------------------------
First to ismt, cur time 0 s.
Final to yices2, cur time 360 s.
../../QF_NIA_split/QF_NIA_2_21//20170427-VeryMax/ITS/From_T2__bakery.t2__p17183_terminationG_0.smt2 : 1200142 ms.
--------------------------------------------------
First to ismt, cur time 0 s.
Final to yices2, cur time 360 s.
../../QF_NIA_split/QF_NIA_2_21//20170427-VeryMax/ITS/From_T2__bakery.t2__p17184_terminationG_0.smt2 : 1200046 ms.
--------------------------------------------------
First to ismt, cur time 0 s.
Final to yices2, cur time 361 s.
unknown
../../QF_NIA_split/QF_NIA_2_21//20170427-VeryMax/ITS/From_T2__bakery.t2__p17185_terminationG_0.smt2 : 1199253 ms.
--------------------------------------------------
First to ismt, cur time 0 s.
Final to yices2, cur time 360 s.
../../QF_NIA_split/QF_NIA_2_21//20170427-VeryMax/ITS/From_T2__bakery.t2__p17188_terminationG_0.smt2 : 1200051 ms.
--------------------------------------------------
First to ismt, cur time 0 s.
Final to yices2, cur time 360 s.
../../QF_NIA_split/QF_NIA_2_21//20170427-VeryMax/ITS/From_T2__bakery.t2__p17189_terminationG_0.smt2 : 1201465 ms.
--------------------------------------------------
First to ismt, cur time 0 s.
Final to yices2, cur time 360 s.
../../QF_NIA_split/QF_NIA_2_21//20170427-VeryMax/ITS/From_T2__bakery.t2__p17190_terminationG_0.smt2 : 1200660 ms.
--------------------------------------------------
First to ismt, cur time 0 s.
Final to yices2, cur time 360 s.
unknown
../../QF_NIA_split/QF_NIA_2_21//20170427-VeryMax/ITS/From_T2__bakery.t2__p17193_terminationG_0.smt2 : 1200125 ms.
--------------------------------------------------
First to ismt, cur time 0 s.
Final to yices2, cur time 360 s.
../../QF_NIA_split/QF_NIA_2_21//20170427-VeryMax/ITS/From_T2__bakery.t2__p17194_terminationG_0.smt2 : 1200180 ms.
--------------------------------------------------
First to ismt, cur time 0 s.
Final to yices2, cur time 360 s.
../../QF_NIA_split/QF_NIA_2_21//20170427-VeryMax/ITS/From_T2__bakery.t2__p17195_terminationG_0.smt2 : 1201688 ms.
--------------------------------------------------
First to ismt, cur time 0 s.
Final to yices2, cur time 360 s.
../../QF_NIA_split/QF_NIA_2_21//20170427-VeryMax/ITS/From_T2__bakery.t2__p17198_terminationG_0.smt2 : 1201800 ms.
--------------------------------------------------
First to ismt, cur time 0 s.
Final to yices2, cur time 360 s.
../../QF_NIA_split/QF_NIA_2_21//20170427-VeryMax/ITS/From_T2__bakery.t2__p17199_terminationG_0.smt2 : 1200537 ms.
--------------------------------------------------
First to ismt, cur time 0 s.
Final to yices2, cur time 361 s.
../../QF_NIA_split/QF_NIA_2_21//20170427-VeryMax/ITS/From_T2__bakery.t2__p17200_terminationG_0.smt2 : 1208839 ms.
--------------------------------------------------
First to ismt, cur time 0 s.
Final to yices2, cur time 360 s.
../../QF_NIA_split/QF_NIA_2_21//20170427-VeryMax/ITS/From_T2__bakery.t2__p17203_terminationG_0.smt2 : 1206789 ms.
--------------------------------------------------
First to ismt, cur time 0 s.
Final to yices2, cur time 360 s.
../../QF_NIA_split/QF_NIA_2_21//20170427-VeryMax/ITS/From_T2__bakery.t2__p17204_terminationG_0.smt2 : 1201482 ms.
--------------------------------------------------
First to ismt, cur time 0 s.
Final to yices2, cur time 360 s.
../../QF_NIA_split/QF_NIA_2_21//20170427-VeryMax/ITS/From_T2__bakery.t2__p17205_terminationG_0.smt2 : 1310939 ms.
--------------------------------------------------
First to ismt, cur time 0 s.
Final to yices2, cur time 360 s.
../../QF_NIA_split/QF_NIA_2_21//20170427-VeryMax/ITS/From_T2__bakery.t2__p17208_terminationG_0.smt2 : 1200048 ms.
--------------------------------------------------
First to ismt, cur time 0 s.
Final to yices2, cur time 360 s.
../../QF_NIA_split/QF_NIA_2_21//20170427-VeryMax/ITS/From_T2__bakery.t2__p17209_terminationG_0.smt2 : 1200079 ms.
--------------------------------------------------
First to ismt, cur time 0 s.
Final to yices2, cur time 360 s.
../../QF_NIA_split/QF_NIA_2_21//20170427-VeryMax/ITS/From_T2__bakery.t2__p17210_terminationG_0.smt2 : 1200045 ms.
--------------------------------------------------
First to ismt, cur time 0 s.
ismt: sat (2 bits).
../../QF_NIA_split/QF_NIA_2_21//20170427-VeryMax/ITS/From_T2__bakery.t2__p17215_edge_closing_0.smt2 : 3831 ms.
--------------------------------------------------
First to ismt, cur time 0 s.
Final to yices2, cur time 360 s.
final yices2: unsat
../../QF_NIA_split/QF_NIA_2_21//20170427-VeryMax/ITS/From_T2__bakery.t2__terminationS_0_0.smt2 : 435452 ms.
--------------------------------------------------
First to ismt, cur time 0 s.
Final to yices2, cur time 364 s.
../../QF_NIA_split/QF_NIA_2_21//20170427-VeryMax/ITS/From_T2__bio.t2__term_unfeasibility_0_0.smt2 : 1200043 ms.
--------------------------------------------------
First to ismt, cur time 0 s.
ismt: sat (2 bits).
../../QF_NIA_split/QF_NIA_2_21//20170427-VeryMax/ITS/From_T2__brockschmidt_1.t2__p17389_terminationG_0.smt2 : 2252 ms.
--------------------------------------------------
First to ismt, cur time 0 s.
ismt: sat (2 bits).
../../QF_NIA_split/QF_NIA_2_21//20170427-VeryMax/ITS/From_T2__broydn.c.i.broydn.pl.t2.fixed.t2_fixed__term_unfeasibility_10_0.smt2 : 17478 ms.
--------------------------------------------------
First to ismt, cur time 0 s.
Final to yices2, cur time 360 s.
final yices2: unsat
../../QF_NIA_split/QF_NIA_2_21//20170427-VeryMax/ITS/From_T2__broydn.c.i.broydn.pl.t2.fixed.t2_fixed__term_unfeasibility_11_0.smt2 : 511440 ms.
--------------------------------------------------
First to ismt, cur time 0 s.
ismt: sat (2 bits).
../../QF_NIA_split/QF_NIA_2_21//20170427-VeryMax/ITS/From_T2__broydn.c.i.broydn.pl.t2.fixed.t2_fixed__term_unfeasibility_3_0.smt2 : 12948 ms.
--------------------------------------------------
First to ismt, cur time 0 s.
ismt: sat (2 bits).
../../QF_NIA_split/QF_NIA_2_21//20170427-VeryMax/ITS/From_T2__broydn.c.i.broydn.pl.t2.fixed.t2_fixed__term_unfeasibility_4_0.smt2 : 8259 ms.
--------------------------------------------------
First to ismt, cur time 0 s.
ismt: sat (2 bits).
../../QF_NIA_split/QF_NIA_2_21//20170427-VeryMax/ITS/From_T2__broydn.c.i.broydn.pl.t2.fixed.t2_fixed__term_unfeasibility_5_0.smt2 : 7327 ms.
--------------------------------------------------
First to ismt, cur time 0 s.
ismt: sat (2 bits).
../../QF_NIA_split/QF_NIA_2_21//20170427-VeryMax/ITS/From_T2__broydn.c.i.broydn.pl.t2.fixed.t2_fixed__term_unfeasibility_6_0.smt2 : 6912 ms.
--------------------------------------------------
First to ismt, cur time 0 s.
ismt: sat (2 bits).
../../QF_NIA_split/QF_NIA_2_21//20170427-VeryMax/ITS/From_T2__broydn.c.i.broydn.pl.t2.fixed.t2_fixed__term_unfeasibility_7_0.smt2 : 4757 ms.
--------------------------------------------------
First to ismt, cur time 0 s.
ismt: sat (2 bits).
../../QF_NIA_split/QF_NIA_2_21//20170427-VeryMax/ITS/From_T2__broydn.c.i.broydn.pl.t2.fixed.t2_fixed__term_unfeasibility_8_0.smt2 : 11494 ms.
--------------------------------------------------
First to ismt, cur time 0 s.
ismt: sat (2 bits).
../../QF_NIA_split/QF_NIA_2_21//20170427-VeryMax/ITS/From_T2__broydn.c.i.broydn.pl.t2.fixed.t2_fixed__term_unfeasibility_9_0.smt2 : 9453 ms.
--------------------------------------------------
First to ismt, cur time 0 s.
ismt: sat (2 bits).
../../QF_NIA_split/QF_NIA_2_21//20170427-VeryMax/ITS/From_T2__broydn.c.i.broydn.pl.t2.fixed.t2__term_unfeasibility_10_0.smt2 : 36434 ms.
--------------------------------------------------
First to ismt, cur time 0 s.
Final to yices2, cur time 360 s.
final yices2: unsat
../../QF_NIA_split/QF_NIA_2_21//20170427-VeryMax/ITS/From_T2__broydn.c.i.broydn.pl.t2.fixed.t2__term_unfeasibility_11_0.smt2 : 444903 ms.
--------------------------------------------------
First to ismt, cur time 0 s.
ismt: sat (2 bits).
../../QF_NIA_split/QF_NIA_2_21//20170427-VeryMax/ITS/From_T2__broydn.c.i.broydn.pl.t2.fixed.t2__term_unfeasibility_3_0.smt2 : 13884 ms.
--------------------------------------------------
First to ismt, cur time 0 s.
ismt: sat (2 bits).
../../QF_NIA_split/QF_NIA_2_21//20170427-VeryMax/ITS/From_T2__broydn.c.i.broydn.pl.t2.fixed.t2__term_unfeasibility_4_0.smt2 : 11818 ms.
--------------------------------------------------
First to ismt, cur time 0 s.
ismt: sat (2 bits).
../../QF_NIA_split/QF_NIA_2_21//20170427-VeryMax/ITS/From_T2__broydn.c.i.broydn.pl.t2.fixed.t2__term_unfeasibility_5_0.smt2 : 5593 ms.
--------------------------------------------------
First to ismt, cur time 0 s.
ismt: sat (2 bits).
../../QF_NIA_split/QF_NIA_2_21//20170427-VeryMax/ITS/From_T2__broydn.c.i.broydn.pl.t2.fixed.t2__term_unfeasibility_6_0.smt2 : 5849 ms.
--------------------------------------------------
First to ismt, cur time 0 s.
ismt: sat (2 bits).
../../QF_NIA_split/QF_NIA_2_21//20170427-VeryMax/ITS/From_T2__broydn.c.i.broydn.pl.t2.fixed.t2__term_unfeasibility_7_0.smt2 : 9217 ms.
--------------------------------------------------
First to ismt, cur time 0 s.
ismt: sat (2 bits).
../../QF_NIA_split/QF_NIA_2_21//20170427-VeryMax/ITS/From_T2__broydn.c.i.broydn.pl.t2.fixed.t2__term_unfeasibility_8_0.smt2 : 15285 ms.
--------------------------------------------------
First to ismt, cur time 0 s.
ismt: sat (2 bits).
../../QF_NIA_split/QF_NIA_2_21//20170427-VeryMax/ITS/From_T2__broydn.c.i.broydn.pl.t2.fixed.t2__term_unfeasibility_9_0.smt2 : 11190 ms.
--------------------------------------------------
First to ismt, cur time 0 s.
ismt: sat (2 bits).
../../QF_NIA_split/QF_NIA_2_21//20170427-VeryMax/ITS/From_T2__broydn.t2_fixed__term_unfeasibility_10_0.smt2 : 7670 ms.
--------------------------------------------------
First to ismt, cur time 0 s.
Final to yices2, cur time 361 s.
final yices2: unsat
../../QF_NIA_split/QF_NIA_2_21//20170427-VeryMax/ITS/From_T2__broydn.t2_fixed__term_unfeasibility_11_0.smt2 : 449622 ms.
--------------------------------------------------
First to ismt, cur time 0 s.
ismt: sat (2 bits).
../../QF_NIA_split/QF_NIA_2_21//20170427-VeryMax/ITS/From_T2__broydn.t2_fixed__term_unfeasibility_3_0.smt2 : 11410 ms.
--------------------------------------------------
First to ismt, cur time 0 s.
ismt: sat (2 bits).
../../QF_NIA_split/QF_NIA_2_21//20170427-VeryMax/ITS/From_T2__broydn.t2_fixed__term_unfeasibility_4_0.smt2 : 20568 ms.
--------------------------------------------------
First to ismt, cur time 0 s.
ismt: sat (2 bits).
../../QF_NIA_split/QF_NIA_2_21//20170427-VeryMax/ITS/From_T2__broydn.t2_fixed__term_unfeasibility_5_0.smt2 : 14613 ms.
--------------------------------------------------
First to ismt, cur time 0 s.
ismt: sat (2 bits).
../../QF_NIA_split/QF_NIA_2_21//20170427-VeryMax/ITS/From_T2__broydn.t2_fixed__term_unfeasibility_6_0.smt2 : 11844 ms.
--------------------------------------------------
First to ismt, cur time 0 s.
ismt: sat (2 bits).
../../QF_NIA_split/QF_NIA_2_21//20170427-VeryMax/ITS/From_T2__broydn.t2_fixed__term_unfeasibility_7_0.smt2 : 7846 ms.
--------------------------------------------------
First to ismt, cur time 0 s.
ismt: sat (2 bits).
../../QF_NIA_split/QF_NIA_2_21//20170427-VeryMax/ITS/From_T2__broydn.t2_fixed__term_unfeasibility_8_0.smt2 : 10001 ms.
--------------------------------------------------
First to ismt, cur time 0 s.
ismt: sat (2 bits).
../../QF_NIA_split/QF_NIA_2_21//20170427-VeryMax/ITS/From_T2__broydn.t2_fixed__term_unfeasibility_9_0.smt2 : 32951 ms.
--------------------------------------------------
First to ismt, cur time 0 s.
ismt: sat (2 bits).
../../QF_NIA_split/QF_NIA_2_21//20170427-VeryMax/ITS/From_T2__broydn.t2__term_unfeasibility_10_0.smt2 : 41858 ms.
--------------------------------------------------
First to ismt, cur time 0 s.
Final to yices2, cur time 360 s.
final yices2: unsat
../../QF_NIA_split/QF_NIA_2_21//20170427-VeryMax/ITS/From_T2__broydn.t2__term_unfeasibility_11_0.smt2 : 471254 ms.
--------------------------------------------------
First to ismt, cur time 0 s.
ismt: sat (2 bits).
../../QF_NIA_split/QF_NIA_2_21//20170427-VeryMax/ITS/From_T2__broydn.t2__term_unfeasibility_3_0.smt2 : 15607 ms.
--------------------------------------------------
First to ismt, cur time 0 s.
ismt: sat (2 bits).
../../QF_NIA_split/QF_NIA_2_21//20170427-VeryMax/ITS/From_T2__broydn.t2__term_unfeasibility_4_0.smt2 : 18076 ms.
--------------------------------------------------
First to ismt, cur time 0 s.
ismt: sat (2 bits).
../../QF_NIA_split/QF_NIA_2_21//20170427-VeryMax/ITS/From_T2__broydn.t2__term_unfeasibility_5_0.smt2 : 6893 ms.
--------------------------------------------------
First to ismt, cur time 0 s.
ismt: sat (2 bits).
../../QF_NIA_split/QF_NIA_2_21//20170427-VeryMax/ITS/From_T2__broydn.t2__term_unfeasibility_6_0.smt2 : 5501 ms.
--------------------------------------------------
First to ismt, cur time 0 s.
ismt: sat (2 bits).
../../QF_NIA_split/QF_NIA_2_21//20170427-VeryMax/ITS/From_T2__broydn.t2__term_unfeasibility_7_0.smt2 : 8702 ms.
--------------------------------------------------
First to ismt, cur time 0 s.
ismt: sat (2 bits).
../../QF_NIA_split/QF_NIA_2_21//20170427-VeryMax/ITS/From_T2__broydn.t2__term_unfeasibility_8_0.smt2 : 45884 ms.
--------------------------------------------------
First to ismt, cur time 0 s.
ismt: sat (2 bits).
../../QF_NIA_split/QF_NIA_2_21//20170427-VeryMax/ITS/From_T2__broydn.t2__term_unfeasibility_9_0.smt2 : 15990 ms.
--------------------------------------------------
First to ismt, cur time 0 s.
ismt: sat (2 bits).
../../QF_NIA_split/QF_NIA_2_21//20170427-VeryMax/ITS/From_T2__brp_withassume.t2__p17421_terminationG_0.smt2 : 100658 ms.
--------------------------------------------------
First to ismt, cur time 0 s.
Final to yices2, cur time 361 s.
unknown
../../QF_NIA_split/QF_NIA_2_21//20170427-VeryMax/ITS/From_T2__brp_withassume.t2__p17422_terminationG_0.smt2 : 1199641 ms.
--------------------------------------------------
First to ismt, cur time 0 s.
Final to yices2, cur time 361 s.
unknown
../../QF_NIA_split/QF_NIA_2_21//20170427-VeryMax/ITS/From_T2__brp_withassume.t2__p17423_terminationG_0.smt2 : 1199938 ms.
--------------------------------------------------
First to ismt, cur time 0 s.
ismt: sat (2 bits).
../../QF_NIA_split/QF_NIA_2_21//20170427-VeryMax/ITS/From_T2__brp_withassume.t2__p17426_terminationG_0.smt2 : 191451 ms.
--------------------------------------------------
First to ismt, cur time 0 s.
Final to yices2, cur time 361 s.
../../QF_NIA_split/QF_NIA_2_21//20170427-VeryMax/ITS/From_T2__brp_withassume.t2__p17427_terminationG_0.smt2 : 1200052 ms.
--------------------------------------------------
First to ismt, cur time 0 s.
Final to yices2, cur time 362 s.
unknown
../../QF_NIA_split/QF_NIA_2_21//20170427-VeryMax/ITS/From_T2__brp_withassume.t2__p17428_terminationG_0.smt2 : 1199782 ms.
--------------------------------------------------
First to ismt, cur time 0 s.
ismt: sat (2 bits).
../../QF_NIA_split/QF_NIA_2_21//20170427-VeryMax/ITS/From_T2__brp_withassume.t2__p17432_edge_closing_0.smt2 : 62775 ms.
--------------------------------------------------
First to ismt, cur time 0 s.
Final to yices2, cur time 361 s.
../../QF_NIA_split/QF_NIA_2_21//20170427-VeryMax/ITS/From_T2__brp_withassume.t2__p17433_edge_closing_0.smt2 : 1200516 ms.
--------------------------------------------------
First to ismt, cur time 0 s.
Final to yices2, cur time 363 s.
../../QF_NIA_split/QF_NIA_2_21//20170427-VeryMax/ITS/From_T2__brp_withassume.t2__p17434_edge_closing_0.smt2 : 1200060 ms.
--------------------------------------------------
First to ismt, cur time 0 s.
ismt: sat (2 bits).
../../QF_NIA_split/QF_NIA_2_21//20170427-VeryMax/ITS/From_T2__brp_withassume.t2__p17436_edge_closing_0.smt2 : 218610 ms.
--------------------------------------------------
First to ismt, cur time 0 s.
Final to yices2, cur time 365 s.
../../QF_NIA_split/QF_NIA_2_21//20170427-VeryMax/ITS/From_T2__brp_withassume.t2__p17437_edge_closing_0.smt2 : 1213838 ms.
--------------------------------------------------
First to ismt, cur time 0 s.
Final to yices2, cur time 363 s.
../../QF_NIA_split/QF_NIA_2_21//20170427-VeryMax/ITS/From_T2__brp_withassume.t2__p17438_edge_closing_0.smt2 : 1204324 ms.
--------------------------------------------------
First to ismt, cur time 0 s.
Final to yices2, cur time 361 s.
final yices2: unsat
../../QF_NIA_split/QF_NIA_2_21//20170427-VeryMax/ITS/From_T2__brp_withassume.t2__terminationS_0_0.smt2 : 363599 ms.
--------------------------------------------------
First to ismt, cur time 0 s.
Final to yices2, cur time 361 s.
unknown
../../QF_NIA_split/QF_NIA_2_21//20170427-VeryMax/ITS/From_T2__brp_withassume.t2__terminationS_10_0.smt2 : 1199871 ms.
--------------------------------------------------
First to ismt, cur time 0 s.
Final to yices2, cur time 360 s.
final yices2: unsat
../../QF_NIA_split/QF_NIA_2_21//20170427-VeryMax/ITS/From_T2__brp_withassume.t2__terminationS_1_0.smt2 : 362297 ms.
--------------------------------------------------
First to ismt, cur time 0 s.
Final to yices2, cur time 361 s.
unknown
../../QF_NIA_split/QF_NIA_2_21//20170427-VeryMax/ITS/From_T2__brp_withassume.t2__terminationS_11_0.smt2 : 1199584 ms.
--------------------------------------------------
First to ismt, cur time 0 s.
Final to yices2, cur time 360 s.
final yices2: unsat
../../QF_NIA_split/QF_NIA_2_21//20170427-VeryMax/ITS/From_T2__brp_withassume.t2__terminationS_12_0.smt2 : 383372 ms.
--------------------------------------------------
First to ismt, cur time 0 s.
Final to yices2, cur time 361 s.
../../QF_NIA_split/QF_NIA_2_21//20170427-VeryMax/ITS/From_T2__brp_withassume.t2__terminationS_13_0.smt2 : 1200046 ms.
--------------------------------------------------
First to ismt, cur time 0 s.
Final to yices2, cur time 360 s.
final yices2: unsat
../../QF_NIA_split/QF_NIA_2_21//20170427-VeryMax/ITS/From_T2__brp_withassume.t2__terminationS_14_0.smt2 : 424499 ms.
--------------------------------------------------
First to ismt, cur time 0 s.
Final to yices2, cur time 362 s.
../../QF_NIA_split/QF_NIA_2_21//20170427-VeryMax/ITS/From_T2__brp_withassume.t2__terminationS_15_0.smt2 : 1204574 ms.
--------------------------------------------------
First to ismt, cur time 0 s.
Final to yices2, cur time 361 s.
../../QF_NIA_split/QF_NIA_2_21//20170427-VeryMax/ITS/From_T2__brp_withassume.t2__terminationS_16_0.smt2 : 1200051 ms.
--------------------------------------------------
First to ismt, cur time 0 s.
Final to yices2, cur time 361 s.
../../QF_NIA_split/QF_NIA_2_21//20170427-VeryMax/ITS/From_T2__brp_withassume.t2__terminationS_17_0.smt2 : 1200044 ms.
--------------------------------------------------
First to ismt, cur time 0 s.
Final to yices2, cur time 361 s.
final yices2: unsat
../../QF_NIA_split/QF_NIA_2_21//20170427-VeryMax/ITS/From_T2__brp_withassume.t2__terminationS_18_0.smt2 : 372560 ms.
--------------------------------------------------
First to ismt, cur time 0 s.
Final to yices2, cur time 360 s.
final yices2: unsat
../../QF_NIA_split/QF_NIA_2_21//20170427-VeryMax/ITS/From_T2__brp_withassume.t2__terminationS_19_0.smt2 : 369352 ms.
--------------------------------------------------
First to ismt, cur time 0 s.
Final to yices2, cur time 360 s.
final yices2: unsat
../../QF_NIA_split/QF_NIA_2_21//20170427-VeryMax/ITS/From_T2__brp_withassume.t2__terminationS_20_0.smt2 : 372684 ms.
--------------------------------------------------
First to ismt, cur time 0 s.
Final to yices2, cur time 361 s.
../../QF_NIA_split/QF_NIA_2_21//20170427-VeryMax/ITS/From_T2__brp_withassume.t2__terminationS_2_0.smt2 : 1200258 ms.
--------------------------------------------------
First to ismt, cur time 0 s.
Final to yices2, cur time 361 s.
final yices2: unsat
../../QF_NIA_split/QF_NIA_2_21//20170427-VeryMax/ITS/From_T2__brp_withassume.t2__terminationS_21_0.smt2 : 369042 ms.
--------------------------------------------------
First to ismt, cur time 0 s.
Final to yices2, cur time 361 s.
final yices2: unsat
../../QF_NIA_split/QF_NIA_2_21//20170427-VeryMax/ITS/From_T2__brp_withassume.t2__terminationS_22_0.smt2 : 378033 ms.
--------------------------------------------------
First to ismt, cur time 0 s.
Final to yices2, cur time 360 s.
final yices2: unsat
../../QF_NIA_split/QF_NIA_2_21//20170427-VeryMax/ITS/From_T2__brp_withassume.t2__terminationS_23_0.smt2 : 366727 ms.
--------------------------------------------------
First to ismt, cur time 0 s.
Final to yices2, cur time 360 s.
final yices2: unsat
../../QF_NIA_split/QF_NIA_2_21//20170427-VeryMax/ITS/From_T2__brp_withassume.t2__terminationS_24_0.smt2 : 369119 ms.
--------------------------------------------------
First to ismt, cur time 0 s.
Final to yices2, cur time 360 s.
final yices2: unsat
../../QF_NIA_split/QF_NIA_2_21//20170427-VeryMax/ITS/From_T2__brp_withassume.t2__terminationS_25_0.smt2 : 366139 ms.
--------------------------------------------------
First to ismt, cur time 0 s.
Final to yices2, cur time 361 s.
final yices2: unsat
../../QF_NIA_split/QF_NIA_2_21//20170427-VeryMax/ITS/From_T2__brp_withassume.t2__terminationS_26_0.smt2 : 362074 ms.
--------------------------------------------------
First to ismt, cur time 0 s.
Final to yices2, cur time 367 s.
final yices2: unsat
../../QF_NIA_split/QF_NIA_2_21//20170427-VeryMax/ITS/From_T2__brp_withassume.t2__terminationS_27_0.smt2 : 383079 ms.
--------------------------------------------------
First to ismt, cur time 0 s.
Final to yices2, cur time 376 s.
final yices2: unsat
../../QF_NIA_split/QF_NIA_2_21//20170427-VeryMax/ITS/From_T2__brp_withassume.t2__terminationS_28_0.smt2 : 410528 ms.
--------------------------------------------------
First to ismt, cur time 0 s.
Final to yices2, cur time 361 s.
final yices2: unsat
../../QF_NIA_split/QF_NIA_2_21//20170427-VeryMax/ITS/From_T2__brp_withassume.t2__terminationS_29_0.smt2 : 362133 ms.
--------------------------------------------------
First to ismt, cur time 0 s.
Final to yices2, cur time 360 s.
final yices2: unsat
../../QF_NIA_split/QF_NIA_2_21//20170427-VeryMax/ITS/From_T2__brp_withassume.t2__terminationS_30_0.smt2 : 362435 ms.
--------------------------------------------------
First to ismt, cur time 0 s.
Final to yices2, cur time 361 s.
unknown
../../QF_NIA_split/QF_NIA_2_21//20170427-VeryMax/ITS/From_T2__brp_withassume.t2__terminationS_3_0.smt2 : 1199928 ms.
--------------------------------------------------
First to ismt, cur time 0 s.
Final to yices2, cur time 360 s.
final yices2: unsat
../../QF_NIA_split/QF_NIA_2_21//20170427-VeryMax/ITS/From_T2__brp_withassume.t2__terminationS_31_0.smt2 : 362037 ms.
--------------------------------------------------
First to ismt, cur time 0 s.
Final to yices2, cur time 361 s.
final yices2: unsat
../../QF_NIA_split/QF_NIA_2_21//20170427-VeryMax/ITS/From_T2__brp_withassume.t2__terminationS_32_0.smt2 : 362716 ms.
--------------------------------------------------
First to ismt, cur time 0 s.
Final to yices2, cur time 361 s.
final yices2: unsat
../../QF_NIA_split/QF_NIA_2_21//20170427-VeryMax/ITS/From_T2__brp_withassume.t2__terminationS_4_0.smt2 : 371698 ms.
--------------------------------------------------
First to ismt, cur time 0 s.
Final to yices2, cur time 360 s.
final yices2: unsat
../../QF_NIA_split/QF_NIA_2_21//20170427-VeryMax/ITS/From_T2__brp_withassume.t2__terminationS_5_0.smt2 : 377673 ms.
--------------------------------------------------
First to ismt, cur time 0 s.
Final to yices2, cur time 363 s.
final yices2: unsat
../../QF_NIA_split/QF_NIA_2_21//20170427-VeryMax/ITS/From_T2__brp_withassume.t2__terminationS_6_0.smt2 : 378251 ms.
--------------------------------------------------
First to ismt, cur time 0 s.
Final to yices2, cur time 361 s.
final yices2: unsat
../../QF_NIA_split/QF_NIA_2_21//20170427-VeryMax/ITS/From_T2__brp_withassume.t2__terminationS_7_0.smt2 : 376140 ms.
--------------------------------------------------
First to ismt, cur time 0 s.
Final to yices2, cur time 364 s.
unknown
../../QF_NIA_split/QF_NIA_2_21//20170427-VeryMax/ITS/From_T2__brp_withassume.t2__terminationS_8_0.smt2 : 1199953 ms.
--------------------------------------------------
First to ismt, cur time 0 s.
Final to yices2, cur time 361 s.
final yices2: unsat
../../QF_NIA_split/QF_NIA_2_21//20170427-VeryMax/ITS/From_T2__brp_withassume.t2__terminationS_9_0.smt2 : 369887 ms.
--------------------------------------------------
First to ismt, cur time 0 s.
ismt: sat (2 bits).
../../QF_NIA_split/QF_NIA_2_21//20170427-VeryMax/ITS/From_T2__brp_withassume.t2__term_unfeasibility_0_0.smt2 : 28593 ms.
--------------------------------------------------
First to ismt, cur time 0 s.
ismt: sat (2 bits).
../../QF_NIA_split/QF_NIA_2_21//20170427-VeryMax/ITS/From_T2__brp_withassume.t2__term_unfeasibility_1_0.smt2 : 133815 ms.
--------------------------------------------------
First to ismt, cur time 0 s.
Final to yices2, cur time 361 s.
unknown
../../QF_NIA_split/QF_NIA_2_21//20170427-VeryMax/ITS/From_T2__brp_withassume.t2__term_unfeasibility_2_0.smt2 : 1199962 ms.
--------------------------------------------------
First to ismt, cur time 0 s.
Final to yices2, cur time 360 s.
final yices2: unsat
../../QF_NIA_split/QF_NIA_2_21//20170427-VeryMax/ITS/From_T2__bsort100.t2_fixed__term_unfeasibility_1_0.smt2 : 360682 ms.
--------------------------------------------------
First to ismt, cur time 0 s.
Final to yices2, cur time 360 s.
final yices2: unsat
../../QF_NIA_split/QF_NIA_2_21//20170427-VeryMax/ITS/From_T2__bs.t2_fixed__p17455_terminationG_0.smt2 : 362022 ms.
--------------------------------------------------
First to ismt, cur time 0 s.
Final to yices2, cur time 360 s.
../../QF_NIA_split/QF_NIA_2_21//20170427-VeryMax/ITS/From_T2__bs.t2_fixed__p17456_terminationG_0.smt2 : 1200056 ms.
--------------------------------------------------
First to ismt, cur time 0 s.
Final to yices2, cur time 361 s.
final yices2: unsat
../../QF_NIA_split/QF_NIA_2_21//20170427-VeryMax/ITS/From_T2__bs.t2_fixed__p17459_edge_closing_0.smt2 : 425112 ms.
--------------------------------------------------
First to ismt, cur time 0 s.
Final to yices2, cur time 360 s.
unknown
../../QF_NIA_split/QF_NIA_2_21//20170427-VeryMax/ITS/From_T2__bs.t2_fixed__p17460_edge_closing_0.smt2 : 1199672 ms.
--------------------------------------------------
First to ismt, cur time 0 s.
ismt: sat (2 bits).
../../QF_NIA_split/QF_NIA_2_21//20170427-VeryMax/ITS/From_T2__bs.t2_fixed__p17464_edge_closing_0.smt2 : 2610 ms.
--------------------------------------------------
First to ismt, cur time 0 s.
Final to yices2, cur time 361 s.
final yices2: unsat
../../QF_NIA_split/QF_NIA_2_21//20170427-VeryMax/ITS/From_T2__bs.t2__p17477_terminationG_0.smt2 : 364357 ms.
--------------------------------------------------
First to ismt, cur time 0 s.
Final to yices2, cur time 361 s.
unknown
../../QF_NIA_split/QF_NIA_2_21//20170427-VeryMax/ITS/From_T2__bs.t2__p17478_terminationG_0.smt2 : 1199585 ms.
--------------------------------------------------
First to ismt, cur time 0 s.
ismt: sat (2 bits).
../../QF_NIA_split/QF_NIA_2_21//20170427-VeryMax/ITS/From_T2__bs.t2__p17482_edge_closing_0.smt2 : 2439 ms.
--------------------------------------------------
First to ismt, cur time 0 s.
ismt: sat (2 bits).
../../QF_NIA_split/QF_NIA_2_21//20170427-VeryMax/ITS/From_T2__bs.t2__p17486_edge_closing_0.smt2 : 1583 ms.
--------------------------------------------------
First to ismt, cur time 0 s.
ismt: sat (2 bits).
../../QF_NIA_split/QF_NIA_2_21//20170427-VeryMax/ITS/From_T2__byron-3.t2__p17524_terminationG_0.smt2 : 384 ms.
--------------------------------------------------
First to ismt, cur time 0 s.
Final to yices2, cur time 361 s.
final yices2: unsat
../../QF_NIA_split/QF_NIA_2_21//20170427-VeryMax/ITS/From_T2__byron-4.t2__p17537_terminationG_0.smt2 : 360588 ms.
--------------------------------------------------
First to ismt, cur time 0 s.
Final to yices2, cur time 360 s.
../../QF_NIA_split/QF_NIA_2_21//20170427-VeryMax/ITS/From_T2__byron-4.t2__p17538_terminationG_0.smt2 : 1200056 ms.
--------------------------------------------------
First to ismt, cur time 0 s.
Final to yices2, cur time 360 s.
../../QF_NIA_split/QF_NIA_2_21//20170427-VeryMax/ITS/From_T2__byron-4.t2__p17539_terminationG_0.smt2 : 1200047 ms.
--------------------------------------------------
First to ismt, cur time 0 s.
Final to yices2, cur time 360 s.
final yices2: unsat
../../QF_NIA_split/QF_NIA_2_21//20170427-VeryMax/ITS/From_T2__byron-4.t2__p17542_terminationG_0.smt2 : 360056 ms.
--------------------------------------------------
First to ismt, cur time 0 s.
Final to yices2, cur time 360 s.
final yices2: unsat
../../QF_NIA_split/QF_NIA_2_21//20170427-VeryMax/ITS/From_T2__byron-4.t2__p17543_terminationG_0.smt2 : 806911 ms.
--------------------------------------------------
First to ismt, cur time 0 s.
Final to yices2, cur time 360 s.
../../QF_NIA_split/QF_NIA_2_21//20170427-VeryMax/ITS/From_T2__byron-4.t2__p17544_terminationG_0.smt2 : 1200172 ms.
--------------------------------------------------
First to ismt, cur time 0 s.
Final to yices2, cur time 361 s.
final yices2: unsat
../../QF_NIA_split/QF_NIA_2_21//20170427-VeryMax/ITS/From_T2__byron-4.t2__p17547_terminationG_0.smt2 : 364876 ms.
--------------------------------------------------
First to ismt, cur time 0 s.
Final to yices2, cur time 361 s.
unknown
../../QF_NIA_split/QF_NIA_2_21//20170427-VeryMax/ITS/From_T2__byron-4.t2__p17548_terminationG_0.smt2 : 1200066 ms.
--------------------------------------------------
First to ismt, cur time 0 s.
Final to yices2, cur time 360 s.
../../QF_NIA_split/QF_NIA_2_21//20170427-VeryMax/ITS/From_T2__byron-4.t2__p17549_terminationG_0.smt2 : 1200047 ms.
--------------------------------------------------
First to ismt, cur time 0 s.
Final to yices2, cur time 360 s.
final yices2: unsat
../../QF_NIA_split/QF_NIA_2_21//20170427-VeryMax/ITS/From_T2__byron-4.t2__p17552_terminationG_0.smt2 : 360159 ms.
--------------------------------------------------
First to ismt, cur time 0 s.
Final to yices2, cur time 360 s.
unknown
../../QF_NIA_split/QF_NIA_2_21//20170427-VeryMax/ITS/From_T2__byron-4.t2__p17553_terminationG_0.smt2 : 1200010 ms.
--------------------------------------------------
First to ismt, cur time 0 s.
Final to yices2, cur time 360 s.
../../QF_NIA_split/QF_NIA_2_21//20170427-VeryMax/ITS/From_T2__byron-4.t2__p17554_terminationG_0.smt2 : 1207009 ms.
--------------------------------------------------
First to ismt, cur time 0 s.
Final to yices2, cur time 362 s.
final yices2: unsat
../../QF_NIA_split/QF_NIA_2_21//20170427-VeryMax/ITS/From_T2__byron-4.t2__p17557_terminationG_0.smt2 : 366589 ms.
--------------------------------------------------
First to ismt, cur time 0 s.
Final to yices2, cur time 364 s.
final yices2: unsat
../../QF_NIA_split/QF_NIA_2_21//20170427-VeryMax/ITS/From_T2__byron-4.t2__p17558_terminationG_0.smt2 : 587279 ms.
--------------------------------------------------
First to ismt, cur time 0 s.
Final to yices2, cur time 360 s.
../../QF_NIA_split/QF_NIA_2_21//20170427-VeryMax/ITS/From_T2__byron-4.t2__p17559_terminationG_0.smt2 : 1200046 ms.
--------------------------------------------------
First to ismt, cur time 0 s.
Final to yices2, cur time 360 s.
final yices2: unsat
../../QF_NIA_split/QF_NIA_2_21//20170427-VeryMax/ITS/From_T2__byron-4.t2__p17562_terminationG_0.smt2 : 360190 ms.
--------------------------------------------------
First to ismt, cur time 0 s.
Final to yices2, cur time 360 s.
final yices2: unsat
../../QF_NIA_split/QF_NIA_2_21//20170427-VeryMax/ITS/From_T2__byron-4.t2__p17563_terminationG_0.smt2 : 963641 ms.
--------------------------------------------------
First to ismt, cur time 0 s.
Final to yices2, cur time 360 s.
../../QF_NIA_split/QF_NIA_2_21//20170427-VeryMax/ITS/From_T2__byron-4.t2__p17564_terminationG_0.smt2 : 1200036 ms.
--------------------------------------------------
First to ismt, cur time 0 s.
Final to yices2, cur time 360 s.
final yices2: unsat
../../QF_NIA_split/QF_NIA_2_21//20170427-VeryMax/ITS/From_T2__byron-4.t2__p17567_terminationG_0.smt2 : 360780 ms.
--------------------------------------------------
First to ismt, cur time 0 s.
Final to yices2, cur time 360 s.
../../QF_NIA_split/QF_NIA_2_21//20170427-VeryMax/ITS/From_T2__byron-4.t2__p17568_terminationG_0.smt2 : 1205526 ms.
--------------------------------------------------
First to ismt, cur time 0 s.
Final to yices2, cur time 361 s.
../../QF_NIA_split/QF_NIA_2_21//20170427-VeryMax/ITS/From_T2__byron-4.t2__p17569_terminationG_0.smt2 : 1213825 ms.
--------------------------------------------------
First to ismt, cur time 0 s.
Final to yices2, cur time 360 s.
final yices2: unsat
../../QF_NIA_split/QF_NIA_2_21//20170427-VeryMax/ITS/From_T2__byron-4.t2__p17573_terminationG_0.smt2 : 360257 ms.
--------------------------------------------------
First to ismt, cur time 0 s.
Final to yices2, cur time 360 s.
unknown
../../QF_NIA_split/QF_NIA_2_21//20170427-VeryMax/ITS/From_T2__byron-4.t2__p17574_terminationG_0.smt2 : 1199867 ms.
--------------------------------------------------
First to ismt, cur time 0 s.
Final to yices2, cur time 360 s.
../../QF_NIA_split/QF_NIA_2_21//20170427-VeryMax/ITS/From_T2__byron-4.t2__p17575_terminationG_0.smt2 : 1200043 ms.
--------------------------------------------------
First to ismt, cur time 0 s.
Final to yices2, cur time 361 s.
final yices2: unsat
../../QF_NIA_split/QF_NIA_2_21//20170427-VeryMax/ITS/From_T2__byron-4.t2__p17578_terminationG_0.smt2 : 360844 ms.
--------------------------------------------------
First to ismt, cur time 0 s.
Final to yices2, cur time 360 s.
../../QF_NIA_split/QF_NIA_2_21//20170427-VeryMax/ITS/From_T2__byron-4.t2__p17579_terminationG_0.smt2 : 1200051 ms.
--------------------------------------------------
First to ismt, cur time 0 s.
Final to yices2, cur time 360 s.
../../QF_NIA_split/QF_NIA_2_21//20170427-VeryMax/ITS/From_T2__byron-4.t2__p17580_terminationG_0.smt2 : 1201622 ms.
--------------------------------------------------
First to ismt, cur time 0 s.
Final to yices2, cur time 360 s.
final yices2: unsat
../../QF_NIA_split/QF_NIA_2_21//20170427-VeryMax/ITS/From_T2__byron-4.t2__p17583_terminationG_0.smt2 : 361967 ms.
--------------------------------------------------
First to ismt, cur time 0 s.
Final to yices2, cur time 360 s.
../../QF_NIA_split/QF_NIA_2_21//20170427-VeryMax/ITS/From_T2__byron-4.t2__p17584_terminationG_0.smt2 : 1200056 ms.
--------------------------------------------------
First to ismt, cur time 0 s.
Final to yices2, cur time 360 s.
../../QF_NIA_split/QF_NIA_2_21//20170427-VeryMax/ITS/From_T2__byron-4.t2__p17585_terminationG_0.smt2 : 1200042 ms.
--------------------------------------------------
First to ismt, cur time 0 s.
Final to yices2, cur time 360 s.
final yices2: unsat
../../QF_NIA_split/QF_NIA_2_21//20170427-VeryMax/ITS/From_T2__byron-4.t2__p17588_terminationG_0.smt2 : 362277 ms.
--------------------------------------------------
First to ismt, cur time 0 s.
Final to yices2, cur time 363 s.
../../QF_NIA_split/QF_NIA_2_21//20170427-VeryMax/ITS/From_T2__byron-4.t2__p17589_terminationG_0.smt2 : 1201415 ms.
--------------------------------------------------
First to ismt, cur time 0 s.
Final to yices2, cur time 361 s.
../../QF_NIA_split/QF_NIA_2_21//20170427-VeryMax/ITS/From_T2__byron-4.t2__p17590_terminationG_0.smt2 : 1201291 ms.
--------------------------------------------------
First to ismt, cur time 0 s.
Final to yices2, cur time 360 s.
final yices2: unsat
../../QF_NIA_split/QF_NIA_2_21//20170427-VeryMax/ITS/From_T2__byron-4.t2__p17593_terminationG_0.smt2 : 360766 ms.
--------------------------------------------------
First to ismt, cur time 0 s.
Final to yices2, cur time 360 s.
../../QF_NIA_split/QF_NIA_2_21//20170427-VeryMax/ITS/From_T2__byron-4.t2__p17594_terminationG_0.smt2 : 1201538 ms.
--------------------------------------------------
First to ismt, cur time 0 s.
Final to yices2, cur time 361 s.
unknown
../../QF_NIA_split/QF_NIA_2_21//20170427-VeryMax/ITS/From_T2__byron-4.t2__p17595_terminationG_0.smt2 : 1199932 ms.
--------------------------------------------------
First to ismt, cur time 0 s.
Final to yices2, cur time 360 s.
final yices2: unsat
../../QF_NIA_split/QF_NIA_2_21//20170427-VeryMax/ITS/From_T2__byron-4.t2__p17598_terminationG_0.smt2 : 363983 ms.
--------------------------------------------------
First to ismt, cur time 0 s.
Final to yices2, cur time 362 s.
../../QF_NIA_split/QF_NIA_2_21//20170427-VeryMax/ITS/From_T2__byron-4.t2__p17599_terminationG_0.smt2 : 1203068 ms.
--------------------------------------------------
First to ismt, cur time 0 s.
Final to yices2, cur time 360 s.
../../QF_NIA_split/QF_NIA_2_21//20170427-VeryMax/ITS/From_T2__byron-4.t2__p17600_terminationG_0.smt2 : 1200060 ms.
--------------------------------------------------
First to ismt, cur time 0 s.
Final to yices2, cur time 360 s.
final yices2: unsat
../../QF_NIA_split/QF_NIA_2_21//20170427-VeryMax/ITS/From_T2__byron-4.t2__p17603_terminationG_0.smt2 : 364006 ms.
--------------------------------------------------
First to ismt, cur time 0 s.
Final to yices2, cur time 360 s.
unknown
../../QF_NIA_split/QF_NIA_2_21//20170427-VeryMax/ITS/From_T2__byron-4.t2__p17604_terminationG_0.smt2 : 1199682 ms.
--------------------------------------------------
First to ismt, cur time 0 s.
Final to yices2, cur time 360 s.
../../QF_NIA_split/QF_NIA_2_21//20170427-VeryMax/ITS/From_T2__byron-4.t2__p17605_terminationG_0.smt2 : 1200030 ms.
--------------------------------------------------
First to ismt, cur time 0 s.
Final to yices2, cur time 361 s.
final yices2: unsat
../../QF_NIA_split/QF_NIA_2_21//20170427-VeryMax/ITS/From_T2__byron-4.t2__p17608_terminationG_0.smt2 : 361748 ms.
--------------------------------------------------
First to ismt, cur time 0 s.
Final to yices2, cur time 360 s.
../../QF_NIA_split/QF_NIA_2_21//20170427-VeryMax/ITS/From_T2__byron-4.t2__p17609_terminationG_0.smt2 : 1200042 ms.
--------------------------------------------------
First to ismt, cur time 0 s.
Final to yices2, cur time 360 s.
../../QF_NIA_split/QF_NIA_2_21//20170427-VeryMax/ITS/From_T2__byron-4.t2__p17610_terminationG_0.smt2 : 1200039 ms.
--------------------------------------------------
First to ismt, cur time 0 s.
Final to yices2, cur time 361 s.
final yices2: unsat
../../QF_NIA_split/QF_NIA_2_21//20170427-VeryMax/ITS/From_T2__byron-4.t2__p17613_terminationG_0.smt2 : 371679 ms.
--------------------------------------------------
First to ismt, cur time 0 s.
Final to yices2, cur time 360 s.
../../QF_NIA_split/QF_NIA_2_21//20170427-VeryMax/ITS/From_T2__byron-4.t2__p17614_terminationG_0.smt2 : 1200049 ms.
--------------------------------------------------
First to ismt, cur time 0 s.
Final to yices2, cur time 360 s.
../../QF_NIA_split/QF_NIA_2_21//20170427-VeryMax/ITS/From_T2__byron-4.t2__p17615_terminationG_0.smt2 : 1200692 ms.
--------------------------------------------------
First to ismt, cur time 0 s.
Final to yices2, cur time 361 s.
final yices2: unsat
../../QF_NIA_split/QF_NIA_2_21//20170427-VeryMax/ITS/From_T2__byron-4.t2__p17618_terminationG_0.smt2 : 416096 ms.
--------------------------------------------------
First to ismt, cur time 0 s.
Final to yices2, cur time 360 s.
unknown
../../QF_NIA_split/QF_NIA_2_21//20170427-VeryMax/ITS/From_T2__byron-4.t2__p17619_terminationG_0.smt2 : 1199859 ms.
--------------------------------------------------
First to ismt, cur time 0 s.
Final to yices2, cur time 360 s.
../../QF_NIA_split/QF_NIA_2_21//20170427-VeryMax/ITS/From_T2__byron-4.t2__p17620_terminationG_0.smt2 : 1200035 ms.
--------------------------------------------------
First to ismt, cur time 0 s.
Final to yices2, cur time 360 s.
final yices2: unsat
../../QF_NIA_split/QF_NIA_2_21//20170427-VeryMax/ITS/From_T2__byron-4.t2__p17623_terminationG_0.smt2 : 361104 ms.
--------------------------------------------------
First to ismt, cur time 0 s.
Final to yices2, cur time 360 s.
unknown
../../QF_NIA_split/QF_NIA_2_21//20170427-VeryMax/ITS/From_T2__byron-4.t2__p17624_terminationG_0.smt2 : 1199486 ms.
--------------------------------------------------
First to ismt, cur time 0 s.
Final to yices2, cur time 360 s.
../../QF_NIA_split/QF_NIA_2_21//20170427-VeryMax/ITS/From_T2__byron-4.t2__p17625_terminationG_0.smt2 : 1200055 ms.
--------------------------------------------------
First to ismt, cur time 0 s.
Final to yices2, cur time 360 s.
final yices2: unsat
../../QF_NIA_split/QF_NIA_2_21//20170427-VeryMax/ITS/From_T2__byron-4.t2__p17628_terminationG_0.smt2 : 362447 ms.
--------------------------------------------------
First to ismt, cur time 0 s.
Final to yices2, cur time 360 s.
../../QF_NIA_split/QF_NIA_2_21//20170427-VeryMax/ITS/From_T2__byron-4.t2__p17629_terminationG_0.smt2 : 1212880 ms.
--------------------------------------------------
First to ismt, cur time 0 s.
Final to yices2, cur time 360 s.
../../QF_NIA_split/QF_NIA_2_21//20170427-VeryMax/ITS/From_T2__byron-4.t2__p17630_terminationG_0.smt2 : 1202713 ms.
--------------------------------------------------
First to ismt, cur time 0 s.
Final to yices2, cur time 360 s.
final yices2: unsat
../../QF_NIA_split/QF_NIA_2_21//20170427-VeryMax/ITS/From_T2__byron-4.t2__p17633_terminationG_0.smt2 : 363544 ms.
--------------------------------------------------
First to ismt, cur time 0 s.
Final to yices2, cur time 360 s.
../../QF_NIA_split/QF_NIA_2_21//20170427-VeryMax/ITS/From_T2__byron-4.t2__p17634_terminationG_0.smt2 : 1200473 ms.
--------------------------------------------------
First to ismt, cur time 0 s.
Final to yices2, cur time 360 s.
../../QF_NIA_split/QF_NIA_2_21//20170427-VeryMax/ITS/From_T2__byron-4.t2__p17635_terminationG_0.smt2 : 1200846 ms.
--------------------------------------------------
First to ismt, cur time 0 s.
Final to yices2, cur time 372 s.
final yices2: unsat
../../QF_NIA_split/QF_NIA_2_21//20170427-VeryMax/ITS/From_T2__byron-4.t2__p17638_terminationG_0.smt2 : 390758 ms.
--------------------------------------------------
First to ismt, cur time 0 s.
Final to yices2, cur time 361 s.
../../QF_NIA_split/QF_NIA_2_21//20170427-VeryMax/ITS/From_T2__byron-4.t2__p17639_terminationG_0.smt2 : 1200041 ms.
--------------------------------------------------
First to ismt, cur time 0 s.
Final to yices2, cur time 361 s.
../../QF_NIA_split/QF_NIA_2_21//20170427-VeryMax/ITS/From_T2__byron-4.t2__p17640_terminationG_0.smt2 : 1200061 ms.
--------------------------------------------------
First to ismt, cur time 0 s.
Final to yices2, cur time 360 s.
final yices2: unsat
../../QF_NIA_split/QF_NIA_2_21//20170427-VeryMax/ITS/From_T2__byron-4.t2__p17643_terminationG_0.smt2 : 374678 ms.
--------------------------------------------------
First to ismt, cur time 0 s.
Final to yices2, cur time 360 s.
../../QF_NIA_split/QF_NIA_2_21//20170427-VeryMax/ITS/From_T2__byron-4.t2__p17644_terminationG_0.smt2 : 1200195 ms.
--------------------------------------------------
First to ismt, cur time 0 s.
Final to yices2, cur time 360 s.
../../QF_NIA_split/QF_NIA_2_21//20170427-VeryMax/ITS/From_T2__byron-4.t2__p17645_terminationG_0.smt2 : 1200093 ms.
--------------------------------------------------
First to ismt, cur time 0 s.
Final to yices2, cur time 360 s.
final yices2: unsat
../../QF_NIA_split/QF_NIA_2_21//20170427-VeryMax/ITS/From_T2__byron-4.t2__p17649_terminationG_0.smt2 : 363305 ms.
--------------------------------------------------
First to ismt, cur time 0 s.
Final to yices2, cur time 360 s.
unknown
../../QF_NIA_split/QF_NIA_2_21//20170427-VeryMax/ITS/From_T2__byron-4.t2__p17650_terminationG_0.smt2 : 1200042 ms.
--------------------------------------------------
First to ismt, cur time 0 s.
Final to yices2, cur time 360 s.
../../QF_NIA_split/QF_NIA_2_21//20170427-VeryMax/ITS/From_T2__byron-4.t2__p17651_terminationG_0.smt2 : 1200039 ms.
--------------------------------------------------
First to ismt, cur time 0 s.
Final to yices2, cur time 360 s.
final yices2: unsat
../../QF_NIA_split/QF_NIA_2_21//20170427-VeryMax/ITS/From_T2__byron-4.t2__p17654_terminationG_0.smt2 : 362624 ms.
--------------------------------------------------
First to ismt, cur time 0 s.
Final to yices2, cur time 360 s.
../../QF_NIA_split/QF_NIA_2_21//20170427-VeryMax/ITS/From_T2__byron-4.t2__p17655_terminationG_0.smt2 : 1200057 ms.
--------------------------------------------------
First to ismt, cur time 0 s.
Final to yices2, cur time 360 s.
../../QF_NIA_split/QF_NIA_2_21//20170427-VeryMax/ITS/From_T2__byron-4.t2__p17656_terminationG_0.smt2 : 1200048 ms.
--------------------------------------------------
First to ismt, cur time 0 s.
Final to yices2, cur time 361 s.
final yices2: unsat
../../QF_NIA_split/QF_NIA_2_21//20170427-VeryMax/ITS/From_T2__byron-4.t2__p17659_terminationG_0.smt2 : 365365 ms.
--------------------------------------------------
First to ismt, cur time 0 s.
Final to yices2, cur time 360 s.
../../QF_NIA_split/QF_NIA_2_21//20170427-VeryMax/ITS/From_T2__byron-4.t2__p17660_terminationG_0.smt2 : 1200062 ms.
--------------------------------------------------
First to ismt, cur time 0 s.
Final to yices2, cur time 360 s.
../../QF_NIA_split/QF_NIA_2_21//20170427-VeryMax/ITS/From_T2__byron-4.t2__p17661_terminationG_0.smt2 : 1200047 ms.
--------------------------------------------------
First to ismt, cur time 0 s.
Final to yices2, cur time 360 s.
final yices2: unsat
../../QF_NIA_split/QF_NIA_2_21//20170427-VeryMax/ITS/From_T2__byron-4.t2__p17664_terminationG_0.smt2 : 373641 ms.
--------------------------------------------------
First to ismt, cur time 0 s.
Final to yices2, cur time 360 s.
../../QF_NIA_split/QF_NIA_2_21//20170427-VeryMax/ITS/From_T2__byron-4.t2__p17665_terminationG_0.smt2 : 1213355 ms.
--------------------------------------------------
First to ismt, cur time 0 s.
Final to yices2, cur time 360 s.
../../QF_NIA_split/QF_NIA_2_21//20170427-VeryMax/ITS/From_T2__byron-4.t2__p17666_terminationG_0.smt2 : 1200252 ms.
--------------------------------------------------
First to ismt, cur time 0 s.
Final to yices2, cur time 360 s.
final yices2: unsat
../../QF_NIA_split/QF_NIA_2_21//20170427-VeryMax/ITS/From_T2__byron-4.t2__p17669_terminationG_0.smt2 : 363192 ms.
--------------------------------------------------
First to ismt, cur time 0 s.
Final to yices2, cur time 360 s.
../../QF_NIA_split/QF_NIA_2_21//20170427-VeryMax/ITS/From_T2__byron-4.t2__p17670_terminationG_0.smt2 : 1200055 ms.
--------------------------------------------------
First to ismt, cur time 0 s.
Final to yices2, cur time 360 s.
../../QF_NIA_split/QF_NIA_2_21//20170427-VeryMax/ITS/From_T2__byron-4.t2__p17671_terminationG_0.smt2 : 1200042 ms.
--------------------------------------------------
First to ismt, cur time 0 s.
Final to yices2, cur time 360 s.
final yices2: unsat
../../QF_NIA_split/QF_NIA_2_21//20170427-VeryMax/ITS/From_T2__byron-4.t2__p17674_terminationG_0.smt2 : 366281 ms.
--------------------------------------------------
First to ismt, cur time 0 s.
Final to yices2, cur time 361 s.
unknown
../../QF_NIA_split/QF_NIA_2_21//20170427-VeryMax/ITS/From_T2__byron-4.t2__p17675_terminationG_0.smt2 : 1199680 ms.
--------------------------------------------------
First to ismt, cur time 0 s.
Final to yices2, cur time 360 s.
../../QF_NIA_split/QF_NIA_2_21//20170427-VeryMax/ITS/From_T2__byron-4.t2__p17676_terminationG_0.smt2 : 1200087 ms.
--------------------------------------------------
First to ismt, cur time 0 s.
Final to yices2, cur time 360 s.
final yices2: unsat
../../QF_NIA_split/QF_NIA_2_21//20170427-VeryMax/ITS/From_T2__byron-4.t2__p17679_terminationG_0.smt2 : 363371 ms.
--------------------------------------------------
First to ismt, cur time 0 s.
Final to yices2, cur time 360 s.
../../QF_NIA_split/QF_NIA_2_21//20170427-VeryMax/ITS/From_T2__byron-4.t2__p17680_terminationG_0.smt2 : 1200040 ms.
--------------------------------------------------
First to ismt, cur time 0 s.
Final to yices2, cur time 360 s.
../../QF_NIA_split/QF_NIA_2_21//20170427-VeryMax/ITS/From_T2__byron-4.t2__p17681_terminationG_0.smt2 : 1209790 ms.
--------------------------------------------------
First to ismt, cur time 0 s.
ismt: sat (2 bits).
../../QF_NIA_split/QF_NIA_2_21//20170427-VeryMax/ITS/From_T2__byron-4.t2__p17686_edge_closing_0.smt2 : 14959 ms.
--------------------------------------------------
First to ismt, cur time 0 s.
ismt: sat (2 bits).
../../QF_NIA_split/QF_NIA_2_21//20170427-VeryMax/ITS/From_T2__byron-4.t2__p17687_edge_closing_0.smt2 : 69837 ms.
--------------------------------------------------
First to ismt, cur time 0 s.
Final to yices2, cur time 360 s.
final yices2: unsat
../../QF_NIA_split/QF_NIA_2_21//20170427-VeryMax/ITS/From_T2__byron-4.t2__terminationS_0_0.smt2 : 377978 ms.
--------------------------------------------------
First to ismt, cur time 0 s.
ismt: sat (2 bits).
../../QF_NIA_split/QF_NIA_2_21//20170427-VeryMax/ITS/From_T2__cfg.t2__p17701_terminationG_0.smt2 : 494 ms.
--------------------------------------------------
First to ismt, cur time 0 s.
ismt: sat (2 bits).
../../QF_NIA_split/QF_NIA_2_21//20170427-VeryMax/ITS/From_T2__cfg.t2__p17702_terminationG_0.smt2 : 2478 ms.
--------------------------------------------------
First to ismt, cur time 0 s.
ismt: sat (2 bits).
../../QF_NIA_split/QF_NIA_2_21//20170427-VeryMax/ITS/From_T2__cfg.t2__p17709_terminationG_0.smt2 : 3026 ms.
--------------------------------------------------
First to ismt, cur time 0 s.
Final to yices2, cur time 369 s.
../../QF_NIA_split/QF_NIA_2_21//20170427-VeryMax/ITS/From_T2__cfg.t2__p17715_terminationG_0.smt2 : 1200205 ms.
--------------------------------------------------
First to ismt, cur time 0 s.
Final to yices2, cur time 360 s.
../../QF_NIA_split/QF_NIA_2_21//20170427-VeryMax/ITS/From_T2__cfg.t2__p17716_terminationG_0.smt2 : 1200128 ms.
--------------------------------------------------
First to ismt, cur time 0 s.
ismt: sat (2 bits).
../../QF_NIA_split/QF_NIA_2_21//20170427-VeryMax/ITS/From_T2__collatz.t2_fixed__p17736_terminationG_0.smt2 : 2359 ms.
--------------------------------------------------
First to ismt, cur time 0 s.
Final to yices2, cur time 361 s.
final yices2: unsat
../../QF_NIA_split/QF_NIA_2_21//20170427-VeryMax/ITS/From_T2__collatz.t2_fixed__p17740_terminationG_0.smt2 : 360535 ms.
--------------------------------------------------
First to ismt, cur time 0 s.
ismt: sat (4 bits).
../../QF_NIA_split/QF_NIA_2_21//20170427-VeryMax/ITS/From_T2__collatz.t2_fixed__p17741_terminationG_0.smt2 : 30252 ms.
--------------------------------------------------
First to ismt, cur time 0 s.
ismt: sat (4 bits).
../../QF_NIA_split/QF_NIA_2_21//20170427-VeryMax/ITS/From_T2__collatz.t2_fixed__p17742_terminationG_0.smt2 : 179939 ms.
--------------------------------------------------
First to ismt, cur time 0 s.
Final to yices2, cur time 360 s.
final yices2: unsat
../../QF_NIA_split/QF_NIA_2_21//20170427-VeryMax/ITS/From_T2__collatz.t2_fixed__p17747_terminationG_0.smt2 : 360268 ms.
--------------------------------------------------
First to ismt, cur time 0 s.
Final to yices2, cur time 360 s.
../../QF_NIA_split/QF_NIA_2_21//20170427-VeryMax/ITS/From_T2__collatz.t2_fixed__p17748_terminationG_0.smt2 : 1214099 ms.
--------------------------------------------------
First to ismt, cur time 0 s.
Final to yices2, cur time 360 s.
../../QF_NIA_split/QF_NIA_2_21//20170427-VeryMax/ITS/From_T2__collatz.t2_fixed__p17749_terminationG_0.smt2 : 1200124 ms.
--------------------------------------------------
First to ismt, cur time 0 s.
Final to yices2, cur time 360 s.
final yices2: unsat
../../QF_NIA_split/QF_NIA_2_21//20170427-VeryMax/ITS/From_T2__collatz.t2_fixed__terminationS_2_0.smt2 : 360425 ms.
--------------------------------------------------
First to ismt, cur time 0 s.
Final to yices2, cur time 360 s.
unknown
../../QF_NIA_split/QF_NIA_2_21//20170427-VeryMax/ITS/From_T2__collatz.t2__p17759_terminationG_0.smt2 : 1199608 ms.
--------------------------------------------------
First to ismt, cur time 0 s.
Final to yices2, cur time 360 s.
../../QF_NIA_split/QF_NIA_2_21//20170427-VeryMax/ITS/From_T2__collatz.t2__p17760_terminationG_0.smt2 : 1200063 ms.
--------------------------------------------------
First to ismt, cur time 0 s.
Final to yices2, cur time 360 s.
final yices2: sat
../../QF_NIA_split/QF_NIA_2_21//20170427-VeryMax/ITS/From_T2__compress.t2_fixed__p17776_terminationG_0.smt2 : 360348 ms.
--------------------------------------------------
First to ismt, cur time 0 s.
Final to yices2, cur time 360 s.
final yices2: sat
../../QF_NIA_split/QF_NIA_2_21//20170427-VeryMax/ITS/From_T2__compress.t2_fixed__p17777_terminationG_0.smt2 : 361279 ms.
--------------------------------------------------
First to ismt, cur time 0 s.
Final to yices2, cur time 360 s.
final yices2: sat
../../QF_NIA_split/QF_NIA_2_21//20170427-VeryMax/ITS/From_T2__compress.t2_fixed__p17784_terminationG_0.smt2 : 362859 ms.
--------------------------------------------------
First to ismt, cur time 0 s.
Final to yices2, cur time 360 s.
final yices2: sat
../../QF_NIA_split/QF_NIA_2_21//20170427-VeryMax/ITS/From_T2__compress.t2_fixed__p17785_terminationG_0.smt2 : 360732 ms.
--------------------------------------------------
First to ismt, cur time 0 s.
Final to yices2, cur time 360 s.
final yices2: unsat
../../QF_NIA_split/QF_NIA_2_21//20170427-VeryMax/ITS/From_T2__compress.t2_fixed__p17787_safety_0.smt2 : 361952 ms.
--------------------------------------------------
First to ismt, cur time 0 s.
Final to yices2, cur time 360 s.
final yices2: unsat
../../QF_NIA_split/QF_NIA_2_21//20170427-VeryMax/ITS/From_T2__compress.t2_fixed__p17788_safety_0.smt2 : 369769 ms.
--------------------------------------------------
First to ismt, cur time 0 s.
Final to yices2, cur time 361 s.
final yices2: sat
../../QF_NIA_split/QF_NIA_2_21//20170427-VeryMax/ITS/From_T2__compress.t2_fixed__p17801_edge_closing_0.smt2 : 363131 ms.
--------------------------------------------------
First to ismt, cur time 0 s.
Final to yices2, cur time 58 s.
final yices2: unsat
../../QF_NIA_split/QF_NIA_2_21//20170427-VeryMax/ITS/From_T2__compress.t2_fixed__terminationQ_1_0.smt2 : 58139 ms.
--------------------------------------------------
First to ismt, cur time 0 s.
Final to yices2, cur time 360 s.
final yices2: unsat
../../QF_NIA_split/QF_NIA_2_21//20170427-VeryMax/ITS/From_T2__compress.t2__p17823_safety_0.smt2 : 361517 ms.
--------------------------------------------------
First to ismt, cur time 0 s.
Final to yices2, cur time 367 s.
unknown
../../QF_NIA_split/QF_NIA_2_21//20170427-VeryMax/ITS/From_T2__compress.t2__p17824_safety_0.smt2 : 1199694 ms.
--------------------------------------------------
First to ismt, cur time 0 s.
Final to yices2, cur time 360 s.
../../QF_NIA_split/QF_NIA_2_21//20170427-VeryMax/ITS/From_T2__compress.t2__p17825_safety_0.smt2 : 1200260 ms.
--------------------------------------------------
First to ismt, cur time 0 s.
Final to yices2, cur time 360 s.
final yices2: unsat
../../QF_NIA_split/QF_NIA_2_21//20170427-VeryMax/ITS/From_T2__compress.t2__p17826_safety_0.smt2 : 361327 ms.
--------------------------------------------------
First to ismt, cur time 0 s.
Final to yices2, cur time 360 s.
../../QF_NIA_split/QF_NIA_2_21//20170427-VeryMax/ITS/From_T2__compress.t2__p17829_safety_0.smt2 : 1200058 ms.
--------------------------------------------------
First to ismt, cur time 0 s.
ismt: sat (2 bits).
../../QF_NIA_split/QF_NIA_2_21//20170427-VeryMax/ITS/From_T2__compress.t2__p17831_safety_0.smt2 : 639 ms.
--------------------------------------------------
First to ismt, cur time 0 s.
Final to yices2, cur time 361 s.
../../QF_NIA_split/QF_NIA_2_21//20170427-VeryMax/ITS/From_T2__compress.t2__p17832_safety_0.smt2 : 1200091 ms.
--------------------------------------------------
First to ismt, cur time 0 s.
Final to yices2, cur time 360 s.
final yices2: unsat
../../QF_NIA_split/QF_NIA_2_21//20170427-VeryMax/ITS/From_T2__compress.t2__p17834_safety_0.smt2 : 361264 ms.
--------------------------------------------------
First to ismt, cur time 0 s.
Final to yices2, cur time 371 s.
../../QF_NIA_split/QF_NIA_2_21//20170427-VeryMax/ITS/From_T2__compress.t2__p17836_safety_0.smt2 : 1200229 ms.
--------------------------------------------------
First to ismt, cur time 0 s.
Final to yices2, cur time 362 s.
../../QF_NIA_split/QF_NIA_2_21//20170427-VeryMax/ITS/From_T2__compress.t2__p17837_safety_0.smt2 : 1200070 ms.
--------------------------------------------------
First to ismt, cur time 0 s.
Final to yices2, cur time 360 s.
final yices2: unsat
../../QF_NIA_split/QF_NIA_2_21//20170427-VeryMax/ITS/From_T2__compress.t2__p17838_safety_0.smt2 : 360597 ms.
--------------------------------------------------
First to ismt, cur time 0 s.
Final to yices2, cur time 360 s.
final yices2: unsat
../../QF_NIA_split/QF_NIA_2_21//20170427-VeryMax/ITS/From_T2__compress.t2__p17839_safety_0.smt2 : 362249 ms.
--------------------------------------------------
First to ismt, cur time 0 s.
