--------------------------------------------------
Number of variables: 26622
Number of clauses: 123117
sat
real sat
../New_SAT_split/QF_NIA_8/leipzig/term-0Awwcv.smt2 : 315 ms.
--------------------------------------------------
Number of variables: 97188
Number of clauses: 448963
sat
real sat
../New_SAT_split/QF_NIA_8/leipzig/term-0BB4ks.smt2 : 5634 ms.
--------------------------------------------------
Number of variables: 5140
Number of clauses: 23814
sat
real sat
../New_SAT_split/QF_NIA_8/leipzig/term-0Hb4yp.smt2 : 36 ms.
--------------------------------------------------
Number of variables: 32844
Number of clauses: 152075
sat
real sat
../New_SAT_split/QF_NIA_8/leipzig/term-0iwxZS.smt2 : 242 ms.
--------------------------------------------------
Number of variables: 7208
Number of clauses: 33542
sat
real sat
../New_SAT_split/QF_NIA_8/leipzig/term-3qaBfW.smt2 : 52 ms.
--------------------------------------------------
Number of variables: 8739
Number of clauses: 40551
sat
real sat
../New_SAT_split/QF_NIA_8/leipzig/term-3rtjVi.smt2 : 73 ms.
--------------------------------------------------
Number of variables: 135084
Number of clauses: 626913
sat
real sat
../New_SAT_split/QF_NIA_8/leipzig/term-3wwoHp.smt2 : 2254 ms.
--------------------------------------------------
Number of variables: 20779
Number of clauses: 95952
sat
real sat
../New_SAT_split/QF_NIA_8/leipzig/term-44GWq9.smt2 : 129 ms.
--------------------------------------------------
Number of variables: 52057
Number of clauses: 241177
sat
real sat
../New_SAT_split/QF_NIA_8/leipzig/term-47h0ua.smt2 : 949 ms.
--------------------------------------------------
Number of variables: 12528
Number of clauses: 58316
sat
real sat
../New_SAT_split/QF_NIA_8/leipzig/term-4AzLVe.smt2 : 69 ms.
--------------------------------------------------
Number of variables: 9079
Number of clauses: 42215
sat
real sat
../New_SAT_split/QF_NIA_8/leipzig/term-4d0iwO.smt2 : 94 ms.
--------------------------------------------------
Number of variables: 5610
Number of clauses: 25833
sat
real sat
../New_SAT_split/QF_NIA_8/leipzig/term-4LNX6G.smt2 : 52 ms.
--------------------------------------------------
Number of variables: 41205
Number of clauses: 190682
sat
real sat
../New_SAT_split/QF_NIA_8/leipzig/term-4Th0Gp.smt2 : 534 ms.
--------------------------------------------------
Number of variables: 16154
Number of clauses: 74943
sat
real sat
../New_SAT_split/QF_NIA_8/leipzig/term-4UoYtH.smt2 : 104 ms.
--------------------------------------------------
Number of variables: 6289
Number of clauses: 28977
sat
real sat
../New_SAT_split/QF_NIA_8/leipzig/term-5Luqnl.smt2 : 89 ms.
--------------------------------------------------
Number of variables: 53132
Number of clauses: 246212
sat
real sat
../New_SAT_split/QF_NIA_8/leipzig/term-607QpU.smt2 : 439 ms.
--------------------------------------------------
Number of variables: 32559
Number of clauses: 150739
sat
real sat
../New_SAT_split/QF_NIA_8/leipzig/term-6k3pKM.smt2 : 441 ms.
--------------------------------------------------
Number of variables: 14011
Number of clauses: 64604
sat
real sat
../New_SAT_split/QF_NIA_8/leipzig/term-6mYU5G.smt2 : 89 ms.
--------------------------------------------------
Number of variables: 24207
Number of clauses: 112634
sat
real sat
../New_SAT_split/QF_NIA_8/leipzig/term-6zE855.smt2 : 143 ms.
--------------------------------------------------
Number of variables: 24032
Number of clauses: 111686
sat
real sat
../New_SAT_split/QF_NIA_8/leipzig/term-71B6am.smt2 : 178 ms.
--------------------------------------------------
Number of variables: 56226
Number of clauses: 260698
sat
real sat
../New_SAT_split/QF_NIA_8/leipzig/term-7DXK1v.smt2 : 492 ms.
--------------------------------------------------
Number of variables: 7721
Number of clauses: 36019
sat
real sat
../New_SAT_split/QF_NIA_8/leipzig/term-7fXGzy.smt2 : 48 ms.
--------------------------------------------------
Number of variables: 5855
Number of clauses: 27321
sat
real sat
../New_SAT_split/QF_NIA_8/leipzig/term-7njo7V.smt2 : 51 ms.
--------------------------------------------------
Number of variables: 12090
Number of clauses: 55736
sat
real sat
../New_SAT_split/QF_NIA_8/leipzig/term-7zXPfO.smt2 : 61 ms.
--------------------------------------------------
Number of variables: 232631
Number of clauses: 1077693
sat
real sat
../New_SAT_split/QF_NIA_8/leipzig/term-87NL0Z.smt2 : 30590 ms.
--------------------------------------------------
Number of variables: 16556
Number of clauses: 76915
sat
real sat
../New_SAT_split/QF_NIA_8/leipzig/term-8UXrgn.smt2 : 123 ms.
--------------------------------------------------
Number of variables: 5694
Number of clauses: 26500
sat
real sat
../New_SAT_split/QF_NIA_8/leipzig/term-9AOvYh.smt2 : 55 ms.
--------------------------------------------------
Number of variables: 23742
Number of clauses: 109795
sat
real sat
../New_SAT_split/QF_NIA_8/leipzig/term-9mUXbx.smt2 : 212 ms.
--------------------------------------------------
Number of variables: 50880
Number of clauses: 235282
sat
real sat
../New_SAT_split/QF_NIA_8/leipzig/term-9uFTFt.smt2 : 826 ms.
--------------------------------------------------
Number of variables: 100657
Number of clauses: 467666
sat
real sat
../New_SAT_split/QF_NIA_8/leipzig/term-afghHl.smt2 : 1153 ms.
--------------------------------------------------
Number of variables: 37511
Number of clauses: 173749
sat
real sat
../New_SAT_split/QF_NIA_8/leipzig/term-AlRgl3.smt2 : 317 ms.
--------------------------------------------------
Number of variables: 9034
Number of clauses: 41444
sat
real sat
../New_SAT_split/QF_NIA_8/leipzig/term-Aon9bM.smt2 : 50 ms.
--------------------------------------------------
Number of variables: 6420
Number of clauses: 29847
sat
real sat
../New_SAT_split/QF_NIA_8/leipzig/term-AvoWGH.smt2 : 42 ms.
--------------------------------------------------
Number of variables: 20887
Number of clauses: 96600
sat
real sat
../New_SAT_split/QF_NIA_8/leipzig/term-AwuLMZ.smt2 : 297 ms.
--------------------------------------------------
Number of variables: 12478
Number of clauses: 57691
sat
real sat
../New_SAT_split/QF_NIA_8/leipzig/term-bEER96.smt2 : 65 ms.
--------------------------------------------------
Number of variables: 7505
Number of clauses: 34776
sat
real sat
../New_SAT_split/QF_NIA_8/leipzig/term-BjWYcv.smt2 : 65 ms.
--------------------------------------------------
Number of variables: 247504
Number of clauses: 1145518
sat
real sat
../New_SAT_split/QF_NIA_8/leipzig/term-BKc7xf.smt2 : 26218 ms.
--------------------------------------------------
Number of variables: 105101
Number of clauses: 487991
sat
real sat
../New_SAT_split/QF_NIA_8/leipzig/term-bmKO7L.smt2 : 2864 ms.
--------------------------------------------------
Number of variables: 71745
Number of clauses: 331671
sat
real sat
../New_SAT_split/QF_NIA_8/leipzig/term-BpsRn7.smt2 : 1320 ms.
--------------------------------------------------
Number of variables: 287822
Number of clauses: 1333077
sat
real sat
../New_SAT_split/QF_NIA_8/leipzig/term-brNnx4.smt2 : 11708 ms.
--------------------------------------------------
Number of variables: 5341
Number of clauses: 24775
sat
real sat
../New_SAT_split/QF_NIA_8/leipzig/term-bV2aN3.smt2 : 50 ms.
--------------------------------------------------
Number of variables: 16252
Number of clauses: 75222
sat
real sat
../New_SAT_split/QF_NIA_8/leipzig/term-BWHEfg.smt2 : 148 ms.
--------------------------------------------------
Number of variables: 5276
Number of clauses: 24422
sat
real sat
../New_SAT_split/QF_NIA_8/leipzig/term-CrNtep.smt2 : 45 ms.
--------------------------------------------------
Number of variables: 50251
Number of clauses: 232707
sat
real sat
../New_SAT_split/QF_NIA_8/leipzig/term-cTfKvw.smt2 : 996 ms.
--------------------------------------------------
Number of variables: 17696
Number of clauses: 82631
sat
real sat
../New_SAT_split/QF_NIA_8/leipzig/term-ddoFAO.smt2 : 242 ms.
--------------------------------------------------
Number of variables: 5908
Number of clauses: 27453
sat
real sat
../New_SAT_split/QF_NIA_8/leipzig/term-DtOD2C.smt2 : 41 ms.
--------------------------------------------------
Number of variables: 12783
Number of clauses: 59702
sat
real sat
../New_SAT_split/QF_NIA_8/leipzig/term-dwsxAX.smt2 : 84 ms.
--------------------------------------------------
Number of variables: 7637
Number of clauses: 35323
sat
real sat
../New_SAT_split/QF_NIA_8/leipzig/term-e0uxKl.smt2 : 60 ms.
--------------------------------------------------
Number of variables: 8573
Number of clauses: 39655
sat
real sat
../New_SAT_split/QF_NIA_8/leipzig/term-eBQlfQ.smt2 : 61 ms.
--------------------------------------------------
Number of variables: 29780
Number of clauses: 137540
sat
real sat
../New_SAT_split/QF_NIA_8/leipzig/term-EcNqkB.smt2 : 296 ms.
--------------------------------------------------
Number of variables: 15368
Number of clauses: 71218
sat
real sat
../New_SAT_split/QF_NIA_8/leipzig/term-f2cozZ.smt2 : 172 ms.
--------------------------------------------------
Number of variables: 14755
Number of clauses: 68729
sat
real sat
../New_SAT_split/QF_NIA_8/leipzig/term-F85Fh4.smt2 : 131 ms.
--------------------------------------------------
Number of variables: 14015
Number of clauses: 65281
sat
real sat
../New_SAT_split/QF_NIA_8/leipzig/term-fFoQCf.smt2 : 117 ms.
--------------------------------------------------
Number of variables: 9592
Number of clauses: 44435
sat
real sat
../New_SAT_split/QF_NIA_8/leipzig/term-fqVg3m.smt2 : 86 ms.
--------------------------------------------------
Number of variables: 26261
Number of clauses: 121185
sat
real sat
../New_SAT_split/QF_NIA_8/leipzig/term-fRkVkk.smt2 : 728 ms.
--------------------------------------------------
Number of variables: 24571
Number of clauses: 113601
sat
real sat
../New_SAT_split/QF_NIA_8/leipzig/term-fu8ErM.smt2 : 237 ms.
--------------------------------------------------
Number of variables: 6487
Number of clauses: 30003
sat
real sat
../New_SAT_split/QF_NIA_8/leipzig/term-G0osfI.smt2 : 38 ms.
--------------------------------------------------
Number of variables: 26667
Number of clauses: 123288
sat
real sat
../New_SAT_split/QF_NIA_8/leipzig/term-gH1uAj.smt2 : 189 ms.
--------------------------------------------------
Number of variables: 29223
Number of clauses: 134904
sat
real sat
../New_SAT_split/QF_NIA_8/leipzig/term-gHq3ie.smt2 : 248 ms.
--------------------------------------------------
Number of variables: 8054
Number of clauses: 37376
sat
real sat
../New_SAT_split/QF_NIA_8/leipzig/term-GPalmJ.smt2 : 64 ms.
--------------------------------------------------
Number of variables: 59275
Number of clauses: 274961
sat
real sat
../New_SAT_split/QF_NIA_8/leipzig/term-guQhb3.smt2 : 925 ms.
--------------------------------------------------
Number of variables: 56791
Number of clauses: 263763
sat
real sat
../New_SAT_split/QF_NIA_8/leipzig/term-Gxx8TQ.smt2 : 656 ms.
--------------------------------------------------
Number of variables: 65793
Number of clauses: 304018
sat
real sat
../New_SAT_split/QF_NIA_8/leipzig/term-gZE9f0.smt2 : 46030 ms.
--------------------------------------------------
Number of variables: 4782
Number of clauses: 22088
sat
real sat
../New_SAT_split/QF_NIA_8/leipzig/term-H5JQ97.smt2 : 30 ms.
--------------------------------------------------
Number of variables: 7054
Number of clauses: 32693
sat
real sat
../New_SAT_split/QF_NIA_8/leipzig/term-H9wl52.smt2 : 45 ms.
--------------------------------------------------
Number of variables: 14647
Number of clauses: 67680
sat
real sat
../New_SAT_split/QF_NIA_8/leipzig/term-hCYJUH.smt2 : 129 ms.
--------------------------------------------------
Number of variables: 8824
Number of clauses: 41178
sat
real sat
../New_SAT_split/QF_NIA_8/leipzig/term-HonGrM.smt2 : 61 ms.
--------------------------------------------------
Number of variables: 10736
Number of clauses: 49878
sat
real sat
../New_SAT_split/QF_NIA_8/leipzig/term-iLy0I9.smt2 : 60 ms.
--------------------------------------------------
Number of variables: 168767
Number of clauses: 782243
sat
real sat
../New_SAT_split/QF_NIA_8/leipzig/term-iQK4Ty.smt2 : 5050 ms.
--------------------------------------------------
Number of variables: 56172
Number of clauses: 259712
sat
real sat
../New_SAT_split/QF_NIA_8/leipzig/term-izcgso.smt2 : 712 ms.
--------------------------------------------------
Number of variables: 14961
Number of clauses: 69029
sat
real sat
../New_SAT_split/QF_NIA_8/leipzig/term-jCge40.smt2 : 107 ms.
--------------------------------------------------
Number of variables: 17257
Number of clauses: 80298
sat
real sat
../New_SAT_split/QF_NIA_8/leipzig/term-JpE7g8.smt2 : 99 ms.
--------------------------------------------------
Number of variables: 38042
Number of clauses: 177516
sat
real sat
../New_SAT_split/QF_NIA_8/leipzig/term-jSSXi8.smt2 : 305 ms.
--------------------------------------------------
Number of variables: 18107
Number of clauses: 84041
sat
real sat
../New_SAT_split/QF_NIA_8/leipzig/term-jWI18r.smt2 : 185 ms.
--------------------------------------------------
Number of variables: 302912
Number of clauses: 1403345
sat
real sat
../New_SAT_split/QF_NIA_8/leipzig/term-Jzxbf6.smt2 : 55166 ms.
--------------------------------------------------
Number of variables: 29610
Number of clauses: 136620
sat
real sat
../New_SAT_split/QF_NIA_8/leipzig/term-K0mzk0.smt2 : 516 ms.
--------------------------------------------------
Number of variables: 62153
Number of clauses: 286674
sat
real sat
../New_SAT_split/QF_NIA_8/leipzig/term-K5O3aH.smt2 : 2076 ms.
--------------------------------------------------
Number of variables: 29780
Number of clauses: 137746
sat
real sat
../New_SAT_split/QF_NIA_8/leipzig/term-KEViid.smt2 : 247 ms.
--------------------------------------------------
Number of variables: 5746
Number of clauses: 26574
sat
real sat
../New_SAT_split/QF_NIA_8/leipzig/term-kJn9CF.smt2 : 34 ms.
--------------------------------------------------
Number of variables: 8410
Number of clauses: 39150
sat
real sat
../New_SAT_split/QF_NIA_8/leipzig/term-Kkefdl.smt2 : 87 ms.
--------------------------------------------------
Number of variables: 11977
Number of clauses: 55702
sat
real sat
../New_SAT_split/QF_NIA_8/leipzig/term-KQpYCw.smt2 : 71 ms.
--------------------------------------------------
Number of variables: 17825
Number of clauses: 82275
sat
real sat
../New_SAT_split/QF_NIA_8/leipzig/term-KVnOQn.smt2 : 241 ms.
--------------------------------------------------
Number of variables: 314488
Number of clauses: 1454466
sat
real sat
../New_SAT_split/QF_NIA_8/leipzig/term-l6cqQI.smt2 : 90664 ms.
--------------------------------------------------
Number of variables: 65781
Number of clauses: 304034
sat
real sat
../New_SAT_split/QF_NIA_8/leipzig/term-lFYv5w.smt2 : 17470 ms.
--------------------------------------------------
Number of variables: 12742
Number of clauses: 59286
sat
real sat
../New_SAT_split/QF_NIA_8/leipzig/term-ljJt6X.smt2 : 147 ms.
--------------------------------------------------
Number of variables: 30480
Number of clauses: 141079
sat
real sat
../New_SAT_split/QF_NIA_8/leipzig/term-ltKI40.smt2 : 207 ms.
--------------------------------------------------
Number of variables: 29237
Number of clauses: 134980
sat
real sat
../New_SAT_split/QF_NIA_8/leipzig/term-mGd00U.smt2 : 223 ms.
--------------------------------------------------
Number of variables: 5825
Number of clauses: 27005
sat
real sat
../New_SAT_split/QF_NIA_8/leipzig/term-MImS6p.smt2 : 42 ms.
--------------------------------------------------
Number of variables: 6165
Number of clauses: 28461
sat
real sat
../New_SAT_split/QF_NIA_8/leipzig/term-MRIndM.smt2 : 34 ms.
--------------------------------------------------
Number of variables: 28436
Number of clauses: 132055
sat
real sat
../New_SAT_split/QF_NIA_8/leipzig/term-mscE2P.smt2 : 189 ms.
--------------------------------------------------
Number of variables: 5855
Number of clauses: 27321
sat
real sat
../New_SAT_split/QF_NIA_8/leipzig/term-MT0pqd.smt2 : 47 ms.
--------------------------------------------------
Number of variables: 245208
Number of clauses: 1136405
sat
real sat
../New_SAT_split/QF_NIA_8/leipzig/term-MVylXc.smt2 : 46317 ms.
--------------------------------------------------
Number of variables: 48491
Number of clauses: 224483
sat
real sat
../New_SAT_split/QF_NIA_8/leipzig/term-Mx5Up4.smt2 : 713 ms.
--------------------------------------------------
Number of variables: 29539
Number of clauses: 137290
sat
real sat
../New_SAT_split/QF_NIA_8/leipzig/term-mzEEAc.smt2 : 209 ms.
--------------------------------------------------
Number of variables: 68630
Number of clauses: 317853
sat
real sat
../New_SAT_split/QF_NIA_8/leipzig/term-n2CwnV.smt2 : 1826 ms.
--------------------------------------------------
Number of variables: 19125
Number of clauses: 88814
sat
real sat
../New_SAT_split/QF_NIA_8/leipzig/term-n2YjEt.smt2 : 158 ms.
--------------------------------------------------
Number of variables: 5225
Number of clauses: 24276
sat
real sat
../New_SAT_split/QF_NIA_8/leipzig/term-N42Sjd.smt2 : 48 ms.
--------------------------------------------------
Number of variables: 15053
Number of clauses: 69838
sat
real sat
../New_SAT_split/QF_NIA_8/leipzig/term-nKoz7d.smt2 : 80 ms.
--------------------------------------------------
Number of variables: 7503
Number of clauses: 34762
sat
real sat
../New_SAT_split/QF_NIA_8/leipzig/term-NlTyt4.smt2 : 63 ms.
--------------------------------------------------
Number of variables: 13154
Number of clauses: 61512
sat
real sat
../New_SAT_split/QF_NIA_8/leipzig/term-NsXpL3.smt2 : 73 ms.
--------------------------------------------------
Number of variables: 12778
Number of clauses: 59213
sat
real sat
../New_SAT_split/QF_NIA_8/leipzig/term-NxORIG.smt2 : 67 ms.
--------------------------------------------------
Number of variables: 12608
Number of clauses: 58289
sat
real sat
../New_SAT_split/QF_NIA_8/leipzig/term-oPCuPe.smt2 : 67 ms.
--------------------------------------------------
Number of variables: 12847
Number of clauses: 59368
sat
real sat
../New_SAT_split/QF_NIA_8/leipzig/term-OWehGq.smt2 : 67 ms.
--------------------------------------------------
Number of variables: 67910
Number of clauses: 314568
sat
real sat
../New_SAT_split/QF_NIA_8/leipzig/term-OwnULw.smt2 : 802 ms.
--------------------------------------------------
Number of variables: 9448
Number of clauses: 43811
sat
real sat
../New_SAT_split/QF_NIA_8/leipzig/term-OxDFxz.smt2 : 57 ms.
--------------------------------------------------
Number of variables: 6158
Number of clauses: 28439
sat
real sat
../New_SAT_split/QF_NIA_8/leipzig/term-p63KxS.smt2 : 40 ms.
--------------------------------------------------
Number of variables: 36389
Number of clauses: 168557
sat
real sat
../New_SAT_split/QF_NIA_8/leipzig/term-p9MQp4.smt2 : 748 ms.
--------------------------------------------------
Number of variables: 4711
Number of clauses: 21725
sat
real sat
../New_SAT_split/QF_NIA_8/leipzig/term-PGdOdF.smt2 : 28 ms.
--------------------------------------------------
Number of variables: 25066
Number of clauses: 116110
sat
real sat
../New_SAT_split/QF_NIA_8/leipzig/term-PoKkYi.smt2 : 148 ms.
--------------------------------------------------
Number of variables: 13745
Number of clauses: 63990
sat
real sat
../New_SAT_split/QF_NIA_8/leipzig/term-PUJvAS.smt2 : 95 ms.
--------------------------------------------------
Number of variables: 6176
Number of clauses: 28527
sat
real sat
../New_SAT_split/QF_NIA_8/leipzig/term-QA7c8U.smt2 : 57 ms.
--------------------------------------------------
Number of variables: 4697
Number of clauses: 21626
sat
real sat
../New_SAT_split/QF_NIA_8/leipzig/term-qAUj8f.smt2 : 46 ms.
--------------------------------------------------
Number of variables: 98033
Number of clauses: 454468
sat
real sat
../New_SAT_split/QF_NIA_8/leipzig/term-qp5mTw.smt2 : 4194 ms.
--------------------------------------------------
Number of variables: 6449
Number of clauses: 29791
sat
real sat
../New_SAT_split/QF_NIA_8/leipzig/term-qpmP2a.smt2 : 36 ms.
--------------------------------------------------
Number of variables: 6037
Number of clauses: 27927
sat
real sat
../New_SAT_split/QF_NIA_8/leipzig/term-qVa1BT.smt2 : 33 ms.
--------------------------------------------------
Number of variables: 5655
Number of clauses: 26094
sat
real sat
../New_SAT_split/QF_NIA_8/leipzig/term-QW6yIL.smt2 : 34 ms.
--------------------------------------------------
Number of variables: 7307
Number of clauses: 33750
sat
real sat
../New_SAT_split/QF_NIA_8/leipzig/term-Qx6y98.smt2 : 42 ms.
--------------------------------------------------
Number of variables: 28987
Number of clauses: 134669
sat
real sat
../New_SAT_split/QF_NIA_8/leipzig/term-qxG9KS.smt2 : 230 ms.
--------------------------------------------------
Number of variables: 5817
Number of clauses: 26983
sat
real sat
../New_SAT_split/QF_NIA_8/leipzig/term-ReJksi.smt2 : 53 ms.
--------------------------------------------------
Number of variables: 15605
Number of clauses: 72459
sat
real sat
../New_SAT_split/QF_NIA_8/leipzig/term-rGohwx.smt2 : 131 ms.
--------------------------------------------------
Number of variables: 15920
Number of clauses: 73839
sat
real sat
../New_SAT_split/QF_NIA_8/leipzig/term-rIVs0x.smt2 : 155 ms.
--------------------------------------------------
Number of variables: 13398
Number of clauses: 61982
sat
real sat
../New_SAT_split/QF_NIA_8/leipzig/term-RYAv9d.smt2 : 109 ms.
--------------------------------------------------
Number of variables: 5538
Number of clauses: 25442
sat
real sat
../New_SAT_split/QF_NIA_8/leipzig/term-tEmpby.smt2 : 33 ms.
--------------------------------------------------
Number of variables: 55151
Number of clauses: 255663
sat
real sat
../New_SAT_split/QF_NIA_8/leipzig/term-tHV3De.smt2 : 592 ms.
--------------------------------------------------
Number of variables: 44960
Number of clauses: 207735
sat
real sat
../New_SAT_split/QF_NIA_8/leipzig/term-U3qtcQ.smt2 : 678 ms.
--------------------------------------------------
Number of variables: 8870
Number of clauses: 41106
sat
real sat
../New_SAT_split/QF_NIA_8/leipzig/term-ubDExd.smt2 : 63 ms.
--------------------------------------------------
Number of variables: 9630
Number of clauses: 45013
sat
real sat
../New_SAT_split/QF_NIA_8/leipzig/term-UCZhjg.smt2 : 66 ms.
--------------------------------------------------
Number of variables: 7859
Number of clauses: 36371
sat
real sat
../New_SAT_split/QF_NIA_8/leipzig/term-uI6QEr.smt2 : 46 ms.
--------------------------------------------------
Number of variables: 9034
Number of clauses: 41444
sat
real sat
../New_SAT_split/QF_NIA_8/leipzig/term-uiHa9g.smt2 : 69 ms.
--------------------------------------------------
Number of variables: 9975
Number of clauses: 45986
sat
real sat
../New_SAT_split/QF_NIA_8/leipzig/term-ULo1kJ.smt2 : 55 ms.
--------------------------------------------------
Number of variables: 62529
Number of clauses: 288881
sat
real sat
../New_SAT_split/QF_NIA_8/leipzig/term-uLZTRN.smt2 : 1960 ms.
--------------------------------------------------
Number of variables: 27419
Number of clauses: 127289
sat
real sat
../New_SAT_split/QF_NIA_8/leipzig/term-uxNAu4.smt2 : 229 ms.
--------------------------------------------------
Number of variables: 20182
Number of clauses: 94292
sat
real sat
../New_SAT_split/QF_NIA_8/leipzig/term-uyuSEz.smt2 : 152 ms.
--------------------------------------------------
Number of variables: 112547
Number of clauses: 520614
sat
real sat
../New_SAT_split/QF_NIA_8/leipzig/term-V7zYuz.smt2 : 3078 ms.
--------------------------------------------------
Number of variables: 6420
Number of clauses: 29847
sat
real sat
../New_SAT_split/QF_NIA_8/leipzig/term-vd4nMl.smt2 : 50 ms.
--------------------------------------------------
Number of variables: 88340
Number of clauses: 407904
sat
real sat
../New_SAT_split/QF_NIA_8/leipzig/term-VdS5DK.smt2 : 3675 ms.
--------------------------------------------------
Number of variables: 10403
Number of clauses: 47826
sat
real sat
../New_SAT_split/QF_NIA_8/leipzig/term-VKcdAi.smt2 : 69 ms.
--------------------------------------------------
Number of variables: 14034
Number of clauses: 65058
sat
real sat
../New_SAT_split/QF_NIA_8/leipzig/term-vmxeK5.smt2 : 117 ms.
--------------------------------------------------
Number of variables: 134602
Number of clauses: 625070
sat
real sat
../New_SAT_split/QF_NIA_8/leipzig/term-vNKPi7.smt2 : 4301 ms.
--------------------------------------------------
Number of variables: 12022
Number of clauses: 55591
sat
real sat
../New_SAT_split/QF_NIA_8/leipzig/term-VvvOL1.smt2 : 66 ms.
--------------------------------------------------
Number of variables: 11733
Number of clauses: 54335
sat
real sat
../New_SAT_split/QF_NIA_8/leipzig/term-VzZ1SP.smt2 : 109 ms.
--------------------------------------------------
Number of variables: 85198
Number of clauses: 393797
sat
real sat
../New_SAT_split/QF_NIA_8/leipzig/term-WG086A.smt2 : 3547 ms.
--------------------------------------------------
Number of variables: 30813
Number of clauses: 143456
sat
real sat
../New_SAT_split/QF_NIA_8/leipzig/term-wIaXCN.smt2 : 203 ms.
--------------------------------------------------
Number of variables: 17978
Number of clauses: 83836
sat
real sat
../New_SAT_split/QF_NIA_8/leipzig/term-WRsGm0.smt2 : 127 ms.
--------------------------------------------------
Number of variables: 336443
Number of clauses: 1559095
sat
real sat
../New_SAT_split/QF_NIA_8/leipzig/term-Wvoafx.smt2 : 9954 ms.
--------------------------------------------------
Number of variables: 12295
Number of clauses: 56747
sat
real sat
../New_SAT_split/QF_NIA_8/leipzig/term-X2tjiE.smt2 : 68 ms.
--------------------------------------------------
Number of variables: 14271
Number of clauses: 66674
sat
real sat
../New_SAT_split/QF_NIA_8/leipzig/term-x3m7eh.smt2 : 95 ms.
--------------------------------------------------
Number of variables: 7945
Number of clauses: 37155
sat
real sat
../New_SAT_split/QF_NIA_8/leipzig/term-x876Jc.smt2 : 55 ms.
--------------------------------------------------
Number of variables: 350596
Number of clauses: 1624266
sat
real sat
../New_SAT_split/QF_NIA_8/leipzig/term-XbWQfu.smt2 : 39424 ms.
--------------------------------------------------
Number of variables: 9291
Number of clauses: 43337
sat
real sat
../New_SAT_split/QF_NIA_8/leipzig/term-xNepZV.smt2 : 85 ms.
--------------------------------------------------
Number of variables: 12057
Number of clauses: 55675
sat
real sat
../New_SAT_split/QF_NIA_8/leipzig/term-XoKPE3.smt2 : 67 ms.
--------------------------------------------------
Number of variables: 16090
Number of clauses: 75393
sat
real sat
../New_SAT_split/QF_NIA_8/leipzig/term-xpOcFG.smt2 : 99 ms.
--------------------------------------------------
Number of variables: 4867
Number of clauses: 22550
sat
real sat
../New_SAT_split/QF_NIA_8/leipzig/term-XxBfs0.smt2 : 29 ms.
--------------------------------------------------
Number of variables: 10994
Number of clauses: 50766
sat
real sat
../New_SAT_split/QF_NIA_8/leipzig/term-y6bI5p.smt2 : 98 ms.
--------------------------------------------------
Number of variables: 54097
Number of clauses: 250319
sat
real sat
../New_SAT_split/QF_NIA_8/leipzig/term-YAnutr.smt2 : 1322 ms.
--------------------------------------------------
Number of variables: 24049
Number of clauses: 111344
sat
real sat
../New_SAT_split/QF_NIA_8/leipzig/term-YdLBHK.smt2 : 177 ms.
--------------------------------------------------
Number of variables: 10640
Number of clauses: 48896
sat
real sat
../New_SAT_split/QF_NIA_8/leipzig/term-ye1ece.smt2 : 91 ms.
--------------------------------------------------
Number of variables: 32839
Number of clauses: 151466
sat
real sat
../New_SAT_split/QF_NIA_8/leipzig/term-YFqomz.smt2 : 250 ms.
--------------------------------------------------
Number of variables: 9046
Number of clauses: 42061
sat
real sat
../New_SAT_split/QF_NIA_8/leipzig/term-Yi0Ihn.smt2 : 49 ms.
--------------------------------------------------
Number of variables: 13380
Number of clauses: 62212
sat
real sat
../New_SAT_split/QF_NIA_8/leipzig/term-yQHKkv.smt2 : 71 ms.
--------------------------------------------------
Number of variables: 19631
Number of clauses: 91678
sat
real sat
../New_SAT_split/QF_NIA_8/leipzig/term-yzpVx9.smt2 : 162 ms.
--------------------------------------------------
Number of variables: 20882
Number of clauses: 96575
sat
real sat
../New_SAT_split/QF_NIA_8/leipzig/term-zUp1s3.smt2 : 162 ms.
