--------------------------------------------------
Number of variables: 46376
Number of clauses: 233924
unsat in 4 bits.
Number of variables: 93524
Number of clauses: 501888
unsat in 10 bits.
Number of variables: 182372
Number of clauses: 1023832
unsat in 18 bits.
Number of variables: 448944
Number of clauses: 2630545
sat
real sat
../New_SAT_split/QF_NIA_2_8/20170427-VeryMax/ITS/From_AProVE_2014__juHashMapCreatePut.jar-obl-10__p5938_safety_0.smt2 : 249525 ms.
--------------------------------------------------
Number of variables: 104332
Number of clauses: 531127
unsat in 4 bits.
Number of variables: 223384
Number of clauses: 1214115
unsat in 10 bits.
Number of variables: 456936
Number of clauses: 2598787
unsat in 18 bits.
Number of variables: 1180130
Number of clauses: 6990205
sat
real sat
../New_SAT_split/QF_NIA_2_8/20170427-VeryMax/ITS/From_AProVE_2014__juHashMapCreatePut.jar-obl-10__p5939_safety_0.smt2 : 174498 ms.
--------------------------------------------------
Number of variables: 183244
Number of clauses: 938086
unsat in 4 bits.
Number of variables: 404848
Number of clauses: 2212498
unsat in 10 bits.
Number of variables: 846816
Number of clauses: 4839802
unsat in 18 bits.
Number of variables: 2232464
Number of clauses: 13272437
../New_SAT_split/QF_NIA_2_8/20170427-VeryMax/ITS/From_AProVE_2014__juHashMapCreatePut.jar-obl-10__p5940_safety_0.smt2 : 2401188 ms.
--------------------------------------------------
Number of variables: 104400
Number of clauses: 531567
unsat in 4 bits.
Number of variables: 223500
Number of clauses: 1214939
unsat in 10 bits.
Number of variables: 457116
Number of clauses: 2600123
unsat in 18 bits.
Number of variables: 1180438
Number of clauses: 6992565
sat
real sat
../New_SAT_split/QF_NIA_2_8/20170427-VeryMax/ITS/From_AProVE_2014__juHashMapCreatePut.jar-obl-10__p5944_safety_0.smt2 : 1199889 ms.
--------------------------------------------------
Number of variables: 183346
Number of clauses: 938746
unsat in 4 bits.
Number of variables: 405022
Number of clauses: 2213734
unsat in 10 bits.
Number of variables: 847086
Number of clauses: 4841806
unsat in 18 bits.
Number of variables: 2232926
Number of clauses: 13275977
sat
real sat
../New_SAT_split/QF_NIA_2_8/20170427-VeryMax/ITS/From_AProVE_2014__juHashMapCreatePut.jar-obl-10__p5945_safety_0.smt2 : 335043 ms.
--------------------------------------------------
Number of variables: 118226
Number of clauses: 622595
sat
real sat
../New_SAT_split/QF_NIA_2_8/20170427-VeryMax/ITS/From_AProVE_2014__juHashMapCreatePut.jar-obl-10__p5950_terminationG_0.smt2 : 26065 ms.
--------------------------------------------------
Number of variables: 226868
Number of clauses: 1183695
sat
real sat
../New_SAT_split/QF_NIA_2_8/20170427-VeryMax/ITS/From_AProVE_2014__juHashMapCreatePut.jar-obl-10__p5951_terminationG_0.smt2 : 50419 ms.
--------------------------------------------------
Number of variables: 371266
Number of clauses: 1930771
sat
real sat
../New_SAT_split/QF_NIA_2_8/20170427-VeryMax/ITS/From_AProVE_2014__juHashMapCreatePut.jar-obl-10__p5952_terminationG_0.smt2 : 29993 ms.
--------------------------------------------------
Number of variables: 165400
Number of clauses: 844252
sat
real sat
../New_SAT_split/QF_NIA_2_8/20170427-VeryMax/ITS/From_AProVE_2014__juHashMapCreatePut.jar-obl-10__p5967_safety_0.smt2 : 46369 ms.
--------------------------------------------------
Number of variables: 162780
Number of clauses: 831572
sat
real sat
../New_SAT_split/QF_NIA_2_8/20170427-VeryMax/ITS/From_AProVE_2014__juHashMapCreatePut.jar-obl-10__p5968_safety_0.smt2 : 19978 ms.
--------------------------------------------------
Number of variables: 90915
Number of clauses: 460061
sat
real sat
../New_SAT_split/QF_NIA_2_8/20170427-VeryMax/ITS/From_AProVE_2014__juHashMapCreatePut.jar-obl-10__p5974_safety_0.smt2 : 10441 ms.
--------------------------------------------------
Number of variables: 162730
Number of clauses: 828702
sat
real sat
../New_SAT_split/QF_NIA_2_8/20170427-VeryMax/ITS/From_AProVE_2014__juHashMapCreatePut.jar-obl-10__p5975_safety_0.smt2 : 22603 ms.
--------------------------------------------------
Number of variables: 86807
Number of clauses: 438839
sat
real sat
../New_SAT_split/QF_NIA_2_8/20170427-VeryMax/ITS/From_AProVE_2014__juHashMapCreatePut.jar-obl-10__p5977_safety_0.smt2 : 9545 ms.
--------------------------------------------------
Number of variables: 158018
Number of clauses: 803926
sat
real sat
../New_SAT_split/QF_NIA_2_8/20170427-VeryMax/ITS/From_AProVE_2014__juHashMapCreatePut.jar-obl-10__p5978_safety_0.smt2 : 39704 ms.
--------------------------------------------------
Number of variables: 88629
Number of clauses: 449917
sat
real sat
../New_SAT_split/QF_NIA_2_8/20170427-VeryMax/ITS/From_AProVE_2014__juHashMapCreatePut.jar-obl-10__p5984_safety_0.smt2 : 2730 ms.
--------------------------------------------------
Number of variables: 160614
Number of clauses: 819796
sat
real sat
../New_SAT_split/QF_NIA_2_8/20170427-VeryMax/ITS/From_AProVE_2014__juHashMapCreatePut.jar-obl-10__p5985_safety_0.smt2 : 20754 ms.
--------------------------------------------------
Number of variables: 91091
Number of clauses: 461469
sat
real sat
../New_SAT_split/QF_NIA_2_8/20170427-VeryMax/ITS/From_AProVE_2014__juHashMapCreatePut.jar-obl-10__p5987_safety_0.smt2 : 30343 ms.
--------------------------------------------------
Number of variables: 163008
Number of clauses: 830860
sat
real sat
../New_SAT_split/QF_NIA_2_8/20170427-VeryMax/ITS/From_AProVE_2014__juHashMapCreatePut.jar-obl-10__p5988_safety_0.smt2 : 6485 ms.
--------------------------------------------------
Number of variables: 185817
Number of clauses: 973405
unsat in 4 bits.
Number of variables: 436413
Number of clauses: 2401213
unsat in 10 bits.
Number of variables: 942237
Number of clauses: 5392365
unsat in 18 bits.
Number of variables: 2542925
Number of clauses: 15105473
sat
real sat
../New_SAT_split/QF_NIA_2_8/20170427-VeryMax/ITS/From_AProVE_2014__juHashMapCreatePut.jar-obl-10__p6000_safety_0.smt2 : 642301 ms.
--------------------------------------------------
Number of variables: 337276
Number of clauses: 1764173
unsat in 4 bits.
Number of variables: 815359
Number of clauses: 4494920
unsat in 10 bits.
Number of variables: 1796027
Number of clauses: 10309668
unsat in 18 bits.
Number of variables: 4934771
Number of clauses: 29396682
../New_SAT_split/QF_NIA_2_8/20170427-VeryMax/ITS/From_AProVE_2014__juHashMapCreatePut.jar-obl-10__p6001_safety_0.smt2 : 2401374 ms.
--------------------------------------------------
Number of variables: 101233
Number of clauses: 522110
sat
real sat
../New_SAT_split/QF_NIA_2_8/20170427-VeryMax/ITS/From_AProVE_2014__juHashMapCreatePut.jar-obl-10__p6002_safety_0.smt2 : 7832 ms.
--------------------------------------------------
Number of variables: 385509
Number of clauses: 1997568
sat
real sat
../New_SAT_split/QF_NIA_2_8/20170427-VeryMax/ITS/From_AProVE_2014__juHashMapCreatePut.jar-obl-10__p6004_safety_0.smt2 : 36242 ms.
--------------------------------------------------
Number of variables: 165744
Number of clauses: 846965
sat
real sat
../New_SAT_split/QF_NIA_2_8/20170427-VeryMax/ITS/From_AProVE_2014__juHashMapCreatePut.jar-obl-10__p6011_safety_0.smt2 : 38132 ms.
--------------------------------------------------
Number of variables: 90045
Number of clauses: 456101
sat
real sat
../New_SAT_split/QF_NIA_2_8/20170427-VeryMax/ITS/From_AProVE_2014__juHashMapCreatePut.jar-obl-10__p6019_safety_0.smt2 : 1893 ms.
--------------------------------------------------
Number of variables: 161366
Number of clauses: 822067
sat
real sat
../New_SAT_split/QF_NIA_2_8/20170427-VeryMax/ITS/From_AProVE_2014__juHashMapCreatePut.jar-obl-10__p6020_safety_0.smt2 : 5362 ms.
--------------------------------------------------
Number of variables: 90909
Number of clauses: 463254
sat
real sat
../New_SAT_split/QF_NIA_2_8/20170427-VeryMax/ITS/From_AProVE_2014__juHashMapCreatePut.jar-obl-10__p6022_safety_0.smt2 : 9080 ms.
--------------------------------------------------
Number of variables: 163590
Number of clauses: 837536
sat
real sat
../New_SAT_split/QF_NIA_2_8/20170427-VeryMax/ITS/From_AProVE_2014__juHashMapCreatePut.jar-obl-10__p6023_safety_0.smt2 : 20651 ms.
--------------------------------------------------
Number of variables: 87741
Number of clauses: 445541
sat
real sat
../New_SAT_split/QF_NIA_2_8/20170427-VeryMax/ITS/From_AProVE_2014__juHashMapCreatePut.jar-obl-10__p6027_safety_0.smt2 : 8952 ms.
--------------------------------------------------
Number of variables: 159206
Number of clauses: 812491
sat
real sat
../New_SAT_split/QF_NIA_2_8/20170427-VeryMax/ITS/From_AProVE_2014__juHashMapCreatePut.jar-obl-10__p6028_safety_0.smt2 : 22135 ms.
--------------------------------------------------
Number of variables: 90483
Number of clauses: 459449
sat
real sat
../New_SAT_split/QF_NIA_2_8/20170427-VeryMax/ITS/From_AProVE_2014__juHashMapCreatePut.jar-obl-10__p6032_safety_0.smt2 : 2540 ms.
--------------------------------------------------
Number of variables: 162022
Number of clauses: 827044
sat
real sat
../New_SAT_split/QF_NIA_2_8/20170427-VeryMax/ITS/From_AProVE_2014__juHashMapCreatePut.jar-obl-10__p6033_safety_0.smt2 : 39491 ms.
--------------------------------------------------
Number of variables: 87837
Number of clauses: 446207
sat
real sat
../New_SAT_split/QF_NIA_2_8/20170427-VeryMax/ITS/From_AProVE_2014__juHashMapCreatePut.jar-obl-10__p6037_safety_0.smt2 : 11164 ms.
--------------------------------------------------
Number of variables: 159350
Number of clauses: 813490
sat
real sat
../New_SAT_split/QF_NIA_2_8/20170427-VeryMax/ITS/From_AProVE_2014__juHashMapCreatePut.jar-obl-10__p6039_safety_0.smt2 : 22143 ms.
--------------------------------------------------
Number of variables: 105107
Number of clauses: 547096
sat
real sat
../New_SAT_split/QF_NIA_2_8/20170427-VeryMax/ITS/From_AProVE_2014__juHashMapCreatePut.jar-obl-10__p6049_safety_0.smt2 : 9581 ms.
--------------------------------------------------
Number of variables: 230064
Number of clauses: 1198299
sat
real sat
../New_SAT_split/QF_NIA_2_8/20170427-VeryMax/ITS/From_AProVE_2014__juHashMapCreatePut.jar-obl-10__p6050_safety_0.smt2 : 20598 ms.
--------------------------------------------------
Number of variables: 399625
Number of clauses: 2081126
sat
real sat
../New_SAT_split/QF_NIA_2_8/20170427-VeryMax/ITS/From_AProVE_2014__juHashMapCreatePut.jar-obl-10__p6051_safety_0.smt2 : 352589 ms.
--------------------------------------------------
Number of variables: 82076
Number of clauses: 437833
unsat in 4 bits.
Number of variables: 175721
Number of clauses: 967000
unsat in 10 bits.
Number of variables: 353501
Number of clauses: 2007716
unsat in 18 bits.
Number of variables: 890661
Number of clauses: 5239286
sat
real sat
../New_SAT_split/QF_NIA_2_8/20170427-VeryMax/ITS/From_AProVE_2014__juHashMapCreatePut.jar-obl-10__p6054_safety_0.smt2 : 637062 ms.
--------------------------------------------------
Number of variables: 192771
Number of clauses: 1022085
unsat in 4 bits.
Number of variables: 441003
Number of clauses: 2436759
unsat in 10 bits.
Number of variables: 934939
Number of clauses: 5355071
unsat in 18 bits.
Number of variables: 2481883
Number of clauses: 14732739
../New_SAT_split/QF_NIA_2_8/20170427-VeryMax/ITS/From_AProVE_2014__juHashMapCreatePut.jar-obl-10__p6056_safety_0.smt2 : 2401357 ms.
--------------------------------------------------
Number of variables: 348214
Number of clauses: 1839113
unsat in 4 bits.
Number of variables: 822973
Number of clauses: 4550750
unsat in 10 bits.
Number of variables: 1786105
Number of clauses: 10257026
unsat in 18 bits.
Number of variables: 4844833
Number of clauses: 28842488
../New_SAT_split/QF_NIA_2_8/20170427-VeryMax/ITS/From_AProVE_2014__juHashMapCreatePut.jar-obl-10__p6058_safety_0.smt2 : 2401266 ms.
--------------------------------------------------
Number of variables: 86594
Number of clauses: 439280
sat
real sat
../New_SAT_split/QF_NIA_2_8/20170427-VeryMax/ITS/From_AProVE_2014__juHashMapCreatePut.jar-obl-10__p6060_safety_0.smt2 : 11650 ms.
--------------------------------------------------
Number of variables: 84947
Number of clauses: 429943
sat
real sat
../New_SAT_split/QF_NIA_2_8/20170427-VeryMax/ITS/From_AProVE_2014__juHashMapCreatePut.jar-obl-10__p6063_safety_0.smt2 : 4631 ms.
--------------------------------------------------
Number of variables: 153710
Number of clauses: 782470
sat
real sat
../New_SAT_split/QF_NIA_2_8/20170427-VeryMax/ITS/From_AProVE_2014__juHashMapCreatePut.jar-obl-10__p6064_safety_0.smt2 : 50424 ms.
--------------------------------------------------
Number of variables: 152453
Number of clauses: 777418
sat
real sat
../New_SAT_split/QF_NIA_2_8/20170427-VeryMax/ITS/From_AProVE_2014__juHashMapCreatePut.jar-obl-10__p6071_safety_0.smt2 : 18570 ms.
--------------------------------------------------
Number of variables: 86490
Number of clauses: 439404
sat
real sat
../New_SAT_split/QF_NIA_2_8/20170427-VeryMax/ITS/From_AProVE_2014__juHashMapCreatePut.jar-obl-10__p6073_safety_0.smt2 : 10428 ms.
--------------------------------------------------
Number of variables: 155904
Number of clauses: 796002
sat
real sat
../New_SAT_split/QF_NIA_2_8/20170427-VeryMax/ITS/From_AProVE_2014__juHashMapCreatePut.jar-obl-10__p6074_safety_0.smt2 : 37736 ms.
--------------------------------------------------
Number of variables: 86508
Number of clauses: 439598
sat
real sat
../New_SAT_split/QF_NIA_2_8/20170427-VeryMax/ITS/From_AProVE_2014__juHashMapCreatePut.jar-obl-10__p6076_safety_0.smt2 : 31200 ms.
--------------------------------------------------
Number of variables: 155938
Number of clauses: 796316
sat
real sat
../New_SAT_split/QF_NIA_2_8/20170427-VeryMax/ITS/From_AProVE_2014__juHashMapCreatePut.jar-obl-10__p6077_safety_0.smt2 : 17564 ms.
--------------------------------------------------
Number of variables: 81565
Number of clauses: 412732
sat
real sat
../New_SAT_split/QF_NIA_2_8/20170427-VeryMax/ITS/From_AProVE_2014__juHashMapCreatePut.jar-obl-10__p6079_safety_0.smt2 : 2675 ms.
--------------------------------------------------
Number of variables: 149997
Number of clauses: 763243
sat
real sat
../New_SAT_split/QF_NIA_2_8/20170427-VeryMax/ITS/From_AProVE_2014__juHashMapCreatePut.jar-obl-10__p6080_safety_0.smt2 : 42676 ms.
--------------------------------------------------
Number of variables: 81981
Number of clauses: 415854
sat
real sat
../New_SAT_split/QF_NIA_2_8/20170427-VeryMax/ITS/From_AProVE_2014__juHashMapCreatePut.jar-obl-10__p6082_safety_0.smt2 : 3857 ms.
--------------------------------------------------
Number of variables: 150613
Number of clauses: 767858
sat
real sat
../New_SAT_split/QF_NIA_2_8/20170427-VeryMax/ITS/From_AProVE_2014__juHashMapCreatePut.jar-obl-10__p6083_safety_0.smt2 : 47785 ms.
--------------------------------------------------
Number of variables: 109462
Number of clauses: 575795
sat
real sat
../New_SAT_split/QF_NIA_2_8/20170427-VeryMax/ITS/From_AProVE_2014__juHashMapCreatePut.jar-obl-10__p6084_safety_0.smt2 : 22037 ms.
--------------------------------------------------
Number of variables: 237584
Number of clauses: 1248379
sat
real sat
../New_SAT_split/QF_NIA_2_8/20170427-VeryMax/ITS/From_AProVE_2014__juHashMapCreatePut.jar-obl-10__p6085_safety_0.smt2 : 54060 ms.
--------------------------------------------------
Number of variables: 410494
Number of clauses: 2154059
sat
real sat
../New_SAT_split/QF_NIA_2_8/20170427-VeryMax/ITS/From_AProVE_2014__juHashMapCreatePut.jar-obl-10__p6086_safety_0.smt2 : 305814 ms.
--------------------------------------------------
Number of variables: 155999
Number of clauses: 796324
sat
real sat
../New_SAT_split/QF_NIA_2_8/20170427-VeryMax/ITS/From_AProVE_2014__juHashMapCreatePut.jar-obl-10__p6096_safety_0.smt2 : 16763 ms.
--------------------------------------------------
Number of variables: 84999
Number of clauses: 430825
sat
real sat
../New_SAT_split/QF_NIA_2_8/20170427-VeryMax/ITS/From_AProVE_2014__juHashMapCreatePut.jar-obl-10__p6098_safety_0.smt2 : 2150 ms.
--------------------------------------------------
Number of variables: 153594
Number of clauses: 782479
sat
real sat
../New_SAT_split/QF_NIA_2_8/20170427-VeryMax/ITS/From_AProVE_2014__juHashMapCreatePut.jar-obl-10__p6099_safety_0.smt2 : 19155 ms.
--------------------------------------------------
Number of variables: 37963
Number of clauses: 192011
sat
real sat
../New_SAT_split/QF_NIA_2_8/20170427-VeryMax/ITS/From_AProVE_2014__juHashMapCreatePut.jar-obl-10__p6100_safety_0.smt2 : 989 ms.
--------------------------------------------------
Number of variables: 86542
Number of clauses: 440286
sat
real sat
../New_SAT_split/QF_NIA_2_8/20170427-VeryMax/ITS/From_AProVE_2014__juHashMapCreatePut.jar-obl-10__p6101_safety_0.smt2 : 17508 ms.
--------------------------------------------------
Number of variables: 155788
Number of clauses: 796011
sat
real sat
../New_SAT_split/QF_NIA_2_8/20170427-VeryMax/ITS/From_AProVE_2014__juHashMapCreatePut.jar-obl-10__p6102_safety_0.smt2 : 36313 ms.
--------------------------------------------------
Number of variables: 86560
Number of clauses: 440480
sat
real sat
../New_SAT_split/QF_NIA_2_8/20170427-VeryMax/ITS/From_AProVE_2014__juHashMapCreatePut.jar-obl-10__p6104_safety_0.smt2 : 25705 ms.
--------------------------------------------------
Number of variables: 155822
Number of clauses: 796325
sat
real sat
../New_SAT_split/QF_NIA_2_8/20170427-VeryMax/ITS/From_AProVE_2014__juHashMapCreatePut.jar-obl-10__p6105_safety_0.smt2 : 16147 ms.
--------------------------------------------------
Number of variables: 84898
Number of clauses: 456206
unsat in 4 bits.
Number of variables: 180079
Number of clauses: 994541
unsat in 10 bits.
Number of variables: 359907
Number of clauses: 2047481
unsat in 18 bits.
Number of variables: 901163
Number of clauses: 5303499
sat
real sat
../New_SAT_split/QF_NIA_2_8/20170427-VeryMax/ITS/From_AProVE_2014__juHashMapCreatePut.jar-obl-10__p6106_safety_0.smt2 : 1908105 ms.
--------------------------------------------------
Number of variables: 197622
Number of clauses: 1054072
unsat in 4 bits.
Number of variables: 448380
Number of clauses: 2483908
unsat in 10 bits.
Number of variables: 945684
Number of clauses: 5422436
unsat in 18 bits.
Number of variables: 2499364
Number of clauses: 14840536
sat
real sat
../New_SAT_split/QF_NIA_2_8/20170427-VeryMax/ITS/From_AProVE_2014__juHashMapCreatePut.jar-obl-10__p6107_safety_0.smt2 : 2071322 ms.
--------------------------------------------------
Number of variables: 355214
Number of clauses: 1885674
unsat in 4 bits.
Number of variables: 833489
Number of clauses: 4618467
unsat in 10 bits.
Number of variables: 1801309
Number of clauses: 10352951
unsat in 18 bits.
Number of variables: 4869413
Number of clauses: 28994829
../New_SAT_split/QF_NIA_2_8/20170427-VeryMax/ITS/From_AProVE_2014__juHashMapCreatePut.jar-obl-10__p6108_safety_0.smt2 : 2401381 ms.
--------------------------------------------------
Number of variables: 163054
Number of clauses: 834201
sat
real sat
../New_SAT_split/QF_NIA_2_8/20170427-VeryMax/ITS/From_AProVE_2014__juHashMapCreatePut.jar-obl-10__p6115_safety_0.smt2 : 16571 ms.
--------------------------------------------------
Number of variables: 87250
Number of clauses: 442664
sat
real sat
../New_SAT_split/QF_NIA_2_8/20170427-VeryMax/ITS/From_AProVE_2014__juHashMapCreatePut.jar-obl-10__p6119_safety_0.smt2 : 3224 ms.
--------------------------------------------------
Number of variables: 158270
Number of clauses: 806868
sat
real sat
../New_SAT_split/QF_NIA_2_8/20170427-VeryMax/ITS/From_AProVE_2014__juHashMapCreatePut.jar-obl-10__p6120_safety_0.smt2 : 53702 ms.
--------------------------------------------------
Number of variables: 87282
Number of clauses: 443004
sat
real sat
../New_SAT_split/QF_NIA_2_8/20170427-VeryMax/ITS/From_AProVE_2014__juHashMapCreatePut.jar-obl-10__p6124_safety_0.smt2 : 19635 ms.
--------------------------------------------------
Number of variables: 158332
Number of clauses: 807424
sat
real sat
../New_SAT_split/QF_NIA_2_8/20170427-VeryMax/ITS/From_AProVE_2014__juHashMapCreatePut.jar-obl-10__p6125_safety_0.smt2 : 17251 ms.
--------------------------------------------------
Number of variables: 120132
Number of clauses: 634359
sat
real sat
../New_SAT_split/QF_NIA_2_8/20170427-VeryMax/ITS/From_AProVE_2014__juHashMapCreatePut.jar-obl-10__p6133_terminationG_0.smt2 : 10546 ms.
--------------------------------------------------
Number of variables: 229400
Number of clauses: 1199561
sat
real sat
../New_SAT_split/QF_NIA_2_8/20170427-VeryMax/ITS/From_AProVE_2014__juHashMapCreatePut.jar-obl-10__p6134_terminationG_0.smt2 : 191510 ms.
--------------------------------------------------
Number of variables: 374456
Number of clauses: 1950995
sat
real sat
../New_SAT_split/QF_NIA_2_8/20170427-VeryMax/ITS/From_AProVE_2014__juHashMapCreatePut.jar-obl-10__p6135_terminationG_0.smt2 : 199395 ms.
--------------------------------------------------
Number of variables: 163204
Number of clauses: 834362
sat
real sat
../New_SAT_split/QF_NIA_2_8/20170427-VeryMax/ITS/From_AProVE_2014__juHashMapCreatePut.jar-obl-10__p6151_safety_0.smt2 : 21123 ms.
--------------------------------------------------
Number of variables: 90223
Number of clauses: 457043
sat
real sat
../New_SAT_split/QF_NIA_2_8/20170427-VeryMax/ITS/From_AProVE_2014__juHashMapCreatePut.jar-obl-10__p6157_safety_0.smt2 : 9664 ms.
--------------------------------------------------
Number of variables: 161612
Number of clauses: 823462
sat
real sat
../New_SAT_split/QF_NIA_2_8/20170427-VeryMax/ITS/From_AProVE_2014__juHashMapCreatePut.jar-obl-10__p6158_safety_0.smt2 : 16204 ms.
--------------------------------------------------
Number of variables: 158442
Number of clauses: 806716
sat
real sat
../New_SAT_split/QF_NIA_2_8/20170427-VeryMax/ITS/From_AProVE_2014__juHashMapCreatePut.jar-obl-10__p6161_safety_0.smt2 : 3679 ms.
--------------------------------------------------
Number of variables: 90255
Number of clauses: 457383
sat
real sat
../New_SAT_split/QF_NIA_2_8/20170427-VeryMax/ITS/From_AProVE_2014__juHashMapCreatePut.jar-obl-10__p6170_safety_0.smt2 : 2408 ms.
--------------------------------------------------
Number of variables: 161674
Number of clauses: 824018
sat
real sat
../New_SAT_split/QF_NIA_2_8/20170427-VeryMax/ITS/From_AProVE_2014__juHashMapCreatePut.jar-obl-10__p6171_safety_0.smt2 : 14074 ms.
--------------------------------------------------
Number of variables: 191707
Number of clauses: 1012509
unsat in 4 bits.
Number of variables: 445117
Number of clauses: 2457759
unsat in 10 bits.
Number of variables: 954693
Number of clauses: 5472167
unsat in 18 bits.
Number of variables: 2562723
Number of clauses: 15230617
../New_SAT_split/QF_NIA_2_8/20170427-VeryMax/ITS/From_AProVE_2014__juHashMapCreatePut.jar-obl-10__p6178_safety_0.smt2 : 2401204 ms.
--------------------------------------------------
Number of variables: 345363
Number of clauses: 1818348
unsat in 4 bits.
Number of variables: 827190
Number of clauses: 4572447
unsat in 10 bits.
Number of variables: 1812850
Number of clauses: 10418331
unsat in 18 bits.
Number of variables: 4961282
Number of clauses: 29565410
../New_SAT_split/QF_NIA_2_8/20170427-VeryMax/ITS/From_AProVE_2014__juHashMapCreatePut.jar-obl-10__p6179_safety_0.smt2 : 2401462 ms.
--------------------------------------------------
Number of variables: 153037
Number of clauses: 781590
sat
real sat
../New_SAT_split/QF_NIA_2_8/20170427-VeryMax/ITS/From_AProVE_2014__juHashMapCreatePut.jar-obl-10__p6186_safety_0.smt2 : 13765 ms.
--------------------------------------------------
Number of variables: 226933
Number of clauses: 1182923
sat
real sat
../New_SAT_split/QF_NIA_2_8/20170427-VeryMax/ITS/From_AProVE_2014__juHashMapCreatePut.jar-obl-10__p6188_safety_0.smt2 : 20510 ms.
--------------------------------------------------
Number of variables: 393522
Number of clauses: 2051151
sat
real sat
../New_SAT_split/QF_NIA_2_8/20170427-VeryMax/ITS/From_AProVE_2014__juHashMapCreatePut.jar-obl-10__p6189_safety_0.smt2 : 9690 ms.
--------------------------------------------------
Number of variables: 82033
Number of clauses: 416059
sat
real sat
../New_SAT_split/QF_NIA_2_8/20170427-VeryMax/ITS/From_AProVE_2014__juHashMapCreatePut.jar-obl-10__p6191_safety_0.smt2 : 9927 ms.
--------------------------------------------------
Number of variables: 150632
Number of clauses: 767745
sat
real sat
../New_SAT_split/QF_NIA_2_8/20170427-VeryMax/ITS/From_AProVE_2014__juHashMapCreatePut.jar-obl-10__p6192_safety_0.smt2 : 36481 ms.
--------------------------------------------------
Number of variables: 165392
Number of clauses: 844737
sat
real sat
../New_SAT_split/QF_NIA_2_8/20170427-VeryMax/ITS/From_AProVE_2014__juHashMapCreatePut.jar-obl-10__p6199_safety_0.smt2 : 15736 ms.
--------------------------------------------------
Number of variables: 83576
Number of clauses: 425520
sat
real sat
../New_SAT_split/QF_NIA_2_8/20170427-VeryMax/ITS/From_AProVE_2014__juHashMapCreatePut.jar-obl-10__p6201_safety_0.smt2 : 1761 ms.
--------------------------------------------------
Number of variables: 152826
Number of clauses: 781277
sat
real sat
../New_SAT_split/QF_NIA_2_8/20170427-VeryMax/ITS/From_AProVE_2014__juHashMapCreatePut.jar-obl-10__p6202_safety_0.smt2 : 17703 ms.
--------------------------------------------------
Number of variables: 90187
Number of clauses: 457468
sat
real sat
../New_SAT_split/QF_NIA_2_8/20170427-VeryMax/ITS/From_AProVE_2014__juHashMapCreatePut.jar-obl-10__p6206_safety_0.smt2 : 2639 ms.
--------------------------------------------------
Number of variables: 161424
Number of clauses: 822956
sat
real sat
../New_SAT_split/QF_NIA_2_8/20170427-VeryMax/ITS/From_AProVE_2014__juHashMapCreatePut.jar-obl-10__p6207_safety_0.smt2 : 16180 ms.
--------------------------------------------------
Number of variables: 84054
Number of clauses: 429140
sat
real sat
../New_SAT_split/QF_NIA_2_8/20170427-VeryMax/ITS/From_AProVE_2014__juHashMapCreatePut.jar-obl-10__p6209_safety_0.smt2 : 10914 ms.
--------------------------------------------------
Number of variables: 153532
Number of clauses: 786615
sat
real sat
../New_SAT_split/QF_NIA_2_8/20170427-VeryMax/ITS/From_AProVE_2014__juHashMapCreatePut.jar-obl-10__p6210_safety_0.smt2 : 69245 ms.
--------------------------------------------------
Number of variables: 90251
Number of clauses: 457876
sat
real sat
../New_SAT_split/QF_NIA_2_8/20170427-VeryMax/ITS/From_AProVE_2014__juHashMapCreatePut.jar-obl-10__p6214_safety_0.smt2 : 11124 ms.
--------------------------------------------------
Number of variables: 161520
Number of clauses: 823568
sat
real sat
../New_SAT_split/QF_NIA_2_8/20170427-VeryMax/ITS/From_AProVE_2014__juHashMapCreatePut.jar-obl-10__p6215_safety_0.smt2 : 75023 ms.
--------------------------------------------------
Number of variables: 84632
Number of clauses: 455744
unsat in 4 bits.
Number of variables: 179165
Number of clauses: 990911
unsat in 10 bits.
Number of variables: 358129
Number of clauses: 2039627
unsat in 18 bits.
Number of variables: 897589
Number of clauses: 5286744
sat
real sat
../New_SAT_split/QF_NIA_2_8/20170427-VeryMax/ITS/From_AProVE_2014__juHashMapCreatePut.jar-obl-10__p6216_safety_0.smt2 : 2225524 ms.
--------------------------------------------------
Number of variables: 196807
Number of clauses: 1050687
unsat in 4 bits.
Number of variables: 446371
Number of clauses: 2474517
unsat in 10 bits.
Number of variables: 942083
Number of clauses: 5405037
unsat in 18 bits.
Number of variables: 2492417
Number of clauses: 14805951
../New_SAT_split/QF_NIA_2_8/20170427-VeryMax/ITS/From_AProVE_2014__juHashMapCreatePut.jar-obl-10__p6217_safety_0.smt2 : 2401172 ms.
--------------------------------------------------
Number of variables: 353738
Number of clauses: 1878470
unsat in 4 bits.
Number of variables: 830273
Number of clauses: 4602419
unsat in 10 bits.
Number of variables: 1795773
Number of clauses: 10325111
unsat in 18 bits.
Number of variables: 4858941
Number of clauses: 28941198
../New_SAT_split/QF_NIA_2_8/20170427-VeryMax/ITS/From_AProVE_2014__juHashMapCreatePut.jar-obl-10__p6218_safety_0.smt2 : 2401320 ms.
--------------------------------------------------
Number of variables: 168830
Number of clauses: 870768
unsat in 4 bits.
Number of variables: 393932
Number of clauses: 2156766
unsat in 10 bits.
Number of variables: 849716
Number of clauses: 4857910
unsat in 18 bits.
Number of variables: 2293992
Number of clauses: 13634299
sat
real sat
../New_SAT_split/QF_NIA_2_8/20170427-VeryMax/ITS/From_AProVE_2014__juHashMapCreatePut.jar-obl-10__p6230_safety_0.smt2 : 549314 ms.
--------------------------------------------------
Number of variables: 96277
Number of clauses: 491915
unsat in 4 bits.
Number of variables: 212413
Number of clauses: 1153687
unsat in 10 bits.
Number of variables: 442077
Number of clauses: 2510071
unsat in 18 bits.
Number of variables: 1157409
Number of clauses: 6844309
sat
real sat
../New_SAT_split/QF_NIA_2_8/20170427-VeryMax/ITS/From_AProVE_2014__juHashMapCreatePut.jar-obl-10__p6234_safety_0.smt2 : 630726 ms.
--------------------------------------------------
Number of variables: 171892
Number of clauses: 882479
unsat in 4 bits.
Number of variables: 389344
Number of clauses: 2126795
unsat in 10 bits.
Number of variables: 825776
Number of clauses: 4713971
unsat in 18 bits.
Number of variables: 2200206
Number of clauses: 13065280
../New_SAT_split/QF_NIA_2_8/20170427-VeryMax/ITS/From_AProVE_2014__juHashMapCreatePut.jar-obl-10__p6235_safety_0.smt2 : 2401162 ms.
--------------------------------------------------
Number of variables: 96599
Number of clauses: 494377
unsat in 4 bits.
Number of variables: 212831
Number of clauses: 1157025
unsat in 10 bits.
Number of variables: 442623
Number of clauses: 2514577
unsat in 18 bits.
Number of variables: 1158211
Number of clauses: 6851151
sat
real sat
../New_SAT_split/QF_NIA_2_8/20170427-VeryMax/ITS/From_AProVE_2014__juHashMapCreatePut.jar-obl-10__p6239_safety_0.smt2 : 1471447 ms.
--------------------------------------------------
Number of variables: 172354
Number of clauses: 885959
unsat in 4 bits.
Number of variables: 389950
Number of clauses: 2131535
unsat in 10 bits.
Number of variables: 826574
Number of clauses: 4720391
unsat in 18 bits.
Number of variables: 2201388
Number of clauses: 13075060
../New_SAT_split/QF_NIA_2_8/20170427-VeryMax/ITS/From_AProVE_2014__juHashMapCreatePut.jar-obl-10__p6240_safety_0.smt2 : 2401169 ms.
--------------------------------------------------
Number of variables: 108307
Number of clauses: 567448
sat
real sat
../New_SAT_split/QF_NIA_2_8/20170427-VeryMax/ITS/From_AProVE_2014__juHashMapCreatePut.jar-obl-10__p6246_safety_0.smt2 : 12865 ms.
--------------------------------------------------
Number of variables: 235211
Number of clauses: 1231408
sat
real sat
../New_SAT_split/QF_NIA_2_8/20170427-VeryMax/ITS/From_AProVE_2014__juHashMapCreatePut.jar-obl-10__p6247_safety_0.smt2 : 38876 ms.
--------------------------------------------------
Number of variables: 406799
Number of clauses: 2127632
sat
real sat
../New_SAT_split/QF_NIA_2_8/20170427-VeryMax/ITS/From_AProVE_2014__juHashMapCreatePut.jar-obl-10__p6248_safety_0.smt2 : 29990 ms.
--------------------------------------------------
Number of variables: 92835
Number of clauses: 471562
sat
real sat
../New_SAT_split/QF_NIA_2_8/20170427-VeryMax/ITS/From_AProVE_2014__juHashMapCreatePut.jar-obl-10__p6254_safety_0.smt2 : 2016 ms.
--------------------------------------------------
Number of variables: 165044
Number of clauses: 842709
sat
real sat
../New_SAT_split/QF_NIA_2_8/20170427-VeryMax/ITS/From_AProVE_2014__juHashMapCreatePut.jar-obl-10__p6255_safety_0.smt2 : 17414 ms.
--------------------------------------------------
Number of variables: 89327
Number of clauses: 451660
sat
real sat
../New_SAT_split/QF_NIA_2_8/20170427-VeryMax/ITS/From_AProVE_2014__juHashMapCreatePut.jar-obl-10__p6259_safety_0.smt2 : 10259 ms.
--------------------------------------------------
Number of variables: 160100
Number of clauses: 814117
sat
real sat
../New_SAT_split/QF_NIA_2_8/20170427-VeryMax/ITS/From_AProVE_2014__juHashMapCreatePut.jar-obl-10__p6260_safety_0.smt2 : 14185 ms.
--------------------------------------------------
Number of variables: 39200
Number of clauses: 196588
sat
real sat
../New_SAT_split/QF_NIA_2_8/20170427-VeryMax/ITS/From_AProVE_2014__juHashMapCreatePut.jar-obl-10__p6263_safety_0.smt2 : 3304 ms.
--------------------------------------------------
Number of variables: 89391
Number of clauses: 452258
sat
real sat
../New_SAT_split/QF_NIA_2_8/20170427-VeryMax/ITS/From_AProVE_2014__juHashMapCreatePut.jar-obl-10__p6264_safety_0.smt2 : 11651 ms.
--------------------------------------------------
Number of variables: 160210
Number of clauses: 815060
sat
real sat
../New_SAT_split/QF_NIA_2_8/20170427-VeryMax/ITS/From_AProVE_2014__juHashMapCreatePut.jar-obl-10__p6265_safety_0.smt2 : 33288 ms.
--------------------------------------------------
Number of variables: 89257
Number of clauses: 483296
unsat in 4 bits.
Number of variables: 185506
Number of clauses: 1029167
unsat in 10 bits.
Number of variables: 366758
Number of clauses: 2092155
unsat in 18 bits.
Number of variables: 910762
Number of clauses: 5367523
../New_SAT_split/QF_NIA_2_8/20170427-VeryMax/ITS/From_AProVE_2014__juHashMapCreatePut.jar-obl-10__p6271_safety_0.smt2 : 2401112 ms.
--------------------------------------------------
Number of variables: 204631
Number of clauses: 1097790
unsat in 4 bits.
Number of variables: 457045
Number of clauses: 2539470
unsat in 10 bits.
Number of variables: 956557
Number of clauses: 5493790
unsat in 18 bits.
Number of variables: 2514369
Number of clauses: 14941326
../New_SAT_split/QF_NIA_2_8/20170427-VeryMax/ITS/From_AProVE_2014__juHashMapCreatePut.jar-obl-10__p6272_safety_0.smt2 : 2401200 ms.
--------------------------------------------------
Number of variables: 364849
Number of clauses: 1945828
unsat in 4 bits.
Number of variables: 845368
Number of clauses: 4694773
unsat in 10 bits.
Number of variables: 1816180
Number of clauses: 10450793
unsat in 18 bits.
Number of variables: 4889720
Number of clauses: 29131553
../New_SAT_split/QF_NIA_2_8/20170427-VeryMax/ITS/From_AProVE_2014__juHashMapCreatePut.jar-obl-10__p6273_safety_0.smt2 : 2401313 ms.
--------------------------------------------------
Number of variables: 163106
Number of clauses: 834304
sat
real sat
../New_SAT_split/QF_NIA_2_8/20170427-VeryMax/ITS/From_AProVE_2014__juHashMapCreatePut.jar-obl-10__p6280_safety_0.smt2 : 34425 ms.
--------------------------------------------------
Number of variables: 87469
Number of clauses: 443885
sat
real sat
../New_SAT_split/QF_NIA_2_8/20170427-VeryMax/ITS/From_AProVE_2014__juHashMapCreatePut.jar-obl-10__p6284_safety_0.smt2 : 7912 ms.
--------------------------------------------------
Number of variables: 158300
Number of clauses: 806801
sat
real sat
../New_SAT_split/QF_NIA_2_8/20170427-VeryMax/ITS/From_AProVE_2014__juHashMapCreatePut.jar-obl-10__p6285_safety_0.smt2 : 17864 ms.
--------------------------------------------------
Number of variables: 37472
Number of clauses: 189707
sat
real sat
../New_SAT_split/QF_NIA_2_8/20170427-VeryMax/ITS/From_AProVE_2014__juHashMapCreatePut.jar-obl-10__p6288_safety_0.smt2 : 4540 ms.
--------------------------------------------------
Number of variables: 87851
Number of clauses: 446783
sat
real sat
../New_SAT_split/QF_NIA_2_8/20170427-VeryMax/ITS/From_AProVE_2014__juHashMapCreatePut.jar-obl-10__p6289_safety_0.smt2 : 8728 ms.
--------------------------------------------------
Number of variables: 158874
Number of clauses: 811119
sat
real sat
../New_SAT_split/QF_NIA_2_8/20170427-VeryMax/ITS/From_AProVE_2014__juHashMapCreatePut.jar-obl-10__p6290_safety_0.smt2 : 35037 ms.
--------------------------------------------------
Number of variables: 108605
Number of clauses: 569352
sat
real sat
../New_SAT_split/QF_NIA_2_8/20170427-VeryMax/ITS/From_AProVE_2014__juHashMapCreatePut.jar-obl-10__p6296_safety_0.smt2 : 15367 ms.
--------------------------------------------------
Number of variables: 235749
Number of clauses: 1234896
sat
real sat
../New_SAT_split/QF_NIA_2_8/20170427-VeryMax/ITS/From_AProVE_2014__juHashMapCreatePut.jar-obl-10__p6297_safety_0.smt2 : 45340 ms.
--------------------------------------------------
Number of variables: 407577
Number of clauses: 2132704
sat
real sat
../New_SAT_split/QF_NIA_2_8/20170427-VeryMax/ITS/From_AProVE_2014__juHashMapCreatePut.jar-obl-10__p6298_safety_0.smt2 : 36006 ms.
--------------------------------------------------
Number of variables: 166788
Number of clauses: 852638
sat
real sat
../New_SAT_split/QF_NIA_2_8/20170427-VeryMax/ITS/From_AProVE_2014__juHashMapCreatePut.jar-obl-10__p6305_safety_0.smt2 : 3199 ms.
--------------------------------------------------
Number of variables: 90931
Number of clauses: 460798
sat
real sat
../New_SAT_split/QF_NIA_2_8/20170427-VeryMax/ITS/From_AProVE_2014__juHashMapCreatePut.jar-obl-10__p6309_safety_0.smt2 : 2817 ms.
--------------------------------------------------
Number of variables: 162205
Number of clauses: 826063
sat
real sat
../New_SAT_split/QF_NIA_2_8/20170427-VeryMax/ITS/From_AProVE_2014__juHashMapCreatePut.jar-obl-10__p6310_safety_0.smt2 : 12781 ms.
--------------------------------------------------
Number of variables: 123814
Number of clauses: 657427
sat
real sat
../New_SAT_split/QF_NIA_2_8/20170427-VeryMax/ITS/From_AProVE_2014__juHashMapCreatePut.jar-obl-10__p6318_terminationG_0.smt2 : 49016 ms.
--------------------------------------------------
Number of variables: 234306
Number of clauses: 1230689
sat
real sat
../New_SAT_split/QF_NIA_2_8/20170427-VeryMax/ITS/From_AProVE_2014__juHashMapCreatePut.jar-obl-10__p6319_terminationG_0.smt2 : 38359 ms.
--------------------------------------------------
Number of variables: 380634
Number of clauses: 1990567
sat
real sat
../New_SAT_split/QF_NIA_2_8/20170427-VeryMax/ITS/From_AProVE_2014__juHashMapCreatePut.jar-obl-10__p6320_terminationG_0.smt2 : 577454 ms.
--------------------------------------------------
Number of variables: 163030
Number of clauses: 833849
sat
real sat
../New_SAT_split/QF_NIA_2_8/20170427-VeryMax/ITS/From_AProVE_2014__juHashMapCreatePut.jar-obl-10__p6333_safety_0.smt2 : 17148 ms.
--------------------------------------------------
Number of variables: 93213
Number of clauses: 473823
sat
real sat
../New_SAT_split/QF_NIA_2_8/20170427-VeryMax/ITS/From_AProVE_2014__juHashMapCreatePut.jar-obl-10__p6335_safety_0.smt2 : 2700 ms.
--------------------------------------------------
Number of variables: 165642
Number of clauses: 846465
sat
real sat
../New_SAT_split/QF_NIA_2_8/20170427-VeryMax/ITS/From_AProVE_2014__juHashMapCreatePut.jar-obl-10__p6336_safety_0.smt2 : 18306 ms.
--------------------------------------------------
Number of variables: 158117
Number of clauses: 805457
sat
real sat
../New_SAT_split/QF_NIA_2_8/20170427-VeryMax/ITS/From_AProVE_2014__juHashMapCreatePut.jar-obl-10__p6341_safety_0.smt2 : 30085 ms.
--------------------------------------------------
Number of variables: 90090
Number of clauses: 456798
sat
real sat
../New_SAT_split/QF_NIA_2_8/20170427-VeryMax/ITS/From_AProVE_2014__juHashMapCreatePut.jar-obl-10__p6345_safety_0.smt2 : 19006 ms.
--------------------------------------------------
Number of variables: 161283
Number of clauses: 822171
sat
real sat
../New_SAT_split/QF_NIA_2_8/20170427-VeryMax/ITS/From_AProVE_2014__juHashMapCreatePut.jar-obl-10__p6346_safety_0.smt2 : 45075 ms.
--------------------------------------------------
Number of variables: 90122
Number of clauses: 457138
sat
real sat
../New_SAT_split/QF_NIA_2_8/20170427-VeryMax/ITS/From_AProVE_2014__juHashMapCreatePut.jar-obl-10__p6354_safety_0.smt2 : 21598 ms.
--------------------------------------------------
Number of variables: 161345
Number of clauses: 822727
sat
real sat
../New_SAT_split/QF_NIA_2_8/20170427-VeryMax/ITS/From_AProVE_2014__juHashMapCreatePut.jar-obl-10__p6356_safety_0.smt2 : 112556 ms.
--------------------------------------------------
Number of variables: 191751
Number of clauses: 1012527
unsat in 4 bits.
Number of variables: 445101
Number of clauses: 2456739
unsat in 10 bits.
Number of variables: 954597
Number of clauses: 5469763
unsat in 18 bits.
Number of variables: 2562455
Number of clauses: 15225365
sat
real sat
../New_SAT_split/QF_NIA_2_8/20170427-VeryMax/ITS/From_AProVE_2014__juHashMapCreatePut.jar-obl-10__p6363_safety_0.smt2 : 1486676 ms.
--------------------------------------------------
Number of variables: 345245
Number of clauses: 1817240
unsat in 4 bits.
Number of variables: 826892
Number of clauses: 4569341
unsat in 10 bits.
Number of variables: 1812312
Number of clauses: 10412561
unsat in 18 bits.
Number of variables: 4960248
Number of clauses: 29554200
../New_SAT_split/QF_NIA_2_8/20170427-VeryMax/ITS/From_AProVE_2014__juHashMapCreatePut.jar-obl-10__p6364_safety_0.smt2 : 2401437 ms.
--------------------------------------------------
Number of variables: 226973
Number of clauses: 1182909
sat
real sat
../New_SAT_split/QF_NIA_2_8/20170427-VeryMax/ITS/From_AProVE_2014__juHashMapCreatePut.jar-obl-10__p6370_safety_0.smt2 : 20317 ms.
--------------------------------------------------
Number of variables: 393400
Number of clauses: 2050011
sat
real sat
../New_SAT_split/QF_NIA_2_8/20170427-VeryMax/ITS/From_AProVE_2014__juHashMapCreatePut.jar-obl-10__p6373_safety_0.smt2 : 40769 ms.
--------------------------------------------------
Number of variables: 149480
Number of clauses: 759918
sat
real sat
../New_SAT_split/QF_NIA_2_8/20170427-VeryMax/ITS/From_AProVE_2014__juHashMapCreatePut.jar-obl-10__p6377_safety_0.smt2 : 15971 ms.
--------------------------------------------------
Number of variables: 82741
Number of clauses: 419863
sat
real sat
../New_SAT_split/QF_NIA_2_8/20170427-VeryMax/ITS/From_AProVE_2014__juHashMapCreatePut.jar-obl-10__p6386_safety_0.smt2 : 7368 ms.
--------------------------------------------------
Number of variables: 151632
Number of clauses: 773114
sat
real sat
../New_SAT_split/QF_NIA_2_8/20170427-VeryMax/ITS/From_AProVE_2014__juHashMapCreatePut.jar-obl-10__p6387_safety_0.smt2 : 40377 ms.
--------------------------------------------------
Number of variables: 83961
Number of clauses: 424160
sat
real sat
../New_SAT_split/QF_NIA_2_8/20170427-VeryMax/ITS/From_AProVE_2014__juHashMapCreatePut.jar-obl-10__p6389_safety_0.smt2 : 8368 ms.
--------------------------------------------------
Number of variables: 152267
Number of clauses: 773897
sat
real sat
../New_SAT_split/QF_NIA_2_8/20170427-VeryMax/ITS/From_AProVE_2014__juHashMapCreatePut.jar-obl-10__p6390_safety_0.smt2 : 43291 ms.
--------------------------------------------------
Number of variables: 83974
Number of clauses: 424317
sat
real sat
../New_SAT_split/QF_NIA_2_8/20170427-VeryMax/ITS/From_AProVE_2014__juHashMapCreatePut.jar-obl-10__p6392_safety_0.smt2 : 14486 ms.
--------------------------------------------------
Number of variables: 152294
Number of clauses: 774159
sat
real sat
../New_SAT_split/QF_NIA_2_8/20170427-VeryMax/ITS/From_AProVE_2014__juHashMapCreatePut.jar-obl-10__p6393_safety_0.smt2 : 22079 ms.
--------------------------------------------------
Number of variables: 82727
Number of clauses: 419799
sat
real sat
../New_SAT_split/QF_NIA_2_8/20170427-VeryMax/ITS/From_AProVE_2014__juHashMapCreatePut.jar-obl-10__p6395_safety_0.smt2 : 28755 ms.
--------------------------------------------------
Number of variables: 151618
Number of clauses: 773041
sat
real sat
../New_SAT_split/QF_NIA_2_8/20170427-VeryMax/ITS/From_AProVE_2014__juHashMapCreatePut.jar-obl-10__p6396_safety_0.smt2 : 19640 ms.
--------------------------------------------------
Number of variables: 196226
Number of clauses: 1047084
unsat in 4 bits.
Number of variables: 445286
Number of clauses: 2466540
unsat in 10 bits.
Number of variables: 940326
Number of clauses: 5391228
unsat in 18 bits.
Number of variables: 2489304
Number of clauses: 14780398
../New_SAT_split/QF_NIA_2_8/20170427-VeryMax/ITS/From_AProVE_2014__juHashMapCreatePut.jar-obl-10__p6401_safety_0.smt2 : 2401250 ms.
--------------------------------------------------
Number of variables: 352757
Number of clauses: 1872291
unsat in 4 bits.
Number of variables: 828500
Number of clauses: 4589562
unsat in 10 bits.
Number of variables: 1792944
Number of clauses: 10303350
unsat in 18 bits.
Number of variables: 4853984
Number of clauses: 28901517
../New_SAT_split/QF_NIA_2_8/20170427-VeryMax/ITS/From_AProVE_2014__juHashMapCreatePut.jar-obl-10__p6402_safety_0.smt2 : 2401438 ms.
--------------------------------------------------
Number of variables: 168768
Number of clauses: 870349
unsat in 4 bits.
Number of variables: 393822
Number of clauses: 2155963
unsat in 10 bits.
Number of variables: 849542
Number of clauses: 4856595
unsat in 18 bits.
Number of variables: 2293690
Number of clauses: 13631960
sat
real sat
../New_SAT_split/QF_NIA_2_8/20170427-VeryMax/ITS/From_AProVE_2014__juHashMapCreatePut.jar-obl-10__p6409_safety_0.smt2 : 392945 ms.
--------------------------------------------------
Number of variables: 96345
Number of clauses: 492614
unsat in 4 bits.
Number of variables: 212409
Number of clauses: 1153810
unsat in 10 bits.
Number of variables: 441977
Number of clauses: 2509426
unsat in 18 bits.
Number of variables: 1157117
Number of clauses: 6842128
sat
real sat
../New_SAT_split/QF_NIA_2_8/20170427-VeryMax/ITS/From_AProVE_2014__juHashMapCreatePut.jar-obl-10__p6413_safety_0.smt2 : 1659037 ms.
--------------------------------------------------
Number of variables: 171990
Number of clauses: 883478
unsat in 4 bits.
Number of variables: 389346
Number of clauses: 2127026
unsat in 10 bits.
Number of variables: 825650
Number of clauses: 4713178
unsat in 18 bits.
Number of variables: 2199824
Number of clauses: 13062439
../New_SAT_split/QF_NIA_2_8/20170427-VeryMax/ITS/From_AProVE_2014__juHashMapCreatePut.jar-obl-10__p6414_safety_0.smt2 : 2401178 ms.
--------------------------------------------------
Number of variables: 41674
Number of clauses: 211758
unsat in 4 bits.
Number of variables: 87094
Number of clauses: 467110
unsat in 10 bits.
Number of variables: 173638
Number of clauses: 972238
unsat in 18 bits.
Number of variables: 435560
Number of clauses: 2545053
sat
real sat
../New_SAT_split/QF_NIA_2_8/20170427-VeryMax/ITS/From_AProVE_2014__juHashMapCreatePut.jar-obl-10__p6417_safety_0.smt2 : 206057 ms.
--------------------------------------------------
Number of variables: 96377
Number of clauses: 492954
unsat in 4 bits.
Number of variables: 212465
Number of clauses: 1154450
unsat in 10 bits.
Number of variables: 442065
Number of clauses: 2510466
unsat in 18 bits.
Number of variables: 1157269
Number of clauses: 6843968
sat
real sat
../New_SAT_split/QF_NIA_2_8/20170427-VeryMax/ITS/From_AProVE_2014__juHashMapCreatePut.jar-obl-10__p6418_safety_0.smt2 : 1495778 ms.
--------------------------------------------------
Number of variables: 172052
Number of clauses: 884034
unsat in 4 bits.
Number of variables: 389456
Number of clauses: 2128074
unsat in 10 bits.
Number of variables: 825824
Number of clauses: 4714882
unsat in 18 bits.
Number of variables: 2200126
Number of clauses: 13065455
../New_SAT_split/QF_NIA_2_8/20170427-VeryMax/ITS/From_AProVE_2014__juHashMapCreatePut.jar-obl-10__p6419_safety_0.smt2 : 2401188 ms.
--------------------------------------------------
Number of variables: 109448
Number of clauses: 575895
sat
real sat
../New_SAT_split/QF_NIA_2_8/20170427-VeryMax/ITS/From_AProVE_2014__juHashMapCreatePut.jar-obl-10__p6425_safety_0.smt2 : 18396 ms.
--------------------------------------------------
Number of variables: 236948
Number of clauses: 1244591
sat
real sat
../New_SAT_split/QF_NIA_2_8/20170427-VeryMax/ITS/From_AProVE_2014__juHashMapCreatePut.jar-obl-10__p6426_safety_0.smt2 : 130662 ms.
--------------------------------------------------
Number of variables: 409196
Number of clauses: 2146063
sat
real sat
../New_SAT_split/QF_NIA_2_8/20170427-VeryMax/ITS/From_AProVE_2014__juHashMapCreatePut.jar-obl-10__p6427_safety_0.smt2 : 235804 ms.
--------------------------------------------------
Number of variables: 93907
Number of clauses: 478241
sat
real sat
../New_SAT_split/QF_NIA_2_8/20170427-VeryMax/ITS/From_AProVE_2014__juHashMapCreatePut.jar-obl-10__p6433_safety_0.smt2 : 1582 ms.
--------------------------------------------------
Number of variables: 90719
Number of clauses: 460448
sat
real sat
../New_SAT_split/QF_NIA_2_8/20170427-VeryMax/ITS/From_AProVE_2014__juHashMapCreatePut.jar-obl-10__p6438_safety_0.smt2 : 11627 ms.
--------------------------------------------------
Number of variables: 162040
Number of clauses: 826421
sat
real sat
../New_SAT_split/QF_NIA_2_8/20170427-VeryMax/ITS/From_AProVE_2014__juHashMapCreatePut.jar-obl-10__p6439_safety_0.smt2 : 38321 ms.
--------------------------------------------------
Number of variables: 40044
Number of clauses: 201859
sat
real sat
../New_SAT_split/QF_NIA_2_8/20170427-VeryMax/ITS/From_AProVE_2014__juHashMapCreatePut.jar-obl-10__p6442_safety_0.smt2 : 3928 ms.
--------------------------------------------------
Number of variables: 90751
Number of clauses: 460788
sat
real sat
../New_SAT_split/QF_NIA_2_8/20170427-VeryMax/ITS/From_AProVE_2014__juHashMapCreatePut.jar-obl-10__p6443_safety_0.smt2 : 8426 ms.
--------------------------------------------------
Number of variables: 162102
Number of clauses: 826977
sat
real sat
../New_SAT_split/QF_NIA_2_8/20170427-VeryMax/ITS/From_AProVE_2014__juHashMapCreatePut.jar-obl-10__p6444_safety_0.smt2 : 36067 ms.
--------------------------------------------------
Number of variables: 89244
Number of clauses: 483625
unsat in 4 bits.
Number of variables: 185277
Number of clauses: 1027426
unsat in 10 bits.
Number of variables: 366241
Number of clauses: 2087654
unsat in 18 bits.
Number of variables: 909661
Number of clauses: 5357454
sat
real sat
../New_SAT_split/QF_NIA_2_8/20170427-VeryMax/ITS/From_AProVE_2014__juHashMapCreatePut.jar-obl-10__p6445_safety_0.smt2 : 715574 ms.
--------------------------------------------------
Number of variables: 204378
Number of clauses: 1096831
unsat in 4 bits.
Number of variables: 456288
Number of clauses: 2534137
unsat in 10 bits.
Number of variables: 955128
Number of clauses: 5482625
unsat in 18 bits.
Number of variables: 2511584
Number of clauses: 14918417
../New_SAT_split/QF_NIA_2_8/20170427-VeryMax/ITS/From_AProVE_2014__juHashMapCreatePut.jar-obl-10__p6446_safety_0.smt2 : 2401235 ms.
--------------------------------------------------
Number of variables: 364388
Number of clauses: 1943837
unsat in 4 bits.
Number of variables: 844115
Number of clauses: 4686104
unsat in 10 bits.
Number of variables: 1813871
Number of clauses: 10433220
unsat in 18 bits.
Number of variables: 4885283
Number of clauses: 29096060
../New_SAT_split/QF_NIA_2_8/20170427-VeryMax/ITS/From_AProVE_2014__juHashMapCreatePut.jar-obl-10__p6447_safety_0.smt2 : 2401544 ms.
--------------------------------------------------
Number of variables: 87200
Number of clauses: 442279
sat
real sat
../New_SAT_split/QF_NIA_2_8/20170427-VeryMax/ITS/From_AProVE_2014__juHashMapCreatePut.jar-obl-10__p6463_safety_0.smt2 : 2034 ms.
--------------------------------------------------
Number of variables: 157964
Number of clauses: 804720
sat
real sat
../New_SAT_split/QF_NIA_2_8/20170427-VeryMax/ITS/From_AProVE_2014__juHashMapCreatePut.jar-obl-10__p6464_safety_0.smt2 : 16185 ms.
--------------------------------------------------
Number of variables: 87232
Number of clauses: 442619
sat
real sat
../New_SAT_split/QF_NIA_2_8/20170427-VeryMax/ITS/From_AProVE_2014__juHashMapCreatePut.jar-obl-10__p6468_safety_0.smt2 : 11606 ms.
--------------------------------------------------
Number of variables: 158026
Number of clauses: 805276
sat
real sat
../New_SAT_split/QF_NIA_2_8/20170427-VeryMax/ITS/From_AProVE_2014__juHashMapCreatePut.jar-obl-10__p6469_safety_0.smt2 : 22193 ms.
--------------------------------------------------
Number of variables: 241407
Number of clauses: 1273402
sat
real sat
../New_SAT_split/QF_NIA_2_8/20170427-VeryMax/ITS/From_AProVE_2014__juHashMapCreatePut.jar-obl-10__p6476_safety_0.smt2 : 60636 ms.
--------------------------------------------------
Number of variables: 415532
Number of clauses: 2187256
sat
real sat
../New_SAT_split/QF_NIA_2_8/20170427-VeryMax/ITS/From_AProVE_2014__juHashMapCreatePut.jar-obl-10__p6477_safety_0.smt2 : 264180 ms.
--------------------------------------------------
Number of variables: 155167
Number of clauses: 791166
sat
real sat
../New_SAT_split/QF_NIA_2_8/20170427-VeryMax/ITS/From_AProVE_2014__juHashMapCreatePut.jar-obl-10__p6484_safety_0.smt2 : 53774 ms.
--------------------------------------------------
Number of variables: 84250
Number of clauses: 426323
sat
real sat
../New_SAT_split/QF_NIA_2_8/20170427-VeryMax/ITS/From_AProVE_2014__juHashMapCreatePut.jar-obl-10__p6486_safety_0.smt2 : 3062 ms.
--------------------------------------------------
Number of variables: 152444
Number of clauses: 775477
sat
real sat
../New_SAT_split/QF_NIA_2_8/20170427-VeryMax/ITS/From_AProVE_2014__juHashMapCreatePut.jar-obl-10__p6487_safety_0.smt2 : 14491 ms.
--------------------------------------------------
Number of variables: 85779
Number of clauses: 435672
sat
real sat
../New_SAT_split/QF_NIA_2_8/20170427-VeryMax/ITS/From_AProVE_2014__juHashMapCreatePut.jar-obl-10__p6489_safety_0.smt2 : 8647 ms.
--------------------------------------------------
Number of variables: 154618
Number of clauses: 788849
sat
real sat
../New_SAT_split/QF_NIA_2_8/20170427-VeryMax/ITS/From_AProVE_2014__juHashMapCreatePut.jar-obl-10__p6490_safety_0.smt2 : 39965 ms.
--------------------------------------------------
Number of variables: 85793
Number of clauses: 435834
sat
real sat
../New_SAT_split/QF_NIA_2_8/20170427-VeryMax/ITS/From_AProVE_2014__juHashMapCreatePut.jar-obl-10__p6492_safety_0.smt2 : 10059 ms.
--------------------------------------------------
Number of variables: 154646
Number of clauses: 789115
sat
real sat
../New_SAT_split/QF_NIA_2_8/20170427-VeryMax/ITS/From_AProVE_2014__juHashMapCreatePut.jar-obl-10__p6493_safety_0.smt2 : 36807 ms.
--------------------------------------------------
Number of variables: 1058557
Number of clauses: 5269969
sat
real sat
../New_SAT_split/QF_NIA_2_8/20170427-VeryMax/ITS/From_AProVE_2014__juHashMapCreatePut.jar-obl-10__p6505_edge_closing_0.smt2 : 531770 ms.
--------------------------------------------------
Number of variables: 1850135
Number of clauses: 9223590
../New_SAT_split/QF_NIA_2_8/20170427-VeryMax/ITS/From_AProVE_2014__juHashMapCreatePut.jar-obl-10__p6506_edge_closing_0.smt2 : 2401127 ms.
