--------------------------------------------------
timeout
../QF_NIA_split/QF_NIA_2_27//20170427-VeryMax/ITS/From_T2__hqr.t2_fixed__p1730_terminationG_0.smt2 : 1200052 ms.
--------------------------------------------------
timeout
../QF_NIA_split/QF_NIA_2_27//20170427-VeryMax/ITS/From_T2__hqr.t2_fixed__p1731_terminationG_0.smt2 : 1200055 ms.
--------------------------------------------------
timeout
../QF_NIA_split/QF_NIA_2_27//20170427-VeryMax/ITS/From_T2__hqr.t2_fixed__p1732_terminationG_0.smt2 : 1200057 ms.
--------------------------------------------------
timeout
../QF_NIA_split/QF_NIA_2_27//20170427-VeryMax/ITS/From_T2__hqr.t2_fixed__p1735_terminationG_0.smt2 : 1200037 ms.
--------------------------------------------------
timeout
../QF_NIA_split/QF_NIA_2_27//20170427-VeryMax/ITS/From_T2__hqr.t2_fixed__p1736_terminationG_0.smt2 : 1200055 ms.
--------------------------------------------------
unknown
../QF_NIA_split/QF_NIA_2_27//20170427-VeryMax/ITS/From_T2__hqr.t2_fixed__p1737_terminationG_0.smt2 : 8000 ms.
--------------------------------------------------
timeout
../QF_NIA_split/QF_NIA_2_27//20170427-VeryMax/ITS/From_T2__hqr.t2_fixed__p1740_terminationG_0.smt2 : 1200064 ms.
--------------------------------------------------
timeout
../QF_NIA_split/QF_NIA_2_27//20170427-VeryMax/ITS/From_T2__hqr.t2_fixed__p1741_terminationG_0.smt2 : 1200086 ms.
--------------------------------------------------
timeout
../QF_NIA_split/QF_NIA_2_27//20170427-VeryMax/ITS/From_T2__hqr.t2_fixed__p1742_terminationG_0.smt2 : 1200096 ms.
--------------------------------------------------
timeout
../QF_NIA_split/QF_NIA_2_27//20170427-VeryMax/ITS/From_T2__hqr.t2_fixed__p1750_edge_closing_0.smt2 : 1200099 ms.
--------------------------------------------------
timeout
../QF_NIA_split/QF_NIA_2_27//20170427-VeryMax/ITS/From_T2__hqr.t2_fixed__p1751_edge_closing_0.smt2 : 1200093 ms.
--------------------------------------------------
timeout
../QF_NIA_split/QF_NIA_2_27//20170427-VeryMax/ITS/From_T2__hqr.t2_fixed__p1752_edge_closing_0.smt2 : 1200113 ms.
--------------------------------------------------
timeout
../QF_NIA_split/QF_NIA_2_27//20170427-VeryMax/ITS/From_T2__hqr.t2_fixed__p1754_edge_closing_0.smt2 : 1200091 ms.
--------------------------------------------------
timeout
../QF_NIA_split/QF_NIA_2_27//20170427-VeryMax/ITS/From_T2__hqr.t2_fixed__p1755_edge_closing_0.smt2 : 1200091 ms.
--------------------------------------------------
timeout
../QF_NIA_split/QF_NIA_2_27//20170427-VeryMax/ITS/From_T2__hqr.t2_fixed__p1756_edge_closing_0.smt2 : 1200085 ms.
--------------------------------------------------
unsat
../QF_NIA_split/QF_NIA_2_27//20170427-VeryMax/ITS/From_T2__hqr.t2_fixed__terminationS_18_0.smt2 : 4628 ms.
--------------------------------------------------
unsat
../QF_NIA_split/QF_NIA_2_27//20170427-VeryMax/ITS/From_T2__hqr.t2_fixed__terminationS_19_0.smt2 : 5899 ms.
--------------------------------------------------
unsat
../QF_NIA_split/QF_NIA_2_27//20170427-VeryMax/ITS/From_T2__hqr.t2_fixed__terminationS_20_0.smt2 : 4851 ms.
--------------------------------------------------
unsat
../QF_NIA_split/QF_NIA_2_27//20170427-VeryMax/ITS/From_T2__hqr.t2_fixed__terminationS_21_0.smt2 : 186552 ms.
--------------------------------------------------
unsat
../QF_NIA_split/QF_NIA_2_27//20170427-VeryMax/ITS/From_T2__hqr.t2_fixed__terminationS_22_0.smt2 : 4931 ms.
--------------------------------------------------
unsat
../QF_NIA_split/QF_NIA_2_27//20170427-VeryMax/ITS/From_T2__hqr.t2_fixed__terminationS_23_0.smt2 : 179438 ms.
--------------------------------------------------
unsat
../QF_NIA_split/QF_NIA_2_27//20170427-VeryMax/ITS/From_T2__hqr.t2_fixed__terminationS_24_0.smt2 : 110609 ms.
--------------------------------------------------
unsat
../QF_NIA_split/QF_NIA_2_27//20170427-VeryMax/ITS/From_T2__hqr.t2_fixed__terminationS_25_0.smt2 : 111556 ms.
--------------------------------------------------
unsat
../QF_NIA_split/QF_NIA_2_27//20170427-VeryMax/ITS/From_T2__hqr.t2_fixed__terminationS_26_0.smt2 : 4382 ms.
--------------------------------------------------
unsat
../QF_NIA_split/QF_NIA_2_27//20170427-VeryMax/ITS/From_T2__hqr.t2_fixed__terminationS_27_0.smt2 : 5638 ms.
--------------------------------------------------
unsat
../QF_NIA_split/QF_NIA_2_27//20170427-VeryMax/ITS/From_T2__hqr.t2_fixed__terminationS_28_0.smt2 : 146065 ms.
--------------------------------------------------
unsat
../QF_NIA_split/QF_NIA_2_27//20170427-VeryMax/ITS/From_T2__hqr.t2_fixed__terminationS_30_0.smt2 : 7201 ms.
--------------------------------------------------
unsat
../QF_NIA_split/QF_NIA_2_27//20170427-VeryMax/ITS/From_T2__hqr.t2_fixed__terminationS_31_0.smt2 : 182114 ms.
--------------------------------------------------
unsat
../QF_NIA_split/QF_NIA_2_27//20170427-VeryMax/ITS/From_T2__hqr.t2_fixed__terminationS_32_0.smt2 : 16481 ms.
--------------------------------------------------
unsat
../QF_NIA_split/QF_NIA_2_27//20170427-VeryMax/ITS/From_T2__hqr.t2_fixed__terminationS_33_0.smt2 : 328911 ms.
--------------------------------------------------
unsat
../QF_NIA_split/QF_NIA_2_27//20170427-VeryMax/ITS/From_T2__hqr.t2_fixed__terminationS_34_0.smt2 : 8357 ms.
--------------------------------------------------
unsat
../QF_NIA_split/QF_NIA_2_27//20170427-VeryMax/ITS/From_T2__hqr.t2_fixed__terminationS_35_0.smt2 : 10228 ms.
--------------------------------------------------
unsat
../QF_NIA_split/QF_NIA_2_27//20170427-VeryMax/ITS/From_T2__hqr.t2_fixed__terminationS_36_0.smt2 : 88418 ms.
--------------------------------------------------
unsat
../QF_NIA_split/QF_NIA_2_27//20170427-VeryMax/ITS/From_T2__hqr.t2_fixed__terminationS_37_0.smt2 : 13118 ms.
--------------------------------------------------
unsat
../QF_NIA_split/QF_NIA_2_27//20170427-VeryMax/ITS/From_T2__hqr.t2_fixed__terminationS_38_0.smt2 : 4417 ms.
--------------------------------------------------
unsat
../QF_NIA_split/QF_NIA_2_27//20170427-VeryMax/ITS/From_T2__hqr.t2_fixed__terminationS_39_0.smt2 : 101392 ms.
--------------------------------------------------
unsat
../QF_NIA_split/QF_NIA_2_27//20170427-VeryMax/ITS/From_T2__hqr.t2_fixed__terminationS_40_0.smt2 : 120789 ms.
--------------------------------------------------
unsat
../QF_NIA_split/QF_NIA_2_27//20170427-VeryMax/ITS/From_T2__hqr.t2_fixed__terminationS_4_0.smt2 : 4058 ms.
--------------------------------------------------
unsat
../QF_NIA_split/QF_NIA_2_27//20170427-VeryMax/ITS/From_T2__hqr.t2_fixed__terminationS_41_0.smt2 : 2997 ms.
--------------------------------------------------
unsat
../QF_NIA_split/QF_NIA_2_27//20170427-VeryMax/ITS/From_T2__hqr.t2_fixed__terminationS_42_0.smt2 : 146226 ms.
--------------------------------------------------
unsat
../QF_NIA_split/QF_NIA_2_27//20170427-VeryMax/ITS/From_T2__hqr.t2_fixed__terminationS_43_0.smt2 : 144956 ms.
--------------------------------------------------
unsat
../QF_NIA_split/QF_NIA_2_27//20170427-VeryMax/ITS/From_T2__hqr.t2_fixed__terminationS_44_0.smt2 : 215119 ms.
--------------------------------------------------
unsat
../QF_NIA_split/QF_NIA_2_27//20170427-VeryMax/ITS/From_T2__hqr.t2_fixed__terminationS_45_0.smt2 : 84026 ms.
--------------------------------------------------
unsat
../QF_NIA_split/QF_NIA_2_27//20170427-VeryMax/ITS/From_T2__hqr.t2_fixed__terminationS_46_0.smt2 : 102273 ms.
--------------------------------------------------
unsat
../QF_NIA_split/QF_NIA_2_27//20170427-VeryMax/ITS/From_T2__hqr.t2_fixed__terminationS_47_0.smt2 : 52574 ms.
--------------------------------------------------
unsat
../QF_NIA_split/QF_NIA_2_27//20170427-VeryMax/ITS/From_T2__hqr.t2_fixed__terminationS_48_0.smt2 : 6274 ms.
--------------------------------------------------
unsat
../QF_NIA_split/QF_NIA_2_27//20170427-VeryMax/ITS/From_T2__hqr.t2_fixed__terminationS_49_0.smt2 : 413106 ms.
--------------------------------------------------
timeout
../QF_NIA_split/QF_NIA_2_27//20170427-VeryMax/ITS/From_T2__hqr.t2_fixed__terminationS_50_0.smt2 : 1200061 ms.
--------------------------------------------------
unsat
../QF_NIA_split/QF_NIA_2_27//20170427-VeryMax/ITS/From_T2__hqr.t2_fixed__terminationS_51_0.smt2 : 430749 ms.
--------------------------------------------------
unsat
../QF_NIA_split/QF_NIA_2_27//20170427-VeryMax/ITS/From_T2__hqr.t2_fixed__terminationS_52_0.smt2 : 62802 ms.
--------------------------------------------------
unsat
../QF_NIA_split/QF_NIA_2_27//20170427-VeryMax/ITS/From_T2__hqr.t2_fixed__terminationS_53_0.smt2 : 1036311 ms.
--------------------------------------------------
unsat
../QF_NIA_split/QF_NIA_2_27//20170427-VeryMax/ITS/From_T2__hqr.t2_fixed__terminationS_54_0.smt2 : 205807 ms.
--------------------------------------------------
unsat
../QF_NIA_split/QF_NIA_2_27//20170427-VeryMax/ITS/From_T2__hqr.t2_fixed__terminationS_55_0.smt2 : 1024645 ms.
--------------------------------------------------
unsat
../QF_NIA_split/QF_NIA_2_27//20170427-VeryMax/ITS/From_T2__hqr.t2_fixed__terminationS_56_0.smt2 : 2914 ms.
--------------------------------------------------
unsat
../QF_NIA_split/QF_NIA_2_27//20170427-VeryMax/ITS/From_T2__hqr.t2_fixed__terminationS_57_0.smt2 : 692634 ms.
--------------------------------------------------
unsat
../QF_NIA_split/QF_NIA_2_27//20170427-VeryMax/ITS/From_T2__hqr.t2_fixed__terminationS_58_0.smt2 : 375897 ms.
--------------------------------------------------
unsat
../QF_NIA_split/QF_NIA_2_27//20170427-VeryMax/ITS/From_T2__hqr.t2_fixed__terminationS_59_0.smt2 : 36560 ms.
--------------------------------------------------
unsat
../QF_NIA_split/QF_NIA_2_27//20170427-VeryMax/ITS/From_T2__hqr.t2_fixed__terminationS_60_0.smt2 : 1159291 ms.
--------------------------------------------------
sat
../QF_NIA_split/QF_NIA_2_27//20170427-VeryMax/ITS/From_T2__hqr.t2_fixed__term_unfeasibility_1_0.smt2 : 686275 ms.
--------------------------------------------------
timeout
../QF_NIA_split/QF_NIA_2_27//20170427-VeryMax/ITS/From_T2__hqr.t2__terminationQ_0_0.smt2 : 1200077 ms.
--------------------------------------------------
unsat
../QF_NIA_split/QF_NIA_2_27//20170427-VeryMax/ITS/From_T2__hqr.t2__terminationS_11_0.smt2 : 16460 ms.
--------------------------------------------------
unsat
../QF_NIA_split/QF_NIA_2_27//20170427-VeryMax/ITS/From_T2__hqr.t2__terminationS_18_0.smt2 : 216869 ms.
--------------------------------------------------
unsat
../QF_NIA_split/QF_NIA_2_27//20170427-VeryMax/ITS/From_T2__hqr.t2__terminationS_19_0.smt2 : 122813 ms.
--------------------------------------------------
unsat
../QF_NIA_split/QF_NIA_2_27//20170427-VeryMax/ITS/From_T2__hqr.t2__terminationS_20_0.smt2 : 245046 ms.
--------------------------------------------------
unsat
../QF_NIA_split/QF_NIA_2_27//20170427-VeryMax/ITS/From_T2__hqr.t2__terminationS_21_0.smt2 : 274687 ms.
--------------------------------------------------
unsat
../QF_NIA_split/QF_NIA_2_27//20170427-VeryMax/ITS/From_T2__hqr.t2__terminationS_22_0.smt2 : 19255 ms.
--------------------------------------------------
unsat
../QF_NIA_split/QF_NIA_2_27//20170427-VeryMax/ITS/From_T2__hqr.t2__terminationS_23_0.smt2 : 346672 ms.
--------------------------------------------------
unsat
../QF_NIA_split/QF_NIA_2_27//20170427-VeryMax/ITS/From_T2__hqr.t2__terminationS_24_0.smt2 : 163366 ms.
--------------------------------------------------
unsat
../QF_NIA_split/QF_NIA_2_27//20170427-VeryMax/ITS/From_T2__hqr.t2__terminationS_25_0.smt2 : 133401 ms.
--------------------------------------------------
unsat
../QF_NIA_split/QF_NIA_2_27//20170427-VeryMax/ITS/From_T2__hqr.t2__terminationS_26_0.smt2 : 38732 ms.
--------------------------------------------------
unsat
../QF_NIA_split/QF_NIA_2_27//20170427-VeryMax/ITS/From_T2__hqr.t2__terminationS_27_0.smt2 : 150097 ms.
--------------------------------------------------
unsat
../QF_NIA_split/QF_NIA_2_27//20170427-VeryMax/ITS/From_T2__hqr.t2__terminationS_28_0.smt2 : 167021 ms.
--------------------------------------------------
unsat
../QF_NIA_split/QF_NIA_2_27//20170427-VeryMax/ITS/From_T2__hqr.t2__terminationS_29_0.smt2 : 10459 ms.
--------------------------------------------------
unsat
../QF_NIA_split/QF_NIA_2_27//20170427-VeryMax/ITS/From_T2__hqr.t2__terminationS_30_0.smt2 : 23759 ms.
--------------------------------------------------
unsat
../QF_NIA_split/QF_NIA_2_27//20170427-VeryMax/ITS/From_T2__hqr.t2__terminationS_31_0.smt2 : 280011 ms.
--------------------------------------------------
unsat
../QF_NIA_split/QF_NIA_2_27//20170427-VeryMax/ITS/From_T2__hqr.t2__terminationS_32_0.smt2 : 10303 ms.
--------------------------------------------------
unsat
../QF_NIA_split/QF_NIA_2_27//20170427-VeryMax/ITS/From_T2__hqr.t2__terminationS_33_0.smt2 : 336505 ms.
--------------------------------------------------
unsat
../QF_NIA_split/QF_NIA_2_27//20170427-VeryMax/ITS/From_T2__hqr.t2__terminationS_34_0.smt2 : 15860 ms.
--------------------------------------------------
unsat
../QF_NIA_split/QF_NIA_2_27//20170427-VeryMax/ITS/From_T2__hqr.t2__terminationS_35_0.smt2 : 10881 ms.
--------------------------------------------------
unsat
../QF_NIA_split/QF_NIA_2_27//20170427-VeryMax/ITS/From_T2__hqr.t2__terminationS_36_0.smt2 : 25683 ms.
--------------------------------------------------
unsat
../QF_NIA_split/QF_NIA_2_27//20170427-VeryMax/ITS/From_T2__hqr.t2__terminationS_37_0.smt2 : 20971 ms.
--------------------------------------------------
unsat
../QF_NIA_split/QF_NIA_2_27//20170427-VeryMax/ITS/From_T2__hqr.t2__terminationS_38_0.smt2 : 3763 ms.
--------------------------------------------------
unsat
../QF_NIA_split/QF_NIA_2_27//20170427-VeryMax/ITS/From_T2__hqr.t2__terminationS_39_0.smt2 : 17306 ms.
--------------------------------------------------
unsat
../QF_NIA_split/QF_NIA_2_27//20170427-VeryMax/ITS/From_T2__hqr.t2__terminationS_40_0.smt2 : 63802 ms.
--------------------------------------------------
unsat
../QF_NIA_split/QF_NIA_2_27//20170427-VeryMax/ITS/From_T2__hqr.t2__terminationS_41_0.smt2 : 128586 ms.
--------------------------------------------------
unsat
../QF_NIA_split/QF_NIA_2_27//20170427-VeryMax/ITS/From_T2__hqr.t2__terminationS_42_0.smt2 : 23618 ms.
--------------------------------------------------
unsat
../QF_NIA_split/QF_NIA_2_27//20170427-VeryMax/ITS/From_T2__hqr.t2__terminationS_43_0.smt2 : 40720 ms.
--------------------------------------------------
unsat
../QF_NIA_split/QF_NIA_2_27//20170427-VeryMax/ITS/From_T2__hqr.t2__terminationS_44_0.smt2 : 113625 ms.
--------------------------------------------------
unsat
../QF_NIA_split/QF_NIA_2_27//20170427-VeryMax/ITS/From_T2__hqr.t2__terminationS_45_0.smt2 : 42243 ms.
--------------------------------------------------
unsat
../QF_NIA_split/QF_NIA_2_27//20170427-VeryMax/ITS/From_T2__hqr.t2__terminationS_46_0.smt2 : 19174 ms.
--------------------------------------------------
unsat
../QF_NIA_split/QF_NIA_2_27//20170427-VeryMax/ITS/From_T2__hqr.t2__terminationS_47_0.smt2 : 3705 ms.
--------------------------------------------------
unsat
../QF_NIA_split/QF_NIA_2_27//20170427-VeryMax/ITS/From_T2__hqr.t2__terminationS_48_0.smt2 : 4224 ms.
--------------------------------------------------
unsat
../QF_NIA_split/QF_NIA_2_27//20170427-VeryMax/ITS/From_T2__hqr.t2__terminationS_49_0.smt2 : 3867 ms.
--------------------------------------------------
unsat
../QF_NIA_split/QF_NIA_2_27//20170427-VeryMax/ITS/From_T2__hqr.t2__terminationS_50_0.smt2 : 3775 ms.
--------------------------------------------------
unsat
../QF_NIA_split/QF_NIA_2_27//20170427-VeryMax/ITS/From_T2__hqr.t2__terminationS_51_0.smt2 : 4505 ms.
--------------------------------------------------
unsat
../QF_NIA_split/QF_NIA_2_27//20170427-VeryMax/ITS/From_T2__hqr.t2__terminationS_52_0.smt2 : 4645 ms.
--------------------------------------------------
unsat
../QF_NIA_split/QF_NIA_2_27//20170427-VeryMax/ITS/From_T2__hqr.t2__terminationS_53_0.smt2 : 4592 ms.
--------------------------------------------------
unsat
../QF_NIA_split/QF_NIA_2_27//20170427-VeryMax/ITS/From_T2__hqr.t2__terminationS_54_0.smt2 : 4349 ms.
--------------------------------------------------
unsat
../QF_NIA_split/QF_NIA_2_27//20170427-VeryMax/ITS/From_T2__hqr.t2__terminationS_55_0.smt2 : 4395 ms.
--------------------------------------------------
unsat
../QF_NIA_split/QF_NIA_2_27//20170427-VeryMax/ITS/From_T2__hqr.t2__terminationS_56_0.smt2 : 4745 ms.
--------------------------------------------------
unsat
../QF_NIA_split/QF_NIA_2_27//20170427-VeryMax/ITS/From_T2__hqr.t2__terminationS_57_0.smt2 : 4230 ms.
--------------------------------------------------
unsat
../QF_NIA_split/QF_NIA_2_27//20170427-VeryMax/ITS/From_T2__hqr.t2__terminationS_58_0.smt2 : 4524 ms.
--------------------------------------------------
unsat
../QF_NIA_split/QF_NIA_2_27//20170427-VeryMax/ITS/From_T2__hqr.t2__terminationS_59_0.smt2 : 4152 ms.
--------------------------------------------------
unsat
../QF_NIA_split/QF_NIA_2_27//20170427-VeryMax/ITS/From_T2__hqr.t2__terminationS_60_0.smt2 : 4665 ms.
--------------------------------------------------
unsat
../QF_NIA_split/QF_NIA_2_27//20170427-VeryMax/ITS/From_T2__hqr.t2__terminationS_61_0.smt2 : 4338 ms.
--------------------------------------------------
unsat
../QF_NIA_split/QF_NIA_2_27//20170427-VeryMax/ITS/From_T2__hqr.t2__terminationS_62_0.smt2 : 4839 ms.
--------------------------------------------------
unsat
../QF_NIA_split/QF_NIA_2_27//20170427-VeryMax/ITS/From_T2__hqr.t2__terminationS_63_0.smt2 : 4457 ms.
--------------------------------------------------
unsat
../QF_NIA_split/QF_NIA_2_27//20170427-VeryMax/ITS/From_T2__hqr.t2__terminationS_64_0.smt2 : 4319 ms.
--------------------------------------------------
unsat
../QF_NIA_split/QF_NIA_2_27//20170427-VeryMax/ITS/From_T2__hqr.t2__terminationS_65_0.smt2 : 2231 ms.
--------------------------------------------------
unsat
../QF_NIA_split/QF_NIA_2_27//20170427-VeryMax/ITS/From_T2__hqr.t2__terminationS_66_0.smt2 : 9237 ms.
--------------------------------------------------
unsat
../QF_NIA_split/QF_NIA_2_27//20170427-VeryMax/ITS/From_T2__hqr.t2__terminationS_67_0.smt2 : 11020 ms.
--------------------------------------------------
unsat
../QF_NIA_split/QF_NIA_2_27//20170427-VeryMax/ITS/From_T2__hqr.t2__terminationS_68_0.smt2 : 5633 ms.
--------------------------------------------------
unsat
../QF_NIA_split/QF_NIA_2_27//20170427-VeryMax/ITS/From_T2__hqr.t2__terminationS_69_0.smt2 : 15419 ms.
--------------------------------------------------
unsat
../QF_NIA_split/QF_NIA_2_27//20170427-VeryMax/ITS/From_T2__hqr.t2__terminationS_70_0.smt2 : 9490 ms.
--------------------------------------------------
unsat
../QF_NIA_split/QF_NIA_2_27//20170427-VeryMax/ITS/From_T2__hqr.t2__terminationS_71_0.smt2 : 5204 ms.
--------------------------------------------------
unsat
../QF_NIA_split/QF_NIA_2_27//20170427-VeryMax/ITS/From_T2__hqr.t2__terminationS_72_0.smt2 : 60714 ms.
--------------------------------------------------
unsat
../QF_NIA_split/QF_NIA_2_27//20170427-VeryMax/ITS/From_T2__insertsort.t2_fixed__p1839_terminationG_0.smt2 : 3066 ms.
--------------------------------------------------
timeout
../QF_NIA_split/QF_NIA_2_27//20170427-VeryMax/ITS/From_T2__insertsort.t2_fixed__p1840_terminationG_0.smt2 : 1200040 ms.
--------------------------------------------------
unsat
../QF_NIA_split/QF_NIA_2_27//20170427-VeryMax/ITS/From_T2__insertsort.t2_fixed__p1846_terminationG_0.smt2 : 36617 ms.
--------------------------------------------------
timeout
../QF_NIA_split/QF_NIA_2_27//20170427-VeryMax/ITS/From_T2__insertsort.t2_fixed__p1853_terminationG_0.smt2 : 1200086 ms.
--------------------------------------------------
timeout
../QF_NIA_split/QF_NIA_2_27//20170427-VeryMax/ITS/From_T2__insertsort.t2_fixed__p1857_terminationG_0.smt2 : 1200093 ms.
--------------------------------------------------
unsat
../QF_NIA_split/QF_NIA_2_27//20170427-VeryMax/ITS/From_T2__insertsort.t2_fixed__terminationQ_1_0.smt2 : 45707 ms.
--------------------------------------------------
unsat
../QF_NIA_split/QF_NIA_2_27//20170427-VeryMax/ITS/From_T2__insertsort.t2__p1882_terminationG_0.smt2 : 438797 ms.
--------------------------------------------------
timeout
../QF_NIA_split/QF_NIA_2_27//20170427-VeryMax/ITS/From_T2__insertsort.t2__p1883_terminationG_0.smt2 : 1200028 ms.
--------------------------------------------------
timeout
../QF_NIA_split/QF_NIA_2_27//20170427-VeryMax/ITS/From_T2__insertsort.t2__p1893_terminationG_0.smt2 : 1200092 ms.
--------------------------------------------------
timeout
../QF_NIA_split/QF_NIA_2_27//20170427-VeryMax/ITS/From_T2__insertsort.t2__p1894_terminationG_0.smt2 : 1200086 ms.
--------------------------------------------------
unsat
../QF_NIA_split/QF_NIA_2_27//20170427-VeryMax/ITS/From_T2__intSqRoot.t2__p1918_terminationG_0.smt2 : 4534 ms.
--------------------------------------------------
timeout
../QF_NIA_split/QF_NIA_2_27//20170427-VeryMax/ITS/From_T2__intSqRoot.t2__p1922_terminationG_0.smt2 : 1200035 ms.
--------------------------------------------------
sat
../QF_NIA_split/QF_NIA_2_27//20170427-VeryMax/ITS/From_T2__intSqRoot.t2__p1926_edge_closing_0.smt2 : 26277 ms.
--------------------------------------------------
unsat
../QF_NIA_split/QF_NIA_2_27//20170427-VeryMax/ITS/From_T2__janne_complex.t2_fixed__p1992_terminationG_0.smt2 : 30000 ms.
--------------------------------------------------
timeout
../QF_NIA_split/QF_NIA_2_27//20170427-VeryMax/ITS/From_T2__janne_complex.t2_fixed__p1994_terminationG_0.smt2 : 1200064 ms.
--------------------------------------------------
timeout
../QF_NIA_split/QF_NIA_2_27//20170427-VeryMax/ITS/From_T2__janne_complex.t2_fixed__p1996_terminationG_0.smt2 : 1200068 ms.
--------------------------------------------------
timeout
../QF_NIA_split/QF_NIA_2_27//20170427-VeryMax/ITS/From_T2__janne_complex.t2_fixed__p2000_terminationG_0.smt2 : 1200108 ms.
--------------------------------------------------
timeout
../QF_NIA_split/QF_NIA_2_27//20170427-VeryMax/ITS/From_T2__janne_complex.t2_fixed__p2001_terminationG_0.smt2 : 1200083 ms.
--------------------------------------------------
timeout
../QF_NIA_split/QF_NIA_2_27//20170427-VeryMax/ITS/From_T2__janne_complex.t2_fixed__p2003_terminationG_0.smt2 : 1200054 ms.
--------------------------------------------------
sat
../QF_NIA_split/QF_NIA_2_27//20170427-VeryMax/ITS/From_T2__janne_complex.t2_fixed__p2006_edge_closing_0.smt2 : 1909 ms.
--------------------------------------------------
sat
../QF_NIA_split/QF_NIA_2_27//20170427-VeryMax/ITS/From_T2__janne_complex.t2_fixed__p2008_edge_closing_0.smt2 : 174841 ms.
--------------------------------------------------
sat
../QF_NIA_split/QF_NIA_2_27//20170427-VeryMax/ITS/From_T2__janne_complex.t2_fixed__p2009_edge_closing_0.smt2 : 303747 ms.
--------------------------------------------------
sat
../QF_NIA_split/QF_NIA_2_27//20170427-VeryMax/ITS/From_T2__janne_complex.t2_fixed__p2011_edge_closing_0.smt2 : 3135 ms.
--------------------------------------------------
timeout
../QF_NIA_split/QF_NIA_2_27//20170427-VeryMax/ITS/From_T2__janne_complex.t2_fixed__terminationQ_1_0.smt2 : 1200061 ms.
--------------------------------------------------
unsat
../QF_NIA_split/QF_NIA_2_27//20170427-VeryMax/ITS/From_T2__janne_complex.t2_fixed__terminationS_1_0.smt2 : 414990 ms.
--------------------------------------------------
unsat
../QF_NIA_split/QF_NIA_2_27//20170427-VeryMax/ITS/From_T2__janne_complex.t2_fixed__terminationS_2_0.smt2 : 549917 ms.
--------------------------------------------------
unsat
../QF_NIA_split/QF_NIA_2_27//20170427-VeryMax/ITS/From_T2__janne_complex.t2_fixed__terminationS_3_0.smt2 : 270361 ms.
--------------------------------------------------
unsat
../QF_NIA_split/QF_NIA_2_27//20170427-VeryMax/ITS/From_T2__janne_complex.t2_fixed__term_unfeasibility_0_0.smt2 : 4352 ms.
--------------------------------------------------
sat
../QF_NIA_split/QF_NIA_2_27//20170427-VeryMax/ITS/From_T2__janne_complex.t2__p2019_terminationG_0.smt2 : 5006 ms.
--------------------------------------------------
sat
../QF_NIA_split/QF_NIA_2_27//20170427-VeryMax/ITS/From_T2__janne_complex.t2__p2020_terminationG_0.smt2 : 14978 ms.
--------------------------------------------------
timeout
../QF_NIA_split/QF_NIA_2_27//20170427-VeryMax/ITS/From_T2__janne_complex.t2__p2021_terminationG_0.smt2 : 1200083 ms.
--------------------------------------------------
sat
../QF_NIA_split/QF_NIA_2_27//20170427-VeryMax/ITS/From_T2__janne_complex.t2__p2024_terminationG_0.smt2 : 5235 ms.
--------------------------------------------------
sat
../QF_NIA_split/QF_NIA_2_27//20170427-VeryMax/ITS/From_T2__janne_complex.t2__p2025_terminationG_0.smt2 : 998857 ms.
--------------------------------------------------
timeout
../QF_NIA_split/QF_NIA_2_27//20170427-VeryMax/ITS/From_T2__janne_complex.t2__p2026_terminationG_0.smt2 : 1200084 ms.
--------------------------------------------------
sat
../QF_NIA_split/QF_NIA_2_27//20170427-VeryMax/ITS/From_T2__janne_complex.t2__p2029_terminationG_0.smt2 : 5285 ms.
--------------------------------------------------
sat
../QF_NIA_split/QF_NIA_2_27//20170427-VeryMax/ITS/From_T2__janne_complex.t2__p2030_terminationG_0.smt2 : 416460 ms.
--------------------------------------------------
timeout
../QF_NIA_split/QF_NIA_2_27//20170427-VeryMax/ITS/From_T2__janne_complex.t2__p2031_terminationG_0.smt2 : 1200071 ms.
--------------------------------------------------
sat
../QF_NIA_split/QF_NIA_2_27//20170427-VeryMax/ITS/From_T2__janne_complex.t2__p2034_terminationG_0.smt2 : 12760 ms.
--------------------------------------------------
timeout
../QF_NIA_split/QF_NIA_2_27//20170427-VeryMax/ITS/From_T2__janne_complex.t2__p2035_terminationG_0.smt2 : 1200073 ms.
--------------------------------------------------
timeout
../QF_NIA_split/QF_NIA_2_27//20170427-VeryMax/ITS/From_T2__janne_complex.t2__p2036_terminationG_0.smt2 : 1200089 ms.
--------------------------------------------------
sat
../QF_NIA_split/QF_NIA_2_27//20170427-VeryMax/ITS/From_T2__janne_complex.t2__p2039_terminationG_0.smt2 : 5015 ms.
--------------------------------------------------
sat
../QF_NIA_split/QF_NIA_2_27//20170427-VeryMax/ITS/From_T2__janne_complex.t2__p2040_terminationG_0.smt2 : 66904 ms.
--------------------------------------------------
timeout
../QF_NIA_split/QF_NIA_2_27//20170427-VeryMax/ITS/From_T2__janne_complex.t2__p2041_terminationG_0.smt2 : 1200062 ms.
--------------------------------------------------
sat
../QF_NIA_split/QF_NIA_2_27//20170427-VeryMax/ITS/From_T2__janne_complex.t2__p2044_terminationG_0.smt2 : 2899 ms.
--------------------------------------------------
sat
../QF_NIA_split/QF_NIA_2_27//20170427-VeryMax/ITS/From_T2__janne_complex.t2__p2047_terminationG_0.smt2 : 52302 ms.
--------------------------------------------------
sat
../QF_NIA_split/QF_NIA_2_27//20170427-VeryMax/ITS/From_T2__janne_complex.t2__p2051_terminationG_0.smt2 : 777875 ms.
--------------------------------------------------
sat
../QF_NIA_split/QF_NIA_2_27//20170427-VeryMax/ITS/From_T2__janne_complex.t2__p2084_terminationG_0.smt2 : 17488 ms.
--------------------------------------------------
timeout
../QF_NIA_split/QF_NIA_2_27//20170427-VeryMax/ITS/From_T2__janne_complex.t2__p2085_terminationG_0.smt2 : 1200086 ms.
--------------------------------------------------
timeout
../QF_NIA_split/QF_NIA_2_27//20170427-VeryMax/ITS/From_T2__janne_complex.t2__p2089_terminationG_0.smt2 : 1200119 ms.
--------------------------------------------------
sat
../QF_NIA_split/QF_NIA_2_27//20170427-VeryMax/ITS/From_T2__janne_complex.t2__p2094_terminationG_0.smt2 : 12882 ms.
--------------------------------------------------
timeout
../QF_NIA_split/QF_NIA_2_27//20170427-VeryMax/ITS/From_T2__janne_complex.t2__p2096_terminationG_0.smt2 : 1200058 ms.
--------------------------------------------------
timeout
../QF_NIA_split/QF_NIA_2_27//20170427-VeryMax/ITS/From_T2__janne_complex.t2__p2099_terminationG_0.smt2 : 1200148 ms.
--------------------------------------------------
sat
../QF_NIA_split/QF_NIA_2_27//20170427-VeryMax/ITS/From_T2__janne_complex.t2__p2104_terminationG_0.smt2 : 11007 ms.
--------------------------------------------------
sat
../QF_NIA_split/QF_NIA_2_27//20170427-VeryMax/ITS/From_T2__janne_complex.t2__p2106_terminationG_0.smt2 : 88787 ms.
--------------------------------------------------
timeout
../QF_NIA_split/QF_NIA_2_27//20170427-VeryMax/ITS/From_T2__janne_complex.t2__p2108_terminationG_0.smt2 : 1200085 ms.
--------------------------------------------------
sat
../QF_NIA_split/QF_NIA_2_27//20170427-VeryMax/ITS/From_T2__janne_complex.t2__p2113_terminationG_0.smt2 : 3331 ms.
--------------------------------------------------
sat
../QF_NIA_split/QF_NIA_2_27//20170427-VeryMax/ITS/From_T2__janne_complex.t2__p2116_terminationG_0.smt2 : 31126 ms.
--------------------------------------------------
sat
../QF_NIA_split/QF_NIA_2_27//20170427-VeryMax/ITS/From_T2__janne_complex.t2__p2117_terminationG_0.smt2 : 52148 ms.
--------------------------------------------------
unsat
../QF_NIA_split/QF_NIA_2_27//20170427-VeryMax/ITS/From_T2__janne_complex.t2__p2126_terminationG_0.smt2 : 73549 ms.
--------------------------------------------------
sat
../QF_NIA_split/QF_NIA_2_27//20170427-VeryMax/ITS/From_T2__janne_complex.t2__p2127_terminationG_0.smt2 : 234017 ms.
--------------------------------------------------
sat
../QF_NIA_split/QF_NIA_2_27//20170427-VeryMax/ITS/From_T2__janne_complex.t2__p2128_terminationG_0.smt2 : 298367 ms.
--------------------------------------------------
unsat
../QF_NIA_split/QF_NIA_2_27//20170427-VeryMax/ITS/From_T2__janne_complex.t2__p2132_terminationG_0.smt2 : 202035 ms.
--------------------------------------------------
timeout
../QF_NIA_split/QF_NIA_2_27//20170427-VeryMax/ITS/From_T2__janne_complex.t2__p2135_terminationG_0.smt2 : 1200064 ms.
--------------------------------------------------
timeout
../QF_NIA_split/QF_NIA_2_27//20170427-VeryMax/ITS/From_T2__janne_complex.t2__p2137_terminationG_0.smt2 : 1200086 ms.
--------------------------------------------------
unsat
../QF_NIA_split/QF_NIA_2_27//20170427-VeryMax/ITS/From_T2__janne_complex.t2__p2143_terminationG_0.smt2 : 804287 ms.
--------------------------------------------------
timeout
../QF_NIA_split/QF_NIA_2_27//20170427-VeryMax/ITS/From_T2__janne_complex.t2__p2144_terminationG_0.smt2 : 1200054 ms.
--------------------------------------------------
timeout
../QF_NIA_split/QF_NIA_2_27//20170427-VeryMax/ITS/From_T2__janne_complex.t2__p2145_terminationG_0.smt2 : 1200079 ms.
--------------------------------------------------
unsat
../QF_NIA_split/QF_NIA_2_27//20170427-VeryMax/ITS/From_T2__janne_complex.t2__p2148_terminationG_0.smt2 : 526473 ms.
--------------------------------------------------
timeout
../QF_NIA_split/QF_NIA_2_27//20170427-VeryMax/ITS/From_T2__janne_complex.t2__p2149_terminationG_0.smt2 : 1200060 ms.
--------------------------------------------------
timeout
../QF_NIA_split/QF_NIA_2_27//20170427-VeryMax/ITS/From_T2__janne_complex.t2__p2150_terminationG_0.smt2 : 1200075 ms.
--------------------------------------------------
unsat
../QF_NIA_split/QF_NIA_2_27//20170427-VeryMax/ITS/From_T2__janne_complex.t2__p2156_terminationG_0.smt2 : 414867 ms.
--------------------------------------------------
timeout
../QF_NIA_split/QF_NIA_2_27//20170427-VeryMax/ITS/From_T2__janne_complex.t2__p2157_terminationG_0.smt2 : 1200065 ms.
--------------------------------------------------
timeout
../QF_NIA_split/QF_NIA_2_27//20170427-VeryMax/ITS/From_T2__janne_complex.t2__p2158_terminationG_0.smt2 : 1200079 ms.
--------------------------------------------------
unsat
../QF_NIA_split/QF_NIA_2_27//20170427-VeryMax/ITS/From_T2__janne_complex.t2__p2164_terminationG_0.smt2 : 356355 ms.
--------------------------------------------------
timeout
../QF_NIA_split/QF_NIA_2_27//20170427-VeryMax/ITS/From_T2__janne_complex.t2__p2165_terminationG_0.smt2 : 1200085 ms.
--------------------------------------------------
timeout
../QF_NIA_split/QF_NIA_2_27//20170427-VeryMax/ITS/From_T2__janne_complex.t2__p2166_terminationG_0.smt2 : 1200065 ms.
--------------------------------------------------
unsat
../QF_NIA_split/QF_NIA_2_27//20170427-VeryMax/ITS/From_T2__janne_complex.t2__p2170_terminationG_0.smt2 : 662748 ms.
--------------------------------------------------
timeout
../QF_NIA_split/QF_NIA_2_27//20170427-VeryMax/ITS/From_T2__janne_complex.t2__p2173_terminationG_0.smt2 : 1200061 ms.
--------------------------------------------------
timeout
../QF_NIA_split/QF_NIA_2_27//20170427-VeryMax/ITS/From_T2__janne_complex.t2__p2176_terminationG_0.smt2 : 1200072 ms.
--------------------------------------------------
unsat
../QF_NIA_split/QF_NIA_2_27//20170427-VeryMax/ITS/From_T2__janne_complex.t2__p2179_terminationG_0.smt2 : 360106 ms.
--------------------------------------------------
timeout
../QF_NIA_split/QF_NIA_2_27//20170427-VeryMax/ITS/From_T2__janne_complex.t2__p2181_terminationG_0.smt2 : 1200054 ms.
--------------------------------------------------
timeout
../QF_NIA_split/QF_NIA_2_27//20170427-VeryMax/ITS/From_T2__janne_complex.t2__p2182_terminationG_0.smt2 : 1200073 ms.
--------------------------------------------------
unsat
../QF_NIA_split/QF_NIA_2_27//20170427-VeryMax/ITS/From_T2__janne_complex.t2__p2192_terminationG_0.smt2 : 217575 ms.
--------------------------------------------------
timeout
../QF_NIA_split/QF_NIA_2_27//20170427-VeryMax/ITS/From_T2__janne_complex.t2__p2193_terminationG_0.smt2 : 1200063 ms.
--------------------------------------------------
timeout
../QF_NIA_split/QF_NIA_2_27//20170427-VeryMax/ITS/From_T2__janne_complex.t2__p2194_terminationG_0.smt2 : 1200058 ms.
--------------------------------------------------
unsat
../QF_NIA_split/QF_NIA_2_27//20170427-VeryMax/ITS/From_T2__janne_complex.t2__p2197_terminationG_0.smt2 : 1043125 ms.
--------------------------------------------------
timeout
../QF_NIA_split/QF_NIA_2_27//20170427-VeryMax/ITS/From_T2__janne_complex.t2__p2199_terminationG_0.smt2 : 1200057 ms.
--------------------------------------------------
timeout
../QF_NIA_split/QF_NIA_2_27//20170427-VeryMax/ITS/From_T2__janne_complex.t2__p2200_terminationG_0.smt2 : 1200059 ms.
--------------------------------------------------
unsat
../QF_NIA_split/QF_NIA_2_27//20170427-VeryMax/ITS/From_T2__janne_complex.t2__p2203_terminationG_0.smt2 : 834476 ms.
--------------------------------------------------
timeout
../QF_NIA_split/QF_NIA_2_27//20170427-VeryMax/ITS/From_T2__janne_complex.t2__p2207_terminationG_0.smt2 : 1200067 ms.
--------------------------------------------------
timeout
../QF_NIA_split/QF_NIA_2_27//20170427-VeryMax/ITS/From_T2__janne_complex.t2__p2211_terminationG_0.smt2 : 1200067 ms.
--------------------------------------------------
unsat
../QF_NIA_split/QF_NIA_2_27//20170427-VeryMax/ITS/From_T2__janne_complex.t2__p2214_terminationG_0.smt2 : 414006 ms.
--------------------------------------------------
timeout
../QF_NIA_split/QF_NIA_2_27//20170427-VeryMax/ITS/From_T2__janne_complex.t2__p2215_terminationG_0.smt2 : 1200063 ms.
--------------------------------------------------
timeout
../QF_NIA_split/QF_NIA_2_27//20170427-VeryMax/ITS/From_T2__janne_complex.t2__p2216_terminationG_0.smt2 : 1200074 ms.
--------------------------------------------------
timeout
../QF_NIA_split/QF_NIA_2_27//20170427-VeryMax/ITS/From_T2__janne_complex.t2__p2219_terminationG_0.smt2 : 1200051 ms.
--------------------------------------------------
timeout
../QF_NIA_split/QF_NIA_2_27//20170427-VeryMax/ITS/From_T2__janne_complex.t2__p2220_terminationG_0.smt2 : 1200076 ms.
--------------------------------------------------
timeout
../QF_NIA_split/QF_NIA_2_27//20170427-VeryMax/ITS/From_T2__janne_complex.t2__p2221_terminationG_0.smt2 : 1200066 ms.
--------------------------------------------------
unsat
../QF_NIA_split/QF_NIA_2_27//20170427-VeryMax/ITS/From_T2__janne_complex.t2__p2224_terminationG_0.smt2 : 284775 ms.
--------------------------------------------------
timeout
../QF_NIA_split/QF_NIA_2_27//20170427-VeryMax/ITS/From_T2__janne_complex.t2__p2225_terminationG_0.smt2 : 1200074 ms.
--------------------------------------------------
timeout
../QF_NIA_split/QF_NIA_2_27//20170427-VeryMax/ITS/From_T2__janne_complex.t2__p2226_terminationG_0.smt2 : 1200061 ms.
--------------------------------------------------
unsat
../QF_NIA_split/QF_NIA_2_27//20170427-VeryMax/ITS/From_T2__janne_complex.t2__p2229_terminationG_0.smt2 : 653321 ms.
--------------------------------------------------
timeout
../QF_NIA_split/QF_NIA_2_27//20170427-VeryMax/ITS/From_T2__janne_complex.t2__p2230_terminationG_0.smt2 : 1200064 ms.
--------------------------------------------------
timeout
../QF_NIA_split/QF_NIA_2_27//20170427-VeryMax/ITS/From_T2__janne_complex.t2__p2231_terminationG_0.smt2 : 1200072 ms.
--------------------------------------------------
unsat
../QF_NIA_split/QF_NIA_2_27//20170427-VeryMax/ITS/From_T2__janne_complex.t2__p2234_terminationG_0.smt2 : 1071685 ms.
--------------------------------------------------
sat
../QF_NIA_split/QF_NIA_2_27//20170427-VeryMax/ITS/From_T2__janne_complex.t2__p2235_terminationG_0.smt2 : 151353 ms.
--------------------------------------------------
timeout
../QF_NIA_split/QF_NIA_2_27//20170427-VeryMax/ITS/From_T2__janne_complex.t2__p2236_terminationG_0.smt2 : 1200068 ms.
--------------------------------------------------
unsat
../QF_NIA_split/QF_NIA_2_27//20170427-VeryMax/ITS/From_T2__janne_complex.t2__p2239_terminationG_0.smt2 : 936919 ms.
--------------------------------------------------
timeout
../QF_NIA_split/QF_NIA_2_27//20170427-VeryMax/ITS/From_T2__janne_complex.t2__p2241_terminationG_0.smt2 : 1200059 ms.
--------------------------------------------------
timeout
../QF_NIA_split/QF_NIA_2_27//20170427-VeryMax/ITS/From_T2__janne_complex.t2__p2242_terminationG_0.smt2 : 1200070 ms.
--------------------------------------------------
unsat
../QF_NIA_split/QF_NIA_2_27//20170427-VeryMax/ITS/From_T2__janne_complex.t2__p2252_terminationG_0.smt2 : 608705 ms.
--------------------------------------------------
timeout
../QF_NIA_split/QF_NIA_2_27//20170427-VeryMax/ITS/From_T2__janne_complex.t2__p2253_terminationG_0.smt2 : 1200066 ms.
--------------------------------------------------
timeout
../QF_NIA_split/QF_NIA_2_27//20170427-VeryMax/ITS/From_T2__janne_complex.t2__p2254_terminationG_0.smt2 : 1200080 ms.
--------------------------------------------------
timeout
../QF_NIA_split/QF_NIA_2_27//20170427-VeryMax/ITS/From_T2__janne_complex.t2__p2257_terminationG_0.smt2 : 1200056 ms.
--------------------------------------------------
timeout
../QF_NIA_split/QF_NIA_2_27//20170427-VeryMax/ITS/From_T2__janne_complex.t2__p2258_terminationG_0.smt2 : 1200081 ms.
--------------------------------------------------
timeout
../QF_NIA_split/QF_NIA_2_27//20170427-VeryMax/ITS/From_T2__janne_complex.t2__p2259_terminationG_0.smt2 : 1200083 ms.
--------------------------------------------------
timeout
../QF_NIA_split/QF_NIA_2_27//20170427-VeryMax/ITS/From_T2__janne_complex.t2__p2262_terminationG_0.smt2 : 1200077 ms.
--------------------------------------------------
timeout
../QF_NIA_split/QF_NIA_2_27//20170427-VeryMax/ITS/From_T2__janne_complex.t2__p2263_terminationG_0.smt2 : 1200068 ms.
--------------------------------------------------
timeout
../QF_NIA_split/QF_NIA_2_27//20170427-VeryMax/ITS/From_T2__janne_complex.t2__p2265_terminationG_0.smt2 : 1200077 ms.
--------------------------------------------------
timeout
../QF_NIA_split/QF_NIA_2_27//20170427-VeryMax/ITS/From_T2__janne_complex.t2__p2270_terminationG_0.smt2 : 1200066 ms.
--------------------------------------------------
timeout
../QF_NIA_split/QF_NIA_2_27//20170427-VeryMax/ITS/From_T2__janne_complex.t2__p2272_terminationG_0.smt2 : 1200064 ms.
--------------------------------------------------
timeout
../QF_NIA_split/QF_NIA_2_27//20170427-VeryMax/ITS/From_T2__janne_complex.t2__p2273_terminationG_0.smt2 : 1200062 ms.
--------------------------------------------------
unsat
../QF_NIA_split/QF_NIA_2_27//20170427-VeryMax/ITS/From_T2__janne_complex.t2__p2276_terminationG_0.smt2 : 975057 ms.
--------------------------------------------------
timeout
../QF_NIA_split/QF_NIA_2_27//20170427-VeryMax/ITS/From_T2__janne_complex.t2__p2277_terminationG_0.smt2 : 1200058 ms.
--------------------------------------------------
timeout
../QF_NIA_split/QF_NIA_2_27//20170427-VeryMax/ITS/From_T2__janne_complex.t2__p2278_terminationG_0.smt2 : 1200063 ms.
--------------------------------------------------
unsat
../QF_NIA_split/QF_NIA_2_27//20170427-VeryMax/ITS/From_T2__janne_complex.t2__terminationS_0_0.smt2 : 1436 ms.
--------------------------------------------------
unsat
../QF_NIA_split/QF_NIA_2_27//20170427-VeryMax/ITS/From_T2__janne_complex.t2__terminationS_1_0.smt2 : 1652 ms.
--------------------------------------------------
unsat
../QF_NIA_split/QF_NIA_2_27//20170427-VeryMax/ITS/From_T2__janne_complex.t2__terminationS_12_0.smt2 : 3371 ms.
--------------------------------------------------
unsat
../QF_NIA_split/QF_NIA_2_27//20170427-VeryMax/ITS/From_T2__janne_complex.t2__terminationS_2_0.smt2 : 8794 ms.
--------------------------------------------------
unsat
../QF_NIA_split/QF_NIA_2_27//20170427-VeryMax/ITS/From_T2__janne_complex.t2__terminationS_6_0.smt2 : 6186 ms.
--------------------------------------------------
sat
../QF_NIA_split/QF_NIA_2_27//20170427-VeryMax/ITS/From_T2__java_AProVEMath.c.t2__p2303_terminationG_0.smt2 : 8827 ms.
--------------------------------------------------
sat
../QF_NIA_split/QF_NIA_2_27//20170427-VeryMax/ITS/From_T2__java_AProVEMathRecursive.c.t2__p2313_terminationG_0.smt2 : 2182 ms.
--------------------------------------------------
sat
../QF_NIA_split/QF_NIA_2_27//20170427-VeryMax/ITS/From_T2__java_AProVEMathRecursive.c.t2__p2314_terminationG_0.smt2 : 5762 ms.
--------------------------------------------------
sat
../QF_NIA_split/QF_NIA_2_27//20170427-VeryMax/ITS/From_T2__java_AProVEMathRecursive.c.t2__p2315_terminationG_0.smt2 : 77075 ms.
--------------------------------------------------
sat
../QF_NIA_split/QF_NIA_2_27//20170427-VeryMax/ITS/From_T2__java_Avg.c.t2__p2324_terminationG_0.smt2 : 2505 ms.
--------------------------------------------------
unsat
../QF_NIA_split/QF_NIA_2_27//20170427-VeryMax/ITS/From_T2__java_Avg.c.t2__terminationS_1_0.smt2 : 503 ms.
--------------------------------------------------
sat
../QF_NIA_split/QF_NIA_2_27//20170427-VeryMax/ITS/From_T2__java_DivMinus2.c.t2__p2414_terminationG_0.smt2 : 78267 ms.
--------------------------------------------------
sat
../QF_NIA_split/QF_NIA_2_27//20170427-VeryMax/ITS/From_T2__java_DivMinus2.c.t2__p2415_terminationG_0.smt2 : 1138083 ms.
--------------------------------------------------
sat
../QF_NIA_split/QF_NIA_2_27//20170427-VeryMax/ITS/From_T2__java_DivWithoutMinus.c.t2__p2422_terminationG_0.smt2 : 2073 ms.
--------------------------------------------------
sat
../QF_NIA_split/QF_NIA_2_27//20170427-VeryMax/ITS/From_T2__java_DivWithoutMinus.c.t2__p2423_terminationG_0.smt2 : 4533 ms.
--------------------------------------------------
sat
../QF_NIA_split/QF_NIA_2_27//20170427-VeryMax/ITS/From_T2__java_DivWithoutMinus.c.t2__p2424_terminationG_0.smt2 : 6848 ms.
--------------------------------------------------
sat
../QF_NIA_split/QF_NIA_2_27//20170427-VeryMax/ITS/From_T2__java_Double1.c.t2__p2435_terminationG_0.smt2 : 2311 ms.
--------------------------------------------------
sat
../QF_NIA_split/QF_NIA_2_27//20170427-VeryMax/ITS/From_T2__java_PlusSwap.c.t2__p2506_terminationG_0.smt2 : 745 ms.
--------------------------------------------------
sat
../QF_NIA_split/QF_NIA_2_27//20170427-VeryMax/ITS/From_T2__java_Recursions.c.t2__p2519_terminationG_0.smt2 : 2085 ms.
--------------------------------------------------
sat
../QF_NIA_split/QF_NIA_2_27//20170427-VeryMax/ITS/From_T2__java_Recursions.c.t2__p2525_terminationG_0.smt2 : 11283 ms.
--------------------------------------------------
sat
../QF_NIA_split/QF_NIA_2_27//20170427-VeryMax/ITS/From_T2__java_Recursions.c.t2__p2529_terminationG_0.smt2 : 10877 ms.
--------------------------------------------------
sat
../QF_NIA_split/QF_NIA_2_27//20170427-VeryMax/ITS/From_T2__java_Recursions.c.t2__p2530_terminationG_0.smt2 : 7051 ms.
--------------------------------------------------
sat
../QF_NIA_split/QF_NIA_2_27//20170427-VeryMax/ITS/From_T2__java_Recursions.c.t2__p2534_terminationG_0.smt2 : 636 ms.
--------------------------------------------------
sat
../QF_NIA_split/QF_NIA_2_27//20170427-VeryMax/ITS/From_T2__java_Recursions.c.t2__p2535_terminationG_0.smt2 : 1389 ms.
--------------------------------------------------
sat
../QF_NIA_split/QF_NIA_2_27//20170427-VeryMax/ITS/From_T2__java_Recursions.c.t2__p2536_terminationG_0.smt2 : 4960 ms.
--------------------------------------------------
sat
../QF_NIA_split/QF_NIA_2_27//20170427-VeryMax/ITS/From_T2__l1.t2__p2582_terminationG_0.smt2 : 4383 ms.
--------------------------------------------------
sat
../QF_NIA_split/QF_NIA_2_27//20170427-VeryMax/ITS/From_T2__l1.t2__p2586_terminationG_0.smt2 : 1534 ms.
--------------------------------------------------
sat
../QF_NIA_split/QF_NIA_2_27//20170427-VeryMax/ITS/From_T2__l1.t2__p2587_terminationG_0.smt2 : 42750 ms.
--------------------------------------------------
unsat
../QF_NIA_split/QF_NIA_2_27//20170427-VeryMax/ITS/From_T2__l1.t2__p2591_terminationG_0.smt2 : 39868 ms.
--------------------------------------------------
timeout
../QF_NIA_split/QF_NIA_2_27//20170427-VeryMax/ITS/From_T2__l1.t2__p2592_terminationG_0.smt2 : 1200047 ms.
--------------------------------------------------
sat
../QF_NIA_split/QF_NIA_2_27//20170427-VeryMax/ITS/From_T2__l1.t2__p2609_edge_closing_0.smt2 : 1689 ms.
--------------------------------------------------
unsat
../QF_NIA_split/QF_NIA_2_27//20170427-VeryMax/ITS/From_T2__loop3.t2_fixed__term_unfeasibility_40_0.smt2 : 52 ms.
--------------------------------------------------
unsat
../QF_NIA_split/QF_NIA_2_27//20170427-VeryMax/ITS/From_T2__loop3.t2_fixed__term_unfeasibility_42_0.smt2 : 49 ms.
--------------------------------------------------
unsat
../QF_NIA_split/QF_NIA_2_27//20170427-VeryMax/ITS/From_T2__loop3.t2__term_unfeasibility_37_0.smt2 : 51 ms.
--------------------------------------------------
unsat
../QF_NIA_split/QF_NIA_2_27//20170427-VeryMax/ITS/From_T2__loop3.t2__term_unfeasibility_39_0.smt2 : 48 ms.
--------------------------------------------------
sat
../QF_NIA_split/QF_NIA_2_27//20170427-VeryMax/ITS/From_T2__ludcmp.t2__term_unfeasibility_3_0.smt2 : 4115 ms.
--------------------------------------------------
unsat
../QF_NIA_split/QF_NIA_2_27//20170427-VeryMax/ITS/From_T2__magic.t2__term_unfeasibility_2_0.smt2 : 1020 ms.
--------------------------------------------------
sat
../QF_NIA_split/QF_NIA_2_27//20170427-VeryMax/ITS/From_T2__matmul.t2_fixed__p2648_terminationG_0.smt2 : 14359 ms.
--------------------------------------------------
sat
../QF_NIA_split/QF_NIA_2_27//20170427-VeryMax/ITS/From_T2__matmul.t2_fixed__p2649_terminationG_0.smt2 : 91988 ms.
--------------------------------------------------
unsat
../QF_NIA_split/QF_NIA_2_27//20170427-VeryMax/ITS/From_T2__matmul.t2_fixed__term_unfeasibility_1_0.smt2 : 304 ms.
--------------------------------------------------
sat
../QF_NIA_split/QF_NIA_2_27//20170427-VeryMax/ITS/From_T2__matmul.t2__p2657_terminationG_0.smt2 : 32615 ms.
--------------------------------------------------
sat
../QF_NIA_split/QF_NIA_2_27//20170427-VeryMax/ITS/From_T2__matmul.t2__p2658_terminationG_0.smt2 : 6826 ms.
--------------------------------------------------
sat
../QF_NIA_split/QF_NIA_2_27//20170427-VeryMax/ITS/From_T2__matmult.t2__p2669_terminationG_0.smt2 : 1117 ms.
--------------------------------------------------
sat
../QF_NIA_split/QF_NIA_2_27//20170427-VeryMax/ITS/From_T2__matmult.t2__p2670_terminationG_0.smt2 : 3099 ms.
--------------------------------------------------
sat
../QF_NIA_split/QF_NIA_2_27//20170427-VeryMax/ITS/From_T2__matmult.t2__p2671_terminationG_0.smt2 : 11855 ms.
--------------------------------------------------
sat
../QF_NIA_split/QF_NIA_2_27//20170427-VeryMax/ITS/From_T2__matrixsqrt.t2__p2679_terminationG_0.smt2 : 2466 ms.
--------------------------------------------------
sat
../QF_NIA_split/QF_NIA_2_27//20170427-VeryMax/ITS/From_T2__matrixsqrt.t2__p2680_terminationG_0.smt2 : 53190 ms.
--------------------------------------------------
unsat
../QF_NIA_split/QF_NIA_2_27//20170427-VeryMax/ITS/From_T2__mc91.t2_fixed__term_unfeasibility_0_0.smt2 : 291 ms.
--------------------------------------------------
sat
../QF_NIA_split/QF_NIA_2_27//20170427-VeryMax/ITS/From_T2__mc91.t2__p2692_terminationG_0.smt2 : 15082 ms.
--------------------------------------------------
sat
../QF_NIA_split/QF_NIA_2_27//20170427-VeryMax/ITS/From_T2__mc91.t2__p2693_terminationG_0.smt2 : 6336 ms.
--------------------------------------------------
sat
../QF_NIA_split/QF_NIA_2_27//20170427-VeryMax/ITS/From_T2__mc91.t2__p2700_terminationG_0.smt2 : 124757 ms.
--------------------------------------------------
sat
../QF_NIA_split/QF_NIA_2_27//20170427-VeryMax/ITS/From_T2__mc91.t2__p2705_terminationG_0.smt2 : 38601 ms.
--------------------------------------------------
unsat
../QF_NIA_split/QF_NIA_2_27//20170427-VeryMax/ITS/From_T2__mc91.t2__p2710_terminationG_0.smt2 : 672 ms.
--------------------------------------------------
sat
../QF_NIA_split/QF_NIA_2_27//20170427-VeryMax/ITS/From_T2__mc91.t2__p2711_terminationG_0.smt2 : 11847 ms.
--------------------------------------------------
sat
../QF_NIA_split/QF_NIA_2_27//20170427-VeryMax/ITS/From_T2__mc91.t2__p2712_terminationG_0.smt2 : 72655 ms.
--------------------------------------------------
sat
../QF_NIA_split/QF_NIA_2_27//20170427-VeryMax/ITS/From_T2__mc91.t2__p2722_terminationG_0.smt2 : 284837 ms.
--------------------------------------------------
sat
../QF_NIA_split/QF_NIA_2_27//20170427-VeryMax/ITS/From_T2__mc91.t2__p2734_terminationG_0.smt2 : 125866 ms.
--------------------------------------------------
sat
../QF_NIA_split/QF_NIA_2_27//20170427-VeryMax/ITS/From_T2__mc91.t2__p2744_terminationG_0.smt2 : 2596 ms.
--------------------------------------------------
sat
../QF_NIA_split/QF_NIA_2_27//20170427-VeryMax/ITS/From_T2__mc91.t2__p2745_terminationG_0.smt2 : 50303 ms.
--------------------------------------------------
sat
../QF_NIA_split/QF_NIA_2_27//20170427-VeryMax/ITS/From_T2__mc91.t2__p2746_terminationG_0.smt2 : 99272 ms.
--------------------------------------------------
unsat
../QF_NIA_split/QF_NIA_2_27//20170427-VeryMax/ITS/From_T2__mc91.t2__p2750_terminationG_0.smt2 : 1654 ms.
--------------------------------------------------
sat
../QF_NIA_split/QF_NIA_2_27//20170427-VeryMax/ITS/From_T2__mc91.t2__p2751_terminationG_0.smt2 : 91223 ms.
--------------------------------------------------
sat
../QF_NIA_split/QF_NIA_2_27//20170427-VeryMax/ITS/From_T2__mc91.t2__p2752_terminationG_0.smt2 : 33657 ms.
--------------------------------------------------
sat
../QF_NIA_split/QF_NIA_2_27//20170427-VeryMax/ITS/From_T2__mc91.t2__p2764_terminationG_0.smt2 : 9158 ms.
--------------------------------------------------
timeout
../QF_NIA_split/QF_NIA_2_27//20170427-VeryMax/ITS/From_T2__mc91.t2__p2765_terminationG_0.smt2 : 1200077 ms.
--------------------------------------------------
sat
../QF_NIA_split/QF_NIA_2_27//20170427-VeryMax/ITS/From_T2__mc91.t2__p2769_terminationG_0.smt2 : 20591 ms.
--------------------------------------------------
sat
../QF_NIA_split/QF_NIA_2_27//20170427-VeryMax/ITS/From_T2__mc91.t2__p2770_terminationG_0.smt2 : 181067 ms.
--------------------------------------------------
sat
../QF_NIA_split/QF_NIA_2_27//20170427-VeryMax/ITS/From_T2__mc91.t2__p2775_terminationG_0.smt2 : 45649 ms.
--------------------------------------------------
unsat
../QF_NIA_split/QF_NIA_2_27//20170427-VeryMax/ITS/From_T2__mc91.t2__p2780_terminationG_0.smt2 : 2611 ms.
--------------------------------------------------
timeout
../QF_NIA_split/QF_NIA_2_27//20170427-VeryMax/ITS/From_T2__mc91.t2__p2781_terminationG_0.smt2 : 1200055 ms.
--------------------------------------------------
timeout
../QF_NIA_split/QF_NIA_2_27//20170427-VeryMax/ITS/From_T2__mc91.t2__p2782_terminationG_0.smt2 : 1200063 ms.
--------------------------------------------------
unsat
../QF_NIA_split/QF_NIA_2_27//20170427-VeryMax/ITS/From_T2__mc91.t2__p2787_terminationG_0.smt2 : 555086 ms.
--------------------------------------------------
timeout
../QF_NIA_split/QF_NIA_2_27//20170427-VeryMax/ITS/From_T2__mc91.t2__p2788_terminationG_0.smt2 : 1200063 ms.
--------------------------------------------------
timeout
../QF_NIA_split/QF_NIA_2_27//20170427-VeryMax/ITS/From_T2__mc91.t2__p2790_terminationG_0.smt2 : 1200066 ms.
--------------------------------------------------
unsat
../QF_NIA_split/QF_NIA_2_27//20170427-VeryMax/ITS/From_T2__mc91.t2__p2794_terminationG_0.smt2 : 238766 ms.
--------------------------------------------------
timeout
../QF_NIA_split/QF_NIA_2_27//20170427-VeryMax/ITS/From_T2__mc91.t2__p2795_terminationG_0.smt2 : 1200085 ms.
--------------------------------------------------
timeout
../QF_NIA_split/QF_NIA_2_27//20170427-VeryMax/ITS/From_T2__mc91.t2__p2797_terminationG_0.smt2 : 1200082 ms.
--------------------------------------------------
unsat
../QF_NIA_split/QF_NIA_2_27//20170427-VeryMax/ITS/From_T2__mc91.t2__p2800_terminationG_0.smt2 : 384368 ms.
--------------------------------------------------
timeout
../QF_NIA_split/QF_NIA_2_27//20170427-VeryMax/ITS/From_T2__mc91.t2__p2801_terminationG_0.smt2 : 1200072 ms.
--------------------------------------------------
timeout
../QF_NIA_split/QF_NIA_2_27//20170427-VeryMax/ITS/From_T2__mc91.t2__p2802_terminationG_0.smt2 : 1200076 ms.
--------------------------------------------------
unsat
../QF_NIA_split/QF_NIA_2_27//20170427-VeryMax/ITS/From_T2__mc91.t2__p2805_terminationG_0.smt2 : 337078 ms.
--------------------------------------------------
timeout
../QF_NIA_split/QF_NIA_2_27//20170427-VeryMax/ITS/From_T2__mc91.t2__p2806_terminationG_0.smt2 : 1200074 ms.
--------------------------------------------------
timeout
../QF_NIA_split/QF_NIA_2_27//20170427-VeryMax/ITS/From_T2__mc91.t2__p2807_terminationG_0.smt2 : 1200083 ms.
--------------------------------------------------
unsat
../QF_NIA_split/QF_NIA_2_27//20170427-VeryMax/ITS/From_T2__mc91.t2__p2810_terminationG_0.smt2 : 617368 ms.
--------------------------------------------------
timeout
../QF_NIA_split/QF_NIA_2_27//20170427-VeryMax/ITS/From_T2__mc91.t2__p2811_terminationG_0.smt2 : 1200080 ms.
--------------------------------------------------
timeout
../QF_NIA_split/QF_NIA_2_27//20170427-VeryMax/ITS/From_T2__mc91.t2__p2812_terminationG_0.smt2 : 1200069 ms.
--------------------------------------------------
unsat
../QF_NIA_split/QF_NIA_2_27//20170427-VeryMax/ITS/From_T2__mc91.t2__p2815_terminationG_0.smt2 : 335844 ms.
--------------------------------------------------
timeout
../QF_NIA_split/QF_NIA_2_27//20170427-VeryMax/ITS/From_T2__mc91.t2__p2816_terminationG_0.smt2 : 1200074 ms.
--------------------------------------------------
timeout
../QF_NIA_split/QF_NIA_2_27//20170427-VeryMax/ITS/From_T2__mc91.t2__p2817_terminationG_0.smt2 : 1200068 ms.
--------------------------------------------------
unsat
../QF_NIA_split/QF_NIA_2_27//20170427-VeryMax/ITS/From_T2__mc91.t2__p2820_terminationG_0.smt2 : 657024 ms.
--------------------------------------------------
timeout
../QF_NIA_split/QF_NIA_2_27//20170427-VeryMax/ITS/From_T2__mc91.t2__p2821_terminationG_0.smt2 : 1200081 ms.
--------------------------------------------------
timeout
../QF_NIA_split/QF_NIA_2_27//20170427-VeryMax/ITS/From_T2__mc91.t2__p2822_terminationG_0.smt2 : 1200084 ms.
--------------------------------------------------
unsat
../QF_NIA_split/QF_NIA_2_27//20170427-VeryMax/ITS/From_T2__mc91.t2__p2825_terminationG_0.smt2 : 544673 ms.
--------------------------------------------------
timeout
../QF_NIA_split/QF_NIA_2_27//20170427-VeryMax/ITS/From_T2__mc91.t2__p2826_terminationG_0.smt2 : 1200061 ms.
--------------------------------------------------
timeout
../QF_NIA_split/QF_NIA_2_27//20170427-VeryMax/ITS/From_T2__mc91.t2__p2827_terminationG_0.smt2 : 1200080 ms.
--------------------------------------------------
unsat
../QF_NIA_split/QF_NIA_2_27//20170427-VeryMax/ITS/From_T2__mc91.t2__p2830_terminationG_0.smt2 : 665425 ms.
--------------------------------------------------
timeout
../QF_NIA_split/QF_NIA_2_27//20170427-VeryMax/ITS/From_T2__mc91.t2__p2831_terminationG_0.smt2 : 1200063 ms.
--------------------------------------------------
timeout
../QF_NIA_split/QF_NIA_2_27//20170427-VeryMax/ITS/From_T2__mc91.t2__p2832_terminationG_0.smt2 : 1200073 ms.
--------------------------------------------------
unsat
../QF_NIA_split/QF_NIA_2_27//20170427-VeryMax/ITS/From_T2__mc91.t2__p2835_terminationG_0.smt2 : 402468 ms.
--------------------------------------------------
timeout
../QF_NIA_split/QF_NIA_2_27//20170427-VeryMax/ITS/From_T2__mc91.t2__p2836_terminationG_0.smt2 : 1200060 ms.
--------------------------------------------------
timeout
../QF_NIA_split/QF_NIA_2_27//20170427-VeryMax/ITS/From_T2__mc91.t2__p2837_terminationG_0.smt2 : 1200102 ms.
--------------------------------------------------
unsat
../QF_NIA_split/QF_NIA_2_27//20170427-VeryMax/ITS/From_T2__mc91.t2__p2840_terminationG_0.smt2 : 2141 ms.
--------------------------------------------------
timeout
../QF_NIA_split/QF_NIA_2_27//20170427-VeryMax/ITS/From_T2__mc91.t2__p2841_terminationG_0.smt2 : 1200065 ms.
--------------------------------------------------
timeout
../QF_NIA_split/QF_NIA_2_27//20170427-VeryMax/ITS/From_T2__mc91.t2__p2842_terminationG_0.smt2 : 1200081 ms.
--------------------------------------------------
unsat
../QF_NIA_split/QF_NIA_2_27//20170427-VeryMax/ITS/From_T2__mc91.t2__p2845_terminationG_0.smt2 : 2396 ms.
--------------------------------------------------
timeout
../QF_NIA_split/QF_NIA_2_27//20170427-VeryMax/ITS/From_T2__mc91.t2__p2846_terminationG_0.smt2 : 1200052 ms.
--------------------------------------------------
timeout
../QF_NIA_split/QF_NIA_2_27//20170427-VeryMax/ITS/From_T2__mc91.t2__p2847_terminationG_0.smt2 : 1200070 ms.
--------------------------------------------------
unsat
../QF_NIA_split/QF_NIA_2_27//20170427-VeryMax/ITS/From_T2__mc91.t2__p2850_terminationG_0.smt2 : 3186 ms.
--------------------------------------------------
timeout
../QF_NIA_split/QF_NIA_2_27//20170427-VeryMax/ITS/From_T2__mc91.t2__p2851_terminationG_0.smt2 : 1200054 ms.
--------------------------------------------------
timeout
../QF_NIA_split/QF_NIA_2_27//20170427-VeryMax/ITS/From_T2__mc91.t2__p2852_terminationG_0.smt2 : 1200069 ms.
--------------------------------------------------
unsat
../QF_NIA_split/QF_NIA_2_27//20170427-VeryMax/ITS/From_T2__mc91.t2__p2855_terminationG_0.smt2 : 2841 ms.
--------------------------------------------------
timeout
../QF_NIA_split/QF_NIA_2_27//20170427-VeryMax/ITS/From_T2__mc91.t2__p2856_terminationG_0.smt2 : 1200056 ms.
--------------------------------------------------
timeout
../QF_NIA_split/QF_NIA_2_27//20170427-VeryMax/ITS/From_T2__mc91.t2__p2857_terminationG_0.smt2 : 1200082 ms.
--------------------------------------------------
unsat
../QF_NIA_split/QF_NIA_2_27//20170427-VeryMax/ITS/From_T2__mc91.t2__p2861_terminationG_0.smt2 : 7162 ms.
--------------------------------------------------
timeout
../QF_NIA_split/QF_NIA_2_27//20170427-VeryMax/ITS/From_T2__mc91.t2__p2862_terminationG_0.smt2 : 1200075 ms.
--------------------------------------------------
timeout
../QF_NIA_split/QF_NIA_2_27//20170427-VeryMax/ITS/From_T2__mc91.t2__p2863_terminationG_0.smt2 : 1200074 ms.
--------------------------------------------------
unsat
../QF_NIA_split/QF_NIA_2_27//20170427-VeryMax/ITS/From_T2__mc91.t2__p2866_terminationG_0.smt2 : 5137 ms.
--------------------------------------------------
timeout
../QF_NIA_split/QF_NIA_2_27//20170427-VeryMax/ITS/From_T2__mc91.t2__p2867_terminationG_0.smt2 : 1200072 ms.
--------------------------------------------------
timeout
../QF_NIA_split/QF_NIA_2_27//20170427-VeryMax/ITS/From_T2__mc91.t2__p2868_terminationG_0.smt2 : 1200087 ms.
--------------------------------------------------
unsat
../QF_NIA_split/QF_NIA_2_27//20170427-VeryMax/ITS/From_T2__mc91.t2__p2871_terminationG_0.smt2 : 2497 ms.
--------------------------------------------------
timeout
../QF_NIA_split/QF_NIA_2_27//20170427-VeryMax/ITS/From_T2__mc91.t2__p2872_terminationG_0.smt2 : 1200071 ms.
--------------------------------------------------
timeout
../QF_NIA_split/QF_NIA_2_27//20170427-VeryMax/ITS/From_T2__mc91.t2__p2873_terminationG_0.smt2 : 1200062 ms.
--------------------------------------------------
unsat
../QF_NIA_split/QF_NIA_2_27//20170427-VeryMax/ITS/From_T2__mc91.t2__p2876_terminationG_0.smt2 : 2277 ms.
--------------------------------------------------
timeout
../QF_NIA_split/QF_NIA_2_27//20170427-VeryMax/ITS/From_T2__mc91.t2__p2877_terminationG_0.smt2 : 1200058 ms.
--------------------------------------------------
timeout
../QF_NIA_split/QF_NIA_2_27//20170427-VeryMax/ITS/From_T2__mc91.t2__p2878_terminationG_0.smt2 : 1200067 ms.
--------------------------------------------------
unsat
../QF_NIA_split/QF_NIA_2_27//20170427-VeryMax/ITS/From_T2__mc91.t2__p2881_terminationG_0.smt2 : 2340 ms.
--------------------------------------------------
timeout
../QF_NIA_split/QF_NIA_2_27//20170427-VeryMax/ITS/From_T2__mc91.t2__p2882_terminationG_0.smt2 : 1200055 ms.
--------------------------------------------------
timeout
../QF_NIA_split/QF_NIA_2_27//20170427-VeryMax/ITS/From_T2__mc91.t2__p2883_terminationG_0.smt2 : 1200063 ms.
--------------------------------------------------
unsat
../QF_NIA_split/QF_NIA_2_27//20170427-VeryMax/ITS/From_T2__mc91.t2__p2886_terminationG_0.smt2 : 2345 ms.
--------------------------------------------------
timeout
../QF_NIA_split/QF_NIA_2_27//20170427-VeryMax/ITS/From_T2__mc91.t2__p2887_terminationG_0.smt2 : 1200063 ms.
--------------------------------------------------
timeout
../QF_NIA_split/QF_NIA_2_27//20170427-VeryMax/ITS/From_T2__mc91.t2__p2888_terminationG_0.smt2 : 1200056 ms.
--------------------------------------------------
unsat
../QF_NIA_split/QF_NIA_2_27//20170427-VeryMax/ITS/From_T2__mc91.t2__p2891_terminationG_0.smt2 : 8790 ms.
--------------------------------------------------
timeout
../QF_NIA_split/QF_NIA_2_27//20170427-VeryMax/ITS/From_T2__mc91.t2__p2892_terminationG_0.smt2 : 1200058 ms.
--------------------------------------------------
timeout
../QF_NIA_split/QF_NIA_2_27//20170427-VeryMax/ITS/From_T2__mc91.t2__p2893_terminationG_0.smt2 : 1200057 ms.
--------------------------------------------------
unsat
../QF_NIA_split/QF_NIA_2_27//20170427-VeryMax/ITS/From_T2__mc91.t2__p2896_terminationG_0.smt2 : 3213 ms.
--------------------------------------------------
timeout
../QF_NIA_split/QF_NIA_2_27//20170427-VeryMax/ITS/From_T2__mc91.t2__p2897_terminationG_0.smt2 : 1200056 ms.
--------------------------------------------------
timeout
../QF_NIA_split/QF_NIA_2_27//20170427-VeryMax/ITS/From_T2__mc91.t2__p2898_terminationG_0.smt2 : 1200059 ms.
--------------------------------------------------
unsat
../QF_NIA_split/QF_NIA_2_27//20170427-VeryMax/ITS/From_T2__mc91.t2__p2901_terminationG_0.smt2 : 2465 ms.
--------------------------------------------------
timeout
../QF_NIA_split/QF_NIA_2_27//20170427-VeryMax/ITS/From_T2__mc91.t2__p2902_terminationG_0.smt2 : 1200061 ms.
--------------------------------------------------
timeout
../QF_NIA_split/QF_NIA_2_27//20170427-VeryMax/ITS/From_T2__mc91.t2__p2903_terminationG_0.smt2 : 1200071 ms.
--------------------------------------------------
unsat
../QF_NIA_split/QF_NIA_2_27//20170427-VeryMax/ITS/From_T2__mc91.t2__p2906_terminationG_0.smt2 : 1868 ms.
--------------------------------------------------
timeout
../QF_NIA_split/QF_NIA_2_27//20170427-VeryMax/ITS/From_T2__mc91.t2__p2907_terminationG_0.smt2 : 1200053 ms.
--------------------------------------------------
timeout
../QF_NIA_split/QF_NIA_2_27//20170427-VeryMax/ITS/From_T2__mc91.t2__p2908_terminationG_0.smt2 : 1200043 ms.
--------------------------------------------------
unsat
../QF_NIA_split/QF_NIA_2_27//20170427-VeryMax/ITS/From_T2__mc91.t2__p2911_terminationG_0.smt2 : 3778 ms.
--------------------------------------------------
timeout
../QF_NIA_split/QF_NIA_2_27//20170427-VeryMax/ITS/From_T2__mc91.t2__p2912_terminationG_0.smt2 : 1200076 ms.
--------------------------------------------------
timeout
../QF_NIA_split/QF_NIA_2_27//20170427-VeryMax/ITS/From_T2__mc91.t2__p2913_terminationG_0.smt2 : 1200049 ms.
--------------------------------------------------
unsat
../QF_NIA_split/QF_NIA_2_27//20170427-VeryMax/ITS/From_T2__mc91.t2__p2916_terminationG_0.smt2 : 2237 ms.
--------------------------------------------------
timeout
../QF_NIA_split/QF_NIA_2_27//20170427-VeryMax/ITS/From_T2__mc91.t2__p2917_terminationG_0.smt2 : 1200057 ms.
--------------------------------------------------
timeout
../QF_NIA_split/QF_NIA_2_27//20170427-VeryMax/ITS/From_T2__mc91.t2__p2918_terminationG_0.smt2 : 1200053 ms.
--------------------------------------------------
unsat
../QF_NIA_split/QF_NIA_2_27//20170427-VeryMax/ITS/From_T2__mc91.t2__p2921_terminationG_0.smt2 : 2223 ms.
--------------------------------------------------
timeout
../QF_NIA_split/QF_NIA_2_27//20170427-VeryMax/ITS/From_T2__mc91.t2__p2922_terminationG_0.smt2 : 1200063 ms.
--------------------------------------------------
timeout
../QF_NIA_split/QF_NIA_2_27//20170427-VeryMax/ITS/From_T2__mc91.t2__p2923_terminationG_0.smt2 : 1200065 ms.
--------------------------------------------------
timeout
../QF_NIA_split/QF_NIA_2_27//20170427-VeryMax/ITS/From_T2__mc91.t2__p2927_edge_closing_0.smt2 : 1200058 ms.
--------------------------------------------------
sat
../QF_NIA_split/QF_NIA_2_27//20170427-VeryMax/ITS/From_T2__mc91.t2__p2932_edge_closing_0.smt2 : 11175 ms.
--------------------------------------------------
sat
../QF_NIA_split/QF_NIA_2_27//20170427-VeryMax/ITS/From_T2__mc91.t2__p2934_edge_closing_0.smt2 : 356931 ms.
--------------------------------------------------
sat
../QF_NIA_split/QF_NIA_2_27//20170427-VeryMax/ITS/From_T2__mc91.t2__p2939_edge_closing_0.smt2 : 40591 ms.
--------------------------------------------------
sat
../QF_NIA_split/QF_NIA_2_27//20170427-VeryMax/ITS/From_T2__mc91.t2__p2940_edge_closing_0.smt2 : 12908 ms.
--------------------------------------------------
unsat
../QF_NIA_split/QF_NIA_2_27//20170427-VeryMax/ITS/From_T2__mc91.t2__terminationS_0_0.smt2 : 1543 ms.
--------------------------------------------------
unsat
../QF_NIA_split/QF_NIA_2_27//20170427-VeryMax/ITS/From_T2__mc91test.t2_fixed__term_unfeasibility_0_0.smt2 : 892 ms.
--------------------------------------------------
sat
../QF_NIA_split/QF_NIA_2_27//20170427-VeryMax/ITS/From_T2__mc91test.t2__p2955_terminationG_0.smt2 : 169830 ms.
--------------------------------------------------
sat
../QF_NIA_split/QF_NIA_2_27//20170427-VeryMax/ITS/From_T2__mc91test.t2__p2956_terminationG_0.smt2 : 75813 ms.
--------------------------------------------------
sat
../QF_NIA_split/QF_NIA_2_27//20170427-VeryMax/ITS/From_T2__mc91test.t2__p2963_terminationG_0.smt2 : 170225 ms.
--------------------------------------------------
sat
../QF_NIA_split/QF_NIA_2_27//20170427-VeryMax/ITS/From_T2__mc91test.t2__p2967_terminationG_0.smt2 : 19531 ms.
--------------------------------------------------
sat
../QF_NIA_split/QF_NIA_2_27//20170427-VeryMax/ITS/From_T2__mc91test.t2__p2968_terminationG_0.smt2 : 90219 ms.
--------------------------------------------------
sat
../QF_NIA_split/QF_NIA_2_27//20170427-VeryMax/ITS/From_T2__mc91test.t2__p2977_terminationG_0.smt2 : 79069 ms.
--------------------------------------------------
sat
../QF_NIA_split/QF_NIA_2_27//20170427-VeryMax/ITS/From_T2__mc91test.t2__p2978_terminationG_0.smt2 : 47702 ms.
--------------------------------------------------
sat
../QF_NIA_split/QF_NIA_2_27//20170427-VeryMax/ITS/From_T2__mc91test.t2__p2982_terminationG_0.smt2 : 50136 ms.
--------------------------------------------------
sat
../QF_NIA_split/QF_NIA_2_27//20170427-VeryMax/ITS/From_T2__mc91test.t2__p2983_terminationG_0.smt2 : 636313 ms.
--------------------------------------------------
sat
../QF_NIA_split/QF_NIA_2_27//20170427-VeryMax/ITS/From_T2__mc91test.t2__p2987_terminationG_0.smt2 : 33299 ms.
--------------------------------------------------
sat
../QF_NIA_split/QF_NIA_2_27//20170427-VeryMax/ITS/From_T2__mc91test.t2__p2988_terminationG_0.smt2 : 336876 ms.
--------------------------------------------------
sat
../QF_NIA_split/QF_NIA_2_27//20170427-VeryMax/ITS/From_T2__mc91test.t2__p2996_terminationG_0.smt2 : 9472 ms.
--------------------------------------------------
timeout
../QF_NIA_split/QF_NIA_2_27//20170427-VeryMax/ITS/From_T2__mc91test.t2__p2997_terminationG_0.smt2 : 1200060 ms.
--------------------------------------------------
timeout
../QF_NIA_split/QF_NIA_2_27//20170427-VeryMax/ITS/From_T2__mc91test.t2__p2998_terminationG_0.smt2 : 1200078 ms.
--------------------------------------------------
sat
../QF_NIA_split/QF_NIA_2_27//20170427-VeryMax/ITS/From_T2__mc91test.t2__p3001_terminationG_0.smt2 : 5743 ms.
--------------------------------------------------
sat
../QF_NIA_split/QF_NIA_2_27//20170427-VeryMax/ITS/From_T2__mc91test.t2__p3002_terminationG_0.smt2 : 184597 ms.
--------------------------------------------------
timeout
../QF_NIA_split/QF_NIA_2_27//20170427-VeryMax/ITS/From_T2__mc91test.t2__p3003_terminationG_0.smt2 : 1200086 ms.
--------------------------------------------------
sat
../QF_NIA_split/QF_NIA_2_27//20170427-VeryMax/ITS/From_T2__mc91test.t2__p3007_terminationG_0.smt2 : 479577 ms.
--------------------------------------------------
timeout
../QF_NIA_split/QF_NIA_2_27//20170427-VeryMax/ITS/From_T2__mc91test.t2__p3008_terminationG_0.smt2 : 1200102 ms.
--------------------------------------------------
sat
../QF_NIA_split/QF_NIA_2_27//20170427-VeryMax/ITS/From_T2__mc91test.t2__p3012_terminationG_0.smt2 : 5480 ms.
--------------------------------------------------
timeout
../QF_NIA_split/QF_NIA_2_27//20170427-VeryMax/ITS/From_T2__mc91test.t2__p3013_terminationG_0.smt2 : 1200052 ms.
--------------------------------------------------
sat
../QF_NIA_split/QF_NIA_2_27//20170427-VeryMax/ITS/From_T2__mc91test.t2__p3026_terminationG_0.smt2 : 29285 ms.
--------------------------------------------------
timeout
../QF_NIA_split/QF_NIA_2_27//20170427-VeryMax/ITS/From_T2__mc91test.t2__p3027_terminationG_0.smt2 : 1200082 ms.
--------------------------------------------------
timeout
../QF_NIA_split/QF_NIA_2_27//20170427-VeryMax/ITS/From_T2__mc91test.t2__p3028_terminationG_0.smt2 : 1200057 ms.
--------------------------------------------------
sat
../QF_NIA_split/QF_NIA_2_27//20170427-VeryMax/ITS/From_T2__mc91test.t2__p3031_terminationG_0.smt2 : 22790 ms.
--------------------------------------------------
timeout
../QF_NIA_split/QF_NIA_2_27//20170427-VeryMax/ITS/From_T2__mc91test.t2__p3032_terminationG_0.smt2 : 1200075 ms.
--------------------------------------------------
timeout
../QF_NIA_split/QF_NIA_2_27//20170427-VeryMax/ITS/From_T2__mc91test.t2__p3033_terminationG_0.smt2 : 1200063 ms.
--------------------------------------------------
sat
../QF_NIA_split/QF_NIA_2_27//20170427-VeryMax/ITS/From_T2__mc91test.t2__p3036_terminationG_0.smt2 : 17771 ms.
--------------------------------------------------
timeout
../QF_NIA_split/QF_NIA_2_27//20170427-VeryMax/ITS/From_T2__mc91test.t2__p3037_terminationG_0.smt2 : 1200060 ms.
--------------------------------------------------
timeout
../QF_NIA_split/QF_NIA_2_27//20170427-VeryMax/ITS/From_T2__mc91test.t2__p3038_terminationG_0.smt2 : 1200085 ms.
--------------------------------------------------
sat
../QF_NIA_split/QF_NIA_2_27//20170427-VeryMax/ITS/From_T2__mc91test.t2__p3041_terminationG_0.smt2 : 6520 ms.
--------------------------------------------------
sat
../QF_NIA_split/QF_NIA_2_27//20170427-VeryMax/ITS/From_T2__mc91test.t2__p3042_terminationG_0.smt2 : 28677 ms.
--------------------------------------------------
timeout
../QF_NIA_split/QF_NIA_2_27//20170427-VeryMax/ITS/From_T2__mc91test.t2__p3043_terminationG_0.smt2 : 1200086 ms.
--------------------------------------------------
sat
../QF_NIA_split/QF_NIA_2_27//20170427-VeryMax/ITS/From_T2__mc91test.t2__p3058_terminationG_0.smt2 : 14951 ms.
--------------------------------------------------
timeout
../QF_NIA_split/QF_NIA_2_27//20170427-VeryMax/ITS/From_T2__mc91test.t2__p3059_terminationG_0.smt2 : 1200046 ms.
--------------------------------------------------
timeout
../QF_NIA_split/QF_NIA_2_27//20170427-VeryMax/ITS/From_T2__mc91test.t2__p3060_terminationG_0.smt2 : 1200057 ms.
--------------------------------------------------
sat
../QF_NIA_split/QF_NIA_2_27//20170427-VeryMax/ITS/From_T2__mc91test.t2__p3063_terminationG_0.smt2 : 24108 ms.
--------------------------------------------------
timeout
../QF_NIA_split/QF_NIA_2_27//20170427-VeryMax/ITS/From_T2__mc91test.t2__p3064_terminationG_0.smt2 : 1200055 ms.
--------------------------------------------------
timeout
../QF_NIA_split/QF_NIA_2_27//20170427-VeryMax/ITS/From_T2__mc91test.t2__p3065_terminationG_0.smt2 : 1200050 ms.
--------------------------------------------------
sat
../QF_NIA_split/QF_NIA_2_27//20170427-VeryMax/ITS/From_T2__mc91test.t2__p3068_terminationG_0.smt2 : 17003 ms.
--------------------------------------------------
timeout
../QF_NIA_split/QF_NIA_2_27//20170427-VeryMax/ITS/From_T2__mc91test.t2__p3069_terminationG_0.smt2 : 1200084 ms.
--------------------------------------------------
timeout
../QF_NIA_split/QF_NIA_2_27//20170427-VeryMax/ITS/From_T2__mc91test.t2__p3070_terminationG_0.smt2 : 1200084 ms.
--------------------------------------------------
sat
../QF_NIA_split/QF_NIA_2_27//20170427-VeryMax/ITS/From_T2__mc91test.t2__p3073_terminationG_0.smt2 : 14576 ms.
--------------------------------------------------
sat
../QF_NIA_split/QF_NIA_2_27//20170427-VeryMax/ITS/From_T2__mc91test.t2__p3074_terminationG_0.smt2 : 409412 ms.
--------------------------------------------------
timeout
../QF_NIA_split/QF_NIA_2_27//20170427-VeryMax/ITS/From_T2__mc91test.t2__p3075_terminationG_0.smt2 : 1200078 ms.
--------------------------------------------------
sat
../QF_NIA_split/QF_NIA_2_27//20170427-VeryMax/ITS/From_T2__mc91test.t2__p3084_terminationG_0.smt2 : 14113 ms.
--------------------------------------------------
timeout
../QF_NIA_split/QF_NIA_2_27//20170427-VeryMax/ITS/From_T2__mc91test.t2__p3085_terminationG_0.smt2 : 1200121 ms.
--------------------------------------------------
timeout
../QF_NIA_split/QF_NIA_2_27//20170427-VeryMax/ITS/From_T2__mc91test.t2__p3086_terminationG_0.smt2 : 1200087 ms.
--------------------------------------------------
sat
../QF_NIA_split/QF_NIA_2_27//20170427-VeryMax/ITS/From_T2__mc91test.t2__p3089_terminationG_0.smt2 : 61649 ms.
--------------------------------------------------
timeout
../QF_NIA_split/QF_NIA_2_27//20170427-VeryMax/ITS/From_T2__mc91test.t2__p3090_terminationG_0.smt2 : 1200103 ms.
--------------------------------------------------
timeout
../QF_NIA_split/QF_NIA_2_27//20170427-VeryMax/ITS/From_T2__mc91test.t2__p3091_terminationG_0.smt2 : 1200091 ms.
--------------------------------------------------
sat
../QF_NIA_split/QF_NIA_2_27//20170427-VeryMax/ITS/From_T2__mc91test.t2__p3094_terminationG_0.smt2 : 18567 ms.
--------------------------------------------------
timeout
../QF_NIA_split/QF_NIA_2_27//20170427-VeryMax/ITS/From_T2__mc91test.t2__p3095_terminationG_0.smt2 : 1200091 ms.
--------------------------------------------------
timeout
../QF_NIA_split/QF_NIA_2_27//20170427-VeryMax/ITS/From_T2__mc91test.t2__p3096_terminationG_0.smt2 : 1200102 ms.
--------------------------------------------------
sat
../QF_NIA_split/QF_NIA_2_27//20170427-VeryMax/ITS/From_T2__mc91test.t2__p3099_terminationG_0.smt2 : 17039 ms.
--------------------------------------------------
timeout
../QF_NIA_split/QF_NIA_2_27//20170427-VeryMax/ITS/From_T2__mc91test.t2__p3100_terminationG_0.smt2 : 1200069 ms.
--------------------------------------------------
timeout
../QF_NIA_split/QF_NIA_2_27//20170427-VeryMax/ITS/From_T2__mc91test.t2__p3101_terminationG_0.smt2 : 1200053 ms.
--------------------------------------------------
sat
../QF_NIA_split/QF_NIA_2_27//20170427-VeryMax/ITS/From_T2__mc91test.t2__p3110_terminationG_0.smt2 : 18491 ms.
--------------------------------------------------
timeout
../QF_NIA_split/QF_NIA_2_27//20170427-VeryMax/ITS/From_T2__mc91test.t2__p3111_terminationG_0.smt2 : 1200081 ms.
--------------------------------------------------
timeout
../QF_NIA_split/QF_NIA_2_27//20170427-VeryMax/ITS/From_T2__mc91test.t2__p3112_terminationG_0.smt2 : 1200096 ms.
--------------------------------------------------
sat
../QF_NIA_split/QF_NIA_2_27//20170427-VeryMax/ITS/From_T2__mc91test.t2__p3115_terminationG_0.smt2 : 24904 ms.
--------------------------------------------------
timeout
../QF_NIA_split/QF_NIA_2_27//20170427-VeryMax/ITS/From_T2__mc91test.t2__p3116_terminationG_0.smt2 : 1200055 ms.
--------------------------------------------------
timeout
../QF_NIA_split/QF_NIA_2_27//20170427-VeryMax/ITS/From_T2__mc91test.t2__p3117_terminationG_0.smt2 : 1200098 ms.
--------------------------------------------------
sat
../QF_NIA_split/QF_NIA_2_27//20170427-VeryMax/ITS/From_T2__mc91test.t2__p3120_terminationG_0.smt2 : 15532 ms.
--------------------------------------------------
sat
../QF_NIA_split/QF_NIA_2_27//20170427-VeryMax/ITS/From_T2__mc91test.t2__p3121_terminationG_0.smt2 : 1036100 ms.
--------------------------------------------------
timeout
../QF_NIA_split/QF_NIA_2_27//20170427-VeryMax/ITS/From_T2__mc91test.t2__p3122_terminationG_0.smt2 : 1200061 ms.
--------------------------------------------------
sat
../QF_NIA_split/QF_NIA_2_27//20170427-VeryMax/ITS/From_T2__mc91test.t2__p3125_terminationG_0.smt2 : 9288 ms.
--------------------------------------------------
sat
../QF_NIA_split/QF_NIA_2_27//20170427-VeryMax/ITS/From_T2__mc91test.t2__p3126_terminationG_0.smt2 : 48551 ms.
--------------------------------------------------
timeout
../QF_NIA_split/QF_NIA_2_27//20170427-VeryMax/ITS/From_T2__mc91test.t2__p3127_terminationG_0.smt2 : 1200087 ms.
--------------------------------------------------
sat
../QF_NIA_split/QF_NIA_2_27//20170427-VeryMax/ITS/From_T2__mc91test.t2__p3136_terminationG_0.smt2 : 53311 ms.
--------------------------------------------------
timeout
../QF_NIA_split/QF_NIA_2_27//20170427-VeryMax/ITS/From_T2__mc91test.t2__p3137_terminationG_0.smt2 : 1200099 ms.
--------------------------------------------------
timeout
../QF_NIA_split/QF_NIA_2_27//20170427-VeryMax/ITS/From_T2__mc91test.t2__p3138_terminationG_0.smt2 : 1200058 ms.
--------------------------------------------------
sat
../QF_NIA_split/QF_NIA_2_27//20170427-VeryMax/ITS/From_T2__mc91test.t2__p3141_terminationG_0.smt2 : 45605 ms.
--------------------------------------------------
timeout
../QF_NIA_split/QF_NIA_2_27//20170427-VeryMax/ITS/From_T2__mc91test.t2__p3142_terminationG_0.smt2 : 1200081 ms.
--------------------------------------------------
timeout
../QF_NIA_split/QF_NIA_2_27//20170427-VeryMax/ITS/From_T2__mc91test.t2__p3143_terminationG_0.smt2 : 1200065 ms.
--------------------------------------------------
sat
../QF_NIA_split/QF_NIA_2_27//20170427-VeryMax/ITS/From_T2__mc91test.t2__p3146_terminationG_0.smt2 : 15556 ms.
--------------------------------------------------
timeout
../QF_NIA_split/QF_NIA_2_27//20170427-VeryMax/ITS/From_T2__mc91test.t2__p3147_terminationG_0.smt2 : 1200069 ms.
--------------------------------------------------
timeout
../QF_NIA_split/QF_NIA_2_27//20170427-VeryMax/ITS/From_T2__mc91test.t2__p3148_terminationG_0.smt2 : 1200105 ms.
--------------------------------------------------
sat
../QF_NIA_split/QF_NIA_2_27//20170427-VeryMax/ITS/From_T2__mc91test.t2__p3151_terminationG_0.smt2 : 17443 ms.
--------------------------------------------------
sat
../QF_NIA_split/QF_NIA_2_27//20170427-VeryMax/ITS/From_T2__mc91test.t2__p3152_terminationG_0.smt2 : 349284 ms.
--------------------------------------------------
timeout
../QF_NIA_split/QF_NIA_2_27//20170427-VeryMax/ITS/From_T2__mc91test.t2__p3153_terminationG_0.smt2 : 1200094 ms.
--------------------------------------------------
sat
../QF_NIA_split/QF_NIA_2_27//20170427-VeryMax/ITS/From_T2__mc91test.t2__p3162_terminationG_0.smt2 : 36611 ms.
--------------------------------------------------
timeout
../QF_NIA_split/QF_NIA_2_27//20170427-VeryMax/ITS/From_T2__mc91test.t2__p3163_terminationG_0.smt2 : 1200113 ms.
--------------------------------------------------
timeout
../QF_NIA_split/QF_NIA_2_27//20170427-VeryMax/ITS/From_T2__mc91test.t2__p3164_terminationG_0.smt2 : 1200085 ms.
--------------------------------------------------
sat
../QF_NIA_split/QF_NIA_2_27//20170427-VeryMax/ITS/From_T2__mc91test.t2__p3167_terminationG_0.smt2 : 11690 ms.
--------------------------------------------------
timeout
../QF_NIA_split/QF_NIA_2_27//20170427-VeryMax/ITS/From_T2__mc91test.t2__p3168_terminationG_0.smt2 : 1200072 ms.
--------------------------------------------------
timeout
../QF_NIA_split/QF_NIA_2_27//20170427-VeryMax/ITS/From_T2__mc91test.t2__p3169_terminationG_0.smt2 : 1200072 ms.
--------------------------------------------------
sat
../QF_NIA_split/QF_NIA_2_27//20170427-VeryMax/ITS/From_T2__mc91test.t2__p3172_terminationG_0.smt2 : 13282 ms.
--------------------------------------------------
timeout
../QF_NIA_split/QF_NIA_2_27//20170427-VeryMax/ITS/From_T2__mc91test.t2__p3173_terminationG_0.smt2 : 1200067 ms.
--------------------------------------------------
timeout
../QF_NIA_split/QF_NIA_2_27//20170427-VeryMax/ITS/From_T2__mc91test.t2__p3174_terminationG_0.smt2 : 1200106 ms.
--------------------------------------------------
sat
../QF_NIA_split/QF_NIA_2_27//20170427-VeryMax/ITS/From_T2__mc91test.t2__p3177_terminationG_0.smt2 : 9577 ms.
--------------------------------------------------
sat
../QF_NIA_split/QF_NIA_2_27//20170427-VeryMax/ITS/From_T2__mc91test.t2__p3178_terminationG_0.smt2 : 760414 ms.
--------------------------------------------------
timeout
../QF_NIA_split/QF_NIA_2_27//20170427-VeryMax/ITS/From_T2__mc91test.t2__p3179_terminationG_0.smt2 : 1200085 ms.
--------------------------------------------------
sat
../QF_NIA_split/QF_NIA_2_27//20170427-VeryMax/ITS/From_T2__mc91test.t2__p3188_terminationG_0.smt2 : 35124 ms.
--------------------------------------------------
timeout
../QF_NIA_split/QF_NIA_2_27//20170427-VeryMax/ITS/From_T2__mc91test.t2__p3189_terminationG_0.smt2 : 1200078 ms.
--------------------------------------------------
timeout
../QF_NIA_split/QF_NIA_2_27//20170427-VeryMax/ITS/From_T2__mc91test.t2__p3190_terminationG_0.smt2 : 1200040 ms.
--------------------------------------------------
sat
../QF_NIA_split/QF_NIA_2_27//20170427-VeryMax/ITS/From_T2__mc91test.t2__p3193_terminationG_0.smt2 : 14754 ms.
--------------------------------------------------
timeout
../QF_NIA_split/QF_NIA_2_27//20170427-VeryMax/ITS/From_T2__mc91test.t2__p3194_terminationG_0.smt2 : 1200080 ms.
--------------------------------------------------
timeout
../QF_NIA_split/QF_NIA_2_27//20170427-VeryMax/ITS/From_T2__mc91test.t2__p3195_terminationG_0.smt2 : 1200078 ms.
--------------------------------------------------
sat
../QF_NIA_split/QF_NIA_2_27//20170427-VeryMax/ITS/From_T2__mc91test.t2__p3198_terminationG_0.smt2 : 28051 ms.
--------------------------------------------------
sat
../QF_NIA_split/QF_NIA_2_27//20170427-VeryMax/ITS/From_T2__mc91test.t2__p3199_terminationG_0.smt2 : 1061613 ms.
--------------------------------------------------
timeout
../QF_NIA_split/QF_NIA_2_27//20170427-VeryMax/ITS/From_T2__mc91test.t2__p3200_terminationG_0.smt2 : 1200052 ms.
--------------------------------------------------
sat
../QF_NIA_split/QF_NIA_2_27//20170427-VeryMax/ITS/From_T2__mc91test.t2__p3203_terminationG_0.smt2 : 127559 ms.
--------------------------------------------------
timeout
../QF_NIA_split/QF_NIA_2_27//20170427-VeryMax/ITS/From_T2__mc91test.t2__p3204_terminationG_0.smt2 : 1200061 ms.
--------------------------------------------------
timeout
../QF_NIA_split/QF_NIA_2_27//20170427-VeryMax/ITS/From_T2__mc91test.t2__p3205_terminationG_0.smt2 : 1200044 ms.
--------------------------------------------------
sat
../QF_NIA_split/QF_NIA_2_27//20170427-VeryMax/ITS/From_T2__mc91test.t2__p3214_terminationG_0.smt2 : 13645 ms.
--------------------------------------------------
timeout
../QF_NIA_split/QF_NIA_2_27//20170427-VeryMax/ITS/From_T2__mc91test.t2__p3215_terminationG_0.smt2 : 1200100 ms.
--------------------------------------------------
timeout
../QF_NIA_split/QF_NIA_2_27//20170427-VeryMax/ITS/From_T2__mc91test.t2__p3216_terminationG_0.smt2 : 1200098 ms.
--------------------------------------------------
sat
../QF_NIA_split/QF_NIA_2_27//20170427-VeryMax/ITS/From_T2__mc91test.t2__p3219_terminationG_0.smt2 : 17348 ms.
--------------------------------------------------
timeout
../QF_NIA_split/QF_NIA_2_27//20170427-VeryMax/ITS/From_T2__mc91test.t2__p3220_terminationG_0.smt2 : 1200040 ms.
--------------------------------------------------
timeout
../QF_NIA_split/QF_NIA_2_27//20170427-VeryMax/ITS/From_T2__mc91test.t2__p3221_terminationG_0.smt2 : 1200067 ms.
--------------------------------------------------
sat
../QF_NIA_split/QF_NIA_2_27//20170427-VeryMax/ITS/From_T2__mc91test.t2__p3224_terminationG_0.smt2 : 16180 ms.
--------------------------------------------------
timeout
../QF_NIA_split/QF_NIA_2_27//20170427-VeryMax/ITS/From_T2__mc91test.t2__p3225_terminationG_0.smt2 : 1200071 ms.
--------------------------------------------------
timeout
../QF_NIA_split/QF_NIA_2_27//20170427-VeryMax/ITS/From_T2__mc91test.t2__p3226_terminationG_0.smt2 : 1200104 ms.
--------------------------------------------------
sat
../QF_NIA_split/QF_NIA_2_27//20170427-VeryMax/ITS/From_T2__mc91test.t2__p3229_terminationG_0.smt2 : 84855 ms.
--------------------------------------------------
timeout
../QF_NIA_split/QF_NIA_2_27//20170427-VeryMax/ITS/From_T2__mc91test.t2__p3230_terminationG_0.smt2 : 1200069 ms.
--------------------------------------------------
timeout
../QF_NIA_split/QF_NIA_2_27//20170427-VeryMax/ITS/From_T2__mc91test.t2__p3231_terminationG_0.smt2 : 1200074 ms.
--------------------------------------------------
sat
../QF_NIA_split/QF_NIA_2_27//20170427-VeryMax/ITS/From_T2__mc91test.t2__p3240_terminationG_0.smt2 : 133647 ms.
--------------------------------------------------
timeout
../QF_NIA_split/QF_NIA_2_27//20170427-VeryMax/ITS/From_T2__mc91test.t2__p3241_terminationG_0.smt2 : 1200068 ms.
--------------------------------------------------
timeout
../QF_NIA_split/QF_NIA_2_27//20170427-VeryMax/ITS/From_T2__mc91test.t2__p3242_terminationG_0.smt2 : 1200102 ms.
--------------------------------------------------
sat
../QF_NIA_split/QF_NIA_2_27//20170427-VeryMax/ITS/From_T2__mc91test.t2__p3246_terminationG_0.smt2 : 62794 ms.
--------------------------------------------------
timeout
../QF_NIA_split/QF_NIA_2_27//20170427-VeryMax/ITS/From_T2__mc91test.t2__p3247_terminationG_0.smt2 : 1200091 ms.
--------------------------------------------------
timeout
../QF_NIA_split/QF_NIA_2_27//20170427-VeryMax/ITS/From_T2__mc91test.t2__p3249_terminationG_0.smt2 : 1200109 ms.
--------------------------------------------------
sat
../QF_NIA_split/QF_NIA_2_27//20170427-VeryMax/ITS/From_T2__mc91test.t2__p3255_terminationG_0.smt2 : 14220 ms.
--------------------------------------------------
timeout
../QF_NIA_split/QF_NIA_2_27//20170427-VeryMax/ITS/From_T2__mc91test.t2__p3256_terminationG_0.smt2 : 1200045 ms.
--------------------------------------------------
timeout
../QF_NIA_split/QF_NIA_2_27//20170427-VeryMax/ITS/From_T2__mc91test.t2__p3258_terminationG_0.smt2 : 1200071 ms.
--------------------------------------------------
sat
../QF_NIA_split/QF_NIA_2_27//20170427-VeryMax/ITS/From_T2__mc91test.t2__p3261_terminationG_0.smt2 : 65240 ms.
--------------------------------------------------
timeout
../QF_NIA_split/QF_NIA_2_27//20170427-VeryMax/ITS/From_T2__mc91test.t2__p3262_terminationG_0.smt2 : 1200082 ms.
--------------------------------------------------
timeout
../QF_NIA_split/QF_NIA_2_27//20170427-VeryMax/ITS/From_T2__mc91test.t2__p3263_terminationG_0.smt2 : 1200075 ms.
--------------------------------------------------
sat
../QF_NIA_split/QF_NIA_2_27//20170427-VeryMax/ITS/From_T2__mc91test.t2__p3272_terminationG_0.smt2 : 5153 ms.
--------------------------------------------------
timeout
../QF_NIA_split/QF_NIA_2_27//20170427-VeryMax/ITS/From_T2__mc91test.t2__p3273_terminationG_0.smt2 : 1200048 ms.
--------------------------------------------------
timeout
../QF_NIA_split/QF_NIA_2_27//20170427-VeryMax/ITS/From_T2__mc91test.t2__p3274_terminationG_0.smt2 : 1200084 ms.
--------------------------------------------------
sat
../QF_NIA_split/QF_NIA_2_27//20170427-VeryMax/ITS/From_T2__mc91test.t2__p3277_terminationG_0.smt2 : 56363 ms.
--------------------------------------------------
timeout
../QF_NIA_split/QF_NIA_2_27//20170427-VeryMax/ITS/From_T2__mc91test.t2__p3278_terminationG_0.smt2 : 1200069 ms.
--------------------------------------------------
timeout
../QF_NIA_split/QF_NIA_2_27//20170427-VeryMax/ITS/From_T2__mc91test.t2__p3279_terminationG_0.smt2 : 1200070 ms.
--------------------------------------------------
sat
../QF_NIA_split/QF_NIA_2_27//20170427-VeryMax/ITS/From_T2__mc91test.t2__p3282_terminationG_0.smt2 : 24962 ms.
--------------------------------------------------
timeout
../QF_NIA_split/QF_NIA_2_27//20170427-VeryMax/ITS/From_T2__mc91test.t2__p3283_terminationG_0.smt2 : 1200068 ms.
--------------------------------------------------
timeout
../QF_NIA_split/QF_NIA_2_27//20170427-VeryMax/ITS/From_T2__mc91test.t2__p3284_terminationG_0.smt2 : 1200106 ms.
--------------------------------------------------
sat
../QF_NIA_split/QF_NIA_2_27//20170427-VeryMax/ITS/From_T2__mc91test.t2__p3288_terminationG_0.smt2 : 20497 ms.
--------------------------------------------------
timeout
../QF_NIA_split/QF_NIA_2_27//20170427-VeryMax/ITS/From_T2__mc91test.t2__p3289_terminationG_0.smt2 : 1200086 ms.
--------------------------------------------------
timeout
../QF_NIA_split/QF_NIA_2_27//20170427-VeryMax/ITS/From_T2__mc91test.t2__p3290_terminationG_0.smt2 : 1200038 ms.
--------------------------------------------------
sat
../QF_NIA_split/QF_NIA_2_27//20170427-VeryMax/ITS/From_T2__mc91test.t2__p3299_terminationG_0.smt2 : 132701 ms.
--------------------------------------------------
timeout
../QF_NIA_split/QF_NIA_2_27//20170427-VeryMax/ITS/From_T2__mc91test.t2__p3300_terminationG_0.smt2 : 1200075 ms.
--------------------------------------------------
timeout
../QF_NIA_split/QF_NIA_2_27//20170427-VeryMax/ITS/From_T2__mc91test.t2__p3301_terminationG_0.smt2 : 1200040 ms.
--------------------------------------------------
sat
../QF_NIA_split/QF_NIA_2_27//20170427-VeryMax/ITS/From_T2__mc91test.t2__p3304_terminationG_0.smt2 : 22880 ms.
--------------------------------------------------
timeout
../QF_NIA_split/QF_NIA_2_27//20170427-VeryMax/ITS/From_T2__mc91test.t2__p3305_terminationG_0.smt2 : 1200077 ms.
--------------------------------------------------
timeout
../QF_NIA_split/QF_NIA_2_27//20170427-VeryMax/ITS/From_T2__mc91test.t2__p3306_terminationG_0.smt2 : 1200046 ms.
--------------------------------------------------
sat
../QF_NIA_split/QF_NIA_2_27//20170427-VeryMax/ITS/From_T2__mc91test.t2__p3309_terminationG_0.smt2 : 27181 ms.
--------------------------------------------------
timeout
../QF_NIA_split/QF_NIA_2_27//20170427-VeryMax/ITS/From_T2__mc91test.t2__p3310_terminationG_0.smt2 : 1200068 ms.
--------------------------------------------------
timeout
../QF_NIA_split/QF_NIA_2_27//20170427-VeryMax/ITS/From_T2__mc91test.t2__p3311_terminationG_0.smt2 : 1200080 ms.
--------------------------------------------------
sat
../QF_NIA_split/QF_NIA_2_27//20170427-VeryMax/ITS/From_T2__mc91test.t2__p3314_terminationG_0.smt2 : 9290 ms.
--------------------------------------------------
timeout
../QF_NIA_split/QF_NIA_2_27//20170427-VeryMax/ITS/From_T2__mc91test.t2__p3316_terminationG_0.smt2 : 1200078 ms.
--------------------------------------------------
timeout
../QF_NIA_split/QF_NIA_2_27//20170427-VeryMax/ITS/From_T2__mc91test.t2__p3317_terminationG_0.smt2 : 1200051 ms.
--------------------------------------------------
sat
../QF_NIA_split/QF_NIA_2_27//20170427-VeryMax/ITS/From_T2__mc91test.t2__p3326_terminationG_0.smt2 : 117113 ms.
--------------------------------------------------
timeout
../QF_NIA_split/QF_NIA_2_27//20170427-VeryMax/ITS/From_T2__mc91test.t2__p3327_terminationG_0.smt2 : 1200066 ms.
--------------------------------------------------
timeout
../QF_NIA_split/QF_NIA_2_27//20170427-VeryMax/ITS/From_T2__mc91test.t2__p3328_terminationG_0.smt2 : 1200056 ms.
--------------------------------------------------
sat
../QF_NIA_split/QF_NIA_2_27//20170427-VeryMax/ITS/From_T2__mc91test.t2__p3331_terminationG_0.smt2 : 99144 ms.
--------------------------------------------------
timeout
../QF_NIA_split/QF_NIA_2_27//20170427-VeryMax/ITS/From_T2__mc91test.t2__p3332_terminationG_0.smt2 : 1200037 ms.
--------------------------------------------------
timeout
../QF_NIA_split/QF_NIA_2_27//20170427-VeryMax/ITS/From_T2__mc91test.t2__p3333_terminationG_0.smt2 : 1200052 ms.
--------------------------------------------------
sat
../QF_NIA_split/QF_NIA_2_27//20170427-VeryMax/ITS/From_T2__mc91test.t2__p3336_terminationG_0.smt2 : 60907 ms.
--------------------------------------------------
timeout
../QF_NIA_split/QF_NIA_2_27//20170427-VeryMax/ITS/From_T2__mc91test.t2__p3337_terminationG_0.smt2 : 1200072 ms.
--------------------------------------------------
timeout
../QF_NIA_split/QF_NIA_2_27//20170427-VeryMax/ITS/From_T2__mc91test.t2__p3338_terminationG_0.smt2 : 1200041 ms.
--------------------------------------------------
sat
../QF_NIA_split/QF_NIA_2_27//20170427-VeryMax/ITS/From_T2__mc91test.t2__p3341_terminationG_0.smt2 : 10226 ms.
--------------------------------------------------
timeout
../QF_NIA_split/QF_NIA_2_27//20170427-VeryMax/ITS/From_T2__mc91test.t2__p3342_terminationG_0.smt2 : 1200085 ms.
--------------------------------------------------
timeout
../QF_NIA_split/QF_NIA_2_27//20170427-VeryMax/ITS/From_T2__mc91test.t2__p3343_terminationG_0.smt2 : 1200085 ms.
--------------------------------------------------
sat
../QF_NIA_split/QF_NIA_2_27//20170427-VeryMax/ITS/From_T2__mc91test.t2__p3352_terminationG_0.smt2 : 5715 ms.
--------------------------------------------------
timeout
../QF_NIA_split/QF_NIA_2_27//20170427-VeryMax/ITS/From_T2__mc91test.t2__p3353_terminationG_0.smt2 : 1200096 ms.
--------------------------------------------------
timeout
../QF_NIA_split/QF_NIA_2_27//20170427-VeryMax/ITS/From_T2__mc91test.t2__p3354_terminationG_0.smt2 : 1200065 ms.
--------------------------------------------------
sat
../QF_NIA_split/QF_NIA_2_27//20170427-VeryMax/ITS/From_T2__mc91test.t2__p3357_terminationG_0.smt2 : 135586 ms.
--------------------------------------------------
timeout
../QF_NIA_split/QF_NIA_2_27//20170427-VeryMax/ITS/From_T2__mc91test.t2__p3358_terminationG_0.smt2 : 1200068 ms.
--------------------------------------------------
timeout
../QF_NIA_split/QF_NIA_2_27//20170427-VeryMax/ITS/From_T2__mc91test.t2__p3359_terminationG_0.smt2 : 1200075 ms.
--------------------------------------------------
sat
../QF_NIA_split/QF_NIA_2_27//20170427-VeryMax/ITS/From_T2__mc91test.t2__p3362_terminationG_0.smt2 : 46231 ms.
--------------------------------------------------
timeout
../QF_NIA_split/QF_NIA_2_27//20170427-VeryMax/ITS/From_T2__mc91test.t2__p3363_terminationG_0.smt2 : 1200085 ms.
--------------------------------------------------
timeout
../QF_NIA_split/QF_NIA_2_27//20170427-VeryMax/ITS/From_T2__mc91test.t2__p3364_terminationG_0.smt2 : 1200063 ms.
--------------------------------------------------
sat
../QF_NIA_split/QF_NIA_2_27//20170427-VeryMax/ITS/From_T2__mc91test.t2__p3367_terminationG_0.smt2 : 60379 ms.
--------------------------------------------------
timeout
../QF_NIA_split/QF_NIA_2_27//20170427-VeryMax/ITS/From_T2__mc91test.t2__p3368_terminationG_0.smt2 : 1200071 ms.
--------------------------------------------------
timeout
../QF_NIA_split/QF_NIA_2_27//20170427-VeryMax/ITS/From_T2__mc91test.t2__p3369_terminationG_0.smt2 : 1200061 ms.
--------------------------------------------------
sat
../QF_NIA_split/QF_NIA_2_27//20170427-VeryMax/ITS/From_T2__mc91test.t2__p3381_edge_closing_0.smt2 : 12397 ms.
--------------------------------------------------
sat
../QF_NIA_split/QF_NIA_2_27//20170427-VeryMax/ITS/From_T2__mc91test.t2__p3382_edge_closing_0.smt2 : 895200 ms.
--------------------------------------------------
timeout
../QF_NIA_split/QF_NIA_2_27//20170427-VeryMax/ITS/From_T2__mc91test.t2__p3383_edge_closing_0.smt2 : 1200072 ms.
--------------------------------------------------
sat
../QF_NIA_split/QF_NIA_2_27//20170427-VeryMax/ITS/From_T2__mc91test.t2__p3384_edge_closing_0.smt2 : 22024 ms.
--------------------------------------------------
timeout
../QF_NIA_split/QF_NIA_2_27//20170427-VeryMax/ITS/From_T2__mc91test.t2__p3385_edge_closing_0.smt2 : 1200083 ms.
--------------------------------------------------
timeout
../QF_NIA_split/QF_NIA_2_27//20170427-VeryMax/ITS/From_T2__mc91test.t2__p3386_edge_closing_0.smt2 : 1200066 ms.
--------------------------------------------------
sat
../QF_NIA_split/QF_NIA_2_27//20170427-VeryMax/ITS/From_T2__mc91test.t2__p3387_edge_closing_0.smt2 : 11212 ms.
--------------------------------------------------
sat
../QF_NIA_split/QF_NIA_2_27//20170427-VeryMax/ITS/From_T2__mc91test.t2__p3388_edge_closing_0.smt2 : 3608 ms.
--------------------------------------------------
sat
../QF_NIA_split/QF_NIA_2_27//20170427-VeryMax/ITS/From_T2__mc91test.t2__p3389_edge_closing_0.smt2 : 5342 ms.
--------------------------------------------------
sat
../QF_NIA_split/QF_NIA_2_27//20170427-VeryMax/ITS/From_T2__mc91test.t2__p3392_edge_closing_0.smt2 : 42163 ms.
--------------------------------------------------
sat
../QF_NIA_split/QF_NIA_2_27//20170427-VeryMax/ITS/From_T2__mc91test.t2__p3395_edge_closing_0.smt2 : 17827 ms.
--------------------------------------------------
unsat
../QF_NIA_split/QF_NIA_2_27//20170427-VeryMax/ITS/From_T2__mc91test.t2__terminationS_1_0.smt2 : 4960 ms.
--------------------------------------------------
unsat
../QF_NIA_split/QF_NIA_2_27//20170427-VeryMax/ITS/From_T2__mc91test.t2__terminationS_3_0.smt2 : 4269 ms.
--------------------------------------------------
unsat
../QF_NIA_split/QF_NIA_2_27//20170427-VeryMax/ITS/From_T2__mc91test.t2__terminationS_6_0.smt2 : 7322 ms.
--------------------------------------------------
sat
../QF_NIA_split/QF_NIA_2_27//20170427-VeryMax/ITS/From_T2__mc91test.t2__terminationS_9_0.smt2 : 4918 ms.
