nohup: ignoring input
--------------------------------------------------
sat
../STC_1_1000/1000.smt2 : 2740 ms.
--------------------------------------------------
sat
../STC_1_1000/100.smt2 : 992 ms.
--------------------------------------------------
sat
../STC_1_1000/101.smt2 : 2379 ms.
--------------------------------------------------
unknown
../STC_1_1000/102.smt2 : 8969 ms.
--------------------------------------------------
sat
../STC_1_1000/105.smt2 : 823 ms.
--------------------------------------------------
sat
../STC_1_1000/106.smt2 : 1877 ms.
--------------------------------------------------
sat
../STC_1_1000/107.smt2 : 884 ms.
--------------------------------------------------
unknown
../STC_1_1000/108.smt2 : 6758 ms.
--------------------------------------------------
sat
../STC_1_1000/109.smt2 : 4243 ms.
--------------------------------------------------
sat
../STC_1_1000/10.smt2 : 374 ms.
--------------------------------------------------
unknown
../STC_1_1000/110.smt2 : 7188 ms.
--------------------------------------------------
unknown
../STC_1_1000/111.smt2 : 13727 ms.
--------------------------------------------------
unknown
../STC_1_1000/114.smt2 : 8564 ms.
--------------------------------------------------
sat
../STC_1_1000/115.smt2 : 822 ms.
--------------------------------------------------
sat
../STC_1_1000/116.smt2 : 1857 ms.
--------------------------------------------------
sat
../STC_1_1000/117.smt2 : 2340 ms.
--------------------------------------------------
sat
../STC_1_1000/118.smt2 : 1282 ms.
--------------------------------------------------
sat
../STC_1_1000/119.smt2 : 4000 ms.
--------------------------------------------------
sat
../STC_1_1000/11.smt2 : 309 ms.
--------------------------------------------------
sat
../STC_1_1000/120.smt2 : 4071 ms.
--------------------------------------------------
sat
../STC_1_1000/123.smt2 : 1440 ms.
--------------------------------------------------
sat
../STC_1_1000/124.smt2 : 3514 ms.
--------------------------------------------------
sat
../STC_1_1000/125.smt2 : 664 ms.
--------------------------------------------------
sat
../STC_1_1000/126.smt2 : 738 ms.
--------------------------------------------------
sat
../STC_1_1000/127.smt2 : 4191 ms.
--------------------------------------------------
sat
../STC_1_1000/128.smt2 : 1835 ms.
--------------------------------------------------
sat
../STC_1_1000/129.smt2 : 5658 ms.
--------------------------------------------------
sat
../STC_1_1000/12.smt2 : 324 ms.
--------------------------------------------------
sat
../STC_1_1000/132.smt2 : 4456 ms.
--------------------------------------------------
sat
../STC_1_1000/133.smt2 : 3464 ms.
--------------------------------------------------
sat
../STC_1_1000/134.smt2 : 1907 ms.
--------------------------------------------------
sat
../STC_1_1000/135.smt2 : 27279 ms.
--------------------------------------------------
sat
../STC_1_1000/136.smt2 : 16375 ms.
--------------------------------------------------
sat
../STC_1_1000/137.smt2 : 10935 ms.
--------------------------------------------------
sat
../STC_1_1000/138.smt2 : 8620 ms.
--------------------------------------------------
sat
../STC_1_1000/141.smt2 : 1627 ms.
--------------------------------------------------
sat
../STC_1_1000/142.smt2 : 22937 ms.
--------------------------------------------------
unknown
../STC_1_1000/143.smt2 : 72556 ms.
--------------------------------------------------
sat
../STC_1_1000/144.smt2 : 2701 ms.
--------------------------------------------------
sat
../STC_1_1000/145.smt2 : 26071 ms.
--------------------------------------------------
sat
../STC_1_1000/146.smt2 : 4303 ms.
--------------------------------------------------
sat
../STC_1_1000/147.smt2 : 15090 ms.
--------------------------------------------------
unknown
../STC_1_1000/150.smt2 : 35214 ms.
--------------------------------------------------
sat
../STC_1_1000/151.smt2 : 8303 ms.
--------------------------------------------------
sat
../STC_1_1000/152.smt2 : 1282 ms.
--------------------------------------------------
sat
../STC_1_1000/153.smt2 : 4428 ms.
--------------------------------------------------
sat
../STC_1_1000/154.smt2 : 1799 ms.
--------------------------------------------------
sat
../STC_1_1000/155.smt2 : 1555 ms.
--------------------------------------------------
unknown
../STC_1_1000/156.smt2 : 37547 ms.
--------------------------------------------------
sat
../STC_1_1000/159.smt2 : 16252 ms.
--------------------------------------------------
sat
../STC_1_1000/15.smt2 : 479 ms.
--------------------------------------------------
sat
../STC_1_1000/160.smt2 : 7325 ms.
--------------------------------------------------
sat
../STC_1_1000/161.smt2 : 7641 ms.
--------------------------------------------------
sat
../STC_1_1000/162.smt2 : 6299 ms.
--------------------------------------------------
sat
../STC_1_1000/163.smt2 : 19836 ms.
--------------------------------------------------
sat
../STC_1_1000/164.smt2 : 6303 ms.
--------------------------------------------------
unknown
../STC_1_1000/165.smt2 : 71640 ms.
--------------------------------------------------
sat
../STC_1_1000/168.smt2 : 1764 ms.
--------------------------------------------------
sat
../STC_1_1000/169.smt2 : 22645 ms.
--------------------------------------------------
sat
../STC_1_1000/16.smt2 : 511 ms.
--------------------------------------------------
sat
../STC_1_1000/170.smt2 : 2780 ms.
--------------------------------------------------
sat
../STC_1_1000/171.smt2 : 1145 ms.
--------------------------------------------------
unknown
../STC_1_1000/172.smt2 : 40798 ms.
--------------------------------------------------
unknown
../STC_1_1000/173.smt2 : 69221 ms.
--------------------------------------------------
sat
../STC_1_1000/174.smt2 : 1574 ms.
--------------------------------------------------
sat
../STC_1_1000/177.smt2 : 10758 ms.
--------------------------------------------------
sat
../STC_1_1000/178.smt2 : 3583 ms.
--------------------------------------------------
sat
../STC_1_1000/179.smt2 : 6418 ms.
--------------------------------------------------
sat
../STC_1_1000/17.smt2 : 867 ms.
--------------------------------------------------
unknown
../STC_1_1000/180.smt2 : 36171 ms.
--------------------------------------------------
sat
../STC_1_1000/181.smt2 : 4390 ms.
--------------------------------------------------
sat
../STC_1_1000/182.smt2 : 1173 ms.
--------------------------------------------------
sat
../STC_1_1000/183.smt2 : 12211 ms.
--------------------------------------------------
sat
../STC_1_1000/186.smt2 : 6047 ms.
--------------------------------------------------
sat
../STC_1_1000/187.smt2 : 20267 ms.
--------------------------------------------------
sat
../STC_1_1000/188.smt2 : 675 ms.
--------------------------------------------------
sat
../STC_1_1000/189.smt2 : 7466 ms.
--------------------------------------------------
sat
../STC_1_1000/18.smt2 : 590 ms.
--------------------------------------------------
sat
../STC_1_1000/190.smt2 : 1877 ms.
--------------------------------------------------
sat
../STC_1_1000/191.smt2 : 840 ms.
--------------------------------------------------
sat
../STC_1_1000/192.smt2 : 34982 ms.
--------------------------------------------------
unknown
../STC_1_1000/195.smt2 : 75677 ms.
--------------------------------------------------
sat
../STC_1_1000/196.smt2 : 7160 ms.
--------------------------------------------------
sat
../STC_1_1000/197.smt2 : 5976 ms.
--------------------------------------------------
sat
../STC_1_1000/198.smt2 : 9934 ms.
--------------------------------------------------
sat
../STC_1_1000/199.smt2 : 11157 ms.
--------------------------------------------------
sat
../STC_1_1000/19.smt2 : 551 ms.
--------------------------------------------------
sat
../STC_1_1000/1.smt2 : 350 ms.
--------------------------------------------------
sat
../STC_1_1000/200.smt2 : 3187 ms.
--------------------------------------------------
sat
../STC_1_1000/201.smt2 : 19344 ms.
--------------------------------------------------
sat
../STC_1_1000/204.smt2 : 2260 ms.
--------------------------------------------------
sat
../STC_1_1000/205.smt2 : 9435 ms.
--------------------------------------------------
sat
../STC_1_1000/206.smt2 : 989 ms.
--------------------------------------------------
sat
../STC_1_1000/207.smt2 : 10886 ms.
--------------------------------------------------
sat
../STC_1_1000/208.smt2 : 7363 ms.
--------------------------------------------------
sat
../STC_1_1000/209.smt2 : 1106 ms.
--------------------------------------------------
sat
../STC_1_1000/20.smt2 : 499 ms.
--------------------------------------------------
sat
../STC_1_1000/210.smt2 : 2622 ms.
--------------------------------------------------
unknown
../STC_1_1000/213.smt2 : 68055 ms.
--------------------------------------------------
sat
../STC_1_1000/214.smt2 : 839 ms.
--------------------------------------------------
sat
../STC_1_1000/215.smt2 : 938 ms.
--------------------------------------------------
sat
../STC_1_1000/216.smt2 : 515 ms.
--------------------------------------------------
sat
../STC_1_1000/217.smt2 : 931 ms.
--------------------------------------------------
sat
../STC_1_1000/218.smt2 : 1904 ms.
--------------------------------------------------
sat
../STC_1_1000/219.smt2 : 19589 ms.
--------------------------------------------------
sat
../STC_1_1000/21.smt2 : 751 ms.
--------------------------------------------------
sat
../STC_1_1000/222.smt2 : 3385 ms.
--------------------------------------------------
sat
../STC_1_1000/223.smt2 : 1301 ms.
--------------------------------------------------
sat
../STC_1_1000/224.smt2 : 6671 ms.
--------------------------------------------------
sat
../STC_1_1000/225.smt2 : 5360 ms.
--------------------------------------------------
sat
../STC_1_1000/226.smt2 : 702 ms.
--------------------------------------------------
unknown
../STC_1_1000/227.smt2 : 70283 ms.
--------------------------------------------------
unknown
../STC_1_1000/228.smt2 : 38439 ms.
--------------------------------------------------
unknown
../STC_1_1000/231.smt2 : 65958 ms.
--------------------------------------------------
sat
../STC_1_1000/232.smt2 : 2647 ms.
--------------------------------------------------
sat
../STC_1_1000/233.smt2 : 8624 ms.
--------------------------------------------------
sat
../STC_1_1000/234.smt2 : 30112 ms.
--------------------------------------------------
sat
../STC_1_1000/235.smt2 : 1781 ms.
--------------------------------------------------
unknown
../STC_1_1000/236.smt2 : 40999 ms.
--------------------------------------------------
unknown
../STC_1_1000/237.smt2 : 66612 ms.
--------------------------------------------------
sat
../STC_1_1000/240.smt2 : 4196 ms.
--------------------------------------------------
sat
../STC_1_1000/241.smt2 : 2531 ms.
--------------------------------------------------
sat
../STC_1_1000/242.smt2 : 7560 ms.
--------------------------------------------------
sat
../STC_1_1000/243.smt2 : 33217 ms.
--------------------------------------------------
sat
../STC_1_1000/244.smt2 : 3192 ms.
--------------------------------------------------
sat
../STC_1_1000/245.smt2 : 31173 ms.
--------------------------------------------------
sat
../STC_1_1000/246.smt2 : 2221 ms.
--------------------------------------------------
sat
../STC_1_1000/249.smt2 : 25903 ms.
--------------------------------------------------
sat
../STC_1_1000/24.smt2 : 609 ms.
--------------------------------------------------
sat
../STC_1_1000/250.smt2 : 1721 ms.
--------------------------------------------------
sat
../STC_1_1000/251.smt2 : 4499 ms.
--------------------------------------------------
sat
../STC_1_1000/252.smt2 : 1730 ms.
--------------------------------------------------
sat
../STC_1_1000/253.smt2 : 960 ms.
--------------------------------------------------
sat
../STC_1_1000/254.smt2 : 9733 ms.
--------------------------------------------------
unknown
../STC_1_1000/255.smt2 : 60495 ms.
--------------------------------------------------
sat
../STC_1_1000/258.smt2 : 30749 ms.
--------------------------------------------------
sat
../STC_1_1000/259.smt2 : 15444 ms.
--------------------------------------------------
sat
../STC_1_1000/25.smt2 : 485 ms.
--------------------------------------------------
sat
../STC_1_1000/260.smt2 : 10537 ms.
--------------------------------------------------
sat
../STC_1_1000/261.smt2 : 38145 ms.
--------------------------------------------------
unknown
../STC_1_1000/262.smt2 : 100405 ms.
--------------------------------------------------
sat
../STC_1_1000/263.smt2 : 76884 ms.
--------------------------------------------------
unknown
../STC_1_1000/264.smt2 : 100256 ms.
--------------------------------------------------
sat
../STC_1_1000/267.smt2 : 38769 ms.
--------------------------------------------------
unknown
../STC_1_1000/268.smt2 : 100279 ms.
--------------------------------------------------
sat
../STC_1_1000/269.smt2 : 53413 ms.
--------------------------------------------------
sat
../STC_1_1000/26.smt2 : 426 ms.
--------------------------------------------------
sat
../STC_1_1000/270.smt2 : 22422 ms.
--------------------------------------------------
sat
../STC_1_1000/271.smt2 : 62255 ms.
--------------------------------------------------
sat
../STC_1_1000/272.smt2 : 4384 ms.
--------------------------------------------------
unknown
../STC_1_1000/273.smt2 : 100365 ms.
--------------------------------------------------
unknown
../STC_1_1000/276.smt2 : 100366 ms.
--------------------------------------------------
sat
../STC_1_1000/277.smt2 : 39276 ms.
--------------------------------------------------
sat
../STC_1_1000/278.smt2 : 10717 ms.
--------------------------------------------------
sat
../STC_1_1000/279.smt2 : 23916 ms.
--------------------------------------------------
sat
../STC_1_1000/27.smt2 : 353 ms.
--------------------------------------------------
sat
../STC_1_1000/280.smt2 : 20835 ms.
--------------------------------------------------
sat
../STC_1_1000/281.smt2 : 15330 ms.
--------------------------------------------------
sat
../STC_1_1000/282.smt2 : 1130 ms.
--------------------------------------------------
unknown
../STC_1_1000/285.smt2 : 100246 ms.
--------------------------------------------------
sat
../STC_1_1000/286.smt2 : 12348 ms.
--------------------------------------------------
sat
../STC_1_1000/287.smt2 : 20581 ms.
--------------------------------------------------
sat
../STC_1_1000/288.smt2 : 1505 ms.
--------------------------------------------------
sat
../STC_1_1000/289.smt2 : 77380 ms.
--------------------------------------------------
sat
../STC_1_1000/28.smt2 : 535 ms.
--------------------------------------------------
unknown
../STC_1_1000/290.smt2 : 100265 ms.
--------------------------------------------------
unknown
../STC_1_1000/291.smt2 : 100262 ms.
--------------------------------------------------
sat
../STC_1_1000/294.smt2 : 17845 ms.
--------------------------------------------------
sat
../STC_1_1000/295.smt2 : 4187 ms.
--------------------------------------------------
sat
../STC_1_1000/296.smt2 : 26221 ms.
--------------------------------------------------
sat
../STC_1_1000/297.smt2 : 3437 ms.
--------------------------------------------------
sat
../STC_1_1000/298.smt2 : 10723 ms.
--------------------------------------------------
sat
../STC_1_1000/299.smt2 : 51115 ms.
--------------------------------------------------
sat
../STC_1_1000/29.smt2 : 507 ms.
--------------------------------------------------
sat
../STC_1_1000/2.smt2 : 294 ms.
--------------------------------------------------
sat
../STC_1_1000/300.smt2 : 21408 ms.
--------------------------------------------------
sat
../STC_1_1000/303.smt2 : 20046 ms.
--------------------------------------------------
sat
../STC_1_1000/304.smt2 : 28875 ms.
--------------------------------------------------
sat
../STC_1_1000/305.smt2 : 79597 ms.
--------------------------------------------------
sat
../STC_1_1000/306.smt2 : 3924 ms.
--------------------------------------------------
sat
../STC_1_1000/307.smt2 : 10757 ms.
--------------------------------------------------
sat
../STC_1_1000/308.smt2 : 11122 ms.
--------------------------------------------------
sat
../STC_1_1000/309.smt2 : 36643 ms.
--------------------------------------------------
unknown
../STC_1_1000/30.smt2 : 791 ms.
--------------------------------------------------
unknown
../STC_1_1000/312.smt2 : 100275 ms.
--------------------------------------------------
sat
../STC_1_1000/313.smt2 : 38481 ms.
--------------------------------------------------
sat
../STC_1_1000/314.smt2 : 1010 ms.
--------------------------------------------------
sat
../STC_1_1000/315.smt2 : 7588 ms.
--------------------------------------------------
sat
../STC_1_1000/316.smt2 : 890 ms.
--------------------------------------------------
sat
../STC_1_1000/317.smt2 : 7027 ms.
--------------------------------------------------
unknown
../STC_1_1000/318.smt2 : 100328 ms.
--------------------------------------------------
unknown
../STC_1_1000/321.smt2 : 100406 ms.
--------------------------------------------------
sat
../STC_1_1000/322.smt2 : 67621 ms.
--------------------------------------------------
sat
../STC_1_1000/323.smt2 : 34238 ms.
--------------------------------------------------
sat
../STC_1_1000/324.smt2 : 20450 ms.
--------------------------------------------------
sat
../STC_1_1000/325.smt2 : 53673 ms.
--------------------------------------------------
sat
../STC_1_1000/326.smt2 : 14099 ms.
--------------------------------------------------
sat
../STC_1_1000/327.smt2 : 43041 ms.
--------------------------------------------------
sat
../STC_1_1000/330.smt2 : 18455 ms.
--------------------------------------------------
sat
../STC_1_1000/331.smt2 : 7621 ms.
--------------------------------------------------
sat
../STC_1_1000/332.smt2 : 936 ms.
--------------------------------------------------
sat
../STC_1_1000/333.smt2 : 22450 ms.
--------------------------------------------------
sat
../STC_1_1000/334.smt2 : 792 ms.
--------------------------------------------------
sat
../STC_1_1000/335.smt2 : 8714 ms.
--------------------------------------------------
sat
../STC_1_1000/336.smt2 : 8564 ms.
--------------------------------------------------
sat
../STC_1_1000/339.smt2 : 6333 ms.
--------------------------------------------------
unknown
../STC_1_1000/33.smt2 : 2254 ms.
--------------------------------------------------
sat
../STC_1_1000/340.smt2 : 16805 ms.
--------------------------------------------------
sat
../STC_1_1000/341.smt2 : 974 ms.
--------------------------------------------------
sat
../STC_1_1000/342.smt2 : 913 ms.
--------------------------------------------------
sat
../STC_1_1000/343.smt2 : 1228 ms.
--------------------------------------------------
sat
../STC_1_1000/344.smt2 : 16360 ms.
--------------------------------------------------
unknown
../STC_1_1000/345.smt2 : 100254 ms.
--------------------------------------------------
