--------------------------------------------------
unknown
../New_SAT_split/QF_NIA_2_3/20170427-VeryMax/ITS/From_AProVE_2014__Alternate.jar-obl-10__p27466_terminationG_0.smt2 : 1367 ms.
--------------------------------------------------
unknown
../New_SAT_split/QF_NIA_2_3/20170427-VeryMax/ITS/From_AProVE_2014__Alternate.jar-obl-10__p27467_terminationG_0.smt2 : 1297 ms.
--------------------------------------------------
unknown
../New_SAT_split/QF_NIA_2_3/20170427-VeryMax/ITS/From_AProVE_2014__Alternate.jar-obl-10__p27468_terminationG_0.smt2 : 1517 ms.
--------------------------------------------------
sat
../New_SAT_split/QF_NIA_2_3/20170427-VeryMax/ITS/From_AProVE_2014__AlternatingGrowReduce2.jar-obl-9__p27492_terminationG_0.smt2 : 3283 ms.
--------------------------------------------------
sat
../New_SAT_split/QF_NIA_2_3/20170427-VeryMax/ITS/From_AProVE_2014__AlternatingGrowReduce2.jar-obl-9__p27493_terminationG_0.smt2 : 22503 ms.
--------------------------------------------------
sat
../New_SAT_split/QF_NIA_2_3/20170427-VeryMax/ITS/From_AProVE_2014__AlternatingGrowReduceRec2.jar-obl-9__p27518_terminationG_0.smt2 : 2774 ms.
--------------------------------------------------
sat
../New_SAT_split/QF_NIA_2_3/20170427-VeryMax/ITS/From_AProVE_2014__AlternatingGrowReduceRec2.jar-obl-9__p27519_terminationG_0.smt2 : 4772 ms.
--------------------------------------------------
sat
../New_SAT_split/QF_NIA_2_3/20170427-VeryMax/ITS/From_AProVE_2014__AlternatingGrowReduceRec2.jar-obl-9__p27529_edge_closing_0.smt2 : 14065 ms.
--------------------------------------------------
sat
../New_SAT_split/QF_NIA_2_3/20170427-VeryMax/ITS/From_AProVE_2014__AlternatingGrowReduceRec2.jar-obl-9__p27530_edge_closing_0.smt2 : 960429 ms.
--------------------------------------------------
sat
../New_SAT_split/QF_NIA_2_3/20170427-VeryMax/ITS/From_AProVE_2014__alternDivWidening_rec.jar-obl-8__p27568_terminationG_0.smt2 : 29124 ms.
--------------------------------------------------
sat
../New_SAT_split/QF_NIA_2_3/20170427-VeryMax/ITS/From_AProVE_2014__alternDivWidening_rec.jar-obl-8__p27569_terminationG_0.smt2 : 16561 ms.
--------------------------------------------------
sat
../New_SAT_split/QF_NIA_2_3/20170427-VeryMax/ITS/From_AProVE_2014__alternDivWidening_rec.jar-obl-8__p27573_terminationG_0.smt2 : 2600 ms.
--------------------------------------------------
sat
../New_SAT_split/QF_NIA_2_3/20170427-VeryMax/ITS/From_AProVE_2014__alternDivWidening_rec.jar-obl-8__p27574_terminationG_0.smt2 : 257541 ms.
--------------------------------------------------
sat
../New_SAT_split/QF_NIA_2_3/20170427-VeryMax/ITS/From_AProVE_2014__alternDivWidening_rec.jar-obl-8__p27577_terminationG_0.smt2 : 3288 ms.
--------------------------------------------------
sat
../New_SAT_split/QF_NIA_2_3/20170427-VeryMax/ITS/From_AProVE_2014__alternDivWidening_rec.jar-obl-8__p27578_terminationG_0.smt2 : 10725 ms.
--------------------------------------------------
sat
../New_SAT_split/QF_NIA_2_3/20170427-VeryMax/ITS/From_AProVE_2014__alternDivWidening_rec.jar-obl-8__p27579_terminationG_0.smt2 : 100864 ms.
--------------------------------------------------
sat
../New_SAT_split/QF_NIA_2_3/20170427-VeryMax/ITS/From_AProVE_2014__alternDivWide_rec.jar-obl-8__p27598_terminationG_0.smt2 : 4925 ms.
--------------------------------------------------
sat
../New_SAT_split/QF_NIA_2_3/20170427-VeryMax/ITS/From_AProVE_2014__alternKonv_rec.jar-obl-8__p27631_terminationG_0.smt2 : 21647 ms.
--------------------------------------------------
sat
../New_SAT_split/QF_NIA_2_3/20170427-VeryMax/ITS/From_AProVE_2014__AProVE12-cyclic-Iterate.jar-obl-9__p27657_terminationG_0.smt2 : 3594 ms.
--------------------------------------------------
sat
../New_SAT_split/QF_NIA_2_3/20170427-VeryMax/ITS/From_AProVE_2014__AProVE12-cyclic-Length.jar-obl-9__p27666_terminationG_0.smt2 : 8963 ms.
--------------------------------------------------
sat
../New_SAT_split/QF_NIA_2_3/20170427-VeryMax/ITS/From_AProVE_2014__AProVE12-cyclic-Visit.jar-obl-9__p27675_terminationG_0.smt2 : 19068 ms.
--------------------------------------------------
sat
../New_SAT_split/QF_NIA_2_3/20170427-VeryMax/ITS/From_AProVE_2014__AProVE12-cyclic-Visit.jar-obl-9__p27683_safety_0.smt2 : 21775 ms.
--------------------------------------------------
sat
../New_SAT_split/QF_NIA_2_3/20170427-VeryMax/ITS/From_AProVE_2014__AProVE12-cyclic-Visit.jar-obl-9__p27686_edge_closing_0.smt2 : 3964 ms.
--------------------------------------------------
sat
../New_SAT_split/QF_NIA_2_3/20170427-VeryMax/ITS/From_AProVE_2014__AProVE12-cyclic-Visit.jar-obl-9__p27687_edge_closing_0.smt2 : 2142 ms.
--------------------------------------------------
sat
../New_SAT_split/QF_NIA_2_3/20170427-VeryMax/ITS/From_AProVE_2014__BinTreeChanger.jar-obl-10__p27723_terminationG_0.smt2 : 85565 ms.
--------------------------------------------------
sat
../New_SAT_split/QF_NIA_2_3/20170427-VeryMax/ITS/From_AProVE_2014__BinTreeChanger.jar-obl-10__p27729_terminationG_0.smt2 : 2112547 ms.
--------------------------------------------------
sat
../New_SAT_split/QF_NIA_2_3/20170427-VeryMax/ITS/From_AProVE_2014__BinTreeChanger.jar-obl-10__p27732_terminationG_0.smt2 : 2482 ms.
--------------------------------------------------
sat
../New_SAT_split/QF_NIA_2_3/20170427-VeryMax/ITS/From_AProVE_2014__BinTreeChanger.jar-obl-10__p27733_terminationG_0.smt2 : 42730 ms.
--------------------------------------------------
sat
../New_SAT_split/QF_NIA_2_3/20170427-VeryMax/ITS/From_AProVE_2014__BinTreeChanger.jar-obl-10__p27734_terminationG_0.smt2 : 18384 ms.
--------------------------------------------------
sat
../New_SAT_split/QF_NIA_2_3/20170427-VeryMax/ITS/From_AProVE_2014__BMOG_CAV_12_MarkingGraphVisitor.jar-obl-11__p27743_terminationG_0.smt2 : 2101 ms.
--------------------------------------------------
sat
../New_SAT_split/QF_NIA_2_3/20170427-VeryMax/ITS/From_AProVE_2014__BMOG_CAV_12_MarkingGraphVisitor.jar-obl-11__p27745_terminationG_0.smt2 : 7065 ms.
--------------------------------------------------
sat
../New_SAT_split/QF_NIA_2_3/20170427-VeryMax/ITS/From_AProVE_2014__BMOG_CAV_12_MarkingGraphVisitor.jar-obl-11__p27750_terminationG_0.smt2 : 22966 ms.
--------------------------------------------------
sat
../New_SAT_split/QF_NIA_2_3/20170427-VeryMax/ITS/From_AProVE_2014__BMOG_CAV_12_MarkingGraphVisitor.jar-obl-11__p27754_safety_0.smt2 : 3142 ms.
--------------------------------------------------
sat
../New_SAT_split/QF_NIA_2_3/20170427-VeryMax/ITS/From_AProVE_2014__BMOG_CAV_12_MarkingGraphVisitor.jar-obl-11__p27755_safety_0.smt2 : 5529 ms.
--------------------------------------------------
sat
../New_SAT_split/QF_NIA_2_3/20170427-VeryMax/ITS/From_AProVE_2014__Choose.jar-obl-8__p27814_edge_closing_0.smt2 : 831 ms.
--------------------------------------------------
sat
../New_SAT_split/QF_NIA_2_3/20170427-VeryMax/ITS/From_AProVE_2014__ChooseLife.jar-obl-8__p27837_edge_closing_0.smt2 : 21423 ms.
--------------------------------------------------
sat
../New_SAT_split/QF_NIA_2_3/20170427-VeryMax/ITS/From_AProVE_2014__complxStruc_rec.jar-obl-8__p27925_terminationG_0.smt2 : 1927 ms.
--------------------------------------------------
sat
../New_SAT_split/QF_NIA_2_3/20170427-VeryMax/ITS/From_AProVE_2014__complxStruc_rec.jar-obl-8__p27926_terminationG_0.smt2 : 5206 ms.
--------------------------------------------------
sat
../New_SAT_split/QF_NIA_2_3/20170427-VeryMax/ITS/From_AProVE_2014__complxStruc_rec.jar-obl-8__p27927_terminationG_0.smt2 : 152468 ms.
--------------------------------------------------
sat
../New_SAT_split/QF_NIA_2_3/20170427-VeryMax/ITS/From_AProVE_2014__complxStruc_rec.jar-obl-8__p27944_edge_closing_0.smt2 : 128348 ms.
--------------------------------------------------
sat
../New_SAT_split/QF_NIA_2_3/20170427-VeryMax/ITS/From_AProVE_2014__complxStruc_rec.jar-obl-8__p27949_edge_closing_0.smt2 : 168060 ms.
--------------------------------------------------
sat
../New_SAT_split/QF_NIA_2_3/20170427-VeryMax/ITS/From_AProVE_2014__complxStruc_rec.jar-obl-8__p27950_edge_closing_0.smt2 : 36868 ms.
--------------------------------------------------
sat
../New_SAT_split/QF_NIA_2_3/20170427-VeryMax/ITS/From_AProVE_2014__Convert.jar-obl-9__p27976_edge_closing_0.smt2 : 4035 ms.
--------------------------------------------------
sat
../New_SAT_split/QF_NIA_2_3/20170427-VeryMax/ITS/From_AProVE_2014__ConvertRec.jar-obl-9__p28045_edge_closing_0.smt2 : 1920 ms.
--------------------------------------------------
sat
../New_SAT_split/QF_NIA_2_3/20170427-VeryMax/ITS/From_AProVE_2014__ConvertRec.jar-obl-9__p28046_edge_closing_0.smt2 : 6456 ms.
--------------------------------------------------
sat
../New_SAT_split/QF_NIA_2_3/20170427-VeryMax/ITS/From_AProVE_2014__convLower_rec.jar-obl-8__p28054_terminationG_0.smt2 : 1363 ms.
--------------------------------------------------
sat
../New_SAT_split/QF_NIA_2_3/20170427-VeryMax/ITS/From_AProVE_2014__convLower_rec.jar-obl-8__p28063_terminationG_0.smt2 : 571 ms.
--------------------------------------------------
sat
../New_SAT_split/QF_NIA_2_3/20170427-VeryMax/ITS/From_AProVE_2014__convLower_rec.jar-obl-8__p28064_terminationG_0.smt2 : 2604 ms.
--------------------------------------------------
sat
../New_SAT_split/QF_NIA_2_3/20170427-VeryMax/ITS/From_AProVE_2014__convLower_rec.jar-obl-8__p28065_terminationG_0.smt2 : 26410 ms.
--------------------------------------------------
unknown
../New_SAT_split/QF_NIA_2_3/20170427-VeryMax/ITS/From_AProVE_2014__Count.jar-obl-10-2__p28113_terminationG_0.smt2 : 1336 ms.
--------------------------------------------------
unknown
../New_SAT_split/QF_NIA_2_3/20170427-VeryMax/ITS/From_AProVE_2014__Count.jar-obl-10-2__p28114_terminationG_0.smt2 : 1451 ms.
--------------------------------------------------
unknown
../New_SAT_split/QF_NIA_2_3/20170427-VeryMax/ITS/From_AProVE_2014__Count.jar-obl-10-2__p28115_terminationG_0.smt2 : 1235 ms.
--------------------------------------------------
sat
../New_SAT_split/QF_NIA_2_3/20170427-VeryMax/ITS/From_AProVE_2014__Count.jar-obl-10__p28147_terminationG_0.smt2 : 5522 ms.
--------------------------------------------------
sat
../New_SAT_split/QF_NIA_2_3/20170427-VeryMax/ITS/From_AProVE_2014__Count.jar-obl-10__p28153_terminationG_0.smt2 : 17297 ms.
--------------------------------------------------
sat
../New_SAT_split/QF_NIA_2_3/20170427-VeryMax/ITS/From_AProVE_2014__Count.jar-obl-10__p28154_terminationG_0.smt2 : 7644 ms.
--------------------------------------------------
sat
../New_SAT_split/QF_NIA_2_3/20170427-VeryMax/ITS/From_AProVE_2014__Count.jar-obl-10__p28160_terminationG_0.smt2 : 14001 ms.
--------------------------------------------------
sat
../New_SAT_split/QF_NIA_2_3/20170427-VeryMax/ITS/From_AProVE_2014__Count.jar-obl-10__p28161_terminationG_0.smt2 : 109930 ms.
--------------------------------------------------
sat
../New_SAT_split/QF_NIA_2_3/20170427-VeryMax/ITS/From_AProVE_2014__Count.jar-obl-10__p28172_edge_closing_0.smt2 : 61973 ms.
--------------------------------------------------
sat
../New_SAT_split/QF_NIA_2_3/20170427-VeryMax/ITS/From_AProVE_2014__Count.jar-obl-10__p28173_edge_closing_0.smt2 : 61817 ms.
--------------------------------------------------
sat
../New_SAT_split/QF_NIA_2_3/20170427-VeryMax/ITS/From_AProVE_2014__CountMetaList.jar-obl-9__p28196_terminationG_0.smt2 : 356274 ms.
--------------------------------------------------
sat
../New_SAT_split/QF_NIA_2_3/20170427-VeryMax/ITS/From_AProVE_2014__CountMetaList.jar-obl-9__p28208_edge_closing_0.smt2 : 40381 ms.
--------------------------------------------------
unknown
../New_SAT_split/QF_NIA_2_3/20170427-VeryMax/ITS/From_AProVE_2014__CountMetaList.jar-obl-9__p28209_edge_closing_0.smt2 : 2400284 ms.
--------------------------------------------------
sat
../New_SAT_split/QF_NIA_2_3/20170427-VeryMax/ITS/From_AProVE_2014__CountMetaListRec.jar-obl-9__p28222_terminationG_0.smt2 : 12896 ms.
--------------------------------------------------
sat
../New_SAT_split/QF_NIA_2_3/20170427-VeryMax/ITS/From_AProVE_2014__CountMetaListRec.jar-obl-9__p28223_terminationG_0.smt2 : 1041586 ms.
--------------------------------------------------
sat
../New_SAT_split/QF_NIA_2_3/20170427-VeryMax/ITS/From_AProVE_2014__CountMetaListRec.jar-obl-9__p28235_edge_closing_0.smt2 : 22173 ms.
--------------------------------------------------
unknown
../New_SAT_split/QF_NIA_2_3/20170427-VeryMax/ITS/From_AProVE_2014__CountMetaListRec.jar-obl-9__p28236_edge_closing_0.smt2 : 2401006 ms.
--------------------------------------------------
sat
../New_SAT_split/QF_NIA_2_3/20170427-VeryMax/ITS/From_AProVE_2014__cousot_rec.jar-obl-8__p28393_edge_closing_0.smt2 : 49203 ms.
--------------------------------------------------
sat
../New_SAT_split/QF_NIA_2_3/20170427-VeryMax/ITS/From_AProVE_2014__cousot_rec.jar-obl-8__p28395_edge_closing_0.smt2 : 2535 ms.
--------------------------------------------------
unknown
../New_SAT_split/QF_NIA_2_3/20170427-VeryMax/ITS/From_AProVE_2014__cousot_rec.jar-obl-8__terminationQ_25_0.smt2 : 269 ms.
--------------------------------------------------
sat
../New_SAT_split/QF_NIA_2_3/20170427-VeryMax/ITS/From_AProVE_2014__CyclicalListDuplicate.jar-obl-9__p28410_terminationG_0.smt2 : 1280 ms.
--------------------------------------------------
sat
../New_SAT_split/QF_NIA_2_3/20170427-VeryMax/ITS/From_AProVE_2014__CyclicalListDuplicate.jar-obl-9__p28418_safety_0.smt2 : 1591 ms.
--------------------------------------------------
sat
../New_SAT_split/QF_NIA_2_3/20170427-VeryMax/ITS/From_AProVE_2014__CyclicalListDuplicate.jar-obl-9__p28421_safety_0.smt2 : 18193 ms.
--------------------------------------------------
unknown
../New_SAT_split/QF_NIA_2_3/20170427-VeryMax/ITS/From_AProVE_2014__Distances.jar-obl-19__p28453_terminationG_0.smt2 : 1153 ms.
--------------------------------------------------
unknown
../New_SAT_split/QF_NIA_2_3/20170427-VeryMax/ITS/From_AProVE_2014__Distances.jar-obl-19__p28454_terminationG_0.smt2 : 1460 ms.
--------------------------------------------------
unknown
../New_SAT_split/QF_NIA_2_3/20170427-VeryMax/ITS/From_AProVE_2014__Distances.jar-obl-19__p28455_terminationG_0.smt2 : 1510 ms.
--------------------------------------------------
unknown
../New_SAT_split/QF_NIA_2_3/20170427-VeryMax/ITS/From_AProVE_2014__Distances.jar-obl-19__p28458_terminationG_0.smt2 : 1492 ms.
--------------------------------------------------
unknown
../New_SAT_split/QF_NIA_2_3/20170427-VeryMax/ITS/From_AProVE_2014__Distances.jar-obl-19__p28459_terminationG_0.smt2 : 1779 ms.
--------------------------------------------------
unknown
../New_SAT_split/QF_NIA_2_3/20170427-VeryMax/ITS/From_AProVE_2014__Distances.jar-obl-19__p28460_terminationG_0.smt2 : 1819 ms.
--------------------------------------------------
unknown
../New_SAT_split/QF_NIA_2_3/20170427-VeryMax/ITS/From_AProVE_2014__Distances.jar-obl-19__terminationQ_0_0.smt2 : 1334 ms.
--------------------------------------------------
unknown
../New_SAT_split/QF_NIA_2_3/20170427-VeryMax/ITS/From_AProVE_2014__Distances.jar-obl-19__terminationQ_1_0.smt2 : 1617 ms.
--------------------------------------------------
sat
../New_SAT_split/QF_NIA_2_3/20170427-VeryMax/ITS/From_AProVE_2014__DivMinus.jar-obl-11__p28474_terminationG_0.smt2 : 9068 ms.
--------------------------------------------------
sat
../New_SAT_split/QF_NIA_2_3/20170427-VeryMax/ITS/From_AProVE_2014__DivMinus.jar-obl-11__p28475_terminationG_0.smt2 : 10881 ms.
--------------------------------------------------
sat
../New_SAT_split/QF_NIA_2_3/20170427-VeryMax/ITS/From_AProVE_2014__DivMinus.jar-obl-11__p28476_terminationG_0.smt2 : 54413 ms.
--------------------------------------------------
sat
../New_SAT_split/QF_NIA_2_3/20170427-VeryMax/ITS/From_AProVE_2014__DivMinus.jar-obl-11__p28483_terminationG_0.smt2 : 7640 ms.
--------------------------------------------------
sat
../New_SAT_split/QF_NIA_2_3/20170427-VeryMax/ITS/From_AProVE_2014__DivMinus.jar-obl-11__p28484_terminationG_0.smt2 : 11861 ms.
--------------------------------------------------
sat
../New_SAT_split/QF_NIA_2_3/20170427-VeryMax/ITS/From_AProVE_2014__DivMinus.jar-obl-11__p28485_terminationG_0.smt2 : 83566 ms.
--------------------------------------------------
sat
../New_SAT_split/QF_NIA_2_3/20170427-VeryMax/ITS/From_AProVE_2014__DivMinus.jar-obl-11__p28492_terminationG_0.smt2 : 8019 ms.
--------------------------------------------------
sat
../New_SAT_split/QF_NIA_2_3/20170427-VeryMax/ITS/From_AProVE_2014__DivMinus.jar-obl-11__p28493_terminationG_0.smt2 : 43219 ms.
--------------------------------------------------
unknown
../New_SAT_split/QF_NIA_2_3/20170427-VeryMax/ITS/From_AProVE_2014__DivMinus.jar-obl-11__p28494_terminationG_0.smt2 : 815 ms.
--------------------------------------------------
sat
../New_SAT_split/QF_NIA_2_3/20170427-VeryMax/ITS/From_AProVE_2014__DivMinus.jar-obl-11__p28501_terminationG_0.smt2 : 8498 ms.
--------------------------------------------------
sat
../New_SAT_split/QF_NIA_2_3/20170427-VeryMax/ITS/From_AProVE_2014__DivMinus.jar-obl-11__p28502_terminationG_0.smt2 : 85200 ms.
--------------------------------------------------
unknown
../New_SAT_split/QF_NIA_2_3/20170427-VeryMax/ITS/From_AProVE_2014__DivMinus.jar-obl-11__p28503_terminationG_0.smt2 : 1106 ms.
--------------------------------------------------
sat
../New_SAT_split/QF_NIA_2_3/20170427-VeryMax/ITS/From_AProVE_2014__DivMinus.jar-obl-11__p28510_terminationG_0.smt2 : 7181 ms.
--------------------------------------------------
sat
../New_SAT_split/QF_NIA_2_3/20170427-VeryMax/ITS/From_AProVE_2014__DivMinus.jar-obl-11__p28511_terminationG_0.smt2 : 50265 ms.
--------------------------------------------------
unknown
../New_SAT_split/QF_NIA_2_3/20170427-VeryMax/ITS/From_AProVE_2014__DivMinus.jar-obl-11__p28512_terminationG_0.smt2 : 1065 ms.
--------------------------------------------------
sat
../New_SAT_split/QF_NIA_2_3/20170427-VeryMax/ITS/From_AProVE_2014__DivMinus.jar-obl-11__p28519_terminationG_0.smt2 : 12994 ms.
--------------------------------------------------
sat
../New_SAT_split/QF_NIA_2_3/20170427-VeryMax/ITS/From_AProVE_2014__DivMinus.jar-obl-11__p28520_terminationG_0.smt2 : 34807 ms.
--------------------------------------------------
unknown
../New_SAT_split/QF_NIA_2_3/20170427-VeryMax/ITS/From_AProVE_2014__DivMinus.jar-obl-11__p28521_terminationG_0.smt2 : 920 ms.
--------------------------------------------------
sat
../New_SAT_split/QF_NIA_2_3/20170427-VeryMax/ITS/From_AProVE_2014__DivMinus.jar-obl-11__p28528_terminationG_0.smt2 : 7934 ms.
--------------------------------------------------
sat
../New_SAT_split/QF_NIA_2_3/20170427-VeryMax/ITS/From_AProVE_2014__DivMinus.jar-obl-11__p28529_terminationG_0.smt2 : 15455 ms.
--------------------------------------------------
unknown
../New_SAT_split/QF_NIA_2_3/20170427-VeryMax/ITS/From_AProVE_2014__DivMinus.jar-obl-11__p28530_terminationG_0.smt2 : 1199 ms.
--------------------------------------------------
sat
../New_SAT_split/QF_NIA_2_3/20170427-VeryMax/ITS/From_AProVE_2014__DivMinus.jar-obl-11__p28537_terminationG_0.smt2 : 58898 ms.
--------------------------------------------------
sat
../New_SAT_split/QF_NIA_2_3/20170427-VeryMax/ITS/From_AProVE_2014__DivMinus.jar-obl-11__p28538_terminationG_0.smt2 : 86882 ms.
--------------------------------------------------
unknown
../New_SAT_split/QF_NIA_2_3/20170427-VeryMax/ITS/From_AProVE_2014__DivMinus.jar-obl-11__p28539_terminationG_0.smt2 : 1109 ms.
--------------------------------------------------
unknown
../New_SAT_split/QF_NIA_2_3/20170427-VeryMax/ITS/From_AProVE_2014__DivMinus.jar-obl-11__p28550_edge_closing_0.smt2 : 1369 ms.
--------------------------------------------------
unknown
../New_SAT_split/QF_NIA_2_3/20170427-VeryMax/ITS/From_AProVE_2014__DivMinus.jar-obl-11__p28551_edge_closing_0.smt2 : 1127 ms.
--------------------------------------------------
unknown
../New_SAT_split/QF_NIA_2_3/20170427-VeryMax/ITS/From_AProVE_2014__DivMinus.jar-obl-11__p28552_edge_closing_0.smt2 : 1247 ms.
--------------------------------------------------
unknown
../New_SAT_split/QF_NIA_2_3/20170427-VeryMax/ITS/From_AProVE_2014__DivMinus.jar-obl-11__p28557_edge_closing_0.smt2 : 1361 ms.
--------------------------------------------------
unknown
../New_SAT_split/QF_NIA_2_3/20170427-VeryMax/ITS/From_AProVE_2014__DivMinus.jar-obl-11__p28558_edge_closing_0.smt2 : 1310 ms.
--------------------------------------------------
unknown
../New_SAT_split/QF_NIA_2_3/20170427-VeryMax/ITS/From_AProVE_2014__DivMinus.jar-obl-11__p28559_edge_closing_0.smt2 : 1327 ms.
--------------------------------------------------
unknown
../New_SAT_split/QF_NIA_2_3/20170427-VeryMax/ITS/From_AProVE_2014__DivMinus.jar-obl-11__p28563_edge_closing_0.smt2 : 1325 ms.
--------------------------------------------------
unknown
../New_SAT_split/QF_NIA_2_3/20170427-VeryMax/ITS/From_AProVE_2014__DivMinus.jar-obl-11__p28564_edge_closing_0.smt2 : 893 ms.
--------------------------------------------------
unknown
../New_SAT_split/QF_NIA_2_3/20170427-VeryMax/ITS/From_AProVE_2014__DivMinus.jar-obl-11__p28566_edge_closing_0.smt2 : 934 ms.
--------------------------------------------------
unknown
../New_SAT_split/QF_NIA_2_3/20170427-VeryMax/ITS/From_AProVE_2014__DivMinus.jar-obl-11__p28569_edge_closing_0.smt2 : 785 ms.
--------------------------------------------------
unknown
../New_SAT_split/QF_NIA_2_3/20170427-VeryMax/ITS/From_AProVE_2014__DivMinus.jar-obl-11__p28570_edge_closing_0.smt2 : 1102 ms.
--------------------------------------------------
unknown
../New_SAT_split/QF_NIA_2_3/20170427-VeryMax/ITS/From_AProVE_2014__DivMinus.jar-obl-11__p28571_edge_closing_0.smt2 : 1255 ms.
--------------------------------------------------
sat
../New_SAT_split/QF_NIA_2_3/20170427-VeryMax/ITS/From_AProVE_2014__DivTernary2.jar-obl-9__p28627_edge_closing_0.smt2 : 12972 ms.
--------------------------------------------------
sat
../New_SAT_split/QF_NIA_2_3/20170427-VeryMax/ITS/From_AProVE_2014__DivTernary2.jar-obl-9__p28628_edge_closing_0.smt2 : 55890 ms.
--------------------------------------------------
sat
../New_SAT_split/QF_NIA_2_3/20170427-VeryMax/ITS/From_AProVE_2014__DivTernary2.jar-obl-9__p28629_edge_closing_0.smt2 : 8119 ms.
--------------------------------------------------
unknown
../New_SAT_split/QF_NIA_2_3/20170427-VeryMax/ITS/From_AProVE_2014__DivTernary2.jar-obl-9__p28630_edge_closing_0.smt2 : 2400591 ms.
--------------------------------------------------
sat
../New_SAT_split/QF_NIA_2_3/20170427-VeryMax/ITS/From_AProVE_2014__DivTernary2.jar-obl-9__p28631_edge_closing_0.smt2 : 403873 ms.
--------------------------------------------------
sat
../New_SAT_split/QF_NIA_2_3/20170427-VeryMax/ITS/From_AProVE_2014__DivTernary2.jar-obl-9__p28632_edge_closing_0.smt2 : 205273 ms.
--------------------------------------------------
sat
../New_SAT_split/QF_NIA_2_3/20170427-VeryMax/ITS/From_AProVE_2014__DivTernary2.jar-obl-9__p28633_edge_closing_0.smt2 : 8910 ms.
--------------------------------------------------
sat
../New_SAT_split/QF_NIA_2_3/20170427-VeryMax/ITS/From_AProVE_2014__DivTernary2.jar-obl-9__p28634_edge_closing_0.smt2 : 72809 ms.
--------------------------------------------------
sat
../New_SAT_split/QF_NIA_2_3/20170427-VeryMax/ITS/From_AProVE_2014__DivTernary2.jar-obl-9__p28635_edge_closing_0.smt2 : 15133 ms.
--------------------------------------------------
sat
../New_SAT_split/QF_NIA_2_3/20170427-VeryMax/ITS/From_AProVE_2014__DivTernary2.jar-obl-9__p28636_edge_closing_0.smt2 : 12088 ms.
--------------------------------------------------
sat
../New_SAT_split/QF_NIA_2_3/20170427-VeryMax/ITS/From_AProVE_2014__DivTernary2.jar-obl-9__p28637_edge_closing_0.smt2 : 326566 ms.
--------------------------------------------------
sat
../New_SAT_split/QF_NIA_2_3/20170427-VeryMax/ITS/From_AProVE_2014__DivTernary2.jar-obl-9__p28638_edge_closing_0.smt2 : 1882029 ms.
--------------------------------------------------
sat
../New_SAT_split/QF_NIA_2_3/20170427-VeryMax/ITS/From_AProVE_2014__DivTernary2.jar-obl-9__p28639_edge_closing_0.smt2 : 4381 ms.
--------------------------------------------------
sat
../New_SAT_split/QF_NIA_2_3/20170427-VeryMax/ITS/From_AProVE_2014__DivTernary2.jar-obl-9__p28640_edge_closing_0.smt2 : 104385 ms.
--------------------------------------------------
sat
../New_SAT_split/QF_NIA_2_3/20170427-VeryMax/ITS/From_AProVE_2014__DivTernary2.jar-obl-9__p28641_edge_closing_0.smt2 : 100926 ms.
--------------------------------------------------
sat
../New_SAT_split/QF_NIA_2_3/20170427-VeryMax/ITS/From_AProVE_2014__DivTernary2.jar-obl-9__p28642_edge_closing_0.smt2 : 23540 ms.
--------------------------------------------------
unknown
../New_SAT_split/QF_NIA_2_3/20170427-VeryMax/ITS/From_AProVE_2014__DivTernary2.jar-obl-9__p28643_edge_closing_0.smt2 : 2400335 ms.
--------------------------------------------------
../New_SAT_split/QF_NIA_2_3/20170427-VeryMax/ITS/From_AProVE_2014__DivTernary2.jar-obl-9__p28644_edge_closing_0.smt2 : 2401006 ms.
--------------------------------------------------
sat
../New_SAT_split/QF_NIA_2_3/20170427-VeryMax/ITS/From_AProVE_2014__DivTernary2.jar-obl-9__p28645_edge_closing_0.smt2 : 18758 ms.
--------------------------------------------------
sat
../New_SAT_split/QF_NIA_2_3/20170427-VeryMax/ITS/From_AProVE_2014__DivTernary2.jar-obl-9__p28646_edge_closing_0.smt2 : 15410 ms.
--------------------------------------------------
../New_SAT_split/QF_NIA_2_3/20170427-VeryMax/ITS/From_AProVE_2014__DivTernary2.jar-obl-9__p28647_edge_closing_0.smt2 : 2401007 ms.
--------------------------------------------------
sat
../New_SAT_split/QF_NIA_2_3/20170427-VeryMax/ITS/From_AProVE_2014__DivTernary2.jar-obl-9__p28648_edge_closing_0.smt2 : 10071 ms.
--------------------------------------------------
sat
../New_SAT_split/QF_NIA_2_3/20170427-VeryMax/ITS/From_AProVE_2014__DivTernary2.jar-obl-9__p28649_edge_closing_0.smt2 : 1777585 ms.
--------------------------------------------------
unknown
../New_SAT_split/QF_NIA_2_3/20170427-VeryMax/ITS/From_AProVE_2014__DivTernary2.jar-obl-9__p28650_edge_closing_0.smt2 : 2400462 ms.
--------------------------------------------------
unknown
../New_SAT_split/QF_NIA_2_3/20170427-VeryMax/ITS/From_AProVE_2014__DivTernary.jar-obl-10__p28657_terminationG_0.smt2 : 1542 ms.
--------------------------------------------------
unknown
../New_SAT_split/QF_NIA_2_3/20170427-VeryMax/ITS/From_AProVE_2014__DivTernary.jar-obl-10__p28658_terminationG_0.smt2 : 1507 ms.
--------------------------------------------------
unknown
../New_SAT_split/QF_NIA_2_3/20170427-VeryMax/ITS/From_AProVE_2014__DivTernary.jar-obl-10__p28659_terminationG_0.smt2 : 1366 ms.
--------------------------------------------------
unknown
../New_SAT_split/QF_NIA_2_3/20170427-VeryMax/ITS/From_AProVE_2014__DivTernary.jar-obl-10__p28666_terminationG_0.smt2 : 1088 ms.
--------------------------------------------------
unknown
../New_SAT_split/QF_NIA_2_3/20170427-VeryMax/ITS/From_AProVE_2014__DivTernary.jar-obl-10__p28667_terminationG_0.smt2 : 1613 ms.
--------------------------------------------------
unknown
../New_SAT_split/QF_NIA_2_3/20170427-VeryMax/ITS/From_AProVE_2014__DivTernary.jar-obl-10__p28668_terminationG_0.smt2 : 1615 ms.
--------------------------------------------------
unknown
../New_SAT_split/QF_NIA_2_3/20170427-VeryMax/ITS/From_AProVE_2014__DivTernary.jar-obl-10__p28671_edge_closing_0.smt2 : 1638 ms.
--------------------------------------------------
unknown
../New_SAT_split/QF_NIA_2_3/20170427-VeryMax/ITS/From_AProVE_2014__DivTernary.jar-obl-10__p28672_edge_closing_0.smt2 : 1445 ms.
--------------------------------------------------
unknown
../New_SAT_split/QF_NIA_2_3/20170427-VeryMax/ITS/From_AProVE_2014__Domino.jar-obl-27__p28687_terminationG_0.smt2 : 1452 ms.
--------------------------------------------------
unknown
../New_SAT_split/QF_NIA_2_3/20170427-VeryMax/ITS/From_AProVE_2014__Domino.jar-obl-27__p28688_terminationG_0.smt2 : 1160 ms.
--------------------------------------------------
unknown
../New_SAT_split/QF_NIA_2_3/20170427-VeryMax/ITS/From_AProVE_2014__Domino.jar-obl-27__p28689_terminationG_0.smt2 : 1120 ms.
--------------------------------------------------
sat
../New_SAT_split/QF_NIA_2_3/20170427-VeryMax/ITS/From_AProVE_2014__Domino.jar-obl-27__p28691_safety_0.smt2 : 4715 ms.
--------------------------------------------------
sat
../New_SAT_split/QF_NIA_2_3/20170427-VeryMax/ITS/From_AProVE_2014__Domino.jar-obl-27__p28692_safety_0.smt2 : 48499 ms.
--------------------------------------------------
sat
../New_SAT_split/QF_NIA_2_3/20170427-VeryMax/ITS/From_AProVE_2014__Domino.jar-obl-27__p28694_safety_0.smt2 : 62431 ms.
--------------------------------------------------
sat
../New_SAT_split/QF_NIA_2_3/20170427-VeryMax/ITS/From_AProVE_2014__Domino.jar-obl-27__p28695_safety_0.smt2 : 158300 ms.
--------------------------------------------------
sat
../New_SAT_split/QF_NIA_2_3/20170427-VeryMax/ITS/From_AProVE_2014__Domino.jar-obl-27__p28697_safety_0.smt2 : 71430 ms.
--------------------------------------------------
sat
../New_SAT_split/QF_NIA_2_3/20170427-VeryMax/ITS/From_AProVE_2014__Domino.jar-obl-27__p28698_safety_0.smt2 : 161996 ms.
--------------------------------------------------
sat
../New_SAT_split/QF_NIA_2_3/20170427-VeryMax/ITS/From_AProVE_2014__Et1.jar-obl-8__p28739_terminationG_0.smt2 : 461 ms.
--------------------------------------------------
sat
../New_SAT_split/QF_NIA_2_3/20170427-VeryMax/ITS/From_AProVE_2014__Et1-rec.jar-obl-8__p28753_terminationG_0.smt2 : 1303 ms.
--------------------------------------------------
sat
../New_SAT_split/QF_NIA_2_3/20170427-VeryMax/ITS/From_AProVE_2014__Et2.jar-obl-8__p28772_terminationG_0.smt2 : 995171 ms.
--------------------------------------------------
sat
../New_SAT_split/QF_NIA_2_3/20170427-VeryMax/ITS/From_AProVE_2014__Et2-rec.jar-obl-8__p28781_terminationG_0.smt2 : 2291 ms.
--------------------------------------------------
sat
../New_SAT_split/QF_NIA_2_3/20170427-VeryMax/ITS/From_AProVE_2014__Et2-rec.jar-obl-8__p28785_terminationG_0.smt2 : 2741 ms.
--------------------------------------------------
sat
../New_SAT_split/QF_NIA_2_3/20170427-VeryMax/ITS/From_AProVE_2014__Et2-rec.jar-obl-8__p28786_terminationG_0.smt2 : 14242 ms.
--------------------------------------------------
sat
../New_SAT_split/QF_NIA_2_3/20170427-VeryMax/ITS/From_AProVE_2014__Et3.jar-obl-9__p28794_terminationG_0.smt2 : 891 ms.
--------------------------------------------------
sat
../New_SAT_split/QF_NIA_2_3/20170427-VeryMax/ITS/From_AProVE_2014__Et3.jar-obl-9__p28800_terminationG_0.smt2 : 4991 ms.
--------------------------------------------------
sat
../New_SAT_split/QF_NIA_2_3/20170427-VeryMax/ITS/From_AProVE_2014__Et3.jar-obl-9__p28806_terminationG_0.smt2 : 2954 ms.
--------------------------------------------------
sat
../New_SAT_split/QF_NIA_2_3/20170427-VeryMax/ITS/From_AProVE_2014__Et3.jar-obl-9__p28807_terminationG_0.smt2 : 38353 ms.
--------------------------------------------------
sat
../New_SAT_split/QF_NIA_2_3/20170427-VeryMax/ITS/From_AProVE_2014__Et3.jar-obl-9__p28811_terminationG_0.smt2 : 1231 ms.
--------------------------------------------------
sat
../New_SAT_split/QF_NIA_2_3/20170427-VeryMax/ITS/From_AProVE_2014__Et3.jar-obl-9__p28812_terminationG_0.smt2 : 8470 ms.
--------------------------------------------------
sat
../New_SAT_split/QF_NIA_2_3/20170427-VeryMax/ITS/From_AProVE_2014__Et3.jar-obl-9__p28817_terminationG_0.smt2 : 1152 ms.
--------------------------------------------------
sat
../New_SAT_split/QF_NIA_2_3/20170427-VeryMax/ITS/From_AProVE_2014__Et3.jar-obl-9__p28822_terminationG_0.smt2 : 14090 ms.
--------------------------------------------------
sat
../New_SAT_split/QF_NIA_2_3/20170427-VeryMax/ITS/From_AProVE_2014__Et3.jar-obl-9__p28829_terminationG_0.smt2 : 13287 ms.
--------------------------------------------------
sat
../New_SAT_split/QF_NIA_2_3/20170427-VeryMax/ITS/From_AProVE_2014__Et3-rec.jar-obl-8__p28842_terminationG_0.smt2 : 846 ms.
--------------------------------------------------
sat
../New_SAT_split/QF_NIA_2_3/20170427-VeryMax/ITS/From_AProVE_2014__Et3-rec.jar-obl-8__p28849_terminationG_0.smt2 : 13379 ms.
--------------------------------------------------
sat
../New_SAT_split/QF_NIA_2_3/20170427-VeryMax/ITS/From_AProVE_2014__Et3-rec.jar-obl-8__p28850_terminationG_0.smt2 : 54132 ms.
--------------------------------------------------
../New_SAT_split/QF_NIA_2_3/20170427-VeryMax/ITS/From_AProVE_2014__Et3-rec.jar-obl-8__p28858_terminationG_0.smt2 : 2401007 ms.
--------------------------------------------------
unknown
../New_SAT_split/QF_NIA_2_3/20170427-VeryMax/ITS/From_AProVE_2014__Et3-rec.jar-obl-8__p28859_terminationG_0.smt2 : 2400412 ms.
--------------------------------------------------
sat
../New_SAT_split/QF_NIA_2_3/20170427-VeryMax/ITS/From_AProVE_2014__Et4.jar-obl-8__p28874_terminationG_0.smt2 : 8019 ms.
--------------------------------------------------
sat
../New_SAT_split/QF_NIA_2_3/20170427-VeryMax/ITS/From_AProVE_2014__Et4.jar-obl-8__p28888_terminationG_0.smt2 : 23162 ms.
--------------------------------------------------
sat
../New_SAT_split/QF_NIA_2_3/20170427-VeryMax/ITS/From_AProVE_2014__Et4.jar-obl-8__p28895_terminationG_0.smt2 : 9980 ms.
--------------------------------------------------
sat
../New_SAT_split/QF_NIA_2_3/20170427-VeryMax/ITS/From_AProVE_2014__Et4.jar-obl-8__p28896_terminationG_0.smt2 : 24536 ms.
--------------------------------------------------
sat
../New_SAT_split/QF_NIA_2_3/20170427-VeryMax/ITS/From_AProVE_2014__Et4.jar-obl-8__p28903_terminationG_0.smt2 : 449397 ms.
--------------------------------------------------
sat
../New_SAT_split/QF_NIA_2_3/20170427-VeryMax/ITS/From_AProVE_2014__Et4.jar-obl-8__p28909_terminationG_0.smt2 : 87002 ms.
--------------------------------------------------
unknown
../New_SAT_split/QF_NIA_2_3/20170427-VeryMax/ITS/From_AProVE_2014__Et4.jar-obl-8__p28917_terminationG_0.smt2 : 2400506 ms.
--------------------------------------------------
sat
../New_SAT_split/QF_NIA_2_3/20170427-VeryMax/ITS/From_AProVE_2014__Et4.jar-obl-8__p28923_terminationG_0.smt2 : 1591060 ms.
--------------------------------------------------
sat
../New_SAT_split/QF_NIA_2_3/20170427-VeryMax/ITS/From_AProVE_2014__Et4.jar-obl-8__p28924_terminationG_0.smt2 : 1476699 ms.
--------------------------------------------------
unknown
../New_SAT_split/QF_NIA_2_3/20170427-VeryMax/ITS/From_AProVE_2014__Et4.jar-obl-8__p28930_terminationG_0.smt2 : 2400474 ms.
--------------------------------------------------
unknown
../New_SAT_split/QF_NIA_2_3/20170427-VeryMax/ITS/From_AProVE_2014__Et4.jar-obl-8__p28931_terminationG_0.smt2 : 2400451 ms.
--------------------------------------------------
sat
../New_SAT_split/QF_NIA_2_3/20170427-VeryMax/ITS/From_AProVE_2014__Et4.jar-obl-8__p28936_terminationG_0.smt2 : 514728 ms.
--------------------------------------------------
unknown
../New_SAT_split/QF_NIA_2_3/20170427-VeryMax/ITS/From_AProVE_2014__Et4.jar-obl-8__p28937_terminationG_0.smt2 : 2400424 ms.
--------------------------------------------------
unknown
../New_SAT_split/QF_NIA_2_3/20170427-VeryMax/ITS/From_AProVE_2014__Et4.jar-obl-8__p28938_terminationG_0.smt2 : 2400421 ms.
--------------------------------------------------
sat
../New_SAT_split/QF_NIA_2_3/20170427-VeryMax/ITS/From_AProVE_2014__Et4.jar-obl-8__p28944_terminationG_0.smt2 : 403738 ms.
--------------------------------------------------
unknown
../New_SAT_split/QF_NIA_2_3/20170427-VeryMax/ITS/From_AProVE_2014__Et4.jar-obl-8__p28945_terminationG_0.smt2 : 2400514 ms.
--------------------------------------------------
../New_SAT_split/QF_NIA_2_3/20170427-VeryMax/ITS/From_AProVE_2014__Et4.jar-obl-8__p28946_terminationG_0.smt2 : 2401006 ms.
--------------------------------------------------
sat
../New_SAT_split/QF_NIA_2_3/20170427-VeryMax/ITS/From_AProVE_2014__Et4-rec.jar-obl-8__p28955_terminationG_0.smt2 : 10682 ms.
--------------------------------------------------
sat
../New_SAT_split/QF_NIA_2_3/20170427-VeryMax/ITS/From_AProVE_2014__Et4-rec.jar-obl-8__p28962_terminationG_0.smt2 : 14299 ms.
--------------------------------------------------
sat
../New_SAT_split/QF_NIA_2_3/20170427-VeryMax/ITS/From_AProVE_2014__Et4-rec.jar-obl-8__p28976_terminationG_0.smt2 : 33911 ms.
--------------------------------------------------
sat
../New_SAT_split/QF_NIA_2_3/20170427-VeryMax/ITS/From_AProVE_2014__Et4-rec.jar-obl-8__p28982_terminationG_0.smt2 : 3564 ms.
--------------------------------------------------
sat
../New_SAT_split/QF_NIA_2_3/20170427-VeryMax/ITS/From_AProVE_2014__Et4-rec.jar-obl-8__p28983_terminationG_0.smt2 : 82742 ms.
--------------------------------------------------
sat
../New_SAT_split/QF_NIA_2_3/20170427-VeryMax/ITS/From_AProVE_2014__Et4-rec.jar-obl-8__p28990_terminationG_0.smt2 : 1547366 ms.
--------------------------------------------------
sat
../New_SAT_split/QF_NIA_2_3/20170427-VeryMax/ITS/From_AProVE_2014__Et4-rec.jar-obl-8__p28996_terminationG_0.smt2 : 213873 ms.
--------------------------------------------------
sat
../New_SAT_split/QF_NIA_2_3/20170427-VeryMax/ITS/From_AProVE_2014__Et4-rec.jar-obl-8__p28997_terminationG_0.smt2 : 1741384 ms.
--------------------------------------------------
sat
../New_SAT_split/QF_NIA_2_3/20170427-VeryMax/ITS/From_AProVE_2014__ex03_rec.jar-obl-8__p29144_terminationG_0.smt2 : 316 ms.
--------------------------------------------------
sat
../New_SAT_split/QF_NIA_2_3/20170427-VeryMax/ITS/From_AProVE_2014__ex03_rec.jar-obl-8__p29145_terminationG_0.smt2 : 679 ms.
--------------------------------------------------
sat
../New_SAT_split/QF_NIA_2_3/20170427-VeryMax/ITS/From_AProVE_2014__ex03_rec.jar-obl-8__p29146_terminationG_0.smt2 : 2341 ms.
--------------------------------------------------
sat
../New_SAT_split/QF_NIA_2_3/20170427-VeryMax/ITS/From_AProVE_2014__ex04_rec.jar-obl-8__p29198_edge_closing_0.smt2 : 1790 ms.
--------------------------------------------------
sat
../New_SAT_split/QF_NIA_2_3/20170427-VeryMax/ITS/From_AProVE_2014__ex08_rec.jar-obl-8__p29221_terminationG_0.smt2 : 6184 ms.
--------------------------------------------------
sat
../New_SAT_split/QF_NIA_2_3/20170427-VeryMax/ITS/From_AProVE_2014__ex08_rec.jar-obl-8__p29226_terminationG_0.smt2 : 6751 ms.
--------------------------------------------------
sat
../New_SAT_split/QF_NIA_2_3/20170427-VeryMax/ITS/From_AProVE_2014__ex08_rec.jar-obl-8__p29227_terminationG_0.smt2 : 20620 ms.
--------------------------------------------------
sat
../New_SAT_split/QF_NIA_2_3/20170427-VeryMax/ITS/From_AProVE_2014__ex08_rec.jar-obl-8__p29228_terminationG_0.smt2 : 346349 ms.
--------------------------------------------------
sat
../New_SAT_split/QF_NIA_2_3/20170427-VeryMax/ITS/From_AProVE_2014__ex08_rec.jar-obl-8__p29232_edge_closing_0.smt2 : 671168 ms.
--------------------------------------------------
sat
../New_SAT_split/QF_NIA_2_3/20170427-VeryMax/ITS/From_AProVE_2014__ex08_rec.jar-obl-8__p29239_edge_closing_0.smt2 : 982056 ms.
--------------------------------------------------
sat
../New_SAT_split/QF_NIA_2_3/20170427-VeryMax/ITS/From_AProVE_2014__Exc2.jar-obl-8__p29261_edge_closing_0.smt2 : 802 ms.
--------------------------------------------------
sat
../New_SAT_split/QF_NIA_2_3/20170427-VeryMax/ITS/From_AProVE_2014__Exc2.jar-obl-8__p29262_edge_closing_0.smt2 : 4987 ms.
--------------------------------------------------
sat
../New_SAT_split/QF_NIA_2_3/20170427-VeryMax/ITS/From_AProVE_2014__Exc4.jar-obl-8__p29280_edge_closing_0.smt2 : 2105 ms.
--------------------------------------------------
sat
../New_SAT_split/QF_NIA_2_3/20170427-VeryMax/ITS/From_AProVE_2014__Exc4.jar-obl-8__p29281_edge_closing_0.smt2 : 11539 ms.
--------------------------------------------------
sat
../New_SAT_split/QF_NIA_2_3/20170427-VeryMax/ITS/From_AProVE_2014__FactSLR.jar-obl-8__p29305_terminationG_0.smt2 : 669 ms.
--------------------------------------------------
sat
../New_SAT_split/QF_NIA_2_3/20170427-VeryMax/ITS/From_AProVE_2014__FactSLR.jar-obl-8__p29306_terminationG_0.smt2 : 3759 ms.
--------------------------------------------------
sat
../New_SAT_split/QF_NIA_2_3/20170427-VeryMax/ITS/From_AProVE_2014__FibSLR.jar-obl-8__p29337_terminationG_0.smt2 : 1457 ms.
--------------------------------------------------
sat
../New_SAT_split/QF_NIA_2_3/20170427-VeryMax/ITS/From_AProVE_2014__FibSLR.jar-obl-8__p29341_terminationG_0.smt2 : 797 ms.
--------------------------------------------------
sat
../New_SAT_split/QF_NIA_2_3/20170427-VeryMax/ITS/From_AProVE_2014__FibSLR.jar-obl-8__p29342_terminationG_0.smt2 : 13926 ms.
--------------------------------------------------
sat
../New_SAT_split/QF_NIA_2_3/20170427-VeryMax/ITS/From_AProVE_2014__FibSLR.jar-obl-8__p29346_terminationG_0.smt2 : 1112 ms.
--------------------------------------------------
sat
../New_SAT_split/QF_NIA_2_3/20170427-VeryMax/ITS/From_AProVE_2014__FibSLR.jar-obl-8__p29347_terminationG_0.smt2 : 3971 ms.
--------------------------------------------------
sat
../New_SAT_split/QF_NIA_2_3/20170427-VeryMax/ITS/From_AProVE_2014__Flatten.jar-obl-10__p29359_safety_0.smt2 : 7969 ms.
--------------------------------------------------
sat
../New_SAT_split/QF_NIA_2_3/20170427-VeryMax/ITS/From_AProVE_2014__Flatten.jar-obl-10__p29369_safety_0.smt2 : 923 ms.
--------------------------------------------------
sat
../New_SAT_split/QF_NIA_2_3/20170427-VeryMax/ITS/From_AProVE_2014__Flatten.jar-obl-10__p29370_safety_0.smt2 : 31984 ms.
--------------------------------------------------
sat
../New_SAT_split/QF_NIA_2_3/20170427-VeryMax/ITS/From_AProVE_2014__Flatten.jar-obl-10__p29372_safety_0.smt2 : 9086 ms.
--------------------------------------------------
sat
../New_SAT_split/QF_NIA_2_3/20170427-VeryMax/ITS/From_AProVE_2014__Flatten.jar-obl-10__p29373_safety_0.smt2 : 7466 ms.
--------------------------------------------------
sat
../New_SAT_split/QF_NIA_2_3/20170427-VeryMax/ITS/From_AProVE_2014__Flatten.jar-obl-10__p29377_safety_0.smt2 : 16642 ms.
--------------------------------------------------
sat
../New_SAT_split/QF_NIA_2_3/20170427-VeryMax/ITS/From_AProVE_2014__Flatten.jar-obl-10__p29378_safety_0.smt2 : 9397 ms.
--------------------------------------------------
sat
../New_SAT_split/QF_NIA_2_3/20170427-VeryMax/ITS/From_AProVE_2014__Flatten.jar-obl-10__p29385_terminationG_0.smt2 : 53533 ms.
--------------------------------------------------
unknown
../New_SAT_split/QF_NIA_2_3/20170427-VeryMax/ITS/From_AProVE_2014__Flatten.jar-obl-10__p29386_terminationG_0.smt2 : 2400275 ms.
--------------------------------------------------
sat
../New_SAT_split/QF_NIA_2_3/20170427-VeryMax/ITS/From_AProVE_2014__Flatten.jar-obl-10__p29389_safety_0.smt2 : 49447 ms.
--------------------------------------------------
sat
../New_SAT_split/QF_NIA_2_3/20170427-VeryMax/ITS/From_AProVE_2014__Flatten.jar-obl-10__p29391_safety_0.smt2 : 3806 ms.
--------------------------------------------------
sat
../New_SAT_split/QF_NIA_2_3/20170427-VeryMax/ITS/From_AProVE_2014__Flatten.jar-obl-10__p29392_safety_0.smt2 : 5073 ms.
--------------------------------------------------
sat
../New_SAT_split/QF_NIA_2_3/20170427-VeryMax/ITS/From_AProVE_2014__Flatten.jar-obl-10__p29394_safety_0.smt2 : 3069 ms.
--------------------------------------------------
sat
../New_SAT_split/QF_NIA_2_3/20170427-VeryMax/ITS/From_AProVE_2014__Flatten.jar-obl-10__p29395_safety_0.smt2 : 12726 ms.
--------------------------------------------------
sat
../New_SAT_split/QF_NIA_2_3/20170427-VeryMax/ITS/From_AProVE_2014__FlattenRTA.jar-obl-10__p29424_safety_0.smt2 : 1797 ms.
--------------------------------------------------
sat
../New_SAT_split/QF_NIA_2_3/20170427-VeryMax/ITS/From_AProVE_2014__FlattenRTA.jar-obl-10__p29425_safety_0.smt2 : 89363 ms.
--------------------------------------------------
sat
../New_SAT_split/QF_NIA_2_3/20170427-VeryMax/ITS/From_AProVE_2014__FlattenRTA.jar-obl-10__p29429_safety_0.smt2 : 3578 ms.
--------------------------------------------------
sat
../New_SAT_split/QF_NIA_2_3/20170427-VeryMax/ITS/From_AProVE_2014__FlattenRTA.jar-obl-10__p29430_safety_0.smt2 : 22461 ms.
--------------------------------------------------
sat
../New_SAT_split/QF_NIA_2_3/20170427-VeryMax/ITS/From_AProVE_2014__FlattenRTA.jar-obl-10__p29437_terminationG_0.smt2 : 5541 ms.
--------------------------------------------------
sat
../New_SAT_split/QF_NIA_2_3/20170427-VeryMax/ITS/From_AProVE_2014__FlattenRTA.jar-obl-10__p29441_safety_0.smt2 : 6972 ms.
--------------------------------------------------
sat
../New_SAT_split/QF_NIA_2_3/20170427-VeryMax/ITS/From_AProVE_2014__FlattenRTA.jar-obl-10__p29443_safety_0.smt2 : 1070 ms.
--------------------------------------------------
sat
../New_SAT_split/QF_NIA_2_3/20170427-VeryMax/ITS/From_AProVE_2014__FlattenRTA.jar-obl-10__p29444_safety_0.smt2 : 10333 ms.
--------------------------------------------------
sat
../New_SAT_split/QF_NIA_2_3/20170427-VeryMax/ITS/From_AProVE_2014__FlattenRTA.jar-obl-10__p29448_safety_0.smt2 : 38728 ms.
--------------------------------------------------
sat
../New_SAT_split/QF_NIA_2_3/20170427-VeryMax/ITS/From_AProVE_2014__FlattenRTA.jar-obl-10__p29449_safety_0.smt2 : 96639 ms.
--------------------------------------------------
sat
../New_SAT_split/QF_NIA_2_3/20170427-VeryMax/ITS/From_AProVE_2014__FlattenRTA.jar-obl-10__p29456_terminationG_0.smt2 : 27614 ms.
--------------------------------------------------
sat
../New_SAT_split/QF_NIA_2_3/20170427-VeryMax/ITS/From_AProVE_2014__FlattenRTA.jar-obl-10__p29457_terminationG_0.smt2 : 127620 ms.
--------------------------------------------------
sat
../New_SAT_split/QF_NIA_2_3/20170427-VeryMax/ITS/From_AProVE_2014__FlattenRTA.jar-obl-10__p29462_safety_0.smt2 : 2562 ms.
--------------------------------------------------
sat
../New_SAT_split/QF_NIA_2_3/20170427-VeryMax/ITS/From_AProVE_2014__FlattenRTA.jar-obl-10__p29463_safety_0.smt2 : 11167 ms.
--------------------------------------------------
sat
../New_SAT_split/QF_NIA_2_3/20170427-VeryMax/ITS/From_AProVE_2014__FlattenRTA.jar-obl-10__p29467_safety_0.smt2 : 2646 ms.
--------------------------------------------------
sat
../New_SAT_split/QF_NIA_2_3/20170427-VeryMax/ITS/From_AProVE_2014__FlattenRTA.jar-obl-10__p29468_safety_0.smt2 : 3531 ms.
--------------------------------------------------
sat
../New_SAT_split/QF_NIA_2_3/20170427-VeryMax/ITS/From_AProVE_2014__FlattenRTA.jar-obl-10__p29479_edge_closing_0.smt2 : 3615 ms.
--------------------------------------------------
sat
../New_SAT_split/QF_NIA_2_3/20170427-VeryMax/ITS/From_AProVE_2014__FlattenRTA.jar-obl-10__p29480_edge_closing_0.smt2 : 437473 ms.
--------------------------------------------------
unknown
../New_SAT_split/QF_NIA_2_3/20170427-VeryMax/ITS/From_AProVE_2014__FlattenRTA.jar-obl-10__p29481_edge_closing_0.smt2 : 2400426 ms.
--------------------------------------------------
sat
../New_SAT_split/QF_NIA_2_3/20170427-VeryMax/ITS/From_AProVE_2014__FlattenTree.jar-obl-9__p29506_terminationG_0.smt2 : 2905 ms.
--------------------------------------------------
sat
../New_SAT_split/QF_NIA_2_3/20170427-VeryMax/ITS/From_AProVE_2014__FlattenTree.jar-obl-9__p29512_terminationG_0.smt2 : 4618 ms.
--------------------------------------------------
sat
../New_SAT_split/QF_NIA_2_3/20170427-VeryMax/ITS/From_AProVE_2014__FlattenTree.jar-obl-9__p29513_terminationG_0.smt2 : 56481 ms.
--------------------------------------------------
sat
../New_SAT_split/QF_NIA_2_3/20170427-VeryMax/ITS/From_AProVE_2014__FlattenTree.jar-obl-9__p29519_terminationG_0.smt2 : 4844 ms.
--------------------------------------------------
sat
../New_SAT_split/QF_NIA_2_3/20170427-VeryMax/ITS/From_AProVE_2014__FlattenTree.jar-obl-9__p29520_terminationG_0.smt2 : 89937 ms.
--------------------------------------------------
sat
../New_SAT_split/QF_NIA_2_3/20170427-VeryMax/ITS/From_AProVE_2014__FlattenTree.jar-obl-9__p29531_edge_closing_0.smt2 : 5149 ms.
--------------------------------------------------
unknown
../New_SAT_split/QF_NIA_2_3/20170427-VeryMax/ITS/From_AProVE_2014__FlattenTree.jar-obl-9__p29532_edge_closing_0.smt2 : 2400386 ms.
--------------------------------------------------
sat
../New_SAT_split/QF_NIA_2_3/20170427-VeryMax/ITS/From_AProVE_2014__FlattenTreeListRec.jar-obl-10__p29555_safety_0.smt2 : 2219 ms.
--------------------------------------------------
sat
../New_SAT_split/QF_NIA_2_3/20170427-VeryMax/ITS/From_AProVE_2014__FlattenTreeListRec.jar-obl-10__p29556_safety_0.smt2 : 5580 ms.
--------------------------------------------------
sat
../New_SAT_split/QF_NIA_2_3/20170427-VeryMax/ITS/From_AProVE_2014__FlattenTreeListRec.jar-obl-10__p29566_safety_0.smt2 : 1565 ms.
--------------------------------------------------
sat
../New_SAT_split/QF_NIA_2_3/20170427-VeryMax/ITS/From_AProVE_2014__FlattenTreeListRec.jar-obl-10__p29567_safety_0.smt2 : 10204 ms.
--------------------------------------------------
sat
../New_SAT_split/QF_NIA_2_3/20170427-VeryMax/ITS/From_AProVE_2014__FlattenTreeListRec.jar-obl-10__p29569_safety_0.smt2 : 4621 ms.
--------------------------------------------------
sat
../New_SAT_split/QF_NIA_2_3/20170427-VeryMax/ITS/From_AProVE_2014__FlattenTreeListRec.jar-obl-10__p29572_safety_0.smt2 : 1850 ms.
--------------------------------------------------
sat
../New_SAT_split/QF_NIA_2_3/20170427-VeryMax/ITS/From_AProVE_2014__FlattenTreeListRec.jar-obl-10__p29573_safety_0.smt2 : 8253 ms.
--------------------------------------------------
sat
../New_SAT_split/QF_NIA_2_3/20170427-VeryMax/ITS/From_AProVE_2014__FlattenTreeListRec.jar-obl-10__p29579_terminationG_0.smt2 : 1882 ms.
--------------------------------------------------
unknown
../New_SAT_split/QF_NIA_2_3/20170427-VeryMax/ITS/From_AProVE_2014__FlattenTreeListRec.jar-obl-10__p29580_terminationG_0.smt2 : 2400305 ms.
--------------------------------------------------
sat
../New_SAT_split/QF_NIA_2_3/20170427-VeryMax/ITS/From_AProVE_2014__FlattenTreeListRec.jar-obl-10__p29582_safety_0.smt2 : 1196 ms.
--------------------------------------------------
sat
../New_SAT_split/QF_NIA_2_3/20170427-VeryMax/ITS/From_AProVE_2014__FlattenTreeListRec.jar-obl-10__p29583_safety_0.smt2 : 3795 ms.
--------------------------------------------------
sat
../New_SAT_split/QF_NIA_2_3/20170427-VeryMax/ITS/From_AProVE_2014__FlattenTreeListRec.jar-obl-10__p29585_safety_0.smt2 : 5570 ms.
--------------------------------------------------
sat
../New_SAT_split/QF_NIA_2_3/20170427-VeryMax/ITS/From_AProVE_2014__FlattenTreeListRec.jar-obl-10__p29586_safety_0.smt2 : 31313 ms.
--------------------------------------------------
sat
../New_SAT_split/QF_NIA_2_3/20170427-VeryMax/ITS/From_AProVE_2014__FlattenTreeListRec.jar-obl-10__p29588_safety_0.smt2 : 2587 ms.
--------------------------------------------------
sat
../New_SAT_split/QF_NIA_2_3/20170427-VeryMax/ITS/From_AProVE_2014__FlattenTreeListRec.jar-obl-10__p29589_safety_0.smt2 : 117678 ms.
--------------------------------------------------
sat
../New_SAT_split/QF_NIA_2_3/20170427-VeryMax/ITS/From_AProVE_2014__FlattenTreeRec.jar-obl-9__p29619_terminationG_0.smt2 : 62529 ms.
--------------------------------------------------
sat
../New_SAT_split/QF_NIA_2_3/20170427-VeryMax/ITS/From_AProVE_2014__FlattenTreeRec.jar-obl-9__p29620_terminationG_0.smt2 : 31195 ms.
--------------------------------------------------
sat
../New_SAT_split/QF_NIA_2_3/20170427-VeryMax/ITS/From_AProVE_2014__flip_rec.jar-obl-8__p29672_terminationG_0.smt2 : 825 ms.
--------------------------------------------------
sat
../New_SAT_split/QF_NIA_2_3/20170427-VeryMax/ITS/From_AProVE_2014__Graph.jar-obl-17__p29742_terminationG_0.smt2 : 10335 ms.
--------------------------------------------------
sat
../New_SAT_split/QF_NIA_2_3/20170427-VeryMax/ITS/From_AProVE_2014__Graph.jar-obl-17__p29743_terminationG_0.smt2 : 17073 ms.
--------------------------------------------------
sat
../New_SAT_split/QF_NIA_2_3/20170427-VeryMax/ITS/From_AProVE_2014__Graph.jar-obl-17__p29760_edge_closing_0.smt2 : 5590 ms.
--------------------------------------------------
sat
../New_SAT_split/QF_NIA_2_3/20170427-VeryMax/ITS/From_AProVE_2014__Graph.jar-obl-17__p29761_edge_closing_0.smt2 : 211339 ms.
--------------------------------------------------
unknown
../New_SAT_split/QF_NIA_2_3/20170427-VeryMax/ITS/From_AProVE_2014__Graph.jar-obl-17__p29763_edge_closing_0.smt2 : 726 ms.
--------------------------------------------------
unknown
../New_SAT_split/QF_NIA_2_3/20170427-VeryMax/ITS/From_AProVE_2014__Graph.jar-obl-17__p29766_edge_closing_0.smt2 : 727 ms.
--------------------------------------------------
unknown
../New_SAT_split/QF_NIA_2_3/20170427-VeryMax/ITS/From_AProVE_2014__Graph.jar-obl-17__p29767_edge_closing_0.smt2 : 702 ms.
--------------------------------------------------
unknown
../New_SAT_split/QF_NIA_2_3/20170427-VeryMax/ITS/From_AProVE_2014__Graph.jar-obl-17__p29768_edge_closing_0.smt2 : 709 ms.
--------------------------------------------------
sat
../New_SAT_split/QF_NIA_2_3/20170427-VeryMax/ITS/From_AProVE_2014__Graph.jar-obl-17__p29771_edge_closing_0.smt2 : 227666 ms.
--------------------------------------------------
unknown
../New_SAT_split/QF_NIA_2_3/20170427-VeryMax/ITS/From_AProVE_2014__Graph.jar-obl-17__p29772_edge_closing_0.smt2 : 2400425 ms.
--------------------------------------------------
sat
../New_SAT_split/QF_NIA_2_3/20170427-VeryMax/ITS/From_AProVE_2014__Graph.jar-obl-17__p29773_edge_closing_0.smt2 : 8154 ms.
--------------------------------------------------
sat
../New_SAT_split/QF_NIA_2_3/20170427-VeryMax/ITS/From_AProVE_2014__Graph.jar-obl-17__p29774_edge_closing_0.smt2 : 368035 ms.
--------------------------------------------------
unknown
../New_SAT_split/QF_NIA_2_3/20170427-VeryMax/ITS/From_AProVE_2014__Graph.jar-obl-17__p29775_edge_closing_0.smt2 : 2400462 ms.
--------------------------------------------------
unknown
../New_SAT_split/QF_NIA_2_3/20170427-VeryMax/ITS/From_AProVE_2014__Graph.jar-obl-17__p29776_edge_closing_0.smt2 : 718 ms.
--------------------------------------------------
unknown
../New_SAT_split/QF_NIA_2_3/20170427-VeryMax/ITS/From_AProVE_2014__Graph.jar-obl-17__p29777_edge_closing_0.smt2 : 747 ms.
--------------------------------------------------
sat
../New_SAT_split/QF_NIA_2_3/20170427-VeryMax/ITS/From_AProVE_2014__Graph.jar-obl-17__p29779_edge_closing_0.smt2 : 6939 ms.
--------------------------------------------------
sat
../New_SAT_split/QF_NIA_2_3/20170427-VeryMax/ITS/From_AProVE_2014__Graph.jar-obl-17__p29780_edge_closing_0.smt2 : 165709 ms.
--------------------------------------------------
unknown
../New_SAT_split/QF_NIA_2_3/20170427-VeryMax/ITS/From_AProVE_2014__Graph.jar-obl-17__p29786_edge_closing_0.smt2 : 694 ms.
--------------------------------------------------
unknown
../New_SAT_split/QF_NIA_2_3/20170427-VeryMax/ITS/From_AProVE_2014__Iterations.jar-obl-8__p29826_terminationG_0.smt2 : 719 ms.
--------------------------------------------------
unknown
../New_SAT_split/QF_NIA_2_3/20170427-VeryMax/ITS/From_AProVE_2014__Iterations.jar-obl-8__p29827_terminationG_0.smt2 : 705 ms.
--------------------------------------------------
unknown
../New_SAT_split/QF_NIA_2_3/20170427-VeryMax/ITS/From_AProVE_2014__Iterations.jar-obl-8__p29828_terminationG_0.smt2 : 737 ms.
--------------------------------------------------
unknown
../New_SAT_split/QF_NIA_2_3/20170427-VeryMax/ITS/From_AProVE_2014__Iterations.jar-obl-8__p29831_terminationG_0.smt2 : 735 ms.
--------------------------------------------------
unknown
../New_SAT_split/QF_NIA_2_3/20170427-VeryMax/ITS/From_AProVE_2014__Iterations.jar-obl-8__p29832_terminationG_0.smt2 : 696 ms.
--------------------------------------------------
unknown
../New_SAT_split/QF_NIA_2_3/20170427-VeryMax/ITS/From_AProVE_2014__Iterations.jar-obl-8__p29833_terminationG_0.smt2 : 868 ms.
