--------------------------------------------------
Number of variables: 29409
Number of clauses: 138242
sat
real sat
../New_SAT_split/QF_NIA_2_20/20170427-VeryMax/ITS/From_T2__polyrank5.t2__p7576_terminationG_0.smt2 : 3396 ms.
--------------------------------------------------
Number of variables: 30447
Number of clauses: 143953
sat
real sat
../New_SAT_split/QF_NIA_2_20/20170427-VeryMax/ITS/From_T2__polyrank5.t2__p7581_terminationG_0.smt2 : 10084 ms.
--------------------------------------------------
Number of variables: 16870
Number of clauses: 77810
sat
real sat
../New_SAT_split/QF_NIA_2_20/20170427-VeryMax/ITS/From_T2__polyrank6.t2__p7590_terminationG_0.smt2 : 169 ms.
--------------------------------------------------
Number of variables: 23022
Number of clauses: 106171
sat
real sat
../New_SAT_split/QF_NIA_2_20/20170427-VeryMax/ITS/From_T2__ppblockbug.t2__p7674_edge_closing_0.smt2 : 514 ms.
--------------------------------------------------
Number of variables: 35361
Number of clauses: 164262
sat
real sat
../New_SAT_split/QF_NIA_2_20/20170427-VeryMax/ITS/From_T2__ppblockbug.t2__p7675_edge_closing_0.smt2 : 3966 ms.
--------------------------------------------------
Number of variables: 46173
Number of clauses: 221407
sat
real sat
../New_SAT_split/QF_NIA_2_20/20170427-VeryMax/ITS/From_T2__ppblockbug.t2__p7679_edge_closing_0.smt2 : 1273 ms.
--------------------------------------------------
Number of variables: 23701
Number of clauses: 109661
sat
real sat
../New_SAT_split/QF_NIA_2_20/20170427-VeryMax/ITS/From_T2__ppblock.t2__p7742_edge_closing_0.smt2 : 562 ms.
--------------------------------------------------
Number of variables: 156140
Number of clauses: 861917
unsat in 2 bits.
Number of variables: 192873
Number of clauses: 1088858
unsat in 4 bits.
Number of variables: 285827
Number of clauses: 1666148
unsat in 8 bits.
Number of variables: 549721
Number of clauses: 3314793
sat
real sat
../New_SAT_split/QF_NIA_2_20/20170427-VeryMax/ITS/From_T2__ppblock.t2__p7744_edge_closing_0.smt2 : 126593 ms.
--------------------------------------------------
Number of variables: 185754
Number of clauses: 1023809
unsat in 2 bits.
Number of variables: 237062
Number of clauses: 1327689
unsat in 4 bits.
Number of variables: 374478
Number of clauses: 2155817
unsat in 8 bits.
Number of variables: 788642
Number of clauses: 4694923
sat
real sat
../New_SAT_split/QF_NIA_2_20/20170427-VeryMax/ITS/From_T2__ppblock.t2__p7745_edge_closing_0.smt2 : 247557 ms.
--------------------------------------------------
Number of variables: 217416
Number of clauses: 1198423
unsat in 2 bits.
Number of variables: 284207
Number of clauses: 1583998
unsat in 4 bits.
Number of variables: 468909
Number of clauses: 2678860
unsat in 8 bits.
Number of variables: 1043087
Number of clauses: 6166267
sat
real sat
../New_SAT_split/QF_NIA_2_20/20170427-VeryMax/ITS/From_T2__ppblock.t2__p7746_edge_closing_0.smt2 : 1217431 ms.
--------------------------------------------------
Number of variables: 85342
Number of clauses: 471015
unsat in 2 bits.
Number of variables: 107034
Number of clauses: 602947
unsat in 4 bits.
Number of variables: 164110
Number of clauses: 953511
unsat in 8 bits.
Number of variables: 333064
Number of clauses: 2001872
sat
real sat
../New_SAT_split/QF_NIA_2_20/20170427-VeryMax/ITS/From_T2__ppblock.t2__p7747_edge_closing_0.smt2 : 60311 ms.
--------------------------------------------------
Number of variables: 105548
Number of clauses: 581316
unsat in 2 bits.
Number of variables: 136456
Number of clauses: 762702
unsat in 4 bits.
Number of variables: 221480
Number of clauses: 1272426
unsat in 8 bits.
Number of variables: 484492
Number of clauses: 2881060
sat
real sat
../New_SAT_split/QF_NIA_2_20/20170427-VeryMax/ITS/From_T2__ppblock.t2__p7748_edge_closing_0.smt2 : 149431 ms.
--------------------------------------------------
Number of variables: 127619
Number of clauses: 702869
unsat in 2 bits.
Number of variables: 168651
Number of clauses: 938465
unsat in 4 bits.
Number of variables: 284447
Number of clauses: 1623245
unsat in 8 bits.
Number of variables: 651261
Number of clauses: 3849992
sat
real sat
../New_SAT_split/QF_NIA_2_20/20170427-VeryMax/ITS/From_T2__ppblock.t2__p7749_edge_closing_0.smt2 : 215851 ms.
--------------------------------------------------
Number of variables: 39049
Number of clauses: 213040
unsat in 2 bits.
Number of variables: 51096
Number of clauses: 283693
unsat in 4 bits.
Number of variables: 85102
Number of clauses: 487759
unsat in 8 bits.
Number of variables: 192796
Number of clauses: 1147364
unsat in 16 bits.
Number of variables: 569274
Number of clauses: 3485969
sat
real sat
../New_SAT_split/QF_NIA_2_20/20170427-VeryMax/ITS/From_T2__ppblock.t2__p7750_edge_closing_0.smt2 : 210758 ms.
--------------------------------------------------
Number of variables: 30083
Number of clauses: 164109
unsat in 2 bits.
Number of variables: 40121
Number of clauses: 221983
unsat in 4 bits.
Number of variables: 69353
Number of clauses: 395703
unsat in 8 bits.
Number of variables: 164475
Number of clauses: 975464
unsat in 16 bits.
Number of variables: 503577
Number of clauses: 3076896
sat
real sat
../New_SAT_split/QF_NIA_2_20/20170427-VeryMax/ITS/From_T2__ppblock.t2__p7757_edge_closing_0.smt2 : 329502 ms.
--------------------------------------------------
Number of variables: 43276
Number of clauses: 236628
unsat in 2 bits.
Number of variables: 58370
Number of clauses: 322630
unsat in 4 bits.
Number of variables: 102694
Number of clauses: 584130
unsat in 8 bits.
Number of variables: 248018
Number of clauses: 1466492
unsat in 16 bits.
Number of variables: 769076
Number of clauses: 4690276
sat
real sat
../New_SAT_split/QF_NIA_2_20/20170427-VeryMax/ITS/From_T2__ppblock.t2__p7758_edge_closing_0.smt2 : 1696079 ms.
--------------------------------------------------
Number of variables: 58214
Number of clauses: 319439
unsat in 2 bits.
Number of variables: 79272
Number of clauses: 438325
unsat in 4 bits.
Number of variables: 141512
Number of clauses: 803501
unsat in 8 bits.
Number of variables: 346782
Number of clauses: 2046304
unsat in 16 bits.
Number of variables: 1085660
Number of clauses: 6612248
../New_SAT_split/QF_NIA_2_20/20170427-VeryMax/ITS/From_T2__ppblock.t2__p7759_edge_closing_0.smt2 : 2401114 ms.
--------------------------------------------------
Number of variables: 156140
Number of clauses: 861917
unsat in 2 bits.
Number of variables: 192873
Number of clauses: 1088858
unsat in 4 bits.
Number of variables: 285827
Number of clauses: 1666148
unsat in 8 bits.
Number of variables: 549721
Number of clauses: 3314793
sat
real sat
../New_SAT_split/QF_NIA_2_20/20170427-VeryMax/ITS/From_T2__ppblocktermbug.t2__p7824_edge_closing_0.smt2 : 107524 ms.
--------------------------------------------------
Number of variables: 185754
Number of clauses: 1023809
unsat in 2 bits.
Number of variables: 237062
Number of clauses: 1327689
unsat in 4 bits.
Number of variables: 374478
Number of clauses: 2155817
unsat in 8 bits.
Number of variables: 788642
Number of clauses: 4694923
sat
real sat
../New_SAT_split/QF_NIA_2_20/20170427-VeryMax/ITS/From_T2__ppblocktermbug.t2__p7825_edge_closing_0.smt2 : 218448 ms.
--------------------------------------------------
Number of variables: 217416
Number of clauses: 1198423
unsat in 2 bits.
Number of variables: 284207
Number of clauses: 1583998
unsat in 4 bits.
Number of variables: 468909
Number of clauses: 2678860
unsat in 8 bits.
Number of variables: 1043087
Number of clauses: 6166267
sat
real sat
../New_SAT_split/QF_NIA_2_20/20170427-VeryMax/ITS/From_T2__ppblocktermbug.t2__p7826_edge_closing_0.smt2 : 1033251 ms.
--------------------------------------------------
Number of variables: 85342
Number of clauses: 471015
unsat in 2 bits.
Number of variables: 107034
Number of clauses: 602947
unsat in 4 bits.
Number of variables: 164110
Number of clauses: 953511
unsat in 8 bits.
Number of variables: 333064
Number of clauses: 2001872
sat
real sat
../New_SAT_split/QF_NIA_2_20/20170427-VeryMax/ITS/From_T2__ppblocktermbug.t2__p7827_edge_closing_0.smt2 : 50598 ms.
--------------------------------------------------
Number of variables: 105548
Number of clauses: 581316
unsat in 2 bits.
Number of variables: 136456
Number of clauses: 762702
unsat in 4 bits.
Number of variables: 221480
Number of clauses: 1272426
unsat in 8 bits.
Number of variables: 484492
Number of clauses: 2881060
sat
real sat
../New_SAT_split/QF_NIA_2_20/20170427-VeryMax/ITS/From_T2__ppblocktermbug.t2__p7828_edge_closing_0.smt2 : 130782 ms.
--------------------------------------------------
Number of variables: 127619
Number of clauses: 702869
unsat in 2 bits.
Number of variables: 168651
Number of clauses: 938465
unsat in 4 bits.
Number of variables: 284447
Number of clauses: 1623245
unsat in 8 bits.
Number of variables: 651261
Number of clauses: 3849992
sat
real sat
../New_SAT_split/QF_NIA_2_20/20170427-VeryMax/ITS/From_T2__ppblocktermbug.t2__p7829_edge_closing_0.smt2 : 194638 ms.
--------------------------------------------------
Number of variables: 39049
Number of clauses: 213040
unsat in 2 bits.
Number of variables: 51096
Number of clauses: 283693
unsat in 4 bits.
Number of variables: 85102
Number of clauses: 487759
unsat in 8 bits.
Number of variables: 192796
Number of clauses: 1147364
unsat in 16 bits.
Number of variables: 569274
Number of clauses: 3485969
sat
real sat
../New_SAT_split/QF_NIA_2_20/20170427-VeryMax/ITS/From_T2__ppblocktermbug.t2__p7830_edge_closing_0.smt2 : 181361 ms.
--------------------------------------------------
Number of variables: 30083
Number of clauses: 164109
unsat in 2 bits.
Number of variables: 40121
Number of clauses: 221983
unsat in 4 bits.
Number of variables: 69353
Number of clauses: 395703
unsat in 8 bits.
Number of variables: 164475
Number of clauses: 975464
unsat in 16 bits.
Number of variables: 503577
Number of clauses: 3076896
sat
real sat
../New_SAT_split/QF_NIA_2_20/20170427-VeryMax/ITS/From_T2__ppblocktermbug.t2__p7836_edge_closing_0.smt2 : 290215 ms.
--------------------------------------------------
Number of variables: 58214
Number of clauses: 319439
unsat in 2 bits.
Number of variables: 79272
Number of clauses: 438325
unsat in 4 bits.
Number of variables: 141512
Number of clauses: 803501
unsat in 8 bits.
Number of variables: 346782
Number of clauses: 2046304
unsat in 16 bits.
Number of variables: 1085660
Number of clauses: 6612248
../New_SAT_split/QF_NIA_2_20/20170427-VeryMax/ITS/From_T2__ppblocktermbug.t2__p7838_edge_closing_0.smt2 : 2401093 ms.
--------------------------------------------------
Number of variables: 156140
Number of clauses: 861917
unsat in 2 bits.
Number of variables: 192873
Number of clauses: 1088858
unsat in 4 bits.
Number of variables: 285827
Number of clauses: 1666148
unsat in 8 bits.
Number of variables: 549721
Number of clauses: 3314793
sat
real sat
../New_SAT_split/QF_NIA_2_20/20170427-VeryMax/ITS/From_T2__ppblockterm.t2__p7903_edge_closing_0.smt2 : 102923 ms.
--------------------------------------------------
Number of variables: 185754
Number of clauses: 1023809
unsat in 2 bits.
Number of variables: 237062
Number of clauses: 1327689
unsat in 4 bits.
Number of variables: 374478
Number of clauses: 2155817
unsat in 8 bits.
Number of variables: 788642
Number of clauses: 4694923
sat
real sat
../New_SAT_split/QF_NIA_2_20/20170427-VeryMax/ITS/From_T2__ppblockterm.t2__p7904_edge_closing_0.smt2 : 209466 ms.
--------------------------------------------------
Number of variables: 217416
Number of clauses: 1198423
unsat in 2 bits.
Number of variables: 284207
Number of clauses: 1583998
unsat in 4 bits.
Number of variables: 468909
Number of clauses: 2678860
unsat in 8 bits.
Number of variables: 1043087
Number of clauses: 6166267
sat
real sat
../New_SAT_split/QF_NIA_2_20/20170427-VeryMax/ITS/From_T2__ppblockterm.t2__p7905_edge_closing_0.smt2 : 1000500 ms.
--------------------------------------------------
Number of variables: 85342
Number of clauses: 471015
unsat in 2 bits.
Number of variables: 107034
Number of clauses: 602947
unsat in 4 bits.
Number of variables: 164110
Number of clauses: 953511
unsat in 8 bits.
Number of variables: 333064
Number of clauses: 2001872
sat
real sat
../New_SAT_split/QF_NIA_2_20/20170427-VeryMax/ITS/From_T2__ppblockterm.t2__p7906_edge_closing_0.smt2 : 73676 ms.
--------------------------------------------------
Number of variables: 105548
Number of clauses: 581316
unsat in 2 bits.
Number of variables: 136456
Number of clauses: 762702
unsat in 4 bits.
Number of variables: 221480
Number of clauses: 1272426
unsat in 8 bits.
Number of variables: 484492
Number of clauses: 2881060
sat
real sat
../New_SAT_split/QF_NIA_2_20/20170427-VeryMax/ITS/From_T2__ppblockterm.t2__p7907_edge_closing_0.smt2 : 124529 ms.
--------------------------------------------------
Number of variables: 127619
Number of clauses: 702869
unsat in 2 bits.
Number of variables: 168651
Number of clauses: 938465
unsat in 4 bits.
Number of variables: 284447
Number of clauses: 1623245
unsat in 8 bits.
Number of variables: 651261
Number of clauses: 3849992
sat
real sat
../New_SAT_split/QF_NIA_2_20/20170427-VeryMax/ITS/From_T2__ppblockterm.t2__p7908_edge_closing_0.smt2 : 207543 ms.
--------------------------------------------------
Number of variables: 39049
Number of clauses: 213040
unsat in 2 bits.
Number of variables: 51096
Number of clauses: 283693
unsat in 4 bits.
Number of variables: 85102
Number of clauses: 487759
unsat in 8 bits.
Number of variables: 192796
Number of clauses: 1147364
unsat in 16 bits.
Number of variables: 569274
Number of clauses: 3485969
sat
real sat
../New_SAT_split/QF_NIA_2_20/20170427-VeryMax/ITS/From_T2__ppblockterm.t2__p7909_edge_closing_0.smt2 : 184312 ms.
--------------------------------------------------
Number of variables: 30083
Number of clauses: 164109
unsat in 2 bits.
Number of variables: 40121
Number of clauses: 221983
unsat in 4 bits.
Number of variables: 69353
Number of clauses: 395703
unsat in 8 bits.
Number of variables: 164475
Number of clauses: 975464
unsat in 16 bits.
Number of variables: 503577
Number of clauses: 3076896
sat
real sat
../New_SAT_split/QF_NIA_2_20/20170427-VeryMax/ITS/From_T2__ppblockterm.t2__p7915_edge_closing_0.smt2 : 285594 ms.
--------------------------------------------------
Number of variables: 43276
Number of clauses: 236628
unsat in 2 bits.
Number of variables: 58370
Number of clauses: 322630
unsat in 4 bits.
Number of variables: 102694
Number of clauses: 584130
unsat in 8 bits.
Number of variables: 248018
Number of clauses: 1466492
unsat in 16 bits.
Number of variables: 769076
Number of clauses: 4690276
sat
real sat
../New_SAT_split/QF_NIA_2_20/20170427-VeryMax/ITS/From_T2__ppblockterm.t2__p7916_edge_closing_0.smt2 : 1492200 ms.
--------------------------------------------------
Number of variables: 58214
Number of clauses: 319439
unsat in 2 bits.
Number of variables: 79272
Number of clauses: 438325
unsat in 4 bits.
Number of variables: 141512
Number of clauses: 803501
unsat in 8 bits.
Number of variables: 346782
Number of clauses: 2046304
unsat in 16 bits.
Number of variables: 1085660
Number of clauses: 6612248
sat
real sat
../New_SAT_split/QF_NIA_2_20/20170427-VeryMax/ITS/From_T2__ppblockterm.t2__p7917_edge_closing_0.smt2 : 2236152 ms.
--------------------------------------------------
Number of variables: 120157
Number of clauses: 539940
sat
real sat
../New_SAT_split/QF_NIA_2_20/20170427-VeryMax/ITS/From_T2__Prim_4.t2__p7924_terminationG_0.smt2 : 9638 ms.
--------------------------------------------------
Number of variables: 286546
Number of clauses: 1306946
sat
real sat
../New_SAT_split/QF_NIA_2_20/20170427-VeryMax/ITS/From_T2__Prim_4.t2__p7925_terminationG_0.smt2 : 25872 ms.
--------------------------------------------------
Number of variables: 523366
Number of clauses: 2421184
sat
real sat
../New_SAT_split/QF_NIA_2_20/20170427-VeryMax/ITS/From_T2__Prim_4.t2__p7926_terminationG_0.smt2 : 85490 ms.
--------------------------------------------------
Number of variables: 22323
Number of clauses: 101092
sat
real sat
../New_SAT_split/QF_NIA_2_20/20170427-VeryMax/ITS/From_T2__Prim_4.t2__p7930_terminationG_0.smt2 : 783 ms.
--------------------------------------------------
Number of variables: 41969
Number of clauses: 193212
sat
real sat
../New_SAT_split/QF_NIA_2_20/20170427-VeryMax/ITS/From_T2__Prim_4.t2__p7931_terminationG_0.smt2 : 5330 ms.
--------------------------------------------------
Number of variables: 23733
Number of clauses: 109119
sat
real sat
../New_SAT_split/QF_NIA_2_20/20170427-VeryMax/ITS/From_T2__Prim_4.t2__p7935_terminationG_0.smt2 : 346 ms.
--------------------------------------------------
Number of variables: 43569
Number of clauses: 202533
sat
real sat
../New_SAT_split/QF_NIA_2_20/20170427-VeryMax/ITS/From_T2__Prim_4.t2__p7936_terminationG_0.smt2 : 6675 ms.
--------------------------------------------------
Number of variables: 25397
Number of clauses: 118012
sat
real sat
../New_SAT_split/QF_NIA_2_20/20170427-VeryMax/ITS/From_T2__Prim_4.t2__p7940_terminationG_0.smt2 : 1976 ms.
--------------------------------------------------
Number of variables: 45407
Number of clauses: 212408
sat
real sat
../New_SAT_split/QF_NIA_2_20/20170427-VeryMax/ITS/From_T2__Prim_4.t2__p7941_terminationG_0.smt2 : 11345 ms.
--------------------------------------------------
Number of variables: 27393
Number of clauses: 129699
sat
real sat
../New_SAT_split/QF_NIA_2_20/20170427-VeryMax/ITS/From_T2__Prim_4.t2__p7945_terminationG_0.smt2 : 2581 ms.
--------------------------------------------------
Number of variables: 47733
Number of clauses: 226274
sat
real sat
../New_SAT_split/QF_NIA_2_20/20170427-VeryMax/ITS/From_T2__Prim_4.t2__p7946_terminationG_0.smt2 : 12841 ms.
--------------------------------------------------
Number of variables: 28683
Number of clauses: 137066
sat
real sat
../New_SAT_split/QF_NIA_2_20/20170427-VeryMax/ITS/From_T2__Prim_4.t2__p7950_terminationG_0.smt2 : 4566 ms.
--------------------------------------------------
Number of variables: 49055
Number of clauses: 233897
sat
real sat
../New_SAT_split/QF_NIA_2_20/20170427-VeryMax/ITS/From_T2__Prim_4.t2__p7951_terminationG_0.smt2 : 10177 ms.
--------------------------------------------------
Number of variables: 29503
Number of clauses: 141397
sat
real sat
../New_SAT_split/QF_NIA_2_20/20170427-VeryMax/ITS/From_T2__Prim_4.t2__p7955_terminationG_0.smt2 : 4997 ms.
--------------------------------------------------
Number of variables: 49883
Number of clauses: 238292
sat
real sat
../New_SAT_split/QF_NIA_2_20/20170427-VeryMax/ITS/From_T2__Prim_4.t2__p7956_terminationG_0.smt2 : 11987 ms.
--------------------------------------------------
Number of variables: 30721
Number of clauses: 148372
sat
real sat
../New_SAT_split/QF_NIA_2_20/20170427-VeryMax/ITS/From_T2__Prim_4.t2__p7960_terminationG_0.smt2 : 4813 ms.
--------------------------------------------------
Number of variables: 51133
Number of clauses: 245523
sat
real sat
../New_SAT_split/QF_NIA_2_20/20170427-VeryMax/ITS/From_T2__Prim_4.t2__p7961_terminationG_0.smt2 : 1150 ms.
--------------------------------------------------
Number of variables: 31999
Number of clauses: 155691
sat
real sat
../New_SAT_split/QF_NIA_2_20/20170427-VeryMax/ITS/From_T2__Prim_4.t2__p7965_terminationG_0.smt2 : 5327 ms.
--------------------------------------------------
Number of variables: 52443
Number of clauses: 253098
sat
real sat
../New_SAT_split/QF_NIA_2_20/20170427-VeryMax/ITS/From_T2__Prim_4.t2__p7966_terminationG_0.smt2 : 6289 ms.
--------------------------------------------------
Number of variables: 33281
Number of clauses: 163178
sat
real sat
../New_SAT_split/QF_NIA_2_20/20170427-VeryMax/ITS/From_T2__Prim_4.t2__p7970_terminationG_0.smt2 : 3535 ms.
--------------------------------------------------
Number of variables: 53757
Number of clauses: 260841
sat
real sat
../New_SAT_split/QF_NIA_2_20/20170427-VeryMax/ITS/From_T2__Prim_4.t2__p7971_terminationG_0.smt2 : 22782 ms.
--------------------------------------------------
Number of variables: 34623
Number of clauses: 171009
sat
real sat
../New_SAT_split/QF_NIA_2_20/20170427-VeryMax/ITS/From_T2__Prim_4.t2__p7975_terminationG_0.smt2 : 5726 ms.
--------------------------------------------------
Number of variables: 55131
Number of clauses: 268928
sat
real sat
../New_SAT_split/QF_NIA_2_20/20170427-VeryMax/ITS/From_T2__Prim_4.t2__p7976_terminationG_0.smt2 : 12173 ms.
--------------------------------------------------
Number of variables: 35259
Number of clauses: 173873
sat
real sat
../New_SAT_split/QF_NIA_2_20/20170427-VeryMax/ITS/From_T2__Prim_4.t2__p7980_terminationG_0.smt2 : 7367 ms.
--------------------------------------------------
Number of variables: 55767
Number of clauses: 271792
sat
real sat
../New_SAT_split/QF_NIA_2_20/20170427-VeryMax/ITS/From_T2__Prim_4.t2__p7981_terminationG_0.smt2 : 18687 ms.
--------------------------------------------------
Number of variables: 36747
Number of clauses: 182828
sat
real sat
../New_SAT_split/QF_NIA_2_20/20170427-VeryMax/ITS/From_T2__Prim_4.t2__p7985_terminationG_0.smt2 : 3422 ms.
--------------------------------------------------
Number of variables: 57295
Number of clauses: 281067
sat
real sat
../New_SAT_split/QF_NIA_2_20/20170427-VeryMax/ITS/From_T2__Prim_4.t2__p7986_terminationG_0.smt2 : 12886 ms.
--------------------------------------------------
Number of variables: 38125
Number of clauses: 191083
sat
real sat
../New_SAT_split/QF_NIA_2_20/20170427-VeryMax/ITS/From_T2__Prim_4.t2__p7990_terminationG_0.smt2 : 6856 ms.
--------------------------------------------------
Number of variables: 58705
Number of clauses: 289578
sat
real sat
../New_SAT_split/QF_NIA_2_20/20170427-VeryMax/ITS/From_T2__Prim_4.t2__p7991_terminationG_0.smt2 : 16109 ms.
--------------------------------------------------
Number of variables: 39563
Number of clauses: 199682
sat
real sat
../New_SAT_split/QF_NIA_2_20/20170427-VeryMax/ITS/From_T2__Prim_4.t2__p7995_terminationG_0.smt2 : 9528 ms.
--------------------------------------------------
Number of variables: 60175
Number of clauses: 298433
sat
real sat
../New_SAT_split/QF_NIA_2_20/20170427-VeryMax/ITS/From_T2__Prim_4.t2__p7996_terminationG_0.smt2 : 7605 ms.
--------------------------------------------------
Number of variables: 41029
Number of clauses: 208369
sat
real sat
../New_SAT_split/QF_NIA_2_20/20170427-VeryMax/ITS/From_T2__Prim_4.t2__p8000_terminationG_0.smt2 : 8413 ms.
--------------------------------------------------
Number of variables: 61673
Number of clauses: 307376
sat
real sat
../New_SAT_split/QF_NIA_2_20/20170427-VeryMax/ITS/From_T2__Prim_4.t2__p8001_terminationG_0.smt2 : 11800 ms.
--------------------------------------------------
Number of variables: 42369
Number of clauses: 216228
sat
real sat
../New_SAT_split/QF_NIA_2_20/20170427-VeryMax/ITS/From_T2__Prim_4.t2__p8005_terminationG_0.smt2 : 5593 ms.
--------------------------------------------------
Number of variables: 63037
Number of clauses: 315427
sat
real sat
../New_SAT_split/QF_NIA_2_20/20170427-VeryMax/ITS/From_T2__Prim_4.t2__p8006_terminationG_0.smt2 : 22203 ms.
--------------------------------------------------
Number of variables: 43863
Number of clauses: 225275
sat
real sat
../New_SAT_split/QF_NIA_2_20/20170427-VeryMax/ITS/From_T2__Prim_4.t2__p8010_terminationG_0.smt2 : 7295 ms.
--------------------------------------------------
Number of variables: 64563
Number of clauses: 324730
sat
real sat
../New_SAT_split/QF_NIA_2_20/20170427-VeryMax/ITS/From_T2__Prim_4.t2__p8011_terminationG_0.smt2 : 982 ms.
--------------------------------------------------
Number of variables: 30554
Number of clauses: 163432
sat
real sat
../New_SAT_split/QF_NIA_2_20/20170427-VeryMax/ITS/From_T2__Prim_4.t2__p8014_terminationG_0.smt2 : 1884 ms.
--------------------------------------------------
Number of variables: 45223
Number of clauses: 233430
sat
real sat
../New_SAT_split/QF_NIA_2_20/20170427-VeryMax/ITS/From_T2__Prim_4.t2__p8015_terminationG_0.smt2 : 7507 ms.
--------------------------------------------------
Number of variables: 65947
Number of clauses: 333077
sat
real sat
../New_SAT_split/QF_NIA_2_20/20170427-VeryMax/ITS/From_T2__Prim_4.t2__p8016_terminationG_0.smt2 : 20188 ms.
--------------------------------------------------
Number of variables: 46603
Number of clauses: 241609
sat
real sat
../New_SAT_split/QF_NIA_2_20/20170427-VeryMax/ITS/From_T2__Prim_4.t2__p8020_terminationG_0.smt2 : 5145 ms.
--------------------------------------------------
Number of variables: 67351
Number of clauses: 341448
sat
real sat
../New_SAT_split/QF_NIA_2_20/20170427-VeryMax/ITS/From_T2__Prim_4.t2__p8021_terminationG_0.smt2 : 15625 ms.
--------------------------------------------------
Number of variables: 48879
Number of clauses: 256001
sat
real sat
../New_SAT_split/QF_NIA_2_20/20170427-VeryMax/ITS/From_T2__Prim_4.t2__p8025_terminationG_0.smt2 : 3872 ms.
--------------------------------------------------
Number of variables: 69849
Number of clauses: 357346
sat
real sat
../New_SAT_split/QF_NIA_2_20/20170427-VeryMax/ITS/From_T2__Prim_4.t2__p8026_terminationG_0.smt2 : 12329 ms.
--------------------------------------------------
Number of variables: 50655
Number of clauses: 267212
sat
real sat
../New_SAT_split/QF_NIA_2_20/20170427-VeryMax/ITS/From_T2__Prim_4.t2__p8030_terminationG_0.smt2 : 5196 ms.
--------------------------------------------------
Number of variables: 71665
Number of clauses: 368877
sat
real sat
../New_SAT_split/QF_NIA_2_20/20170427-VeryMax/ITS/From_T2__Prim_4.t2__p8031_terminationG_0.smt2 : 12493 ms.
--------------------------------------------------
Number of variables: 52499
Number of clauses: 278831
sat
real sat
../New_SAT_split/QF_NIA_2_20/20170427-VeryMax/ITS/From_T2__Prim_4.t2__p8035_terminationG_0.smt2 : 3667 ms.
--------------------------------------------------
Number of variables: 73549
Number of clauses: 380816
sat
real sat
../New_SAT_split/QF_NIA_2_20/20170427-VeryMax/ITS/From_T2__Prim_4.t2__p8036_terminationG_0.smt2 : 11059 ms.
--------------------------------------------------
Number of variables: 54383
Number of clauses: 290770
sat
real sat
../New_SAT_split/QF_NIA_2_20/20170427-VeryMax/ITS/From_T2__Prim_4.t2__p8040_terminationG_0.smt2 : 3814 ms.
--------------------------------------------------
Number of variables: 75473
Number of clauses: 393075
sat
real sat
../New_SAT_split/QF_NIA_2_20/20170427-VeryMax/ITS/From_T2__Prim_4.t2__p8041_terminationG_0.smt2 : 11889 ms.
--------------------------------------------------
Number of variables: 41276
Number of clauses: 230269
sat
real sat
../New_SAT_split/QF_NIA_2_20/20170427-VeryMax/ITS/From_T2__Prim_4.t2__p8044_terminationG_0.smt2 : 3095 ms.
--------------------------------------------------
Number of variables: 56335
Number of clauses: 303117
sat
real sat
../New_SAT_split/QF_NIA_2_20/20170427-VeryMax/ITS/From_T2__Prim_4.t2__p8045_terminationG_0.smt2 : 14182 ms.
--------------------------------------------------
Number of variables: 77465
Number of clauses: 405742
sat
real sat
../New_SAT_split/QF_NIA_2_20/20170427-VeryMax/ITS/From_T2__Prim_4.t2__p8046_terminationG_0.smt2 : 14580 ms.
--------------------------------------------------
Number of variables: 43006
Number of clauses: 241020
sat
real sat
../New_SAT_split/QF_NIA_2_20/20170427-VeryMax/ITS/From_T2__Prim_4.t2__p8049_terminationG_0.smt2 : 4116 ms.
--------------------------------------------------
Number of variables: 58097
Number of clauses: 314124
sat
real sat
../New_SAT_split/QF_NIA_2_20/20170427-VeryMax/ITS/From_T2__Prim_4.t2__p8050_terminationG_0.smt2 : 6662 ms.
--------------------------------------------------
Number of variables: 79259
Number of clauses: 417005
sat
real sat
../New_SAT_split/QF_NIA_2_20/20170427-VeryMax/ITS/From_T2__Prim_4.t2__p8051_terminationG_0.smt2 : 17333 ms.
--------------------------------------------------
Number of variables: 59863
Number of clauses: 325299
sat
real sat
../New_SAT_split/QF_NIA_2_20/20170427-VeryMax/ITS/From_T2__Prim_4.t2__p8055_terminationG_0.smt2 : 4229 ms.
--------------------------------------------------
Number of variables: 81057
Number of clauses: 428436
sat
real sat
../New_SAT_split/QF_NIA_2_20/20170427-VeryMax/ITS/From_T2__Prim_4.t2__p8056_terminationG_0.smt2 : 5579 ms.
--------------------------------------------------
Number of variables: 46514
Number of clauses: 263178
sat
real sat
../New_SAT_split/QF_NIA_2_20/20170427-VeryMax/ITS/From_T2__Prim_4.t2__p8060_terminationG_0.smt2 : 3301 ms.
--------------------------------------------------
Number of variables: 61669
Number of clauses: 336794
sat
real sat
../New_SAT_split/QF_NIA_2_20/20170427-VeryMax/ITS/From_T2__Prim_4.t2__p8061_terminationG_0.smt2 : 4319 ms.
--------------------------------------------------
Number of variables: 82895
Number of clauses: 440187
sat
real sat
../New_SAT_split/QF_NIA_2_20/20170427-VeryMax/ITS/From_T2__Prim_4.t2__p8062_terminationG_0.smt2 : 13235 ms.
--------------------------------------------------
Number of variables: 48348
Number of clauses: 274761
sat
real sat
../New_SAT_split/QF_NIA_2_20/20170427-VeryMax/ITS/From_T2__Prim_4.t2__p8065_terminationG_0.smt2 : 3365 ms.
--------------------------------------------------
Number of variables: 63535
Number of clauses: 348633
sat
real sat
../New_SAT_split/QF_NIA_2_20/20170427-VeryMax/ITS/From_T2__Prim_4.t2__p8066_terminationG_0.smt2 : 16895 ms.
--------------------------------------------------
Number of variables: 84793
Number of clauses: 452282
sat
real sat
../New_SAT_split/QF_NIA_2_20/20170427-VeryMax/ITS/From_T2__Prim_4.t2__p8067_terminationG_0.smt2 : 13693 ms.
--------------------------------------------------
Number of variables: 50526
Number of clauses: 222437
sat
real sat
../New_SAT_split/QF_NIA_2_20/20170427-VeryMax/ITS/From_T2__Prim_4.t2__p8084_edge_closing_0.smt2 : 1191 ms.
--------------------------------------------------
Number of variables: 165415
Number of clauses: 753584
sat
real sat
../New_SAT_split/QF_NIA_2_20/20170427-VeryMax/ITS/From_T2__Prim_4.t2__p8085_edge_closing_0.smt2 : 93554 ms.
--------------------------------------------------
Number of variables: 349346
Number of clauses: 1620794
sat
real sat
../New_SAT_split/QF_NIA_2_20/20170427-VeryMax/ITS/From_T2__Prim_4.t2__p8086_edge_closing_0.smt2 : 1289995 ms.
--------------------------------------------------
Number of variables: 47475
Number of clauses: 207680
sat
real sat
../New_SAT_split/QF_NIA_2_20/20170427-VeryMax/ITS/From_T2__Prim_4.t2__p8088_edge_closing_0.smt2 : 546 ms.
--------------------------------------------------
Number of variables: 147920
Number of clauses: 670653
sat
real sat
../New_SAT_split/QF_NIA_2_20/20170427-VeryMax/ITS/From_T2__Prim_4.t2__p8089_edge_closing_0.smt2 : 3442 ms.
--------------------------------------------------
Number of variables: 305459
Number of clauses: 1411745
sat
real sat
../New_SAT_split/QF_NIA_2_20/20170427-VeryMax/ITS/From_T2__Prim_4.t2__p8090_edge_closing_0.smt2 : 271451 ms.
--------------------------------------------------
Number of variables: 69398
Number of clauses: 307259
sat
real sat
../New_SAT_split/QF_NIA_2_20/20170427-VeryMax/ITS/From_T2__Prim_4.t2__term_unfeasibility_2_0.smt2 : 2114 ms.
--------------------------------------------------
Number of variables: 63698
Number of clauses: 283550
sat
real sat
../New_SAT_split/QF_NIA_2_20/20170427-VeryMax/ITS/From_T2__Prim_4.t2__term_unfeasibility_3_0.smt2 : 1125 ms.
--------------------------------------------------
Number of variables: 32128
Number of clauses: 140958
sat
real sat
../New_SAT_split/QF_NIA_2_20/20170427-VeryMax/ITS/From_T2__qrdcmp.c.i.qrdcmp.pl.t2.fixed.t2__term_unfeasibility_0_0.smt2 : 272 ms.
--------------------------------------------------
Number of variables: 28364
Number of clauses: 126328
sat
real sat
../New_SAT_split/QF_NIA_2_20/20170427-VeryMax/ITS/From_T2__qrdcmp.c.i.qrdcmp.pl.t2.fixed.t2__term_unfeasibility_1_0.smt2 : 380 ms.
--------------------------------------------------
Number of variables: 31724
Number of clauses: 140532
sat
real sat
../New_SAT_split/QF_NIA_2_20/20170427-VeryMax/ITS/From_T2__qrdcmp.t2__term_unfeasibility_1_0.smt2 : 605 ms.
--------------------------------------------------
Number of variables: 31398
Number of clauses: 141392
sat
real sat
../New_SAT_split/QF_NIA_2_20/20170427-VeryMax/ITS/From_T2__qrdcmp.t2__term_unfeasibility_2_0.smt2 : 455 ms.
--------------------------------------------------
Number of variables: 29719
Number of clauses: 133970
sat
real sat
../New_SAT_split/QF_NIA_2_20/20170427-VeryMax/ITS/From_T2__qrdcmp.t2__term_unfeasibility_3_0.smt2 : 428 ms.
--------------------------------------------------
Number of variables: 29319
Number of clauses: 133416
sat
real sat
../New_SAT_split/QF_NIA_2_20/20170427-VeryMax/ITS/From_T2__qrdcmp.t2__term_unfeasibility_4_0.smt2 : 469 ms.
--------------------------------------------------
Number of variables: 71996
Number of clauses: 329519
unsat in 2 bits.
Number of variables: 118185
Number of clauses: 565476
sat
real sat
../New_SAT_split/QF_NIA_2_20/20170427-VeryMax/ITS/From_T2__queens.t2_fixed__p8351_terminationG_0.smt2 : 11368 ms.
--------------------------------------------------
Number of variables: 157846
Number of clauses: 726811
unsat in 2 bits.
Number of variables: 266998
Number of clauses: 1290602
sat
real sat
../New_SAT_split/QF_NIA_2_20/20170427-VeryMax/ITS/From_T2__queens.t2_fixed__p8353_terminationG_0.smt2 : 65794 ms.
--------------------------------------------------
Number of variables: 277161
Number of clauses: 1290027
unsat in 2 bits.
Number of variables: 473454
Number of clauses: 2308875
sat
real sat
../New_SAT_split/QF_NIA_2_20/20170427-VeryMax/ITS/From_T2__queens.t2_fixed__p8354_terminationG_0.smt2 : 377156 ms.
--------------------------------------------------
Number of variables: 60995
Number of clauses: 279202
unsat in 2 bits.
Number of variables: 99974
Number of clauses: 478378
sat
real sat
../New_SAT_split/QF_NIA_2_20/20170427-VeryMax/ITS/From_T2__queens.t2_fixed__p8357_terminationG_0.smt2 : 8723 ms.
--------------------------------------------------
Number of variables: 139301
Number of clauses: 641856
unsat in 2 bits.
Number of variables: 235589
Number of clauses: 1139619
sat
real sat
../New_SAT_split/QF_NIA_2_20/20170427-VeryMax/ITS/From_T2__queens.t2_fixed__p8358_terminationG_0.smt2 : 22959 ms.
--------------------------------------------------
Number of variables: 250872
Number of clauses: 1168825
unsat in 2 bits.
Number of variables: 428653
Number of clauses: 2092461
sat
real sat
../New_SAT_split/QF_NIA_2_20/20170427-VeryMax/ITS/From_T2__queens.t2_fixed__p8359_terminationG_0.smt2 : 188101 ms.
--------------------------------------------------
Number of variables: 32470
Number of clauses: 146238
sat
real sat
../New_SAT_split/QF_NIA_2_20/20170427-VeryMax/ITS/From_T2__queens.t2_fixed__term_unfeasibility_2_0.smt2 : 927 ms.
--------------------------------------------------
Number of variables: 83384
Number of clauses: 380163
sat
real sat
../New_SAT_split/QF_NIA_2_20/20170427-VeryMax/ITS/From_T2__queens.t2__p8368_terminationG_0.smt2 : 2359 ms.
--------------------------------------------------
Number of variables: 185744
Number of clauses: 852007
sat
real sat
../New_SAT_split/QF_NIA_2_20/20170427-VeryMax/ITS/From_T2__queens.t2__p8369_terminationG_0.smt2 : 20588 ms.
--------------------------------------------------
Number of variables: 328306
Number of clauses: 1522661
sat
real sat
../New_SAT_split/QF_NIA_2_20/20170427-VeryMax/ITS/From_T2__queens.t2__p8370_terminationG_0.smt2 : 154313 ms.
--------------------------------------------------
Number of variables: 70633
Number of clauses: 322058
sat
real sat
../New_SAT_split/QF_NIA_2_20/20170427-VeryMax/ITS/From_T2__queens.t2__p8372_terminationG_0.smt2 : 1339 ms.
--------------------------------------------------
Number of variables: 163932
Number of clauses: 752391
sat
real sat
../New_SAT_split/QF_NIA_2_20/20170427-VeryMax/ITS/From_T2__queens.t2__p8374_terminationG_0.smt2 : 13875 ms.
--------------------------------------------------
Number of variables: 297196
Number of clauses: 1379626
sat
real sat
../New_SAT_split/QF_NIA_2_20/20170427-VeryMax/ITS/From_T2__queens.t2__p8375_terminationG_0.smt2 : 40761 ms.
--------------------------------------------------
Number of variables: 45472
Number of clauses: 200044
sat
real sat
../New_SAT_split/QF_NIA_2_20/20170427-VeryMax/ITS/From_T2__queens.t2__term_unfeasibility_1_0.smt2 : 818 ms.
--------------------------------------------------
Number of variables: 36839
Number of clauses: 163708
sat
real sat
../New_SAT_split/QF_NIA_2_20/20170427-VeryMax/ITS/From_T2__queens.t2__term_unfeasibility_2_0.smt2 : 735 ms.
--------------------------------------------------
Number of variables: 44748
Number of clauses: 205462
sat
real sat
../New_SAT_split/QF_NIA_2_20/20170427-VeryMax/ITS/From_T2__randomwalk.t2__p8411_terminationG_0.smt2 : 4752 ms.
--------------------------------------------------
Number of variables: 77993
Number of clauses: 362226
sat
real sat
../New_SAT_split/QF_NIA_2_20/20170427-VeryMax/ITS/From_T2__randomwalk.t2__p8412_terminationG_0.smt2 : 11369 ms.
--------------------------------------------------
Number of variables: 35695
Number of clauses: 166623
sat
real sat
../New_SAT_split/QF_NIA_2_20/20170427-VeryMax/ITS/From_T2__randomwalk.t2__p8415_terminationG_0.smt2 : 620 ms.
--------------------------------------------------
Number of variables: 74942
Number of clauses: 349890
sat
real sat
../New_SAT_split/QF_NIA_2_20/20170427-VeryMax/ITS/From_T2__randomwalk.t2__p8416_terminationG_0.smt2 : 13296 ms.
--------------------------------------------------
Number of variables: 128911
Number of clauses: 606262
sat
real sat
../New_SAT_split/QF_NIA_2_20/20170427-VeryMax/ITS/From_T2__randomwalk.t2__p8417_terminationG_0.smt2 : 39229 ms.
--------------------------------------------------
Number of variables: 77467
Number of clauses: 366127
sat
real sat
../New_SAT_split/QF_NIA_2_20/20170427-VeryMax/ITS/From_T2__randomwalk.t2__p8448_edge_closing_0.smt2 : 1585 ms.
--------------------------------------------------
Number of variables: 121316
Number of clauses: 570157
sat
real sat
../New_SAT_split/QF_NIA_2_20/20170427-VeryMax/ITS/From_T2__randomwalk.t2__p8449_edge_closing_0.smt2 : 13154 ms.
--------------------------------------------------
Number of variables: 179888
Number of clauses: 847318
sat
real sat
../New_SAT_split/QF_NIA_2_20/20170427-VeryMax/ITS/From_T2__randomwalk.t2__p8450_edge_closing_0.smt2 : 3201 ms.
--------------------------------------------------
Number of variables: 114716
Number of clauses: 580382
sat
real sat
../New_SAT_split/QF_NIA_2_20/20170427-VeryMax/ITS/From_T2__randomwalk.t2__p8452_edge_closing_0.smt2 : 1634 ms.
--------------------------------------------------
Number of variables: 169186
Number of clauses: 852193
sat
real sat
../New_SAT_split/QF_NIA_2_20/20170427-VeryMax/ITS/From_T2__randomwalk.t2__p8453_edge_closing_0.smt2 : 11094 ms.
--------------------------------------------------
Number of variables: 234008
Number of clauses: 1178902
sat
real sat
../New_SAT_split/QF_NIA_2_20/20170427-VeryMax/ITS/From_T2__randomwalk.t2__p8454_edge_closing_0.smt2 : 18666 ms.
--------------------------------------------------
Number of variables: 54634
Number of clauses: 253597
sat
real sat
../New_SAT_split/QF_NIA_2_20/20170427-VeryMax/ITS/From_T2__randomwalk.t2__p8456_edge_closing_0.smt2 : 1014 ms.
--------------------------------------------------
Number of variables: 84950
Number of clauses: 397056
sat
real sat
../New_SAT_split/QF_NIA_2_20/20170427-VeryMax/ITS/From_T2__randomwalk.t2__p8457_edge_closing_0.smt2 : 7643 ms.
--------------------------------------------------
Number of variables: 82604
Number of clauses: 414678
sat
real sat
../New_SAT_split/QF_NIA_2_20/20170427-VeryMax/ITS/From_T2__randomwalk.t2__p8459_edge_closing_0.smt2 : 5827 ms.
--------------------------------------------------
Number of variables: 117271
Number of clauses: 588811
sat
real sat
../New_SAT_split/QF_NIA_2_20/20170427-VeryMax/ITS/From_T2__randomwalk.t2__p8460_edge_closing_0.smt2 : 1379 ms.
--------------------------------------------------
Number of variables: 18101
Number of clauses: 83391
sat
real sat
../New_SAT_split/QF_NIA_2_20/20170427-VeryMax/ITS/From_T2__randomwalk.t2__p8463_edge_closing_0.smt2 : 259 ms.
--------------------------------------------------
Number of variables: 6759
Number of clauses: 30762
sat
real sat
../New_SAT_split/QF_NIA_2_20/20170427-VeryMax/ITS/From_T2__refine_disj_problem.t2_fixed__p8519_edge_closing_0.smt2 : 100 ms.
--------------------------------------------------
Number of variables: 11252
Number of clauses: 51884
sat
real sat
../New_SAT_split/QF_NIA_2_20/20170427-VeryMax/ITS/From_T2__refine_disj_problem.t2__p8545_terminationG_0.smt2 : 161 ms.
--------------------------------------------------
Number of variables: 16661
Number of clauses: 75548
sat
real sat
../New_SAT_split/QF_NIA_2_20/20170427-VeryMax/ITS/From_T2__refine_disj_problem.t2__p8554_edge_closing_0.smt2 : 1501 ms.
--------------------------------------------------
Number of variables: 35158
Number of clauses: 160682
sat
real sat
../New_SAT_split/QF_NIA_2_20/20170427-VeryMax/ITS/From_T2__reverse_div4.t2_fixed__p8573_terminationG_0.smt2 : 933 ms.
--------------------------------------------------
Number of variables: 17228
Number of clauses: 80906
sat
real sat
../New_SAT_split/QF_NIA_2_20/20170427-VeryMax/ITS/From_T2__reverse_div4.t2_fixed__p8582_safety_0.smt2 : 358 ms.
--------------------------------------------------
Number of variables: 28694
Number of clauses: 136153
sat
real sat
../New_SAT_split/QF_NIA_2_20/20170427-VeryMax/ITS/From_T2__reverse_div4.t2_fixed__p8583_safety_0.smt2 : 532 ms.
--------------------------------------------------
Number of variables: 70554
Number of clauses: 320026
sat
real sat
../New_SAT_split/QF_NIA_2_20/20170427-VeryMax/ITS/From_T2__reverse_div4.t2_fixed__p8587_edge_closing_0.smt2 : 1501 ms.
--------------------------------------------------
Number of variables: 101424
Number of clauses: 463720
sat
real sat
../New_SAT_split/QF_NIA_2_20/20170427-VeryMax/ITS/From_T2__reverse_div4.t2_fixed__p8588_edge_closing_0.smt2 : 2082 ms.
--------------------------------------------------
Number of variables: 23360
Number of clauses: 109134
sat
real sat
../New_SAT_split/QF_NIA_2_20/20170427-VeryMax/ITS/From_T2__reverse_div4.t2__p8604_safety_0.smt2 : 472 ms.
--------------------------------------------------
Number of variables: 39661
Number of clauses: 187385
sat
real sat
../New_SAT_split/QF_NIA_2_20/20170427-VeryMax/ITS/From_T2__reverse_div4.t2__p8605_safety_0.smt2 : 3834 ms.
--------------------------------------------------
Number of variables: 42499
Number of clauses: 197837
sat
real sat
../New_SAT_split/QF_NIA_2_20/20170427-VeryMax/ITS/From_T2__reverse_seg_cyclic.t2_fixed__term_unfeasibility_1_0.smt2 : 545 ms.
--------------------------------------------------
Number of variables: 33530
Number of clauses: 157715
sat
real sat
../New_SAT_split/QF_NIA_2_20/20170427-VeryMax/ITS/From_T2__reverse_seg_cyclic.t2_fixed__term_unfeasibility_2_0.smt2 : 707 ms.
--------------------------------------------------
Number of variables: 28702
Number of clauses: 133133
sat
real sat
../New_SAT_split/QF_NIA_2_20/20170427-VeryMax/ITS/From_T2__reverse.t2_fixed__term_unfeasibility_2_0.smt2 : 350 ms.
--------------------------------------------------
Number of variables: 18159
Number of clauses: 85311
unsat in 2 bits.
Number of variables: 29595
Number of clauses: 145257
sat
real sat
../New_SAT_split/QF_NIA_2_20/20170427-VeryMax/ITS/From_T2__rev_nt2.t2_fixed__p8633_safety_0.smt2 : 8993 ms.
--------------------------------------------------
Number of variables: 31381
Number of clauses: 148725
unsat in 2 bits.
Number of variables: 51785
Number of clauses: 255847
sat
real sat
../New_SAT_split/QF_NIA_2_20/20170427-VeryMax/ITS/From_T2__rev_nt2.t2_fixed__p8634_safety_0.smt2 : 33695 ms.
--------------------------------------------------
Number of variables: 18159
Number of clauses: 85311
unsat in 2 bits.
Number of variables: 29595
Number of clauses: 145257
sat
real sat
../New_SAT_split/QF_NIA_2_20/20170427-VeryMax/ITS/From_T2__rev_nt3.t2__p8692_safety_0.smt2 : 4135 ms.
--------------------------------------------------
Number of variables: 31381
Number of clauses: 148725
unsat in 2 bits.
Number of variables: 51785
Number of clauses: 255847
sat
real sat
../New_SAT_split/QF_NIA_2_20/20170427-VeryMax/ITS/From_T2__rev_nt3.t2__p8693_safety_0.smt2 : 33163 ms.
--------------------------------------------------
Number of variables: 39369
Number of clauses: 177203
sat
real sat
../New_SAT_split/QF_NIA_2_20/20170427-VeryMax/ITS/From_T2__rlft3.c.i.rlft3.pl.t2.fixed.t2__p8723_terminationG_0.smt2 : 770 ms.
--------------------------------------------------
Number of variables: 133589
Number of clauses: 620966
sat
real sat
../New_SAT_split/QF_NIA_2_20/20170427-VeryMax/ITS/From_T2__rlft3.c.i.rlft3.pl.t2.fixed.t2__p8724_terminationG_0.smt2 : 10080 ms.
--------------------------------------------------
Number of variables: 284950
Number of clauses: 1345750
sat
real sat
../New_SAT_split/QF_NIA_2_20/20170427-VeryMax/ITS/From_T2__rlft3.c.i.rlft3.pl.t2.fixed.t2__p8725_terminationG_0.smt2 : 32311 ms.
--------------------------------------------------
Number of variables: 138495
Number of clauses: 640508
sat
real sat
../New_SAT_split/QF_NIA_2_20/20170427-VeryMax/ITS/From_T2__rlft3.c.i.rlft3.pl.t2.fixed.t2__p8946_edge_closing_0.smt2 : 26482 ms.
--------------------------------------------------
Number of variables: 292348
Number of clauses: 1377104
sat
real sat
../New_SAT_split/QF_NIA_2_20/20170427-VeryMax/ITS/From_T2__rlft3.c.i.rlft3.pl.t2.fixed.t2__p8947_edge_closing_0.smt2 : 143741 ms.
--------------------------------------------------
Number of variables: 35806
Number of clauses: 160327
sat
real sat
../New_SAT_split/QF_NIA_2_20/20170427-VeryMax/ITS/From_T2__ruslan-benchmarks_misc_n-38.t2__p9188_terminationG_0.smt2 : 702 ms.
--------------------------------------------------
Number of variables: 81914
Number of clauses: 371785
sat
real sat
../New_SAT_split/QF_NIA_2_20/20170427-VeryMax/ITS/From_T2__ruslan-benchmarks_misc_n-38.t2__p9189_terminationG_0.smt2 : 6413 ms.
--------------------------------------------------
Number of variables: 146221
Number of clauses: 673047
sat
real sat
../New_SAT_split/QF_NIA_2_20/20170427-VeryMax/ITS/From_T2__ruslan-benchmarks_misc_n-38.t2__p9190_terminationG_0.smt2 : 15536 ms.
--------------------------------------------------
Number of variables: 74724
Number of clauses: 340783
sat
real sat
../New_SAT_split/QF_NIA_2_20/20170427-VeryMax/ITS/From_T2__ruslan-benchmarks_misc_n-38.t2__p9194_terminationG_0.smt2 : 6925 ms.
--------------------------------------------------
Number of variables: 136093
Number of clauses: 629989
sat
real sat
../New_SAT_split/QF_NIA_2_20/20170427-VeryMax/ITS/From_T2__ruslan-benchmarks_misc_n-38.t2__p9195_terminationG_0.smt2 : 12676 ms.
--------------------------------------------------
Number of variables: 75514
Number of clauses: 347325
sat
real sat
../New_SAT_split/QF_NIA_2_20/20170427-VeryMax/ITS/From_T2__ruslan-benchmarks_misc_n-38.t2__p9249_edge_closing_0.smt2 : 1093 ms.
--------------------------------------------------
Number of variables: 131691
Number of clauses: 612603
sat
real sat
../New_SAT_split/QF_NIA_2_20/20170427-VeryMax/ITS/From_T2__ruslan-benchmarks_misc_n-38.t2__p9250_edge_closing_0.smt2 : 2286 ms.
--------------------------------------------------
Number of variables: 239048
Number of clauses: 1247180
unsat in 2 bits.
Number of variables: 384801
Number of clauses: 2058199
unsat in 4 bits.
Number of variables: 858455
Number of clauses: 4834289
unsat in 8 bits.
Number of variables: 2533955
Number of clauses: 14999733
sat
real sat
../New_SAT_split/QF_NIA_2_20/20170427-VeryMax/ITS/From_T2__ruslan-benchmarks_misc_n-38.t2__p9252_edge_closing_0.smt2 : 419533 ms.
--------------------------------------------------
Number of variables: 337924
Number of clauses: 1764594
unsat in 2 bits.
Number of variables: 531158
Number of clauses: 2837012
unsat in 4 bits.
Number of variables: 1147522
Number of clauses: 6439392
unsat in 8 bits.
Number of variables: 3298090
Number of clauses: 19461592
sat
real sat
../New_SAT_split/QF_NIA_2_20/20170427-VeryMax/ITS/From_T2__ruslan-benchmarks_misc_n-38.t2__p9253_edge_closing_0.smt2 : 1746088 ms.
--------------------------------------------------
Number of variables: 454644
Number of clauses: 2380162
unsat in 2 bits.
Number of variables: 705695
Number of clauses: 3768511
unsat in 4 bits.
Number of variables: 1496193
Number of clauses: 8374981
unsat in 8 bits.
Number of variables: 4226917
Number of clauses: 24878337
../New_SAT_split/QF_NIA_2_20/20170427-VeryMax/ITS/From_T2__ruslan-benchmarks_misc_n-38.t2__p9254_edge_closing_0.smt2 : 2401308 ms.
--------------------------------------------------
Number of variables: 183119
Number of clauses: 945985
unsat in 2 bits.
Number of variables: 314788
Number of clauses: 1671408
unsat in 4 bits.
Number of variables: 753794
Number of clauses: 4235266
unsat in 8 bits.
Number of variables: 2334078
Number of clauses: 13812086
sat
real sat
../New_SAT_split/QF_NIA_2_20/20170427-VeryMax/ITS/From_T2__ruslan-benchmarks_misc_n-38.t2__p9260_edge_closing_0.smt2 : 387348 ms.
--------------------------------------------------
Number of variables: 271426
Number of clauses: 1409993
unsat in 2 bits.
Number of variables: 444036
Number of clauses: 2363035
unsat in 4 bits.
Number of variables: 1006192
Number of clauses: 5644583
unsat in 8 bits.
Number of variables: 2996504
Number of clauses: 17696799
../New_SAT_split/QF_NIA_2_20/20170427-VeryMax/ITS/From_T2__ruslan-benchmarks_misc_n-38.t2__p9261_edge_closing_0.smt2 : 2401218 ms.
--------------------------------------------------
Number of variables: 377378
Number of clauses: 1970517
unsat in 2 bits.
Number of variables: 601265
Number of clauses: 3205790
unsat in 4 bits.
Number of variables: 1317995
Number of clauses: 7382988
unsat in 8 bits.
Number of variables: 3823423
Number of clauses: 22535320
sat
real sat
../New_SAT_split/QF_NIA_2_20/20170427-VeryMax/ITS/From_T2__ruslan-benchmarks_misc_n-38.t2__p9262_edge_closing_0.smt2 : 2169089 ms.
--------------------------------------------------
Number of variables: 151942
Number of clauses: 776505
unsat in 2 bits.
Number of variables: 276108
Number of clauses: 1455485
unsat in 4 bits.
Number of variables: 696544
Number of clauses: 3903885
unsat in 8 bits.
Number of variables: 2225432
Number of clauses: 13159501
sat
real sat
../New_SAT_split/QF_NIA_2_20/20170427-VeryMax/ITS/From_T2__ruslan-benchmarks_misc_n-38.t2__p9263_edge_closing_0.smt2 : 291227 ms.
--------------------------------------------------
Number of variables: 234812
Number of clauses: 1213240
unsat in 2 bits.
Number of variables: 396466
Number of clauses: 2101996
unsat in 4 bits.
Number of variables: 929582
Number of clauses: 5209828
unsat in 8 bits.
Number of variables: 2833302
Number of clauses: 16734036
../New_SAT_split/QF_NIA_2_20/20170427-VeryMax/ITS/From_T2__ruslan-benchmarks_misc_n-38.t2__p9264_edge_closing_0.smt2 : 2401266 ms.
--------------------------------------------------
Number of variables: 335217
Number of clauses: 1745589
unsat in 2 bits.
Number of variables: 544695
Number of clauses: 2898777
unsat in 4 bits.
Number of variables: 1221915
Number of clauses: 6844089
unsat in 8 bits.
Number of variables: 3605555
Number of clauses: 21261785
../New_SAT_split/QF_NIA_2_20/20170427-VeryMax/ITS/From_T2__ruslan-benchmarks_misc_n-38.t2__p9265_edge_closing_0.smt2 : 2401433 ms.
--------------------------------------------------
Number of variables: 137288
Number of clauses: 699373
unsat in 2 bits.
Number of variables: 257603
Number of clauses: 1355318
unsat in 4 bits.
Number of variables: 668717
Number of clauses: 3747388
unsat in 8 bits.
Number of variables: 2172481
Number of clauses: 12849304
sat
real sat
../New_SAT_split/QF_NIA_2_20/20170427-VeryMax/ITS/From_T2__ruslan-benchmarks_misc_n-38.t2__p9266_edge_closing_0.smt2 : 375624 ms.
--------------------------------------------------
Number of variables: 217905
Number of clauses: 1126413
unsat in 2 bits.
Number of variables: 374009
Number of clauses: 1983465
unsat in 4 bits.
Number of variables: 892785
Number of clauses: 5007369
unsat in 8 bits.
Number of variables: 2754865
Number of clauses: 16281641
../New_SAT_split/QF_NIA_2_20/20170427-VeryMax/ITS/From_T2__ruslan-benchmarks_misc_n-38.t2__p9267_edge_closing_0.smt2 : 2401229 ms.
--------------------------------------------------
Number of variables: 316071
Number of clauses: 1649169
unsat in 2 bits.
Number of variables: 518300
Number of clauses: 2762004
unsat in 4 bits.
Number of variables: 1176162
Number of clauses: 6595830
unsat in 8 bits.
Number of variables: 3501646
Number of clauses: 20667434
../New_SAT_split/QF_NIA_2_20/20170427-VeryMax/ITS/From_T2__ruslan-benchmarks_misc_n-38.t2__p9268_edge_closing_0.smt2 : 2401577 ms.
