--------------------------------------------------
Number of variables: 62315
Number of clauses: 324346
sat
real sat
../New_SAT_split/QF_NIA_2_33/20170427-VeryMax/ITS/From_AProVE_2014__juHashMapCreateClear.jar-obl-11__p29840_terminationG_0.smt2 : 5798 ms.
--------------------------------------------------
Number of variables: 117571
Number of clauses: 597574
sat
real sat
../New_SAT_split/QF_NIA_2_33/20170427-VeryMax/ITS/From_AProVE_2014__juHashMapCreateClear.jar-obl-11__p29841_terminationG_0.smt2 : 10563 ms.
--------------------------------------------------
Number of variables: 190693
Number of clauses: 960832
sat
real sat
../New_SAT_split/QF_NIA_2_33/20170427-VeryMax/ITS/From_AProVE_2014__juHashMapCreateClear.jar-obl-11__p29842_terminationG_0.smt2 : 4304 ms.
--------------------------------------------------
Number of variables: 85912
Number of clauses: 418058
unsat in 2 bits.
Number of variables: 130445
Number of clauses: 654926
sat
real sat
../New_SAT_split/QF_NIA_2_33/20170427-VeryMax/ITS/From_AProVE_2014__juHashMapCreateClear.jar-obl-11__p29853_safety_0.smt2 : 15102 ms.
--------------------------------------------------
Number of variables: 88112
Number of clauses: 427534
unsat in 2 bits.
Number of variables: 132897
Number of clauses: 666350
sat
real sat
../New_SAT_split/QF_NIA_2_33/20170427-VeryMax/ITS/From_AProVE_2014__juHashMapCreateClear.jar-obl-11__p29854_safety_0.smt2 : 14426 ms.
--------------------------------------------------
Number of variables: 47727
Number of clauses: 227756
unsat in 2 bits.
Number of variables: 70566
Number of clauses: 349228
sat
real sat
../New_SAT_split/QF_NIA_2_33/20170427-VeryMax/ITS/From_AProVE_2014__juHashMapCreateClear.jar-obl-11__p29860_safety_0.smt2 : 1716 ms.
--------------------------------------------------
Number of variables: 85420
Number of clauses: 411664
unsat in 2 bits.
Number of variables: 128349
Number of clauses: 640718
sat
real sat
../New_SAT_split/QF_NIA_2_33/20170427-VeryMax/ITS/From_AProVE_2014__juHashMapCreateClear.jar-obl-11__p29861_safety_0.smt2 : 29522 ms.
--------------------------------------------------
Number of variables: 45531
Number of clauses: 218300
unsat in 2 bits.
Number of variables: 68130
Number of clauses: 337918
sat
real sat
../New_SAT_split/QF_NIA_2_33/20170427-VeryMax/ITS/From_AProVE_2014__juHashMapCreateClear.jar-obl-11__p29863_safety_0.smt2 : 2151 ms.
--------------------------------------------------
Number of variables: 83232
Number of clauses: 402266
unsat in 2 bits.
Number of variables: 125927
Number of clauses: 629513
sat
real sat
../New_SAT_split/QF_NIA_2_33/20170427-VeryMax/ITS/From_AProVE_2014__juHashMapCreateClear.jar-obl-11__p29864_safety_0.smt2 : 3407 ms.
--------------------------------------------------
Number of variables: 47747
Number of clauses: 227946
unsat in 2 bits.
Number of variables: 70594
Number of clauses: 349518
sat
real sat
../New_SAT_split/QF_NIA_2_33/20170427-VeryMax/ITS/From_AProVE_2014__juHashMapCreateClear.jar-obl-11__p29868_safety_0.smt2 : 16249 ms.
--------------------------------------------------
Number of variables: 85458
Number of clauses: 411974
unsat in 2 bits.
Number of variables: 128403
Number of clauses: 641192
sat
real sat
../New_SAT_split/QF_NIA_2_33/20170427-VeryMax/ITS/From_AProVE_2014__juHashMapCreateClear.jar-obl-11__p29869_safety_0.smt2 : 33059 ms.
--------------------------------------------------
Number of variables: 98041
Number of clauses: 505064
sat
real sat
../New_SAT_split/QF_NIA_2_33/20170427-VeryMax/ITS/From_AProVE_2014__juHashMapCreateClear.jar-obl-11__p29881_safety_0.smt2 : 8174 ms.
--------------------------------------------------
Number of variables: 176819
Number of clauses: 906493
sat
real sat
../New_SAT_split/QF_NIA_2_33/20170427-VeryMax/ITS/From_AProVE_2014__juHashMapCreateClear.jar-obl-11__p29882_safety_0.smt2 : 16239 ms.
--------------------------------------------------
Number of variables: 117619
Number of clauses: 568836
sat
real sat
../New_SAT_split/QF_NIA_2_33/20170427-VeryMax/ITS/From_AProVE_2014__juHashMapCreateClear.jar-obl-11__p29884_safety_0.smt2 : 8281 ms.
--------------------------------------------------
Number of variables: 202427
Number of clauses: 985700
sat
real sat
../New_SAT_split/QF_NIA_2_33/20170427-VeryMax/ITS/From_AProVE_2014__juHashMapCreateClear.jar-obl-11__p29885_safety_0.smt2 : 15544 ms.
--------------------------------------------------
Number of variables: 85613
Number of clauses: 416220
unsat in 2 bits.
Number of variables: 130160
Number of clauses: 653274
sat
real sat
../New_SAT_split/QF_NIA_2_33/20170427-VeryMax/ITS/From_AProVE_2014__juHashMapCreateClear.jar-obl-11__p29890_safety_0.smt2 : 16792 ms.
--------------------------------------------------
Number of variables: 45325
Number of clauses: 217065
unsat in 2 bits.
Number of variables: 67924
Number of clauses: 336773
sat
real sat
../New_SAT_split/QF_NIA_2_33/20170427-VeryMax/ITS/From_AProVE_2014__juHashMapCreateClear.jar-obl-11__p29894_safety_0.smt2 : 6516 ms.
--------------------------------------------------
Number of variables: 82877
Number of clauses: 400020
unsat in 2 bits.
Number of variables: 125560
Number of clauses: 627318
sat
real sat
../New_SAT_split/QF_NIA_2_33/20170427-VeryMax/ITS/From_AProVE_2014__juHashMapCreateClear.jar-obl-11__p29895_safety_0.smt2 : 13733 ms.
--------------------------------------------------
Number of variables: 49829
Number of clauses: 240158
unsat in 2 bits.
Number of variables: 73990
Number of clauses: 368660
sat
real sat
../New_SAT_split/QF_NIA_2_33/20170427-VeryMax/ITS/From_AProVE_2014__juHashMapCreateClear.jar-obl-11__p29899_safety_0.smt2 : 7708 ms.
--------------------------------------------------
Number of variables: 88327
Number of clauses: 429146
unsat in 2 bits.
Number of variables: 133178
Number of clauses: 668456
sat
real sat
../New_SAT_split/QF_NIA_2_33/20170427-VeryMax/ITS/From_AProVE_2014__juHashMapCreateClear.jar-obl-11__p29900_safety_0.smt2 : 26455 ms.
--------------------------------------------------
Number of variables: 48218
Number of clauses: 231421
unsat in 2 bits.
Number of variables: 71143
Number of clauses: 353590
sat
real sat
../New_SAT_split/QF_NIA_2_33/20170427-VeryMax/ITS/From_AProVE_2014__juHashMapCreateClear.jar-obl-11__p29904_safety_0.smt2 : 2334 ms.
--------------------------------------------------
Number of variables: 86089
Number of clauses: 416704
unsat in 2 bits.
Number of variables: 129128
Number of clauses: 646668
sat
real sat
../New_SAT_split/QF_NIA_2_33/20170427-VeryMax/ITS/From_AProVE_2014__juHashMapCreateClear.jar-obl-11__p29905_safety_0.smt2 : 15947 ms.
--------------------------------------------------
Number of variables: 87757
Number of clauses: 426974
unsat in 2 bits.
Number of variables: 131356
Number of clauses: 660460
sat
real sat
../New_SAT_split/QF_NIA_2_33/20170427-VeryMax/ITS/From_AProVE_2014__juHashMapCreateClear.jar-obl-11__p29915_safety_0.smt2 : 14544 ms.
--------------------------------------------------
Number of variables: 49410
Number of clauses: 238657
unsat in 2 bits.
Number of variables: 72743
Number of clauses: 363404
sat
real sat
../New_SAT_split/QF_NIA_2_33/20170427-VeryMax/ITS/From_AProVE_2014__juHashMapCreateClear.jar-obl-11__p29919_safety_0.smt2 : 31346 ms.
--------------------------------------------------
Number of variables: 87799
Number of clauses: 427154
unsat in 2 bits.
Number of variables: 131416
Number of clauses: 660781
sat
real sat
../New_SAT_split/QF_NIA_2_33/20170427-VeryMax/ITS/From_AProVE_2014__juHashMapCreateClear.jar-obl-11__p29920_safety_0.smt2 : 33325 ms.
--------------------------------------------------
Number of variables: 55459
Number of clauses: 265838
sat
real sat
../New_SAT_split/QF_NIA_2_33/20170427-VeryMax/ITS/From_AProVE_2014__juHashMapCreateClear.jar-obl-11__p29923_safety_0.smt2 : 1740 ms.
--------------------------------------------------
Number of variables: 118918
Number of clauses: 574486
sat
real sat
../New_SAT_split/QF_NIA_2_33/20170427-VeryMax/ITS/From_AProVE_2014__juHashMapCreateClear.jar-obl-11__p29924_safety_0.smt2 : 11558 ms.
--------------------------------------------------
Number of variables: 204666
Number of clauses: 995378
sat
real sat
../New_SAT_split/QF_NIA_2_33/20170427-VeryMax/ITS/From_AProVE_2014__juHashMapCreateClear.jar-obl-11__p29925_safety_0.smt2 : 17285 ms.
--------------------------------------------------
Number of variables: 80049
Number of clauses: 383206
sat
real sat
../New_SAT_split/QF_NIA_2_33/20170427-VeryMax/ITS/From_AProVE_2014__juHashMapCreateClear.jar-obl-11__p29933_safety_0.smt2 : 8326 ms.
--------------------------------------------------
Number of variables: 44180
Number of clauses: 209265
sat
real sat
../New_SAT_split/QF_NIA_2_33/20170427-VeryMax/ITS/From_AProVE_2014__juHashMapCreateClear.jar-obl-11__p29935_safety_0.smt2 : 5044 ms.
--------------------------------------------------
Number of variables: 80094
Number of clauses: 383488
sat
real sat
../New_SAT_split/QF_NIA_2_33/20170427-VeryMax/ITS/From_AProVE_2014__juHashMapCreateClear.jar-obl-11__p29936_safety_0.smt2 : 7461 ms.
--------------------------------------------------
Number of variables: 38129
Number of clauses: 195876
sat
real sat
../New_SAT_split/QF_NIA_2_33/20170427-VeryMax/ITS/From_AProVE_2014__juHashMapCreateClear.jar-obl-11__p29940_safety_0.smt2 : 842 ms.
--------------------------------------------------
Number of variables: 91934
Number of clauses: 467947
sat
real sat
../New_SAT_split/QF_NIA_2_33/20170427-VeryMax/ITS/From_AProVE_2014__juHashMapCreateClear.jar-obl-11__p29941_safety_0.smt2 : 20484 ms.
--------------------------------------------------
Number of variables: 168068
Number of clauses: 852582
sat
real sat
../New_SAT_split/QF_NIA_2_33/20170427-VeryMax/ITS/From_AProVE_2014__juHashMapCreateClear.jar-obl-11__p29942_safety_0.smt2 : 16156 ms.
--------------------------------------------------
Number of variables: 86727
Number of clauses: 423140
unsat in 2 bits.
Number of variables: 131486
Number of clauses: 661478
sat
real sat
../New_SAT_split/QF_NIA_2_33/20170427-VeryMax/ITS/From_AProVE_2014__juHashMapCreateClear.jar-obl-11__p29947_safety_0.smt2 : 4542 ms.
--------------------------------------------------
Number of variables: 46313
Number of clauses: 223126
unsat in 2 bits.
Number of variables: 69164
Number of clauses: 344384
sat
real sat
../New_SAT_split/QF_NIA_2_33/20170427-VeryMax/ITS/From_AProVE_2014__juHashMapCreateClear.jar-obl-11__p29951_safety_0.smt2 : 17683 ms.
--------------------------------------------------
Number of variables: 84215
Number of clauses: 408303
unsat in 2 bits.
Number of variables: 127248
Number of clauses: 637759
sat
real sat
../New_SAT_split/QF_NIA_2_33/20170427-VeryMax/ITS/From_AProVE_2014__juHashMapCreateClear.jar-obl-11__p29952_safety_0.smt2 : 31396 ms.
--------------------------------------------------
Number of variables: 55551
Number of clauses: 266438
sat
real sat
../New_SAT_split/QF_NIA_2_33/20170427-VeryMax/ITS/From_AProVE_2014__juHashMapCreateClear.jar-obl-11__p29958_safety_0.smt2 : 3422 ms.
--------------------------------------------------
Number of variables: 119081
Number of clauses: 575564
sat
real sat
../New_SAT_split/QF_NIA_2_33/20170427-VeryMax/ITS/From_AProVE_2014__juHashMapCreateClear.jar-obl-11__p29959_safety_0.smt2 : 27804 ms.
--------------------------------------------------
Number of variables: 204900
Number of clauses: 996934
sat
real sat
../New_SAT_split/QF_NIA_2_33/20170427-VeryMax/ITS/From_AProVE_2014__juHashMapCreateClear.jar-obl-11__p29960_safety_0.smt2 : 149646 ms.
--------------------------------------------------
Number of variables: 82857
Number of clauses: 400139
sat
real sat
../New_SAT_split/QF_NIA_2_33/20170427-VeryMax/ITS/From_AProVE_2014__juHashMapCreateClear.jar-obl-11__p29965_safety_0.smt2 : 9020 ms.
--------------------------------------------------
Number of variables: 81150
Number of clauses: 390088
sat
real sat
../New_SAT_split/QF_NIA_2_33/20170427-VeryMax/ITS/From_AProVE_2014__juHashMapCreateClear.jar-obl-11__p29968_safety_0.smt2 : 19555 ms.
--------------------------------------------------
Number of variables: 45956
Number of clauses: 220267
sat
real sat
../New_SAT_split/QF_NIA_2_33/20170427-VeryMax/ITS/From_AProVE_2014__juHashMapCreateClear.jar-obl-11__p29970_safety_0.smt2 : 6142 ms.
--------------------------------------------------
Number of variables: 82580
Number of clauses: 399002
sat
real sat
../New_SAT_split/QF_NIA_2_33/20170427-VeryMax/ITS/From_AProVE_2014__juHashMapCreateClear.jar-obl-11__p29971_safety_0.smt2 : 8976 ms.
--------------------------------------------------
Number of variables: 45963
Number of clauses: 220352
sat
real sat
../New_SAT_split/QF_NIA_2_33/20170427-VeryMax/ITS/From_AProVE_2014__juHashMapCreateClear.jar-obl-11__p29973_safety_0.smt2 : 4927 ms.
--------------------------------------------------
Number of variables: 82595
Number of clauses: 399144
sat
real sat
../New_SAT_split/QF_NIA_2_33/20170427-VeryMax/ITS/From_AProVE_2014__juHashMapCreateClear.jar-obl-11__p29974_safety_0.smt2 : 9885 ms.
--------------------------------------------------
Number of variables: 39689
Number of clauses: 206007
sat
real sat
../New_SAT_split/QF_NIA_2_33/20170427-VeryMax/ITS/From_AProVE_2014__juHashMapCreateClear.jar-obl-11__p29975_safety_0.smt2 : 873 ms.
--------------------------------------------------
Number of variables: 94594
Number of clauses: 485392
sat
real sat
../New_SAT_split/QF_NIA_2_33/20170427-VeryMax/ITS/From_AProVE_2014__juHashMapCreateClear.jar-obl-11__p29976_safety_0.smt2 : 10559 ms.
--------------------------------------------------
Number of variables: 171884
Number of clauses: 877789
sat
real sat
../New_SAT_split/QF_NIA_2_33/20170427-VeryMax/ITS/From_AProVE_2014__juHashMapCreateClear.jar-obl-11__p29977_safety_0.smt2 : 42547 ms.
--------------------------------------------------
Number of variables: 87507
Number of clauses: 427497
unsat in 2 bits.
Number of variables: 132534
Number of clauses: 667335
sat
real sat
../New_SAT_split/QF_NIA_2_33/20170427-VeryMax/ITS/From_AProVE_2014__juHashMapCreateClear.jar-obl-11__p29982_safety_0.smt2 : 23674 ms.
--------------------------------------------------
Number of variables: 46911
Number of clauses: 226398
unsat in 2 bits.
Number of variables: 69988
Number of clauses: 348918
sat
real sat
../New_SAT_split/QF_NIA_2_33/20170427-VeryMax/ITS/From_AProVE_2014__juHashMapCreateClear.jar-obl-11__p29986_safety_0.smt2 : 6935 ms.
--------------------------------------------------
Number of variables: 84939
Number of clauses: 412224
unsat in 2 bits.
Number of variables: 128258
Number of clauses: 643290
sat
real sat
../New_SAT_split/QF_NIA_2_33/20170427-VeryMax/ITS/From_AProVE_2014__juHashMapCreateClear.jar-obl-11__p29987_safety_0.smt2 : 32723 ms.
--------------------------------------------------
Number of variables: 48031
Number of clauses: 233162
unsat in 2 bits.
Number of variables: 71500
Number of clauses: 358132
sat
real sat
../New_SAT_split/QF_NIA_2_33/20170427-VeryMax/ITS/From_AProVE_2014__juHashMapCreateClear.jar-obl-11__p29991_safety_0.smt2 : 20690 ms.
--------------------------------------------------
Number of variables: 48067
Number of clauses: 233492
unsat in 2 bits.
Number of variables: 71536
Number of clauses: 358502
sat
real sat
../New_SAT_split/QF_NIA_2_33/20170427-VeryMax/ITS/From_AProVE_2014__juHashMapCreateClear.jar-obl-11__p29996_safety_0.smt2 : 18829 ms.
--------------------------------------------------
Number of variables: 86605
Number of clauses: 422502
unsat in 2 bits.
Number of variables: 130482
Number of clauses: 657113
sat
real sat
../New_SAT_split/QF_NIA_2_33/20170427-VeryMax/ITS/From_AProVE_2014__juHashMapCreateClear.jar-obl-11__p29997_safety_0.smt2 : 14516 ms.
--------------------------------------------------
Number of variables: 63785
Number of clauses: 334088
sat
real sat
../New_SAT_split/QF_NIA_2_33/20170427-VeryMax/ITS/From_AProVE_2014__juHashMapCreateClear.jar-obl-11__p30002_terminationG_0.smt2 : 9840 ms.
--------------------------------------------------
Number of variables: 119571
Number of clauses: 611008
sat
real sat
../New_SAT_split/QF_NIA_2_33/20170427-VeryMax/ITS/From_AProVE_2014__juHashMapCreateClear.jar-obl-11__p30003_terminationG_0.smt2 : 20537 ms.
--------------------------------------------------
Number of variables: 193265
Number of clauses: 978292
sat
real sat
../New_SAT_split/QF_NIA_2_33/20170427-VeryMax/ITS/From_AProVE_2014__juHashMapCreateClear.jar-obl-11__p30004_terminationG_0.smt2 : 15405 ms.
--------------------------------------------------
Number of variables: 88915
Number of clauses: 432415
unsat in 2 bits.
Number of variables: 133918
Number of clauses: 672629
sat
real sat
../New_SAT_split/QF_NIA_2_33/20170427-VeryMax/ITS/From_AProVE_2014__juHashMapCreateClear.jar-obl-11__p30016_safety_0.smt2 : 14163 ms.
--------------------------------------------------
Number of variables: 46157
Number of clauses: 222001
unsat in 2 bits.
Number of variables: 68938
Number of clauses: 342767
sat
real sat
../New_SAT_split/QF_NIA_2_33/20170427-VeryMax/ITS/From_AProVE_2014__juHashMapCreateClear.jar-obl-11__p30020_safety_0.smt2 : 7704 ms.
--------------------------------------------------
Number of variables: 84069
Number of clauses: 407250
unsat in 2 bits.
Number of variables: 127002
Number of clauses: 636007
sat
real sat
../New_SAT_split/QF_NIA_2_33/20170427-VeryMax/ITS/From_AProVE_2014__juHashMapCreateClear.jar-obl-11__p30021_safety_0.smt2 : 11891 ms.
--------------------------------------------------
Number of variables: 48365
Number of clauses: 231541
unsat in 2 bits.
Number of variables: 71398
Number of clauses: 354255
sat
real sat
../New_SAT_split/QF_NIA_2_33/20170427-VeryMax/ITS/From_AProVE_2014__juHashMapCreateClear.jar-obl-11__p30025_safety_0.smt2 : 6995 ms.
--------------------------------------------------
Number of variables: 86273
Number of clauses: 416758
unsat in 2 bits.
Number of variables: 129458
Number of clauses: 647463
sat
real sat
../New_SAT_split/QF_NIA_2_33/20170427-VeryMax/ITS/From_AProVE_2014__juHashMapCreateClear.jar-obl-11__p30026_safety_0.smt2 : 14651 ms.
--------------------------------------------------
Number of variables: 47271
Number of clauses: 228717
unsat in 2 bits.
Number of variables: 70440
Number of clauses: 351899
sat
real sat
../New_SAT_split/QF_NIA_2_33/20170427-VeryMax/ITS/From_AProVE_2014__juHashMapCreateClear.jar-obl-11__p30030_safety_0.smt2 : 9700 ms.
--------------------------------------------------
Number of variables: 85663
Number of clauses: 416928
unsat in 2 bits.
Number of variables: 129144
Number of clauses: 649105
sat
real sat
../New_SAT_split/QF_NIA_2_33/20170427-VeryMax/ITS/From_AProVE_2014__juHashMapCreateClear.jar-obl-11__p30031_safety_0.smt2 : 36101 ms.
--------------------------------------------------
Number of variables: 120358
Number of clauses: 586014
sat
real sat
../New_SAT_split/QF_NIA_2_33/20170427-VeryMax/ITS/From_AProVE_2014__juHashMapCreateClear.jar-obl-11__p30043_safety_0.smt2 : 10827 ms.
--------------------------------------------------
Number of variables: 206149
Number of clauses: 1009128
sat
real sat
../New_SAT_split/QF_NIA_2_33/20170427-VeryMax/ITS/From_AProVE_2014__juHashMapCreateClear.jar-obl-11__p30044_safety_0.smt2 : 19363 ms.
--------------------------------------------------
Number of variables: 43617
Number of clauses: 228841
sat
real sat
../New_SAT_split/QF_NIA_2_33/20170427-VeryMax/ITS/From_AProVE_2014__juHashMapCreateClear.jar-obl-11__p30045_safety_0.smt2 : 1086 ms.
--------------------------------------------------
Number of variables: 180729
Number of clauses: 930993
sat
real sat
../New_SAT_split/QF_NIA_2_33/20170427-VeryMax/ITS/From_AProVE_2014__juHashMapCreateClear.jar-obl-11__p30047_safety_0.smt2 : 16086 ms.
--------------------------------------------------
Number of variables: 89597
Number of clauses: 436248
unsat in 2 bits.
Number of variables: 134848
Number of clauses: 677878
sat
real sat
../New_SAT_split/QF_NIA_2_33/20170427-VeryMax/ITS/From_AProVE_2014__juHashMapCreateClear.jar-obl-11__p30052_safety_0.smt2 : 15800 ms.
--------------------------------------------------
Number of variables: 87361
Number of clauses: 423699
unsat in 2 bits.
Number of variables: 130894
Number of clauses: 656480
sat
real sat
../New_SAT_split/QF_NIA_2_33/20170427-VeryMax/ITS/From_AProVE_2014__juHashMapCreateClear.jar-obl-11__p30062_safety_0.smt2 : 32742 ms.
--------------------------------------------------
Number of variables: 45497
Number of clauses: 218189
unsat in 2 bits.
Number of variables: 68156
Number of clauses: 338273
sat
real sat
../New_SAT_split/QF_NIA_2_33/20170427-VeryMax/ITS/From_AProVE_2014__juHashMapCreateClear.jar-obl-11__p30066_safety_0.smt2 : 16193 ms.
--------------------------------------------------
Number of variables: 83045
Number of clauses: 401158
unsat in 2 bits.
Number of variables: 125788
Number of clauses: 628832
sat
real sat
../New_SAT_split/QF_NIA_2_33/20170427-VeryMax/ITS/From_AProVE_2014__juHashMapCreateClear.jar-obl-11__p30067_safety_0.smt2 : 33670 ms.
--------------------------------------------------
Number of variables: 45811
Number of clauses: 220489
unsat in 2 bits.
Number of variables: 68502
Number of clauses: 340865
sat
real sat
../New_SAT_split/QF_NIA_2_33/20170427-VeryMax/ITS/From_AProVE_2014__juHashMapCreateClear.jar-obl-11__p30071_safety_0.smt2 : 8479 ms.
--------------------------------------------------
Number of variables: 83519
Number of clauses: 404622
unsat in 2 bits.
Number of variables: 126310
Number of clauses: 632716
sat
real sat
../New_SAT_split/QF_NIA_2_33/20170427-VeryMax/ITS/From_AProVE_2014__juHashMapCreateClear.jar-obl-11__p30072_safety_0.smt2 : 34812 ms.
--------------------------------------------------
Number of variables: 49283
Number of clauses: 237327
unsat in 2 bits.
Number of variables: 72596
Number of clauses: 361737
sat
real sat
../New_SAT_split/QF_NIA_2_33/20170427-VeryMax/ITS/From_AProVE_2014__juHashMapCreateClear.jar-obl-11__p30076_safety_0.smt2 : 1680 ms.
--------------------------------------------------
Number of variables: 87439
Number of clauses: 424167
unsat in 2 bits.
Number of variables: 130996
Number of clauses: 657140
sat
real sat
../New_SAT_split/QF_NIA_2_33/20170427-VeryMax/ITS/From_AProVE_2014__juHashMapCreateClear.jar-obl-11__p30077_safety_0.smt2 : 14597 ms.
--------------------------------------------------
Number of variables: 40015
Number of clauses: 207660
sat
real sat
../New_SAT_split/QF_NIA_2_33/20170427-VeryMax/ITS/From_AProVE_2014__juHashMapCreateClear.jar-obl-11__p30088_safety_0.smt2 : 4012 ms.
--------------------------------------------------
Number of variables: 94859
Number of clauses: 486259
sat
real sat
../New_SAT_split/QF_NIA_2_33/20170427-VeryMax/ITS/From_AProVE_2014__juHashMapCreateClear.jar-obl-11__p30089_safety_0.smt2 : 1557 ms.
--------------------------------------------------
Number of variables: 172032
Number of clauses: 877422
sat
real sat
../New_SAT_split/QF_NIA_2_33/20170427-VeryMax/ITS/From_AProVE_2014__juHashMapCreateClear.jar-obl-11__p30090_safety_0.smt2 : 16344 ms.
--------------------------------------------------
Number of variables: 125357
Number of clauses: 616015
sat
real sat
../New_SAT_split/QF_NIA_2_33/20170427-VeryMax/ITS/From_AProVE_2014__juHashMapCreateClear.jar-obl-11__p30092_safety_0.smt2 : 11094 ms.
--------------------------------------------------
Number of variables: 213774
Number of clauses: 1054461
sat
real sat
../New_SAT_split/QF_NIA_2_33/20170427-VeryMax/ITS/From_AProVE_2014__juHashMapCreateClear.jar-obl-11__p30093_safety_0.smt2 : 59151 ms.
--------------------------------------------------
Number of variables: 50788
Number of clauses: 245524
unsat in 2 bits.
Number of variables: 75241
Number of clauses: 375712
sat
real sat
../New_SAT_split/QF_NIA_2_33/20170427-VeryMax/ITS/From_AProVE_2014__juHashMapCreateClear.jar-obl-11__p30102_safety_0.smt2 : 7060 ms.
--------------------------------------------------
Number of variables: 79450
Number of clauses: 383450
sat
real sat
../New_SAT_split/QF_NIA_2_33/20170427-VeryMax/ITS/From_AProVE_2014__juHashMapCreateClear.jar-obl-11__p30106_safety_0.smt2 : 2630 ms.
--------------------------------------------------
Number of variables: 48756
Number of clauses: 233844
unsat in 2 bits.
Number of variables: 71961
Number of clauses: 357518
sat
real sat
../New_SAT_split/QF_NIA_2_33/20170427-VeryMax/ITS/From_AProVE_2014__juHashMapCreateClear.jar-obl-11__p30110_safety_0.smt2 : 8376 ms.
--------------------------------------------------
Number of variables: 86595
Number of clauses: 418595
unsat in 2 bits.
Number of variables: 129966
Number of clauses: 650315
sat
real sat
../New_SAT_split/QF_NIA_2_33/20170427-VeryMax/ITS/From_AProVE_2014__juHashMapCreateClear.jar-obl-11__p30111_safety_0.smt2 : 37129 ms.
--------------------------------------------------
Number of variables: 43126
Number of clauses: 206719
sat
real sat
../New_SAT_split/QF_NIA_2_33/20170427-VeryMax/ITS/From_AProVE_2014__juHashMapCreateClear.jar-obl-11__p30113_safety_0.smt2 : 1792 ms.
--------------------------------------------------
Number of variables: 79465
Number of clauses: 383592
sat
real sat
../New_SAT_split/QF_NIA_2_33/20170427-VeryMax/ITS/From_AProVE_2014__juHashMapCreateClear.jar-obl-11__p30114_safety_0.smt2 : 8348 ms.
--------------------------------------------------
Number of variables: 49876
Number of clauses: 240608
unsat in 2 bits.
Number of variables: 73473
Number of clauses: 366732
sat
real sat
../New_SAT_split/QF_NIA_2_33/20170427-VeryMax/ITS/From_AProVE_2014__juHashMapCreateClear.jar-obl-11__p30121_safety_0.smt2 : 9339 ms.
--------------------------------------------------
Number of variables: 88199
Number of clauses: 428353
unsat in 2 bits.
Number of variables: 132124
Number of clauses: 663544
sat
real sat
../New_SAT_split/QF_NIA_2_33/20170427-VeryMax/ITS/From_AProVE_2014__juHashMapCreateClear.jar-obl-11__p30122_safety_0.smt2 : 31385 ms.
--------------------------------------------------
Number of variables: 49912
Number of clauses: 240938
unsat in 2 bits.
Number of variables: 73509
Number of clauses: 367102
sat
real sat
../New_SAT_split/QF_NIA_2_33/20170427-VeryMax/ITS/From_AProVE_2014__juHashMapCreateClear.jar-obl-11__p30126_safety_0.smt2 : 9571 ms.
--------------------------------------------------
Number of variables: 88261
Number of clauses: 428873
unsat in 2 bits.
Number of variables: 132190
Number of clauses: 664138
sat
real sat
../New_SAT_split/QF_NIA_2_33/20170427-VeryMax/ITS/From_AProVE_2014__juHashMapCreateClear.jar-obl-11__p30127_safety_0.smt2 : 16978 ms.
--------------------------------------------------
Number of variables: 61371
Number of clauses: 304388
sat
real sat
../New_SAT_split/QF_NIA_2_33/20170427-VeryMax/ITS/From_AProVE_2014__juHashMapCreateClear.jar-obl-11__p30130_safety_0.smt2 : 1951 ms.
--------------------------------------------------
Number of variables: 128910
Number of clauses: 640278
sat
real sat
../New_SAT_split/QF_NIA_2_33/20170427-VeryMax/ITS/From_AProVE_2014__juHashMapCreateClear.jar-obl-11__p30131_safety_0.smt2 : 29997 ms.
--------------------------------------------------
Number of variables: 218954
Number of clauses: 1090140
sat
real sat
../New_SAT_split/QF_NIA_2_33/20170427-VeryMax/ITS/From_AProVE_2014__juHashMapCreateClear.jar-obl-11__p30132_safety_0.smt2 : 154457 ms.
--------------------------------------------------
Number of variables: 89449
Number of clauses: 435232
unsat in 2 bits.
Number of variables: 134748
Number of clauses: 677146
sat
real sat
../New_SAT_split/QF_NIA_2_33/20170427-VeryMax/ITS/From_AProVE_2014__juHashMapCreateClear.jar-obl-11__p30137_safety_0.smt2 : 19697 ms.
--------------------------------------------------
Number of variables: 48875
Number of clauses: 234330
unsat in 2 bits.
Number of variables: 72192
Number of clauses: 358634
sat
real sat
../New_SAT_split/QF_NIA_2_33/20170427-VeryMax/ITS/From_AProVE_2014__juHashMapCreateClear.jar-obl-11__p30141_safety_0.smt2 : 10674 ms.
--------------------------------------------------
Number of variables: 86650
Number of clauses: 418405
unsat in 2 bits.
Number of variables: 130157
Number of clauses: 650875
sat
real sat
../New_SAT_split/QF_NIA_2_33/20170427-VeryMax/ITS/From_AProVE_2014__juHashMapCreateClear.jar-obl-11__p30142_safety_0.smt2 : 37713 ms.
--------------------------------------------------
Number of variables: 48895
Number of clauses: 234520
unsat in 2 bits.
Number of variables: 72220
Number of clauses: 358924
sat
real sat
../New_SAT_split/QF_NIA_2_33/20170427-VeryMax/ITS/From_AProVE_2014__juHashMapCreateClear.jar-obl-11__p30146_safety_0.smt2 : 9282 ms.
--------------------------------------------------
Number of variables: 86688
Number of clauses: 418715
unsat in 2 bits.
Number of variables: 130211
Number of clauses: 651349
sat
real sat
../New_SAT_split/QF_NIA_2_33/20170427-VeryMax/ITS/From_AProVE_2014__juHashMapCreateClear.jar-obl-11__p30147_safety_0.smt2 : 15463 ms.
--------------------------------------------------
Number of variables: 42095
Number of clauses: 221455
sat
real sat
../New_SAT_split/QF_NIA_2_33/20170427-VeryMax/ITS/From_AProVE_2014__juHashMapCreateClear.jar-obl-11__p30153_safety_0.smt2 : 690 ms.
--------------------------------------------------
Number of variables: 98281
Number of clauses: 508898
sat
real sat
../New_SAT_split/QF_NIA_2_33/20170427-VeryMax/ITS/From_AProVE_2014__juHashMapCreateClear.jar-obl-11__p30154_safety_0.smt2 : 18936 ms.
--------------------------------------------------
Number of variables: 176852
Number of clauses: 909353
sat
real sat
../New_SAT_split/QF_NIA_2_33/20170427-VeryMax/ITS/From_AProVE_2014__juHashMapCreateClear.jar-obl-11__p30155_safety_0.smt2 : 15587 ms.
--------------------------------------------------
Number of variables: 87301
Number of clauses: 426309
unsat in 2 bits.
Number of variables: 132268
Number of clauses: 665797
sat
real sat
../New_SAT_split/QF_NIA_2_33/20170427-VeryMax/ITS/From_AProVE_2014__juHashMapCreateClear.jar-obl-11__p30160_safety_0.smt2 : 17051 ms.
--------------------------------------------------
Number of variables: 46728
Number of clauses: 225346
unsat in 2 bits.
Number of variables: 69725
Number of clauses: 347356
sat
real sat
../New_SAT_split/QF_NIA_2_33/20170427-VeryMax/ITS/From_AProVE_2014__juHashMapCreateClear.jar-obl-11__p30164_safety_0.smt2 : 17279 ms.
--------------------------------------------------
Number of variables: 84609
Number of clauses: 410305
unsat in 2 bits.
Number of variables: 127780
Number of clauses: 640425
sat
real sat
../New_SAT_split/QF_NIA_2_33/20170427-VeryMax/ITS/From_AProVE_2014__juHashMapCreateClear.jar-obl-11__p30165_safety_0.smt2 : 14466 ms.
--------------------------------------------------
Number of variables: 46748
Number of clauses: 225536
unsat in 2 bits.
Number of variables: 69753
Number of clauses: 347646
sat
real sat
../New_SAT_split/QF_NIA_2_33/20170427-VeryMax/ITS/From_AProVE_2014__juHashMapCreateClear.jar-obl-11__p30169_safety_0.smt2 : 9156 ms.
--------------------------------------------------
Number of variables: 84647
Number of clauses: 410615
unsat in 2 bits.
Number of variables: 127834
Number of clauses: 640899
sat
real sat
../New_SAT_split/QF_NIA_2_33/20170427-VeryMax/ITS/From_AProVE_2014__juHashMapCreateClear.jar-obl-11__p30170_safety_0.smt2 : 16694 ms.
--------------------------------------------------
Number of variables: 65143
Number of clauses: 342498
sat
real sat
../New_SAT_split/QF_NIA_2_33/20170427-VeryMax/ITS/From_AProVE_2014__juHashMapCreateClear.jar-obl-11__p30178_terminationG_0.smt2 : 5251 ms.
--------------------------------------------------
Number of variables: 121397
Number of clauses: 622520
sat
real sat
../New_SAT_split/QF_NIA_2_33/20170427-VeryMax/ITS/From_AProVE_2014__juHashMapCreateClear.jar-obl-11__p30179_terminationG_0.smt2 : 11102 ms.
--------------------------------------------------
Number of variables: 195591
Number of clauses: 993162
sat
real sat
../New_SAT_split/QF_NIA_2_33/20170427-VeryMax/ITS/From_AProVE_2014__juHashMapCreateClear.jar-obl-11__p30180_terminationG_0.smt2 : 40525 ms.
--------------------------------------------------
Number of variables: 83754
Number of clauses: 405741
unsat in 2 bits.
Number of variables: 126561
Number of clauses: 633680
sat
real sat
../New_SAT_split/QF_NIA_2_33/20170427-VeryMax/ITS/From_AProVE_2014__juHashMapCreateClear.jar-obl-11__p30199_safety_0.smt2 : 18974 ms.
--------------------------------------------------
Number of variables: 48191
Number of clauses: 230776
unsat in 2 bits.
Number of variables: 71166
Number of clauses: 353128
sat
real sat
../New_SAT_split/QF_NIA_2_33/20170427-VeryMax/ITS/From_AProVE_2014__juHashMapCreateClear.jar-obl-11__p30201_safety_0.smt2 : 9717 ms.
--------------------------------------------------
Number of variables: 85954
Number of clauses: 415199
unsat in 2 bits.
Number of variables: 129031
Number of clauses: 645227
sat
real sat
../New_SAT_split/QF_NIA_2_33/20170427-VeryMax/ITS/From_AProVE_2014__juHashMapCreateClear.jar-obl-11__p30202_safety_0.smt2 : 32585 ms.
--------------------------------------------------
Number of variables: 48219
Number of clauses: 231042
unsat in 2 bits.
Number of variables: 71190
Number of clauses: 353400
sat
real sat
../New_SAT_split/QF_NIA_2_33/20170427-VeryMax/ITS/From_AProVE_2014__juHashMapCreateClear.jar-obl-11__p30206_safety_0.smt2 : 7890 ms.
--------------------------------------------------
Number of variables: 86004
Number of clauses: 415623
unsat in 2 bits.
Number of variables: 129079
Number of clauses: 645674
sat
real sat
../New_SAT_split/QF_NIA_2_33/20170427-VeryMax/ITS/From_AProVE_2014__juHashMapCreateClear.jar-obl-11__p30207_safety_0.smt2 : 32108 ms.
--------------------------------------------------
Number of variables: 46027
Number of clauses: 221496
unsat in 2 bits.
Number of variables: 68754
Number of clauses: 341934
sat
real sat
../New_SAT_split/QF_NIA_2_33/20170427-VeryMax/ITS/From_AProVE_2014__juHashMapCreateClear.jar-obl-11__p30211_safety_0.smt2 : 7905 ms.
--------------------------------------------------
Number of variables: 83820
Number of clauses: 406113
unsat in 2 bits.
Number of variables: 126651
Number of clauses: 634244
sat
real sat
../New_SAT_split/QF_NIA_2_33/20170427-VeryMax/ITS/From_AProVE_2014__juHashMapCreateClear.jar-obl-11__p30212_safety_0.smt2 : 33161 ms.
--------------------------------------------------
Number of variables: 122799
Number of clauses: 601931
sat
real sat
../New_SAT_split/QF_NIA_2_33/20170427-VeryMax/ITS/From_AProVE_2014__juHashMapCreateClear.jar-obl-11__p30224_safety_0.smt2 : 10037 ms.
--------------------------------------------------
Number of variables: 209453
Number of clauses: 1030815
sat
real sat
../New_SAT_split/QF_NIA_2_33/20170427-VeryMax/ITS/From_AProVE_2014__juHashMapCreateClear.jar-obl-11__p30225_safety_0.smt2 : 16769 ms.
--------------------------------------------------
Number of variables: 103507
Number of clauses: 539493
sat
real sat
../New_SAT_split/QF_NIA_2_33/20170427-VeryMax/ITS/From_AProVE_2014__juHashMapCreateClear.jar-obl-11__p30227_safety_0.smt2 : 8188 ms.
--------------------------------------------------
Number of variables: 184071
Number of clauses: 952462
sat
real sat
../New_SAT_split/QF_NIA_2_33/20170427-VeryMax/ITS/From_AProVE_2014__juHashMapCreateClear.jar-obl-11__p30228_safety_0.smt2 : 14173 ms.
--------------------------------------------------
Number of variables: 45892
Number of clauses: 219216
sat
real sat
../New_SAT_split/QF_NIA_2_33/20170427-VeryMax/ITS/From_AProVE_2014__juHashMapCreateClear.jar-obl-11__p30234_safety_0.smt2 : 898 ms.
--------------------------------------------------
Number of variables: 82423
Number of clauses: 397151
sat
real sat
../New_SAT_split/QF_NIA_2_33/20170427-VeryMax/ITS/From_AProVE_2014__juHashMapCreateClear.jar-obl-11__p30235_safety_0.smt2 : 8664 ms.
--------------------------------------------------
Number of variables: 80721
Number of clauses: 390979
sat
real sat
../New_SAT_split/QF_NIA_2_33/20170427-VeryMax/ITS/From_AProVE_2014__juHashMapCreateClear.jar-obl-11__p30238_safety_0.smt2 : 8498 ms.
--------------------------------------------------
Number of variables: 44699
Number of clauses: 212378
sat
real sat
../New_SAT_split/QF_NIA_2_33/20170427-VeryMax/ITS/From_AProVE_2014__juHashMapCreateClear.jar-obl-11__p30240_safety_0.smt2 : 3821 ms.
--------------------------------------------------
Number of variables: 80741
Number of clauses: 387332
sat
real sat
../New_SAT_split/QF_NIA_2_33/20170427-VeryMax/ITS/From_AProVE_2014__juHashMapCreateClear.jar-obl-11__p30241_safety_0.smt2 : 2851 ms.
--------------------------------------------------
Number of variables: 19459
Number of clauses: 91130
sat
real sat
../New_SAT_split/QF_NIA_2_33/20170427-VeryMax/ITS/From_AProVE_2014__juHashMapCreateClear.jar-obl-11__p30245_safety_0.smt2 : 360 ms.
--------------------------------------------------
Number of variables: 44711
Number of clauses: 212400
sat
real sat
../New_SAT_split/QF_NIA_2_33/20170427-VeryMax/ITS/From_AProVE_2014__juHashMapCreateClear.jar-obl-11__p30246_safety_0.smt2 : 5189 ms.
--------------------------------------------------
Number of variables: 80754
Number of clauses: 387348
sat
real sat
../New_SAT_split/QF_NIA_2_33/20170427-VeryMax/ITS/From_AProVE_2014__juHashMapCreateClear.jar-obl-11__p30247_safety_0.smt2 : 7590 ms.
--------------------------------------------------
Number of variables: 43787
Number of clauses: 210946
sat
real sat
../New_SAT_split/QF_NIA_2_33/20170427-VeryMax/ITS/From_AProVE_2014__juHashMapCreateClear.jar-obl-11__p30249_safety_0.smt2 : 1133 ms.
--------------------------------------------------
Number of variables: 80410
Number of clauses: 389680
sat
real sat
../New_SAT_split/QF_NIA_2_33/20170427-VeryMax/ITS/From_AProVE_2014__juHashMapCreateClear.jar-obl-11__p30250_safety_0.smt2 : 2832 ms.
--------------------------------------------------
Number of variables: 80459
Number of clauses: 389984
sat
real sat
../New_SAT_split/QF_NIA_2_33/20170427-VeryMax/ITS/From_AProVE_2014__juHashMapCreateClear.jar-obl-11__p30256_safety_0.smt2 : 9666 ms.
--------------------------------------------------
Number of variables: 43219
Number of clauses: 228477
sat
real sat
../New_SAT_split/QF_NIA_2_33/20170427-VeryMax/ITS/From_AProVE_2014__juHashMapCreateClear.jar-obl-11__p30257_safety_0.smt2 : 1181 ms.
--------------------------------------------------
Number of variables: 100133
Number of clauses: 520989
sat
real sat
../New_SAT_split/QF_NIA_2_33/20170427-VeryMax/ITS/From_AProVE_2014__juHashMapCreateClear.jar-obl-11__p30258_safety_0.smt2 : 8579 ms.
--------------------------------------------------
Number of variables: 179472
Number of clauses: 926833
sat
real sat
../New_SAT_split/QF_NIA_2_33/20170427-VeryMax/ITS/From_AProVE_2014__juHashMapCreateClear.jar-obl-11__p30259_safety_0.smt2 : 16239 ms.
--------------------------------------------------
Number of variables: 80509
Number of clauses: 389927
sat
real sat
../New_SAT_split/QF_NIA_2_33/20170427-VeryMax/ITS/From_AProVE_2014__juHashMapCreateClear.jar-obl-11__p30264_safety_0.smt2 : 2375 ms.
--------------------------------------------------
Number of variables: 42668
Number of clauses: 204243
sat
real sat
../New_SAT_split/QF_NIA_2_33/20170427-VeryMax/ITS/From_AProVE_2014__juHashMapCreateClear.jar-obl-11__p30266_safety_0.smt2 : 4378 ms.
--------------------------------------------------
Number of variables: 78742
Number of clauses: 379604
sat
real sat
../New_SAT_split/QF_NIA_2_33/20170427-VeryMax/ITS/From_AProVE_2014__juHashMapCreateClear.jar-obl-11__p30267_safety_0.smt2 : 9428 ms.
--------------------------------------------------
Number of variables: 60423
Number of clauses: 298224
sat
real sat
../New_SAT_split/QF_NIA_2_33/20170427-VeryMax/ITS/From_AProVE_2014__juHashMapCreateClear.jar-obl-11__p30271_safety_0.smt2 : 4951 ms.
