--------------------------------------------------
unknown
../QF_NIA_split/QF_NIA_2_33//20170427-VeryMax/ITS/From_T2__s1-striped.t2_fixed__p12007_edge_closing_0.smt2 : 600308 ms.
--------------------------------------------------
sat
../QF_NIA_split/QF_NIA_2_33//20170427-VeryMax/ITS/From_T2__s1-striped.t2_fixed__p12008_edge_closing_0.smt2 : 2814 ms.
--------------------------------------------------
unknown
../QF_NIA_split/QF_NIA_2_33//20170427-VeryMax/ITS/From_T2__s1-striped.t2_fixed__p12009_edge_closing_0.smt2 : 600360 ms.
--------------------------------------------------
unsat
../QF_NIA_split/QF_NIA_2_33//20170427-VeryMax/ITS/From_T2__s1-striped.t2_fixed__terminationS_2_0.smt2 : 486 ms.
--------------------------------------------------
sat
../QF_NIA_split/QF_NIA_2_33//20170427-VeryMax/ITS/From_T2__s1-striped.t2_fixed__term_unfeasibility_1_0.smt2 : 2548 ms.
--------------------------------------------------
unsat
../QF_NIA_split/QF_NIA_2_33//20170427-VeryMax/ITS/From_T2__s1-striped.t2_fixed__term_unfeasibility_2_0.smt2 : 3227 ms.
--------------------------------------------------
unsat
../QF_NIA_split/QF_NIA_2_33//20170427-VeryMax/ITS/From_T2__s3-work.t2_fixed__term_unfeasibility_2_0.smt2 : 266527 ms.
--------------------------------------------------
../QF_NIA_split/QF_NIA_2_33//20170427-VeryMax/ITS/From_T2__sas2.t2__p21285_terminationG_0.smt2 : 601005 ms.
--------------------------------------------------
../QF_NIA_split/QF_NIA_2_33//20170427-VeryMax/ITS/From_T2__sas2.t2__p21287_terminationG_0.smt2 : 601006 ms.
--------------------------------------------------
../QF_NIA_split/QF_NIA_2_33//20170427-VeryMax/ITS/From_T2__sas2.t2__p21288_terminationG_0.smt2 : 601006 ms.
--------------------------------------------------
../QF_NIA_split/QF_NIA_2_33//20170427-VeryMax/ITS/From_T2__sas2.t2__p21291_terminationG_0.smt2 : 601006 ms.
--------------------------------------------------
../QF_NIA_split/QF_NIA_2_33//20170427-VeryMax/ITS/From_T2__sas2.t2__p21292_terminationG_0.smt2 : 601006 ms.
--------------------------------------------------
../QF_NIA_split/QF_NIA_2_33//20170427-VeryMax/ITS/From_T2__sas2.t2__p21293_terminationG_0.smt2 : 601006 ms.
--------------------------------------------------
../QF_NIA_split/QF_NIA_2_33//20170427-VeryMax/ITS/From_T2__sas2.t2__p21296_terminationG_0.smt2 : 601006 ms.
--------------------------------------------------
unknown
../QF_NIA_split/QF_NIA_2_33//20170427-VeryMax/ITS/From_T2__sas2.t2__p21297_terminationG_0.smt2 : 600178 ms.
--------------------------------------------------
unknown
../QF_NIA_split/QF_NIA_2_33//20170427-VeryMax/ITS/From_T2__sas2.t2__p21298_terminationG_0.smt2 : 600380 ms.
--------------------------------------------------
sat
../QF_NIA_split/QF_NIA_2_33//20170427-VeryMax/ITS/From_T2__sas2.t2__p21301_terminationG_0.smt2 : 48059 ms.
--------------------------------------------------
unknown
../QF_NIA_split/QF_NIA_2_33//20170427-VeryMax/ITS/From_T2__sas2.t2__p21302_terminationG_0.smt2 : 600283 ms.
--------------------------------------------------
../QF_NIA_split/QF_NIA_2_33//20170427-VeryMax/ITS/From_T2__sas2.t2__p21303_terminationG_0.smt2 : 601006 ms.
--------------------------------------------------
../QF_NIA_split/QF_NIA_2_33//20170427-VeryMax/ITS/From_T2__sas2.t2__p21305_terminationG_0.smt2 : 601006 ms.
--------------------------------------------------
unknown
../QF_NIA_split/QF_NIA_2_33//20170427-VeryMax/ITS/From_T2__sas2.t2__p21307_terminationG_0.smt2 : 600176 ms.
--------------------------------------------------
unknown
../QF_NIA_split/QF_NIA_2_33//20170427-VeryMax/ITS/From_T2__sas2.t2__p21308_terminationG_0.smt2 : 600285 ms.
--------------------------------------------------
../QF_NIA_split/QF_NIA_2_33//20170427-VeryMax/ITS/From_T2__sas2.t2__p21311_terminationG_0.smt2 : 601006 ms.
--------------------------------------------------
../QF_NIA_split/QF_NIA_2_33//20170427-VeryMax/ITS/From_T2__sas2.t2__p21312_terminationG_0.smt2 : 601006 ms.
--------------------------------------------------
../QF_NIA_split/QF_NIA_2_33//20170427-VeryMax/ITS/From_T2__sas2.t2__p21313_terminationG_0.smt2 : 601006 ms.
--------------------------------------------------
sat
../QF_NIA_split/QF_NIA_2_33//20170427-VeryMax/ITS/From_T2__sas2.t2__terminationQ_0_0.smt2 : 225 ms.
--------------------------------------------------
../QF_NIA_split/QF_NIA_2_33//20170427-VeryMax/ITS/From_T2__sas2.t2__terminationQ_1_0.smt2 : 601006 ms.
--------------------------------------------------
sat
../QF_NIA_split/QF_NIA_2_33//20170427-VeryMax/ITS/From_T2__sas2.t2__terminationQ_2_0.smt2 : 279 ms.
--------------------------------------------------
sat
../QF_NIA_split/QF_NIA_2_33//20170427-VeryMax/ITS/From_T2__sas2.t2__terminationQ_3_0.smt2 : 2138 ms.
--------------------------------------------------
unsat
../QF_NIA_split/QF_NIA_2_33//20170427-VeryMax/ITS/From_T2__sas2.t2__terminationS_1_0.smt2 : 1392 ms.
--------------------------------------------------
unsat
../QF_NIA_split/QF_NIA_2_33//20170427-VeryMax/ITS/From_T2__sas2.t2__terminationS_2_0.smt2 : 155 ms.
--------------------------------------------------
unsat
../QF_NIA_split/QF_NIA_2_33//20170427-VeryMax/ITS/From_T2__sas2.t2__terminationS_3_0.smt2 : 58 ms.
--------------------------------------------------
unsat
../QF_NIA_split/QF_NIA_2_33//20170427-VeryMax/ITS/From_T2__sas2.t2__terminationS_4_0.smt2 : 212 ms.
--------------------------------------------------
unsat
../QF_NIA_split/QF_NIA_2_33//20170427-VeryMax/ITS/From_T2__sas2.t2__terminationS_5_0.smt2 : 1363 ms.
--------------------------------------------------
unsat
../QF_NIA_split/QF_NIA_2_33//20170427-VeryMax/ITS/From_T2__sas2.t2__terminationS_6_0.smt2 : 868 ms.
--------------------------------------------------
unsat
../QF_NIA_split/QF_NIA_2_33//20170427-VeryMax/ITS/From_T2__sas2.t2__terminationS_7_0.smt2 : 69 ms.
--------------------------------------------------
../QF_NIA_split/QF_NIA_2_33//20170427-VeryMax/ITS/From_T2__sas2.t2__term_unfeasibility_0_0.smt2 : 601006 ms.
--------------------------------------------------
sat
../QF_NIA_split/QF_NIA_2_33//20170427-VeryMax/ITS/From_T2__sas2.t2__term_unfeasibility_1_0.smt2 : 9075 ms.
--------------------------------------------------
../QF_NIA_split/QF_NIA_2_33//20170427-VeryMax/ITS/From_T2__sas2.t2__term_unfeasibility_2_0.smt2 : 601006 ms.
--------------------------------------------------
unknown
../QF_NIA_split/QF_NIA_2_33//20170427-VeryMax/ITS/From_T2__select.t2_fixed__p21324_terminationG_0.smt2 : 601006 ms.
--------------------------------------------------
../QF_NIA_split/QF_NIA_2_33//20170427-VeryMax/ITS/From_T2__select.t2_fixed__p21325_terminationG_0.smt2 : 601006 ms.
--------------------------------------------------
../QF_NIA_split/QF_NIA_2_33//20170427-VeryMax/ITS/From_T2__select.t2_fixed__p21326_terminationG_0.smt2 : 601006 ms.
--------------------------------------------------
../QF_NIA_split/QF_NIA_2_33//20170427-VeryMax/ITS/From_T2__select.t2_fixed__p21329_terminationG_0.smt2 : 601006 ms.
--------------------------------------------------
../QF_NIA_split/QF_NIA_2_33//20170427-VeryMax/ITS/From_T2__select.t2_fixed__p21330_terminationG_0.smt2 : 601005 ms.
--------------------------------------------------
../QF_NIA_split/QF_NIA_2_33//20170427-VeryMax/ITS/From_T2__select.t2_fixed__p21331_terminationG_0.smt2 : 601006 ms.
--------------------------------------------------
../QF_NIA_split/QF_NIA_2_33//20170427-VeryMax/ITS/From_T2__select.t2_fixed__p21335_edge_closing_0.smt2 : 601006 ms.
--------------------------------------------------
../QF_NIA_split/QF_NIA_2_33//20170427-VeryMax/ITS/From_T2__select.t2_fixed__p21336_edge_closing_0.smt2 : 601006 ms.
--------------------------------------------------
sat
../QF_NIA_split/QF_NIA_2_33//20170427-VeryMax/ITS/From_T2__select.t2_fixed__term_unfeasibility_0_0.smt2 : 3948 ms.
--------------------------------------------------
sat
../QF_NIA_split/QF_NIA_2_33//20170427-VeryMax/ITS/From_T2__select.t2_fixed__term_unfeasibility_1_0.smt2 : 4834 ms.
--------------------------------------------------
sat
../QF_NIA_split/QF_NIA_2_33//20170427-VeryMax/ITS/From_T2__select.t2_fixed__term_unfeasibility_2_0.smt2 : 71586 ms.
--------------------------------------------------
../QF_NIA_split/QF_NIA_2_33//20170427-VeryMax/ITS/From_T2__select.t2_fixed__term_unfeasibility_3_0.smt2 : 601005 ms.
--------------------------------------------------
sat
../QF_NIA_split/QF_NIA_2_33//20170427-VeryMax/ITS/From_T2__select.t2__p21345_terminationG_0.smt2 : 4068 ms.
--------------------------------------------------
sat
../QF_NIA_split/QF_NIA_2_33//20170427-VeryMax/ITS/From_T2__select.t2__p21346_terminationG_0.smt2 : 3311 ms.
--------------------------------------------------
sat
../QF_NIA_split/QF_NIA_2_33//20170427-VeryMax/ITS/From_T2__select.t2__p21398_edge_closing_0.smt2 : 21175 ms.
--------------------------------------------------
../QF_NIA_split/QF_NIA_2_33//20170427-VeryMax/ITS/From_T2__select.t2__p21400_edge_closing_0.smt2 : 601006 ms.
--------------------------------------------------
sat
../QF_NIA_split/QF_NIA_2_33//20170427-VeryMax/ITS/From_T2__select.t2__term_unfeasibility_0_0.smt2 : 1497 ms.
--------------------------------------------------
sat
../QF_NIA_split/QF_NIA_2_33//20170427-VeryMax/ITS/From_T2__select.t2__term_unfeasibility_1_0.smt2 : 1158 ms.
--------------------------------------------------
sat
../QF_NIA_split/QF_NIA_2_33//20170427-VeryMax/ITS/From_T2__select.t2__term_unfeasibility_2_0.smt2 : 1713 ms.
--------------------------------------------------
unsat
../QF_NIA_split/QF_NIA_2_33//20170427-VeryMax/ITS/From_T2__select.t2__term_unfeasibility_3_0.smt2 : 1500 ms.
--------------------------------------------------
unsat
../QF_NIA_split/QF_NIA_2_33//20170427-VeryMax/ITS/From_T2__simple.t2__p21460_terminationG_0.smt2 : 30 ms.
--------------------------------------------------
unsat
../QF_NIA_split/QF_NIA_2_33//20170427-VeryMax/ITS/From_T2__simple.t2__p21461_terminationG_0.smt2 : 122 ms.
--------------------------------------------------
unsat
../QF_NIA_split/QF_NIA_2_33//20170427-VeryMax/ITS/From_T2__simple.t2__p21462_terminationG_0.smt2 : 29346 ms.
--------------------------------------------------
unsat
../QF_NIA_split/QF_NIA_2_33//20170427-VeryMax/ITS/From_T2__simple.t2__p21465_terminationG_0.smt2 : 40 ms.
--------------------------------------------------
unsat
../QF_NIA_split/QF_NIA_2_33//20170427-VeryMax/ITS/From_T2__simple.t2__p21466_terminationG_0.smt2 : 187 ms.
--------------------------------------------------
unsat
../QF_NIA_split/QF_NIA_2_33//20170427-VeryMax/ITS/From_T2__simple.t2__p21467_terminationG_0.smt2 : 46373 ms.
--------------------------------------------------
sat
../QF_NIA_split/QF_NIA_2_33//20170427-VeryMax/ITS/From_T2__slayer-3-filtered.t2__p21507_terminationG_0.smt2 : 807 ms.
--------------------------------------------------
sat
../QF_NIA_split/QF_NIA_2_33//20170427-VeryMax/ITS/From_T2__slayer-3-filtered.t2__p21508_terminationG_0.smt2 : 3830 ms.
--------------------------------------------------
unknown
../QF_NIA_split/QF_NIA_2_33//20170427-VeryMax/ITS/From_T2__slayer-3-filtered.t2__p21509_terminationG_0.smt2 : 600279 ms.
--------------------------------------------------
unsat
../QF_NIA_split/QF_NIA_2_33//20170427-VeryMax/ITS/From_T2__slayer-3-filtered.t2__p21512_terminationG_0.smt2 : 663 ms.
--------------------------------------------------
unknown
../QF_NIA_split/QF_NIA_2_33//20170427-VeryMax/ITS/From_T2__slayer-3-filtered.t2__p21513_terminationG_0.smt2 : 600295 ms.
--------------------------------------------------
../QF_NIA_split/QF_NIA_2_33//20170427-VeryMax/ITS/From_T2__slayer-3-filtered.t2__p21514_terminationG_0.smt2 : 601005 ms.
--------------------------------------------------
unsat
../QF_NIA_split/QF_NIA_2_33//20170427-VeryMax/ITS/From_T2__slayer-3-filtered.t2__p21517_terminationG_0.smt2 : 1680 ms.
--------------------------------------------------
../QF_NIA_split/QF_NIA_2_33//20170427-VeryMax/ITS/From_T2__slayer-3-filtered.t2__p21518_terminationG_0.smt2 : 601005 ms.
--------------------------------------------------
../QF_NIA_split/QF_NIA_2_33//20170427-VeryMax/ITS/From_T2__slayer-3-filtered.t2__p21519_terminationG_0.smt2 : 601008 ms.
--------------------------------------------------
unsat
../QF_NIA_split/QF_NIA_2_33//20170427-VeryMax/ITS/From_T2__slayer-3-filtered.t2__p21522_terminationG_0.smt2 : 786 ms.
--------------------------------------------------
unknown
../QF_NIA_split/QF_NIA_2_33//20170427-VeryMax/ITS/From_T2__slayer-3-filtered.t2__p21523_terminationG_0.smt2 : 600184 ms.
--------------------------------------------------
../QF_NIA_split/QF_NIA_2_33//20170427-VeryMax/ITS/From_T2__slayer-3-filtered.t2__p21524_terminationG_0.smt2 : 601006 ms.
--------------------------------------------------
unsat
../QF_NIA_split/QF_NIA_2_33//20170427-VeryMax/ITS/From_T2__slayer-3-filtered.t2__p21526_terminationG_0.smt2 : 860 ms.
--------------------------------------------------
unknown
../QF_NIA_split/QF_NIA_2_33//20170427-VeryMax/ITS/From_T2__slayer-3-filtered.t2__p21528_terminationG_0.smt2 : 600147 ms.
--------------------------------------------------
../QF_NIA_split/QF_NIA_2_33//20170427-VeryMax/ITS/From_T2__slayer-3-filtered.t2__p21529_terminationG_0.smt2 : 601005 ms.
--------------------------------------------------
unsat
../QF_NIA_split/QF_NIA_2_33//20170427-VeryMax/ITS/From_T2__slayer-3-filtered.t2__p21532_terminationG_0.smt2 : 888 ms.
--------------------------------------------------
../QF_NIA_split/QF_NIA_2_33//20170427-VeryMax/ITS/From_T2__slayer-3-filtered.t2__p21533_terminationG_0.smt2 : 601006 ms.
--------------------------------------------------
../QF_NIA_split/QF_NIA_2_33//20170427-VeryMax/ITS/From_T2__slayer-3-filtered.t2__p21534_terminationG_0.smt2 : 601005 ms.
--------------------------------------------------
unsat
../QF_NIA_split/QF_NIA_2_33//20170427-VeryMax/ITS/From_T2__slayer-3-filtered.t2__p21537_terminationG_0.smt2 : 1175 ms.
--------------------------------------------------
unknown
../QF_NIA_split/QF_NIA_2_33//20170427-VeryMax/ITS/From_T2__slayer-3-filtered.t2__p21538_terminationG_0.smt2 : 600209 ms.
--------------------------------------------------
../QF_NIA_split/QF_NIA_2_33//20170427-VeryMax/ITS/From_T2__slayer-3-filtered.t2__p21539_terminationG_0.smt2 : 601005 ms.
--------------------------------------------------
unsat
../QF_NIA_split/QF_NIA_2_33//20170427-VeryMax/ITS/From_T2__slayer-3-filtered.t2__p21542_terminationG_0.smt2 : 717 ms.
--------------------------------------------------
../QF_NIA_split/QF_NIA_2_33//20170427-VeryMax/ITS/From_T2__slayer-3-filtered.t2__p21543_terminationG_0.smt2 : 601005 ms.
--------------------------------------------------
../QF_NIA_split/QF_NIA_2_33//20170427-VeryMax/ITS/From_T2__slayer-3-filtered.t2__p21544_terminationG_0.smt2 : 601006 ms.
--------------------------------------------------
unsat
../QF_NIA_split/QF_NIA_2_33//20170427-VeryMax/ITS/From_T2__slayer-3-filtered.t2__p21547_terminationG_0.smt2 : 1203 ms.
--------------------------------------------------
../QF_NIA_split/QF_NIA_2_33//20170427-VeryMax/ITS/From_T2__slayer-3-filtered.t2__p21548_terminationG_0.smt2 : 601006 ms.
--------------------------------------------------
../QF_NIA_split/QF_NIA_2_33//20170427-VeryMax/ITS/From_T2__slayer-3-filtered.t2__p21549_terminationG_0.smt2 : 601006 ms.
--------------------------------------------------
unsat
../QF_NIA_split/QF_NIA_2_33//20170427-VeryMax/ITS/From_T2__slayer-3-filtered.t2__p21552_terminationG_0.smt2 : 1049 ms.
--------------------------------------------------
unknown
../QF_NIA_split/QF_NIA_2_33//20170427-VeryMax/ITS/From_T2__slayer-3-filtered.t2__p21553_terminationG_0.smt2 : 600232 ms.
--------------------------------------------------
../QF_NIA_split/QF_NIA_2_33//20170427-VeryMax/ITS/From_T2__slayer-3-filtered.t2__p21554_terminationG_0.smt2 : 601006 ms.
--------------------------------------------------
unsat
../QF_NIA_split/QF_NIA_2_33//20170427-VeryMax/ITS/From_T2__slayer-3-filtered.t2__p21557_terminationG_0.smt2 : 2516 ms.
--------------------------------------------------
unknown
../QF_NIA_split/QF_NIA_2_33//20170427-VeryMax/ITS/From_T2__slayer-3-filtered.t2__p21558_terminationG_0.smt2 : 601005 ms.
--------------------------------------------------
../QF_NIA_split/QF_NIA_2_33//20170427-VeryMax/ITS/From_T2__slayer-3-filtered.t2__p21559_terminationG_0.smt2 : 601006 ms.
--------------------------------------------------
unsat
../QF_NIA_split/QF_NIA_2_33//20170427-VeryMax/ITS/From_T2__slayer-3-filtered.t2__p21562_terminationG_0.smt2 : 2184 ms.
--------------------------------------------------
unknown
../QF_NIA_split/QF_NIA_2_33//20170427-VeryMax/ITS/From_T2__slayer-3-filtered.t2__p21563_terminationG_0.smt2 : 600355 ms.
--------------------------------------------------
unknown
../QF_NIA_split/QF_NIA_2_33//20170427-VeryMax/ITS/From_T2__slayer-3-filtered.t2__p21564_terminationG_0.smt2 : 600221 ms.
--------------------------------------------------
unsat
../QF_NIA_split/QF_NIA_2_33//20170427-VeryMax/ITS/From_T2__slayer-3-filtered.t2__p21567_terminationG_0.smt2 : 1445 ms.
--------------------------------------------------
../QF_NIA_split/QF_NIA_2_33//20170427-VeryMax/ITS/From_T2__slayer-3-filtered.t2__p21568_terminationG_0.smt2 : 601005 ms.
--------------------------------------------------
../QF_NIA_split/QF_NIA_2_33//20170427-VeryMax/ITS/From_T2__slayer-3-filtered.t2__p21569_terminationG_0.smt2 : 601005 ms.
--------------------------------------------------
unsat
../QF_NIA_split/QF_NIA_2_33//20170427-VeryMax/ITS/From_T2__slayer-3-filtered.t2__p21572_terminationG_0.smt2 : 1309 ms.
--------------------------------------------------
unknown
../QF_NIA_split/QF_NIA_2_33//20170427-VeryMax/ITS/From_T2__slayer-3-filtered.t2__p21573_terminationG_0.smt2 : 600328 ms.
--------------------------------------------------
../QF_NIA_split/QF_NIA_2_33//20170427-VeryMax/ITS/From_T2__slayer-3-filtered.t2__p21574_terminationG_0.smt2 : 601006 ms.
--------------------------------------------------
unsat
../QF_NIA_split/QF_NIA_2_33//20170427-VeryMax/ITS/From_T2__slayer-3-filtered.t2__p21577_terminationG_0.smt2 : 2129 ms.
--------------------------------------------------
../QF_NIA_split/QF_NIA_2_33//20170427-VeryMax/ITS/From_T2__slayer-3-filtered.t2__p21578_terminationG_0.smt2 : 601005 ms.
--------------------------------------------------
../QF_NIA_split/QF_NIA_2_33//20170427-VeryMax/ITS/From_T2__slayer-3-filtered.t2__p21579_terminationG_0.smt2 : 601005 ms.
--------------------------------------------------
unsat
../QF_NIA_split/QF_NIA_2_33//20170427-VeryMax/ITS/From_T2__slayer-3-filtered.t2__p21582_terminationG_0.smt2 : 1855 ms.
--------------------------------------------------
../QF_NIA_split/QF_NIA_2_33//20170427-VeryMax/ITS/From_T2__slayer-3-filtered.t2__p21583_terminationG_0.smt2 : 601009 ms.
--------------------------------------------------
../QF_NIA_split/QF_NIA_2_33//20170427-VeryMax/ITS/From_T2__slayer-3-filtered.t2__p21584_terminationG_0.smt2 : 601006 ms.
--------------------------------------------------
unsat
../QF_NIA_split/QF_NIA_2_33//20170427-VeryMax/ITS/From_T2__slayer-3-filtered.t2__p21587_terminationG_0.smt2 : 2647 ms.
--------------------------------------------------
unknown
../QF_NIA_split/QF_NIA_2_33//20170427-VeryMax/ITS/From_T2__slayer-3-filtered.t2__p21588_terminationG_0.smt2 : 600346 ms.
--------------------------------------------------
unknown
../QF_NIA_split/QF_NIA_2_33//20170427-VeryMax/ITS/From_T2__slayer-3-filtered.t2__p21589_terminationG_0.smt2 : 600231 ms.
--------------------------------------------------
unsat
../QF_NIA_split/QF_NIA_2_33//20170427-VeryMax/ITS/From_T2__slayer-3-filtered.t2__p21592_terminationG_0.smt2 : 1795 ms.
--------------------------------------------------
unknown
../QF_NIA_split/QF_NIA_2_33//20170427-VeryMax/ITS/From_T2__slayer-3-filtered.t2__p21593_terminationG_0.smt2 : 600501 ms.
--------------------------------------------------
../QF_NIA_split/QF_NIA_2_33//20170427-VeryMax/ITS/From_T2__slayer-3-filtered.t2__p21594_terminationG_0.smt2 : 601005 ms.
--------------------------------------------------
unsat
../QF_NIA_split/QF_NIA_2_33//20170427-VeryMax/ITS/From_T2__slayer-3-filtered.t2__p21597_terminationG_0.smt2 : 2516 ms.
--------------------------------------------------
unknown
../QF_NIA_split/QF_NIA_2_33//20170427-VeryMax/ITS/From_T2__slayer-3-filtered.t2__p21598_terminationG_0.smt2 : 600247 ms.
--------------------------------------------------
../QF_NIA_split/QF_NIA_2_33//20170427-VeryMax/ITS/From_T2__slayer-3-filtered.t2__p21599_terminationG_0.smt2 : 601006 ms.
--------------------------------------------------
unsat
../QF_NIA_split/QF_NIA_2_33//20170427-VeryMax/ITS/From_T2__slayer-3-filtered.t2__p21602_terminationG_0.smt2 : 2162 ms.
--------------------------------------------------
../QF_NIA_split/QF_NIA_2_33//20170427-VeryMax/ITS/From_T2__slayer-3-filtered.t2__p21603_terminationG_0.smt2 : 601006 ms.
--------------------------------------------------
../QF_NIA_split/QF_NIA_2_33//20170427-VeryMax/ITS/From_T2__slayer-3-filtered.t2__p21604_terminationG_0.smt2 : 601005 ms.
--------------------------------------------------
unsat
../QF_NIA_split/QF_NIA_2_33//20170427-VeryMax/ITS/From_T2__slayer-3-filtered.t2__p21607_terminationG_0.smt2 : 2777 ms.
--------------------------------------------------
unknown
../QF_NIA_split/QF_NIA_2_33//20170427-VeryMax/ITS/From_T2__slayer-3-filtered.t2__p21608_terminationG_0.smt2 : 600188 ms.
--------------------------------------------------
../QF_NIA_split/QF_NIA_2_33//20170427-VeryMax/ITS/From_T2__slayer-3-filtered.t2__p21609_terminationG_0.smt2 : 601006 ms.
--------------------------------------------------
unsat
../QF_NIA_split/QF_NIA_2_33//20170427-VeryMax/ITS/From_T2__slayer-3-filtered.t2__p21612_terminationG_0.smt2 : 1967 ms.
--------------------------------------------------
../QF_NIA_split/QF_NIA_2_33//20170427-VeryMax/ITS/From_T2__slayer-3-filtered.t2__p21613_terminationG_0.smt2 : 601005 ms.
--------------------------------------------------
../QF_NIA_split/QF_NIA_2_33//20170427-VeryMax/ITS/From_T2__slayer-3-filtered.t2__p21614_terminationG_0.smt2 : 601007 ms.
--------------------------------------------------
unsat
../QF_NIA_split/QF_NIA_2_33//20170427-VeryMax/ITS/From_T2__slayer-3-filtered.t2__p21617_terminationG_0.smt2 : 2219 ms.
--------------------------------------------------
unknown
../QF_NIA_split/QF_NIA_2_33//20170427-VeryMax/ITS/From_T2__slayer-3-filtered.t2__p21618_terminationG_0.smt2 : 600168 ms.
--------------------------------------------------
../QF_NIA_split/QF_NIA_2_33//20170427-VeryMax/ITS/From_T2__slayer-3-filtered.t2__p21619_terminationG_0.smt2 : 601006 ms.
--------------------------------------------------
unsat
../QF_NIA_split/QF_NIA_2_33//20170427-VeryMax/ITS/From_T2__slayer-3-filtered.t2__p21622_terminationG_0.smt2 : 2685 ms.
--------------------------------------------------
unknown
../QF_NIA_split/QF_NIA_2_33//20170427-VeryMax/ITS/From_T2__slayer-3-filtered.t2__p21623_terminationG_0.smt2 : 601006 ms.
--------------------------------------------------
../QF_NIA_split/QF_NIA_2_33//20170427-VeryMax/ITS/From_T2__slayer-3-filtered.t2__p21624_terminationG_0.smt2 : 601005 ms.
--------------------------------------------------
unsat
../QF_NIA_split/QF_NIA_2_33//20170427-VeryMax/ITS/From_T2__slayer-3-filtered.t2__p21627_terminationG_0.smt2 : 1439 ms.
--------------------------------------------------
unknown
../QF_NIA_split/QF_NIA_2_33//20170427-VeryMax/ITS/From_T2__slayer-3-filtered.t2__p21628_terminationG_0.smt2 : 600453 ms.
--------------------------------------------------
../QF_NIA_split/QF_NIA_2_33//20170427-VeryMax/ITS/From_T2__slayer-3-filtered.t2__p21629_terminationG_0.smt2 : 601006 ms.
--------------------------------------------------
unsat
../QF_NIA_split/QF_NIA_2_33//20170427-VeryMax/ITS/From_T2__slayer-3-filtered.t2__p21632_terminationG_0.smt2 : 3365 ms.
--------------------------------------------------
../QF_NIA_split/QF_NIA_2_33//20170427-VeryMax/ITS/From_T2__slayer-3-filtered.t2__p21633_terminationG_0.smt2 : 601008 ms.
--------------------------------------------------
../QF_NIA_split/QF_NIA_2_33//20170427-VeryMax/ITS/From_T2__slayer-3-filtered.t2__p21634_terminationG_0.smt2 : 601006 ms.
--------------------------------------------------
unsat
../QF_NIA_split/QF_NIA_2_33//20170427-VeryMax/ITS/From_T2__slayer-3-filtered.t2__p21637_terminationG_0.smt2 : 2816 ms.
--------------------------------------------------
unknown
../QF_NIA_split/QF_NIA_2_33//20170427-VeryMax/ITS/From_T2__slayer-3-filtered.t2__p21638_terminationG_0.smt2 : 600375 ms.
--------------------------------------------------
../QF_NIA_split/QF_NIA_2_33//20170427-VeryMax/ITS/From_T2__slayer-3-filtered.t2__p21639_terminationG_0.smt2 : 601007 ms.
--------------------------------------------------
unsat
../QF_NIA_split/QF_NIA_2_33//20170427-VeryMax/ITS/From_T2__slayer-3-filtered.t2__p21642_terminationG_0.smt2 : 8365 ms.
--------------------------------------------------
unknown
../QF_NIA_split/QF_NIA_2_33//20170427-VeryMax/ITS/From_T2__slayer-3-filtered.t2__p21643_terminationG_0.smt2 : 600209 ms.
--------------------------------------------------
../QF_NIA_split/QF_NIA_2_33//20170427-VeryMax/ITS/From_T2__slayer-3-filtered.t2__p21644_terminationG_0.smt2 : 601005 ms.
--------------------------------------------------
unsat
../QF_NIA_split/QF_NIA_2_33//20170427-VeryMax/ITS/From_T2__slayer-3-filtered.t2__p21647_terminationG_0.smt2 : 6180 ms.
--------------------------------------------------
../QF_NIA_split/QF_NIA_2_33//20170427-VeryMax/ITS/From_T2__slayer-3-filtered.t2__p21648_terminationG_0.smt2 : 601006 ms.
--------------------------------------------------
../QF_NIA_split/QF_NIA_2_33//20170427-VeryMax/ITS/From_T2__slayer-3-filtered.t2__p21649_terminationG_0.smt2 : 601006 ms.
--------------------------------------------------
unsat
../QF_NIA_split/QF_NIA_2_33//20170427-VeryMax/ITS/From_T2__slayer-3-filtered.t2__p21652_terminationG_0.smt2 : 3153 ms.
--------------------------------------------------
../QF_NIA_split/QF_NIA_2_33//20170427-VeryMax/ITS/From_T2__slayer-3-filtered.t2__p21653_terminationG_0.smt2 : 601005 ms.
--------------------------------------------------
../QF_NIA_split/QF_NIA_2_33//20170427-VeryMax/ITS/From_T2__slayer-3-filtered.t2__p21654_terminationG_0.smt2 : 601005 ms.
--------------------------------------------------
unsat
../QF_NIA_split/QF_NIA_2_33//20170427-VeryMax/ITS/From_T2__slayer-3-filtered.t2__p21657_terminationG_0.smt2 : 3001 ms.
--------------------------------------------------
unknown
../QF_NIA_split/QF_NIA_2_33//20170427-VeryMax/ITS/From_T2__slayer-3-filtered.t2__p21658_terminationG_0.smt2 : 600139 ms.
--------------------------------------------------
../QF_NIA_split/QF_NIA_2_33//20170427-VeryMax/ITS/From_T2__slayer-3-filtered.t2__p21659_terminationG_0.smt2 : 601006 ms.
--------------------------------------------------
unsat
../QF_NIA_split/QF_NIA_2_33//20170427-VeryMax/ITS/From_T2__slayer-3-filtered.t2__p21662_terminationG_0.smt2 : 7072 ms.
--------------------------------------------------
../QF_NIA_split/QF_NIA_2_33//20170427-VeryMax/ITS/From_T2__slayer-3-filtered.t2__p21663_terminationG_0.smt2 : 601006 ms.
--------------------------------------------------
../QF_NIA_split/QF_NIA_2_33//20170427-VeryMax/ITS/From_T2__slayer-3-filtered.t2__p21664_terminationG_0.smt2 : 601006 ms.
--------------------------------------------------
unsat
../QF_NIA_split/QF_NIA_2_33//20170427-VeryMax/ITS/From_T2__slayer-3-filtered.t2__p21668_terminationG_0.smt2 : 2993 ms.
--------------------------------------------------
unknown
../QF_NIA_split/QF_NIA_2_33//20170427-VeryMax/ITS/From_T2__slayer-3-filtered.t2__p21669_terminationG_0.smt2 : 600142 ms.
--------------------------------------------------
unknown
../QF_NIA_split/QF_NIA_2_33//20170427-VeryMax/ITS/From_T2__slayer-3-filtered.t2__p21670_terminationG_0.smt2 : 600286 ms.
--------------------------------------------------
unsat
../QF_NIA_split/QF_NIA_2_33//20170427-VeryMax/ITS/From_T2__slayer-3-filtered.t2__p21673_terminationG_0.smt2 : 5984 ms.
--------------------------------------------------
unknown
../QF_NIA_split/QF_NIA_2_33//20170427-VeryMax/ITS/From_T2__slayer-3-filtered.t2__p21674_terminationG_0.smt2 : 600353 ms.
--------------------------------------------------
../QF_NIA_split/QF_NIA_2_33//20170427-VeryMax/ITS/From_T2__slayer-3-filtered.t2__p21675_terminationG_0.smt2 : 601006 ms.
--------------------------------------------------
../QF_NIA_split/QF_NIA_2_33//20170427-VeryMax/ITS/From_T2__slayer-3-filtered.t2__p21679_safety_0.smt2 : 601006 ms.
--------------------------------------------------
unsat
../QF_NIA_split/QF_NIA_2_33//20170427-VeryMax/ITS/From_T2__slayer-3-filtered.t2__p21680_safety_0.smt2 : 132 ms.
--------------------------------------------------
../QF_NIA_split/QF_NIA_2_33//20170427-VeryMax/ITS/From_T2__slayer-3-filtered.t2__p21681_safety_0.smt2 : 601006 ms.
--------------------------------------------------
../QF_NIA_split/QF_NIA_2_33//20170427-VeryMax/ITS/From_T2__slayer-3-filtered.t2__p21688_safety_0.smt2 : 601006 ms.
--------------------------------------------------
unsat
../QF_NIA_split/QF_NIA_2_33//20170427-VeryMax/ITS/From_T2__slayer-3-filtered.t2__p21689_safety_0.smt2 : 118 ms.
--------------------------------------------------
../QF_NIA_split/QF_NIA_2_33//20170427-VeryMax/ITS/From_T2__slayer-3-filtered.t2__p21690_safety_0.smt2 : 601006 ms.
--------------------------------------------------
sat
../QF_NIA_split/QF_NIA_2_33//20170427-VeryMax/ITS/From_T2__slayer-3-filtered.t2__p21693_safety_0.smt2 : 800 ms.
--------------------------------------------------
../QF_NIA_split/QF_NIA_2_33//20170427-VeryMax/ITS/From_T2__slayer-3-filtered.t2__p21699_safety_0.smt2 : 601005 ms.
--------------------------------------------------
../QF_NIA_split/QF_NIA_2_33//20170427-VeryMax/ITS/From_T2__slayer-3-filtered.t2__p21701_safety_0.smt2 : 601006 ms.
--------------------------------------------------
../QF_NIA_split/QF_NIA_2_33//20170427-VeryMax/ITS/From_T2__slayer-3-filtered.t2__p21702_safety_0.smt2 : 601005 ms.
--------------------------------------------------
sat
../QF_NIA_split/QF_NIA_2_33//20170427-VeryMax/ITS/From_T2__slayer-3-filtered.t2__p21705_safety_0.smt2 : 1399 ms.
--------------------------------------------------
../QF_NIA_split/QF_NIA_2_33//20170427-VeryMax/ITS/From_T2__slayer-3-filtered.t2__p21712_safety_0.smt2 : 601006 ms.
--------------------------------------------------
sat
../QF_NIA_split/QF_NIA_2_33//20170427-VeryMax/ITS/From_T2__slayer-3-filtered.t2__p21714_safety_0.smt2 : 29891 ms.
--------------------------------------------------
sat
../QF_NIA_split/QF_NIA_2_33//20170427-VeryMax/ITS/From_T2__slayer-3-filtered.t2__p21719_safety_0.smt2 : 760 ms.
--------------------------------------------------
../QF_NIA_split/QF_NIA_2_33//20170427-VeryMax/ITS/From_T2__slayer-3-filtered.t2__p21721_safety_0.smt2 : 601005 ms.
--------------------------------------------------
unsat
../QF_NIA_split/QF_NIA_2_33//20170427-VeryMax/ITS/From_T2__slayer-3-filtered.t2__p21722_safety_0.smt2 : 206 ms.
--------------------------------------------------
../QF_NIA_split/QF_NIA_2_33//20170427-VeryMax/ITS/From_T2__slayer-3-filtered.t2__p21723_safety_0.smt2 : 601006 ms.
--------------------------------------------------
unknown
../QF_NIA_split/QF_NIA_2_33//20170427-VeryMax/ITS/From_T2__slayer-3-filtered.t2__p21725_safety_0.smt2 : 600306 ms.
--------------------------------------------------
../QF_NIA_split/QF_NIA_2_33//20170427-VeryMax/ITS/From_T2__slayer-3-filtered.t2__p21726_safety_0.smt2 : 601006 ms.
--------------------------------------------------
sat
../QF_NIA_split/QF_NIA_2_33//20170427-VeryMax/ITS/From_T2__slayer-3-filtered.t2__p21729_safety_0.smt2 : 531 ms.
--------------------------------------------------
sat
../QF_NIA_split/QF_NIA_2_33//20170427-VeryMax/ITS/From_T2__slayer-3-filtered.t2__p21733_safety_0.smt2 : 2974 ms.
--------------------------------------------------
../QF_NIA_split/QF_NIA_2_33//20170427-VeryMax/ITS/From_T2__slayer-3-filtered.t2__p21735_safety_0.smt2 : 601005 ms.
--------------------------------------------------
sat
../QF_NIA_split/QF_NIA_2_33//20170427-VeryMax/ITS/From_T2__slayer-3-filtered.t2__p21738_safety_0.smt2 : 9878 ms.
--------------------------------------------------
sat
../QF_NIA_split/QF_NIA_2_33//20170427-VeryMax/ITS/From_T2__slayer-3-filtered.t2__p21742_safety_0.smt2 : 34416 ms.
--------------------------------------------------
../QF_NIA_split/QF_NIA_2_33//20170427-VeryMax/ITS/From_T2__slayer-3-filtered.t2__p21744_safety_0.smt2 : 601005 ms.
--------------------------------------------------
sat
../QF_NIA_split/QF_NIA_2_33//20170427-VeryMax/ITS/From_T2__slayer-3-filtered.t2__p21749_safety_0.smt2 : 1749 ms.
--------------------------------------------------
../QF_NIA_split/QF_NIA_2_33//20170427-VeryMax/ITS/From_T2__slayer-3-filtered.t2__p21751_safety_0.smt2 : 601006 ms.
--------------------------------------------------
../QF_NIA_split/QF_NIA_2_33//20170427-VeryMax/ITS/From_T2__slayer-3-filtered.t2__p21753_safety_0.smt2 : 601005 ms.
--------------------------------------------------
sat
../QF_NIA_split/QF_NIA_2_33//20170427-VeryMax/ITS/From_T2__slayer-3-filtered.t2__p21755_safety_0.smt2 : 2141 ms.
--------------------------------------------------
sat
../QF_NIA_split/QF_NIA_2_33//20170427-VeryMax/ITS/From_T2__slayer-3-filtered.t2__p21756_safety_0.smt2 : 5701 ms.
--------------------------------------------------
../QF_NIA_split/QF_NIA_2_33//20170427-VeryMax/ITS/From_T2__slayer-3-filtered.t2__p21758_safety_0.smt2 : 601005 ms.
--------------------------------------------------
../QF_NIA_split/QF_NIA_2_33//20170427-VeryMax/ITS/From_T2__slayer-3-filtered.t2__p21760_safety_0.smt2 : 601006 ms.
--------------------------------------------------
../QF_NIA_split/QF_NIA_2_33//20170427-VeryMax/ITS/From_T2__slayer-3-filtered.t2__p21762_safety_0.smt2 : 601006 ms.
--------------------------------------------------
sat
../QF_NIA_split/QF_NIA_2_33//20170427-VeryMax/ITS/From_T2__slayer-3-filtered.t2__p21764_safety_0.smt2 : 369 ms.
--------------------------------------------------
sat
../QF_NIA_split/QF_NIA_2_33//20170427-VeryMax/ITS/From_T2__slayer-3-filtered.t2__p21765_safety_0.smt2 : 7288 ms.
--------------------------------------------------
sat
../QF_NIA_split/QF_NIA_2_33//20170427-VeryMax/ITS/From_T2__slayer-3-filtered.t2__p21771_safety_0.smt2 : 7661 ms.
--------------------------------------------------
../QF_NIA_split/QF_NIA_2_33//20170427-VeryMax/ITS/From_T2__slayer-3-filtered.t2__p21778_safety_0.smt2 : 601006 ms.
--------------------------------------------------
sat
../QF_NIA_split/QF_NIA_2_33//20170427-VeryMax/ITS/From_T2__slayer-3-filtered.t2__p21780_safety_0.smt2 : 29046 ms.
--------------------------------------------------
../QF_NIA_split/QF_NIA_2_33//20170427-VeryMax/ITS/From_T2__slayer-3-filtered.t2__p21782_safety_0.smt2 : 601006 ms.
--------------------------------------------------
../QF_NIA_split/QF_NIA_2_33//20170427-VeryMax/ITS/From_T2__slayer-3-filtered.t2__p21783_safety_0.smt2 : 601007 ms.
--------------------------------------------------
unknown
../QF_NIA_split/QF_NIA_2_33//20170427-VeryMax/ITS/From_T2__slayer-3-filtered.t2__p21784_safety_0.smt2 : 601006 ms.
--------------------------------------------------
../QF_NIA_split/QF_NIA_2_33//20170427-VeryMax/ITS/From_T2__slayer-3-filtered.t2__p21785_safety_0.smt2 : 601007 ms.
--------------------------------------------------
../QF_NIA_split/QF_NIA_2_33//20170427-VeryMax/ITS/From_T2__slayer-3-filtered.t2__p21786_safety_0.smt2 : 601006 ms.
--------------------------------------------------
sat
../QF_NIA_split/QF_NIA_2_33//20170427-VeryMax/ITS/From_T2__slayer-3-filtered.t2__p21789_edge_closing_0.smt2 : 337 ms.
--------------------------------------------------
sat
../QF_NIA_split/QF_NIA_2_33//20170427-VeryMax/ITS/From_T2__slayer-3-filtered.t2__p21790_edge_closing_0.smt2 : 957 ms.
--------------------------------------------------
../QF_NIA_split/QF_NIA_2_33//20170427-VeryMax/ITS/From_T2__slayer-3-filtered.t2__p21791_edge_closing_0.smt2 : 601005 ms.
--------------------------------------------------
sat
../QF_NIA_split/QF_NIA_2_33//20170427-VeryMax/ITS/From_T2__slayer-3-new.t2_fixed__p21801_terminationG_0.smt2 : 4576 ms.
--------------------------------------------------
sat
../QF_NIA_split/QF_NIA_2_33//20170427-VeryMax/ITS/From_T2__slayer-3-new.t2_fixed__p21802_terminationG_0.smt2 : 387972 ms.
--------------------------------------------------
sat
../QF_NIA_split/QF_NIA_2_33//20170427-VeryMax/ITS/From_T2__slayer-3-new.t2_fixed__p21803_terminationG_0.smt2 : 83765 ms.
--------------------------------------------------
../QF_NIA_split/QF_NIA_2_33//20170427-VeryMax/ITS/From_T2__slayer-3-new.t2_fixed__p21812_safety_0.smt2 : 601007 ms.
--------------------------------------------------
../QF_NIA_split/QF_NIA_2_33//20170427-VeryMax/ITS/From_T2__slayer-3-new.t2_fixed__p21815_safety_0.smt2 : 601006 ms.
--------------------------------------------------
../QF_NIA_split/QF_NIA_2_33//20170427-VeryMax/ITS/From_T2__slayer-3-new.t2_fixed__p21821_safety_0.smt2 : 601006 ms.
--------------------------------------------------
../QF_NIA_split/QF_NIA_2_33//20170427-VeryMax/ITS/From_T2__slayer-3-new.t2_fixed__p21823_safety_0.smt2 : 601006 ms.
--------------------------------------------------
sat
../QF_NIA_split/QF_NIA_2_33//20170427-VeryMax/ITS/From_T2__slayer-3-new.t2_fixed__p21824_safety_0.smt2 : 24384 ms.
--------------------------------------------------
sat
../QF_NIA_split/QF_NIA_2_33//20170427-VeryMax/ITS/From_T2__slayer-3-new.t2_fixed__p21826_safety_0.smt2 : 3885 ms.
--------------------------------------------------
sat
../QF_NIA_split/QF_NIA_2_33//20170427-VeryMax/ITS/From_T2__slayer-3-new.t2_fixed__p21831_safety_0.smt2 : 824 ms.
--------------------------------------------------
../QF_NIA_split/QF_NIA_2_33//20170427-VeryMax/ITS/From_T2__slayer-3-new.t2_fixed__p21832_safety_0.smt2 : 601006 ms.
--------------------------------------------------
sat
../QF_NIA_split/QF_NIA_2_33//20170427-VeryMax/ITS/From_T2__slayer-3-new.t2_fixed__p21835_safety_0.smt2 : 504 ms.
--------------------------------------------------
../QF_NIA_split/QF_NIA_2_33//20170427-VeryMax/ITS/From_T2__slayer-3-new.t2_fixed__p21836_safety_0.smt2 : 601006 ms.
--------------------------------------------------
../QF_NIA_split/QF_NIA_2_33//20170427-VeryMax/ITS/From_T2__slayer-3-new.t2_fixed__p21837_safety_0.smt2 : 601006 ms.
--------------------------------------------------
../QF_NIA_split/QF_NIA_2_33//20170427-VeryMax/ITS/From_T2__slayer-3-new.t2_fixed__p21842_safety_0.smt2 : 601007 ms.
--------------------------------------------------
sat
../QF_NIA_split/QF_NIA_2_33//20170427-VeryMax/ITS/From_T2__slayer-3-new.t2_fixed__p21845_safety_0.smt2 : 739 ms.
--------------------------------------------------
../QF_NIA_split/QF_NIA_2_33//20170427-VeryMax/ITS/From_T2__slayer-3-new.t2_fixed__p21846_safety_0.smt2 : 601007 ms.
--------------------------------------------------
../QF_NIA_split/QF_NIA_2_33//20170427-VeryMax/ITS/From_T2__slayer-3-new.t2_fixed__p21847_safety_0.smt2 : 601006 ms.
--------------------------------------------------
sat
../QF_NIA_split/QF_NIA_2_33//20170427-VeryMax/ITS/From_T2__slayer-3-new.t2_fixed__p21851_safety_0.smt2 : 1067 ms.
--------------------------------------------------
sat
../QF_NIA_split/QF_NIA_2_33//20170427-VeryMax/ITS/From_T2__slayer-3-new.t2_fixed__p21852_safety_0.smt2 : 5337 ms.
--------------------------------------------------
sat
../QF_NIA_split/QF_NIA_2_33//20170427-VeryMax/ITS/From_T2__slayer-3-new.t2_fixed__p21855_safety_0.smt2 : 1099 ms.
--------------------------------------------------
../QF_NIA_split/QF_NIA_2_33//20170427-VeryMax/ITS/From_T2__slayer-3-new.t2_fixed__p21858_safety_0.smt2 : 601007 ms.
--------------------------------------------------
../QF_NIA_split/QF_NIA_2_33//20170427-VeryMax/ITS/From_T2__slayer-3-new.t2_fixed__p21861_safety_0.smt2 : 601006 ms.
--------------------------------------------------
unknown
../QF_NIA_split/QF_NIA_2_33//20170427-VeryMax/ITS/From_T2__slayer-3-new.t2_fixed__p21863_edge_closing_0.smt2 : 600836 ms.
--------------------------------------------------
unknown
../QF_NIA_split/QF_NIA_2_33//20170427-VeryMax/ITS/From_T2__slayer-3-new.t2_fixed__p21864_edge_closing_0.smt2 : 601006 ms.
--------------------------------------------------
unknown
../QF_NIA_split/QF_NIA_2_33//20170427-VeryMax/ITS/From_T2__slayer-3-new.t2_fixed__p21865_edge_closing_0.smt2 : 601006 ms.
--------------------------------------------------
sat
../QF_NIA_split/QF_NIA_2_33//20170427-VeryMax/ITS/From_T2__slayer-3-new.t2__p21877_terminationG_0.smt2 : 787 ms.
--------------------------------------------------
unknown
../QF_NIA_split/QF_NIA_2_33//20170427-VeryMax/ITS/From_T2__slayer-3-new.t2__p21878_terminationG_0.smt2 : 600379 ms.
--------------------------------------------------
../QF_NIA_split/QF_NIA_2_33//20170427-VeryMax/ITS/From_T2__slayer-3-new.t2__p21879_terminationG_0.smt2 : 601006 ms.
--------------------------------------------------
unsat
../QF_NIA_split/QF_NIA_2_33//20170427-VeryMax/ITS/From_T2__slayer-3-new.t2__p21882_terminationG_0.smt2 : 11206 ms.
--------------------------------------------------
../QF_NIA_split/QF_NIA_2_33//20170427-VeryMax/ITS/From_T2__slayer-3-new.t2__p21883_terminationG_0.smt2 : 601006 ms.
--------------------------------------------------
unknown
../QF_NIA_split/QF_NIA_2_33//20170427-VeryMax/ITS/From_T2__slayer-3-new.t2__p21884_terminationG_0.smt2 : 600338 ms.
--------------------------------------------------
unsat
../QF_NIA_split/QF_NIA_2_33//20170427-VeryMax/ITS/From_T2__slayer-3-new.t2__p21887_terminationG_0.smt2 : 8952 ms.
--------------------------------------------------
../QF_NIA_split/QF_NIA_2_33//20170427-VeryMax/ITS/From_T2__slayer-3-new.t2__p21888_terminationG_0.smt2 : 601006 ms.
--------------------------------------------------
../QF_NIA_split/QF_NIA_2_33//20170427-VeryMax/ITS/From_T2__slayer-3-new.t2__p21889_terminationG_0.smt2 : 601007 ms.
--------------------------------------------------
unsat
../QF_NIA_split/QF_NIA_2_33//20170427-VeryMax/ITS/From_T2__slayer-3-new.t2__p21892_terminationG_0.smt2 : 353492 ms.
--------------------------------------------------
unknown
../QF_NIA_split/QF_NIA_2_33//20170427-VeryMax/ITS/From_T2__slayer-3-new.t2__p21893_terminationG_0.smt2 : 600480 ms.
--------------------------------------------------
unknown
../QF_NIA_split/QF_NIA_2_33//20170427-VeryMax/ITS/From_T2__slayer-3-new.t2__p21894_terminationG_0.smt2 : 600420 ms.
--------------------------------------------------
unsat
../QF_NIA_split/QF_NIA_2_33//20170427-VeryMax/ITS/From_T2__slayer-3-new.t2__p21897_terminationG_0.smt2 : 147290 ms.
--------------------------------------------------
unknown
../QF_NIA_split/QF_NIA_2_33//20170427-VeryMax/ITS/From_T2__slayer-3-new.t2__p21898_terminationG_0.smt2 : 600304 ms.
--------------------------------------------------
unknown
../QF_NIA_split/QF_NIA_2_33//20170427-VeryMax/ITS/From_T2__slayer-3-new.t2__p21899_terminationG_0.smt2 : 600500 ms.
--------------------------------------------------
unsat
../QF_NIA_split/QF_NIA_2_33//20170427-VeryMax/ITS/From_T2__slayer-3-new.t2__p21903_terminationG_0.smt2 : 356583 ms.
--------------------------------------------------
../QF_NIA_split/QF_NIA_2_33//20170427-VeryMax/ITS/From_T2__slayer-3-new.t2__p21904_terminationG_0.smt2 : 601007 ms.
--------------------------------------------------
../QF_NIA_split/QF_NIA_2_33//20170427-VeryMax/ITS/From_T2__slayer-3-new.t2__p21905_terminationG_0.smt2 : 601006 ms.
--------------------------------------------------
unsat
../QF_NIA_split/QF_NIA_2_33//20170427-VeryMax/ITS/From_T2__slayer-3-new.t2__p21908_terminationG_0.smt2 : 10885 ms.
--------------------------------------------------
../QF_NIA_split/QF_NIA_2_33//20170427-VeryMax/ITS/From_T2__slayer-3-new.t2__p21909_terminationG_0.smt2 : 601007 ms.
--------------------------------------------------
../QF_NIA_split/QF_NIA_2_33//20170427-VeryMax/ITS/From_T2__slayer-3-new.t2__p21910_terminationG_0.smt2 : 601006 ms.
--------------------------------------------------
unsat
../QF_NIA_split/QF_NIA_2_33//20170427-VeryMax/ITS/From_T2__slayer-3-new.t2__p21913_terminationG_0.smt2 : 128922 ms.
--------------------------------------------------
unknown
../QF_NIA_split/QF_NIA_2_33//20170427-VeryMax/ITS/From_T2__slayer-3-new.t2__p21914_terminationG_0.smt2 : 600292 ms.
--------------------------------------------------
unknown
../QF_NIA_split/QF_NIA_2_33//20170427-VeryMax/ITS/From_T2__slayer-3-new.t2__p21915_terminationG_0.smt2 : 600338 ms.
--------------------------------------------------
unsat
../QF_NIA_split/QF_NIA_2_33//20170427-VeryMax/ITS/From_T2__slayer-3-new.t2__p21918_terminationG_0.smt2 : 144925 ms.
--------------------------------------------------
../QF_NIA_split/QF_NIA_2_33//20170427-VeryMax/ITS/From_T2__slayer-3-new.t2__p21919_terminationG_0.smt2 : 601006 ms.
--------------------------------------------------
../QF_NIA_split/QF_NIA_2_33//20170427-VeryMax/ITS/From_T2__slayer-3-new.t2__p21920_terminationG_0.smt2 : 601006 ms.
--------------------------------------------------
unsat
../QF_NIA_split/QF_NIA_2_33//20170427-VeryMax/ITS/From_T2__slayer-3-new.t2__p21923_terminationG_0.smt2 : 199741 ms.
--------------------------------------------------
unknown
../QF_NIA_split/QF_NIA_2_33//20170427-VeryMax/ITS/From_T2__slayer-3-new.t2__p21924_terminationG_0.smt2 : 600446 ms.
--------------------------------------------------
unknown
../QF_NIA_split/QF_NIA_2_33//20170427-VeryMax/ITS/From_T2__slayer-3-new.t2__p21925_terminationG_0.smt2 : 600392 ms.
--------------------------------------------------
unsat
../QF_NIA_split/QF_NIA_2_33//20170427-VeryMax/ITS/From_T2__slayer-3-new.t2__p21928_terminationG_0.smt2 : 342914 ms.
--------------------------------------------------
unknown
../QF_NIA_split/QF_NIA_2_33//20170427-VeryMax/ITS/From_T2__slayer-3-new.t2__p21929_terminationG_0.smt2 : 600290 ms.
--------------------------------------------------
../QF_NIA_split/QF_NIA_2_33//20170427-VeryMax/ITS/From_T2__slayer-3-new.t2__p21930_terminationG_0.smt2 : 601005 ms.
--------------------------------------------------
unsat
../QF_NIA_split/QF_NIA_2_33//20170427-VeryMax/ITS/From_T2__slayer-3-new.t2__p21933_terminationG_0.smt2 : 330348 ms.
--------------------------------------------------
unknown
../QF_NIA_split/QF_NIA_2_33//20170427-VeryMax/ITS/From_T2__slayer-3-new.t2__p21934_terminationG_0.smt2 : 600270 ms.
--------------------------------------------------
unknown
../QF_NIA_split/QF_NIA_2_33//20170427-VeryMax/ITS/From_T2__slayer-3-new.t2__p21935_terminationG_0.smt2 : 600295 ms.
--------------------------------------------------
unsat
../QF_NIA_split/QF_NIA_2_33//20170427-VeryMax/ITS/From_T2__slayer-3-new.t2__p21938_terminationG_0.smt2 : 302092 ms.
--------------------------------------------------
unknown
../QF_NIA_split/QF_NIA_2_33//20170427-VeryMax/ITS/From_T2__slayer-3-new.t2__p21939_terminationG_0.smt2 : 600363 ms.
--------------------------------------------------
unknown
../QF_NIA_split/QF_NIA_2_33//20170427-VeryMax/ITS/From_T2__slayer-3-new.t2__p21940_terminationG_0.smt2 : 600251 ms.
--------------------------------------------------
unsat
../QF_NIA_split/QF_NIA_2_33//20170427-VeryMax/ITS/From_T2__slayer-3-new.t2__p21943_terminationG_0.smt2 : 286510 ms.
--------------------------------------------------
unknown
../QF_NIA_split/QF_NIA_2_33//20170427-VeryMax/ITS/From_T2__slayer-3-new.t2__p21944_terminationG_0.smt2 : 600433 ms.
--------------------------------------------------
../QF_NIA_split/QF_NIA_2_33//20170427-VeryMax/ITS/From_T2__slayer-3-new.t2__p21945_terminationG_0.smt2 : 601006 ms.
--------------------------------------------------
unsat
../QF_NIA_split/QF_NIA_2_33//20170427-VeryMax/ITS/From_T2__slayer-3-new.t2__p21948_terminationG_0.smt2 : 388218 ms.
--------------------------------------------------
unknown
../QF_NIA_split/QF_NIA_2_33//20170427-VeryMax/ITS/From_T2__slayer-3-new.t2__p21949_terminationG_0.smt2 : 600396 ms.
--------------------------------------------------
unknown
../QF_NIA_split/QF_NIA_2_33//20170427-VeryMax/ITS/From_T2__slayer-3-new.t2__p21950_terminationG_0.smt2 : 600521 ms.
--------------------------------------------------
unsat
../QF_NIA_split/QF_NIA_2_33//20170427-VeryMax/ITS/From_T2__slayer-3-new.t2__p21953_terminationG_0.smt2 : 407440 ms.
--------------------------------------------------
unknown
../QF_NIA_split/QF_NIA_2_33//20170427-VeryMax/ITS/From_T2__slayer-3-new.t2__p21954_terminationG_0.smt2 : 600321 ms.
--------------------------------------------------
unknown
../QF_NIA_split/QF_NIA_2_33//20170427-VeryMax/ITS/From_T2__slayer-3-new.t2__p21955_terminationG_0.smt2 : 600390 ms.
--------------------------------------------------
unknown
../QF_NIA_split/QF_NIA_2_33//20170427-VeryMax/ITS/From_T2__slayer-3-new.t2__p21958_terminationG_0.smt2 : 600169 ms.
--------------------------------------------------
unknown
../QF_NIA_split/QF_NIA_2_33//20170427-VeryMax/ITS/From_T2__slayer-3-new.t2__p21959_terminationG_0.smt2 : 600469 ms.
--------------------------------------------------
unknown
../QF_NIA_split/QF_NIA_2_33//20170427-VeryMax/ITS/From_T2__slayer-3-new.t2__p21960_terminationG_0.smt2 : 600468 ms.
--------------------------------------------------
unsat
../QF_NIA_split/QF_NIA_2_33//20170427-VeryMax/ITS/From_T2__slayer-3-new.t2__p21963_terminationG_0.smt2 : 224591 ms.
--------------------------------------------------
unknown
../QF_NIA_split/QF_NIA_2_33//20170427-VeryMax/ITS/From_T2__slayer-3-new.t2__p21964_terminationG_0.smt2 : 600390 ms.
--------------------------------------------------
unknown
../QF_NIA_split/QF_NIA_2_33//20170427-VeryMax/ITS/From_T2__slayer-3-new.t2__p21965_terminationG_0.smt2 : 600466 ms.
--------------------------------------------------
unsat
../QF_NIA_split/QF_NIA_2_33//20170427-VeryMax/ITS/From_T2__slayer-3-new.t2__p21968_terminationG_0.smt2 : 438816 ms.
--------------------------------------------------
unknown
../QF_NIA_split/QF_NIA_2_33//20170427-VeryMax/ITS/From_T2__slayer-3-new.t2__p21969_terminationG_0.smt2 : 600294 ms.
--------------------------------------------------
../QF_NIA_split/QF_NIA_2_33//20170427-VeryMax/ITS/From_T2__slayer-3-new.t2__p21970_terminationG_0.smt2 : 601008 ms.
--------------------------------------------------
unsat
../QF_NIA_split/QF_NIA_2_33//20170427-VeryMax/ITS/From_T2__slayer-3-new.t2__p21973_terminationG_0.smt2 : 270497 ms.
--------------------------------------------------
unknown
../QF_NIA_split/QF_NIA_2_33//20170427-VeryMax/ITS/From_T2__slayer-3-new.t2__p21974_terminationG_0.smt2 : 600636 ms.
--------------------------------------------------
unknown
../QF_NIA_split/QF_NIA_2_33//20170427-VeryMax/ITS/From_T2__slayer-3-new.t2__p21975_terminationG_0.smt2 : 600374 ms.
--------------------------------------------------
unsat
../QF_NIA_split/QF_NIA_2_33//20170427-VeryMax/ITS/From_T2__slayer-3-new.t2__p21978_terminationG_0.smt2 : 423618 ms.
--------------------------------------------------
../QF_NIA_split/QF_NIA_2_33//20170427-VeryMax/ITS/From_T2__slayer-3-new.t2__p21979_terminationG_0.smt2 : 601005 ms.
--------------------------------------------------
../QF_NIA_split/QF_NIA_2_33//20170427-VeryMax/ITS/From_T2__slayer-3-new.t2__p21980_terminationG_0.smt2 : 601006 ms.
--------------------------------------------------
unsat
../QF_NIA_split/QF_NIA_2_33//20170427-VeryMax/ITS/From_T2__slayer-3-new.t2__p21983_terminationG_0.smt2 : 269187 ms.
--------------------------------------------------
unknown
../QF_NIA_split/QF_NIA_2_33//20170427-VeryMax/ITS/From_T2__slayer-3-new.t2__p21984_terminationG_0.smt2 : 600479 ms.
--------------------------------------------------
unknown
../QF_NIA_split/QF_NIA_2_33//20170427-VeryMax/ITS/From_T2__slayer-3-new.t2__p21985_terminationG_0.smt2 : 600266 ms.
--------------------------------------------------
unsat
../QF_NIA_split/QF_NIA_2_33//20170427-VeryMax/ITS/From_T2__slayer-3-new.t2__p21988_terminationG_0.smt2 : 186143 ms.
--------------------------------------------------
unknown
../QF_NIA_split/QF_NIA_2_33//20170427-VeryMax/ITS/From_T2__slayer-3-new.t2__p21989_terminationG_0.smt2 : 600394 ms.
--------------------------------------------------
unknown
../QF_NIA_split/QF_NIA_2_33//20170427-VeryMax/ITS/From_T2__slayer-3-new.t2__p21990_terminationG_0.smt2 : 600369 ms.
--------------------------------------------------
unsat
../QF_NIA_split/QF_NIA_2_33//20170427-VeryMax/ITS/From_T2__slayer-3-new.t2__p21993_terminationG_0.smt2 : 97184 ms.
--------------------------------------------------
unknown
../QF_NIA_split/QF_NIA_2_33//20170427-VeryMax/ITS/From_T2__slayer-3-new.t2__p21994_terminationG_0.smt2 : 600331 ms.
--------------------------------------------------
../QF_NIA_split/QF_NIA_2_33//20170427-VeryMax/ITS/From_T2__slayer-3-new.t2__p21995_terminationG_0.smt2 : 601006 ms.
--------------------------------------------------
unknown
../QF_NIA_split/QF_NIA_2_33//20170427-VeryMax/ITS/From_T2__slayer-3-new.t2__p21998_terminationG_0.smt2 : 600717 ms.
--------------------------------------------------
unknown
../QF_NIA_split/QF_NIA_2_33//20170427-VeryMax/ITS/From_T2__slayer-3-new.t2__p21999_terminationG_0.smt2 : 600420 ms.
--------------------------------------------------
unknown
../QF_NIA_split/QF_NIA_2_33//20170427-VeryMax/ITS/From_T2__slayer-3-new.t2__p22000_terminationG_0.smt2 : 600346 ms.
--------------------------------------------------
unsat
../QF_NIA_split/QF_NIA_2_33//20170427-VeryMax/ITS/From_T2__slayer-3-new.t2__p22003_terminationG_0.smt2 : 357760 ms.
--------------------------------------------------
unknown
../QF_NIA_split/QF_NIA_2_33//20170427-VeryMax/ITS/From_T2__slayer-3-new.t2__p22004_terminationG_0.smt2 : 600317 ms.
--------------------------------------------------
../QF_NIA_split/QF_NIA_2_33//20170427-VeryMax/ITS/From_T2__slayer-3-new.t2__p22005_terminationG_0.smt2 : 601006 ms.
--------------------------------------------------
sat
../QF_NIA_split/QF_NIA_2_33//20170427-VeryMax/ITS/From_T2__slayer-3-new.t2__p22013_safety_0.smt2 : 100 ms.
--------------------------------------------------
sat
../QF_NIA_split/QF_NIA_2_33//20170427-VeryMax/ITS/From_T2__slayer-3-new.t2__p22016_safety_0.smt2 : 75 ms.
--------------------------------------------------
sat
../QF_NIA_split/QF_NIA_2_33//20170427-VeryMax/ITS/From_T2__slayer-3-new.t2__p22020_safety_0.smt2 : 36320 ms.
--------------------------------------------------
sat
../QF_NIA_split/QF_NIA_2_33//20170427-VeryMax/ITS/From_T2__slayer-3-new.t2__p22027_safety_0.smt2 : 96 ms.
--------------------------------------------------
sat
../QF_NIA_split/QF_NIA_2_33//20170427-VeryMax/ITS/From_T2__slayer-3-new.t2__p22035_safety_0.smt2 : 332167 ms.
--------------------------------------------------
../QF_NIA_split/QF_NIA_2_33//20170427-VeryMax/ITS/From_T2__slayer-3-new.t2__p22037_safety_0.smt2 : 601005 ms.
--------------------------------------------------
../QF_NIA_split/QF_NIA_2_33//20170427-VeryMax/ITS/From_T2__slayer-3-new.t2__p22038_safety_0.smt2 : 601006 ms.
--------------------------------------------------
sat
../QF_NIA_split/QF_NIA_2_33//20170427-VeryMax/ITS/From_T2__slayer-3-new.t2__p22039_safety_0.smt2 : 443 ms.
--------------------------------------------------
sat
../QF_NIA_split/QF_NIA_2_33//20170427-VeryMax/ITS/From_T2__slayer-3-new.t2__p22040_safety_0.smt2 : 23820 ms.
--------------------------------------------------
sat
../QF_NIA_split/QF_NIA_2_33//20170427-VeryMax/ITS/From_T2__slayer-3-new.t2__p22041_safety_0.smt2 : 9065 ms.
--------------------------------------------------
sat
../QF_NIA_split/QF_NIA_2_33//20170427-VeryMax/ITS/From_T2__slayer-3-new.t2__p22044_safety_0.smt2 : 114 ms.
--------------------------------------------------
sat
../QF_NIA_split/QF_NIA_2_33//20170427-VeryMax/ITS/From_T2__slayer-3-new.t2__p22048_safety_0.smt2 : 34617 ms.
--------------------------------------------------
sat
../QF_NIA_split/QF_NIA_2_33//20170427-VeryMax/ITS/From_T2__slayer-3-new.t2__p22050_safety_0.smt2 : 2194 ms.
--------------------------------------------------
../QF_NIA_split/QF_NIA_2_33//20170427-VeryMax/ITS/From_T2__slayer-3-new.t2__p22055_safety_0.smt2 : 601006 ms.
--------------------------------------------------
../QF_NIA_split/QF_NIA_2_33//20170427-VeryMax/ITS/From_T2__slayer-3-new.t2__p22056_safety_0.smt2 : 601006 ms.
--------------------------------------------------
sat
../QF_NIA_split/QF_NIA_2_33//20170427-VeryMax/ITS/From_T2__slayer-3-new.t2__p22057_safety_0.smt2 : 417 ms.
--------------------------------------------------
sat
../QF_NIA_split/QF_NIA_2_33//20170427-VeryMax/ITS/From_T2__slayer-3-new.t2__p22058_safety_0.smt2 : 630 ms.
--------------------------------------------------
sat
../QF_NIA_split/QF_NIA_2_33//20170427-VeryMax/ITS/From_T2__slayer-3-new.t2__p22059_safety_0.smt2 : 36608 ms.
--------------------------------------------------
sat
../QF_NIA_split/QF_NIA_2_33//20170427-VeryMax/ITS/From_T2__slayer-3-new.t2__p22063_safety_0.smt2 : 652 ms.
--------------------------------------------------
../QF_NIA_split/QF_NIA_2_33//20170427-VeryMax/ITS/From_T2__slayer-3-new.t2__p22065_safety_0.smt2 : 601008 ms.
--------------------------------------------------
sat
../QF_NIA_split/QF_NIA_2_33//20170427-VeryMax/ITS/From_T2__slayer-3-new.t2__p22067_safety_0.smt2 : 919 ms.
--------------------------------------------------
sat
../QF_NIA_split/QF_NIA_2_33//20170427-VeryMax/ITS/From_T2__slayer-3-new.t2__p22080_safety_0.smt2 : 71146 ms.
--------------------------------------------------
../QF_NIA_split/QF_NIA_2_33//20170427-VeryMax/ITS/From_T2__slayer-3-new.t2__p22084_safety_0.smt2 : 601006 ms.
--------------------------------------------------
../QF_NIA_split/QF_NIA_2_33//20170427-VeryMax/ITS/From_T2__slayer-3-new.t2__p22088_safety_0.smt2 : 601009 ms.
--------------------------------------------------
sat
../QF_NIA_split/QF_NIA_2_33//20170427-VeryMax/ITS/From_T2__slayer-3-new.t2__p22092_safety_0.smt2 : 380080 ms.
--------------------------------------------------
sat
../QF_NIA_split/QF_NIA_2_33//20170427-VeryMax/ITS/From_T2__slayer-3-new.t2__p22093_safety_0.smt2 : 121 ms.
--------------------------------------------------
sat
../QF_NIA_split/QF_NIA_2_33//20170427-VeryMax/ITS/From_T2__slayer-3-new.t2__p22099_safety_0.smt2 : 11649 ms.
--------------------------------------------------
../QF_NIA_split/QF_NIA_2_33//20170427-VeryMax/ITS/From_T2__slayer-3-new.t2__p22103_safety_0.smt2 : 601006 ms.
--------------------------------------------------
../QF_NIA_split/QF_NIA_2_33//20170427-VeryMax/ITS/From_T2__slayer-3-new.t2__p22104_safety_0.smt2 : 601006 ms.
--------------------------------------------------
sat
../QF_NIA_split/QF_NIA_2_33//20170427-VeryMax/ITS/From_T2__slayer-3-new.t2__p22108_safety_0.smt2 : 12342 ms.
--------------------------------------------------
sat
../QF_NIA_split/QF_NIA_2_33//20170427-VeryMax/ITS/From_T2__slayer-3-new.t2__p22109_safety_0.smt2 : 533 ms.
--------------------------------------------------
sat
../QF_NIA_split/QF_NIA_2_33//20170427-VeryMax/ITS/From_T2__slayer-3-new.t2__p22112_safety_0.smt2 : 25066 ms.
--------------------------------------------------
unsat
../QF_NIA_split/QF_NIA_2_33//20170427-VeryMax/ITS/From_T2__slayer-3-new.t2__p22113_safety_0.smt2 : 1029 ms.
--------------------------------------------------
../QF_NIA_split/QF_NIA_2_33//20170427-VeryMax/ITS/From_T2__slayer-3-new.t2__p22114_safety_0.smt2 : 601006 ms.
--------------------------------------------------
../QF_NIA_split/QF_NIA_2_33//20170427-VeryMax/ITS/From_T2__slayer-3-new.t2__p22115_safety_0.smt2 : 601006 ms.
--------------------------------------------------
sat
../QF_NIA_split/QF_NIA_2_33//20170427-VeryMax/ITS/From_T2__slayer-3-new.t2__p22118_edge_closing_0.smt2 : 28290 ms.
--------------------------------------------------
unknown
../QF_NIA_split/QF_NIA_2_33//20170427-VeryMax/ITS/From_T2__slayer-3-new.t2__p22119_edge_closing_0.smt2 : 601006 ms.
--------------------------------------------------
../QF_NIA_split/QF_NIA_2_33//20170427-VeryMax/ITS/From_T2__slayer-3-new.t2__p22120_edge_closing_0.smt2 : 601007 ms.
--------------------------------------------------
sat
../QF_NIA_split/QF_NIA_2_33//20170427-VeryMax/ITS/From_T2__slayer-3.t2_fixed__p22133_terminationG_0.smt2 : 83894 ms.
--------------------------------------------------
sat
../QF_NIA_split/QF_NIA_2_33//20170427-VeryMax/ITS/From_T2__slayer-3.t2_fixed__p22134_terminationG_0.smt2 : 43863 ms.
--------------------------------------------------
../QF_NIA_split/QF_NIA_2_33//20170427-VeryMax/ITS/From_T2__slayer-3.t2_fixed__p22135_terminationG_0.smt2 : 601006 ms.
--------------------------------------------------
sat
../QF_NIA_split/QF_NIA_2_33//20170427-VeryMax/ITS/From_T2__slayer-3.t2_fixed__p22141_safety_0.smt2 : 1137 ms.
--------------------------------------------------
sat
../QF_NIA_split/QF_NIA_2_33//20170427-VeryMax/ITS/From_T2__slayer-3.t2_fixed__p22143_safety_0.smt2 : 982 ms.
--------------------------------------------------
unsat
../QF_NIA_split/QF_NIA_2_33//20170427-VeryMax/ITS/From_T2__slayer-3.t2_fixed__p22145_safety_0.smt2 : 159 ms.
--------------------------------------------------
sat
../QF_NIA_split/QF_NIA_2_33//20170427-VeryMax/ITS/From_T2__slayer-3.t2_fixed__p22146_safety_0.smt2 : 1894 ms.
--------------------------------------------------
../QF_NIA_split/QF_NIA_2_33//20170427-VeryMax/ITS/From_T2__slayer-3.t2_fixed__p22147_safety_0.smt2 : 601006 ms.
--------------------------------------------------
sat
../QF_NIA_split/QF_NIA_2_33//20170427-VeryMax/ITS/From_T2__slayer-3.t2_fixed__p22154_safety_0.smt2 : 1558 ms.
--------------------------------------------------
sat
../QF_NIA_split/QF_NIA_2_33//20170427-VeryMax/ITS/From_T2__slayer-3.t2_fixed__p22159_safety_0.smt2 : 605 ms.
--------------------------------------------------
../QF_NIA_split/QF_NIA_2_33//20170427-VeryMax/ITS/From_T2__slayer-3.t2_fixed__p22160_safety_0.smt2 : 601006 ms.
--------------------------------------------------
../QF_NIA_split/QF_NIA_2_33//20170427-VeryMax/ITS/From_T2__slayer-3.t2_fixed__p22162_safety_0.smt2 : 601005 ms.
--------------------------------------------------
sat
../QF_NIA_split/QF_NIA_2_33//20170427-VeryMax/ITS/From_T2__slayer-3.t2_fixed__p22163_safety_0.smt2 : 373221 ms.
--------------------------------------------------
../QF_NIA_split/QF_NIA_2_33//20170427-VeryMax/ITS/From_T2__slayer-3.t2_fixed__p22165_safety_0.smt2 : 601005 ms.
--------------------------------------------------
../QF_NIA_split/QF_NIA_2_33//20170427-VeryMax/ITS/From_T2__slayer-3.t2_fixed__p22166_safety_0.smt2 : 601006 ms.
--------------------------------------------------
unknown
../QF_NIA_split/QF_NIA_2_33//20170427-VeryMax/ITS/From_T2__slayer-3.t2_fixed__p22168_edge_closing_0.smt2 : 600846 ms.
--------------------------------------------------
unknown
../QF_NIA_split/QF_NIA_2_33//20170427-VeryMax/ITS/From_T2__slayer-3.t2_fixed__p22169_edge_closing_0.smt2 : 601006 ms.
--------------------------------------------------
unknown
../QF_NIA_split/QF_NIA_2_33//20170427-VeryMax/ITS/From_T2__slayer-3.t2_fixed__p22170_edge_closing_0.smt2 : 601006 ms.
--------------------------------------------------
unknown
../QF_NIA_split/QF_NIA_2_33//20170427-VeryMax/ITS/From_T2__slayer-3.t2_fixed__terminationQ_0_0.smt2 : 600284 ms.
--------------------------------------------------
unsat
../QF_NIA_split/QF_NIA_2_33//20170427-VeryMax/ITS/From_T2__slayer-3.t2_fixed__terminationS_10_0.smt2 : 2596 ms.
--------------------------------------------------
unsat
../QF_NIA_split/QF_NIA_2_33//20170427-VeryMax/ITS/From_T2__slayer-3.t2_fixed__terminationS_1_0.smt2 : 179 ms.
--------------------------------------------------
unsat
../QF_NIA_split/QF_NIA_2_33//20170427-VeryMax/ITS/From_T2__slayer-3.t2_fixed__terminationS_11_0.smt2 : 2894 ms.
--------------------------------------------------
unsat
../QF_NIA_split/QF_NIA_2_33//20170427-VeryMax/ITS/From_T2__slayer-3.t2_fixed__terminationS_12_0.smt2 : 258 ms.
--------------------------------------------------
unsat
../QF_NIA_split/QF_NIA_2_33//20170427-VeryMax/ITS/From_T2__slayer-3.t2_fixed__terminationS_13_0.smt2 : 187 ms.
--------------------------------------------------
unsat
../QF_NIA_split/QF_NIA_2_33//20170427-VeryMax/ITS/From_T2__slayer-3.t2_fixed__terminationS_14_0.smt2 : 183 ms.
--------------------------------------------------
unsat
../QF_NIA_split/QF_NIA_2_33//20170427-VeryMax/ITS/From_T2__slayer-3.t2_fixed__terminationS_15_0.smt2 : 180 ms.
--------------------------------------------------
unsat
../QF_NIA_split/QF_NIA_2_33//20170427-VeryMax/ITS/From_T2__slayer-3.t2_fixed__terminationS_16_0.smt2 : 188 ms.
--------------------------------------------------
unsat
../QF_NIA_split/QF_NIA_2_33//20170427-VeryMax/ITS/From_T2__slayer-3.t2_fixed__terminationS_17_0.smt2 : 272 ms.
--------------------------------------------------
unsat
../QF_NIA_split/QF_NIA_2_33//20170427-VeryMax/ITS/From_T2__slayer-3.t2_fixed__terminationS_18_0.smt2 : 279 ms.
--------------------------------------------------
unsat
../QF_NIA_split/QF_NIA_2_33//20170427-VeryMax/ITS/From_T2__slayer-3.t2_fixed__terminationS_19_0.smt2 : 281 ms.
--------------------------------------------------
unsat
../QF_NIA_split/QF_NIA_2_33//20170427-VeryMax/ITS/From_T2__slayer-3.t2_fixed__terminationS_20_0.smt2 : 1127 ms.
--------------------------------------------------
unsat
../QF_NIA_split/QF_NIA_2_33//20170427-VeryMax/ITS/From_T2__slayer-3.t2_fixed__terminationS_21_0.smt2 : 607 ms.
--------------------------------------------------
unsat
../QF_NIA_split/QF_NIA_2_33//20170427-VeryMax/ITS/From_T2__slayer-3.t2_fixed__terminationS_22_0.smt2 : 170654 ms.
--------------------------------------------------
unsat
../QF_NIA_split/QF_NIA_2_33//20170427-VeryMax/ITS/From_T2__slayer-3.t2_fixed__terminationS_23_0.smt2 : 677 ms.
--------------------------------------------------
unsat
../QF_NIA_split/QF_NIA_2_33//20170427-VeryMax/ITS/From_T2__slayer-3.t2_fixed__terminationS_24_0.smt2 : 677 ms.
--------------------------------------------------
unsat
../QF_NIA_split/QF_NIA_2_33//20170427-VeryMax/ITS/From_T2__slayer-3.t2_fixed__terminationS_25_0.smt2 : 758 ms.
--------------------------------------------------
unsat
../QF_NIA_split/QF_NIA_2_33//20170427-VeryMax/ITS/From_T2__slayer-3.t2_fixed__terminationS_26_0.smt2 : 1107 ms.
--------------------------------------------------
unsat
../QF_NIA_split/QF_NIA_2_33//20170427-VeryMax/ITS/From_T2__slayer-3.t2_fixed__terminationS_27_0.smt2 : 1024 ms.
--------------------------------------------------
unsat
../QF_NIA_split/QF_NIA_2_33//20170427-VeryMax/ITS/From_T2__slayer-3.t2_fixed__terminationS_28_0.smt2 : 604 ms.
--------------------------------------------------
unsat
../QF_NIA_split/QF_NIA_2_33//20170427-VeryMax/ITS/From_T2__slayer-3.t2_fixed__terminationS_29_0.smt2 : 634 ms.
--------------------------------------------------
unsat
../QF_NIA_split/QF_NIA_2_33//20170427-VeryMax/ITS/From_T2__slayer-3.t2_fixed__terminationS_30_0.smt2 : 523 ms.
--------------------------------------------------
unsat
../QF_NIA_split/QF_NIA_2_33//20170427-VeryMax/ITS/From_T2__slayer-3.t2_fixed__terminationS_31_0.smt2 : 567 ms.
--------------------------------------------------
unsat
../QF_NIA_split/QF_NIA_2_33//20170427-VeryMax/ITS/From_T2__slayer-3.t2_fixed__terminationS_32_0.smt2 : 761 ms.
--------------------------------------------------
unsat
../QF_NIA_split/QF_NIA_2_33//20170427-VeryMax/ITS/From_T2__slayer-3.t2_fixed__terminationS_33_0.smt2 : 696 ms.
--------------------------------------------------
unsat
../QF_NIA_split/QF_NIA_2_33//20170427-VeryMax/ITS/From_T2__slayer-3.t2_fixed__terminationS_34_0.smt2 : 642 ms.
--------------------------------------------------
unsat
../QF_NIA_split/QF_NIA_2_33//20170427-VeryMax/ITS/From_T2__slayer-3.t2_fixed__terminationS_35_0.smt2 : 663 ms.
--------------------------------------------------
unsat
../QF_NIA_split/QF_NIA_2_33//20170427-VeryMax/ITS/From_T2__slayer-3.t2_fixed__terminationS_36_0.smt2 : 944 ms.
--------------------------------------------------
unsat
../QF_NIA_split/QF_NIA_2_33//20170427-VeryMax/ITS/From_T2__slayer-3.t2_fixed__terminationS_37_0.smt2 : 1114 ms.
--------------------------------------------------
unsat
../QF_NIA_split/QF_NIA_2_33//20170427-VeryMax/ITS/From_T2__slayer-3.t2_fixed__terminationS_38_0.smt2 : 517 ms.
--------------------------------------------------
unsat
../QF_NIA_split/QF_NIA_2_33//20170427-VeryMax/ITS/From_T2__slayer-3.t2_fixed__terminationS_39_0.smt2 : 998 ms.
--------------------------------------------------
unsat
../QF_NIA_split/QF_NIA_2_33//20170427-VeryMax/ITS/From_T2__slayer-3.t2_fixed__terminationS_4_0.smt2 : 1464 ms.
--------------------------------------------------
unsat
../QF_NIA_split/QF_NIA_2_33//20170427-VeryMax/ITS/From_T2__slayer-3.t2_fixed__terminationS_5_0.smt2 : 1822 ms.
--------------------------------------------------
unsat
../QF_NIA_split/QF_NIA_2_33//20170427-VeryMax/ITS/From_T2__slayer-3.t2_fixed__terminationS_6_0.smt2 : 3364 ms.
--------------------------------------------------
unsat
../QF_NIA_split/QF_NIA_2_33//20170427-VeryMax/ITS/From_T2__slayer-3.t2_fixed__terminationS_7_0.smt2 : 3554 ms.
--------------------------------------------------
unsat
../QF_NIA_split/QF_NIA_2_33//20170427-VeryMax/ITS/From_T2__slayer-3.t2_fixed__terminationS_8_0.smt2 : 1453 ms.
--------------------------------------------------
unsat
../QF_NIA_split/QF_NIA_2_33//20170427-VeryMax/ITS/From_T2__slayer-3.t2_fixed__terminationS_9_0.smt2 : 1713 ms.
--------------------------------------------------
unsat
../QF_NIA_split/QF_NIA_2_33//20170427-VeryMax/ITS/From_T2__slayer-3.t2_fixed__term_unfeasibility_2_0.smt2 : 53416 ms.
--------------------------------------------------
sat
../QF_NIA_split/QF_NIA_2_33//20170427-VeryMax/ITS/From_T2__slayer-3.t2__p22183_terminationG_0.smt2 : 922 ms.
--------------------------------------------------
unknown
../QF_NIA_split/QF_NIA_2_33//20170427-VeryMax/ITS/From_T2__slayer-3.t2__p22184_terminationG_0.smt2 : 600339 ms.
--------------------------------------------------
unknown
../QF_NIA_split/QF_NIA_2_33//20170427-VeryMax/ITS/From_T2__slayer-3.t2__p22185_terminationG_0.smt2 : 600298 ms.
--------------------------------------------------
unsat
../QF_NIA_split/QF_NIA_2_33//20170427-VeryMax/ITS/From_T2__slayer-3.t2__p22188_terminationG_0.smt2 : 5541 ms.
--------------------------------------------------
unknown
../QF_NIA_split/QF_NIA_2_33//20170427-VeryMax/ITS/From_T2__slayer-3.t2__p22189_terminationG_0.smt2 : 600893 ms.
--------------------------------------------------
../QF_NIA_split/QF_NIA_2_33//20170427-VeryMax/ITS/From_T2__slayer-3.t2__p22190_terminationG_0.smt2 : 601005 ms.
--------------------------------------------------
unsat
../QF_NIA_split/QF_NIA_2_33//20170427-VeryMax/ITS/From_T2__slayer-3.t2__p22193_terminationG_0.smt2 : 6120 ms.
--------------------------------------------------
unknown
../QF_NIA_split/QF_NIA_2_33//20170427-VeryMax/ITS/From_T2__slayer-3.t2__p22194_terminationG_0.smt2 : 600216 ms.
--------------------------------------------------
unknown
../QF_NIA_split/QF_NIA_2_33//20170427-VeryMax/ITS/From_T2__slayer-3.t2__p22195_terminationG_0.smt2 : 600317 ms.
--------------------------------------------------
unsat
../QF_NIA_split/QF_NIA_2_33//20170427-VeryMax/ITS/From_T2__slayer-3.t2__p22200_terminationG_0.smt2 : 6144 ms.
--------------------------------------------------
../QF_NIA_split/QF_NIA_2_33//20170427-VeryMax/ITS/From_T2__slayer-3.t2__p22201_terminationG_0.smt2 : 601006 ms.
--------------------------------------------------
../QF_NIA_split/QF_NIA_2_33//20170427-VeryMax/ITS/From_T2__slayer-3.t2__p22202_terminationG_0.smt2 : 601008 ms.
--------------------------------------------------
unsat
../QF_NIA_split/QF_NIA_2_33//20170427-VeryMax/ITS/From_T2__slayer-3.t2__p22205_terminationG_0.smt2 : 4509 ms.
--------------------------------------------------
unknown
../QF_NIA_split/QF_NIA_2_33//20170427-VeryMax/ITS/From_T2__slayer-3.t2__p22206_terminationG_0.smt2 : 600360 ms.
--------------------------------------------------
../QF_NIA_split/QF_NIA_2_33//20170427-VeryMax/ITS/From_T2__slayer-3.t2__p22207_terminationG_0.smt2 : 601006 ms.
--------------------------------------------------
unsat
../QF_NIA_split/QF_NIA_2_33//20170427-VeryMax/ITS/From_T2__slayer-3.t2__p22210_terminationG_0.smt2 : 73526 ms.
--------------------------------------------------
unknown
../QF_NIA_split/QF_NIA_2_33//20170427-VeryMax/ITS/From_T2__slayer-3.t2__p22211_terminationG_0.smt2 : 601005 ms.
--------------------------------------------------
../QF_NIA_split/QF_NIA_2_33//20170427-VeryMax/ITS/From_T2__slayer-3.t2__p22212_terminationG_0.smt2 : 601006 ms.
--------------------------------------------------
unsat
../QF_NIA_split/QF_NIA_2_33//20170427-VeryMax/ITS/From_T2__slayer-3.t2__p22216_terminationG_0.smt2 : 4441 ms.
--------------------------------------------------
unknown
../QF_NIA_split/QF_NIA_2_33//20170427-VeryMax/ITS/From_T2__slayer-3.t2__p22217_terminationG_0.smt2 : 600434 ms.
--------------------------------------------------
unknown
../QF_NIA_split/QF_NIA_2_33//20170427-VeryMax/ITS/From_T2__slayer-3.t2__p22218_terminationG_0.smt2 : 600210 ms.
--------------------------------------------------
unsat
../QF_NIA_split/QF_NIA_2_33//20170427-VeryMax/ITS/From_T2__slayer-3.t2__p22221_terminationG_0.smt2 : 4233 ms.
--------------------------------------------------
unknown
../QF_NIA_split/QF_NIA_2_33//20170427-VeryMax/ITS/From_T2__slayer-3.t2__p22222_terminationG_0.smt2 : 600307 ms.
--------------------------------------------------
../QF_NIA_split/QF_NIA_2_33//20170427-VeryMax/ITS/From_T2__slayer-3.t2__p22223_terminationG_0.smt2 : 601005 ms.
--------------------------------------------------
unsat
../QF_NIA_split/QF_NIA_2_33//20170427-VeryMax/ITS/From_T2__slayer-3.t2__p22226_terminationG_0.smt2 : 5328 ms.
--------------------------------------------------
unknown
../QF_NIA_split/QF_NIA_2_33//20170427-VeryMax/ITS/From_T2__slayer-3.t2__p22227_terminationG_0.smt2 : 600277 ms.
--------------------------------------------------
../QF_NIA_split/QF_NIA_2_33//20170427-VeryMax/ITS/From_T2__slayer-3.t2__p22228_terminationG_0.smt2 : 601006 ms.
--------------------------------------------------
unsat
../QF_NIA_split/QF_NIA_2_33//20170427-VeryMax/ITS/From_T2__slayer-3.t2__p22231_terminationG_0.smt2 : 79767 ms.
--------------------------------------------------
unknown
../QF_NIA_split/QF_NIA_2_33//20170427-VeryMax/ITS/From_T2__slayer-3.t2__p22232_terminationG_0.smt2 : 600664 ms.
--------------------------------------------------
../QF_NIA_split/QF_NIA_2_33//20170427-VeryMax/ITS/From_T2__slayer-3.t2__p22233_terminationG_0.smt2 : 601006 ms.
--------------------------------------------------
unsat
../QF_NIA_split/QF_NIA_2_33//20170427-VeryMax/ITS/From_T2__slayer-3.t2__p22238_terminationG_0.smt2 : 7537 ms.
--------------------------------------------------
unknown
../QF_NIA_split/QF_NIA_2_33//20170427-VeryMax/ITS/From_T2__slayer-3.t2__p22239_terminationG_0.smt2 : 600251 ms.
--------------------------------------------------
unknown
../QF_NIA_split/QF_NIA_2_33//20170427-VeryMax/ITS/From_T2__slayer-3.t2__p22240_terminationG_0.smt2 : 600512 ms.
--------------------------------------------------
unsat
../QF_NIA_split/QF_NIA_2_33//20170427-VeryMax/ITS/From_T2__slayer-3.t2__p22243_terminationG_0.smt2 : 264668 ms.
--------------------------------------------------
unknown
../QF_NIA_split/QF_NIA_2_33//20170427-VeryMax/ITS/From_T2__slayer-3.t2__p22244_terminationG_0.smt2 : 600811 ms.
--------------------------------------------------
../QF_NIA_split/QF_NIA_2_33//20170427-VeryMax/ITS/From_T2__slayer-3.t2__p22245_terminationG_0.smt2 : 601005 ms.
--------------------------------------------------
unsat
../QF_NIA_split/QF_NIA_2_33//20170427-VeryMax/ITS/From_T2__slayer-3.t2__p22248_terminationG_0.smt2 : 180485 ms.
--------------------------------------------------
unknown
../QF_NIA_split/QF_NIA_2_33//20170427-VeryMax/ITS/From_T2__slayer-3.t2__p22249_terminationG_0.smt2 : 600265 ms.
--------------------------------------------------
unknown
../QF_NIA_split/QF_NIA_2_33//20170427-VeryMax/ITS/From_T2__slayer-3.t2__p22250_terminationG_0.smt2 : 600944 ms.
--------------------------------------------------
unsat
../QF_NIA_split/QF_NIA_2_33//20170427-VeryMax/ITS/From_T2__slayer-3.t2__p22253_terminationG_0.smt2 : 238723 ms.
--------------------------------------------------
../QF_NIA_split/QF_NIA_2_33//20170427-VeryMax/ITS/From_T2__slayer-3.t2__p22254_terminationG_0.smt2 : 601006 ms.
--------------------------------------------------
unknown
../QF_NIA_split/QF_NIA_2_33//20170427-VeryMax/ITS/From_T2__slayer-3.t2__p22255_terminationG_0.smt2 : 600302 ms.
--------------------------------------------------
unsat
../QF_NIA_split/QF_NIA_2_33//20170427-VeryMax/ITS/From_T2__slayer-3.t2__p22261_terminationG_0.smt2 : 271065 ms.
--------------------------------------------------
unknown
../QF_NIA_split/QF_NIA_2_33//20170427-VeryMax/ITS/From_T2__slayer-3.t2__p22262_terminationG_0.smt2 : 600190 ms.
--------------------------------------------------
unknown
../QF_NIA_split/QF_NIA_2_33//20170427-VeryMax/ITS/From_T2__slayer-3.t2__p22263_terminationG_0.smt2 : 600621 ms.
--------------------------------------------------
unsat
../QF_NIA_split/QF_NIA_2_33//20170427-VeryMax/ITS/From_T2__slayer-3.t2__p22266_terminationG_0.smt2 : 274836 ms.
--------------------------------------------------
../QF_NIA_split/QF_NIA_2_33//20170427-VeryMax/ITS/From_T2__slayer-3.t2__p22267_terminationG_0.smt2 : 601006 ms.
--------------------------------------------------
../QF_NIA_split/QF_NIA_2_33//20170427-VeryMax/ITS/From_T2__slayer-3.t2__p22268_terminationG_0.smt2 : 601006 ms.
--------------------------------------------------
unsat
../QF_NIA_split/QF_NIA_2_33//20170427-VeryMax/ITS/From_T2__slayer-3.t2__p22273_terminationG_0.smt2 : 107571 ms.
--------------------------------------------------
unknown
../QF_NIA_split/QF_NIA_2_33//20170427-VeryMax/ITS/From_T2__slayer-3.t2__p22274_terminationG_0.smt2 : 600348 ms.
--------------------------------------------------
../QF_NIA_split/QF_NIA_2_33//20170427-VeryMax/ITS/From_T2__slayer-3.t2__p22275_terminationG_0.smt2 : 601006 ms.
--------------------------------------------------
unsat
../QF_NIA_split/QF_NIA_2_33//20170427-VeryMax/ITS/From_T2__slayer-3.t2__p22278_terminationG_0.smt2 : 313960 ms.
--------------------------------------------------
unknown
../QF_NIA_split/QF_NIA_2_33//20170427-VeryMax/ITS/From_T2__slayer-3.t2__p22279_terminationG_0.smt2 : 600372 ms.
--------------------------------------------------
../QF_NIA_split/QF_NIA_2_33//20170427-VeryMax/ITS/From_T2__slayer-3.t2__p22280_terminationG_0.smt2 : 601021 ms.
--------------------------------------------------
unsat
../QF_NIA_split/QF_NIA_2_33//20170427-VeryMax/ITS/From_T2__slayer-3.t2__p22283_terminationG_0.smt2 : 372954 ms.
--------------------------------------------------
unknown
../QF_NIA_split/QF_NIA_2_33//20170427-VeryMax/ITS/From_T2__slayer-3.t2__p22284_terminationG_0.smt2 : 600252 ms.
--------------------------------------------------
unknown
../QF_NIA_split/QF_NIA_2_33//20170427-VeryMax/ITS/From_T2__slayer-3.t2__p22285_terminationG_0.smt2 : 600605 ms.
--------------------------------------------------
unknown
../QF_NIA_split/QF_NIA_2_33//20170427-VeryMax/ITS/From_T2__slayer-3.t2__p22288_terminationG_0.smt2 : 600262 ms.
--------------------------------------------------
unknown
../QF_NIA_split/QF_NIA_2_33//20170427-VeryMax/ITS/From_T2__slayer-3.t2__p22289_terminationG_0.smt2 : 600218 ms.
--------------------------------------------------
../QF_NIA_split/QF_NIA_2_33//20170427-VeryMax/ITS/From_T2__slayer-3.t2__p22290_terminationG_0.smt2 : 601005 ms.
--------------------------------------------------
unsat
../QF_NIA_split/QF_NIA_2_33//20170427-VeryMax/ITS/From_T2__slayer-3.t2__p22294_terminationG_0.smt2 : 116890 ms.
--------------------------------------------------
unknown
../QF_NIA_split/QF_NIA_2_33//20170427-VeryMax/ITS/From_T2__slayer-3.t2__p22295_terminationG_0.smt2 : 600328 ms.
--------------------------------------------------
../QF_NIA_split/QF_NIA_2_33//20170427-VeryMax/ITS/From_T2__slayer-3.t2__p22296_terminationG_0.smt2 : 601006 ms.
--------------------------------------------------
unsat
../QF_NIA_split/QF_NIA_2_33//20170427-VeryMax/ITS/From_T2__slayer-3.t2__p22301_terminationG_0.smt2 : 245123 ms.
--------------------------------------------------
unknown
../QF_NIA_split/QF_NIA_2_33//20170427-VeryMax/ITS/From_T2__slayer-3.t2__p22302_terminationG_0.smt2 : 600320 ms.
--------------------------------------------------
unknown
../QF_NIA_split/QF_NIA_2_33//20170427-VeryMax/ITS/From_T2__slayer-3.t2__p22303_terminationG_0.smt2 : 600342 ms.
--------------------------------------------------
unsat
../QF_NIA_split/QF_NIA_2_33//20170427-VeryMax/ITS/From_T2__slayer-3.t2__p22306_terminationG_0.smt2 : 143827 ms.
--------------------------------------------------
../QF_NIA_split/QF_NIA_2_33//20170427-VeryMax/ITS/From_T2__slayer-3.t2__p22307_terminationG_0.smt2 : 601005 ms.
--------------------------------------------------
unknown
../QF_NIA_split/QF_NIA_2_33//20170427-VeryMax/ITS/From_T2__slayer-3.t2__p22308_terminationG_0.smt2 : 600447 ms.
--------------------------------------------------
unsat
../QF_NIA_split/QF_NIA_2_33//20170427-VeryMax/ITS/From_T2__slayer-3.t2__p22311_terminationG_0.smt2 : 354892 ms.
--------------------------------------------------
unknown
../QF_NIA_split/QF_NIA_2_33//20170427-VeryMax/ITS/From_T2__slayer-3.t2__p22312_terminationG_0.smt2 : 600344 ms.
--------------------------------------------------
unknown
../QF_NIA_split/QF_NIA_2_33//20170427-VeryMax/ITS/From_T2__slayer-3.t2__p22313_terminationG_0.smt2 : 600679 ms.
--------------------------------------------------
unsat
../QF_NIA_split/QF_NIA_2_33//20170427-VeryMax/ITS/From_T2__slayer-3.t2__p22316_terminationG_0.smt2 : 438081 ms.
--------------------------------------------------
unknown
../QF_NIA_split/QF_NIA_2_33//20170427-VeryMax/ITS/From_T2__slayer-3.t2__p22317_terminationG_0.smt2 : 600261 ms.
--------------------------------------------------
unknown
../QF_NIA_split/QF_NIA_2_33//20170427-VeryMax/ITS/From_T2__slayer-3.t2__p22318_terminationG_0.smt2 : 600541 ms.
--------------------------------------------------
sat
../QF_NIA_split/QF_NIA_2_33//20170427-VeryMax/ITS/From_T2__slayer-3.t2__p22325_safety_0.smt2 : 52232 ms.
--------------------------------------------------
unknown
../QF_NIA_split/QF_NIA_2_33//20170427-VeryMax/ITS/From_T2__slayer-3.t2__p22334_safety_0.smt2 : 600164 ms.
--------------------------------------------------
sat
../QF_NIA_split/QF_NIA_2_33//20170427-VeryMax/ITS/From_T2__slayer-3.t2__p22336_safety_0.smt2 : 8616 ms.
--------------------------------------------------
sat
../QF_NIA_split/QF_NIA_2_33//20170427-VeryMax/ITS/From_T2__slayer-3.t2__p22337_safety_0.smt2 : 159 ms.
--------------------------------------------------
sat
../QF_NIA_split/QF_NIA_2_33//20170427-VeryMax/ITS/From_T2__slayer-3.t2__p22339_safety_0.smt2 : 2272 ms.
--------------------------------------------------
sat
../QF_NIA_split/QF_NIA_2_33//20170427-VeryMax/ITS/From_T2__slayer-3.t2__p22341_safety_0.smt2 : 8856 ms.
--------------------------------------------------
sat
../QF_NIA_split/QF_NIA_2_33//20170427-VeryMax/ITS/From_T2__slayer-3.t2__p22345_safety_0.smt2 : 95975 ms.
--------------------------------------------------
unknown
../QF_NIA_split/QF_NIA_2_33//20170427-VeryMax/ITS/From_T2__slayer-3.t2__p22347_safety_0.smt2 : 600219 ms.
--------------------------------------------------
../QF_NIA_split/QF_NIA_2_33//20170427-VeryMax/ITS/From_T2__slayer-3.t2__p22348_safety_0.smt2 : 601007 ms.
--------------------------------------------------
sat
../QF_NIA_split/QF_NIA_2_33//20170427-VeryMax/ITS/From_T2__slayer-3.t2__p22350_safety_0.smt2 : 80497 ms.
--------------------------------------------------
sat
../QF_NIA_split/QF_NIA_2_33//20170427-VeryMax/ITS/From_T2__slayer-3.t2__p22351_safety_0.smt2 : 25397 ms.
--------------------------------------------------
sat
../QF_NIA_split/QF_NIA_2_33//20170427-VeryMax/ITS/From_T2__slayer-3.t2__p22353_safety_0.smt2 : 93 ms.
--------------------------------------------------
sat
../QF_NIA_split/QF_NIA_2_33//20170427-VeryMax/ITS/From_T2__slayer-3.t2__p22354_safety_0.smt2 : 92 ms.
--------------------------------------------------
sat
../QF_NIA_split/QF_NIA_2_33//20170427-VeryMax/ITS/From_T2__slayer-3.t2__p22357_safety_0.smt2 : 737 ms.
--------------------------------------------------
sat
../QF_NIA_split/QF_NIA_2_33//20170427-VeryMax/ITS/From_T2__slayer-3.t2__p22361_safety_0.smt2 : 84599 ms.
--------------------------------------------------
../QF_NIA_split/QF_NIA_2_33//20170427-VeryMax/ITS/From_T2__slayer-3.t2__p22363_safety_0.smt2 : 601005 ms.
--------------------------------------------------
../QF_NIA_split/QF_NIA_2_33//20170427-VeryMax/ITS/From_T2__slayer-3.t2__p22365_safety_0.smt2 : 601006 ms.
--------------------------------------------------
../QF_NIA_split/QF_NIA_2_33//20170427-VeryMax/ITS/From_T2__slayer-3.t2__p22366_safety_0.smt2 : 601006 ms.
--------------------------------------------------
sat
../QF_NIA_split/QF_NIA_2_33//20170427-VeryMax/ITS/From_T2__slayer-3.t2__p22367_safety_0.smt2 : 434 ms.
--------------------------------------------------
sat
../QF_NIA_split/QF_NIA_2_33//20170427-VeryMax/ITS/From_T2__slayer-3.t2__p22368_safety_0.smt2 : 18427 ms.
--------------------------------------------------
sat
../QF_NIA_split/QF_NIA_2_33//20170427-VeryMax/ITS/From_T2__slayer-3.t2__p22369_safety_0.smt2 : 16055 ms.
--------------------------------------------------
sat
../QF_NIA_split/QF_NIA_2_33//20170427-VeryMax/ITS/From_T2__slayer-3.t2__p22377_safety_0.smt2 : 4004 ms.
--------------------------------------------------
sat
../QF_NIA_split/QF_NIA_2_33//20170427-VeryMax/ITS/From_T2__slayer-3.t2__p22380_safety_0.smt2 : 97 ms.
--------------------------------------------------
unknown
../QF_NIA_split/QF_NIA_2_33//20170427-VeryMax/ITS/From_T2__slayer-3.t2__p22384_safety_0.smt2 : 600420 ms.
--------------------------------------------------
../QF_NIA_split/QF_NIA_2_33//20170427-VeryMax/ITS/From_T2__slayer-3.t2__p22389_safety_0.smt2 : 601006 ms.
--------------------------------------------------
sat
../QF_NIA_split/QF_NIA_2_33//20170427-VeryMax/ITS/From_T2__slayer-3.t2__p22393_safety_0.smt2 : 2250 ms.
--------------------------------------------------
unknown
../QF_NIA_split/QF_NIA_2_33//20170427-VeryMax/ITS/From_T2__slayer-3.t2__p22395_safety_0.smt2 : 600238 ms.
--------------------------------------------------
unknown
../QF_NIA_split/QF_NIA_2_33//20170427-VeryMax/ITS/From_T2__slayer-3.t2__p22397_safety_0.smt2 : 600524 ms.
--------------------------------------------------
../QF_NIA_split/QF_NIA_2_33//20170427-VeryMax/ITS/From_T2__slayer-3.t2__p22398_safety_0.smt2 : 601006 ms.
--------------------------------------------------
unsat
../QF_NIA_split/QF_NIA_2_33//20170427-VeryMax/ITS/From_T2__slayer-3.t2__p22399_safety_0.smt2 : 1881 ms.
--------------------------------------------------
unknown
../QF_NIA_split/QF_NIA_2_33//20170427-VeryMax/ITS/From_T2__slayer-3.t2__p22400_safety_0.smt2 : 600418 ms.
--------------------------------------------------
unknown
../QF_NIA_split/QF_NIA_2_33//20170427-VeryMax/ITS/From_T2__slayer-3.t2__p22401_safety_0.smt2 : 600637 ms.
--------------------------------------------------
sat
../QF_NIA_split/QF_NIA_2_33//20170427-VeryMax/ITS/From_T2__slayer-3.t2__p22404_edge_closing_0.smt2 : 1544 ms.
--------------------------------------------------
../QF_NIA_split/QF_NIA_2_33//20170427-VeryMax/ITS/From_T2__slayer-3.t2__p22405_edge_closing_0.smt2 : 601006 ms.
--------------------------------------------------
unknown
../QF_NIA_split/QF_NIA_2_33//20170427-VeryMax/ITS/From_T2__slayer-3.t2__p22406_edge_closing_0.smt2 : 601005 ms.
