--------------------------------------------------
sat
../QF_NIA_split/QF_NIA_2_25//20170427-VeryMax/ITS/From_T2__fast_poll.t2_fixed__term_unfeasibility_0_0.smt2 : 206 ms.
--------------------------------------------------
unsat
../QF_NIA_split/QF_NIA_2_25//20170427-VeryMax/ITS/From_T2__fast_poll.t2_fixed__term_unfeasibility_2_0.smt2 : 1227 ms.
--------------------------------------------------
sat
../QF_NIA_split/QF_NIA_2_25//20170427-VeryMax/ITS/From_T2__fast_poll.t2__term_unfeasibility_0_0.smt2 : 212 ms.
--------------------------------------------------
sat
../QF_NIA_split/QF_NIA_2_25//20170427-VeryMax/ITS/From_T2__fast_poll.t2__term_unfeasibility_1_0.smt2 : 238 ms.
--------------------------------------------------
unknown
../QF_NIA_split/QF_NIA_2_25//20170427-VeryMax/ITS/From_T2__fast_poll.t2__term_unfeasibility_2_0.smt2 : 600348 ms.
--------------------------------------------------
unknown
../QF_NIA_split/QF_NIA_2_25//20170427-VeryMax/ITS/From_T2__firewire.t2__p32277_terminationG_0.smt2 : 601005 ms.
--------------------------------------------------
../QF_NIA_split/QF_NIA_2_25//20170427-VeryMax/ITS/From_T2__firewire.t2__p32278_terminationG_0.smt2 : 601006 ms.
--------------------------------------------------
../QF_NIA_split/QF_NIA_2_25//20170427-VeryMax/ITS/From_T2__firewire.t2__p32279_terminationG_0.smt2 : 601007 ms.
--------------------------------------------------
unknown
../QF_NIA_split/QF_NIA_2_25//20170427-VeryMax/ITS/From_T2__firewire.t2__p32282_terminationG_0.smt2 : 600381 ms.
--------------------------------------------------
../QF_NIA_split/QF_NIA_2_25//20170427-VeryMax/ITS/From_T2__firewire.t2__p32283_terminationG_0.smt2 : 601006 ms.
--------------------------------------------------
../QF_NIA_split/QF_NIA_2_25//20170427-VeryMax/ITS/From_T2__firewire.t2__p32284_terminationG_0.smt2 : 601006 ms.
--------------------------------------------------
unknown
../QF_NIA_split/QF_NIA_2_25//20170427-VeryMax/ITS/From_T2__firewire.t2__p32287_terminationG_0.smt2 : 600308 ms.
--------------------------------------------------
../QF_NIA_split/QF_NIA_2_25//20170427-VeryMax/ITS/From_T2__firewire.t2__p32288_terminationG_0.smt2 : 601006 ms.
--------------------------------------------------
../QF_NIA_split/QF_NIA_2_25//20170427-VeryMax/ITS/From_T2__firewire.t2__p32289_terminationG_0.smt2 : 601006 ms.
--------------------------------------------------
unknown
../QF_NIA_split/QF_NIA_2_25//20170427-VeryMax/ITS/From_T2__firewire.t2__p32293_terminationG_0.smt2 : 600383 ms.
--------------------------------------------------
unknown
../QF_NIA_split/QF_NIA_2_25//20170427-VeryMax/ITS/From_T2__firewire.t2__p32294_terminationG_0.smt2 : 600372 ms.
--------------------------------------------------
../QF_NIA_split/QF_NIA_2_25//20170427-VeryMax/ITS/From_T2__firewire.t2__p32295_terminationG_0.smt2 : 601006 ms.
--------------------------------------------------
unknown
../QF_NIA_split/QF_NIA_2_25//20170427-VeryMax/ITS/From_T2__firewire.t2__p32297_edge_closing_0.smt2 : 601006 ms.
--------------------------------------------------
unknown
../QF_NIA_split/QF_NIA_2_25//20170427-VeryMax/ITS/From_T2__firewire.t2__p32298_edge_closing_0.smt2 : 600181 ms.
--------------------------------------------------
../QF_NIA_split/QF_NIA_2_25//20170427-VeryMax/ITS/From_T2__firewire.t2__p32299_edge_closing_0.smt2 : 601006 ms.
--------------------------------------------------
unknown
../QF_NIA_split/QF_NIA_2_25//20170427-VeryMax/ITS/From_T2__firewire.t2__p32301_edge_closing_0.smt2 : 600458 ms.
--------------------------------------------------
unknown
../QF_NIA_split/QF_NIA_2_25//20170427-VeryMax/ITS/From_T2__firewire.t2__p32302_edge_closing_0.smt2 : 600590 ms.
--------------------------------------------------
unknown
../QF_NIA_split/QF_NIA_2_25//20170427-VeryMax/ITS/From_T2__firewire.t2__p32303_edge_closing_0.smt2 : 600711 ms.
--------------------------------------------------
sat
../QF_NIA_split/QF_NIA_2_25//20170427-VeryMax/ITS/From_T2__firewire.t2__terminationQ_0_0.smt2 : 235 ms.
--------------------------------------------------
sat
../QF_NIA_split/QF_NIA_2_25//20170427-VeryMax/ITS/From_T2__firewire.t2__terminationQ_1_0.smt2 : 1458 ms.
--------------------------------------------------
unsat
../QF_NIA_split/QF_NIA_2_25//20170427-VeryMax/ITS/From_T2__firewire.t2__terminationS_0_0.smt2 : 2302 ms.
--------------------------------------------------
unsat
../QF_NIA_split/QF_NIA_2_25//20170427-VeryMax/ITS/From_T2__firewire.t2__terminationS_10_0.smt2 : 2156 ms.
--------------------------------------------------
unsat
../QF_NIA_split/QF_NIA_2_25//20170427-VeryMax/ITS/From_T2__firewire.t2__terminationS_1_0.smt2 : 879 ms.
--------------------------------------------------
unknown
../QF_NIA_split/QF_NIA_2_25//20170427-VeryMax/ITS/From_T2__firewire.t2__terminationS_11_0.smt2 : 601006 ms.
--------------------------------------------------
../QF_NIA_split/QF_NIA_2_25//20170427-VeryMax/ITS/From_T2__firewire.t2__terminationS_12_0.smt2 : 601006 ms.
--------------------------------------------------
unknown
../QF_NIA_split/QF_NIA_2_25//20170427-VeryMax/ITS/From_T2__firewire.t2__terminationS_13_0.smt2 : 601007 ms.
--------------------------------------------------
unsat
../QF_NIA_split/QF_NIA_2_25//20170427-VeryMax/ITS/From_T2__firewire.t2__terminationS_14_0.smt2 : 21572 ms.
--------------------------------------------------
unsat
../QF_NIA_split/QF_NIA_2_25//20170427-VeryMax/ITS/From_T2__firewire.t2__terminationS_15_0.smt2 : 10884 ms.
--------------------------------------------------
unsat
../QF_NIA_split/QF_NIA_2_25//20170427-VeryMax/ITS/From_T2__firewire.t2__terminationS_16_0.smt2 : 3785 ms.
--------------------------------------------------
unknown
../QF_NIA_split/QF_NIA_2_25//20170427-VeryMax/ITS/From_T2__firewire.t2__terminationS_17_0.smt2 : 600562 ms.
--------------------------------------------------
unsat
../QF_NIA_split/QF_NIA_2_25//20170427-VeryMax/ITS/From_T2__firewire.t2__terminationS_18_0.smt2 : 5113 ms.
--------------------------------------------------
unknown
../QF_NIA_split/QF_NIA_2_25//20170427-VeryMax/ITS/From_T2__firewire.t2__terminationS_19_0.smt2 : 600694 ms.
--------------------------------------------------
unknown
../QF_NIA_split/QF_NIA_2_25//20170427-VeryMax/ITS/From_T2__firewire.t2__terminationS_20_0.smt2 : 600162 ms.
--------------------------------------------------
unsat
../QF_NIA_split/QF_NIA_2_25//20170427-VeryMax/ITS/From_T2__firewire.t2__terminationS_2_0.smt2 : 2463 ms.
--------------------------------------------------
unsat
../QF_NIA_split/QF_NIA_2_25//20170427-VeryMax/ITS/From_T2__firewire.t2__terminationS_21_0.smt2 : 227 ms.
--------------------------------------------------
unsat
../QF_NIA_split/QF_NIA_2_25//20170427-VeryMax/ITS/From_T2__firewire.t2__terminationS_22_0.smt2 : 389 ms.
--------------------------------------------------
unknown
../QF_NIA_split/QF_NIA_2_25//20170427-VeryMax/ITS/From_T2__firewire.t2__terminationS_23_0.smt2 : 600894 ms.
--------------------------------------------------
unsat
../QF_NIA_split/QF_NIA_2_25//20170427-VeryMax/ITS/From_T2__firewire.t2__terminationS_24_0.smt2 : 370 ms.
--------------------------------------------------
unsat
../QF_NIA_split/QF_NIA_2_25//20170427-VeryMax/ITS/From_T2__firewire.t2__terminationS_25_0.smt2 : 1830 ms.
--------------------------------------------------
unsat
../QF_NIA_split/QF_NIA_2_25//20170427-VeryMax/ITS/From_T2__firewire.t2__terminationS_26_0.smt2 : 458 ms.
--------------------------------------------------
unsat
../QF_NIA_split/QF_NIA_2_25//20170427-VeryMax/ITS/From_T2__firewire.t2__terminationS_27_0.smt2 : 359 ms.
--------------------------------------------------
unsat
../QF_NIA_split/QF_NIA_2_25//20170427-VeryMax/ITS/From_T2__firewire.t2__terminationS_28_0.smt2 : 735 ms.
--------------------------------------------------
unsat
../QF_NIA_split/QF_NIA_2_25//20170427-VeryMax/ITS/From_T2__firewire.t2__terminationS_29_0.smt2 : 445 ms.
--------------------------------------------------
unsat
../QF_NIA_split/QF_NIA_2_25//20170427-VeryMax/ITS/From_T2__firewire.t2__terminationS_3_0.smt2 : 4617 ms.
--------------------------------------------------
unsat
../QF_NIA_split/QF_NIA_2_25//20170427-VeryMax/ITS/From_T2__firewire.t2__terminationS_4_0.smt2 : 4646 ms.
--------------------------------------------------
unsat
../QF_NIA_split/QF_NIA_2_25//20170427-VeryMax/ITS/From_T2__firewire.t2__terminationS_5_0.smt2 : 2250 ms.
--------------------------------------------------
unsat
../QF_NIA_split/QF_NIA_2_25//20170427-VeryMax/ITS/From_T2__firewire.t2__terminationS_6_0.smt2 : 3663 ms.
--------------------------------------------------
unknown
../QF_NIA_split/QF_NIA_2_25//20170427-VeryMax/ITS/From_T2__firewire.t2__terminationS_7_0.smt2 : 601007 ms.
--------------------------------------------------
unsat
../QF_NIA_split/QF_NIA_2_25//20170427-VeryMax/ITS/From_T2__firewire.t2__terminationS_8_0.smt2 : 1489 ms.
--------------------------------------------------
unsat
../QF_NIA_split/QF_NIA_2_25//20170427-VeryMax/ITS/From_T2__firewire.t2__terminationS_9_0.smt2 : 7428 ms.
--------------------------------------------------
unsat
../QF_NIA_split/QF_NIA_2_25//20170427-VeryMax/ITS/From_T2__firewire.t2__term_unfeasibility_1_0.smt2 : 891 ms.
--------------------------------------------------
unsat
../QF_NIA_split/QF_NIA_2_25//20170427-VeryMax/ITS/From_T2__flipflop.t2__p32330_terminationG_0.smt2 : 1257 ms.
--------------------------------------------------
sat
../QF_NIA_split/QF_NIA_2_25//20170427-VeryMax/ITS/From_T2__florian_new_ex.t2__p32352_terminationG_0.smt2 : 832 ms.
--------------------------------------------------
sat
../QF_NIA_split/QF_NIA_2_25//20170427-VeryMax/ITS/From_T2__florian_new_ex.t2__p32353_terminationG_0.smt2 : 4292 ms.
--------------------------------------------------
unknown
../QF_NIA_split/QF_NIA_2_25//20170427-VeryMax/ITS/From_T2__florian_sas2.t2__p32368_terminationG_0.smt2 : 600268 ms.
--------------------------------------------------
../QF_NIA_split/QF_NIA_2_25//20170427-VeryMax/ITS/From_T2__florian_sas2.t2__p32369_terminationG_0.smt2 : 601006 ms.
--------------------------------------------------
../QF_NIA_split/QF_NIA_2_25//20170427-VeryMax/ITS/From_T2__florian_sas2.t2__p32370_terminationG_0.smt2 : 601006 ms.
--------------------------------------------------
sat
../QF_NIA_split/QF_NIA_2_25//20170427-VeryMax/ITS/From_T2__florian_sas2.t2__p32373_terminationG_0.smt2 : 1622 ms.
--------------------------------------------------
unknown
../QF_NIA_split/QF_NIA_2_25//20170427-VeryMax/ITS/From_T2__florian_sas2.t2__p32374_terminationG_0.smt2 : 600224 ms.
--------------------------------------------------
unknown
../QF_NIA_split/QF_NIA_2_25//20170427-VeryMax/ITS/From_T2__florian_sas2.t2__p32375_terminationG_0.smt2 : 600236 ms.
--------------------------------------------------
../QF_NIA_split/QF_NIA_2_25//20170427-VeryMax/ITS/From_T2__florian_sas2.t2__p32378_terminationG_0.smt2 : 601006 ms.
--------------------------------------------------
unknown
../QF_NIA_split/QF_NIA_2_25//20170427-VeryMax/ITS/From_T2__florian_sas2.t2__p32379_terminationG_0.smt2 : 600197 ms.
--------------------------------------------------
unknown
../QF_NIA_split/QF_NIA_2_25//20170427-VeryMax/ITS/From_T2__florian_sas2.t2__p32380_terminationG_0.smt2 : 600307 ms.
--------------------------------------------------
../QF_NIA_split/QF_NIA_2_25//20170427-VeryMax/ITS/From_T2__florian_sas2.t2__p32383_terminationG_0.smt2 : 601005 ms.
--------------------------------------------------
unknown
../QF_NIA_split/QF_NIA_2_25//20170427-VeryMax/ITS/From_T2__florian_sas2.t2__p32384_terminationG_0.smt2 : 600257 ms.
--------------------------------------------------
../QF_NIA_split/QF_NIA_2_25//20170427-VeryMax/ITS/From_T2__florian_sas2.t2__p32385_terminationG_0.smt2 : 601005 ms.
--------------------------------------------------
../QF_NIA_split/QF_NIA_2_25//20170427-VeryMax/ITS/From_T2__florian_sas2.t2__p32388_terminationG_0.smt2 : 601009 ms.
--------------------------------------------------
unknown
../QF_NIA_split/QF_NIA_2_25//20170427-VeryMax/ITS/From_T2__florian_sas2.t2__p32389_terminationG_0.smt2 : 600233 ms.
--------------------------------------------------
../QF_NIA_split/QF_NIA_2_25//20170427-VeryMax/ITS/From_T2__florian_sas2.t2__p32390_terminationG_0.smt2 : 601006 ms.
--------------------------------------------------
sat
../QF_NIA_split/QF_NIA_2_25//20170427-VeryMax/ITS/From_T2__florian_sas2.t2__p32392_terminationG_0.smt2 : 3638 ms.
--------------------------------------------------
../QF_NIA_split/QF_NIA_2_25//20170427-VeryMax/ITS/From_T2__florian_sas2.t2__p32394_terminationG_0.smt2 : 601006 ms.
--------------------------------------------------
../QF_NIA_split/QF_NIA_2_25//20170427-VeryMax/ITS/From_T2__florian_sas2.t2__p32395_terminationG_0.smt2 : 601006 ms.
--------------------------------------------------
../QF_NIA_split/QF_NIA_2_25//20170427-VeryMax/ITS/From_T2__florian_sas2.t2__p32398_terminationG_0.smt2 : 601005 ms.
--------------------------------------------------
unknown
../QF_NIA_split/QF_NIA_2_25//20170427-VeryMax/ITS/From_T2__florian_sas2.t2__p32399_terminationG_0.smt2 : 600178 ms.
--------------------------------------------------
unknown
../QF_NIA_split/QF_NIA_2_25//20170427-VeryMax/ITS/From_T2__florian_sas2.t2__p32400_terminationG_0.smt2 : 600259 ms.
--------------------------------------------------
sat
../QF_NIA_split/QF_NIA_2_25//20170427-VeryMax/ITS/From_T2__florian_sas2.t2__p32403_terminationG_0.smt2 : 68388 ms.
--------------------------------------------------
unknown
../QF_NIA_split/QF_NIA_2_25//20170427-VeryMax/ITS/From_T2__florian_sas2.t2__p32404_terminationG_0.smt2 : 600184 ms.
--------------------------------------------------
../QF_NIA_split/QF_NIA_2_25//20170427-VeryMax/ITS/From_T2__florian_sas2.t2__p32405_terminationG_0.smt2 : 601007 ms.
--------------------------------------------------
sat
../QF_NIA_split/QF_NIA_2_25//20170427-VeryMax/ITS/From_T2__florian_sas2.t2__p32408_terminationG_0.smt2 : 18365 ms.
--------------------------------------------------
unknown
../QF_NIA_split/QF_NIA_2_25//20170427-VeryMax/ITS/From_T2__florian_sas2.t2__p32409_terminationG_0.smt2 : 600179 ms.
--------------------------------------------------
../QF_NIA_split/QF_NIA_2_25//20170427-VeryMax/ITS/From_T2__florian_sas2.t2__p32410_terminationG_0.smt2 : 601005 ms.
--------------------------------------------------
sat
../QF_NIA_split/QF_NIA_2_25//20170427-VeryMax/ITS/From_T2__florian_sas2.t2__terminationQ_2_0.smt2 : 461 ms.
--------------------------------------------------
sat
../QF_NIA_split/QF_NIA_2_25//20170427-VeryMax/ITS/From_T2__florian_sas2.t2__terminationQ_3_0.smt2 : 702 ms.
--------------------------------------------------
sat
../QF_NIA_split/QF_NIA_2_25//20170427-VeryMax/ITS/From_T2__florian_sas2.t2__terminationQ_4_0.smt2 : 683 ms.
--------------------------------------------------
sat
../QF_NIA_split/QF_NIA_2_25//20170427-VeryMax/ITS/From_T2__florian_sas2.t2__terminationQ_5_0.smt2 : 2043 ms.
--------------------------------------------------
sat
../QF_NIA_split/QF_NIA_2_25//20170427-VeryMax/ITS/From_T2__florian_sas2.t2__terminationQ_6_0.smt2 : 3243 ms.
--------------------------------------------------
unsat
../QF_NIA_split/QF_NIA_2_25//20170427-VeryMax/ITS/From_T2__florian_sas2.t2__terminationS_0_0.smt2 : 418 ms.
--------------------------------------------------
unsat
../QF_NIA_split/QF_NIA_2_25//20170427-VeryMax/ITS/From_T2__florian_sas2.t2__terminationS_2_0.smt2 : 202 ms.
--------------------------------------------------
unsat
../QF_NIA_split/QF_NIA_2_25//20170427-VeryMax/ITS/From_T2__florian_sas2.t2__terminationS_3_0.smt2 : 77 ms.
--------------------------------------------------
unknown
../QF_NIA_split/QF_NIA_2_25//20170427-VeryMax/ITS/From_T2__florian_sas2.t2__terminationS_4_0.smt2 : 600152 ms.
--------------------------------------------------
unsat
../QF_NIA_split/QF_NIA_2_25//20170427-VeryMax/ITS/From_T2__florian_sas2.t2__terminationS_5_0.smt2 : 2369 ms.
--------------------------------------------------
unsat
../QF_NIA_split/QF_NIA_2_25//20170427-VeryMax/ITS/From_T2__florian_sas2.t2__terminationS_6_0.smt2 : 1160 ms.
--------------------------------------------------
unsat
../QF_NIA_split/QF_NIA_2_25//20170427-VeryMax/ITS/From_T2__florian_sas2.t2__terminationS_7_0.smt2 : 95 ms.
--------------------------------------------------
sat
../QF_NIA_split/QF_NIA_2_25//20170427-VeryMax/ITS/From_T2__florian_sas2.t2__term_unfeasibility_0_0.smt2 : 880 ms.
--------------------------------------------------
sat
../QF_NIA_split/QF_NIA_2_25//20170427-VeryMax/ITS/From_T2__florian_sas2.t2__term_unfeasibility_1_0.smt2 : 303 ms.
--------------------------------------------------
../QF_NIA_split/QF_NIA_2_25//20170427-VeryMax/ITS/From_T2__florian_sas2.t2__term_unfeasibility_2_0.smt2 : 601009 ms.
--------------------------------------------------
sat
../QF_NIA_split/QF_NIA_2_25//20170427-VeryMax/ITS/From_T2__florian_sumit.t2__p32417_terminationG_0.smt2 : 565 ms.
--------------------------------------------------
sat
../QF_NIA_split/QF_NIA_2_25//20170427-VeryMax/ITS/From_T2__florian_sumit.t2__p32418_terminationG_0.smt2 : 2162 ms.
--------------------------------------------------
../QF_NIA_split/QF_NIA_2_25//20170427-VeryMax/ITS/From_T2__florian_sumit.t2__p32419_terminationG_0.smt2 : 601006 ms.
--------------------------------------------------
sat
../QF_NIA_split/QF_NIA_2_25//20170427-VeryMax/ITS/From_T2__florian_sumit.t2__p32423_terminationG_0.smt2 : 11420 ms.
--------------------------------------------------
sat
../QF_NIA_split/QF_NIA_2_25//20170427-VeryMax/ITS/From_T2__florian_sumit.t2__p32424_terminationG_0.smt2 : 11163 ms.
--------------------------------------------------
sat
../QF_NIA_split/QF_NIA_2_25//20170427-VeryMax/ITS/From_T2__florian_sumit.t2__p32428_terminationG_0.smt2 : 572 ms.
--------------------------------------------------
../QF_NIA_split/QF_NIA_2_25//20170427-VeryMax/ITS/From_T2__florian_sumit.t2__p32429_terminationG_0.smt2 : 601007 ms.
--------------------------------------------------
unsat
../QF_NIA_split/QF_NIA_2_25//20170427-VeryMax/ITS/From_T2__florian_sumit.t2__p32432_terminationG_0.smt2 : 15279 ms.
--------------------------------------------------
../QF_NIA_split/QF_NIA_2_25//20170427-VeryMax/ITS/From_T2__florian_sumit.t2__p32433_terminationG_0.smt2 : 601006 ms.
--------------------------------------------------
../QF_NIA_split/QF_NIA_2_25//20170427-VeryMax/ITS/From_T2__florian_sumit.t2__p32434_terminationG_0.smt2 : 601006 ms.
--------------------------------------------------
unsat
../QF_NIA_split/QF_NIA_2_25//20170427-VeryMax/ITS/From_T2__florian_sumit.t2__p32437_terminationG_0.smt2 : 2225 ms.
--------------------------------------------------
../QF_NIA_split/QF_NIA_2_25//20170427-VeryMax/ITS/From_T2__florian_sumit.t2__p32438_terminationG_0.smt2 : 601006 ms.
--------------------------------------------------
../QF_NIA_split/QF_NIA_2_25//20170427-VeryMax/ITS/From_T2__florian_sumit.t2__p32439_terminationG_0.smt2 : 601006 ms.
--------------------------------------------------
sat
../QF_NIA_split/QF_NIA_2_25//20170427-VeryMax/ITS/From_T2__florian_sumit.t2__p32441_edge_closing_0.smt2 : 385 ms.
--------------------------------------------------
sat
../QF_NIA_split/QF_NIA_2_25//20170427-VeryMax/ITS/From_T2__florian_sumit.t2__p32442_edge_closing_0.smt2 : 3493 ms.
--------------------------------------------------
sat
../QF_NIA_split/QF_NIA_2_25//20170427-VeryMax/ITS/From_T2__florian_sumit.t2__p32443_edge_closing_0.smt2 : 3489 ms.
--------------------------------------------------
../QF_NIA_split/QF_NIA_2_25//20170427-VeryMax/ITS/From_T2__florian_sumit.t2__p32446_edge_closing_0.smt2 : 601006 ms.
--------------------------------------------------
sat
../QF_NIA_split/QF_NIA_2_25//20170427-VeryMax/ITS/From_T2__florian_sumit.t2__p32447_edge_closing_0.smt2 : 23003 ms.
--------------------------------------------------
unsat
../QF_NIA_split/QF_NIA_2_25//20170427-VeryMax/ITS/From_T2__florian_sumit.t2__p32448_edge_closing_0.smt2 : 189 ms.
--------------------------------------------------
sat
../QF_NIA_split/QF_NIA_2_25//20170427-VeryMax/ITS/From_T2__florian_sumit.t2__p32449_edge_closing_0.smt2 : 854 ms.
--------------------------------------------------
../QF_NIA_split/QF_NIA_2_25//20170427-VeryMax/ITS/From_T2__florian_sumit.t2__p32450_edge_closing_0.smt2 : 601006 ms.
--------------------------------------------------
unsat
../QF_NIA_split/QF_NIA_2_25//20170427-VeryMax/ITS/From_T2__florian_sumit.t2__p32451_edge_closing_0.smt2 : 998 ms.
--------------------------------------------------
sat
../QF_NIA_split/QF_NIA_2_25//20170427-VeryMax/ITS/From_T2__florian_sumit.t2__p32452_edge_closing_0.smt2 : 23241 ms.
--------------------------------------------------
../QF_NIA_split/QF_NIA_2_25//20170427-VeryMax/ITS/From_T2__florian_sumit.t2__p32453_edge_closing_0.smt2 : 601006 ms.
--------------------------------------------------
unknown
../QF_NIA_split/QF_NIA_2_25//20170427-VeryMax/ITS/From_T2__florian_sumit.t2__terminationQ_0_0.smt2 : 600221 ms.
--------------------------------------------------
unsat
../QF_NIA_split/QF_NIA_2_25//20170427-VeryMax/ITS/From_T2__florian_sumit.t2__terminationS_1_0.smt2 : 1903 ms.
--------------------------------------------------
unsat
../QF_NIA_split/QF_NIA_2_25//20170427-VeryMax/ITS/From_T2__florian_sumit.t2__terminationS_3_0.smt2 : 1466 ms.
--------------------------------------------------
unknown
../QF_NIA_split/QF_NIA_2_25//20170427-VeryMax/ITS/From_T2__foo.t2__p32572_terminationG_0.smt2 : 600870 ms.
--------------------------------------------------
unknown
../QF_NIA_split/QF_NIA_2_25//20170427-VeryMax/ITS/From_T2__foo.t2__p32573_terminationG_0.smt2 : 601006 ms.
--------------------------------------------------
../QF_NIA_split/QF_NIA_2_25//20170427-VeryMax/ITS/From_T2__foo.t2__p32574_terminationG_0.smt2 : 601006 ms.
--------------------------------------------------
unsat
../QF_NIA_split/QF_NIA_2_25//20170427-VeryMax/ITS/From_T2__foo.t2__terminationS_0_0.smt2 : 512 ms.
--------------------------------------------------
unsat
../QF_NIA_split/QF_NIA_2_25//20170427-VeryMax/ITS/From_T2__foo.t2__terminationS_10_0.smt2 : 464 ms.
--------------------------------------------------
unsat
../QF_NIA_split/QF_NIA_2_25//20170427-VeryMax/ITS/From_T2__foo.t2__terminationS_1_0.smt2 : 507 ms.
--------------------------------------------------
unsat
../QF_NIA_split/QF_NIA_2_25//20170427-VeryMax/ITS/From_T2__foo.t2__terminationS_11_0.smt2 : 898 ms.
--------------------------------------------------
unsat
../QF_NIA_split/QF_NIA_2_25//20170427-VeryMax/ITS/From_T2__foo.t2__terminationS_12_0.smt2 : 470 ms.
--------------------------------------------------
unknown
../QF_NIA_split/QF_NIA_2_25//20170427-VeryMax/ITS/From_T2__foo.t2__terminationS_13_0.smt2 : 600537 ms.
--------------------------------------------------
unknown
../QF_NIA_split/QF_NIA_2_25//20170427-VeryMax/ITS/From_T2__foo.t2__terminationS_14_0.smt2 : 600478 ms.
--------------------------------------------------
unsat
../QF_NIA_split/QF_NIA_2_25//20170427-VeryMax/ITS/From_T2__foo.t2__terminationS_15_0.smt2 : 567663 ms.
--------------------------------------------------
unknown
../QF_NIA_split/QF_NIA_2_25//20170427-VeryMax/ITS/From_T2__foo.t2__terminationS_16_0.smt2 : 600559 ms.
--------------------------------------------------
unknown
../QF_NIA_split/QF_NIA_2_25//20170427-VeryMax/ITS/From_T2__foo.t2__terminationS_17_0.smt2 : 600555 ms.
--------------------------------------------------
unknown
../QF_NIA_split/QF_NIA_2_25//20170427-VeryMax/ITS/From_T2__foo.t2__terminationS_18_0.smt2 : 600479 ms.
--------------------------------------------------
unknown
../QF_NIA_split/QF_NIA_2_25//20170427-VeryMax/ITS/From_T2__foo.t2__terminationS_19_0.smt2 : 600564 ms.
--------------------------------------------------
unknown
../QF_NIA_split/QF_NIA_2_25//20170427-VeryMax/ITS/From_T2__foo.t2__terminationS_20_0.smt2 : 600576 ms.
--------------------------------------------------
unknown
../QF_NIA_split/QF_NIA_2_25//20170427-VeryMax/ITS/From_T2__foo.t2__terminationS_2_0.smt2 : 600582 ms.
--------------------------------------------------
unknown
../QF_NIA_split/QF_NIA_2_25//20170427-VeryMax/ITS/From_T2__foo.t2__terminationS_21_0.smt2 : 601005 ms.
--------------------------------------------------
unsat
../QF_NIA_split/QF_NIA_2_25//20170427-VeryMax/ITS/From_T2__foo.t2__terminationS_22_0.smt2 : 543422 ms.
--------------------------------------------------
unknown
../QF_NIA_split/QF_NIA_2_25//20170427-VeryMax/ITS/From_T2__foo.t2__terminationS_23_0.smt2 : 600611 ms.
--------------------------------------------------
unknown
../QF_NIA_split/QF_NIA_2_25//20170427-VeryMax/ITS/From_T2__foo.t2__terminationS_24_0.smt2 : 600492 ms.
--------------------------------------------------
unknown
../QF_NIA_split/QF_NIA_2_25//20170427-VeryMax/ITS/From_T2__foo.t2__terminationS_25_0.smt2 : 600523 ms.
--------------------------------------------------
unknown
../QF_NIA_split/QF_NIA_2_25//20170427-VeryMax/ITS/From_T2__foo.t2__terminationS_26_0.smt2 : 600894 ms.
--------------------------------------------------
unknown
../QF_NIA_split/QF_NIA_2_25//20170427-VeryMax/ITS/From_T2__foo.t2__terminationS_27_0.smt2 : 600536 ms.
--------------------------------------------------
unsat
../QF_NIA_split/QF_NIA_2_25//20170427-VeryMax/ITS/From_T2__foo.t2__terminationS_28_0.smt2 : 133229 ms.
--------------------------------------------------
unsat
../QF_NIA_split/QF_NIA_2_25//20170427-VeryMax/ITS/From_T2__foo.t2__terminationS_29_0.smt2 : 130495 ms.
--------------------------------------------------
unsat
../QF_NIA_split/QF_NIA_2_25//20170427-VeryMax/ITS/From_T2__foo.t2__terminationS_30_0.smt2 : 144920 ms.
--------------------------------------------------
unknown
../QF_NIA_split/QF_NIA_2_25//20170427-VeryMax/ITS/From_T2__foo.t2__terminationS_3_0.smt2 : 600483 ms.
--------------------------------------------------
unknown
../QF_NIA_split/QF_NIA_2_25//20170427-VeryMax/ITS/From_T2__foo.t2__terminationS_31_0.smt2 : 600477 ms.
--------------------------------------------------
unsat
../QF_NIA_split/QF_NIA_2_25//20170427-VeryMax/ITS/From_T2__foo.t2__terminationS_32_0.smt2 : 577513 ms.
--------------------------------------------------
unknown
../QF_NIA_split/QF_NIA_2_25//20170427-VeryMax/ITS/From_T2__foo.t2__terminationS_4_0.smt2 : 600757 ms.
--------------------------------------------------
unknown
../QF_NIA_split/QF_NIA_2_25//20170427-VeryMax/ITS/From_T2__foo.t2__terminationS_5_0.smt2 : 600586 ms.
--------------------------------------------------
unknown
../QF_NIA_split/QF_NIA_2_25//20170427-VeryMax/ITS/From_T2__foo.t2__terminationS_6_0.smt2 : 600675 ms.
--------------------------------------------------
unknown
../QF_NIA_split/QF_NIA_2_25//20170427-VeryMax/ITS/From_T2__foo.t2__terminationS_7_0.smt2 : 600513 ms.
--------------------------------------------------
unsat
../QF_NIA_split/QF_NIA_2_25//20170427-VeryMax/ITS/From_T2__foo.t2__terminationS_8_0.smt2 : 111831 ms.
--------------------------------------------------
unknown
../QF_NIA_split/QF_NIA_2_25//20170427-VeryMax/ITS/From_T2__foo.t2__terminationS_9_0.smt2 : 600422 ms.
--------------------------------------------------
unknown
../QF_NIA_split/QF_NIA_2_25//20170427-VeryMax/ITS/From_T2__foo.t2__term_unfeasibility_0_0.smt2 : 601006 ms.
--------------------------------------------------
sat
../QF_NIA_split/QF_NIA_2_25//20170427-VeryMax/ITS/From_T2__fourn.c.i.fourn.pl.t2.fixed.t2__p32585_terminationG_0.smt2 : 91159 ms.
--------------------------------------------------
../QF_NIA_split/QF_NIA_2_25//20170427-VeryMax/ITS/From_T2__fourn.c.i.fourn.pl.t2.fixed.t2__p32586_terminationG_0.smt2 : 601006 ms.
--------------------------------------------------
../QF_NIA_split/QF_NIA_2_25//20170427-VeryMax/ITS/From_T2__fourn.c.i.fourn.pl.t2.fixed.t2__p32587_terminationG_0.smt2 : 601006 ms.
--------------------------------------------------
../QF_NIA_split/QF_NIA_2_25//20170427-VeryMax/ITS/From_T2__fourn.c.i.fourn.pl.t2.fixed.t2__p32590_terminationG_0.smt2 : 601005 ms.
--------------------------------------------------
../QF_NIA_split/QF_NIA_2_25//20170427-VeryMax/ITS/From_T2__fourn.c.i.fourn.pl.t2.fixed.t2__p32591_terminationG_0.smt2 : 601006 ms.
--------------------------------------------------
../QF_NIA_split/QF_NIA_2_25//20170427-VeryMax/ITS/From_T2__fourn.c.i.fourn.pl.t2.fixed.t2__p32592_terminationG_0.smt2 : 601006 ms.
--------------------------------------------------
sat
../QF_NIA_split/QF_NIA_2_25//20170427-VeryMax/ITS/From_T2__fourn.c.i.fourn.pl.t2.fixed.t2__p32595_terminationG_0.smt2 : 44569 ms.
--------------------------------------------------
../QF_NIA_split/QF_NIA_2_25//20170427-VeryMax/ITS/From_T2__fourn.c.i.fourn.pl.t2.fixed.t2__p32596_terminationG_0.smt2 : 601005 ms.
--------------------------------------------------
../QF_NIA_split/QF_NIA_2_25//20170427-VeryMax/ITS/From_T2__fourn.c.i.fourn.pl.t2.fixed.t2__p32597_terminationG_0.smt2 : 601006 ms.
--------------------------------------------------
sat
../QF_NIA_split/QF_NIA_2_25//20170427-VeryMax/ITS/From_T2__fourn.c.i.fourn.pl.t2.fixed.t2__p32600_terminationG_0.smt2 : 127756 ms.
--------------------------------------------------
../QF_NIA_split/QF_NIA_2_25//20170427-VeryMax/ITS/From_T2__fourn.c.i.fourn.pl.t2.fixed.t2__p32601_terminationG_0.smt2 : 601006 ms.
--------------------------------------------------
../QF_NIA_split/QF_NIA_2_25//20170427-VeryMax/ITS/From_T2__fourn.c.i.fourn.pl.t2.fixed.t2__p32602_terminationG_0.smt2 : 601006 ms.
--------------------------------------------------
unsat
../QF_NIA_split/QF_NIA_2_25//20170427-VeryMax/ITS/From_T2__fourn.c.i.fourn.pl.t2.fixed.t2__p32605_terminationG_0.smt2 : 121254 ms.
--------------------------------------------------
unknown
../QF_NIA_split/QF_NIA_2_25//20170427-VeryMax/ITS/From_T2__fourn.c.i.fourn.pl.t2.fixed.t2__p32606_terminationG_0.smt2 : 600254 ms.
--------------------------------------------------
../QF_NIA_split/QF_NIA_2_25//20170427-VeryMax/ITS/From_T2__fourn.c.i.fourn.pl.t2.fixed.t2__p32607_terminationG_0.smt2 : 601005 ms.
--------------------------------------------------
unsat
../QF_NIA_split/QF_NIA_2_25//20170427-VeryMax/ITS/From_T2__fourn.c.i.fourn.pl.t2.fixed.t2__p32613_safety_0.smt2 : 37 ms.
--------------------------------------------------
sat
../QF_NIA_split/QF_NIA_2_25//20170427-VeryMax/ITS/From_T2__fourn.c.i.fourn.pl.t2.fixed.t2__p32614_safety_0.smt2 : 182 ms.
--------------------------------------------------
sat
../QF_NIA_split/QF_NIA_2_25//20170427-VeryMax/ITS/From_T2__fourn.c.i.fourn.pl.t2.fixed.t2__p32615_safety_0.smt2 : 2762 ms.
--------------------------------------------------
unsat
../QF_NIA_split/QF_NIA_2_25//20170427-VeryMax/ITS/From_T2__fourn.c.i.fourn.pl.t2.fixed.t2__p32619_safety_0.smt2 : 35 ms.
--------------------------------------------------
unknown
../QF_NIA_split/QF_NIA_2_25//20170427-VeryMax/ITS/From_T2__fourn.c.i.fourn.pl.t2.fixed.t2__p32620_safety_0.smt2 : 601006 ms.
--------------------------------------------------
../QF_NIA_split/QF_NIA_2_25//20170427-VeryMax/ITS/From_T2__fourn.c.i.fourn.pl.t2.fixed.t2__p32621_safety_0.smt2 : 601006 ms.
--------------------------------------------------
sat
../QF_NIA_split/QF_NIA_2_25//20170427-VeryMax/ITS/From_T2__fourn.c.i.fourn.pl.t2.fixed.t2__p32623_edge_closing_0.smt2 : 173375 ms.
--------------------------------------------------
../QF_NIA_split/QF_NIA_2_25//20170427-VeryMax/ITS/From_T2__fourn.c.i.fourn.pl.t2.fixed.t2__p32624_edge_closing_0.smt2 : 601006 ms.
--------------------------------------------------
unknown
../QF_NIA_split/QF_NIA_2_25//20170427-VeryMax/ITS/From_T2__fourn.c.i.fourn.pl.t2.fixed.t2__p32626_edge_closing_0.smt2 : 600328 ms.
--------------------------------------------------
../QF_NIA_split/QF_NIA_2_25//20170427-VeryMax/ITS/From_T2__fourn.c.i.fourn.pl.t2.fixed.t2__p32628_edge_closing_0.smt2 : 601006 ms.
--------------------------------------------------
../QF_NIA_split/QF_NIA_2_25//20170427-VeryMax/ITS/From_T2__fourn.c.i.fourn.pl.t2.fixed.t2__p32629_edge_closing_0.smt2 : 601005 ms.
--------------------------------------------------
../QF_NIA_split/QF_NIA_2_25//20170427-VeryMax/ITS/From_T2__fourn.c.i.fourn.pl.t2.fixed.t2__p32636_edge_closing_0.smt2 : 601005 ms.
--------------------------------------------------
../QF_NIA_split/QF_NIA_2_25//20170427-VeryMax/ITS/From_T2__fourn.c.i.fourn.pl.t2.fixed.t2__p32637_edge_closing_0.smt2 : 601006 ms.
--------------------------------------------------
../QF_NIA_split/QF_NIA_2_25//20170427-VeryMax/ITS/From_T2__fourn.c.i.fourn.pl.t2.fixed.t2__p32638_edge_closing_0.smt2 : 601005 ms.
--------------------------------------------------
../QF_NIA_split/QF_NIA_2_25//20170427-VeryMax/ITS/From_T2__fourn.c.i.fourn.pl.t2.fixed.t2__p32639_edge_closing_0.smt2 : 601006 ms.
--------------------------------------------------
../QF_NIA_split/QF_NIA_2_25//20170427-VeryMax/ITS/From_T2__fourn.c.i.fourn.pl.t2.fixed.t2__p32640_edge_closing_0.smt2 : 601005 ms.
--------------------------------------------------
unsat
../QF_NIA_split/QF_NIA_2_25//20170427-VeryMax/ITS/From_T2__fourn.c.i.fourn.pl.t2.fixed.t2__terminationQ_0_0.smt2 : 466 ms.
--------------------------------------------------
unknown
../QF_NIA_split/QF_NIA_2_25//20170427-VeryMax/ITS/From_T2__fourn.c.i.fourn.pl.t2.fixed.t2__term_unfeasibility_1_0.smt2 : 600545 ms.
--------------------------------------------------
../QF_NIA_split/QF_NIA_2_25//20170427-VeryMax/ITS/From_T2__fourn.c.i.fourn.pl.t2.nor.t2.rlgfixed.t2__p32647_terminationG_0.smt2 : 601006 ms.
--------------------------------------------------
../QF_NIA_split/QF_NIA_2_25//20170427-VeryMax/ITS/From_T2__fourn.c.i.fourn.pl.t2.nor.t2.rlgfixed.t2__p32648_terminationG_0.smt2 : 601006 ms.
--------------------------------------------------
../QF_NIA_split/QF_NIA_2_25//20170427-VeryMax/ITS/From_T2__fourn.c.i.fourn.pl.t2.nor.t2.rlgfixed.t2__p32649_terminationG_0.smt2 : 601006 ms.
--------------------------------------------------
unknown
../QF_NIA_split/QF_NIA_2_25//20170427-VeryMax/ITS/From_T2__fourn.c.i.fourn.pl.t2.nor.t2.rlgfixed.t2__p32652_terminationG_0.smt2 : 601006 ms.
--------------------------------------------------
../QF_NIA_split/QF_NIA_2_25//20170427-VeryMax/ITS/From_T2__fourn.c.i.fourn.pl.t2.nor.t2.rlgfixed.t2__p32653_terminationG_0.smt2 : 601006 ms.
--------------------------------------------------
../QF_NIA_split/QF_NIA_2_25//20170427-VeryMax/ITS/From_T2__fourn.c.i.fourn.pl.t2.nor.t2.rlgfixed.t2__p32654_terminationG_0.smt2 : 601006 ms.
--------------------------------------------------
sat
../QF_NIA_split/QF_NIA_2_25//20170427-VeryMax/ITS/From_T2__fourn.c.i.fourn.pl.t2.nor.t2.rlgfixed.t2__p32659_terminationG_0.smt2 : 129465 ms.
--------------------------------------------------
../QF_NIA_split/QF_NIA_2_25//20170427-VeryMax/ITS/From_T2__fourn.c.i.fourn.pl.t2.nor.t2.rlgfixed.t2__p32660_terminationG_0.smt2 : 601006 ms.
--------------------------------------------------
../QF_NIA_split/QF_NIA_2_25//20170427-VeryMax/ITS/From_T2__fourn.c.i.fourn.pl.t2.nor.t2.rlgfixed.t2__p32661_terminationG_0.smt2 : 601006 ms.
--------------------------------------------------
../QF_NIA_split/QF_NIA_2_25//20170427-VeryMax/ITS/From_T2__fourn.c.i.fourn.pl.t2.nor.t2.rlgfixed.t2__p32664_terminationG_0.smt2 : 601006 ms.
--------------------------------------------------
../QF_NIA_split/QF_NIA_2_25//20170427-VeryMax/ITS/From_T2__fourn.c.i.fourn.pl.t2.nor.t2.rlgfixed.t2__p32665_terminationG_0.smt2 : 601006 ms.
--------------------------------------------------
../QF_NIA_split/QF_NIA_2_25//20170427-VeryMax/ITS/From_T2__fourn.c.i.fourn.pl.t2.nor.t2.rlgfixed.t2__p32666_terminationG_0.smt2 : 601006 ms.
--------------------------------------------------
../QF_NIA_split/QF_NIA_2_25//20170427-VeryMax/ITS/From_T2__fourn.c.i.fourn.pl.t2.nor.t2.rlgfixed.t2__p32669_terminationG_0.smt2 : 601005 ms.
--------------------------------------------------
../QF_NIA_split/QF_NIA_2_25//20170427-VeryMax/ITS/From_T2__fourn.c.i.fourn.pl.t2.nor.t2.rlgfixed.t2__p32670_terminationG_0.smt2 : 601005 ms.
--------------------------------------------------
../QF_NIA_split/QF_NIA_2_25//20170427-VeryMax/ITS/From_T2__fourn.c.i.fourn.pl.t2.nor.t2.rlgfixed.t2__p32671_terminationG_0.smt2 : 601005 ms.
--------------------------------------------------
unsat
../QF_NIA_split/QF_NIA_2_25//20170427-VeryMax/ITS/From_T2__fourn.c.i.fourn.pl.t2.nor.t2.rlgfixed.t2__p32677_safety_0.smt2 : 36 ms.
--------------------------------------------------
unsat
../QF_NIA_split/QF_NIA_2_25//20170427-VeryMax/ITS/From_T2__fourn.c.i.fourn.pl.t2.nor.t2.rlgfixed.t2__p32683_safety_0.smt2 : 33 ms.
--------------------------------------------------
unknown
../QF_NIA_split/QF_NIA_2_25//20170427-VeryMax/ITS/From_T2__fourn.c.i.fourn.pl.t2.nor.t2.rlgfixed.t2__p32684_safety_0.smt2 : 600669 ms.
--------------------------------------------------
../QF_NIA_split/QF_NIA_2_25//20170427-VeryMax/ITS/From_T2__fourn.c.i.fourn.pl.t2.nor.t2.rlgfixed.t2__p32685_safety_0.smt2 : 601006 ms.
--------------------------------------------------
sat
../QF_NIA_split/QF_NIA_2_25//20170427-VeryMax/ITS/From_T2__fourn.c.i.fourn.pl.t2.nor.t2.rlgfixed.t2__p32687_edge_closing_0.smt2 : 1759 ms.
--------------------------------------------------
../QF_NIA_split/QF_NIA_2_25//20170427-VeryMax/ITS/From_T2__fourn.c.i.fourn.pl.t2.nor.t2.rlgfixed.t2__p32689_edge_closing_0.smt2 : 601007 ms.
--------------------------------------------------
unknown
../QF_NIA_split/QF_NIA_2_25//20170427-VeryMax/ITS/From_T2__fourn.c.i.fourn.pl.t2.nor.t2.rlgfixed.t2__p32691_edge_closing_0.smt2 : 600199 ms.
--------------------------------------------------
sat
../QF_NIA_split/QF_NIA_2_25//20170427-VeryMax/ITS/From_T2__fourn.c.i.fourn.pl.t2.nor.t2.rlgfixed.t2__p32697_edge_closing_0.smt2 : 1020 ms.
--------------------------------------------------
../QF_NIA_split/QF_NIA_2_25//20170427-VeryMax/ITS/From_T2__fourn.c.i.fourn.pl.t2.nor.t2.rlgfixed.t2__p32698_edge_closing_0.smt2 : 601005 ms.
--------------------------------------------------
unknown
../QF_NIA_split/QF_NIA_2_25//20170427-VeryMax/ITS/From_T2__fourn.c.i.fourn.pl.t2.nor.t2.rlgfixed.t2__p32699_edge_closing_0.smt2 : 600225 ms.
--------------------------------------------------
sat
../QF_NIA_split/QF_NIA_2_25//20170427-VeryMax/ITS/From_T2__fourn.c.i.fourn.pl.t2.nor.t2.rlgfixed.t2__terminationQ_0_0.smt2 : 552 ms.
--------------------------------------------------
unsat
../QF_NIA_split/QF_NIA_2_25//20170427-VeryMax/ITS/From_T2__fourn.c.i.fourn.pl.t2.nor.t2.rlgfixed.t2__terminationQ_1_0.smt2 : 295 ms.
--------------------------------------------------
unknown
../QF_NIA_split/QF_NIA_2_25//20170427-VeryMax/ITS/From_T2__fourn.c.i.fourn.pl.t2.nor.t2.rlgfixed.t2__term_unfeasibility_1_0.smt2 : 601006 ms.
--------------------------------------------------
../QF_NIA_split/QF_NIA_2_25//20170427-VeryMax/ITS/From_T2__fourn.t2__p32706_terminationG_0.smt2 : 601006 ms.
--------------------------------------------------
../QF_NIA_split/QF_NIA_2_25//20170427-VeryMax/ITS/From_T2__fourn.t2__p32707_terminationG_0.smt2 : 601006 ms.
--------------------------------------------------
../QF_NIA_split/QF_NIA_2_25//20170427-VeryMax/ITS/From_T2__fourn.t2__p32708_terminationG_0.smt2 : 601006 ms.
--------------------------------------------------
../QF_NIA_split/QF_NIA_2_25//20170427-VeryMax/ITS/From_T2__fourn.t2__p32711_terminationG_0.smt2 : 601006 ms.
--------------------------------------------------
../QF_NIA_split/QF_NIA_2_25//20170427-VeryMax/ITS/From_T2__fourn.t2__p32712_terminationG_0.smt2 : 601007 ms.
--------------------------------------------------
../QF_NIA_split/QF_NIA_2_25//20170427-VeryMax/ITS/From_T2__fourn.t2__p32713_terminationG_0.smt2 : 601006 ms.
--------------------------------------------------
sat
../QF_NIA_split/QF_NIA_2_25//20170427-VeryMax/ITS/From_T2__fourn.t2__p32731_safety_0.smt2 : 1257 ms.
--------------------------------------------------
unknown
../QF_NIA_split/QF_NIA_2_25//20170427-VeryMax/ITS/From_T2__fourn.t2__p32734_edge_closing_0.smt2 : 600191 ms.
--------------------------------------------------
sat
../QF_NIA_split/QF_NIA_2_25//20170427-VeryMax/ITS/From_T2__fourn.t2__p32735_edge_closing_0.smt2 : 1058 ms.
--------------------------------------------------
../QF_NIA_split/QF_NIA_2_25//20170427-VeryMax/ITS/From_T2__fourn.t2__p32736_edge_closing_0.smt2 : 601005 ms.
--------------------------------------------------
../QF_NIA_split/QF_NIA_2_25//20170427-VeryMax/ITS/From_T2__fourn.t2__p32737_edge_closing_0.smt2 : 601007 ms.
--------------------------------------------------
../QF_NIA_split/QF_NIA_2_25//20170427-VeryMax/ITS/From_T2__fourn.t2__p32738_edge_closing_0.smt2 : 601012 ms.
--------------------------------------------------
../QF_NIA_split/QF_NIA_2_25//20170427-VeryMax/ITS/From_T2__fourn.t2__p32739_edge_closing_0.smt2 : 601006 ms.
--------------------------------------------------
../QF_NIA_split/QF_NIA_2_25//20170427-VeryMax/ITS/From_T2__fourn.t2__term_unfeasibility_1_0.smt2 : 601007 ms.
--------------------------------------------------
sat
../QF_NIA_split/QF_NIA_2_25//20170427-VeryMax/ITS/From_T2__fun1b.t2_fixed__p494_terminationG_0.smt2 : 26003 ms.
--------------------------------------------------
sat
../QF_NIA_split/QF_NIA_2_25//20170427-VeryMax/ITS/From_T2__fun1b.t2_fixed__p495_terminationG_0.smt2 : 3087 ms.
--------------------------------------------------
../QF_NIA_split/QF_NIA_2_25//20170427-VeryMax/ITS/From_T2__fun1b.t2_fixed__p496_terminationG_0.smt2 : 601006 ms.
--------------------------------------------------
sat
../QF_NIA_split/QF_NIA_2_25//20170427-VeryMax/ITS/From_T2__fun1b.t2_fixed__p502_terminationG_0.smt2 : 9575 ms.
--------------------------------------------------
../QF_NIA_split/QF_NIA_2_25//20170427-VeryMax/ITS/From_T2__fun1b.t2_fixed__p503_terminationG_0.smt2 : 601006 ms.
--------------------------------------------------
../QF_NIA_split/QF_NIA_2_25//20170427-VeryMax/ITS/From_T2__fun1b.t2_fixed__p504_terminationG_0.smt2 : 601006 ms.
--------------------------------------------------
sat
../QF_NIA_split/QF_NIA_2_25//20170427-VeryMax/ITS/From_T2__fun1b.t2_fixed__p510_terminationG_0.smt2 : 56800 ms.
--------------------------------------------------
../QF_NIA_split/QF_NIA_2_25//20170427-VeryMax/ITS/From_T2__fun1b.t2_fixed__p511_terminationG_0.smt2 : 601006 ms.
--------------------------------------------------
../QF_NIA_split/QF_NIA_2_25//20170427-VeryMax/ITS/From_T2__fun1b.t2_fixed__p512_terminationG_0.smt2 : 601006 ms.
--------------------------------------------------
unknown
../QF_NIA_split/QF_NIA_2_25//20170427-VeryMax/ITS/From_T2__fun1b.t2_fixed__p518_terminationG_0.smt2 : 600859 ms.
--------------------------------------------------
unknown
../QF_NIA_split/QF_NIA_2_25//20170427-VeryMax/ITS/From_T2__fun1b.t2_fixed__p519_terminationG_0.smt2 : 601006 ms.
--------------------------------------------------
../QF_NIA_split/QF_NIA_2_25//20170427-VeryMax/ITS/From_T2__fun1b.t2_fixed__p520_terminationG_0.smt2 : 601007 ms.
--------------------------------------------------
unknown
../QF_NIA_split/QF_NIA_2_25//20170427-VeryMax/ITS/From_T2__fun1b.t2_fixed__p526_terminationG_0.smt2 : 600520 ms.
--------------------------------------------------
../QF_NIA_split/QF_NIA_2_25//20170427-VeryMax/ITS/From_T2__fun1b.t2_fixed__p527_terminationG_0.smt2 : 601007 ms.
--------------------------------------------------
../QF_NIA_split/QF_NIA_2_25//20170427-VeryMax/ITS/From_T2__fun1b.t2_fixed__p528_terminationG_0.smt2 : 601005 ms.
--------------------------------------------------
unknown
../QF_NIA_split/QF_NIA_2_25//20170427-VeryMax/ITS/From_T2__fun1b.t2_fixed__p534_terminationG_0.smt2 : 600513 ms.
--------------------------------------------------
../QF_NIA_split/QF_NIA_2_25//20170427-VeryMax/ITS/From_T2__fun1b.t2_fixed__p535_terminationG_0.smt2 : 601006 ms.
--------------------------------------------------
../QF_NIA_split/QF_NIA_2_25//20170427-VeryMax/ITS/From_T2__fun1b.t2_fixed__p536_terminationG_0.smt2 : 601007 ms.
--------------------------------------------------
unknown
../QF_NIA_split/QF_NIA_2_25//20170427-VeryMax/ITS/From_T2__fun1b.t2_fixed__p542_terminationG_0.smt2 : 600557 ms.
--------------------------------------------------
unknown
../QF_NIA_split/QF_NIA_2_25//20170427-VeryMax/ITS/From_T2__fun1b.t2_fixed__p543_terminationG_0.smt2 : 600447 ms.
--------------------------------------------------
../QF_NIA_split/QF_NIA_2_25//20170427-VeryMax/ITS/From_T2__fun1b.t2_fixed__p544_terminationG_0.smt2 : 601006 ms.
--------------------------------------------------
unknown
../QF_NIA_split/QF_NIA_2_25//20170427-VeryMax/ITS/From_T2__fun1b.t2_fixed__p550_terminationG_0.smt2 : 600922 ms.
--------------------------------------------------
../QF_NIA_split/QF_NIA_2_25//20170427-VeryMax/ITS/From_T2__fun1b.t2_fixed__p551_terminationG_0.smt2 : 601007 ms.
--------------------------------------------------
../QF_NIA_split/QF_NIA_2_25//20170427-VeryMax/ITS/From_T2__fun1b.t2_fixed__p553_terminationG_0.smt2 : 601007 ms.
--------------------------------------------------
unknown
../QF_NIA_split/QF_NIA_2_25//20170427-VeryMax/ITS/From_T2__fun1b.t2_fixed__p561_terminationG_0.smt2 : 600321 ms.
--------------------------------------------------
../QF_NIA_split/QF_NIA_2_25//20170427-VeryMax/ITS/From_T2__fun1b.t2_fixed__p562_terminationG_0.smt2 : 601007 ms.
--------------------------------------------------
sat
../QF_NIA_split/QF_NIA_2_25//20170427-VeryMax/ITS/From_T2__fun1b.t2_fixed__p563_terminationG_0.smt2 : 6565 ms.
--------------------------------------------------
unknown
../QF_NIA_split/QF_NIA_2_25//20170427-VeryMax/ITS/From_T2__fun1b.t2_fixed__p569_terminationG_0.smt2 : 600622 ms.
--------------------------------------------------
../QF_NIA_split/QF_NIA_2_25//20170427-VeryMax/ITS/From_T2__fun1b.t2_fixed__p570_terminationG_0.smt2 : 601006 ms.
--------------------------------------------------
../QF_NIA_split/QF_NIA_2_25//20170427-VeryMax/ITS/From_T2__fun1b.t2_fixed__p571_terminationG_0.smt2 : 601008 ms.
--------------------------------------------------
unknown
../QF_NIA_split/QF_NIA_2_25//20170427-VeryMax/ITS/From_T2__fun1b.t2_fixed__p577_terminationG_0.smt2 : 601007 ms.
--------------------------------------------------
../QF_NIA_split/QF_NIA_2_25//20170427-VeryMax/ITS/From_T2__fun1b.t2_fixed__p578_terminationG_0.smt2 : 601006 ms.
--------------------------------------------------
../QF_NIA_split/QF_NIA_2_25//20170427-VeryMax/ITS/From_T2__fun1b.t2_fixed__p579_terminationG_0.smt2 : 601006 ms.
--------------------------------------------------
unknown
../QF_NIA_split/QF_NIA_2_25//20170427-VeryMax/ITS/From_T2__fun1b.t2_fixed__terminationQ_0_0.smt2 : 600733 ms.
--------------------------------------------------
unsat
../QF_NIA_split/QF_NIA_2_25//20170427-VeryMax/ITS/From_T2__fun1b.t2_fixed__term_unfeasibility_0_0.smt2 : 11059 ms.
--------------------------------------------------
sat
../QF_NIA_split/QF_NIA_2_25//20170427-VeryMax/ITS/From_T2__fun1b.t2__p588_terminationG_0.smt2 : 271086 ms.
--------------------------------------------------
../QF_NIA_split/QF_NIA_2_25//20170427-VeryMax/ITS/From_T2__fun1b.t2__p589_terminationG_0.smt2 : 601005 ms.
--------------------------------------------------
../QF_NIA_split/QF_NIA_2_25//20170427-VeryMax/ITS/From_T2__fun1b.t2__p590_terminationG_0.smt2 : 601006 ms.
--------------------------------------------------
sat
../QF_NIA_split/QF_NIA_2_25//20170427-VeryMax/ITS/From_T2__fun1b.t2__p596_terminationG_0.smt2 : 147970 ms.
--------------------------------------------------
../QF_NIA_split/QF_NIA_2_25//20170427-VeryMax/ITS/From_T2__fun1b.t2__p597_terminationG_0.smt2 : 601006 ms.
--------------------------------------------------
../QF_NIA_split/QF_NIA_2_25//20170427-VeryMax/ITS/From_T2__fun1b.t2__p598_terminationG_0.smt2 : 601006 ms.
--------------------------------------------------
sat
../QF_NIA_split/QF_NIA_2_25//20170427-VeryMax/ITS/From_T2__fun1b.t2__p601_terminationG_0.smt2 : 214178 ms.
--------------------------------------------------
unknown
../QF_NIA_split/QF_NIA_2_25//20170427-VeryMax/ITS/From_T2__fun1b.t2__p602_terminationG_0.smt2 : 600447 ms.
--------------------------------------------------
../QF_NIA_split/QF_NIA_2_25//20170427-VeryMax/ITS/From_T2__fun1b.t2__p603_terminationG_0.smt2 : 601006 ms.
--------------------------------------------------
sat
../QF_NIA_split/QF_NIA_2_25//20170427-VeryMax/ITS/From_T2__fun1b.t2__p610_terminationG_0.smt2 : 132454 ms.
--------------------------------------------------
../QF_NIA_split/QF_NIA_2_25//20170427-VeryMax/ITS/From_T2__fun1b.t2__p611_terminationG_0.smt2 : 601006 ms.
--------------------------------------------------
../QF_NIA_split/QF_NIA_2_25//20170427-VeryMax/ITS/From_T2__fun1b.t2__p612_terminationG_0.smt2 : 601006 ms.
--------------------------------------------------
sat
../QF_NIA_split/QF_NIA_2_25//20170427-VeryMax/ITS/From_T2__fun1b.t2__p615_terminationG_0.smt2 : 357750 ms.
--------------------------------------------------
../QF_NIA_split/QF_NIA_2_25//20170427-VeryMax/ITS/From_T2__fun1b.t2__p616_terminationG_0.smt2 : 601006 ms.
--------------------------------------------------
../QF_NIA_split/QF_NIA_2_25//20170427-VeryMax/ITS/From_T2__fun1b.t2__p617_terminationG_0.smt2 : 601044 ms.
--------------------------------------------------
sat
../QF_NIA_split/QF_NIA_2_25//20170427-VeryMax/ITS/From_T2__fun1b.t2__p624_terminationG_0.smt2 : 55581 ms.
--------------------------------------------------
../QF_NIA_split/QF_NIA_2_25//20170427-VeryMax/ITS/From_T2__fun1b.t2__p625_terminationG_0.smt2 : 601006 ms.
--------------------------------------------------
../QF_NIA_split/QF_NIA_2_25//20170427-VeryMax/ITS/From_T2__fun1b.t2__p626_terminationG_0.smt2 : 601006 ms.
--------------------------------------------------
sat
../QF_NIA_split/QF_NIA_2_25//20170427-VeryMax/ITS/From_T2__fun1b.t2__p629_terminationG_0.smt2 : 425548 ms.
--------------------------------------------------
../QF_NIA_split/QF_NIA_2_25//20170427-VeryMax/ITS/From_T2__fun1b.t2__p630_terminationG_0.smt2 : 601006 ms.
--------------------------------------------------
../QF_NIA_split/QF_NIA_2_25//20170427-VeryMax/ITS/From_T2__fun1b.t2__p631_terminationG_0.smt2 : 601010 ms.
--------------------------------------------------
unknown
../QF_NIA_split/QF_NIA_2_25//20170427-VeryMax/ITS/From_T2__fun1b.t2__p637_terminationG_0.smt2 : 600659 ms.
--------------------------------------------------
../QF_NIA_split/QF_NIA_2_25//20170427-VeryMax/ITS/From_T2__fun1b.t2__p638_terminationG_0.smt2 : 601005 ms.
--------------------------------------------------
../QF_NIA_split/QF_NIA_2_25//20170427-VeryMax/ITS/From_T2__fun1b.t2__p639_terminationG_0.smt2 : 601005 ms.
--------------------------------------------------
unknown
../QF_NIA_split/QF_NIA_2_25//20170427-VeryMax/ITS/From_T2__fun1b.t2__p643_terminationG_0.smt2 : 600473 ms.
--------------------------------------------------
../QF_NIA_split/QF_NIA_2_25//20170427-VeryMax/ITS/From_T2__fun1b.t2__p644_terminationG_0.smt2 : 601006 ms.
--------------------------------------------------
../QF_NIA_split/QF_NIA_2_25//20170427-VeryMax/ITS/From_T2__fun1b.t2__p645_terminationG_0.smt2 : 601005 ms.
--------------------------------------------------
unknown
../QF_NIA_split/QF_NIA_2_25//20170427-VeryMax/ITS/From_T2__fun1b.t2__p653_terminationG_0.smt2 : 600667 ms.
--------------------------------------------------
../QF_NIA_split/QF_NIA_2_25//20170427-VeryMax/ITS/From_T2__fun1b.t2__p654_terminationG_0.smt2 : 601006 ms.
--------------------------------------------------
../QF_NIA_split/QF_NIA_2_25//20170427-VeryMax/ITS/From_T2__fun1b.t2__p655_terminationG_0.smt2 : 601005 ms.
--------------------------------------------------
sat
../QF_NIA_split/QF_NIA_2_25//20170427-VeryMax/ITS/From_T2__fun1b.t2__p658_terminationG_0.smt2 : 58619 ms.
--------------------------------------------------
../QF_NIA_split/QF_NIA_2_25//20170427-VeryMax/ITS/From_T2__fun1b.t2__p659_terminationG_0.smt2 : 601006 ms.
--------------------------------------------------
../QF_NIA_split/QF_NIA_2_25//20170427-VeryMax/ITS/From_T2__fun1b.t2__p660_terminationG_0.smt2 : 601006 ms.
--------------------------------------------------
sat
../QF_NIA_split/QF_NIA_2_25//20170427-VeryMax/ITS/From_T2__fun1b.t2__p666_terminationG_0.smt2 : 218951 ms.
--------------------------------------------------
../QF_NIA_split/QF_NIA_2_25//20170427-VeryMax/ITS/From_T2__fun1b.t2__p667_terminationG_0.smt2 : 601005 ms.
--------------------------------------------------
unknown
../QF_NIA_split/QF_NIA_2_25//20170427-VeryMax/ITS/From_T2__fun1b.t2__p668_terminationG_0.smt2 : 600485 ms.
--------------------------------------------------
unknown
../QF_NIA_split/QF_NIA_2_25//20170427-VeryMax/ITS/From_T2__fun1b.t2__p671_terminationG_0.smt2 : 600649 ms.
--------------------------------------------------
../QF_NIA_split/QF_NIA_2_25//20170427-VeryMax/ITS/From_T2__fun1b.t2__p672_terminationG_0.smt2 : 601005 ms.
--------------------------------------------------
../QF_NIA_split/QF_NIA_2_25//20170427-VeryMax/ITS/From_T2__fun1b.t2__p673_terminationG_0.smt2 : 601005 ms.
--------------------------------------------------
sat
../QF_NIA_split/QF_NIA_2_25//20170427-VeryMax/ITS/From_T2__fun1b.t2__p679_terminationG_0.smt2 : 434792 ms.
--------------------------------------------------
../QF_NIA_split/QF_NIA_2_25//20170427-VeryMax/ITS/From_T2__fun1b.t2__p680_terminationG_0.smt2 : 601006 ms.
--------------------------------------------------
../QF_NIA_split/QF_NIA_2_25//20170427-VeryMax/ITS/From_T2__fun1b.t2__p681_terminationG_0.smt2 : 601006 ms.
--------------------------------------------------
sat
../QF_NIA_split/QF_NIA_2_25//20170427-VeryMax/ITS/From_T2__fun1b.t2__p684_terminationG_0.smt2 : 563580 ms.
--------------------------------------------------
../QF_NIA_split/QF_NIA_2_25//20170427-VeryMax/ITS/From_T2__fun1b.t2__p685_terminationG_0.smt2 : 601008 ms.
--------------------------------------------------
../QF_NIA_split/QF_NIA_2_25//20170427-VeryMax/ITS/From_T2__fun1b.t2__p686_terminationG_0.smt2 : 601005 ms.
--------------------------------------------------
unknown
../QF_NIA_split/QF_NIA_2_25//20170427-VeryMax/ITS/From_T2__fun1b.t2__terminationQ_0_0.smt2 : 600418 ms.
--------------------------------------------------
unsat
../QF_NIA_split/QF_NIA_2_25//20170427-VeryMax/ITS/From_T2__fun1b.t2__terminationS_0_0.smt2 : 5161 ms.
--------------------------------------------------
unsat
../QF_NIA_split/QF_NIA_2_25//20170427-VeryMax/ITS/From_T2__fun1b.t2__terminationS_10_0.smt2 : 11968 ms.
--------------------------------------------------
unsat
../QF_NIA_split/QF_NIA_2_25//20170427-VeryMax/ITS/From_T2__fun1b.t2__terminationS_1_0.smt2 : 16790 ms.
--------------------------------------------------
unsat
../QF_NIA_split/QF_NIA_2_25//20170427-VeryMax/ITS/From_T2__fun1b.t2__terminationS_11_0.smt2 : 12636 ms.
--------------------------------------------------
unsat
../QF_NIA_split/QF_NIA_2_25//20170427-VeryMax/ITS/From_T2__fun1b.t2__terminationS_12_0.smt2 : 15711 ms.
--------------------------------------------------
unsat
../QF_NIA_split/QF_NIA_2_25//20170427-VeryMax/ITS/From_T2__fun1b.t2__terminationS_13_0.smt2 : 5255 ms.
--------------------------------------------------
unsat
../QF_NIA_split/QF_NIA_2_25//20170427-VeryMax/ITS/From_T2__fun1b.t2__terminationS_14_0.smt2 : 7692 ms.
--------------------------------------------------
unsat
../QF_NIA_split/QF_NIA_2_25//20170427-VeryMax/ITS/From_T2__fun1b.t2__terminationS_15_0.smt2 : 7514 ms.
--------------------------------------------------
unsat
../QF_NIA_split/QF_NIA_2_25//20170427-VeryMax/ITS/From_T2__fun1b.t2__terminationS_2_0.smt2 : 9867 ms.
--------------------------------------------------
unsat
../QF_NIA_split/QF_NIA_2_25//20170427-VeryMax/ITS/From_T2__fun1b.t2__terminationS_3_0.smt2 : 11106 ms.
--------------------------------------------------
unsat
../QF_NIA_split/QF_NIA_2_25//20170427-VeryMax/ITS/From_T2__fun1b.t2__terminationS_4_0.smt2 : 17363 ms.
--------------------------------------------------
unsat
../QF_NIA_split/QF_NIA_2_25//20170427-VeryMax/ITS/From_T2__fun1b.t2__terminationS_5_0.smt2 : 7923 ms.
--------------------------------------------------
unsat
../QF_NIA_split/QF_NIA_2_25//20170427-VeryMax/ITS/From_T2__fun1b.t2__terminationS_6_0.smt2 : 8555 ms.
--------------------------------------------------
unsat
../QF_NIA_split/QF_NIA_2_25//20170427-VeryMax/ITS/From_T2__fun1b.t2__terminationS_7_0.smt2 : 9925 ms.
--------------------------------------------------
unsat
../QF_NIA_split/QF_NIA_2_25//20170427-VeryMax/ITS/From_T2__fun1b.t2__terminationS_8_0.smt2 : 17894 ms.
--------------------------------------------------
unsat
../QF_NIA_split/QF_NIA_2_25//20170427-VeryMax/ITS/From_T2__fun1b.t2__terminationS_9_0.smt2 : 18305 ms.
--------------------------------------------------
unsat
../QF_NIA_split/QF_NIA_2_25//20170427-VeryMax/ITS/From_T2__fun1b.t2__term_unfeasibility_0_0.smt2 : 1833 ms.
--------------------------------------------------
sat
../QF_NIA_split/QF_NIA_2_25//20170427-VeryMax/ITS/From_T2__fun1.t2_fixed__p695_terminationG_0.smt2 : 12539 ms.
--------------------------------------------------
sat
../QF_NIA_split/QF_NIA_2_25//20170427-VeryMax/ITS/From_T2__fun1.t2_fixed__p696_terminationG_0.smt2 : 2809 ms.
--------------------------------------------------
../QF_NIA_split/QF_NIA_2_25//20170427-VeryMax/ITS/From_T2__fun1.t2_fixed__p697_terminationG_0.smt2 : 601006 ms.
--------------------------------------------------
sat
../QF_NIA_split/QF_NIA_2_25//20170427-VeryMax/ITS/From_T2__fun1.t2_fixed__p703_terminationG_0.smt2 : 8585 ms.
--------------------------------------------------
unknown
../QF_NIA_split/QF_NIA_2_25//20170427-VeryMax/ITS/From_T2__fun1.t2_fixed__p704_terminationG_0.smt2 : 601004 ms.
--------------------------------------------------
../QF_NIA_split/QF_NIA_2_25//20170427-VeryMax/ITS/From_T2__fun1.t2_fixed__p705_terminationG_0.smt2 : 601006 ms.
--------------------------------------------------
unknown
../QF_NIA_split/QF_NIA_2_25//20170427-VeryMax/ITS/From_T2__fun1.t2_fixed__p711_terminationG_0.smt2 : 600686 ms.
--------------------------------------------------
../QF_NIA_split/QF_NIA_2_25//20170427-VeryMax/ITS/From_T2__fun1.t2_fixed__p712_terminationG_0.smt2 : 601005 ms.
--------------------------------------------------
../QF_NIA_split/QF_NIA_2_25//20170427-VeryMax/ITS/From_T2__fun1.t2_fixed__p713_terminationG_0.smt2 : 601006 ms.
--------------------------------------------------
unknown
../QF_NIA_split/QF_NIA_2_25//20170427-VeryMax/ITS/From_T2__fun1.t2_fixed__p719_terminationG_0.smt2 : 601006 ms.
--------------------------------------------------
unknown
../QF_NIA_split/QF_NIA_2_25//20170427-VeryMax/ITS/From_T2__fun1.t2_fixed__p720_terminationG_0.smt2 : 600694 ms.
--------------------------------------------------
../QF_NIA_split/QF_NIA_2_25//20170427-VeryMax/ITS/From_T2__fun1.t2_fixed__p721_terminationG_0.smt2 : 601006 ms.
--------------------------------------------------
unknown
../QF_NIA_split/QF_NIA_2_25//20170427-VeryMax/ITS/From_T2__fun1.t2_fixed__p727_terminationG_0.smt2 : 600491 ms.
--------------------------------------------------
../QF_NIA_split/QF_NIA_2_25//20170427-VeryMax/ITS/From_T2__fun1.t2_fixed__p728_terminationG_0.smt2 : 601006 ms.
--------------------------------------------------
../QF_NIA_split/QF_NIA_2_25//20170427-VeryMax/ITS/From_T2__fun1.t2_fixed__p729_terminationG_0.smt2 : 601005 ms.
--------------------------------------------------
unknown
../QF_NIA_split/QF_NIA_2_25//20170427-VeryMax/ITS/From_T2__fun1.t2_fixed__p736_terminationG_0.smt2 : 601005 ms.
--------------------------------------------------
../QF_NIA_split/QF_NIA_2_25//20170427-VeryMax/ITS/From_T2__fun1.t2_fixed__p737_terminationG_0.smt2 : 601007 ms.
--------------------------------------------------
../QF_NIA_split/QF_NIA_2_25//20170427-VeryMax/ITS/From_T2__fun1.t2_fixed__p738_terminationG_0.smt2 : 601006 ms.
--------------------------------------------------
../QF_NIA_split/QF_NIA_2_25//20170427-VeryMax/ITS/From_T2__fun1.t2_fixed__p744_terminationG_0.smt2 : 601005 ms.
--------------------------------------------------
../QF_NIA_split/QF_NIA_2_25//20170427-VeryMax/ITS/From_T2__fun1.t2_fixed__p745_terminationG_0.smt2 : 601005 ms.
--------------------------------------------------
../QF_NIA_split/QF_NIA_2_25//20170427-VeryMax/ITS/From_T2__fun1.t2_fixed__p746_terminationG_0.smt2 : 601006 ms.
--------------------------------------------------
unknown
../QF_NIA_split/QF_NIA_2_25//20170427-VeryMax/ITS/From_T2__fun1.t2_fixed__p752_terminationG_0.smt2 : 600525 ms.
--------------------------------------------------
../QF_NIA_split/QF_NIA_2_25//20170427-VeryMax/ITS/From_T2__fun1.t2_fixed__p753_terminationG_0.smt2 : 601006 ms.
--------------------------------------------------
unknown
../QF_NIA_split/QF_NIA_2_25//20170427-VeryMax/ITS/From_T2__fun1.t2_fixed__p754_terminationG_0.smt2 : 600266 ms.
--------------------------------------------------
unknown
../QF_NIA_split/QF_NIA_2_25//20170427-VeryMax/ITS/From_T2__fun1.t2_fixed__p760_terminationG_0.smt2 : 600455 ms.
--------------------------------------------------
unknown
../QF_NIA_split/QF_NIA_2_25//20170427-VeryMax/ITS/From_T2__fun1.t2_fixed__p761_terminationG_0.smt2 : 600607 ms.
--------------------------------------------------
sat
../QF_NIA_split/QF_NIA_2_25//20170427-VeryMax/ITS/From_T2__fun1.t2_fixed__p763_terminationG_0.smt2 : 4505 ms.
--------------------------------------------------
unknown
../QF_NIA_split/QF_NIA_2_25//20170427-VeryMax/ITS/From_T2__fun1.t2_fixed__p770_terminationG_0.smt2 : 600521 ms.
--------------------------------------------------
../QF_NIA_split/QF_NIA_2_25//20170427-VeryMax/ITS/From_T2__fun1.t2_fixed__p771_terminationG_0.smt2 : 601006 ms.
--------------------------------------------------
../QF_NIA_split/QF_NIA_2_25//20170427-VeryMax/ITS/From_T2__fun1.t2_fixed__p772_terminationG_0.smt2 : 601006 ms.
--------------------------------------------------
unknown
../QF_NIA_split/QF_NIA_2_25//20170427-VeryMax/ITS/From_T2__fun1.t2_fixed__p784_terminationG_0.smt2 : 601006 ms.
--------------------------------------------------
unknown
../QF_NIA_split/QF_NIA_2_25//20170427-VeryMax/ITS/From_T2__fun1.t2_fixed__p785_terminationG_0.smt2 : 600696 ms.
--------------------------------------------------
../QF_NIA_split/QF_NIA_2_25//20170427-VeryMax/ITS/From_T2__fun1.t2_fixed__p786_terminationG_0.smt2 : 601006 ms.
--------------------------------------------------
unknown
../QF_NIA_split/QF_NIA_2_25//20170427-VeryMax/ITS/From_T2__fun1.t2_fixed__terminationQ_0_0.smt2 : 600623 ms.
--------------------------------------------------
unsat
../QF_NIA_split/QF_NIA_2_25//20170427-VeryMax/ITS/From_T2__fun1.t2_fixed__terminationS_0_0.smt2 : 1272 ms.
--------------------------------------------------
unsat
../QF_NIA_split/QF_NIA_2_25//20170427-VeryMax/ITS/From_T2__fun1.t2_fixed__terminationS_1_0.smt2 : 1015 ms.
--------------------------------------------------
unsat
../QF_NIA_split/QF_NIA_2_25//20170427-VeryMax/ITS/From_T2__fun1.t2_fixed__terminationS_2_0.smt2 : 1527 ms.
--------------------------------------------------
unsat
../QF_NIA_split/QF_NIA_2_25//20170427-VeryMax/ITS/From_T2__fun1.t2_fixed__terminationS_3_0.smt2 : 4404 ms.
--------------------------------------------------
unsat
../QF_NIA_split/QF_NIA_2_25//20170427-VeryMax/ITS/From_T2__fun1.t2_fixed__terminationS_4_0.smt2 : 954 ms.
--------------------------------------------------
unsat
../QF_NIA_split/QF_NIA_2_25//20170427-VeryMax/ITS/From_T2__fun1.t2_fixed__terminationS_5_0.smt2 : 1351 ms.
--------------------------------------------------
unsat
../QF_NIA_split/QF_NIA_2_25//20170427-VeryMax/ITS/From_T2__fun1.t2_fixed__terminationS_6_0.smt2 : 721 ms.
--------------------------------------------------
unsat
../QF_NIA_split/QF_NIA_2_25//20170427-VeryMax/ITS/From_T2__fun1.t2_fixed__terminationS_7_0.smt2 : 5777 ms.
--------------------------------------------------
unsat
../QF_NIA_split/QF_NIA_2_25//20170427-VeryMax/ITS/From_T2__fun1.t2_fixed__term_unfeasibility_0_0.smt2 : 8986 ms.
--------------------------------------------------
sat
../QF_NIA_split/QF_NIA_2_25//20170427-VeryMax/ITS/From_T2__fun1.t2__p796_terminationG_0.smt2 : 3213 ms.
--------------------------------------------------
sat
../QF_NIA_split/QF_NIA_2_25//20170427-VeryMax/ITS/From_T2__fun1.t2__p797_terminationG_0.smt2 : 136026 ms.
--------------------------------------------------
../QF_NIA_split/QF_NIA_2_25//20170427-VeryMax/ITS/From_T2__fun1.t2__p798_terminationG_0.smt2 : 601005 ms.
--------------------------------------------------
sat
../QF_NIA_split/QF_NIA_2_25//20170427-VeryMax/ITS/From_T2__fun1.t2__p804_terminationG_0.smt2 : 158221 ms.
--------------------------------------------------
../QF_NIA_split/QF_NIA_2_25//20170427-VeryMax/ITS/From_T2__fun1.t2__p805_terminationG_0.smt2 : 601007 ms.
--------------------------------------------------
../QF_NIA_split/QF_NIA_2_25//20170427-VeryMax/ITS/From_T2__fun1.t2__p806_terminationG_0.smt2 : 601005 ms.
--------------------------------------------------
sat
../QF_NIA_split/QF_NIA_2_25//20170427-VeryMax/ITS/From_T2__fun1.t2__p809_terminationG_0.smt2 : 389765 ms.
--------------------------------------------------
../QF_NIA_split/QF_NIA_2_25//20170427-VeryMax/ITS/From_T2__fun1.t2__p810_terminationG_0.smt2 : 601006 ms.
--------------------------------------------------
../QF_NIA_split/QF_NIA_2_25//20170427-VeryMax/ITS/From_T2__fun1.t2__p811_terminationG_0.smt2 : 601006 ms.
--------------------------------------------------
sat
../QF_NIA_split/QF_NIA_2_25//20170427-VeryMax/ITS/From_T2__fun1.t2__p818_terminationG_0.smt2 : 22431 ms.
--------------------------------------------------
../QF_NIA_split/QF_NIA_2_25//20170427-VeryMax/ITS/From_T2__fun1.t2__p819_terminationG_0.smt2 : 601005 ms.
--------------------------------------------------
../QF_NIA_split/QF_NIA_2_25//20170427-VeryMax/ITS/From_T2__fun1.t2__p820_terminationG_0.smt2 : 601006 ms.
--------------------------------------------------
sat
../QF_NIA_split/QF_NIA_2_25//20170427-VeryMax/ITS/From_T2__fun1.t2__p823_terminationG_0.smt2 : 378542 ms.
--------------------------------------------------
../QF_NIA_split/QF_NIA_2_25//20170427-VeryMax/ITS/From_T2__fun1.t2__p824_terminationG_0.smt2 : 601005 ms.
--------------------------------------------------
../QF_NIA_split/QF_NIA_2_25//20170427-VeryMax/ITS/From_T2__fun1.t2__p825_terminationG_0.smt2 : 601007 ms.
--------------------------------------------------
unknown
../QF_NIA_split/QF_NIA_2_25//20170427-VeryMax/ITS/From_T2__fun1.t2__p831_terminationG_0.smt2 : 600751 ms.
--------------------------------------------------
../QF_NIA_split/QF_NIA_2_25//20170427-VeryMax/ITS/From_T2__fun1.t2__p832_terminationG_0.smt2 : 601005 ms.
--------------------------------------------------
../QF_NIA_split/QF_NIA_2_25//20170427-VeryMax/ITS/From_T2__fun1.t2__p833_terminationG_0.smt2 : 601005 ms.
--------------------------------------------------
sat
../QF_NIA_split/QF_NIA_2_25//20170427-VeryMax/ITS/From_T2__fun1.t2__p839_terminationG_0.smt2 : 250726 ms.
--------------------------------------------------
../QF_NIA_split/QF_NIA_2_25//20170427-VeryMax/ITS/From_T2__fun1.t2__p840_terminationG_0.smt2 : 601005 ms.
--------------------------------------------------
../QF_NIA_split/QF_NIA_2_25//20170427-VeryMax/ITS/From_T2__fun1.t2__p841_terminationG_0.smt2 : 601006 ms.
--------------------------------------------------
unknown
../QF_NIA_split/QF_NIA_2_25//20170427-VeryMax/ITS/From_T2__fun1.t2__p847_terminationG_0.smt2 : 600500 ms.
--------------------------------------------------
../QF_NIA_split/QF_NIA_2_25//20170427-VeryMax/ITS/From_T2__fun1.t2__p848_terminationG_0.smt2 : 601007 ms.
--------------------------------------------------
../QF_NIA_split/QF_NIA_2_25//20170427-VeryMax/ITS/From_T2__fun1.t2__p849_terminationG_0.smt2 : 601007 ms.
--------------------------------------------------
unknown
../QF_NIA_split/QF_NIA_2_25//20170427-VeryMax/ITS/From_T2__fun1.t2__terminationQ_0_0.smt2 : 600456 ms.
--------------------------------------------------
unsat
../QF_NIA_split/QF_NIA_2_25//20170427-VeryMax/ITS/From_T2__fun1.t2__terminationS_0_0.smt2 : 4881 ms.
--------------------------------------------------
unsat
../QF_NIA_split/QF_NIA_2_25//20170427-VeryMax/ITS/From_T2__fun1.t2__terminationS_10_0.smt2 : 8453 ms.
--------------------------------------------------
unsat
../QF_NIA_split/QF_NIA_2_25//20170427-VeryMax/ITS/From_T2__fun1.t2__terminationS_1_0.smt2 : 6788 ms.
--------------------------------------------------
unsat
../QF_NIA_split/QF_NIA_2_25//20170427-VeryMax/ITS/From_T2__fun1.t2__terminationS_11_0.smt2 : 3601 ms.
--------------------------------------------------
unsat
../QF_NIA_split/QF_NIA_2_25//20170427-VeryMax/ITS/From_T2__fun1.t2__terminationS_12_0.smt2 : 6697 ms.
--------------------------------------------------
unsat
../QF_NIA_split/QF_NIA_2_25//20170427-VeryMax/ITS/From_T2__fun1.t2__terminationS_13_0.smt2 : 12953 ms.
--------------------------------------------------
unsat
../QF_NIA_split/QF_NIA_2_25//20170427-VeryMax/ITS/From_T2__fun1.t2__terminationS_14_0.smt2 : 1717 ms.
--------------------------------------------------
unsat
../QF_NIA_split/QF_NIA_2_25//20170427-VeryMax/ITS/From_T2__fun1.t2__terminationS_15_0.smt2 : 1783 ms.
--------------------------------------------------
unsat
../QF_NIA_split/QF_NIA_2_25//20170427-VeryMax/ITS/From_T2__fun1.t2__terminationS_2_0.smt2 : 4806 ms.
--------------------------------------------------
unsat
../QF_NIA_split/QF_NIA_2_25//20170427-VeryMax/ITS/From_T2__fun1.t2__terminationS_3_0.smt2 : 5244 ms.
--------------------------------------------------
unsat
../QF_NIA_split/QF_NIA_2_25//20170427-VeryMax/ITS/From_T2__fun1.t2__terminationS_4_0.smt2 : 7621 ms.
--------------------------------------------------
unsat
../QF_NIA_split/QF_NIA_2_25//20170427-VeryMax/ITS/From_T2__fun1.t2__terminationS_5_0.smt2 : 29568 ms.
--------------------------------------------------
unsat
../QF_NIA_split/QF_NIA_2_25//20170427-VeryMax/ITS/From_T2__fun1.t2__terminationS_6_0.smt2 : 14317 ms.
--------------------------------------------------
unsat
../QF_NIA_split/QF_NIA_2_25//20170427-VeryMax/ITS/From_T2__fun1.t2__terminationS_7_0.smt2 : 8215 ms.
--------------------------------------------------
unsat
../QF_NIA_split/QF_NIA_2_25//20170427-VeryMax/ITS/From_T2__fun1.t2__terminationS_8_0.smt2 : 6466 ms.
--------------------------------------------------
unsat
../QF_NIA_split/QF_NIA_2_25//20170427-VeryMax/ITS/From_T2__fun1.t2__terminationS_9_0.smt2 : 8255 ms.
--------------------------------------------------
unsat
../QF_NIA_split/QF_NIA_2_25//20170427-VeryMax/ITS/From_T2__fun1.t2__term_unfeasibility_0_0.smt2 : 2659 ms.
--------------------------------------------------
unsat
../QF_NIA_split/QF_NIA_2_25//20170427-VeryMax/ITS/From_T2__fun2b.t2_fixed__term_unfeasibility_0_0.smt2 : 10309 ms.
--------------------------------------------------
unsat
../QF_NIA_split/QF_NIA_2_25//20170427-VeryMax/ITS/From_T2__fun2b.t2__term_unfeasibility_0_0.smt2 : 2310 ms.
--------------------------------------------------
unsat
../QF_NIA_split/QF_NIA_2_25//20170427-VeryMax/ITS/From_T2__fun2.t2_fixed__term_unfeasibility_0_0.smt2 : 10211 ms.
--------------------------------------------------
unsat
../QF_NIA_split/QF_NIA_2_25//20170427-VeryMax/ITS/From_T2__fun2.t2__term_unfeasibility_0_0.smt2 : 4144 ms.
--------------------------------------------------
unsat
../QF_NIA_split/QF_NIA_2_25//20170427-VeryMax/ITS/From_T2__fun3.t2__term_unfeasibility_0_0.smt2 : 3340 ms.
--------------------------------------------------
../QF_NIA_split/QF_NIA_2_25//20170427-VeryMax/ITS/From_T2__fun4-alt.t2__p884_terminationG_0.smt2 : 601007 ms.
--------------------------------------------------
sat
../QF_NIA_split/QF_NIA_2_25//20170427-VeryMax/ITS/From_T2__fun4-alt.t2__p885_terminationG_0.smt2 : 2079 ms.
--------------------------------------------------
sat
../QF_NIA_split/QF_NIA_2_25//20170427-VeryMax/ITS/From_T2__fun4-alt.t2__p891_terminationG_0.smt2 : 830 ms.
--------------------------------------------------
sat
../QF_NIA_split/QF_NIA_2_25//20170427-VeryMax/ITS/From_T2__fun4-alt.t2__p896_terminationG_0.smt2 : 284 ms.
--------------------------------------------------
sat
../QF_NIA_split/QF_NIA_2_25//20170427-VeryMax/ITS/From_T2__fun4-alt.t2__p897_terminationG_0.smt2 : 6323 ms.
--------------------------------------------------
sat
../QF_NIA_split/QF_NIA_2_25//20170427-VeryMax/ITS/From_T2__fun4-alt.t2__p909_terminationG_0.smt2 : 1707 ms.
--------------------------------------------------
sat
../QF_NIA_split/QF_NIA_2_25//20170427-VeryMax/ITS/From_T2__fun4-alt.t2__p915_terminationG_0.smt2 : 3643 ms.
--------------------------------------------------
sat
../QF_NIA_split/QF_NIA_2_25//20170427-VeryMax/ITS/From_T2__fun4-alt.t2__p916_terminationG_0.smt2 : 486 ms.
--------------------------------------------------
../QF_NIA_split/QF_NIA_2_25//20170427-VeryMax/ITS/From_T2__fun4.t2_fixed__p938_terminationG_0.smt2 : 601006 ms.
--------------------------------------------------
sat
../QF_NIA_split/QF_NIA_2_25//20170427-VeryMax/ITS/From_T2__fun4.t2_fixed__p939_terminationG_0.smt2 : 1752 ms.
--------------------------------------------------
sat
../QF_NIA_split/QF_NIA_2_25//20170427-VeryMax/ITS/From_T2__fun4.t2_fixed__p947_terminationG_0.smt2 : 1668 ms.
--------------------------------------------------
sat
../QF_NIA_split/QF_NIA_2_25//20170427-VeryMax/ITS/From_T2__fun4.t2_fixed__p951_terminationG_0.smt2 : 316 ms.
--------------------------------------------------
sat
../QF_NIA_split/QF_NIA_2_25//20170427-VeryMax/ITS/From_T2__fun4.t2_fixed__p952_terminationG_0.smt2 : 6857 ms.
--------------------------------------------------
sat
../QF_NIA_split/QF_NIA_2_25//20170427-VeryMax/ITS/From_T2__fun4.t2_fixed__p970_terminationG_0.smt2 : 2663 ms.
--------------------------------------------------
sat
../QF_NIA_split/QF_NIA_2_25//20170427-VeryMax/ITS/From_T2__fun4.t2_fixed__p971_terminationG_0.smt2 : 376 ms.
--------------------------------------------------
sat
../QF_NIA_split/QF_NIA_2_25//20170427-VeryMax/ITS/From_T2__fun4.t2_fixed__p975_terminationG_0.smt2 : 613 ms.
--------------------------------------------------
../QF_NIA_split/QF_NIA_2_25//20170427-VeryMax/ITS/From_T2__fun4.t2__p989_terminationG_0.smt2 : 601006 ms.
--------------------------------------------------
../QF_NIA_split/QF_NIA_2_25//20170427-VeryMax/ITS/From_T2__fun4.t2__p990_terminationG_0.smt2 : 601007 ms.
--------------------------------------------------
unknown
../QF_NIA_split/QF_NIA_2_25//20170427-VeryMax/ITS/From_T2__fun4.t2__p994_terminationG_0.smt2 : 600384 ms.
--------------------------------------------------
../QF_NIA_split/QF_NIA_2_25//20170427-VeryMax/ITS/From_T2__fun4.t2__p995_terminationG_0.smt2 : 601006 ms.
--------------------------------------------------
unknown
../QF_NIA_split/QF_NIA_2_25//20170427-VeryMax/ITS/From_T2__fun5.t2_fixed__p1005_terminationG_0.smt2 : 600184 ms.
--------------------------------------------------
../QF_NIA_split/QF_NIA_2_25//20170427-VeryMax/ITS/From_T2__fun5.t2_fixed__p1006_terminationG_0.smt2 : 601006 ms.
--------------------------------------------------
../QF_NIA_split/QF_NIA_2_25//20170427-VeryMax/ITS/From_T2__fun5.t2_fixed__p1007_terminationG_0.smt2 : 601006 ms.
--------------------------------------------------
unsat
../QF_NIA_split/QF_NIA_2_25//20170427-VeryMax/ITS/From_T2__fun5.t2_fixed__p1011_edge_closing_0.smt2 : 567 ms.
--------------------------------------------------
../QF_NIA_split/QF_NIA_2_25//20170427-VeryMax/ITS/From_T2__fun5.t2_fixed__p1012_edge_closing_0.smt2 : 601006 ms.
--------------------------------------------------
../QF_NIA_split/QF_NIA_2_25//20170427-VeryMax/ITS/From_T2__fun5.t2_fixed__p1013_edge_closing_0.smt2 : 601007 ms.
--------------------------------------------------
unknown
../QF_NIA_split/QF_NIA_2_25//20170427-VeryMax/ITS/From_T2__fun5.t2_fixed__terminationQ_0_0.smt2 : 600307 ms.
--------------------------------------------------
unsat
../QF_NIA_split/QF_NIA_2_25//20170427-VeryMax/ITS/From_T2__fun5.t2_fixed__terminationS_0_0.smt2 : 678 ms.
--------------------------------------------------
unsat
../QF_NIA_split/QF_NIA_2_25//20170427-VeryMax/ITS/From_T2__fun5.t2_fixed__terminationS_13_0.smt2 : 819 ms.
--------------------------------------------------
unsat
../QF_NIA_split/QF_NIA_2_25//20170427-VeryMax/ITS/From_T2__fun5.t2_fixed__terminationS_15_0.smt2 : 418 ms.
--------------------------------------------------
unsat
../QF_NIA_split/QF_NIA_2_25//20170427-VeryMax/ITS/From_T2__fun5.t2_fixed__terminationS_7_0.smt2 : 542 ms.
--------------------------------------------------
unsat
../QF_NIA_split/QF_NIA_2_25//20170427-VeryMax/ITS/From_T2__fun5.t2_fixed__term_unfeasibility_0_0.smt2 : 24897 ms.
--------------------------------------------------
unsat
../QF_NIA_split/QF_NIA_2_25//20170427-VeryMax/ITS/From_T2__fun5.t2__p1026_terminationG_0.smt2 : 286069 ms.
--------------------------------------------------
unknown
../QF_NIA_split/QF_NIA_2_25//20170427-VeryMax/ITS/From_T2__fun5.t2__p1027_terminationG_0.smt2 : 600288 ms.
--------------------------------------------------
../QF_NIA_split/QF_NIA_2_25//20170427-VeryMax/ITS/From_T2__fun5.t2__p1028_terminationG_0.smt2 : 601006 ms.
--------------------------------------------------
unsat
../QF_NIA_split/QF_NIA_2_25//20170427-VeryMax/ITS/From_T2__fun5.t2__terminationQ_0_0.smt2 : 85076 ms.
--------------------------------------------------
unknown
../QF_NIA_split/QF_NIA_2_25//20170427-VeryMax/ITS/From_T2__fun5.t2__terminationS_13_0.smt2 : 600280 ms.
--------------------------------------------------
unsat
../QF_NIA_split/QF_NIA_2_25//20170427-VeryMax/ITS/From_T2__fun5.t2__terminationS_26_0.smt2 : 140 ms.
--------------------------------------------------
unsat
../QF_NIA_split/QF_NIA_2_25//20170427-VeryMax/ITS/From_T2__fun5.t2__term_unfeasibility_0_0.smt2 : 907 ms.
--------------------------------------------------
sat
../QF_NIA_split/QF_NIA_2_25//20170427-VeryMax/ITS/From_T2__fun6.t2_fixed__p1043_terminationG_0.smt2 : 818 ms.
--------------------------------------------------
sat
../QF_NIA_split/QF_NIA_2_25//20170427-VeryMax/ITS/From_T2__fun6.t2_fixed__p1045_terminationG_0.smt2 : 1157 ms.
--------------------------------------------------
../QF_NIA_split/QF_NIA_2_25//20170427-VeryMax/ITS/From_T2__fun6.t2_fixed__p1046_terminationG_0.smt2 : 601008 ms.
--------------------------------------------------
sat
../QF_NIA_split/QF_NIA_2_25//20170427-VeryMax/ITS/From_T2__fun6.t2_fixed__p1051_terminationG_0.smt2 : 557 ms.
--------------------------------------------------
sat
../QF_NIA_split/QF_NIA_2_25//20170427-VeryMax/ITS/From_T2__fun6.t2_fixed__p1052_terminationG_0.smt2 : 9811 ms.
--------------------------------------------------
../QF_NIA_split/QF_NIA_2_25//20170427-VeryMax/ITS/From_T2__fun6.t2_fixed__p1055_terminationG_0.smt2 : 601006 ms.
--------------------------------------------------
unsat
../QF_NIA_split/QF_NIA_2_25//20170427-VeryMax/ITS/From_T2__fun6.t2_fixed__p1060_terminationG_0.smt2 : 2422 ms.
--------------------------------------------------
unknown
../QF_NIA_split/QF_NIA_2_25//20170427-VeryMax/ITS/From_T2__fun6.t2_fixed__p1061_terminationG_0.smt2 : 601006 ms.
--------------------------------------------------
../QF_NIA_split/QF_NIA_2_25//20170427-VeryMax/ITS/From_T2__fun6.t2_fixed__p1062_terminationG_0.smt2 : 601006 ms.
--------------------------------------------------
sat
../QF_NIA_split/QF_NIA_2_25//20170427-VeryMax/ITS/From_T2__fun6.t2_fixed__p1064_edge_closing_0.smt2 : 117 ms.
--------------------------------------------------
unknown
../QF_NIA_split/QF_NIA_2_25//20170427-VeryMax/ITS/From_T2__fun6.t2_fixed__p1065_edge_closing_0.smt2 : 600099 ms.
--------------------------------------------------
unknown
../QF_NIA_split/QF_NIA_2_25//20170427-VeryMax/ITS/From_T2__fun6.t2_fixed__p1066_edge_closing_0.smt2 : 600269 ms.
--------------------------------------------------
sat
../QF_NIA_split/QF_NIA_2_25//20170427-VeryMax/ITS/From_T2__fun6.t2_fixed__p1071_edge_closing_0.smt2 : 47962 ms.
--------------------------------------------------
unknown
../QF_NIA_split/QF_NIA_2_25//20170427-VeryMax/ITS/From_T2__fun6.t2_fixed__p1072_edge_closing_0.smt2 : 600310 ms.
--------------------------------------------------
../QF_NIA_split/QF_NIA_2_25//20170427-VeryMax/ITS/From_T2__fun6.t2_fixed__p1073_edge_closing_0.smt2 : 601005 ms.
--------------------------------------------------
sat
../QF_NIA_split/QF_NIA_2_25//20170427-VeryMax/ITS/From_T2__fun6.t2_fixed__p1074_edge_closing_0.smt2 : 96123 ms.
--------------------------------------------------
../QF_NIA_split/QF_NIA_2_25//20170427-VeryMax/ITS/From_T2__fun6.t2_fixed__p1075_edge_closing_0.smt2 : 601005 ms.
--------------------------------------------------
../QF_NIA_split/QF_NIA_2_25//20170427-VeryMax/ITS/From_T2__fun6.t2_fixed__p1076_edge_closing_0.smt2 : 601007 ms.
--------------------------------------------------
sat
../QF_NIA_split/QF_NIA_2_25//20170427-VeryMax/ITS/From_T2__fun6.t2__p1083_terminationG_0.smt2 : 1181 ms.
--------------------------------------------------
../QF_NIA_split/QF_NIA_2_25//20170427-VeryMax/ITS/From_T2__fun6.t2__p1084_terminationG_0.smt2 : 601006 ms.
--------------------------------------------------
../QF_NIA_split/QF_NIA_2_25//20170427-VeryMax/ITS/From_T2__fun6.t2__p1085_terminationG_0.smt2 : 601006 ms.
--------------------------------------------------
sat
../QF_NIA_split/QF_NIA_2_25//20170427-VeryMax/ITS/From_T2__fun6.t2__p1091_terminationG_0.smt2 : 1491 ms.
--------------------------------------------------
unknown
../QF_NIA_split/QF_NIA_2_25//20170427-VeryMax/ITS/From_T2__fun6.t2__p1092_terminationG_0.smt2 : 600130 ms.
--------------------------------------------------
../QF_NIA_split/QF_NIA_2_25//20170427-VeryMax/ITS/From_T2__fun6.t2__p1093_terminationG_0.smt2 : 601006 ms.
--------------------------------------------------
unsat
../QF_NIA_split/QF_NIA_2_25//20170427-VeryMax/ITS/From_T2__fun6.t2__p1098_terminationG_0.smt2 : 4863 ms.
--------------------------------------------------
../QF_NIA_split/QF_NIA_2_25//20170427-VeryMax/ITS/From_T2__fun6.t2__p1099_terminationG_0.smt2 : 601006 ms.
--------------------------------------------------
../QF_NIA_split/QF_NIA_2_25//20170427-VeryMax/ITS/From_T2__fun6.t2__p1100_terminationG_0.smt2 : 601006 ms.
--------------------------------------------------
sat
../QF_NIA_split/QF_NIA_2_25//20170427-VeryMax/ITS/From_T2__fun6.t2__p1102_edge_closing_0.smt2 : 775 ms.
--------------------------------------------------
unknown
../QF_NIA_split/QF_NIA_2_25//20170427-VeryMax/ITS/From_T2__fun6.t2__p1103_edge_closing_0.smt2 : 600249 ms.
--------------------------------------------------
../QF_NIA_split/QF_NIA_2_25//20170427-VeryMax/ITS/From_T2__fun6.t2__p1105_edge_closing_0.smt2 : 601006 ms.
--------------------------------------------------
../QF_NIA_split/QF_NIA_2_25//20170427-VeryMax/ITS/From_T2__fun7.t2_fixed__p1116_terminationG_0.smt2 : 601007 ms.
--------------------------------------------------
../QF_NIA_split/QF_NIA_2_25//20170427-VeryMax/ITS/From_T2__fun7.t2_fixed__p1117_terminationG_0.smt2 : 601006 ms.
--------------------------------------------------
../QF_NIA_split/QF_NIA_2_25//20170427-VeryMax/ITS/From_T2__fun7.t2_fixed__p1123_terminationG_0.smt2 : 601006 ms.
--------------------------------------------------
../QF_NIA_split/QF_NIA_2_25//20170427-VeryMax/ITS/From_T2__fun7.t2_fixed__p1124_terminationG_0.smt2 : 601006 ms.
--------------------------------------------------
sat
../QF_NIA_split/QF_NIA_2_25//20170427-VeryMax/ITS/From_T2__fun7.t2_fixed__p1127_edge_closing_0.smt2 : 228 ms.
--------------------------------------------------
sat
../QF_NIA_split/QF_NIA_2_25//20170427-VeryMax/ITS/From_T2__fun7.t2_fixed__p1128_edge_closing_0.smt2 : 274 ms.
--------------------------------------------------
unknown
../QF_NIA_split/QF_NIA_2_25//20170427-VeryMax/ITS/From_T2__fun7.t2_fixed__p1129_edge_closing_0.smt2 : 600276 ms.
--------------------------------------------------
../QF_NIA_split/QF_NIA_2_25//20170427-VeryMax/ITS/From_T2__fun7.t2__p1141_terminationG_0.smt2 : 601005 ms.
--------------------------------------------------
../QF_NIA_split/QF_NIA_2_25//20170427-VeryMax/ITS/From_T2__fun7.t2__p1142_terminationG_0.smt2 : 601006 ms.
--------------------------------------------------
unsat
../QF_NIA_split/QF_NIA_2_25//20170427-VeryMax/ITS/From_T2__fun7.t2__p1150_terminationG_0.smt2 : 773 ms.
--------------------------------------------------
unknown
../QF_NIA_split/QF_NIA_2_25//20170427-VeryMax/ITS/From_T2__fun7.t2__p1151_terminationG_0.smt2 : 600936 ms.
--------------------------------------------------
../QF_NIA_split/QF_NIA_2_25//20170427-VeryMax/ITS/From_T2__fun7.t2__p1152_terminationG_0.smt2 : 601006 ms.
--------------------------------------------------
unsat
../QF_NIA_split/QF_NIA_2_25//20170427-VeryMax/ITS/From_T2__fun7.t2__p1158_terminationG_0.smt2 : 1329 ms.
--------------------------------------------------
../QF_NIA_split/QF_NIA_2_25//20170427-VeryMax/ITS/From_T2__fun7.t2__p1160_terminationG_0.smt2 : 601006 ms.
--------------------------------------------------
../QF_NIA_split/QF_NIA_2_25//20170427-VeryMax/ITS/From_T2__fun7.t2__p1161_terminationG_0.smt2 : 601006 ms.
--------------------------------------------------
sat
../QF_NIA_split/QF_NIA_2_25//20170427-VeryMax/ITS/From_T2__fun7.t2__p1164_edge_closing_0.smt2 : 1477 ms.
--------------------------------------------------
unknown
../QF_NIA_split/QF_NIA_2_25//20170427-VeryMax/ITS/From_T2__fun7.t2__p1165_edge_closing_0.smt2 : 600453 ms.
--------------------------------------------------
unknown
../QF_NIA_split/QF_NIA_2_25//20170427-VeryMax/ITS/From_T2__fun7.t2__p1167_edge_closing_0.smt2 : 600688 ms.
--------------------------------------------------
unsat
../QF_NIA_split/QF_NIA_2_25//20170427-VeryMax/ITS/From_T2__fun7.t2__terminationQ_0_0.smt2 : 208 ms.
