--------------------------------------------------
unknown
../QF_NIA_split/QF_NIA_8//leipzig/term-0Awwcv.smt2 : 26892 ms.
--------------------------------------------------
./run.sh: line 4: 422769 Killed                  $cvc5 -L smt2.6 --tlimit=$time_t --no-incremental --no-type-checking --no-interactive $1
../QF_NIA_split/QF_NIA_8//leipzig/term-0BB4ks.smt2 : 60029 ms.
--------------------------------------------------
sat
../QF_NIA_split/QF_NIA_8//leipzig/term-0Hb4yp.smt2 : 569 ms.
--------------------------------------------------
./run.sh: line 4: 427645 Killed                  $cvc5 -L smt2.6 --tlimit=$time_t --no-incremental --no-type-checking --no-interactive $1
../QF_NIA_split/QF_NIA_8//leipzig/term-0iwxZS.smt2 : 60028 ms.
--------------------------------------------------
sat
../QF_NIA_split/QF_NIA_8//leipzig/term-3qaBfW.smt2 : 967 ms.
--------------------------------------------------
sat
../QF_NIA_split/QF_NIA_8//leipzig/term-3rtjVi.smt2 : 2981 ms.
--------------------------------------------------
./run.sh: line 4: 432218 Killed                  $cvc5 -L smt2.6 --tlimit=$time_t --no-incremental --no-type-checking --no-interactive $1
../QF_NIA_split/QF_NIA_8//leipzig/term-3wwoHp.smt2 : 60035 ms.
--------------------------------------------------
sat
../QF_NIA_split/QF_NIA_8//leipzig/term-44GWq9.smt2 : 1724 ms.
--------------------------------------------------
./run.sh: line 4: 436723 Killed                  $cvc5 -L smt2.6 --tlimit=$time_t --no-incremental --no-type-checking --no-interactive $1
../QF_NIA_split/QF_NIA_8//leipzig/term-47h0ua.smt2 : 60022 ms.
--------------------------------------------------
sat
../QF_NIA_split/QF_NIA_8//leipzig/term-4AzLVe.smt2 : 367 ms.
--------------------------------------------------
sat
../QF_NIA_split/QF_NIA_8//leipzig/term-4d0iwO.smt2 : 178 ms.
--------------------------------------------------
sat
../QF_NIA_split/QF_NIA_8//leipzig/term-4LNX6G.smt2 : 27753 ms.
--------------------------------------------------
./run.sh: line 4: 442907 Killed                  $cvc5 -L smt2.6 --tlimit=$time_t --no-incremental --no-type-checking --no-interactive $1
../QF_NIA_split/QF_NIA_8//leipzig/term-4Th0Gp.smt2 : 60053 ms.
--------------------------------------------------
sat
../QF_NIA_split/QF_NIA_8//leipzig/term-4UoYtH.smt2 : 51473 ms.
--------------------------------------------------
cvc5 interrupted by timeout.
./run.sh: line 4: 450279 Aborted                 (core dumped) $cvc5 -L smt2.6 --tlimit=$time_t --no-incremental --no-type-checking --no-interactive $1
../QF_NIA_split/QF_NIA_8//leipzig/term-5Luqnl.smt2 : 60053 ms.
--------------------------------------------------
sat
../QF_NIA_split/QF_NIA_8//leipzig/term-607QpU.smt2 : 3544 ms.
--------------------------------------------------
cvc5 interrupted by timeout.
./run.sh: line 4: 454273 Killed                  $cvc5 -L smt2.6 --tlimit=$time_t --no-incremental --no-type-checking --no-interactive $1
../QF_NIA_split/QF_NIA_8//leipzig/term-6k3pKM.smt2 : 60027 ms.
--------------------------------------------------
cvc5 interrupted by timeout.
./run.sh: line 4: 458261 Aborted                 (core dumped) $cvc5 -L smt2.6 --tlimit=$time_t --no-incremental --no-type-checking --no-interactive $1
../QF_NIA_split/QF_NIA_8//leipzig/term-6mYU5G.smt2 : 60073 ms.
--------------------------------------------------
cvc5 interrupted by timeout.
./run.sh: line 4:  4551 Aborted                 (core dumped) $cvc5 -L smt2.6 --tlimit=$time_t --no-incremental --no-type-checking --no-interactive $1
../QF_NIA_split/QF_NIA_8//leipzig/term-6zE855.smt2 : 60048 ms.
--------------------------------------------------
./run.sh: line 4:  8438 Killed                  $cvc5 -L smt2.6 --tlimit=$time_t --no-incremental --no-type-checking --no-interactive $1
../QF_NIA_split/QF_NIA_8//leipzig/term-71B6am.smt2 : 60019 ms.
--------------------------------------------------
./run.sh: line 4: 12416 Killed                  $cvc5 -L smt2.6 --tlimit=$time_t --no-incremental --no-type-checking --no-interactive $1
../QF_NIA_split/QF_NIA_8//leipzig/term-7DXK1v.smt2 : 60021 ms.
--------------------------------------------------
./run.sh: line 4: 16381 Killed                  $cvc5 -L smt2.6 --tlimit=$time_t --no-incremental --no-type-checking --no-interactive $1
../QF_NIA_split/QF_NIA_8//leipzig/term-7fXGzy.smt2 : 60023 ms.
--------------------------------------------------
cvc5 interrupted by timeout.
./run.sh: line 4: 20573 Aborted                 (core dumped) $cvc5 -L smt2.6 --tlimit=$time_t --no-incremental --no-type-checking --no-interactive $1
../QF_NIA_split/QF_NIA_8//leipzig/term-7njo7V.smt2 : 60072 ms.
--------------------------------------------------
sat
../QF_NIA_split/QF_NIA_8//leipzig/term-7zXPfO.smt2 : 1618 ms.
--------------------------------------------------
cvc5 interrupted by timeout.
./run.sh: line 4: 24450 Aborted                 (core dumped) $cvc5 -L smt2.6 --tlimit=$time_t --no-incremental --no-type-checking --no-interactive $1
../QF_NIA_split/QF_NIA_8//leipzig/term-87NL0Z.smt2 : 60060 ms.
--------------------------------------------------
sat
../QF_NIA_split/QF_NIA_8//leipzig/term-8UXrgn.smt2 : 574 ms.
--------------------------------------------------
./run.sh: line 4: 28297 Killed                  $cvc5 -L smt2.6 --tlimit=$time_t --no-incremental --no-type-checking --no-interactive $1
../QF_NIA_split/QF_NIA_8//leipzig/term-9AOvYh.smt2 : 60025 ms.
--------------------------------------------------
sat
../QF_NIA_split/QF_NIA_8//leipzig/term-9mUXbx.smt2 : 36710 ms.
--------------------------------------------------
./run.sh: line 4: 34212 Killed                  $cvc5 -L smt2.6 --tlimit=$time_t --no-incremental --no-type-checking --no-interactive $1
../QF_NIA_split/QF_NIA_8//leipzig/term-9uFTFt.smt2 : 60027 ms.
--------------------------------------------------
./run.sh: line 4: 38208 Killed                  $cvc5 -L smt2.6 --tlimit=$time_t --no-incremental --no-type-checking --no-interactive $1
../QF_NIA_split/QF_NIA_8//leipzig/term-afghHl.smt2 : 60047 ms.
--------------------------------------------------
./run.sh: line 4: 41918 Killed                  $cvc5 -L smt2.6 --tlimit=$time_t --no-incremental --no-type-checking --no-interactive $1
../QF_NIA_split/QF_NIA_8//leipzig/term-AlRgl3.smt2 : 60024 ms.
--------------------------------------------------
sat
../QF_NIA_split/QF_NIA_8//leipzig/term-Aon9bM.smt2 : 4421 ms.
--------------------------------------------------
sat
../QF_NIA_split/QF_NIA_8//leipzig/term-AvoWGH.smt2 : 2061 ms.
--------------------------------------------------
sat
../QF_NIA_split/QF_NIA_8//leipzig/term-AwuLMZ.smt2 : 31364 ms.
--------------------------------------------------
./run.sh: line 4: 47735 Killed                  $cvc5 -L smt2.6 --tlimit=$time_t --no-incremental --no-type-checking --no-interactive $1
../QF_NIA_split/QF_NIA_8//leipzig/term-bEER96.smt2 : 60052 ms.
--------------------------------------------------
./run.sh: line 4: 51207 Killed                  $cvc5 -L smt2.6 --tlimit=$time_t --no-incremental --no-type-checking --no-interactive $1
../QF_NIA_split/QF_NIA_8//leipzig/term-BjWYcv.smt2 : 60017 ms.
--------------------------------------------------
./run.sh: line 4: 54620 Killed                  $cvc5 -L smt2.6 --tlimit=$time_t --no-incremental --no-type-checking --no-interactive $1
../QF_NIA_split/QF_NIA_8//leipzig/term-BKc7xf.smt2 : 60028 ms.
--------------------------------------------------
./run.sh: line 4: 57666 Killed                  $cvc5 -L smt2.6 --tlimit=$time_t --no-incremental --no-type-checking --no-interactive $1
../QF_NIA_split/QF_NIA_8//leipzig/term-bmKO7L.smt2 : 60071 ms.
--------------------------------------------------
./run.sh: line 4: 60776 Killed                  $cvc5 -L smt2.6 --tlimit=$time_t --no-incremental --no-type-checking --no-interactive $1
../QF_NIA_split/QF_NIA_8//leipzig/term-BpsRn7.smt2 : 60026 ms.
--------------------------------------------------
cvc5 interrupted by timeout.
./run.sh: line 4: 64278 Aborted                 (core dumped) $cvc5 -L smt2.6 --tlimit=$time_t --no-incremental --no-type-checking --no-interactive $1
../QF_NIA_split/QF_NIA_8//leipzig/term-brNnx4.smt2 : 60066 ms.
--------------------------------------------------
sat
../QF_NIA_split/QF_NIA_8//leipzig/term-bV2aN3.smt2 : 108 ms.
--------------------------------------------------
./run.sh: line 4: 67690 Killed                  $cvc5 -L smt2.6 --tlimit=$time_t --no-incremental --no-type-checking --no-interactive $1
../QF_NIA_split/QF_NIA_8//leipzig/term-BWHEfg.smt2 : 60023 ms.
--------------------------------------------------
sat
../QF_NIA_split/QF_NIA_8//leipzig/term-CrNtep.smt2 : 618 ms.
--------------------------------------------------
./run.sh: line 4: 70971 Killed                  $cvc5 -L smt2.6 --tlimit=$time_t --no-incremental --no-type-checking --no-interactive $1
../QF_NIA_split/QF_NIA_8//leipzig/term-cTfKvw.smt2 : 60020 ms.
--------------------------------------------------
sat
../QF_NIA_split/QF_NIA_8//leipzig/term-ddoFAO.smt2 : 470 ms.
--------------------------------------------------
sat
../QF_NIA_split/QF_NIA_8//leipzig/term-DtOD2C.smt2 : 95 ms.
--------------------------------------------------
sat
../QF_NIA_split/QF_NIA_8//leipzig/term-dwsxAX.smt2 : 1000 ms.
--------------------------------------------------
sat
../QF_NIA_split/QF_NIA_8//leipzig/term-e0uxKl.smt2 : 38 ms.
--------------------------------------------------
sat
../QF_NIA_split/QF_NIA_8//leipzig/term-eBQlfQ.smt2 : 2496 ms.
--------------------------------------------------
cvc5 interrupted by timeout.
./run.sh: line 4: 74459 Aborted                 (core dumped) $cvc5 -L smt2.6 --tlimit=$time_t --no-incremental --no-type-checking --no-interactive $1
../QF_NIA_split/QF_NIA_8//leipzig/term-EcNqkB.smt2 : 60069 ms.
--------------------------------------------------
sat
../QF_NIA_split/QF_NIA_8//leipzig/term-f2cozZ.smt2 : 7156 ms.
--------------------------------------------------
sat
../QF_NIA_split/QF_NIA_8//leipzig/term-F85Fh4.smt2 : 970 ms.
--------------------------------------------------
sat
../QF_NIA_split/QF_NIA_8//leipzig/term-fFoQCf.smt2 : 27374 ms.
--------------------------------------------------
sat
../QF_NIA_split/QF_NIA_8//leipzig/term-fqVg3m.smt2 : 1160 ms.
--------------------------------------------------
cvc5 interrupted by timeout.
./run.sh: line 4: 79998 Aborted                 (core dumped) $cvc5 -L smt2.6 --tlimit=$time_t --no-incremental --no-type-checking --no-interactive $1
../QF_NIA_split/QF_NIA_8//leipzig/term-fRkVkk.smt2 : 60060 ms.
--------------------------------------------------
./run.sh: line 4: 83391 Killed                  $cvc5 -L smt2.6 --tlimit=$time_t --no-incremental --no-type-checking --no-interactive $1
../QF_NIA_split/QF_NIA_8//leipzig/term-fu8ErM.smt2 : 60024 ms.
--------------------------------------------------
cvc5 interrupted by timeout.
./run.sh: line 4: 86729 Killed                  $cvc5 -L smt2.6 --tlimit=$time_t --no-incremental --no-type-checking --no-interactive $1
../QF_NIA_split/QF_NIA_8//leipzig/term-G0osfI.smt2 : 60066 ms.
--------------------------------------------------
./run.sh: line 4: 90153 Killed                  $cvc5 -L smt2.6 --tlimit=$time_t --no-incremental --no-type-checking --no-interactive $1
../QF_NIA_split/QF_NIA_8//leipzig/term-gH1uAj.smt2 : 60033 ms.
--------------------------------------------------
./run.sh: line 4: 93102 Killed                  $cvc5 -L smt2.6 --tlimit=$time_t --no-incremental --no-type-checking --no-interactive $1
../QF_NIA_split/QF_NIA_8//leipzig/term-gHq3ie.smt2 : 60025 ms.
--------------------------------------------------
sat
../QF_NIA_split/QF_NIA_8//leipzig/term-GPalmJ.smt2 : 5587 ms.
--------------------------------------------------
./run.sh: line 4: 96715 Killed                  $cvc5 -L smt2.6 --tlimit=$time_t --no-incremental --no-type-checking --no-interactive $1
../QF_NIA_split/QF_NIA_8//leipzig/term-guQhb3.smt2 : 60030 ms.
--------------------------------------------------
./run.sh: line 4: 99763 Killed                  $cvc5 -L smt2.6 --tlimit=$time_t --no-incremental --no-type-checking --no-interactive $1
../QF_NIA_split/QF_NIA_8//leipzig/term-Gxx8TQ.smt2 : 60029 ms.
--------------------------------------------------
cvc5 interrupted by timeout.
./run.sh: line 4: 102897 Aborted                 (core dumped) $cvc5 -L smt2.6 --tlimit=$time_t --no-incremental --no-type-checking --no-interactive $1
../QF_NIA_split/QF_NIA_8//leipzig/term-gZE9f0.smt2 : 60065 ms.
--------------------------------------------------
sat
../QF_NIA_split/QF_NIA_8//leipzig/term-H5JQ97.smt2 : 436 ms.
--------------------------------------------------
sat
../QF_NIA_split/QF_NIA_8//leipzig/term-H9wl52.smt2 : 4406 ms.
--------------------------------------------------
sat
../QF_NIA_split/QF_NIA_8//leipzig/term-hCYJUH.smt2 : 9847 ms.
--------------------------------------------------
./run.sh: line 4: 106961 Killed                  $cvc5 -L smt2.6 --tlimit=$time_t --no-incremental --no-type-checking --no-interactive $1
../QF_NIA_split/QF_NIA_8//leipzig/term-HonGrM.smt2 : 60026 ms.
--------------------------------------------------
cvc5 interrupted by timeout.
./run.sh: line 4: 110058 Killed                  $cvc5 -L smt2.6 --tlimit=$time_t --no-incremental --no-type-checking --no-interactive $1
../QF_NIA_split/QF_NIA_8//leipzig/term-iLy0I9.smt2 : 60054 ms.
--------------------------------------------------
./run.sh: line 4: 113049 Killed                  $cvc5 -L smt2.6 --tlimit=$time_t --no-incremental --no-type-checking --no-interactive $1
../QF_NIA_split/QF_NIA_8//leipzig/term-iQK4Ty.smt2 : 60040 ms.
--------------------------------------------------
./run.sh: line 4: 116041 Killed                  $cvc5 -L smt2.6 --tlimit=$time_t --no-incremental --no-type-checking --no-interactive $1
../QF_NIA_split/QF_NIA_8//leipzig/term-izcgso.smt2 : 60028 ms.
--------------------------------------------------
sat
../QF_NIA_split/QF_NIA_8//leipzig/term-jCge40.smt2 : 5248 ms.
--------------------------------------------------
sat
../QF_NIA_split/QF_NIA_8//leipzig/term-JpE7g8.smt2 : 6597 ms.
--------------------------------------------------
./run.sh: line 4: 119602 Killed                  $cvc5 -L smt2.6 --tlimit=$time_t --no-incremental --no-type-checking --no-interactive $1
../QF_NIA_split/QF_NIA_8//leipzig/term-jSSXi8.smt2 : 60046 ms.
--------------------------------------------------
sat
../QF_NIA_split/QF_NIA_8//leipzig/term-jWI18r.smt2 : 37463 ms.
--------------------------------------------------
./run.sh: line 4: 124477 Killed                  $cvc5 -L smt2.6 --tlimit=$time_t --no-incremental --no-type-checking --no-interactive $1
../QF_NIA_split/QF_NIA_8//leipzig/term-Jzxbf6.smt2 : 60032 ms.
--------------------------------------------------
cvc5 interrupted by timeout.
./run.sh: line 4: 127515 Killed                  $cvc5 -L smt2.6 --tlimit=$time_t --no-incremental --no-type-checking --no-interactive $1
../QF_NIA_split/QF_NIA_8//leipzig/term-K0mzk0.smt2 : 60062 ms.
--------------------------------------------------
./run.sh: line 4: 130534 Killed                  $cvc5 -L smt2.6 --tlimit=$time_t --no-incremental --no-type-checking --no-interactive $1
../QF_NIA_split/QF_NIA_8//leipzig/term-K5O3aH.smt2 : 60026 ms.
--------------------------------------------------
./run.sh: line 4: 133581 Killed                  $cvc5 -L smt2.6 --tlimit=$time_t --no-incremental --no-type-checking --no-interactive $1
../QF_NIA_split/QF_NIA_8//leipzig/term-KEViid.smt2 : 60025 ms.
--------------------------------------------------
sat
../QF_NIA_split/QF_NIA_8//leipzig/term-kJn9CF.smt2 : 172 ms.
--------------------------------------------------
./run.sh: line 4: 136571 Killed                  $cvc5 -L smt2.6 --tlimit=$time_t --no-incremental --no-type-checking --no-interactive $1
../QF_NIA_split/QF_NIA_8//leipzig/term-Kkefdl.smt2 : 60019 ms.
--------------------------------------------------
sat
../QF_NIA_split/QF_NIA_8//leipzig/term-KQpYCw.smt2 : 236 ms.
--------------------------------------------------
./run.sh: line 4: 139619 Killed                  $cvc5 -L smt2.6 --tlimit=$time_t --no-incremental --no-type-checking --no-interactive $1
../QF_NIA_split/QF_NIA_8//leipzig/term-KVnOQn.smt2 : 60020 ms.
--------------------------------------------------
cvc5 interrupted by timeout.
./run.sh: line 4: 142503 Aborted                 (core dumped) $cvc5 -L smt2.6 --tlimit=$time_t --no-incremental --no-type-checking --no-interactive $1
../QF_NIA_split/QF_NIA_8//leipzig/term-l6cqQI.smt2 : 60068 ms.
--------------------------------------------------
./run.sh: line 4: 145263 Killed                  $cvc5 -L smt2.6 --tlimit=$time_t --no-incremental --no-type-checking --no-interactive $1
../QF_NIA_split/QF_NIA_8//leipzig/term-lFYv5w.smt2 : 60021 ms.
--------------------------------------------------
sat
../QF_NIA_split/QF_NIA_8//leipzig/term-ljJt6X.smt2 : 743 ms.
--------------------------------------------------
cvc5 interrupted by timeout.
./run.sh: line 4: 147816 Aborted                 (core dumped) $cvc5 -L smt2.6 --tlimit=$time_t --no-incremental --no-type-checking --no-interactive $1
../QF_NIA_split/QF_NIA_8//leipzig/term-ltKI40.smt2 : 60065 ms.
--------------------------------------------------
./run.sh: line 4: 150450 Killed                  $cvc5 -L smt2.6 --tlimit=$time_t --no-incremental --no-type-checking --no-interactive $1
../QF_NIA_split/QF_NIA_8//leipzig/term-mGd00U.smt2 : 60031 ms.
--------------------------------------------------
sat
../QF_NIA_split/QF_NIA_8//leipzig/term-MImS6p.smt2 : 356 ms.
--------------------------------------------------
sat
../QF_NIA_split/QF_NIA_8//leipzig/term-MRIndM.smt2 : 590 ms.
--------------------------------------------------
cvc5 interrupted by timeout.
./run.sh: line 4: 153159 Aborted                 (core dumped) $cvc5 -L smt2.6 --tlimit=$time_t --no-incremental --no-type-checking --no-interactive $1
../QF_NIA_split/QF_NIA_8//leipzig/term-mscE2P.smt2 : 60068 ms.
--------------------------------------------------
cvc5 interrupted by timeout.
./run.sh: line 4: 155442 Aborted                 (core dumped) $cvc5 -L smt2.6 --tlimit=$time_t --no-incremental --no-type-checking --no-interactive $1
../QF_NIA_split/QF_NIA_8//leipzig/term-MT0pqd.smt2 : 60045 ms.
--------------------------------------------------
./run.sh: line 4: 157774 Killed                  $cvc5 -L smt2.6 --tlimit=$time_t --no-incremental --no-type-checking --no-interactive $1
../QF_NIA_split/QF_NIA_8//leipzig/term-MVylXc.smt2 : 60024 ms.
--------------------------------------------------
cvc5 interrupted by timeout.
./run.sh: line 4: 159770 Aborted                 (core dumped) $cvc5 -L smt2.6 --tlimit=$time_t --no-incremental --no-type-checking --no-interactive $1
../QF_NIA_split/QF_NIA_8//leipzig/term-Mx5Up4.smt2 : 60058 ms.
--------------------------------------------------
sat
../QF_NIA_split/QF_NIA_8//leipzig/term-mzEEAc.smt2 : 18858 ms.
--------------------------------------------------
./run.sh: line 4: 162504 Killed                  $cvc5 -L smt2.6 --tlimit=$time_t --no-incremental --no-type-checking --no-interactive $1
../QF_NIA_split/QF_NIA_8//leipzig/term-n2CwnV.smt2 : 60020 ms.
--------------------------------------------------
cvc5 interrupted by timeout.
./run.sh: line 4: 164485 Aborted                 (core dumped) $cvc5 -L smt2.6 --tlimit=$time_t --no-incremental --no-type-checking --no-interactive $1
../QF_NIA_split/QF_NIA_8//leipzig/term-n2YjEt.smt2 : 60055 ms.
--------------------------------------------------
sat
../QF_NIA_split/QF_NIA_8//leipzig/term-N42Sjd.smt2 : 26108 ms.
--------------------------------------------------
cvc5 interrupted by timeout.
./run.sh: line 4: 166807 Aborted                 (core dumped) $cvc5 -L smt2.6 --tlimit=$time_t --no-incremental --no-type-checking --no-interactive $1
../QF_NIA_split/QF_NIA_8//leipzig/term-nKoz7d.smt2 : 60048 ms.
--------------------------------------------------
./run.sh: line 4: 168315 Killed                  $cvc5 -L smt2.6 --tlimit=$time_t --no-incremental --no-type-checking --no-interactive $1
../QF_NIA_split/QF_NIA_8//leipzig/term-NlTyt4.smt2 : 60047 ms.
--------------------------------------------------
sat
../QF_NIA_split/QF_NIA_8//leipzig/term-NsXpL3.smt2 : 4285 ms.
--------------------------------------------------
cvc5 interrupted by timeout.
./run.sh: line 4: 170102 Aborted                 (core dumped) $cvc5 -L smt2.6 --tlimit=$time_t --no-incremental --no-type-checking --no-interactive $1
../QF_NIA_split/QF_NIA_8//leipzig/term-NxORIG.smt2 : 60098 ms.
--------------------------------------------------
sat
../QF_NIA_split/QF_NIA_8//leipzig/term-oPCuPe.smt2 : 183 ms.
--------------------------------------------------
sat
../QF_NIA_split/QF_NIA_8//leipzig/term-OWehGq.smt2 : 49 ms.
--------------------------------------------------
./run.sh: line 4: 171677 Killed                  $cvc5 -L smt2.6 --tlimit=$time_t --no-incremental --no-type-checking --no-interactive $1
../QF_NIA_split/QF_NIA_8//leipzig/term-OwnULw.smt2 : 60031 ms.
--------------------------------------------------
cvc5 interrupted by timeout.
./run.sh: line 4: 173329 Aborted                 (core dumped) $cvc5 -L smt2.6 --tlimit=$time_t --no-incremental --no-type-checking --no-interactive $1
../QF_NIA_split/QF_NIA_8//leipzig/term-OxDFxz.smt2 : 60052 ms.
--------------------------------------------------
sat
../QF_NIA_split/QF_NIA_8//leipzig/term-p63KxS.smt2 : 147 ms.
--------------------------------------------------
cvc5 interrupted by timeout.
./run.sh: line 4: 174927 Aborted                 (core dumped) $cvc5 -L smt2.6 --tlimit=$time_t --no-incremental --no-type-checking --no-interactive $1
../QF_NIA_split/QF_NIA_8//leipzig/term-p9MQp4.smt2 : 60051 ms.
--------------------------------------------------
sat
../QF_NIA_split/QF_NIA_8//leipzig/term-PGdOdF.smt2 : 28 ms.
--------------------------------------------------
sat
../QF_NIA_split/QF_NIA_8//leipzig/term-PoKkYi.smt2 : 3606 ms.
--------------------------------------------------
sat
../QF_NIA_split/QF_NIA_8//leipzig/term-PUJvAS.smt2 : 44986 ms.
--------------------------------------------------
sat
../QF_NIA_split/QF_NIA_8//leipzig/term-QA7c8U.smt2 : 272 ms.
--------------------------------------------------
sat
../QF_NIA_split/QF_NIA_8//leipzig/term-qAUj8f.smt2 : 442 ms.
--------------------------------------------------
cvc5 interrupted by timeout.
./run.sh: line 4: 177837 Aborted                 (core dumped) $cvc5 -L smt2.6 --tlimit=$time_t --no-incremental --no-type-checking --no-interactive $1
../QF_NIA_split/QF_NIA_8//leipzig/term-qp5mTw.smt2 : 60056 ms.
--------------------------------------------------
sat
../QF_NIA_split/QF_NIA_8//leipzig/term-qpmP2a.smt2 : 26 ms.
--------------------------------------------------
sat
../QF_NIA_split/QF_NIA_8//leipzig/term-qVa1BT.smt2 : 1899 ms.
--------------------------------------------------
sat
../QF_NIA_split/QF_NIA_8//leipzig/term-QW6yIL.smt2 : 9829 ms.
--------------------------------------------------
sat
../QF_NIA_split/QF_NIA_8//leipzig/term-Qx6y98.smt2 : 64 ms.
--------------------------------------------------
cvc5 interrupted by timeout.
./run.sh: line 4: 179460 Aborted                 (core dumped) $cvc5 -L smt2.6 --tlimit=$time_t --no-incremental --no-type-checking --no-interactive $1
../QF_NIA_split/QF_NIA_8//leipzig/term-qxG9KS.smt2 : 60042 ms.
--------------------------------------------------
sat
../QF_NIA_split/QF_NIA_8//leipzig/term-ReJksi.smt2 : 75 ms.
--------------------------------------------------
sat
../QF_NIA_split/QF_NIA_8//leipzig/term-rGohwx.smt2 : 6567 ms.
--------------------------------------------------
cvc5 interrupted by timeout.
./run.sh: line 4: 180876 Killed                  $cvc5 -L smt2.6 --tlimit=$time_t --no-incremental --no-type-checking --no-interactive $1
../QF_NIA_split/QF_NIA_8//leipzig/term-rIVs0x.smt2 : 60056 ms.
--------------------------------------------------
unknown
../QF_NIA_split/QF_NIA_8//leipzig/term-RYAv9d.smt2 : 17829 ms.
--------------------------------------------------
sat
../QF_NIA_split/QF_NIA_8//leipzig/term-tEmpby.smt2 : 583 ms.
--------------------------------------------------
./run.sh: line 4: 182508 Killed                  $cvc5 -L smt2.6 --tlimit=$time_t --no-incremental --no-type-checking --no-interactive $1
../QF_NIA_split/QF_NIA_8//leipzig/term-tHV3De.smt2 : 60026 ms.
--------------------------------------------------
cvc5 interrupted by timeout.
./run.sh: line 4: 183709 Aborted                 (core dumped) $cvc5 -L smt2.6 --tlimit=$time_t --no-incremental --no-type-checking --no-interactive $1
../QF_NIA_split/QF_NIA_8//leipzig/term-U3qtcQ.smt2 : 60049 ms.
--------------------------------------------------
sat
../QF_NIA_split/QF_NIA_8//leipzig/term-ubDExd.smt2 : 145 ms.
--------------------------------------------------
./run.sh: line 4: 184819 Killed                  $cvc5 -L smt2.6 --tlimit=$time_t --no-incremental --no-type-checking --no-interactive $1
../QF_NIA_split/QF_NIA_8//leipzig/term-UCZhjg.smt2 : 60026 ms.
--------------------------------------------------
sat
../QF_NIA_split/QF_NIA_8//leipzig/term-uI6QEr.smt2 : 673 ms.
--------------------------------------------------
sat
../QF_NIA_split/QF_NIA_8//leipzig/term-uiHa9g.smt2 : 1291 ms.
--------------------------------------------------
sat
../QF_NIA_split/QF_NIA_8//leipzig/term-ULo1kJ.smt2 : 814 ms.
--------------------------------------------------
cvc5 interrupted by timeout.
./run.sh: line 4: 185967 Aborted                 (core dumped) $cvc5 -L smt2.6 --tlimit=$time_t --no-incremental --no-type-checking --no-interactive $1
../QF_NIA_split/QF_NIA_8//leipzig/term-uLZTRN.smt2 : 60063 ms.
--------------------------------------------------
unsat
../QF_NIA_split/QF_NIA_8//leipzig/term-unsat-01.smt2 : 394 ms.
--------------------------------------------------
cvc5 interrupted by timeout.
./run.sh: line 4: 187204 Aborted                 (core dumped) $cvc5 -L smt2.6 --tlimit=$time_t --no-incremental --no-type-checking --no-interactive $1
../QF_NIA_split/QF_NIA_8//leipzig/term-unsat-02.smt2 : 60050 ms.
--------------------------------------------------
cvc5 interrupted by timeout.
./run.sh: line 4: 188328 Aborted                 (core dumped) $cvc5 -L smt2.6 --tlimit=$time_t --no-incremental --no-type-checking --no-interactive $1
../QF_NIA_split/QF_NIA_8//leipzig/term-unsat-03.smt2 : 60048 ms.
--------------------------------------------------
cvc5 interrupted by timeout.
./run.sh: line 4: 189625 Aborted                 (core dumped) $cvc5 -L smt2.6 --tlimit=$time_t --no-incremental --no-type-checking --no-interactive $1
../QF_NIA_split/QF_NIA_8//leipzig/term-unsat-04.smt2 : 60065 ms.
--------------------------------------------------
cvc5 interrupted by timeout.
./run.sh: line 4: 190743 Aborted                 (core dumped) $cvc5 -L smt2.6 --tlimit=$time_t --no-incremental --no-type-checking --no-interactive $1
../QF_NIA_split/QF_NIA_8//leipzig/term-unsat-05.smt2 : 60062 ms.
--------------------------------------------------
cvc5 interrupted by timeout.
./run.sh: line 4: 191772 Aborted                 (core dumped) $cvc5 -L smt2.6 --tlimit=$time_t --no-incremental --no-type-checking --no-interactive $1
../QF_NIA_split/QF_NIA_8//leipzig/term-uxNAu4.smt2 : 60048 ms.
--------------------------------------------------
sat
../QF_NIA_split/QF_NIA_8//leipzig/term-uyuSEz.smt2 : 18775 ms.
--------------------------------------------------
cvc5 interrupted by timeout.
./run.sh: line 4: 193045 Aborted                 (core dumped) $cvc5 -L smt2.6 --tlimit=$time_t --no-incremental --no-type-checking --no-interactive $1
../QF_NIA_split/QF_NIA_8//leipzig/term-V7zYuz.smt2 : 60060 ms.
--------------------------------------------------
cvc5 interrupted by timeout.
./run.sh: line 4: 193976 Aborted                 (core dumped) $cvc5 -L smt2.6 --tlimit=$time_t --no-incremental --no-type-checking --no-interactive $1
../QF_NIA_split/QF_NIA_8//leipzig/term-vd4nMl.smt2 : 60082 ms.
--------------------------------------------------
cvc5 interrupted by timeout.
./run.sh: line 4: 197486 Aborted                 (core dumped) $cvc5 -L smt2.6 --tlimit=$time_t --no-incremental --no-type-checking --no-interactive $1
../QF_NIA_split/QF_NIA_8//leipzig/term-VdS5DK.smt2 : 60067 ms.
--------------------------------------------------
sat
../QF_NIA_split/QF_NIA_8//leipzig/term-VKcdAi.smt2 : 7929 ms.
--------------------------------------------------
cvc5 interrupted by timeout.
./run.sh: line 4: 199087 Aborted                 (core dumped) $cvc5 -L smt2.6 --tlimit=$time_t --no-incremental --no-type-checking --no-interactive $1
../QF_NIA_split/QF_NIA_8//leipzig/term-vmxeK5.smt2 : 60064 ms.
--------------------------------------------------
cvc5 interrupted by timeout.
./run.sh: line 4: 200521 Aborted                 (core dumped) $cvc5 -L smt2.6 --tlimit=$time_t --no-incremental --no-type-checking --no-interactive $1
../QF_NIA_split/QF_NIA_8//leipzig/term-vNKPi7.smt2 : 60069 ms.
--------------------------------------------------
cvc5 interrupted by timeout.
cvc5 interrupted by SIGTERM.
../QF_NIA_split/QF_NIA_8//leipzig/term-VvvOL1.smt2 : 61006 ms.
--------------------------------------------------
cvc5 interrupted by timeout.
cvc5 interrupted by SIGTERM.
../QF_NIA_split/QF_NIA_8//leipzig/term-VzZ1SP.smt2 : 61005 ms.
--------------------------------------------------
cvc5 interrupted by timeout.
./run.sh: line 4: 205120 Aborted                 (core dumped) $cvc5 -L smt2.6 --tlimit=$time_t --no-incremental --no-type-checking --no-interactive $1
../QF_NIA_split/QF_NIA_8//leipzig/term-WG086A.smt2 : 60064 ms.
--------------------------------------------------
cvc5 interrupted by timeout.
./run.sh: line 4: 206356 Aborted                 (core dumped) $cvc5 -L smt2.6 --tlimit=$time_t --no-incremental --no-type-checking --no-interactive $1
../QF_NIA_split/QF_NIA_8//leipzig/term-wIaXCN.smt2 : 60059 ms.
--------------------------------------------------
cvc5 interrupted by timeout.
./run.sh: line 4: 207399 Aborted                 (core dumped) $cvc5 -L smt2.6 --tlimit=$time_t --no-incremental --no-type-checking --no-interactive $1
../QF_NIA_split/QF_NIA_8//leipzig/term-WRsGm0.smt2 : 60070 ms.
--------------------------------------------------
cvc5 interrupted by timeout.
./run.sh: line 4: 208129 Aborted                 (core dumped) $cvc5 -L smt2.6 --tlimit=$time_t --no-incremental --no-type-checking --no-interactive $1
../QF_NIA_split/QF_NIA_8//leipzig/term-Wvoafx.smt2 : 60069 ms.
--------------------------------------------------
sat
../QF_NIA_split/QF_NIA_8//leipzig/term-X2tjiE.smt2 : 11825 ms.
--------------------------------------------------
cvc5 interrupted by timeout.
./run.sh: line 4: 208825 Aborted                 (core dumped) $cvc5 -L smt2.6 --tlimit=$time_t --no-incremental --no-type-checking --no-interactive $1
../QF_NIA_split/QF_NIA_8//leipzig/term-x3m7eh.smt2 : 60059 ms.
--------------------------------------------------
cvc5 interrupted by timeout.
./run.sh: line 4: 209955 Aborted                 (core dumped) $cvc5 -L smt2.6 --tlimit=$time_t --no-incremental --no-type-checking --no-interactive $1
../QF_NIA_split/QF_NIA_8//leipzig/term-x876Jc.smt2 : 60055 ms.
--------------------------------------------------
cvc5 interrupted by timeout.
./run.sh: line 4: 210804 Killed                  $cvc5 -L smt2.6 --tlimit=$time_t --no-incremental --no-type-checking --no-interactive $1
../QF_NIA_split/QF_NIA_8//leipzig/term-XbWQfu.smt2 : 60035 ms.
--------------------------------------------------
cvc5 interrupted by timeout.
./run.sh: line 4: 211423 Aborted                 (core dumped) $cvc5 -L smt2.6 --tlimit=$time_t --no-incremental --no-type-checking --no-interactive $1
../QF_NIA_split/QF_NIA_8//leipzig/term-xNepZV.smt2 : 60058 ms.
--------------------------------------------------
sat
../QF_NIA_split/QF_NIA_8//leipzig/term-XoKPE3.smt2 : 112 ms.
--------------------------------------------------
sat
../QF_NIA_split/QF_NIA_8//leipzig/term-xpOcFG.smt2 : 608 ms.
--------------------------------------------------
sat
../QF_NIA_split/QF_NIA_8//leipzig/term-XxBfs0.smt2 : 522 ms.
--------------------------------------------------
sat
../QF_NIA_split/QF_NIA_8//leipzig/term-y6bI5p.smt2 : 1842 ms.
--------------------------------------------------
./run.sh: line 4: 212119 Killed                  $cvc5 -L smt2.6 --tlimit=$time_t --no-incremental --no-type-checking --no-interactive $1
../QF_NIA_split/QF_NIA_8//leipzig/term-YAnutr.smt2 : 60028 ms.
--------------------------------------------------
sat
../QF_NIA_split/QF_NIA_8//leipzig/term-YdLBHK.smt2 : 2267 ms.
--------------------------------------------------
sat
../QF_NIA_split/QF_NIA_8//leipzig/term-ye1ece.smt2 : 2161 ms.
--------------------------------------------------
cvc5 interrupted by timeout.
./run.sh: line 4: 212992 Aborted                 (core dumped) $cvc5 -L smt2.6 --tlimit=$time_t --no-incremental --no-type-checking --no-interactive $1
../QF_NIA_split/QF_NIA_8//leipzig/term-YFqomz.smt2 : 60061 ms.
--------------------------------------------------
sat
../QF_NIA_split/QF_NIA_8//leipzig/term-Yi0Ihn.smt2 : 6801 ms.
--------------------------------------------------
cvc5 interrupted by timeout.
./run.sh: line 4: 214169 Killed                  $cvc5 -L smt2.6 --tlimit=$time_t --no-incremental --no-type-checking --no-interactive $1
../QF_NIA_split/QF_NIA_8//leipzig/term-yQHKkv.smt2 : 60082 ms.
--------------------------------------------------
sat
../QF_NIA_split/QF_NIA_8//leipzig/term-yzpVx9.smt2 : 3503 ms.
--------------------------------------------------
cvc5 interrupted by timeout.
./run.sh: line 4: 214885 Aborted                 (core dumped) $cvc5 -L smt2.6 --tlimit=$time_t --no-incremental --no-type-checking --no-interactive $1
../QF_NIA_split/QF_NIA_8//leipzig/term-zUp1s3.smt2 : 60059 ms.
