--------------------------------------------------
sat
../QF_NIA_split/QF_NIA_2_31//20170427-VeryMax/ITS/From_T2__s1.t2_fixed__p15158_terminationG_0.smt2 : 28620 ms.
--------------------------------------------------
unknown
../QF_NIA_split/QF_NIA_2_31//20170427-VeryMax/ITS/From_T2__s1.t2_fixed__p15159_terminationG_0.smt2 : 60193 ms.
--------------------------------------------------
../QF_NIA_split/QF_NIA_2_31//20170427-VeryMax/ITS/From_T2__s1.t2_fixed__p15160_terminationG_0.smt2 : 61008 ms.
--------------------------------------------------
sat
../QF_NIA_split/QF_NIA_2_31//20170427-VeryMax/ITS/From_T2__s1.t2_fixed__p15163_terminationG_0.smt2 : 23736 ms.
--------------------------------------------------
unknown
../QF_NIA_split/QF_NIA_2_31//20170427-VeryMax/ITS/From_T2__s1.t2_fixed__p15164_terminationG_0.smt2 : 60183 ms.
--------------------------------------------------
../QF_NIA_split/QF_NIA_2_31//20170427-VeryMax/ITS/From_T2__s1.t2_fixed__p15165_terminationG_0.smt2 : 61007 ms.
--------------------------------------------------
sat
../QF_NIA_split/QF_NIA_2_31//20170427-VeryMax/ITS/From_T2__s1.t2_fixed__p15168_terminationG_0.smt2 : 33221 ms.
--------------------------------------------------
unknown
../QF_NIA_split/QF_NIA_2_31//20170427-VeryMax/ITS/From_T2__s1.t2_fixed__p15169_terminationG_0.smt2 : 60166 ms.
--------------------------------------------------
unknown
../QF_NIA_split/QF_NIA_2_31//20170427-VeryMax/ITS/From_T2__s1.t2_fixed__p15170_terminationG_0.smt2 : 60225 ms.
--------------------------------------------------
sat
../QF_NIA_split/QF_NIA_2_31//20170427-VeryMax/ITS/From_T2__s1.t2_fixed__p15173_terminationG_0.smt2 : 26344 ms.
--------------------------------------------------
unknown
../QF_NIA_split/QF_NIA_2_31//20170427-VeryMax/ITS/From_T2__s1.t2_fixed__p15174_terminationG_0.smt2 : 60138 ms.
--------------------------------------------------
unknown
../QF_NIA_split/QF_NIA_2_31//20170427-VeryMax/ITS/From_T2__s1.t2_fixed__p15175_terminationG_0.smt2 : 60205 ms.
--------------------------------------------------
sat
../QF_NIA_split/QF_NIA_2_31//20170427-VeryMax/ITS/From_T2__s1.t2_fixed__p15178_terminationG_0.smt2 : 1808 ms.
--------------------------------------------------
unknown
../QF_NIA_split/QF_NIA_2_31//20170427-VeryMax/ITS/From_T2__s1.t2_fixed__p15179_terminationG_0.smt2 : 60145 ms.
--------------------------------------------------
../QF_NIA_split/QF_NIA_2_31//20170427-VeryMax/ITS/From_T2__s1.t2_fixed__p15180_terminationG_0.smt2 : 61007 ms.
--------------------------------------------------
sat
../QF_NIA_split/QF_NIA_2_31//20170427-VeryMax/ITS/From_T2__s1.t2_fixed__p15183_terminationG_0.smt2 : 1872 ms.
--------------------------------------------------
unknown
../QF_NIA_split/QF_NIA_2_31//20170427-VeryMax/ITS/From_T2__s1.t2_fixed__p15184_terminationG_0.smt2 : 60119 ms.
--------------------------------------------------
../QF_NIA_split/QF_NIA_2_31//20170427-VeryMax/ITS/From_T2__s1.t2_fixed__p15185_terminationG_0.smt2 : 61006 ms.
--------------------------------------------------
sat
../QF_NIA_split/QF_NIA_2_31//20170427-VeryMax/ITS/From_T2__s1.t2_fixed__p15188_terminationG_0.smt2 : 2236 ms.
--------------------------------------------------
sat
../QF_NIA_split/QF_NIA_2_31//20170427-VeryMax/ITS/From_T2__s1.t2_fixed__p15189_terminationG_0.smt2 : 759 ms.
--------------------------------------------------
unknown
../QF_NIA_split/QF_NIA_2_31//20170427-VeryMax/ITS/From_T2__s1.t2_fixed__p15190_terminationG_0.smt2 : 60145 ms.
--------------------------------------------------
../QF_NIA_split/QF_NIA_2_31//20170427-VeryMax/ITS/From_T2__s1.t2_fixed__p15194_terminationG_0.smt2 : 61007 ms.
--------------------------------------------------
unknown
../QF_NIA_split/QF_NIA_2_31//20170427-VeryMax/ITS/From_T2__s1.t2_fixed__p15195_terminationG_0.smt2 : 60148 ms.
--------------------------------------------------
unsat
../QF_NIA_split/QF_NIA_2_31//20170427-VeryMax/ITS/From_T2__s1.t2_fixed__p15593_safety_0.smt2 : 2018 ms.
--------------------------------------------------
../QF_NIA_split/QF_NIA_2_31//20170427-VeryMax/ITS/From_T2__s1.t2_fixed__p15597_safety_0.smt2 : 61007 ms.
--------------------------------------------------
unknown
../QF_NIA_split/QF_NIA_2_31//20170427-VeryMax/ITS/From_T2__s1.t2_fixed__p15601_safety_0.smt2 : 60111 ms.
--------------------------------------------------
../QF_NIA_split/QF_NIA_2_31//20170427-VeryMax/ITS/From_T2__s1.t2_fixed__p15602_safety_0.smt2 : 61006 ms.
--------------------------------------------------
unsat
../QF_NIA_split/QF_NIA_2_31//20170427-VeryMax/ITS/From_T2__s1.t2_fixed__p15621_safety_0.smt2 : 1081 ms.
--------------------------------------------------
../QF_NIA_split/QF_NIA_2_31//20170427-VeryMax/ITS/From_T2__s1.t2_fixed__p15622_safety_0.smt2 : 61006 ms.
--------------------------------------------------
unsat
../QF_NIA_split/QF_NIA_2_31//20170427-VeryMax/ITS/From_T2__s1.t2_fixed__p15624_safety_0.smt2 : 1062 ms.
--------------------------------------------------
../QF_NIA_split/QF_NIA_2_31//20170427-VeryMax/ITS/From_T2__s1.t2_fixed__p15626_safety_0.smt2 : 61006 ms.
--------------------------------------------------
unsat
../QF_NIA_split/QF_NIA_2_31//20170427-VeryMax/ITS/From_T2__s1.t2_fixed__p15635_safety_0.smt2 : 727 ms.
--------------------------------------------------
../QF_NIA_split/QF_NIA_2_31//20170427-VeryMax/ITS/From_T2__s1.t2_fixed__p15636_safety_0.smt2 : 61006 ms.
--------------------------------------------------
unsat
../QF_NIA_split/QF_NIA_2_31//20170427-VeryMax/ITS/From_T2__s1.t2_fixed__p15639_safety_0.smt2 : 23354 ms.
--------------------------------------------------
../QF_NIA_split/QF_NIA_2_31//20170427-VeryMax/ITS/From_T2__s1.t2_fixed__p15640_safety_0.smt2 : 61007 ms.
--------------------------------------------------
../QF_NIA_split/QF_NIA_2_31//20170427-VeryMax/ITS/From_T2__s1.t2_fixed__p15648_safety_0.smt2 : 61007 ms.
--------------------------------------------------
sat
../QF_NIA_split/QF_NIA_2_31//20170427-VeryMax/ITS/From_T2__s1.t2_fixed__p15649_safety_0.smt2 : 3941 ms.
--------------------------------------------------
../QF_NIA_split/QF_NIA_2_31//20170427-VeryMax/ITS/From_T2__s1.t2_fixed__p15677_safety_0.smt2 : 61007 ms.
--------------------------------------------------
sat
../QF_NIA_split/QF_NIA_2_31//20170427-VeryMax/ITS/From_T2__s1.t2_fixed__p15686_safety_0.smt2 : 7118 ms.
--------------------------------------------------
sat
../QF_NIA_split/QF_NIA_2_31//20170427-VeryMax/ITS/From_T2__s1.t2_fixed__p15707_safety_0.smt2 : 988 ms.
--------------------------------------------------
sat
../QF_NIA_split/QF_NIA_2_31//20170427-VeryMax/ITS/From_T2__s1.t2_fixed__p15733_safety_0.smt2 : 547 ms.
--------------------------------------------------
sat
../QF_NIA_split/QF_NIA_2_31//20170427-VeryMax/ITS/From_T2__s1.t2_fixed__p15760_safety_0.smt2 : 524 ms.
--------------------------------------------------
sat
../QF_NIA_split/QF_NIA_2_31//20170427-VeryMax/ITS/From_T2__s1.t2_fixed__p15856_safety_0.smt2 : 3215 ms.
--------------------------------------------------
sat
../QF_NIA_split/QF_NIA_2_31//20170427-VeryMax/ITS/From_T2__s1.t2_fixed__p15882_safety_0.smt2 : 472 ms.
--------------------------------------------------
sat
../QF_NIA_split/QF_NIA_2_31//20170427-VeryMax/ITS/From_T2__s1.t2_fixed__p15883_safety_0.smt2 : 3004 ms.
--------------------------------------------------
sat
../QF_NIA_split/QF_NIA_2_31//20170427-VeryMax/ITS/From_T2__s1.t2_fixed__p15885_safety_0.smt2 : 25360 ms.
--------------------------------------------------
sat
../QF_NIA_split/QF_NIA_2_31//20170427-VeryMax/ITS/From_T2__s1.t2_fixed__p15983_safety_0.smt2 : 1222 ms.
--------------------------------------------------
sat
../QF_NIA_split/QF_NIA_2_31//20170427-VeryMax/ITS/From_T2__s1.t2_fixed__p15985_safety_0.smt2 : 638 ms.
--------------------------------------------------
../QF_NIA_split/QF_NIA_2_31//20170427-VeryMax/ITS/From_T2__s1.t2_fixed__p15986_safety_0.smt2 : 61006 ms.
--------------------------------------------------
../QF_NIA_split/QF_NIA_2_31//20170427-VeryMax/ITS/From_T2__s1.t2_fixed__p15987_safety_0.smt2 : 61007 ms.
--------------------------------------------------
sat
../QF_NIA_split/QF_NIA_2_31//20170427-VeryMax/ITS/From_T2__s1.t2_fixed__p16000_safety_0.smt2 : 583 ms.
--------------------------------------------------
unsat
../QF_NIA_split/QF_NIA_2_31//20170427-VeryMax/ITS/From_T2__s1.t2_fixed__p16030_safety_0.smt2 : 3384 ms.
--------------------------------------------------
../QF_NIA_split/QF_NIA_2_31//20170427-VeryMax/ITS/From_T2__s1.t2_fixed__p16031_safety_0.smt2 : 61007 ms.
--------------------------------------------------
unsat
../QF_NIA_split/QF_NIA_2_31//20170427-VeryMax/ITS/From_T2__s1.t2_fixed__p16034_safety_0.smt2 : 8017 ms.
--------------------------------------------------
../QF_NIA_split/QF_NIA_2_31//20170427-VeryMax/ITS/From_T2__s1.t2_fixed__p16042_safety_0.smt2 : 61007 ms.
--------------------------------------------------
unsat
../QF_NIA_split/QF_NIA_2_31//20170427-VeryMax/ITS/From_T2__s1.t2_fixed__p16056_safety_0.smt2 : 2521 ms.
--------------------------------------------------
../QF_NIA_split/QF_NIA_2_31//20170427-VeryMax/ITS/From_T2__s1.t2_fixed__p16065_safety_0.smt2 : 61007 ms.
--------------------------------------------------
unknown
../QF_NIA_split/QF_NIA_2_31//20170427-VeryMax/ITS/From_T2__s1.t2_fixed__p16071_safety_0.smt2 : 60190 ms.
--------------------------------------------------
../QF_NIA_split/QF_NIA_2_31//20170427-VeryMax/ITS/From_T2__s1.t2_fixed__p16073_safety_0.smt2 : 61007 ms.
--------------------------------------------------
unknown
../QF_NIA_split/QF_NIA_2_31//20170427-VeryMax/ITS/From_T2__s1.t2_fixed__p16076_safety_0.smt2 : 60074 ms.
--------------------------------------------------
unknown
../QF_NIA_split/QF_NIA_2_31//20170427-VeryMax/ITS/From_T2__s1.t2_fixed__p16079_safety_0.smt2 : 60120 ms.
--------------------------------------------------
../QF_NIA_split/QF_NIA_2_31//20170427-VeryMax/ITS/From_T2__s1.t2_fixed__p16080_safety_0.smt2 : 61007 ms.
--------------------------------------------------
../QF_NIA_split/QF_NIA_2_31//20170427-VeryMax/ITS/From_T2__s1.t2_fixed__p16082_safety_0.smt2 : 61006 ms.
--------------------------------------------------
unsat
../QF_NIA_split/QF_NIA_2_31//20170427-VeryMax/ITS/From_T2__s1.t2_fixed__p16092_safety_0.smt2 : 29385 ms.
--------------------------------------------------
../QF_NIA_split/QF_NIA_2_31//20170427-VeryMax/ITS/From_T2__s1.t2_fixed__p16093_safety_0.smt2 : 61006 ms.
--------------------------------------------------
unknown
../QF_NIA_split/QF_NIA_2_31//20170427-VeryMax/ITS/From_T2__s1.t2_fixed__p16094_safety_0.smt2 : 60153 ms.
--------------------------------------------------
../QF_NIA_split/QF_NIA_2_31//20170427-VeryMax/ITS/From_T2__s1.t2_fixed__p16095_safety_0.smt2 : 61007 ms.
--------------------------------------------------
unsat
../QF_NIA_split/QF_NIA_2_31//20170427-VeryMax/ITS/From_T2__s1.t2_fixed__p16126_safety_0.smt2 : 10156 ms.
--------------------------------------------------
../QF_NIA_split/QF_NIA_2_31//20170427-VeryMax/ITS/From_T2__s1.t2_fixed__p16127_safety_0.smt2 : 61006 ms.
--------------------------------------------------
unknown
../QF_NIA_split/QF_NIA_2_31//20170427-VeryMax/ITS/From_T2__s1.t2_fixed__p16136_safety_0.smt2 : 60060 ms.
--------------------------------------------------
../QF_NIA_split/QF_NIA_2_31//20170427-VeryMax/ITS/From_T2__s1.t2_fixed__p16137_safety_0.smt2 : 61006 ms.
--------------------------------------------------
unknown
../QF_NIA_split/QF_NIA_2_31//20170427-VeryMax/ITS/From_T2__s1.t2_fixed__p16146_safety_0.smt2 : 60276 ms.
--------------------------------------------------
../QF_NIA_split/QF_NIA_2_31//20170427-VeryMax/ITS/From_T2__s1.t2_fixed__p16147_safety_0.smt2 : 61007 ms.
--------------------------------------------------
../QF_NIA_split/QF_NIA_2_31//20170427-VeryMax/ITS/From_T2__s1.t2_fixed__p16155_safety_0.smt2 : 61007 ms.
--------------------------------------------------
sat
../QF_NIA_split/QF_NIA_2_31//20170427-VeryMax/ITS/From_T2__s1.t2_fixed__p16158_safety_0.smt2 : 939 ms.
--------------------------------------------------
../QF_NIA_split/QF_NIA_2_31//20170427-VeryMax/ITS/From_T2__s1.t2_fixed__p16216_safety_0.smt2 : 61006 ms.
--------------------------------------------------
sat
../QF_NIA_split/QF_NIA_2_31//20170427-VeryMax/ITS/From_T2__s1.t2_fixed__p16222_safety_0.smt2 : 7663 ms.
--------------------------------------------------
sat
../QF_NIA_split/QF_NIA_2_31//20170427-VeryMax/ITS/From_T2__s1.t2_fixed__p16223_safety_0.smt2 : 10786 ms.
--------------------------------------------------
sat
../QF_NIA_split/QF_NIA_2_31//20170427-VeryMax/ITS/From_T2__s1.t2_fixed__p16226_safety_0.smt2 : 1392 ms.
--------------------------------------------------
sat
../QF_NIA_split/QF_NIA_2_31//20170427-VeryMax/ITS/From_T2__s1.t2_fixed__p16340_safety_0.smt2 : 19444 ms.
--------------------------------------------------
unsat
../QF_NIA_split/QF_NIA_2_31//20170427-VeryMax/ITS/From_T2__s1.t2_fixed__p16455_safety_0.smt2 : 2047 ms.
--------------------------------------------------
sat
../QF_NIA_split/QF_NIA_2_31//20170427-VeryMax/ITS/From_T2__s1.t2_fixed__p16456_safety_0.smt2 : 10056 ms.
--------------------------------------------------
unknown
../QF_NIA_split/QF_NIA_2_31//20170427-VeryMax/ITS/From_T2__s1.t2_fixed__p16480_safety_0.smt2 : 60359 ms.
--------------------------------------------------
../QF_NIA_split/QF_NIA_2_31//20170427-VeryMax/ITS/From_T2__s1.t2_fixed__p16484_safety_0.smt2 : 61007 ms.
--------------------------------------------------
unsat
../QF_NIA_split/QF_NIA_2_31//20170427-VeryMax/ITS/From_T2__s1.t2_fixed__p16485_safety_0.smt2 : 816 ms.
--------------------------------------------------
sat
../QF_NIA_split/QF_NIA_2_31//20170427-VeryMax/ITS/From_T2__s1.t2_fixed__p16486_safety_0.smt2 : 649 ms.
--------------------------------------------------
../QF_NIA_split/QF_NIA_2_31//20170427-VeryMax/ITS/From_T2__s1.t2_fixed__p16487_safety_0.smt2 : 61007 ms.
--------------------------------------------------
sat
../QF_NIA_split/QF_NIA_2_31//20170427-VeryMax/ITS/From_T2__s1.t2_fixed__p16488_safety_0.smt2 : 910 ms.
--------------------------------------------------
sat
../QF_NIA_split/QF_NIA_2_31//20170427-VeryMax/ITS/From_T2__s1.t2_fixed__p16489_safety_0.smt2 : 812 ms.
--------------------------------------------------
sat
../QF_NIA_split/QF_NIA_2_31//20170427-VeryMax/ITS/From_T2__s1.t2_fixed__p16490_safety_0.smt2 : 2876 ms.
--------------------------------------------------
unsat
../QF_NIA_split/QF_NIA_2_31//20170427-VeryMax/ITS/From_T2__s1.t2_fixed__p16509_safety_0.smt2 : 8424 ms.
--------------------------------------------------
../QF_NIA_split/QF_NIA_2_31//20170427-VeryMax/ITS/From_T2__s1.t2_fixed__p16510_safety_0.smt2 : 61006 ms.
--------------------------------------------------
sat
../QF_NIA_split/QF_NIA_2_31//20170427-VeryMax/ITS/From_T2__s1.t2_fixed__p16518_safety_0.smt2 : 1172 ms.
--------------------------------------------------
sat
../QF_NIA_split/QF_NIA_2_31//20170427-VeryMax/ITS/From_T2__s1.t2_fixed__p16519_safety_0.smt2 : 7622 ms.
--------------------------------------------------
unsat
../QF_NIA_split/QF_NIA_2_31//20170427-VeryMax/ITS/From_T2__s1.t2_fixed__p16526_safety_0.smt2 : 39660 ms.
--------------------------------------------------
../QF_NIA_split/QF_NIA_2_31//20170427-VeryMax/ITS/From_T2__s1.t2_fixed__p16529_safety_0.smt2 : 61007 ms.
--------------------------------------------------
unsat
../QF_NIA_split/QF_NIA_2_31//20170427-VeryMax/ITS/From_T2__s1.t2_fixed__p16542_safety_0.smt2 : 27446 ms.
--------------------------------------------------
../QF_NIA_split/QF_NIA_2_31//20170427-VeryMax/ITS/From_T2__s1.t2_fixed__p16543_safety_0.smt2 : 61007 ms.
--------------------------------------------------
../QF_NIA_split/QF_NIA_2_31//20170427-VeryMax/ITS/From_T2__s1.t2_fixed__p16564_safety_0.smt2 : 61007 ms.
--------------------------------------------------
unknown
../QF_NIA_split/QF_NIA_2_31//20170427-VeryMax/ITS/From_T2__s1.t2_fixed__p16565_safety_0.smt2 : 60052 ms.
--------------------------------------------------
sat
../QF_NIA_split/QF_NIA_2_31//20170427-VeryMax/ITS/From_T2__s1.t2_fixed__p16567_safety_0.smt2 : 608 ms.
--------------------------------------------------
unsat
../QF_NIA_split/QF_NIA_2_31//20170427-VeryMax/ITS/From_T2__s1.t2_fixed__p16573_safety_0.smt2 : 2563 ms.
--------------------------------------------------
sat
../QF_NIA_split/QF_NIA_2_31//20170427-VeryMax/ITS/From_T2__s1.t2_fixed__p16574_safety_0.smt2 : 15811 ms.
--------------------------------------------------
sat
../QF_NIA_split/QF_NIA_2_31//20170427-VeryMax/ITS/From_T2__s1.t2_fixed__p16579_safety_0.smt2 : 12503 ms.
--------------------------------------------------
unknown
../QF_NIA_split/QF_NIA_2_31//20170427-VeryMax/ITS/From_T2__s1.t2_fixed__p16586_safety_0.smt2 : 60125 ms.
--------------------------------------------------
../QF_NIA_split/QF_NIA_2_31//20170427-VeryMax/ITS/From_T2__s1.t2_fixed__p16587_safety_0.smt2 : 61007 ms.
--------------------------------------------------
unsat
../QF_NIA_split/QF_NIA_2_31//20170427-VeryMax/ITS/From_T2__s1.t2_fixed__p16600_safety_0.smt2 : 21957 ms.
--------------------------------------------------
unknown
../QF_NIA_split/QF_NIA_2_31//20170427-VeryMax/ITS/From_T2__s1.t2_fixed__p16601_safety_0.smt2 : 60185 ms.
--------------------------------------------------
sat
../QF_NIA_split/QF_NIA_2_31//20170427-VeryMax/ITS/From_T2__s1.t2_fixed__p16608_safety_0.smt2 : 698 ms.
--------------------------------------------------
sat
../QF_NIA_split/QF_NIA_2_31//20170427-VeryMax/ITS/From_T2__s1.t2_fixed__p16609_safety_0.smt2 : 4568 ms.
--------------------------------------------------
unsat
../QF_NIA_split/QF_NIA_2_31//20170427-VeryMax/ITS/From_T2__s1.t2_fixed__p16610_safety_0.smt2 : 13153 ms.
--------------------------------------------------
../QF_NIA_split/QF_NIA_2_31//20170427-VeryMax/ITS/From_T2__s1.t2_fixed__p16611_safety_0.smt2 : 61007 ms.
--------------------------------------------------
unknown
../QF_NIA_split/QF_NIA_2_31//20170427-VeryMax/ITS/From_T2__s1.t2_fixed__p16618_safety_0.smt2 : 60046 ms.
--------------------------------------------------
../QF_NIA_split/QF_NIA_2_31//20170427-VeryMax/ITS/From_T2__s1.t2_fixed__p16619_safety_0.smt2 : 61007 ms.
--------------------------------------------------
sat
../QF_NIA_split/QF_NIA_2_31//20170427-VeryMax/ITS/From_T2__s1.t2_fixed__p16626_safety_0.smt2 : 533 ms.
--------------------------------------------------
sat
../QF_NIA_split/QF_NIA_2_31//20170427-VeryMax/ITS/From_T2__s1.t2_fixed__p16627_safety_0.smt2 : 28763 ms.
--------------------------------------------------
unsat
../QF_NIA_split/QF_NIA_2_31//20170427-VeryMax/ITS/From_T2__s1.t2_fixed__p16634_safety_0.smt2 : 2433 ms.
--------------------------------------------------
../QF_NIA_split/QF_NIA_2_31//20170427-VeryMax/ITS/From_T2__s1.t2_fixed__p16635_safety_0.smt2 : 61006 ms.
--------------------------------------------------
../QF_NIA_split/QF_NIA_2_31//20170427-VeryMax/ITS/From_T2__s1.t2_fixed__p16638_safety_0.smt2 : 61008 ms.
--------------------------------------------------
unknown
../QF_NIA_split/QF_NIA_2_31//20170427-VeryMax/ITS/From_T2__s1.t2_fixed__p16647_safety_0.smt2 : 60094 ms.
--------------------------------------------------
../QF_NIA_split/QF_NIA_2_31//20170427-VeryMax/ITS/From_T2__s1.t2_fixed__p16648_safety_0.smt2 : 61007 ms.
--------------------------------------------------
../QF_NIA_split/QF_NIA_2_31//20170427-VeryMax/ITS/From_T2__s1.t2_fixed__p16651_safety_0.smt2 : 61007 ms.
--------------------------------------------------
unsat
../QF_NIA_split/QF_NIA_2_31//20170427-VeryMax/ITS/From_T2__s1.t2_fixed__p16652_safety_0.smt2 : 1307 ms.
--------------------------------------------------
../QF_NIA_split/QF_NIA_2_31//20170427-VeryMax/ITS/From_T2__s1.t2_fixed__p16653_safety_0.smt2 : 61007 ms.
--------------------------------------------------
../QF_NIA_split/QF_NIA_2_31//20170427-VeryMax/ITS/From_T2__s1.t2_fixed__p16656_safety_0.smt2 : 61007 ms.
--------------------------------------------------
unsat
../QF_NIA_split/QF_NIA_2_31//20170427-VeryMax/ITS/From_T2__s1.t2_fixed__p16669_safety_0.smt2 : 9017 ms.
--------------------------------------------------
../QF_NIA_split/QF_NIA_2_31//20170427-VeryMax/ITS/From_T2__s1.t2_fixed__p16670_safety_0.smt2 : 61006 ms.
--------------------------------------------------
unknown
../QF_NIA_split/QF_NIA_2_31//20170427-VeryMax/ITS/From_T2__s1.t2_fixed__p16686_safety_0.smt2 : 60100 ms.
--------------------------------------------------
../QF_NIA_split/QF_NIA_2_31//20170427-VeryMax/ITS/From_T2__s1.t2_fixed__p16687_safety_0.smt2 : 61006 ms.
--------------------------------------------------
../QF_NIA_split/QF_NIA_2_31//20170427-VeryMax/ITS/From_T2__s1.t2_fixed__p16732_safety_0.smt2 : 61006 ms.
--------------------------------------------------
unsat
../QF_NIA_split/QF_NIA_2_31//20170427-VeryMax/ITS/From_T2__s1.t2_fixed__p16765_safety_0.smt2 : 24327 ms.
--------------------------------------------------
../QF_NIA_split/QF_NIA_2_31//20170427-VeryMax/ITS/From_T2__s1.t2_fixed__p16766_safety_0.smt2 : 61006 ms.
--------------------------------------------------
sat
../QF_NIA_split/QF_NIA_2_31//20170427-VeryMax/ITS/From_T2__s1.t2_fixed__p16824_safety_0.smt2 : 536 ms.
--------------------------------------------------
../QF_NIA_split/QF_NIA_2_31//20170427-VeryMax/ITS/From_T2__s1.t2_fixed__p16829_safety_0.smt2 : 61006 ms.
--------------------------------------------------
../QF_NIA_split/QF_NIA_2_31//20170427-VeryMax/ITS/From_T2__s1.t2_fixed__p16834_safety_0.smt2 : 61007 ms.
--------------------------------------------------
sat
../QF_NIA_split/QF_NIA_2_31//20170427-VeryMax/ITS/From_T2__s1.t2_fixed__p16842_safety_0.smt2 : 584 ms.
--------------------------------------------------
unsat
../QF_NIA_split/QF_NIA_2_31//20170427-VeryMax/ITS/From_T2__s1.t2_fixed__p16857_safety_0.smt2 : 7112 ms.
--------------------------------------------------
../QF_NIA_split/QF_NIA_2_31//20170427-VeryMax/ITS/From_T2__s1.t2_fixed__p16858_safety_0.smt2 : 61006 ms.
--------------------------------------------------
unknown
../QF_NIA_split/QF_NIA_2_31//20170427-VeryMax/ITS/From_T2__s1.t2_fixed__p16883_safety_0.smt2 : 60178 ms.
--------------------------------------------------
../QF_NIA_split/QF_NIA_2_31//20170427-VeryMax/ITS/From_T2__s1.t2_fixed__p16884_safety_0.smt2 : 61006 ms.
--------------------------------------------------
sat
../QF_NIA_split/QF_NIA_2_31//20170427-VeryMax/ITS/From_T2__s1.t2_fixed__p16887_safety_0.smt2 : 991 ms.
--------------------------------------------------
sat
../QF_NIA_split/QF_NIA_2_31//20170427-VeryMax/ITS/From_T2__s1.t2_fixed__p16888_safety_0.smt2 : 815 ms.
--------------------------------------------------
sat
../QF_NIA_split/QF_NIA_2_31//20170427-VeryMax/ITS/From_T2__s1.t2_fixed__p16890_safety_0.smt2 : 23011 ms.
--------------------------------------------------
sat
../QF_NIA_split/QF_NIA_2_31//20170427-VeryMax/ITS/From_T2__s1.t2_fixed__p16900_safety_0.smt2 : 1875 ms.
--------------------------------------------------
../QF_NIA_split/QF_NIA_2_31//20170427-VeryMax/ITS/From_T2__s1.t2_fixed__p16901_safety_0.smt2 : 61009 ms.
--------------------------------------------------
unknown
../QF_NIA_split/QF_NIA_2_31//20170427-VeryMax/ITS/From_T2__s1.t2_fixed__p16902_safety_0.smt2 : 60097 ms.
--------------------------------------------------
../QF_NIA_split/QF_NIA_2_31//20170427-VeryMax/ITS/From_T2__s1.t2_fixed__p16903_safety_0.smt2 : 61007 ms.
--------------------------------------------------
sat
../QF_NIA_split/QF_NIA_2_31//20170427-VeryMax/ITS/From_T2__s1.t2_fixed__p16925_safety_0.smt2 : 49521 ms.
--------------------------------------------------
../QF_NIA_split/QF_NIA_2_31//20170427-VeryMax/ITS/From_T2__s1.t2_fixed__p16926_safety_0.smt2 : 61006 ms.
--------------------------------------------------
../QF_NIA_split/QF_NIA_2_31//20170427-VeryMax/ITS/From_T2__s1.t2_fixed__p16927_safety_0.smt2 : 61006 ms.
--------------------------------------------------
../QF_NIA_split/QF_NIA_2_31//20170427-VeryMax/ITS/From_T2__s1.t2_fixed__p16928_safety_0.smt2 : 61007 ms.
--------------------------------------------------
sat
../QF_NIA_split/QF_NIA_2_31//20170427-VeryMax/ITS/From_T2__s1.t2_fixed__p16941_safety_0.smt2 : 1279 ms.
--------------------------------------------------
sat
../QF_NIA_split/QF_NIA_2_31//20170427-VeryMax/ITS/From_T2__s1.t2_fixed__p16942_safety_0.smt2 : 31210 ms.
--------------------------------------------------
sat
../QF_NIA_split/QF_NIA_2_31//20170427-VeryMax/ITS/From_T2__s1.t2_fixed__p16944_safety_0.smt2 : 303 ms.
--------------------------------------------------
../QF_NIA_split/QF_NIA_2_31//20170427-VeryMax/ITS/From_T2__s1.t2_fixed__p16947_safety_0.smt2 : 61006 ms.
--------------------------------------------------
sat
../QF_NIA_split/QF_NIA_2_31//20170427-VeryMax/ITS/From_T2__s1.t2_fixed__p16952_safety_0.smt2 : 808 ms.
--------------------------------------------------
../QF_NIA_split/QF_NIA_2_31//20170427-VeryMax/ITS/From_T2__s1.t2_fixed__p16953_safety_0.smt2 : 61007 ms.
--------------------------------------------------
unknown
../QF_NIA_split/QF_NIA_2_31//20170427-VeryMax/ITS/From_T2__s1.t2_fixed__p16962_safety_0.smt2 : 60089 ms.
--------------------------------------------------
sat
../QF_NIA_split/QF_NIA_2_31//20170427-VeryMax/ITS/From_T2__s1.t2_fixed__p16974_safety_0.smt2 : 580 ms.
--------------------------------------------------
unknown
../QF_NIA_split/QF_NIA_2_31//20170427-VeryMax/ITS/From_T2__s1.t2_fixed__p16991_safety_0.smt2 : 60058 ms.
--------------------------------------------------
../QF_NIA_split/QF_NIA_2_31//20170427-VeryMax/ITS/From_T2__s1.t2_fixed__p16992_safety_0.smt2 : 61006 ms.
--------------------------------------------------
unsat
../QF_NIA_split/QF_NIA_2_31//20170427-VeryMax/ITS/From_T2__s1.t2_fixed__p17005_safety_0.smt2 : 11351 ms.
--------------------------------------------------
../QF_NIA_split/QF_NIA_2_31//20170427-VeryMax/ITS/From_T2__s1.t2_fixed__p17006_safety_0.smt2 : 61006 ms.
--------------------------------------------------
sat
../QF_NIA_split/QF_NIA_2_31//20170427-VeryMax/ITS/From_T2__s1.t2_fixed__p17037_safety_0.smt2 : 709 ms.
--------------------------------------------------
sat
../QF_NIA_split/QF_NIA_2_31//20170427-VeryMax/ITS/From_T2__s1.t2_fixed__p17067_safety_0.smt2 : 311 ms.
--------------------------------------------------
sat
../QF_NIA_split/QF_NIA_2_31//20170427-VeryMax/ITS/From_T2__s1.t2_fixed__p17077_safety_0.smt2 : 3513 ms.
--------------------------------------------------
sat
../QF_NIA_split/QF_NIA_2_31//20170427-VeryMax/ITS/From_T2__s1.t2_fixed__p17084_safety_0.smt2 : 698 ms.
--------------------------------------------------
../QF_NIA_split/QF_NIA_2_31//20170427-VeryMax/ITS/From_T2__s1.t2_fixed__p17085_safety_0.smt2 : 61006 ms.
--------------------------------------------------
../QF_NIA_split/QF_NIA_2_31//20170427-VeryMax/ITS/From_T2__s1.t2_fixed__p17087_safety_0.smt2 : 61006 ms.
--------------------------------------------------
unsat
../QF_NIA_split/QF_NIA_2_31//20170427-VeryMax/ITS/From_T2__s1.t2_fixed__p17094_safety_0.smt2 : 3541 ms.
--------------------------------------------------
../QF_NIA_split/QF_NIA_2_31//20170427-VeryMax/ITS/From_T2__s1.t2_fixed__p17095_safety_0.smt2 : 61006 ms.
--------------------------------------------------
sat
../QF_NIA_split/QF_NIA_2_31//20170427-VeryMax/ITS/From_T2__s1.t2_fixed__p17120_safety_0.smt2 : 537 ms.
--------------------------------------------------
../QF_NIA_split/QF_NIA_2_31//20170427-VeryMax/ITS/From_T2__s1.t2_fixed__p17121_safety_0.smt2 : 61006 ms.
--------------------------------------------------
unsat
../QF_NIA_split/QF_NIA_2_31//20170427-VeryMax/ITS/From_T2__s1.t2_fixed__p17132_safety_0.smt2 : 3572 ms.
--------------------------------------------------
sat
../QF_NIA_split/QF_NIA_2_31//20170427-VeryMax/ITS/From_T2__s1.t2_fixed__p17133_safety_0.smt2 : 580 ms.
--------------------------------------------------
sat
../QF_NIA_split/QF_NIA_2_31//20170427-VeryMax/ITS/From_T2__s1.t2_fixed__p17134_safety_0.smt2 : 16262 ms.
--------------------------------------------------
../QF_NIA_split/QF_NIA_2_31//20170427-VeryMax/ITS/From_T2__s1.t2_fixed__p17135_safety_0.smt2 : 61006 ms.
--------------------------------------------------
unknown
../QF_NIA_split/QF_NIA_2_31//20170427-VeryMax/ITS/From_T2__s1.t2_fixed__p17148_safety_0.smt2 : 60415 ms.
--------------------------------------------------
../QF_NIA_split/QF_NIA_2_31//20170427-VeryMax/ITS/From_T2__s1.t2_fixed__p17149_safety_0.smt2 : 61006 ms.
--------------------------------------------------
unknown
../QF_NIA_split/QF_NIA_2_31//20170427-VeryMax/ITS/From_T2__s1.t2_fixed__p17150_safety_0.smt2 : 60106 ms.
--------------------------------------------------
../QF_NIA_split/QF_NIA_2_31//20170427-VeryMax/ITS/From_T2__s1.t2_fixed__p17151_safety_0.smt2 : 61006 ms.
--------------------------------------------------
unsat
../QF_NIA_split/QF_NIA_2_31//20170427-VeryMax/ITS/From_T2__s1.t2_fixed__p17158_safety_0.smt2 : 28885 ms.
--------------------------------------------------
../QF_NIA_split/QF_NIA_2_31//20170427-VeryMax/ITS/From_T2__s1.t2_fixed__p17159_safety_0.smt2 : 61009 ms.
--------------------------------------------------
unsat
../QF_NIA_split/QF_NIA_2_31//20170427-VeryMax/ITS/From_T2__s1.t2_fixed__p17166_safety_0.smt2 : 28175 ms.
--------------------------------------------------
../QF_NIA_split/QF_NIA_2_31//20170427-VeryMax/ITS/From_T2__s1.t2_fixed__p17167_safety_0.smt2 : 61006 ms.
--------------------------------------------------
../QF_NIA_split/QF_NIA_2_31//20170427-VeryMax/ITS/From_T2__s1.t2_fixed__p17169_safety_0.smt2 : 61006 ms.
--------------------------------------------------
../QF_NIA_split/QF_NIA_2_31//20170427-VeryMax/ITS/From_T2__s1.t2_fixed__p17170_safety_0.smt2 : 61006 ms.
--------------------------------------------------
unsat
../QF_NIA_split/QF_NIA_2_31//20170427-VeryMax/ITS/From_T2__s1.t2_fixed__p17171_safety_0.smt2 : 3002 ms.
--------------------------------------------------
../QF_NIA_split/QF_NIA_2_31//20170427-VeryMax/ITS/From_T2__s1.t2_fixed__p17172_safety_0.smt2 : 61007 ms.
--------------------------------------------------
../QF_NIA_split/QF_NIA_2_31//20170427-VeryMax/ITS/From_T2__s1.t2_fixed__p17174_safety_0.smt2 : 61006 ms.
--------------------------------------------------
../QF_NIA_split/QF_NIA_2_31//20170427-VeryMax/ITS/From_T2__s1.t2_fixed__p17175_safety_0.smt2 : 61007 ms.
--------------------------------------------------
../QF_NIA_split/QF_NIA_2_31//20170427-VeryMax/ITS/From_T2__s1.t2_fixed__p17177_safety_0.smt2 : 61006 ms.
--------------------------------------------------
../QF_NIA_split/QF_NIA_2_31//20170427-VeryMax/ITS/From_T2__s1.t2_fixed__p17178_safety_0.smt2 : 61007 ms.
--------------------------------------------------
../QF_NIA_split/QF_NIA_2_31//20170427-VeryMax/ITS/From_T2__s1.t2_fixed__p17180_safety_0.smt2 : 61006 ms.
--------------------------------------------------
../QF_NIA_split/QF_NIA_2_31//20170427-VeryMax/ITS/From_T2__s1.t2_fixed__p17181_safety_0.smt2 : 61006 ms.
--------------------------------------------------
unsat
../QF_NIA_split/QF_NIA_2_31//20170427-VeryMax/ITS/From_T2__s1.t2_fixed__p17182_safety_0.smt2 : 1519 ms.
--------------------------------------------------
../QF_NIA_split/QF_NIA_2_31//20170427-VeryMax/ITS/From_T2__s1.t2_fixed__p17183_safety_0.smt2 : 61006 ms.
--------------------------------------------------
../QF_NIA_split/QF_NIA_2_31//20170427-VeryMax/ITS/From_T2__s1.t2_fixed__p17184_safety_0.smt2 : 61006 ms.
--------------------------------------------------
unsat
../QF_NIA_split/QF_NIA_2_31//20170427-VeryMax/ITS/From_T2__s1.t2_fixed__p17556_safety_0.smt2 : 824 ms.
--------------------------------------------------
../QF_NIA_split/QF_NIA_2_31//20170427-VeryMax/ITS/From_T2__s1.t2_fixed__p17558_safety_0.smt2 : 61007 ms.
--------------------------------------------------
unsat
../QF_NIA_split/QF_NIA_2_31//20170427-VeryMax/ITS/From_T2__s1.t2_fixed__p17574_safety_0.smt2 : 1403 ms.
--------------------------------------------------
../QF_NIA_split/QF_NIA_2_31//20170427-VeryMax/ITS/From_T2__s1.t2_fixed__p17575_safety_0.smt2 : 61006 ms.
--------------------------------------------------
unknown
../QF_NIA_split/QF_NIA_2_31//20170427-VeryMax/ITS/From_T2__s1.t2_fixed__p17584_safety_0.smt2 : 60293 ms.
--------------------------------------------------
../QF_NIA_split/QF_NIA_2_31//20170427-VeryMax/ITS/From_T2__s1.t2_fixed__p17585_safety_0.smt2 : 61006 ms.
--------------------------------------------------
unsat
../QF_NIA_split/QF_NIA_2_31//20170427-VeryMax/ITS/From_T2__s1.t2_fixed__p17590_safety_0.smt2 : 2652 ms.
--------------------------------------------------
../QF_NIA_split/QF_NIA_2_31//20170427-VeryMax/ITS/From_T2__s1.t2_fixed__p17591_safety_0.smt2 : 61007 ms.
--------------------------------------------------
unsat
../QF_NIA_split/QF_NIA_2_31//20170427-VeryMax/ITS/From_T2__s1.t2_fixed__p17594_safety_0.smt2 : 911 ms.
--------------------------------------------------
unknown
../QF_NIA_split/QF_NIA_2_31//20170427-VeryMax/ITS/From_T2__s1.t2_fixed__p17595_safety_0.smt2 : 60063 ms.
--------------------------------------------------
unsat
../QF_NIA_split/QF_NIA_2_31//20170427-VeryMax/ITS/From_T2__s1.t2_fixed__p17598_safety_0.smt2 : 1225 ms.
--------------------------------------------------
../QF_NIA_split/QF_NIA_2_31//20170427-VeryMax/ITS/From_T2__s1.t2_fixed__p17600_safety_0.smt2 : 61006 ms.
--------------------------------------------------
sat
../QF_NIA_split/QF_NIA_2_31//20170427-VeryMax/ITS/From_T2__s1.t2_fixed__p17606_safety_0.smt2 : 693 ms.
--------------------------------------------------
sat
../QF_NIA_split/QF_NIA_2_31//20170427-VeryMax/ITS/From_T2__s1.t2_fixed__p17630_safety_0.smt2 : 5493 ms.
--------------------------------------------------
sat
../QF_NIA_split/QF_NIA_2_31//20170427-VeryMax/ITS/From_T2__s1.t2_fixed__p17649_safety_0.smt2 : 630 ms.
--------------------------------------------------
sat
../QF_NIA_split/QF_NIA_2_31//20170427-VeryMax/ITS/From_T2__s1.t2_fixed__p17685_safety_0.smt2 : 553 ms.
--------------------------------------------------
sat
../QF_NIA_split/QF_NIA_2_31//20170427-VeryMax/ITS/From_T2__s1.t2_fixed__p17686_safety_0.smt2 : 1313 ms.
--------------------------------------------------
sat
../QF_NIA_split/QF_NIA_2_31//20170427-VeryMax/ITS/From_T2__s1.t2_fixed__p17687_safety_0.smt2 : 19835 ms.
--------------------------------------------------
unsat
../QF_NIA_split/QF_NIA_2_31//20170427-VeryMax/ITS/From_T2__s1.t2_fixed__p17727_safety_0.smt2 : 1179 ms.
--------------------------------------------------
sat
../QF_NIA_split/QF_NIA_2_31//20170427-VeryMax/ITS/From_T2__s1.t2_fixed__p17728_safety_0.smt2 : 25844 ms.
--------------------------------------------------
unsat
../QF_NIA_split/QF_NIA_2_31//20170427-VeryMax/ITS/From_T2__s1.t2_fixed__p17732_safety_0.smt2 : 1808 ms.
--------------------------------------------------
sat
../QF_NIA_split/QF_NIA_2_31//20170427-VeryMax/ITS/From_T2__s1.t2_fixed__p17733_safety_0.smt2 : 13634 ms.
--------------------------------------------------
unsat
../QF_NIA_split/QF_NIA_2_31//20170427-VeryMax/ITS/From_T2__s1.t2_fixed__p17752_safety_0.smt2 : 2555 ms.
--------------------------------------------------
../QF_NIA_split/QF_NIA_2_31//20170427-VeryMax/ITS/From_T2__s1.t2_fixed__p17753_safety_0.smt2 : 61007 ms.
--------------------------------------------------
unsat
../QF_NIA_split/QF_NIA_2_31//20170427-VeryMax/ITS/From_T2__s1.t2_fixed__p17754_safety_0.smt2 : 1548 ms.
--------------------------------------------------
../QF_NIA_split/QF_NIA_2_31//20170427-VeryMax/ITS/From_T2__s1.t2_fixed__p17755_safety_0.smt2 : 61009 ms.
--------------------------------------------------
sat
../QF_NIA_split/QF_NIA_2_31//20170427-VeryMax/ITS/From_T2__s1.t2_fixed__p17765_safety_0.smt2 : 1460 ms.
--------------------------------------------------
unknown
../QF_NIA_split/QF_NIA_2_31//20170427-VeryMax/ITS/From_T2__s1.t2_fixed__p17911_edge_closing_0.smt2 : 60127 ms.
--------------------------------------------------
sat
../QF_NIA_split/QF_NIA_2_31//20170427-VeryMax/ITS/From_T2__s1.t2_fixed__p17912_edge_closing_0.smt2 : 3324 ms.
--------------------------------------------------
unknown
../QF_NIA_split/QF_NIA_2_31//20170427-VeryMax/ITS/From_T2__s1.t2_fixed__p17913_edge_closing_0.smt2 : 60172 ms.
--------------------------------------------------
unsat
../QF_NIA_split/QF_NIA_2_31//20170427-VeryMax/ITS/From_T2__s1.t2_fixed__terminationS_2_0.smt2 : 548 ms.
--------------------------------------------------
sat
../QF_NIA_split/QF_NIA_2_31//20170427-VeryMax/ITS/From_T2__s1.t2_fixed__term_unfeasibility_1_0.smt2 : 2328 ms.
--------------------------------------------------
unsat
../QF_NIA_split/QF_NIA_2_31//20170427-VeryMax/ITS/From_T2__s1.t2_fixed__term_unfeasibility_2_0.smt2 : 3070 ms.
--------------------------------------------------
sat
../QF_NIA_split/QF_NIA_2_31//20170427-VeryMax/ITS/From_T2__s1.t2__p17920_terminationG_0.smt2 : 6418 ms.
--------------------------------------------------
sat
../QF_NIA_split/QF_NIA_2_31//20170427-VeryMax/ITS/From_T2__s1.t2__p17921_terminationG_0.smt2 : 6821 ms.
--------------------------------------------------
../QF_NIA_split/QF_NIA_2_31//20170427-VeryMax/ITS/From_T2__s1.t2__p17922_terminationG_0.smt2 : 61006 ms.
--------------------------------------------------
sat
../QF_NIA_split/QF_NIA_2_31//20170427-VeryMax/ITS/From_T2__s1.t2__p17926_terminationG_0.smt2 : 23368 ms.
--------------------------------------------------
../QF_NIA_split/QF_NIA_2_31//20170427-VeryMax/ITS/From_T2__s1.t2__p17927_terminationG_0.smt2 : 61006 ms.
--------------------------------------------------
sat
../QF_NIA_split/QF_NIA_2_31//20170427-VeryMax/ITS/From_T2__s1.t2__p17930_terminationG_0.smt2 : 8267 ms.
--------------------------------------------------
sat
../QF_NIA_split/QF_NIA_2_31//20170427-VeryMax/ITS/From_T2__s1.t2__p17931_terminationG_0.smt2 : 36943 ms.
--------------------------------------------------
unknown
../QF_NIA_split/QF_NIA_2_31//20170427-VeryMax/ITS/From_T2__s1.t2__p17932_terminationG_0.smt2 : 60137 ms.
--------------------------------------------------
sat
../QF_NIA_split/QF_NIA_2_31//20170427-VeryMax/ITS/From_T2__s1.t2__p18085_safety_0.smt2 : 317 ms.
--------------------------------------------------
sat
../QF_NIA_split/QF_NIA_2_31//20170427-VeryMax/ITS/From_T2__s1.t2__p18226_safety_0.smt2 : 671 ms.
--------------------------------------------------
sat
../QF_NIA_split/QF_NIA_2_31//20170427-VeryMax/ITS/From_T2__s1.t2__p18227_safety_0.smt2 : 7877 ms.
--------------------------------------------------
unsat
../QF_NIA_split/QF_NIA_2_31//20170427-VeryMax/ITS/From_T2__s1.t2__p18230_safety_0.smt2 : 2258 ms.
--------------------------------------------------
../QF_NIA_split/QF_NIA_2_31//20170427-VeryMax/ITS/From_T2__s1.t2__p18235_safety_0.smt2 : 61007 ms.
--------------------------------------------------
sat
../QF_NIA_split/QF_NIA_2_31//20170427-VeryMax/ITS/From_T2__s1.t2__p18239_safety_0.smt2 : 642 ms.
--------------------------------------------------
unsat
../QF_NIA_split/QF_NIA_2_31//20170427-VeryMax/ITS/From_T2__s1.t2__p18242_safety_0.smt2 : 2295 ms.
--------------------------------------------------
sat
../QF_NIA_split/QF_NIA_2_31//20170427-VeryMax/ITS/From_T2__s1.t2__p18243_safety_0.smt2 : 2292 ms.
--------------------------------------------------
sat
../QF_NIA_split/QF_NIA_2_31//20170427-VeryMax/ITS/From_T2__s1.t2__p18246_safety_0.smt2 : 1419 ms.
--------------------------------------------------
sat
../QF_NIA_split/QF_NIA_2_31//20170427-VeryMax/ITS/From_T2__s1.t2__p18323_safety_0.smt2 : 1206 ms.
--------------------------------------------------
sat
../QF_NIA_split/QF_NIA_2_31//20170427-VeryMax/ITS/From_T2__s1.t2__p18329_safety_0.smt2 : 28820 ms.
--------------------------------------------------
unsat
../QF_NIA_split/QF_NIA_2_31//20170427-VeryMax/ITS/From_T2__s1.t2__p18337_safety_0.smt2 : 2346 ms.
--------------------------------------------------
sat
../QF_NIA_split/QF_NIA_2_31//20170427-VeryMax/ITS/From_T2__s1.t2__p18338_safety_0.smt2 : 3815 ms.
--------------------------------------------------
../QF_NIA_split/QF_NIA_2_31//20170427-VeryMax/ITS/From_T2__s1.t2__p18372_safety_0.smt2 : 61007 ms.
--------------------------------------------------
unknown
../QF_NIA_split/QF_NIA_2_31//20170427-VeryMax/ITS/From_T2__s1.t2__p18396_safety_0.smt2 : 60074 ms.
--------------------------------------------------
unsat
../QF_NIA_split/QF_NIA_2_31//20170427-VeryMax/ITS/From_T2__s1.t2__p18399_safety_0.smt2 : 720 ms.
--------------------------------------------------
../QF_NIA_split/QF_NIA_2_31//20170427-VeryMax/ITS/From_T2__s1.t2__p18400_safety_0.smt2 : 61006 ms.
--------------------------------------------------
unsat
../QF_NIA_split/QF_NIA_2_31//20170427-VeryMax/ITS/From_T2__s1.t2__p18401_safety_0.smt2 : 862 ms.
--------------------------------------------------
../QF_NIA_split/QF_NIA_2_31//20170427-VeryMax/ITS/From_T2__s1.t2__p18403_safety_0.smt2 : 61006 ms.
--------------------------------------------------
unsat
../QF_NIA_split/QF_NIA_2_31//20170427-VeryMax/ITS/From_T2__s1.t2__p18405_safety_0.smt2 : 670 ms.
--------------------------------------------------
unknown
../QF_NIA_split/QF_NIA_2_31//20170427-VeryMax/ITS/From_T2__s1.t2__p18406_safety_0.smt2 : 60049 ms.
--------------------------------------------------
unknown
../QF_NIA_split/QF_NIA_2_31//20170427-VeryMax/ITS/From_T2__s1.t2__p18409_safety_0.smt2 : 60126 ms.
--------------------------------------------------
../QF_NIA_split/QF_NIA_2_31//20170427-VeryMax/ITS/From_T2__s1.t2__p18410_safety_0.smt2 : 61006 ms.
--------------------------------------------------
unsat
../QF_NIA_split/QF_NIA_2_31//20170427-VeryMax/ITS/From_T2__s1.t2__p18419_safety_0.smt2 : 622 ms.
--------------------------------------------------
unknown
../QF_NIA_split/QF_NIA_2_31//20170427-VeryMax/ITS/From_T2__s1.t2__p18420_safety_0.smt2 : 60048 ms.
--------------------------------------------------
unknown
../QF_NIA_split/QF_NIA_2_31//20170427-VeryMax/ITS/From_T2__s1.t2__p18422_safety_0.smt2 : 60049 ms.
--------------------------------------------------
sat
../QF_NIA_split/QF_NIA_2_31//20170427-VeryMax/ITS/From_T2__s1.t2__p18529_safety_0.smt2 : 6984 ms.
--------------------------------------------------
sat
../QF_NIA_split/QF_NIA_2_31//20170427-VeryMax/ITS/From_T2__s1.t2__p18535_safety_0.smt2 : 7102 ms.
--------------------------------------------------
sat
../QF_NIA_split/QF_NIA_2_31//20170427-VeryMax/ITS/From_T2__s1.t2__p18536_safety_0.smt2 : 5410 ms.
--------------------------------------------------
sat
../QF_NIA_split/QF_NIA_2_31//20170427-VeryMax/ITS/From_T2__s1.t2__p18545_safety_0.smt2 : 600 ms.
--------------------------------------------------
sat
../QF_NIA_split/QF_NIA_2_31//20170427-VeryMax/ITS/From_T2__s1.t2__p18665_safety_0.smt2 : 11795 ms.
--------------------------------------------------
sat
../QF_NIA_split/QF_NIA_2_31//20170427-VeryMax/ITS/From_T2__s1.t2__p18666_safety_0.smt2 : 335 ms.
--------------------------------------------------
sat
../QF_NIA_split/QF_NIA_2_31//20170427-VeryMax/ITS/From_T2__s1.t2__p18672_safety_0.smt2 : 1341 ms.
--------------------------------------------------
sat
../QF_NIA_split/QF_NIA_2_31//20170427-VeryMax/ITS/From_T2__s1.t2__p18679_safety_0.smt2 : 536 ms.
--------------------------------------------------
sat
../QF_NIA_split/QF_NIA_2_31//20170427-VeryMax/ITS/From_T2__s1.t2__p18682_safety_0.smt2 : 7113 ms.
--------------------------------------------------
sat
../QF_NIA_split/QF_NIA_2_31//20170427-VeryMax/ITS/From_T2__s1.t2__p18691_safety_0.smt2 : 5048 ms.
--------------------------------------------------
sat
../QF_NIA_split/QF_NIA_2_31//20170427-VeryMax/ITS/From_T2__s1.t2__p18700_safety_0.smt2 : 14032 ms.
--------------------------------------------------
sat
../QF_NIA_split/QF_NIA_2_31//20170427-VeryMax/ITS/From_T2__s1.t2__p18701_safety_0.smt2 : 2014 ms.
--------------------------------------------------
sat
../QF_NIA_split/QF_NIA_2_31//20170427-VeryMax/ITS/From_T2__s1.t2__p18708_safety_0.smt2 : 763 ms.
--------------------------------------------------
sat
../QF_NIA_split/QF_NIA_2_31//20170427-VeryMax/ITS/From_T2__s1.t2__p18710_safety_0.smt2 : 1146 ms.
--------------------------------------------------
unsat
../QF_NIA_split/QF_NIA_2_31//20170427-VeryMax/ITS/From_T2__s1.t2__p18711_safety_0.smt2 : 3367 ms.
--------------------------------------------------
sat
../QF_NIA_split/QF_NIA_2_31//20170427-VeryMax/ITS/From_T2__s1.t2__p18712_safety_0.smt2 : 884 ms.
--------------------------------------------------
sat
../QF_NIA_split/QF_NIA_2_31//20170427-VeryMax/ITS/From_T2__s1.t2__p18713_safety_0.smt2 : 735 ms.
--------------------------------------------------
../QF_NIA_split/QF_NIA_2_31//20170427-VeryMax/ITS/From_T2__s1.t2__p18714_safety_0.smt2 : 61006 ms.
--------------------------------------------------
sat
../QF_NIA_split/QF_NIA_2_31//20170427-VeryMax/ITS/From_T2__s1.t2__p18715_safety_0.smt2 : 1044 ms.
--------------------------------------------------
../QF_NIA_split/QF_NIA_2_31//20170427-VeryMax/ITS/From_T2__s1.t2__p18716_safety_0.smt2 : 61007 ms.
--------------------------------------------------
sat
../QF_NIA_split/QF_NIA_2_31//20170427-VeryMax/ITS/From_T2__s1.t2__p18717_safety_0.smt2 : 1756 ms.
--------------------------------------------------
sat
../QF_NIA_split/QF_NIA_2_31//20170427-VeryMax/ITS/From_T2__s1.t2__p18718_safety_0.smt2 : 566 ms.
--------------------------------------------------
sat
../QF_NIA_split/QF_NIA_2_31//20170427-VeryMax/ITS/From_T2__s1.t2__p18719_safety_0.smt2 : 632 ms.
--------------------------------------------------
sat
../QF_NIA_split/QF_NIA_2_31//20170427-VeryMax/ITS/From_T2__s1.t2__p18720_safety_0.smt2 : 955 ms.
--------------------------------------------------
sat
../QF_NIA_split/QF_NIA_2_31//20170427-VeryMax/ITS/From_T2__s1.t2__p18721_safety_0.smt2 : 10787 ms.
--------------------------------------------------
sat
../QF_NIA_split/QF_NIA_2_31//20170427-VeryMax/ITS/From_T2__s1.t2__p18722_safety_0.smt2 : 228 ms.
--------------------------------------------------
../QF_NIA_split/QF_NIA_2_31//20170427-VeryMax/ITS/From_T2__s1.t2__p18724_safety_0.smt2 : 61007 ms.
--------------------------------------------------
sat
../QF_NIA_split/QF_NIA_2_31//20170427-VeryMax/ITS/From_T2__s1.t2__p18725_safety_0.smt2 : 28777 ms.
--------------------------------------------------
sat
../QF_NIA_split/QF_NIA_2_31//20170427-VeryMax/ITS/From_T2__s1.t2__p18740_safety_0.smt2 : 825 ms.
--------------------------------------------------
sat
../QF_NIA_split/QF_NIA_2_31//20170427-VeryMax/ITS/From_T2__s1.t2__p18741_safety_0.smt2 : 1535 ms.
--------------------------------------------------
sat
../QF_NIA_split/QF_NIA_2_31//20170427-VeryMax/ITS/From_T2__s1.t2__p18808_safety_0.smt2 : 1253 ms.
--------------------------------------------------
sat
../QF_NIA_split/QF_NIA_2_31//20170427-VeryMax/ITS/From_T2__s1.t2__p18809_safety_0.smt2 : 760 ms.
--------------------------------------------------
sat
../QF_NIA_split/QF_NIA_2_31//20170427-VeryMax/ITS/From_T2__s1.t2__p18814_safety_0.smt2 : 4966 ms.
--------------------------------------------------
sat
../QF_NIA_split/QF_NIA_2_31//20170427-VeryMax/ITS/From_T2__s1.t2__p18815_safety_0.smt2 : 38668 ms.
--------------------------------------------------
sat
../QF_NIA_split/QF_NIA_2_31//20170427-VeryMax/ITS/From_T2__s1.t2__p18819_safety_0.smt2 : 1694 ms.
--------------------------------------------------
sat
../QF_NIA_split/QF_NIA_2_31//20170427-VeryMax/ITS/From_T2__s1.t2__p18822_safety_0.smt2 : 824 ms.
--------------------------------------------------
unknown
../QF_NIA_split/QF_NIA_2_31//20170427-VeryMax/ITS/From_T2__s1.t2__p18827_safety_0.smt2 : 60243 ms.
--------------------------------------------------
unknown
../QF_NIA_split/QF_NIA_2_31//20170427-VeryMax/ITS/From_T2__s1.t2__p18828_safety_0.smt2 : 60117 ms.
--------------------------------------------------
sat
../QF_NIA_split/QF_NIA_2_31//20170427-VeryMax/ITS/From_T2__s1.t2__p18829_safety_0.smt2 : 1106 ms.
--------------------------------------------------
sat
../QF_NIA_split/QF_NIA_2_31//20170427-VeryMax/ITS/From_T2__s1.t2__p18830_safety_0.smt2 : 718 ms.
--------------------------------------------------
sat
../QF_NIA_split/QF_NIA_2_31//20170427-VeryMax/ITS/From_T2__s1.t2__p18831_safety_0.smt2 : 33424 ms.
--------------------------------------------------
sat
../QF_NIA_split/QF_NIA_2_31//20170427-VeryMax/ITS/From_T2__s1.t2__p18832_safety_0.smt2 : 14447 ms.
--------------------------------------------------
sat
../QF_NIA_split/QF_NIA_2_31//20170427-VeryMax/ITS/From_T2__s1.t2__p18856_safety_0.smt2 : 1479 ms.
--------------------------------------------------
sat
../QF_NIA_split/QF_NIA_2_31//20170427-VeryMax/ITS/From_T2__s1.t2__p18858_safety_0.smt2 : 658 ms.
--------------------------------------------------
sat
../QF_NIA_split/QF_NIA_2_31//20170427-VeryMax/ITS/From_T2__s1.t2__p18859_safety_0.smt2 : 56511 ms.
--------------------------------------------------
sat
../QF_NIA_split/QF_NIA_2_31//20170427-VeryMax/ITS/From_T2__s1.t2__p18860_safety_0.smt2 : 31529 ms.
--------------------------------------------------
unsat
../QF_NIA_split/QF_NIA_2_31//20170427-VeryMax/ITS/From_T2__s1.t2__p18861_safety_0.smt2 : 2741 ms.
--------------------------------------------------
sat
../QF_NIA_split/QF_NIA_2_31//20170427-VeryMax/ITS/From_T2__s1.t2__p18862_safety_0.smt2 : 402 ms.
--------------------------------------------------
unknown
../QF_NIA_split/QF_NIA_2_31//20170427-VeryMax/ITS/From_T2__s1.t2__p18863_safety_0.smt2 : 60122 ms.
--------------------------------------------------
sat
../QF_NIA_split/QF_NIA_2_31//20170427-VeryMax/ITS/From_T2__s1.t2__p18864_safety_0.smt2 : 17627 ms.
--------------------------------------------------
sat
../QF_NIA_split/QF_NIA_2_31//20170427-VeryMax/ITS/From_T2__s1.t2__p18868_safety_0.smt2 : 1136 ms.
--------------------------------------------------
sat
../QF_NIA_split/QF_NIA_2_31//20170427-VeryMax/ITS/From_T2__s1.t2__p18871_safety_0.smt2 : 50750 ms.
--------------------------------------------------
sat
../QF_NIA_split/QF_NIA_2_31//20170427-VeryMax/ITS/From_T2__s1.t2__p18873_safety_0.smt2 : 1463 ms.
--------------------------------------------------
sat
../QF_NIA_split/QF_NIA_2_31//20170427-VeryMax/ITS/From_T2__s1.t2__p18877_safety_0.smt2 : 985 ms.
--------------------------------------------------
sat
../QF_NIA_split/QF_NIA_2_31//20170427-VeryMax/ITS/From_T2__s1.t2__p18878_safety_0.smt2 : 24877 ms.
--------------------------------------------------
sat
../QF_NIA_split/QF_NIA_2_31//20170427-VeryMax/ITS/From_T2__s1.t2__p18879_safety_0.smt2 : 800 ms.
--------------------------------------------------
sat
../QF_NIA_split/QF_NIA_2_31//20170427-VeryMax/ITS/From_T2__s1.t2__p18880_safety_0.smt2 : 17133 ms.
--------------------------------------------------
sat
../QF_NIA_split/QF_NIA_2_31//20170427-VeryMax/ITS/From_T2__s1.t2__p18886_safety_0.smt2 : 619 ms.
--------------------------------------------------
sat
../QF_NIA_split/QF_NIA_2_31//20170427-VeryMax/ITS/From_T2__s1.t2__p18888_safety_0.smt2 : 25020 ms.
--------------------------------------------------
unsat
../QF_NIA_split/QF_NIA_2_31//20170427-VeryMax/ITS/From_T2__s1.t2__p18901_safety_0.smt2 : 1211 ms.
--------------------------------------------------
../QF_NIA_split/QF_NIA_2_31//20170427-VeryMax/ITS/From_T2__s1.t2__p18902_safety_0.smt2 : 61006 ms.
--------------------------------------------------
../QF_NIA_split/QF_NIA_2_31//20170427-VeryMax/ITS/From_T2__s1.t2__p18919_safety_0.smt2 : 61007 ms.
--------------------------------------------------
unsat
../QF_NIA_split/QF_NIA_2_31//20170427-VeryMax/ITS/From_T2__s1.t2__p18933_safety_0.smt2 : 3031 ms.
--------------------------------------------------
../QF_NIA_split/QF_NIA_2_31//20170427-VeryMax/ITS/From_T2__s1.t2__p18934_safety_0.smt2 : 61007 ms.
--------------------------------------------------
unknown
../QF_NIA_split/QF_NIA_2_31//20170427-VeryMax/ITS/From_T2__s1.t2__p18947_safety_0.smt2 : 60278 ms.
--------------------------------------------------
unknown
../QF_NIA_split/QF_NIA_2_31//20170427-VeryMax/ITS/From_T2__s1.t2__p18948_safety_0.smt2 : 60085 ms.
--------------------------------------------------
unsat
../QF_NIA_split/QF_NIA_2_31//20170427-VeryMax/ITS/From_T2__s1.t2__p18949_safety_0.smt2 : 1756 ms.
--------------------------------------------------
../QF_NIA_split/QF_NIA_2_31//20170427-VeryMax/ITS/From_T2__s1.t2__p18950_safety_0.smt2 : 61007 ms.
--------------------------------------------------
sat
../QF_NIA_split/QF_NIA_2_31//20170427-VeryMax/ITS/From_T2__s1.t2__p18963_safety_0.smt2 : 1714 ms.
--------------------------------------------------
sat
../QF_NIA_split/QF_NIA_2_31//20170427-VeryMax/ITS/From_T2__s1.t2__p18964_safety_0.smt2 : 3958 ms.
--------------------------------------------------
unknown
../QF_NIA_split/QF_NIA_2_31//20170427-VeryMax/ITS/From_T2__s1.t2__p18968_safety_0.smt2 : 60065 ms.
--------------------------------------------------
../QF_NIA_split/QF_NIA_2_31//20170427-VeryMax/ITS/From_T2__s1.t2__p18972_safety_0.smt2 : 61007 ms.
--------------------------------------------------
../QF_NIA_split/QF_NIA_2_31//20170427-VeryMax/ITS/From_T2__s1.t2__p18974_safety_0.smt2 : 61007 ms.
--------------------------------------------------
../QF_NIA_split/QF_NIA_2_31//20170427-VeryMax/ITS/From_T2__s1.t2__p18976_safety_0.smt2 : 61007 ms.
--------------------------------------------------
sat
../QF_NIA_split/QF_NIA_2_31//20170427-VeryMax/ITS/From_T2__s1.t2__p18977_safety_0.smt2 : 783 ms.
--------------------------------------------------
sat
../QF_NIA_split/QF_NIA_2_31//20170427-VeryMax/ITS/From_T2__s1.t2__p18979_safety_0.smt2 : 23008 ms.
--------------------------------------------------
unsat
../QF_NIA_split/QF_NIA_2_31//20170427-VeryMax/ITS/From_T2__s1.t2__p18985_safety_0.smt2 : 2036 ms.
--------------------------------------------------
../QF_NIA_split/QF_NIA_2_31//20170427-VeryMax/ITS/From_T2__s1.t2__p18990_safety_0.smt2 : 61006 ms.
--------------------------------------------------
../QF_NIA_split/QF_NIA_2_31//20170427-VeryMax/ITS/From_T2__s1.t2__p19013_safety_0.smt2 : 61007 ms.
--------------------------------------------------
../QF_NIA_split/QF_NIA_2_31//20170427-VeryMax/ITS/From_T2__s1.t2__p19014_safety_0.smt2 : 61006 ms.
--------------------------------------------------
unknown
../QF_NIA_split/QF_NIA_2_31//20170427-VeryMax/ITS/From_T2__s1.t2__p19015_safety_0.smt2 : 60073 ms.
--------------------------------------------------
../QF_NIA_split/QF_NIA_2_31//20170427-VeryMax/ITS/From_T2__s1.t2__p19018_safety_0.smt2 : 61006 ms.
--------------------------------------------------
unknown
../QF_NIA_split/QF_NIA_2_31//20170427-VeryMax/ITS/From_T2__s1.t2__p19036_safety_0.smt2 : 60088 ms.
--------------------------------------------------
../QF_NIA_split/QF_NIA_2_31//20170427-VeryMax/ITS/From_T2__s1.t2__p19038_safety_0.smt2 : 61007 ms.
--------------------------------------------------
unknown
../QF_NIA_split/QF_NIA_2_31//20170427-VeryMax/ITS/From_T2__s1.t2__p19042_safety_0.smt2 : 60040 ms.
--------------------------------------------------
../QF_NIA_split/QF_NIA_2_31//20170427-VeryMax/ITS/From_T2__s1.t2__p19045_safety_0.smt2 : 61006 ms.
--------------------------------------------------
../QF_NIA_split/QF_NIA_2_31//20170427-VeryMax/ITS/From_T2__s1.t2__p19046_safety_0.smt2 : 61007 ms.
--------------------------------------------------
unsat
../QF_NIA_split/QF_NIA_2_31//20170427-VeryMax/ITS/From_T2__s1.t2__p19049_safety_0.smt2 : 3016 ms.
--------------------------------------------------
../QF_NIA_split/QF_NIA_2_31//20170427-VeryMax/ITS/From_T2__s1.t2__p19050_safety_0.smt2 : 61006 ms.
--------------------------------------------------
unsat
../QF_NIA_split/QF_NIA_2_31//20170427-VeryMax/ITS/From_T2__s1.t2__p19051_safety_0.smt2 : 1371 ms.
--------------------------------------------------
../QF_NIA_split/QF_NIA_2_31//20170427-VeryMax/ITS/From_T2__s1.t2__p19052_safety_0.smt2 : 61006 ms.
--------------------------------------------------
unknown
../QF_NIA_split/QF_NIA_2_31//20170427-VeryMax/ITS/From_T2__s1.t2__p19053_safety_0.smt2 : 60125 ms.
--------------------------------------------------
../QF_NIA_split/QF_NIA_2_31//20170427-VeryMax/ITS/From_T2__s1.t2__p19054_safety_0.smt2 : 61007 ms.
--------------------------------------------------
sat
../QF_NIA_split/QF_NIA_2_31//20170427-VeryMax/ITS/From_T2__s1.t2__p19089_safety_0.smt2 : 967 ms.
--------------------------------------------------
sat
../QF_NIA_split/QF_NIA_2_31//20170427-VeryMax/ITS/From_T2__s1.t2__p19091_safety_0.smt2 : 3866 ms.
--------------------------------------------------
sat
../QF_NIA_split/QF_NIA_2_31//20170427-VeryMax/ITS/From_T2__s1.t2__p19119_safety_0.smt2 : 4437 ms.
--------------------------------------------------
sat
../QF_NIA_split/QF_NIA_2_31//20170427-VeryMax/ITS/From_T2__s1.t2__p19120_safety_0.smt2 : 606 ms.
--------------------------------------------------
../QF_NIA_split/QF_NIA_2_31//20170427-VeryMax/ITS/From_T2__s1.t2__p19121_safety_0.smt2 : 61007 ms.
--------------------------------------------------
sat
../QF_NIA_split/QF_NIA_2_31//20170427-VeryMax/ITS/From_T2__s1.t2__p19122_safety_0.smt2 : 949 ms.
--------------------------------------------------
sat
../QF_NIA_split/QF_NIA_2_31//20170427-VeryMax/ITS/From_T2__s1.t2__p19123_safety_0.smt2 : 22455 ms.
--------------------------------------------------
sat
../QF_NIA_split/QF_NIA_2_31//20170427-VeryMax/ITS/From_T2__s1.t2__p19124_safety_0.smt2 : 601 ms.
--------------------------------------------------
../QF_NIA_split/QF_NIA_2_31//20170427-VeryMax/ITS/From_T2__s1.t2__p19125_safety_0.smt2 : 61008 ms.
--------------------------------------------------
sat
../QF_NIA_split/QF_NIA_2_31//20170427-VeryMax/ITS/From_T2__s1.t2__p19138_safety_0.smt2 : 932 ms.
--------------------------------------------------
sat
../QF_NIA_split/QF_NIA_2_31//20170427-VeryMax/ITS/From_T2__s1.t2__p19139_safety_0.smt2 : 6863 ms.
--------------------------------------------------
../QF_NIA_split/QF_NIA_2_31//20170427-VeryMax/ITS/From_T2__s1.t2__p19153_safety_0.smt2 : 61006 ms.
--------------------------------------------------
sat
../QF_NIA_split/QF_NIA_2_31//20170427-VeryMax/ITS/From_T2__s1.t2__p19154_safety_0.smt2 : 1482 ms.
--------------------------------------------------
unknown
../QF_NIA_split/QF_NIA_2_31//20170427-VeryMax/ITS/From_T2__s1.t2__p19156_safety_0.smt2 : 60108 ms.
--------------------------------------------------
../QF_NIA_split/QF_NIA_2_31//20170427-VeryMax/ITS/From_T2__s1.t2__p19158_safety_0.smt2 : 61006 ms.
--------------------------------------------------
sat
../QF_NIA_split/QF_NIA_2_31//20170427-VeryMax/ITS/From_T2__s1.t2__p19159_safety_0.smt2 : 1464 ms.
--------------------------------------------------
unknown
../QF_NIA_split/QF_NIA_2_31//20170427-VeryMax/ITS/From_T2__s1.t2__p19160_safety_0.smt2 : 60124 ms.
--------------------------------------------------
unknown
../QF_NIA_split/QF_NIA_2_31//20170427-VeryMax/ITS/From_T2__s1.t2__p19200_safety_0.smt2 : 60102 ms.
--------------------------------------------------
unknown
../QF_NIA_split/QF_NIA_2_31//20170427-VeryMax/ITS/From_T2__s1.t2__p19202_safety_0.smt2 : 60070 ms.
--------------------------------------------------
../QF_NIA_split/QF_NIA_2_31//20170427-VeryMax/ITS/From_T2__s1.t2__p19204_safety_0.smt2 : 61006 ms.
--------------------------------------------------
unknown
../QF_NIA_split/QF_NIA_2_31//20170427-VeryMax/ITS/From_T2__s1.t2__p19211_safety_0.smt2 : 60132 ms.
--------------------------------------------------
unknown
../QF_NIA_split/QF_NIA_2_31//20170427-VeryMax/ITS/From_T2__s1.t2__p19212_safety_0.smt2 : 60065 ms.
--------------------------------------------------
sat
../QF_NIA_split/QF_NIA_2_31//20170427-VeryMax/ITS/From_T2__s1.t2__p19214_safety_0.smt2 : 579 ms.
--------------------------------------------------
unknown
../QF_NIA_split/QF_NIA_2_31//20170427-VeryMax/ITS/From_T2__s1.t2__p19227_safety_0.smt2 : 60126 ms.
--------------------------------------------------
../QF_NIA_split/QF_NIA_2_31//20170427-VeryMax/ITS/From_T2__s1.t2__p19228_safety_0.smt2 : 61006 ms.
--------------------------------------------------
sat
../QF_NIA_split/QF_NIA_2_31//20170427-VeryMax/ITS/From_T2__s1.t2__p19285_safety_0.smt2 : 506 ms.
--------------------------------------------------
sat
../QF_NIA_split/QF_NIA_2_31//20170427-VeryMax/ITS/From_T2__s1.t2__p19287_safety_0.smt2 : 447 ms.
--------------------------------------------------
sat
../QF_NIA_split/QF_NIA_2_31//20170427-VeryMax/ITS/From_T2__s1.t2__p19289_safety_0.smt2 : 475 ms.
--------------------------------------------------
../QF_NIA_split/QF_NIA_2_31//20170427-VeryMax/ITS/From_T2__s1.t2__p19290_safety_0.smt2 : 61007 ms.
--------------------------------------------------
sat
../QF_NIA_split/QF_NIA_2_31//20170427-VeryMax/ITS/From_T2__s1.t2__p19291_safety_0.smt2 : 583 ms.
--------------------------------------------------
sat
../QF_NIA_split/QF_NIA_2_31//20170427-VeryMax/ITS/From_T2__s1.t2__p19292_safety_0.smt2 : 433 ms.
--------------------------------------------------
sat
../QF_NIA_split/QF_NIA_2_31//20170427-VeryMax/ITS/From_T2__s1.t2__p19293_safety_0.smt2 : 13561 ms.
--------------------------------------------------
sat
../QF_NIA_split/QF_NIA_2_31//20170427-VeryMax/ITS/From_T2__s1.t2__p19295_safety_0.smt2 : 455 ms.
--------------------------------------------------
../QF_NIA_split/QF_NIA_2_31//20170427-VeryMax/ITS/From_T2__s1.t2__p19297_safety_0.smt2 : 61007 ms.
--------------------------------------------------
sat
../QF_NIA_split/QF_NIA_2_31//20170427-VeryMax/ITS/From_T2__s1.t2__p19298_safety_0.smt2 : 472 ms.
--------------------------------------------------
../QF_NIA_split/QF_NIA_2_31//20170427-VeryMax/ITS/From_T2__s1.t2__p19299_safety_0.smt2 : 61007 ms.
--------------------------------------------------
../QF_NIA_split/QF_NIA_2_31//20170427-VeryMax/ITS/From_T2__s1.t2__p19317_safety_0.smt2 : 61006 ms.
--------------------------------------------------
sat
../QF_NIA_split/QF_NIA_2_31//20170427-VeryMax/ITS/From_T2__s1.t2__p19375_safety_0.smt2 : 721 ms.
--------------------------------------------------
sat
../QF_NIA_split/QF_NIA_2_31//20170427-VeryMax/ITS/From_T2__s1.t2__p19377_safety_0.smt2 : 853 ms.
--------------------------------------------------
sat
../QF_NIA_split/QF_NIA_2_31//20170427-VeryMax/ITS/From_T2__s1.t2__p19379_safety_0.smt2 : 251 ms.
--------------------------------------------------
sat
../QF_NIA_split/QF_NIA_2_31//20170427-VeryMax/ITS/From_T2__s1.t2__p19388_safety_0.smt2 : 770 ms.
--------------------------------------------------
sat
../QF_NIA_split/QF_NIA_2_31//20170427-VeryMax/ITS/From_T2__s1.t2__p19389_safety_0.smt2 : 757 ms.
--------------------------------------------------
../QF_NIA_split/QF_NIA_2_31//20170427-VeryMax/ITS/From_T2__s1.t2__p19391_safety_0.smt2 : 61007 ms.
--------------------------------------------------
sat
../QF_NIA_split/QF_NIA_2_31//20170427-VeryMax/ITS/From_T2__s1.t2__p19411_safety_0.smt2 : 1193 ms.
--------------------------------------------------
sat
../QF_NIA_split/QF_NIA_2_31//20170427-VeryMax/ITS/From_T2__s1.t2__p19414_safety_0.smt2 : 54024 ms.
--------------------------------------------------
sat
../QF_NIA_split/QF_NIA_2_31//20170427-VeryMax/ITS/From_T2__s1.t2__p19423_safety_0.smt2 : 624 ms.
--------------------------------------------------
sat
../QF_NIA_split/QF_NIA_2_31//20170427-VeryMax/ITS/From_T2__s1.t2__p19424_safety_0.smt2 : 1211 ms.
--------------------------------------------------
sat
../QF_NIA_split/QF_NIA_2_31//20170427-VeryMax/ITS/From_T2__s1.t2__p19425_safety_0.smt2 : 21308 ms.
--------------------------------------------------
../QF_NIA_split/QF_NIA_2_31//20170427-VeryMax/ITS/From_T2__s1.t2__p19427_safety_0.smt2 : 61007 ms.
--------------------------------------------------
sat
../QF_NIA_split/QF_NIA_2_31//20170427-VeryMax/ITS/From_T2__s1.t2__p19430_safety_0.smt2 : 925 ms.
--------------------------------------------------
unknown
../QF_NIA_split/QF_NIA_2_31//20170427-VeryMax/ITS/From_T2__s1.t2__p19431_safety_0.smt2 : 60506 ms.
--------------------------------------------------
sat
../QF_NIA_split/QF_NIA_2_31//20170427-VeryMax/ITS/From_T2__s1.t2__p19435_safety_0.smt2 : 344 ms.
--------------------------------------------------
sat
../QF_NIA_split/QF_NIA_2_31//20170427-VeryMax/ITS/From_T2__s1.t2__p19436_safety_0.smt2 : 850 ms.
--------------------------------------------------
../QF_NIA_split/QF_NIA_2_31//20170427-VeryMax/ITS/From_T2__s1.t2__p19437_safety_0.smt2 : 61006 ms.
--------------------------------------------------
sat
../QF_NIA_split/QF_NIA_2_31//20170427-VeryMax/ITS/From_T2__s1.t2__p19463_safety_0.smt2 : 607 ms.
--------------------------------------------------
sat
../QF_NIA_split/QF_NIA_2_31//20170427-VeryMax/ITS/From_T2__s1.t2__p19465_safety_0.smt2 : 1859 ms.
--------------------------------------------------
unsat
../QF_NIA_split/QF_NIA_2_31//20170427-VeryMax/ITS/From_T2__s1.t2__p19467_safety_0.smt2 : 8731 ms.
--------------------------------------------------
unknown
../QF_NIA_split/QF_NIA_2_31//20170427-VeryMax/ITS/From_T2__s1.t2__p19471_safety_0.smt2 : 60045 ms.
--------------------------------------------------
sat
../QF_NIA_split/QF_NIA_2_31//20170427-VeryMax/ITS/From_T2__s1.t2__p19482_safety_0.smt2 : 15754 ms.
--------------------------------------------------
unknown
../QF_NIA_split/QF_NIA_2_31//20170427-VeryMax/ITS/From_T2__s1.t2__p19484_safety_0.smt2 : 60059 ms.
--------------------------------------------------
unknown
../QF_NIA_split/QF_NIA_2_31//20170427-VeryMax/ITS/From_T2__s1.t2__p19485_safety_0.smt2 : 60051 ms.
--------------------------------------------------
sat
../QF_NIA_split/QF_NIA_2_31//20170427-VeryMax/ITS/From_T2__s1.t2__p19508_safety_0.smt2 : 565 ms.
--------------------------------------------------
../QF_NIA_split/QF_NIA_2_31//20170427-VeryMax/ITS/From_T2__s1.t2__p19509_safety_0.smt2 : 61006 ms.
--------------------------------------------------
../QF_NIA_split/QF_NIA_2_31//20170427-VeryMax/ITS/From_T2__s1.t2__p19512_safety_0.smt2 : 61006 ms.
--------------------------------------------------
unsat
../QF_NIA_split/QF_NIA_2_31//20170427-VeryMax/ITS/From_T2__s1.t2__p19513_safety_0.smt2 : 35964 ms.
--------------------------------------------------
unknown
../QF_NIA_split/QF_NIA_2_31//20170427-VeryMax/ITS/From_T2__s1.t2__p19518_safety_0.smt2 : 60057 ms.
--------------------------------------------------
sat
../QF_NIA_split/QF_NIA_2_31//20170427-VeryMax/ITS/From_T2__s1.t2__p19523_safety_0.smt2 : 3531 ms.
--------------------------------------------------
sat
../QF_NIA_split/QF_NIA_2_31//20170427-VeryMax/ITS/From_T2__s1.t2__p19546_safety_0.smt2 : 1641 ms.
--------------------------------------------------
sat
../QF_NIA_split/QF_NIA_2_31//20170427-VeryMax/ITS/From_T2__s1.t2__p19547_safety_0.smt2 : 9025 ms.
--------------------------------------------------
unknown
../QF_NIA_split/QF_NIA_2_31//20170427-VeryMax/ITS/From_T2__s1.t2__p19554_safety_0.smt2 : 60108 ms.
--------------------------------------------------
sat
../QF_NIA_split/QF_NIA_2_31//20170427-VeryMax/ITS/From_T2__s1.t2__p19556_safety_0.smt2 : 543 ms.
--------------------------------------------------
sat
../QF_NIA_split/QF_NIA_2_31//20170427-VeryMax/ITS/From_T2__s1.t2__p19560_safety_0.smt2 : 568 ms.
--------------------------------------------------
sat
../QF_NIA_split/QF_NIA_2_31//20170427-VeryMax/ITS/From_T2__s1.t2__p19570_safety_0.smt2 : 569 ms.
--------------------------------------------------
sat
../QF_NIA_split/QF_NIA_2_31//20170427-VeryMax/ITS/From_T2__s1.t2__p19571_safety_0.smt2 : 710 ms.
--------------------------------------------------
sat
../QF_NIA_split/QF_NIA_2_31//20170427-VeryMax/ITS/From_T2__s1.t2__p19572_safety_0.smt2 : 402 ms.
--------------------------------------------------
sat
../QF_NIA_split/QF_NIA_2_31//20170427-VeryMax/ITS/From_T2__s1.t2__p19575_safety_0.smt2 : 2609 ms.
--------------------------------------------------
sat
../QF_NIA_split/QF_NIA_2_31//20170427-VeryMax/ITS/From_T2__s1.t2__p19576_safety_0.smt2 : 605 ms.
--------------------------------------------------
sat
../QF_NIA_split/QF_NIA_2_31//20170427-VeryMax/ITS/From_T2__s1.t2__p19577_safety_0.smt2 : 752 ms.
--------------------------------------------------
../QF_NIA_split/QF_NIA_2_31//20170427-VeryMax/ITS/From_T2__s1.t2__p19578_safety_0.smt2 : 61007 ms.
--------------------------------------------------
sat
../QF_NIA_split/QF_NIA_2_31//20170427-VeryMax/ITS/From_T2__s1.t2__p19579_safety_0.smt2 : 26988 ms.
--------------------------------------------------
sat
../QF_NIA_split/QF_NIA_2_31//20170427-VeryMax/ITS/From_T2__s1.t2__p19582_safety_0.smt2 : 848 ms.
--------------------------------------------------
sat
../QF_NIA_split/QF_NIA_2_31//20170427-VeryMax/ITS/From_T2__s1.t2__p19583_safety_0.smt2 : 13190 ms.
--------------------------------------------------
../QF_NIA_split/QF_NIA_2_31//20170427-VeryMax/ITS/From_T2__s1.t2__p19589_safety_0.smt2 : 61007 ms.
--------------------------------------------------
sat
../QF_NIA_split/QF_NIA_2_31//20170427-VeryMax/ITS/From_T2__s1.t2__p19616_safety_0.smt2 : 989 ms.
--------------------------------------------------
sat
../QF_NIA_split/QF_NIA_2_31//20170427-VeryMax/ITS/From_T2__s1.t2__p19617_safety_0.smt2 : 490 ms.
--------------------------------------------------
../QF_NIA_split/QF_NIA_2_31//20170427-VeryMax/ITS/From_T2__s1.t2__p19618_safety_0.smt2 : 61007 ms.
--------------------------------------------------
sat
../QF_NIA_split/QF_NIA_2_31//20170427-VeryMax/ITS/From_T2__s1.t2__p19619_safety_0.smt2 : 612 ms.
--------------------------------------------------
sat
../QF_NIA_split/QF_NIA_2_31//20170427-VeryMax/ITS/From_T2__s1.t2__p19620_safety_0.smt2 : 10061 ms.
--------------------------------------------------
unsat
../QF_NIA_split/QF_NIA_2_31//20170427-VeryMax/ITS/From_T2__s1.t2__p19637_safety_0.smt2 : 1603 ms.
--------------------------------------------------
sat
../QF_NIA_split/QF_NIA_2_31//20170427-VeryMax/ITS/From_T2__s1.t2__p19638_safety_0.smt2 : 734 ms.
--------------------------------------------------
unknown
../QF_NIA_split/QF_NIA_2_31//20170427-VeryMax/ITS/From_T2__s1.t2__p19641_safety_0.smt2 : 60335 ms.
--------------------------------------------------
sat
../QF_NIA_split/QF_NIA_2_31//20170427-VeryMax/ITS/From_T2__s1.t2__p19642_safety_0.smt2 : 5485 ms.
--------------------------------------------------
unsat
../QF_NIA_split/QF_NIA_2_31//20170427-VeryMax/ITS/From_T2__s1.t2__p19649_safety_0.smt2 : 11172 ms.
--------------------------------------------------
../QF_NIA_split/QF_NIA_2_31//20170427-VeryMax/ITS/From_T2__s1.t2__p19650_safety_0.smt2 : 61006 ms.
--------------------------------------------------
sat
../QF_NIA_split/QF_NIA_2_31//20170427-VeryMax/ITS/From_T2__s1.t2__p19659_safety_0.smt2 : 22188 ms.
--------------------------------------------------
../QF_NIA_split/QF_NIA_2_31//20170427-VeryMax/ITS/From_T2__s1.t2__p19666_safety_0.smt2 : 61006 ms.
--------------------------------------------------
unsat
../QF_NIA_split/QF_NIA_2_31//20170427-VeryMax/ITS/From_T2__s1.t2__p19670_safety_0.smt2 : 2383 ms.
--------------------------------------------------
../QF_NIA_split/QF_NIA_2_31//20170427-VeryMax/ITS/From_T2__s1.t2__p19672_safety_0.smt2 : 61007 ms.
--------------------------------------------------
unsat
../QF_NIA_split/QF_NIA_2_31//20170427-VeryMax/ITS/From_T2__s1.t2__p19675_safety_0.smt2 : 7270 ms.
--------------------------------------------------
../QF_NIA_split/QF_NIA_2_31//20170427-VeryMax/ITS/From_T2__s1.t2__p19676_safety_0.smt2 : 61006 ms.
--------------------------------------------------
sat
../QF_NIA_split/QF_NIA_2_31//20170427-VeryMax/ITS/From_T2__s1.t2__p19677_safety_0.smt2 : 399 ms.
--------------------------------------------------
sat
../QF_NIA_split/QF_NIA_2_31//20170427-VeryMax/ITS/From_T2__s1.t2__p19678_safety_0.smt2 : 10906 ms.
--------------------------------------------------
unsat
../QF_NIA_split/QF_NIA_2_31//20170427-VeryMax/ITS/From_T2__s1.t2__p19695_safety_0.smt2 : 1003 ms.
--------------------------------------------------
../QF_NIA_split/QF_NIA_2_31//20170427-VeryMax/ITS/From_T2__s1.t2__p19699_safety_0.smt2 : 61006 ms.
--------------------------------------------------
../QF_NIA_split/QF_NIA_2_31//20170427-VeryMax/ITS/From_T2__s1.t2__p19700_safety_0.smt2 : 61007 ms.
--------------------------------------------------
unsat
../QF_NIA_split/QF_NIA_2_31//20170427-VeryMax/ITS/From_T2__s1.t2__p19701_safety_0.smt2 : 1590 ms.
--------------------------------------------------
../QF_NIA_split/QF_NIA_2_31//20170427-VeryMax/ITS/From_T2__s1.t2__p19702_safety_0.smt2 : 61005 ms.
--------------------------------------------------
../QF_NIA_split/QF_NIA_2_31//20170427-VeryMax/ITS/From_T2__s1.t2__p19710_safety_0.smt2 : 61006 ms.
--------------------------------------------------
unsat
../QF_NIA_split/QF_NIA_2_31//20170427-VeryMax/ITS/From_T2__s1.t2__p19722_safety_0.smt2 : 794 ms.
--------------------------------------------------
../QF_NIA_split/QF_NIA_2_31//20170427-VeryMax/ITS/From_T2__s1.t2__p19724_safety_0.smt2 : 61006 ms.
--------------------------------------------------
../QF_NIA_split/QF_NIA_2_31//20170427-VeryMax/ITS/From_T2__s1.t2__p19725_safety_0.smt2 : 61006 ms.
--------------------------------------------------
../QF_NIA_split/QF_NIA_2_31//20170427-VeryMax/ITS/From_T2__s1.t2__p19726_safety_0.smt2 : 61007 ms.
--------------------------------------------------
unknown
../QF_NIA_split/QF_NIA_2_31//20170427-VeryMax/ITS/From_T2__s1.t2__p19733_safety_0.smt2 : 60071 ms.
--------------------------------------------------
unknown
../QF_NIA_split/QF_NIA_2_31//20170427-VeryMax/ITS/From_T2__s1.t2__p19734_safety_0.smt2 : 60080 ms.
--------------------------------------------------
../QF_NIA_split/QF_NIA_2_31//20170427-VeryMax/ITS/From_T2__s1.t2__p19737_safety_0.smt2 : 61006 ms.
--------------------------------------------------
sat
../QF_NIA_split/QF_NIA_2_31//20170427-VeryMax/ITS/From_T2__s1.t2__p19770_safety_0.smt2 : 936 ms.
--------------------------------------------------
sat
../QF_NIA_split/QF_NIA_2_31//20170427-VeryMax/ITS/From_T2__s1.t2__p19772_safety_0.smt2 : 1036 ms.
--------------------------------------------------
sat
../QF_NIA_split/QF_NIA_2_31//20170427-VeryMax/ITS/From_T2__s1.t2__p19792_safety_0.smt2 : 471 ms.
--------------------------------------------------
sat
../QF_NIA_split/QF_NIA_2_31//20170427-VeryMax/ITS/From_T2__s1.t2__p19793_safety_0.smt2 : 45175 ms.
--------------------------------------------------
sat
../QF_NIA_split/QF_NIA_2_31//20170427-VeryMax/ITS/From_T2__s1.t2__p19801_safety_0.smt2 : 636 ms.
--------------------------------------------------
sat
../QF_NIA_split/QF_NIA_2_31//20170427-VeryMax/ITS/From_T2__s1.t2__p19802_safety_0.smt2 : 1465 ms.
--------------------------------------------------
sat
../QF_NIA_split/QF_NIA_2_31//20170427-VeryMax/ITS/From_T2__s1.t2__p19803_safety_0.smt2 : 1100 ms.
--------------------------------------------------
../QF_NIA_split/QF_NIA_2_31//20170427-VeryMax/ITS/From_T2__s1.t2__p19804_safety_0.smt2 : 61007 ms.
--------------------------------------------------
sat
../QF_NIA_split/QF_NIA_2_31//20170427-VeryMax/ITS/From_T2__s1.t2__p19806_safety_0.smt2 : 22706 ms.
--------------------------------------------------
sat
../QF_NIA_split/QF_NIA_2_31//20170427-VeryMax/ITS/From_T2__s1.t2__p19827_safety_0.smt2 : 772 ms.
--------------------------------------------------
../QF_NIA_split/QF_NIA_2_31//20170427-VeryMax/ITS/From_T2__s1.t2__p19828_safety_0.smt2 : 61007 ms.
--------------------------------------------------
sat
../QF_NIA_split/QF_NIA_2_31//20170427-VeryMax/ITS/From_T2__s1.t2__p19829_safety_0.smt2 : 569 ms.
--------------------------------------------------
sat
../QF_NIA_split/QF_NIA_2_31//20170427-VeryMax/ITS/From_T2__s1.t2__p19830_safety_0.smt2 : 4034 ms.
--------------------------------------------------
sat
../QF_NIA_split/QF_NIA_2_31//20170427-VeryMax/ITS/From_T2__s1.t2__p19831_safety_0.smt2 : 979 ms.
--------------------------------------------------
unsat
../QF_NIA_split/QF_NIA_2_31//20170427-VeryMax/ITS/From_T2__s1.t2__p19832_safety_0.smt2 : 3214 ms.
--------------------------------------------------
sat
../QF_NIA_split/QF_NIA_2_31//20170427-VeryMax/ITS/From_T2__s1.t2__p19834_safety_0.smt2 : 505 ms.
--------------------------------------------------
../QF_NIA_split/QF_NIA_2_31//20170427-VeryMax/ITS/From_T2__s1.t2__p19837_safety_0.smt2 : 61007 ms.
--------------------------------------------------
sat
../QF_NIA_split/QF_NIA_2_31//20170427-VeryMax/ITS/From_T2__s1.t2__p19846_safety_0.smt2 : 1338 ms.
--------------------------------------------------
sat
../QF_NIA_split/QF_NIA_2_31//20170427-VeryMax/ITS/From_T2__s1.t2__p19848_safety_0.smt2 : 11948 ms.
--------------------------------------------------
sat
../QF_NIA_split/QF_NIA_2_31//20170427-VeryMax/ITS/From_T2__s1.t2__p19879_safety_0.smt2 : 503 ms.
--------------------------------------------------
../QF_NIA_split/QF_NIA_2_31//20170427-VeryMax/ITS/From_T2__s1.t2__p19889_safety_0.smt2 : 61007 ms.
--------------------------------------------------
unknown
../QF_NIA_split/QF_NIA_2_31//20170427-VeryMax/ITS/From_T2__s1.t2__p19894_safety_0.smt2 : 60117 ms.
--------------------------------------------------
../QF_NIA_split/QF_NIA_2_31//20170427-VeryMax/ITS/From_T2__s1.t2__p19895_safety_0.smt2 : 61006 ms.
--------------------------------------------------
unknown
../QF_NIA_split/QF_NIA_2_31//20170427-VeryMax/ITS/From_T2__s1.t2__p19908_safety_0.smt2 : 60061 ms.
--------------------------------------------------
../QF_NIA_split/QF_NIA_2_31//20170427-VeryMax/ITS/From_T2__s1.t2__p19909_safety_0.smt2 : 61007 ms.
--------------------------------------------------
sat
../QF_NIA_split/QF_NIA_2_31//20170427-VeryMax/ITS/From_T2__s1.t2__p19917_safety_0.smt2 : 51454 ms.
--------------------------------------------------
sat
../QF_NIA_split/QF_NIA_2_31//20170427-VeryMax/ITS/From_T2__s1.t2__p19925_safety_0.smt2 : 1716 ms.
--------------------------------------------------
sat
../QF_NIA_split/QF_NIA_2_31//20170427-VeryMax/ITS/From_T2__s1.t2__p19927_safety_0.smt2 : 1194 ms.
--------------------------------------------------
../QF_NIA_split/QF_NIA_2_31//20170427-VeryMax/ITS/From_T2__s1.t2__p19930_safety_0.smt2 : 61007 ms.
--------------------------------------------------
sat
../QF_NIA_split/QF_NIA_2_31//20170427-VeryMax/ITS/From_T2__s1.t2__p19935_safety_0.smt2 : 398 ms.
--------------------------------------------------
sat
../QF_NIA_split/QF_NIA_2_31//20170427-VeryMax/ITS/From_T2__s1.t2__p19938_safety_0.smt2 : 32917 ms.
--------------------------------------------------
sat
../QF_NIA_split/QF_NIA_2_31//20170427-VeryMax/ITS/From_T2__s1.t2__p19953_safety_0.smt2 : 1001 ms.
--------------------------------------------------
sat
../QF_NIA_split/QF_NIA_2_31//20170427-VeryMax/ITS/From_T2__s1.t2__p19958_safety_0.smt2 : 23343 ms.
--------------------------------------------------
sat
../QF_NIA_split/QF_NIA_2_31//20170427-VeryMax/ITS/From_T2__s1.t2__p19974_safety_0.smt2 : 1409 ms.
--------------------------------------------------
sat
../QF_NIA_split/QF_NIA_2_31//20170427-VeryMax/ITS/From_T2__s1.t2__p19975_safety_0.smt2 : 785 ms.
--------------------------------------------------
sat
../QF_NIA_split/QF_NIA_2_31//20170427-VeryMax/ITS/From_T2__s1.t2__p19979_safety_0.smt2 : 2217 ms.
--------------------------------------------------
unknown
../QF_NIA_split/QF_NIA_2_31//20170427-VeryMax/ITS/From_T2__s1.t2__p19984_safety_0.smt2 : 60081 ms.
--------------------------------------------------
sat
../QF_NIA_split/QF_NIA_2_31//20170427-VeryMax/ITS/From_T2__s1.t2__p19985_safety_0.smt2 : 345 ms.
--------------------------------------------------
../QF_NIA_split/QF_NIA_2_31//20170427-VeryMax/ITS/From_T2__s1.t2__p19988_safety_0.smt2 : 61006 ms.
--------------------------------------------------
sat
../QF_NIA_split/QF_NIA_2_31//20170427-VeryMax/ITS/From_T2__s1.t2__p20001_safety_0.smt2 : 1247 ms.
--------------------------------------------------
../QF_NIA_split/QF_NIA_2_31//20170427-VeryMax/ITS/From_T2__s1.t2__p20013_safety_0.smt2 : 61007 ms.
--------------------------------------------------
sat
../QF_NIA_split/QF_NIA_2_31//20170427-VeryMax/ITS/From_T2__s1.t2__p20015_safety_0.smt2 : 2705 ms.
--------------------------------------------------
sat
../QF_NIA_split/QF_NIA_2_31//20170427-VeryMax/ITS/From_T2__s1.t2__p20018_safety_0.smt2 : 501 ms.
--------------------------------------------------
sat
../QF_NIA_split/QF_NIA_2_31//20170427-VeryMax/ITS/From_T2__s1.t2__p20021_safety_0.smt2 : 8174 ms.
--------------------------------------------------
sat
../QF_NIA_split/QF_NIA_2_31//20170427-VeryMax/ITS/From_T2__s1.t2__p20049_safety_0.smt2 : 1061 ms.
--------------------------------------------------
../QF_NIA_split/QF_NIA_2_31//20170427-VeryMax/ITS/From_T2__s1.t2__p20073_safety_0.smt2 : 61007 ms.
--------------------------------------------------
sat
../QF_NIA_split/QF_NIA_2_31//20170427-VeryMax/ITS/From_T2__s1.t2__p20077_safety_0.smt2 : 520 ms.
--------------------------------------------------
sat
../QF_NIA_split/QF_NIA_2_31//20170427-VeryMax/ITS/From_T2__s1.t2__p20078_safety_0.smt2 : 570 ms.
--------------------------------------------------
sat
../QF_NIA_split/QF_NIA_2_31//20170427-VeryMax/ITS/From_T2__s1.t2__p20079_safety_0.smt2 : 566 ms.
--------------------------------------------------
sat
../QF_NIA_split/QF_NIA_2_31//20170427-VeryMax/ITS/From_T2__s1.t2__p20080_safety_0.smt2 : 5851 ms.
--------------------------------------------------
unsat
../QF_NIA_split/QF_NIA_2_31//20170427-VeryMax/ITS/From_T2__s1.t2__p20087_safety_0.smt2 : 13609 ms.
--------------------------------------------------
../QF_NIA_split/QF_NIA_2_31//20170427-VeryMax/ITS/From_T2__s1.t2__p20088_safety_0.smt2 : 61007 ms.
--------------------------------------------------
sat
../QF_NIA_split/QF_NIA_2_31//20170427-VeryMax/ITS/From_T2__s1.t2__p20089_safety_0.smt2 : 544 ms.
--------------------------------------------------
sat
../QF_NIA_split/QF_NIA_2_31//20170427-VeryMax/ITS/From_T2__s1.t2__p20090_safety_0.smt2 : 58459 ms.
--------------------------------------------------
unsat
../QF_NIA_split/QF_NIA_2_31//20170427-VeryMax/ITS/From_T2__s1.t2__p20103_safety_0.smt2 : 3301 ms.
--------------------------------------------------
unknown
../QF_NIA_split/QF_NIA_2_31//20170427-VeryMax/ITS/From_T2__s1.t2__p20104_safety_0.smt2 : 60054 ms.
--------------------------------------------------
unsat
../QF_NIA_split/QF_NIA_2_31//20170427-VeryMax/ITS/From_T2__s1.t2__p20117_safety_0.smt2 : 2316 ms.
--------------------------------------------------
../QF_NIA_split/QF_NIA_2_31//20170427-VeryMax/ITS/From_T2__s1.t2__p20118_safety_0.smt2 : 61008 ms.
--------------------------------------------------
../QF_NIA_split/QF_NIA_2_31//20170427-VeryMax/ITS/From_T2__s1.t2__p20126_safety_0.smt2 : 61007 ms.
--------------------------------------------------
sat
../QF_NIA_split/QF_NIA_2_31//20170427-VeryMax/ITS/From_T2__s1.t2__p20130_safety_0.smt2 : 517 ms.
--------------------------------------------------
sat
../QF_NIA_split/QF_NIA_2_31//20170427-VeryMax/ITS/From_T2__s1.t2__p20131_safety_0.smt2 : 722 ms.
--------------------------------------------------
sat
../QF_NIA_split/QF_NIA_2_31//20170427-VeryMax/ITS/From_T2__s1.t2__p20147_safety_0.smt2 : 776 ms.
--------------------------------------------------
../QF_NIA_split/QF_NIA_2_31//20170427-VeryMax/ITS/From_T2__s1.t2__p20148_safety_0.smt2 : 61007 ms.
--------------------------------------------------
sat
../QF_NIA_split/QF_NIA_2_31//20170427-VeryMax/ITS/From_T2__s1.t2__p20150_safety_0.smt2 : 14705 ms.
--------------------------------------------------
../QF_NIA_split/QF_NIA_2_31//20170427-VeryMax/ITS/From_T2__s1.t2__p20158_safety_0.smt2 : 61007 ms.
--------------------------------------------------
sat
../QF_NIA_split/QF_NIA_2_31//20170427-VeryMax/ITS/From_T2__s1.t2__p20165_safety_0.smt2 : 574 ms.
--------------------------------------------------
sat
../QF_NIA_split/QF_NIA_2_31//20170427-VeryMax/ITS/From_T2__s1.t2__p20166_safety_0.smt2 : 1512 ms.
--------------------------------------------------
sat
../QF_NIA_split/QF_NIA_2_31//20170427-VeryMax/ITS/From_T2__s1.t2__p20167_safety_0.smt2 : 461 ms.
--------------------------------------------------
unknown
../QF_NIA_split/QF_NIA_2_31//20170427-VeryMax/ITS/From_T2__s1.t2__p20168_safety_0.smt2 : 60113 ms.
--------------------------------------------------
sat
../QF_NIA_split/QF_NIA_2_31//20170427-VeryMax/ITS/From_T2__s1.t2__p20176_safety_0.smt2 : 673 ms.
--------------------------------------------------
sat
../QF_NIA_split/QF_NIA_2_31//20170427-VeryMax/ITS/From_T2__s1.t2__p20177_safety_0.smt2 : 15894 ms.
--------------------------------------------------
../QF_NIA_split/QF_NIA_2_31//20170427-VeryMax/ITS/From_T2__s1.t2__p20179_safety_0.smt2 : 61006 ms.
--------------------------------------------------
../QF_NIA_split/QF_NIA_2_31//20170427-VeryMax/ITS/From_T2__s1.t2__p20199_safety_0.smt2 : 61007 ms.
--------------------------------------------------
sat
../QF_NIA_split/QF_NIA_2_31//20170427-VeryMax/ITS/From_T2__s1.t2__p20206_safety_0.smt2 : 1549 ms.
--------------------------------------------------
sat
../QF_NIA_split/QF_NIA_2_31//20170427-VeryMax/ITS/From_T2__s1.t2__p20207_safety_0.smt2 : 16977 ms.
--------------------------------------------------
sat
../QF_NIA_split/QF_NIA_2_31//20170427-VeryMax/ITS/From_T2__s1.t2__p20214_safety_0.smt2 : 2218 ms.
--------------------------------------------------
sat
../QF_NIA_split/QF_NIA_2_31//20170427-VeryMax/ITS/From_T2__s1.t2__p20215_safety_0.smt2 : 998 ms.
--------------------------------------------------
../QF_NIA_split/QF_NIA_2_31//20170427-VeryMax/ITS/From_T2__s1.t2__p20216_safety_0.smt2 : 61007 ms.
--------------------------------------------------
unsat
../QF_NIA_split/QF_NIA_2_31//20170427-VeryMax/ITS/From_T2__s1.t2__p20224_safety_0.smt2 : 2423 ms.
--------------------------------------------------
unknown
../QF_NIA_split/QF_NIA_2_31//20170427-VeryMax/ITS/From_T2__s1.t2__p20225_safety_0.smt2 : 60060 ms.
--------------------------------------------------
sat
../QF_NIA_split/QF_NIA_2_31//20170427-VeryMax/ITS/From_T2__s1.t2__p20226_safety_0.smt2 : 1507 ms.
--------------------------------------------------
sat
../QF_NIA_split/QF_NIA_2_31//20170427-VeryMax/ITS/From_T2__s1.t2__p20227_safety_0.smt2 : 48560 ms.
--------------------------------------------------
unsat
../QF_NIA_split/QF_NIA_2_31//20170427-VeryMax/ITS/From_T2__s1.t2__p20234_safety_0.smt2 : 2776 ms.
--------------------------------------------------
../QF_NIA_split/QF_NIA_2_31//20170427-VeryMax/ITS/From_T2__s1.t2__p20235_safety_0.smt2 : 61007 ms.
--------------------------------------------------
unsat
../QF_NIA_split/QF_NIA_2_31//20170427-VeryMax/ITS/From_T2__s1.t2__p20242_safety_0.smt2 : 3391 ms.
--------------------------------------------------
../QF_NIA_split/QF_NIA_2_31//20170427-VeryMax/ITS/From_T2__s1.t2__p20246_safety_0.smt2 : 61006 ms.
--------------------------------------------------
../QF_NIA_split/QF_NIA_2_31//20170427-VeryMax/ITS/From_T2__s1.t2__p20251_safety_0.smt2 : 61007 ms.
--------------------------------------------------
unknown
../QF_NIA_split/QF_NIA_2_31//20170427-VeryMax/ITS/From_T2__s1.t2__p20258_safety_0.smt2 : 60125 ms.
--------------------------------------------------
../QF_NIA_split/QF_NIA_2_31//20170427-VeryMax/ITS/From_T2__s1.t2__p20259_safety_0.smt2 : 61006 ms.
--------------------------------------------------
../QF_NIA_split/QF_NIA_2_31//20170427-VeryMax/ITS/From_T2__s1.t2__p20260_safety_0.smt2 : 61007 ms.
--------------------------------------------------
../QF_NIA_split/QF_NIA_2_31//20170427-VeryMax/ITS/From_T2__s1.t2__p20261_safety_0.smt2 : 61008 ms.
--------------------------------------------------
unsat
../QF_NIA_split/QF_NIA_2_31//20170427-VeryMax/ITS/From_T2__s1.t2__p20268_safety_0.smt2 : 2608 ms.
--------------------------------------------------
unknown
../QF_NIA_split/QF_NIA_2_31//20170427-VeryMax/ITS/From_T2__s1.t2__p20269_safety_0.smt2 : 60095 ms.
--------------------------------------------------
../QF_NIA_split/QF_NIA_2_31//20170427-VeryMax/ITS/From_T2__s1.t2__p20276_safety_0.smt2 : 61008 ms.
--------------------------------------------------
../QF_NIA_split/QF_NIA_2_31//20170427-VeryMax/ITS/From_T2__s1.t2__p20277_safety_0.smt2 : 61008 ms.
--------------------------------------------------
../QF_NIA_split/QF_NIA_2_31//20170427-VeryMax/ITS/From_T2__s1.t2__p20279_safety_0.smt2 : 61007 ms.
--------------------------------------------------
../QF_NIA_split/QF_NIA_2_31//20170427-VeryMax/ITS/From_T2__s1.t2__p20280_safety_0.smt2 : 61007 ms.
--------------------------------------------------
../QF_NIA_split/QF_NIA_2_31//20170427-VeryMax/ITS/From_T2__s1.t2__p20282_safety_0.smt2 : 61007 ms.
--------------------------------------------------
../QF_NIA_split/QF_NIA_2_31//20170427-VeryMax/ITS/From_T2__s1.t2__p20283_safety_0.smt2 : 61006 ms.
--------------------------------------------------
unknown
../QF_NIA_split/QF_NIA_2_31//20170427-VeryMax/ITS/From_T2__s1.t2__p20285_safety_0.smt2 : 60050 ms.
--------------------------------------------------
../QF_NIA_split/QF_NIA_2_31//20170427-VeryMax/ITS/From_T2__s1.t2__p20286_safety_0.smt2 : 61006 ms.
--------------------------------------------------
unknown
../QF_NIA_split/QF_NIA_2_31//20170427-VeryMax/ITS/From_T2__s1.t2__p20287_safety_0.smt2 : 60086 ms.
--------------------------------------------------
../QF_NIA_split/QF_NIA_2_31//20170427-VeryMax/ITS/From_T2__s1.t2__p20288_safety_0.smt2 : 61006 ms.
--------------------------------------------------
../QF_NIA_split/QF_NIA_2_31//20170427-VeryMax/ITS/From_T2__s1.t2__p20289_safety_0.smt2 : 61011 ms.
--------------------------------------------------
../QF_NIA_split/QF_NIA_2_31//20170427-VeryMax/ITS/From_T2__s1.t2__p20291_safety_0.smt2 : 61008 ms.
--------------------------------------------------
../QF_NIA_split/QF_NIA_2_31//20170427-VeryMax/ITS/From_T2__s1.t2__p20292_safety_0.smt2 : 61006 ms.
--------------------------------------------------
sat
../QF_NIA_split/QF_NIA_2_31//20170427-VeryMax/ITS/From_T2__s1.t2__p20569_safety_0.smt2 : 368 ms.
--------------------------------------------------
sat
../QF_NIA_split/QF_NIA_2_31//20170427-VeryMax/ITS/From_T2__s1.t2__p20570_safety_0.smt2 : 888 ms.
--------------------------------------------------
sat
../QF_NIA_split/QF_NIA_2_31//20170427-VeryMax/ITS/From_T2__s1.t2__p20572_safety_0.smt2 : 10134 ms.
--------------------------------------------------
unsat
../QF_NIA_split/QF_NIA_2_31//20170427-VeryMax/ITS/From_T2__s1.t2__p20573_safety_0.smt2 : 846 ms.
--------------------------------------------------
sat
../QF_NIA_split/QF_NIA_2_31//20170427-VeryMax/ITS/From_T2__s1.t2__p20575_safety_0.smt2 : 27065 ms.
--------------------------------------------------
sat
../QF_NIA_split/QF_NIA_2_31//20170427-VeryMax/ITS/From_T2__s1.t2__p20628_safety_0.smt2 : 512 ms.
--------------------------------------------------
sat
../QF_NIA_split/QF_NIA_2_31//20170427-VeryMax/ITS/From_T2__s1.t2__p20629_safety_0.smt2 : 2271 ms.
--------------------------------------------------
sat
../QF_NIA_split/QF_NIA_2_31//20170427-VeryMax/ITS/From_T2__s1.t2__p20686_safety_0.smt2 : 8599 ms.
--------------------------------------------------
sat
../QF_NIA_split/QF_NIA_2_31//20170427-VeryMax/ITS/From_T2__s1.t2__p20695_safety_0.smt2 : 750 ms.
--------------------------------------------------
sat
../QF_NIA_split/QF_NIA_2_31//20170427-VeryMax/ITS/From_T2__s1.t2__p20697_safety_0.smt2 : 9192 ms.
--------------------------------------------------
unsat
../QF_NIA_split/QF_NIA_2_31//20170427-VeryMax/ITS/From_T2__s1.t2__p20748_safety_0.smt2 : 3823 ms.
--------------------------------------------------
sat
../QF_NIA_split/QF_NIA_2_31//20170427-VeryMax/ITS/From_T2__s1.t2__p20749_safety_0.smt2 : 34973 ms.
--------------------------------------------------
unsat
../QF_NIA_split/QF_NIA_2_31//20170427-VeryMax/ITS/From_T2__s1.t2__p20773_safety_0.smt2 : 539 ms.
--------------------------------------------------
../QF_NIA_split/QF_NIA_2_31//20170427-VeryMax/ITS/From_T2__s1.t2__p20775_safety_0.smt2 : 61006 ms.
--------------------------------------------------
unsat
../QF_NIA_split/QF_NIA_2_31//20170427-VeryMax/ITS/From_T2__s1.t2__p20780_safety_0.smt2 : 1006 ms.
--------------------------------------------------
unknown
../QF_NIA_split/QF_NIA_2_31//20170427-VeryMax/ITS/From_T2__s1.t2__p20781_safety_0.smt2 : 60056 ms.
--------------------------------------------------
../QF_NIA_split/QF_NIA_2_31//20170427-VeryMax/ITS/From_T2__s1.t2__p20814_safety_0.smt2 : 61007 ms.
--------------------------------------------------
../QF_NIA_split/QF_NIA_2_31//20170427-VeryMax/ITS/From_T2__s1.t2__p20815_safety_0.smt2 : 61006 ms.
--------------------------------------------------
unknown
../QF_NIA_split/QF_NIA_2_31//20170427-VeryMax/ITS/From_T2__s1.t2__p20838_safety_0.smt2 : 60110 ms.
--------------------------------------------------
../QF_NIA_split/QF_NIA_2_31//20170427-VeryMax/ITS/From_T2__s1.t2__p20839_safety_0.smt2 : 61005 ms.
--------------------------------------------------
unsat
../QF_NIA_split/QF_NIA_2_31//20170427-VeryMax/ITS/From_T2__s1.t2__p20840_safety_0.smt2 : 375 ms.
--------------------------------------------------
unknown
../QF_NIA_split/QF_NIA_2_31//20170427-VeryMax/ITS/From_T2__s1.t2__p20841_safety_0.smt2 : 60057 ms.
--------------------------------------------------
unknown
../QF_NIA_split/QF_NIA_2_31//20170427-VeryMax/ITS/From_T2__s1.t2__p20848_safety_0.smt2 : 60063 ms.
--------------------------------------------------
../QF_NIA_split/QF_NIA_2_31//20170427-VeryMax/ITS/From_T2__s1.t2__p20849_safety_0.smt2 : 61007 ms.
--------------------------------------------------
unsat
../QF_NIA_split/QF_NIA_2_31//20170427-VeryMax/ITS/From_T2__s1.t2__p20856_safety_0.smt2 : 1526 ms.
--------------------------------------------------
unknown
../QF_NIA_split/QF_NIA_2_31//20170427-VeryMax/ITS/From_T2__s1.t2__p20857_safety_0.smt2 : 60048 ms.
--------------------------------------------------
../QF_NIA_split/QF_NIA_2_31//20170427-VeryMax/ITS/From_T2__s1.t2__p20859_safety_0.smt2 : 61006 ms.
--------------------------------------------------
../QF_NIA_split/QF_NIA_2_31//20170427-VeryMax/ITS/From_T2__s1.t2__p20860_safety_0.smt2 : 61006 ms.
--------------------------------------------------
sat
../QF_NIA_split/QF_NIA_2_31//20170427-VeryMax/ITS/From_T2__s1.t2__p20891_safety_0.smt2 : 4956 ms.
--------------------------------------------------
sat
../QF_NIA_split/QF_NIA_2_31//20170427-VeryMax/ITS/From_T2__s1.t2__p20895_safety_0.smt2 : 551 ms.
--------------------------------------------------
sat
../QF_NIA_split/QF_NIA_2_31//20170427-VeryMax/ITS/From_T2__s1.t2__p20896_safety_0.smt2 : 1840 ms.
--------------------------------------------------
sat
../QF_NIA_split/QF_NIA_2_31//20170427-VeryMax/ITS/From_T2__s1.t2__p20899_safety_0.smt2 : 3353 ms.
--------------------------------------------------
sat
../QF_NIA_split/QF_NIA_2_31//20170427-VeryMax/ITS/From_T2__s1.t2__p20978_safety_0.smt2 : 750 ms.
--------------------------------------------------
sat
../QF_NIA_split/QF_NIA_2_31//20170427-VeryMax/ITS/From_T2__s1.t2__p20996_safety_0.smt2 : 796 ms.
--------------------------------------------------
sat
../QF_NIA_split/QF_NIA_2_31//20170427-VeryMax/ITS/From_T2__s1.t2__p20998_safety_0.smt2 : 18560 ms.
--------------------------------------------------
sat
../QF_NIA_split/QF_NIA_2_31//20170427-VeryMax/ITS/From_T2__s1.t2__p21013_safety_0.smt2 : 771 ms.
--------------------------------------------------
sat
../QF_NIA_split/QF_NIA_2_31//20170427-VeryMax/ITS/From_T2__s1.t2__p21014_safety_0.smt2 : 629 ms.
--------------------------------------------------
sat
../QF_NIA_split/QF_NIA_2_31//20170427-VeryMax/ITS/From_T2__s1.t2__p21024_safety_0.smt2 : 548 ms.
--------------------------------------------------
sat
../QF_NIA_split/QF_NIA_2_31//20170427-VeryMax/ITS/From_T2__s1.t2__p21037_safety_0.smt2 : 980 ms.
--------------------------------------------------
sat
../QF_NIA_split/QF_NIA_2_31//20170427-VeryMax/ITS/From_T2__s1.t2__p21042_safety_0.smt2 : 770 ms.
--------------------------------------------------
sat
../QF_NIA_split/QF_NIA_2_31//20170427-VeryMax/ITS/From_T2__s1.t2__p21045_safety_0.smt2 : 445 ms.
--------------------------------------------------
sat
../QF_NIA_split/QF_NIA_2_31//20170427-VeryMax/ITS/From_T2__s1.t2__p21085_safety_0.smt2 : 936 ms.
--------------------------------------------------
sat
../QF_NIA_split/QF_NIA_2_31//20170427-VeryMax/ITS/From_T2__s1.t2__p21091_safety_0.smt2 : 2108 ms.
--------------------------------------------------
sat
../QF_NIA_split/QF_NIA_2_31//20170427-VeryMax/ITS/From_T2__s1.t2__p21116_safety_0.smt2 : 1093 ms.
--------------------------------------------------
sat
../QF_NIA_split/QF_NIA_2_31//20170427-VeryMax/ITS/From_T2__s1.t2__p21117_safety_0.smt2 : 1279 ms.
--------------------------------------------------
unknown
../QF_NIA_split/QF_NIA_2_31//20170427-VeryMax/ITS/From_T2__s1.t2__p21118_safety_0.smt2 : 60093 ms.
--------------------------------------------------
sat
../QF_NIA_split/QF_NIA_2_31//20170427-VeryMax/ITS/From_T2__s1.t2__p21119_safety_0.smt2 : 3368 ms.
--------------------------------------------------
sat
../QF_NIA_split/QF_NIA_2_31//20170427-VeryMax/ITS/From_T2__s1.t2__p21120_safety_0.smt2 : 888 ms.
--------------------------------------------------
../QF_NIA_split/QF_NIA_2_31//20170427-VeryMax/ITS/From_T2__s1.t2__p21121_safety_0.smt2 : 61008 ms.
--------------------------------------------------
sat
../QF_NIA_split/QF_NIA_2_31//20170427-VeryMax/ITS/From_T2__s1.t2__p21122_safety_0.smt2 : 548 ms.
--------------------------------------------------
sat
../QF_NIA_split/QF_NIA_2_31//20170427-VeryMax/ITS/From_T2__s1.t2__p21148_safety_0.smt2 : 757 ms.
--------------------------------------------------
unknown
../QF_NIA_split/QF_NIA_2_31//20170427-VeryMax/ITS/From_T2__s1.t2__p21149_safety_0.smt2 : 60078 ms.
--------------------------------------------------
sat
../QF_NIA_split/QF_NIA_2_31//20170427-VeryMax/ITS/From_T2__s1.t2__p21150_safety_0.smt2 : 840 ms.
--------------------------------------------------
sat
../QF_NIA_split/QF_NIA_2_31//20170427-VeryMax/ITS/From_T2__s1.t2__p21151_safety_0.smt2 : 2898 ms.
--------------------------------------------------
sat
../QF_NIA_split/QF_NIA_2_31//20170427-VeryMax/ITS/From_T2__s1.t2__p21152_safety_0.smt2 : 802 ms.
--------------------------------------------------
../QF_NIA_split/QF_NIA_2_31//20170427-VeryMax/ITS/From_T2__s1.t2__p21153_safety_0.smt2 : 61006 ms.
--------------------------------------------------
sat
../QF_NIA_split/QF_NIA_2_31//20170427-VeryMax/ITS/From_T2__s1.t2__p21154_safety_0.smt2 : 503 ms.
--------------------------------------------------
../QF_NIA_split/QF_NIA_2_31//20170427-VeryMax/ITS/From_T2__s1.t2__p21155_safety_0.smt2 : 61006 ms.
--------------------------------------------------
unsat
../QF_NIA_split/QF_NIA_2_31//20170427-VeryMax/ITS/From_T2__s1.t2__terminationS_3_0.smt2 : 398 ms.
--------------------------------------------------
sat
../QF_NIA_split/QF_NIA_2_31//20170427-VeryMax/ITS/From_T2__s1.t2__term_unfeasibility_1_0.smt2 : 700 ms.
--------------------------------------------------
unsat
../QF_NIA_split/QF_NIA_2_31//20170427-VeryMax/ITS/From_T2__s1.t2__term_unfeasibility_2_0.smt2 : 2004 ms.
