--------------------------------------------------
unsat
../QF_NIA_split/QF_NIA_11//UltimateLassoRanker/a.06-alloca_true-termination.c.i_Iteration1_Lasso+nonterminationTemplate.smt2 : 30950 ms.
--------------------------------------------------
unsat
../QF_NIA_split/QF_NIA_11//UltimateLassoRanker/a.07-alloca_true-termination.c.i_Iteration2_Lasso+nonterminationTemplate.smt2 : 31653 ms.
--------------------------------------------------
unsat
../QF_NIA_split/QF_NIA_11//UltimateLassoRanker/Avery-2006FLOPS-Tabel1_true-alloca_true-termination.c.i_Iteration2_Lasso+nonterminationTemplate.smt2 : 10845 ms.
--------------------------------------------------
unsat
../QF_NIA_split/QF_NIA_11//UltimateLassoRanker/b.07-alloca_true-termination.c.i_Iteration2_Lasso+nonterminationTemplate.smt2 : 31400 ms.
--------------------------------------------------
unsat
../QF_NIA_split/QF_NIA_11//UltimateLassoRanker/b.09-no-inv_assume-alloca_true-termination.c.i_Iteration4_Lasso+nonterminationTemplate.smt2 : 4677 ms.
--------------------------------------------------
unsat
../QF_NIA_split/QF_NIA_11//UltimateLassoRanker/b.13-alloca_true-termination.c.i_Iteration1_Lasso+nonterminationTemplate.smt2 : 26770 ms.
--------------------------------------------------
unsat
../QF_NIA_split/QF_NIA_11//UltimateLassoRanker/b.15-alloca_true-termination.c.i_Iteration4_Lasso+nonterminationTemplate.smt2 : 31604 ms.
--------------------------------------------------
unsat
../QF_NIA_split/QF_NIA_11//UltimateLassoRanker/b.17-alloca_true-termination.c.i_Iteration2_Lasso+nonterminationTemplate.smt2 : 30233 ms.
--------------------------------------------------
unsat
../QF_NIA_split/QF_NIA_11//UltimateLassoRanker/Ben-Amram-2010LMCS-Ex2.3-alloca_true-termination.c.i_Iteration4_Lasso+nonterminationTemplate.smt2 : 4931 ms.
--------------------------------------------------
unsat
../QF_NIA_split/QF_NIA_11//UltimateLassoRanker/BradleyMannaSipma-2005CAV-Fig1-alloca_unknown-termination.c.i_Iteration5_Lasso+nonterminationTemplate.smt2 : 10213 ms.
--------------------------------------------------
sat
../QF_NIA_split/QF_NIA_11//UltimateLassoRanker/BradleyMannaSipma-2005CAV-Fig1-modified-alloca_unknown-termination.c.i_Iteration1_Lasso+nonterminationTemplate.smt2 : 980 ms.
--------------------------------------------------
sat
../QF_NIA_split/QF_NIA_11//UltimateLassoRanker/BradleyMannaSipma-2005ICALP-Fig1-alloca_unknown-termination.c.i_Iteration1_Lasso+nonterminationTemplate.smt2 : 637 ms.
--------------------------------------------------
unsat
../QF_NIA_split/QF_NIA_11//UltimateLassoRanker/BrockschmidtCookFuhs-2013CAV-Fig1-alloca_true-termination.c.i_Iteration3_Lasso+nonterminationTemplate.smt2 : 2150 ms.
--------------------------------------------------
unsat
../QF_NIA_split/QF_NIA_11//UltimateLassoRanker/c.03-alloca_true-termination.c.i_Iteration1_Lasso+nonterminationTemplate.smt2 : 31837 ms.
--------------------------------------------------
unsat
../QF_NIA_split/QF_NIA_11//UltimateLassoRanker/ChenFlurMukhopadhyay-2012SAS-Fig1-alloca_true-termination.c.i_Iteration1_Lasso+nonterminationTemplate.smt2 : 4215 ms.
--------------------------------------------------
unsat
../QF_NIA_split/QF_NIA_11//UltimateLassoRanker/CookSeeZuleger-2013TACAS-Fig7a-alloca_true-termination.c.i_Iteration8_Lasso+nonterminationTemplate.smt2 : 5748 ms.
--------------------------------------------------
unsat
../QF_NIA_split/QF_NIA_11//UltimateLassoRanker/diff-alloca_true-termination.c.i_Iteration7_Lasso+nonterminationTemplate.smt2 : 6041 ms.
--------------------------------------------------
unsat
../QF_NIA_split/QF_NIA_11//UltimateLassoRanker/flag-alloca_true-termination.c.i_Iteration1_Lasso+nonterminationTemplate.smt2 : 53941 ms.
--------------------------------------------------
unsat
../QF_NIA_split/QF_NIA_11//UltimateLassoRanker/GulwaniJainKoskinen-2009PLDI-Fig1-alloca_true-termination.c.i_Iteration3_Lasso+nonterminationTemplate.smt2 : 7078 ms.
--------------------------------------------------
sat
../QF_NIA_split/QF_NIA_11//UltimateLassoRanker/HarrisLalNoriRajamani-2010SAS-Fig2-alloca_unknown-termination.c.i_Iteration2_Lasso+nonterminationTemplate.smt2 : 398 ms.
--------------------------------------------------
unsat
../QF_NIA_split/QF_NIA_11//UltimateLassoRanker/java_AG313-alloca_true-termination.c.i_Iteration2_Lasso+nonterminationTemplate.smt2 : 5768 ms.
--------------------------------------------------
unsat
../QF_NIA_split/QF_NIA_11//UltimateLassoRanker/LarrazOliverasRodriguez-CarbonellRubio-2013FMCAD-Fig1-alloca_unknown-termination.c.i_Iteration4_Lasso+nonterminationTemplate.smt2 : 3875 ms.
--------------------------------------------------
unsat
../QF_NIA_split/QF_NIA_11//UltimateLassoRanker/LarrazOliverasRodriguez-CarbonellRubio-2013FMCAD-Fig1-alloca_unknown-termination.c.i_Iteration6_Lasso+nonterminationTemplate.smt2 : 3999 ms.
--------------------------------------------------
unsat
../QF_NIA_split/QF_NIA_11//UltimateLassoRanker/LarrazOliverasRodriguez-CarbonellRubio-2013FMCAD-Fig1-alloca_unknown-termination.c.i_Iteration7_Lasso+nonterminationTemplate.smt2 : 3627 ms.
--------------------------------------------------
unsat
../QF_NIA_split/QF_NIA_11//UltimateLassoRanker/Masse-alloca_true-termination.c.i_Iteration1_Lasso+nonterminationTemplate.smt2 : 196 ms.
--------------------------------------------------
unsat
../QF_NIA_split/QF_NIA_11//UltimateLassoRanker/openbsd_cstpncpy-alloca_true-termination.c.i_Iteration1_Lasso+nonterminationTemplate.smt2 : 8403 ms.
--------------------------------------------------
unsat
../QF_NIA_split/QF_NIA_11//UltimateLassoRanker/openbsd_cstrstr-alloca_true-termination.c.i_Iteration8_Lasso+nonterminationTemplate.smt2 : 38780 ms.
--------------------------------------------------
sat
../QF_NIA_split/QF_NIA_11//UltimateLassoRanker/PodelskiRybalchenko-2004VMCAI-Ex2-alloca_false-termination.c.i_Iteration1_Lasso+nonterminationTemplate.smt2 : 71 ms.
--------------------------------------------------
unsat
../QF_NIA_split/QF_NIA_11//UltimateLassoRanker/substring-alloca_true-termination.c.i_Iteration5_Lasso+nonterminationTemplate.smt2 : 8033 ms.
--------------------------------------------------
unsat
../QF_NIA_split/QF_NIA_11//UltimateLassoRanker/twisted-alloca_true-termination.c.i_Iteration2_Lasso+nonterminationTemplate.smt2 : 10333 ms.
--------------------------------------------------
sat
../QF_NIA_split/QF_NIA_11//UltimateLassoRanker/Urban-2013WST-Fig1-alloca_false-termination.c.i_Iteration1_Lasso+nonterminationTemplate.smt2 : 83 ms.
--------------------------------------------------
sat
../QF_NIA_split/QF_NIA_11//UltimateLassoRanker/Velroyen-alloca_false-termination.c.i_Iteration2_Lasso+nonterminationTemplate.smt2 : 122 ms.
