--------------------------------------------------
Number of variables: 6395920
Number of clauses: 38602159
hardSample/05.smt2 : 1201396 ms.
--------------------------------------------------
Number of variables: 1457223
Number of clauses: 9963085
hardSample/1002.smt2 : 1200191 ms.
--------------------------------------------------
Number of variables: 1469387
Number of clauses: 10053976
hardSample/1003.smt2 : 1200185 ms.
--------------------------------------------------
Number of variables: 1482119
Number of clauses: 10149219
hardSample/1004.smt2 : 1200228 ms.
--------------------------------------------------
Number of variables: 1493323
Number of clauses: 10233174
hardSample/1005.smt2 : 1200232 ms.
--------------------------------------------------
Number of variables: 1502571
Number of clauses: 10303480
hardSample/1006.smt2 : 1200191 ms.
--------------------------------------------------
Number of variables: 1514943
Number of clauses: 10396227
hardSample/1007.smt2 : 1200217 ms.
--------------------------------------------------
Number of variables: 1528396
Number of clauses: 10495051
hardSample/1008.smt2 : 1200235 ms.
--------------------------------------------------
Number of variables: 1538308
Number of clauses: 10570429
hardSample/1009.smt2 : 1200240 ms.
--------------------------------------------------
Number of variables: 1551873
Number of clauses: 10670125
hardSample/1010.smt2 : 1200213 ms.
--------------------------------------------------
Number of variables: 1564485
Number of clauses: 10764768
hardSample/1011.smt2 : 1200244 ms.
--------------------------------------------------
Number of variables: 1574541
Number of clauses: 10841274
hardSample/1012.smt2 : 1200247 ms.
--------------------------------------------------
Number of variables: 1588314
Number of clauses: 10942514
hardSample/1013.smt2 : 1200185 ms.
--------------------------------------------------
Number of variables: 1601590
Number of clauses: 11042325
hardSample/1014.smt2 : 1200195 ms.
--------------------------------------------------
Number of variables: 1613954
Number of clauses: 11135176
hardSample/1015.smt2 : 1200241 ms.
--------------------------------------------------
Number of variables: 1626366
Number of clauses: 11228411
hardSample/1016.smt2 : 1200248 ms.
--------------------------------------------------
Number of variables: 1639362
Number of clauses: 11326078
hardSample/1017.smt2 : 1200260 ms.
--------------------------------------------------
Number of variables: 586562
Number of clauses: 3730860
sat
real sat
hardSample/1091.smt2 : 678948 ms.
--------------------------------------------------
Number of variables: 872450
Number of clauses: 5818094
sat
real sat
hardSample/1157.smt2 : 691596 ms.
--------------------------------------------------
Number of variables: 883590
Number of clauses: 5900856
sat
real sat
hardSample/1159.smt2 : 484520 ms.
--------------------------------------------------
Number of variables: 889440
Number of clauses: 5944399
sat
real sat
hardSample/1160.smt2 : 144540 ms.
--------------------------------------------------
Number of variables: 894558
Number of clauses: 5982398
sat
real sat
hardSample/1161.smt2 : 806909 ms.
--------------------------------------------------
Number of variables: 899968
Number of clauses: 6022589
sat
real sat
hardSample/1162.smt2 : 579134 ms.
--------------------------------------------------
Number of variables: 905402
Number of clauses: 6062960
sat
real sat
hardSample/1163.smt2 : 802590 ms.
--------------------------------------------------
Number of variables: 911104
Number of clauses: 6105403
sat
real sat
hardSample/1164.smt2 : 849409 ms.
--------------------------------------------------
Number of variables: 916586
Number of clauses: 6146146
sat
real sat
hardSample/1165.smt2 : 790323 ms.
--------------------------------------------------
Number of variables: 922344
Number of clauses: 6189001
sat
real sat
hardSample/1166.smt2 : 389486 ms.
--------------------------------------------------
Number of variables: 928126
Number of clauses: 6232036
sat
real sat
hardSample/1167.smt2 : 761632 ms.
--------------------------------------------------
Number of variables: 934176
Number of clauses: 6277143
sat
real sat
hardSample/1168.smt2 : 158106 ms.
--------------------------------------------------
Number of variables: 939754
Number of clauses: 6318642
sat
real sat
hardSample/1169.smt2 : 842042 ms.
--------------------------------------------------
Number of variables: 945616
Number of clauses: 6362293
sat
real sat
hardSample/1170.smt2 : 986375 ms.
--------------------------------------------------
Number of variables: 951502
Number of clauses: 6406124
sat
real sat
hardSample/1171.smt2 : 1123582 ms.
--------------------------------------------------
Number of variables: 957656
Number of clauses: 6452027
sat
real sat
hardSample/1172.smt2 : 1001651 ms.
--------------------------------------------------
Number of variables: 963590
Number of clauses: 6496230
sat
real sat
hardSample/1173.smt2 : 155425 ms.
--------------------------------------------------
Number of variables: 969800
Number of clauses: 6542545
sat
real sat
hardSample/1174.smt2 : 420056 ms.
--------------------------------------------------
Number of variables: 976034
Number of clauses: 6589040
sat
real sat
hardSample/1175.smt2 : 362339 ms.
--------------------------------------------------
Number of variables: 987762
Number of clauses: 6676586
sat
real sat
hardSample/1177.smt2 : 832451 ms.
--------------------------------------------------
Number of variables: 993296
Number of clauses: 6717925
sat
real sat
hardSample/1178.smt2 : 811476 ms.
--------------------------------------------------
Number of variables: 998854
Number of clauses: 6759444
sat
real sat
hardSample/1179.smt2 : 897512 ms.
--------------------------------------------------
Number of variables: 1004680
Number of clauses: 6803035
hardSample/1180.smt2 : 1200165 ms.
--------------------------------------------------
Number of variables: 1016168
Number of clauses: 6888929
sat
real sat
hardSample/1182.smt2 : 1176166 ms.
--------------------------------------------------
Number of variables: 1022074
Number of clauses: 6933112
hardSample/1183.smt2 : 1200141 ms.
--------------------------------------------------
Number of variables: 1028248
Number of clauses: 6979367
sat
real sat
hardSample/1184.smt2 : 1047304 ms.
--------------------------------------------------
Number of variables: 1039936
Number of clauses: 7066813
sat
real sat
hardSample/1186.smt2 : 1024279 ms.
--------------------------------------------------
Number of variables: 1052224
Number of clauses: 7158843
sat
real sat
hardSample/1188.smt2 : 877428 ms.
--------------------------------------------------
Number of variables: 1064616
Number of clauses: 7251657
sat
real sat
hardSample/1190.smt2 : 883439 ms.
--------------------------------------------------
Number of variables: 1070974
Number of clauses: 7299300
sat
real sat
hardSample/1191.smt2 : 948442 ms.
--------------------------------------------------
Number of variables: 1077600
Number of clauses: 7349015
sat
real sat
hardSample/1192.smt2 : 511534 ms.
--------------------------------------------------
Number of variables: 1083494
Number of clauses: 7393186
sat
real sat
hardSample/1193.smt2 : 334148 ms.
--------------------------------------------------
Number of variables: 1089680
Number of clauses: 7439549
sat
real sat
hardSample/1194.smt2 : 327077 ms.
--------------------------------------------------
Number of variables: 1095890
Number of clauses: 7486092
hardSample/1195.smt2 : 1200154 ms.
--------------------------------------------------
Number of variables: 1108626
Number of clauses: 7581622
sat
real sat
hardSample/1197.smt2 : 963802 ms.
--------------------------------------------------
Number of variables: 1121718
Number of clauses: 7679856
sat
real sat
hardSample/1199.smt2 : 446287 ms.
--------------------------------------------------
Number of variables: 1141536
Number of clauses: 7828629
sat
real sat
hardSample/1202.smt2 : 915415 ms.
--------------------------------------------------
Number of variables: 1148198
Number of clauses: 7878632
sat
real sat
hardSample/1203.smt2 : 848146 ms.
--------------------------------------------------
Number of variables: 1155128
Number of clauses: 7930707
sat
real sat
hardSample/1204.smt2 : 402269 ms.
--------------------------------------------------
Number of variables: 1161838
Number of clauses: 7981082
sat
real sat
hardSample/1205.smt2 : 923664 ms.
--------------------------------------------------
Number of variables: 1168824
Number of clauses: 8033569
sat
real sat
hardSample/1206.smt2 : 573972 ms.
--------------------------------------------------
Number of variables: 1175834
Number of clauses: 8086236
hardSample/1207.smt2 : 1200192 ms.
--------------------------------------------------
Number of variables: 1183112
Number of clauses: 8140975
sat
real sat
hardSample/1208.smt2 : 542753 ms.
--------------------------------------------------
Number of variables: 1189390
Number of clauses: 8188206
sat
real sat
hardSample/1209.smt2 : 943590 ms.
--------------------------------------------------
Number of variables: 1195968
Number of clauses: 8237669
hardSample/1210.smt2 : 1200143 ms.
--------------------------------------------------
Number of variables: 1202570
Number of clauses: 8287312
sat
real sat
hardSample/1211.smt2 : 893835 ms.
--------------------------------------------------
Number of variables: 1209440
Number of clauses: 8339027
sat
real sat
hardSample/1212.smt2 : 406957 ms.
--------------------------------------------------
Number of variables: 1216090
Number of clauses: 8389042
sat
real sat
hardSample/1213.smt2 : 921034 ms.
--------------------------------------------------
Number of variables: 1223016
Number of clauses: 8441169
hardSample/1214.smt2 : 1200146 ms.
--------------------------------------------------
Number of variables: 1229966
Number of clauses: 8493476
sat
real sat
hardSample/1215.smt2 : 908053 ms.
--------------------------------------------------
Number of variables: 1236933
Number of clauses: 8544936
hardSample/1216.smt2 : 1200201 ms.
--------------------------------------------------
Number of variables: 1258074
Number of clauses: 8703778
hardSample/1219.smt2 : 1200204 ms.
--------------------------------------------------
Number of variables: 1272016
Number of clauses: 8808137
hardSample/1221.smt2 : 1200211 ms.
--------------------------------------------------
Number of variables: 1279135
Number of clauses: 8860765
sat
real sat
hardSample/1222.smt2 : 1098652 ms.
--------------------------------------------------
Number of variables: 1292364
Number of clauses: 8960419
hardSample/1224.smt2 : 1200265 ms.
--------------------------------------------------
Number of variables: 1323446
Number of clauses: 9193841
sat
real sat
hardSample/1228.smt2 : 1113584 ms.
--------------------------------------------------
Number of variables: 1331630
Number of clauses: 9254773
hardSample/1229.smt2 : 1200179 ms.
--------------------------------------------------
Number of variables: 1339587
Number of clauses: 9313014
hardSample/1230.smt2 : 1200207 ms.
--------------------------------------------------
Number of variables: 1348388
Number of clauses: 9377383
hardSample/1231.smt2 : 1200212 ms.
--------------------------------------------------
Number of variables: 1354867
Number of clauses: 9424867
sat
real sat
hardSample/1232.smt2 : 1111751 ms.
--------------------------------------------------
Number of variables: 1362250
Number of clauses: 9479523
hardSample/1233.smt2 : 1200161 ms.
--------------------------------------------------
Number of variables: 1370619
Number of clauses: 9540700
sat
real sat
hardSample/1234.smt2 : 513812 ms.
--------------------------------------------------
Number of variables: 1378466
Number of clauses: 9600243
sat
real sat
hardSample/1235.smt2 : 1160371 ms.
--------------------------------------------------
Number of variables: 1385041
Number of clauses: 9648435
hardSample/1236.smt2 : 1200229 ms.
--------------------------------------------------
Number of variables: 1392780
Number of clauses: 9705759
sat
real sat
hardSample/1237.smt2 : 855993 ms.
--------------------------------------------------
Number of variables: 1400959
Number of clauses: 9767826
hardSample/1238.smt2 : 1200240 ms.
--------------------------------------------------
Number of variables: 1407850
Number of clauses: 9818450
hardSample/1239.smt2 : 1200220 ms.
--------------------------------------------------
Number of variables: 1414781
Number of clauses: 9869310
sat
real sat
hardSample/1240.smt2 : 611511 ms.
--------------------------------------------------
Number of variables: 1423610
Number of clauses: 9933975
hardSample/1241.smt2 : 1200169 ms.
--------------------------------------------------
Number of variables: 1432186
Number of clauses: 9997935
hardSample/1242.smt2 : 1200225 ms.
--------------------------------------------------
Number of variables: 1440794
Number of clauses: 10062139
hardSample/1243.smt2 : 1200407 ms.
--------------------------------------------------
Number of variables: 1449678
Number of clauses: 10128479
hardSample/1244.smt2 : 1200180 ms.
--------------------------------------------------
Number of variables: 1458350
Number of clauses: 10193195
hardSample/1245.smt2 : 1200195 ms.
--------------------------------------------------
Number of variables: 1466786
Number of clauses: 10256203
hardSample/1246.smt2 : 1200238 ms.
--------------------------------------------------
Number of variables: 1476059
Number of clauses: 10324324
hardSample/1247.smt2 : 1200199 ms.
--------------------------------------------------
Number of variables: 1484827
Number of clauses: 10389808
hardSample/1248.smt2 : 1200238 ms.
--------------------------------------------------
Number of variables: 1494164
Number of clauses: 10458429
hardSample/1249.smt2 : 1200266 ms.
--------------------------------------------------
Number of variables: 1502744
Number of clauses: 10522541
hardSample/1250.smt2 : 1200244 ms.
--------------------------------------------------
Number of variables: 1511356
Number of clauses: 10586897
hardSample/1251.smt2 : 1200236 ms.
--------------------------------------------------
Number of variables: 1520244
Number of clauses: 10653389
hardSample/1252.smt2 : 1200203 ms.
--------------------------------------------------
Number of variables: 1528920
Number of clauses: 10718245
hardSample/1253.smt2 : 1200227 ms.
--------------------------------------------------
Number of variables: 1537880
Number of clauses: 10785277
hardSample/1254.smt2 : 1200236 ms.
--------------------------------------------------
Number of variables: 1546872
Number of clauses: 10852553
hardSample/1255.smt2 : 1200237 ms.
--------------------------------------------------
Number of variables: 1556181
Number of clauses: 10921070
sat
real sat
hardSample/1256.smt2 : 1040243 ms.
--------------------------------------------------
Number of variables: 1561572
Number of clauses: 10961405
hardSample/1257.smt2 : 1200243 ms.
--------------------------------------------------
Number of variables: 1567815
Number of clauses: 11008020
hardSample/1258.smt2 : 1200175 ms.
--------------------------------------------------
Number of variables: 1576009
Number of clauses: 11070207
hardSample/1259.smt2 : 1200209 ms.
--------------------------------------------------
Number of variables: 1581740
Number of clauses: 11113086
hardSample/1260.smt2 : 1200247 ms.
--------------------------------------------------
Number of variables: 1589478
Number of clauses: 11171793
hardSample/1261.smt2 : 1200254 ms.
--------------------------------------------------
Number of variables: 1596021
Number of clauses: 11220772
hardSample/1262.smt2 : 1200271 ms.
--------------------------------------------------
Number of variables: 1604059
Number of clauses: 11281759
hardSample/1263.smt2 : 1200288 ms.
--------------------------------------------------
Number of variables: 1610398
Number of clauses: 11329142
hardSample/1264.smt2 : 1200243 ms.
--------------------------------------------------
Number of variables: 1618476
Number of clauses: 11390437
sat
real sat
hardSample/1265.smt2 : 950900 ms.
--------------------------------------------------
Number of variables: 1625942
Number of clauses: 11446692
hardSample/1266.smt2 : 1200260 ms.
--------------------------------------------------
Number of variables: 955357
Number of clauses: 6247459
hardSample/1378.smt2 : 1200145 ms.
--------------------------------------------------
Number of variables: 961724
Number of clauses: 6294850
hardSample/1379.smt2 : 1200170 ms.
--------------------------------------------------
Number of variables: 968107
Number of clauses: 6340678
hardSample/1380.smt2 : 1200128 ms.
--------------------------------------------------
Number of variables: 971838
Number of clauses: 6367545
hardSample/1381.smt2 : 1200116 ms.
--------------------------------------------------
Number of variables: 975853
Number of clauses: 6396540
sat
real sat
hardSample/1382.smt2 : 798572 ms.
--------------------------------------------------
Number of variables: 979884
Number of clauses: 6425651
sat
real sat
hardSample/1383.smt2 : 132470 ms.
--------------------------------------------------
Number of variables: 984175
Number of clauses: 6456770
hardSample/1384.smt2 : 1200121 ms.
--------------------------------------------------
Number of variables: 1000940
Number of clauses: 6577086
sat
real sat
hardSample/1387.smt2 : 827407 ms.
--------------------------------------------------
Number of variables: 1006151
Number of clauses: 6614462
hardSample/1388.smt2 : 1200152 ms.
--------------------------------------------------
Number of variables: 1016889
Number of clauses: 6691658
hardSample/1390.smt2 : 1200168 ms.
--------------------------------------------------
Number of variables: 1648634
Number of clauses: 10582231
hardSample/1472.smt2 : 1200163 ms.
--------------------------------------------------
Number of variables: 1658727
Number of clauses: 10654222
hardSample/1473.smt2 : 1200196 ms.
--------------------------------------------------
Number of variables: 1672055
Number of clauses: 10750837
hardSample/1474.smt2 : 1200245 ms.
--------------------------------------------------
Number of variables: 1682244
Number of clauses: 10823632
sat
real sat
hardSample/1475.smt2 : 1147644 ms.
--------------------------------------------------
Number of variables: 1693232
Number of clauses: 10903471
hardSample/1476.smt2 : 1200242 ms.
--------------------------------------------------
Number of variables: 1705120
Number of clauses: 10989898
hardSample/1477.smt2 : 1200195 ms.
--------------------------------------------------
Number of variables: 1714721
Number of clauses: 11058169
sat
real sat
hardSample/1478.smt2 : 1171212 ms.
--------------------------------------------------
Number of variables: 1729006
Number of clauses: 11159577
hardSample/1479.smt2 : 1200247 ms.
--------------------------------------------------
Number of variables: 1741818
Number of clauses: 11253180
hardSample/1480.smt2 : 1200207 ms.
--------------------------------------------------
Number of variables: 1755506
Number of clauses: 11353179
hardSample/1481.smt2 : 1200212 ms.
--------------------------------------------------
Number of variables: 1584744
Number of clauses: 10121452
hardSample/1562.smt2 : 1200224 ms.
--------------------------------------------------
Number of variables: 1620046
Number of clauses: 10374337
hardSample/1565.smt2 : 1200235 ms.
--------------------------------------------------
Number of variables: 1633938
Number of clauses: 10475176
hardSample/1566.smt2 : 1200235 ms.
--------------------------------------------------
Number of variables: 638681
Number of clauses: 4047776
sat
real sat
hardSample/1567.smt2 : 676072 ms.
--------------------------------------------------
Number of variables: 11831310
Number of clauses: 73319219
hardSample/156.smt2 : 1201182 ms.
--------------------------------------------------
Number of variables: 574302
Number of clauses: 3597257
sat
real sat
hardSample/1631.smt2 : 469576 ms.
--------------------------------------------------
Number of variables: 585565
Number of clauses: 3676606
sat
real sat
hardSample/1634.smt2 : 502910 ms.
--------------------------------------------------
Number of variables: 590128
Number of clauses: 3708006
sat
real sat
hardSample/1635.smt2 : 372363 ms.
--------------------------------------------------
Number of variables: 593350
Number of clauses: 3730717
sat
real sat
hardSample/1636.smt2 : 415522 ms.
--------------------------------------------------
Number of variables: 601691
Number of clauses: 3789156
sat
real sat
hardSample/1638.smt2 : 202079 ms.
--------------------------------------------------
Number of variables: 605305
Number of clauses: 3814679
sat
real sat
hardSample/1639.smt2 : 197972 ms.
--------------------------------------------------
Number of variables: 609228
Number of clauses: 3841367
sat
real sat
hardSample/1640.smt2 : 229206 ms.
--------------------------------------------------
Number of variables: 612814
Number of clauses: 3866798
sat
real sat
hardSample/1641.smt2 : 430612 ms.
--------------------------------------------------
Number of variables: 625964
Number of clauses: 3957886
sat
real sat
hardSample/1644.smt2 : 518741 ms.
--------------------------------------------------
Number of variables: 630443
Number of clauses: 3988914
sat
real sat
hardSample/1645.smt2 : 448630 ms.
--------------------------------------------------
Number of variables: 635298
Number of clauses: 4024161
sat
real sat
hardSample/1646.smt2 : 569878 ms.
--------------------------------------------------
Number of variables: 569750
Number of clauses: 3728789
sat
real sat
hardSample/1686.smt2 : 473644 ms.
--------------------------------------------------
Number of variables: 574497
Number of clauses: 3762141
sat
real sat
hardSample/1687.smt2 : 598729 ms.
--------------------------------------------------
Number of variables: 655398
Number of clauses: 4338593
hardSample/1706.smt2 : 1200083 ms.
--------------------------------------------------
Number of variables: 659389
Number of clauses: 4367252
sat
real sat
hardSample/1707.smt2 : 274936 ms.
--------------------------------------------------
Number of variables: 664576
Number of clauses: 4403944
sat
real sat
hardSample/1708.smt2 : 576625 ms.
--------------------------------------------------
Number of variables: 674330
Number of clauses: 4473711
sat
real sat
hardSample/1710.smt2 : 568329 ms.
--------------------------------------------------
Number of variables: 678645
Number of clauses: 4504830
sat
real sat
hardSample/1712.smt2 : 863955 ms.
--------------------------------------------------
Number of variables: 6395920
Number of clauses: 38602159
hardSample/26.smt2 : 1200744 ms.
--------------------------------------------------
Number of variables: 4816464
Number of clauses: 29067630
hardSample/41.smt2 : 1200481 ms.
--------------------------------------------------
Number of variables: 806481
Number of clauses: 5419482
sat
real sat
hardSample/472.smt2 : 680029 ms.
--------------------------------------------------
Number of variables: 613711
Number of clauses: 4052351
sat
real sat
hardSample/645.smt2 : 512689 ms.
--------------------------------------------------
Number of variables: 1151367
Number of clauses: 7685082
sat
real sat
hardSample/971.smt2 : 436853 ms.
--------------------------------------------------
Number of variables: 1234500
Number of clauses: 8301047
sat
real sat
hardSample/981.smt2 : 392309 ms.
--------------------------------------------------
Number of variables: 1243332
Number of clauses: 8367785
hardSample/982.smt2 : 1200186 ms.
--------------------------------------------------
Number of variables: 1322955
Number of clauses: 8963921
hardSample/990.smt2 : 1200151 ms.
--------------------------------------------------
Number of variables: 1358245
Number of clauses: 9224147
hardSample/993.smt2 : 1200159 ms.
--------------------------------------------------
Number of variables: 11320046
Number of clauses: 68052945
hardSample/From_AProVE_2014__DivMinus.jar-obl-11__p28552_edge_closing_0.smt2 : 1201200 ms.
--------------------------------------------------
Number of variables: 6506775
Number of clauses: 39042619
hardSample/From_AProVE_2014__DivMinus.jar-obl-11__p28564_edge_closing_0.smt2 : 1200670 ms.
--------------------------------------------------
Number of variables: 10053840
Number of clauses: 60438278
hardSample/From_AProVE_2014__DivMinus.jar-obl-11__p28566_edge_closing_0.smt2 : 1201771 ms.
--------------------------------------------------
Number of variables: 9939936
Number of clauses: 59752348
hardSample/From_AProVE_2014__DivMinus.jar-obl-11__p28571_edge_closing_0.smt2 : 1201044 ms.
--------------------------------------------------
Number of variables: 21147348
Number of clauses: 126616368
hardSample/From_AProVE_2014__DivTernary.jar-obl-10__p28671_edge_closing_0.smt2 : 1202429 ms.
--------------------------------------------------
Number of variables: 39623502
Number of clauses: 238086295
hardSample/From_AProVE_2014__DivTernary.jar-obl-10__p28672_edge_closing_0.smt2 : 1204591 ms.
--------------------------------------------------
Number of variables: 4206393
Number of clauses: 25336551
hardSample/From_AProVE_2014__Graph.jar-obl-17__p29766_edge_closing_0.smt2 : 1200382 ms.
--------------------------------------------------
Number of variables: 2556996
Number of clauses: 15376883
hardSample/From_AProVE_2014__Graph.jar-obl-17__p29768_edge_closing_0.smt2 : 1200268 ms.
--------------------------------------------------
Number of variables: 2222511
Number of clauses: 13366841
hardSample/From_AProVE_2014__Graph.jar-obl-17__p29777_edge_closing_0.smt2 : 1200464 ms.
--------------------------------------------------
Number of variables: 2019946
Number of clauses: 12148729
hardSample/From_AProVE_2014__Graph.jar-obl-17__p29786_edge_closing_0.smt2 : 1200160 ms.
--------------------------------------------------
Number of variables: 3879440
Number of clauses: 23391340
unsat in 27 bits.
hardSample/From_AProVE_2014__juHashMapCreateClear.jar-obl-11__p29881_safety_0.smt2 : 183752 ms.
--------------------------------------------------
Number of variables: 7762255
Number of clauses: 46876494
unsat in 27 bits.
hardSample/From_AProVE_2014__juHashMapCreateClear.jar-obl-11__p29882_safety_0.smt2 : 445056 ms.
--------------------------------------------------
Number of variables: 3765872
Number of clauses: 22700927
unsat in 27 bits.
hardSample/From_AProVE_2014__juHashMapCreateClear.jar-obl-11__p29941_safety_0.smt2 : 196497 ms.
--------------------------------------------------
Number of variables: 7592974
Number of clauses: 45845591
unsat in 27 bits.
hardSample/From_AProVE_2014__juHashMapCreateClear.jar-obl-11__p29942_safety_0.smt2 : 244747 ms.
--------------------------------------------------
Number of variables: 3777106
Number of clauses: 22770967
unsat in 27 bits.
hardSample/From_AProVE_2014__juHashMapCreateClear.jar-obl-11__p29976_safety_0.smt2 : 211412 ms.
--------------------------------------------------
Number of variables: 7608660
Number of clauses: 45943598
unsat in 27 bits.
hardSample/From_AProVE_2014__juHashMapCreateClear.jar-obl-11__p29977_safety_0.smt2 : 132248 ms.
--------------------------------------------------
Number of variables: 7779571
Number of clauses: 46986234
unsat in 27 bits.
hardSample/From_AProVE_2014__juHashMapCreateClear.jar-obl-11__p30047_safety_0.smt2 : 444123 ms.
--------------------------------------------------
Number of variables: 1251856
Number of clauses: 7510437
unsat in 27 bits.
hardSample/From_AProVE_2014__juHashMapCreateClear.jar-obl-11__p30088_safety_0.smt2 : 27461 ms.
--------------------------------------------------
Number of variables: 3779236
Number of clauses: 22785743
unsat in 27 bits.
hardSample/From_AProVE_2014__juHashMapCreateClear.jar-obl-11__p30089_safety_0.smt2 : 162181 ms.
--------------------------------------------------
Number of variables: 7611377
Number of clauses: 45962785
unsat in 27 bits.
hardSample/From_AProVE_2014__juHashMapCreateClear.jar-obl-11__p30090_safety_0.smt2 : 302902 ms.
--------------------------------------------------
Number of variables: 1260590
Number of clauses: 7564209
unsat in 27 bits.
hardSample/From_AProVE_2014__juHashMapCreateClear.jar-obl-11__p30153_safety_0.smt2 : 44805 ms.
--------------------------------------------------
Number of variables: 3793764
Number of clauses: 22875337
unsat in 27 bits.
hardSample/From_AProVE_2014__juHashMapCreateClear.jar-obl-11__p30154_safety_0.smt2 : 145373 ms.
--------------------------------------------------
Number of variables: 7631699
Number of clauses: 46088201
unsat in 27 bits.
hardSample/From_AProVE_2014__juHashMapCreateClear.jar-obl-11__p30155_safety_0.smt2 : 307003 ms.
--------------------------------------------------
Number of variables: 7793083
Number of clauses: 47075029
unsat in 27 bits.
hardSample/From_AProVE_2014__juHashMapCreateClear.jar-obl-11__p30228_safety_0.smt2 : 311643 ms.
--------------------------------------------------
Number of variables: 1264975
Number of clauses: 7594352
unsat in 27 bits.
hardSample/From_AProVE_2014__juHashMapCreateClear.jar-obl-11__p30257_safety_0.smt2 : 30317 ms.
--------------------------------------------------
Number of variables: 3800372
Number of clauses: 22921724
unsat in 27 bits.
hardSample/From_AProVE_2014__juHashMapCreateClear.jar-obl-11__p30258_safety_0.smt2 : 249399 ms.
--------------------------------------------------
Number of variables: 7640530
Number of clauses: 46150832
unsat in 27 bits.
hardSample/From_AProVE_2014__juHashMapCreateClear.jar-obl-11__p30259_safety_0.smt2 : 460258 ms.
--------------------------------------------------
Number of variables: 1265458
Number of clauses: 7597163
unsat in 27 bits.
hardSample/From_AProVE_2014__juHashMapCreateClear.jar-obl-11__p30288_safety_0.smt2 : 31202 ms.
--------------------------------------------------
Number of variables: 3801159
Number of clauses: 22926443
unsat in 27 bits.
hardSample/From_AProVE_2014__juHashMapCreateClear.jar-obl-11__p30289_safety_0.smt2 : 245789 ms.
--------------------------------------------------
Number of variables: 7641621
Number of clauses: 46157459
unsat in 27 bits.
hardSample/From_AProVE_2014__juHashMapCreateClear.jar-obl-11__p30290_safety_0.smt2 : 375823 ms.
--------------------------------------------------
Number of variables: 3916328
Number of clauses: 23628731
unsat in 27 bits.
hardSample/From_AProVE_2014__juHashMapCreateClear.jar-obl-11__p30382_safety_0.smt2 : 224713 ms.
--------------------------------------------------
Number of variables: 7812403
Number of clauses: 47200576
unsat in 27 bits.
hardSample/From_AProVE_2014__juHashMapCreateClear.jar-obl-11__p30383_safety_0.smt2 : 291426 ms.
--------------------------------------------------
Number of variables: 1267744
Number of clauses: 7613736
unsat in 27 bits.
hardSample/From_AProVE_2014__juHashMapCreateClear.jar-obl-11__p30424_safety_0.smt2 : 91197 ms.
--------------------------------------------------
Number of variables: 3804570
Number of clauses: 22951626
unsat in 27 bits.
hardSample/From_AProVE_2014__juHashMapCreateClear.jar-obl-11__p30425_safety_0.smt2 : 234320 ms.
--------------------------------------------------
Number of variables: 7646197
Number of clauses: 46191572
unsat in 27 bits.
hardSample/From_AProVE_2014__juHashMapCreateClear.jar-obl-11__p30426_safety_0.smt2 : 347792 ms.
--------------------------------------------------
Number of variables: 1274589
Number of clauses: 7656742
unsat in 27 bits.
hardSample/From_AProVE_2014__juHashMapCreateClear.jar-obl-11__p30461_safety_0.smt2 : 68929 ms.
--------------------------------------------------
Number of variables: 3815953
Number of clauses: 23023386
unsat in 27 bits.
hardSample/From_AProVE_2014__juHashMapCreateClear.jar-obl-11__p30462_safety_0.smt2 : 238900 ms.
--------------------------------------------------
Number of variables: 7662118
Number of clauses: 46292086
unsat in 27 bits.
hardSample/From_AProVE_2014__juHashMapCreateClear.jar-obl-11__p30463_safety_0.smt2 : 389747 ms.
--------------------------------------------------
Number of variables: 3930997
Number of clauses: 23723706
unsat in 27 bits.
hardSample/From_AProVE_2014__juHashMapCreateClear.jar-obl-11__p30538_safety_0.smt2 : 156579 ms.
--------------------------------------------------
Number of variables: 7832328
Number of clauses: 47330156
unsat in 27 bits.
hardSample/From_AProVE_2014__juHashMapCreateClear.jar-obl-11__p30539_safety_0.smt2 : 312229 ms.
--------------------------------------------------
Number of variables: 3819999
Number of clauses: 23051985
unsat in 27 bits.
hardSample/From_AProVE_2014__juHashMapCreateClear.jar-obl-11__p30601_safety_0.smt2 : 213206 ms.
--------------------------------------------------
Number of variables: 7667381
Number of clauses: 46329914
unsat in 27 bits.
hardSample/From_AProVE_2014__juHashMapCreateClear.jar-obl-11__p30602_safety_0.smt2 : 398716 ms.
--------------------------------------------------
Number of variables: 1277882
Number of clauses: 7679056
unsat in 27 bits.
hardSample/From_AProVE_2014__juHashMapCreateClear.jar-obl-11__p30643_safety_0.smt2 : 79501 ms.
--------------------------------------------------
Number of variables: 3820729
Number of clauses: 23056542
unsat in 27 bits.
hardSample/From_AProVE_2014__juHashMapCreateClear.jar-obl-11__p30644_safety_0.smt2 : 210854 ms.
--------------------------------------------------
Number of variables: 7668417
Number of clauses: 46336404
unsat in 27 bits.
hardSample/From_AProVE_2014__juHashMapCreateClear.jar-obl-11__p30645_safety_0.smt2 : 403057 ms.
--------------------------------------------------
Number of variables: 3930595
Number of clauses: 23718997
unsat in 27 bits.
hardSample/From_AProVE_2014__juHashMapCreateClear.jar-obl-11__p30712_safety_0.smt2 : 167392 ms.
--------------------------------------------------
Number of variables: 7831320
Number of clauses: 47320769
unsat in 27 bits.
hardSample/From_AProVE_2014__juHashMapCreateClear.jar-obl-11__p30713_safety_0.smt2 : 441277 ms.
--------------------------------------------------
Number of variables: 3831866
Number of clauses: 23126865
unsat in 27 bits.
hardSample/From_AProVE_2014__juHashMapCreateClear.jar-obl-11__p30752_safety_0.smt2 : 217229 ms.
--------------------------------------------------
Number of variables: 7683496
Number of clauses: 46431709
unsat in 27 bits.
hardSample/From_AProVE_2014__juHashMapCreateClear.jar-obl-11__p30753_safety_0.smt2 : 481062 ms.
--------------------------------------------------
Number of variables: 1285503
Number of clauses: 7727037
unsat in 27 bits.
hardSample/From_AProVE_2014__juHashMapCreateClear.jar-obl-11__p30788_safety_0.smt2 : 67357 ms.
--------------------------------------------------
Number of variables: 3832600
Number of clauses: 23131454
unsat in 27 bits.
hardSample/From_AProVE_2014__juHashMapCreateClear.jar-obl-11__p30789_safety_0.smt2 : 222776 ms.
--------------------------------------------------
Number of variables: 7684538
Number of clauses: 46438247
unsat in 27 bits.
hardSample/From_AProVE_2014__juHashMapCreateClear.jar-obl-11__p30790_safety_0.smt2 : 507103 ms.
--------------------------------------------------
Number of variables: 7767060
Number of clauses: 46906242
unsat in 27 bits.
hardSample/From_AProVE_2014__juHashMapCreateContainsKey.jar-obl-11__p30883_safety_0.smt2 : 407658 ms.
--------------------------------------------------
Number of variables: 3701240
Number of clauses: 22314278
unsat in 27 bits.
hardSample/From_AProVE_2014__juHashMapCreateContainsKey.jar-obl-11__p30891_safety_0.smt2 : 306837 ms.
--------------------------------------------------
Number of variables: 3481023
Number of clauses: 20975320
unsat in 27 bits.
hardSample/From_AProVE_2014__juHashMapCreateContainsKey.jar-obl-11__p30896_safety_0.smt2 : 300717 ms.
--------------------------------------------------
Number of variables: 3481413
Number of clauses: 20978284
