--------------------------------------------------
Number of variables: 6863340
Number of clauses: 41492236
hardSample/05.smt2 : 1201094 ms.
--------------------------------------------------
Number of variables: 1505500
Number of clauses: 10272037
hardSample/1002.smt2 : 1200256 ms.
--------------------------------------------------
Number of variables: 1517808
Number of clauses: 10363927
hardSample/1003.smt2 : 1200236 ms.
--------------------------------------------------
Number of variables: 1530700
Number of clauses: 10460297
hardSample/1004.smt2 : 1200192 ms.
--------------------------------------------------
Number of variables: 1542016
Number of clauses: 10544995
hardSample/1005.smt2 : 1200256 ms.
--------------------------------------------------
Number of variables: 1551356
Number of clauses: 10615965
hardSample/1006.smt2 : 1200249 ms.
--------------------------------------------------
Number of variables: 1563872
Number of clauses: 10709711
hardSample/1007.smt2 : 1200202 ms.
--------------------------------------------------
Number of variables: 1577503
Number of clauses: 10809725
hardSample/1008.smt2 : 1200216 ms.
--------------------------------------------------
Number of variables: 1587523
Number of clauses: 10885895
hardSample/1009.smt2 : 1200193 ms.
--------------------------------------------------
Number of variables: 1601266
Number of clauses: 10986781
hardSample/1010.smt2 : 1200199 ms.
--------------------------------------------------
Number of variables: 1614022
Number of clauses: 11082423
hardSample/1011.smt2 : 1200235 ms.
--------------------------------------------------
Number of variables: 1624186
Number of clauses: 11159721
hardSample/1012.smt2 : 1200199 ms.
--------------------------------------------------
Number of variables: 1638137
Number of clauses: 11262151
hardSample/1013.smt2 : 1200230 ms.
--------------------------------------------------
Number of variables: 1651573
Number of clauses: 11363089
hardSample/1014.smt2 : 1200203 ms.
--------------------------------------------------
Number of variables: 1664065
Number of clauses: 11456811
hardSample/1015.smt2 : 1200347 ms.
--------------------------------------------------
Number of variables: 1676605
Number of clauses: 11550917
hardSample/1016.smt2 : 1200270 ms.
--------------------------------------------------
Number of variables: 1689745
Number of clauses: 11649583
hardSample/1017.smt2 : 1200264 ms.
--------------------------------------------------
Number of variables: 612264
Number of clauses: 3889736
sat
real sat
hardSample/1091.smt2 : 315011 ms.
--------------------------------------------------
Number of variables: 901796
Number of clauses: 6000512
sat
real sat
hardSample/1157.smt2 : 447672 ms.
--------------------------------------------------
Number of variables: 913068
Number of clauses: 6084160
sat
real sat
hardSample/1159.smt2 : 821872 ms.
--------------------------------------------------
Number of variables: 918992
Number of clauses: 6128210
sat
real sat
hardSample/1160.smt2 : 817881 ms.
--------------------------------------------------
Number of variables: 924160
Number of clauses: 6166524
hardSample/1161.smt2 : 1200147 ms.
--------------------------------------------------
Number of variables: 929628
Number of clauses: 6207094
sat
real sat
hardSample/1162.smt2 : 724893 ms.
--------------------------------------------------
Number of variables: 935120
Number of clauses: 6247844
sat
real sat
hardSample/1163.smt2 : 149075 ms.
--------------------------------------------------
Number of variables: 940888
Number of clauses: 6290730
sat
real sat
hardSample/1164.smt2 : 1043197 ms.
--------------------------------------------------
Number of variables: 946428
Number of clauses: 6331852
sat
real sat
hardSample/1165.smt2 : 738583 ms.
--------------------------------------------------
Number of variables: 952252
Number of clauses: 6375150
hardSample/1166.smt2 : 1200142 ms.
--------------------------------------------------
Number of variables: 958100
Number of clauses: 6418628
sat
real sat
hardSample/1167.smt2 : 659009 ms.
--------------------------------------------------
Number of variables: 964224
Number of clauses: 6464242
hardSample/1168.smt2 : 1200128 ms.
--------------------------------------------------
Number of variables: 969860
Number of clauses: 6506120
hardSample/1169.smt2 : 1200122 ms.
--------------------------------------------------
Number of variables: 975788
Number of clauses: 6550214
hardSample/1170.smt2 : 1200126 ms.
--------------------------------------------------
Number of variables: 981740
Number of clauses: 6594488
sat
real sat
hardSample/1171.smt2 : 805597 ms.
--------------------------------------------------
Number of variables: 987968
Number of clauses: 6640898
sat
real sat
hardSample/1172.smt2 : 702656 ms.
--------------------------------------------------
Number of variables: 993968
Number of clauses: 6685544
sat
real sat
hardSample/1173.smt2 : 1020745 ms.
--------------------------------------------------
Number of variables: 1000252
Number of clauses: 6732366
hardSample/1174.smt2 : 1200121 ms.
--------------------------------------------------
Number of variables: 1006560
Number of clauses: 6779368
sat
real sat
hardSample/1175.smt2 : 765264 ms.
--------------------------------------------------
Number of variables: 1018412
Number of clauses: 6867736
sat
real sat
hardSample/1177.smt2 : 342617 ms.
--------------------------------------------------
Number of variables: 1023996
Number of clauses: 6909390
sat
real sat
hardSample/1178.smt2 : 943279 ms.
--------------------------------------------------
Number of variables: 1029604
Number of clauses: 6951224
sat
real sat
hardSample/1179.smt2 : 994513 ms.
--------------------------------------------------
Number of variables: 1035488
Number of clauses: 6995194
sat
real sat
hardSample/1180.smt2 : 724543 ms.
--------------------------------------------------
Number of variables: 1047084
Number of clauses: 7081782
hardSample/1182.smt2 : 1200167 ms.
--------------------------------------------------
Number of variables: 1053048
Number of clauses: 7126344
sat
real sat
hardSample/1183.smt2 : 979874 ms.
--------------------------------------------------
Number of variables: 1059288
Number of clauses: 7173042
hardSample/1184.smt2 : 1200120 ms.
--------------------------------------------------
Number of variables: 1071084
Number of clauses: 7261182
sat
real sat
hardSample/1186.smt2 : 656381 ms.
--------------------------------------------------
Number of variables: 1083496
Number of clauses: 7354034
sat
real sat
hardSample/1188.smt2 : 817677 ms.
--------------------------------------------------
Number of variables: 1096012
Number of clauses: 7447670
sat
real sat
hardSample/1190.smt2 : 902039 ms.
--------------------------------------------------
Number of variables: 1102436
Number of clauses: 7495756
sat
real sat
hardSample/1191.smt2 : 1067997 ms.
--------------------------------------------------
Number of variables: 1109136
Number of clauses: 7545978
sat
real sat
hardSample/1192.smt2 : 1006927 ms.
--------------------------------------------------
Number of variables: 1115080
Number of clauses: 7590464
sat
real sat
hardSample/1193.smt2 : 1162128 ms.
--------------------------------------------------
Number of variables: 1121324
Number of clauses: 7637206
sat
real sat
hardSample/1194.smt2 : 322596 ms.
--------------------------------------------------
Number of variables: 1127592
Number of clauses: 7684128
hardSample/1195.smt2 : 1200159 ms.
--------------------------------------------------
Number of variables: 1140452
Number of clauses: 7780480
hardSample/1197.smt2 : 1200180 ms.
--------------------------------------------------
Number of variables: 1153676
Number of clauses: 7879600
hardSample/1199.smt2 : 1200147 ms.
--------------------------------------------------
Number of variables: 1173692
Number of clauses: 8029702
sat
real sat
hardSample/1202.smt2 : 928553 ms.
--------------------------------------------------
Number of variables: 1180420
Number of clauses: 8080148
sat
real sat
hardSample/1203.smt2 : 393825 ms.
--------------------------------------------------
Number of variables: 1187424
Number of clauses: 8132730
sat
real sat
hardSample/1204.smt2 : 1009664 ms.
--------------------------------------------------
Number of variables: 1194200
Number of clauses: 8183548
sat
real sat
hardSample/1205.smt2 : 1155913 ms.
--------------------------------------------------
Number of variables: 1201260
Number of clauses: 8236542
sat
real sat
hardSample/1206.smt2 : 832452 ms.
--------------------------------------------------
Number of variables: 1208344
Number of clauses: 8289716
sat
real sat
hardSample/1207.smt2 : 1050071 ms.
--------------------------------------------------
Number of variables: 1215704
Number of clauses: 8345026
sat
real sat
hardSample/1208.smt2 : 831107 ms.
--------------------------------------------------
Number of variables: 1222032
Number of clauses: 8392572
hardSample/1209.smt2 : 1200183 ms.
--------------------------------------------------
Number of variables: 1228668
Number of clauses: 8442414
sat
real sat
hardSample/1210.smt2 : 1104018 ms.
--------------------------------------------------
Number of variables: 1235328
Number of clauses: 8492436
sat
real sat
hardSample/1211.smt2 : 1080046 ms.
--------------------------------------------------
Number of variables: 1242264
Number of clauses: 8544594
sat
real sat
hardSample/1212.smt2 : 376175 ms.
--------------------------------------------------
Number of variables: 1248972
Number of clauses: 8594988
hardSample/1213.smt2 : 1200173 ms.
--------------------------------------------------
Number of variables: 1255964
Number of clauses: 8647558
hardSample/1214.smt2 : 1200146 ms.
--------------------------------------------------
Number of variables: 1262980
Number of clauses: 8700308
hardSample/1215.smt2 : 1200197 ms.
--------------------------------------------------
Number of variables: 1270015
Number of clauses: 8752182
sat
real sat
hardSample/1216.smt2 : 1002041 ms.
--------------------------------------------------
Number of variables: 1291344
Number of clauses: 8912228
sat
real sat
hardSample/1219.smt2 : 929172 ms.
--------------------------------------------------
Number of variables: 1305406
Number of clauses: 9017332
sat
real sat
hardSample/1221.smt2 : 490601 ms.
--------------------------------------------------
Number of variables: 1312593
Number of clauses: 9070374
hardSample/1222.smt2 : 1200176 ms.
--------------------------------------------------
Number of variables: 1325940
Number of clauses: 9170802
hardSample/1224.smt2 : 1200195 ms.
--------------------------------------------------
Number of variables: 1357322
Number of clauses: 9406194
hardSample/1228.smt2 : 1200180 ms.
--------------------------------------------------
Number of variables: 1365592
Number of clauses: 9467684
hardSample/1229.smt2 : 1200216 ms.
--------------------------------------------------
Number of variables: 1373629
Number of clauses: 9526390
sat
real sat
hardSample/1230.smt2 : 913126 ms.
--------------------------------------------------
Number of variables: 1382534
Number of clauses: 9591416
sat
real sat
hardSample/1231.smt2 : 1040700 ms.
--------------------------------------------------
Number of variables: 1389081
Number of clauses: 9639314
hardSample/1232.smt2 : 1200182 ms.
--------------------------------------------------
Number of variables: 1396532
Number of clauses: 9694384
hardSample/1233.smt2 : 1200217 ms.
--------------------------------------------------
Number of variables: 1404989
Number of clauses: 9756090
hardSample/1234.smt2 : 1200193 ms.
--------------------------------------------------
Number of variables: 1412904
Number of clauses: 9816092
sat
real sat
hardSample/1235.smt2 : 1087222 ms.
--------------------------------------------------
Number of variables: 1419547
Number of clauses: 9864698
hardSample/1236.smt2 : 1200239 ms.
--------------------------------------------------
Number of variables: 1427362
Number of clauses: 9922500
sat
real sat
hardSample/1237.smt2 : 743570 ms.
--------------------------------------------------
Number of variables: 1435617
Number of clauses: 9985090
sat
real sat
hardSample/1238.smt2 : 1017122 ms.
--------------------------------------------------
Number of variables: 1442584
Number of clauses: 10036192
hardSample/1239.smt2 : 1200230 ms.
--------------------------------------------------
Number of variables: 1449591
Number of clauses: 10087530
hardSample/1240.smt2 : 1200254 ms.
--------------------------------------------------
Number of variables: 1458516
Number of clauses: 10152788
hardSample/1241.smt2 : 1200202 ms.
--------------------------------------------------
Number of variables: 1467178
Number of clauses: 10217306
hardSample/1242.smt2 : 1200178 ms.
--------------------------------------------------
Number of variables: 1475872
Number of clauses: 10282068
hardSample/1243.smt2 : 1200194 ms.
--------------------------------------------------
Number of variables: 1484850
Number of clauses: 10349030
hardSample/1244.smt2 : 1200237 ms.
--------------------------------------------------
Number of variables: 1493608
Number of clauses: 10414304
hardSample/1245.smt2 : 1200178 ms.
--------------------------------------------------
Number of variables: 1502122
Number of clauses: 10477806
hardSample/1246.smt2 : 1200232 ms.
--------------------------------------------------
Number of variables: 1511499
Number of clauses: 10546584
hardSample/1247.smt2 : 1200202 ms.
--------------------------------------------------
Number of variables: 1520353
Number of clauses: 10612626
hardSample/1248.smt2 : 1200210 ms.
--------------------------------------------------
Number of variables: 1529794
Number of clauses: 10681904
hardSample/1249.smt2 : 1200240 ms.
--------------------------------------------------
Number of variables: 1538452
Number of clauses: 10746510
sat
real sat
hardSample/1250.smt2 : 1150330 ms.
--------------------------------------------------
Number of variables: 1547142
Number of clauses: 10811360
sat
real sat
hardSample/1251.smt2 : 1007719 ms.
--------------------------------------------------
Number of variables: 1556116
Number of clauses: 10878410
hardSample/1252.smt2 : 1200200 ms.
--------------------------------------------------
Number of variables: 1564870
Number of clauses: 10943760
hardSample/1253.smt2 : 1200220 ms.
--------------------------------------------------
Number of variables: 1573916
Number of clauses: 11011350
hardSample/1254.smt2 : 1200220 ms.
--------------------------------------------------
Number of variables: 1582994
Number of clauses: 11079184
hardSample/1255.smt2 : 1200223 ms.
--------------------------------------------------
Number of variables: 1592399
Number of clauses: 11148294
hardSample/1256.smt2 : 1200251 ms.
--------------------------------------------------
Number of variables: 1597822
Number of clauses: 11188800
hardSample/1257.smt2 : 1200210 ms.
--------------------------------------------------
Number of variables: 1604121
Number of clauses: 11235778
hardSample/1258.smt2 : 1200198 ms.
--------------------------------------------------
Number of variables: 1612389
Number of clauses: 11298472
hardSample/1259.smt2 : 1200267 ms.
--------------------------------------------------
Number of variables: 1618160
Number of clauses: 11341586
hardSample/1260.smt2 : 1200270 ms.
--------------------------------------------------
Number of variables: 1625956
Number of clauses: 11400672
hardSample/1261.smt2 : 1200186 ms.
--------------------------------------------------
Number of variables: 1632563
Number of clauses: 11450078
hardSample/1262.smt2 : 1200212 ms.
--------------------------------------------------
Number of variables: 1640667
Number of clauses: 11511508
hardSample/1263.smt2 : 1200219 ms.
--------------------------------------------------
Number of variables: 1647062
Number of clauses: 11559254
sat
real sat
hardSample/1264.smt2 : 817025 ms.
--------------------------------------------------
Number of variables: 1655206
Number of clauses: 11620992
hardSample/1265.smt2 : 1200246 ms.
--------------------------------------------------
Number of variables: 1662746
Number of clauses: 11677754
hardSample/1266.smt2 : 1200191 ms.
--------------------------------------------------
Number of variables: 994245
Number of clauses: 6489408
hardSample/1378.smt2 : 1200106 ms.
--------------------------------------------------
Number of variables: 1000696
Number of clauses: 6537386
hardSample/1379.smt2 : 1200109 ms.
--------------------------------------------------
Number of variables: 1007179
Number of clauses: 6583884
sat
real sat
hardSample/1380.smt2 : 645449 ms.
--------------------------------------------------
Number of variables: 1010950
Number of clauses: 6610986
sat
real sat
hardSample/1381.smt2 : 350833 ms.
--------------------------------------------------
Number of variables: 1015013
Number of clauses: 6640280
hardSample/1382.smt2 : 1200142 ms.
--------------------------------------------------
Number of variables: 1019092
Number of clauses: 6669690
hardSample/1383.smt2 : 1200152 ms.
--------------------------------------------------
Number of variables: 1023439
Number of clauses: 6701172
hardSample/1384.smt2 : 1200117 ms.
--------------------------------------------------
Number of variables: 1040424
Number of clauses: 6822858
hardSample/1387.smt2 : 1200123 ms.
--------------------------------------------------
Number of variables: 1045695
Number of clauses: 6860584
hardSample/1388.smt2 : 1200160 ms.
--------------------------------------------------
Number of variables: 1056561
Number of clauses: 6938544
hardSample/1390.smt2 : 1200155 ms.
--------------------------------------------------
Number of variables: 1722766
Number of clauses: 11043888
hardSample/1472.smt2 : 1200225 ms.
--------------------------------------------------
Number of variables: 1733019
Number of clauses: 11116938
hardSample/1473.smt2 : 1200255 ms.
--------------------------------------------------
Number of variables: 1746557
Number of clauses: 11215012
hardSample/1474.smt2 : 1200248 ms.
--------------------------------------------------
Number of variables: 1756906
Number of clauses: 11288866
sat
real sat
hardSample/1475.smt2 : 508428 ms.
--------------------------------------------------
Number of variables: 1768032
Number of clauses: 11369588
sat
real sat
hardSample/1476.smt2 : 627593 ms.
--------------------------------------------------
Number of variables: 1780082
Number of clauses: 11457090
hardSample/1477.smt2 : 1200205 ms.
--------------------------------------------------
Number of variables: 1789819
Number of clauses: 11526228
hardSample/1478.smt2 : 1200238 ms.
--------------------------------------------------
Number of variables: 1804340
Number of clauses: 11629186
hardSample/1479.smt2 : 1200201 ms.
--------------------------------------------------
Number of variables: 1817338
Number of clauses: 11724056
hardSample/1480.smt2 : 1200226 ms.
--------------------------------------------------
Number of variables: 1831236
Number of clauses: 11825514
hardSample/1481.smt2 : 1200223 ms.
--------------------------------------------------
Number of variables: 1657782
Number of clauses: 10575462
hardSample/1562.smt2 : 1200233 ms.
--------------------------------------------------
Number of variables: 1693686
Number of clauses: 10832500
hardSample/1565.smt2 : 1200247 ms.
--------------------------------------------------
Number of variables: 1707812
Number of clauses: 10934990
hardSample/1566.smt2 : 1200253 ms.
--------------------------------------------------
Number of variables: 668469
Number of clauses: 4232964
sat
real sat
hardSample/1567.smt2 : 832734 ms.
--------------------------------------------------
Number of variables: 12594407
Number of clauses: 78130102
hardSample/156.smt2 : 1201660 ms.
--------------------------------------------------
Number of variables: 602892
Number of clauses: 3774536
sat
real sat
hardSample/1631.smt2 : 504144 ms.
--------------------------------------------------
Number of variables: 614375
Number of clauses: 3855390
sat
real sat
hardSample/1634.smt2 : 536004 ms.
--------------------------------------------------
Number of variables: 619030
Number of clauses: 3887396
sat
real sat
hardSample/1635.smt2 : 563909 ms.
--------------------------------------------------
Number of variables: 622302
Number of clauses: 3910422
sat
real sat
hardSample/1636.smt2 : 204513 ms.
--------------------------------------------------
Number of variables: 630809
Number of clauses: 3969974
sat
real sat
hardSample/1638.smt2 : 456197 ms.
--------------------------------------------------
Number of variables: 634489
Number of clauses: 3995940
sat
real sat
hardSample/1639.smt2 : 279670 ms.
--------------------------------------------------
Number of variables: 638488
Number of clauses: 4023106
sat
real sat
hardSample/1640.smt2 : 230765 ms.
--------------------------------------------------
Number of variables: 642132
Number of clauses: 4048916
sat
real sat
hardSample/1641.smt2 : 317799 ms.
--------------------------------------------------
Number of variables: 655520
Number of clauses: 4141518
sat
real sat
hardSample/1644.smt2 : 592139 ms.
--------------------------------------------------
Number of variables: 660083
Number of clauses: 4173088
sat
real sat
hardSample/1645.smt2 : 262604 ms.
--------------------------------------------------
Number of variables: 665022
Number of clauses: 4208922
sat
real sat
hardSample/1646.smt2 : 488980 ms.
--------------------------------------------------
Number of variables: 590297
Number of clauses: 3857006
sat
real sat
hardSample/1686.smt2 : 591709 ms.
--------------------------------------------------
Number of variables: 595102
Number of clauses: 3890696
sat
real sat
hardSample/1687.smt2 : 513098 ms.
--------------------------------------------------
Number of variables: 677227
Number of clauses: 4475090
sat
real sat
hardSample/1706.smt2 : 48558 ms.
--------------------------------------------------
Number of variables: 681266
Number of clauses: 4504048
sat
real sat
hardSample/1707.smt2 : 1022559 ms.
--------------------------------------------------
Number of variables: 686529
Number of clauses: 4541218
sat
real sat
hardSample/1708.smt2 : 370074 ms.
--------------------------------------------------
Number of variables: 696423
Number of clauses: 4611890
sat
real sat
hardSample/1710.smt2 : 713612 ms.
--------------------------------------------------
Number of variables: 700794
Number of clauses: 4643372
sat
real sat
hardSample/1712.smt2 : 148107 ms.
--------------------------------------------------
Number of variables: 6863340
Number of clauses: 41492236
hardSample/26.smt2 : 1200431 ms.
--------------------------------------------------
Number of variables: 5168375
Number of clauses: 31243447
hardSample/41.smt2 : 1200595 ms.
--------------------------------------------------
Number of variables: 830250
Number of clauses: 5567275
hardSample/472.smt2 : 1200097 ms.
--------------------------------------------------
Number of variables: 634549
Number of clauses: 4181337
sat
real sat
hardSample/645.smt2 : 527702 ms.
--------------------------------------------------
Number of variables: 1195740
Number of clauses: 7966735
sat
real sat
hardSample/971.smt2 : 974749 ms.
--------------------------------------------------
Number of variables: 1279959
Number of clauses: 8590263
sat
real sat
hardSample/981.smt2 : 928832 ms.
--------------------------------------------------
Number of variables: 1288899
Number of clauses: 8657793
sat
real sat
hardSample/982.smt2 : 73506 ms.
--------------------------------------------------
Number of variables: 1369544
Number of clauses: 9261205
sat
real sat
hardSample/990.smt2 : 1186687 ms.
--------------------------------------------------
Number of variables: 1405330
Number of clauses: 9524859
hardSample/993.smt2 : 1200179 ms.
--------------------------------------------------
Number of variables: 12125860
Number of clauses: 73024084
hardSample/From_AProVE_2014__DivMinus.jar-obl-11__p28552_edge_closing_0.smt2 : 1201068 ms.
--------------------------------------------------
Number of variables: 6965513
Number of clauses: 41869793
hardSample/From_AProVE_2014__DivMinus.jar-obl-11__p28564_edge_closing_0.smt2 : 1200634 ms.
--------------------------------------------------
Number of variables: 10768639
Number of clauses: 64847745
hardSample/From_AProVE_2014__DivMinus.jar-obl-11__p28566_edge_closing_0.smt2 : 1200975 ms.
--------------------------------------------------
Number of variables: 10646502
Number of clauses: 64110969
hardSample/From_AProVE_2014__DivMinus.jar-obl-11__p28571_edge_closing_0.smt2 : 1200768 ms.
--------------------------------------------------
Number of variables: 22637641
Number of clauses: 135791404
hardSample/From_AProVE_2014__DivTernary.jar-obl-10__p28671_edge_closing_0.smt2 : 1201946 ms.
--------------------------------------------------
Number of variables: 42448851
Number of clauses: 255512108
hardSample/From_AProVE_2014__DivTernary.jar-obl-10__p28672_edge_closing_0.smt2 : 1203283 ms.
--------------------------------------------------
Number of variables: 4509423
Number of clauses: 27208442
hardSample/From_AProVE_2014__Graph.jar-obl-17__p29766_edge_closing_0.smt2 : 1200523 ms.
--------------------------------------------------
Number of variables: 2740030
Number of clauses: 16506675
hardSample/From_AProVE_2014__Graph.jar-obl-17__p29768_edge_closing_0.smt2 : 1200247 ms.
--------------------------------------------------
Number of variables: 2381473
Number of clauses: 14348114
hardSample/From_AProVE_2014__Graph.jar-obl-17__p29777_edge_closing_0.smt2 : 1200230 ms.
--------------------------------------------------
Number of variables: 2164412
Number of clauses: 13040540
hardSample/From_AProVE_2014__Graph.jar-obl-17__p29786_edge_closing_0.smt2 : 1200229 ms.
--------------------------------------------------
Number of variables: 4157744
Number of clauses: 25110695
unsat in 28 bits.
hardSample/From_AProVE_2014__juHashMapCreateClear.jar-obl-11__p29881_safety_0.smt2 : 148217 ms.
--------------------------------------------------
Number of variables: 8322044
Number of clauses: 50337527
unsat in 28 bits.
hardSample/From_AProVE_2014__juHashMapCreateClear.jar-obl-11__p29882_safety_0.smt2 : 347945 ms.
--------------------------------------------------
Number of variables: 4035582
Number of clauses: 24366948
unsat in 28 bits.
hardSample/From_AProVE_2014__juHashMapCreateClear.jar-obl-11__p29941_safety_0.smt2 : 176830 ms.
--------------------------------------------------
Number of variables: 8139907
Number of clauses: 49226781
unsat in 28 bits.
hardSample/From_AProVE_2014__juHashMapCreateClear.jar-obl-11__p29942_safety_0.smt2 : 360506 ms.
--------------------------------------------------
Number of variables: 4047165
Number of clauses: 24439141
unsat in 28 bits.
hardSample/From_AProVE_2014__juHashMapCreateClear.jar-obl-11__p29976_safety_0.smt2 : 184694 ms.
--------------------------------------------------
Number of variables: 8156080
Number of clauses: 49327799
unsat in 28 bits.
hardSample/From_AProVE_2014__juHashMapCreateClear.jar-obl-11__p29977_safety_0.smt2 : 409337 ms.
--------------------------------------------------
Number of variables: 8339911
Number of clauses: 50450775
unsat in 28 bits.
hardSample/From_AProVE_2014__juHashMapCreateClear.jar-obl-11__p30047_safety_0.smt2 : 432723 ms.
--------------------------------------------------
Number of variables: 1339778
Number of clauses: 8052142
unsat in 28 bits.
hardSample/From_AProVE_2014__juHashMapCreateClear.jar-obl-11__p30088_safety_0.smt2 : 80266 ms.
--------------------------------------------------
Number of variables: 4049371
Number of clauses: 24454473
unsat in 28 bits.
hardSample/From_AProVE_2014__juHashMapCreateClear.jar-obl-11__p30089_safety_0.smt2 : 150098 ms.
--------------------------------------------------
Number of variables: 8158895
Number of clauses: 49347718
unsat in 28 bits.
hardSample/From_AProVE_2014__juHashMapCreateClear.jar-obl-11__p30090_safety_0.smt2 : 444931 ms.
--------------------------------------------------
Number of variables: 1348787
Number of clauses: 8107586
unsat in 28 bits.
hardSample/From_AProVE_2014__juHashMapCreateClear.jar-obl-11__p30153_safety_0.smt2 : 61427 ms.
--------------------------------------------------
Number of variables: 4064356
Number of clauses: 24546850
unsat in 28 bits.
hardSample/From_AProVE_2014__juHashMapCreateClear.jar-obl-11__p30154_safety_0.smt2 : 128793 ms.
--------------------------------------------------
Number of variables: 8179856
Number of clauses: 49477028
unsat in 28 bits.
hardSample/From_AProVE_2014__juHashMapCreateClear.jar-obl-11__p30155_safety_0.smt2 : 418415 ms.
--------------------------------------------------
Number of variables: 8353838
Number of clauses: 50542305
unsat in 28 bits.
hardSample/From_AProVE_2014__juHashMapCreateClear.jar-obl-11__p30228_safety_0.smt2 : 401506 ms.
--------------------------------------------------
Number of variables: 1353300
Number of clauses: 8138621
unsat in 28 bits.
hardSample/From_AProVE_2014__juHashMapCreateClear.jar-obl-11__p30257_safety_0.smt2 : 81933 ms.
--------------------------------------------------
Number of variables: 4071155
Number of clauses: 24594602
unsat in 28 bits.
hardSample/From_AProVE_2014__juHashMapCreateClear.jar-obl-11__p30258_safety_0.smt2 : 205535 ms.
--------------------------------------------------
Number of variables: 8188941
Number of clauses: 49541497
unsat in 28 bits.
hardSample/From_AProVE_2014__juHashMapCreateClear.jar-obl-11__p30259_safety_0.smt2 : 502962 ms.
--------------------------------------------------
Number of variables: 1353798
Number of clauses: 8141518
unsat in 28 bits.
hardSample/From_AProVE_2014__juHashMapCreateClear.jar-obl-11__p30288_safety_0.smt2 : 80717 ms.
--------------------------------------------------
Number of variables: 4071966
Number of clauses: 24599462
unsat in 28 bits.
hardSample/From_AProVE_2014__juHashMapCreateClear.jar-obl-11__p30289_safety_0.smt2 : 211494 ms.
--------------------------------------------------
Number of variables: 8190065
Number of clauses: 49548320
unsat in 28 bits.
hardSample/From_AProVE_2014__juHashMapCreateClear.jar-obl-11__p30290_safety_0.smt2 : 518414 ms.
--------------------------------------------------
Number of variables: 4195753
Number of clauses: 25355272
unsat in 28 bits.
hardSample/From_AProVE_2014__juHashMapCreateClear.jar-obl-11__p30382_safety_0.smt2 : 288560 ms.
--------------------------------------------------
Number of variables: 8373711
Number of clauses: 50671385
unsat in 28 bits.
hardSample/From_AProVE_2014__juHashMapCreateClear.jar-obl-11__p30383_safety_0.smt2 : 262462 ms.
--------------------------------------------------
Number of variables: 1356138
Number of clauses: 8158489
unsat in 28 bits.
hardSample/From_AProVE_2014__juHashMapCreateClear.jar-obl-11__p30424_safety_0.smt2 : 104578 ms.
--------------------------------------------------
Number of variables: 4075453
Number of clauses: 24625219
unsat in 28 bits.
hardSample/From_AProVE_2014__juHashMapCreateClear.jar-obl-11__p30425_safety_0.smt2 : 236076 ms.
--------------------------------------------------
Number of variables: 8194739
Number of clauses: 49583183
