--------------------------------------------------
Number of variables: 18879320
Number of clauses: 116258699
hardSample/05.smt2 : 1201841 ms.
--------------------------------------------------
Number of variables: 2627963
Number of clauses: 17441725
hardSample/1002.smt2 : 1200387 ms.
--------------------------------------------------
Number of variables: 2643007
Number of clauses: 17552596
hardSample/1003.smt2 : 1200332 ms.
--------------------------------------------------
Number of variables: 2658939
Number of clauses: 17670379
hardSample/1004.smt2 : 1200378 ms.
--------------------------------------------------
Number of variables: 2672383
Number of clauses: 17769194
hardSample/1005.smt2 : 1200301 ms.
--------------------------------------------------
Number of variables: 2683471
Number of clauses: 17852780
hardSample/1006.smt2 : 1200365 ms.
--------------------------------------------------
Number of variables: 2698723
Number of clauses: 17965507
hardSample/1007.smt2 : 1200369 ms.
--------------------------------------------------
Number of variables: 2715736
Number of clauses: 18088131
hardSample/1008.smt2 : 1200296 ms.
--------------------------------------------------
Number of variables: 2727808
Number of clauses: 18179349
hardSample/1009.smt2 : 1200359 ms.
--------------------------------------------------
Number of variables: 2744933
Number of clauses: 18302845
hardSample/1010.smt2 : 1200431 ms.
--------------------------------------------------
Number of variables: 2760425
Number of clauses: 18417468
hardSample/1011.smt2 : 1200413 ms.
--------------------------------------------------
Number of variables: 2772641
Number of clauses: 18509814
hardSample/1012.smt2 : 1200560 ms.
--------------------------------------------------
Number of variables: 2789974
Number of clauses: 18634854
hardSample/1013.smt2 : 1200400 ms.
--------------------------------------------------
Number of variables: 2806450
Number of clauses: 18757205
hardSample/1014.smt2 : 1200452 ms.
--------------------------------------------------
Number of variables: 2821374
Number of clauses: 18867476
hardSample/1015.smt2 : 1200299 ms.
--------------------------------------------------
Number of variables: 2836346
Number of clauses: 18978131
hardSample/1016.smt2 : 1200369 ms.
--------------------------------------------------
Number of variables: 2852222
Number of clauses: 19095778
hardSample/1017.smt2 : 1200397 ms.
--------------------------------------------------
Number of variables: 1226416
Number of clauses: 7705800
hardSample/1091.smt2 : 1200175 ms.
--------------------------------------------------
Number of variables: 1585040
Number of clauses: 10262754
sat
real sat
hardSample/1157.smt2 : 1051494 ms.
--------------------------------------------------
Number of variables: 1598820
Number of clauses: 10363236
hardSample/1159.smt2 : 1200210 ms.
--------------------------------------------------
Number of variables: 1606150
Number of clauses: 10416919
sat
real sat
hardSample/1160.smt2 : 1137392 ms.
--------------------------------------------------
Number of variables: 1612268
Number of clauses: 10461218
hardSample/1161.smt2 : 1200203 ms.
--------------------------------------------------
Number of variables: 1618838
Number of clauses: 10508989
hardSample/1162.smt2 : 1200431 ms.
--------------------------------------------------
Number of variables: 1625432
Number of clauses: 10556940
sat
real sat
hardSample/1163.smt2 : 1014218 ms.
--------------------------------------------------
Number of variables: 1632454
Number of clauses: 10608243
hardSample/1164.smt2 : 1200151 ms.
--------------------------------------------------
Number of variables: 1639096
Number of clauses: 10656566
hardSample/1165.smt2 : 1200206 ms.
--------------------------------------------------
Number of variables: 1646174
Number of clauses: 10708281
hardSample/1166.smt2 : 1200236 ms.
--------------------------------------------------
Number of variables: 1653276
Number of clauses: 10760176
hardSample/1167.smt2 : 1200241 ms.
--------------------------------------------------
Number of variables: 1660806
Number of clauses: 10815423
hardSample/1168.smt2 : 1200234 ms.
--------------------------------------------------
Number of variables: 1667544
Number of clauses: 10864502
hardSample/1169.smt2 : 1200264 ms.
--------------------------------------------------
Number of variables: 1674726
Number of clauses: 10917013
hardSample/1170.smt2 : 1200200 ms.
--------------------------------------------------
Number of variables: 1681932
Number of clauses: 10969704
sat
real sat
hardSample/1171.smt2 : 809133 ms.
--------------------------------------------------
Number of variables: 1689566
Number of clauses: 11025747
sat
real sat
hardSample/1172.smt2 : 1097131 ms.
--------------------------------------------------
Number of variables: 1696820
Number of clauses: 11078810
hardSample/1173.smt2 : 1200211 ms.
--------------------------------------------------
Number of variables: 1704510
Number of clauses: 11135265
hardSample/1174.smt2 : 1200192 ms.
--------------------------------------------------
Number of variables: 1712224
Number of clauses: 11191900
sat
real sat
hardSample/1175.smt2 : 1012423 ms.
--------------------------------------------------
Number of variables: 1726432
Number of clauses: 11295886
sat
real sat
hardSample/1177.smt2 : 1093871 ms.
--------------------------------------------------
Number of variables: 1732966
Number of clauses: 11343525
sat
real sat
hardSample/1178.smt2 : 494029 ms.
--------------------------------------------------
Number of variables: 1739524
Number of clauses: 11391344
hardSample/1179.smt2 : 1200263 ms.
--------------------------------------------------
Number of variables: 1746510
Number of clauses: 11442515
hardSample/1180.smt2 : 1200265 ms.
--------------------------------------------------
Number of variables: 1760158
Number of clauses: 11542289
hardSample/1182.smt2 : 1200225 ms.
--------------------------------------------------
Number of variables: 1767224
Number of clauses: 11594052
hardSample/1183.smt2 : 1200262 ms.
--------------------------------------------------
Number of variables: 1774718
Number of clauses: 11649167
hardSample/1184.smt2 : 1200169 ms.
--------------------------------------------------
Number of variables: 1788566
Number of clauses: 11750493
hardSample/1186.smt2 : 1200152 ms.
--------------------------------------------------
Number of variables: 1803334
Number of clauses: 11858963
hardSample/1188.smt2 : 1200177 ms.
--------------------------------------------------
Number of variables: 1818206
Number of clauses: 11968217
hardSample/1190.smt2 : 1200223 ms.
--------------------------------------------------
Number of variables: 1825884
Number of clauses: 12024720
hardSample/1191.smt2 : 1200240 ms.
--------------------------------------------------
Number of variables: 1833990
Number of clauses: 12084575
hardSample/1192.smt2 : 1200353 ms.
--------------------------------------------------
Number of variables: 1840884
Number of clauses: 12135046
hardSample/1193.smt2 : 1200223 ms.
--------------------------------------------------
Number of variables: 1848230
Number of clauses: 12188989
hardSample/1194.smt2 : 1200225 ms.
--------------------------------------------------
Number of variables: 1855600
Number of clauses: 12243112
hardSample/1195.smt2 : 1200212 ms.
--------------------------------------------------
Number of variables: 1870816
Number of clauses: 12355082
hardSample/1197.smt2 : 1200267 ms.
--------------------------------------------------
Number of variables: 1886548
Number of clauses: 12471036
hardSample/1199.smt2 : 1200252 ms.
--------------------------------------------------
Number of variables: 1910326
Number of clauses: 12646389
hardSample/1202.smt2 : 1200340 ms.
--------------------------------------------------
Number of variables: 1918308
Number of clauses: 12705252
hardSample/1203.smt2 : 1200230 ms.
--------------------------------------------------
Number of variables: 1926718
Number of clauses: 12767467
hardSample/1204.smt2 : 1200236 ms.
--------------------------------------------------
Number of variables: 1934748
Number of clauses: 12826702
hardSample/1205.smt2 : 1200390 ms.
--------------------------------------------------
Number of variables: 1943214
Number of clauses: 12889329
sat
real sat
hardSample/1206.smt2 : 722386 ms.
--------------------------------------------------
Number of variables: 1951704
Number of clauses: 12952136
hardSample/1207.smt2 : 1200368 ms.
--------------------------------------------------
Number of variables: 1960622
Number of clauses: 13018295
hardSample/1208.smt2 : 1200254 ms.
--------------------------------------------------
Number of variables: 1967900
Number of clauses: 13071826
hardSample/1209.smt2 : 1200272 ms.
--------------------------------------------------
Number of variables: 1975638
Number of clauses: 13128869
hardSample/1210.smt2 : 1200251 ms.
--------------------------------------------------
Number of variables: 1983400
Number of clauses: 13186092
hardSample/1211.smt2 : 1200236 ms.
--------------------------------------------------
Number of variables: 1991590
Number of clauses: 13246667
hardSample/1212.smt2 : 1200313 ms.
--------------------------------------------------
Number of variables: 1999400
Number of clauses: 13304262
hardSample/1213.smt2 : 1200321 ms.
--------------------------------------------------
Number of variables: 2007646
Number of clauses: 13365249
hardSample/1214.smt2 : 1200289 ms.
--------------------------------------------------
Number of variables: 2015916
Number of clauses: 13426416
hardSample/1215.smt2 : 1200239 ms.
--------------------------------------------------
Number of variables: 2024243
Number of clauses: 13486156
hardSample/1216.smt2 : 1200306 ms.
--------------------------------------------------
Number of variables: 2049108
Number of clauses: 13668798
hardSample/1219.smt2 : 1200267 ms.
--------------------------------------------------
Number of variables: 2065432
Number of clauses: 13787917
hardSample/1221.smt2 : 1200262 ms.
--------------------------------------------------
Number of variables: 2073911
Number of clauses: 13848825
hardSample/1222.smt2 : 1200258 ms.
--------------------------------------------------
Number of variables: 2089464
Number of clauses: 13963679
hardSample/1224.smt2 : 1200323 ms.
--------------------------------------------------
Number of variables: 2126474
Number of clauses: 14235941
hardSample/1228.smt2 : 1200303 ms.
--------------------------------------------------
Number of variables: 2136360
Number of clauses: 14307893
hardSample/1229.smt2 : 1200320 ms.
--------------------------------------------------
Number of variables: 2145899
Number of clauses: 14375294
sat
real sat
hardSample/1230.smt2 : 614271 ms.
--------------------------------------------------
Number of variables: 2156762
Number of clauses: 14452663
hardSample/1231.smt2 : 1200242 ms.
--------------------------------------------------
Number of variables: 2164583
Number of clauses: 14508287
hardSample/1232.smt2 : 1200280 ms.
--------------------------------------------------
Number of variables: 2173326
Number of clauses: 14571223
hardSample/1233.smt2 : 1200262 ms.
--------------------------------------------------
Number of variables: 2183437
Number of clauses: 14642840
hardSample/1234.smt2 : 1200339 ms.
--------------------------------------------------
Number of variables: 2192626
Number of clauses: 14711423
hardSample/1235.smt2 : 1200324 ms.
--------------------------------------------------
Number of variables: 2200561
Number of clauses: 14767895
hardSample/1236.smt2 : 1200379 ms.
--------------------------------------------------
Number of variables: 2209820
Number of clauses: 14834779
hardSample/1237.smt2 : 1200246 ms.
--------------------------------------------------
Number of variables: 2219519
Number of clauses: 14907306
hardSample/1238.smt2 : 1200349 ms.
--------------------------------------------------
Number of variables: 2227930
Number of clauses: 14967490
sat
real sat
hardSample/1239.smt2 : 655995 ms.
--------------------------------------------------
Number of variables: 2236381
Number of clauses: 15027910
sat
real sat
hardSample/1240.smt2 : 692659 ms.
--------------------------------------------------
Number of variables: 2247130
Number of clauses: 15104435
hardSample/1241.smt2 : 1200291 ms.
--------------------------------------------------
Number of variables: 2257426
Number of clauses: 15179555
hardSample/1242.smt2 : 1200304 ms.
--------------------------------------------------
Number of variables: 2267754
Number of clauses: 15254919
hardSample/1243.smt2 : 1200244 ms.
--------------------------------------------------
Number of variables: 2278518
Number of clauses: 15333699
hardSample/1244.smt2 : 1200301 ms.
--------------------------------------------------
Number of variables: 2288910
Number of clauses: 15409575
hardSample/1245.smt2 : 1200306 ms.
--------------------------------------------------
Number of variables: 2298906
Number of clauses: 15482463
hardSample/1246.smt2 : 1200310 ms.
--------------------------------------------------
Number of variables: 2310259
Number of clauses: 15563724
hardSample/1247.smt2 : 1200213 ms.
--------------------------------------------------
Number of variables: 2320747
Number of clauses: 15640368
hardSample/1248.smt2 : 1200199 ms.
--------------------------------------------------
Number of variables: 2332164
Number of clauses: 15722129
hardSample/1249.smt2 : 1200285 ms.
--------------------------------------------------
Number of variables: 2342304
Number of clauses: 15796121
hardSample/1250.smt2 : 1200275 ms.
--------------------------------------------------
Number of variables: 2352476
Number of clauses: 15870357
hardSample/1251.smt2 : 1200343 ms.
--------------------------------------------------
Number of variables: 2363084
Number of clauses: 15948009
hardSample/1252.smt2 : 1200338 ms.
--------------------------------------------------
Number of variables: 2373320
Number of clauses: 16022745
hardSample/1253.smt2 : 1200388 ms.
--------------------------------------------------
Number of variables: 2384000
Number of clauses: 16100937
hardSample/1254.smt2 : 1200245 ms.
--------------------------------------------------
Number of variables: 2394712
Number of clauses: 16179373
hardSample/1255.smt2 : 1200334 ms.
--------------------------------------------------
Number of variables: 2405941
Number of clauses: 16259750
hardSample/1256.smt2 : 1200254 ms.
--------------------------------------------------
Number of variables: 2411972
Number of clauses: 16303505
hardSample/1257.smt2 : 1200332 ms.
--------------------------------------------------
Number of variables: 2419335
Number of clauses: 16357380
hardSample/1258.smt2 : 1200313 ms.
--------------------------------------------------
Number of variables: 2429009
Number of clauses: 16429707
hardSample/1259.smt2 : 1200371 ms.
--------------------------------------------------
Number of variables: 2435540
Number of clauses: 16477286
hardSample/1260.smt2 : 1200268 ms.
--------------------------------------------------
Number of variables: 2444438
Number of clauses: 16543573
hardSample/1261.smt2 : 1200335 ms.
--------------------------------------------------
Number of variables: 2452261
Number of clauses: 16601092
hardSample/1262.smt2 : 1200299 ms.
--------------------------------------------------
Number of variables: 2461619
Number of clauses: 16670939
hardSample/1263.smt2 : 1200282 ms.
--------------------------------------------------
Number of variables: 2469078
Number of clauses: 16725582
hardSample/1264.smt2 : 1200267 ms.
--------------------------------------------------
Number of variables: 2478476
Number of clauses: 16795737
hardSample/1265.smt2 : 1200314 ms.
--------------------------------------------------
Number of variables: 2487422
Number of clauses: 16862132
hardSample/1266.smt2 : 1200347 ms.
--------------------------------------------------
Number of variables: 1922357
Number of clauses: 12284959
hardSample/1378.smt2 : 1200276 ms.
--------------------------------------------------
Number of variables: 1930404
Number of clauses: 12344090
hardSample/1379.smt2 : 1200276 ms.
--------------------------------------------------
Number of variables: 1938787
Number of clauses: 12403318
hardSample/1380.smt2 : 1200214 ms.
--------------------------------------------------
Number of variables: 1943318
Number of clauses: 12434885
hardSample/1381.smt2 : 1200273 ms.
--------------------------------------------------
Number of variables: 1948293
Number of clauses: 12469860
hardSample/1382.smt2 : 1200211 ms.
--------------------------------------------------
Number of variables: 1953284
Number of clauses: 12504951
hardSample/1383.smt2 : 1200191 ms.
--------------------------------------------------
Number of variables: 1958695
Number of clauses: 12543330
hardSample/1384.smt2 : 1200225 ms.
--------------------------------------------------
Number of variables: 1979860
Number of clauses: 12691046
hardSample/1387.smt2 : 1200279 ms.
--------------------------------------------------
Number of variables: 1986271
Number of clauses: 12735422
hardSample/1388.smt2 : 1200259 ms.
--------------------------------------------------
Number of variables: 1999569
Number of clauses: 12827898
hardSample/1390.smt2 : 1200236 ms.
--------------------------------------------------
Number of variables: 3502914
Number of clauses: 22169091
hardSample/1472.smt2 : 1200217 ms.
--------------------------------------------------
Number of variables: 3516207
Number of clauses: 22262262
hardSample/1473.smt2 : 1200339 ms.
--------------------------------------------------
Number of variables: 3533735
Number of clauses: 22388057
hardSample/1474.smt2 : 1200596 ms.
--------------------------------------------------
Number of variables: 3547124
Number of clauses: 22482032
hardSample/1475.smt2 : 1200314 ms.
--------------------------------------------------
Number of variables: 3560872
Number of clauses: 22579531
hardSample/1476.smt2 : 1200405 ms.
--------------------------------------------------
Number of variables: 3576000
Number of clauses: 22687458
hardSample/1477.smt2 : 1200389 ms.
--------------------------------------------------
Number of variables: 3588321
Number of clauses: 22773069
hardSample/1478.smt2 : 1200376 ms.
--------------------------------------------------
Number of variables: 3607326
Number of clauses: 22905477
hardSample/1479.smt2 : 1200650 ms.
--------------------------------------------------
Number of variables: 3623858
Number of clauses: 23024420
hardSample/1480.smt2 : 1200369 ms.
--------------------------------------------------
Number of variables: 3641746
Number of clauses: 23153599
hardSample/1481.smt2 : 1200272 ms.
--------------------------------------------------
Number of variables: 3417144
Number of clauses: 21555372
hardSample/1562.smt2 : 1200260 ms.
--------------------------------------------------
Number of variables: 3464486
Number of clauses: 21891317
hardSample/1565.smt2 : 1200283 ms.
--------------------------------------------------
Number of variables: 3483058
Number of clauses: 22025176
hardSample/1566.smt2 : 1200312 ms.
--------------------------------------------------
Number of variables: 1382785
Number of clauses: 8691256
sat
real sat
hardSample/1567.smt2 : 1142413 ms.
--------------------------------------------------
Number of variables: 31771810
Number of clauses: 199167759
hardSample/156.smt2 : 1202874 ms.
--------------------------------------------------
Number of variables: 1294608
Number of clauses: 8083817
sat
real sat
hardSample/1631.smt2 : 917584 ms.
--------------------------------------------------
Number of variables: 1310217
Number of clauses: 8192846
hardSample/1634.smt2 : 1200143 ms.
--------------------------------------------------
Number of variables: 1316620
Number of clauses: 8236366
hardSample/1635.smt2 : 1200144 ms.
--------------------------------------------------
Number of variables: 1320842
Number of clauses: 8265377
sat
real sat
hardSample/1636.smt2 : 778974 ms.
--------------------------------------------------
Number of variables: 1332467
Number of clauses: 8345796
sat
real sat
hardSample/1638.smt2 : 464636 ms.
--------------------------------------------------
Number of variables: 1337383
Number of clauses: 8380039
sat
real sat
hardSample/1639.smt2 : 869172 ms.
--------------------------------------------------
Number of variables: 1342808
Number of clauses: 8416147
sat
real sat
hardSample/1640.smt2 : 1063401 ms.
--------------------------------------------------
Number of variables: 1347554
Number of clauses: 8449158
sat
real sat
hardSample/1641.smt2 : 827578 ms.
--------------------------------------------------
Number of variables: 1365446
Number of clauses: 8570386
sat
real sat
hardSample/1644.smt2 : 1177868 ms.
--------------------------------------------------
Number of variables: 1371605
Number of clauses: 8612254
sat
real sat
hardSample/1645.smt2 : 359856 ms.
--------------------------------------------------
Number of variables: 1378122
Number of clauses: 8659101
hardSample/1646.smt2 : 1200181 ms.
--------------------------------------------------
Number of variables: 1065050
Number of clauses: 6827409
sat
real sat
hardSample/1686.smt2 : 359535 ms.
--------------------------------------------------
Number of variables: 1071299
Number of clauses: 6870181
sat
real sat
hardSample/1687.smt2 : 957727 ms.
--------------------------------------------------
Number of variables: 1176482
Number of clauses: 7603933
sat
real sat
hardSample/1706.smt2 : 788681 ms.
--------------------------------------------------
Number of variables: 1181433
Number of clauses: 7638572
hardSample/1707.smt2 : 1200128 ms.
--------------------------------------------------
Number of variables: 1188122
Number of clauses: 7684684
hardSample/1708.smt2 : 1200169 ms.
--------------------------------------------------
Number of variables: 1200658
Number of clauses: 7772411
hardSample/1710.smt2 : 1200170 ms.
--------------------------------------------------
Number of variables: 1206093
Number of clauses: 7810790
hardSample/1712.smt2 : 1200158 ms.
--------------------------------------------------
Number of variables: 18879320
Number of clauses: 116258699
hardSample/26.smt2 : 1201182 ms.
--------------------------------------------------
Number of variables: 14214484
Number of clauses: 87529370
