--------------------------------------------------
sat
../QF_NIA_split/QF_NIA_2_18//20170427-VeryMax/ITS/From_AProVE_2014__NO_05.jar-obl-9__p11200_terminationG_0.smt2 : 177581 ms.
--------------------------------------------------
sat
../QF_NIA_split/QF_NIA_2_18//20170427-VeryMax/ITS/From_AProVE_2014__NO_05.jar-obl-9__p11201_terminationG_0.smt2 : 443157 ms.
--------------------------------------------------
unsat
../QF_NIA_split/QF_NIA_2_18//20170427-VeryMax/ITS/From_AProVE_2014__NO_05.jar-obl-9__p11205_terminationG_0.smt2 : 652 ms.
--------------------------------------------------
unsat
../QF_NIA_split/QF_NIA_2_18//20170427-VeryMax/ITS/From_AProVE_2014__NO_05.jar-obl-9__p11206_terminationG_0.smt2 : 3737 ms.
--------------------------------------------------
unsat
../QF_NIA_split/QF_NIA_2_18//20170427-VeryMax/ITS/From_AProVE_2014__NO_05.jar-obl-9__p11207_safety_0.smt2 : 11592 ms.
--------------------------------------------------
timeout
../QF_NIA_split/QF_NIA_2_18//20170427-VeryMax/ITS/From_AProVE_2014__NO_05.jar-obl-9__p11208_safety_0.smt2 : 1200021 ms.
--------------------------------------------------
timeout
../QF_NIA_split/QF_NIA_2_18//20170427-VeryMax/ITS/From_AProVE_2014__NO_05.jar-obl-9__p11209_safety_0.smt2 : 1200052 ms.
--------------------------------------------------
unsat
../QF_NIA_split/QF_NIA_2_18//20170427-VeryMax/ITS/From_AProVE_2014__NO_05.jar-obl-9__p11219_edge_closing_0.smt2 : 33342 ms.
--------------------------------------------------
timeout
../QF_NIA_split/QF_NIA_2_18//20170427-VeryMax/ITS/From_AProVE_2014__NO_05.jar-obl-9__p11220_edge_closing_0.smt2 : 1200043 ms.
--------------------------------------------------
sat
../QF_NIA_split/QF_NIA_2_18//20170427-VeryMax/ITS/From_AProVE_2014__NO_05.jar-obl-9__p11225_edge_closing_0.smt2 : 110862 ms.
--------------------------------------------------
sat
../QF_NIA_split/QF_NIA_2_18//20170427-VeryMax/ITS/From_AProVE_2014__NO_05.jar-obl-9__p11226_edge_closing_0.smt2 : 120621 ms.
--------------------------------------------------
unsat
../QF_NIA_split/QF_NIA_2_18//20170427-VeryMax/ITS/From_AProVE_2014__NO_05.jar-obl-9__p11231_edge_closing_0.smt2 : 610552 ms.
--------------------------------------------------
timeout
../QF_NIA_split/QF_NIA_2_18//20170427-VeryMax/ITS/From_AProVE_2014__NO_05.jar-obl-9__p11232_edge_closing_0.smt2 : 1200032 ms.
--------------------------------------------------
sat
../QF_NIA_split/QF_NIA_2_18//20170427-VeryMax/ITS/From_AProVE_2014__NO_05.jar-obl-9__p11237_edge_closing_0.smt2 : 22075 ms.
--------------------------------------------------
sat
../QF_NIA_split/QF_NIA_2_18//20170427-VeryMax/ITS/From_AProVE_2014__NO_05.jar-obl-9__p11238_edge_closing_0.smt2 : 448642 ms.
--------------------------------------------------
unsat
../QF_NIA_split/QF_NIA_2_18//20170427-VeryMax/ITS/From_AProVE_2014__NO_05.jar-obl-9__p11243_edge_closing_0.smt2 : 164114 ms.
--------------------------------------------------
timeout
../QF_NIA_split/QF_NIA_2_18//20170427-VeryMax/ITS/From_AProVE_2014__NO_05.jar-obl-9__p11244_edge_closing_0.smt2 : 1200067 ms.
--------------------------------------------------
sat
../QF_NIA_split/QF_NIA_2_18//20170427-VeryMax/ITS/From_AProVE_2014__NO_05.jar-obl-9__p11249_edge_closing_0.smt2 : 7697 ms.
--------------------------------------------------
sat
../QF_NIA_split/QF_NIA_2_18//20170427-VeryMax/ITS/From_AProVE_2014__NO_05.jar-obl-9__p11250_edge_closing_0.smt2 : 320871 ms.
--------------------------------------------------
unsat
../QF_NIA_split/QF_NIA_2_18//20170427-VeryMax/ITS/From_AProVE_2014__NO_05.jar-obl-9__p11255_edge_closing_0.smt2 : 189254 ms.
--------------------------------------------------
timeout
../QF_NIA_split/QF_NIA_2_18//20170427-VeryMax/ITS/From_AProVE_2014__NO_05.jar-obl-9__p11256_edge_closing_0.smt2 : 1200065 ms.
--------------------------------------------------
sat
../QF_NIA_split/QF_NIA_2_18//20170427-VeryMax/ITS/From_AProVE_2014__NO_05.jar-obl-9__p11261_edge_closing_0.smt2 : 107664 ms.
--------------------------------------------------
sat
../QF_NIA_split/QF_NIA_2_18//20170427-VeryMax/ITS/From_AProVE_2014__NO_05.jar-obl-9__p11262_edge_closing_0.smt2 : 106431 ms.
--------------------------------------------------
unsat
../QF_NIA_split/QF_NIA_2_18//20170427-VeryMax/ITS/From_AProVE_2014__NO_05.jar-obl-9__term_unfeasibility_0_0.smt2 : 2057 ms.
--------------------------------------------------
unsat
../QF_NIA_split/QF_NIA_2_18//20170427-VeryMax/ITS/From_AProVE_2014__NO_10.jar-obl-8__p11276_terminationG_0.smt2 : 1267 ms.
--------------------------------------------------
unsat
../QF_NIA_split/QF_NIA_2_18//20170427-VeryMax/ITS/From_AProVE_2014__NO_10.jar-obl-8__p11277_terminationG_0.smt2 : 300051 ms.
--------------------------------------------------
timeout
../QF_NIA_split/QF_NIA_2_18//20170427-VeryMax/ITS/From_AProVE_2014__NO_10.jar-obl-8__p11278_terminationG_0.smt2 : 1200063 ms.
--------------------------------------------------
unsat
../QF_NIA_split/QF_NIA_2_18//20170427-VeryMax/ITS/From_AProVE_2014__NO_10.jar-obl-8__p11281_terminationG_0.smt2 : 237312 ms.
--------------------------------------------------
timeout
../QF_NIA_split/QF_NIA_2_18//20170427-VeryMax/ITS/From_AProVE_2014__NO_10.jar-obl-8__p11282_terminationG_0.smt2 : 1200085 ms.
--------------------------------------------------
timeout
../QF_NIA_split/QF_NIA_2_18//20170427-VeryMax/ITS/From_AProVE_2014__NO_10.jar-obl-8__p11283_terminationG_0.smt2 : 1200110 ms.
--------------------------------------------------
timeout
../QF_NIA_split/QF_NIA_2_18//20170427-VeryMax/ITS/From_AProVE_2014__NO_10.jar-obl-8__p11286_terminationG_0.smt2 : 1200082 ms.
--------------------------------------------------
timeout
../QF_NIA_split/QF_NIA_2_18//20170427-VeryMax/ITS/From_AProVE_2014__NO_10.jar-obl-8__p11287_terminationG_0.smt2 : 1200094 ms.
--------------------------------------------------
timeout
../QF_NIA_split/QF_NIA_2_18//20170427-VeryMax/ITS/From_AProVE_2014__NO_10.jar-obl-8__p11288_terminationG_0.smt2 : 1200109 ms.
--------------------------------------------------
unsat
../QF_NIA_split/QF_NIA_2_18//20170427-VeryMax/ITS/From_AProVE_2014__NO_10.jar-obl-8__p11296_terminationG_0.smt2 : 832791 ms.
--------------------------------------------------
timeout
../QF_NIA_split/QF_NIA_2_18//20170427-VeryMax/ITS/From_AProVE_2014__NO_10.jar-obl-8__p11297_terminationG_0.smt2 : 1200097 ms.
--------------------------------------------------
timeout
../QF_NIA_split/QF_NIA_2_18//20170427-VeryMax/ITS/From_AProVE_2014__NO_10.jar-obl-8__p11298_terminationG_0.smt2 : 1200090 ms.
--------------------------------------------------
timeout
../QF_NIA_split/QF_NIA_2_18//20170427-VeryMax/ITS/From_AProVE_2014__NO_10.jar-obl-8__p11301_terminationG_0.smt2 : 1200084 ms.
--------------------------------------------------
timeout
../QF_NIA_split/QF_NIA_2_18//20170427-VeryMax/ITS/From_AProVE_2014__NO_10.jar-obl-8__p11302_terminationG_0.smt2 : 1200087 ms.
--------------------------------------------------
timeout
../QF_NIA_split/QF_NIA_2_18//20170427-VeryMax/ITS/From_AProVE_2014__NO_10.jar-obl-8__p11303_terminationG_0.smt2 : 1200096 ms.
--------------------------------------------------
timeout
../QF_NIA_split/QF_NIA_2_18//20170427-VeryMax/ITS/From_AProVE_2014__NO_10.jar-obl-8__p11307_terminationG_0.smt2 : 1200071 ms.
--------------------------------------------------
timeout
../QF_NIA_split/QF_NIA_2_18//20170427-VeryMax/ITS/From_AProVE_2014__NO_10.jar-obl-8__p11308_terminationG_0.smt2 : 1200083 ms.
--------------------------------------------------
timeout
../QF_NIA_split/QF_NIA_2_18//20170427-VeryMax/ITS/From_AProVE_2014__NO_10.jar-obl-8__p11309_terminationG_0.smt2 : 1200092 ms.
--------------------------------------------------
timeout
../QF_NIA_split/QF_NIA_2_18//20170427-VeryMax/ITS/From_AProVE_2014__NO_10.jar-obl-8__terminationQ_5_0.smt2 : 1200088 ms.
--------------------------------------------------
unsat
../QF_NIA_split/QF_NIA_2_18//20170427-VeryMax/ITS/From_AProVE_2014__NO_11.jar-obl-8__p11324_terminationG_0.smt2 : 7466 ms.
--------------------------------------------------
unsat
../QF_NIA_split/QF_NIA_2_18//20170427-VeryMax/ITS/From_AProVE_2014__NO_11.jar-obl-8__p11325_terminationG_0.smt2 : 627389 ms.
--------------------------------------------------
timeout
../QF_NIA_split/QF_NIA_2_18//20170427-VeryMax/ITS/From_AProVE_2014__NO_11.jar-obl-8__p11326_terminationG_0.smt2 : 1200088 ms.
--------------------------------------------------
timeout
../QF_NIA_split/QF_NIA_2_18//20170427-VeryMax/ITS/From_AProVE_2014__NO_11.jar-obl-8__p11329_terminationG_0.smt2 : 1200060 ms.
--------------------------------------------------
timeout
../QF_NIA_split/QF_NIA_2_18//20170427-VeryMax/ITS/From_AProVE_2014__NO_11.jar-obl-8__p11330_terminationG_0.smt2 : 1200101 ms.
--------------------------------------------------
timeout
../QF_NIA_split/QF_NIA_2_18//20170427-VeryMax/ITS/From_AProVE_2014__NO_11.jar-obl-8__p11331_terminationG_0.smt2 : 1200093 ms.
--------------------------------------------------
timeout
../QF_NIA_split/QF_NIA_2_18//20170427-VeryMax/ITS/From_AProVE_2014__NO_11.jar-obl-8__p11334_terminationG_0.smt2 : 1200061 ms.
--------------------------------------------------
timeout
../QF_NIA_split/QF_NIA_2_18//20170427-VeryMax/ITS/From_AProVE_2014__NO_11.jar-obl-8__p11335_terminationG_0.smt2 : 1200100 ms.
--------------------------------------------------
timeout
../QF_NIA_split/QF_NIA_2_18//20170427-VeryMax/ITS/From_AProVE_2014__NO_11.jar-obl-8__p11336_terminationG_0.smt2 : 1200085 ms.
--------------------------------------------------
timeout
../QF_NIA_split/QF_NIA_2_18//20170427-VeryMax/ITS/From_AProVE_2014__NO_11.jar-obl-8__p11339_terminationG_0.smt2 : 1200085 ms.
--------------------------------------------------
timeout
../QF_NIA_split/QF_NIA_2_18//20170427-VeryMax/ITS/From_AProVE_2014__NO_11.jar-obl-8__p11340_terminationG_0.smt2 : 1200097 ms.
--------------------------------------------------
timeout
../QF_NIA_split/QF_NIA_2_18//20170427-VeryMax/ITS/From_AProVE_2014__NO_11.jar-obl-8__p11341_terminationG_0.smt2 : 1200118 ms.
--------------------------------------------------
timeout
../QF_NIA_split/QF_NIA_2_18//20170427-VeryMax/ITS/From_AProVE_2014__NO_11.jar-obl-8__p11344_terminationG_0.smt2 : 1200107 ms.
--------------------------------------------------
timeout
../QF_NIA_split/QF_NIA_2_18//20170427-VeryMax/ITS/From_AProVE_2014__NO_11.jar-obl-8__p11345_terminationG_0.smt2 : 1200086 ms.
--------------------------------------------------
timeout
../QF_NIA_split/QF_NIA_2_18//20170427-VeryMax/ITS/From_AProVE_2014__NO_11.jar-obl-8__p11346_terminationG_0.smt2 : 1200111 ms.
--------------------------------------------------
timeout
../QF_NIA_split/QF_NIA_2_18//20170427-VeryMax/ITS/From_AProVE_2014__NO_11.jar-obl-8__p11349_terminationG_0.smt2 : 1200079 ms.
--------------------------------------------------
timeout
../QF_NIA_split/QF_NIA_2_18//20170427-VeryMax/ITS/From_AProVE_2014__NO_11.jar-obl-8__p11350_terminationG_0.smt2 : 1200103 ms.
--------------------------------------------------
timeout
../QF_NIA_split/QF_NIA_2_18//20170427-VeryMax/ITS/From_AProVE_2014__NO_11.jar-obl-8__p11351_terminationG_0.smt2 : 1200119 ms.
--------------------------------------------------
sat
../QF_NIA_split/QF_NIA_2_18//20170427-VeryMax/ITS/From_AProVE_2014__NO_11.jar-obl-8__p11355_edge_closing_0.smt2 : 1406 ms.
--------------------------------------------------
timeout
../QF_NIA_split/QF_NIA_2_18//20170427-VeryMax/ITS/From_AProVE_2014__NO_11.jar-obl-8__terminationQ_5_0.smt2 : 1200078 ms.
--------------------------------------------------
timeout
../QF_NIA_split/QF_NIA_2_18//20170427-VeryMax/ITS/From_AProVE_2014__NO_11.jar-obl-8__terminationS_0_0.smt2 : 1200089 ms.
--------------------------------------------------
unsat
../QF_NIA_split/QF_NIA_2_18//20170427-VeryMax/ITS/From_AProVE_2014__NO_11.jar-obl-8__term_unfeasibility_0_0.smt2 : 457 ms.
--------------------------------------------------
unsat
../QF_NIA_split/QF_NIA_2_18//20170427-VeryMax/ITS/From_AProVE_2014__NO_12.jar-obl-8__p11366_terminationG_0.smt2 : 1535 ms.
--------------------------------------------------
unsat
../QF_NIA_split/QF_NIA_2_18//20170427-VeryMax/ITS/From_AProVE_2014__NO_12.jar-obl-8__p11367_terminationG_0.smt2 : 164601 ms.
--------------------------------------------------
timeout
../QF_NIA_split/QF_NIA_2_18//20170427-VeryMax/ITS/From_AProVE_2014__NO_12.jar-obl-8__p11368_terminationG_0.smt2 : 1200035 ms.
--------------------------------------------------
timeout
../QF_NIA_split/QF_NIA_2_18//20170427-VeryMax/ITS/From_AProVE_2014__NO_12.jar-obl-8__p11371_terminationG_0.smt2 : 1200061 ms.
--------------------------------------------------
timeout
../QF_NIA_split/QF_NIA_2_18//20170427-VeryMax/ITS/From_AProVE_2014__NO_12.jar-obl-8__p11372_terminationG_0.smt2 : 1200078 ms.
--------------------------------------------------
timeout
../QF_NIA_split/QF_NIA_2_18//20170427-VeryMax/ITS/From_AProVE_2014__NO_12.jar-obl-8__p11373_terminationG_0.smt2 : 1200083 ms.
--------------------------------------------------
timeout
../QF_NIA_split/QF_NIA_2_18//20170427-VeryMax/ITS/From_AProVE_2014__NO_12.jar-obl-8__p11376_terminationG_0.smt2 : 1200075 ms.
--------------------------------------------------
timeout
../QF_NIA_split/QF_NIA_2_18//20170427-VeryMax/ITS/From_AProVE_2014__NO_12.jar-obl-8__p11377_terminationG_0.smt2 : 1200118 ms.
--------------------------------------------------
timeout
../QF_NIA_split/QF_NIA_2_18//20170427-VeryMax/ITS/From_AProVE_2014__NO_12.jar-obl-8__p11378_terminationG_0.smt2 : 1200072 ms.
--------------------------------------------------
timeout
../QF_NIA_split/QF_NIA_2_18//20170427-VeryMax/ITS/From_AProVE_2014__NO_12.jar-obl-8__p11381_terminationG_0.smt2 : 1200096 ms.
--------------------------------------------------
timeout
../QF_NIA_split/QF_NIA_2_18//20170427-VeryMax/ITS/From_AProVE_2014__NO_12.jar-obl-8__p11382_terminationG_0.smt2 : 1200106 ms.
--------------------------------------------------
timeout
../QF_NIA_split/QF_NIA_2_18//20170427-VeryMax/ITS/From_AProVE_2014__NO_12.jar-obl-8__p11383_terminationG_0.smt2 : 1200070 ms.
--------------------------------------------------
timeout
../QF_NIA_split/QF_NIA_2_18//20170427-VeryMax/ITS/From_AProVE_2014__NO_12.jar-obl-8__p11386_terminationG_0.smt2 : 1200112 ms.
--------------------------------------------------
timeout
../QF_NIA_split/QF_NIA_2_18//20170427-VeryMax/ITS/From_AProVE_2014__NO_12.jar-obl-8__p11387_terminationG_0.smt2 : 1200100 ms.
--------------------------------------------------
timeout
../QF_NIA_split/QF_NIA_2_18//20170427-VeryMax/ITS/From_AProVE_2014__NO_12.jar-obl-8__p11388_terminationG_0.smt2 : 1200057 ms.
--------------------------------------------------
timeout
../QF_NIA_split/QF_NIA_2_18//20170427-VeryMax/ITS/From_AProVE_2014__NO_12.jar-obl-8__terminationQ_4_0.smt2 : 1200116 ms.
--------------------------------------------------
timeout
../QF_NIA_split/QF_NIA_2_18//20170427-VeryMax/ITS/From_AProVE_2014__NO_12.jar-obl-8__terminationS_0_0.smt2 : 1200075 ms.
--------------------------------------------------
unsat
../QF_NIA_split/QF_NIA_2_18//20170427-VeryMax/ITS/From_AProVE_2014__NO_12.jar-obl-8__terminationS_1_0.smt2 : 755298 ms.
--------------------------------------------------
unsat
../QF_NIA_split/QF_NIA_2_18//20170427-VeryMax/ITS/From_AProVE_2014__NO_13.jar-obl-8__p11403_terminationG_0.smt2 : 10836 ms.
--------------------------------------------------
timeout
../QF_NIA_split/QF_NIA_2_18//20170427-VeryMax/ITS/From_AProVE_2014__NO_13.jar-obl-8__p11404_terminationG_0.smt2 : 1200063 ms.
--------------------------------------------------
timeout
../QF_NIA_split/QF_NIA_2_18//20170427-VeryMax/ITS/From_AProVE_2014__NO_13.jar-obl-8__p11405_terminationG_0.smt2 : 1200071 ms.
--------------------------------------------------
unsat
../QF_NIA_split/QF_NIA_2_18//20170427-VeryMax/ITS/From_AProVE_2014__NO_13.jar-obl-8__p11407_edge_closing_0.smt2 : 386 ms.
--------------------------------------------------
unsat
../QF_NIA_split/QF_NIA_2_18//20170427-VeryMax/ITS/From_AProVE_2014__NO_13.jar-obl-8__p11418_edge_closing_0.smt2 : 18895 ms.
--------------------------------------------------
timeout
../QF_NIA_split/QF_NIA_2_18//20170427-VeryMax/ITS/From_AProVE_2014__NO_13.jar-obl-8__p11419_edge_closing_0.smt2 : 1200055 ms.
--------------------------------------------------
sat
../QF_NIA_split/QF_NIA_2_18//20170427-VeryMax/ITS/From_AProVE_2014__NO_13.jar-obl-8__p11427_edge_closing_0.smt2 : 25665 ms.
--------------------------------------------------
sat
../QF_NIA_split/QF_NIA_2_18//20170427-VeryMax/ITS/From_AProVE_2014__NO_13.jar-obl-8__p11428_edge_closing_0.smt2 : 641598 ms.
--------------------------------------------------
sat
../QF_NIA_split/QF_NIA_2_18//20170427-VeryMax/ITS/From_AProVE_2014__NO_13.jar-obl-8__p11433_edge_closing_0.smt2 : 27032 ms.
--------------------------------------------------
sat
../QF_NIA_split/QF_NIA_2_18//20170427-VeryMax/ITS/From_AProVE_2014__NO_13.jar-obl-8__p11434_edge_closing_0.smt2 : 83458 ms.
--------------------------------------------------
unsat
../QF_NIA_split/QF_NIA_2_18//20170427-VeryMax/ITS/From_AProVE_2014__NO_13.jar-obl-8__p11438_edge_closing_0.smt2 : 405695 ms.
--------------------------------------------------
timeout
../QF_NIA_split/QF_NIA_2_18//20170427-VeryMax/ITS/From_AProVE_2014__NO_13.jar-obl-8__p11439_edge_closing_0.smt2 : 1200059 ms.
--------------------------------------------------
timeout
../QF_NIA_split/QF_NIA_2_18//20170427-VeryMax/ITS/From_AProVE_2014__NO_13.jar-obl-8__p11440_edge_closing_0.smt2 : 1200054 ms.
--------------------------------------------------
sat
../QF_NIA_split/QF_NIA_2_18//20170427-VeryMax/ITS/From_AProVE_2014__NO_13.jar-obl-8__p11445_edge_closing_0.smt2 : 33597 ms.
--------------------------------------------------
sat
../QF_NIA_split/QF_NIA_2_18//20170427-VeryMax/ITS/From_AProVE_2014__NO_13.jar-obl-8__p11446_edge_closing_0.smt2 : 412052 ms.
--------------------------------------------------
unsat
../QF_NIA_split/QF_NIA_2_18//20170427-VeryMax/ITS/From_AProVE_2014__NO_13.jar-obl-8__p11450_edge_closing_0.smt2 : 1149 ms.
--------------------------------------------------
sat
../QF_NIA_split/QF_NIA_2_18//20170427-VeryMax/ITS/From_AProVE_2014__NO_13.jar-obl-8__p11451_edge_closing_0.smt2 : 282207 ms.
--------------------------------------------------
timeout
../QF_NIA_split/QF_NIA_2_18//20170427-VeryMax/ITS/From_AProVE_2014__NO_13.jar-obl-8__p11452_edge_closing_0.smt2 : 1200060 ms.
--------------------------------------------------
timeout
../QF_NIA_split/QF_NIA_2_18//20170427-VeryMax/ITS/From_AProVE_2014__NO_13.jar-obl-8__p11458_terminationG_0.smt2 : 1200066 ms.
--------------------------------------------------
timeout
../QF_NIA_split/QF_NIA_2_18//20170427-VeryMax/ITS/From_AProVE_2014__NO_13.jar-obl-8__p11459_terminationG_0.smt2 : 1200085 ms.
--------------------------------------------------
timeout
../QF_NIA_split/QF_NIA_2_18//20170427-VeryMax/ITS/From_AProVE_2014__NO_13.jar-obl-8__p11460_terminationG_0.smt2 : 1200098 ms.
--------------------------------------------------
unsat
../QF_NIA_split/QF_NIA_2_18//20170427-VeryMax/ITS/From_AProVE_2014__NO_13.jar-obl-8__terminationQ_0_0.smt2 : 19983 ms.
--------------------------------------------------
timeout
../QF_NIA_split/QF_NIA_2_18//20170427-VeryMax/ITS/From_AProVE_2014__NO_13.jar-obl-8__terminationQ_1_0.smt2 : 1200073 ms.
--------------------------------------------------
timeout
../QF_NIA_split/QF_NIA_2_18//20170427-VeryMax/ITS/From_AProVE_2014__NO_13.jar-obl-8__terminationS_0_0.smt2 : 1200057 ms.
--------------------------------------------------
unsat
../QF_NIA_split/QF_NIA_2_18//20170427-VeryMax/ITS/From_AProVE_2014__NO_13.jar-obl-8__terminationS_1_0.smt2 : 307864 ms.
--------------------------------------------------
unsat
../QF_NIA_split/QF_NIA_2_18//20170427-VeryMax/ITS/From_AProVE_2014__NO_13.jar-obl-8__term_unfeasibility_0_0.smt2 : 918 ms.
--------------------------------------------------
unsat
../QF_NIA_split/QF_NIA_2_18//20170427-VeryMax/ITS/From_AProVE_2014__NO_22.jar-obl-8__p11480_terminationG_0.smt2 : 14670 ms.
--------------------------------------------------
timeout
../QF_NIA_split/QF_NIA_2_18//20170427-VeryMax/ITS/From_AProVE_2014__NO_22.jar-obl-8__p11481_terminationG_0.smt2 : 1200119 ms.
--------------------------------------------------
timeout
../QF_NIA_split/QF_NIA_2_18//20170427-VeryMax/ITS/From_AProVE_2014__NO_22.jar-obl-8__p11482_terminationG_0.smt2 : 1200065 ms.
--------------------------------------------------
sat
../QF_NIA_split/QF_NIA_2_18//20170427-VeryMax/ITS/From_AProVE_2014__NO_22.jar-obl-8__p11485_edge_closing_0.smt2 : 1283 ms.
--------------------------------------------------
sat
../QF_NIA_split/QF_NIA_2_18//20170427-VeryMax/ITS/From_AProVE_2014__NO_22.jar-obl-8__p11487_edge_closing_0.smt2 : 312245 ms.
--------------------------------------------------
unsat
../QF_NIA_split/QF_NIA_2_18//20170427-VeryMax/ITS/From_AProVE_2014__NO_22.jar-obl-8__terminationS_1_0.smt2 : 5657 ms.
--------------------------------------------------
unsat
../QF_NIA_split/QF_NIA_2_18//20170427-VeryMax/ITS/From_AProVE_2014__NO_23.jar-obl-8__p11497_terminationG_0.smt2 : 18468 ms.
--------------------------------------------------
unsat
../QF_NIA_split/QF_NIA_2_18//20170427-VeryMax/ITS/From_AProVE_2014__NO_23.jar-obl-8__p11498_terminationG_0.smt2 : 788875 ms.
--------------------------------------------------
timeout
../QF_NIA_split/QF_NIA_2_18//20170427-VeryMax/ITS/From_AProVE_2014__NO_23.jar-obl-8__p11499_terminationG_0.smt2 : 1200049 ms.
--------------------------------------------------
unsat
../QF_NIA_split/QF_NIA_2_18//20170427-VeryMax/ITS/From_AProVE_2014__NO_23.jar-obl-8__terminationQ_0_0.smt2 : 12045 ms.
--------------------------------------------------
unsat
../QF_NIA_split/QF_NIA_2_18//20170427-VeryMax/ITS/From_AProVE_2014__NO_23.jar-obl-8__terminationS_0_0.smt2 : 6819 ms.
--------------------------------------------------
unsat
../QF_NIA_split/QF_NIA_2_18//20170427-VeryMax/ITS/From_AProVE_2014__NO_23.jar-obl-8__terminationS_1_0.smt2 : 7817 ms.
--------------------------------------------------
unsat
../QF_NIA_split/QF_NIA_2_18//20170427-VeryMax/ITS/From_AProVE_2014__NO_23.jar-obl-8__term_unfeasibility_0_0.smt2 : 1375 ms.
--------------------------------------------------
unsat
../QF_NIA_split/QF_NIA_2_18//20170427-VeryMax/ITS/From_AProVE_2014__NO_24.jar-obl-8__p11509_terminationG_0.smt2 : 447275 ms.
--------------------------------------------------
timeout
../QF_NIA_split/QF_NIA_2_18//20170427-VeryMax/ITS/From_AProVE_2014__NO_24.jar-obl-8__p11510_terminationG_0.smt2 : 1200023 ms.
--------------------------------------------------
sat
../QF_NIA_split/QF_NIA_2_18//20170427-VeryMax/ITS/From_AProVE_2014__NO_24.jar-obl-8__p11514_edge_closing_0.smt2 : 4085 ms.
--------------------------------------------------
unsat
../QF_NIA_split/QF_NIA_2_18//20170427-VeryMax/ITS/From_AProVE_2014__NonPeriodicNonterm2.jar-obl-8__p11530_terminationG_0.smt2 : 1271 ms.
--------------------------------------------------
unsat
../QF_NIA_split/QF_NIA_2_18//20170427-VeryMax/ITS/From_AProVE_2014__NonPeriodicNonterm2.jar-obl-8__p11531_terminationG_0.smt2 : 278683 ms.
--------------------------------------------------
timeout
../QF_NIA_split/QF_NIA_2_18//20170427-VeryMax/ITS/From_AProVE_2014__NonPeriodicNonterm2.jar-obl-8__p11532_terminationG_0.smt2 : 1200048 ms.
--------------------------------------------------
unsat
../QF_NIA_split/QF_NIA_2_18//20170427-VeryMax/ITS/From_AProVE_2014__NonPeriodicNonterm2.jar-obl-8__p11536_terminationG_0.smt2 : 279538 ms.
--------------------------------------------------
timeout
../QF_NIA_split/QF_NIA_2_18//20170427-VeryMax/ITS/From_AProVE_2014__NonPeriodicNonterm2.jar-obl-8__p11537_terminationG_0.smt2 : 1200055 ms.
--------------------------------------------------
timeout
../QF_NIA_split/QF_NIA_2_18//20170427-VeryMax/ITS/From_AProVE_2014__NonPeriodicNonterm2.jar-obl-8__p11538_terminationG_0.smt2 : 1200030 ms.
--------------------------------------------------
sat
../QF_NIA_split/QF_NIA_2_18//20170427-VeryMax/ITS/From_AProVE_2014__NonPeriodicNonterm2.jar-obl-8__p11549_edge_closing_0.smt2 : 12524 ms.
--------------------------------------------------
unsat
../QF_NIA_split/QF_NIA_2_18//20170427-VeryMax/ITS/From_AProVE_2014__NonPeriodicNonterm2.jar-obl-8__terminationQ_1_0.smt2 : 621318 ms.
--------------------------------------------------
unsat
../QF_NIA_split/QF_NIA_2_18//20170427-VeryMax/ITS/From_AProVE_2014__NonPeriodicNonterm2.jar-obl-8__terminationS_0_0.smt2 : 512816 ms.
--------------------------------------------------
unsat
../QF_NIA_split/QF_NIA_2_18//20170427-VeryMax/ITS/From_AProVE_2014__NonPeriodicNonterm2.jar-obl-8__terminationS_1_0.smt2 : 203006 ms.
--------------------------------------------------
sat
../QF_NIA_split/QF_NIA_2_18//20170427-VeryMax/ITS/From_AProVE_2014__Norm.jar-obl-9__p11556_terminationG_0.smt2 : 5597 ms.
--------------------------------------------------
sat
../QF_NIA_split/QF_NIA_2_18//20170427-VeryMax/ITS/From_AProVE_2014__Norm.jar-obl-9__p11557_terminationG_0.smt2 : 13694 ms.
--------------------------------------------------
sat
../QF_NIA_split/QF_NIA_2_18//20170427-VeryMax/ITS/From_AProVE_2014__Norm.jar-obl-9__p11558_terminationG_0.smt2 : 3721 ms.
--------------------------------------------------
sat
../QF_NIA_split/QF_NIA_2_18//20170427-VeryMax/ITS/From_AProVE_2014__Norm.jar-obl-9__p11571_terminationG_0.smt2 : 7709 ms.
--------------------------------------------------
sat
../QF_NIA_split/QF_NIA_2_18//20170427-VeryMax/ITS/From_AProVE_2014__Norm.jar-obl-9__p11572_terminationG_0.smt2 : 139216 ms.
--------------------------------------------------
timeout
../QF_NIA_split/QF_NIA_2_18//20170427-VeryMax/ITS/From_AProVE_2014__Norm.jar-obl-9__p11573_terminationG_0.smt2 : 1200060 ms.
--------------------------------------------------
unsat
../QF_NIA_split/QF_NIA_2_18//20170427-VeryMax/ITS/From_AProVE_2014__Norm.jar-obl-9__p11586_terminationG_0.smt2 : 29768 ms.
--------------------------------------------------
timeout
../QF_NIA_split/QF_NIA_2_18//20170427-VeryMax/ITS/From_AProVE_2014__Norm.jar-obl-9__p11587_terminationG_0.smt2 : 1200062 ms.
--------------------------------------------------
timeout
../QF_NIA_split/QF_NIA_2_18//20170427-VeryMax/ITS/From_AProVE_2014__Norm.jar-obl-9__p11588_terminationG_0.smt2 : 1200062 ms.
--------------------------------------------------
timeout
../QF_NIA_split/QF_NIA_2_18//20170427-VeryMax/ITS/From_AProVE_2014__Norm.jar-obl-9__p11591_edge_closing_0.smt2 : 1200084 ms.
--------------------------------------------------
timeout
../QF_NIA_split/QF_NIA_2_18//20170427-VeryMax/ITS/From_AProVE_2014__Norm.jar-obl-9__p11592_edge_closing_0.smt2 : 1200092 ms.
--------------------------------------------------
timeout
../QF_NIA_split/QF_NIA_2_18//20170427-VeryMax/ITS/From_AProVE_2014__Norm.jar-obl-9__p11593_edge_closing_0.smt2 : 1200097 ms.
--------------------------------------------------
unsat
../QF_NIA_split/QF_NIA_2_18//20170427-VeryMax/ITS/From_AProVE_2014__Norm.jar-obl-9__terminationQ_0_0.smt2 : 11851 ms.
--------------------------------------------------
unsat
../QF_NIA_split/QF_NIA_2_18//20170427-VeryMax/ITS/From_AProVE_2014__PartitionList.jar-obl-16__term_unfeasibility_7_0.smt2 : 1250 ms.
--------------------------------------------------
sat
../QF_NIA_split/QF_NIA_2_18//20170427-VeryMax/ITS/From_AProVE_2014__PastaA10.jar-obl-8__p11616_terminationG_0.smt2 : 1545 ms.
--------------------------------------------------
sat
../QF_NIA_split/QF_NIA_2_18//20170427-VeryMax/ITS/From_AProVE_2014__PastaA5.jar-obl-8__p11633_terminationG_0.smt2 : 501 ms.
--------------------------------------------------
sat
../QF_NIA_split/QF_NIA_2_18//20170427-VeryMax/ITS/From_AProVE_2014__PastaB11.jar-obl-8__p11667_terminationG_0.smt2 : 2522 ms.
--------------------------------------------------
sat
../QF_NIA_split/QF_NIA_2_18//20170427-VeryMax/ITS/From_AProVE_2014__PastaB11.jar-obl-8__p11668_terminationG_0.smt2 : 2658 ms.
--------------------------------------------------
unsat
../QF_NIA_split/QF_NIA_2_18//20170427-VeryMax/ITS/From_AProVE_2014__PastaB11.jar-obl-8__terminationS_0_0.smt2 : 1166 ms.
--------------------------------------------------
sat
../QF_NIA_split/QF_NIA_2_18//20170427-VeryMax/ITS/From_AProVE_2014__PastaC10.jar-obl-8__p11737_terminationG_0.smt2 : 1176 ms.
--------------------------------------------------
unsat
../QF_NIA_split/QF_NIA_2_18//20170427-VeryMax/ITS/From_AProVE_2014__PastaC1.jar-obl-8__term_unfeasibility_0_0.smt2 : 174 ms.
--------------------------------------------------
sat
../QF_NIA_split/QF_NIA_2_18//20170427-VeryMax/ITS/From_AProVE_2014__Power.jar-obl-10__p11781_terminationG_0.smt2 : 7696 ms.
--------------------------------------------------
sat
../QF_NIA_split/QF_NIA_2_18//20170427-VeryMax/ITS/From_AProVE_2014__Power.jar-obl-10__p11782_terminationG_0.smt2 : 14861 ms.
--------------------------------------------------
sat
../QF_NIA_split/QF_NIA_2_18//20170427-VeryMax/ITS/From_AProVE_2014__Power.jar-obl-10__p11783_terminationG_0.smt2 : 3304 ms.
--------------------------------------------------
sat
../QF_NIA_split/QF_NIA_2_18//20170427-VeryMax/ITS/From_AProVE_2014__Power.jar-obl-10__p11786_terminationG_0.smt2 : 8914 ms.
--------------------------------------------------
sat
../QF_NIA_split/QF_NIA_2_18//20170427-VeryMax/ITS/From_AProVE_2014__Power.jar-obl-10__p11787_terminationG_0.smt2 : 29444 ms.
--------------------------------------------------
sat
../QF_NIA_split/QF_NIA_2_18//20170427-VeryMax/ITS/From_AProVE_2014__Power.jar-obl-10__p11788_terminationG_0.smt2 : 3927 ms.
--------------------------------------------------
unsat
../QF_NIA_split/QF_NIA_2_18//20170427-VeryMax/ITS/From_AProVE_2014__Power.jar-obl-10__p11791_terminationG_0.smt2 : 310483 ms.
--------------------------------------------------
timeout
../QF_NIA_split/QF_NIA_2_18//20170427-VeryMax/ITS/From_AProVE_2014__Power.jar-obl-10__p11792_terminationG_0.smt2 : 1200091 ms.
--------------------------------------------------
timeout
../QF_NIA_split/QF_NIA_2_18//20170427-VeryMax/ITS/From_AProVE_2014__Power.jar-obl-10__p11793_terminationG_0.smt2 : 1200083 ms.
--------------------------------------------------
sat
../QF_NIA_split/QF_NIA_2_18//20170427-VeryMax/ITS/From_AProVE_2014__Power.jar-obl-10__p11796_terminationG_0.smt2 : 11777 ms.
--------------------------------------------------
sat
../QF_NIA_split/QF_NIA_2_18//20170427-VeryMax/ITS/From_AProVE_2014__Power.jar-obl-10__p11797_terminationG_0.smt2 : 286661 ms.
--------------------------------------------------
timeout
../QF_NIA_split/QF_NIA_2_18//20170427-VeryMax/ITS/From_AProVE_2014__Power.jar-obl-10__p11798_terminationG_0.smt2 : 1200073 ms.
--------------------------------------------------
unsat
../QF_NIA_split/QF_NIA_2_18//20170427-VeryMax/ITS/From_AProVE_2014__Power.jar-obl-10__terminationS_1_0.smt2 : 8198 ms.
--------------------------------------------------
unsat
../QF_NIA_split/QF_NIA_2_18//20170427-VeryMax/ITS/From_AProVE_2014__Power.jar-obl-10__terminationS_2_0.smt2 : 8387 ms.
--------------------------------------------------
unsat
../QF_NIA_split/QF_NIA_2_18//20170427-VeryMax/ITS/From_AProVE_2014__Power.jar-obl-10__term_unfeasibility_0_0.smt2 : 3005 ms.
--------------------------------------------------
unsat
../QF_NIA_split/QF_NIA_2_18//20170427-VeryMax/ITS/From_AProVE_2014__Queen.jar-obl-10__p11805_terminationG_0.smt2 : 698 ms.
--------------------------------------------------
unsat
../QF_NIA_split/QF_NIA_2_18//20170427-VeryMax/ITS/From_AProVE_2014__Queen.jar-obl-10__p11806_terminationG_0.smt2 : 7845 ms.
--------------------------------------------------
unsat
../QF_NIA_split/QF_NIA_2_18//20170427-VeryMax/ITS/From_AProVE_2014__Queen.jar-obl-10__p11807_terminationG_0.smt2 : 92473 ms.
--------------------------------------------------
unsat
../QF_NIA_split/QF_NIA_2_18//20170427-VeryMax/ITS/From_AProVE_2014__Queen.jar-obl-10__p11810_terminationG_0.smt2 : 230209 ms.
--------------------------------------------------
unsat
../QF_NIA_split/QF_NIA_2_18//20170427-VeryMax/ITS/From_AProVE_2014__Queen.jar-obl-10__p11811_terminationG_0.smt2 : 3196 ms.
--------------------------------------------------
unsat
../QF_NIA_split/QF_NIA_2_18//20170427-VeryMax/ITS/From_AProVE_2014__Queen.jar-obl-10__p11812_terminationG_0.smt2 : 92345 ms.
--------------------------------------------------
timeout
../QF_NIA_split/QF_NIA_2_18//20170427-VeryMax/ITS/From_AProVE_2014__Queen.jar-obl-10__terminationQ_1_0.smt2 : 1200061 ms.
--------------------------------------------------
unsat
../QF_NIA_split/QF_NIA_2_18//20170427-VeryMax/ITS/From_AProVE_2014__QuicksortRec.jar-obl-9__term_unfeasibility_0_0.smt2 : 25530 ms.
--------------------------------------------------
sat
../QF_NIA_split/QF_NIA_2_18//20170427-VeryMax/ITS/From_AProVE_2014__RandomHard.jar-obl-10__p11826_terminationG_0.smt2 : 9716 ms.
--------------------------------------------------
timeout
../QF_NIA_split/QF_NIA_2_18//20170427-VeryMax/ITS/From_AProVE_2014__RandomHard.jar-obl-10__p11827_terminationG_0.smt2 : 1200064 ms.
--------------------------------------------------
sat
../QF_NIA_split/QF_NIA_2_18//20170427-VeryMax/ITS/From_AProVE_2014__RandomHard.jar-obl-10__p11831_safety_0.smt2 : 5043 ms.
--------------------------------------------------
sat
../QF_NIA_split/QF_NIA_2_18//20170427-VeryMax/ITS/From_AProVE_2014__RandomHard.jar-obl-10__p11832_safety_0.smt2 : 9281 ms.
--------------------------------------------------
sat
../QF_NIA_split/QF_NIA_2_18//20170427-VeryMax/ITS/From_AProVE_2014__RandomHard.jar-obl-10__p11834_safety_0.smt2 : 3469 ms.
--------------------------------------------------
sat
../QF_NIA_split/QF_NIA_2_18//20170427-VeryMax/ITS/From_AProVE_2014__RandomHard.jar-obl-10__p11835_safety_0.smt2 : 5991 ms.
--------------------------------------------------
sat
../QF_NIA_split/QF_NIA_2_18//20170427-VeryMax/ITS/From_AProVE_2014__RandomHard.jar-obl-10__p11837_safety_0.smt2 : 3806 ms.
--------------------------------------------------
sat
../QF_NIA_split/QF_NIA_2_18//20170427-VeryMax/ITS/From_AProVE_2014__RandomHard.jar-obl-10__p11838_safety_0.smt2 : 13488 ms.
--------------------------------------------------
sat
../QF_NIA_split/QF_NIA_2_18//20170427-VeryMax/ITS/From_AProVE_2014__RandomHard.jar-obl-10__p11840_safety_0.smt2 : 24732 ms.
--------------------------------------------------
sat
../QF_NIA_split/QF_NIA_2_18//20170427-VeryMax/ITS/From_AProVE_2014__RandomHard.jar-obl-10__p11841_safety_0.smt2 : 36455 ms.
--------------------------------------------------
unsat
../QF_NIA_split/QF_NIA_2_18//20170427-VeryMax/ITS/From_AProVE_2014__RandomHard.jar-obl-10__p11844_terminationG_0.smt2 : 75704 ms.
--------------------------------------------------
timeout
../QF_NIA_split/QF_NIA_2_18//20170427-VeryMax/ITS/From_AProVE_2014__RandomHard.jar-obl-10__p11845_terminationG_0.smt2 : 1200062 ms.
--------------------------------------------------
timeout
../QF_NIA_split/QF_NIA_2_18//20170427-VeryMax/ITS/From_AProVE_2014__RandomHard.jar-obl-10__p11846_terminationG_0.smt2 : 1200079 ms.
--------------------------------------------------
unsat
../QF_NIA_split/QF_NIA_2_18//20170427-VeryMax/ITS/From_AProVE_2014__RandomHard.jar-obl-10__p11849_terminationG_0.smt2 : 53759 ms.
--------------------------------------------------
timeout
../QF_NIA_split/QF_NIA_2_18//20170427-VeryMax/ITS/From_AProVE_2014__RandomHard.jar-obl-10__p11850_terminationG_0.smt2 : 1200081 ms.
--------------------------------------------------
timeout
../QF_NIA_split/QF_NIA_2_18//20170427-VeryMax/ITS/From_AProVE_2014__RandomHard.jar-obl-10__p11851_terminationG_0.smt2 : 1200080 ms.
--------------------------------------------------
unsat
../QF_NIA_split/QF_NIA_2_18//20170427-VeryMax/ITS/From_AProVE_2014__RandomHard.jar-obl-10__terminationQ_1_0.smt2 : 13071 ms.
--------------------------------------------------
unsat
../QF_NIA_split/QF_NIA_2_18//20170427-VeryMax/ITS/From_AProVE_2014__RandomHard.jar-obl-10__term_unfeasibility_2_0.smt2 : 3036 ms.
--------------------------------------------------
sat
../QF_NIA_split/QF_NIA_2_18//20170427-VeryMax/ITS/From_AProVE_2014__Round3.jar-obl-8__p11884_terminationG_0.smt2 : 19853 ms.
--------------------------------------------------
unsat
../QF_NIA_split/QF_NIA_2_18//20170427-VeryMax/ITS/From_AProVE_2014__Round3.jar-obl-8__p11887_terminationG_0.smt2 : 615 ms.
--------------------------------------------------
unsat
../QF_NIA_split/QF_NIA_2_18//20170427-VeryMax/ITS/From_AProVE_2014__Round3.jar-obl-8__p11888_terminationG_0.smt2 : 412181 ms.
--------------------------------------------------
timeout
../QF_NIA_split/QF_NIA_2_18//20170427-VeryMax/ITS/From_AProVE_2014__Round3.jar-obl-8__p11889_terminationG_0.smt2 : 1200047 ms.
--------------------------------------------------
unsat
../QF_NIA_split/QF_NIA_2_18//20170427-VeryMax/ITS/From_AProVE_2014__Round3.jar-obl-8__p11892_terminationG_0.smt2 : 478960 ms.
--------------------------------------------------
timeout
../QF_NIA_split/QF_NIA_2_18//20170427-VeryMax/ITS/From_AProVE_2014__Round3.jar-obl-8__p11893_terminationG_0.smt2 : 1200074 ms.
--------------------------------------------------
timeout
../QF_NIA_split/QF_NIA_2_18//20170427-VeryMax/ITS/From_AProVE_2014__Round3.jar-obl-8__p11894_terminationG_0.smt2 : 1200070 ms.
--------------------------------------------------
unsat
../QF_NIA_split/QF_NIA_2_18//20170427-VeryMax/ITS/From_AProVE_2014__Round3.jar-obl-8__p11897_terminationG_0.smt2 : 871129 ms.
--------------------------------------------------
timeout
../QF_NIA_split/QF_NIA_2_18//20170427-VeryMax/ITS/From_AProVE_2014__Round3.jar-obl-8__p11898_terminationG_0.smt2 : 1200067 ms.
--------------------------------------------------
timeout
../QF_NIA_split/QF_NIA_2_18//20170427-VeryMax/ITS/From_AProVE_2014__Round3.jar-obl-8__p11899_terminationG_0.smt2 : 1200082 ms.
--------------------------------------------------
timeout
../QF_NIA_split/QF_NIA_2_18//20170427-VeryMax/ITS/From_AProVE_2014__Round3.jar-obl-8__p11902_terminationG_0.smt2 : 1200080 ms.
--------------------------------------------------
timeout
../QF_NIA_split/QF_NIA_2_18//20170427-VeryMax/ITS/From_AProVE_2014__Round3.jar-obl-8__p11903_terminationG_0.smt2 : 1200073 ms.
--------------------------------------------------
timeout
../QF_NIA_split/QF_NIA_2_18//20170427-VeryMax/ITS/From_AProVE_2014__Round3.jar-obl-8__p11904_terminationG_0.smt2 : 1200088 ms.
--------------------------------------------------
timeout
../QF_NIA_split/QF_NIA_2_18//20170427-VeryMax/ITS/From_AProVE_2014__Round3.jar-obl-8__terminationS_0_0.smt2 : 1200055 ms.
--------------------------------------------------
unsat
../QF_NIA_split/QF_NIA_2_18//20170427-VeryMax/ITS/From_AProVE_2014__Round3.jar-obl-8__term_unfeasibility_0_0.smt2 : 50 ms.
--------------------------------------------------
timeout
../QF_NIA_split/QF_NIA_2_18//20170427-VeryMax/ITS/From_AProVE_2014__RSA.jar-obl-17__p11914_terminationG_0.smt2 : 1200065 ms.
--------------------------------------------------
sat
../QF_NIA_split/QF_NIA_2_18//20170427-VeryMax/ITS/From_AProVE_2014__RSA.jar-obl-17__p11915_terminationG_0.smt2 : 158119 ms.
--------------------------------------------------
sat
../QF_NIA_split/QF_NIA_2_18//20170427-VeryMax/ITS/From_AProVE_2014__RSA.jar-obl-17__p11918_terminationG_0.smt2 : 286674 ms.
--------------------------------------------------
timeout
../QF_NIA_split/QF_NIA_2_18//20170427-VeryMax/ITS/From_AProVE_2014__RSA.jar-obl-17__p11919_terminationG_0.smt2 : 1200082 ms.
--------------------------------------------------
timeout
../QF_NIA_split/QF_NIA_2_18//20170427-VeryMax/ITS/From_AProVE_2014__RSA.jar-obl-17__p11920_terminationG_0.smt2 : 1200080 ms.
--------------------------------------------------
timeout
../QF_NIA_split/QF_NIA_2_18//20170427-VeryMax/ITS/From_AProVE_2014__RSA.jar-obl-17__p11923_terminationG_0.smt2 : 1200064 ms.
--------------------------------------------------
timeout
../QF_NIA_split/QF_NIA_2_18//20170427-VeryMax/ITS/From_AProVE_2014__RSA.jar-obl-17__p11924_terminationG_0.smt2 : 1200081 ms.
--------------------------------------------------
timeout
../QF_NIA_split/QF_NIA_2_18//20170427-VeryMax/ITS/From_AProVE_2014__RSA.jar-obl-17__p11925_terminationG_0.smt2 : 1200081 ms.
--------------------------------------------------
timeout
../QF_NIA_split/QF_NIA_2_18//20170427-VeryMax/ITS/From_AProVE_2014__RSA.jar-obl-17__terminationQ_0_0.smt2 : 1200058 ms.
--------------------------------------------------
timeout
../QF_NIA_split/QF_NIA_2_18//20170427-VeryMax/ITS/From_AProVE_2014__RSA.jar-obl-17__terminationS_0_0.smt2 : 1200059 ms.
--------------------------------------------------
timeout
../QF_NIA_split/QF_NIA_2_18//20170427-VeryMax/ITS/From_AProVE_2014__RSA.jar-obl-17__term_unfeasibility_0_0.smt2 : 1200038 ms.
--------------------------------------------------
sat
../QF_NIA_split/QF_NIA_2_18//20170427-VeryMax/ITS/From_AProVE_2014__Samefringe.jar-obl-10__p11956_terminationG_0.smt2 : 2188 ms.
--------------------------------------------------
unsat
../QF_NIA_split/QF_NIA_2_18//20170427-VeryMax/ITS/From_AProVE_2014__Samefringe.jar-obl-10__p11964_terminationG_0.smt2 : 804877 ms.
--------------------------------------------------
timeout
../QF_NIA_split/QF_NIA_2_18//20170427-VeryMax/ITS/From_AProVE_2014__Samefringe.jar-obl-10__p11965_terminationG_0.smt2 : 1200060 ms.
--------------------------------------------------
sat
../QF_NIA_split/QF_NIA_2_18//20170427-VeryMax/ITS/From_AProVE_2014__Samefringe.jar-obl-10__p11981_edge_closing_0.smt2 : 18835 ms.
--------------------------------------------------
sat
../QF_NIA_split/QF_NIA_2_18//20170427-VeryMax/ITS/From_AProVE_2014__Samefringe.jar-obl-10__p11982_edge_closing_0.smt2 : 11695 ms.
--------------------------------------------------
unsat
../QF_NIA_split/QF_NIA_2_18//20170427-VeryMax/ITS/From_AProVE_2014__SharingPair.jar-obl-8__p12018_terminationG_0.smt2 : 102112 ms.
--------------------------------------------------
timeout
../QF_NIA_split/QF_NIA_2_18//20170427-VeryMax/ITS/From_AProVE_2014__SharingPair.jar-obl-8__p12019_terminationG_0.smt2 : 1200045 ms.
--------------------------------------------------
sat
../QF_NIA_split/QF_NIA_2_18//20170427-VeryMax/ITS/From_AProVE_2014__SharingPair.jar-obl-8__p12024_edge_closing_0.smt2 : 62551 ms.
--------------------------------------------------
sat
../QF_NIA_split/QF_NIA_2_18//20170427-VeryMax/ITS/From_AProVE_2014__SharingPair.jar-obl-8__p12026_edge_closing_0.smt2 : 5527 ms.
--------------------------------------------------
sat
../QF_NIA_split/QF_NIA_2_18//20170427-VeryMax/ITS/From_AProVE_2014__SharingPair.jar-obl-8__p12029_edge_closing_0.smt2 : 2984 ms.
--------------------------------------------------
sat
../QF_NIA_split/QF_NIA_2_18//20170427-VeryMax/ITS/From_AProVE_2014__SharingPair.jar-obl-8__p12030_edge_closing_0.smt2 : 318074 ms.
--------------------------------------------------
sat
../QF_NIA_split/QF_NIA_2_18//20170427-VeryMax/ITS/From_AProVE_2014__SharingPair.jar-obl-8__p12035_edge_closing_0.smt2 : 173909 ms.
--------------------------------------------------
sat
../QF_NIA_split/QF_NIA_2_18//20170427-VeryMax/ITS/From_AProVE_2014__SharingPair.jar-obl-8__p12036_edge_closing_0.smt2 : 7875 ms.
--------------------------------------------------
sat
../QF_NIA_split/QF_NIA_2_18//20170427-VeryMax/ITS/From_AProVE_2014__Shuffle.jar-obl-10__p12053_terminationG_0.smt2 : 2679 ms.
--------------------------------------------------
unsat
../QF_NIA_split/QF_NIA_2_18//20170427-VeryMax/ITS/From_AProVE_2014__Shuffle.jar-obl-10__p12057_terminationG_0.smt2 : 43569 ms.
--------------------------------------------------
timeout
../QF_NIA_split/QF_NIA_2_18//20170427-VeryMax/ITS/From_AProVE_2014__Shuffle.jar-obl-10__p12058_terminationG_0.smt2 : 1200044 ms.
--------------------------------------------------
unsat
../QF_NIA_split/QF_NIA_2_18//20170427-VeryMax/ITS/From_AProVE_2014__Shuffle.jar-obl-10__p12070_edge_closing_0.smt2 : 30672 ms.
--------------------------------------------------
timeout
../QF_NIA_split/QF_NIA_2_18//20170427-VeryMax/ITS/From_AProVE_2014__Shuffle.jar-obl-10__p12071_edge_closing_0.smt2 : 1200061 ms.
--------------------------------------------------
timeout
../QF_NIA_split/QF_NIA_2_18//20170427-VeryMax/ITS/From_AProVE_2014__Shuffle.jar-obl-10__p12072_edge_closing_0.smt2 : 1200080 ms.
--------------------------------------------------
sat
../QF_NIA_split/QF_NIA_2_18//20170427-VeryMax/ITS/From_AProVE_2014__SortCount.jar-obl-10__p12085_terminationG_0.smt2 : 11645 ms.
--------------------------------------------------
sat
../QF_NIA_split/QF_NIA_2_18//20170427-VeryMax/ITS/From_AProVE_2014__SortCount.jar-obl-10__p12086_terminationG_0.smt2 : 1040808 ms.
--------------------------------------------------
sat
../QF_NIA_split/QF_NIA_2_18//20170427-VeryMax/ITS/From_AProVE_2014__SortCount.jar-obl-10__p12090_terminationG_0.smt2 : 57443 ms.
--------------------------------------------------
sat
../QF_NIA_split/QF_NIA_2_18//20170427-VeryMax/ITS/From_AProVE_2014__SortCount.jar-obl-10__p12091_terminationG_0.smt2 : 346567 ms.
--------------------------------------------------
sat
../QF_NIA_split/QF_NIA_2_18//20170427-VeryMax/ITS/From_AProVE_2014__SortCount.jar-obl-10__p12094_terminationG_0.smt2 : 38216 ms.
--------------------------------------------------
sat
../QF_NIA_split/QF_NIA_2_18//20170427-VeryMax/ITS/From_AProVE_2014__SortCount.jar-obl-10__p12095_terminationG_0.smt2 : 639234 ms.
--------------------------------------------------
sat
../QF_NIA_split/QF_NIA_2_18//20170427-VeryMax/ITS/From_AProVE_2014__SortCount.jar-obl-10__p12096_terminationG_0.smt2 : 805620 ms.
--------------------------------------------------
unsat
../QF_NIA_split/QF_NIA_2_18//20170427-VeryMax/ITS/From_AProVE_2014__SortCount.jar-obl-10__p12099_terminationG_0.smt2 : 145173 ms.
--------------------------------------------------
sat
../QF_NIA_split/QF_NIA_2_18//20170427-VeryMax/ITS/From_AProVE_2014__SortCount.jar-obl-10__p12100_terminationG_0.smt2 : 816095 ms.
--------------------------------------------------
timeout
../QF_NIA_split/QF_NIA_2_18//20170427-VeryMax/ITS/From_AProVE_2014__SortCount.jar-obl-10__p12101_terminationG_0.smt2 : 1200081 ms.
--------------------------------------------------
unsat
../QF_NIA_split/QF_NIA_2_18//20170427-VeryMax/ITS/From_AProVE_2014__SortCount.jar-obl-10__p12109_terminationG_0.smt2 : 349821 ms.
--------------------------------------------------
sat
../QF_NIA_split/QF_NIA_2_18//20170427-VeryMax/ITS/From_AProVE_2014__SortCount.jar-obl-10__p12110_terminationG_0.smt2 : 468964 ms.
--------------------------------------------------
timeout
../QF_NIA_split/QF_NIA_2_18//20170427-VeryMax/ITS/From_AProVE_2014__SortCount.jar-obl-10__p12111_terminationG_0.smt2 : 1200081 ms.
--------------------------------------------------
unsat
../QF_NIA_split/QF_NIA_2_18//20170427-VeryMax/ITS/From_AProVE_2014__SortCount.jar-obl-10__p12119_terminationG_0.smt2 : 547872 ms.
--------------------------------------------------
sat
../QF_NIA_split/QF_NIA_2_18//20170427-VeryMax/ITS/From_AProVE_2014__SortCount.jar-obl-10__p12120_terminationG_0.smt2 : 300792 ms.
--------------------------------------------------
timeout
../QF_NIA_split/QF_NIA_2_18//20170427-VeryMax/ITS/From_AProVE_2014__SortCount.jar-obl-10__p12121_terminationG_0.smt2 : 1200092 ms.
--------------------------------------------------
unsat
../QF_NIA_split/QF_NIA_2_18//20170427-VeryMax/ITS/From_AProVE_2014__SortCount.jar-obl-10__p12126_terminationG_0.smt2 : 62406 ms.
--------------------------------------------------
timeout
../QF_NIA_split/QF_NIA_2_18//20170427-VeryMax/ITS/From_AProVE_2014__SortCount.jar-obl-10__p12127_terminationG_0.smt2 : 1200060 ms.
--------------------------------------------------
timeout
../QF_NIA_split/QF_NIA_2_18//20170427-VeryMax/ITS/From_AProVE_2014__SortCount.jar-obl-10__p12128_terminationG_0.smt2 : 1200078 ms.
--------------------------------------------------
sat
../QF_NIA_split/QF_NIA_2_18//20170427-VeryMax/ITS/From_AProVE_2014__SortCount.jar-obl-10__p12136_terminationG_0.smt2 : 80265 ms.
--------------------------------------------------
timeout
../QF_NIA_split/QF_NIA_2_18//20170427-VeryMax/ITS/From_AProVE_2014__SortCount.jar-obl-10__p12137_terminationG_0.smt2 : 1200071 ms.
--------------------------------------------------
timeout
../QF_NIA_split/QF_NIA_2_18//20170427-VeryMax/ITS/From_AProVE_2014__SortCount.jar-obl-10__p12138_terminationG_0.smt2 : 1200084 ms.
--------------------------------------------------
sat
../QF_NIA_split/QF_NIA_2_18//20170427-VeryMax/ITS/From_AProVE_2014__SortCount.jar-obl-10__p12141_terminationG_0.smt2 : 80887 ms.
--------------------------------------------------
timeout
../QF_NIA_split/QF_NIA_2_18//20170427-VeryMax/ITS/From_AProVE_2014__SortCount.jar-obl-10__p12142_terminationG_0.smt2 : 1200078 ms.
--------------------------------------------------
timeout
../QF_NIA_split/QF_NIA_2_18//20170427-VeryMax/ITS/From_AProVE_2014__SortCount.jar-obl-10__p12143_terminationG_0.smt2 : 1200148 ms.
--------------------------------------------------
sat
../QF_NIA_split/QF_NIA_2_18//20170427-VeryMax/ITS/From_AProVE_2014__SortCount.jar-obl-10__p12146_terminationG_0.smt2 : 111348 ms.
--------------------------------------------------
timeout
../QF_NIA_split/QF_NIA_2_18//20170427-VeryMax/ITS/From_AProVE_2014__SortCount.jar-obl-10__p12147_terminationG_0.smt2 : 1200053 ms.
--------------------------------------------------
timeout
../QF_NIA_split/QF_NIA_2_18//20170427-VeryMax/ITS/From_AProVE_2014__SortCount.jar-obl-10__p12148_terminationG_0.smt2 : 1200054 ms.
--------------------------------------------------
unsat
../QF_NIA_split/QF_NIA_2_18//20170427-VeryMax/ITS/From_AProVE_2014__SortCount.jar-obl-10__p12153_terminationG_0.smt2 : 218562 ms.
--------------------------------------------------
timeout
../QF_NIA_split/QF_NIA_2_18//20170427-VeryMax/ITS/From_AProVE_2014__SortCount.jar-obl-10__p12154_terminationG_0.smt2 : 1200074 ms.
--------------------------------------------------
timeout
../QF_NIA_split/QF_NIA_2_18//20170427-VeryMax/ITS/From_AProVE_2014__SortCount.jar-obl-10__p12155_terminationG_0.smt2 : 1200089 ms.
--------------------------------------------------
sat
../QF_NIA_split/QF_NIA_2_18//20170427-VeryMax/ITS/From_AProVE_2014__SortCount.jar-obl-10__p12162_terminationG_0.smt2 : 153249 ms.
--------------------------------------------------
timeout
../QF_NIA_split/QF_NIA_2_18//20170427-VeryMax/ITS/From_AProVE_2014__SortCount.jar-obl-10__p12163_terminationG_0.smt2 : 1200067 ms.
--------------------------------------------------
timeout
../QF_NIA_split/QF_NIA_2_18//20170427-VeryMax/ITS/From_AProVE_2014__SortCount.jar-obl-10__p12164_terminationG_0.smt2 : 1200068 ms.
--------------------------------------------------
timeout
../QF_NIA_split/QF_NIA_2_18//20170427-VeryMax/ITS/From_AProVE_2014__SortCount.jar-obl-10__p12169_terminationG_0.smt2 : 1200116 ms.
--------------------------------------------------
timeout
../QF_NIA_split/QF_NIA_2_18//20170427-VeryMax/ITS/From_AProVE_2014__SortCount.jar-obl-10__p12170_terminationG_0.smt2 : 1200073 ms.
--------------------------------------------------
timeout
../QF_NIA_split/QF_NIA_2_18//20170427-VeryMax/ITS/From_AProVE_2014__SortCount.jar-obl-10__p12171_terminationG_0.smt2 : 1200065 ms.
--------------------------------------------------
sat
../QF_NIA_split/QF_NIA_2_18//20170427-VeryMax/ITS/From_AProVE_2014__SortCount.jar-obl-10__p12182_terminationG_0.smt2 : 156095 ms.
--------------------------------------------------
timeout
../QF_NIA_split/QF_NIA_2_18//20170427-VeryMax/ITS/From_AProVE_2014__SortCount.jar-obl-10__p12183_terminationG_0.smt2 : 1200067 ms.
--------------------------------------------------
timeout
../QF_NIA_split/QF_NIA_2_18//20170427-VeryMax/ITS/From_AProVE_2014__SortCount.jar-obl-10__p12184_terminationG_0.smt2 : 1200074 ms.
--------------------------------------------------
sat
../QF_NIA_split/QF_NIA_2_18//20170427-VeryMax/ITS/From_AProVE_2014__SortCount.jar-obl-10__p12187_terminationG_0.smt2 : 395351 ms.
--------------------------------------------------
timeout
../QF_NIA_split/QF_NIA_2_18//20170427-VeryMax/ITS/From_AProVE_2014__SortCount.jar-obl-10__p12188_terminationG_0.smt2 : 1200062 ms.
--------------------------------------------------
timeout
../QF_NIA_split/QF_NIA_2_18//20170427-VeryMax/ITS/From_AProVE_2014__SortCount.jar-obl-10__p12189_terminationG_0.smt2 : 1200083 ms.
--------------------------------------------------
sat
../QF_NIA_split/QF_NIA_2_18//20170427-VeryMax/ITS/From_AProVE_2014__SortCount.jar-obl-10__p12195_terminationG_0.smt2 : 623880 ms.
--------------------------------------------------
timeout
../QF_NIA_split/QF_NIA_2_18//20170427-VeryMax/ITS/From_AProVE_2014__SortCount.jar-obl-10__p12196_terminationG_0.smt2 : 1200056 ms.
--------------------------------------------------
timeout
../QF_NIA_split/QF_NIA_2_18//20170427-VeryMax/ITS/From_AProVE_2014__SortCount.jar-obl-10__p12197_terminationG_0.smt2 : 1200076 ms.
--------------------------------------------------
sat
../QF_NIA_split/QF_NIA_2_18//20170427-VeryMax/ITS/From_AProVE_2014__SortCount.jar-obl-10__p12208_terminationG_0.smt2 : 142263 ms.
--------------------------------------------------
timeout
../QF_NIA_split/QF_NIA_2_18//20170427-VeryMax/ITS/From_AProVE_2014__SortCount.jar-obl-10__p12209_terminationG_0.smt2 : 1200064 ms.
--------------------------------------------------
timeout
../QF_NIA_split/QF_NIA_2_18//20170427-VeryMax/ITS/From_AProVE_2014__SortCount.jar-obl-10__p12210_terminationG_0.smt2 : 1200069 ms.
--------------------------------------------------
timeout
../QF_NIA_split/QF_NIA_2_18//20170427-VeryMax/ITS/From_AProVE_2014__SortCount.jar-obl-10__p12215_terminationG_0.smt2 : 1200098 ms.
--------------------------------------------------
timeout
../QF_NIA_split/QF_NIA_2_18//20170427-VeryMax/ITS/From_AProVE_2014__SortCount.jar-obl-10__p12216_terminationG_0.smt2 : 1200052 ms.
--------------------------------------------------
timeout
../QF_NIA_split/QF_NIA_2_18//20170427-VeryMax/ITS/From_AProVE_2014__SortCount.jar-obl-10__p12217_terminationG_0.smt2 : 1200059 ms.
--------------------------------------------------
unsat
../QF_NIA_split/QF_NIA_2_18//20170427-VeryMax/ITS/From_AProVE_2014__SortCount.jar-obl-10__p12222_terminationG_0.smt2 : 251167 ms.
--------------------------------------------------
timeout
../QF_NIA_split/QF_NIA_2_18//20170427-VeryMax/ITS/From_AProVE_2014__SortCount.jar-obl-10__p12223_terminationG_0.smt2 : 1200068 ms.
--------------------------------------------------
timeout
../QF_NIA_split/QF_NIA_2_18//20170427-VeryMax/ITS/From_AProVE_2014__SortCount.jar-obl-10__p12224_terminationG_0.smt2 : 1200068 ms.
--------------------------------------------------
unsat
../QF_NIA_split/QF_NIA_2_18//20170427-VeryMax/ITS/From_AProVE_2014__SortCount.jar-obl-10__p12231_terminationG_0.smt2 : 348694 ms.
--------------------------------------------------
timeout
../QF_NIA_split/QF_NIA_2_18//20170427-VeryMax/ITS/From_AProVE_2014__SortCount.jar-obl-10__p12232_terminationG_0.smt2 : 1200062 ms.
--------------------------------------------------
timeout
../QF_NIA_split/QF_NIA_2_18//20170427-VeryMax/ITS/From_AProVE_2014__SortCount.jar-obl-10__p12233_terminationG_0.smt2 : 1200060 ms.
--------------------------------------------------
unsat
../QF_NIA_split/QF_NIA_2_18//20170427-VeryMax/ITS/From_AProVE_2014__SortCount.jar-obl-10__p12239_terminationG_0.smt2 : 402017 ms.
--------------------------------------------------
timeout
../QF_NIA_split/QF_NIA_2_18//20170427-VeryMax/ITS/From_AProVE_2014__SortCount.jar-obl-10__p12240_terminationG_0.smt2 : 1200074 ms.
--------------------------------------------------
timeout
../QF_NIA_split/QF_NIA_2_18//20170427-VeryMax/ITS/From_AProVE_2014__SortCount.jar-obl-10__p12241_terminationG_0.smt2 : 1200069 ms.
--------------------------------------------------
unsat
../QF_NIA_split/QF_NIA_2_18//20170427-VeryMax/ITS/From_AProVE_2014__SortCount.jar-obl-10__p12246_terminationG_0.smt2 : 392913 ms.
--------------------------------------------------
timeout
../QF_NIA_split/QF_NIA_2_18//20170427-VeryMax/ITS/From_AProVE_2014__SortCount.jar-obl-10__p12247_terminationG_0.smt2 : 1200052 ms.
--------------------------------------------------
timeout
../QF_NIA_split/QF_NIA_2_18//20170427-VeryMax/ITS/From_AProVE_2014__SortCount.jar-obl-10__p12248_terminationG_0.smt2 : 1200056 ms.
--------------------------------------------------
unsat
../QF_NIA_split/QF_NIA_2_18//20170427-VeryMax/ITS/From_AProVE_2014__SortCount.jar-obl-10__p12254_terminationG_0.smt2 : 334613 ms.
--------------------------------------------------
timeout
../QF_NIA_split/QF_NIA_2_18//20170427-VeryMax/ITS/From_AProVE_2014__SortCount.jar-obl-10__p12256_terminationG_0.smt2 : 1200051 ms.
--------------------------------------------------
timeout
../QF_NIA_split/QF_NIA_2_18//20170427-VeryMax/ITS/From_AProVE_2014__SortCount.jar-obl-10__p12257_terminationG_0.smt2 : 1200057 ms.
--------------------------------------------------
unsat
../QF_NIA_split/QF_NIA_2_18//20170427-VeryMax/ITS/From_AProVE_2014__SortCount.jar-obl-10__p12262_terminationG_0.smt2 : 318340 ms.
--------------------------------------------------
timeout
../QF_NIA_split/QF_NIA_2_18//20170427-VeryMax/ITS/From_AProVE_2014__SortCount.jar-obl-10__p12263_terminationG_0.smt2 : 1200074 ms.
--------------------------------------------------
timeout
../QF_NIA_split/QF_NIA_2_18//20170427-VeryMax/ITS/From_AProVE_2014__SortCount.jar-obl-10__p12264_terminationG_0.smt2 : 1200072 ms.
--------------------------------------------------
sat
../QF_NIA_split/QF_NIA_2_18//20170427-VeryMax/ITS/From_AProVE_2014__SortCount.jar-obl-10__terminationQ_1_0.smt2 : 47043 ms.
--------------------------------------------------
sat
../QF_NIA_split/QF_NIA_2_18//20170427-VeryMax/ITS/From_AProVE_2014__SortCount.jar-obl-10__terminationQ_3_0.smt2 : 8337 ms.
--------------------------------------------------
sat
../QF_NIA_split/QF_NIA_2_18//20170427-VeryMax/ITS/From_AProVE_2014__SortCount.jar-obl-10__terminationQ_4_0.smt2 : 2892 ms.
--------------------------------------------------
sat
../QF_NIA_split/QF_NIA_2_18//20170427-VeryMax/ITS/From_AProVE_2014__SortCount.jar-obl-10__terminationQ_5_0.smt2 : 9168 ms.
--------------------------------------------------
sat
../QF_NIA_split/QF_NIA_2_18//20170427-VeryMax/ITS/From_AProVE_2014__SortCount.jar-obl-10__terminationQ_6_0.smt2 : 2530 ms.
--------------------------------------------------
unsat
../QF_NIA_split/QF_NIA_2_18//20170427-VeryMax/ITS/From_AProVE_2014__SortCount.jar-obl-10__terminationQ_7_0.smt2 : 15899 ms.
--------------------------------------------------
unsat
../QF_NIA_split/QF_NIA_2_18//20170427-VeryMax/ITS/From_AProVE_2014__SortCount.jar-obl-10__terminationS_0_0.smt2 : 17329 ms.
--------------------------------------------------
unsat
../QF_NIA_split/QF_NIA_2_18//20170427-VeryMax/ITS/From_AProVE_2014__SortCount.jar-obl-10__terminationS_10_0.smt2 : 152686 ms.
--------------------------------------------------
unsat
../QF_NIA_split/QF_NIA_2_18//20170427-VeryMax/ITS/From_AProVE_2014__SortCount.jar-obl-10__terminationS_1_0.smt2 : 15799 ms.
--------------------------------------------------
unsat
../QF_NIA_split/QF_NIA_2_18//20170427-VeryMax/ITS/From_AProVE_2014__SortCount.jar-obl-10__terminationS_2_0.smt2 : 11084 ms.
--------------------------------------------------
unsat
../QF_NIA_split/QF_NIA_2_18//20170427-VeryMax/ITS/From_AProVE_2014__SortCount.jar-obl-10__terminationS_3_0.smt2 : 13973 ms.
--------------------------------------------------
unsat
../QF_NIA_split/QF_NIA_2_18//20170427-VeryMax/ITS/From_AProVE_2014__SortCount.jar-obl-10__terminationS_4_0.smt2 : 20370 ms.
--------------------------------------------------
unsat
../QF_NIA_split/QF_NIA_2_18//20170427-VeryMax/ITS/From_AProVE_2014__SortCount.jar-obl-10__terminationS_5_0.smt2 : 69191 ms.
--------------------------------------------------
unsat
../QF_NIA_split/QF_NIA_2_18//20170427-VeryMax/ITS/From_AProVE_2014__SortCount.jar-obl-10__terminationS_6_0.smt2 : 88640 ms.
--------------------------------------------------
unsat
../QF_NIA_split/QF_NIA_2_18//20170427-VeryMax/ITS/From_AProVE_2014__SortCount.jar-obl-10__terminationS_7_0.smt2 : 25692 ms.
--------------------------------------------------
unsat
../QF_NIA_split/QF_NIA_2_18//20170427-VeryMax/ITS/From_AProVE_2014__SortCount.jar-obl-10__terminationS_8_0.smt2 : 62430 ms.
--------------------------------------------------
unsat
../QF_NIA_split/QF_NIA_2_18//20170427-VeryMax/ITS/From_AProVE_2014__SortCount.jar-obl-10__terminationS_9_0.smt2 : 25658 ms.
--------------------------------------------------
unsat
../QF_NIA_split/QF_NIA_2_18//20170427-VeryMax/ITS/From_AProVE_2014__Sudoku.jar-obl-14__term_unfeasibility_2_0.smt2 : 6764 ms.
--------------------------------------------------
unsat
../QF_NIA_split/QF_NIA_2_18//20170427-VeryMax/ITS/From_AProVE_2014__sumGeneric2_rec.jar-obl-8__p12291_terminationG_0.smt2 : 169 ms.
--------------------------------------------------
unsat
../QF_NIA_split/QF_NIA_2_18//20170427-VeryMax/ITS/From_AProVE_2014__sumGeneric2_rec.jar-obl-8__p12292_terminationG_0.smt2 : 1351 ms.
--------------------------------------------------
unsat
../QF_NIA_split/QF_NIA_2_18//20170427-VeryMax/ITS/From_AProVE_2014__sumGeneric2_rec.jar-obl-8__p12293_terminationG_0.smt2 : 54275 ms.
--------------------------------------------------
unsat
../QF_NIA_split/QF_NIA_2_18//20170427-VeryMax/ITS/From_AProVE_2014__sumGeneric2_rec.jar-obl-8__p12298_terminationG_0.smt2 : 63747 ms.
--------------------------------------------------
timeout
../QF_NIA_split/QF_NIA_2_18//20170427-VeryMax/ITS/From_AProVE_2014__sumGeneric2_rec.jar-obl-8__p12299_terminationG_0.smt2 : 1200072 ms.
--------------------------------------------------
timeout
../QF_NIA_split/QF_NIA_2_18//20170427-VeryMax/ITS/From_AProVE_2014__sumGeneric2_rec.jar-obl-8__p12300_terminationG_0.smt2 : 1200073 ms.
--------------------------------------------------
unsat
../QF_NIA_split/QF_NIA_2_18//20170427-VeryMax/ITS/From_AProVE_2014__sumGeneric2_rec.jar-obl-8__terminationQ_1_0.smt2 : 50942 ms.
--------------------------------------------------
unsat
../QF_NIA_split/QF_NIA_2_18//20170427-VeryMax/ITS/From_AProVE_2014__sumGeneric_rec.jar-obl-8__p12317_terminationG_0.smt2 : 449 ms.
--------------------------------------------------
unsat
../QF_NIA_split/QF_NIA_2_18//20170427-VeryMax/ITS/From_AProVE_2014__sumGeneric_rec.jar-obl-8__p12318_terminationG_0.smt2 : 15043 ms.
--------------------------------------------------
timeout
../QF_NIA_split/QF_NIA_2_18//20170427-VeryMax/ITS/From_AProVE_2014__sumGeneric_rec.jar-obl-8__p12319_terminationG_0.smt2 : 1200040 ms.
--------------------------------------------------
timeout
../QF_NIA_split/QF_NIA_2_18//20170427-VeryMax/ITS/From_AProVE_2014__sumGeneric_rec.jar-obl-8__p12324_terminationG_0.smt2 : 1200045 ms.
--------------------------------------------------
timeout
../QF_NIA_split/QF_NIA_2_18//20170427-VeryMax/ITS/From_AProVE_2014__sumGeneric_rec.jar-obl-8__p12325_terminationG_0.smt2 : 1200054 ms.
--------------------------------------------------
timeout
../QF_NIA_split/QF_NIA_2_18//20170427-VeryMax/ITS/From_AProVE_2014__sumGeneric_rec.jar-obl-8__p12326_terminationG_0.smt2 : 1200085 ms.
--------------------------------------------------
timeout
../QF_NIA_split/QF_NIA_2_18//20170427-VeryMax/ITS/From_AProVE_2014__sumGeneric_rec.jar-obl-8__p12331_terminationG_0.smt2 : 1200063 ms.
--------------------------------------------------
timeout
../QF_NIA_split/QF_NIA_2_18//20170427-VeryMax/ITS/From_AProVE_2014__sumGeneric_rec.jar-obl-8__p12332_terminationG_0.smt2 : 1200095 ms.
--------------------------------------------------
timeout
../QF_NIA_split/QF_NIA_2_18//20170427-VeryMax/ITS/From_AProVE_2014__sumGeneric_rec.jar-obl-8__p12333_terminationG_0.smt2 : 1200078 ms.
--------------------------------------------------
timeout
../QF_NIA_split/QF_NIA_2_18//20170427-VeryMax/ITS/From_AProVE_2014__sumGeneric_rec.jar-obl-8__p12338_terminationG_0.smt2 : 1200059 ms.
--------------------------------------------------
timeout
../QF_NIA_split/QF_NIA_2_18//20170427-VeryMax/ITS/From_AProVE_2014__sumGeneric_rec.jar-obl-8__p12339_terminationG_0.smt2 : 1200084 ms.
--------------------------------------------------
timeout
../QF_NIA_split/QF_NIA_2_18//20170427-VeryMax/ITS/From_AProVE_2014__sumGeneric_rec.jar-obl-8__p12340_terminationG_0.smt2 : 1200094 ms.
--------------------------------------------------
timeout
../QF_NIA_split/QF_NIA_2_18//20170427-VeryMax/ITS/From_AProVE_2014__sumGeneric_rec.jar-obl-8__p12343_terminationG_0.smt2 : 1200070 ms.
--------------------------------------------------
timeout
../QF_NIA_split/QF_NIA_2_18//20170427-VeryMax/ITS/From_AProVE_2014__sumGeneric_rec.jar-obl-8__p12344_terminationG_0.smt2 : 1200090 ms.
--------------------------------------------------
timeout
../QF_NIA_split/QF_NIA_2_18//20170427-VeryMax/ITS/From_AProVE_2014__sumGeneric_rec.jar-obl-8__p12345_terminationG_0.smt2 : 1200088 ms.
--------------------------------------------------
timeout
../QF_NIA_split/QF_NIA_2_18//20170427-VeryMax/ITS/From_AProVE_2014__sumGeneric_rec.jar-obl-8__p12350_terminationG_0.smt2 : 1200081 ms.
--------------------------------------------------
timeout
../QF_NIA_split/QF_NIA_2_18//20170427-VeryMax/ITS/From_AProVE_2014__sumGeneric_rec.jar-obl-8__p12351_terminationG_0.smt2 : 1200089 ms.
--------------------------------------------------
timeout
../QF_NIA_split/QF_NIA_2_18//20170427-VeryMax/ITS/From_AProVE_2014__sumGeneric_rec.jar-obl-8__p12352_terminationG_0.smt2 : 1200093 ms.
--------------------------------------------------
unsat
../QF_NIA_split/QF_NIA_2_18//20170427-VeryMax/ITS/From_AProVE_2014__sum_rec.jar-obl-8__p12372_terminationG_0.smt2 : 147 ms.
--------------------------------------------------
unsat
../QF_NIA_split/QF_NIA_2_18//20170427-VeryMax/ITS/From_AProVE_2014__sum_rec.jar-obl-8__p12373_terminationG_0.smt2 : 1064 ms.
--------------------------------------------------
unsat
../QF_NIA_split/QF_NIA_2_18//20170427-VeryMax/ITS/From_AProVE_2014__sum_rec.jar-obl-8__p12374_terminationG_0.smt2 : 12260 ms.
--------------------------------------------------
unsat
../QF_NIA_split/QF_NIA_2_18//20170427-VeryMax/ITS/From_AProVE_2014__sum_rec.jar-obl-8__p12379_terminationG_0.smt2 : 57392 ms.
--------------------------------------------------
timeout
../QF_NIA_split/QF_NIA_2_18//20170427-VeryMax/ITS/From_AProVE_2014__sum_rec.jar-obl-8__p12380_terminationG_0.smt2 : 1200045 ms.
--------------------------------------------------
timeout
../QF_NIA_split/QF_NIA_2_18//20170427-VeryMax/ITS/From_AProVE_2014__sum_rec.jar-obl-8__p12381_terminationG_0.smt2 : 1200092 ms.
--------------------------------------------------
unsat
../QF_NIA_split/QF_NIA_2_18//20170427-VeryMax/ITS/From_AProVE_2014__sum_rec.jar-obl-8__terminationQ_1_0.smt2 : 52839 ms.
--------------------------------------------------
sat
../QF_NIA_split/QF_NIA_2_18//20170427-VeryMax/ITS/From_AProVE_2014__sunset_rec.jar-obl-8__p12391_terminationG_0.smt2 : 20038 ms.
--------------------------------------------------
sat
../QF_NIA_split/QF_NIA_2_18//20170427-VeryMax/ITS/From_AProVE_2014__sunset_rec.jar-obl-8__p12392_terminationG_0.smt2 : 117721 ms.
--------------------------------------------------
sat
../QF_NIA_split/QF_NIA_2_18//20170427-VeryMax/ITS/From_AProVE_2014__sunset_rec.jar-obl-8__p12397_terminationG_0.smt2 : 7609 ms.
--------------------------------------------------
sat
../QF_NIA_split/QF_NIA_2_18//20170427-VeryMax/ITS/From_AProVE_2014__sunset_rec.jar-obl-8__p12402_terminationG_0.smt2 : 6433 ms.
--------------------------------------------------
sat
../QF_NIA_split/QF_NIA_2_18//20170427-VeryMax/ITS/From_AProVE_2014__sunset_rec.jar-obl-8__p12407_terminationG_0.smt2 : 51663 ms.
--------------------------------------------------
unsat
../QF_NIA_split/QF_NIA_2_18//20170427-VeryMax/ITS/From_AProVE_2014__sunset_rec.jar-obl-8__p12409_terminationG_0.smt2 : 14427 ms.
--------------------------------------------------
timeout
../QF_NIA_split/QF_NIA_2_18//20170427-VeryMax/ITS/From_AProVE_2014__sunset_rec.jar-obl-8__p12411_terminationG_0.smt2 : 1200056 ms.
--------------------------------------------------
timeout
../QF_NIA_split/QF_NIA_2_18//20170427-VeryMax/ITS/From_AProVE_2014__sunset_rec.jar-obl-8__p12412_terminationG_0.smt2 : 1200094 ms.
--------------------------------------------------
sat
../QF_NIA_split/QF_NIA_2_18//20170427-VeryMax/ITS/From_AProVE_2014__sunset_rec.jar-obl-8__p12417_edge_closing_0.smt2 : 7641 ms.
--------------------------------------------------
sat
../QF_NIA_split/QF_NIA_2_18//20170427-VeryMax/ITS/From_AProVE_2014__sunset_rec.jar-obl-8__p12424_edge_closing_0.smt2 : 10126 ms.
--------------------------------------------------
unsat
../QF_NIA_split/QF_NIA_2_18//20170427-VeryMax/ITS/From_AProVE_2014__sunset_rec.jar-obl-8__terminationQ_0_0.smt2 : 22030 ms.
--------------------------------------------------
unsat
../QF_NIA_split/QF_NIA_2_18//20170427-VeryMax/ITS/From_AProVE_2014__sunset_rec.jar-obl-8__term_unfeasibility_0_0.smt2 : 2481 ms.
--------------------------------------------------
unsat
../QF_NIA_split/QF_NIA_2_18//20170427-VeryMax/ITS/From_AProVE_2014__Swingers.jar-obl-8__p12434_terminationG_0.smt2 : 340482 ms.
--------------------------------------------------
timeout
../QF_NIA_split/QF_NIA_2_18//20170427-VeryMax/ITS/From_AProVE_2014__Swingers.jar-obl-8__p12435_terminationG_0.smt2 : 1200065 ms.
--------------------------------------------------
sat
../QF_NIA_split/QF_NIA_2_18//20170427-VeryMax/ITS/From_AProVE_2014__TaylorSeriesIte.jar-obl-13__p12466_terminationG_0.smt2 : 61623 ms.
--------------------------------------------------
sat
../QF_NIA_split/QF_NIA_2_18//20170427-VeryMax/ITS/From_AProVE_2014__TaylorSeriesIte.jar-obl-13__p12467_terminationG_0.smt2 : 117780 ms.
--------------------------------------------------
sat
../QF_NIA_split/QF_NIA_2_18//20170427-VeryMax/ITS/From_AProVE_2014__TaylorSeriesIte.jar-obl-13__p12468_terminationG_0.smt2 : 129340 ms.
--------------------------------------------------
sat
../QF_NIA_split/QF_NIA_2_18//20170427-VeryMax/ITS/From_AProVE_2014__TaylorSeriesIte.jar-obl-13__p12471_terminationG_0.smt2 : 981998 ms.
--------------------------------------------------
timeout
../QF_NIA_split/QF_NIA_2_18//20170427-VeryMax/ITS/From_AProVE_2014__TaylorSeriesIte.jar-obl-13__p12472_terminationG_0.smt2 : 1200058 ms.
--------------------------------------------------
timeout
../QF_NIA_split/QF_NIA_2_18//20170427-VeryMax/ITS/From_AProVE_2014__TaylorSeriesIte.jar-obl-13__p12473_terminationG_0.smt2 : 1200086 ms.
--------------------------------------------------
timeout
../QF_NIA_split/QF_NIA_2_18//20170427-VeryMax/ITS/From_AProVE_2014__TaylorSeriesIte.jar-obl-13__p12476_terminationG_0.smt2 : 1200081 ms.
--------------------------------------------------
timeout
../QF_NIA_split/QF_NIA_2_18//20170427-VeryMax/ITS/From_AProVE_2014__TaylorSeriesIte.jar-obl-13__p12477_terminationG_0.smt2 : 1200076 ms.
--------------------------------------------------
timeout
../QF_NIA_split/QF_NIA_2_18//20170427-VeryMax/ITS/From_AProVE_2014__TaylorSeriesIte.jar-obl-13__p12478_terminationG_0.smt2 : 1200084 ms.
--------------------------------------------------
sat
../QF_NIA_split/QF_NIA_2_18//20170427-VeryMax/ITS/From_AProVE_2014__TaylorSeriesIte.jar-obl-13__p12481_terminationG_0.smt2 : 307141 ms.
--------------------------------------------------
timeout
../QF_NIA_split/QF_NIA_2_18//20170427-VeryMax/ITS/From_AProVE_2014__TaylorSeriesIte.jar-obl-13__p12482_terminationG_0.smt2 : 1200058 ms.
--------------------------------------------------
timeout
../QF_NIA_split/QF_NIA_2_18//20170427-VeryMax/ITS/From_AProVE_2014__TaylorSeriesIte.jar-obl-13__p12483_terminationG_0.smt2 : 1200072 ms.
--------------------------------------------------
sat
../QF_NIA_split/QF_NIA_2_18//20170427-VeryMax/ITS/From_AProVE_2014__TaylorSeriesIte.jar-obl-13__p12486_terminationG_0.smt2 : 259995 ms.
--------------------------------------------------
timeout
../QF_NIA_split/QF_NIA_2_18//20170427-VeryMax/ITS/From_AProVE_2014__TaylorSeriesIte.jar-obl-13__p12487_terminationG_0.smt2 : 1200056 ms.
--------------------------------------------------
timeout
../QF_NIA_split/QF_NIA_2_18//20170427-VeryMax/ITS/From_AProVE_2014__TaylorSeriesIte.jar-obl-13__p12488_terminationG_0.smt2 : 1200064 ms.
--------------------------------------------------
sat
../QF_NIA_split/QF_NIA_2_18//20170427-VeryMax/ITS/From_AProVE_2014__TaylorSeriesIte.jar-obl-13__terminationQ_0_0.smt2 : 34988 ms.
--------------------------------------------------
sat
../QF_NIA_split/QF_NIA_2_18//20170427-VeryMax/ITS/From_AProVE_2014__TaylorSeriesIte.jar-obl-13__terminationQ_1_0.smt2 : 8305 ms.
--------------------------------------------------
unsat
../QF_NIA_split/QF_NIA_2_18//20170427-VeryMax/ITS/From_AProVE_2014__TaylorSeriesIte.jar-obl-13__terminationQ_2_0.smt2 : 56473 ms.
--------------------------------------------------
unsat
../QF_NIA_split/QF_NIA_2_18//20170427-VeryMax/ITS/From_AProVE_2014__TaylorSeriesIte.jar-obl-13__terminationS_10_0.smt2 : 3625 ms.
--------------------------------------------------
unsat
../QF_NIA_split/QF_NIA_2_18//20170427-VeryMax/ITS/From_AProVE_2014__TaylorSeriesIte.jar-obl-13__terminationS_1_0.smt2 : 3825 ms.
--------------------------------------------------
unsat
../QF_NIA_split/QF_NIA_2_18//20170427-VeryMax/ITS/From_AProVE_2014__TaylorSeriesIte.jar-obl-13__terminationS_11_0.smt2 : 3928 ms.
--------------------------------------------------
unsat
../QF_NIA_split/QF_NIA_2_18//20170427-VeryMax/ITS/From_AProVE_2014__TaylorSeriesIte.jar-obl-13__terminationS_12_0.smt2 : 3694 ms.
--------------------------------------------------
unsat
../QF_NIA_split/QF_NIA_2_18//20170427-VeryMax/ITS/From_AProVE_2014__TaylorSeriesIte.jar-obl-13__terminationS_2_0.smt2 : 3946 ms.
--------------------------------------------------
unsat
../QF_NIA_split/QF_NIA_2_18//20170427-VeryMax/ITS/From_AProVE_2014__TaylorSeriesIte.jar-obl-13__terminationS_3_0.smt2 : 3891 ms.
--------------------------------------------------
unsat
../QF_NIA_split/QF_NIA_2_18//20170427-VeryMax/ITS/From_AProVE_2014__TaylorSeriesIte.jar-obl-13__terminationS_4_0.smt2 : 3792 ms.
--------------------------------------------------
unsat
../QF_NIA_split/QF_NIA_2_18//20170427-VeryMax/ITS/From_AProVE_2014__TaylorSeriesIte.jar-obl-13__terminationS_5_0.smt2 : 3927 ms.
--------------------------------------------------
unsat
../QF_NIA_split/QF_NIA_2_18//20170427-VeryMax/ITS/From_AProVE_2014__TaylorSeriesIte.jar-obl-13__terminationS_6_0.smt2 : 4183 ms.
--------------------------------------------------
unsat
../QF_NIA_split/QF_NIA_2_18//20170427-VeryMax/ITS/From_AProVE_2014__TaylorSeriesIte.jar-obl-13__terminationS_7_0.smt2 : 3865 ms.
--------------------------------------------------
unsat
../QF_NIA_split/QF_NIA_2_18//20170427-VeryMax/ITS/From_AProVE_2014__TaylorSeriesIte.jar-obl-13__terminationS_8_0.smt2 : 4053 ms.
--------------------------------------------------
unsat
../QF_NIA_split/QF_NIA_2_18//20170427-VeryMax/ITS/From_AProVE_2014__TaylorSeriesIte.jar-obl-13__terminationS_9_0.smt2 : 3861 ms.
--------------------------------------------------
unsat
../QF_NIA_split/QF_NIA_2_18//20170427-VeryMax/ITS/From_AProVE_2014__TaylorSeriesIte.jar-obl-13__term_unfeasibility_0_0.smt2 : 18455 ms.
--------------------------------------------------
sat
../QF_NIA_split/QF_NIA_2_18//20170427-VeryMax/ITS/From_AProVE_2014__TaylorSeriesRec.jar-obl-13__p12559_terminationG_0.smt2 : 4237 ms.
--------------------------------------------------
sat
../QF_NIA_split/QF_NIA_2_18//20170427-VeryMax/ITS/From_AProVE_2014__TaylorSeriesRec.jar-obl-13__p12561_terminationG_0.smt2 : 187825 ms.
--------------------------------------------------
sat
../QF_NIA_split/QF_NIA_2_18//20170427-VeryMax/ITS/From_AProVE_2014__TaylorSeriesRec.jar-obl-13__p12562_terminationG_0.smt2 : 666028 ms.
--------------------------------------------------
sat
../QF_NIA_split/QF_NIA_2_18//20170427-VeryMax/ITS/From_AProVE_2014__TaylorSeriesRec.jar-obl-13__p12565_terminationG_0.smt2 : 218693 ms.
--------------------------------------------------
timeout
../QF_NIA_split/QF_NIA_2_18//20170427-VeryMax/ITS/From_AProVE_2014__TaylorSeriesRec.jar-obl-13__p12566_terminationG_0.smt2 : 1200060 ms.
--------------------------------------------------
timeout
../QF_NIA_split/QF_NIA_2_18//20170427-VeryMax/ITS/From_AProVE_2014__TaylorSeriesRec.jar-obl-13__p12567_terminationG_0.smt2 : 1200076 ms.
--------------------------------------------------
sat
../QF_NIA_split/QF_NIA_2_18//20170427-VeryMax/ITS/From_AProVE_2014__TaylorSeriesRec.jar-obl-13__p12570_terminationG_0.smt2 : 257238 ms.
--------------------------------------------------
timeout
../QF_NIA_split/QF_NIA_2_18//20170427-VeryMax/ITS/From_AProVE_2014__TaylorSeriesRec.jar-obl-13__p12571_terminationG_0.smt2 : 1200075 ms.
--------------------------------------------------
timeout
../QF_NIA_split/QF_NIA_2_18//20170427-VeryMax/ITS/From_AProVE_2014__TaylorSeriesRec.jar-obl-13__p12572_terminationG_0.smt2 : 1200079 ms.
--------------------------------------------------
sat
../QF_NIA_split/QF_NIA_2_18//20170427-VeryMax/ITS/From_AProVE_2014__TaylorSeriesRec.jar-obl-13__p12575_terminationG_0.smt2 : 346149 ms.
--------------------------------------------------
timeout
../QF_NIA_split/QF_NIA_2_18//20170427-VeryMax/ITS/From_AProVE_2014__TaylorSeriesRec.jar-obl-13__p12576_terminationG_0.smt2 : 1200073 ms.
--------------------------------------------------
timeout
../QF_NIA_split/QF_NIA_2_18//20170427-VeryMax/ITS/From_AProVE_2014__TaylorSeriesRec.jar-obl-13__p12577_terminationG_0.smt2 : 1200067 ms.
--------------------------------------------------
sat
../QF_NIA_split/QF_NIA_2_18//20170427-VeryMax/ITS/From_AProVE_2014__TaylorSeriesRec.jar-obl-13__p12580_terminationG_0.smt2 : 220564 ms.
--------------------------------------------------
timeout
../QF_NIA_split/QF_NIA_2_18//20170427-VeryMax/ITS/From_AProVE_2014__TaylorSeriesRec.jar-obl-13__p12581_terminationG_0.smt2 : 1200077 ms.
--------------------------------------------------
timeout
../QF_NIA_split/QF_NIA_2_18//20170427-VeryMax/ITS/From_AProVE_2014__TaylorSeriesRec.jar-obl-13__p12582_terminationG_0.smt2 : 1200069 ms.
--------------------------------------------------
sat
../QF_NIA_split/QF_NIA_2_18//20170427-VeryMax/ITS/From_AProVE_2014__TaylorSeriesRec.jar-obl-13__terminationQ_0_0.smt2 : 2993 ms.
--------------------------------------------------
sat
../QF_NIA_split/QF_NIA_2_18//20170427-VeryMax/ITS/From_AProVE_2014__TaylorSeriesRec.jar-obl-13__terminationQ_1_0.smt2 : 10702 ms.
--------------------------------------------------
unsat
../QF_NIA_split/QF_NIA_2_18//20170427-VeryMax/ITS/From_AProVE_2014__TaylorSeriesRec.jar-obl-13__terminationQ_2_0.smt2 : 64371 ms.
--------------------------------------------------
unsat
../QF_NIA_split/QF_NIA_2_18//20170427-VeryMax/ITS/From_AProVE_2014__TaylorSeriesRec.jar-obl-13__terminationS_10_0.smt2 : 4139 ms.
--------------------------------------------------
unsat
../QF_NIA_split/QF_NIA_2_18//20170427-VeryMax/ITS/From_AProVE_2014__TaylorSeriesRec.jar-obl-13__terminationS_1_0.smt2 : 4357 ms.
--------------------------------------------------
unsat
../QF_NIA_split/QF_NIA_2_18//20170427-VeryMax/ITS/From_AProVE_2014__TaylorSeriesRec.jar-obl-13__terminationS_11_0.smt2 : 4250 ms.
--------------------------------------------------
unsat
../QF_NIA_split/QF_NIA_2_18//20170427-VeryMax/ITS/From_AProVE_2014__TaylorSeriesRec.jar-obl-13__terminationS_12_0.smt2 : 4204 ms.
--------------------------------------------------
unsat
../QF_NIA_split/QF_NIA_2_18//20170427-VeryMax/ITS/From_AProVE_2014__TaylorSeriesRec.jar-obl-13__terminationS_2_0.smt2 : 4357 ms.
--------------------------------------------------
unsat
../QF_NIA_split/QF_NIA_2_18//20170427-VeryMax/ITS/From_AProVE_2014__TaylorSeriesRec.jar-obl-13__terminationS_3_0.smt2 : 4201 ms.
--------------------------------------------------
unsat
../QF_NIA_split/QF_NIA_2_18//20170427-VeryMax/ITS/From_AProVE_2014__TaylorSeriesRec.jar-obl-13__terminationS_4_0.smt2 : 4385 ms.
--------------------------------------------------
unsat
../QF_NIA_split/QF_NIA_2_18//20170427-VeryMax/ITS/From_AProVE_2014__TaylorSeriesRec.jar-obl-13__terminationS_5_0.smt2 : 5881 ms.
--------------------------------------------------
unsat
../QF_NIA_split/QF_NIA_2_18//20170427-VeryMax/ITS/From_AProVE_2014__TaylorSeriesRec.jar-obl-13__terminationS_6_0.smt2 : 4319 ms.
--------------------------------------------------
unsat
../QF_NIA_split/QF_NIA_2_18//20170427-VeryMax/ITS/From_AProVE_2014__TaylorSeriesRec.jar-obl-13__terminationS_7_0.smt2 : 6162 ms.
--------------------------------------------------
unsat
../QF_NIA_split/QF_NIA_2_18//20170427-VeryMax/ITS/From_AProVE_2014__TaylorSeriesRec.jar-obl-13__terminationS_8_0.smt2 : 4183 ms.
--------------------------------------------------
unsat
../QF_NIA_split/QF_NIA_2_18//20170427-VeryMax/ITS/From_AProVE_2014__TaylorSeriesRec.jar-obl-13__terminationS_9_0.smt2 : 4807 ms.
--------------------------------------------------
unsat
../QF_NIA_split/QF_NIA_2_18//20170427-VeryMax/ITS/From_AProVE_2014__TaylorSeriesRec.jar-obl-13__term_unfeasibility_0_0.smt2 : 19922 ms.
--------------------------------------------------
unsat
../QF_NIA_split/QF_NIA_2_18//20170427-VeryMax/ITS/From_AProVE_2014__TerminatorRec01.jar-obl-8__term_unfeasibility_0_0.smt2 : 403 ms.
--------------------------------------------------
unsat
../QF_NIA_split/QF_NIA_2_18//20170427-VeryMax/ITS/From_AProVE_2014__TerminatorRec03.jar-obl-8__p12602_terminationG_0.smt2 : 3385 ms.
--------------------------------------------------
unsat
../QF_NIA_split/QF_NIA_2_18//20170427-VeryMax/ITS/From_AProVE_2014__TerminatorRec03.jar-obl-8__p12603_terminationG_0.smt2 : 75030 ms.
--------------------------------------------------
unsat
../QF_NIA_split/QF_NIA_2_18//20170427-VeryMax/ITS/From_AProVE_2014__TerminatorRec04.jar-obl-9__p12623_terminationG_0.smt2 : 176 ms.
--------------------------------------------------
unsat
../QF_NIA_split/QF_NIA_2_18//20170427-VeryMax/ITS/From_AProVE_2014__TerminatorRec04.jar-obl-9__p12624_terminationG_0.smt2 : 1995 ms.
--------------------------------------------------
unsat
../QF_NIA_split/QF_NIA_2_18//20170427-VeryMax/ITS/From_AProVE_2014__TerminatorRec04.jar-obl-9__p12625_terminationG_0.smt2 : 31512 ms.
--------------------------------------------------
unsat
../QF_NIA_split/QF_NIA_2_18//20170427-VeryMax/ITS/From_AProVE_2014__TerminatorRec04.jar-obl-9__p12628_terminationG_0.smt2 : 60789 ms.
--------------------------------------------------
timeout
../QF_NIA_split/QF_NIA_2_18//20170427-VeryMax/ITS/From_AProVE_2014__TerminatorRec04.jar-obl-9__p12629_terminationG_0.smt2 : 1200064 ms.
--------------------------------------------------
timeout
../QF_NIA_split/QF_NIA_2_18//20170427-VeryMax/ITS/From_AProVE_2014__TerminatorRec04.jar-obl-9__p12630_terminationG_0.smt2 : 1200068 ms.
