--------------------------------------------------
Number of variables: 51002
Number of clauses: 273008
sat
real sat
../New_SAT_split/QF_NIA_2_1/20170427-VeryMax/CInteger/Stroeder_15__ChenFlurMukhopadhyay-SAS2012-Ex3.06_false-termination.c__p22020_terminationG_0.smt2 : 12086 ms.
--------------------------------------------------
Number of variables: 76641
Number of clauses: 404618
sat
real sat
../New_SAT_split/QF_NIA_2_1/20170427-VeryMax/CInteger/Stroeder_15__ChenFlurMukhopadhyay-SAS2012-Ex3.06_false-termination.c__p22021_terminationG_0.smt2 : 193794 ms.
--------------------------------------------------
Number of variables: 28499
Number of clauses: 146736
sat
real sat
../New_SAT_split/QF_NIA_2_1/20170427-VeryMax/CInteger/Stroeder_15__ChenFlurMukhopadhyay-SAS2012-Ex3.06_false-termination.c__p22023_edge_closing_0.smt2 : 1129 ms.
--------------------------------------------------
Number of variables: 52145
Number of clauses: 265181
sat
real sat
../New_SAT_split/QF_NIA_2_1/20170427-VeryMax/CInteger/Stroeder_15__ChenFlurMukhopadhyay-SAS2012-Ex3.06_false-termination.c__p22024_edge_closing_0.smt2 : 11884 ms.
--------------------------------------------------
Number of variables: 83265
Number of clauses: 422290
sat
real sat
../New_SAT_split/QF_NIA_2_1/20170427-VeryMax/CInteger/Stroeder_15__ChenFlurMukhopadhyay-SAS2012-Ex3.06_false-termination.c__p22025_edge_closing_0.smt2 : 16701 ms.
--------------------------------------------------
Number of variables: 1649492
Number of clauses: 9552489
unsat in 2 bits.
Number of variables: 2013314
Number of clauses: 11818995
unsat in 4 bits.
Number of variables: 2947454
Number of clauses: 17659815
unsat in 8 bits.
Number of variables: 5647736
Number of clauses: 34623707
unsat in 16 bits.
Number of variables: 14374224
Number of clauses: 89652044
../New_SAT_split/QF_NIA_2_1/20170427-VeryMax/CInteger/Stroeder_15__ChenFlurMukhopadhyay-SAS2012-Ex3.06_false-termination.c__p22027_edge_closing_0.smt2 : 2405876 ms.
--------------------------------------------------
Number of variables: 1793860
Number of clauses: 10376110
unsat in 2 bits.
Number of variables: 2290318
Number of clauses: 13317806
unsat in 4 bits.
Number of variables: 3698530
Number of clauses: 21831406
unsat in 8 bits.
Number of variables: 8188202
Number of clauses: 49478840
unsat in 16 bits.
Number of variables: 23854196
Number of clauses: 147192105
terminate called after throwing an instance of 'std::bad_alloc'
  what():  std::bad_alloc
timeout: the monitored command dumped core
./ismt_run.sh: line 7: 72815 Aborted                 timeout $time_s ./ismt ../$file
../New_SAT_split/QF_NIA_2_1/20170427-VeryMax/CInteger/Stroeder_15__ChenFlurMukhopadhyay-SAS2012-Ex3.06_false-termination.c__p22028_edge_closing_0.smt2 : 2362001 ms.
--------------------------------------------------
Number of variables: 1942598
Number of clauses: 11231683
unsat in 2 bits.
Number of variables: 2573104
Number of clauses: 14855869
unsat in 4 bits.
Number of variables: 4460516
Number of clauses: 26071441
unsat in 8 bits.
Number of variables: 10759106
Number of clauses: 64519617
unsat in 16 bits.
Number of variables: 33440742
Number of clauses: 205387410
terminate called after throwing an instance of 'std::bad_alloc'
  what():  std::bad_alloc
timeout: the monitored command dumped core
./ismt_run.sh: line 7: 88021 Aborted                 timeout $time_s ./ismt ../$file
../New_SAT_split/QF_NIA_2_1/20170427-VeryMax/CInteger/Stroeder_15__ChenFlurMukhopadhyay-SAS2012-Ex3.06_false-termination.c__p22029_edge_closing_0.smt2 : 1079296 ms.
--------------------------------------------------
Number of variables: 34891
Number of clauses: 178222
sat
real sat
../New_SAT_split/QF_NIA_2_1/20170427-VeryMax/CInteger/Stroeder_15__ChenFlurMukhopadhyay-SAS2012-Ex3.06_false-termination.c__p22031_edge_closing_0.smt2 : 9022 ms.
--------------------------------------------------
Number of variables: 56440
Number of clauses: 287787
sat
real sat
../New_SAT_split/QF_NIA_2_1/20170427-VeryMax/CInteger/Stroeder_15__ChenFlurMukhopadhyay-SAS2012-Ex3.06_false-termination.c__p22032_edge_closing_0.smt2 : 31191 ms.
--------------------------------------------------
Number of variables: 4970
Number of clauses: 21048
sat
real sat
../New_SAT_split/QF_NIA_2_1/20170427-VeryMax/CInteger/Stroeder_15__ChenFlurMukhopadhyay-SAS2012-Ex3.07_true-termination.c__p22045_terminationG_0.smt2 : 196 ms.
--------------------------------------------------
Number of variables: 5189
Number of clauses: 22828
sat
real sat
../New_SAT_split/QF_NIA_2_1/20170427-VeryMax/CInteger/Stroeder_15__ChenFlurMukhopadhyay-SAS2012-Ex3.08_true-termination.c__p22056_terminationG_0.smt2 : 51 ms.
--------------------------------------------------
Number of variables: 8944
Number of clauses: 39947
sat
real sat
../New_SAT_split/QF_NIA_2_1/20170427-VeryMax/CInteger/Stroeder_15__ChenFlurMukhopadhyay-SAS2012-Ex3.08_true-termination.c__p22062_terminationG_0.smt2 : 187 ms.
--------------------------------------------------
Number of variables: 8933
Number of clauses: 39910
sat
real sat
../New_SAT_split/QF_NIA_2_1/20170427-VeryMax/CInteger/Stroeder_15__ChenFlurMukhopadhyay-SAS2012-Ex3.08_true-termination.c__p22067_terminationG_0.smt2 : 255 ms.
--------------------------------------------------
Number of variables: 7228
Number of clauses: 32174
sat
real sat
../New_SAT_split/QF_NIA_2_1/20170427-VeryMax/CInteger/Stroeder_15__ChenFlurMukhopadhyay-SAS2012-Ex4.01_true-termination.c__p22103_terminationG_0.smt2 : 248 ms.
--------------------------------------------------
Number of variables: 12044
Number of clauses: 54266
sat
real sat
../New_SAT_split/QF_NIA_2_1/20170427-VeryMax/CInteger/Stroeder_15__ChenFlurMukhopadhyay-SAS2012-Ex4.01_true-termination.c__p22104_terminationG_0.smt2 : 1210 ms.
--------------------------------------------------
Number of variables: 12459
Number of clauses: 56353
sat
real sat
../New_SAT_split/QF_NIA_2_1/20170427-VeryMax/CInteger/Stroeder_15__ChenFlurMukhopadhyay-SAS2012-Ex4.01_true-termination.c__p22109_terminationG_0.smt2 : 2042 ms.
--------------------------------------------------
Number of variables: 7593
Number of clauses: 33973
sat
real sat
../New_SAT_split/QF_NIA_2_1/20170427-VeryMax/CInteger/Stroeder_15__ChenFlurMukhopadhyay-SAS2012-Ex4.01_true-termination.c__p22113_terminationG_0.smt2 : 1083 ms.
--------------------------------------------------
Number of variables: 12490
Number of clauses: 56462
sat
real sat
../New_SAT_split/QF_NIA_2_1/20170427-VeryMax/CInteger/Stroeder_15__ChenFlurMukhopadhyay-SAS2012-Ex4.01_true-termination.c__p22114_terminationG_0.smt2 : 9962 ms.
--------------------------------------------------
Number of variables: 8209
Number of clauses: 37411
sat
real sat
../New_SAT_split/QF_NIA_2_1/20170427-VeryMax/CInteger/Stroeder_15__ChenFlurMukhopadhyay-SAS2012-Ex4.01_true-termination.c__p22118_terminationG_0.smt2 : 4021 ms.
--------------------------------------------------
Number of variables: 13288
Number of clauses: 61016
sat
real sat
../New_SAT_split/QF_NIA_2_1/20170427-VeryMax/CInteger/Stroeder_15__ChenFlurMukhopadhyay-SAS2012-Ex4.01_true-termination.c__p22119_terminationG_0.smt2 : 10787 ms.
--------------------------------------------------
Number of variables: 4861
Number of clauses: 22931
sat
real sat
../New_SAT_split/QF_NIA_2_1/20170427-VeryMax/CInteger/Stroeder_15__ChenFlurMukhopadhyay-SAS2012-Ex4.01_true-termination.c__p22122_terminationG_0.smt2 : 153 ms.
--------------------------------------------------
Number of variables: 8892
Number of clauses: 41639
sat
real sat
../New_SAT_split/QF_NIA_2_1/20170427-VeryMax/CInteger/Stroeder_15__ChenFlurMukhopadhyay-SAS2012-Ex4.01_true-termination.c__p22123_terminationG_0.smt2 : 2576 ms.
--------------------------------------------------
Number of variables: 14189
Number of clauses: 66718
sat
real sat
../New_SAT_split/QF_NIA_2_1/20170427-VeryMax/CInteger/Stroeder_15__ChenFlurMukhopadhyay-SAS2012-Ex4.01_true-termination.c__p22124_terminationG_0.smt2 : 9753 ms.
--------------------------------------------------
Number of variables: 15227
Number of clauses: 73851
sat
real sat
../New_SAT_split/QF_NIA_2_1/20170427-VeryMax/CInteger/Stroeder_15__ChenFlurMukhopadhyay-SAS2012-Ex4.01_true-termination.c__p22129_terminationG_0.smt2 : 10519 ms.
--------------------------------------------------
Number of variables: 5104
Number of clauses: 22004
sat
real sat
../New_SAT_split/QF_NIA_2_1/20170427-VeryMax/CInteger/Stroeder_15__ChenFlurMukhopadhyay-SAS2012-Fig1_true-termination.c__p22142_terminationG_0.smt2 : 61 ms.
--------------------------------------------------
Number of variables: 5094
Number of clauses: 21970
sat
real sat
../New_SAT_split/QF_NIA_2_1/20170427-VeryMax/CInteger/Stroeder_15__ChenFlurMukhopadhyay-SAS2012-Fig1_true-termination.c__p22147_terminationG_0.smt2 : 178 ms.
--------------------------------------------------
Number of variables: 8769
Number of clauses: 38587
sat
real sat
../New_SAT_split/QF_NIA_2_1/20170427-VeryMax/CInteger/Stroeder_15__ChenFlurMukhopadhyay-SAS2012-Fig1_true-termination.c__p22148_terminationG_0.smt2 : 1534 ms.
--------------------------------------------------
Number of variables: 18746
Number of clauses: 85455
sat
real sat
../New_SAT_split/QF_NIA_2_1/20170427-VeryMax/CInteger/Stroeder_15__ChenFlurMukhopadhyay-SAS2012-Fig1_true-termination.c__p22155_terminationG_0.smt2 : 4181 ms.
--------------------------------------------------
Number of variables: 15611
Number of clauses: 72192
sat
real sat
../New_SAT_split/QF_NIA_2_1/20170427-VeryMax/CInteger/Stroeder_15__ChenFlurMukhopadhyay-SAS2012-Fig1_true-termination.c__p22160_terminationG_0.smt2 : 8963 ms.
--------------------------------------------------
Number of variables: 23953
Number of clauses: 111135
sat
real sat
../New_SAT_split/QF_NIA_2_1/20170427-VeryMax/CInteger/Stroeder_15__ChenFlurMukhopadhyay-SAS2012-Fig1_true-termination.c__p22169_terminationG_0.smt2 : 2908 ms.
--------------------------------------------------
Number of variables: 41387
Number of clauses: 193117
sat
real sat
../New_SAT_split/QF_NIA_2_1/20170427-VeryMax/CInteger/Stroeder_15__ChenFlurMukhopadhyay-SAS2012-Fig1_true-termination.c__p22170_terminationG_0.smt2 : 5218 ms.
--------------------------------------------------
Number of variables: 6389
Number of clauses: 29353
sat
real sat
../New_SAT_split/QF_NIA_2_1/20170427-VeryMax/CInteger/Stroeder_15__Choose.c__p22189_edge_closing_0.smt2 : 161 ms.
--------------------------------------------------
Number of variables: 5555
Number of clauses: 25152
sat
real sat
../New_SAT_split/QF_NIA_2_1/20170427-VeryMax/CInteger/Stroeder_15__ChooseLife.c__p22206_edge_closing_0.smt2 : 68 ms.
--------------------------------------------------
Number of variables: 10025
Number of clauses: 43838
sat
real sat
../New_SAT_split/QF_NIA_2_1/20170427-VeryMax/CInteger/Stroeder_15__collatz.c__p22222_edge_closing_0.smt2 : 217 ms.
--------------------------------------------------
Number of variables: 7460
Number of clauses: 34193
sat
real sat
../New_SAT_split/QF_NIA_2_1/20170427-VeryMax/CInteger/Stroeder_15__ComplInterv3.c__p22271_terminationG_0.smt2 : 197 ms.
--------------------------------------------------
Number of variables: 23359
Number of clauses: 110183
sat
real sat
../New_SAT_split/QF_NIA_2_1/20170427-VeryMax/CInteger/Stroeder_15__ComplxStruc.c__p22332_terminationG_0.smt2 : 2240 ms.
--------------------------------------------------
Number of variables: 13244
Number of clauses: 62040
sat
real sat
../New_SAT_split/QF_NIA_2_1/20170427-VeryMax/CInteger/Stroeder_15__ComplxStruc.c__p22336_terminationG_0.smt2 : 123 ms.
--------------------------------------------------
Number of variables: 23379
Number of clauses: 110224
sat
real sat
../New_SAT_split/QF_NIA_2_1/20170427-VeryMax/CInteger/Stroeder_15__ComplxStruc.c__p22337_terminationG_0.smt2 : 1215 ms.
--------------------------------------------------
Number of variables: 31345
Number of clauses: 161555
unsat in 2 bits.
Number of variables: 52345
Number of clauses: 273978
unsat in 4 bits.
Number of variables: 122763
Number of clauses: 680168
unsat in 8 bits.
Number of variables: 374295
Number of clauses: 2193728
sat
real sat
../New_SAT_split/QF_NIA_2_1/20170427-VeryMax/CInteger/Stroeder_15__ComplxStruc.c__p22365_edge_closing_0.smt2 : 1276222 ms.
--------------------------------------------------
Number of variables: 12979
Number of clauses: 58889
sat
real sat
../New_SAT_split/QF_NIA_2_1/20170427-VeryMax/CInteger/Stroeder_15__CookSeeZuleger-TACAS2013-Fig8a-modified_true-termination.c__p22401_terminationG_0.smt2 : 886 ms.
--------------------------------------------------
Number of variables: 7390
Number of clauses: 32877
sat
real sat
../New_SAT_split/QF_NIA_2_1/20170427-VeryMax/CInteger/Stroeder_15__CookSeeZuleger-TACAS2013-Fig8b_true-termination.c__p22418_terminationG_0.smt2 : 305 ms.
--------------------------------------------------
Number of variables: 12800
Number of clauses: 57810
sat
real sat
../New_SAT_split/QF_NIA_2_1/20170427-VeryMax/CInteger/Stroeder_15__CookSeeZuleger-TACAS2013-Fig8b_true-termination.c__p22419_terminationG_0.smt2 : 2238 ms.
--------------------------------------------------
Number of variables: 10144
Number of clauses: 45748
sat
real sat
../New_SAT_split/QF_NIA_2_1/20170427-VeryMax/CInteger/Stroeder_15__CookSeeZuleger-TACAS2013-Fig8b_true-termination.c__p22424_terminationG_0.smt2 : 700 ms.
--------------------------------------------------
Number of variables: 12200
Number of clauses: 54132
sat
real sat
../New_SAT_split/QF_NIA_2_1/20170427-VeryMax/CInteger/Stroeder_15__DivWithoutMinus.c__p22480_terminationG_0.smt2 : 453 ms.
--------------------------------------------------
Number of variables: 21126
Number of clauses: 95159
sat
real sat
../New_SAT_split/QF_NIA_2_1/20170427-VeryMax/CInteger/Stroeder_15__DivWithoutMinus.c__p22481_terminationG_0.smt2 : 1280 ms.
--------------------------------------------------
Number of variables: 14356
Number of clauses: 67164
sat
real sat
../New_SAT_split/QF_NIA_2_1/20170427-VeryMax/CInteger/Stroeder_15__DivWithoutMinus.c__p22484_terminationG_0.smt2 : 1480 ms.
--------------------------------------------------
Number of variables: 29983
Number of clauses: 139497
sat
real sat
../New_SAT_split/QF_NIA_2_1/20170427-VeryMax/CInteger/Stroeder_15__DivWithoutMinus.c__p22485_terminationG_0.smt2 : 1099 ms.
--------------------------------------------------
Number of variables: 22872
Number of clauses: 105867
sat
real sat
../New_SAT_split/QF_NIA_2_1/20170427-VeryMax/CInteger/Stroeder_15__DivWithoutMinus.c__p22491_terminationG_0.smt2 : 1092 ms.
--------------------------------------------------
Number of variables: 68345
Number of clauses: 341945
unsat in 2 bits.
Number of variables: 134709
Number of clauses: 690881
unsat in 4 bits.
Number of variables: 361769
Number of clauses: 1986473
unsat in 8 bits.
Number of variables: 1192593
Number of clauses: 6963449
sat
real sat
../New_SAT_split/QF_NIA_2_1/20170427-VeryMax/CInteger/Stroeder_15__DivWithoutMinus.c__p22514_edge_closing_0.smt2 : 500180 ms.
--------------------------------------------------
Number of variables: 9724
Number of clauses: 44228
sat
real sat
../New_SAT_split/QF_NIA_2_1/20170427-VeryMax/CInteger/Stroeder_15__DivWithoutMinus.c__p22516_edge_closing_0.smt2 : 189 ms.
--------------------------------------------------
Number of variables: 17775
Number of clauses: 81960
sat
real sat
../New_SAT_split/QF_NIA_2_1/20170427-VeryMax/CInteger/Stroeder_15__DivWithoutMinus.c__p22517_edge_closing_0.smt2 : 1918 ms.
--------------------------------------------------
Number of variables: 17009
Number of clauses: 78481
sat
real sat
../New_SAT_split/QF_NIA_2_1/20170427-VeryMax/CInteger/Stroeder_15__DivWithoutMinus.c__p22520_edge_closing_0.smt2 : 316 ms.
--------------------------------------------------
Number of variables: 8617
Number of clauses: 39413
sat
real sat
../New_SAT_split/QF_NIA_2_1/20170427-VeryMax/CInteger/Stroeder_15__DivWithoutMinus.c__p22522_edge_closing_0.smt2 : 159 ms.
--------------------------------------------------
Number of variables: 16185
Number of clauses: 75038
sat
real sat
../New_SAT_split/QF_NIA_2_1/20170427-VeryMax/CInteger/Stroeder_15__DivWithoutMinus.c__p22523_edge_closing_0.smt2 : 5691 ms.
--------------------------------------------------
Number of variables: 6823
Number of clauses: 30848
sat
real sat
../New_SAT_split/QF_NIA_2_1/20170427-VeryMax/CInteger/Stroeder_15__Et1.c__p22575_terminationG_0.smt2 : 117 ms.
--------------------------------------------------
Number of variables: 6991
Number of clauses: 31623
sat
real sat
../New_SAT_split/QF_NIA_2_1/20170427-VeryMax/CInteger/Stroeder_15__Et1.c__p22590_terminationG_0.smt2 : 2458 ms.
--------------------------------------------------
Number of variables: 4199
Number of clauses: 18934
sat
real sat
../New_SAT_split/QF_NIA_2_1/20170427-VeryMax/CInteger/Stroeder_15__Et1.c__p22594_terminationG_0.smt2 : 126 ms.
--------------------------------------------------
Number of variables: 7072
Number of clauses: 32193
sat
real sat
../New_SAT_split/QF_NIA_2_1/20170427-VeryMax/CInteger/Stroeder_15__Et1.c__p22595_terminationG_0.smt2 : 2135 ms.
--------------------------------------------------
Number of variables: 6425
Number of clauses: 28257
sat
real sat
../New_SAT_split/QF_NIA_2_1/20170427-VeryMax/CInteger/Stroeder_15__Et2.c__p22613_edge_closing_0.smt2 : 133 ms.
--------------------------------------------------
Number of variables: 14131
Number of clauses: 64575
sat
real sat
../New_SAT_split/QF_NIA_2_1/20170427-VeryMax/CInteger/Stroeder_15__Et4.c__p22653_edge_closing_0.smt2 : 5915 ms.
--------------------------------------------------
Number of variables: 7732
Number of clauses: 34989
sat
real sat
../New_SAT_split/QF_NIA_2_1/20170427-VeryMax/CInteger/Stroeder_15__Et4.c__p22658_edge_closing_0.smt2 : 825 ms.
--------------------------------------------------
Number of variables: 12541
Number of clauses: 57522
sat
real sat
../New_SAT_split/QF_NIA_2_1/20170427-VeryMax/CInteger/Stroeder_15__Et4.c__p22659_edge_closing_0.smt2 : 2885 ms.
--------------------------------------------------
Number of variables: 5965
Number of clauses: 26951
sat
real sat
../New_SAT_split/QF_NIA_2_1/20170427-VeryMax/CInteger/Stroeder_15__Ex06.c__p22785_edge_closing_0.smt2 : 104 ms.
--------------------------------------------------
Number of variables: 13210
Number of clauses: 62051
unsat in 2 bits.
Number of variables: 26286
Number of clauses: 130302
sat
real sat
../New_SAT_split/QF_NIA_2_1/20170427-VeryMax/CInteger/Stroeder_15__Ex08.c__p22818_terminationG_0.smt2 : 7990 ms.
--------------------------------------------------
Number of variables: 25934
Number of clauses: 121447
unsat in 2 bits.
Number of variables: 56576
Number of clauses: 281250
sat
real sat
../New_SAT_split/QF_NIA_2_1/20170427-VeryMax/CInteger/Stroeder_15__Ex08.c__p22819_terminationG_0.smt2 : 64885 ms.
--------------------------------------------------
Number of variables: 43236
Number of clauses: 203776
unsat in 2 bits.
Number of variables: 98010
Number of clauses: 489634
sat
real sat
../New_SAT_split/QF_NIA_2_1/20170427-VeryMax/CInteger/Stroeder_15__Ex08.c__p22820_terminationG_0.smt2 : 49368 ms.
--------------------------------------------------
Number of variables: 26758
Number of clauses: 125925
sat
real sat
../New_SAT_split/QF_NIA_2_1/20170427-VeryMax/CInteger/Stroeder_15__Ex08.c__p22824_edge_closing_0.smt2 : 4832 ms.
--------------------------------------------------
Number of variables: 9491
Number of clauses: 41733
sat
real sat
../New_SAT_split/QF_NIA_2_1/20170427-VeryMax/CInteger/Stroeder_15__Factorial.c__p22836_terminationG_0.smt2 : 1225 ms.
--------------------------------------------------
Number of variables: 16569
Number of clauses: 74139
sat
real sat
../New_SAT_split/QF_NIA_2_1/20170427-VeryMax/CInteger/Stroeder_15__Factorial.c__p22837_terminationG_0.smt2 : 3196 ms.
--------------------------------------------------
Number of variables: 9537
Number of clauses: 42269
sat
real sat
../New_SAT_split/QF_NIA_2_1/20170427-VeryMax/CInteger/Stroeder_15__Fibonacci.c__p22867_terminationG_0.smt2 : 398 ms.
--------------------------------------------------
Number of variables: 16655
Number of clauses: 74997
sat
real sat
../New_SAT_split/QF_NIA_2_1/20170427-VeryMax/CInteger/Stroeder_15__Fibonacci.c__p22868_terminationG_0.smt2 : 3920 ms.
--------------------------------------------------
Number of variables: 14951
Number of clauses: 68898
sat
real sat
../New_SAT_split/QF_NIA_2_1/20170427-VeryMax/CInteger/Stroeder_15__Fibonacci.c__p22873_terminationG_0.smt2 : 10355 ms.
--------------------------------------------------
Number of variables: 18382
Number of clauses: 87498
sat
real sat
../New_SAT_split/QF_NIA_2_1/20170427-VeryMax/CInteger/Stroeder_15__Fibonacci.c__p22879_terminationG_0.smt2 : 4630 ms.
--------------------------------------------------
Number of variables: 32137
Number of clauses: 153485
sat
real sat
../New_SAT_split/QF_NIA_2_1/20170427-VeryMax/CInteger/Stroeder_15__Fibonacci.c__p22880_terminationG_0.smt2 : 6281 ms.
--------------------------------------------------
Number of variables: 12200
Number of clauses: 55536
sat
real sat
../New_SAT_split/QF_NIA_2_1/20170427-VeryMax/CInteger/Stroeder_15__Flip2.c__p22917_terminationG_0.smt2 : 209 ms.
--------------------------------------------------
Number of variables: 20553
Number of clauses: 94401
sat
real sat
../New_SAT_split/QF_NIA_2_1/20170427-VeryMax/CInteger/Stroeder_15__Flip2.c__p22918_terminationG_0.smt2 : 532 ms.
--------------------------------------------------
Number of variables: 13882
Number of clauses: 64974
sat
real sat
../New_SAT_split/QF_NIA_2_1/20170427-VeryMax/CInteger/Stroeder_15__Flip2.c__p22927_terminationG_0.smt2 : 404 ms.
--------------------------------------------------
Number of variables: 22726
Number of clauses: 106684
sat
real sat
../New_SAT_split/QF_NIA_2_1/20170427-VeryMax/CInteger/Stroeder_15__Flip2.c__p22933_terminationG_0.smt2 : 4516 ms.
--------------------------------------------------
Number of variables: 16994
Number of clauses: 78858
sat
real sat
../New_SAT_split/QF_NIA_2_1/20170427-VeryMax/CInteger/Stroeder_15__Flip2.c__p22942_edge_closing_0.smt2 : 10467 ms.
--------------------------------------------------
Number of variables: 14678
Number of clauses: 67515
sat
real sat
../New_SAT_split/QF_NIA_2_1/20170427-VeryMax/CInteger/Stroeder_15__Flip.c__p22994_terminationG_0.smt2 : 1453 ms.
--------------------------------------------------
Number of variables: 13589
Number of clauses: 61681
sat
real sat
../New_SAT_split/QF_NIA_2_1/20170427-VeryMax/CInteger/Stroeder_15__Flip.c__p23033_edge_closing_0.smt2 : 1731 ms.
--------------------------------------------------
Number of variables: 5436
Number of clauses: 23873
sat
real sat
../New_SAT_split/QF_NIA_2_1/20170427-VeryMax/CInteger/Stroeder_15__Gauss.c__p23050_terminationG_0.smt2 : 133 ms.
--------------------------------------------------
Number of variables: 4887
Number of clauses: 21415
sat
real sat
../New_SAT_split/QF_NIA_2_1/20170427-VeryMax/CInteger/Stroeder_15__Gauss.c__p23080_edge_closing_0.smt2 : 258 ms.
--------------------------------------------------
Number of variables: 15872
Number of clauses: 79701
unsat in 2 bits.
Number of variables: 26792
Number of clauses: 138678
unsat in 4 bits.
Number of variables: 63416
Number of clauses: 350438
unsat in 8 bits.
Number of variables: 195422
Number of clauses: 1146078
sat
real sat
../New_SAT_split/QF_NIA_2_1/20170427-VeryMax/CInteger/Stroeder_15__Gauss.c__p23084_edge_closing_0.smt2 : 166481 ms.
--------------------------------------------------
Number of variables: 50204
Number of clauses: 224678
sat
real sat
../New_SAT_split/QF_NIA_2_1/20170427-VeryMax/CInteger/Stroeder_15__GCD2.c__p23102_terminationG_0.smt2 : 1613 ms.
--------------------------------------------------
Number of variables: 28707
Number of clauses: 126156
sat
real sat
../New_SAT_split/QF_NIA_2_1/20170427-VeryMax/CInteger/Stroeder_15__GCD2.c__p23106_terminationG_0.smt2 : 407 ms.
--------------------------------------------------
Number of variables: 50272
Number of clauses: 224755
sat
real sat
../New_SAT_split/QF_NIA_2_1/20170427-VeryMax/CInteger/Stroeder_15__GCD2.c__p23107_terminationG_0.smt2 : 749 ms.
--------------------------------------------------
Number of variables: 13161
Number of clauses: 56947
sat
real sat
../New_SAT_split/QF_NIA_2_1/20170427-VeryMax/CInteger/Stroeder_15__GCD2.c__p23110_terminationG_0.smt2 : 461 ms.
--------------------------------------------------
Number of variables: 28714
Number of clauses: 126162
sat
real sat
../New_SAT_split/QF_NIA_2_1/20170427-VeryMax/CInteger/Stroeder_15__GCD2.c__p23111_terminationG_0.smt2 : 3036 ms.
--------------------------------------------------
Number of variables: 50282
Number of clauses: 224762
sat
real sat
../New_SAT_split/QF_NIA_2_1/20170427-VeryMax/CInteger/Stroeder_15__GCD2.c__p23112_terminationG_0.smt2 : 13969 ms.
--------------------------------------------------
Number of variables: 23602
Number of clauses: 104128
sat
real sat
../New_SAT_split/QF_NIA_2_1/20170427-VeryMax/CInteger/Stroeder_15__GCD2.c__p23116_terminationG_0.smt2 : 2005 ms.
--------------------------------------------------
Number of variables: 41090
Number of clauses: 184262
sat
real sat
../New_SAT_split/QF_NIA_2_1/20170427-VeryMax/CInteger/Stroeder_15__GCD2.c__p23117_terminationG_0.smt2 : 10726 ms.
--------------------------------------------------
Number of variables: 17320
Number of clauses: 75061
sat
real sat
../New_SAT_split/QF_NIA_2_1/20170427-VeryMax/CInteger/Stroeder_15__GCD2.c__p23125_edge_closing_0.smt2 : 1632 ms.
--------------------------------------------------
Number of variables: 34412
Number of clauses: 153072
sat
real sat
../New_SAT_split/QF_NIA_2_1/20170427-VeryMax/CInteger/Stroeder_15__GCD2.c__p23126_edge_closing_0.smt2 : 4099 ms.
--------------------------------------------------
Number of variables: 15998
Number of clauses: 70286
sat
real sat
../New_SAT_split/QF_NIA_2_1/20170427-VeryMax/CInteger/Stroeder_15__GCD2.c__p23132_edge_closing_0.smt2 : 1951 ms.
--------------------------------------------------
Number of variables: 32434
Number of clauses: 145880
sat
real sat
../New_SAT_split/QF_NIA_2_1/20170427-VeryMax/CInteger/Stroeder_15__GCD2.c__p23133_edge_closing_0.smt2 : 3446 ms.
--------------------------------------------------
Number of variables: 20421
Number of clauses: 89270
sat
real sat
../New_SAT_split/QF_NIA_2_1/20170427-VeryMax/CInteger/Stroeder_15__GCD.c__p23156_terminationG_0.smt2 : 158 ms.
--------------------------------------------------
Number of variables: 44929
Number of clauses: 198778
sat
real sat
../New_SAT_split/QF_NIA_2_1/20170427-VeryMax/CInteger/Stroeder_15__GCD.c__p23157_terminationG_0.smt2 : 4304 ms.
--------------------------------------------------
Number of variables: 79058
Number of clauses: 355281
sat
real sat
../New_SAT_split/QF_NIA_2_1/20170427-VeryMax/CInteger/Stroeder_15__GCD.c__p23158_terminationG_0.smt2 : 11872 ms.
--------------------------------------------------
Number of variables: 17758
Number of clauses: 79205
sat
real sat
../New_SAT_split/QF_NIA_2_1/20170427-VeryMax/CInteger/Stroeder_15__GCD.c__p23167_terminationG_0.smt2 : 358 ms.
--------------------------------------------------
Number of variables: 30850
Number of clauses: 139378
sat
real sat
../New_SAT_split/QF_NIA_2_1/20170427-VeryMax/CInteger/Stroeder_15__GCD.c__p23168_terminationG_0.smt2 : 1750 ms.
--------------------------------------------------
Number of variables: 12825
Number of clauses: 57465
sat
real sat
../New_SAT_split/QF_NIA_2_1/20170427-VeryMax/CInteger/Stroeder_15__GCD.c__p23172_terminationG_0.smt2 : 2863 ms.
--------------------------------------------------
Number of variables: 21841
Number of clauses: 98928
sat
real sat
../New_SAT_split/QF_NIA_2_1/20170427-VeryMax/CInteger/Stroeder_15__GCD.c__p23173_terminationG_0.smt2 : 770 ms.
--------------------------------------------------
Number of variables: 28792
Number of clauses: 128897
sat
real sat
../New_SAT_split/QF_NIA_2_1/20170427-VeryMax/CInteger/Stroeder_15__GCD.c__p23178_terminationG_0.smt2 : 1849 ms.
--------------------------------------------------
Number of variables: 60832
Number of clauses: 273426
sat
real sat
../New_SAT_split/QF_NIA_2_1/20170427-VeryMax/CInteger/Stroeder_15__GCD.c__p23179_terminationG_0.smt2 : 9231 ms.
--------------------------------------------------
Number of variables: 104931
Number of clauses: 476953
sat
real sat
../New_SAT_split/QF_NIA_2_1/20170427-VeryMax/CInteger/Stroeder_15__GCD.c__p23180_terminationG_0.smt2 : 10606 ms.
--------------------------------------------------
Number of variables: 16096
Number of clauses: 72457
sat
real sat
../New_SAT_split/QF_NIA_2_1/20170427-VeryMax/CInteger/Stroeder_15__GCD.c__p23183_terminationG_0.smt2 : 291 ms.
--------------------------------------------------
Number of variables: 34630
Number of clauses: 156252
sat
real sat
../New_SAT_split/QF_NIA_2_1/20170427-VeryMax/CInteger/Stroeder_15__GCD.c__p23184_terminationG_0.smt2 : 690 ms.
--------------------------------------------------
Number of variables: 60364
Number of clauses: 275163
sat
real sat
../New_SAT_split/QF_NIA_2_1/20170427-VeryMax/CInteger/Stroeder_15__GCD.c__p23185_terminationG_0.smt2 : 6771 ms.
--------------------------------------------------
Number of variables: 14997
Number of clauses: 68130
sat
real sat
../New_SAT_split/QF_NIA_2_1/20170427-VeryMax/CInteger/Stroeder_15__GCD.c__p23189_terminationG_0.smt2 : 3539 ms.
--------------------------------------------------
Number of variables: 24829
Number of clauses: 113657
sat
real sat
../New_SAT_split/QF_NIA_2_1/20170427-VeryMax/CInteger/Stroeder_15__GCD.c__p23190_terminationG_0.smt2 : 7782 ms.
--------------------------------------------------
Number of variables: 21010
Number of clauses: 94568
sat
real sat
../New_SAT_split/QF_NIA_2_1/20170427-VeryMax/CInteger/Stroeder_15__GCD.c__p23200_terminationG_0.smt2 : 1276 ms.
--------------------------------------------------
Number of variables: 43939
Number of clauses: 198240
sat
real sat
../New_SAT_split/QF_NIA_2_1/20170427-VeryMax/CInteger/Stroeder_15__GCD.c__p23201_terminationG_0.smt2 : 702 ms.
--------------------------------------------------
Number of variables: 75298
Number of clauses: 343130
sat
real sat
../New_SAT_split/QF_NIA_2_1/20170427-VeryMax/CInteger/Stroeder_15__GCD.c__p23202_terminationG_0.smt2 : 8490 ms.
--------------------------------------------------
Number of variables: 27304
Number of clauses: 123316
sat
real sat
../New_SAT_split/QF_NIA_2_1/20170427-VeryMax/CInteger/Stroeder_15__GCD.c__p23206_terminationG_0.smt2 : 2245 ms.
--------------------------------------------------
Number of variables: 45977
Number of clauses: 209598
sat
real sat
../New_SAT_split/QF_NIA_2_1/20170427-VeryMax/CInteger/Stroeder_15__GCD.c__p23207_terminationG_0.smt2 : 1417 ms.
--------------------------------------------------
Number of variables: 25290
Number of clauses: 112721
sat
real sat
../New_SAT_split/QF_NIA_2_1/20170427-VeryMax/CInteger/Stroeder_15__GCD.c__p23215_edge_closing_0.smt2 : 682 ms.
--------------------------------------------------
Number of variables: 49456
Number of clauses: 224443
sat
real sat
../New_SAT_split/QF_NIA_2_1/20170427-VeryMax/CInteger/Stroeder_15__GCD.c__p23216_edge_closing_0.smt2 : 7270 ms.
--------------------------------------------------
Number of variables: 9726
Number of clauses: 43003
sat
real sat
../New_SAT_split/QF_NIA_2_1/20170427-VeryMax/CInteger/Stroeder_15__GCD.c__p23222_edge_closing_0.smt2 : 1014 ms.
--------------------------------------------------
Number of variables: 19620
Number of clauses: 88549
sat
real sat
../New_SAT_split/QF_NIA_2_1/20170427-VeryMax/CInteger/Stroeder_15__GCD.c__p23223_edge_closing_0.smt2 : 2898 ms.
--------------------------------------------------
Number of variables: 12242
Number of clauses: 53822
sat
real sat
../New_SAT_split/QF_NIA_2_1/20170427-VeryMax/CInteger/Stroeder_15__Gothenburg_true-termination.c__p23242_terminationG_0.smt2 : 493 ms.
--------------------------------------------------
Number of variables: 21114
Number of clauses: 94235
sat
real sat
../New_SAT_split/QF_NIA_2_1/20170427-VeryMax/CInteger/Stroeder_15__Gothenburg_true-termination.c__p23243_terminationG_0.smt2 : 4235 ms.
--------------------------------------------------
Number of variables: 16521
Number of clauses: 75815
sat
real sat
../New_SAT_split/QF_NIA_2_1/20170427-VeryMax/CInteger/Stroeder_15__GulwaniJainKoskinen-PLDI2009-Fig1_true-termination.c__p23268_terminationG_0.smt2 : 1766 ms.
--------------------------------------------------
Number of variables: 27729
Number of clauses: 128270
sat
real sat
../New_SAT_split/QF_NIA_2_1/20170427-VeryMax/CInteger/Stroeder_15__GulwaniJainKoskinen-PLDI2009-Fig1_true-termination.c__p23269_terminationG_0.smt2 : 4171 ms.
--------------------------------------------------
Number of variables: 16240
Number of clauses: 74102
sat
real sat
../New_SAT_split/QF_NIA_2_1/20170427-VeryMax/CInteger/Stroeder_15__GulwaniJainKoskinen-PLDI2009-Fig1_true-termination.c__p23277_edge_closing_0.smt2 : 1843 ms.
--------------------------------------------------
Number of variables: 26970
Number of clauses: 124956
sat
real sat
../New_SAT_split/QF_NIA_2_1/20170427-VeryMax/CInteger/Stroeder_15__GulwaniJainKoskinen-PLDI2009-Fig1_true-termination.c__p23278_edge_closing_0.smt2 : 2530 ms.
--------------------------------------------------
Number of variables: 10409
Number of clauses: 47151
sat
real sat
../New_SAT_split/QF_NIA_2_1/20170427-VeryMax/CInteger/Stroeder_15__GulwaniJainKoskinen-PLDI2009-Fig1_true-termination.c__p23281_edge_closing_0.smt2 : 905 ms.
--------------------------------------------------
Number of variables: 17631
Number of clauses: 81304
sat
real sat
../New_SAT_split/QF_NIA_2_1/20170427-VeryMax/CInteger/Stroeder_15__GulwaniJainKoskinen-PLDI2009-Fig1_true-termination.c__p23282_edge_closing_0.smt2 : 1577 ms.
--------------------------------------------------
Number of variables: 15385
Number of clauses: 70018
sat
real sat
../New_SAT_split/QF_NIA_2_1/20170427-VeryMax/CInteger/Stroeder_15__GulwaniJainKoskinen-PLDI2009-Fig1_true-termination.c__p23284_edge_closing_0.smt2 : 1143 ms.
--------------------------------------------------
Number of variables: 25727
Number of clauses: 118906
sat
real sat
../New_SAT_split/QF_NIA_2_1/20170427-VeryMax/CInteger/Stroeder_15__GulwaniJainKoskinen-PLDI2009-Fig1_true-termination.c__p23285_edge_closing_0.smt2 : 2675 ms.
--------------------------------------------------
Number of variables: 11047
Number of clauses: 50269
sat
real sat
../New_SAT_split/QF_NIA_2_1/20170427-VeryMax/CInteger/Stroeder_15__GulwaniJainKoskinen-PLDI2009-Fig1_true-termination.c__p23288_edge_closing_0.smt2 : 195 ms.
--------------------------------------------------
Number of variables: 11067
Number of clauses: 50310
sat
real sat
../New_SAT_split/QF_NIA_2_1/20170427-VeryMax/CInteger/Stroeder_15__GulwaniJainKoskinen-PLDI2009-Fig1_true-termination.c__p23291_edge_closing_0.smt2 : 139 ms.
--------------------------------------------------
Number of variables: 21349
Number of clauses: 98886
sat
real sat
../New_SAT_split/QF_NIA_2_1/20170427-VeryMax/CInteger/Stroeder_15__GulwaniJainKoskinen-PLDI2009-Fig1_true-termination.c__p23319_edge_closing_0.smt2 : 1689 ms.
--------------------------------------------------
Number of variables: 11605
Number of clauses: 53215
unsat in 2 bits.
Number of variables: 27563
Number of clauses: 136472
sat
real sat
../New_SAT_split/QF_NIA_2_1/20170427-VeryMax/CInteger/Stroeder_15__GulwaniJainKoskinen-PLDI2009-Fig1_true-termination.c__p23322_edge_closing_0.smt2 : 19851 ms.
--------------------------------------------------
Number of variables: 13910
Number of clauses: 63355
sat
real sat
../New_SAT_split/QF_NIA_2_1/20170427-VeryMax/CInteger/Stroeder_15__GulwaniJainKoskinen-PLDI2009-Fig1_true-termination.c__p23328_edge_closing_0.smt2 : 1434 ms.
--------------------------------------------------
Number of variables: 7091
Number of clauses: 31943
sat
real sat
../New_SAT_split/QF_NIA_2_1/20170427-VeryMax/CInteger/Stroeder_15__GulwaniJainKoskinen-PLDI2009-Fig1_true-termination.c__p23330_edge_closing_0.smt2 : 90 ms.
--------------------------------------------------
Number of variables: 11605
Number of clauses: 53215
sat
real sat
../New_SAT_split/QF_NIA_2_1/20170427-VeryMax/CInteger/Stroeder_15__GulwaniJainKoskinen-PLDI2009-Fig1_true-termination.c__p23331_edge_closing_0.smt2 : 267 ms.
--------------------------------------------------
Number of variables: 16202
Number of clauses: 73803
sat
real sat
../New_SAT_split/QF_NIA_2_1/20170427-VeryMax/CInteger/Stroeder_15__GulwaniJainKoskinen-PLDI2009-Fig1_true-termination.c__p23336_edge_closing_0.smt2 : 414 ms.
--------------------------------------------------
Number of variables: 23984
Number of clauses: 111013
sat
real sat
../New_SAT_split/QF_NIA_2_1/20170427-VeryMax/CInteger/Stroeder_15__GulwaniJainKoskinen-PLDI2009-Fig1_true-termination.c__p23343_edge_closing_0.smt2 : 347 ms.
--------------------------------------------------
Number of variables: 7860
Number of clauses: 35730
sat
real sat
../New_SAT_split/QF_NIA_2_1/20170427-VeryMax/CInteger/Stroeder_15__GulwaniJainKoskinen-PLDI2009-Fig1_true-termination.c__p23345_edge_closing_0.smt2 : 697 ms.
--------------------------------------------------
Number of variables: 12682
Number of clauses: 58580
sat
real sat
../New_SAT_split/QF_NIA_2_1/20170427-VeryMax/CInteger/Stroeder_15__GulwaniJainKoskinen-PLDI2009-Fig1_true-termination.c__p23346_edge_closing_0.smt2 : 1155 ms.
--------------------------------------------------
Number of variables: 12979
Number of clauses: 59791
sat
real sat
../New_SAT_split/QF_NIA_2_1/20170427-VeryMax/CInteger/Stroeder_15__GulwaniJainKoskinen-PLDI2009-Fig1_true-termination.c__p23354_edge_closing_0.smt2 : 746 ms.
--------------------------------------------------
Number of variables: 23951
Number of clauses: 110771
sat
real sat
../New_SAT_split/QF_NIA_2_1/20170427-VeryMax/CInteger/Stroeder_15__GulwaniJainKoskinen-PLDI2009-Fig1_true-termination.c__p23367_edge_closing_0.smt2 : 523 ms.
--------------------------------------------------
Number of variables: 32015
Number of clauses: 149145
sat
real sat
../New_SAT_split/QF_NIA_2_1/20170427-VeryMax/CInteger/Stroeder_15__GulwaniJainKoskinen-PLDI2009-Fig1_true-termination.c__p23403_edge_closing_0.smt2 : 5864 ms.
--------------------------------------------------
Number of variables: 19964
Number of clauses: 93070
sat
real sat
../New_SAT_split/QF_NIA_2_1/20170427-VeryMax/CInteger/Stroeder_15__GulwaniJainKoskinen-PLDI2009-Fig1_true-termination.c__p23406_edge_closing_0.smt2 : 1528 ms.
--------------------------------------------------
Number of variables: 31794
Number of clauses: 148199
sat
real sat
../New_SAT_split/QF_NIA_2_1/20170427-VeryMax/CInteger/Stroeder_15__GulwaniJainKoskinen-PLDI2009-Fig1_true-termination.c__p23412_edge_closing_0.smt2 : 635 ms.
--------------------------------------------------
Number of variables: 41151
Number of clauses: 192490
sat
real sat
../New_SAT_split/QF_NIA_2_1/20170427-VeryMax/CInteger/Stroeder_15__GulwaniJainKoskinen-PLDI2009-Fig1_true-termination.c__p23421_edge_closing_0.smt2 : 7310 ms.
--------------------------------------------------
Number of variables: 8117
Number of clauses: 36463
sat
real sat
../New_SAT_split/QF_NIA_2_1/20170427-VeryMax/CInteger/Stroeder_15__GulwaniJainKoskinen-PLDI2009-Fig1_true-termination.c__p23429_edge_closing_0.smt2 : 428 ms.
--------------------------------------------------
Number of variables: 13128
Number of clauses: 60045
sat
real sat
../New_SAT_split/QF_NIA_2_1/20170427-VeryMax/CInteger/Stroeder_15__GulwaniJainKoskinen-PLDI2009-Fig1_true-termination.c__p23430_edge_closing_0.smt2 : 1560 ms.
--------------------------------------------------
Number of variables: 7110
Number of clauses: 32133
sat
real sat
../New_SAT_split/QF_NIA_2_1/20170427-VeryMax/CInteger/Stroeder_15__GulwaniJainKoskinen-PLDI2009-Fig1_true-termination.c__p23432_edge_closing_0.smt2 : 1141 ms.
--------------------------------------------------
Number of variables: 11633
Number of clauses: 53521
sat
real sat
../New_SAT_split/QF_NIA_2_1/20170427-VeryMax/CInteger/Stroeder_15__GulwaniJainKoskinen-PLDI2009-Fig1_true-termination.c__p23433_edge_closing_0.smt2 : 1500 ms.
--------------------------------------------------
Number of variables: 14959
Number of clauses: 68100
sat
real sat
../New_SAT_split/QF_NIA_2_1/20170427-VeryMax/CInteger/Stroeder_15__GulwaniJainKoskinen-PLDI2009-Fig1_true-termination.c__p23438_edge_closing_0.smt2 : 1385 ms.
--------------------------------------------------
Number of variables: 24122
Number of clauses: 111509
sat
real sat
../New_SAT_split/QF_NIA_2_1/20170427-VeryMax/CInteger/Stroeder_15__GulwaniJainKoskinen-PLDI2009-Fig1_true-termination.c__p23439_edge_closing_0.smt2 : 2546 ms.
--------------------------------------------------
Number of variables: 12751
Number of clauses: 58310
sat
real sat
../New_SAT_split/QF_NIA_2_1/20170427-VeryMax/CInteger/Stroeder_15__GulwaniJainKoskinen-PLDI2009-Fig1_true-termination.c__p23441_edge_closing_0.smt2 : 1484 ms.
--------------------------------------------------
Number of variables: 20926
Number of clauses: 97235
sat
real sat
../New_SAT_split/QF_NIA_2_1/20170427-VeryMax/CInteger/Stroeder_15__GulwaniJainKoskinen-PLDI2009-Fig1_true-termination.c__p23442_edge_closing_0.smt2 : 1768 ms.
--------------------------------------------------
Number of variables: 12289
Number of clauses: 56467
sat
real sat
../New_SAT_split/QF_NIA_2_1/20170427-VeryMax/CInteger/Stroeder_15__GulwaniJainKoskinen-PLDI2009-Fig1_true-termination.c__p23444_edge_closing_0.smt2 : 351 ms.
--------------------------------------------------
Number of variables: 20190
Number of clauses: 94191
sat
real sat
../New_SAT_split/QF_NIA_2_1/20170427-VeryMax/CInteger/Stroeder_15__GulwaniJainKoskinen-PLDI2009-Fig1_true-termination.c__p23445_edge_closing_0.smt2 : 5377 ms.
--------------------------------------------------
Number of variables: 14221
Number of clauses: 64919
sat
real sat
../New_SAT_split/QF_NIA_2_1/20170427-VeryMax/CInteger/Stroeder_15__GulwaniJainKoskinen-PLDI2009-Fig1_true-termination.c__p23450_edge_closing_0.smt2 : 1068 ms.
--------------------------------------------------
Number of variables: 23071
Number of clauses: 106919
sat
real sat
../New_SAT_split/QF_NIA_2_1/20170427-VeryMax/CInteger/Stroeder_15__GulwaniJainKoskinen-PLDI2009-Fig1_true-termination.c__p23451_edge_closing_0.smt2 : 534 ms.
--------------------------------------------------
Number of variables: 20325
Number of clauses: 93332
sat
real sat
../New_SAT_split/QF_NIA_2_1/20170427-VeryMax/CInteger/Stroeder_15__GulwaniJainKoskinen-PLDI2009-Fig1_true-termination.c__p23459_edge_closing_0.smt2 : 1955 ms.
--------------------------------------------------
Number of variables: 32827
Number of clauses: 152869
sat
real sat
../New_SAT_split/QF_NIA_2_1/20170427-VeryMax/CInteger/Stroeder_15__GulwaniJainKoskinen-PLDI2009-Fig1_true-termination.c__p23460_edge_closing_0.smt2 : 3131 ms.
--------------------------------------------------
Number of variables: 12564
Number of clauses: 57338
sat
real sat
../New_SAT_split/QF_NIA_2_1/20170427-VeryMax/CInteger/Stroeder_15__GulwaniJainKoskinen-PLDI2009-Fig1_true-termination.c__p23471_edge_closing_0.smt2 : 1405 ms.
--------------------------------------------------
Number of variables: 20729
Number of clauses: 96183
sat
real sat
../New_SAT_split/QF_NIA_2_1/20170427-VeryMax/CInteger/Stroeder_15__GulwaniJainKoskinen-PLDI2009-Fig1_true-termination.c__p23472_edge_closing_0.smt2 : 6437 ms.
--------------------------------------------------
Number of variables: 19869
Number of clauses: 91211
sat
real sat
../New_SAT_split/QF_NIA_2_1/20170427-VeryMax/CInteger/Stroeder_15__GulwaniJainKoskinen-PLDI2009-Fig1_true-termination.c__p23477_edge_closing_0.smt2 : 628 ms.
--------------------------------------------------
Number of variables: 32186
Number of clauses: 149883
sat
real sat
../New_SAT_split/QF_NIA_2_1/20170427-VeryMax/CInteger/Stroeder_15__GulwaniJainKoskinen-PLDI2009-Fig1_true-termination.c__p23478_edge_closing_0.smt2 : 3110 ms.
--------------------------------------------------
Number of variables: 17661
Number of clauses: 81421
sat
real sat
../New_SAT_split/QF_NIA_2_1/20170427-VeryMax/CInteger/Stroeder_15__GulwaniJainKoskinen-PLDI2009-Fig1_true-termination.c__p23480_edge_closing_0.smt2 : 1316 ms.
--------------------------------------------------
Number of variables: 28990
Number of clauses: 135609
sat
real sat
../New_SAT_split/QF_NIA_2_1/20170427-VeryMax/CInteger/Stroeder_15__GulwaniJainKoskinen-PLDI2009-Fig1_true-termination.c__p23481_edge_closing_0.smt2 : 7204 ms.
--------------------------------------------------
Number of variables: 19131
Number of clauses: 88030
sat
real sat
../New_SAT_split/QF_NIA_2_1/20170427-VeryMax/CInteger/Stroeder_15__GulwaniJainKoskinen-PLDI2009-Fig1_true-termination.c__p23486_edge_closing_0.smt2 : 1821 ms.
--------------------------------------------------
Number of variables: 31135
Number of clauses: 145293
sat
real sat
../New_SAT_split/QF_NIA_2_1/20170427-VeryMax/CInteger/Stroeder_15__GulwaniJainKoskinen-PLDI2009-Fig1_true-termination.c__p23487_edge_closing_0.smt2 : 9049 ms.
--------------------------------------------------
Number of variables: 41357
Number of clauses: 193485
sat
real sat
../New_SAT_split/QF_NIA_2_1/20170427-VeryMax/CInteger/Stroeder_15__GulwaniJainKoskinen-PLDI2009-Fig1_true-termination.c__p23493_edge_closing_0.smt2 : 10006 ms.
--------------------------------------------------
Number of variables: 13662
Number of clauses: 62435
sat
real sat
../New_SAT_split/QF_NIA_2_1/20170427-VeryMax/CInteger/Stroeder_15__GulwaniJainKoskinen-PLDI2009-Fig1_true-termination.c__p23501_edge_closing_0.smt2 : 297 ms.
--------------------------------------------------
Number of variables: 22266
Number of clauses: 103322
sat
real sat
../New_SAT_split/QF_NIA_2_1/20170427-VeryMax/CInteger/Stroeder_15__GulwaniJainKoskinen-PLDI2009-Fig1_true-termination.c__p23502_edge_closing_0.smt2 : 981 ms.
--------------------------------------------------
Number of variables: 19766
Number of clauses: 90848
sat
real sat
../New_SAT_split/QF_NIA_2_1/20170427-VeryMax/CInteger/Stroeder_15__GulwaniJainKoskinen-PLDI2009-Fig1_true-termination.c__p23510_edge_closing_0.smt2 : 1831 ms.
--------------------------------------------------
Number of variables: 19609
Number of clauses: 90251
sat
real sat
../New_SAT_split/QF_NIA_2_1/20170427-VeryMax/CInteger/Stroeder_15__GulwaniJainKoskinen-PLDI2009-Fig1_true-termination.c__p23522_edge_closing_0.smt2 : 1615 ms.
--------------------------------------------------
Number of variables: 31800
Number of clauses: 148395
sat
real sat
../New_SAT_split/QF_NIA_2_1/20170427-VeryMax/CInteger/Stroeder_15__GulwaniJainKoskinen-PLDI2009-Fig1_true-termination.c__p23523_edge_closing_0.smt2 : 6240 ms.
--------------------------------------------------
Number of variables: 26179
Number of clauses: 120906
sat
real sat
../New_SAT_split/QF_NIA_2_1/20170427-VeryMax/CInteger/Stroeder_15__GulwaniJainKoskinen-PLDI2009-Fig1_true-termination.c__p23531_edge_closing_0.smt2 : 2028 ms.
--------------------------------------------------
Number of variables: 42022
Number of clauses: 196587
sat
real sat
../New_SAT_split/QF_NIA_2_1/20170427-VeryMax/CInteger/Stroeder_15__GulwaniJainKoskinen-PLDI2009-Fig1_true-termination.c__p23532_edge_closing_0.smt2 : 5525 ms.
--------------------------------------------------
Number of variables: 18572
Number of clauses: 85546
sat
real sat
../New_SAT_split/QF_NIA_2_1/20170427-VeryMax/CInteger/Stroeder_15__GulwaniJainKoskinen-PLDI2009-Fig1_true-termination.c__p23543_edge_closing_0.smt2 : 1450 ms.
--------------------------------------------------
Number of variables: 30330
Number of clauses: 141696
sat
real sat
../New_SAT_split/QF_NIA_2_1/20170427-VeryMax/CInteger/Stroeder_15__GulwaniJainKoskinen-PLDI2009-Fig1_true-termination.c__p23544_edge_closing_0.smt2 : 1051 ms.
--------------------------------------------------
Number of variables: 25142
Number of clauses: 116201
sat
real sat
../New_SAT_split/QF_NIA_2_1/20170427-VeryMax/CInteger/Stroeder_15__GulwaniJainKoskinen-PLDI2009-Fig1_true-termination.c__p23550_edge_closing_0.smt2 : 2466 ms.
--------------------------------------------------
Number of variables: 40552
Number of clauses: 189888
sat
real sat
../New_SAT_split/QF_NIA_2_1/20170427-VeryMax/CInteger/Stroeder_15__GulwaniJainKoskinen-PLDI2009-Fig1_true-termination.c__p23551_edge_closing_0.smt2 : 6281 ms.
--------------------------------------------------
Number of variables: 24985
Number of clauses: 115604
sat
real sat
../New_SAT_split/QF_NIA_2_1/20170427-VeryMax/CInteger/Stroeder_15__GulwaniJainKoskinen-PLDI2009-Fig1_true-termination.c__p23559_edge_closing_0.smt2 : 985 ms.
--------------------------------------------------
Number of variables: 40330
Number of clauses: 189011
sat
real sat
../New_SAT_split/QF_NIA_2_1/20170427-VeryMax/CInteger/Stroeder_15__GulwaniJainKoskinen-PLDI2009-Fig1_true-termination.c__p23560_edge_closing_0.smt2 : 11276 ms.
--------------------------------------------------
Number of variables: 32021
Number of clauses: 148501
sat
real sat
../New_SAT_split/QF_NIA_2_1/20170427-VeryMax/CInteger/Stroeder_15__GulwaniJainKoskinen-PLDI2009-Fig1_true-termination.c__p23565_edge_closing_0.smt2 : 4763 ms.
--------------------------------------------------
Number of variables: 51018
Number of clauses: 239445
sat
real sat
../New_SAT_split/QF_NIA_2_1/20170427-VeryMax/CInteger/Stroeder_15__GulwaniJainKoskinen-PLDI2009-Fig1_true-termination.c__p23566_edge_closing_0.smt2 : 10503 ms.
--------------------------------------------------
Number of variables: 7888
Number of clauses: 36422
sat
real sat
../New_SAT_split/QF_NIA_2_1/20170427-VeryMax/CInteger/Stroeder_15__GulwaniJainKoskinen-PLDI2009-Fig1_true-termination.c__p23577_edge_closing_0.smt2 : 193 ms.
--------------------------------------------------
Number of variables: 33008
Number of clauses: 154761
sat
real sat
../New_SAT_split/QF_NIA_2_1/20170427-VeryMax/CInteger/Stroeder_15__GulwaniJainKoskinen-PLDI2009-Fig1_true-termination.c__p23602_edge_closing_0.smt2 : 1361 ms.
--------------------------------------------------
Number of variables: 23505
Number of clauses: 109891
sat
real sat
../New_SAT_split/QF_NIA_2_1/20170427-VeryMax/CInteger/Stroeder_15__GulwaniJainKoskinen-PLDI2009-Fig1_true-termination.c__p23611_edge_closing_0.smt2 : 704 ms.
--------------------------------------------------
Number of variables: 33245
Number of clauses: 155759
sat
real sat
../New_SAT_split/QF_NIA_2_1/20170427-VeryMax/CInteger/Stroeder_15__GulwaniJainKoskinen-PLDI2009-Fig1_true-termination.c__p23620_edge_closing_0.smt2 : 3433 ms.
--------------------------------------------------
Number of variables: 21058
Number of clauses: 97335
sat
real sat
../New_SAT_split/QF_NIA_2_1/20170427-VeryMax/CInteger/Stroeder_15__GulwaniJainKoskinen-PLDI2009-Fig1_true-termination.c__p23628_edge_closing_0.smt2 : 858 ms.
--------------------------------------------------
Number of variables: 33888
Number of clauses: 158783
sat
real sat
../New_SAT_split/QF_NIA_2_1/20170427-VeryMax/CInteger/Stroeder_15__GulwaniJainKoskinen-PLDI2009-Fig1_true-termination.c__p23629_edge_closing_0.smt2 : 10199 ms.
--------------------------------------------------
Number of variables: 42396
Number of clauses: 199256
sat
real sat
../New_SAT_split/QF_NIA_2_1/20170427-VeryMax/CInteger/Stroeder_15__GulwaniJainKoskinen-PLDI2009-Fig1_true-termination.c__p23638_edge_closing_0.smt2 : 9251 ms.
--------------------------------------------------
Number of variables: 13152
Number of clauses: 60708
sat
real sat
../New_SAT_split/QF_NIA_2_1/20170427-VeryMax/CInteger/Stroeder_15__GulwaniJainKoskinen-PLDI2009-Fig1_true-termination.c__p23646_edge_closing_0.smt2 : 132 ms.
--------------------------------------------------
Number of variables: 21582
Number of clauses: 101200
sat
real sat
../New_SAT_split/QF_NIA_2_1/20170427-VeryMax/CInteger/Stroeder_15__GulwaniJainKoskinen-PLDI2009-Fig1_true-termination.c__p23647_edge_closing_0.smt2 : 978 ms.
--------------------------------------------------
Number of variables: 31322
Number of clauses: 147068
sat
real sat
../New_SAT_split/QF_NIA_2_1/20170427-VeryMax/CInteger/Stroeder_15__GulwaniJainKoskinen-PLDI2009-Fig1_true-termination.c__p23653_edge_closing_0.smt2 : 503 ms.
--------------------------------------------------
Number of variables: 31965
Number of clauses: 150092
sat
real sat
../New_SAT_split/QF_NIA_2_1/20170427-VeryMax/CInteger/Stroeder_15__GulwaniJainKoskinen-PLDI2009-Fig1_true-termination.c__p23662_edge_closing_0.smt2 : 863 ms.
--------------------------------------------------
Number of variables: 25054
Number of clauses: 116424
sat
real sat
../New_SAT_split/QF_NIA_2_1/20170427-VeryMax/CInteger/Stroeder_15__GulwaniJainKoskinen-PLDI2009-Fig1_true-termination.c__p23667_edge_closing_0.smt2 : 460 ms.
--------------------------------------------------
Number of variables: 18686
Number of clauses: 86635
sat
real sat
../New_SAT_split/QF_NIA_2_1/20170427-VeryMax/CInteger/Stroeder_15__GulwaniJainKoskinen-PLDI2009-Fig1_true-termination.c__p23673_edge_closing_0.smt2 : 1493 ms.
--------------------------------------------------
Number of variables: 25240
Number of clauses: 117208
sat
real sat
../New_SAT_split/QF_NIA_2_1/20170427-VeryMax/CInteger/Stroeder_15__GulwaniJainKoskinen-PLDI2009-Fig1_true-termination.c__p23679_edge_closing_0.smt2 : 401 ms.
--------------------------------------------------
Number of variables: 40726
Number of clauses: 191645
sat
real sat
../New_SAT_split/QF_NIA_2_1/20170427-VeryMax/CInteger/Stroeder_15__GulwaniJainKoskinen-PLDI2009-Fig1_true-termination.c__p23680_edge_closing_0.smt2 : 1067 ms.
--------------------------------------------------
Number of variables: 41369
Number of clauses: 194669
sat
real sat
../New_SAT_split/QF_NIA_2_1/20170427-VeryMax/CInteger/Stroeder_15__GulwaniJainKoskinen-PLDI2009-Fig1_true-termination.c__p23686_edge_closing_0.smt2 : 3749 ms.
--------------------------------------------------
Number of variables: 31520
Number of clauses: 146835
sat
real sat
../New_SAT_split/QF_NIA_2_1/20170427-VeryMax/CInteger/Stroeder_15__GulwaniJainKoskinen-PLDI2009-Fig1_true-termination.c__p23692_edge_closing_0.smt2 : 459 ms.
--------------------------------------------------
Number of variables: 50343
Number of clauses: 237384
sat
real sat
../New_SAT_split/QF_NIA_2_1/20170427-VeryMax/CInteger/Stroeder_15__GulwaniJainKoskinen-PLDI2009-Fig1_true-termination.c__p23693_edge_closing_0.smt2 : 978 ms.
--------------------------------------------------
Number of variables: 22658
Number of clauses: 106193
sat
real sat
../New_SAT_split/QF_NIA_2_1/20170427-VeryMax/CInteger/Stroeder_15__GulwaniJainKoskinen-PLDI2009-Fig1_true-termination.c__p23699_edge_closing_0.smt2 : 343 ms.
--------------------------------------------------
Number of variables: 7725
Number of clauses: 34889
sat
real sat
../New_SAT_split/QF_NIA_2_1/20170427-VeryMax/CInteger/Stroeder_15__GulwaniJainKoskinen-PLDI2009-Fig1_true-termination.c__p23701_edge_closing_0.smt2 : 320 ms.
--------------------------------------------------
Number of variables: 12498
Number of clauses: 57422
sat
real sat
../New_SAT_split/QF_NIA_2_1/20170427-VeryMax/CInteger/Stroeder_15__GulwaniJainKoskinen-PLDI2009-Fig1_true-termination.c__p23702_edge_closing_0.smt2 : 1437 ms.
--------------------------------------------------
Number of variables: 7291
Number of clauses: 33134
sat
real sat
../New_SAT_split/QF_NIA_2_1/20170427-VeryMax/CInteger/Stroeder_15__GulwaniJainKoskinen-PLDI2009-Fig1_true-termination.c__p23704_edge_closing_0.smt2 : 893 ms.
--------------------------------------------------
Number of variables: 11804
Number of clauses: 54510
sat
real sat
../New_SAT_split/QF_NIA_2_1/20170427-VeryMax/CInteger/Stroeder_15__GulwaniJainKoskinen-PLDI2009-Fig1_true-termination.c__p23705_edge_closing_0.smt2 : 1495 ms.
--------------------------------------------------
Number of variables: 19996
Number of clauses: 92523
sat
real sat
../New_SAT_split/QF_NIA_2_1/20170427-VeryMax/CInteger/Stroeder_15__GulwaniJainKoskinen-PLDI2009-Fig1_true-termination.c__p23710_edge_closing_0.smt2 : 1675 ms.
--------------------------------------------------
Number of variables: 32398
Number of clauses: 152061
sat
real sat
../New_SAT_split/QF_NIA_2_1/20170427-VeryMax/CInteger/Stroeder_15__GulwaniJainKoskinen-PLDI2009-Fig1_true-termination.c__p23711_edge_closing_0.smt2 : 4993 ms.
--------------------------------------------------
Number of variables: 12751
Number of clauses: 58310
sat
real sat
../New_SAT_split/QF_NIA_2_1/20170427-VeryMax/CInteger/Stroeder_15__GulwaniJainKoskinen-PLDI2009-Fig1_true-termination.c__p23713_edge_closing_0.smt2 : 1201 ms.
--------------------------------------------------
Number of variables: 20926
Number of clauses: 97235
sat
real sat
../New_SAT_split/QF_NIA_2_1/20170427-VeryMax/CInteger/Stroeder_15__GulwaniJainKoskinen-PLDI2009-Fig1_true-termination.c__p23714_edge_closing_0.smt2 : 2571 ms.
--------------------------------------------------
Number of variables: 12289
Number of clauses: 56467
sat
real sat
../New_SAT_split/QF_NIA_2_1/20170427-VeryMax/CInteger/Stroeder_15__GulwaniJainKoskinen-PLDI2009-Fig1_true-termination.c__p23716_edge_closing_0.smt2 : 960 ms.
--------------------------------------------------
Number of variables: 20190
Number of clauses: 94191
sat
real sat
../New_SAT_split/QF_NIA_2_1/20170427-VeryMax/CInteger/Stroeder_15__GulwaniJainKoskinen-PLDI2009-Fig1_true-termination.c__p23717_edge_closing_0.smt2 : 3893 ms.
--------------------------------------------------
Number of variables: 20454
Number of clauses: 94682
sat
real sat
../New_SAT_split/QF_NIA_2_1/20170427-VeryMax/CInteger/Stroeder_15__GulwaniJainKoskinen-PLDI2009-Fig1_true-termination.c__p23722_edge_closing_0.smt2 : 345 ms.
--------------------------------------------------
Number of variables: 33041
Number of clauses: 155085
sat
real sat
../New_SAT_split/QF_NIA_2_1/20170427-VeryMax/CInteger/Stroeder_15__GulwaniJainKoskinen-PLDI2009-Fig1_true-termination.c__p23723_edge_closing_0.smt2 : 3443 ms.
--------------------------------------------------
Number of variables: 25810
Number of clauses: 119908
sat
real sat
../New_SAT_split/QF_NIA_2_1/20170427-VeryMax/CInteger/Stroeder_15__GulwaniJainKoskinen-PLDI2009-Fig1_true-termination.c__p23734_edge_closing_0.smt2 : 692 ms.
--------------------------------------------------
Number of variables: 41549
Number of clauses: 195558
sat
real sat
../New_SAT_split/QF_NIA_2_1/20170427-VeryMax/CInteger/Stroeder_15__GulwaniJainKoskinen-PLDI2009-Fig1_true-termination.c__p23735_edge_closing_0.smt2 : 3463 ms.
--------------------------------------------------
Number of variables: 30709
Number of clauses: 144453
sat
real sat
../New_SAT_split/QF_NIA_2_1/20170427-VeryMax/CInteger/Stroeder_15__GulwaniJainKoskinen-PLDI2009-Fig1_true-termination.c__p23748_edge_closing_0.smt2 : 6181 ms.
--------------------------------------------------
Number of variables: 12172
Number of clauses: 55764
sat
real sat
../New_SAT_split/QF_NIA_2_1/20170427-VeryMax/CInteger/Stroeder_15__GulwaniJainKoskinen-PLDI2009-Fig1_true-termination.c__p23750_edge_closing_0.smt2 : 830 ms.
--------------------------------------------------
Number of variables: 20099
Number of clauses: 93560
sat
real sat
../New_SAT_split/QF_NIA_2_1/20170427-VeryMax/CInteger/Stroeder_15__GulwaniJainKoskinen-PLDI2009-Fig1_true-termination.c__p23751_edge_closing_0.smt2 : 4494 ms.
--------------------------------------------------
Number of variables: 25359
Number of clauses: 117762
sat
real sat
../New_SAT_split/QF_NIA_2_1/20170427-VeryMax/CInteger/Stroeder_15__GulwaniJainKoskinen-PLDI2009-Fig1_true-termination.c__p23756_edge_closing_0.smt2 : 4015 ms.
--------------------------------------------------
Number of variables: 40915
Number of clauses: 192563
sat
real sat
../New_SAT_split/QF_NIA_2_1/20170427-VeryMax/CInteger/Stroeder_15__GulwaniJainKoskinen-PLDI2009-Fig1_true-termination.c__p23757_edge_closing_0.smt2 : 11400 ms.
--------------------------------------------------
Number of variables: 17661
Number of clauses: 81421
sat
real sat
../New_SAT_split/QF_NIA_2_1/20170427-VeryMax/CInteger/Stroeder_15__GulwaniJainKoskinen-PLDI2009-Fig1_true-termination.c__p23759_edge_closing_0.smt2 : 1840 ms.
--------------------------------------------------
Number of variables: 28990
Number of clauses: 135609
sat
real sat
../New_SAT_split/QF_NIA_2_1/20170427-VeryMax/CInteger/Stroeder_15__GulwaniJainKoskinen-PLDI2009-Fig1_true-termination.c__p23760_edge_closing_0.smt2 : 2467 ms.
--------------------------------------------------
Number of variables: 25817
Number of clauses: 119921
sat
real sat
../New_SAT_split/QF_NIA_2_1/20170427-VeryMax/CInteger/Stroeder_15__GulwaniJainKoskinen-PLDI2009-Fig1_true-termination.c__p23765_edge_closing_0.smt2 : 26003 ms.
--------------------------------------------------
Number of variables: 41558
Number of clauses: 195587
sat
real sat
../New_SAT_split/QF_NIA_2_1/20170427-VeryMax/CInteger/Stroeder_15__GulwaniJainKoskinen-PLDI2009-Fig1_true-termination.c__p23766_edge_closing_0.smt2 : 14068 ms.
--------------------------------------------------
Number of variables: 31639
Number of clauses: 147389
sat
real sat
../New_SAT_split/QF_NIA_2_1/20170427-VeryMax/CInteger/Stroeder_15__GulwaniJainKoskinen-PLDI2009-Fig1_true-termination.c__p23774_edge_closing_0.smt2 : 3530 ms.
--------------------------------------------------
Number of variables: 50532
Number of clauses: 238302
sat
real sat
../New_SAT_split/QF_NIA_2_1/20170427-VeryMax/CInteger/Stroeder_15__GulwaniJainKoskinen-PLDI2009-Fig1_true-termination.c__p23775_edge_closing_0.smt2 : 10902 ms.
--------------------------------------------------
Number of variables: 25244
Number of clauses: 117289
sat
real sat
../New_SAT_split/QF_NIA_2_1/20170427-VeryMax/CInteger/Stroeder_15__GulwaniJainKoskinen-PLDI2009-Fig1_true-termination.c__p23795_edge_closing_0.smt2 : 2460 ms.
--------------------------------------------------
Number of variables: 40737
Number of clauses: 191826
sat
real sat
../New_SAT_split/QF_NIA_2_1/20170427-VeryMax/CInteger/Stroeder_15__GulwaniJainKoskinen-PLDI2009-Fig1_true-termination.c__p23796_edge_closing_0.smt2 : 3391 ms.
