--------------------------------------------------
Number of variables: 43214
Number of clauses: 250355
unsat in 2 bits.
Number of variables: 56913
Number of clauses: 325261
sat
real sat
../New_SAT_split/QF_NIA_2_41/20170427-VeryMax/ITS/From_AProVE_2014__juLinkedListCreateAddAllAt.jar-obl-17__p8734_safety_0.smt2 : 13962 ms.
--------------------------------------------------
Number of variables: 43047
Number of clauses: 249109
unsat in 2 bits.
Number of variables: 56750
Number of clauses: 323876
sat
real sat
../New_SAT_split/QF_NIA_2_41/20170427-VeryMax/ITS/From_AProVE_2014__juLinkedListCreateAddAllAt.jar-obl-17__p8735_safety_0.smt2 : 20777 ms.
--------------------------------------------------
Number of variables: 82253
Number of clauses: 463705
sat
real sat
../New_SAT_split/QF_NIA_2_41/20170427-VeryMax/ITS/From_AProVE_2014__juLinkedListCreateAddAllAt.jar-obl-17__p8736_safety_0.smt2 : 30555 ms.
--------------------------------------------------
Number of variables: 132601
Number of clauses: 737221
sat
real sat
../New_SAT_split/QF_NIA_2_41/20170427-VeryMax/ITS/From_AProVE_2014__juLinkedListCreateAddAllAt.jar-obl-17__p8737_safety_0.smt2 : 40828 ms.
--------------------------------------------------
Number of variables: 40945
Number of clauses: 233911
unsat in 2 bits.
Number of variables: 54350
Number of clauses: 306907
sat
real sat
../New_SAT_split/QF_NIA_2_41/20170427-VeryMax/ITS/From_AProVE_2014__juLinkedListCreateAddAllAt.jar-obl-17__p8738_safety_0.smt2 : 21146 ms.
--------------------------------------------------
Number of variables: 82265
Number of clauses: 463899
sat
real sat
../New_SAT_split/QF_NIA_2_41/20170427-VeryMax/ITS/From_AProVE_2014__juLinkedListCreateAddAllAt.jar-obl-17__p8739_safety_0.smt2 : 74737 ms.
--------------------------------------------------
Number of variables: 130854
Number of clauses: 725298
sat
real sat
../New_SAT_split/QF_NIA_2_41/20170427-VeryMax/ITS/From_AProVE_2014__juLinkedListCreateAddAllAt.jar-obl-17__p8740_safety_0.smt2 : 125924 ms.
--------------------------------------------------
Number of variables: 130971
Number of clauses: 725958
sat
real sat
../New_SAT_split/QF_NIA_2_41/20170427-VeryMax/ITS/From_AProVE_2014__juLinkedListCreateAddAllAt.jar-obl-17__p8741_safety_0.smt2 : 54166 ms.
--------------------------------------------------
Number of variables: 78888
Number of clauses: 439297
sat
real sat
../New_SAT_split/QF_NIA_2_41/20170427-VeryMax/ITS/From_AProVE_2014__juLinkedListCreateAddAllAt.jar-obl-17__p8742_safety_0.smt2 : 56874 ms.
--------------------------------------------------
Number of variables: 126295
Number of clauses: 691956
sat
real sat
../New_SAT_split/QF_NIA_2_41/20170427-VeryMax/ITS/From_AProVE_2014__juLinkedListCreateAddAllAt.jar-obl-17__p8743_safety_0.smt2 : 138428 ms.
--------------------------------------------------
Number of variables: 42485
Number of clauses: 244663
unsat in 2 bits.
Number of variables: 56172
Number of clauses: 319413
sat
real sat
../New_SAT_split/QF_NIA_2_41/20170427-VeryMax/ITS/From_AProVE_2014__juLinkedListCreateAddAllAt.jar-obl-17__p8746_safety_0.smt2 : 15808 ms.
--------------------------------------------------
Number of variables: 81403
Number of clauses: 456873
sat
real sat
../New_SAT_split/QF_NIA_2_41/20170427-VeryMax/ITS/From_AProVE_2014__juLinkedListCreateAddAllAt.jar-obl-17__p8747_safety_0.smt2 : 54979 ms.
--------------------------------------------------
Number of variables: 25199
Number of clauses: 127898
unsat in 2 bits.
Number of variables: 36210
Number of clauses: 185942
sat
real sat
../New_SAT_split/QF_NIA_2_41/20170427-VeryMax/ITS/From_AProVE_2014__juLinkedListCreateAddAllAt.jar-obl-17__p8748_safety_0.smt2 : 8916 ms.
--------------------------------------------------
Number of variables: 129817
Number of clauses: 716612
sat
real sat
../New_SAT_split/QF_NIA_2_41/20170427-VeryMax/ITS/From_AProVE_2014__juLinkedListCreateAddAllAt.jar-obl-17__p8749_safety_0.smt2 : 424953 ms.
--------------------------------------------------
Number of variables: 55159
Number of clauses: 277549
sat
real sat
../New_SAT_split/QF_NIA_2_41/20170427-VeryMax/ITS/From_AProVE_2014__juLinkedListCreateAddAllAt.jar-obl-17__p8750_safety_0.smt2 : 8389 ms.
--------------------------------------------------
Number of variables: 26720
Number of clauses: 138179
unsat in 2 bits.
Number of variables: 38043
Number of clauses: 198200
sat
real sat
../New_SAT_split/QF_NIA_2_41/20170427-VeryMax/ITS/From_AProVE_2014__juLinkedListCreateAddAllAt.jar-obl-17__p8751_safety_0.smt2 : 6368 ms.
--------------------------------------------------
Number of variables: 57464
Number of clauses: 293326
sat
real sat
../New_SAT_split/QF_NIA_2_41/20170427-VeryMax/ITS/From_AProVE_2014__juLinkedListCreateAddAllAt.jar-obl-17__p8752_safety_0.smt2 : 38565 ms.
--------------------------------------------------
Number of variables: 94467
Number of clauses: 473533
sat
real sat
../New_SAT_split/QF_NIA_2_41/20170427-VeryMax/ITS/From_AProVE_2014__juLinkedListCreateAddAllAt.jar-obl-17__p8753_safety_0.smt2 : 188879 ms.
--------------------------------------------------
Number of variables: 97619
Number of clauses: 495303
sat
real sat
../New_SAT_split/QF_NIA_2_41/20170427-VeryMax/ITS/From_AProVE_2014__juLinkedListCreateAddAllAt.jar-obl-17__p8754_safety_0.smt2 : 14306 ms.
--------------------------------------------------
Number of variables: 40017
Number of clauses: 229919
unsat in 2 bits.
Number of variables: 52822
Number of clauses: 300091
sat
real sat
../New_SAT_split/QF_NIA_2_41/20170427-VeryMax/ITS/From_AProVE_2014__juLinkedListCreateAddAllAt.jar-obl-17__p8755_safety_0.smt2 : 9732 ms.
--------------------------------------------------
Number of variables: 76144
Number of clauses: 426306
sat
real sat
../New_SAT_split/QF_NIA_2_41/20170427-VeryMax/ITS/From_AProVE_2014__juLinkedListCreateAddAllAt.jar-obl-17__p8756_safety_0.smt2 : 31123 ms.
--------------------------------------------------
Number of variables: 121111
Number of clauses: 666886
sat
real sat
../New_SAT_split/QF_NIA_2_41/20170427-VeryMax/ITS/From_AProVE_2014__juLinkedListCreateAddAllAt.jar-obl-17__p8757_safety_0.smt2 : 149873 ms.
--------------------------------------------------
Number of variables: 26567
Number of clauses: 137398
unsat in 2 bits.
Number of variables: 37796
Number of clauses: 196898
sat
real sat
../New_SAT_split/QF_NIA_2_41/20170427-VeryMax/ITS/From_AProVE_2014__juLinkedListCreateAddAllAt.jar-obl-17__p8759_safety_0.smt2 : 5480 ms.
--------------------------------------------------
Number of variables: 53121
Number of clauses: 270051
sat
real sat
../New_SAT_split/QF_NIA_2_41/20170427-VeryMax/ITS/From_AProVE_2014__juLinkedListCreateAddAllAt.jar-obl-17__p8760_safety_0.smt2 : 5260 ms.
--------------------------------------------------
Number of variables: 90113
Number of clauses: 455216
sat
real sat
../New_SAT_split/QF_NIA_2_41/20170427-VeryMax/ITS/From_AProVE_2014__juLinkedListCreateAddAllAt.jar-obl-17__p8762_safety_0.smt2 : 15891 ms.
--------------------------------------------------
Number of variables: 97542
Number of clauses: 495470
sat
real sat
../New_SAT_split/QF_NIA_2_41/20170427-VeryMax/ITS/From_AProVE_2014__juLinkedListCreateAddAllAt.jar-obl-17__p8763_safety_0.smt2 : 19310 ms.
--------------------------------------------------
Number of variables: 43136
Number of clauses: 249377
unsat in 2 bits.
Number of variables: 56893
Number of clauses: 324557
sat
real sat
../New_SAT_split/QF_NIA_2_41/20170427-VeryMax/ITS/From_AProVE_2014__juLinkedListCreateAddAllAt.jar-obl-17__p8764_safety_0.smt2 : 7357 ms.
--------------------------------------------------
Number of variables: 25267
Number of clauses: 127759
unsat in 2 bits.
Number of variables: 36392
Number of clauses: 186497
sat
real sat
../New_SAT_split/QF_NIA_2_41/20170427-VeryMax/ITS/From_AProVE_2014__juLinkedListCreateAddAllAt.jar-obl-17__p8765_safety_0.smt2 : 6749 ms.
--------------------------------------------------
Number of variables: 82550
Number of clauses: 465287
sat
real sat
../New_SAT_split/QF_NIA_2_41/20170427-VeryMax/ITS/From_AProVE_2014__juLinkedListCreateAddAllAt.jar-obl-17__p8766_safety_0.smt2 : 15979 ms.
--------------------------------------------------
Number of variables: 55283
Number of clauses: 277442
sat
real sat
../New_SAT_split/QF_NIA_2_41/20170427-VeryMax/ITS/From_AProVE_2014__juLinkedListCreateAddAllAt.jar-obl-17__p8767_safety_0.smt2 : 11646 ms.
--------------------------------------------------
Number of variables: 131484
Number of clauses: 728918
sat
real sat
../New_SAT_split/QF_NIA_2_41/20170427-VeryMax/ITS/From_AProVE_2014__juLinkedListCreateAddAllAt.jar-obl-17__p8768_safety_0.smt2 : 95198 ms.
--------------------------------------------------
Number of variables: 94647
Number of clauses: 473458
sat
real sat
../New_SAT_split/QF_NIA_2_41/20170427-VeryMax/ITS/From_AProVE_2014__juLinkedListCreateAddAllAt.jar-obl-17__p8769_safety_0.smt2 : 8240 ms.
--------------------------------------------------
Number of variables: 56564
Number of clauses: 286500
sat
real sat
../New_SAT_split/QF_NIA_2_41/20170427-VeryMax/ITS/From_AProVE_2014__juLinkedListCreateAddAllAt.jar-obl-17__p8771_safety_0.smt2 : 17948 ms.
--------------------------------------------------
Number of variables: 96443
Number of clauses: 486234
sat
real sat
../New_SAT_split/QF_NIA_2_41/20170427-VeryMax/ITS/From_AProVE_2014__juLinkedListCreateAddAllAt.jar-obl-17__p8772_safety_0.smt2 : 23571 ms.
--------------------------------------------------
Number of variables: 55304
Number of clauses: 278352
sat
real sat
../New_SAT_split/QF_NIA_2_41/20170427-VeryMax/ITS/From_AProVE_2014__juLinkedListCreateAddAllAt.jar-obl-17__p8774_safety_0.smt2 : 10785 ms.
--------------------------------------------------
Number of variables: 50791
Number of clauses: 253827
sat
real sat
../New_SAT_split/QF_NIA_2_41/20170427-VeryMax/ITS/From_AProVE_2014__juLinkedListCreateAddAllAt.jar-obl-17__p8776_safety_0.smt2 : 9980 ms.
--------------------------------------------------
Number of variables: 94724
Number of clauses: 475062
sat
real sat
../New_SAT_split/QF_NIA_2_41/20170427-VeryMax/ITS/From_AProVE_2014__juLinkedListCreateAddAllAt.jar-obl-17__p8777_safety_0.smt2 : 16071 ms.
--------------------------------------------------
Number of variables: 86902
Number of clauses: 432695
sat
real sat
../New_SAT_split/QF_NIA_2_41/20170427-VeryMax/ITS/From_AProVE_2014__juLinkedListCreateAddAllAt.jar-obl-17__p8778_safety_0.smt2 : 7881 ms.
--------------------------------------------------
Number of variables: 26767
Number of clauses: 138119
unsat in 2 bits.
Number of variables: 38140
Number of clauses: 198524
sat
real sat
../New_SAT_split/QF_NIA_2_41/20170427-VeryMax/ITS/From_AProVE_2014__juLinkedListCreateAddAllAt.jar-obl-17__p8779_safety_0.smt2 : 5836 ms.
--------------------------------------------------
Number of variables: 57619
Number of clauses: 293787
sat
real sat
../New_SAT_split/QF_NIA_2_41/20170427-VeryMax/ITS/From_AProVE_2014__juLinkedListCreateAddAllAt.jar-obl-17__p8780_safety_0.smt2 : 10210 ms.
--------------------------------------------------
Number of variables: 97890
Number of clauses: 496349
sat
real sat
../New_SAT_split/QF_NIA_2_41/20170427-VeryMax/ITS/From_AProVE_2014__juLinkedListCreateAddAllAt.jar-obl-17__p8781_safety_0.smt2 : 56712 ms.
--------------------------------------------------
Number of variables: 58837
Number of clauses: 302766
sat
real sat
../New_SAT_split/QF_NIA_2_41/20170427-VeryMax/ITS/From_AProVE_2014__juLinkedListCreateAddAllAt.jar-obl-17__p8783_safety_0.smt2 : 25827 ms.
--------------------------------------------------
Number of variables: 99623
Number of clauses: 509138
sat
real sat
../New_SAT_split/QF_NIA_2_41/20170427-VeryMax/ITS/From_AProVE_2014__juLinkedListCreateAddAllAt.jar-obl-17__p8784_safety_0.smt2 : 209533 ms.
--------------------------------------------------
Number of variables: 78903
Number of clauses: 446223
sat
real sat
../New_SAT_split/QF_NIA_2_41/20170427-VeryMax/ITS/From_AProVE_2014__juLinkedListCreateAddAllAt.jar-obl-17__p8786_safety_0.smt2 : 15790 ms.
--------------------------------------------------
Number of variables: 44901
Number of clauses: 261854
unsat in 2 bits.
Number of variables: 58948
Number of clauses: 338937
sat
real sat
../New_SAT_split/QF_NIA_2_41/20170427-VeryMax/ITS/From_AProVE_2014__juLinkedListCreateAddAllAt.jar-obl-17__p8787_safety_0.smt2 : 5443 ms.
--------------------------------------------------
Number of variables: 43229
Number of clauses: 249874
unsat in 2 bits.
Number of variables: 57026
Number of clauses: 325294
sat
real sat
../New_SAT_split/QF_NIA_2_41/20170427-VeryMax/ITS/From_AProVE_2014__juLinkedListCreateAddAllAt.jar-obl-17__p8788_safety_0.smt2 : 9936 ms.
--------------------------------------------------
Number of variables: 85184
Number of clauses: 483948
sat
real sat
../New_SAT_split/QF_NIA_2_41/20170427-VeryMax/ITS/From_AProVE_2014__juLinkedListCreateAddAllAt.jar-obl-17__p8790_safety_0.smt2 : 16133 ms.
--------------------------------------------------
Number of variables: 82703
Number of clauses: 466088
sat
real sat
../New_SAT_split/QF_NIA_2_41/20170427-VeryMax/ITS/From_AProVE_2014__juLinkedListCreateAddAllAt.jar-obl-17__p8791_safety_0.smt2 : 16236 ms.
--------------------------------------------------
Number of variables: 135061
Number of clauses: 754345
sat
real sat
../New_SAT_split/QF_NIA_2_41/20170427-VeryMax/ITS/From_AProVE_2014__juLinkedListCreateAddAllAt.jar-obl-17__p8792_safety_0.smt2 : 323518 ms.
--------------------------------------------------
Number of variables: 43421
Number of clauses: 251781
unsat in 2 bits.
Number of variables: 57142
Number of clauses: 326811
sat
real sat
../New_SAT_split/QF_NIA_2_41/20170427-VeryMax/ITS/From_AProVE_2014__juLinkedListCreateAddAllAt.jar-obl-17__p8793_safety_0.smt2 : 12094 ms.
--------------------------------------------------
Number of variables: 82639
Number of clauses: 466554
sat
real sat
../New_SAT_split/QF_NIA_2_41/20170427-VeryMax/ITS/From_AProVE_2014__juLinkedListCreateAddAllAt.jar-obl-17__p8794_safety_0.smt2 : 16541 ms.
--------------------------------------------------
Number of variables: 131697
Number of clauses: 730023
sat
real sat
../New_SAT_split/QF_NIA_2_41/20170427-VeryMax/ITS/From_AProVE_2014__juLinkedListCreateAddAllAt.jar-obl-17__p8795_safety_0.smt2 : 87438 ms.
--------------------------------------------------
Number of variables: 131395
Number of clauses: 729182
sat
real sat
../New_SAT_split/QF_NIA_2_41/20170427-VeryMax/ITS/From_AProVE_2014__juLinkedListCreateAddAllAt.jar-obl-17__p8796_safety_0.smt2 : 100624 ms.
--------------------------------------------------
Number of variables: 83786
Number of clauses: 473877
sat
real sat
../New_SAT_split/QF_NIA_2_41/20170427-VeryMax/ITS/From_AProVE_2014__juLinkedListCreateAddAllAt.jar-obl-17__p8799_safety_0.smt2 : 17396 ms.
--------------------------------------------------
Number of variables: 45571
Number of clauses: 267002
unsat in 2 bits.
Number of variables: 59646
Number of clauses: 344204
sat
real sat
../New_SAT_split/QF_NIA_2_41/20170427-VeryMax/ITS/From_AProVE_2014__juLinkedListCreateAddAllAt.jar-obl-17__p8800_safety_0.smt2 : 11669 ms.
--------------------------------------------------
Number of variables: 133131
Number of clauses: 740416
sat
real sat
../New_SAT_split/QF_NIA_2_41/20170427-VeryMax/ITS/From_AProVE_2014__juLinkedListCreateAddAllAt.jar-obl-17__p8801_safety_0.smt2 : 26822 ms.
--------------------------------------------------
Number of variables: 83557
Number of clauses: 472952
sat
real sat
../New_SAT_split/QF_NIA_2_41/20170427-VeryMax/ITS/From_AProVE_2014__juLinkedListCreateAddAllAt.jar-obl-17__p8802_safety_0.smt2 : 35665 ms.
--------------------------------------------------
Number of variables: 86197
Number of clauses: 491807
sat
real sat
../New_SAT_split/QF_NIA_2_41/20170427-VeryMax/ITS/From_AProVE_2014__juLinkedListCreateAddAllAt.jar-obl-17__p8803_safety_0.smt2 : 15776 ms.
--------------------------------------------------
Number of variables: 136425
Number of clauses: 764979
sat
real sat
../New_SAT_split/QF_NIA_2_41/20170427-VeryMax/ITS/From_AProVE_2014__juLinkedListCreateAddAllAt.jar-obl-17__p8804_safety_0.smt2 : 78831 ms.
--------------------------------------------------
Number of variables: 27174
Number of clauses: 141022
unsat in 2 bits.
Number of variables: 38627
Number of clauses: 201865
sat
real sat
../New_SAT_split/QF_NIA_2_41/20170427-VeryMax/ITS/From_AProVE_2014__juLinkedListCreateAddAllAt.jar-obl-17__p8805_safety_0.smt2 : 3136 ms.
--------------------------------------------------
Number of variables: 132857
Number of clauses: 739417
sat
real sat
../New_SAT_split/QF_NIA_2_41/20170427-VeryMax/ITS/From_AProVE_2014__juLinkedListCreateAddAllAt.jar-obl-17__p8806_safety_0.smt2 : 25390 ms.
--------------------------------------------------
Number of variables: 58251
Number of clauses: 298343
sat
real sat
../New_SAT_split/QF_NIA_2_41/20170427-VeryMax/ITS/From_AProVE_2014__juLinkedListCreateAddAllAt.jar-obl-17__p8807_safety_0.smt2 : 11970 ms.
--------------------------------------------------
Number of variables: 98747
Number of clauses: 502558
sat
real sat
../New_SAT_split/QF_NIA_2_41/20170427-VeryMax/ITS/From_AProVE_2014__juLinkedListCreateAddAllAt.jar-obl-17__p8808_safety_0.smt2 : 22507 ms.
--------------------------------------------------
Number of variables: 167607
Number of clauses: 1051313
unsat in 2 bits.
Number of variables: 213102
Number of clauses: 1308323
sat
real sat
../New_SAT_split/QF_NIA_2_41/20170427-VeryMax/ITS/From_AProVE_2014__juLinkedListCreateAddAllAt.jar-obl-17__p8809_safety_0.smt2 : 81057 ms.
--------------------------------------------------
Number of variables: 335193
Number of clauses: 2023148
sat
real sat
../New_SAT_split/QF_NIA_2_41/20170427-VeryMax/ITS/From_AProVE_2014__juLinkedListCreateAddAllAt.jar-obl-17__p8810_safety_0.smt2 : 222921 ms.
--------------------------------------------------
Number of variables: 551925
Number of clauses: 3245558
sat
real sat
../New_SAT_split/QF_NIA_2_41/20170427-VeryMax/ITS/From_AProVE_2014__juLinkedListCreateAddAllAt.jar-obl-17__p8811_safety_0.smt2 : 97573 ms.
--------------------------------------------------
Number of variables: 80451
Number of clauses: 449826
sat
real sat
../New_SAT_split/QF_NIA_2_41/20170427-VeryMax/ITS/From_AProVE_2014__juLinkedListCreateAddAllAt.jar-obl-17__p8813_safety_0.smt2 : 25052 ms.
--------------------------------------------------
Number of variables: 128527
Number of clauses: 707065
sat
real sat
../New_SAT_split/QF_NIA_2_41/20170427-VeryMax/ITS/From_AProVE_2014__juLinkedListCreateAddAllAt.jar-obl-17__p8814_safety_0.smt2 : 26209 ms.
--------------------------------------------------
Number of variables: 77410
Number of clauses: 435249
sat
real sat
../New_SAT_split/QF_NIA_2_41/20170427-VeryMax/ITS/From_AProVE_2014__juLinkedListCreateAddAllAt.jar-obl-17__p8816_safety_0.smt2 : 26647 ms.
--------------------------------------------------
Number of variables: 122943
Number of clauses: 679913
sat
real sat
../New_SAT_split/QF_NIA_2_41/20170427-VeryMax/ITS/From_AProVE_2014__juLinkedListCreateAddAllAt.jar-obl-17__p8817_safety_0.smt2 : 73502 ms.
--------------------------------------------------
Number of variables: 56707
Number of clauses: 287476
sat
real sat
../New_SAT_split/QF_NIA_2_41/20170427-VeryMax/ITS/From_AProVE_2014__juLinkedListCreateAddAllAt.jar-obl-17__p8819_safety_0.smt2 : 12304 ms.
--------------------------------------------------
Number of variables: 96682
Number of clauses: 487826
sat
real sat
../New_SAT_split/QF_NIA_2_41/20170427-VeryMax/ITS/From_AProVE_2014__juLinkedListCreateAddAllAt.jar-obl-17__p8820_safety_0.smt2 : 17390 ms.
--------------------------------------------------
Number of variables: 102789
Number of clauses: 576988
unsat in 2 bits.
Number of variables: 142850
Number of clauses: 795967
sat
real sat
../New_SAT_split/QF_NIA_2_41/20170427-VeryMax/ITS/From_AProVE_2014__juLinkedListCreateAddAllAt.jar-obl-17__p8823_safety_0.smt2 : 4498 ms.
--------------------------------------------------
Number of variables: 230548
Number of clauses: 1252299
unsat in 2 bits.
Number of variables: 334124
Number of clauses: 1813193
sat
real sat
../New_SAT_split/QF_NIA_2_41/20170427-VeryMax/ITS/From_AProVE_2014__juLinkedListCreateAddAllAt.jar-obl-17__p8824_safety_0.smt2 : 105654 ms.
--------------------------------------------------
Number of variables: 406217
Number of clauses: 2168308
unsat in 2 bits.
Number of variables: 601768
Number of clauses: 3221641
sat
real sat
../New_SAT_split/QF_NIA_2_41/20170427-VeryMax/ITS/From_AProVE_2014__juLinkedListCreateAddAllAt.jar-obl-17__p8825_safety_0.smt2 : 142641 ms.
--------------------------------------------------
Number of variables: 165011
Number of clauses: 1031332
unsat in 2 bits.
Number of variables: 210352
Number of clauses: 1287316
sat
real sat
../New_SAT_split/QF_NIA_2_41/20170427-VeryMax/ITS/From_AProVE_2014__juLinkedListCreateAddAllAt.jar-obl-17__p8826_safety_0.smt2 : 73313 ms.
--------------------------------------------------
Number of variables: 330957
Number of clauses: 1990425
sat
real sat
../New_SAT_split/QF_NIA_2_41/20170427-VeryMax/ITS/From_AProVE_2014__juLinkedListCreateAddAllAt.jar-obl-17__p8827_safety_0.smt2 : 81879 ms.
--------------------------------------------------
Number of variables: 546009
Number of clauses: 3199773
sat
real sat
../New_SAT_split/QF_NIA_2_41/20170427-VeryMax/ITS/From_AProVE_2014__juLinkedListCreateAddAllAt.jar-obl-17__p8828_safety_0.smt2 : 126274 ms.
--------------------------------------------------
Number of variables: 156687
Number of clauses: 978302
unsat in 2 bits.
Number of variables: 199596
Number of clauses: 1221731
sat
real sat
../New_SAT_split/QF_NIA_2_41/20170427-VeryMax/ITS/From_AProVE_2014__juLinkedListCreateAddAllAt.jar-obl-17__p8829_safety_0.smt2 : 87953 ms.
--------------------------------------------------
Number of variables: 312791
Number of clauses: 1880480
sat
real sat
../New_SAT_split/QF_NIA_2_41/20170427-VeryMax/ITS/From_AProVE_2014__juLinkedListCreateAddAllAt.jar-obl-17__p8830_safety_0.smt2 : 71949 ms.
--------------------------------------------------
Number of variables: 514753
Number of clauses: 3016489
sat
real sat
../New_SAT_split/QF_NIA_2_41/20170427-VeryMax/ITS/From_AProVE_2014__juLinkedListCreateAddAllAt.jar-obl-17__p8831_safety_0.smt2 : 313780 ms.
--------------------------------------------------
Number of variables: 163448
Number of clauses: 1018278
unsat in 2 bits.
Number of variables: 208877
Number of clauses: 1274911
sat
real sat
../New_SAT_split/QF_NIA_2_41/20170427-VeryMax/ITS/From_AProVE_2014__juLinkedListCreateAddAllAt.jar-obl-17__p8832_safety_0.smt2 : 79313 ms.
--------------------------------------------------
Number of variables: 328537
Number of clauses: 1970002
sat
real sat
../New_SAT_split/QF_NIA_2_41/20170427-VeryMax/ITS/From_AProVE_2014__juLinkedListCreateAddAllAt.jar-obl-17__p8833_safety_0.smt2 : 79613 ms.
--------------------------------------------------
Number of variables: 542772
Number of clauses: 3172301
sat
real sat
../New_SAT_split/QF_NIA_2_41/20170427-VeryMax/ITS/From_AProVE_2014__juLinkedListCreateAddAllAt.jar-obl-17__p8834_safety_0.smt2 : 135196 ms.
--------------------------------------------------
Number of variables: 164977
Number of clauses: 1031037
unsat in 2 bits.
Number of variables: 210314
Number of clauses: 1286997
sat
real sat
../New_SAT_split/QF_NIA_2_41/20170427-VeryMax/ITS/From_AProVE_2014__juLinkedListCreateAddAllAt.jar-obl-17__p8835_safety_0.smt2 : 78427 ms.
--------------------------------------------------
Number of variables: 330845
Number of clauses: 1989496
sat
real sat
../New_SAT_split/QF_NIA_2_41/20170427-VeryMax/ITS/From_AProVE_2014__juLinkedListCreateAddAllAt.jar-obl-17__p8836_safety_0.smt2 : 156255 ms.
--------------------------------------------------
Number of variables: 545779
Number of clauses: 3197890
sat
real sat
../New_SAT_split/QF_NIA_2_41/20170427-VeryMax/ITS/From_AProVE_2014__juLinkedListCreateAddAllAt.jar-obl-17__p8837_safety_0.smt2 : 279000 ms.
--------------------------------------------------
Number of variables: 169588
Number of clauses: 1064203
unsat in 2 bits.
Number of variables: 215665
Number of clauses: 1324839
sat
real sat
../New_SAT_split/QF_NIA_2_41/20170427-VeryMax/ITS/From_AProVE_2014__juLinkedListCreateAddAllAt.jar-obl-17__p8840_safety_0.smt2 : 173956 ms.
--------------------------------------------------
Number of variables: 338689
Number of clauses: 2046275
sat
real sat
../New_SAT_split/QF_NIA_2_41/20170427-VeryMax/ITS/From_AProVE_2014__juLinkedListCreateAddAllAt.jar-obl-17__p8841_safety_0.smt2 : 182751 ms.
--------------------------------------------------
Number of variables: 557096
Number of clauses: 3280202
sat
real sat
../New_SAT_split/QF_NIA_2_41/20170427-VeryMax/ITS/From_AProVE_2014__juLinkedListCreateAddAllAt.jar-obl-17__p8842_safety_0.smt2 : 265208 ms.
--------------------------------------------------
Number of variables: 169141
Number of clauses: 1061217
unsat in 2 bits.
Number of variables: 215126
Number of clauses: 1321332
sat
real sat
../New_SAT_split/QF_NIA_2_41/20170427-VeryMax/ITS/From_AProVE_2014__juLinkedListCreateAddAllAt.jar-obl-17__p8845_safety_0.smt2 : 97012 ms.
--------------------------------------------------
Number of variables: 338135
Number of clauses: 2042645
sat
real sat
../New_SAT_split/QF_NIA_2_41/20170427-VeryMax/ITS/From_AProVE_2014__juLinkedListCreateAddAllAt.jar-obl-17__p8847_safety_0.smt2 : 226104 ms.
--------------------------------------------------
Number of variables: 52412
Number of clauses: 260597
sat
real sat
../New_SAT_split/QF_NIA_2_41/20170427-VeryMax/ITS/From_AProVE_2014__juLinkedListCreateAddAllAt.jar-obl-17__p8848_safety_0.smt2 : 9867 ms.
--------------------------------------------------
Number of variables: 556435
Number of clauses: 3275928
sat
real sat
../New_SAT_split/QF_NIA_2_41/20170427-VeryMax/ITS/From_AProVE_2014__juLinkedListCreateAddAllAt.jar-obl-17__p8849_safety_0.smt2 : 108893 ms.
--------------------------------------------------
Number of variables: 88454
Number of clauses: 438507
sat
real sat
../New_SAT_split/QF_NIA_2_41/20170427-VeryMax/ITS/From_AProVE_2014__juLinkedListCreateAddAllAt.jar-obl-17__p8850_safety_0.smt2 : 6771 ms.
--------------------------------------------------
Number of variables: 50415
Number of clauses: 246715
sat
real sat
../New_SAT_split/QF_NIA_2_41/20170427-VeryMax/ITS/From_AProVE_2014__juLinkedListCreateAddAllAt.jar-obl-17__p8852_safety_0.smt2 : 3634 ms.
--------------------------------------------------
Number of variables: 160150
Number of clauses: 1003830
unsat in 2 bits.
Number of variables: 203473
Number of clauses: 1249801
sat
real sat
../New_SAT_split/QF_NIA_2_41/20170427-VeryMax/ITS/From_AProVE_2014__juLinkedListCreateAddAllAt.jar-obl-17__p8854_safety_0.smt2 : 124636 ms.
--------------------------------------------------
Number of variables: 318804
Number of clauses: 1925004
sat
real sat
../New_SAT_split/QF_NIA_2_41/20170427-VeryMax/ITS/From_AProVE_2014__juLinkedListCreateAddAllAt.jar-obl-17__p8855_safety_0.smt2 : 192913 ms.
--------------------------------------------------
Number of variables: 523476
Number of clauses: 3081289
sat
real sat
../New_SAT_split/QF_NIA_2_41/20170427-VeryMax/ITS/From_AProVE_2014__juLinkedListCreateAddAllAt.jar-obl-17__p8856_safety_0.smt2 : 259333 ms.
--------------------------------------------------
Number of variables: 167104
Number of clauses: 1044573
unsat in 2 bits.
Number of variables: 213061
Number of clauses: 1304679
sat
real sat
../New_SAT_split/QF_NIA_2_41/20170427-VeryMax/ITS/From_AProVE_2014__juLinkedListCreateAddAllAt.jar-obl-17__p8857_safety_0.smt2 : 59382 ms.
--------------------------------------------------
Number of variables: 334808
Number of clauses: 2015342
sat
real sat
../New_SAT_split/QF_NIA_2_41/20170427-VeryMax/ITS/From_AProVE_2014__juLinkedListCreateAddAllAt.jar-obl-17__p8858_safety_0.smt2 : 201485 ms.
--------------------------------------------------
Number of variables: 551778
Number of clauses: 3237646
sat
real sat
../New_SAT_split/QF_NIA_2_41/20170427-VeryMax/ITS/From_AProVE_2014__juLinkedListCreateAddAllAt.jar-obl-17__p8859_safety_0.smt2 : 302449 ms.
--------------------------------------------------
Number of variables: 53948
Number of clauses: 274978
sat
real sat
../New_SAT_split/QF_NIA_2_41/20170427-VeryMax/ITS/From_AProVE_2014__juLinkedListCreateAddAllAt.jar-obl-17__p8861_safety_0.smt2 : 21065 ms.
--------------------------------------------------
Number of variables: 91225
Number of clauses: 461977
sat
real sat
../New_SAT_split/QF_NIA_2_41/20170427-VeryMax/ITS/From_AProVE_2014__juLinkedListCreateAddAllAt.jar-obl-17__p8862_safety_0.smt2 : 66603 ms.
--------------------------------------------------
Number of variables: 169078
Number of clauses: 1060310
unsat in 2 bits.
Number of variables: 215055
Number of clauses: 1320369
sat
real sat
../New_SAT_split/QF_NIA_2_41/20170427-VeryMax/ITS/From_AProVE_2014__juLinkedListCreateAddAllAt.jar-obl-17__p8863_safety_0.smt2 : 67999 ms.
--------------------------------------------------
Number of variables: 337906
Number of clauses: 2040192
sat
real sat
../New_SAT_split/QF_NIA_2_41/20170427-VeryMax/ITS/From_AProVE_2014__juLinkedListCreateAddAllAt.jar-obl-17__p8864_safety_0.smt2 : 68471 ms.
--------------------------------------------------
Number of variables: 555960
Number of clauses: 3271289
sat
real sat
../New_SAT_split/QF_NIA_2_41/20170427-VeryMax/ITS/From_AProVE_2014__juLinkedListCreateAddAllAt.jar-obl-17__p8865_safety_0.smt2 : 108174 ms.
--------------------------------------------------
Number of variables: 51717
Number of clauses: 259296
sat
real sat
../New_SAT_split/QF_NIA_2_41/20170427-VeryMax/ITS/From_AProVE_2014__juLinkedListCreateAddAllAt.jar-obl-17__p8867_safety_0.smt2 : 3914 ms.
--------------------------------------------------
Number of variables: 88158
Number of clauses: 440240
sat
real sat
../New_SAT_split/QF_NIA_2_41/20170427-VeryMax/ITS/From_AProVE_2014__juLinkedListCreateAddAllAt.jar-obl-17__p8868_safety_0.smt2 : 16892 ms.
--------------------------------------------------
Number of variables: 89550
Number of clauses: 449747
sat
real sat
../New_SAT_split/QF_NIA_2_41/20170427-VeryMax/ITS/From_AProVE_2014__juLinkedListCreateAddAllAt.jar-obl-17__p8871_safety_0.smt2 : 45727 ms.
--------------------------------------------------
Number of variables: 55049
Number of clauses: 282346
sat
real sat
../New_SAT_split/QF_NIA_2_41/20170427-VeryMax/ITS/From_AProVE_2014__juLinkedListCreateAddAllAt.jar-obl-17__p8873_safety_0.smt2 : 10364 ms.
--------------------------------------------------
Number of variables: 92813
Number of clauses: 472691
sat
real sat
../New_SAT_split/QF_NIA_2_41/20170427-VeryMax/ITS/From_AProVE_2014__juLinkedListCreateAddAllAt.jar-obl-17__p8874_safety_0.smt2 : 15628 ms.
--------------------------------------------------
Number of variables: 116784
Number of clauses: 655160
unsat in 2 bits.
Number of variables: 161337
Number of clauses: 897816
sat
real sat
../New_SAT_split/QF_NIA_2_41/20170427-VeryMax/ITS/From_AProVE_2014__juLinkedListCreateAddAllAt.jar-obl-17__p8875_safety_0.smt2 : 3933 ms.
--------------------------------------------------
Number of variables: 251635
Number of clauses: 1375511
unsat in 2 bits.
Number of variables: 361991
Number of clauses: 1972653
sat
real sat
../New_SAT_split/QF_NIA_2_41/20170427-VeryMax/ITS/From_AProVE_2014__juLinkedListCreateAddAllAt.jar-obl-17__p8876_safety_0.smt2 : 75256 ms.
--------------------------------------------------
Number of variables: 434590
Number of clauses: 2338078
unsat in 2 bits.
Number of variables: 639209
Number of clauses: 3440298
sat
real sat
../New_SAT_split/QF_NIA_2_41/20170427-VeryMax/ITS/From_AProVE_2014__juLinkedListCreateAddAllAt.jar-obl-17__p8877_safety_0.smt2 : 16580 ms.
--------------------------------------------------
Number of variables: 104537
Number of clauses: 593289
unsat in 2 bits.
Number of variables: 143858
Number of clauses: 809774
sat
real sat
../New_SAT_split/QF_NIA_2_41/20170427-VeryMax/ITS/From_AProVE_2014__juLinkedListCreateAddAllAt.jar-obl-17__p8878_safety_0.smt2 : 19521 ms.
--------------------------------------------------
Number of variables: 234199
Number of clauses: 1283264
unsat in 2 bits.
Number of variables: 336395
Number of clauses: 1839276
sat
real sat
../New_SAT_split/QF_NIA_2_41/20170427-VeryMax/ITS/From_AProVE_2014__juLinkedListCreateAddAllAt.jar-obl-17__p8879_safety_0.smt2 : 26679 ms.
--------------------------------------------------
Number of variables: 411931
Number of clauses: 2215217
unsat in 2 bits.
Number of variables: 605462
Number of clauses: 3261280
sat
real sat
../New_SAT_split/QF_NIA_2_41/20170427-VeryMax/ITS/From_AProVE_2014__juLinkedListCreateAddAllAt.jar-obl-17__p8880_safety_0.smt2 : 349715 ms.
--------------------------------------------------
Number of variables: 86735
Number of clauses: 425891
sat
real sat
../New_SAT_split/QF_NIA_2_41/20170427-VeryMax/ITS/From_AProVE_2014__juLinkedListCreateAddAllAt.jar-obl-17__p8888_safety_0.smt2 : 7679 ms.
--------------------------------------------------
Number of variables: 116237
Number of clauses: 624998
sat
real sat
../New_SAT_split/QF_NIA_2_41/20170427-VeryMax/ITS/From_AProVE_2014__juLinkedListCreateAddAllAt.jar-obl-17__p8894_safety_0.smt2 : 8791 ms.
--------------------------------------------------
Number of variables: 38841
Number of clauses: 214960
sat
real sat
../New_SAT_split/QF_NIA_2_41/20170427-VeryMax/ITS/From_AProVE_2014__juLinkedListCreateAddAllAt.jar-obl-17__p8895_safety_0.smt2 : 1410 ms.
--------------------------------------------------
Number of variables: 71568
Number of clauses: 386638
sat
real sat
../New_SAT_split/QF_NIA_2_41/20170427-VeryMax/ITS/From_AProVE_2014__juLinkedListCreateAddAllAt.jar-obl-17__p8896_safety_0.smt2 : 5518 ms.
--------------------------------------------------
Number of variables: 113136
Number of clauses: 602511
sat
real sat
../New_SAT_split/QF_NIA_2_41/20170427-VeryMax/ITS/From_AProVE_2014__juLinkedListCreateAddAllAt.jar-obl-17__p8897_safety_0.smt2 : 62807 ms.
--------------------------------------------------
Number of variables: 54794
Number of clauses: 280925
sat
real sat
../New_SAT_split/QF_NIA_2_41/20170427-VeryMax/ITS/From_AProVE_2014__juLinkedListCreateAddAllAt.jar-obl-17__p8899_safety_0.smt2 : 9865 ms.
--------------------------------------------------
Number of variables: 92327
Number of clauses: 469863
sat
real sat
../New_SAT_split/QF_NIA_2_41/20170427-VeryMax/ITS/From_AProVE_2014__juLinkedListCreateAddAllAt.jar-obl-17__p8900_safety_0.smt2 : 16248 ms.
--------------------------------------------------
Number of variables: 95475
Number of clauses: 538414
sat
real sat
../New_SAT_split/QF_NIA_2_41/20170427-VeryMax/ITS/From_AProVE_2014__juLinkedListCreateAddAllAt.jar-obl-17__p8901_safety_0.smt2 : 1668 ms.
--------------------------------------------------
Number of variables: 206859
Number of clauses: 1120384
sat
real sat
../New_SAT_split/QF_NIA_2_41/20170427-VeryMax/ITS/From_AProVE_2014__juLinkedListCreateAddAllAt.jar-obl-17__p8902_safety_0.smt2 : 2756 ms.
--------------------------------------------------
Number of variables: 362822
Number of clauses: 1925947
sat
real sat
../New_SAT_split/QF_NIA_2_41/20170427-VeryMax/ITS/From_AProVE_2014__juLinkedListCreateAddAllAt.jar-obl-17__p8903_safety_0.smt2 : 5677 ms.
--------------------------------------------------
Number of variables: 89546
Number of clauses: 449859
sat
real sat
../New_SAT_split/QF_NIA_2_41/20170427-VeryMax/ITS/From_AProVE_2014__juLinkedListCreateAddAllAt.jar-obl-17__p8906_safety_0.smt2 : 21938 ms.
--------------------------------------------------
Number of variables: 42512
Number of clauses: 247155
unsat in 2 bits.
Number of variables: 55695
Number of clauses: 319687
sat
real sat
../New_SAT_split/QF_NIA_2_41/20170427-VeryMax/ITS/From_AProVE_2014__juLinkedListCreateAddAllAt.jar-obl-17__p8907_safety_0.smt2 : 7530 ms.
--------------------------------------------------
Number of variables: 79947
Number of clauses: 453010
sat
real sat
../New_SAT_split/QF_NIA_2_41/20170427-VeryMax/ITS/From_AProVE_2014__juLinkedListCreateAddAllAt.jar-obl-17__p8908_safety_0.smt2 : 24544 ms.
--------------------------------------------------
Number of variables: 126312
Number of clauses: 703768
sat
real sat
../New_SAT_split/QF_NIA_2_41/20170427-VeryMax/ITS/From_AProVE_2014__juLinkedListCreateAddAllAt.jar-obl-17__p8909_safety_0.smt2 : 22733 ms.
--------------------------------------------------
Number of variables: 41017
Number of clauses: 236348
unsat in 2 bits.
Number of variables: 54006
Number of clauses: 307594
sat
real sat
../New_SAT_split/QF_NIA_2_41/20170427-VeryMax/ITS/From_AProVE_2014__juLinkedListCreateAddAllAt.jar-obl-17__p8910_safety_0.smt2 : 5938 ms.
--------------------------------------------------
Number of variables: 77782
Number of clauses: 437248
sat
real sat
../New_SAT_split/QF_NIA_2_41/20170427-VeryMax/ITS/From_AProVE_2014__juLinkedListCreateAddAllAt.jar-obl-17__p8911_safety_0.smt2 : 30913 ms.
--------------------------------------------------
Number of variables: 123411
Number of clauses: 682533
sat
real sat
../New_SAT_split/QF_NIA_2_41/20170427-VeryMax/ITS/From_AProVE_2014__juLinkedListCreateAddAllAt.jar-obl-17__p8912_safety_0.smt2 : 23116 ms.
--------------------------------------------------
Number of variables: 55094
Number of clauses: 282962
sat
real sat
../New_SAT_split/QF_NIA_2_41/20170427-VeryMax/ITS/From_AProVE_2014__juLinkedListCreateAddAllAt.jar-obl-17__p8914_safety_0.smt2 : 9130 ms.
--------------------------------------------------
Number of variables: 92759
Number of clauses: 472832
sat
real sat
../New_SAT_split/QF_NIA_2_41/20170427-VeryMax/ITS/From_AProVE_2014__juLinkedListCreateAddAllAt.jar-obl-17__p8915_safety_0.smt2 : 64480 ms.
--------------------------------------------------
Number of variables: 53741
Number of clauses: 273136
sat
real sat
../New_SAT_split/QF_NIA_2_41/20170427-VeryMax/ITS/From_AProVE_2014__juLinkedListCreateAddAllAt.jar-obl-17__p8917_safety_0.smt2 : 9871 ms.
--------------------------------------------------
Number of variables: 90966
Number of clauses: 459677
sat
real sat
../New_SAT_split/QF_NIA_2_41/20170427-VeryMax/ITS/From_AProVE_2014__juLinkedListCreateAddAllAt.jar-obl-17__p8918_safety_0.smt2 : 7681 ms.
--------------------------------------------------
Number of variables: 79334
Number of clauses: 448235
sat
real sat
../New_SAT_split/QF_NIA_2_41/20170427-VeryMax/ITS/From_AProVE_2014__juLinkedListCreateAddAllAt.jar-obl-17__p8920_safety_0.smt2 : 14517 ms.
--------------------------------------------------
Number of variables: 125655
Number of clauses: 698527
sat
real sat
../New_SAT_split/QF_NIA_2_41/20170427-VeryMax/ITS/From_AProVE_2014__juLinkedListCreateAddAllAt.jar-obl-17__p8921_safety_0.smt2 : 22073 ms.
--------------------------------------------------
Number of variables: 80305
Number of clauses: 455535
sat
real sat
../New_SAT_split/QF_NIA_2_41/20170427-VeryMax/ITS/From_AProVE_2014__juLinkedListCreateAddAllAt.jar-obl-17__p8923_safety_0.smt2 : 23038 ms.
--------------------------------------------------
Number of variables: 126829
Number of clauses: 707457
sat
real sat
../New_SAT_split/QF_NIA_2_41/20170427-VeryMax/ITS/From_AProVE_2014__juLinkedListCreateAddAllAt.jar-obl-17__p8924_safety_0.smt2 : 24025 ms.
--------------------------------------------------
Number of variables: 104771
Number of clauses: 594763
unsat in 2 bits.
Number of variables: 144160
Number of clauses: 811660
sat
real sat
../New_SAT_split/QF_NIA_2_41/20170427-VeryMax/ITS/From_AProVE_2014__juLinkedListCreateAddAllAt.jar-obl-17__p8925_safety_0.smt2 : 30109 ms.
--------------------------------------------------
Number of variables: 234611
Number of clauses: 1285962
unsat in 2 bits.
Number of variables: 336919
Number of clauses: 1842674
sat
real sat
../New_SAT_split/QF_NIA_2_41/20170427-VeryMax/ITS/From_AProVE_2014__juLinkedListCreateAddAllAt.jar-obl-17__p8926_safety_0.smt2 : 82920 ms.
--------------------------------------------------
Number of variables: 412521
Number of clauses: 2219139
unsat in 2 bits.
Number of variables: 606208
Number of clauses: 3266190
sat
real sat
../New_SAT_split/QF_NIA_2_41/20170427-VeryMax/ITS/From_AProVE_2014__juLinkedListCreateAddAllAt.jar-obl-17__p8927_safety_0.smt2 : 357644 ms.
--------------------------------------------------
Number of variables: 43598
Number of clauses: 254707
unsat in 2 bits.
Number of variables: 56945
Number of clauses: 328219
sat
real sat
../New_SAT_split/QF_NIA_2_41/20170427-VeryMax/ITS/From_AProVE_2014__juLinkedListCreateAddAllAt.jar-obl-17__p8928_safety_0.smt2 : 8496 ms.
--------------------------------------------------
Number of variables: 81850
Number of clauses: 466438
sat
real sat
../New_SAT_split/QF_NIA_2_41/20170427-VeryMax/ITS/From_AProVE_2014__juLinkedListCreateAddAllAt.jar-obl-17__p8929_safety_0.smt2 : 14458 ms.
--------------------------------------------------
Number of variables: 129064
Number of clauses: 723328
sat
real sat
../New_SAT_split/QF_NIA_2_41/20170427-VeryMax/ITS/From_AProVE_2014__juLinkedListCreateAddAllAt.jar-obl-17__p8930_safety_0.smt2 : 12891 ms.
--------------------------------------------------
Number of variables: 79720
Number of clauses: 451004
sat
real sat
../New_SAT_split/QF_NIA_2_41/20170427-VeryMax/ITS/From_AProVE_2014__juLinkedListCreateAddAllAt.jar-obl-17__p8932_safety_0.smt2 : 8029 ms.
--------------------------------------------------
Number of variables: 126214
Number of clauses: 702582
sat
real sat
../New_SAT_split/QF_NIA_2_41/20170427-VeryMax/ITS/From_AProVE_2014__juLinkedListCreateAddAllAt.jar-obl-17__p8933_safety_0.smt2 : 97958 ms.
--------------------------------------------------
Number of variables: 156416
Number of clauses: 976438
unsat in 2 bits.
Number of variables: 199157
Number of clauses: 1218966
sat
real sat
../New_SAT_split/QF_NIA_2_41/20170427-VeryMax/ITS/From_AProVE_2014__juLinkedListCreateAddAllAt.jar-obl-17__p8934_safety_0.smt2 : 52593 ms.
--------------------------------------------------
Number of variables: 312157
Number of clauses: 1876499
sat
real sat
../New_SAT_split/QF_NIA_2_41/20170427-VeryMax/ITS/From_AProVE_2014__juLinkedListCreateAddAllAt.jar-obl-17__p8935_safety_0.smt2 : 233209 ms.
--------------------------------------------------
Number of variables: 513716
Number of clauses: 3010071
sat
real sat
../New_SAT_split/QF_NIA_2_41/20170427-VeryMax/ITS/From_AProVE_2014__juLinkedListCreateAddAllAt.jar-obl-17__p8936_safety_0.smt2 : 264634 ms.
--------------------------------------------------
Number of variables: 54028
Number of clauses: 271067
sat
real sat
../New_SAT_split/QF_NIA_2_41/20170427-VeryMax/ITS/From_AProVE_2014__juLinkedListCreateAddAllAt.jar-obl-17__p8942_safety_0.smt2 : 18321 ms.
--------------------------------------------------
Number of variables: 90481
Number of clauses: 451867
sat
real sat
../New_SAT_split/QF_NIA_2_41/20170427-VeryMax/ITS/From_AProVE_2014__juLinkedListCreateAddAllAt.jar-obl-17__p8943_safety_0.smt2 : 5790 ms.
--------------------------------------------------
Number of variables: 87670
Number of clauses: 432028
sat
real sat
../New_SAT_split/QF_NIA_2_41/20170427-VeryMax/ITS/From_AProVE_2014__juLinkedListCreateAddAllAt.jar-obl-17__p8944_safety_0.smt2 : 8240 ms.
--------------------------------------------------
Number of variables: 160352
Number of clauses: 1004744
unsat in 2 bits.
Number of variables: 203649
Number of clauses: 1250926
sat
real sat
../New_SAT_split/QF_NIA_2_41/20170427-VeryMax/ITS/From_AProVE_2014__juLinkedListCreateAddAllAt.jar-obl-17__p8945_safety_0.smt2 : 55116 ms.
--------------------------------------------------
Number of variables: 318989
Number of clauses: 1925962
sat
real sat
../New_SAT_split/QF_NIA_2_41/20170427-VeryMax/ITS/From_AProVE_2014__juLinkedListCreateAddAllAt.jar-obl-17__p8946_safety_0.smt2 : 181050 ms.
--------------------------------------------------
Number of variables: 523644
Number of clauses: 3082291
sat
real sat
../New_SAT_split/QF_NIA_2_41/20170427-VeryMax/ITS/From_AProVE_2014__juLinkedListCreateAddAllAt.jar-obl-17__p8947_safety_0.smt2 : 301251 ms.
--------------------------------------------------
Number of variables: 55078
Number of clauses: 282706
sat
real sat
../New_SAT_split/QF_NIA_2_41/20170427-VeryMax/ITS/From_AProVE_2014__juLinkedListCreateAddAllAt.jar-obl-17__p8949_safety_0.smt2 : 14337 ms.
--------------------------------------------------
Number of variables: 92641
Number of clauses: 471819
sat
real sat
../New_SAT_split/QF_NIA_2_41/20170427-VeryMax/ITS/From_AProVE_2014__juLinkedListCreateAddAllAt.jar-obl-17__p8950_safety_0.smt2 : 24837 ms.
--------------------------------------------------
Number of variables: 53477
Number of clauses: 271201
sat
real sat
../New_SAT_split/QF_NIA_2_41/20170427-VeryMax/ITS/From_AProVE_2014__juLinkedListCreateAddAllAt.jar-obl-17__p8952_safety_0.smt2 : 10956 ms.
--------------------------------------------------
Number of variables: 90498
Number of clauses: 456275
sat
real sat
../New_SAT_split/QF_NIA_2_41/20170427-VeryMax/ITS/From_AProVE_2014__juLinkedListCreateAddAllAt.jar-obl-17__p8953_safety_0.smt2 : 10107 ms.
--------------------------------------------------
Number of variables: 55362
Number of clauses: 284613
sat
real sat
../New_SAT_split/QF_NIA_2_41/20170427-VeryMax/ITS/From_AProVE_2014__juLinkedListCreateAddAllAt.jar-obl-17__p8955_safety_0.smt2 : 7247 ms.
--------------------------------------------------
Number of variables: 93049
Number of clauses: 474593
sat
real sat
../New_SAT_split/QF_NIA_2_41/20170427-VeryMax/ITS/From_AProVE_2014__juLinkedListCreateAddAllAt.jar-obl-17__p8956_safety_0.smt2 : 23235 ms.
--------------------------------------------------
Number of variables: 53759
Number of clauses: 273120
sat
real sat
../New_SAT_split/QF_NIA_2_41/20170427-VeryMax/ITS/From_AProVE_2014__juLinkedListCreateAddAllAt.jar-obl-17__p8958_safety_0.smt2 : 6415 ms.
--------------------------------------------------
Number of variables: 90901
Number of clauses: 459055
sat
real sat
../New_SAT_split/QF_NIA_2_41/20170427-VeryMax/ITS/From_AProVE_2014__juLinkedListCreateAddAllAt.jar-obl-17__p8959_safety_0.smt2 : 19429 ms.
--------------------------------------------------
Number of variables: 164284
Number of clauses: 1033154
unsat in 2 bits.
Number of variables: 208175
Number of clauses: 1283048
sat
real sat
../New_SAT_split/QF_NIA_2_41/20170427-VeryMax/ITS/From_AProVE_2014__juLinkedListCreateAddAllAt.jar-obl-17__p8960_safety_0.smt2 : 63310 ms.
--------------------------------------------------
Number of variables: 325785
Number of clauses: 1975300
sat
real sat
../New_SAT_split/QF_NIA_2_41/20170427-VeryMax/ITS/From_AProVE_2014__juLinkedListCreateAddAllAt.jar-obl-17__p8961_safety_0.smt2 : 212424 ms.
--------------------------------------------------
Number of variables: 533464
Number of clauses: 3153837
sat
real sat
../New_SAT_split/QF_NIA_2_41/20170427-VeryMax/ITS/From_AProVE_2014__juLinkedListCreateAddAllAt.jar-obl-17__p8962_safety_0.smt2 : 112348 ms.
--------------------------------------------------
Number of variables: 124267
Number of clauses: 719978
unsat in 2 bits.
Number of variables: 167729
Number of clauses: 959872
sat
real sat
../New_SAT_split/QF_NIA_2_41/20170427-VeryMax/ITS/From_AProVE_2014__juLinkedListCreateAddAllAt.jar-obl-17__p8965_safety_0.smt2 : 49581 ms.
--------------------------------------------------
Number of variables: 269504
Number of clauses: 1515240
unsat in 2 bits.
Number of variables: 378806
Number of clauses: 2112238
sat
real sat
../New_SAT_split/QF_NIA_2_41/20170427-VeryMax/ITS/From_AProVE_2014__juLinkedListCreateAddAllAt.jar-obl-17__p8966_safety_0.smt2 : 77938 ms.
--------------------------------------------------
Number of variables: 463005
Number of clauses: 2553998
unsat in 2 bits.
Number of variables: 666607
Number of clauses: 3658692
sat
real sat
../New_SAT_split/QF_NIA_2_41/20170427-VeryMax/ITS/From_AProVE_2014__juLinkedListCreateAddAllAt.jar-obl-17__p8967_safety_0.smt2 : 132164 ms.
--------------------------------------------------
Number of variables: 73857
Number of clauses: 403350
sat
real sat
../New_SAT_split/QF_NIA_2_41/20170427-VeryMax/ITS/From_AProVE_2014__juLinkedListCreateAddAllAt.jar-obl-17__p8973_safety_0.smt2 : 6032 ms.
--------------------------------------------------
Number of variables: 116104
Number of clauses: 624303
sat
real sat
../New_SAT_split/QF_NIA_2_41/20170427-VeryMax/ITS/From_AProVE_2014__juLinkedListCreateAddAllAt.jar-obl-17__p8974_safety_0.smt2 : 25995 ms.
--------------------------------------------------
Number of variables: 112995
Number of clauses: 601754
sat
real sat
../New_SAT_split/QF_NIA_2_41/20170427-VeryMax/ITS/From_AProVE_2014__juLinkedListCreateAddAllAt.jar-obl-17__p8976_safety_0.smt2 : 9661 ms.
--------------------------------------------------
Number of variables: 154266
Number of clauses: 955748
sat
real sat
../New_SAT_split/QF_NIA_2_41/20170427-VeryMax/ITS/From_AProVE_2014__juLinkedListCreateAddAllAt.jar-obl-17__p8977_safety_0.smt2 : 27239 ms.
--------------------------------------------------
Number of variables: 305819
Number of clauses: 1825611
sat
real sat
../New_SAT_split/QF_NIA_2_41/20170427-VeryMax/ITS/From_AProVE_2014__juLinkedListCreateAddAllAt.jar-obl-17__p8978_safety_0.smt2 : 4755 ms.
--------------------------------------------------
Number of variables: 503071
Number of clauses: 2928027
sat
real sat
../New_SAT_split/QF_NIA_2_41/20170427-VeryMax/ITS/From_AProVE_2014__juLinkedListCreateAddAllAt.jar-obl-17__p8979_safety_0.smt2 : 55776 ms.
--------------------------------------------------
Number of variables: 40499
Number of clauses: 232944
unsat in 2 bits.
Number of variables: 53342
Number of clauses: 303278
sat
real sat
../New_SAT_split/QF_NIA_2_41/20170427-VeryMax/ITS/From_AProVE_2014__juLinkedListCreateAddAllAt.jar-obl-17__p8980_safety_0.smt2 : 7720 ms.
--------------------------------------------------
Number of variables: 76678
Number of clauses: 429816
sat
real sat
../New_SAT_split/QF_NIA_2_41/20170427-VeryMax/ITS/From_AProVE_2014__juLinkedListCreateAddAllAt.jar-obl-17__p8981_safety_0.smt2 : 25783 ms.
--------------------------------------------------
Number of variables: 121689
Number of clauses: 670817
sat
real sat
../New_SAT_split/QF_NIA_2_41/20170427-VeryMax/ITS/From_AProVE_2014__juLinkedListCreateAddAllAt.jar-obl-17__p8982_safety_0.smt2 : 75596 ms.
--------------------------------------------------
Number of variables: 42025
Number of clauses: 244015
unsat in 2 bits.
Number of variables: 55080
Number of clauses: 315787
sat
real sat
../New_SAT_split/QF_NIA_2_41/20170427-VeryMax/ITS/From_AProVE_2014__juLinkedListCreateAddAllAt.jar-obl-17__p8983_safety_0.smt2 : 5912 ms.
--------------------------------------------------
Number of variables: 78911
Number of clauses: 446096
sat
real sat
../New_SAT_split/QF_NIA_2_41/20170427-VeryMax/ITS/From_AProVE_2014__juLinkedListCreateAddAllAt.jar-obl-17__p8984_safety_0.smt2 : 17284 ms.
--------------------------------------------------
Number of variables: 124695
Number of clauses: 692824
sat
real sat
../New_SAT_split/QF_NIA_2_41/20170427-VeryMax/ITS/From_AProVE_2014__juLinkedListCreateAddAllAt.jar-obl-17__p8985_safety_0.smt2 : 87841 ms.
--------------------------------------------------
Number of variables: 77031
Number of clauses: 432417
sat
real sat
../New_SAT_split/QF_NIA_2_41/20170427-VeryMax/ITS/From_AProVE_2014__juLinkedListCreateAddAllAt.jar-obl-17__p8987_safety_0.smt2 : 15921 ms.
--------------------------------------------------
Number of variables: 122207
Number of clauses: 674649
sat
real sat
../New_SAT_split/QF_NIA_2_41/20170427-VeryMax/ITS/From_AProVE_2014__juLinkedListCreateAddAllAt.jar-obl-17__p8988_safety_0.smt2 : 70051 ms.
--------------------------------------------------
Number of variables: 80175
Number of clauses: 455079
sat
real sat
../New_SAT_split/QF_NIA_2_41/20170427-VeryMax/ITS/From_AProVE_2014__juLinkedListCreateAddAllAt.jar-obl-17__p8990_safety_0.smt2 : 45186 ms.
--------------------------------------------------
Number of variables: 126509
Number of clauses: 705787
sat
real sat
../New_SAT_split/QF_NIA_2_41/20170427-VeryMax/ITS/From_AProVE_2014__juLinkedListCreateAddAllAt.jar-obl-17__p8991_safety_0.smt2 : 73666 ms.
--------------------------------------------------
Number of variables: 159425
Number of clauses: 998021
unsat in 2 bits.
Number of variables: 202506
Number of clauses: 1242462
sat
real sat
../New_SAT_split/QF_NIA_2_41/20170427-VeryMax/ITS/From_AProVE_2014__juLinkedListCreateAddAllAt.jar-obl-17__p8992_safety_0.smt2 : 88299 ms.
--------------------------------------------------
Number of variables: 317027
Number of clauses: 1911467
sat
real sat
../New_SAT_split/QF_NIA_2_41/20170427-VeryMax/ITS/From_AProVE_2014__juLinkedListCreateAddAllAt.jar-obl-17__p8993_safety_0.smt2 : 69009 ms.
--------------------------------------------------
Number of variables: 520487
Number of clauses: 3058744
sat
real sat
../New_SAT_split/QF_NIA_2_41/20170427-VeryMax/ITS/From_AProVE_2014__juLinkedListCreateAddAllAt.jar-obl-17__p8994_safety_0.smt2 : 306681 ms.
--------------------------------------------------
Number of variables: 160877
Number of clauses: 1007526
unsat in 2 bits.
Number of variables: 204356
Number of clauses: 1254399
sat
real sat
../New_SAT_split/QF_NIA_2_41/20170427-VeryMax/ITS/From_AProVE_2014__juLinkedListCreateAddAllAt.jar-obl-17__p8995_safety_0.smt2 : 90618 ms.
--------------------------------------------------
Number of variables: 319586
Number of clauses: 1928515
sat
real sat
../New_SAT_split/QF_NIA_2_41/20170427-VeryMax/ITS/From_AProVE_2014__juLinkedListCreateAddAllAt.jar-obl-17__p8996_safety_0.smt2 : 74097 ms.
--------------------------------------------------
Number of variables: 524273
Number of clauses: 3084295
sat
real sat
../New_SAT_split/QF_NIA_2_41/20170427-VeryMax/ITS/From_AProVE_2014__juLinkedListCreateAddAllAt.jar-obl-17__p8997_safety_0.smt2 : 313586 ms.
--------------------------------------------------
Number of variables: 127353
Number of clauses: 741595
unsat in 2 bits.
Number of variables: 171345
Number of clauses: 984831
sat
real sat
../New_SAT_split/QF_NIA_2_41/20170427-VeryMax/ITS/From_AProVE_2014__juLinkedListCreateAddAllAt.jar-obl-17__p8998_safety_0.smt2 : 19525 ms.
--------------------------------------------------
Number of variables: 274876
Number of clauses: 1553241
unsat in 2 bits.
Number of variables: 385052
Number of clauses: 2155797
sat
real sat
../New_SAT_split/QF_NIA_2_41/20170427-VeryMax/ITS/From_AProVE_2014__juLinkedListCreateAddAllAt.jar-obl-17__p8999_safety_0.smt2 : 106470 ms.
--------------------------------------------------
Number of variables: 470783
Number of clauses: 2609343
unsat in 2 bits.
Number of variables: 675603
Number of clauses: 3721811
sat
real sat
../New_SAT_split/QF_NIA_2_41/20170427-VeryMax/ITS/From_AProVE_2014__juLinkedListCreateAddAllAt.jar-obl-17__p9000_safety_0.smt2 : 495544 ms.
--------------------------------------------------
Number of variables: 72887
Number of clauses: 395629
sat
real sat
../New_SAT_split/QF_NIA_2_41/20170427-VeryMax/ITS/From_AProVE_2014__juLinkedListCreateAddAllAt.jar-obl-17__p9006_safety_0.smt2 : 5357 ms.
