--------------------------------------------------
First to ismt, cur time 0 s.
Final to yices2, cur time 480 s.
unknown
../../QF_NIA_split/QF_NIA_2_35//20170427-VeryMax/ITS/From_T2__small22.t2__p23897_terminationG_0.smt2 : 1199790 ms.
--------------------------------------------------
First to ismt, cur time 0 s.
Final to yices2, cur time 480 s.
../../QF_NIA_split/QF_NIA_2_35//20170427-VeryMax/ITS/From_T2__small22.t2__p23898_terminationG_0.smt2 : 1200044 ms.
--------------------------------------------------
First to ismt, cur time 0 s.
Final to yices2, cur time 460 s.
final yices2: unsat
../../QF_NIA_split/QF_NIA_2_35//20170427-VeryMax/ITS/From_T2__small23.t2__p23913_terminationG_0.smt2 : 460343 ms.
--------------------------------------------------
First to ismt, cur time 0 s.
Final to yices2, cur time 480 s.
../../QF_NIA_split/QF_NIA_2_35//20170427-VeryMax/ITS/From_T2__small23.t2__p23914_terminationG_0.smt2 : 1200069 ms.
--------------------------------------------------
First to ismt, cur time 0 s.
Final to yices2, cur time 480 s.
unknown
../../QF_NIA_split/QF_NIA_2_35//20170427-VeryMax/ITS/From_T2__small23.t2__p23915_terminationG_0.smt2 : 1199831 ms.
--------------------------------------------------
First to ismt, cur time 0 s.
Final to yices2, cur time 480 s.
final yices2: unsat
../../QF_NIA_split/QF_NIA_2_35//20170427-VeryMax/ITS/From_T2__small29.t2__p23946_safety_0.smt2 : 483198 ms.
--------------------------------------------------
First to ismt, cur time 0 s.
Final to yices2, cur time 480 s.
../../QF_NIA_split/QF_NIA_2_35//20170427-VeryMax/ITS/From_T2__small29.t2__p23947_safety_0.smt2 : 1200055 ms.
--------------------------------------------------
First to ismt, cur time 0 s.
ismt: sat (2 bits).
../../QF_NIA_split/QF_NIA_2_35//20170427-VeryMax/ITS/From_T2__small29.t2__p23958_edge_closing_0.smt2 : 327 ms.
--------------------------------------------------
First to ismt, cur time 0 s.
Final to yices2, cur time 480 s.
final yices2: unsat
../../QF_NIA_split/QF_NIA_2_35//20170427-VeryMax/ITS/From_T2__small35.t2__p23984_terminationG_0.smt2 : 480655 ms.
--------------------------------------------------
First to ismt, cur time 0 s.
Final to yices2, cur time 480 s.
../../QF_NIA_split/QF_NIA_2_35//20170427-VeryMax/ITS/From_T2__small35.t2__p23985_terminationG_0.smt2 : 1200037 ms.
--------------------------------------------------
First to ismt, cur time 0 s.
Final to yices2, cur time 480 s.
../../QF_NIA_split/QF_NIA_2_35//20170427-VeryMax/ITS/From_T2__small35.t2__p23986_terminationG_0.smt2 : 1200038 ms.
--------------------------------------------------
First to ismt, cur time 0 s.
Final to yices2, cur time 480 s.
final yices2: unsat
../../QF_NIA_split/QF_NIA_2_35//20170427-VeryMax/ITS/From_T2__small35.t2__p23989_terminationG_0.smt2 : 480366 ms.
--------------------------------------------------
First to ismt, cur time 0 s.
Final to yices2, cur time 480 s.
../../QF_NIA_split/QF_NIA_2_35//20170427-VeryMax/ITS/From_T2__small35.t2__p23990_terminationG_0.smt2 : 1200041 ms.
--------------------------------------------------
First to ismt, cur time 0 s.
Final to yices2, cur time 480 s.
unknown
../../QF_NIA_split/QF_NIA_2_35//20170427-VeryMax/ITS/From_T2__small35.t2__p23991_terminationG_0.smt2 : 1199891 ms.
--------------------------------------------------
First to ismt, cur time 0 s.
Final to yices2, cur time 480 s.
final yices2: unsat
../../QF_NIA_split/QF_NIA_2_35//20170427-VeryMax/ITS/From_T2__small35.t2__p23994_terminationG_0.smt2 : 480268 ms.
--------------------------------------------------
First to ismt, cur time 0 s.
Final to yices2, cur time 480 s.
../../QF_NIA_split/QF_NIA_2_35//20170427-VeryMax/ITS/From_T2__small35.t2__p23995_terminationG_0.smt2 : 1200035 ms.
--------------------------------------------------
First to ismt, cur time 0 s.
Final to yices2, cur time 480 s.
unknown
../../QF_NIA_split/QF_NIA_2_35//20170427-VeryMax/ITS/From_T2__small35.t2__p23996_terminationG_0.smt2 : 1199604 ms.
--------------------------------------------------
First to ismt, cur time 0 s.
Final to yices2, cur time 481 s.
final yices2: unsat
../../QF_NIA_split/QF_NIA_2_35//20170427-VeryMax/ITS/From_T2__small35.t2__p23999_terminationG_0.smt2 : 481003 ms.
--------------------------------------------------
First to ismt, cur time 0 s.
Final to yices2, cur time 480 s.
../../QF_NIA_split/QF_NIA_2_35//20170427-VeryMax/ITS/From_T2__small35.t2__p24000_terminationG_0.smt2 : 1200046 ms.
--------------------------------------------------
First to ismt, cur time 0 s.
Final to yices2, cur time 480 s.
../../QF_NIA_split/QF_NIA_2_35//20170427-VeryMax/ITS/From_T2__small35.t2__p24001_terminationG_0.smt2 : 1200044 ms.
--------------------------------------------------
First to ismt, cur time 0 s.
Final to yices2, cur time 480 s.
final yices2: unsat
../../QF_NIA_split/QF_NIA_2_35//20170427-VeryMax/ITS/From_T2__small35.t2__p24004_terminationG_0.smt2 : 480727 ms.
--------------------------------------------------
First to ismt, cur time 0 s.
Final to yices2, cur time 480 s.
../../QF_NIA_split/QF_NIA_2_35//20170427-VeryMax/ITS/From_T2__small35.t2__p24005_terminationG_0.smt2 : 1200042 ms.
--------------------------------------------------
First to ismt, cur time 0 s.
Final to yices2, cur time 480 s.
../../QF_NIA_split/QF_NIA_2_35//20170427-VeryMax/ITS/From_T2__small35.t2__p24006_terminationG_0.smt2 : 1200075 ms.
--------------------------------------------------
First to ismt, cur time 0 s.
Final to yices2, cur time 481 s.
final yices2: unsat
../../QF_NIA_split/QF_NIA_2_35//20170427-VeryMax/ITS/From_T2__small35.t2__p24009_terminationG_0.smt2 : 485785 ms.
--------------------------------------------------
First to ismt, cur time 0 s.
Final to yices2, cur time 480 s.
../../QF_NIA_split/QF_NIA_2_35//20170427-VeryMax/ITS/From_T2__small35.t2__p24010_terminationG_0.smt2 : 1200040 ms.
--------------------------------------------------
First to ismt, cur time 0 s.
Final to yices2, cur time 480 s.
unknown
../../QF_NIA_split/QF_NIA_2_35//20170427-VeryMax/ITS/From_T2__small35.t2__p24011_terminationG_0.smt2 : 1199940 ms.
--------------------------------------------------
First to ismt, cur time 0 s.
Final to yices2, cur time 480 s.
final yices2: unsat
../../QF_NIA_split/QF_NIA_2_35//20170427-VeryMax/ITS/From_T2__small35.t2__p24014_terminationG_0.smt2 : 480562 ms.
--------------------------------------------------
First to ismt, cur time 0 s.
Final to yices2, cur time 480 s.
unknown
../../QF_NIA_split/QF_NIA_2_35//20170427-VeryMax/ITS/From_T2__small35.t2__p24015_terminationG_0.smt2 : 1199856 ms.
--------------------------------------------------
First to ismt, cur time 0 s.
Final to yices2, cur time 480 s.
../../QF_NIA_split/QF_NIA_2_35//20170427-VeryMax/ITS/From_T2__small35.t2__p24016_terminationG_0.smt2 : 1200031 ms.
--------------------------------------------------
First to ismt, cur time 0 s.
Final to yices2, cur time 480 s.
final yices2: unsat
../../QF_NIA_split/QF_NIA_2_35//20170427-VeryMax/ITS/From_T2__small35.t2__p24019_terminationG_0.smt2 : 480430 ms.
--------------------------------------------------
First to ismt, cur time 0 s.
Final to yices2, cur time 480 s.
../../QF_NIA_split/QF_NIA_2_35//20170427-VeryMax/ITS/From_T2__small35.t2__p24020_terminationG_0.smt2 : 1200072 ms.
--------------------------------------------------
First to ismt, cur time 0 s.
Final to yices2, cur time 480 s.
../../QF_NIA_split/QF_NIA_2_35//20170427-VeryMax/ITS/From_T2__small35.t2__p24021_terminationG_0.smt2 : 1200034 ms.
--------------------------------------------------
First to ismt, cur time 0 s.
Final to yices2, cur time 480 s.
final yices2: unsat
../../QF_NIA_split/QF_NIA_2_35//20170427-VeryMax/ITS/From_T2__small35.t2__p24024_terminationG_0.smt2 : 481108 ms.
--------------------------------------------------
First to ismt, cur time 0 s.
Final to yices2, cur time 480 s.
../../QF_NIA_split/QF_NIA_2_35//20170427-VeryMax/ITS/From_T2__small35.t2__p24025_terminationG_0.smt2 : 1200055 ms.
--------------------------------------------------
First to ismt, cur time 0 s.
Final to yices2, cur time 480 s.
../../QF_NIA_split/QF_NIA_2_35//20170427-VeryMax/ITS/From_T2__small35.t2__p24026_terminationG_0.smt2 : 1200057 ms.
--------------------------------------------------
First to ismt, cur time 0 s.
Final to yices2, cur time 481 s.
final yices2: unsat
../../QF_NIA_split/QF_NIA_2_35//20170427-VeryMax/ITS/From_T2__small35.t2__p24029_terminationG_0.smt2 : 480894 ms.
--------------------------------------------------
First to ismt, cur time 0 s.
Final to yices2, cur time 480 s.
unknown
../../QF_NIA_split/QF_NIA_2_35//20170427-VeryMax/ITS/From_T2__small35.t2__p24030_terminationG_0.smt2 : 1199843 ms.
--------------------------------------------------
First to ismt, cur time 0 s.
Final to yices2, cur time 480 s.
../../QF_NIA_split/QF_NIA_2_35//20170427-VeryMax/ITS/From_T2__small35.t2__p24031_terminationG_0.smt2 : 1200038 ms.
--------------------------------------------------
First to ismt, cur time 0 s.
Final to yices2, cur time 480 s.
final yices2: unsat
../../QF_NIA_split/QF_NIA_2_35//20170427-VeryMax/ITS/From_T2__small35.t2__p24034_terminationG_0.smt2 : 480505 ms.
--------------------------------------------------
First to ismt, cur time 0 s.
Final to yices2, cur time 480 s.
../../QF_NIA_split/QF_NIA_2_35//20170427-VeryMax/ITS/From_T2__small35.t2__p24035_terminationG_0.smt2 : 1200067 ms.
--------------------------------------------------
First to ismt, cur time 0 s.
Final to yices2, cur time 480 s.
../../QF_NIA_split/QF_NIA_2_35//20170427-VeryMax/ITS/From_T2__small35.t2__p24036_terminationG_0.smt2 : 1200047 ms.
--------------------------------------------------
First to ismt, cur time 0 s.
Final to yices2, cur time 480 s.
final yices2: unsat
../../QF_NIA_split/QF_NIA_2_35//20170427-VeryMax/ITS/From_T2__small35.t2__p24039_terminationG_0.smt2 : 480513 ms.
--------------------------------------------------
First to ismt, cur time 0 s.
Final to yices2, cur time 480 s.
unknown
../../QF_NIA_split/QF_NIA_2_35//20170427-VeryMax/ITS/From_T2__small35.t2__p24040_terminationG_0.smt2 : 1199912 ms.
--------------------------------------------------
First to ismt, cur time 0 s.
Final to yices2, cur time 480 s.
../../QF_NIA_split/QF_NIA_2_35//20170427-VeryMax/ITS/From_T2__small35.t2__p24041_terminationG_0.smt2 : 1200031 ms.
--------------------------------------------------
First to ismt, cur time 0 s.
Final to yices2, cur time 480 s.
final yices2: unsat
../../QF_NIA_split/QF_NIA_2_35//20170427-VeryMax/ITS/From_T2__small35.t2__p24044_terminationG_0.smt2 : 577018 ms.
--------------------------------------------------
First to ismt, cur time 0 s.
Final to yices2, cur time 480 s.
unknown
../../QF_NIA_split/QF_NIA_2_35//20170427-VeryMax/ITS/From_T2__small35.t2__p24045_terminationG_0.smt2 : 1199586 ms.
--------------------------------------------------
First to ismt, cur time 0 s.
Final to yices2, cur time 480 s.
../../QF_NIA_split/QF_NIA_2_35//20170427-VeryMax/ITS/From_T2__small35.t2__p24046_terminationG_0.smt2 : 1200051 ms.
--------------------------------------------------
First to ismt, cur time 0 s.
Final to yices2, cur time 480 s.
final yices2: unsat
../../QF_NIA_split/QF_NIA_2_35//20170427-VeryMax/ITS/From_T2__small35.t2__p24049_terminationG_0.smt2 : 481097 ms.
--------------------------------------------------
First to ismt, cur time 0 s.
Final to yices2, cur time 480 s.
../../QF_NIA_split/QF_NIA_2_35//20170427-VeryMax/ITS/From_T2__small35.t2__p24050_terminationG_0.smt2 : 1200037 ms.
--------------------------------------------------
First to ismt, cur time 0 s.
Final to yices2, cur time 480 s.
../../QF_NIA_split/QF_NIA_2_35//20170427-VeryMax/ITS/From_T2__small35.t2__p24051_terminationG_0.smt2 : 1200063 ms.
--------------------------------------------------
First to ismt, cur time 0 s.
Final to yices2, cur time 480 s.
final yices2: unsat
../../QF_NIA_split/QF_NIA_2_35//20170427-VeryMax/ITS/From_T2__small35.t2__p24054_terminationG_0.smt2 : 618094 ms.
--------------------------------------------------
First to ismt, cur time 0 s.
Final to yices2, cur time 481 s.
unknown
../../QF_NIA_split/QF_NIA_2_35//20170427-VeryMax/ITS/From_T2__small35.t2__p24055_terminationG_0.smt2 : 1199295 ms.
--------------------------------------------------
First to ismt, cur time 0 s.
Final to yices2, cur time 480 s.
../../QF_NIA_split/QF_NIA_2_35//20170427-VeryMax/ITS/From_T2__small35.t2__p24056_terminationG_0.smt2 : 1200045 ms.
--------------------------------------------------
First to ismt, cur time 0 s.
Final to yices2, cur time 480 s.
final yices2: unsat
../../QF_NIA_split/QF_NIA_2_35//20170427-VeryMax/ITS/From_T2__small35.t2__p24059_terminationG_0.smt2 : 576715 ms.
--------------------------------------------------
First to ismt, cur time 0 s.
Final to yices2, cur time 480 s.
../../QF_NIA_split/QF_NIA_2_35//20170427-VeryMax/ITS/From_T2__small35.t2__p24060_terminationG_0.smt2 : 1200052 ms.
--------------------------------------------------
First to ismt, cur time 0 s.
Final to yices2, cur time 480 s.
../../QF_NIA_split/QF_NIA_2_35//20170427-VeryMax/ITS/From_T2__small35.t2__p24061_terminationG_0.smt2 : 1200061 ms.
--------------------------------------------------
First to ismt, cur time 0 s.
Final to yices2, cur time 480 s.
final yices2: unsat
../../QF_NIA_split/QF_NIA_2_35//20170427-VeryMax/ITS/From_T2__small35.t2__p24064_terminationG_0.smt2 : 790479 ms.
--------------------------------------------------
First to ismt, cur time 0 s.
Final to yices2, cur time 480 s.
unknown
../../QF_NIA_split/QF_NIA_2_35//20170427-VeryMax/ITS/From_T2__small35.t2__p24065_terminationG_0.smt2 : 1199909 ms.
--------------------------------------------------
First to ismt, cur time 0 s.
Final to yices2, cur time 480 s.
../../QF_NIA_split/QF_NIA_2_35//20170427-VeryMax/ITS/From_T2__small35.t2__p24066_terminationG_0.smt2 : 1200050 ms.
--------------------------------------------------
First to ismt, cur time 0 s.
Final to yices2, cur time 480 s.
final yices2: unsat
../../QF_NIA_split/QF_NIA_2_35//20170427-VeryMax/ITS/From_T2__small35.t2__p24069_terminationG_0.smt2 : 481709 ms.
--------------------------------------------------
First to ismt, cur time 0 s.
Final to yices2, cur time 480 s.
final yices2: unsat
../../QF_NIA_split/QF_NIA_2_35//20170427-VeryMax/ITS/From_T2__small35.t2__p24070_terminationG_0.smt2 : 777883 ms.
--------------------------------------------------
First to ismt, cur time 0 s.
Final to yices2, cur time 480 s.
../../QF_NIA_split/QF_NIA_2_35//20170427-VeryMax/ITS/From_T2__small35.t2__p24071_terminationG_0.smt2 : 1200031 ms.
--------------------------------------------------
First to ismt, cur time 0 s.
Final to yices2, cur time 480 s.
final yices2: unsat
../../QF_NIA_split/QF_NIA_2_35//20170427-VeryMax/ITS/From_T2__small35.t2__p24074_terminationG_0.smt2 : 480517 ms.
--------------------------------------------------
First to ismt, cur time 0 s.
Final to yices2, cur time 480 s.
unknown
../../QF_NIA_split/QF_NIA_2_35//20170427-VeryMax/ITS/From_T2__small35.t2__p24075_terminationG_0.smt2 : 1199793 ms.
--------------------------------------------------
First to ismt, cur time 0 s.
Final to yices2, cur time 480 s.
../../QF_NIA_split/QF_NIA_2_35//20170427-VeryMax/ITS/From_T2__small35.t2__p24076_terminationG_0.smt2 : 1200048 ms.
--------------------------------------------------
First to ismt, cur time 0 s.
Final to yices2, cur time 480 s.
final yices2: unsat
../../QF_NIA_split/QF_NIA_2_35//20170427-VeryMax/ITS/From_T2__small35.t2__p24079_terminationG_0.smt2 : 481736 ms.
--------------------------------------------------
First to ismt, cur time 0 s.
Final to yices2, cur time 480 s.
unknown
../../QF_NIA_split/QF_NIA_2_35//20170427-VeryMax/ITS/From_T2__small35.t2__p24080_terminationG_0.smt2 : 1200025 ms.
--------------------------------------------------
First to ismt, cur time 0 s.
Final to yices2, cur time 480 s.
../../QF_NIA_split/QF_NIA_2_35//20170427-VeryMax/ITS/From_T2__small35.t2__p24081_terminationG_0.smt2 : 1200050 ms.
--------------------------------------------------
First to ismt, cur time 0 s.
ismt: sat (2 bits).
../../QF_NIA_split/QF_NIA_2_35//20170427-VeryMax/ITS/From_T2__spctrm.c.i.spctrm.pl.t2.fixed.t2__term_unfeasibility_10_0.smt2 : 10080 ms.
--------------------------------------------------
First to ismt, cur time 0 s.
Final to yices2, cur time 480 s.
final yices2: unsat
../../QF_NIA_split/QF_NIA_2_35//20170427-VeryMax/ITS/From_T2__spctrm.c.i.spctrm.pl.t2.fixed.t2__term_unfeasibility_11_0.smt2 : 485458 ms.
--------------------------------------------------
First to ismt, cur time 0 s.
ismt: sat (2 bits).
../../QF_NIA_split/QF_NIA_2_35//20170427-VeryMax/ITS/From_T2__spctrm.c.i.spctrm.pl.t2.fixed.t2__term_unfeasibility_4_0.smt2 : 19023 ms.
--------------------------------------------------
First to ismt, cur time 0 s.
ismt: sat (2 bits).
../../QF_NIA_split/QF_NIA_2_35//20170427-VeryMax/ITS/From_T2__spctrm.c.i.spctrm.pl.t2.fixed.t2__term_unfeasibility_5_0.smt2 : 31050 ms.
--------------------------------------------------
First to ismt, cur time 0 s.
ismt: sat (2 bits).
../../QF_NIA_split/QF_NIA_2_35//20170427-VeryMax/ITS/From_T2__spctrm.c.i.spctrm.pl.t2.fixed.t2__term_unfeasibility_6_0.smt2 : 20992 ms.
--------------------------------------------------
First to ismt, cur time 0 s.
ismt: sat (2 bits).
../../QF_NIA_split/QF_NIA_2_35//20170427-VeryMax/ITS/From_T2__spctrm.c.i.spctrm.pl.t2.fixed.t2__term_unfeasibility_7_0.smt2 : 23577 ms.
--------------------------------------------------
First to ismt, cur time 0 s.
ismt: sat (2 bits).
../../QF_NIA_split/QF_NIA_2_35//20170427-VeryMax/ITS/From_T2__spctrm.c.i.spctrm.pl.t2.fixed.t2__term_unfeasibility_8_0.smt2 : 33797 ms.
--------------------------------------------------
First to ismt, cur time 0 s.
ismt: sat (2 bits).
../../QF_NIA_split/QF_NIA_2_35//20170427-VeryMax/ITS/From_T2__spctrm.c.i.spctrm.pl.t2.fixed.t2__term_unfeasibility_9_0.smt2 : 15204 ms.
--------------------------------------------------
First to ismt, cur time 0 s.
Final to yices2, cur time 481 s.
final yices2: unsat
../../QF_NIA_split/QF_NIA_2_35//20170427-VeryMax/ITS/From_T2__spctrm.t2__term_unfeasibility_10_0.smt2 : 484474 ms.
--------------------------------------------------
First to ismt, cur time 0 s.
ismt: sat (2 bits).
../../QF_NIA_split/QF_NIA_2_35//20170427-VeryMax/ITS/From_T2__spctrm.t2__term_unfeasibility_4_0.smt2 : 16821 ms.
--------------------------------------------------
First to ismt, cur time 0 s.
ismt: sat (2 bits).
../../QF_NIA_split/QF_NIA_2_35//20170427-VeryMax/ITS/From_T2__spctrm.t2__term_unfeasibility_5_0.smt2 : 11842 ms.
--------------------------------------------------
First to ismt, cur time 0 s.
ismt: sat (2 bits).
../../QF_NIA_split/QF_NIA_2_35//20170427-VeryMax/ITS/From_T2__spctrm.t2__term_unfeasibility_6_0.smt2 : 15406 ms.
--------------------------------------------------
First to ismt, cur time 0 s.
ismt: sat (2 bits).
../../QF_NIA_split/QF_NIA_2_35//20170427-VeryMax/ITS/From_T2__spctrm.t2__term_unfeasibility_7_0.smt2 : 4214 ms.
--------------------------------------------------
First to ismt, cur time 0 s.
ismt: sat (2 bits).
../../QF_NIA_split/QF_NIA_2_35//20170427-VeryMax/ITS/From_T2__spctrm.t2__term_unfeasibility_8_0.smt2 : 5025 ms.
--------------------------------------------------
First to ismt, cur time 0 s.
ismt: sat (2 bits).
../../QF_NIA_split/QF_NIA_2_35//20170427-VeryMax/ITS/From_T2__spctrm.t2__term_unfeasibility_9_0.smt2 : 9450 ms.
--------------------------------------------------
First to ismt, cur time 0 s.
ismt: sat (2 bits).
../../QF_NIA_split/QF_NIA_2_35//20170427-VeryMax/ITS/From_T2__spiral.t2_fixed__p24113_terminationG_0.smt2 : 38509 ms.
--------------------------------------------------
First to ismt, cur time 0 s.
Final to yices2, cur time 481 s.
../../QF_NIA_split/QF_NIA_2_35//20170427-VeryMax/ITS/From_T2__spiral.t2__p24120_terminationG_0.smt2 : 1200032 ms.
--------------------------------------------------
First to ismt, cur time 0 s.
Final to yices2, cur time 480 s.
../../QF_NIA_split/QF_NIA_2_35//20170427-VeryMax/ITS/From_T2__spiral.t2__p24121_terminationG_0.smt2 : 1200047 ms.
--------------------------------------------------
First to ismt, cur time 0 s.
ismt: sat (2 bits).
../../QF_NIA_split/QF_NIA_2_35//20170427-VeryMax/ITS/From_T2__spiral.t2__p24122_terminationG_0.smt2 : 158637 ms.
--------------------------------------------------
First to ismt, cur time 0 s.
Final to yices2, cur time 480 s.
../../QF_NIA_split/QF_NIA_2_35//20170427-VeryMax/ITS/From_T2__spiral.t2__p24125_edge_closing_0.smt2 : 1200620 ms.
--------------------------------------------------
First to ismt, cur time 0 s.
Final to yices2, cur time 481 s.
../../QF_NIA_split/QF_NIA_2_35//20170427-VeryMax/ITS/From_T2__spiral.t2__p24126_edge_closing_0.smt2 : 1200099 ms.
--------------------------------------------------
First to ismt, cur time 0 s.
Final to yices2, cur time 480 s.
../../QF_NIA_split/QF_NIA_2_35//20170427-VeryMax/ITS/From_T2__spiral.t2__p24127_edge_closing_0.smt2 : 1212894 ms.
--------------------------------------------------
First to ismt, cur time 0 s.
ismt: sat (4 bits).
../../QF_NIA_split/QF_NIA_2_35//20170427-VeryMax/ITS/From_T2__st88b-fail.t2__p24138_terminationG_0.smt2 : 57129 ms.
--------------------------------------------------
First to ismt, cur time 0 s.
ismt: sat (4 bits).
../../QF_NIA_split/QF_NIA_2_35//20170427-VeryMax/ITS/From_T2__st88b-fail.t2__p24139_terminationG_0.smt2 : 89538 ms.
--------------------------------------------------
First to ismt, cur time 0 s.
Final to yices2, cur time 391 s.
final yices2: unsat
../../QF_NIA_split/QF_NIA_2_35//20170427-VeryMax/ITS/From_T2__st88b-fail.t2__p24142_terminationG_0.smt2 : 390841 ms.
--------------------------------------------------
First to ismt, cur time 0 s.
Final to yices2, cur time 480 s.
final yices2: unsat
../../QF_NIA_split/QF_NIA_2_35//20170427-VeryMax/ITS/From_T2__st88b-fail.t2__p24143_terminationG_0.smt2 : 481306 ms.
--------------------------------------------------
First to ismt, cur time 0 s.
Final to yices2, cur time 481 s.
final yices2: unsat
../../QF_NIA_split/QF_NIA_2_35//20170427-VeryMax/ITS/From_T2__st88b-fail.t2__p24144_terminationG_0.smt2 : 726799 ms.
--------------------------------------------------
First to ismt, cur time 0 s.
Final to yices2, cur time 427 s.
final yices2: unsat
../../QF_NIA_split/QF_NIA_2_35//20170427-VeryMax/ITS/From_T2__st88b-fail.t2__p24147_terminationG_0.smt2 : 427222 ms.
--------------------------------------------------
First to ismt, cur time 0 s.
Final to yices2, cur time 480 s.
final yices2: unsat
../../QF_NIA_split/QF_NIA_2_35//20170427-VeryMax/ITS/From_T2__st88b-fail.t2__p24148_terminationG_0.smt2 : 498001 ms.
--------------------------------------------------
First to ismt, cur time 0 s.
Final to yices2, cur time 488 s.
final yices2: unsat
../../QF_NIA_split/QF_NIA_2_35//20170427-VeryMax/ITS/From_T2__st88b-fail.t2__p24149_terminationG_0.smt2 : 597552 ms.
--------------------------------------------------
First to ismt, cur time 0 s.
ismt: sat (4 bits).
../../QF_NIA_split/QF_NIA_2_35//20170427-VeryMax/ITS/From_T2__st88b-succeed.t2__p24159_terminationG_0.smt2 : 31701 ms.
--------------------------------------------------
First to ismt, cur time 0 s.
ismt: sat (4 bits).
../../QF_NIA_split/QF_NIA_2_35//20170427-VeryMax/ITS/From_T2__st88b-succeed.t2__p24160_terminationG_0.smt2 : 94777 ms.
--------------------------------------------------
First to ismt, cur time 0 s.
Final to yices2, cur time 483 s.
final yices2: unsat
../../QF_NIA_split/QF_NIA_2_35//20170427-VeryMax/ITS/From_T2__st88.bug.t2_fixed__p24179_terminationG_0.smt2 : 499639 ms.
--------------------------------------------------
First to ismt, cur time 0 s.
Final to yices2, cur time 482 s.
../../QF_NIA_split/QF_NIA_2_35//20170427-VeryMax/ITS/From_T2__st88.bug.t2_fixed__p24180_terminationG_0.smt2 : 1200040 ms.
--------------------------------------------------
First to ismt, cur time 0 s.
Final to yices2, cur time 480 s.
../../QF_NIA_split/QF_NIA_2_35//20170427-VeryMax/ITS/From_T2__st88.bug.t2_fixed__p24181_terminationG_0.smt2 : 1206660 ms.
--------------------------------------------------
First to ismt, cur time 0 s.
Final to yices2, cur time 51 s.
final yices2: unsat
../../QF_NIA_split/QF_NIA_2_35//20170427-VeryMax/ITS/From_T2__st88.bug.t2__fixed_safety_0_0.smt2 : 67268 ms.
--------------------------------------------------
First to ismt, cur time 0 s.
Final to yices2, cur time 481 s.
final yices2: unsat
../../QF_NIA_split/QF_NIA_2_35//20170427-VeryMax/ITS/From_T2__st88.bug.t2__p24190_terminationG_0.smt2 : 482144 ms.
--------------------------------------------------
First to ismt, cur time 0 s.
ismt: sat (2 bits).
../../QF_NIA_split/QF_NIA_2_35//20170427-VeryMax/ITS/From_T2__st88.bug.t2__p24192_terminationG_0.smt2 : 27911 ms.
--------------------------------------------------
First to ismt, cur time 0 s.
Final to yices2, cur time 480 s.
final yices2: unsat
../../QF_NIA_split/QF_NIA_2_35//20170427-VeryMax/ITS/From_T2__st88.bug.t2__p24193_safety_0.smt2 : 480790 ms.
--------------------------------------------------
First to ismt, cur time 0 s.
ismt: sat (2 bits).
../../QF_NIA_split/QF_NIA_2_35//20170427-VeryMax/ITS/From_T2__st88.bug.t2__p24194_safety_0.smt2 : 12360 ms.
--------------------------------------------------
First to ismt, cur time 0 s.
ismt: sat (2 bits).
../../QF_NIA_split/QF_NIA_2_35//20170427-VeryMax/ITS/From_T2__st88.bug.t2__p24195_safety_0.smt2 : 10142 ms.
--------------------------------------------------
First to ismt, cur time 0 s.
Final to yices2, cur time 480 s.
final yices2: unsat
../../QF_NIA_split/QF_NIA_2_35//20170427-VeryMax/ITS/From_T2__st88.t2_fixed__p24204_terminationG_0.smt2 : 481863 ms.
--------------------------------------------------
First to ismt, cur time 0 s.
Final to yices2, cur time 480 s.
../../QF_NIA_split/QF_NIA_2_35//20170427-VeryMax/ITS/From_T2__st88.t2_fixed__p24205_terminationG_0.smt2 : 1201754 ms.
--------------------------------------------------
First to ismt, cur time 0 s.
Final to yices2, cur time 496 s.
../../QF_NIA_split/QF_NIA_2_35//20170427-VeryMax/ITS/From_T2__st88.t2_fixed__p24206_terminationG_0.smt2 : 1226772 ms.
--------------------------------------------------
First to ismt, cur time 0 s.
Final to yices2, cur time 480 s.
final yices2: unsat
../../QF_NIA_split/QF_NIA_2_35//20170427-VeryMax/ITS/From_T2__st88.t2__p24215_terminationG_0.smt2 : 489254 ms.
--------------------------------------------------
First to ismt, cur time 0 s.
ismt: sat (2 bits).
../../QF_NIA_split/QF_NIA_2_35//20170427-VeryMax/ITS/From_T2__st88.t2__p24216_terminationG_0.smt2 : 63406 ms.
--------------------------------------------------
First to ismt, cur time 0 s.
ismt: sat (2 bits).
../../QF_NIA_split/QF_NIA_2_35//20170427-VeryMax/ITS/From_T2__st88.t2__p24217_terminationG_0.smt2 : 157900 ms.
--------------------------------------------------
First to ismt, cur time 0 s.
Final to yices2, cur time 481 s.
final yices2: unsat
../../QF_NIA_split/QF_NIA_2_35//20170427-VeryMax/ITS/From_T2__st88.t2__p24220_terminationG_0.smt2 : 481826 ms.
--------------------------------------------------
First to ismt, cur time 0 s.
Final to yices2, cur time 480 s.
../../QF_NIA_split/QF_NIA_2_35//20170427-VeryMax/ITS/From_T2__st88.t2__p24221_terminationG_0.smt2 : 1200059 ms.
--------------------------------------------------
First to ismt, cur time 0 s.
Final to yices2, cur time 480 s.
../../QF_NIA_split/QF_NIA_2_35//20170427-VeryMax/ITS/From_T2__st88.t2__p24222_terminationG_0.smt2 : 1200048 ms.
--------------------------------------------------
First to ismt, cur time 0 s.
Final to yices2, cur time 490 s.
../../QF_NIA_split/QF_NIA_2_35//20170427-VeryMax/ITS/From_T2__statemate.t2_fixed__term_unfeasibility_0_0.smt2 : 1200049 ms.
--------------------------------------------------
First to ismt, cur time 0 s.
terminate called after throwing an instance of 'std::bad_alloc'
  what():  std::bad_alloc
timeout: the monitored command dumped core
Final to yices2, cur time 493 s.
../../QF_NIA_split/QF_NIA_2_35//20170427-VeryMax/ITS/From_T2__statemate.t2__term_unfeasibility_0_0.smt2 : 1221938 ms.
--------------------------------------------------
First to ismt, cur time 0 s.
ismt: sat (2 bits).
../../QF_NIA_split/QF_NIA_2_35//20170427-VeryMax/ITS/From_T2__streamserver.bug.t2_fixed__p24562_terminationG_0.smt2 : 19884 ms.
--------------------------------------------------
First to ismt, cur time 0 s.
ismt: sat (2 bits).
../../QF_NIA_split/QF_NIA_2_35//20170427-VeryMax/ITS/From_T2__streamserver.bug.t2_fixed__p24563_terminationG_0.smt2 : 293531 ms.
--------------------------------------------------
First to ismt, cur time 0 s.
Final to yices2, cur time 483 s.
final yices2: sat
../../QF_NIA_split/QF_NIA_2_35//20170427-VeryMax/ITS/From_T2__streamserver.bug.t2_fixed__p24564_terminationG_0.smt2 : 647291 ms.
--------------------------------------------------
First to ismt, cur time 0 s.
Final to yices2, cur time 481 s.
final yices2: unsat
../../QF_NIA_split/QF_NIA_2_35//20170427-VeryMax/ITS/From_T2__streamserver.bug.t2_fixed__terminationS_0_0.smt2 : 480859 ms.
--------------------------------------------------
First to ismt, cur time 0 s.
Final to yices2, cur time 484 s.
final yices2: unsat
../../QF_NIA_split/QF_NIA_2_35//20170427-VeryMax/ITS/From_T2__streamserver.bug.t2_fixed__terminationS_1_0.smt2 : 519085 ms.
--------------------------------------------------
First to ismt, cur time 0 s.
Final to yices2, cur time 481 s.
final yices2: unsat
../../QF_NIA_split/QF_NIA_2_35//20170427-VeryMax/ITS/From_T2__streamserver.bug.t2_fixed__terminationS_2_0.smt2 : 488442 ms.
--------------------------------------------------
First to ismt, cur time 0 s.
Final to yices2, cur time 497 s.
final yices2: unsat
../../QF_NIA_split/QF_NIA_2_35//20170427-VeryMax/ITS/From_T2__streamserver.bug.t2_fixed__terminationS_3_0.smt2 : 502829 ms.
--------------------------------------------------
First to ismt, cur time 0 s.
Final to yices2, cur time 482 s.
final yices2: unsat
../../QF_NIA_split/QF_NIA_2_35//20170427-VeryMax/ITS/From_T2__streamserver.bug.t2_fixed__term_unfeasibility_0_0.smt2 : 485933 ms.
--------------------------------------------------
First to ismt, cur time 0 s.
ismt: sat (2 bits).
../../QF_NIA_split/QF_NIA_2_35//20170427-VeryMax/ITS/From_T2__streamserver.bug.t2__p24571_terminationG_0.smt2 : 14481 ms.
--------------------------------------------------
First to ismt, cur time 0 s.
ismt: sat (2 bits).
../../QF_NIA_split/QF_NIA_2_35//20170427-VeryMax/ITS/From_T2__streamserver.bug.t2__p24572_terminationG_0.smt2 : 193411 ms.
--------------------------------------------------
First to ismt, cur time 0 s.
ismt: sat (2 bits).
../../QF_NIA_split/QF_NIA_2_35//20170427-VeryMax/ITS/From_T2__streamserver.bug.t2__p24573_terminationG_0.smt2 : 318251 ms.
--------------------------------------------------
First to ismt, cur time 0 s.
Final to yices2, cur time 481 s.
final yices2: unsat
../../QF_NIA_split/QF_NIA_2_35//20170427-VeryMax/ITS/From_T2__streamserver.bug.t2__terminationS_0_0.smt2 : 480929 ms.
--------------------------------------------------
First to ismt, cur time 0 s.
Final to yices2, cur time 480 s.
final yices2: unsat
../../QF_NIA_split/QF_NIA_2_35//20170427-VeryMax/ITS/From_T2__streamserver.bug.t2__terminationS_1_0.smt2 : 480684 ms.
--------------------------------------------------
First to ismt, cur time 0 s.
Final to yices2, cur time 480 s.
final yices2: unsat
../../QF_NIA_split/QF_NIA_2_35//20170427-VeryMax/ITS/From_T2__streamserver.bug.t2__terminationS_2_0.smt2 : 480593 ms.
--------------------------------------------------
First to ismt, cur time 0 s.
Final to yices2, cur time 480 s.
final yices2: unsat
../../QF_NIA_split/QF_NIA_2_35//20170427-VeryMax/ITS/From_T2__streamserver.bug.t2__terminationS_3_0.smt2 : 479963 ms.
--------------------------------------------------
First to ismt, cur time 0 s.
Final to yices2, cur time 482 s.
final yices2: unsat
../../QF_NIA_split/QF_NIA_2_35//20170427-VeryMax/ITS/From_T2__streamserver.bug.t2__term_unfeasibility_0_0.smt2 : 486416 ms.
--------------------------------------------------
First to ismt, cur time 0 s.
ismt: sat (2 bits).
../../QF_NIA_split/QF_NIA_2_35//20170427-VeryMax/ITS/From_T2__streamserver-succeed.t2_fixed__p24580_terminationG_0.smt2 : 48828 ms.
--------------------------------------------------
First to ismt, cur time 0 s.
ismt: sat (2 bits).
../../QF_NIA_split/QF_NIA_2_35//20170427-VeryMax/ITS/From_T2__streamserver-succeed.t2_fixed__p24581_terminationG_0.smt2 : 100341 ms.
--------------------------------------------------
First to ismt, cur time 0 s.
Final to yices2, cur time 482 s.
unknown
../../QF_NIA_split/QF_NIA_2_35//20170427-VeryMax/ITS/From_T2__streamserver-succeed.t2_fixed__p24582_terminationG_0.smt2 : 1201689 ms.
--------------------------------------------------
First to ismt, cur time 0 s.
ismt: sat (2 bits).
../../QF_NIA_split/QF_NIA_2_35//20170427-VeryMax/ITS/From_T2__streamserver-succeed.t2_fixed__p24586_edge_closing_0.smt2 : 417278 ms.
--------------------------------------------------
First to ismt, cur time 0 s.
Final to yices2, cur time 482 s.
../../QF_NIA_split/QF_NIA_2_35//20170427-VeryMax/ITS/From_T2__streamserver-succeed.t2_fixed__p24587_edge_closing_0.smt2 : 1201116 ms.
--------------------------------------------------
First to ismt, cur time 0 s.
Final to yices2, cur time 481 s.
../../QF_NIA_split/QF_NIA_2_35//20170427-VeryMax/ITS/From_T2__streamserver-succeed.t2_fixed__p24588_edge_closing_0.smt2 : 1200044 ms.
--------------------------------------------------
First to ismt, cur time 0 s.
ismt: sat (2 bits).
../../QF_NIA_split/QF_NIA_2_35//20170427-VeryMax/ITS/From_T2__streamserver-succeed.t2_fixed__p24590_edge_closing_0.smt2 : 373926 ms.
--------------------------------------------------
First to ismt, cur time 0 s.
Final to yices2, cur time 481 s.
../../QF_NIA_split/QF_NIA_2_35//20170427-VeryMax/ITS/From_T2__streamserver-succeed.t2_fixed__p24591_edge_closing_0.smt2 : 1200037 ms.
--------------------------------------------------
First to ismt, cur time 0 s.
Final to yices2, cur time 481 s.
../../QF_NIA_split/QF_NIA_2_35//20170427-VeryMax/ITS/From_T2__streamserver-succeed.t2_fixed__p24592_edge_closing_0.smt2 : 1200039 ms.
--------------------------------------------------
First to ismt, cur time 0 s.
ismt: sat (2 bits).
../../QF_NIA_split/QF_NIA_2_35//20170427-VeryMax/ITS/From_T2__streamserver-succeed.t2_fixed__terminationQ_0_0.smt2 : 44302 ms.
--------------------------------------------------
First to ismt, cur time 0 s.
Final to yices2, cur time 482 s.
final yices2: unsat
../../QF_NIA_split/QF_NIA_2_35//20170427-VeryMax/ITS/From_T2__streamserver-succeed.t2_fixed__terminationS_11_0.smt2 : 487409 ms.
--------------------------------------------------
First to ismt, cur time 0 s.
Final to yices2, cur time 482 s.
final yices2: unsat
../../QF_NIA_split/QF_NIA_2_35//20170427-VeryMax/ITS/From_T2__streamserver-succeed.t2_fixed__terminationS_14_0.smt2 : 483767 ms.
--------------------------------------------------
First to ismt, cur time 0 s.
Final to yices2, cur time 481 s.
final yices2: unsat
../../QF_NIA_split/QF_NIA_2_35//20170427-VeryMax/ITS/From_T2__streamserver-succeed.t2_fixed__terminationS_16_0.smt2 : 482504 ms.
--------------------------------------------------
First to ismt, cur time 0 s.
Final to yices2, cur time 483 s.
final yices2: unsat
../../QF_NIA_split/QF_NIA_2_35//20170427-VeryMax/ITS/From_T2__streamserver-succeed.t2_fixed__terminationS_25_0.smt2 : 483906 ms.
--------------------------------------------------
First to ismt, cur time 0 s.
Final to yices2, cur time 482 s.
final yices2: unsat
../../QF_NIA_split/QF_NIA_2_35//20170427-VeryMax/ITS/From_T2__streamserver-succeed.t2_fixed__terminationS_26_0.smt2 : 481810 ms.
--------------------------------------------------
First to ismt, cur time 0 s.
Final to yices2, cur time 481 s.
final yices2: unsat
../../QF_NIA_split/QF_NIA_2_35//20170427-VeryMax/ITS/From_T2__streamserver-succeed.t2_fixed__terminationS_27_0.smt2 : 481293 ms.
--------------------------------------------------
First to ismt, cur time 0 s.
Final to yices2, cur time 480 s.
final yices2: unsat
../../QF_NIA_split/QF_NIA_2_35//20170427-VeryMax/ITS/From_T2__streamserver-succeed.t2_fixed__terminationS_28_0.smt2 : 481251 ms.
--------------------------------------------------
First to ismt, cur time 0 s.
Final to yices2, cur time 507 s.
final yices2: unsat
../../QF_NIA_split/QF_NIA_2_35//20170427-VeryMax/ITS/From_T2__streamserver-succeed.t2_fixed__terminationS_6_0.smt2 : 507336 ms.
--------------------------------------------------
First to ismt, cur time 0 s.
Final to yices2, cur time 442 s.
../../QF_NIA_split/QF_NIA_2_35//20170427-VeryMax/ITS/From_T2__streamserver-succeed.t2_fixed__terminationS_7_0.smt2 : 1200149 ms.
--------------------------------------------------
First to ismt, cur time 0 s.
Final to yices2, cur time 481 s.
final yices2: unsat
../../QF_NIA_split/QF_NIA_2_35//20170427-VeryMax/ITS/From_T2__streamserver-succeed.t2_fixed__term_unfeasibility_0_0.smt2 : 484455 ms.
--------------------------------------------------
First to ismt, cur time 0 s.
ismt: sat (2 bits).
../../QF_NIA_split/QF_NIA_2_35//20170427-VeryMax/ITS/From_T2__streamserver-succeed.t2__p24600_terminationG_0.smt2 : 19967 ms.
--------------------------------------------------
First to ismt, cur time 0 s.
ismt: sat (2 bits).
../../QF_NIA_split/QF_NIA_2_35//20170427-VeryMax/ITS/From_T2__streamserver-succeed.t2__p24601_terminationG_0.smt2 : 59402 ms.
--------------------------------------------------
First to ismt, cur time 0 s.
ismt: sat (2 bits).
../../QF_NIA_split/QF_NIA_2_35//20170427-VeryMax/ITS/From_T2__streamserver-succeed.t2__p24602_terminationG_0.smt2 : 46383 ms.
--------------------------------------------------
First to ismt, cur time 0 s.
ismt: sat (2 bits).
../../QF_NIA_split/QF_NIA_2_35//20170427-VeryMax/ITS/From_T2__streamserver-succeed.t2__p24605_terminationG_0.smt2 : 5267 ms.
--------------------------------------------------
First to ismt, cur time 0 s.
ismt: sat (2 bits).
../../QF_NIA_split/QF_NIA_2_35//20170427-VeryMax/ITS/From_T2__streamserver-succeed.t2__p24606_terminationG_0.smt2 : 96563 ms.
--------------------------------------------------
First to ismt, cur time 0 s.
ismt: sat (2 bits).
../../QF_NIA_split/QF_NIA_2_35//20170427-VeryMax/ITS/From_T2__streamserver-succeed.t2__p24607_terminationG_0.smt2 : 23755 ms.
--------------------------------------------------
First to ismt, cur time 0 s.
ismt: sat (2 bits).
../../QF_NIA_split/QF_NIA_2_35//20170427-VeryMax/ITS/From_T2__streamserver-succeed.t2__p24619_terminationG_0.smt2 : 5067 ms.
--------------------------------------------------
First to ismt, cur time 0 s.
ismt: sat (2 bits).
../../QF_NIA_split/QF_NIA_2_35//20170427-VeryMax/ITS/From_T2__streamserver-succeed.t2__p24620_terminationG_0.smt2 : 137772 ms.
--------------------------------------------------
First to ismt, cur time 0 s.
ismt: sat (2 bits).
../../QF_NIA_split/QF_NIA_2_35//20170427-VeryMax/ITS/From_T2__streamserver-succeed.t2__p24621_terminationG_0.smt2 : 326976 ms.
--------------------------------------------------
First to ismt, cur time 0 s.
ismt: sat (2 bits).
../../QF_NIA_split/QF_NIA_2_35//20170427-VeryMax/ITS/From_T2__streamserver-succeed.t2__p24633_terminationG_0.smt2 : 11035 ms.
--------------------------------------------------
First to ismt, cur time 0 s.
ismt: sat (2 bits).
../../QF_NIA_split/QF_NIA_2_35//20170427-VeryMax/ITS/From_T2__streamserver-succeed.t2__p24634_terminationG_0.smt2 : 213536 ms.
--------------------------------------------------
First to ismt, cur time 0 s.
Final to yices2, cur time 480 s.
../../QF_NIA_split/QF_NIA_2_35//20170427-VeryMax/ITS/From_T2__streamserver-succeed.t2__p24635_terminationG_0.smt2 : 1200053 ms.
--------------------------------------------------
First to ismt, cur time 0 s.
ismt: sat (2 bits).
../../QF_NIA_split/QF_NIA_2_35//20170427-VeryMax/ITS/From_T2__streamserver-succeed.t2__p24647_terminationG_0.smt2 : 39364 ms.
--------------------------------------------------
First to ismt, cur time 0 s.
ismt: sat (2 bits).
../../QF_NIA_split/QF_NIA_2_35//20170427-VeryMax/ITS/From_T2__streamserver-succeed.t2__p24648_terminationG_0.smt2 : 221553 ms.
--------------------------------------------------
First to ismt, cur time 0 s.
Final to yices2, cur time 480 s.
../../QF_NIA_split/QF_NIA_2_35//20170427-VeryMax/ITS/From_T2__streamserver-succeed.t2__p24649_terminationG_0.smt2 : 1200049 ms.
--------------------------------------------------
First to ismt, cur time 0 s.
ismt: sat (2 bits).
../../QF_NIA_split/QF_NIA_2_35//20170427-VeryMax/ITS/From_T2__streamserver-succeed.t2__p24661_terminationG_0.smt2 : 31434 ms.
--------------------------------------------------
First to ismt, cur time 0 s.
ismt: sat (2 bits).
../../QF_NIA_split/QF_NIA_2_35//20170427-VeryMax/ITS/From_T2__streamserver-succeed.t2__p24662_terminationG_0.smt2 : 199146 ms.
--------------------------------------------------
First to ismt, cur time 0 s.
ismt: sat (2 bits).
../../QF_NIA_split/QF_NIA_2_35//20170427-VeryMax/ITS/From_T2__streamserver-succeed.t2__p24663_terminationG_0.smt2 : 443751 ms.
--------------------------------------------------
First to ismt, cur time 0 s.
ismt: sat (2 bits).
../../QF_NIA_split/QF_NIA_2_35//20170427-VeryMax/ITS/From_T2__streamserver-succeed.t2__p24667_terminationG_0.smt2 : 68908 ms.
--------------------------------------------------
First to ismt, cur time 0 s.
Final to yices2, cur time 480 s.
../../QF_NIA_split/QF_NIA_2_35//20170427-VeryMax/ITS/From_T2__streamserver-succeed.t2__p24668_terminationG_0.smt2 : 1200046 ms.
--------------------------------------------------
First to ismt, cur time 0 s.
ismt: sat (2 bits).
../../QF_NIA_split/QF_NIA_2_35//20170427-VeryMax/ITS/From_T2__streamserver-succeed.t2__p24690_terminationG_0.smt2 : 87903 ms.
--------------------------------------------------
First to ismt, cur time 0 s.
ismt: sat (2 bits).
../../QF_NIA_split/QF_NIA_2_35//20170427-VeryMax/ITS/From_T2__streamserver-succeed.t2__p24691_terminationG_0.smt2 : 328531 ms.
--------------------------------------------------
First to ismt, cur time 0 s.
Final to yices2, cur time 480 s.
../../QF_NIA_split/QF_NIA_2_35//20170427-VeryMax/ITS/From_T2__streamserver-succeed.t2__p24694_terminationG_0.smt2 : 1200066 ms.
--------------------------------------------------
First to ismt, cur time 0 s.
Final to yices2, cur time 480 s.
../../QF_NIA_split/QF_NIA_2_35//20170427-VeryMax/ITS/From_T2__streamserver-succeed.t2__p24695_terminationG_0.smt2 : 1200052 ms.
--------------------------------------------------
First to ismt, cur time 0 s.
Final to yices2, cur time 480 s.
../../QF_NIA_split/QF_NIA_2_35//20170427-VeryMax/ITS/From_T2__streamserver-succeed.t2__p24696_terminationG_0.smt2 : 1200051 ms.
--------------------------------------------------
First to ismt, cur time 0 s.
Final to yices2, cur time 480 s.
../../QF_NIA_split/QF_NIA_2_35//20170427-VeryMax/ITS/From_T2__streamserver-succeed.t2__p24699_terminationG_0.smt2 : 1200030 ms.
--------------------------------------------------
First to ismt, cur time 0 s.
Final to yices2, cur time 480 s.
../../QF_NIA_split/QF_NIA_2_35//20170427-VeryMax/ITS/From_T2__streamserver-succeed.t2__p24700_terminationG_0.smt2 : 1200049 ms.
--------------------------------------------------
First to ismt, cur time 0 s.
Final to yices2, cur time 480 s.
../../QF_NIA_split/QF_NIA_2_35//20170427-VeryMax/ITS/From_T2__streamserver-succeed.t2__p24701_terminationG_0.smt2 : 1200052 ms.
--------------------------------------------------
First to ismt, cur time 0 s.
Final to yices2, cur time 480 s.
../../QF_NIA_split/QF_NIA_2_35//20170427-VeryMax/ITS/From_T2__streamserver-succeed.t2__p24703_terminationG_0.smt2 : 1200039 ms.
--------------------------------------------------
First to ismt, cur time 0 s.
Final to yices2, cur time 481 s.
../../QF_NIA_split/QF_NIA_2_35//20170427-VeryMax/ITS/From_T2__streamserver-succeed.t2__p24705_terminationG_0.smt2 : 1200050 ms.
--------------------------------------------------
First to ismt, cur time 0 s.
Final to yices2, cur time 481 s.
../../QF_NIA_split/QF_NIA_2_35//20170427-VeryMax/ITS/From_T2__streamserver-succeed.t2__p24706_terminationG_0.smt2 : 1210129 ms.
--------------------------------------------------
First to ismt, cur time 0 s.
Final to yices2, cur time 491 s.
../../QF_NIA_split/QF_NIA_2_35//20170427-VeryMax/ITS/From_T2__streamserver-succeed.t2__p24709_terminationG_0.smt2 : 1200088 ms.
--------------------------------------------------
First to ismt, cur time 0 s.
Final to yices2, cur time 480 s.
../../QF_NIA_split/QF_NIA_2_35//20170427-VeryMax/ITS/From_T2__streamserver-succeed.t2__p24710_terminationG_0.smt2 : 1200033 ms.
--------------------------------------------------
First to ismt, cur time 0 s.
Final to yices2, cur time 480 s.
../../QF_NIA_split/QF_NIA_2_35//20170427-VeryMax/ITS/From_T2__streamserver-succeed.t2__p24711_terminationG_0.smt2 : 1200054 ms.
--------------------------------------------------
First to ismt, cur time 0 s.
Final to yices2, cur time 480 s.
../../QF_NIA_split/QF_NIA_2_35//20170427-VeryMax/ITS/From_T2__streamserver-succeed.t2__p24714_terminationG_0.smt2 : 1200052 ms.
--------------------------------------------------
First to ismt, cur time 0 s.
Final to yices2, cur time 480 s.
../../QF_NIA_split/QF_NIA_2_35//20170427-VeryMax/ITS/From_T2__streamserver-succeed.t2__p24715_terminationG_0.smt2 : 1200049 ms.
--------------------------------------------------
First to ismt, cur time 0 s.
Final to yices2, cur time 480 s.
../../QF_NIA_split/QF_NIA_2_35//20170427-VeryMax/ITS/From_T2__streamserver-succeed.t2__p24716_terminationG_0.smt2 : 1200050 ms.
--------------------------------------------------
First to ismt, cur time 0 s.
Final to yices2, cur time 480 s.
unknown
../../QF_NIA_split/QF_NIA_2_35//20170427-VeryMax/ITS/From_T2__streamserver-succeed.t2__p24719_terminationG_0.smt2 : 1199972 ms.
--------------------------------------------------
First to ismt, cur time 0 s.
Final to yices2, cur time 481 s.
unknown
../../QF_NIA_split/QF_NIA_2_35//20170427-VeryMax/ITS/From_T2__streamserver-succeed.t2__p24720_terminationG_0.smt2 : 1199423 ms.
--------------------------------------------------
First to ismt, cur time 0 s.
Final to yices2, cur time 480 s.
../../QF_NIA_split/QF_NIA_2_35//20170427-VeryMax/ITS/From_T2__streamserver-succeed.t2__p24721_terminationG_0.smt2 : 1203107 ms.
--------------------------------------------------
First to ismt, cur time 0 s.
Final to yices2, cur time 480 s.
../../QF_NIA_split/QF_NIA_2_35//20170427-VeryMax/ITS/From_T2__streamserver-succeed.t2__p24725_terminationG_0.smt2 : 1200036 ms.
--------------------------------------------------
First to ismt, cur time 0 s.
Final to yices2, cur time 480 s.
../../QF_NIA_split/QF_NIA_2_35//20170427-VeryMax/ITS/From_T2__streamserver-succeed.t2__p24726_terminationG_0.smt2 : 1200054 ms.
--------------------------------------------------
First to ismt, cur time 0 s.
Final to yices2, cur time 480 s.
../../QF_NIA_split/QF_NIA_2_35//20170427-VeryMax/ITS/From_T2__streamserver-succeed.t2__p24727_terminationG_0.smt2 : 1208995 ms.
--------------------------------------------------
First to ismt, cur time 0 s.
Final to yices2, cur time 501 s.
../../QF_NIA_split/QF_NIA_2_35//20170427-VeryMax/ITS/From_T2__streamserver-succeed.t2__p24730_terminationG_0.smt2 : 1217909 ms.
--------------------------------------------------
First to ismt, cur time 0 s.
Final to yices2, cur time 480 s.
../../QF_NIA_split/QF_NIA_2_35//20170427-VeryMax/ITS/From_T2__streamserver-succeed.t2__p24731_terminationG_0.smt2 : 1200042 ms.
--------------------------------------------------
First to ismt, cur time 0 s.
Final to yices2, cur time 480 s.
../../QF_NIA_split/QF_NIA_2_35//20170427-VeryMax/ITS/From_T2__streamserver-succeed.t2__p24732_terminationG_0.smt2 : 1200054 ms.
--------------------------------------------------
First to ismt, cur time 0 s.
Final to yices2, cur time 480 s.
../../QF_NIA_split/QF_NIA_2_35//20170427-VeryMax/ITS/From_T2__streamserver-succeed.t2__p24735_terminationG_0.smt2 : 1212226 ms.
--------------------------------------------------
First to ismt, cur time 0 s.
Final to yices2, cur time 480 s.
../../QF_NIA_split/QF_NIA_2_35//20170427-VeryMax/ITS/From_T2__streamserver-succeed.t2__p24736_terminationG_0.smt2 : 1200367 ms.
--------------------------------------------------
First to ismt, cur time 0 s.
Final to yices2, cur time 480 s.
unknown
../../QF_NIA_split/QF_NIA_2_35//20170427-VeryMax/ITS/From_T2__streamserver-succeed.t2__p24737_terminationG_0.smt2 : 1210962 ms.
--------------------------------------------------
First to ismt, cur time 0 s.
Final to yices2, cur time 480 s.
../../QF_NIA_split/QF_NIA_2_35//20170427-VeryMax/ITS/From_T2__streamserver-succeed.t2__p24739_terminationG_0.smt2 : 1200822 ms.
--------------------------------------------------
First to ismt, cur time 0 s.
Final to yices2, cur time 480 s.
../../QF_NIA_split/QF_NIA_2_35//20170427-VeryMax/ITS/From_T2__streamserver-succeed.t2__p24741_terminationG_0.smt2 : 1200062 ms.
--------------------------------------------------
First to ismt, cur time 0 s.
Final to yices2, cur time 481 s.
unknown
../../QF_NIA_split/QF_NIA_2_35//20170427-VeryMax/ITS/From_T2__streamserver-succeed.t2__p24742_terminationG_0.smt2 : 1199400 ms.
--------------------------------------------------
First to ismt, cur time 0 s.
Final to yices2, cur time 480 s.
../../QF_NIA_split/QF_NIA_2_35//20170427-VeryMax/ITS/From_T2__streamserver-succeed.t2__p24745_terminationG_0.smt2 : 1200026 ms.
--------------------------------------------------
First to ismt, cur time 0 s.
Final to yices2, cur time 480 s.
../../QF_NIA_split/QF_NIA_2_35//20170427-VeryMax/ITS/From_T2__streamserver-succeed.t2__p24746_terminationG_0.smt2 : 1200059 ms.
--------------------------------------------------
First to ismt, cur time 0 s.
Final to yices2, cur time 480 s.
../../QF_NIA_split/QF_NIA_2_35//20170427-VeryMax/ITS/From_T2__streamserver-succeed.t2__p24747_terminationG_0.smt2 : 1200045 ms.
--------------------------------------------------
First to ismt, cur time 0 s.
Final to yices2, cur time 480 s.
unknown
../../QF_NIA_split/QF_NIA_2_35//20170427-VeryMax/ITS/From_T2__streamserver-succeed.t2__p24750_terminationG_0.smt2 : 1200010 ms.
--------------------------------------------------
First to ismt, cur time 0 s.
Final to yices2, cur time 480 s.
../../QF_NIA_split/QF_NIA_2_35//20170427-VeryMax/ITS/From_T2__streamserver-succeed.t2__p24751_terminationG_0.smt2 : 1200041 ms.
--------------------------------------------------
First to ismt, cur time 0 s.
Final to yices2, cur time 480 s.
../../QF_NIA_split/QF_NIA_2_35//20170427-VeryMax/ITS/From_T2__streamserver-succeed.t2__p24752_terminationG_0.smt2 : 1201553 ms.
--------------------------------------------------
First to ismt, cur time 0 s.
Final to yices2, cur time 480 s.
../../QF_NIA_split/QF_NIA_2_35//20170427-VeryMax/ITS/From_T2__streamserver-succeed.t2__p24755_terminationG_0.smt2 : 1201535 ms.
--------------------------------------------------
First to ismt, cur time 0 s.
Final to yices2, cur time 480 s.
../../QF_NIA_split/QF_NIA_2_35//20170427-VeryMax/ITS/From_T2__streamserver-succeed.t2__p24756_terminationG_0.smt2 : 1200053 ms.
--------------------------------------------------
First to ismt, cur time 0 s.
Final to yices2, cur time 480 s.
../../QF_NIA_split/QF_NIA_2_35//20170427-VeryMax/ITS/From_T2__streamserver-succeed.t2__p24757_terminationG_0.smt2 : 1200054 ms.
--------------------------------------------------
First to ismt, cur time 0 s.
Final to yices2, cur time 480 s.
../../QF_NIA_split/QF_NIA_2_35//20170427-VeryMax/ITS/From_T2__streamserver-succeed.t2__p24760_terminationG_0.smt2 : 1220196 ms.
--------------------------------------------------
First to ismt, cur time 0 s.
Final to yices2, cur time 481 s.
../../QF_NIA_split/QF_NIA_2_35//20170427-VeryMax/ITS/From_T2__streamserver-succeed.t2__p24761_terminationG_0.smt2 : 1210051 ms.
--------------------------------------------------
First to ismt, cur time 0 s.
Final to yices2, cur time 481 s.
../../QF_NIA_split/QF_NIA_2_35//20170427-VeryMax/ITS/From_T2__streamserver-succeed.t2__p24762_terminationG_0.smt2 : 1200053 ms.
--------------------------------------------------
First to ismt, cur time 0 s.
Final to yices2, cur time 480 s.
../../QF_NIA_split/QF_NIA_2_35//20170427-VeryMax/ITS/From_T2__streamserver-succeed.t2__p24765_terminationG_0.smt2 : 1200044 ms.
--------------------------------------------------
First to ismt, cur time 0 s.
Final to yices2, cur time 480 s.
../../QF_NIA_split/QF_NIA_2_35//20170427-VeryMax/ITS/From_T2__streamserver-succeed.t2__p24766_terminationG_0.smt2 : 1200065 ms.
--------------------------------------------------
First to ismt, cur time 0 s.
Final to yices2, cur time 480 s.
../../QF_NIA_split/QF_NIA_2_35//20170427-VeryMax/ITS/From_T2__streamserver-succeed.t2__p24767_terminationG_0.smt2 : 1200040 ms.
--------------------------------------------------
First to ismt, cur time 0 s.
Final to yices2, cur time 480 s.
../../QF_NIA_split/QF_NIA_2_35//20170427-VeryMax/ITS/From_T2__streamserver-succeed.t2__p24770_terminationG_0.smt2 : 1200038 ms.
--------------------------------------------------
First to ismt, cur time 0 s.
Final to yices2, cur time 480 s.
../../QF_NIA_split/QF_NIA_2_35//20170427-VeryMax/ITS/From_T2__streamserver-succeed.t2__p24771_terminationG_0.smt2 : 1200045 ms.
--------------------------------------------------
First to ismt, cur time 0 s.
Final to yices2, cur time 481 s.
../../QF_NIA_split/QF_NIA_2_35//20170427-VeryMax/ITS/From_T2__streamserver-succeed.t2__p24772_terminationG_0.smt2 : 1200046 ms.
--------------------------------------------------
First to ismt, cur time 0 s.
Final to yices2, cur time 480 s.
unknown
../../QF_NIA_split/QF_NIA_2_35//20170427-VeryMax/ITS/From_T2__streamserver-succeed.t2__p24775_terminationG_0.smt2 : 1199638 ms.
--------------------------------------------------
First to ismt, cur time 0 s.
Final to yices2, cur time 480 s.
../../QF_NIA_split/QF_NIA_2_35//20170427-VeryMax/ITS/From_T2__streamserver-succeed.t2__p24776_terminationG_0.smt2 : 1200031 ms.
--------------------------------------------------
First to ismt, cur time 0 s.
Final to yices2, cur time 480 s.
../../QF_NIA_split/QF_NIA_2_35//20170427-VeryMax/ITS/From_T2__streamserver-succeed.t2__p24777_terminationG_0.smt2 : 1200036 ms.
--------------------------------------------------
First to ismt, cur time 0 s.
Final to yices2, cur time 480 s.
../../QF_NIA_split/QF_NIA_2_35//20170427-VeryMax/ITS/From_T2__streamserver-succeed.t2__p24780_terminationG_0.smt2 : 1200296 ms.
--------------------------------------------------
First to ismt, cur time 0 s.
Final to yices2, cur time 480 s.
../../QF_NIA_split/QF_NIA_2_35//20170427-VeryMax/ITS/From_T2__streamserver-succeed.t2__p24781_terminationG_0.smt2 : 1200283 ms.
--------------------------------------------------
First to ismt, cur time 0 s.
Final to yices2, cur time 485 s.
../../QF_NIA_split/QF_NIA_2_35//20170427-VeryMax/ITS/From_T2__streamserver-succeed.t2__p24782_terminationG_0.smt2 : 1200197 ms.
--------------------------------------------------
First to ismt, cur time 0 s.
Final to yices2, cur time 486 s.
unknown
../../QF_NIA_split/QF_NIA_2_35//20170427-VeryMax/ITS/From_T2__streamserver-succeed.t2__p24785_terminationG_0.smt2 : 1199818 ms.
--------------------------------------------------
First to ismt, cur time 0 s.
Final to yices2, cur time 480 s.
../../QF_NIA_split/QF_NIA_2_35//20170427-VeryMax/ITS/From_T2__streamserver-succeed.t2__p24786_terminationG_0.smt2 : 1200056 ms.
--------------------------------------------------
First to ismt, cur time 0 s.
Final to yices2, cur time 481 s.
unknown
../../QF_NIA_split/QF_NIA_2_35//20170427-VeryMax/ITS/From_T2__streamserver-succeed.t2__p24787_terminationG_0.smt2 : 1199761 ms.
--------------------------------------------------
First to ismt, cur time 0 s.
Final to yices2, cur time 480 s.
../../QF_NIA_split/QF_NIA_2_35//20170427-VeryMax/ITS/From_T2__streamserver-succeed.t2__p24795_terminationG_0.smt2 : 1200037 ms.
--------------------------------------------------
First to ismt, cur time 0 s.
Final to yices2, cur time 480 s.
../../QF_NIA_split/QF_NIA_2_35//20170427-VeryMax/ITS/From_T2__streamserver-succeed.t2__p24796_terminationG_0.smt2 : 1200048 ms.
--------------------------------------------------
First to ismt, cur time 0 s.
Final to yices2, cur time 481 s.
unknown
../../QF_NIA_split/QF_NIA_2_35//20170427-VeryMax/ITS/From_T2__streamserver-succeed.t2__p24797_terminationG_0.smt2 : 1199477 ms.
--------------------------------------------------
First to ismt, cur time 0 s.
Final to yices2, cur time 480 s.
../../QF_NIA_split/QF_NIA_2_35//20170427-VeryMax/ITS/From_T2__streamserver-succeed.t2__p24800_terminationG_0.smt2 : 1200049 ms.
--------------------------------------------------
First to ismt, cur time 0 s.
Final to yices2, cur time 480 s.
../../QF_NIA_split/QF_NIA_2_35//20170427-VeryMax/ITS/From_T2__streamserver-succeed.t2__p24801_terminationG_0.smt2 : 1200049 ms.
--------------------------------------------------
First to ismt, cur time 0 s.
Final to yices2, cur time 480 s.
../../QF_NIA_split/QF_NIA_2_35//20170427-VeryMax/ITS/From_T2__streamserver-succeed.t2__p24802_terminationG_0.smt2 : 1200058 ms.
--------------------------------------------------
First to ismt, cur time 0 s.
Final to yices2, cur time 480 s.
../../QF_NIA_split/QF_NIA_2_35//20170427-VeryMax/ITS/From_T2__streamserver-succeed.t2__p24805_terminationG_0.smt2 : 1200046 ms.
--------------------------------------------------
First to ismt, cur time 0 s.
Final to yices2, cur time 480 s.
../../QF_NIA_split/QF_NIA_2_35//20170427-VeryMax/ITS/From_T2__streamserver-succeed.t2__p24806_terminationG_0.smt2 : 1207185 ms.
--------------------------------------------------
First to ismt, cur time 0 s.
Final to yices2, cur time 480 s.
../../QF_NIA_split/QF_NIA_2_35//20170427-VeryMax/ITS/From_T2__streamserver-succeed.t2__p24807_terminationG_0.smt2 : 1200051 ms.
--------------------------------------------------
First to ismt, cur time 0 s.
Final to yices2, cur time 480 s.
../../QF_NIA_split/QF_NIA_2_35//20170427-VeryMax/ITS/From_T2__streamserver-succeed.t2__p24810_terminationG_0.smt2 : 1200030 ms.
--------------------------------------------------
First to ismt, cur time 0 s.
Final to yices2, cur time 480 s.
../../QF_NIA_split/QF_NIA_2_35//20170427-VeryMax/ITS/From_T2__streamserver-succeed.t2__p24811_terminationG_0.smt2 : 1200054 ms.
--------------------------------------------------
First to ismt, cur time 0 s.
Final to yices2, cur time 480 s.
../../QF_NIA_split/QF_NIA_2_35//20170427-VeryMax/ITS/From_T2__streamserver-succeed.t2__p24812_terminationG_0.smt2 : 1200063 ms.
--------------------------------------------------
First to ismt, cur time 0 s.
Final to yices2, cur time 480 s.
../../QF_NIA_split/QF_NIA_2_35//20170427-VeryMax/ITS/From_T2__streamserver-succeed.t2__p24815_terminationG_0.smt2 : 1200034 ms.
--------------------------------------------------
First to ismt, cur time 0 s.
Final to yices2, cur time 480 s.
../../QF_NIA_split/QF_NIA_2_35//20170427-VeryMax/ITS/From_T2__streamserver-succeed.t2__p24816_terminationG_0.smt2 : 1200055 ms.
--------------------------------------------------
First to ismt, cur time 0 s.
Final to yices2, cur time 480 s.
../../QF_NIA_split/QF_NIA_2_35//20170427-VeryMax/ITS/From_T2__streamserver-succeed.t2__p24817_terminationG_0.smt2 : 1200049 ms.
--------------------------------------------------
First to ismt, cur time 0 s.
ismt: sat (2 bits).
../../QF_NIA_split/QF_NIA_2_35//20170427-VeryMax/ITS/From_T2__streamserver-succeed.t2__p24819_edge_closing_0.smt2 : 9093 ms.
--------------------------------------------------
First to ismt, cur time 0 s.
ismt: sat (2 bits).
../../QF_NIA_split/QF_NIA_2_35//20170427-VeryMax/ITS/From_T2__streamserver-succeed.t2__p24820_edge_closing_0.smt2 : 70457 ms.
--------------------------------------------------
First to ismt, cur time 0 s.
ismt: sat (2 bits).
../../QF_NIA_split/QF_NIA_2_35//20170427-VeryMax/ITS/From_T2__streamserver-succeed.t2__p24821_edge_closing_0.smt2 : 203966 ms.
--------------------------------------------------
First to ismt, cur time 0 s.
ismt: sat (2 bits).
../../QF_NIA_split/QF_NIA_2_35//20170427-VeryMax/ITS/From_T2__streamserver-succeed.t2__p24824_edge_closing_0.smt2 : 4977 ms.
--------------------------------------------------
First to ismt, cur time 0 s.
ismt: sat (2 bits).
../../QF_NIA_split/QF_NIA_2_35//20170427-VeryMax/ITS/From_T2__streamserver-succeed.t2__p24825_edge_closing_0.smt2 : 22089 ms.
--------------------------------------------------
First to ismt, cur time 0 s.
ismt: sat (2 bits).
../../QF_NIA_split/QF_NIA_2_35//20170427-VeryMax/ITS/From_T2__streamserver-succeed.t2__p24827_edge_closing_0.smt2 : 2625 ms.
--------------------------------------------------
First to ismt, cur time 0 s.
ismt: sat (2 bits).
../../QF_NIA_split/QF_NIA_2_35//20170427-VeryMax/ITS/From_T2__streamserver-succeed.t2__p24828_edge_closing_0.smt2 : 19316 ms.
--------------------------------------------------
First to ismt, cur time 0 s.
Final to yices2, cur time 481 s.
final yices2: unsat
../../QF_NIA_split/QF_NIA_2_35//20170427-VeryMax/ITS/From_T2__streamserver-succeed.t2__terminationS_0_0.smt2 : 489141 ms.
--------------------------------------------------
First to ismt, cur time 0 s.
Final to yices2, cur time 490 s.
final yices2: unsat
../../QF_NIA_split/QF_NIA_2_35//20170427-VeryMax/ITS/From_T2__streamserver-succeed.t2__terminationS_6_0.smt2 : 491070 ms.
--------------------------------------------------
First to ismt, cur time 0 s.
Final to yices2, cur time 481 s.
final yices2: unsat
../../QF_NIA_split/QF_NIA_2_35//20170427-VeryMax/ITS/From_T2__streamserver-succeed.t2__term_unfeasibility_0_0.smt2 : 487838 ms.
--------------------------------------------------
First to ismt, cur time 0 s.
ismt: sat (2 bits).
../../QF_NIA_split/QF_NIA_2_35//20170427-VeryMax/ITS/From_T2__sudoku.t2__p24860_terminationG_0.smt2 : 42816 ms.
--------------------------------------------------
First to ismt, cur time 0 s.
ismt: sat (2 bits).
../../QF_NIA_split/QF_NIA_2_35//20170427-VeryMax/ITS/From_T2__sudoku.t2__p24861_terminationG_0.smt2 : 34371 ms.
--------------------------------------------------
First to ismt, cur time 0 s.
ismt: sat (2 bits).
../../QF_NIA_split/QF_NIA_2_35//20170427-VeryMax/ITS/From_T2__sudoku.t2__p24862_terminationG_0.smt2 : 334793 ms.
--------------------------------------------------
First to ismt, cur time 0 s.
ismt: sat (2 bits).
../../QF_NIA_split/QF_NIA_2_35//20170427-VeryMax/ITS/From_T2__sudoku.t2__p24865_terminationG_0.smt2 : 28807 ms.
--------------------------------------------------
First to ismt, cur time 0 s.
ismt: sat (2 bits).
../../QF_NIA_split/QF_NIA_2_35//20170427-VeryMax/ITS/From_T2__sudoku.t2__p24866_terminationG_0.smt2 : 102096 ms.
--------------------------------------------------
First to ismt, cur time 0 s.
ismt: sat (2 bits).
../../QF_NIA_split/QF_NIA_2_35//20170427-VeryMax/ITS/From_T2__sudoku.t2__p24867_terminationG_0.smt2 : 419428 ms.
--------------------------------------------------
First to ismt, cur time 0 s.
ismt: sat (2 bits).
../../QF_NIA_split/QF_NIA_2_35//20170427-VeryMax/ITS/From_T2__sudoku.t2__p24870_terminationG_0.smt2 : 38339 ms.
--------------------------------------------------
First to ismt, cur time 0 s.
ismt: sat (2 bits).
../../QF_NIA_split/QF_NIA_2_35//20170427-VeryMax/ITS/From_T2__sudoku.t2__p24871_terminationG_0.smt2 : 23384 ms.
--------------------------------------------------
First to ismt, cur time 0 s.
ismt: sat (2 bits).
../../QF_NIA_split/QF_NIA_2_35//20170427-VeryMax/ITS/From_T2__sudoku.t2__p24872_terminationG_0.smt2 : 302621 ms.
--------------------------------------------------
First to ismt, cur time 0 s.
ismt: sat (2 bits).
../../QF_NIA_split/QF_NIA_2_35//20170427-VeryMax/ITS/From_T2__sudoku.t2__p24875_terminationG_0.smt2 : 10865 ms.
--------------------------------------------------
First to ismt, cur time 0 s.
ismt: sat (2 bits).
../../QF_NIA_split/QF_NIA_2_35//20170427-VeryMax/ITS/From_T2__sudoku.t2__p24876_terminationG_0.smt2 : 103439 ms.
--------------------------------------------------
First to ismt, cur time 0 s.
ismt: sat (2 bits).
../../QF_NIA_split/QF_NIA_2_35//20170427-VeryMax/ITS/From_T2__sudoku.t2__p24877_terminationG_0.smt2 : 410436 ms.
--------------------------------------------------
First to ismt, cur time 0 s.
Final to yices2, cur time 481 s.
unknown
../../QF_NIA_split/QF_NIA_2_35//20170427-VeryMax/ITS/From_T2__sudoku.t2__terminationS_3_0.smt2 : 1199971 ms.
--------------------------------------------------
First to ismt, cur time 0 s.
Final to yices2, cur time 480 s.
final yices2: unsat
../../QF_NIA_split/QF_NIA_2_35//20170427-VeryMax/ITS/From_T2__sudoku.t2__term_unfeasibility_2_0.smt2 : 481519 ms.
--------------------------------------------------
First to ismt, cur time 0 s.
Final to yices2, cur time 485 s.
final yices2: unsat
../../QF_NIA_split/QF_NIA_2_35//20170427-VeryMax/ITS/From_T2__sudoku.t2__term_unfeasibility_3_0.smt2 : 487634 ms.
--------------------------------------------------
First to ismt, cur time 0 s.
Final to yices2, cur time 481 s.
../../QF_NIA_split/QF_NIA_2_35//20170427-VeryMax/ITS/From_T2__sudoku.t2__term_unfeasibility_4_0.smt2 : 1201005 ms.
--------------------------------------------------
First to ismt, cur time 0 s.
Final to yices2, cur time 425 s.
final yices2: unsat
../../QF_NIA_split/QF_NIA_2_35//20170427-VeryMax/ITS/From_T2__svdcmp.c.i.svdcmp.pl.t2.fixed.t2__fixed_safety_0_0.smt2 : 440138 ms.
--------------------------------------------------
First to ismt, cur time 0 s.
ismt: sat (2 bits).
../../QF_NIA_split/QF_NIA_2_35//20170427-VeryMax/ITS/From_T2__svdcmp.c.i.svdcmp.pl.t2.fixed.t2__p24884_terminationG_0.smt2 : 209251 ms.
--------------------------------------------------
First to ismt, cur time 0 s.
Final to yices2, cur time 481 s.
../../QF_NIA_split/QF_NIA_2_35//20170427-VeryMax/ITS/From_T2__svdcmp.c.i.svdcmp.pl.t2.fixed.t2__p24885_terminationG_0.smt2 : 1200035 ms.
--------------------------------------------------
First to ismt, cur time 0 s.
Final to yices2, cur time 483 s.
../../QF_NIA_split/QF_NIA_2_35//20170427-VeryMax/ITS/From_T2__svdcmp.c.i.svdcmp.pl.t2.fixed.t2__p24886_terminationG_0.smt2 : 1200039 ms.
--------------------------------------------------
First to ismt, cur time 0 s.
ismt: sat (2 bits).
../../QF_NIA_split/QF_NIA_2_35//20170427-VeryMax/ITS/From_T2__svdcmp.c.i.svdcmp.pl.t2.fixed.t2__p24888_safety_0.smt2 : 78307 ms.
--------------------------------------------------
First to ismt, cur time 0 s.
ismt: sat (2 bits).
../../QF_NIA_split/QF_NIA_2_35//20170427-VeryMax/ITS/From_T2__svdcmp.c.i.svdcmp.pl.t2.fixed.t2__p24889_safety_0.smt2 : 328620 ms.
--------------------------------------------------
First to ismt, cur time 0 s.
Final to yices2, cur time 481 s.
unknown
../../QF_NIA_split/QF_NIA_2_35//20170427-VeryMax/ITS/From_T2__svdcmp.c.i.svdcmp.pl.t2.fixed.t2__p24890_safety_0.smt2 : 1213815 ms.
--------------------------------------------------
First to ismt, cur time 0 s.
ismt: sat (2 bits).
../../QF_NIA_split/QF_NIA_2_35//20170427-VeryMax/ITS/From_T2__svdcmp.c.i.svdcmp.pl.t2.fixed.t2__p24892_safety_0.smt2 : 4765 ms.
--------------------------------------------------
First to ismt, cur time 0 s.
ismt: sat (2 bits).
../../QF_NIA_split/QF_NIA_2_35//20170427-VeryMax/ITS/From_T2__svdcmp.c.i.svdcmp.pl.t2.fixed.t2__p24893_safety_0.smt2 : 44422 ms.
--------------------------------------------------
First to ismt, cur time 0 s.
ismt: sat (2 bits).
../../QF_NIA_split/QF_NIA_2_35//20170427-VeryMax/ITS/From_T2__svdcmp.c.i.svdcmp.pl.t2.fixed.t2__p24894_safety_0.smt2 : 87353 ms.
--------------------------------------------------
First to ismt, cur time 0 s.
ismt: sat (2 bits).
../../QF_NIA_split/QF_NIA_2_35//20170427-VeryMax/ITS/From_T2__svdcmp.c.i.svdcmp.pl.t2.fixed.t2__p24895_safety_0.smt2 : 375765 ms.
--------------------------------------------------
First to ismt, cur time 0 s.
Final to yices2, cur time 480 s.
../../QF_NIA_split/QF_NIA_2_35//20170427-VeryMax/ITS/From_T2__svdcmp.c.i.svdcmp.pl.t2.fixed.t2__p24896_safety_0.smt2 : 1200950 ms.
--------------------------------------------------
First to ismt, cur time 0 s.
Final to yices2, cur time 482 s.
../../QF_NIA_split/QF_NIA_2_35//20170427-VeryMax/ITS/From_T2__svdcmp.c.i.svdcmp.pl.t2.fixed.t2__p24898_edge_closing_0.smt2 : 1200063 ms.
--------------------------------------------------
First to ismt, cur time 0 s.
Final to yices2, cur time 481 s.
../../QF_NIA_split/QF_NIA_2_35//20170427-VeryMax/ITS/From_T2__svdcmp.c.i.svdcmp.pl.t2.fixed.t2__p24899_edge_closing_0.smt2 : 1200063 ms.
--------------------------------------------------
First to ismt, cur time 0 s.
Final to yices2, cur time 482 s.
../../QF_NIA_split/QF_NIA_2_35//20170427-VeryMax/ITS/From_T2__svdcmp.c.i.svdcmp.pl.t2.fixed.t2__p24900_edge_closing_0.smt2 : 1200048 ms.
--------------------------------------------------
First to ismt, cur time 0 s.
Final to yices2, cur time 484 s.
../../QF_NIA_split/QF_NIA_2_35//20170427-VeryMax/ITS/From_T2__svdcmp.c.i.svdcmp.pl.t2.fixed.t2__p24902_edge_closing_0.smt2 : 1200054 ms.
--------------------------------------------------
First to ismt, cur time 0 s.
Final to yices2, cur time 484 s.
../../QF_NIA_split/QF_NIA_2_35//20170427-VeryMax/ITS/From_T2__svdcmp.c.i.svdcmp.pl.t2.fixed.t2__p24903_edge_closing_0.smt2 : 1200049 ms.
--------------------------------------------------
First to ismt, cur time 0 s.
Final to yices2, cur time 488 s.
../../QF_NIA_split/QF_NIA_2_35//20170427-VeryMax/ITS/From_T2__svdcmp.c.i.svdcmp.pl.t2.fixed.t2__p24904_edge_closing_0.smt2 : 1200050 ms.
--------------------------------------------------
First to ismt, cur time 0 s.
ismt: sat (2 bits).
../../QF_NIA_split/QF_NIA_2_35//20170427-VeryMax/ITS/From_T2__svdcmp.c.i.svdcmp.pl.t2.fixed.t2__terminationQ_0_0.smt2 : 126140 ms.
--------------------------------------------------
First to ismt, cur time 0 s.
Final to yices2, cur time 482 s.
unknown
../../QF_NIA_split/QF_NIA_2_35//20170427-VeryMax/ITS/From_T2__svdcmp.c.i.svdcmp.pl.t2.fixed.t2__terminationS_0_0.smt2 : 1199327 ms.
--------------------------------------------------
First to ismt, cur time 0 s.
Final to yices2, cur time 485 s.
final yices2: unsat
../../QF_NIA_split/QF_NIA_2_35//20170427-VeryMax/ITS/From_T2__svdcmp.c.i.svdcmp.pl.t2.fixed.t2__terminationS_10_0.smt2 : 486767 ms.
--------------------------------------------------
First to ismt, cur time 0 s.
Final to yices2, cur time 481 s.
final yices2: unsat
../../QF_NIA_split/QF_NIA_2_35//20170427-VeryMax/ITS/From_T2__svdcmp.c.i.svdcmp.pl.t2.fixed.t2__terminationS_1_0.smt2 : 482895 ms.
--------------------------------------------------
First to ismt, cur time 0 s.
terminate called after throwing an instance of 'std::bad_alloc'
  what():  std::bad_alloc
timeout: the monitored command dumped core
Final to yices2, cur time 484 s.
final yices2: unsat
../../QF_NIA_split/QF_NIA_2_35//20170427-VeryMax/ITS/From_T2__svdcmp.c.i.svdcmp.pl.t2.fixed.t2__terminationS_11_0.smt2 : 485872 ms.
--------------------------------------------------
First to ismt, cur time 0 s.
Final to yices2, cur time 481 s.
final yices2: unsat
../../QF_NIA_split/QF_NIA_2_35//20170427-VeryMax/ITS/From_T2__svdcmp.c.i.svdcmp.pl.t2.fixed.t2__terminationS_12_0.smt2 : 483070 ms.
--------------------------------------------------
First to ismt, cur time 0 s.
Final to yices2, cur time 481 s.
final yices2: unsat
../../QF_NIA_split/QF_NIA_2_35//20170427-VeryMax/ITS/From_T2__svdcmp.c.i.svdcmp.pl.t2.fixed.t2__terminationS_13_0.smt2 : 482681 ms.
--------------------------------------------------
First to ismt, cur time 0 s.
Final to yices2, cur time 482 s.
final yices2: unsat
../../QF_NIA_split/QF_NIA_2_35//20170427-VeryMax/ITS/From_T2__svdcmp.c.i.svdcmp.pl.t2.fixed.t2__terminationS_14_0.smt2 : 482514 ms.
--------------------------------------------------
First to ismt, cur time 0 s.
Final to yices2, cur time 483 s.
final yices2: unsat
../../QF_NIA_split/QF_NIA_2_35//20170427-VeryMax/ITS/From_T2__svdcmp.c.i.svdcmp.pl.t2.fixed.t2__terminationS_15_0.smt2 : 484454 ms.
--------------------------------------------------
First to ismt, cur time 0 s.
Final to yices2, cur time 482 s.
final yices2: unsat
../../QF_NIA_split/QF_NIA_2_35//20170427-VeryMax/ITS/From_T2__svdcmp.c.i.svdcmp.pl.t2.fixed.t2__terminationS_16_0.smt2 : 486271 ms.
--------------------------------------------------
First to ismt, cur time 0 s.
Final to yices2, cur time 482 s.
final yices2: unsat
../../QF_NIA_split/QF_NIA_2_35//20170427-VeryMax/ITS/From_T2__svdcmp.c.i.svdcmp.pl.t2.fixed.t2__terminationS_17_0.smt2 : 483591 ms.
--------------------------------------------------
First to ismt, cur time 0 s.
Final to yices2, cur time 482 s.
final yices2: unsat
../../QF_NIA_split/QF_NIA_2_35//20170427-VeryMax/ITS/From_T2__svdcmp.c.i.svdcmp.pl.t2.fixed.t2__terminationS_18_0.smt2 : 483008 ms.
--------------------------------------------------
First to ismt, cur time 0 s.
Final to yices2, cur time 481 s.
final yices2: unsat
../../QF_NIA_split/QF_NIA_2_35//20170427-VeryMax/ITS/From_T2__svdcmp.c.i.svdcmp.pl.t2.fixed.t2__terminationS_19_0.smt2 : 481431 ms.
--------------------------------------------------
First to ismt, cur time 0 s.
Final to yices2, cur time 481 s.
final yices2: unsat
../../QF_NIA_split/QF_NIA_2_35//20170427-VeryMax/ITS/From_T2__svdcmp.c.i.svdcmp.pl.t2.fixed.t2__terminationS_20_0.smt2 : 483894 ms.
--------------------------------------------------
First to ismt, cur time 0 s.
Final to yices2, cur time 488 s.
final yices2: unsat
../../QF_NIA_split/QF_NIA_2_35//20170427-VeryMax/ITS/From_T2__svdcmp.c.i.svdcmp.pl.t2.fixed.t2__terminationS_2_0.smt2 : 502401 ms.
--------------------------------------------------
First to ismt, cur time 0 s.
Final to yices2, cur time 487 s.
final yices2: unsat
../../QF_NIA_split/QF_NIA_2_35//20170427-VeryMax/ITS/From_T2__svdcmp.c.i.svdcmp.pl.t2.fixed.t2__terminationS_21_0.smt2 : 488725 ms.
--------------------------------------------------
First to ismt, cur time 0 s.
Final to yices2, cur time 482 s.
final yices2: unsat
../../QF_NIA_split/QF_NIA_2_35//20170427-VeryMax/ITS/From_T2__svdcmp.c.i.svdcmp.pl.t2.fixed.t2__terminationS_22_0.smt2 : 482233 ms.
--------------------------------------------------
First to ismt, cur time 0 s.
Final to yices2, cur time 481 s.
final yices2: unsat
../../QF_NIA_split/QF_NIA_2_35//20170427-VeryMax/ITS/From_T2__svdcmp.c.i.svdcmp.pl.t2.fixed.t2__terminationS_23_0.smt2 : 481600 ms.
--------------------------------------------------
First to ismt, cur time 0 s.
terminate called after throwing an instance of 'std::bad_alloc'
  what():  std::bad_alloc
timeout: the monitored command dumped core
Final to yices2, cur time 480 s.
final yices2: unsat
../../QF_NIA_split/QF_NIA_2_35//20170427-VeryMax/ITS/From_T2__svdcmp.c.i.svdcmp.pl.t2.fixed.t2__terminationS_24_0.smt2 : 487652 ms.
--------------------------------------------------
First to ismt, cur time 0 s.
Final to yices2, cur time 481 s.
final yices2: unsat
../../QF_NIA_split/QF_NIA_2_35//20170427-VeryMax/ITS/From_T2__svdcmp.c.i.svdcmp.pl.t2.fixed.t2__terminationS_25_0.smt2 : 482917 ms.
--------------------------------------------------
First to ismt, cur time 0 s.
Final to yices2, cur time 487 s.
final yices2: unsat
../../QF_NIA_split/QF_NIA_2_35//20170427-VeryMax/ITS/From_T2__svdcmp.c.i.svdcmp.pl.t2.fixed.t2__terminationS_26_0.smt2 : 501632 ms.
--------------------------------------------------
First to ismt, cur time 0 s.
Final to yices2, cur time 482 s.
final yices2: unsat
../../QF_NIA_split/QF_NIA_2_35//20170427-VeryMax/ITS/From_T2__svdcmp.c.i.svdcmp.pl.t2.fixed.t2__terminationS_27_0.smt2 : 491572 ms.
--------------------------------------------------
First to ismt, cur time 0 s.
Final to yices2, cur time 482 s.
final yices2: unsat
../../QF_NIA_split/QF_NIA_2_35//20170427-VeryMax/ITS/From_T2__svdcmp.c.i.svdcmp.pl.t2.fixed.t2__terminationS_28_0.smt2 : 487783 ms.
--------------------------------------------------
First to ismt, cur time 0 s.
Final to yices2, cur time 482 s.
final yices2: unsat
../../QF_NIA_split/QF_NIA_2_35//20170427-VeryMax/ITS/From_T2__svdcmp.c.i.svdcmp.pl.t2.fixed.t2__terminationS_29_0.smt2 : 483637 ms.
--------------------------------------------------
First to ismt, cur time 0 s.
Final to yices2, cur time 483 s.
final yices2: unsat
../../QF_NIA_split/QF_NIA_2_35//20170427-VeryMax/ITS/From_T2__svdcmp.c.i.svdcmp.pl.t2.fixed.t2__terminationS_30_0.smt2 : 484348 ms.
--------------------------------------------------
First to ismt, cur time 0 s.
Final to yices2, cur time 481 s.
final yices2: unsat
../../QF_NIA_split/QF_NIA_2_35//20170427-VeryMax/ITS/From_T2__svdcmp.c.i.svdcmp.pl.t2.fixed.t2__terminationS_31_0.smt2 : 482921 ms.
--------------------------------------------------
First to ismt, cur time 0 s.
Final to yices2, cur time 483 s.
final yices2: unsat
../../QF_NIA_split/QF_NIA_2_35//20170427-VeryMax/ITS/From_T2__svdcmp.c.i.svdcmp.pl.t2.fixed.t2__terminationS_32_0.smt2 : 484866 ms.
--------------------------------------------------
First to ismt, cur time 0 s.
Final to yices2, cur time 483 s.
final yices2: unsat
../../QF_NIA_split/QF_NIA_2_35//20170427-VeryMax/ITS/From_T2__svdcmp.c.i.svdcmp.pl.t2.fixed.t2__terminationS_33_0.smt2 : 484203 ms.
--------------------------------------------------
First to ismt, cur time 0 s.
Final to yices2, cur time 482 s.
final yices2: unsat
../../QF_NIA_split/QF_NIA_2_35//20170427-VeryMax/ITS/From_T2__svdcmp.c.i.svdcmp.pl.t2.fixed.t2__terminationS_34_0.smt2 : 482416 ms.
--------------------------------------------------
First to ismt, cur time 0 s.
Final to yices2, cur time 482 s.
final yices2: unsat
../../QF_NIA_split/QF_NIA_2_35//20170427-VeryMax/ITS/From_T2__svdcmp.c.i.svdcmp.pl.t2.fixed.t2__terminationS_35_0.smt2 : 483919 ms.
--------------------------------------------------
First to ismt, cur time 0 s.
terminate called after throwing an instance of 'std::bad_alloc'
  what():  std::bad_alloc
timeout: the monitored command dumped core
Final to yices2, cur time 481 s.
final yices2: unsat
../../QF_NIA_split/QF_NIA_2_35//20170427-VeryMax/ITS/From_T2__svdcmp.c.i.svdcmp.pl.t2.fixed.t2__terminationS_36_0.smt2 : 482545 ms.
--------------------------------------------------
First to ismt, cur time 0 s.
Final to yices2, cur time 483 s.
final yices2: unsat
../../QF_NIA_split/QF_NIA_2_35//20170427-VeryMax/ITS/From_T2__svdcmp.c.i.svdcmp.pl.t2.fixed.t2__terminationS_37_0.smt2 : 484106 ms.
--------------------------------------------------
First to ismt, cur time 0 s.
Final to yices2, cur time 482 s.
final yices2: unsat
../../QF_NIA_split/QF_NIA_2_35//20170427-VeryMax/ITS/From_T2__svdcmp.c.i.svdcmp.pl.t2.fixed.t2__terminationS_38_0.smt2 : 483956 ms.
--------------------------------------------------
First to ismt, cur time 0 s.
terminate called after throwing an instance of 'std::bad_alloc'
  what():  std::bad_alloc
timeout: the monitored command dumped core
Final to yices2, cur time 331 s.
final yices2: unsat
../../QF_NIA_split/QF_NIA_2_35//20170427-VeryMax/ITS/From_T2__svdcmp.c.i.svdcmp.pl.t2.fixed.t2__terminationS_39_0.smt2 : 332021 ms.
--------------------------------------------------
First to ismt, cur time 0 s.
terminate called after throwing an instance of 'std::bad_alloc'
  what():  std::bad_alloc
timeout: the monitored command dumped core
Final to yices2, cur time 616 s.
final yices2: unsat
../../QF_NIA_split/QF_NIA_2_35//20170427-VeryMax/ITS/From_T2__svdcmp.c.i.svdcmp.pl.t2.fixed.t2__terminationS_40_0.smt2 : 617534 ms.
--------------------------------------------------
First to ismt, cur time 0 s.
Final to yices2, cur time 481 s.
final yices2: unsat
../../QF_NIA_split/QF_NIA_2_35//20170427-VeryMax/ITS/From_T2__svdcmp.c.i.svdcmp.pl.t2.fixed.t2__terminationS_4_0.smt2 : 492653 ms.
--------------------------------------------------
First to ismt, cur time 0 s.
Final to yices2, cur time 486 s.
final yices2: unsat
../../QF_NIA_split/QF_NIA_2_35//20170427-VeryMax/ITS/From_T2__svdcmp.c.i.svdcmp.pl.t2.fixed.t2__terminationS_41_0.smt2 : 522935 ms.
--------------------------------------------------
First to ismt, cur time 0 s.
Final to yices2, cur time 483 s.
final yices2: unsat
../../QF_NIA_split/QF_NIA_2_35//20170427-VeryMax/ITS/From_T2__svdcmp.c.i.svdcmp.pl.t2.fixed.t2__terminationS_42_0.smt2 : 490366 ms.
--------------------------------------------------
First to ismt, cur time 0 s.
Final to yices2, cur time 486 s.
final yices2: unsat
../../QF_NIA_split/QF_NIA_2_35//20170427-VeryMax/ITS/From_T2__svdcmp.c.i.svdcmp.pl.t2.fixed.t2__terminationS_43_0.smt2 : 486918 ms.
--------------------------------------------------
First to ismt, cur time 0 s.
Final to yices2, cur time 484 s.
final yices2: unsat
../../QF_NIA_split/QF_NIA_2_35//20170427-VeryMax/ITS/From_T2__svdcmp.c.i.svdcmp.pl.t2.fixed.t2__terminationS_44_0.smt2 : 484208 ms.
--------------------------------------------------
First to ismt, cur time 0 s.
Final to yices2, cur time 481 s.
final yices2: unsat
../../QF_NIA_split/QF_NIA_2_35//20170427-VeryMax/ITS/From_T2__svdcmp.c.i.svdcmp.pl.t2.fixed.t2__terminationS_45_0.smt2 : 482021 ms.
--------------------------------------------------
First to ismt, cur time 0 s.
Final to yices2, cur time 484 s.
final yices2: unsat
../../QF_NIA_split/QF_NIA_2_35//20170427-VeryMax/ITS/From_T2__svdcmp.c.i.svdcmp.pl.t2.fixed.t2__terminationS_46_0.smt2 : 485149 ms.
--------------------------------------------------
First to ismt, cur time 0 s.
Final to yices2, cur time 484 s.
final yices2: unsat
../../QF_NIA_split/QF_NIA_2_35//20170427-VeryMax/ITS/From_T2__svdcmp.c.i.svdcmp.pl.t2.fixed.t2__terminationS_47_0.smt2 : 484905 ms.
--------------------------------------------------
First to ismt, cur time 0 s.
Final to yices2, cur time 482 s.
final yices2: unsat
../../QF_NIA_split/QF_NIA_2_35//20170427-VeryMax/ITS/From_T2__svdcmp.c.i.svdcmp.pl.t2.fixed.t2__terminationS_48_0.smt2 : 495102 ms.
--------------------------------------------------
First to ismt, cur time 0 s.
Final to yices2, cur time 484 s.
final yices2: unsat
../../QF_NIA_split/QF_NIA_2_35//20170427-VeryMax/ITS/From_T2__svdcmp.c.i.svdcmp.pl.t2.fixed.t2__terminationS_49_0.smt2 : 484497 ms.
--------------------------------------------------
First to ismt, cur time 0 s.
Final to yices2, cur time 484 s.
final yices2: unsat
../../QF_NIA_split/QF_NIA_2_35//20170427-VeryMax/ITS/From_T2__svdcmp.c.i.svdcmp.pl.t2.fixed.t2__terminationS_50_0.smt2 : 484373 ms.
--------------------------------------------------
First to ismt, cur time 0 s.
Final to yices2, cur time 483 s.
final yices2: unsat
../../QF_NIA_split/QF_NIA_2_35//20170427-VeryMax/ITS/From_T2__svdcmp.c.i.svdcmp.pl.t2.fixed.t2__terminationS_5_0.smt2 : 484409 ms.
--------------------------------------------------
First to ismt, cur time 0 s.
Final to yices2, cur time 486 s.
final yices2: unsat
../../QF_NIA_split/QF_NIA_2_35//20170427-VeryMax/ITS/From_T2__svdcmp.c.i.svdcmp.pl.t2.fixed.t2__terminationS_51_0.smt2 : 486373 ms.
--------------------------------------------------
First to ismt, cur time 0 s.
terminate called after throwing an instance of 'std::bad_alloc'
  what():  std::bad_alloc
timeout: the monitored command dumped core
Final to yices2, cur time 377 s.
final yices2: unsat
../../QF_NIA_split/QF_NIA_2_35//20170427-VeryMax/ITS/From_T2__svdcmp.c.i.svdcmp.pl.t2.fixed.t2__terminationS_52_0.smt2 : 393087 ms.
--------------------------------------------------
First to ismt, cur time 0 s.
terminate called after throwing an instance of 'std::bad_alloc'
  what():  std::bad_alloc
timeout: the monitored command dumped core
Final to yices2, cur time 434 s.
final yices2: unsat
../../QF_NIA_split/QF_NIA_2_35//20170427-VeryMax/ITS/From_T2__svdcmp.c.i.svdcmp.pl.t2.fixed.t2__terminationS_53_0.smt2 : 434411 ms.
--------------------------------------------------
First to ismt, cur time 0 s.
Final to yices2, cur time 484 s.
final yices2: unsat
../../QF_NIA_split/QF_NIA_2_35//20170427-VeryMax/ITS/From_T2__svdcmp.c.i.svdcmp.pl.t2.fixed.t2__terminationS_54_0.smt2 : 488229 ms.
--------------------------------------------------
First to ismt, cur time 0 s.
Final to yices2, cur time 484 s.
final yices2: unsat
../../QF_NIA_split/QF_NIA_2_35//20170427-VeryMax/ITS/From_T2__svdcmp.c.i.svdcmp.pl.t2.fixed.t2__terminationS_55_0.smt2 : 484484 ms.
--------------------------------------------------
First to ismt, cur time 0 s.
Final to yices2, cur time 482 s.
final yices2: unsat
../../QF_NIA_split/QF_NIA_2_35//20170427-VeryMax/ITS/From_T2__svdcmp.c.i.svdcmp.pl.t2.fixed.t2__terminationS_56_0.smt2 : 494666 ms.
--------------------------------------------------
First to ismt, cur time 0 s.
Final to yices2, cur time 497 s.
final yices2: unsat
../../QF_NIA_split/QF_NIA_2_35//20170427-VeryMax/ITS/From_T2__svdcmp.c.i.svdcmp.pl.t2.fixed.t2__terminationS_57_0.smt2 : 498919 ms.
--------------------------------------------------
First to ismt, cur time 0 s.
Final to yices2, cur time 481 s.
final yices2: unsat
../../QF_NIA_split/QF_NIA_2_35//20170427-VeryMax/ITS/From_T2__svdcmp.c.i.svdcmp.pl.t2.fixed.t2__terminationS_58_0.smt2 : 481820 ms.
--------------------------------------------------
First to ismt, cur time 0 s.
Final to yices2, cur time 498 s.
final yices2: unsat
../../QF_NIA_split/QF_NIA_2_35//20170427-VeryMax/ITS/From_T2__svdcmp.c.i.svdcmp.pl.t2.fixed.t2__terminationS_59_0.smt2 : 500892 ms.
--------------------------------------------------
First to ismt, cur time 0 s.
Final to yices2, cur time 481 s.
final yices2: unsat
../../QF_NIA_split/QF_NIA_2_35//20170427-VeryMax/ITS/From_T2__svdcmp.c.i.svdcmp.pl.t2.fixed.t2__terminationS_60_0.smt2 : 481580 ms.
--------------------------------------------------
First to ismt, cur time 0 s.
Final to yices2, cur time 482 s.
final yices2: unsat
../../QF_NIA_split/QF_NIA_2_35//20170427-VeryMax/ITS/From_T2__svdcmp.c.i.svdcmp.pl.t2.fixed.t2__terminationS_6_0.smt2 : 483216 ms.
--------------------------------------------------
First to ismt, cur time 0 s.
Final to yices2, cur time 481 s.
final yices2: unsat
../../QF_NIA_split/QF_NIA_2_35//20170427-VeryMax/ITS/From_T2__svdcmp.c.i.svdcmp.pl.t2.fixed.t2__terminationS_7_0.smt2 : 487196 ms.
--------------------------------------------------
First to ismt, cur time 0 s.
terminate called after throwing an instance of 'std::bad_alloc'
  what():  std::bad_alloc
timeout: the monitored command dumped core
Final to yices2, cur time 482 s.
final yices2: unsat
../../QF_NIA_split/QF_NIA_2_35//20170427-VeryMax/ITS/From_T2__svdcmp.c.i.svdcmp.pl.t2.fixed.t2__terminationS_8_0.smt2 : 486116 ms.
--------------------------------------------------
First to ismt, cur time 0 s.
Final to yices2, cur time 483 s.
final yices2: unsat
../../QF_NIA_split/QF_NIA_2_35//20170427-VeryMax/ITS/From_T2__svdcmp.c.i.svdcmp.pl.t2.fixed.t2__terminationS_9_0.smt2 : 485719 ms.
--------------------------------------------------
First to ismt, cur time 0 s.
ismt: sat (2 bits).
../../QF_NIA_split/QF_NIA_2_35//20170427-VeryMax/ITS/From_T2__svdcmp.c.i.svdcmp.pl.t2.fixed.t2__term_unfeasibility_0_0.smt2 : 23118 ms.
--------------------------------------------------
First to ismt, cur time 0 s.
Final to yices2, cur time 481 s.
