--------------------------------------------------
First to ismt, cur time 0 s.
ismt: sat (2 bits).
../../QF_NIA_split/QF_NIA_2_19//20170427-VeryMax/ITS/From_AProVE_2014__Test11.jar-obl-8__p12654_terminationG_0.smt2 : 1358 ms.
--------------------------------------------------
First to ismt, cur time 0 s.
ismt: sat (2 bits).
../../QF_NIA_split/QF_NIA_2_19//20170427-VeryMax/ITS/From_AProVE_2014__Test11.jar-obl-8__p12655_terminationG_0.smt2 : 3730 ms.
--------------------------------------------------
First to ismt, cur time 0 s.
ismt: sat (2 bits).
../../QF_NIA_split/QF_NIA_2_19//20170427-VeryMax/ITS/From_AProVE_2014__Test12.jar-obl-8__p12664_terminationG_0.smt2 : 1322 ms.
--------------------------------------------------
First to ismt, cur time 0 s.
ismt: sat (2 bits).
../../QF_NIA_split/QF_NIA_2_19//20170427-VeryMax/ITS/From_AProVE_2014__Test13Loops.jar-obl-10__p12672_terminationG_0.smt2 : 24089 ms.
--------------------------------------------------
First to ismt, cur time 0 s.
ismt: sat (2 bits).
../../QF_NIA_split/QF_NIA_2_19//20170427-VeryMax/ITS/From_AProVE_2014__Test13Loops.jar-obl-10__p12673_terminationG_0.smt2 : 83700 ms.
--------------------------------------------------
First to ismt, cur time 0 s.
Final to yices2, cur time 476 s.
final yices2: unsat
../../QF_NIA_split/QF_NIA_2_19//20170427-VeryMax/ITS/From_AProVE_2014__Test13Loops.jar-obl-10__p12676_terminationG_0.smt2 : 476171 ms.
--------------------------------------------------
First to ismt, cur time 0 s.
Final to yices2, cur time 960 s.
../../QF_NIA_split/QF_NIA_2_19//20170427-VeryMax/ITS/From_AProVE_2014__Test13Loops.jar-obl-10__p12677_terminationG_0.smt2 : 1200025 ms.
--------------------------------------------------
First to ismt, cur time 0 s.
Final to yices2, cur time 960 s.
../../QF_NIA_split/QF_NIA_2_19//20170427-VeryMax/ITS/From_AProVE_2014__Test13Loops.jar-obl-10__p12678_terminationG_0.smt2 : 1200033 ms.
--------------------------------------------------
First to ismt, cur time 0 s.
Final to yices2, cur time 873 s.
final yices2: unsat
../../QF_NIA_split/QF_NIA_2_19//20170427-VeryMax/ITS/From_AProVE_2014__Test13Loops.jar-obl-10__p12681_terminationG_0.smt2 : 873702 ms.
--------------------------------------------------
First to ismt, cur time 0 s.
Final to yices2, cur time 960 s.
../../QF_NIA_split/QF_NIA_2_19//20170427-VeryMax/ITS/From_AProVE_2014__Test13Loops.jar-obl-10__p12682_terminationG_0.smt2 : 1200053 ms.
--------------------------------------------------
First to ismt, cur time 0 s.
Final to yices2, cur time 960 s.
../../QF_NIA_split/QF_NIA_2_19//20170427-VeryMax/ITS/From_AProVE_2014__Test13Loops.jar-obl-10__p12683_terminationG_0.smt2 : 1200053 ms.
--------------------------------------------------
First to ismt, cur time 0 s.
Final to yices2, cur time 961 s.
final yices2: unsat
../../QF_NIA_split/QF_NIA_2_19//20170427-VeryMax/ITS/From_AProVE_2014__Test13Loops.jar-obl-10__p12686_terminationG_0.smt2 : 961201 ms.
--------------------------------------------------
First to ismt, cur time 0 s.
Final to yices2, cur time 960 s.
../../QF_NIA_split/QF_NIA_2_19//20170427-VeryMax/ITS/From_AProVE_2014__Test13Loops.jar-obl-10__p12687_terminationG_0.smt2 : 1200042 ms.
--------------------------------------------------
First to ismt, cur time 0 s.
Final to yices2, cur time 960 s.
unknown
../../QF_NIA_split/QF_NIA_2_19//20170427-VeryMax/ITS/From_AProVE_2014__Test13Loops.jar-obl-10__p12688_terminationG_0.smt2 : 1199871 ms.
--------------------------------------------------
First to ismt, cur time 0 s.
ismt: sat (2 bits).
../../QF_NIA_split/QF_NIA_2_19//20170427-VeryMax/ITS/From_AProVE_2014__Test13Loops.jar-obl-10__p12690_safety_0.smt2 : 25731 ms.
--------------------------------------------------
First to ismt, cur time 0 s.
ismt: sat (2 bits).
../../QF_NIA_split/QF_NIA_2_19//20170427-VeryMax/ITS/From_AProVE_2014__Test13Loops.jar-obl-10__p12691_safety_0.smt2 : 37050 ms.
--------------------------------------------------
First to ismt, cur time 0 s.
ismt: sat (2 bits).
../../QF_NIA_split/QF_NIA_2_19//20170427-VeryMax/ITS/From_AProVE_2014__Test13Loops.jar-obl-10__p12696_edge_closing_0.smt2 : 1735 ms.
--------------------------------------------------
First to ismt, cur time 0 s.
ismt: sat (16 bits).
../../QF_NIA_split/QF_NIA_2_19//20170427-VeryMax/ITS/From_AProVE_2014__Test13Loops.jar-obl-10__p12698_edge_closing_0.smt2 : 253273 ms.
--------------------------------------------------
First to ismt, cur time 0 s.
Final to yices2, cur time 961 s.
final yices2: sat
../../QF_NIA_split/QF_NIA_2_19//20170427-VeryMax/ITS/From_AProVE_2014__Test13Loops.jar-obl-10__p12699_edge_closing_0.smt2 : 982906 ms.
--------------------------------------------------
First to ismt, cur time 0 s.
ismt: sat (2 bits).
../../QF_NIA_split/QF_NIA_2_19//20170427-VeryMax/ITS/From_AProVE_2014__Test13Loops.jar-obl-10__p12700_edge_closing_0.smt2 : 607 ms.
--------------------------------------------------
First to ismt, cur time 0 s.
ismt: sat (2 bits).
../../QF_NIA_split/QF_NIA_2_19//20170427-VeryMax/ITS/From_AProVE_2014__Test13Loops.jar-obl-10__p12701_edge_closing_0.smt2 : 1736 ms.
--------------------------------------------------
First to ismt, cur time 0 s.
ismt: sat (2 bits).
../../QF_NIA_split/QF_NIA_2_19//20170427-VeryMax/ITS/From_AProVE_2014__Test13Loops.jar-obl-10__p12702_edge_closing_0.smt2 : 2295 ms.
--------------------------------------------------
First to ismt, cur time 0 s.
Final to yices2, cur time 960 s.
final yices2: sat
../../QF_NIA_split/QF_NIA_2_19//20170427-VeryMax/ITS/From_AProVE_2014__Test13Loops.jar-obl-10__p12704_edge_closing_0.smt2 : 990785 ms.
--------------------------------------------------
First to ismt, cur time 0 s.
Final to yices2, cur time 961 s.
unknown
../../QF_NIA_split/QF_NIA_2_19//20170427-VeryMax/ITS/From_AProVE_2014__Test13Loops.jar-obl-10__p12705_edge_closing_0.smt2 : 1199715 ms.
--------------------------------------------------
First to ismt, cur time 0 s.
ismt: sat (2 bits).
../../QF_NIA_split/QF_NIA_2_19//20170427-VeryMax/ITS/From_AProVE_2014__Test13Loops.jar-obl-10__p12706_edge_closing_0.smt2 : 665 ms.
--------------------------------------------------
First to ismt, cur time 0 s.
ismt: sat (2 bits).
../../QF_NIA_split/QF_NIA_2_19//20170427-VeryMax/ITS/From_AProVE_2014__Test13Loops.jar-obl-10__p12707_edge_closing_0.smt2 : 7807 ms.
--------------------------------------------------
First to ismt, cur time 0 s.
ismt: sat (2 bits).
../../QF_NIA_split/QF_NIA_2_19//20170427-VeryMax/ITS/From_AProVE_2014__Test13Loops.jar-obl-10__p12708_edge_closing_0.smt2 : 2818 ms.
--------------------------------------------------
First to ismt, cur time 0 s.
ismt: sat (2 bits).
../../QF_NIA_split/QF_NIA_2_19//20170427-VeryMax/ITS/From_AProVE_2014__Test13Loops.jar-obl-10__p12710_edge_closing_0.smt2 : 1602 ms.
--------------------------------------------------
First to ismt, cur time 0 s.
ismt: sat (2 bits).
../../QF_NIA_split/QF_NIA_2_19//20170427-VeryMax/ITS/From_AProVE_2014__Test13Loops.jar-obl-10__p12711_edge_closing_0.smt2 : 3324 ms.
--------------------------------------------------
First to ismt, cur time 0 s.
Final to yices2, cur time 960 s.
../../QF_NIA_split/QF_NIA_2_19//20170427-VeryMax/ITS/From_AProVE_2014__Test13Loops.jar-obl-10__p12713_edge_closing_0.smt2 : 1200059 ms.
--------------------------------------------------
First to ismt, cur time 0 s.
Final to yices2, cur time 960 s.
unknown
../../QF_NIA_split/QF_NIA_2_19//20170427-VeryMax/ITS/From_AProVE_2014__Test13Loops.jar-obl-10__p12714_edge_closing_0.smt2 : 1199950 ms.
--------------------------------------------------
First to ismt, cur time 0 s.
Final to yices2, cur time 960 s.
final yices2: sat
../../QF_NIA_split/QF_NIA_2_19//20170427-VeryMax/ITS/From_AProVE_2014__Test13Loops.jar-obl-10__p12717_edge_closing_0.smt2 : 960910 ms.
--------------------------------------------------
First to ismt, cur time 0 s.
ismt: sat (2 bits).
../../QF_NIA_split/QF_NIA_2_19//20170427-VeryMax/ITS/From_AProVE_2014__Test13Loops.jar-obl-10__p12727_edge_closing_0.smt2 : 628 ms.
--------------------------------------------------
First to ismt, cur time 0 s.
ismt: sat (2 bits).
../../QF_NIA_split/QF_NIA_2_19//20170427-VeryMax/ITS/From_AProVE_2014__Test13Loops.jar-obl-10__p12728_edge_closing_0.smt2 : 1671 ms.
--------------------------------------------------
First to ismt, cur time 0 s.
ismt: sat (2 bits).
../../QF_NIA_split/QF_NIA_2_19//20170427-VeryMax/ITS/From_AProVE_2014__Test13Loops.jar-obl-10__p12729_edge_closing_0.smt2 : 16406 ms.
--------------------------------------------------
First to ismt, cur time 0 s.
ismt: sat (2 bits).
../../QF_NIA_split/QF_NIA_2_19//20170427-VeryMax/ITS/From_AProVE_2014__Test13Loops.jar-obl-10__p12734_edge_closing_0.smt2 : 1745 ms.
--------------------------------------------------
First to ismt, cur time 0 s.
ismt: sat (2 bits).
../../QF_NIA_split/QF_NIA_2_19//20170427-VeryMax/ITS/From_AProVE_2014__Test13Loops.jar-obl-10__p12735_edge_closing_0.smt2 : 11993 ms.
--------------------------------------------------
First to ismt, cur time 0 s.
ismt: sat (2 bits).
../../QF_NIA_split/QF_NIA_2_19//20170427-VeryMax/ITS/From_AProVE_2014__Test13Loops.jar-obl-10__p12736_edge_closing_0.smt2 : 580 ms.
--------------------------------------------------
First to ismt, cur time 0 s.
ismt: sat (2 bits).
../../QF_NIA_split/QF_NIA_2_19//20170427-VeryMax/ITS/From_AProVE_2014__Test13Loops.jar-obl-10__p12737_edge_closing_0.smt2 : 2932 ms.
--------------------------------------------------
First to ismt, cur time 0 s.
ismt: sat (2 bits).
../../QF_NIA_split/QF_NIA_2_19//20170427-VeryMax/ITS/From_AProVE_2014__Test13Loops.jar-obl-10__p12738_edge_closing_0.smt2 : 2164 ms.
--------------------------------------------------
First to ismt, cur time 0 s.
ismt: sat (2 bits).
../../QF_NIA_split/QF_NIA_2_19//20170427-VeryMax/ITS/From_AProVE_2014__Test13Loops.jar-obl-10__p12742_edge_closing_0.smt2 : 1144 ms.
--------------------------------------------------
First to ismt, cur time 0 s.
ismt: sat (2 bits).
../../QF_NIA_split/QF_NIA_2_19//20170427-VeryMax/ITS/From_AProVE_2014__Test13Loops.jar-obl-10__p12743_edge_closing_0.smt2 : 16042 ms.
--------------------------------------------------
First to ismt, cur time 0 s.
ismt: sat (2 bits).
../../QF_NIA_split/QF_NIA_2_19//20170427-VeryMax/ITS/From_AProVE_2014__Test13Loops.jar-obl-10__p12744_edge_closing_0.smt2 : 23790 ms.
--------------------------------------------------
First to ismt, cur time 0 s.
ismt: sat (2 bits).
../../QF_NIA_split/QF_NIA_2_19//20170427-VeryMax/ITS/From_AProVE_2014__Test13Loops.jar-obl-10__p12748_edge_closing_0.smt2 : 3364 ms.
--------------------------------------------------
First to ismt, cur time 0 s.
ismt: sat (2 bits).
../../QF_NIA_split/QF_NIA_2_19//20170427-VeryMax/ITS/From_AProVE_2014__Test13Loops.jar-obl-10__p12749_edge_closing_0.smt2 : 17571 ms.
--------------------------------------------------
First to ismt, cur time 0 s.
ismt: sat (2 bits).
../../QF_NIA_split/QF_NIA_2_19//20170427-VeryMax/ITS/From_AProVE_2014__Test13Loops.jar-obl-10__p12750_edge_closing_0.smt2 : 23475 ms.
--------------------------------------------------
First to ismt, cur time 0 s.
ismt: sat (2 bits).
../../QF_NIA_split/QF_NIA_2_19//20170427-VeryMax/ITS/From_AProVE_2014__Test13Loops.jar-obl-10__p12757_edge_closing_0.smt2 : 1205 ms.
--------------------------------------------------
First to ismt, cur time 0 s.
ismt: sat (2 bits).
../../QF_NIA_split/QF_NIA_2_19//20170427-VeryMax/ITS/From_AProVE_2014__Test13Loops.jar-obl-10__p12758_edge_closing_0.smt2 : 14587 ms.
--------------------------------------------------
First to ismt, cur time 0 s.
ismt: sat (2 bits).
../../QF_NIA_split/QF_NIA_2_19//20170427-VeryMax/ITS/From_AProVE_2014__Test13Loops.jar-obl-10__p12759_edge_closing_0.smt2 : 3464 ms.
--------------------------------------------------
First to ismt, cur time 0 s.
ismt: sat (2 bits).
../../QF_NIA_split/QF_NIA_2_19//20170427-VeryMax/ITS/From_AProVE_2014__Test13Loops.jar-obl-10__p12769_edge_closing_0.smt2 : 1275 ms.
--------------------------------------------------
First to ismt, cur time 0 s.
ismt: sat (2 bits).
../../QF_NIA_split/QF_NIA_2_19//20170427-VeryMax/ITS/From_AProVE_2014__Test13Loops.jar-obl-10__p12770_edge_closing_0.smt2 : 24354 ms.
--------------------------------------------------
First to ismt, cur time 0 s.
ismt: sat (2 bits).
../../QF_NIA_split/QF_NIA_2_19//20170427-VeryMax/ITS/From_AProVE_2014__Test13Loops.jar-obl-10__p12771_edge_closing_0.smt2 : 108458 ms.
--------------------------------------------------
First to ismt, cur time 0 s.
ismt: sat (2 bits).
../../QF_NIA_split/QF_NIA_2_19//20170427-VeryMax/ITS/From_AProVE_2014__Test13Loops.jar-obl-10__p12773_edge_closing_0.smt2 : 23617 ms.
--------------------------------------------------
First to ismt, cur time 0 s.
ismt: sat (2 bits).
../../QF_NIA_split/QF_NIA_2_19//20170427-VeryMax/ITS/From_AProVE_2014__Test13Loops.jar-obl-10__p12774_edge_closing_0.smt2 : 39286 ms.
--------------------------------------------------
First to ismt, cur time 0 s.
ismt: sat (4 bits).
../../QF_NIA_split/QF_NIA_2_19//20170427-VeryMax/ITS/From_AProVE_2014__Test13Loops.jar-obl-10__p12778_edge_closing_0.smt2 : 5457 ms.
--------------------------------------------------
First to ismt, cur time 0 s.
ismt: sat (2 bits).
../../QF_NIA_split/QF_NIA_2_19//20170427-VeryMax/ITS/From_AProVE_2014__Test13Loops.jar-obl-10__p12779_edge_closing_0.smt2 : 8555 ms.
--------------------------------------------------
First to ismt, cur time 0 s.
ismt: sat (2 bits).
../../QF_NIA_split/QF_NIA_2_19//20170427-VeryMax/ITS/From_AProVE_2014__Test13Loops.jar-obl-10__p12780_edge_closing_0.smt2 : 15512 ms.
--------------------------------------------------
First to ismt, cur time 0 s.
ismt: sat (2 bits).
../../QF_NIA_split/QF_NIA_2_19//20170427-VeryMax/ITS/From_AProVE_2014__Test13Loops.jar-obl-10__p12784_terminationG_0.smt2 : 8241 ms.
--------------------------------------------------
First to ismt, cur time 0 s.
ismt: sat (2 bits).
../../QF_NIA_split/QF_NIA_2_19//20170427-VeryMax/ITS/From_AProVE_2014__Test13Loops.jar-obl-10__p12785_terminationG_0.smt2 : 22044 ms.
--------------------------------------------------
First to ismt, cur time 0 s.
Final to yices2, cur time 151 s.
final yices2: unsat
../../QF_NIA_split/QF_NIA_2_19//20170427-VeryMax/ITS/From_AProVE_2014__Test13Loops.jar-obl-10__terminationQ_2_0.smt2 : 150686 ms.
--------------------------------------------------
First to ismt, cur time 0 s.
ismt: sat (2 bits).
../../QF_NIA_split/QF_NIA_2_19//20170427-VeryMax/ITS/From_AProVE_2014__Test1.jar-obl-8__p12793_terminationG_0.smt2 : 2411 ms.
--------------------------------------------------
First to ismt, cur time 0 s.
ismt: sat (2 bits).
../../QF_NIA_split/QF_NIA_2_19//20170427-VeryMax/ITS/From_AProVE_2014__Test1.jar-obl-8__p12794_terminationG_0.smt2 : 3664 ms.
--------------------------------------------------
First to ismt, cur time 0 s.
ismt: sat (4 bits).
../../QF_NIA_split/QF_NIA_2_19//20170427-VeryMax/ITS/From_AProVE_2014__Test1.jar-obl-8__p12799_terminationG_0.smt2 : 22142 ms.
--------------------------------------------------
First to ismt, cur time 0 s.
ismt: sat (4 bits).
../../QF_NIA_split/QF_NIA_2_19//20170427-VeryMax/ITS/From_AProVE_2014__Test1.jar-obl-8__p12800_terminationG_0.smt2 : 247786 ms.
--------------------------------------------------
First to ismt, cur time 0 s.
Final to yices2, cur time 960 s.
../../QF_NIA_split/QF_NIA_2_19//20170427-VeryMax/ITS/From_AProVE_2014__Test1.jar-obl-8__p12801_terminationG_0.smt2 : 1200052 ms.
--------------------------------------------------
First to ismt, cur time 0 s.
Final to yices2, cur time 903 s.
final yices2: unsat
../../QF_NIA_split/QF_NIA_2_19//20170427-VeryMax/ITS/From_AProVE_2014__Test1.jar-obl-8__terminationS_0_0.smt2 : 903732 ms.
--------------------------------------------------
First to ismt, cur time 0 s.
Final to yices2, cur time 960 s.
final yices2: unsat
../../QF_NIA_split/QF_NIA_2_19//20170427-VeryMax/ITS/From_AProVE_2014__Test1.jar-obl-8__terminationS_1_0.smt2 : 961413 ms.
--------------------------------------------------
First to ismt, cur time 0 s.
ismt: sat (2 bits).
../../QF_NIA_split/QF_NIA_2_19//20170427-VeryMax/ITS/From_AProVE_2014__Test2.jar-obl-8__p12808_terminationG_0.smt2 : 2833 ms.
--------------------------------------------------
First to ismt, cur time 0 s.
ismt: sat (2 bits).
../../QF_NIA_split/QF_NIA_2_19//20170427-VeryMax/ITS/From_AProVE_2014__Test2.jar-obl-8__p12809_terminationG_0.smt2 : 9244 ms.
--------------------------------------------------
First to ismt, cur time 0 s.
ismt: sat (2 bits).
../../QF_NIA_split/QF_NIA_2_19//20170427-VeryMax/ITS/From_AProVE_2014__Test2.jar-obl-8__p12810_terminationG_0.smt2 : 49459 ms.
--------------------------------------------------
First to ismt, cur time 0 s.
Final to yices2, cur time 960 s.
final yices2: unsat
../../QF_NIA_split/QF_NIA_2_19//20170427-VeryMax/ITS/From_AProVE_2014__Test2.jar-obl-8__terminationS_0_0.smt2 : 961068 ms.
--------------------------------------------------
First to ismt, cur time 0 s.
Final to yices2, cur time 860 s.
final yices2: unsat
../../QF_NIA_split/QF_NIA_2_19//20170427-VeryMax/ITS/From_AProVE_2014__Test2.jar-obl-8__terminationS_1_0.smt2 : 860489 ms.
--------------------------------------------------
First to ismt, cur time 0 s.
Final to yices2, cur time 764 s.
final yices2: unsat
../../QF_NIA_split/QF_NIA_2_19//20170427-VeryMax/ITS/From_AProVE_2014__Test2.jar-obl-8__term_unfeasibility_0_0.smt2 : 764643 ms.
--------------------------------------------------
First to ismt, cur time 0 s.
ismt: sat (2 bits).
../../QF_NIA_split/QF_NIA_2_19//20170427-VeryMax/ITS/From_AProVE_2014__Test3.jar-obl-10__p12821_terminationG_0.smt2 : 574 ms.
--------------------------------------------------
First to ismt, cur time 0 s.
Final to yices2, cur time 961 s.
unknown
../../QF_NIA_split/QF_NIA_2_19//20170427-VeryMax/ITS/From_AProVE_2014__Test4.jar-obl-10__p12830_terminationG_0.smt2 : 1199919 ms.
--------------------------------------------------
First to ismt, cur time 0 s.
Final to yices2, cur time 960 s.
../../QF_NIA_split/QF_NIA_2_19//20170427-VeryMax/ITS/From_AProVE_2014__Test4.jar-obl-10__p12831_terminationG_0.smt2 : 1200033 ms.
--------------------------------------------------
First to ismt, cur time 0 s.
Final to yices2, cur time 960 s.
../../QF_NIA_split/QF_NIA_2_19//20170427-VeryMax/ITS/From_AProVE_2014__Test4.jar-obl-10__p12832_terminationG_0.smt2 : 1200054 ms.
--------------------------------------------------
First to ismt, cur time 0 s.
Final to yices2, cur time 961 s.
../../QF_NIA_split/QF_NIA_2_19//20170427-VeryMax/ITS/From_AProVE_2014__Test4.jar-obl-10__terminationQ_0_0.smt2 : 1200042 ms.
--------------------------------------------------
First to ismt, cur time 0 s.
Final to yices2, cur time 961 s.
final yices2: unsat
../../QF_NIA_split/QF_NIA_2_19//20170427-VeryMax/ITS/From_AProVE_2014__Test4.jar-obl-10__terminationS_0_0.smt2 : 962648 ms.
--------------------------------------------------
First to ismt, cur time 0 s.
Final to yices2, cur time 961 s.
final yices2: unsat
../../QF_NIA_split/QF_NIA_2_19//20170427-VeryMax/ITS/From_AProVE_2014__Test4.jar-obl-10__terminationS_10_0.smt2 : 994214 ms.
--------------------------------------------------
First to ismt, cur time 0 s.
Final to yices2, cur time 961 s.
final yices2: unsat
../../QF_NIA_split/QF_NIA_2_19//20170427-VeryMax/ITS/From_AProVE_2014__Test4.jar-obl-10__terminationS_1_0.smt2 : 982581 ms.
--------------------------------------------------
First to ismt, cur time 0 s.
Final to yices2, cur time 961 s.
final yices2: unsat
../../QF_NIA_split/QF_NIA_2_19//20170427-VeryMax/ITS/From_AProVE_2014__Test4.jar-obl-10__terminationS_11_0.smt2 : 987107 ms.
--------------------------------------------------
First to ismt, cur time 0 s.
Final to yices2, cur time 960 s.
final yices2: unsat
../../QF_NIA_split/QF_NIA_2_19//20170427-VeryMax/ITS/From_AProVE_2014__Test4.jar-obl-10__terminationS_12_0.smt2 : 967051 ms.
--------------------------------------------------
First to ismt, cur time 0 s.
Final to yices2, cur time 961 s.
final yices2: unsat
../../QF_NIA_split/QF_NIA_2_19//20170427-VeryMax/ITS/From_AProVE_2014__Test4.jar-obl-10__terminationS_13_0.smt2 : 985495 ms.
--------------------------------------------------
First to ismt, cur time 0 s.
Final to yices2, cur time 961 s.
final yices2: unsat
../../QF_NIA_split/QF_NIA_2_19//20170427-VeryMax/ITS/From_AProVE_2014__Test4.jar-obl-10__terminationS_14_0.smt2 : 976797 ms.
--------------------------------------------------
First to ismt, cur time 0 s.
Final to yices2, cur time 961 s.
final yices2: unsat
../../QF_NIA_split/QF_NIA_2_19//20170427-VeryMax/ITS/From_AProVE_2014__Test4.jar-obl-10__terminationS_15_0.smt2 : 1016172 ms.
--------------------------------------------------
First to ismt, cur time 0 s.
Final to yices2, cur time 961 s.
final yices2: unsat
../../QF_NIA_split/QF_NIA_2_19//20170427-VeryMax/ITS/From_AProVE_2014__Test4.jar-obl-10__terminationS_16_0.smt2 : 1022918 ms.
--------------------------------------------------
First to ismt, cur time 0 s.
Final to yices2, cur time 961 s.
final yices2: unsat
../../QF_NIA_split/QF_NIA_2_19//20170427-VeryMax/ITS/From_AProVE_2014__Test4.jar-obl-10__terminationS_17_0.smt2 : 1053102 ms.
--------------------------------------------------
First to ismt, cur time 0 s.
Final to yices2, cur time 961 s.
final yices2: unsat
../../QF_NIA_split/QF_NIA_2_19//20170427-VeryMax/ITS/From_AProVE_2014__Test4.jar-obl-10__terminationS_18_0.smt2 : 969573 ms.
--------------------------------------------------
First to ismt, cur time 0 s.
Final to yices2, cur time 960 s.
final yices2: unsat
../../QF_NIA_split/QF_NIA_2_19//20170427-VeryMax/ITS/From_AProVE_2014__Test4.jar-obl-10__terminationS_19_0.smt2 : 996423 ms.
--------------------------------------------------
First to ismt, cur time 0 s.
Final to yices2, cur time 961 s.
final yices2: unsat
../../QF_NIA_split/QF_NIA_2_19//20170427-VeryMax/ITS/From_AProVE_2014__Test4.jar-obl-10__terminationS_20_0.smt2 : 977955 ms.
--------------------------------------------------
First to ismt, cur time 0 s.
Final to yices2, cur time 960 s.
final yices2: unsat
../../QF_NIA_split/QF_NIA_2_19//20170427-VeryMax/ITS/From_AProVE_2014__Test4.jar-obl-10__terminationS_2_0.smt2 : 962239 ms.
--------------------------------------------------
First to ismt, cur time 0 s.
Final to yices2, cur time 961 s.
final yices2: unsat
../../QF_NIA_split/QF_NIA_2_19//20170427-VeryMax/ITS/From_AProVE_2014__Test4.jar-obl-10__terminationS_21_0.smt2 : 1042973 ms.
--------------------------------------------------
First to ismt, cur time 0 s.
Final to yices2, cur time 961 s.
final yices2: unsat
../../QF_NIA_split/QF_NIA_2_19//20170427-VeryMax/ITS/From_AProVE_2014__Test4.jar-obl-10__terminationS_22_0.smt2 : 984511 ms.
--------------------------------------------------
First to ismt, cur time 0 s.
Final to yices2, cur time 961 s.
final yices2: unsat
../../QF_NIA_split/QF_NIA_2_19//20170427-VeryMax/ITS/From_AProVE_2014__Test4.jar-obl-10__terminationS_23_0.smt2 : 969410 ms.
--------------------------------------------------
First to ismt, cur time 0 s.
Final to yices2, cur time 961 s.
final yices2: unsat
../../QF_NIA_split/QF_NIA_2_19//20170427-VeryMax/ITS/From_AProVE_2014__Test4.jar-obl-10__terminationS_24_0.smt2 : 965903 ms.
--------------------------------------------------
First to ismt, cur time 0 s.
Final to yices2, cur time 962 s.
final yices2: unsat
../../QF_NIA_split/QF_NIA_2_19//20170427-VeryMax/ITS/From_AProVE_2014__Test4.jar-obl-10__terminationS_25_0.smt2 : 974584 ms.
--------------------------------------------------
First to ismt, cur time 0 s.
Final to yices2, cur time 962 s.
final yices2: unsat
../../QF_NIA_split/QF_NIA_2_19//20170427-VeryMax/ITS/From_AProVE_2014__Test4.jar-obl-10__terminationS_26_0.smt2 : 970456 ms.
--------------------------------------------------
First to ismt, cur time 0 s.
Final to yices2, cur time 962 s.
final yices2: unsat
../../QF_NIA_split/QF_NIA_2_19//20170427-VeryMax/ITS/From_AProVE_2014__Test4.jar-obl-10__terminationS_27_0.smt2 : 972686 ms.
--------------------------------------------------
First to ismt, cur time 0 s.
Final to yices2, cur time 960 s.
final yices2: unsat
../../QF_NIA_split/QF_NIA_2_19//20170427-VeryMax/ITS/From_AProVE_2014__Test4.jar-obl-10__terminationS_28_0.smt2 : 980321 ms.
--------------------------------------------------
First to ismt, cur time 0 s.
Final to yices2, cur time 961 s.
final yices2: unsat
../../QF_NIA_split/QF_NIA_2_19//20170427-VeryMax/ITS/From_AProVE_2014__Test4.jar-obl-10__terminationS_29_0.smt2 : 971161 ms.
--------------------------------------------------
First to ismt, cur time 0 s.
Final to yices2, cur time 961 s.
final yices2: unsat
../../QF_NIA_split/QF_NIA_2_19//20170427-VeryMax/ITS/From_AProVE_2014__Test4.jar-obl-10__terminationS_30_0.smt2 : 976654 ms.
--------------------------------------------------
First to ismt, cur time 0 s.
Final to yices2, cur time 961 s.
final yices2: unsat
../../QF_NIA_split/QF_NIA_2_19//20170427-VeryMax/ITS/From_AProVE_2014__Test4.jar-obl-10__terminationS_3_0.smt2 : 990126 ms.
--------------------------------------------------
First to ismt, cur time 0 s.
Final to yices2, cur time 962 s.
final yices2: unsat
../../QF_NIA_split/QF_NIA_2_19//20170427-VeryMax/ITS/From_AProVE_2014__Test4.jar-obl-10__terminationS_31_0.smt2 : 967467 ms.
--------------------------------------------------
First to ismt, cur time 0 s.
Final to yices2, cur time 963 s.
final yices2: unsat
../../QF_NIA_split/QF_NIA_2_19//20170427-VeryMax/ITS/From_AProVE_2014__Test4.jar-obl-10__terminationS_32_0.smt2 : 988947 ms.
--------------------------------------------------
First to ismt, cur time 0 s.
Final to yices2, cur time 962 s.
final yices2: unsat
../../QF_NIA_split/QF_NIA_2_19//20170427-VeryMax/ITS/From_AProVE_2014__Test4.jar-obl-10__terminationS_33_0.smt2 : 996209 ms.
--------------------------------------------------
First to ismt, cur time 0 s.
Final to yices2, cur time 961 s.
final yices2: unsat
../../QF_NIA_split/QF_NIA_2_19//20170427-VeryMax/ITS/From_AProVE_2014__Test4.jar-obl-10__terminationS_34_0.smt2 : 967202 ms.
--------------------------------------------------
First to ismt, cur time 0 s.
Final to yices2, cur time 961 s.
final yices2: unsat
../../QF_NIA_split/QF_NIA_2_19//20170427-VeryMax/ITS/From_AProVE_2014__Test4.jar-obl-10__terminationS_35_0.smt2 : 975842 ms.
--------------------------------------------------
First to ismt, cur time 0 s.
Final to yices2, cur time 961 s.
final yices2: unsat
../../QF_NIA_split/QF_NIA_2_19//20170427-VeryMax/ITS/From_AProVE_2014__Test4.jar-obl-10__terminationS_36_0.smt2 : 967261 ms.
--------------------------------------------------
First to ismt, cur time 0 s.
Final to yices2, cur time 960 s.
final yices2: unsat
../../QF_NIA_split/QF_NIA_2_19//20170427-VeryMax/ITS/From_AProVE_2014__Test4.jar-obl-10__terminationS_37_0.smt2 : 965928 ms.
--------------------------------------------------
First to ismt, cur time 0 s.
Final to yices2, cur time 961 s.
final yices2: unsat
../../QF_NIA_split/QF_NIA_2_19//20170427-VeryMax/ITS/From_AProVE_2014__Test4.jar-obl-10__terminationS_38_0.smt2 : 980877 ms.
--------------------------------------------------
First to ismt, cur time 0 s.
Final to yices2, cur time 961 s.
final yices2: unsat
../../QF_NIA_split/QF_NIA_2_19//20170427-VeryMax/ITS/From_AProVE_2014__Test4.jar-obl-10__terminationS_39_0.smt2 : 963195 ms.
--------------------------------------------------
First to ismt, cur time 0 s.
Final to yices2, cur time 961 s.
final yices2: unsat
../../QF_NIA_split/QF_NIA_2_19//20170427-VeryMax/ITS/From_AProVE_2014__Test4.jar-obl-10__terminationS_40_0.smt2 : 1006335 ms.
--------------------------------------------------
First to ismt, cur time 0 s.
Final to yices2, cur time 961 s.
unknown
../../QF_NIA_split/QF_NIA_2_19//20170427-VeryMax/ITS/From_AProVE_2014__Test4.jar-obl-10__terminationS_4_0.smt2 : 1199841 ms.
--------------------------------------------------
First to ismt, cur time 0 s.
Final to yices2, cur time 961 s.
final yices2: unsat
../../QF_NIA_split/QF_NIA_2_19//20170427-VeryMax/ITS/From_AProVE_2014__Test4.jar-obl-10__terminationS_41_0.smt2 : 965790 ms.
--------------------------------------------------
First to ismt, cur time 0 s.
Final to yices2, cur time 963 s.
final yices2: unsat
../../QF_NIA_split/QF_NIA_2_19//20170427-VeryMax/ITS/From_AProVE_2014__Test4.jar-obl-10__terminationS_42_0.smt2 : 966650 ms.
--------------------------------------------------
First to ismt, cur time 0 s.
Final to yices2, cur time 961 s.
final yices2: unsat
../../QF_NIA_split/QF_NIA_2_19//20170427-VeryMax/ITS/From_AProVE_2014__Test4.jar-obl-10__terminationS_43_0.smt2 : 976190 ms.
--------------------------------------------------
First to ismt, cur time 0 s.
Final to yices2, cur time 400 s.
final yices2: unsat
../../QF_NIA_split/QF_NIA_2_19//20170427-VeryMax/ITS/From_AProVE_2014__Test4.jar-obl-10__terminationS_44_0.smt2 : 406324 ms.
--------------------------------------------------
First to ismt, cur time 0 s.
Final to yices2, cur time 961 s.
final yices2: unsat
../../QF_NIA_split/QF_NIA_2_19//20170427-VeryMax/ITS/From_AProVE_2014__Test4.jar-obl-10__terminationS_5_0.smt2 : 1072403 ms.
--------------------------------------------------
First to ismt, cur time 0 s.
Final to yices2, cur time 974 s.
final yices2: unsat
../../QF_NIA_split/QF_NIA_2_19//20170427-VeryMax/ITS/From_AProVE_2014__Test4.jar-obl-10__terminationS_6_0.smt2 : 1036056 ms.
--------------------------------------------------
First to ismt, cur time 0 s.
Final to yices2, cur time 961 s.
../../QF_NIA_split/QF_NIA_2_19//20170427-VeryMax/ITS/From_AProVE_2014__Test4.jar-obl-10__terminationS_7_0.smt2 : 1208454 ms.
--------------------------------------------------
First to ismt, cur time 0 s.
Final to yices2, cur time 961 s.
final yices2: unsat
../../QF_NIA_split/QF_NIA_2_19//20170427-VeryMax/ITS/From_AProVE_2014__Test4.jar-obl-10__terminationS_8_0.smt2 : 1019918 ms.
--------------------------------------------------
First to ismt, cur time 0 s.
Final to yices2, cur time 962 s.
final yices2: unsat
../../QF_NIA_split/QF_NIA_2_19//20170427-VeryMax/ITS/From_AProVE_2014__Test4.jar-obl-10__terminationS_9_0.smt2 : 1046050 ms.
--------------------------------------------------
First to ismt, cur time 0 s.
Final to yices2, cur time 961 s.
../../QF_NIA_split/QF_NIA_2_19//20170427-VeryMax/ITS/From_AProVE_2014__Test4.jar-obl-10__term_unfeasibility_1_0.smt2 : 1201654 ms.
--------------------------------------------------
First to ismt, cur time 0 s.
ismt: sat (2 bits).
../../QF_NIA_split/QF_NIA_2_19//20170427-VeryMax/ITS/From_AProVE_2014__Test5.jar-obl-11__p12845_terminationG_0.smt2 : 3560 ms.
--------------------------------------------------
First to ismt, cur time 0 s.
Final to yices2, cur time 961 s.
final yices2: unsat
../../QF_NIA_split/QF_NIA_2_19//20170427-VeryMax/ITS/From_AProVE_2014__Test5.jar-obl-11__term_unfeasibility_1_0.smt2 : 962804 ms.
--------------------------------------------------
First to ismt, cur time 0 s.
ismt: sat (2 bits).
../../QF_NIA_split/QF_NIA_2_19//20170427-VeryMax/ITS/From_AProVE_2014__Test6.jar-obl-13__p12854_terminationG_0.smt2 : 13163 ms.
--------------------------------------------------
First to ismt, cur time 0 s.
ismt: sat (2 bits).
../../QF_NIA_split/QF_NIA_2_19//20170427-VeryMax/ITS/From_AProVE_2014__Test6.jar-obl-13__p12858_terminationG_0.smt2 : 17629 ms.
--------------------------------------------------
First to ismt, cur time 0 s.
ismt: sat (2 bits).
../../QF_NIA_split/QF_NIA_2_19//20170427-VeryMax/ITS/From_AProVE_2014__Test6.jar-obl-13__p12859_terminationG_0.smt2 : 15946 ms.
--------------------------------------------------
First to ismt, cur time 0 s.
ismt: sat (2 bits).
../../QF_NIA_split/QF_NIA_2_19//20170427-VeryMax/ITS/From_AProVE_2014__Test6.jar-obl-13__p12863_terminationG_0.smt2 : 8143 ms.
--------------------------------------------------
First to ismt, cur time 0 s.
ismt: sat (2 bits).
../../QF_NIA_split/QF_NIA_2_19//20170427-VeryMax/ITS/From_AProVE_2014__Test6.jar-obl-13__p12864_terminationG_0.smt2 : 53500 ms.
--------------------------------------------------
First to ismt, cur time 0 s.
ismt: sat (2 bits).
../../QF_NIA_split/QF_NIA_2_19//20170427-VeryMax/ITS/From_AProVE_2014__Test6.jar-obl-13__p12867_terminationG_0.smt2 : 276336 ms.
--------------------------------------------------
First to ismt, cur time 0 s.
Final to yices2, cur time 961 s.
../../QF_NIA_split/QF_NIA_2_19//20170427-VeryMax/ITS/From_AProVE_2014__Test6.jar-obl-13__p12868_terminationG_0.smt2 : 1210479 ms.
--------------------------------------------------
First to ismt, cur time 0 s.
ismt: sat (2 bits).
../../QF_NIA_split/QF_NIA_2_19//20170427-VeryMax/ITS/From_AProVE_2014__Test6.jar-obl-13__p12869_terminationG_0.smt2 : 766669 ms.
--------------------------------------------------
First to ismt, cur time 0 s.
ismt: sat (2 bits).
../../QF_NIA_split/QF_NIA_2_19//20170427-VeryMax/ITS/From_AProVE_2014__Test6.jar-obl-13__p12871_safety_0.smt2 : 3325 ms.
--------------------------------------------------
First to ismt, cur time 0 s.
Final to yices2, cur time 960 s.
../../QF_NIA_split/QF_NIA_2_19//20170427-VeryMax/ITS/From_AProVE_2014__Test6.jar-obl-13__p12873_safety_0.smt2 : 1200037 ms.
--------------------------------------------------
First to ismt, cur time 0 s.
Final to yices2, cur time 960 s.
../../QF_NIA_split/QF_NIA_2_19//20170427-VeryMax/ITS/From_AProVE_2014__Test6.jar-obl-13__p12874_safety_0.smt2 : 1200051 ms.
--------------------------------------------------
First to ismt, cur time 0 s.
Final to yices2, cur time 961 s.
../../QF_NIA_split/QF_NIA_2_19//20170427-VeryMax/ITS/From_AProVE_2014__Test6.jar-obl-13__p12876_safety_0.smt2 : 1201797 ms.
--------------------------------------------------
First to ismt, cur time 0 s.
Final to yices2, cur time 961 s.
unknown
../../QF_NIA_split/QF_NIA_2_19//20170427-VeryMax/ITS/From_AProVE_2014__Test6.jar-obl-13__p12877_safety_0.smt2 : 1200107 ms.
--------------------------------------------------
First to ismt, cur time 0 s.
Final to yices2, cur time 985 s.
../../QF_NIA_split/QF_NIA_2_19//20170427-VeryMax/ITS/From_AProVE_2014__Test6.jar-obl-13__terminationQ_0_0.smt2 : 1203259 ms.
--------------------------------------------------
First to ismt, cur time 0 s.
Final to yices2, cur time 961 s.
final yices2: unsat
../../QF_NIA_split/QF_NIA_2_19//20170427-VeryMax/ITS/From_AProVE_2014__Test6.jar-obl-13__terminationS_0_0.smt2 : 1117079 ms.
--------------------------------------------------
First to ismt, cur time 0 s.
Final to yices2, cur time 961 s.
final yices2: unsat
../../QF_NIA_split/QF_NIA_2_19//20170427-VeryMax/ITS/From_AProVE_2014__Test6.jar-obl-13__terminationS_10_0.smt2 : 993151 ms.
--------------------------------------------------
First to ismt, cur time 0 s.
Final to yices2, cur time 961 s.
../../QF_NIA_split/QF_NIA_2_19//20170427-VeryMax/ITS/From_AProVE_2014__Test6.jar-obl-13__terminationS_1_0.smt2 : 1207014 ms.
--------------------------------------------------
First to ismt, cur time 0 s.
Final to yices2, cur time 961 s.
final yices2: unsat
../../QF_NIA_split/QF_NIA_2_19//20170427-VeryMax/ITS/From_AProVE_2014__Test6.jar-obl-13__terminationS_11_0.smt2 : 1013182 ms.
--------------------------------------------------
First to ismt, cur time 0 s.
Final to yices2, cur time 962 s.
final yices2: unsat
../../QF_NIA_split/QF_NIA_2_19//20170427-VeryMax/ITS/From_AProVE_2014__Test6.jar-obl-13__terminationS_12_0.smt2 : 1126456 ms.
--------------------------------------------------
First to ismt, cur time 0 s.
Final to yices2, cur time 975 s.
final yices2: unsat
../../QF_NIA_split/QF_NIA_2_19//20170427-VeryMax/ITS/From_AProVE_2014__Test6.jar-obl-13__terminationS_13_0.smt2 : 1107441 ms.
--------------------------------------------------
First to ismt, cur time 0 s.
Final to yices2, cur time 961 s.
final yices2: unsat
../../QF_NIA_split/QF_NIA_2_19//20170427-VeryMax/ITS/From_AProVE_2014__Test6.jar-obl-13__terminationS_14_0.smt2 : 1111069 ms.
--------------------------------------------------
First to ismt, cur time 0 s.
Final to yices2, cur time 960 s.
final yices2: unsat
../../QF_NIA_split/QF_NIA_2_19//20170427-VeryMax/ITS/From_AProVE_2014__Test6.jar-obl-13__terminationS_15_0.smt2 : 1103512 ms.
--------------------------------------------------
First to ismt, cur time 0 s.
Final to yices2, cur time 964 s.
final yices2: unsat
../../QF_NIA_split/QF_NIA_2_19//20170427-VeryMax/ITS/From_AProVE_2014__Test6.jar-obl-13__terminationS_16_0.smt2 : 1065579 ms.
--------------------------------------------------
First to ismt, cur time 0 s.
Final to yices2, cur time 963 s.
final yices2: unsat
../../QF_NIA_split/QF_NIA_2_19//20170427-VeryMax/ITS/From_AProVE_2014__Test6.jar-obl-13__terminationS_17_0.smt2 : 965717 ms.
--------------------------------------------------
First to ismt, cur time 0 s.
Final to yices2, cur time 962 s.
final yices2: unsat
../../QF_NIA_split/QF_NIA_2_19//20170427-VeryMax/ITS/From_AProVE_2014__Test6.jar-obl-13__terminationS_18_0.smt2 : 989050 ms.
--------------------------------------------------
First to ismt, cur time 0 s.
Final to yices2, cur time 961 s.
final yices2: unsat
../../QF_NIA_split/QF_NIA_2_19//20170427-VeryMax/ITS/From_AProVE_2014__Test6.jar-obl-13__terminationS_19_0.smt2 : 972406 ms.
--------------------------------------------------
First to ismt, cur time 0 s.
Final to yices2, cur time 961 s.
final yices2: unsat
../../QF_NIA_split/QF_NIA_2_19//20170427-VeryMax/ITS/From_AProVE_2014__Test6.jar-obl-13__terminationS_20_0.smt2 : 966621 ms.
--------------------------------------------------
First to ismt, cur time 0 s.
Final to yices2, cur time 960 s.
final yices2: unsat
../../QF_NIA_split/QF_NIA_2_19//20170427-VeryMax/ITS/From_AProVE_2014__Test6.jar-obl-13__terminationS_2_0.smt2 : 974565 ms.
--------------------------------------------------
First to ismt, cur time 0 s.
Final to yices2, cur time 961 s.
final yices2: unsat
../../QF_NIA_split/QF_NIA_2_19//20170427-VeryMax/ITS/From_AProVE_2014__Test6.jar-obl-13__terminationS_21_0.smt2 : 965183 ms.
--------------------------------------------------
First to ismt, cur time 0 s.
Final to yices2, cur time 960 s.
../../QF_NIA_split/QF_NIA_2_19//20170427-VeryMax/ITS/From_AProVE_2014__Test6.jar-obl-13__terminationS_22_0.smt2 : 1200044 ms.
--------------------------------------------------
First to ismt, cur time 0 s.
Final to yices2, cur time 962 s.
final yices2: unsat
../../QF_NIA_split/QF_NIA_2_19//20170427-VeryMax/ITS/From_AProVE_2014__Test6.jar-obl-13__terminationS_23_0.smt2 : 976071 ms.
--------------------------------------------------
First to ismt, cur time 0 s.
Final to yices2, cur time 961 s.
final yices2: unsat
../../QF_NIA_split/QF_NIA_2_19//20170427-VeryMax/ITS/From_AProVE_2014__Test6.jar-obl-13__terminationS_24_0.smt2 : 1027088 ms.
--------------------------------------------------
First to ismt, cur time 0 s.
Final to yices2, cur time 962 s.
final yices2: unsat
../../QF_NIA_split/QF_NIA_2_19//20170427-VeryMax/ITS/From_AProVE_2014__Test6.jar-obl-13__terminationS_25_0.smt2 : 1008011 ms.
--------------------------------------------------
First to ismt, cur time 0 s.
Final to yices2, cur time 961 s.
final yices2: unsat
../../QF_NIA_split/QF_NIA_2_19//20170427-VeryMax/ITS/From_AProVE_2014__Test6.jar-obl-13__terminationS_26_0.smt2 : 998982 ms.
--------------------------------------------------
First to ismt, cur time 0 s.
Final to yices2, cur time 962 s.
final yices2: unsat
../../QF_NIA_split/QF_NIA_2_19//20170427-VeryMax/ITS/From_AProVE_2014__Test6.jar-obl-13__terminationS_27_0.smt2 : 974989 ms.
--------------------------------------------------
First to ismt, cur time 0 s.
Final to yices2, cur time 962 s.
final yices2: unsat
../../QF_NIA_split/QF_NIA_2_19//20170427-VeryMax/ITS/From_AProVE_2014__Test6.jar-obl-13__terminationS_28_0.smt2 : 972843 ms.
--------------------------------------------------
First to ismt, cur time 0 s.
Final to yices2, cur time 961 s.
final yices2: unsat
../../QF_NIA_split/QF_NIA_2_19//20170427-VeryMax/ITS/From_AProVE_2014__Test6.jar-obl-13__terminationS_29_0.smt2 : 1016893 ms.
--------------------------------------------------
First to ismt, cur time 0 s.
Final to yices2, cur time 961 s.
final yices2: unsat
../../QF_NIA_split/QF_NIA_2_19//20170427-VeryMax/ITS/From_AProVE_2014__Test6.jar-obl-13__terminationS_30_0.smt2 : 995584 ms.
--------------------------------------------------
First to ismt, cur time 0 s.
Final to yices2, cur time 960 s.
final yices2: unsat
../../QF_NIA_split/QF_NIA_2_19//20170427-VeryMax/ITS/From_AProVE_2014__Test6.jar-obl-13__terminationS_3_0.smt2 : 999978 ms.
--------------------------------------------------
First to ismt, cur time 0 s.
Final to yices2, cur time 960 s.
final yices2: unsat
../../QF_NIA_split/QF_NIA_2_19//20170427-VeryMax/ITS/From_AProVE_2014__Test6.jar-obl-13__terminationS_31_0.smt2 : 977429 ms.
--------------------------------------------------
First to ismt, cur time 0 s.
Final to yices2, cur time 961 s.
final yices2: unsat
../../QF_NIA_split/QF_NIA_2_19//20170427-VeryMax/ITS/From_AProVE_2014__Test6.jar-obl-13__terminationS_32_0.smt2 : 1086377 ms.
--------------------------------------------------
First to ismt, cur time 0 s.
Final to yices2, cur time 961 s.
unknown
../../QF_NIA_split/QF_NIA_2_19//20170427-VeryMax/ITS/From_AProVE_2014__Test6.jar-obl-13__terminationS_33_0.smt2 : 1199922 ms.
--------------------------------------------------
First to ismt, cur time 0 s.
Final to yices2, cur time 961 s.
final yices2: unsat
../../QF_NIA_split/QF_NIA_2_19//20170427-VeryMax/ITS/From_AProVE_2014__Test6.jar-obl-13__terminationS_34_0.smt2 : 994178 ms.
--------------------------------------------------
First to ismt, cur time 0 s.
Final to yices2, cur time 960 s.
final yices2: unsat
../../QF_NIA_split/QF_NIA_2_19//20170427-VeryMax/ITS/From_AProVE_2014__Test6.jar-obl-13__terminationS_35_0.smt2 : 1017283 ms.
--------------------------------------------------
First to ismt, cur time 0 s.
Final to yices2, cur time 961 s.
final yices2: unsat
../../QF_NIA_split/QF_NIA_2_19//20170427-VeryMax/ITS/From_AProVE_2014__Test6.jar-obl-13__terminationS_36_0.smt2 : 992718 ms.
--------------------------------------------------
First to ismt, cur time 0 s.
Final to yices2, cur time 960 s.
final yices2: unsat
../../QF_NIA_split/QF_NIA_2_19//20170427-VeryMax/ITS/From_AProVE_2014__Test6.jar-obl-13__terminationS_37_0.smt2 : 994945 ms.
--------------------------------------------------
First to ismt, cur time 0 s.
Final to yices2, cur time 961 s.
final yices2: unsat
../../QF_NIA_split/QF_NIA_2_19//20170427-VeryMax/ITS/From_AProVE_2014__Test6.jar-obl-13__terminationS_38_0.smt2 : 979883 ms.
--------------------------------------------------
First to ismt, cur time 0 s.
Final to yices2, cur time 961 s.
final yices2: unsat
../../QF_NIA_split/QF_NIA_2_19//20170427-VeryMax/ITS/From_AProVE_2014__Test6.jar-obl-13__terminationS_39_0.smt2 : 982940 ms.
--------------------------------------------------
First to ismt, cur time 0 s.
Final to yices2, cur time 961 s.
final yices2: unsat
../../QF_NIA_split/QF_NIA_2_19//20170427-VeryMax/ITS/From_AProVE_2014__Test6.jar-obl-13__terminationS_40_0.smt2 : 1007775 ms.
--------------------------------------------------
First to ismt, cur time 0 s.
Final to yices2, cur time 960 s.
final yices2: unsat
../../QF_NIA_split/QF_NIA_2_19//20170427-VeryMax/ITS/From_AProVE_2014__Test6.jar-obl-13__terminationS_4_0.smt2 : 992484 ms.
--------------------------------------------------
First to ismt, cur time 0 s.
Final to yices2, cur time 962 s.
final yices2: unsat
../../QF_NIA_split/QF_NIA_2_19//20170427-VeryMax/ITS/From_AProVE_2014__Test6.jar-obl-13__terminationS_41_0.smt2 : 978219 ms.
--------------------------------------------------
First to ismt, cur time 0 s.
Final to yices2, cur time 962 s.
final yices2: unsat
../../QF_NIA_split/QF_NIA_2_19//20170427-VeryMax/ITS/From_AProVE_2014__Test6.jar-obl-13__terminationS_42_0.smt2 : 970508 ms.
--------------------------------------------------
First to ismt, cur time 0 s.
Final to yices2, cur time 961 s.
final yices2: unsat
../../QF_NIA_split/QF_NIA_2_19//20170427-VeryMax/ITS/From_AProVE_2014__Test6.jar-obl-13__terminationS_43_0.smt2 : 981931 ms.
--------------------------------------------------
First to ismt, cur time 0 s.
Final to yices2, cur time 965 s.
final yices2: unsat
../../QF_NIA_split/QF_NIA_2_19//20170427-VeryMax/ITS/From_AProVE_2014__Test6.jar-obl-13__terminationS_44_0.smt2 : 1042602 ms.
--------------------------------------------------
First to ismt, cur time 0 s.
Final to yices2, cur time 963 s.
final yices2: unsat
../../QF_NIA_split/QF_NIA_2_19//20170427-VeryMax/ITS/From_AProVE_2014__Test6.jar-obl-13__terminationS_45_0.smt2 : 1021963 ms.
--------------------------------------------------
First to ismt, cur time 0 s.
Final to yices2, cur time 962 s.
final yices2: unsat
../../QF_NIA_split/QF_NIA_2_19//20170427-VeryMax/ITS/From_AProVE_2014__Test6.jar-obl-13__terminationS_46_0.smt2 : 986348 ms.
--------------------------------------------------
First to ismt, cur time 0 s.
Final to yices2, cur time 961 s.
final yices2: unsat
../../QF_NIA_split/QF_NIA_2_19//20170427-VeryMax/ITS/From_AProVE_2014__Test6.jar-obl-13__terminationS_5_0.smt2 : 991579 ms.
--------------------------------------------------
First to ismt, cur time 0 s.
Final to yices2, cur time 961 s.
final yices2: unsat
../../QF_NIA_split/QF_NIA_2_19//20170427-VeryMax/ITS/From_AProVE_2014__Test6.jar-obl-13__terminationS_6_0.smt2 : 1023567 ms.
--------------------------------------------------
First to ismt, cur time 0 s.
Final to yices2, cur time 968 s.
final yices2: unsat
../../QF_NIA_split/QF_NIA_2_19//20170427-VeryMax/ITS/From_AProVE_2014__Test6.jar-obl-13__terminationS_7_0.smt2 : 1018545 ms.
--------------------------------------------------
First to ismt, cur time 0 s.
terminate called after throwing an instance of 'std::bad_alloc'
  what():  std::bad_alloc
timeout: the monitored command dumped core
terminate called after throwing an instance of 'std::bad_alloc'
  what():  std::bad_alloc
timeout: the monitored command dumped core
Final to yices2, cur time 1000 s.
../../QF_NIA_split/QF_NIA_2_19//20170427-VeryMax/ITS/From_AProVE_2014__Test6.jar-obl-13__terminationS_8_0.smt2 : 1200053 ms.
--------------------------------------------------
First to ismt, cur time 0 s.
Final to yices2, cur time 960 s.
final yices2: unsat
../../QF_NIA_split/QF_NIA_2_19//20170427-VeryMax/ITS/From_AProVE_2014__Test6.jar-obl-13__terminationS_9_0.smt2 : 980626 ms.
--------------------------------------------------
First to ismt, cur time 0 s.
ismt: sat (2 bits).
../../QF_NIA_split/QF_NIA_2_19//20170427-VeryMax/ITS/From_AProVE_2014__Test6.jar-obl-13__term_unfeasibility_3_0.smt2 : 201287 ms.
--------------------------------------------------
First to ismt, cur time 0 s.
ismt: sat (2 bits).
../../QF_NIA_split/QF_NIA_2_19//20170427-VeryMax/ITS/From_AProVE_2014__Test6.jar-obl-13__term_unfeasibility_4_0.smt2 : 217415 ms.
--------------------------------------------------
First to ismt, cur time 0 s.
Final to yices2, cur time 960 s.
final yices2: unsat
../../QF_NIA_split/QF_NIA_2_19//20170427-VeryMax/ITS/From_AProVE_2014__Test6.jar-obl-13__term_unfeasibility_5_0.smt2 : 1133285 ms.
--------------------------------------------------
First to ismt, cur time 0 s.
ismt: sat (2 bits).
../../QF_NIA_split/QF_NIA_2_19//20170427-VeryMax/ITS/From_AProVE_2014__Test7.jar-obl-11__p12888_terminationG_0.smt2 : 6283 ms.
--------------------------------------------------
First to ismt, cur time 0 s.
Final to yices2, cur time 62 s.
final yices2: unsat
../../QF_NIA_split/QF_NIA_2_19//20170427-VeryMax/ITS/From_AProVE_2014__Test7.jar-obl-11__p12894_safety_0.smt2 : 61848 ms.
--------------------------------------------------
First to ismt, cur time 0 s.
Final to yices2, cur time 960 s.
final yices2: unsat
../../QF_NIA_split/QF_NIA_2_19//20170427-VeryMax/ITS/From_AProVE_2014__Test7.jar-obl-11__p12895_safety_0.smt2 : 990295 ms.
--------------------------------------------------
First to ismt, cur time 0 s.
Final to yices2, cur time 961 s.
unknown
../../QF_NIA_split/QF_NIA_2_19//20170427-VeryMax/ITS/From_AProVE_2014__Test7.jar-obl-11__p12896_safety_0.smt2 : 1199485 ms.
--------------------------------------------------
First to ismt, cur time 0 s.
Final to yices2, cur time 98 s.
final yices2: unsat
../../QF_NIA_split/QF_NIA_2_19//20170427-VeryMax/ITS/From_AProVE_2014__Test7.jar-obl-11__p12902_safety_0.smt2 : 98721 ms.
--------------------------------------------------
First to ismt, cur time 0 s.
Final to yices2, cur time 960 s.
../../QF_NIA_split/QF_NIA_2_19//20170427-VeryMax/ITS/From_AProVE_2014__Test7.jar-obl-11__p12903_safety_0.smt2 : 1200040 ms.
--------------------------------------------------
First to ismt, cur time 0 s.
Final to yices2, cur time 960 s.
../../QF_NIA_split/QF_NIA_2_19//20170427-VeryMax/ITS/From_AProVE_2014__Test7.jar-obl-11__p12904_safety_0.smt2 : 1200045 ms.
--------------------------------------------------
First to ismt, cur time 0 s.
Final to yices2, cur time 75 s.
final yices2: unsat
../../QF_NIA_split/QF_NIA_2_19//20170427-VeryMax/ITS/From_AProVE_2014__Test7.jar-obl-11__p12911_safety_0.smt2 : 75782 ms.
--------------------------------------------------
First to ismt, cur time 0 s.
Final to yices2, cur time 960 s.
../../QF_NIA_split/QF_NIA_2_19//20170427-VeryMax/ITS/From_AProVE_2014__Test7.jar-obl-11__p12912_safety_0.smt2 : 1223228 ms.
--------------------------------------------------
First to ismt, cur time 0 s.
Final to yices2, cur time 964 s.
../../QF_NIA_split/QF_NIA_2_19//20170427-VeryMax/ITS/From_AProVE_2014__Test7.jar-obl-11__p12913_safety_0.smt2 : 1200841 ms.
--------------------------------------------------
First to ismt, cur time 0 s.
Final to yices2, cur time 65 s.
final yices2: unsat
../../QF_NIA_split/QF_NIA_2_19//20170427-VeryMax/ITS/From_AProVE_2014__Test7.jar-obl-11__p12919_safety_0.smt2 : 64966 ms.
--------------------------------------------------
First to ismt, cur time 0 s.
Final to yices2, cur time 960 s.
unknown
../../QF_NIA_split/QF_NIA_2_19//20170427-VeryMax/ITS/From_AProVE_2014__Test7.jar-obl-11__p12920_safety_0.smt2 : 1199946 ms.
--------------------------------------------------
First to ismt, cur time 0 s.
Final to yices2, cur time 960 s.
../../QF_NIA_split/QF_NIA_2_19//20170427-VeryMax/ITS/From_AProVE_2014__Test7.jar-obl-11__p12921_safety_0.smt2 : 1200072 ms.
--------------------------------------------------
First to ismt, cur time 0 s.
ismt: sat (2 bits).
../../QF_NIA_split/QF_NIA_2_19//20170427-VeryMax/ITS/From_AProVE_2014__Test7.jar-obl-11__p12926_terminationG_0.smt2 : 22384 ms.
--------------------------------------------------
First to ismt, cur time 0 s.
Final to yices2, cur time 109 s.
final yices2: unsat
../../QF_NIA_split/QF_NIA_2_19//20170427-VeryMax/ITS/From_AProVE_2014__Test7.jar-obl-11__p12927_safety_0.smt2 : 108429 ms.
--------------------------------------------------
First to ismt, cur time 0 s.
Final to yices2, cur time 961 s.
../../QF_NIA_split/QF_NIA_2_19//20170427-VeryMax/ITS/From_AProVE_2014__Test7.jar-obl-11__p12928_safety_0.smt2 : 1200028 ms.
--------------------------------------------------
First to ismt, cur time 0 s.
Final to yices2, cur time 960 s.
../../QF_NIA_split/QF_NIA_2_19//20170427-VeryMax/ITS/From_AProVE_2014__Test7.jar-obl-11__p12929_safety_0.smt2 : 1200045 ms.
--------------------------------------------------
First to ismt, cur time 0 s.
Final to yices2, cur time 961 s.
../../QF_NIA_split/QF_NIA_2_19//20170427-VeryMax/ITS/From_AProVE_2014__Test7.jar-obl-11__p12933_terminationG_0.smt2 : 1200875 ms.
--------------------------------------------------
First to ismt, cur time 0 s.
Final to yices2, cur time 960 s.
../../QF_NIA_split/QF_NIA_2_19//20170427-VeryMax/ITS/From_AProVE_2014__Test7.jar-obl-11__p12934_terminationG_0.smt2 : 1200291 ms.
--------------------------------------------------
First to ismt, cur time 0 s.
ismt: sat (2 bits).
../../QF_NIA_split/QF_NIA_2_19//20170427-VeryMax/ITS/From_AProVE_2014__Test7.jar-obl-11__p12937_edge_closing_0.smt2 : 7614 ms.
--------------------------------------------------
First to ismt, cur time 0 s.
ismt: sat (2 bits).
../../QF_NIA_split/QF_NIA_2_19//20170427-VeryMax/ITS/From_AProVE_2014__Test7.jar-obl-11__p12938_edge_closing_0.smt2 : 90747 ms.
--------------------------------------------------
First to ismt, cur time 0 s.
ismt: sat (2 bits).
../../QF_NIA_split/QF_NIA_2_19//20170427-VeryMax/ITS/From_AProVE_2014__Test7.jar-obl-11__p12939_edge_closing_0.smt2 : 229522 ms.
--------------------------------------------------
First to ismt, cur time 0 s.
ismt: sat (2 bits).
../../QF_NIA_split/QF_NIA_2_19//20170427-VeryMax/ITS/From_AProVE_2014__Test7.jar-obl-11__p12940_edge_closing_0.smt2 : 995 ms.
--------------------------------------------------
First to ismt, cur time 0 s.
ismt: sat (2 bits).
../../QF_NIA_split/QF_NIA_2_19//20170427-VeryMax/ITS/From_AProVE_2014__Test7.jar-obl-11__p12941_edge_closing_0.smt2 : 32258 ms.
--------------------------------------------------
First to ismt, cur time 0 s.
ismt: sat (2 bits).
../../QF_NIA_split/QF_NIA_2_19//20170427-VeryMax/ITS/From_AProVE_2014__Test7.jar-obl-11__p12942_edge_closing_0.smt2 : 397240 ms.
--------------------------------------------------
First to ismt, cur time 0 s.
Final to yices2, cur time 961 s.
../../QF_NIA_split/QF_NIA_2_19//20170427-VeryMax/ITS/From_AProVE_2014__Test7.jar-obl-11__p12943_edge_closing_0.smt2 : 1200029 ms.
--------------------------------------------------
First to ismt, cur time 0 s.
Final to yices2, cur time 960 s.
../../QF_NIA_split/QF_NIA_2_19//20170427-VeryMax/ITS/From_AProVE_2014__Test7.jar-obl-11__p12944_edge_closing_0.smt2 : 1202854 ms.
--------------------------------------------------
First to ismt, cur time 0 s.
Final to yices2, cur time 960 s.
../../QF_NIA_split/QF_NIA_2_19//20170427-VeryMax/ITS/From_AProVE_2014__Test7.jar-obl-11__p12945_edge_closing_0.smt2 : 1201908 ms.
--------------------------------------------------
First to ismt, cur time 0 s.
ismt: sat (2 bits).
../../QF_NIA_split/QF_NIA_2_19//20170427-VeryMax/ITS/From_AProVE_2014__Test8.jar-obl-12__p12954_terminationG_0.smt2 : 1354 ms.
--------------------------------------------------
First to ismt, cur time 0 s.
Final to yices2, cur time 960 s.
final yices2: unsat
../../QF_NIA_split/QF_NIA_2_19//20170427-VeryMax/ITS/From_AProVE_2014__TestJulia7.jar-obl-8__p12985_terminationG_0.smt2 : 960887 ms.
--------------------------------------------------
First to ismt, cur time 0 s.
Final to yices2, cur time 960 s.
final yices2: unsat
../../QF_NIA_split/QF_NIA_2_19//20170427-VeryMax/ITS/From_AProVE_2014__TestJulia7.jar-obl-8__p12986_terminationG_0.smt2 : 974487 ms.
--------------------------------------------------
First to ismt, cur time 0 s.
ismt: sat (2 bits).
../../QF_NIA_split/QF_NIA_2_19//20170427-VeryMax/ITS/From_AProVE_2014__TestJulia7.jar-obl-8__p12990_edge_closing_0.smt2 : 552 ms.
--------------------------------------------------
First to ismt, cur time 0 s.
Final to yices2, cur time 960 s.
final yices2: unsat
../../QF_NIA_split/QF_NIA_2_19//20170427-VeryMax/ITS/From_AProVE_2014__TriTas.jar-obl-12__p13013_terminationG_0.smt2 : 960473 ms.
--------------------------------------------------
First to ismt, cur time 0 s.
Final to yices2, cur time 960 s.
../../QF_NIA_split/QF_NIA_2_19//20170427-VeryMax/ITS/From_AProVE_2014__TriTas.jar-obl-12__p13014_terminationG_0.smt2 : 1200049 ms.
--------------------------------------------------
First to ismt, cur time 0 s.
Final to yices2, cur time 960 s.
unknown
../../QF_NIA_split/QF_NIA_2_19//20170427-VeryMax/ITS/From_AProVE_2014__TriTas.jar-obl-12__p13015_terminationG_0.smt2 : 1211631 ms.
--------------------------------------------------
First to ismt, cur time 0 s.
Final to yices2, cur time 960 s.
final yices2: unsat
../../QF_NIA_split/QF_NIA_2_19//20170427-VeryMax/ITS/From_AProVE_2014__TriTas.jar-obl-12__p13018_terminationG_0.smt2 : 960516 ms.
--------------------------------------------------
First to ismt, cur time 0 s.
Final to yices2, cur time 960 s.
unknown
../../QF_NIA_split/QF_NIA_2_19//20170427-VeryMax/ITS/From_AProVE_2014__TriTas.jar-obl-12__p13019_terminationG_0.smt2 : 1199912 ms.
--------------------------------------------------
First to ismt, cur time 0 s.
Final to yices2, cur time 960 s.
../../QF_NIA_split/QF_NIA_2_19//20170427-VeryMax/ITS/From_AProVE_2014__TriTas.jar-obl-12__p13020_terminationG_0.smt2 : 1200047 ms.
--------------------------------------------------
First to ismt, cur time 0 s.
Final to yices2, cur time 960 s.
final yices2: unsat
../../QF_NIA_split/QF_NIA_2_19//20170427-VeryMax/ITS/From_AProVE_2014__TriTas.jar-obl-12__p13023_terminationG_0.smt2 : 961329 ms.
--------------------------------------------------
First to ismt, cur time 0 s.
Final to yices2, cur time 960 s.
../../QF_NIA_split/QF_NIA_2_19//20170427-VeryMax/ITS/From_AProVE_2014__TriTas.jar-obl-12__p13024_terminationG_0.smt2 : 1204439 ms.
--------------------------------------------------
First to ismt, cur time 0 s.
Final to yices2, cur time 960 s.
../../QF_NIA_split/QF_NIA_2_19//20170427-VeryMax/ITS/From_AProVE_2014__TriTas.jar-obl-12__p13025_terminationG_0.smt2 : 1227580 ms.
--------------------------------------------------
First to ismt, cur time 0 s.
Final to yices2, cur time 960 s.
final yices2: unsat
../../QF_NIA_split/QF_NIA_2_19//20170427-VeryMax/ITS/From_AProVE_2014__TriTas.jar-obl-12__p13028_terminationG_0.smt2 : 960443 ms.
--------------------------------------------------
First to ismt, cur time 0 s.
Final to yices2, cur time 960 s.
../../QF_NIA_split/QF_NIA_2_19//20170427-VeryMax/ITS/From_AProVE_2014__TriTas.jar-obl-12__p13029_terminationG_0.smt2 : 1200034 ms.
--------------------------------------------------
First to ismt, cur time 0 s.
Final to yices2, cur time 960 s.
../../QF_NIA_split/QF_NIA_2_19//20170427-VeryMax/ITS/From_AProVE_2014__TriTas.jar-obl-12__p13030_terminationG_0.smt2 : 1200031 ms.
--------------------------------------------------
First to ismt, cur time 0 s.
Final to yices2, cur time 977 s.
final yices2: unsat
../../QF_NIA_split/QF_NIA_2_19//20170427-VeryMax/ITS/From_AProVE_2014__TriTas.jar-obl-12__p13033_terminationG_0.smt2 : 978089 ms.
--------------------------------------------------
First to ismt, cur time 0 s.
Final to yices2, cur time 960 s.
final yices2: unsat
../../QF_NIA_split/QF_NIA_2_19//20170427-VeryMax/ITS/From_AProVE_2014__TriTas.jar-obl-12__p13034_terminationG_0.smt2 : 982167 ms.
--------------------------------------------------
First to ismt, cur time 0 s.
Final to yices2, cur time 960 s.
../../QF_NIA_split/QF_NIA_2_19//20170427-VeryMax/ITS/From_AProVE_2014__TriTas.jar-obl-12__p13035_terminationG_0.smt2 : 1200059 ms.
--------------------------------------------------
First to ismt, cur time 0 s.
Final to yices2, cur time 960 s.
final yices2: unsat
../../QF_NIA_split/QF_NIA_2_19//20170427-VeryMax/ITS/From_AProVE_2014__TriTas.jar-obl-12__p13038_terminationG_0.smt2 : 960583 ms.
--------------------------------------------------
First to ismt, cur time 0 s.
Final to yices2, cur time 960 s.
../../QF_NIA_split/QF_NIA_2_19//20170427-VeryMax/ITS/From_AProVE_2014__TriTas.jar-obl-12__p13039_terminationG_0.smt2 : 1200048 ms.
--------------------------------------------------
First to ismt, cur time 0 s.
Final to yices2, cur time 960 s.
../../QF_NIA_split/QF_NIA_2_19//20170427-VeryMax/ITS/From_AProVE_2014__TriTas.jar-obl-12__p13040_terminationG_0.smt2 : 1200053 ms.
--------------------------------------------------
First to ismt, cur time 0 s.
ismt: sat (2 bits).
../../QF_NIA_split/QF_NIA_2_19//20170427-VeryMax/ITS/From_AProVE_2014__TriTas.jar-obl-12__p13043_edge_closing_0.smt2 : 3642 ms.
--------------------------------------------------
First to ismt, cur time 0 s.
Final to yices2, cur time 960 s.
../../QF_NIA_split/QF_NIA_2_19//20170427-VeryMax/ITS/From_AProVE_2014__TriTas.jar-obl-12__p13048_edge_closing_0.smt2 : 1200036 ms.
--------------------------------------------------
First to ismt, cur time 0 s.
Final to yices2, cur time 960 s.
final yices2: unsat
../../QF_NIA_split/QF_NIA_2_19//20170427-VeryMax/ITS/From_AProVE_2014__TriTas.jar-obl-12__terminationQ_5_0.smt2 : 961462 ms.
--------------------------------------------------
First to ismt, cur time 0 s.
Final to yices2, cur time 961 s.
unknown
../../QF_NIA_split/QF_NIA_2_19//20170427-VeryMax/ITS/From_AProVE_2014__TypeSwitch.jar-obl-8__p13081_terminationG_0.smt2 : 1199633 ms.
--------------------------------------------------
First to ismt, cur time 0 s.
Final to yices2, cur time 960 s.
unknown
../../QF_NIA_split/QF_NIA_2_19//20170427-VeryMax/ITS/From_AProVE_2014__TypeSwitch.jar-obl-8__p13082_terminationG_0.smt2 : 1203418 ms.
--------------------------------------------------
First to ismt, cur time 0 s.
ismt: sat (2 bits).
../../QF_NIA_split/QF_NIA_2_19//20170427-VeryMax/ITS/From_AProVE_2014__TypeSwitch.jar-obl-8__p13086_edge_closing_0.smt2 : 32533 ms.
--------------------------------------------------
First to ismt, cur time 0 s.
ismt: sat (2 bits).
../../QF_NIA_split/QF_NIA_2_19//20170427-VeryMax/ITS/From_AProVE_2014__TypeSwitch.jar-obl-8__p13087_edge_closing_0.smt2 : 52393 ms.
--------------------------------------------------
First to ismt, cur time 0 s.
ismt: sat (4 bits).
../../QF_NIA_split/QF_NIA_2_19//20170427-VeryMax/ITS/From_AProVE_2014__upAndDownIneq_rec.jar-obl-8__p13097_terminationG_0.smt2 : 98630 ms.
--------------------------------------------------
First to ismt, cur time 0 s.
ismt: sat (4 bits).
../../QF_NIA_split/QF_NIA_2_19//20170427-VeryMax/ITS/From_AProVE_2014__upAndDownIneq_rec.jar-obl-8__p13098_terminationG_0.smt2 : 620490 ms.
--------------------------------------------------
First to ismt, cur time 0 s.
Final to yices2, cur time 960 s.
final yices2: sat
../../QF_NIA_split/QF_NIA_2_19//20170427-VeryMax/ITS/From_AProVE_2014__upAndDownIneq_rec.jar-obl-8__p13099_terminationG_0.smt2 : 1177096 ms.
--------------------------------------------------
First to ismt, cur time 0 s.
ismt: sat (2 bits).
../../QF_NIA_split/QF_NIA_2_19//20170427-VeryMax/ITS/From_AProVE_2014__upAndDownIneq_rec.jar-obl-8__p13104_edge_closing_0.smt2 : 584453 ms.
--------------------------------------------------
First to ismt, cur time 0 s.
ismt: sat (2 bits).
../../QF_NIA_split/QF_NIA_2_19//20170427-VeryMax/ITS/From_AProVE_2014__upAndDownIneq_rec.jar-obl-8__p13111_edge_closing_0.smt2 : 63091 ms.
--------------------------------------------------
First to ismt, cur time 0 s.
ismt: sat (2 bits).
../../QF_NIA_split/QF_NIA_2_19//20170427-VeryMax/ITS/From_AProVE_2014__upAndDownIneq_rec.jar-obl-8__p13113_edge_closing_0.smt2 : 61285 ms.
--------------------------------------------------
First to ismt, cur time 0 s.
ismt: sat (2 bits).
../../QF_NIA_split/QF_NIA_2_19//20170427-VeryMax/ITS/From_AProVE_2014__upAndDownIneq_rec.jar-obl-8__p13117_edge_closing_0.smt2 : 83572 ms.
--------------------------------------------------
First to ismt, cur time 0 s.
ismt: sat (2 bits).
../../QF_NIA_split/QF_NIA_2_19//20170427-VeryMax/ITS/From_AProVE_2014__upAndDownIneq_rec.jar-obl-8__p13119_edge_closing_0.smt2 : 882974 ms.
--------------------------------------------------
First to ismt, cur time 0 s.
ismt: sat (2 bits).
../../QF_NIA_split/QF_NIA_2_19//20170427-VeryMax/ITS/From_AProVE_2014__upAndDownIneq_rec.jar-obl-8__p13122_edge_closing_0.smt2 : 65943 ms.
--------------------------------------------------
First to ismt, cur time 0 s.
ismt: sat (2 bits).
../../QF_NIA_split/QF_NIA_2_19//20170427-VeryMax/ITS/From_AProVE_2014__upAndDownIneq_rec.jar-obl-8__p13123_edge_closing_0.smt2 : 67409 ms.
--------------------------------------------------
First to ismt, cur time 0 s.
ismt: sat (2 bits).
../../QF_NIA_split/QF_NIA_2_19//20170427-VeryMax/ITS/From_AProVE_2014__upAndDownIneq_rec.jar-obl-8__p13128_edge_closing_0.smt2 : 29422 ms.
--------------------------------------------------
First to ismt, cur time 0 s.
ismt: sat (2 bits).
../../QF_NIA_split/QF_NIA_2_19//20170427-VeryMax/ITS/From_AProVE_2014__upAndDownIneq_rec.jar-obl-8__p13129_edge_closing_0.smt2 : 363731 ms.
--------------------------------------------------
First to ismt, cur time 0 s.
Final to yices2, cur time 960 s.
final yices2: unsat
../../QF_NIA_split/QF_NIA_2_19//20170427-VeryMax/ITS/From_AProVE_2014__upAndDownIneq_rec.jar-obl-8__terminationQ_0_0.smt2 : 967390 ms.
--------------------------------------------------
First to ismt, cur time 0 s.
Final to yices2, cur time 961 s.
final yices2: unsat
../../QF_NIA_split/QF_NIA_2_19//20170427-VeryMax/ITS/From_AProVE_2014__upAndDownIneq_rec.jar-obl-8__terminationS_0_0.smt2 : 961186 ms.
--------------------------------------------------
First to ismt, cur time 0 s.
Final to yices2, cur time 960 s.
final yices2: unsat
../../QF_NIA_split/QF_NIA_2_19//20170427-VeryMax/ITS/From_AProVE_2014__upAndDownIneq_rec.jar-obl-8__terminationS_1_0.smt2 : 966214 ms.
--------------------------------------------------
First to ismt, cur time 0 s.
Final to yices2, cur time 960 s.
final yices2: unsat
../../QF_NIA_split/QF_NIA_2_19//20170427-VeryMax/ITS/From_AProVE_2014__upAndDownIneq_rec.jar-obl-8__terminationS_2_0.smt2 : 974979 ms.
--------------------------------------------------
First to ismt, cur time 0 s.
Final to yices2, cur time 960 s.
final yices2: unsat
../../QF_NIA_split/QF_NIA_2_19//20170427-VeryMax/ITS/From_AProVE_2014__upAndDownIneq_rec.jar-obl-8__terminationS_3_0.smt2 : 965678 ms.
--------------------------------------------------
First to ismt, cur time 0 s.
Final to yices2, cur time 960 s.
final yices2: unsat
../../QF_NIA_split/QF_NIA_2_19//20170427-VeryMax/ITS/From_AProVE_2014__upAndDownIneq_rec.jar-obl-8__terminationS_4_0.smt2 : 960819 ms.
--------------------------------------------------
First to ismt, cur time 0 s.
Final to yices2, cur time 960 s.
final yices2: unsat
../../QF_NIA_split/QF_NIA_2_19//20170427-VeryMax/ITS/From_AProVE_2014__upAndDownIneq_rec.jar-obl-8__terminationS_5_0.smt2 : 969508 ms.
--------------------------------------------------
First to ismt, cur time 0 s.
Final to yices2, cur time 961 s.
final yices2: unsat
../../QF_NIA_split/QF_NIA_2_19//20170427-VeryMax/ITS/From_AProVE_2014__upAndDownIneq_rec.jar-obl-8__terminationS_6_0.smt2 : 962210 ms.
--------------------------------------------------
First to ismt, cur time 0 s.
Final to yices2, cur time 960 s.
final yices2: unsat
../../QF_NIA_split/QF_NIA_2_19//20170427-VeryMax/ITS/From_AProVE_2014__upAndDownIneq_rec.jar-obl-8__terminationS_7_0.smt2 : 967664 ms.
--------------------------------------------------
First to ismt, cur time 0 s.
Final to yices2, cur time 960 s.
final yices2: unsat
../../QF_NIA_split/QF_NIA_2_19//20170427-VeryMax/ITS/From_AProVE_2014__upAndDownIneq_rec.jar-obl-8__term_unfeasibility_0_0.smt2 : 973769 ms.
--------------------------------------------------
First to ismt, cur time 0 s.
ismt: sat (4 bits).
../../QF_NIA_split/QF_NIA_2_19//20170427-VeryMax/ITS/From_AProVE_2014__upAndDown_rec.jar-obl-8__p13136_terminationG_0.smt2 : 21899 ms.
--------------------------------------------------
First to ismt, cur time 0 s.
ismt: sat (4 bits).
../../QF_NIA_split/QF_NIA_2_19//20170427-VeryMax/ITS/From_AProVE_2014__upAndDown_rec.jar-obl-8__p13137_terminationG_0.smt2 : 776777 ms.
--------------------------------------------------
First to ismt, cur time 0 s.
Final to yices2, cur time 960 s.
final yices2: sat
../../QF_NIA_split/QF_NIA_2_19//20170427-VeryMax/ITS/From_AProVE_2014__upAndDown_rec.jar-obl-8__p13138_terminationG_0.smt2 : 1021118 ms.
--------------------------------------------------
First to ismt, cur time 0 s.
ismt: sat (2 bits).
../../QF_NIA_split/QF_NIA_2_19//20170427-VeryMax/ITS/From_AProVE_2014__upAndDown_rec.jar-obl-8__p13145_edge_closing_0.smt2 : 29311 ms.
--------------------------------------------------
First to ismt, cur time 0 s.
ismt: sat (2 bits).
../../QF_NIA_split/QF_NIA_2_19//20170427-VeryMax/ITS/From_AProVE_2014__upAndDown_rec.jar-obl-8__p13148_edge_closing_0.smt2 : 52593 ms.
--------------------------------------------------
First to ismt, cur time 0 s.
ismt: sat (2 bits).
../../QF_NIA_split/QF_NIA_2_19//20170427-VeryMax/ITS/From_AProVE_2014__upAndDown_rec.jar-obl-8__p13149_edge_closing_0.smt2 : 122171 ms.
--------------------------------------------------
First to ismt, cur time 0 s.
ismt: sat (2 bits).
../../QF_NIA_split/QF_NIA_2_19//20170427-VeryMax/ITS/From_AProVE_2014__upAndDown_rec.jar-obl-8__p13155_edge_closing_0.smt2 : 80709 ms.
--------------------------------------------------
First to ismt, cur time 0 s.
ismt: sat (2 bits).
../../QF_NIA_split/QF_NIA_2_19//20170427-VeryMax/ITS/From_AProVE_2014__upAndDown_rec.jar-obl-8__p13161_edge_closing_0.smt2 : 329337 ms.
--------------------------------------------------
First to ismt, cur time 0 s.
ismt: sat (4 bits).
../../QF_NIA_split/QF_NIA_2_19//20170427-VeryMax/ITS/From_AProVE_2014__upAndDown_rec.jar-obl-8__p13165_edge_closing_0.smt2 : 69471 ms.
--------------------------------------------------
First to ismt, cur time 0 s.
Final to yices2, cur time 967 s.
final yices2: sat
../../QF_NIA_split/QF_NIA_2_19//20170427-VeryMax/ITS/From_AProVE_2014__upAndDown_rec.jar-obl-8__p13166_edge_closing_0.smt2 : 1068844 ms.
--------------------------------------------------
First to ismt, cur time 0 s.
Final to yices2, cur time 960 s.
../../QF_NIA_split/QF_NIA_2_19//20170427-VeryMax/ITS/From_AProVE_2014__upAndDown_rec.jar-obl-8__p13167_edge_closing_0.smt2 : 1200058 ms.
--------------------------------------------------
First to ismt, cur time 0 s.
Final to yices2, cur time 960 s.
../../QF_NIA_split/QF_NIA_2_19//20170427-VeryMax/ITS/From_AProVE_2014__upAndDown_rec.jar-obl-8__terminationQ_0_0.smt2 : 1200056 ms.
--------------------------------------------------
First to ismt, cur time 0 s.
Final to yices2, cur time 960 s.
final yices2: unsat
../../QF_NIA_split/QF_NIA_2_19//20170427-VeryMax/ITS/From_AProVE_2014__upAndDown_rec.jar-obl-8__terminationS_0_0.smt2 : 961040 ms.
--------------------------------------------------
First to ismt, cur time 0 s.
Final to yices2, cur time 960 s.
final yices2: unsat
../../QF_NIA_split/QF_NIA_2_19//20170427-VeryMax/ITS/From_AProVE_2014__upAndDown_rec.jar-obl-8__terminationS_1_0.smt2 : 996138 ms.
--------------------------------------------------
First to ismt, cur time 0 s.
Final to yices2, cur time 960 s.
../../QF_NIA_split/QF_NIA_2_19//20170427-VeryMax/ITS/From_AProVE_2014__upAndDown_rec.jar-obl-8__terminationS_2_0.smt2 : 1200205 ms.
--------------------------------------------------
First to ismt, cur time 0 s.
Final to yices2, cur time 960 s.
../../QF_NIA_split/QF_NIA_2_19//20170427-VeryMax/ITS/From_AProVE_2014__upAndDown_rec.jar-obl-8__terminationS_3_0.smt2 : 1200171 ms.
--------------------------------------------------
First to ismt, cur time 0 s.
Final to yices2, cur time 970 s.
final yices2: unsat
../../QF_NIA_split/QF_NIA_2_19//20170427-VeryMax/ITS/From_AProVE_2014__upAndDown_rec.jar-obl-8__term_unfeasibility_0_0.smt2 : 1008513 ms.
--------------------------------------------------
First to ismt, cur time 0 s.
Final to yices2, cur time 961 s.
final yices2: unsat
../../QF_NIA_split/QF_NIA_2_19//20170427-VeryMax/ITS/From_AProVE_2014__Velroyen08-alternatingIncr.jar-obl-8__p13182_terminationG_0.smt2 : 962807 ms.
--------------------------------------------------
First to ismt, cur time 0 s.
Final to yices2, cur time 960 s.
unknown
../../QF_NIA_split/QF_NIA_2_19//20170427-VeryMax/ITS/From_AProVE_2014__Velroyen08-alternatingIncr.jar-obl-8__p13183_terminationG_0.smt2 : 1199417 ms.
--------------------------------------------------
First to ismt, cur time 0 s.
Final to yices2, cur time 960 s.
../../QF_NIA_split/QF_NIA_2_19//20170427-VeryMax/ITS/From_AProVE_2014__Velroyen08-alternatingIncr.jar-obl-8__p13184_terminationG_0.smt2 : 1200127 ms.
--------------------------------------------------
First to ismt, cur time 0 s.
Final to yices2, cur time 960 s.
final yices2: unsat
../../QF_NIA_split/QF_NIA_2_19//20170427-VeryMax/ITS/From_AProVE_2014__Velroyen08-alternDiv.jar-obl-8__p13199_terminationG_0.smt2 : 961659 ms.
--------------------------------------------------
First to ismt, cur time 0 s.
Final to yices2, cur time 961 s.
unknown
../../QF_NIA_split/QF_NIA_2_19//20170427-VeryMax/ITS/From_AProVE_2014__Velroyen08-alternDiv.jar-obl-8__p13200_terminationG_0.smt2 : 1200054 ms.
--------------------------------------------------
First to ismt, cur time 0 s.
Final to yices2, cur time 960 s.
final yices2: unsat
../../QF_NIA_split/QF_NIA_2_19//20170427-VeryMax/ITS/From_AProVE_2014__Velroyen08-alternDiv.jar-obl-8__p13203_edge_closing_0.smt2 : 962182 ms.
--------------------------------------------------
First to ismt, cur time 0 s.
Final to yices2, cur time 961 s.
final yices2: unsat
../../QF_NIA_split/QF_NIA_2_19//20170427-VeryMax/ITS/From_AProVE_2014__Velroyen08-alternDiv.jar-obl-8__p13204_edge_closing_0.smt2 : 1073318 ms.
--------------------------------------------------
First to ismt, cur time 0 s.
ismt: sat (2 bits).
../../QF_NIA_split/QF_NIA_2_19//20170427-VeryMax/ITS/From_AProVE_2014__Velroyen08-alternDivWide.jar-obl-8__p13217_terminationG_0.smt2 : 9645 ms.
--------------------------------------------------
First to ismt, cur time 0 s.
Final to yices2, cur time 960 s.
final yices2: unsat
../../QF_NIA_split/QF_NIA_2_19//20170427-VeryMax/ITS/From_AProVE_2014__Velroyen08-alternDivWidening.jar-obl-8__p13229_terminationG_0.smt2 : 962516 ms.
--------------------------------------------------
First to ismt, cur time 0 s.
ismt: sat (4 bits).
../../QF_NIA_split/QF_NIA_2_19//20170427-VeryMax/ITS/From_AProVE_2014__Velroyen08-alternDivWidening.jar-obl-8__p13230_terminationG_0.smt2 : 30929 ms.
--------------------------------------------------
First to ismt, cur time 0 s.
ismt: sat (4 bits).
../../QF_NIA_split/QF_NIA_2_19//20170427-VeryMax/ITS/From_AProVE_2014__Velroyen08-alternDivWidening.jar-obl-8__p13231_terminationG_0.smt2 : 25569 ms.
--------------------------------------------------
First to ismt, cur time 0 s.
Final to yices2, cur time 456 s.
final yices2: unsat
../../QF_NIA_split/QF_NIA_2_19//20170427-VeryMax/ITS/From_AProVE_2014__Velroyen08-alternDivWidening.jar-obl-8__p13234_terminationG_0.smt2 : 461852 ms.
--------------------------------------------------
First to ismt, cur time 0 s.
ismt: sat (4 bits).
../../QF_NIA_split/QF_NIA_2_19//20170427-VeryMax/ITS/From_AProVE_2014__Velroyen08-alternDivWidening.jar-obl-8__p13236_terminationG_0.smt2 : 25008 ms.
--------------------------------------------------
First to ismt, cur time 0 s.
Final to yices2, cur time 961 s.
final yices2: unsat
../../QF_NIA_split/QF_NIA_2_19//20170427-VeryMax/ITS/From_AProVE_2014__Velroyen08-alternDivWidening.jar-obl-8__p13239_terminationG_0.smt2 : 961243 ms.
--------------------------------------------------
First to ismt, cur time 0 s.
ismt: sat (4 bits).
../../QF_NIA_split/QF_NIA_2_19//20170427-VeryMax/ITS/From_AProVE_2014__Velroyen08-alternDivWidening.jar-obl-8__p13241_terminationG_0.smt2 : 66893 ms.
--------------------------------------------------
First to ismt, cur time 0 s.
Final to yices2, cur time 960 s.
final yices2: unsat
../../QF_NIA_split/QF_NIA_2_19//20170427-VeryMax/ITS/From_AProVE_2014__Velroyen08-alternDivWidening.jar-obl-8__p13245_terminationG_0.smt2 : 961783 ms.
--------------------------------------------------
First to ismt, cur time 0 s.
Final to yices2, cur time 964 s.
../../QF_NIA_split/QF_NIA_2_19//20170427-VeryMax/ITS/From_AProVE_2014__Velroyen08-alternDivWidening.jar-obl-8__p13246_terminationG_0.smt2 : 1225253 ms.
--------------------------------------------------
First to ismt, cur time 0 s.
Final to yices2, cur time 960 s.
../../QF_NIA_split/QF_NIA_2_19//20170427-VeryMax/ITS/From_AProVE_2014__Velroyen08-alternDivWidening.jar-obl-8__p13247_terminationG_0.smt2 : 1200054 ms.
--------------------------------------------------
First to ismt, cur time 0 s.
Final to yices2, cur time 960 s.
final yices2: unsat
../../QF_NIA_split/QF_NIA_2_19//20170427-VeryMax/ITS/From_AProVE_2014__Velroyen08-alternDivWidening.jar-obl-8__p13250_terminationG_0.smt2 : 960656 ms.
--------------------------------------------------
First to ismt, cur time 0 s.
Final to yices2, cur time 960 s.
unknown
../../QF_NIA_split/QF_NIA_2_19//20170427-VeryMax/ITS/From_AProVE_2014__Velroyen08-alternDivWidening.jar-obl-8__p13251_terminationG_0.smt2 : 1199931 ms.
--------------------------------------------------
First to ismt, cur time 0 s.
Final to yices2, cur time 960 s.
../../QF_NIA_split/QF_NIA_2_19//20170427-VeryMax/ITS/From_AProVE_2014__Velroyen08-alternDivWidening.jar-obl-8__p13252_terminationG_0.smt2 : 1200048 ms.
--------------------------------------------------
First to ismt, cur time 0 s.
ismt: sat (2 bits).
../../QF_NIA_split/QF_NIA_2_19//20170427-VeryMax/ITS/From_AProVE_2014__Velroyen08-alternDivWidening.jar-obl-8__p13255_edge_closing_0.smt2 : 1563 ms.
--------------------------------------------------
First to ismt, cur time 0 s.
ismt: sat (2 bits).
../../QF_NIA_split/QF_NIA_2_19//20170427-VeryMax/ITS/From_AProVE_2014__Velroyen08-alternDivWidening.jar-obl-8__p13256_edge_closing_0.smt2 : 20984 ms.
--------------------------------------------------
First to ismt, cur time 0 s.
Final to yices2, cur time 960 s.
../../QF_NIA_split/QF_NIA_2_19//20170427-VeryMax/ITS/From_AProVE_2014__Velroyen08-alternDivWidening.jar-obl-8__p13262_edge_closing_0.smt2 : 1200062 ms.
--------------------------------------------------
First to ismt, cur time 0 s.
Final to yices2, cur time 998 s.
../../QF_NIA_split/QF_NIA_2_19//20170427-VeryMax/ITS/From_AProVE_2014__Velroyen08-alternDivWidening.jar-obl-8__p13263_edge_closing_0.smt2 : 1200045 ms.
--------------------------------------------------
First to ismt, cur time 0 s.
Final to yices2, cur time 960 s.
final yices2: sat
../../QF_NIA_split/QF_NIA_2_19//20170427-VeryMax/ITS/From_AProVE_2014__Velroyen08-alternDivWidening.jar-obl-8__p13265_edge_closing_0.smt2 : 963156 ms.
--------------------------------------------------
First to ismt, cur time 0 s.
Final to yices2, cur time 960 s.
../../QF_NIA_split/QF_NIA_2_19//20170427-VeryMax/ITS/From_AProVE_2014__Velroyen08-alternDivWidening.jar-obl-8__p13266_edge_closing_0.smt2 : 1200061 ms.
--------------------------------------------------
First to ismt, cur time 0 s.
Final to yices2, cur time 961 s.
final yices2: unsat
../../QF_NIA_split/QF_NIA_2_19//20170427-VeryMax/ITS/From_AProVE_2014__Velroyen08-alternDivWidening.jar-obl-8__terminationQ_1_0.smt2 : 961417 ms.
--------------------------------------------------
First to ismt, cur time 0 s.
Final to yices2, cur time 960 s.
final yices2: unsat
../../QF_NIA_split/QF_NIA_2_19//20170427-VeryMax/ITS/From_AProVE_2014__Velroyen08-alternKonv.jar-obl-8__p13283_terminationG_0.smt2 : 960853 ms.
--------------------------------------------------
First to ismt, cur time 0 s.
Final to yices2, cur time 962 s.
final yices2: unsat
../../QF_NIA_split/QF_NIA_2_19//20170427-VeryMax/ITS/From_AProVE_2014__Velroyen08-alternKonv.jar-obl-8__p13293_terminationG_0.smt2 : 970119 ms.
--------------------------------------------------
First to ismt, cur time 0 s.
Final to yices2, cur time 960 s.
final yices2: unsat
../../QF_NIA_split/QF_NIA_2_19//20170427-VeryMax/ITS/From_AProVE_2014__Velroyen08-alternKonv.jar-obl-8__p13294_terminationG_0.smt2 : 961191 ms.
--------------------------------------------------
First to ismt, cur time 0 s.
Final to yices2, cur time 960 s.
final yices2: unsat
../../QF_NIA_split/QF_NIA_2_19//20170427-VeryMax/ITS/From_AProVE_2014__Velroyen08-alternKonv.jar-obl-8__p13295_terminationG_0.smt2 : 960787 ms.
--------------------------------------------------
First to ismt, cur time 0 s.
Final to yices2, cur time 960 s.
../../QF_NIA_split/QF_NIA_2_19//20170427-VeryMax/ITS/From_AProVE_2014__Velroyen08-alternKonv.jar-obl-8__p13298_edge_closing_0.smt2 : 1200032 ms.
--------------------------------------------------
First to ismt, cur time 0 s.
Final to yices2, cur time 961 s.
unknown
../../QF_NIA_split/QF_NIA_2_19//20170427-VeryMax/ITS/From_AProVE_2014__Velroyen08-alternKonv.jar-obl-8__p13299_edge_closing_0.smt2 : 1199455 ms.
--------------------------------------------------
First to ismt, cur time 0 s.
Final to yices2, cur time 960 s.
final yices2: unsat
../../QF_NIA_split/QF_NIA_2_19//20170427-VeryMax/ITS/From_AProVE_2014__Velroyen08-alternKonv.jar-obl-8__terminationQ_0_0.smt2 : 963645 ms.
--------------------------------------------------
First to ismt, cur time 0 s.
Final to yices2, cur time 960 s.
final yices2: unsat
../../QF_NIA_split/QF_NIA_2_19//20170427-VeryMax/ITS/From_AProVE_2014__Velroyen08-alternKonv.jar-obl-8__terminationS_1_0.smt2 : 965141 ms.
--------------------------------------------------
First to ismt, cur time 0 s.
Final to yices2, cur time 960 s.
final yices2: unsat
../../QF_NIA_split/QF_NIA_2_19//20170427-VeryMax/ITS/From_AProVE_2014__Velroyen08-collatz.jar-obl-8__p13315_terminationG_0.smt2 : 961364 ms.
--------------------------------------------------
First to ismt, cur time 0 s.
Final to yices2, cur time 960 s.
final yices2: unsat
../../QF_NIA_split/QF_NIA_2_19//20170427-VeryMax/ITS/From_AProVE_2014__Velroyen08-collatz.jar-obl-8__p13316_terminationG_0.smt2 : 966595 ms.
--------------------------------------------------
First to ismt, cur time 0 s.
Final to yices2, cur time 961 s.
unknown
../../QF_NIA_split/QF_NIA_2_19//20170427-VeryMax/ITS/From_AProVE_2014__Velroyen08-collatz.jar-obl-8__p13317_terminationG_0.smt2 : 1199987 ms.
--------------------------------------------------
First to ismt, cur time 0 s.
Final to yices2, cur time 962 s.
final yices2: unsat
../../QF_NIA_split/QF_NIA_2_19//20170427-VeryMax/ITS/From_AProVE_2014__Velroyen08-complInterv2.jar-obl-8__p13325_safety_0.smt2 : 966171 ms.
--------------------------------------------------
First to ismt, cur time 0 s.
Final to yices2, cur time 961 s.
unknown
../../QF_NIA_split/QF_NIA_2_19//20170427-VeryMax/ITS/From_AProVE_2014__Velroyen08-complInterv2.jar-obl-8__p13326_safety_0.smt2 : 1200041 ms.
--------------------------------------------------
First to ismt, cur time 0 s.
Final to yices2, cur time 400 s.
final yices2: unsat
../../QF_NIA_split/QF_NIA_2_19//20170427-VeryMax/ITS/From_AProVE_2014__Velroyen08-complInterv3.jar-obl-8__p13356_terminationG_0.smt2 : 405674 ms.
--------------------------------------------------
First to ismt, cur time 0 s.
Final to yices2, cur time 964 s.
final yices2: unsat
../../QF_NIA_split/QF_NIA_2_19//20170427-VeryMax/ITS/From_AProVE_2014__Velroyen08-complInterv3.jar-obl-8__p13357_terminationG_0.smt2 : 982113 ms.
--------------------------------------------------
First to ismt, cur time 0 s.
Final to yices2, cur time 960 s.
../../QF_NIA_split/QF_NIA_2_19//20170427-VeryMax/ITS/From_AProVE_2014__Velroyen08-complInterv3.jar-obl-8__p13358_terminationG_0.smt2 : 1200313 ms.
--------------------------------------------------
First to ismt, cur time 0 s.
Final to yices2, cur time 273 s.
final yices2: unsat
../../QF_NIA_split/QF_NIA_2_19//20170427-VeryMax/ITS/From_AProVE_2014__Velroyen08-complInterv3.jar-obl-8__p13361_terminationG_0.smt2 : 272746 ms.
--------------------------------------------------
First to ismt, cur time 0 s.
Final to yices2, cur time 960 s.
final yices2: unsat
../../QF_NIA_split/QF_NIA_2_19//20170427-VeryMax/ITS/From_AProVE_2014__Velroyen08-complInterv3.jar-obl-8__p13362_terminationG_0.smt2 : 961624 ms.
--------------------------------------------------
First to ismt, cur time 0 s.
Final to yices2, cur time 960 s.
../../QF_NIA_split/QF_NIA_2_19//20170427-VeryMax/ITS/From_AProVE_2014__Velroyen08-complInterv3.jar-obl-8__p13363_terminationG_0.smt2 : 1200050 ms.
--------------------------------------------------
First to ismt, cur time 0 s.
ismt: sat (4 bits).
../../QF_NIA_split/QF_NIA_2_19//20170427-VeryMax/ITS/From_AProVE_2014__Velroyen08-complInterv.jar-obl-8__p13400_terminationG_0.smt2 : 7381 ms.
--------------------------------------------------
First to ismt, cur time 0 s.
Final to yices2, cur time 629 s.
final yices2: unsat
../../QF_NIA_split/QF_NIA_2_19//20170427-VeryMax/ITS/From_AProVE_2014__Velroyen08-complInterv.jar-obl-8__p13403_terminationG_0.smt2 : 629203 ms.
--------------------------------------------------
First to ismt, cur time 0 s.
Final to yices2, cur time 960 s.
../../QF_NIA_split/QF_NIA_2_19//20170427-VeryMax/ITS/From_AProVE_2014__Velroyen08-complInterv.jar-obl-8__p13404_terminationG_0.smt2 : 1200050 ms.
--------------------------------------------------
First to ismt, cur time 0 s.
Final to yices2, cur time 960 s.
../../QF_NIA_split/QF_NIA_2_19//20170427-VeryMax/ITS/From_AProVE_2014__Velroyen08-complInterv.jar-obl-8__p13405_terminationG_0.smt2 : 1200072 ms.
--------------------------------------------------
First to ismt, cur time 0 s.
Final to yices2, cur time 593 s.
final yices2: unsat
../../QF_NIA_split/QF_NIA_2_19//20170427-VeryMax/ITS/From_AProVE_2014__Velroyen08-complInterv.jar-obl-8__p13409_terminationG_0.smt2 : 599115 ms.
--------------------------------------------------
First to ismt, cur time 0 s.
Final to yices2, cur time 961 s.
unknown
../../QF_NIA_split/QF_NIA_2_19//20170427-VeryMax/ITS/From_AProVE_2014__Velroyen08-complInterv.jar-obl-8__p13410_terminationG_0.smt2 : 1200044 ms.
--------------------------------------------------
First to ismt, cur time 0 s.
Final to yices2, cur time 960 s.
unknown
../../QF_NIA_split/QF_NIA_2_19//20170427-VeryMax/ITS/From_AProVE_2014__Velroyen08-complInterv.jar-obl-8__p13411_terminationG_0.smt2 : 1199876 ms.
--------------------------------------------------
First to ismt, cur time 0 s.
ismt: sat (2 bits).
../../QF_NIA_split/QF_NIA_2_19//20170427-VeryMax/ITS/From_AProVE_2014__Velroyen08-complxStruc.jar-obl-8__p13418_terminationG_0.smt2 : 770 ms.
--------------------------------------------------
First to ismt, cur time 0 s.
ismt: sat (2 bits).
../../QF_NIA_split/QF_NIA_2_19//20170427-VeryMax/ITS/From_AProVE_2014__Velroyen08-complxStruc.jar-obl-8__p13420_terminationG_0.smt2 : 3521 ms.
--------------------------------------------------
First to ismt, cur time 0 s.
ismt: sat (2 bits).
../../QF_NIA_split/QF_NIA_2_19//20170427-VeryMax/ITS/From_AProVE_2014__Velroyen08-complxStruc.jar-obl-8__p13423_terminationG_0.smt2 : 5172 ms.
--------------------------------------------------
First to ismt, cur time 0 s.
ismt: sat (2 bits).
../../QF_NIA_split/QF_NIA_2_19//20170427-VeryMax/ITS/From_AProVE_2014__Velroyen08-complxStruc.jar-obl-8__p13424_terminationG_0.smt2 : 24430 ms.
--------------------------------------------------
First to ismt, cur time 0 s.
ismt: sat (2 bits).
../../QF_NIA_split/QF_NIA_2_19//20170427-VeryMax/ITS/From_AProVE_2014__Velroyen08-complxStruc.jar-obl-8__p13425_terminationG_0.smt2 : 153299 ms.
--------------------------------------------------
First to ismt, cur time 0 s.
