--------------------------------------------------
unknown
../New_SAT_split/QF_NIA_2_10/20170427-VeryMax/ITS/From_AProVE_2014__juLinkedListCreateAddAllAt.jar-obl-17__p7629_terminationG_0.smt2 : 1085 ms.
--------------------------------------------------
unknown
../New_SAT_split/QF_NIA_2_10/20170427-VeryMax/ITS/From_AProVE_2014__juLinkedListCreateAddAllAt.jar-obl-17__p7630_terminationG_0.smt2 : 1137 ms.
--------------------------------------------------
unknown
../New_SAT_split/QF_NIA_2_10/20170427-VeryMax/ITS/From_AProVE_2014__juLinkedListCreateAddAllAt.jar-obl-17__p7631_terminationG_0.smt2 : 1170 ms.
--------------------------------------------------
sat
../New_SAT_split/QF_NIA_2_10/20170427-VeryMax/ITS/From_AProVE_2014__juLinkedListCreateAddAllAt.jar-obl-17__p7655_safety_0.smt2 : 34212 ms.
--------------------------------------------------
sat
../New_SAT_split/QF_NIA_2_10/20170427-VeryMax/ITS/From_AProVE_2014__juLinkedListCreateAddAllAt.jar-obl-17__p7657_safety_0.smt2 : 1994012 ms.
--------------------------------------------------
sat
../New_SAT_split/QF_NIA_2_10/20170427-VeryMax/ITS/From_AProVE_2014__juLinkedListCreateAddAllAt.jar-obl-17__p7658_safety_0.smt2 : 998909 ms.
--------------------------------------------------
unknown
../New_SAT_split/QF_NIA_2_10/20170427-VeryMax/ITS/From_AProVE_2014__juLinkedListCreateAddAllAt.jar-obl-17__p7661_safety_0.smt2 : 2400690 ms.
--------------------------------------------------
sat
../New_SAT_split/QF_NIA_2_10/20170427-VeryMax/ITS/From_AProVE_2014__juLinkedListCreateAddAllAt.jar-obl-17__p7662_safety_0.smt2 : 869518 ms.
--------------------------------------------------
../New_SAT_split/QF_NIA_2_10/20170427-VeryMax/ITS/From_AProVE_2014__juLinkedListCreateAddAllAt.jar-obl-17__p7665_safety_0.smt2 : 2401007 ms.
--------------------------------------------------
sat
../New_SAT_split/QF_NIA_2_10/20170427-VeryMax/ITS/From_AProVE_2014__juLinkedListCreateAddAllAt.jar-obl-17__p7669_safety_0.smt2 : 55088 ms.
--------------------------------------------------
sat
../New_SAT_split/QF_NIA_2_10/20170427-VeryMax/ITS/From_AProVE_2014__juLinkedListCreateAddAllAt.jar-obl-17__p7670_safety_0.smt2 : 302853 ms.
--------------------------------------------------
sat
../New_SAT_split/QF_NIA_2_10/20170427-VeryMax/ITS/From_AProVE_2014__juLinkedListCreateAddAllAt.jar-obl-17__p7671_safety_0.smt2 : 20467 ms.
--------------------------------------------------
sat
../New_SAT_split/QF_NIA_2_10/20170427-VeryMax/ITS/From_AProVE_2014__juLinkedListCreateAddAllAt.jar-obl-17__p7672_safety_0.smt2 : 1307463 ms.
--------------------------------------------------
sat
../New_SAT_split/QF_NIA_2_10/20170427-VeryMax/ITS/From_AProVE_2014__juLinkedListCreateAddAllAt.jar-obl-17__p7673_safety_0.smt2 : 15660 ms.
--------------------------------------------------
sat
../New_SAT_split/QF_NIA_2_10/20170427-VeryMax/ITS/From_AProVE_2014__juLinkedListCreateAddAllAt.jar-obl-17__p7674_safety_0.smt2 : 645051 ms.
--------------------------------------------------
sat
../New_SAT_split/QF_NIA_2_10/20170427-VeryMax/ITS/From_AProVE_2014__juLinkedListCreateAddAllAt.jar-obl-17__p7675_safety_0.smt2 : 10359 ms.
--------------------------------------------------
sat
../New_SAT_split/QF_NIA_2_10/20170427-VeryMax/ITS/From_AProVE_2014__juLinkedListCreateAddAllAt.jar-obl-17__p7676_safety_0.smt2 : 8309 ms.
--------------------------------------------------
sat
../New_SAT_split/QF_NIA_2_10/20170427-VeryMax/ITS/From_AProVE_2014__juLinkedListCreateAddAllAt.jar-obl-17__p7678_safety_0.smt2 : 355046 ms.
--------------------------------------------------
sat
../New_SAT_split/QF_NIA_2_10/20170427-VeryMax/ITS/From_AProVE_2014__juLinkedListCreateAddAllAt.jar-obl-17__p7679_safety_0.smt2 : 806136 ms.
--------------------------------------------------
unknown
../New_SAT_split/QF_NIA_2_10/20170427-VeryMax/ITS/From_AProVE_2014__juLinkedListCreateAddAllAt.jar-obl-17__p7680_safety_0.smt2 : 2400584 ms.
--------------------------------------------------
sat
../New_SAT_split/QF_NIA_2_10/20170427-VeryMax/ITS/From_AProVE_2014__juLinkedListCreateAddAllAt.jar-obl-17__p7682_safety_0.smt2 : 3876 ms.
--------------------------------------------------
unknown
../New_SAT_split/QF_NIA_2_10/20170427-VeryMax/ITS/From_AProVE_2014__juLinkedListCreateAddAllAt.jar-obl-17__p7683_safety_0.smt2 : 2400694 ms.
--------------------------------------------------
sat
../New_SAT_split/QF_NIA_2_10/20170427-VeryMax/ITS/From_AProVE_2014__juLinkedListCreateAddAllAt.jar-obl-17__p7685_safety_0.smt2 : 8367 ms.
--------------------------------------------------
sat
../New_SAT_split/QF_NIA_2_10/20170427-VeryMax/ITS/From_AProVE_2014__juLinkedListCreateAddAllAt.jar-obl-17__p7687_safety_0.smt2 : 46002 ms.
--------------------------------------------------
sat
../New_SAT_split/QF_NIA_2_10/20170427-VeryMax/ITS/From_AProVE_2014__juLinkedListCreateAddAllAt.jar-obl-17__p7689_safety_0.smt2 : 8433 ms.
--------------------------------------------------
sat
../New_SAT_split/QF_NIA_2_10/20170427-VeryMax/ITS/From_AProVE_2014__juLinkedListCreateAddAllAt.jar-obl-17__p7690_safety_0.smt2 : 10231 ms.
--------------------------------------------------
sat
../New_SAT_split/QF_NIA_2_10/20170427-VeryMax/ITS/From_AProVE_2014__juLinkedListCreateAddAllAt.jar-obl-17__p7691_safety_0.smt2 : 9205 ms.
--------------------------------------------------
sat
../New_SAT_split/QF_NIA_2_10/20170427-VeryMax/ITS/From_AProVE_2014__juLinkedListCreateAddAllAt.jar-obl-17__p7692_safety_0.smt2 : 15871 ms.
--------------------------------------------------
sat
../New_SAT_split/QF_NIA_2_10/20170427-VeryMax/ITS/From_AProVE_2014__juLinkedListCreateAddAllAt.jar-obl-17__p7693_safety_0.smt2 : 183337 ms.
--------------------------------------------------
sat
../New_SAT_split/QF_NIA_2_10/20170427-VeryMax/ITS/From_AProVE_2014__juLinkedListCreateAddAllAt.jar-obl-17__p7694_safety_0.smt2 : 12919 ms.
--------------------------------------------------
sat
../New_SAT_split/QF_NIA_2_10/20170427-VeryMax/ITS/From_AProVE_2014__juLinkedListCreateAddAllAt.jar-obl-17__p7695_safety_0.smt2 : 279315 ms.
--------------------------------------------------
unknown
../New_SAT_split/QF_NIA_2_10/20170427-VeryMax/ITS/From_AProVE_2014__juLinkedListCreateAddAllAt.jar-obl-17__p7698_safety_0.smt2 : 2400658 ms.
--------------------------------------------------
sat
../New_SAT_split/QF_NIA_2_10/20170427-VeryMax/ITS/From_AProVE_2014__juLinkedListCreateAddAllAt.jar-obl-17__p7699_safety_0.smt2 : 981344 ms.
--------------------------------------------------
sat
../New_SAT_split/QF_NIA_2_10/20170427-VeryMax/ITS/From_AProVE_2014__juLinkedListCreateAddAllAt.jar-obl-17__p7700_safety_0.smt2 : 61419 ms.
--------------------------------------------------
sat
../New_SAT_split/QF_NIA_2_10/20170427-VeryMax/ITS/From_AProVE_2014__juLinkedListCreateAddAllAt.jar-obl-17__p7703_safety_0.smt2 : 162782 ms.
--------------------------------------------------
sat
../New_SAT_split/QF_NIA_2_10/20170427-VeryMax/ITS/From_AProVE_2014__juLinkedListCreateAddAllAt.jar-obl-17__p7704_safety_0.smt2 : 202615 ms.
--------------------------------------------------
sat
../New_SAT_split/QF_NIA_2_10/20170427-VeryMax/ITS/From_AProVE_2014__juLinkedListCreateAddAllAt.jar-obl-17__p7706_safety_0.smt2 : 646913 ms.
--------------------------------------------------
sat
../New_SAT_split/QF_NIA_2_10/20170427-VeryMax/ITS/From_AProVE_2014__juLinkedListCreateAddAllAt.jar-obl-17__p7708_safety_0.smt2 : 47993 ms.
--------------------------------------------------
sat
../New_SAT_split/QF_NIA_2_10/20170427-VeryMax/ITS/From_AProVE_2014__juLinkedListCreateAddAllAt.jar-obl-17__p7709_safety_0.smt2 : 4173 ms.
--------------------------------------------------
unknown
../New_SAT_split/QF_NIA_2_10/20170427-VeryMax/ITS/From_AProVE_2014__juLinkedListCreateAddAllAt.jar-obl-17__p7710_safety_0.smt2 : 252 ms.
--------------------------------------------------
unknown
../New_SAT_split/QF_NIA_2_10/20170427-VeryMax/ITS/From_AProVE_2014__juLinkedListCreateAddAllAt.jar-obl-17__p7711_safety_0.smt2 : 201 ms.
--------------------------------------------------
sat
../New_SAT_split/QF_NIA_2_10/20170427-VeryMax/ITS/From_AProVE_2014__juLinkedListCreateAddAllAt.jar-obl-17__p7712_safety_0.smt2 : 348729 ms.
--------------------------------------------------
unknown
../New_SAT_split/QF_NIA_2_10/20170427-VeryMax/ITS/From_AProVE_2014__juLinkedListCreateAddAllAt.jar-obl-17__p7713_safety_0.smt2 : 290 ms.
--------------------------------------------------
unknown
../New_SAT_split/QF_NIA_2_10/20170427-VeryMax/ITS/From_AProVE_2014__juLinkedListCreateAddAllAt.jar-obl-17__p7714_safety_0.smt2 : 324 ms.
--------------------------------------------------
unknown
../New_SAT_split/QF_NIA_2_10/20170427-VeryMax/ITS/From_AProVE_2014__juLinkedListCreateAddAllAt.jar-obl-17__p7716_safety_0.smt2 : 374 ms.
--------------------------------------------------
unknown
../New_SAT_split/QF_NIA_2_10/20170427-VeryMax/ITS/From_AProVE_2014__juLinkedListCreateAddAllAt.jar-obl-17__p7717_safety_0.smt2 : 386 ms.
--------------------------------------------------
unknown
../New_SAT_split/QF_NIA_2_10/20170427-VeryMax/ITS/From_AProVE_2014__juLinkedListCreateAddAllAt.jar-obl-17__p7719_safety_0.smt2 : 350 ms.
--------------------------------------------------
unknown
../New_SAT_split/QF_NIA_2_10/20170427-VeryMax/ITS/From_AProVE_2014__juLinkedListCreateAddAllAt.jar-obl-17__p7720_safety_0.smt2 : 370 ms.
--------------------------------------------------
unknown
../New_SAT_split/QF_NIA_2_10/20170427-VeryMax/ITS/From_AProVE_2014__juLinkedListCreateAddAllAt.jar-obl-17__p7721_safety_0.smt2 : 381 ms.
--------------------------------------------------
unknown
../New_SAT_split/QF_NIA_2_10/20170427-VeryMax/ITS/From_AProVE_2014__juLinkedListCreateAddAllAt.jar-obl-17__p7722_safety_0.smt2 : 254 ms.
--------------------------------------------------
unknown
../New_SAT_split/QF_NIA_2_10/20170427-VeryMax/ITS/From_AProVE_2014__juLinkedListCreateAddAllAt.jar-obl-17__p7725_safety_0.smt2 : 332 ms.
--------------------------------------------------
sat
../New_SAT_split/QF_NIA_2_10/20170427-VeryMax/ITS/From_AProVE_2014__juLinkedListCreateAddAllAt.jar-obl-17__p7726_safety_0.smt2 : 28044 ms.
--------------------------------------------------
unknown
../New_SAT_split/QF_NIA_2_10/20170427-VeryMax/ITS/From_AProVE_2014__juLinkedListCreateAddAllAt.jar-obl-17__p7727_safety_0.smt2 : 360 ms.
--------------------------------------------------
sat
../New_SAT_split/QF_NIA_2_10/20170427-VeryMax/ITS/From_AProVE_2014__juLinkedListCreateAddAllAt.jar-obl-17__p7729_safety_0.smt2 : 1114119 ms.
--------------------------------------------------
unknown
../New_SAT_split/QF_NIA_2_10/20170427-VeryMax/ITS/From_AProVE_2014__juLinkedListCreateAddAllAt.jar-obl-17__p7731_safety_0.smt2 : 1291 ms.
--------------------------------------------------
sat
../New_SAT_split/QF_NIA_2_10/20170427-VeryMax/ITS/From_AProVE_2014__juLinkedListCreateAddAllAt.jar-obl-17__p7732_safety_0.smt2 : 41232 ms.
--------------------------------------------------
sat
../New_SAT_split/QF_NIA_2_10/20170427-VeryMax/ITS/From_AProVE_2014__juLinkedListCreateAddAllAt.jar-obl-17__p7733_safety_0.smt2 : 1280139 ms.
--------------------------------------------------
sat
../New_SAT_split/QF_NIA_2_10/20170427-VeryMax/ITS/From_AProVE_2014__juLinkedListCreateAddAllAt.jar-obl-17__p7734_safety_0.smt2 : 1881953 ms.
--------------------------------------------------
unknown
../New_SAT_split/QF_NIA_2_10/20170427-VeryMax/ITS/From_AProVE_2014__juLinkedListCreateAddAllAt.jar-obl-17__p7735_safety_0.smt2 : 1098 ms.
--------------------------------------------------
sat
../New_SAT_split/QF_NIA_2_10/20170427-VeryMax/ITS/From_AProVE_2014__juLinkedListCreateAddAllAt.jar-obl-17__p7737_safety_0.smt2 : 191597 ms.
--------------------------------------------------
sat
../New_SAT_split/QF_NIA_2_10/20170427-VeryMax/ITS/From_AProVE_2014__juLinkedListCreateAddAllAt.jar-obl-17__p7738_safety_0.smt2 : 7008 ms.
--------------------------------------------------
sat
../New_SAT_split/QF_NIA_2_10/20170427-VeryMax/ITS/From_AProVE_2014__juLinkedListCreateAddAllAt.jar-obl-17__p7739_safety_0.smt2 : 105903 ms.
--------------------------------------------------
sat
../New_SAT_split/QF_NIA_2_10/20170427-VeryMax/ITS/From_AProVE_2014__juLinkedListCreateAddAllAt.jar-obl-17__p7740_safety_0.smt2 : 150635 ms.
--------------------------------------------------
sat
../New_SAT_split/QF_NIA_2_10/20170427-VeryMax/ITS/From_AProVE_2014__juLinkedListCreateAddAllAt.jar-obl-17__p7741_safety_0.smt2 : 224783 ms.
--------------------------------------------------
unknown
../New_SAT_split/QF_NIA_2_10/20170427-VeryMax/ITS/From_AProVE_2014__juLinkedListCreateAddAllAt.jar-obl-17__p7742_safety_0.smt2 : 268 ms.
--------------------------------------------------
unknown
../New_SAT_split/QF_NIA_2_10/20170427-VeryMax/ITS/From_AProVE_2014__juLinkedListCreateAddAllAt.jar-obl-17__p7743_safety_0.smt2 : 392 ms.
--------------------------------------------------
unknown
../New_SAT_split/QF_NIA_2_10/20170427-VeryMax/ITS/From_AProVE_2014__juLinkedListCreateAddAllAt.jar-obl-17__p7744_safety_0.smt2 : 392 ms.
--------------------------------------------------
sat
../New_SAT_split/QF_NIA_2_10/20170427-VeryMax/ITS/From_AProVE_2014__juLinkedListCreateAddAllAt.jar-obl-17__p7745_safety_0.smt2 : 5192 ms.
--------------------------------------------------
sat
../New_SAT_split/QF_NIA_2_10/20170427-VeryMax/ITS/From_AProVE_2014__juLinkedListCreateAddAllAt.jar-obl-17__p7748_safety_0.smt2 : 244148 ms.
--------------------------------------------------
sat
../New_SAT_split/QF_NIA_2_10/20170427-VeryMax/ITS/From_AProVE_2014__juLinkedListCreateAddAllAt.jar-obl-17__p7749_safety_0.smt2 : 16716 ms.
--------------------------------------------------
sat
../New_SAT_split/QF_NIA_2_10/20170427-VeryMax/ITS/From_AProVE_2014__juLinkedListCreateAddAllAt.jar-obl-17__p7750_safety_0.smt2 : 205633 ms.
--------------------------------------------------
sat
../New_SAT_split/QF_NIA_2_10/20170427-VeryMax/ITS/From_AProVE_2014__juLinkedListCreateAddAllAt.jar-obl-17__p7752_safety_0.smt2 : 67535 ms.
--------------------------------------------------
sat
../New_SAT_split/QF_NIA_2_10/20170427-VeryMax/ITS/From_AProVE_2014__juLinkedListCreateAddAllAt.jar-obl-17__p7753_safety_0.smt2 : 68191 ms.
--------------------------------------------------
sat
../New_SAT_split/QF_NIA_2_10/20170427-VeryMax/ITS/From_AProVE_2014__juLinkedListCreateAddAllAt.jar-obl-17__p7754_safety_0.smt2 : 923448 ms.
--------------------------------------------------
sat
../New_SAT_split/QF_NIA_2_10/20170427-VeryMax/ITS/From_AProVE_2014__juLinkedListCreateAddAllAt.jar-obl-17__p7756_safety_0.smt2 : 1035120 ms.
--------------------------------------------------
sat
../New_SAT_split/QF_NIA_2_10/20170427-VeryMax/ITS/From_AProVE_2014__juLinkedListCreateAddAllAt.jar-obl-17__p7757_safety_0.smt2 : 1543137 ms.
--------------------------------------------------
unknown
../New_SAT_split/QF_NIA_2_10/20170427-VeryMax/ITS/From_AProVE_2014__juLinkedListCreateAddAllAt.jar-obl-17__p7758_safety_0.smt2 : 1260 ms.
--------------------------------------------------
unknown
../New_SAT_split/QF_NIA_2_10/20170427-VeryMax/ITS/From_AProVE_2014__juLinkedListCreateAddAllAt.jar-obl-17__p7759_safety_0.smt2 : 1162 ms.
--------------------------------------------------
sat
../New_SAT_split/QF_NIA_2_10/20170427-VeryMax/ITS/From_AProVE_2014__juLinkedListCreateAddAllAt.jar-obl-17__p7760_safety_0.smt2 : 4519 ms.
--------------------------------------------------
sat
../New_SAT_split/QF_NIA_2_10/20170427-VeryMax/ITS/From_AProVE_2014__juLinkedListCreateAddAllAt.jar-obl-17__p7761_safety_0.smt2 : 63511 ms.
--------------------------------------------------
sat
../New_SAT_split/QF_NIA_2_10/20170427-VeryMax/ITS/From_AProVE_2014__juLinkedListCreateAddAllAt.jar-obl-17__p7763_safety_0.smt2 : 117319 ms.
--------------------------------------------------
sat
../New_SAT_split/QF_NIA_2_10/20170427-VeryMax/ITS/From_AProVE_2014__juLinkedListCreateAddAllAt.jar-obl-17__p7764_safety_0.smt2 : 47864 ms.
--------------------------------------------------
sat
../New_SAT_split/QF_NIA_2_10/20170427-VeryMax/ITS/From_AProVE_2014__juLinkedListCreateAddAllAt.jar-obl-17__p7766_safety_0.smt2 : 69730 ms.
--------------------------------------------------
sat
../New_SAT_split/QF_NIA_2_10/20170427-VeryMax/ITS/From_AProVE_2014__juLinkedListCreateAddAllAt.jar-obl-17__p7768_safety_0.smt2 : 384133 ms.
--------------------------------------------------
sat
../New_SAT_split/QF_NIA_2_10/20170427-VeryMax/ITS/From_AProVE_2014__juLinkedListCreateAddAllAt.jar-obl-17__p7769_safety_0.smt2 : 395165 ms.
--------------------------------------------------
unknown
../New_SAT_split/QF_NIA_2_10/20170427-VeryMax/ITS/From_AProVE_2014__juLinkedListCreateAddAllAt.jar-obl-17__p7771_safety_0.smt2 : 1098 ms.
--------------------------------------------------
sat
../New_SAT_split/QF_NIA_2_10/20170427-VeryMax/ITS/From_AProVE_2014__juLinkedListCreateAddAllAt.jar-obl-17__p7772_safety_0.smt2 : 5814 ms.
--------------------------------------------------
sat
../New_SAT_split/QF_NIA_2_10/20170427-VeryMax/ITS/From_AProVE_2014__juLinkedListCreateAddAllAt.jar-obl-17__p7773_safety_0.smt2 : 77431 ms.
--------------------------------------------------
sat
../New_SAT_split/QF_NIA_2_10/20170427-VeryMax/ITS/From_AProVE_2014__juLinkedListCreateAddAllAt.jar-obl-17__p7774_safety_0.smt2 : 158718 ms.
--------------------------------------------------
sat
../New_SAT_split/QF_NIA_2_10/20170427-VeryMax/ITS/From_AProVE_2014__juLinkedListCreateAddAllAt.jar-obl-17__p7775_safety_0.smt2 : 911831 ms.
--------------------------------------------------
sat
../New_SAT_split/QF_NIA_2_10/20170427-VeryMax/ITS/From_AProVE_2014__juLinkedListCreateAddAllAt.jar-obl-17__p7777_safety_0.smt2 : 366435 ms.
--------------------------------------------------
sat
../New_SAT_split/QF_NIA_2_10/20170427-VeryMax/ITS/From_AProVE_2014__juLinkedListCreateAddAllAt.jar-obl-17__p7778_safety_0.smt2 : 46387 ms.
--------------------------------------------------
unknown
../New_SAT_split/QF_NIA_2_10/20170427-VeryMax/ITS/From_AProVE_2014__juLinkedListCreateAddAllAt.jar-obl-17__p7779_safety_0.smt2 : 1457 ms.
--------------------------------------------------
sat
../New_SAT_split/QF_NIA_2_10/20170427-VeryMax/ITS/From_AProVE_2014__juLinkedListCreateAddAllAt.jar-obl-17__p7780_safety_0.smt2 : 815963 ms.
--------------------------------------------------
sat
../New_SAT_split/QF_NIA_2_10/20170427-VeryMax/ITS/From_AProVE_2014__juLinkedListCreateAddAllAt.jar-obl-17__p7782_safety_0.smt2 : 24485 ms.
--------------------------------------------------
sat
../New_SAT_split/QF_NIA_2_10/20170427-VeryMax/ITS/From_AProVE_2014__juLinkedListCreateAddAllAt.jar-obl-17__p7783_safety_0.smt2 : 35770 ms.
--------------------------------------------------
sat
../New_SAT_split/QF_NIA_2_10/20170427-VeryMax/ITS/From_AProVE_2014__juLinkedListCreateAddAllAt.jar-obl-17__p7784_safety_0.smt2 : 1367850 ms.
--------------------------------------------------
sat
../New_SAT_split/QF_NIA_2_10/20170427-VeryMax/ITS/From_AProVE_2014__juLinkedListCreateAddAllAt.jar-obl-17__p7785_safety_0.smt2 : 1160694 ms.
--------------------------------------------------
unknown
../New_SAT_split/QF_NIA_2_10/20170427-VeryMax/ITS/From_AProVE_2014__juLinkedListCreateAddAllAt.jar-obl-17__p7786_safety_0.smt2 : 1444 ms.
--------------------------------------------------
sat
../New_SAT_split/QF_NIA_2_10/20170427-VeryMax/ITS/From_AProVE_2014__juLinkedListCreateAddAllAt.jar-obl-17__p7787_safety_0.smt2 : 30626 ms.
--------------------------------------------------
sat
../New_SAT_split/QF_NIA_2_10/20170427-VeryMax/ITS/From_AProVE_2014__juLinkedListCreateAddAllAt.jar-obl-17__p7788_safety_0.smt2 : 5640 ms.
--------------------------------------------------
sat
../New_SAT_split/QF_NIA_2_10/20170427-VeryMax/ITS/From_AProVE_2014__juLinkedListCreateAddAllAt.jar-obl-17__p7789_safety_0.smt2 : 1668735 ms.
--------------------------------------------------
unknown
../New_SAT_split/QF_NIA_2_10/20170427-VeryMax/ITS/From_AProVE_2014__juLinkedListCreateAddAllAt.jar-obl-17__p7790_safety_0.smt2 : 1054 ms.
--------------------------------------------------
sat
../New_SAT_split/QF_NIA_2_10/20170427-VeryMax/ITS/From_AProVE_2014__juLinkedListCreateAddAllAt.jar-obl-17__p7791_safety_0.smt2 : 82930 ms.
--------------------------------------------------
sat
../New_SAT_split/QF_NIA_2_10/20170427-VeryMax/ITS/From_AProVE_2014__juLinkedListCreateAddAllAt.jar-obl-17__p7792_safety_0.smt2 : 8774 ms.
--------------------------------------------------
sat
../New_SAT_split/QF_NIA_2_10/20170427-VeryMax/ITS/From_AProVE_2014__juLinkedListCreateAddAllAt.jar-obl-17__p7793_safety_0.smt2 : 120121 ms.
--------------------------------------------------
sat
../New_SAT_split/QF_NIA_2_10/20170427-VeryMax/ITS/From_AProVE_2014__juLinkedListCreateAddAllAt.jar-obl-17__p7794_safety_0.smt2 : 339759 ms.
--------------------------------------------------
unknown
../New_SAT_split/QF_NIA_2_10/20170427-VeryMax/ITS/From_AProVE_2014__juLinkedListCreateAddAllAt.jar-obl-17__p7795_safety_0.smt2 : 2400673 ms.
--------------------------------------------------
sat
../New_SAT_split/QF_NIA_2_10/20170427-VeryMax/ITS/From_AProVE_2014__juLinkedListCreateAddAllAt.jar-obl-17__p7796_safety_0.smt2 : 4841 ms.
--------------------------------------------------
sat
../New_SAT_split/QF_NIA_2_10/20170427-VeryMax/ITS/From_AProVE_2014__juLinkedListCreateAddAllAt.jar-obl-17__p7797_safety_0.smt2 : 30586 ms.
--------------------------------------------------
sat
../New_SAT_split/QF_NIA_2_10/20170427-VeryMax/ITS/From_AProVE_2014__juLinkedListCreateAddAllAt.jar-obl-17__p7798_safety_0.smt2 : 114500 ms.
--------------------------------------------------
sat
../New_SAT_split/QF_NIA_2_10/20170427-VeryMax/ITS/From_AProVE_2014__juLinkedListCreateAddAllAt.jar-obl-17__p7799_safety_0.smt2 : 597597 ms.
--------------------------------------------------
unknown
../New_SAT_split/QF_NIA_2_10/20170427-VeryMax/ITS/From_AProVE_2014__juLinkedListCreateAddAllAt.jar-obl-17__p7800_safety_0.smt2 : 2400575 ms.
--------------------------------------------------
sat
../New_SAT_split/QF_NIA_2_10/20170427-VeryMax/ITS/From_AProVE_2014__juLinkedListCreateAddAllAt.jar-obl-17__p7801_safety_0.smt2 : 335477 ms.
--------------------------------------------------
sat
../New_SAT_split/QF_NIA_2_10/20170427-VeryMax/ITS/From_AProVE_2014__juLinkedListCreateAddAllAt.jar-obl-17__p7802_safety_0.smt2 : 30561 ms.
--------------------------------------------------
sat
../New_SAT_split/QF_NIA_2_10/20170427-VeryMax/ITS/From_AProVE_2014__juLinkedListCreateAddAllAt.jar-obl-17__p7803_safety_0.smt2 : 1249560 ms.
--------------------------------------------------
unknown
../New_SAT_split/QF_NIA_2_10/20170427-VeryMax/ITS/From_AProVE_2014__juLinkedListCreateAddAllAt.jar-obl-17__p7804_safety_0.smt2 : 1293 ms.
--------------------------------------------------
sat
../New_SAT_split/QF_NIA_2_10/20170427-VeryMax/ITS/From_AProVE_2014__juLinkedListCreateAddAllAt.jar-obl-17__p7805_safety_0.smt2 : 3984 ms.
--------------------------------------------------
sat
../New_SAT_split/QF_NIA_2_10/20170427-VeryMax/ITS/From_AProVE_2014__juLinkedListCreateAddAllAt.jar-obl-17__p7806_safety_0.smt2 : 44946 ms.
--------------------------------------------------
sat
../New_SAT_split/QF_NIA_2_10/20170427-VeryMax/ITS/From_AProVE_2014__juLinkedListCreateAddAllAt.jar-obl-17__p7807_safety_0.smt2 : 197623 ms.
--------------------------------------------------
sat
../New_SAT_split/QF_NIA_2_10/20170427-VeryMax/ITS/From_AProVE_2014__juLinkedListCreateAddAllAt.jar-obl-17__p7808_safety_0.smt2 : 98145 ms.
--------------------------------------------------
sat
../New_SAT_split/QF_NIA_2_10/20170427-VeryMax/ITS/From_AProVE_2014__juLinkedListCreateAddAllAt.jar-obl-17__p7809_safety_0.smt2 : 413929 ms.
--------------------------------------------------
unknown
../New_SAT_split/QF_NIA_2_10/20170427-VeryMax/ITS/From_AProVE_2014__juLinkedListCreateAddAllAt.jar-obl-17__p7810_safety_0.smt2 : 1228 ms.
--------------------------------------------------
sat
../New_SAT_split/QF_NIA_2_10/20170427-VeryMax/ITS/From_AProVE_2014__juLinkedListCreateAddAllAt.jar-obl-17__p7811_safety_0.smt2 : 3416 ms.
--------------------------------------------------
sat
../New_SAT_split/QF_NIA_2_10/20170427-VeryMax/ITS/From_AProVE_2014__juLinkedListCreateAddAllAt.jar-obl-17__p7812_safety_0.smt2 : 40208 ms.
--------------------------------------------------
sat
../New_SAT_split/QF_NIA_2_10/20170427-VeryMax/ITS/From_AProVE_2014__juLinkedListCreateAddAllAt.jar-obl-17__p7813_safety_0.smt2 : 447783 ms.
--------------------------------------------------
sat
../New_SAT_split/QF_NIA_2_10/20170427-VeryMax/ITS/From_AProVE_2014__juLinkedListCreateAddAllAt.jar-obl-17__p7814_safety_0.smt2 : 3881 ms.
--------------------------------------------------
sat
../New_SAT_split/QF_NIA_2_10/20170427-VeryMax/ITS/From_AProVE_2014__juLinkedListCreateAddAllAt.jar-obl-17__p7816_safety_0.smt2 : 11375 ms.
--------------------------------------------------
sat
../New_SAT_split/QF_NIA_2_10/20170427-VeryMax/ITS/From_AProVE_2014__juLinkedListCreateAddAllAt.jar-obl-17__p7817_safety_0.smt2 : 254546 ms.
--------------------------------------------------
sat
../New_SAT_split/QF_NIA_2_10/20170427-VeryMax/ITS/From_AProVE_2014__juLinkedListCreateAddAllAt.jar-obl-17__p7818_safety_0.smt2 : 346195 ms.
--------------------------------------------------
sat
../New_SAT_split/QF_NIA_2_10/20170427-VeryMax/ITS/From_AProVE_2014__juLinkedListCreateAddAllAt.jar-obl-17__p7819_safety_0.smt2 : 342275 ms.
--------------------------------------------------
sat
../New_SAT_split/QF_NIA_2_10/20170427-VeryMax/ITS/From_AProVE_2014__juLinkedListCreateAddAllAt.jar-obl-17__p7820_safety_0.smt2 : 41924 ms.
--------------------------------------------------
sat
../New_SAT_split/QF_NIA_2_10/20170427-VeryMax/ITS/From_AProVE_2014__juLinkedListCreateAddAllAt.jar-obl-17__p7821_safety_0.smt2 : 5640 ms.
--------------------------------------------------
sat
../New_SAT_split/QF_NIA_2_10/20170427-VeryMax/ITS/From_AProVE_2014__juLinkedListCreateAddAllAt.jar-obl-17__p7822_safety_0.smt2 : 650597 ms.
--------------------------------------------------
sat
../New_SAT_split/QF_NIA_2_10/20170427-VeryMax/ITS/From_AProVE_2014__juLinkedListCreateAddAllAt.jar-obl-17__p7824_safety_0.smt2 : 94815 ms.
--------------------------------------------------
unknown
../New_SAT_split/QF_NIA_2_10/20170427-VeryMax/ITS/From_AProVE_2014__juLinkedListCreateAddAllAt.jar-obl-17__p7825_safety_0.smt2 : 1008 ms.
--------------------------------------------------
sat
../New_SAT_split/QF_NIA_2_10/20170427-VeryMax/ITS/From_AProVE_2014__juLinkedListCreateAddAllAt.jar-obl-17__p7826_safety_0.smt2 : 12966 ms.
--------------------------------------------------
sat
../New_SAT_split/QF_NIA_2_10/20170427-VeryMax/ITS/From_AProVE_2014__juLinkedListCreateAddAllAt.jar-obl-17__p7827_safety_0.smt2 : 559617 ms.
--------------------------------------------------
sat
../New_SAT_split/QF_NIA_2_10/20170427-VeryMax/ITS/From_AProVE_2014__juLinkedListCreateAddAllAt.jar-obl-17__p7828_safety_0.smt2 : 372575 ms.
--------------------------------------------------
unknown
../New_SAT_split/QF_NIA_2_10/20170427-VeryMax/ITS/From_AProVE_2014__juLinkedListCreateAddAllAt.jar-obl-17__p7829_safety_0.smt2 : 374 ms.
--------------------------------------------------
unknown
../New_SAT_split/QF_NIA_2_10/20170427-VeryMax/ITS/From_AProVE_2014__juLinkedListCreateAddAllAt.jar-obl-17__p7830_safety_0.smt2 : 242 ms.
--------------------------------------------------
unknown
../New_SAT_split/QF_NIA_2_10/20170427-VeryMax/ITS/From_AProVE_2014__juLinkedListCreateAddAllAt.jar-obl-17__p7831_safety_0.smt2 : 326 ms.
--------------------------------------------------
sat
../New_SAT_split/QF_NIA_2_10/20170427-VeryMax/ITS/From_AProVE_2014__juLinkedListCreateAddAllAt.jar-obl-17__p7832_safety_0.smt2 : 6675 ms.
--------------------------------------------------
sat
../New_SAT_split/QF_NIA_2_10/20170427-VeryMax/ITS/From_AProVE_2014__juLinkedListCreateAddAllAt.jar-obl-17__p7833_safety_0.smt2 : 147760 ms.
--------------------------------------------------
sat
../New_SAT_split/QF_NIA_2_10/20170427-VeryMax/ITS/From_AProVE_2014__juLinkedListCreateAddAllAt.jar-obl-17__p7834_safety_0.smt2 : 602417 ms.
--------------------------------------------------
sat
../New_SAT_split/QF_NIA_2_10/20170427-VeryMax/ITS/From_AProVE_2014__juLinkedListCreateAddAllAt.jar-obl-17__p7835_safety_0.smt2 : 5228 ms.
--------------------------------------------------
sat
../New_SAT_split/QF_NIA_2_10/20170427-VeryMax/ITS/From_AProVE_2014__juLinkedListCreateAddAllAt.jar-obl-17__p7836_safety_0.smt2 : 71954 ms.
--------------------------------------------------
sat
../New_SAT_split/QF_NIA_2_10/20170427-VeryMax/ITS/From_AProVE_2014__juLinkedListCreateAddAllAt.jar-obl-17__p7837_safety_0.smt2 : 1643930 ms.
--------------------------------------------------
unknown
../New_SAT_split/QF_NIA_2_10/20170427-VeryMax/ITS/From_AProVE_2014__juLinkedListCreateAddAllAt.jar-obl-17__p7838_safety_0.smt2 : 949 ms.
--------------------------------------------------
sat
../New_SAT_split/QF_NIA_2_10/20170427-VeryMax/ITS/From_AProVE_2014__juLinkedListCreateAddAllAt.jar-obl-17__p7839_safety_0.smt2 : 198181 ms.
--------------------------------------------------
sat
../New_SAT_split/QF_NIA_2_10/20170427-VeryMax/ITS/From_AProVE_2014__juLinkedListCreateAddAllAt.jar-obl-17__p7840_safety_0.smt2 : 680936 ms.
--------------------------------------------------
sat
../New_SAT_split/QF_NIA_2_10/20170427-VeryMax/ITS/From_AProVE_2014__juLinkedListCreateAddAllAt.jar-obl-17__p7841_safety_0.smt2 : 23642 ms.
--------------------------------------------------
sat
../New_SAT_split/QF_NIA_2_10/20170427-VeryMax/ITS/From_AProVE_2014__juLinkedListCreateAddAllAt.jar-obl-17__p7842_safety_0.smt2 : 958036 ms.
--------------------------------------------------
unknown
../New_SAT_split/QF_NIA_2_10/20170427-VeryMax/ITS/From_AProVE_2014__juLinkedListCreateAddAllAt.jar-obl-17__p7843_safety_0.smt2 : 970 ms.
--------------------------------------------------
sat
../New_SAT_split/QF_NIA_2_10/20170427-VeryMax/ITS/From_AProVE_2014__juLinkedListCreateAddAllAt.jar-obl-17__p7844_safety_0.smt2 : 81742 ms.
--------------------------------------------------
sat
../New_SAT_split/QF_NIA_2_10/20170427-VeryMax/ITS/From_AProVE_2014__juLinkedListCreateAddAllAt.jar-obl-17__p7845_safety_0.smt2 : 1739366 ms.
--------------------------------------------------
unknown
../New_SAT_split/QF_NIA_2_10/20170427-VeryMax/ITS/From_AProVE_2014__juLinkedListCreateAddAllAt.jar-obl-17__p7846_safety_0.smt2 : 992 ms.
--------------------------------------------------
sat
../New_SAT_split/QF_NIA_2_10/20170427-VeryMax/ITS/From_AProVE_2014__juLinkedListCreateAddAllAt.jar-obl-17__p7848_safety_0.smt2 : 334515 ms.
--------------------------------------------------
unknown
../New_SAT_split/QF_NIA_2_10/20170427-VeryMax/ITS/From_AProVE_2014__juLinkedListCreateAddAllAt.jar-obl-17__p7849_safety_0.smt2 : 2400643 ms.
--------------------------------------------------
sat
../New_SAT_split/QF_NIA_2_10/20170427-VeryMax/ITS/From_AProVE_2014__juLinkedListCreateAddAllAt.jar-obl-17__p7850_safety_0.smt2 : 34270 ms.
--------------------------------------------------
sat
../New_SAT_split/QF_NIA_2_10/20170427-VeryMax/ITS/From_AProVE_2014__juLinkedListCreateAddAllAt.jar-obl-17__p7851_safety_0.smt2 : 994051 ms.
--------------------------------------------------
unknown
../New_SAT_split/QF_NIA_2_10/20170427-VeryMax/ITS/From_AProVE_2014__juLinkedListCreateAddAllAt.jar-obl-17__p7852_safety_0.smt2 : 786 ms.
--------------------------------------------------
sat
../New_SAT_split/QF_NIA_2_10/20170427-VeryMax/ITS/From_AProVE_2014__juLinkedListCreateAddAllAt.jar-obl-17__p7853_safety_0.smt2 : 56903 ms.
--------------------------------------------------
unknown
../New_SAT_split/QF_NIA_2_10/20170427-VeryMax/ITS/From_AProVE_2014__juLinkedListCreateAddAllAt.jar-obl-17__p7854_safety_0.smt2 : 861 ms.
--------------------------------------------------
unknown
../New_SAT_split/QF_NIA_2_10/20170427-VeryMax/ITS/From_AProVE_2014__juLinkedListCreateAddAllAt.jar-obl-17__p7855_safety_0.smt2 : 820 ms.
--------------------------------------------------
unknown
../New_SAT_split/QF_NIA_2_10/20170427-VeryMax/ITS/From_AProVE_2014__juLinkedListCreateAddAllAt.jar-obl-17__p7857_safety_0.smt2 : 239 ms.
--------------------------------------------------
unknown
../New_SAT_split/QF_NIA_2_10/20170427-VeryMax/ITS/From_AProVE_2014__juLinkedListCreateAddAllAt.jar-obl-17__p7858_safety_0.smt2 : 229 ms.
--------------------------------------------------
unknown
../New_SAT_split/QF_NIA_2_10/20170427-VeryMax/ITS/From_AProVE_2014__juLinkedListCreateAddAllAt.jar-obl-17__p7861_safety_0.smt2 : 209 ms.
--------------------------------------------------
unknown
../New_SAT_split/QF_NIA_2_10/20170427-VeryMax/ITS/From_AProVE_2014__juLinkedListCreateAddAllAt.jar-obl-17__p7862_safety_0.smt2 : 227 ms.
--------------------------------------------------
unknown
../New_SAT_split/QF_NIA_2_10/20170427-VeryMax/ITS/From_AProVE_2014__juLinkedListCreateAddAllAt.jar-obl-17__p7863_safety_0.smt2 : 207 ms.
--------------------------------------------------
unknown
../New_SAT_split/QF_NIA_2_10/20170427-VeryMax/ITS/From_AProVE_2014__juLinkedListCreateAddAllAt.jar-obl-17__p7864_safety_0.smt2 : 238 ms.
--------------------------------------------------
unknown
../New_SAT_split/QF_NIA_2_10/20170427-VeryMax/ITS/From_AProVE_2014__juLinkedListCreateAddAllAt.jar-obl-17__p7865_safety_0.smt2 : 217 ms.
--------------------------------------------------
unknown
../New_SAT_split/QF_NIA_2_10/20170427-VeryMax/ITS/From_AProVE_2014__juLinkedListCreateAddAllAt.jar-obl-17__p7866_safety_0.smt2 : 237 ms.
--------------------------------------------------
unknown
../New_SAT_split/QF_NIA_2_10/20170427-VeryMax/ITS/From_AProVE_2014__juLinkedListCreateAddAllAt.jar-obl-17__p7867_safety_0.smt2 : 209 ms.
--------------------------------------------------
unknown
../New_SAT_split/QF_NIA_2_10/20170427-VeryMax/ITS/From_AProVE_2014__juLinkedListCreateAddAllAt.jar-obl-17__p7868_safety_0.smt2 : 224 ms.
--------------------------------------------------
unknown
../New_SAT_split/QF_NIA_2_10/20170427-VeryMax/ITS/From_AProVE_2014__juLinkedListCreateAddAllAt.jar-obl-17__p7869_safety_0.smt2 : 235 ms.
--------------------------------------------------
unknown
../New_SAT_split/QF_NIA_2_10/20170427-VeryMax/ITS/From_AProVE_2014__juLinkedListCreateAddAllAt.jar-obl-17__p7870_safety_0.smt2 : 211 ms.
--------------------------------------------------
unknown
../New_SAT_split/QF_NIA_2_10/20170427-VeryMax/ITS/From_AProVE_2014__juLinkedListCreateAddAllAt.jar-obl-17__p7871_safety_0.smt2 : 217 ms.
--------------------------------------------------
unknown
../New_SAT_split/QF_NIA_2_10/20170427-VeryMax/ITS/From_AProVE_2014__juLinkedListCreateAddAllAt.jar-obl-17__p7872_safety_0.smt2 : 234 ms.
--------------------------------------------------
unknown
../New_SAT_split/QF_NIA_2_10/20170427-VeryMax/ITS/From_AProVE_2014__juLinkedListCreateAddAllAt.jar-obl-17__p7873_safety_0.smt2 : 207 ms.
--------------------------------------------------
unknown
../New_SAT_split/QF_NIA_2_10/20170427-VeryMax/ITS/From_AProVE_2014__juLinkedListCreateAddAllAt.jar-obl-17__p7874_safety_0.smt2 : 224 ms.
--------------------------------------------------
unknown
../New_SAT_split/QF_NIA_2_10/20170427-VeryMax/ITS/From_AProVE_2014__juLinkedListCreateAddAllAt.jar-obl-17__p7875_safety_0.smt2 : 229 ms.
--------------------------------------------------
sat
../New_SAT_split/QF_NIA_2_10/20170427-VeryMax/ITS/From_AProVE_2014__juLinkedListCreateAddAllAt.jar-obl-17__p7880_safety_0.smt2 : 13137 ms.
--------------------------------------------------
sat
../New_SAT_split/QF_NIA_2_10/20170427-VeryMax/ITS/From_AProVE_2014__juLinkedListCreateAddAllAt.jar-obl-17__p7882_safety_0.smt2 : 105106 ms.
--------------------------------------------------
sat
../New_SAT_split/QF_NIA_2_10/20170427-VeryMax/ITS/From_AProVE_2014__juLinkedListCreateAddAllAt.jar-obl-17__p7883_safety_0.smt2 : 108082 ms.
--------------------------------------------------
unknown
../New_SAT_split/QF_NIA_2_10/20170427-VeryMax/ITS/From_AProVE_2014__juLinkedListCreateAddAllAt.jar-obl-17__p7884_safety_0.smt2 : 212 ms.
--------------------------------------------------
unknown
../New_SAT_split/QF_NIA_2_10/20170427-VeryMax/ITS/From_AProVE_2014__juLinkedListCreateAddAllAt.jar-obl-17__p7885_safety_0.smt2 : 224 ms.
--------------------------------------------------
unknown
../New_SAT_split/QF_NIA_2_10/20170427-VeryMax/ITS/From_AProVE_2014__juLinkedListCreateAddAllAt.jar-obl-17__p7886_safety_0.smt2 : 234 ms.
--------------------------------------------------
unknown
../New_SAT_split/QF_NIA_2_10/20170427-VeryMax/ITS/From_AProVE_2014__juLinkedListCreateAddAllAt.jar-obl-17__p7887_safety_0.smt2 : 229 ms.
--------------------------------------------------
unknown
../New_SAT_split/QF_NIA_2_10/20170427-VeryMax/ITS/From_AProVE_2014__juLinkedListCreateAddAllAt.jar-obl-17__p7888_safety_0.smt2 : 221 ms.
--------------------------------------------------
unknown
../New_SAT_split/QF_NIA_2_10/20170427-VeryMax/ITS/From_AProVE_2014__juLinkedListCreateAddAllAt.jar-obl-17__p7889_safety_0.smt2 : 232 ms.
--------------------------------------------------
unknown
../New_SAT_split/QF_NIA_2_10/20170427-VeryMax/ITS/From_AProVE_2014__juLinkedListCreateAddAllAt.jar-obl-17__p7890_safety_0.smt2 : 209 ms.
--------------------------------------------------
unknown
../New_SAT_split/QF_NIA_2_10/20170427-VeryMax/ITS/From_AProVE_2014__juLinkedListCreateAddAllAt.jar-obl-17__p7891_safety_0.smt2 : 222 ms.
--------------------------------------------------
unknown
../New_SAT_split/QF_NIA_2_10/20170427-VeryMax/ITS/From_AProVE_2014__juLinkedListCreateAddAllAt.jar-obl-17__p7892_safety_0.smt2 : 237 ms.
--------------------------------------------------
sat
../New_SAT_split/QF_NIA_2_10/20170427-VeryMax/ITS/From_AProVE_2014__juLinkedListCreateAddAllAt.jar-obl-17__p7895_safety_0.smt2 : 99280 ms.
--------------------------------------------------
sat
../New_SAT_split/QF_NIA_2_10/20170427-VeryMax/ITS/From_AProVE_2014__juLinkedListCreateAddAllAt.jar-obl-17__p7897_safety_0.smt2 : 39606 ms.
--------------------------------------------------
sat
../New_SAT_split/QF_NIA_2_10/20170427-VeryMax/ITS/From_AProVE_2014__juLinkedListCreateAddAllAt.jar-obl-17__p7898_safety_0.smt2 : 217420 ms.
--------------------------------------------------
unknown
../New_SAT_split/QF_NIA_2_10/20170427-VeryMax/ITS/From_AProVE_2014__juLinkedListCreateAddAllAt.jar-obl-17__p7899_safety_0.smt2 : 204 ms.
--------------------------------------------------
unknown
../New_SAT_split/QF_NIA_2_10/20170427-VeryMax/ITS/From_AProVE_2014__juLinkedListCreateAddAllAt.jar-obl-17__p7900_safety_0.smt2 : 215 ms.
--------------------------------------------------
unknown
../New_SAT_split/QF_NIA_2_10/20170427-VeryMax/ITS/From_AProVE_2014__juLinkedListCreateAddAllAt.jar-obl-17__p7901_safety_0.smt2 : 226 ms.
--------------------------------------------------
sat
../New_SAT_split/QF_NIA_2_10/20170427-VeryMax/ITS/From_AProVE_2014__juLinkedListCreateAddAll.jar-obl-11__p9353_terminationG_0.smt2 : 9463 ms.
--------------------------------------------------
unknown
../New_SAT_split/QF_NIA_2_10/20170427-VeryMax/ITS/From_AProVE_2014__juLinkedListCreateAddAll.jar-obl-11__p9354_terminationG_0.smt2 : 686 ms.
--------------------------------------------------
unknown
../New_SAT_split/QF_NIA_2_10/20170427-VeryMax/ITS/From_AProVE_2014__juLinkedListCreateAddAll.jar-obl-11__p9355_terminationG_0.smt2 : 695 ms.
--------------------------------------------------
unknown
../New_SAT_split/QF_NIA_2_10/20170427-VeryMax/ITS/From_AProVE_2014__juLinkedListCreateAddAll.jar-obl-11__p9362_safety_0.smt2 : 745 ms.
--------------------------------------------------
unknown
../New_SAT_split/QF_NIA_2_10/20170427-VeryMax/ITS/From_AProVE_2014__juLinkedListCreateAddAll.jar-obl-11__p9363_safety_0.smt2 : 750 ms.
--------------------------------------------------
sat
../New_SAT_split/QF_NIA_2_10/20170427-VeryMax/ITS/From_AProVE_2014__juLinkedListCreateAddAll.jar-obl-11__p9364_safety_0.smt2 : 30722 ms.
--------------------------------------------------
unknown
../New_SAT_split/QF_NIA_2_10/20170427-VeryMax/ITS/From_AProVE_2014__juLinkedListCreateAddAll.jar-obl-11__p9365_safety_0.smt2 : 738 ms.
--------------------------------------------------
unknown
../New_SAT_split/QF_NIA_2_10/20170427-VeryMax/ITS/From_AProVE_2014__juLinkedListCreateAddAll.jar-obl-11__p9366_safety_0.smt2 : 744 ms.
--------------------------------------------------
sat
../New_SAT_split/QF_NIA_2_10/20170427-VeryMax/ITS/From_AProVE_2014__juLinkedListCreateAddAll.jar-obl-11__p9367_safety_0.smt2 : 19629 ms.
--------------------------------------------------
unknown
../New_SAT_split/QF_NIA_2_10/20170427-VeryMax/ITS/From_AProVE_2014__juLinkedListCreateAddAll.jar-obl-11__p9368_safety_0.smt2 : 727 ms.
--------------------------------------------------
unknown
../New_SAT_split/QF_NIA_2_10/20170427-VeryMax/ITS/From_AProVE_2014__juLinkedListCreateAddAll.jar-obl-11__p9369_safety_0.smt2 : 739 ms.
--------------------------------------------------
sat
../New_SAT_split/QF_NIA_2_10/20170427-VeryMax/ITS/From_AProVE_2014__juLinkedListCreateAddAll.jar-obl-11__p9372_terminationG_0.smt2 : 10033 ms.
--------------------------------------------------
unknown
../New_SAT_split/QF_NIA_2_10/20170427-VeryMax/ITS/From_AProVE_2014__juLinkedListCreateAddAll.jar-obl-11__p9373_terminationG_0.smt2 : 684 ms.
--------------------------------------------------
unknown
../New_SAT_split/QF_NIA_2_10/20170427-VeryMax/ITS/From_AProVE_2014__juLinkedListCreateAddAll.jar-obl-11__p9374_terminationG_0.smt2 : 691 ms.
--------------------------------------------------
sat
../New_SAT_split/QF_NIA_2_10/20170427-VeryMax/ITS/From_AProVE_2014__juLinkedListCreateAddAll.jar-obl-11__p9384_safety_0.smt2 : 7848 ms.
--------------------------------------------------
unknown
../New_SAT_split/QF_NIA_2_10/20170427-VeryMax/ITS/From_AProVE_2014__juLinkedListCreateAddAll.jar-obl-11__p9385_safety_0.smt2 : 742 ms.
--------------------------------------------------
unknown
../New_SAT_split/QF_NIA_2_10/20170427-VeryMax/ITS/From_AProVE_2014__juLinkedListCreateAddAll.jar-obl-11__p9386_safety_0.smt2 : 753 ms.
--------------------------------------------------
sat
../New_SAT_split/QF_NIA_2_10/20170427-VeryMax/ITS/From_AProVE_2014__juLinkedListCreateAddAll.jar-obl-11__p9387_safety_0.smt2 : 5923 ms.
--------------------------------------------------
unknown
../New_SAT_split/QF_NIA_2_10/20170427-VeryMax/ITS/From_AProVE_2014__juLinkedListCreateAddAll.jar-obl-11__p9388_safety_0.smt2 : 814 ms.
--------------------------------------------------
unknown
../New_SAT_split/QF_NIA_2_10/20170427-VeryMax/ITS/From_AProVE_2014__juLinkedListCreateAddAll.jar-obl-11__p9389_safety_0.smt2 : 860 ms.
--------------------------------------------------
sat
../New_SAT_split/QF_NIA_2_10/20170427-VeryMax/ITS/From_AProVE_2014__juLinkedListCreateAddAll.jar-obl-11__p9390_safety_0.smt2 : 7004 ms.
--------------------------------------------------
unknown
../New_SAT_split/QF_NIA_2_10/20170427-VeryMax/ITS/From_AProVE_2014__juLinkedListCreateAddAll.jar-obl-11__p9391_safety_0.smt2 : 749 ms.
--------------------------------------------------
unknown
../New_SAT_split/QF_NIA_2_10/20170427-VeryMax/ITS/From_AProVE_2014__juLinkedListCreateAddAll.jar-obl-11__p9392_safety_0.smt2 : 928 ms.
--------------------------------------------------
sat
../New_SAT_split/QF_NIA_2_10/20170427-VeryMax/ITS/From_AProVE_2014__juLinkedListCreateAddAll.jar-obl-11__p9395_terminationG_0.smt2 : 24346 ms.
--------------------------------------------------
unknown
../New_SAT_split/QF_NIA_2_10/20170427-VeryMax/ITS/From_AProVE_2014__juLinkedListCreateAddAll.jar-obl-11__p9396_terminationG_0.smt2 : 820 ms.
--------------------------------------------------
unknown
../New_SAT_split/QF_NIA_2_10/20170427-VeryMax/ITS/From_AProVE_2014__juLinkedListCreateAddAll.jar-obl-11__p9397_terminationG_0.smt2 : 815 ms.
--------------------------------------------------
sat
../New_SAT_split/QF_NIA_2_10/20170427-VeryMax/ITS/From_AProVE_2014__juLinkedListCreateAddAll.jar-obl-11__p9403_safety_0.smt2 : 8337 ms.
--------------------------------------------------
unknown
../New_SAT_split/QF_NIA_2_10/20170427-VeryMax/ITS/From_AProVE_2014__juLinkedListCreateAddAll.jar-obl-11__p9404_safety_0.smt2 : 743 ms.
--------------------------------------------------
unknown
../New_SAT_split/QF_NIA_2_10/20170427-VeryMax/ITS/From_AProVE_2014__juLinkedListCreateAddAll.jar-obl-11__p9405_safety_0.smt2 : 757 ms.
--------------------------------------------------
sat
../New_SAT_split/QF_NIA_2_10/20170427-VeryMax/ITS/From_AProVE_2014__juLinkedListCreateAddAll.jar-obl-11__p9406_safety_0.smt2 : 24361 ms.
--------------------------------------------------
unknown
../New_SAT_split/QF_NIA_2_10/20170427-VeryMax/ITS/From_AProVE_2014__juLinkedListCreateAddAll.jar-obl-11__p9407_safety_0.smt2 : 753 ms.
--------------------------------------------------
unknown
../New_SAT_split/QF_NIA_2_10/20170427-VeryMax/ITS/From_AProVE_2014__juLinkedListCreateAddAll.jar-obl-11__p9408_safety_0.smt2 : 764 ms.
--------------------------------------------------
sat
../New_SAT_split/QF_NIA_2_10/20170427-VeryMax/ITS/From_AProVE_2014__juLinkedListCreateAddAll.jar-obl-11__p9409_safety_0.smt2 : 63288 ms.
--------------------------------------------------
unknown
../New_SAT_split/QF_NIA_2_10/20170427-VeryMax/ITS/From_AProVE_2014__juLinkedListCreateAddAll.jar-obl-11__p9410_safety_0.smt2 : 792 ms.
--------------------------------------------------
unknown
../New_SAT_split/QF_NIA_2_10/20170427-VeryMax/ITS/From_AProVE_2014__juLinkedListCreateAddAll.jar-obl-11__p9411_safety_0.smt2 : 798 ms.
--------------------------------------------------
sat
../New_SAT_split/QF_NIA_2_10/20170427-VeryMax/ITS/From_AProVE_2014__juLinkedListCreateAddAll.jar-obl-11__p9414_terminationG_0.smt2 : 9593 ms.
--------------------------------------------------
unknown
../New_SAT_split/QF_NIA_2_10/20170427-VeryMax/ITS/From_AProVE_2014__juLinkedListCreateAddAll.jar-obl-11__p9415_terminationG_0.smt2 : 700 ms.
--------------------------------------------------
unknown
../New_SAT_split/QF_NIA_2_10/20170427-VeryMax/ITS/From_AProVE_2014__juLinkedListCreateAddAll.jar-obl-11__p9416_terminationG_0.smt2 : 785 ms.
--------------------------------------------------
sat
../New_SAT_split/QF_NIA_2_10/20170427-VeryMax/ITS/From_AProVE_2014__juLinkedListCreateAddAll.jar-obl-11__p9422_safety_0.smt2 : 47478 ms.
--------------------------------------------------
unknown
../New_SAT_split/QF_NIA_2_10/20170427-VeryMax/ITS/From_AProVE_2014__juLinkedListCreateAddAll.jar-obl-11__p9423_safety_0.smt2 : 757 ms.
--------------------------------------------------
unknown
../New_SAT_split/QF_NIA_2_10/20170427-VeryMax/ITS/From_AProVE_2014__juLinkedListCreateAddAll.jar-obl-11__p9424_safety_0.smt2 : 749 ms.
--------------------------------------------------
sat
../New_SAT_split/QF_NIA_2_10/20170427-VeryMax/ITS/From_AProVE_2014__juLinkedListCreateAddAll.jar-obl-11__p9425_safety_0.smt2 : 50234 ms.
--------------------------------------------------
unknown
../New_SAT_split/QF_NIA_2_10/20170427-VeryMax/ITS/From_AProVE_2014__juLinkedListCreateAddAll.jar-obl-11__p9426_safety_0.smt2 : 756 ms.
--------------------------------------------------
unknown
../New_SAT_split/QF_NIA_2_10/20170427-VeryMax/ITS/From_AProVE_2014__juLinkedListCreateAddAll.jar-obl-11__p9427_safety_0.smt2 : 915 ms.
--------------------------------------------------
sat
../New_SAT_split/QF_NIA_2_10/20170427-VeryMax/ITS/From_AProVE_2014__juLinkedListCreateAddAll.jar-obl-11__p9430_safety_0.smt2 : 49752 ms.
--------------------------------------------------
unknown
../New_SAT_split/QF_NIA_2_10/20170427-VeryMax/ITS/From_AProVE_2014__juLinkedListCreateAddAll.jar-obl-11__p9431_safety_0.smt2 : 899 ms.
--------------------------------------------------
unknown
../New_SAT_split/QF_NIA_2_10/20170427-VeryMax/ITS/From_AProVE_2014__juLinkedListCreateAddAll.jar-obl-11__p9432_safety_0.smt2 : 849 ms.
--------------------------------------------------
sat
../New_SAT_split/QF_NIA_2_10/20170427-VeryMax/ITS/From_AProVE_2014__juLinkedListCreateAddAll.jar-obl-11__p9435_terminationG_0.smt2 : 39332 ms.
--------------------------------------------------
unknown
../New_SAT_split/QF_NIA_2_10/20170427-VeryMax/ITS/From_AProVE_2014__juLinkedListCreateAddAll.jar-obl-11__p9436_terminationG_0.smt2 : 698 ms.
--------------------------------------------------
unknown
../New_SAT_split/QF_NIA_2_10/20170427-VeryMax/ITS/From_AProVE_2014__juLinkedListCreateAddAll.jar-obl-11__p9437_terminationG_0.smt2 : 807 ms.
--------------------------------------------------
sat
../New_SAT_split/QF_NIA_2_10/20170427-VeryMax/ITS/From_AProVE_2014__juLinkedListCreateAddAll.jar-obl-11__p9445_safety_0.smt2 : 50803 ms.
--------------------------------------------------
unknown
../New_SAT_split/QF_NIA_2_10/20170427-VeryMax/ITS/From_AProVE_2014__juLinkedListCreateAddAll.jar-obl-11__p9446_safety_0.smt2 : 765 ms.
--------------------------------------------------
unknown
../New_SAT_split/QF_NIA_2_10/20170427-VeryMax/ITS/From_AProVE_2014__juLinkedListCreateAddAll.jar-obl-11__p9447_safety_0.smt2 : 768 ms.
--------------------------------------------------
sat
../New_SAT_split/QF_NIA_2_10/20170427-VeryMax/ITS/From_AProVE_2014__juLinkedListCreateAddAll.jar-obl-11__p9448_safety_0.smt2 : 33023 ms.
--------------------------------------------------
unknown
../New_SAT_split/QF_NIA_2_10/20170427-VeryMax/ITS/From_AProVE_2014__juLinkedListCreateAddAll.jar-obl-11__p9449_safety_0.smt2 : 810 ms.
--------------------------------------------------
unknown
../New_SAT_split/QF_NIA_2_10/20170427-VeryMax/ITS/From_AProVE_2014__juLinkedListCreateAddAll.jar-obl-11__p9450_safety_0.smt2 : 832 ms.
--------------------------------------------------
sat
../New_SAT_split/QF_NIA_2_10/20170427-VeryMax/ITS/From_AProVE_2014__juLinkedListCreateAddAll.jar-obl-11__p9451_safety_0.smt2 : 84761 ms.
--------------------------------------------------
unknown
../New_SAT_split/QF_NIA_2_10/20170427-VeryMax/ITS/From_AProVE_2014__juLinkedListCreateAddAll.jar-obl-11__p9452_safety_0.smt2 : 776 ms.
--------------------------------------------------
unknown
../New_SAT_split/QF_NIA_2_10/20170427-VeryMax/ITS/From_AProVE_2014__juLinkedListCreateAddAll.jar-obl-11__p9453_safety_0.smt2 : 771 ms.
--------------------------------------------------
sat
../New_SAT_split/QF_NIA_2_10/20170427-VeryMax/ITS/From_AProVE_2014__juLinkedListCreateAddAll.jar-obl-11__p9456_terminationG_0.smt2 : 76126 ms.
--------------------------------------------------
unknown
../New_SAT_split/QF_NIA_2_10/20170427-VeryMax/ITS/From_AProVE_2014__juLinkedListCreateAddAll.jar-obl-11__p9457_terminationG_0.smt2 : 707 ms.
--------------------------------------------------
unknown
../New_SAT_split/QF_NIA_2_10/20170427-VeryMax/ITS/From_AProVE_2014__juLinkedListCreateAddAll.jar-obl-11__p9458_terminationG_0.smt2 : 813 ms.
--------------------------------------------------
sat
../New_SAT_split/QF_NIA_2_10/20170427-VeryMax/ITS/From_AProVE_2014__juLinkedListCreateAddAll.jar-obl-11__p9464_safety_0.smt2 : 68094 ms.
--------------------------------------------------
unknown
../New_SAT_split/QF_NIA_2_10/20170427-VeryMax/ITS/From_AProVE_2014__juLinkedListCreateAddAll.jar-obl-11__p9465_safety_0.smt2 : 810 ms.
--------------------------------------------------
unknown
../New_SAT_split/QF_NIA_2_10/20170427-VeryMax/ITS/From_AProVE_2014__juLinkedListCreateAddAll.jar-obl-11__p9466_safety_0.smt2 : 768 ms.
--------------------------------------------------
sat
../New_SAT_split/QF_NIA_2_10/20170427-VeryMax/ITS/From_AProVE_2014__juLinkedListCreateAddAll.jar-obl-11__p9467_safety_0.smt2 : 23826 ms.
--------------------------------------------------
unknown
../New_SAT_split/QF_NIA_2_10/20170427-VeryMax/ITS/From_AProVE_2014__juLinkedListCreateAddAll.jar-obl-11__p9468_safety_0.smt2 : 811 ms.
--------------------------------------------------
unknown
../New_SAT_split/QF_NIA_2_10/20170427-VeryMax/ITS/From_AProVE_2014__juLinkedListCreateAddAll.jar-obl-11__p9469_safety_0.smt2 : 771 ms.
--------------------------------------------------
sat
../New_SAT_split/QF_NIA_2_10/20170427-VeryMax/ITS/From_AProVE_2014__juLinkedListCreateAddAll.jar-obl-11__p9470_safety_0.smt2 : 74184 ms.
--------------------------------------------------
unknown
../New_SAT_split/QF_NIA_2_10/20170427-VeryMax/ITS/From_AProVE_2014__juLinkedListCreateAddAll.jar-obl-11__p9471_safety_0.smt2 : 746 ms.
--------------------------------------------------
unknown
../New_SAT_split/QF_NIA_2_10/20170427-VeryMax/ITS/From_AProVE_2014__juLinkedListCreateAddAll.jar-obl-11__p9472_safety_0.smt2 : 882 ms.
--------------------------------------------------
sat
../New_SAT_split/QF_NIA_2_10/20170427-VeryMax/ITS/From_AProVE_2014__juLinkedListCreateAddAll.jar-obl-11__p9477_terminationG_0.smt2 : 80291 ms.
--------------------------------------------------
unknown
../New_SAT_split/QF_NIA_2_10/20170427-VeryMax/ITS/From_AProVE_2014__juLinkedListCreateAddAll.jar-obl-11__p9478_terminationG_0.smt2 : 705 ms.
--------------------------------------------------
unknown
../New_SAT_split/QF_NIA_2_10/20170427-VeryMax/ITS/From_AProVE_2014__juLinkedListCreateAddAll.jar-obl-11__p9479_terminationG_0.smt2 : 749 ms.
--------------------------------------------------
sat
../New_SAT_split/QF_NIA_2_10/20170427-VeryMax/ITS/From_AProVE_2014__juLinkedListCreateAddAll.jar-obl-11__p9487_safety_0.smt2 : 30323 ms.
--------------------------------------------------
unknown
../New_SAT_split/QF_NIA_2_10/20170427-VeryMax/ITS/From_AProVE_2014__juLinkedListCreateAddAll.jar-obl-11__p9488_safety_0.smt2 : 940 ms.
--------------------------------------------------
unknown
../New_SAT_split/QF_NIA_2_10/20170427-VeryMax/ITS/From_AProVE_2014__juLinkedListCreateAddAll.jar-obl-11__p9489_safety_0.smt2 : 799 ms.
--------------------------------------------------
sat
../New_SAT_split/QF_NIA_2_10/20170427-VeryMax/ITS/From_AProVE_2014__juLinkedListCreateAddAll.jar-obl-11__p9490_safety_0.smt2 : 70409 ms.
--------------------------------------------------
unknown
../New_SAT_split/QF_NIA_2_10/20170427-VeryMax/ITS/From_AProVE_2014__juLinkedListCreateAddAll.jar-obl-11__p9491_safety_0.smt2 : 844 ms.
--------------------------------------------------
unknown
../New_SAT_split/QF_NIA_2_10/20170427-VeryMax/ITS/From_AProVE_2014__juLinkedListCreateAddAll.jar-obl-11__p9492_safety_0.smt2 : 810 ms.
--------------------------------------------------
sat
../New_SAT_split/QF_NIA_2_10/20170427-VeryMax/ITS/From_AProVE_2014__juLinkedListCreateAddAll.jar-obl-11__p9493_safety_0.smt2 : 55214 ms.
--------------------------------------------------
unknown
../New_SAT_split/QF_NIA_2_10/20170427-VeryMax/ITS/From_AProVE_2014__juLinkedListCreateAddAll.jar-obl-11__p9494_safety_0.smt2 : 741 ms.
--------------------------------------------------
unknown
../New_SAT_split/QF_NIA_2_10/20170427-VeryMax/ITS/From_AProVE_2014__juLinkedListCreateAddAll.jar-obl-11__p9495_safety_0.smt2 : 799 ms.
--------------------------------------------------
sat
../New_SAT_split/QF_NIA_2_10/20170427-VeryMax/ITS/From_AProVE_2014__juLinkedListCreateAddAll.jar-obl-11__p9498_terminationG_0.smt2 : 110238 ms.
--------------------------------------------------
unknown
../New_SAT_split/QF_NIA_2_10/20170427-VeryMax/ITS/From_AProVE_2014__juLinkedListCreateAddAll.jar-obl-11__p9499_terminationG_0.smt2 : 716 ms.
--------------------------------------------------
unknown
../New_SAT_split/QF_NIA_2_10/20170427-VeryMax/ITS/From_AProVE_2014__juLinkedListCreateAddAll.jar-obl-11__p9500_terminationG_0.smt2 : 705 ms.
--------------------------------------------------
sat
../New_SAT_split/QF_NIA_2_10/20170427-VeryMax/ITS/From_AProVE_2014__juLinkedListCreateAddAll.jar-obl-11__p9506_safety_0.smt2 : 21438 ms.
--------------------------------------------------
unknown
../New_SAT_split/QF_NIA_2_10/20170427-VeryMax/ITS/From_AProVE_2014__juLinkedListCreateAddAll.jar-obl-11__p9507_safety_0.smt2 : 829 ms.
--------------------------------------------------
unknown
../New_SAT_split/QF_NIA_2_10/20170427-VeryMax/ITS/From_AProVE_2014__juLinkedListCreateAddAll.jar-obl-11__p9508_safety_0.smt2 : 866 ms.
--------------------------------------------------
sat
../New_SAT_split/QF_NIA_2_10/20170427-VeryMax/ITS/From_AProVE_2014__juLinkedListCreateAddAll.jar-obl-11__p9509_safety_0.smt2 : 47542 ms.
--------------------------------------------------
unknown
../New_SAT_split/QF_NIA_2_10/20170427-VeryMax/ITS/From_AProVE_2014__juLinkedListCreateAddAll.jar-obl-11__p9510_safety_0.smt2 : 956 ms.
--------------------------------------------------
unknown
../New_SAT_split/QF_NIA_2_10/20170427-VeryMax/ITS/From_AProVE_2014__juLinkedListCreateAddAll.jar-obl-11__p9511_safety_0.smt2 : 869 ms.
--------------------------------------------------
sat
../New_SAT_split/QF_NIA_2_10/20170427-VeryMax/ITS/From_AProVE_2014__juLinkedListCreateAddAll.jar-obl-11__p9514_safety_0.smt2 : 32127 ms.
--------------------------------------------------
unknown
../New_SAT_split/QF_NIA_2_10/20170427-VeryMax/ITS/From_AProVE_2014__juLinkedListCreateAddAll.jar-obl-11__p9515_safety_0.smt2 : 852 ms.
--------------------------------------------------
unknown
../New_SAT_split/QF_NIA_2_10/20170427-VeryMax/ITS/From_AProVE_2014__juLinkedListCreateAddAll.jar-obl-11__p9516_safety_0.smt2 : 833 ms.
--------------------------------------------------
sat
../New_SAT_split/QF_NIA_2_10/20170427-VeryMax/ITS/From_AProVE_2014__juLinkedListCreateAddAll.jar-obl-11__p9519_terminationG_0.smt2 : 36328 ms.
--------------------------------------------------
unknown
../New_SAT_split/QF_NIA_2_10/20170427-VeryMax/ITS/From_AProVE_2014__juLinkedListCreateAddAll.jar-obl-11__p9520_terminationG_0.smt2 : 885 ms.
--------------------------------------------------
unknown
../New_SAT_split/QF_NIA_2_10/20170427-VeryMax/ITS/From_AProVE_2014__juLinkedListCreateAddAll.jar-obl-11__p9521_terminationG_0.smt2 : 754 ms.
--------------------------------------------------
unknown
../New_SAT_split/QF_NIA_2_10/20170427-VeryMax/ITS/From_AProVE_2014__juLinkedListCreateAddAll.jar-obl-11__p9528_terminationG_0.smt2 : 900 ms.
--------------------------------------------------
unknown
../New_SAT_split/QF_NIA_2_10/20170427-VeryMax/ITS/From_AProVE_2014__juLinkedListCreateAddAll.jar-obl-11__p9529_terminationG_0.smt2 : 834 ms.
--------------------------------------------------
unknown
../New_SAT_split/QF_NIA_2_10/20170427-VeryMax/ITS/From_AProVE_2014__juLinkedListCreateAddAll.jar-obl-11__p9530_terminationG_0.smt2 : 903 ms.
--------------------------------------------------
unknown
../New_SAT_split/QF_NIA_2_10/20170427-VeryMax/ITS/From_AProVE_2014__juLinkedListCreateAddAll.jar-obl-11__p9535_terminationG_0.smt2 : 803 ms.
--------------------------------------------------
unknown
../New_SAT_split/QF_NIA_2_10/20170427-VeryMax/ITS/From_AProVE_2014__juLinkedListCreateAddAll.jar-obl-11__p9536_terminationG_0.smt2 : 1017 ms.
--------------------------------------------------
unknown
../New_SAT_split/QF_NIA_2_10/20170427-VeryMax/ITS/From_AProVE_2014__juLinkedListCreateAddAll.jar-obl-11__p9537_terminationG_0.smt2 : 922 ms.
--------------------------------------------------
sat
../New_SAT_split/QF_NIA_2_10/20170427-VeryMax/ITS/From_AProVE_2014__juLinkedListCreateAddAll.jar-obl-11__p9545_safety_0.smt2 : 31339 ms.
--------------------------------------------------
unknown
../New_SAT_split/QF_NIA_2_10/20170427-VeryMax/ITS/From_AProVE_2014__juLinkedListCreateAddAll.jar-obl-11__p9546_safety_0.smt2 : 854 ms.
--------------------------------------------------
unknown
../New_SAT_split/QF_NIA_2_10/20170427-VeryMax/ITS/From_AProVE_2014__juLinkedListCreateAddAll.jar-obl-11__p9547_safety_0.smt2 : 828 ms.
--------------------------------------------------
sat
../New_SAT_split/QF_NIA_2_10/20170427-VeryMax/ITS/From_AProVE_2014__juLinkedListCreateAddAll.jar-obl-11__p9548_safety_0.smt2 : 54428 ms.
--------------------------------------------------
unknown
../New_SAT_split/QF_NIA_2_10/20170427-VeryMax/ITS/From_AProVE_2014__juLinkedListCreateAddAll.jar-obl-11__p9549_safety_0.smt2 : 830 ms.
--------------------------------------------------
unknown
../New_SAT_split/QF_NIA_2_10/20170427-VeryMax/ITS/From_AProVE_2014__juLinkedListCreateAddAll.jar-obl-11__p9550_safety_0.smt2 : 848 ms.
--------------------------------------------------
sat
../New_SAT_split/QF_NIA_2_10/20170427-VeryMax/ITS/From_AProVE_2014__juLinkedListCreateAddAll.jar-obl-11__p9551_safety_0.smt2 : 69937 ms.
--------------------------------------------------
unknown
../New_SAT_split/QF_NIA_2_10/20170427-VeryMax/ITS/From_AProVE_2014__juLinkedListCreateAddAll.jar-obl-11__p9552_safety_0.smt2 : 868 ms.
--------------------------------------------------
unknown
../New_SAT_split/QF_NIA_2_10/20170427-VeryMax/ITS/From_AProVE_2014__juLinkedListCreateAddAll.jar-obl-11__p9553_safety_0.smt2 : 776 ms.
--------------------------------------------------
unknown
../New_SAT_split/QF_NIA_2_10/20170427-VeryMax/ITS/From_AProVE_2014__juLinkedListCreateAddAll.jar-obl-11__p9556_terminationG_0.smt2 : 789 ms.
--------------------------------------------------
unknown
../New_SAT_split/QF_NIA_2_10/20170427-VeryMax/ITS/From_AProVE_2014__juLinkedListCreateAddAll.jar-obl-11__p9557_terminationG_0.smt2 : 706 ms.
--------------------------------------------------
unknown
../New_SAT_split/QF_NIA_2_10/20170427-VeryMax/ITS/From_AProVE_2014__juLinkedListCreateAddAll.jar-obl-11__p9558_terminationG_0.smt2 : 819 ms.
--------------------------------------------------
unknown
../New_SAT_split/QF_NIA_2_10/20170427-VeryMax/ITS/From_AProVE_2014__juLinkedListCreateAddAll.jar-obl-11__p9565_terminationG_0.smt2 : 916 ms.
--------------------------------------------------
unknown
../New_SAT_split/QF_NIA_2_10/20170427-VeryMax/ITS/From_AProVE_2014__juLinkedListCreateAddAll.jar-obl-11__p9566_terminationG_0.smt2 : 897 ms.
--------------------------------------------------
unknown
../New_SAT_split/QF_NIA_2_10/20170427-VeryMax/ITS/From_AProVE_2014__juLinkedListCreateAddAll.jar-obl-11__p9567_terminationG_0.smt2 : 886 ms.
--------------------------------------------------
unknown
../New_SAT_split/QF_NIA_2_10/20170427-VeryMax/ITS/From_AProVE_2014__juLinkedListCreateAddAll.jar-obl-11__p9570_terminationG_0.smt2 : 943 ms.
--------------------------------------------------
unknown
../New_SAT_split/QF_NIA_2_10/20170427-VeryMax/ITS/From_AProVE_2014__juLinkedListCreateAddAll.jar-obl-11__p9571_terminationG_0.smt2 : 884 ms.
--------------------------------------------------
unknown
../New_SAT_split/QF_NIA_2_10/20170427-VeryMax/ITS/From_AProVE_2014__juLinkedListCreateAddAll.jar-obl-11__p9572_terminationG_0.smt2 : 894 ms.
--------------------------------------------------
unknown
../New_SAT_split/QF_NIA_2_10/20170427-VeryMax/ITS/From_AProVE_2014__juLinkedListCreateAddAll.jar-obl-11__p9579_terminationG_0.smt2 : 862 ms.
--------------------------------------------------
unknown
../New_SAT_split/QF_NIA_2_10/20170427-VeryMax/ITS/From_AProVE_2014__juLinkedListCreateAddAll.jar-obl-11__p9580_terminationG_0.smt2 : 944 ms.
--------------------------------------------------
unknown
../New_SAT_split/QF_NIA_2_10/20170427-VeryMax/ITS/From_AProVE_2014__juLinkedListCreateAddAll.jar-obl-11__p9581_terminationG_0.smt2 : 841 ms.
--------------------------------------------------
sat
../New_SAT_split/QF_NIA_2_10/20170427-VeryMax/ITS/From_AProVE_2014__juLinkedListCreateAddAll.jar-obl-11__p9588_safety_0.smt2 : 43604 ms.
--------------------------------------------------
unknown
../New_SAT_split/QF_NIA_2_10/20170427-VeryMax/ITS/From_AProVE_2014__juLinkedListCreateAddAll.jar-obl-11__p9589_safety_0.smt2 : 868 ms.
--------------------------------------------------
unknown
../New_SAT_split/QF_NIA_2_10/20170427-VeryMax/ITS/From_AProVE_2014__juLinkedListCreateAddAll.jar-obl-11__p9590_safety_0.smt2 : 1011 ms.
--------------------------------------------------
sat
../New_SAT_split/QF_NIA_2_10/20170427-VeryMax/ITS/From_AProVE_2014__juLinkedListCreateAddAll.jar-obl-11__p9591_safety_0.smt2 : 46228 ms.
--------------------------------------------------
unknown
../New_SAT_split/QF_NIA_2_10/20170427-VeryMax/ITS/From_AProVE_2014__juLinkedListCreateAddAll.jar-obl-11__p9592_safety_0.smt2 : 818 ms.
--------------------------------------------------
unknown
../New_SAT_split/QF_NIA_2_10/20170427-VeryMax/ITS/From_AProVE_2014__juLinkedListCreateAddAll.jar-obl-11__p9593_safety_0.smt2 : 874 ms.
--------------------------------------------------
sat
../New_SAT_split/QF_NIA_2_10/20170427-VeryMax/ITS/From_AProVE_2014__juLinkedListCreateAddAll.jar-obl-11__p9598_safety_0.smt2 : 166799 ms.
--------------------------------------------------
unknown
../New_SAT_split/QF_NIA_2_10/20170427-VeryMax/ITS/From_AProVE_2014__juLinkedListCreateAddAll.jar-obl-11__p9599_safety_0.smt2 : 801 ms.
--------------------------------------------------
unknown
../New_SAT_split/QF_NIA_2_10/20170427-VeryMax/ITS/From_AProVE_2014__juLinkedListCreateAddAll.jar-obl-11__p9600_safety_0.smt2 : 853 ms.
--------------------------------------------------
unknown
../New_SAT_split/QF_NIA_2_10/20170427-VeryMax/ITS/From_AProVE_2014__juLinkedListCreateAddAll.jar-obl-11__p9603_terminationG_0.smt2 : 796 ms.
--------------------------------------------------
unknown
../New_SAT_split/QF_NIA_2_10/20170427-VeryMax/ITS/From_AProVE_2014__juLinkedListCreateAddAll.jar-obl-11__p9608_terminationG_0.smt2 : 806 ms.
--------------------------------------------------
unknown
../New_SAT_split/QF_NIA_2_10/20170427-VeryMax/ITS/From_AProVE_2014__juLinkedListCreateAddAll.jar-obl-11__p9610_terminationG_0.smt2 : 952 ms.
--------------------------------------------------
unknown
../New_SAT_split/QF_NIA_2_10/20170427-VeryMax/ITS/From_AProVE_2014__juLinkedListCreateAddAll.jar-obl-11__p9617_terminationG_0.smt2 : 900 ms.
--------------------------------------------------
unknown
../New_SAT_split/QF_NIA_2_10/20170427-VeryMax/ITS/From_AProVE_2014__juLinkedListCreateAddAll.jar-obl-11__p9619_terminationG_0.smt2 : 878 ms.
--------------------------------------------------
unknown
../New_SAT_split/QF_NIA_2_10/20170427-VeryMax/ITS/From_AProVE_2014__juLinkedListCreateAddAll.jar-obl-11__p9626_terminationG_0.smt2 : 834 ms.
--------------------------------------------------
sat
../New_SAT_split/QF_NIA_2_10/20170427-VeryMax/ITS/From_AProVE_2014__juLinkedListCreateAddAll.jar-obl-11__terminationQ_2_0.smt2 : 5022 ms.
--------------------------------------------------
sat
../New_SAT_split/QF_NIA_2_10/20170427-VeryMax/ITS/From_AProVE_2014__juLinkedListCreateAddAll.jar-obl-11__terminationQ_5_0.smt2 : 36278 ms.
--------------------------------------------------
unknown
../New_SAT_split/QF_NIA_2_10/20170427-VeryMax/ITS/From_AProVE_2014__juLinkedListCreateAddAll.jar-obl-11__terminationQ_6_0.smt2 : 216 ms.
--------------------------------------------------
unknown
../New_SAT_split/QF_NIA_2_10/20170427-VeryMax/ITS/From_AProVE_2014__juLinkedListCreateAddAll.jar-obl-11__terminationQ_7_0.smt2 : 219 ms.
