--------------------------------------------------
unknown
../New_SAT_split/QF_NIA_2_43/20170427-VeryMax/ITS/From_AProVE_2014__juLinkedListCreateContainsAll.jar-obl-11__p9682_terminationG_0.smt2 : 2203 ms.
--------------------------------------------------
unknown
../New_SAT_split/QF_NIA_2_43/20170427-VeryMax/ITS/From_AProVE_2014__juLinkedListCreateContainsAll.jar-obl-11__p9683_terminationG_0.smt2 : 2983 ms.
--------------------------------------------------
unknown
../New_SAT_split/QF_NIA_2_43/20170427-VeryMax/ITS/From_AProVE_2014__juLinkedListCreateContainsAll.jar-obl-11__p9684_terminationG_0.smt2 : 1833 ms.
--------------------------------------------------
unknown
../New_SAT_split/QF_NIA_2_43/20170427-VeryMax/ITS/From_AProVE_2014__juLinkedListCreateContainsAll.jar-obl-11__terminationQ_0_0.smt2 : 2149 ms.
--------------------------------------------------
unknown
../New_SAT_split/QF_NIA_2_43/20170427-VeryMax/ITS/From_AProVE_2014__juLinkedListCreateContainsAll.jar-obl-11__term_unfeasibility_5_0.smt2 : 1493 ms.
--------------------------------------------------
sat
../New_SAT_split/QF_NIA_2_43/20170427-VeryMax/ITS/From_AProVE_2014__juLinkedListCreateContains.jar-obl-16__term_unfeasibility_10_0.smt2 : 6648 ms.
--------------------------------------------------
sat
../New_SAT_split/QF_NIA_2_43/20170427-VeryMax/ITS/From_AProVE_2014__juLinkedListCreateContains.jar-obl-16__term_unfeasibility_2_0.smt2 : 4129 ms.
--------------------------------------------------
sat
../New_SAT_split/QF_NIA_2_43/20170427-VeryMax/ITS/From_AProVE_2014__juLinkedListCreateContains.jar-obl-16__term_unfeasibility_4_0.smt2 : 4762 ms.
--------------------------------------------------
sat
../New_SAT_split/QF_NIA_2_43/20170427-VeryMax/ITS/From_AProVE_2014__juLinkedListCreateContains.jar-obl-16__term_unfeasibility_8_0.smt2 : 5677 ms.
--------------------------------------------------
sat
../New_SAT_split/QF_NIA_2_43/20170427-VeryMax/ITS/From_AProVE_2014__juLinkedListCreateIndexOf.jar-obl-16__term_unfeasibility_4_0.smt2 : 8300 ms.
--------------------------------------------------
sat
../New_SAT_split/QF_NIA_2_43/20170427-VeryMax/ITS/From_AProVE_2014__juLinkedListCreateLastIndexOf.jar-obl-16__term_unfeasibility_4_0.smt2 : 6501 ms.
--------------------------------------------------
unknown
../New_SAT_split/QF_NIA_2_43/20170427-VeryMax/ITS/From_AProVE_2014__juLinkedListCreateRemoveAll.jar-obl-11__p9811_terminationG_0.smt2 : 2120 ms.
--------------------------------------------------
unknown
../New_SAT_split/QF_NIA_2_43/20170427-VeryMax/ITS/From_AProVE_2014__juLinkedListCreateRemoveAll.jar-obl-11__term_unfeasibility_5_0.smt2 : 1030 ms.
--------------------------------------------------
unknown
../New_SAT_split/QF_NIA_2_43/20170427-VeryMax/ITS/From_AProVE_2014__KnapsackDP.jar-obl-11__p9899_terminationG_0.smt2 : 206335 ms.
--------------------------------------------------
unknown
../New_SAT_split/QF_NIA_2_43/20170427-VeryMax/ITS/From_AProVE_2014__KnapsackDP.jar-obl-11__p9900_terminationG_0.smt2 : 1112 ms.
--------------------------------------------------
unknown
../New_SAT_split/QF_NIA_2_43/20170427-VeryMax/ITS/From_AProVE_2014__KnapsackDP.jar-obl-11__p9901_terminationG_0.smt2 : 1004 ms.
--------------------------------------------------
sat
../New_SAT_split/QF_NIA_2_43/20170427-VeryMax/ITS/From_AProVE_2014__KnapsackDP.jar-obl-11__p9932_edge_closing_0.smt2 : 2162744 ms.
--------------------------------------------------
unknown
../New_SAT_split/QF_NIA_2_43/20170427-VeryMax/ITS/From_AProVE_2014__KnapsackDP.jar-obl-11__p9933_edge_closing_0.smt2 : 2400513 ms.
--------------------------------------------------
unknown
../New_SAT_split/QF_NIA_2_43/20170427-VeryMax/ITS/From_AProVE_2014__KnapsackDP.jar-obl-11__p9935_edge_closing_0.smt2 : 242 ms.
--------------------------------------------------
unknown
../New_SAT_split/QF_NIA_2_43/20170427-VeryMax/ITS/From_AProVE_2014__KnapsackDP.jar-obl-11__p9936_edge_closing_0.smt2 : 265 ms.
--------------------------------------------------
unknown
../New_SAT_split/QF_NIA_2_43/20170427-VeryMax/ITS/From_AProVE_2014__KnapsackDP.jar-obl-11__p9937_edge_closing_0.smt2 : 256 ms.
--------------------------------------------------
sat
../New_SAT_split/QF_NIA_2_43/20170427-VeryMax/ITS/From_AProVE_2014__KnapsackDP.jar-obl-11__p9939_edge_closing_0.smt2 : 37780 ms.
--------------------------------------------------
unknown
../New_SAT_split/QF_NIA_2_43/20170427-VeryMax/ITS/From_AProVE_2014__KnapsackDP.jar-obl-11__p9940_edge_closing_0.smt2 : 2400408 ms.
--------------------------------------------------
sat
../New_SAT_split/QF_NIA_2_43/20170427-VeryMax/ITS/From_AProVE_2014__KnapsackDP.jar-obl-11__p9946_edge_closing_0.smt2 : 504965 ms.
--------------------------------------------------
sat
../New_SAT_split/QF_NIA_2_43/20170427-VeryMax/ITS/From_AProVE_2014__KnapsackDP.jar-obl-11__p9950_edge_closing_0.smt2 : 10126 ms.
--------------------------------------------------
sat
../New_SAT_split/QF_NIA_2_43/20170427-VeryMax/ITS/From_AProVE_2014__KnapsackDP.jar-obl-11__p9951_edge_closing_0.smt2 : 80980 ms.
--------------------------------------------------
sat
../New_SAT_split/QF_NIA_2_43/20170427-VeryMax/ITS/From_AProVE_2014__KnapsackDP.jar-obl-11__p9952_edge_closing_0.smt2 : 1181528 ms.
--------------------------------------------------
sat
../New_SAT_split/QF_NIA_2_43/20170427-VeryMax/ITS/From_AProVE_2014__LessLeaves.jar-obl-10__p10000_edge_closing_0.smt2 : 112559 ms.
--------------------------------------------------
sat
../New_SAT_split/QF_NIA_2_43/20170427-VeryMax/ITS/From_AProVE_2014__LessLeaves.jar-obl-10__p10001_edge_closing_0.smt2 : 2001373 ms.
--------------------------------------------------
unknown
../New_SAT_split/QF_NIA_2_43/20170427-VeryMax/ITS/From_AProVE_2014__LessLeaves.jar-obl-10__p10002_edge_closing_0.smt2 : 785 ms.
--------------------------------------------------
sat
../New_SAT_split/QF_NIA_2_43/20170427-VeryMax/ITS/From_AProVE_2014__LessLeaves.jar-obl-10__p10006_edge_closing_0.smt2 : 53219 ms.
--------------------------------------------------
sat
../New_SAT_split/QF_NIA_2_43/20170427-VeryMax/ITS/From_AProVE_2014__LessLeaves.jar-obl-10__p10007_edge_closing_0.smt2 : 377626 ms.
--------------------------------------------------
unknown
../New_SAT_split/QF_NIA_2_43/20170427-VeryMax/ITS/From_AProVE_2014__LessLeaves.jar-obl-10__p10008_edge_closing_0.smt2 : 779 ms.
--------------------------------------------------
sat
../New_SAT_split/QF_NIA_2_43/20170427-VeryMax/ITS/From_AProVE_2014__LessLeaves.jar-obl-10__p10012_edge_closing_0.smt2 : 49566 ms.
--------------------------------------------------
unknown
../New_SAT_split/QF_NIA_2_43/20170427-VeryMax/ITS/From_AProVE_2014__LessLeaves.jar-obl-10__p10013_edge_closing_0.smt2 : 2400575 ms.
--------------------------------------------------
unknown
../New_SAT_split/QF_NIA_2_43/20170427-VeryMax/ITS/From_AProVE_2014__LessLeaves.jar-obl-10__p10014_edge_closing_0.smt2 : 2390 ms.
--------------------------------------------------
sat
../New_SAT_split/QF_NIA_2_43/20170427-VeryMax/ITS/From_AProVE_2014__LessLeaves.jar-obl-10__p10018_edge_closing_0.smt2 : 98493 ms.
--------------------------------------------------
sat
../New_SAT_split/QF_NIA_2_43/20170427-VeryMax/ITS/From_AProVE_2014__LessLeaves.jar-obl-10__p10019_edge_closing_0.smt2 : 1133446 ms.
--------------------------------------------------
unknown
../New_SAT_split/QF_NIA_2_43/20170427-VeryMax/ITS/From_AProVE_2014__LessLeaves.jar-obl-10__p10020_edge_closing_0.smt2 : 1090 ms.
--------------------------------------------------
sat
../New_SAT_split/QF_NIA_2_43/20170427-VeryMax/ITS/From_AProVE_2014__LessLeaves.jar-obl-10__p9969_terminationG_0.smt2 : 5002 ms.
--------------------------------------------------
sat
../New_SAT_split/QF_NIA_2_43/20170427-VeryMax/ITS/From_AProVE_2014__LessLeaves.jar-obl-10__p9970_terminationG_0.smt2 : 8973 ms.
--------------------------------------------------
sat
../New_SAT_split/QF_NIA_2_43/20170427-VeryMax/ITS/From_AProVE_2014__LessLeaves.jar-obl-10__p9978_terminationG_0.smt2 : 4094 ms.
--------------------------------------------------
sat
../New_SAT_split/QF_NIA_2_43/20170427-VeryMax/ITS/From_AProVE_2014__LessLeaves.jar-obl-10__p9979_terminationG_0.smt2 : 6112 ms.
--------------------------------------------------
sat
../New_SAT_split/QF_NIA_2_43/20170427-VeryMax/ITS/From_AProVE_2014__LessLeaves.jar-obl-10__p9986_terminationG_0.smt2 : 2812 ms.
--------------------------------------------------
sat
../New_SAT_split/QF_NIA_2_43/20170427-VeryMax/ITS/From_AProVE_2014__LessLeaves.jar-obl-10__p9987_terminationG_0.smt2 : 13827 ms.
--------------------------------------------------
sat
../New_SAT_split/QF_NIA_2_43/20170427-VeryMax/ITS/From_AProVE_2014__LessLeaves.jar-obl-10__p9988_terminationG_0.smt2 : 36225 ms.
--------------------------------------------------
unknown
../New_SAT_split/QF_NIA_2_43/20170427-VeryMax/ITS/From_AProVE_2014__LessLeavesRec.jar-obl-10__p10030_terminationG_0.smt2 : 995 ms.
--------------------------------------------------
unknown
../New_SAT_split/QF_NIA_2_43/20170427-VeryMax/ITS/From_AProVE_2014__LessLeavesRec.jar-obl-10__p10031_terminationG_0.smt2 : 1213 ms.
--------------------------------------------------
unknown
../New_SAT_split/QF_NIA_2_43/20170427-VeryMax/ITS/From_AProVE_2014__LessLeavesRec.jar-obl-10__p10032_terminationG_0.smt2 : 1468 ms.
--------------------------------------------------
sat
../New_SAT_split/QF_NIA_2_43/20170427-VeryMax/ITS/From_AProVE_2014__LinkedList.jar-obl-10__p10060_terminationG_0.smt2 : 2326 ms.
--------------------------------------------------
sat
../New_SAT_split/QF_NIA_2_43/20170427-VeryMax/ITS/From_AProVE_2014__LinkedList.jar-obl-10__p10067_safety_0.smt2 : 1787 ms.
--------------------------------------------------
sat
../New_SAT_split/QF_NIA_2_43/20170427-VeryMax/ITS/From_AProVE_2014__LinkedList.jar-obl-10__p10068_safety_0.smt2 : 2132 ms.
--------------------------------------------------
sat
../New_SAT_split/QF_NIA_2_43/20170427-VeryMax/ITS/From_AProVE_2014__LinkedList.jar-obl-10__p10072_safety_0.smt2 : 1531 ms.
--------------------------------------------------
sat
../New_SAT_split/QF_NIA_2_43/20170427-VeryMax/ITS/From_AProVE_2014__LinkedList.jar-obl-10__p10073_safety_0.smt2 : 2199 ms.
--------------------------------------------------
sat
../New_SAT_split/QF_NIA_2_43/20170427-VeryMax/ITS/From_AProVE_2014__LinkedList.jar-obl-10__p10075_safety_0.smt2 : 4589 ms.
--------------------------------------------------
sat
../New_SAT_split/QF_NIA_2_43/20170427-VeryMax/ITS/From_AProVE_2014__LinkedList.jar-obl-10__p10076_safety_0.smt2 : 66108 ms.
--------------------------------------------------
sat
../New_SAT_split/QF_NIA_2_43/20170427-VeryMax/ITS/From_AProVE_2014__LinkedList.jar-obl-10__p10085_edge_closing_0.smt2 : 14752 ms.
--------------------------------------------------
sat
../New_SAT_split/QF_NIA_2_43/20170427-VeryMax/ITS/From_AProVE_2014__ListContent.jar-obl-9__p10102_terminationG_0.smt2 : 10812 ms.
--------------------------------------------------
sat
../New_SAT_split/QF_NIA_2_43/20170427-VeryMax/ITS/From_AProVE_2014__ListInt.jar-obl-12__p10153_edge_closing_0.smt2 : 20579 ms.
--------------------------------------------------
../New_SAT_split/QF_NIA_2_43/20170427-VeryMax/ITS/From_AProVE_2014__ListInt.jar-obl-12__p10159_edge_closing_0.smt2 : 2401007 ms.
--------------------------------------------------
sat
../New_SAT_split/QF_NIA_2_43/20170427-VeryMax/ITS/From_AProVE_2014__List.jar-obl-12__p10188_terminationG_0.smt2 : 4059 ms.
--------------------------------------------------
sat
../New_SAT_split/QF_NIA_2_43/20170427-VeryMax/ITS/From_AProVE_2014__List.jar-obl-12__p10189_terminationG_0.smt2 : 4056 ms.
--------------------------------------------------
sat
../New_SAT_split/QF_NIA_2_43/20170427-VeryMax/ITS/From_AProVE_2014__List.jar-obl-12__p10209_edge_closing_0.smt2 : 5684 ms.
--------------------------------------------------
sat
../New_SAT_split/QF_NIA_2_43/20170427-VeryMax/ITS/From_AProVE_2014__List.jar-obl-12__p10211_edge_closing_0.smt2 : 23267 ms.
--------------------------------------------------
sat
../New_SAT_split/QF_NIA_2_43/20170427-VeryMax/ITS/From_AProVE_2014__List.jar-obl-12__p10212_edge_closing_0.smt2 : 57697 ms.
--------------------------------------------------
sat
../New_SAT_split/QF_NIA_2_43/20170427-VeryMax/ITS/From_AProVE_2014__List.jar-obl-12__p10216_edge_closing_0.smt2 : 1746 ms.
--------------------------------------------------
sat
../New_SAT_split/QF_NIA_2_43/20170427-VeryMax/ITS/From_AProVE_2014__List.jar-obl-12__p10217_edge_closing_0.smt2 : 338418 ms.
--------------------------------------------------
../New_SAT_split/QF_NIA_2_43/20170427-VeryMax/ITS/From_AProVE_2014__List.jar-obl-12__p10218_edge_closing_0.smt2 : 2401010 ms.
--------------------------------------------------
sat
../New_SAT_split/QF_NIA_2_43/20170427-VeryMax/ITS/From_AProVE_2014__List.jar-obl-12__p10222_edge_closing_0.smt2 : 2424 ms.
--------------------------------------------------
sat
../New_SAT_split/QF_NIA_2_43/20170427-VeryMax/ITS/From_AProVE_2014__List.jar-obl-12__p10223_edge_closing_0.smt2 : 111550 ms.
--------------------------------------------------
sat
../New_SAT_split/QF_NIA_2_43/20170427-VeryMax/ITS/From_AProVE_2014__List.jar-obl-12__p10224_edge_closing_0.smt2 : 396998 ms.
--------------------------------------------------
sat
../New_SAT_split/QF_NIA_2_43/20170427-VeryMax/ITS/From_AProVE_2014__Log.jar-obl-8__p10266_terminationG_0.smt2 : 8529 ms.
--------------------------------------------------
sat
../New_SAT_split/QF_NIA_2_43/20170427-VeryMax/ITS/From_AProVE_2014__LoopingNonterm.jar-obl-8__p10316_edge_closing_0.smt2 : 54127 ms.
--------------------------------------------------
sat
../New_SAT_split/QF_NIA_2_43/20170427-VeryMax/ITS/From_AProVE_2014__MainCopy.jar-obl-10__p10342_terminationG_0.smt2 : 133610 ms.
--------------------------------------------------
sat
../New_SAT_split/QF_NIA_2_43/20170427-VeryMax/ITS/From_AProVE_2014__MainCopy.jar-obl-10__p10351_edge_closing_0.smt2 : 23604 ms.
--------------------------------------------------
sat
../New_SAT_split/QF_NIA_2_43/20170427-VeryMax/ITS/From_AProVE_2014__MainCopy.jar-obl-10__p10352_edge_closing_0.smt2 : 54093 ms.
--------------------------------------------------
sat
../New_SAT_split/QF_NIA_2_43/20170427-VeryMax/ITS/From_AProVE_2014__MainCopy.jar-obl-10__p10356_edge_closing_0.smt2 : 1970 ms.
--------------------------------------------------
sat
../New_SAT_split/QF_NIA_2_43/20170427-VeryMax/ITS/From_AProVE_2014__MainCopy.jar-obl-10__p10357_edge_closing_0.smt2 : 81679 ms.
--------------------------------------------------
sat
../New_SAT_split/QF_NIA_2_43/20170427-VeryMax/ITS/From_AProVE_2014__MainCopy.jar-obl-10__p10358_edge_closing_0.smt2 : 43514 ms.
--------------------------------------------------
sat
../New_SAT_split/QF_NIA_2_43/20170427-VeryMax/ITS/From_AProVE_2014__MainCopy.jar-obl-10__p10362_edge_closing_0.smt2 : 2188 ms.
--------------------------------------------------
sat
../New_SAT_split/QF_NIA_2_43/20170427-VeryMax/ITS/From_AProVE_2014__MainCopy.jar-obl-10__p10363_edge_closing_0.smt2 : 23086 ms.
--------------------------------------------------
unknown
../New_SAT_split/QF_NIA_2_43/20170427-VeryMax/ITS/From_AProVE_2014__MainCopy.jar-obl-10__p10364_edge_closing_0.smt2 : 2400391 ms.
--------------------------------------------------
sat
../New_SAT_split/QF_NIA_2_43/20170427-VeryMax/ITS/From_AProVE_2014__MainDelete.jar-obl-10__p10424_terminationG_0.smt2 : 3817 ms.
--------------------------------------------------
sat
../New_SAT_split/QF_NIA_2_43/20170427-VeryMax/ITS/From_AProVE_2014__MainDelete.jar-obl-10__p10435_terminationG_0.smt2 : 3643 ms.
--------------------------------------------------
sat
../New_SAT_split/QF_NIA_2_43/20170427-VeryMax/ITS/From_AProVE_2014__MainDelete.jar-obl-10__p10436_terminationG_0.smt2 : 15127 ms.
--------------------------------------------------
sat
../New_SAT_split/QF_NIA_2_43/20170427-VeryMax/ITS/From_AProVE_2014__MainDelete.jar-obl-10__p10447_terminationG_0.smt2 : 1162 ms.
--------------------------------------------------
sat
../New_SAT_split/QF_NIA_2_43/20170427-VeryMax/ITS/From_AProVE_2014__MainDelete.jar-obl-10__p10448_terminationG_0.smt2 : 2001 ms.
--------------------------------------------------
sat
../New_SAT_split/QF_NIA_2_43/20170427-VeryMax/ITS/From_AProVE_2014__MainDelete.jar-obl-10__p10459_terminationG_0.smt2 : 1104 ms.
--------------------------------------------------
sat
../New_SAT_split/QF_NIA_2_43/20170427-VeryMax/ITS/From_AProVE_2014__MainDelete.jar-obl-10__p10460_terminationG_0.smt2 : 7713 ms.
--------------------------------------------------
sat
../New_SAT_split/QF_NIA_2_43/20170427-VeryMax/ITS/From_AProVE_2014__MainDelete.jar-obl-10__p10471_terminationG_0.smt2 : 18953 ms.
--------------------------------------------------
sat
../New_SAT_split/QF_NIA_2_43/20170427-VeryMax/ITS/From_AProVE_2014__MainDelete.jar-obl-10__p10472_terminationG_0.smt2 : 141418 ms.
--------------------------------------------------
sat
../New_SAT_split/QF_NIA_2_43/20170427-VeryMax/ITS/From_AProVE_2014__MainDelete.jar-obl-10__p10484_terminationG_0.smt2 : 4468 ms.
--------------------------------------------------
sat
../New_SAT_split/QF_NIA_2_43/20170427-VeryMax/ITS/From_AProVE_2014__MainDelete.jar-obl-10__p10485_terminationG_0.smt2 : 37429 ms.
--------------------------------------------------
sat
../New_SAT_split/QF_NIA_2_43/20170427-VeryMax/ITS/From_AProVE_2014__MainDelete.jar-obl-10__p10500_edge_closing_0.smt2 : 42008 ms.
--------------------------------------------------
sat
../New_SAT_split/QF_NIA_2_43/20170427-VeryMax/ITS/From_AProVE_2014__MainDelete.jar-obl-10__p10501_edge_closing_0.smt2 : 8482 ms.
--------------------------------------------------
sat
../New_SAT_split/QF_NIA_2_43/20170427-VeryMax/ITS/From_AProVE_2014__MainDelete.jar-obl-10__p10508_edge_closing_0.smt2 : 76331 ms.
--------------------------------------------------
sat
../New_SAT_split/QF_NIA_2_43/20170427-VeryMax/ITS/From_AProVE_2014__MainDelete.jar-obl-10__p10510_edge_closing_0.smt2 : 29541 ms.
--------------------------------------------------
sat
../New_SAT_split/QF_NIA_2_43/20170427-VeryMax/ITS/From_AProVE_2014__MainDelete.jar-obl-10__p10514_edge_closing_0.smt2 : 1131197 ms.
--------------------------------------------------
sat
../New_SAT_split/QF_NIA_2_43/20170427-VeryMax/ITS/From_AProVE_2014__MainDelete.jar-obl-10__p10518_edge_closing_0.smt2 : 25854 ms.
--------------------------------------------------
sat
../New_SAT_split/QF_NIA_2_43/20170427-VeryMax/ITS/From_AProVE_2014__MainDelete.jar-obl-10__p10519_edge_closing_0.smt2 : 185201 ms.
--------------------------------------------------
sat
../New_SAT_split/QF_NIA_2_43/20170427-VeryMax/ITS/From_AProVE_2014__MainFind.jar-obl-10__p10564_terminationG_0.smt2 : 3794 ms.
--------------------------------------------------
sat
../New_SAT_split/QF_NIA_2_43/20170427-VeryMax/ITS/From_AProVE_2014__MainFind.jar-obl-10__p10571_terminationG_0.smt2 : 1522 ms.
--------------------------------------------------
sat
../New_SAT_split/QF_NIA_2_43/20170427-VeryMax/ITS/From_AProVE_2014__MainFind.jar-obl-10__p10572_terminationG_0.smt2 : 3266 ms.
--------------------------------------------------
sat
../New_SAT_split/QF_NIA_2_43/20170427-VeryMax/ITS/From_AProVE_2014__MainFind.jar-obl-10__p10579_terminationG_0.smt2 : 1597 ms.
--------------------------------------------------
sat
../New_SAT_split/QF_NIA_2_43/20170427-VeryMax/ITS/From_AProVE_2014__MainFind.jar-obl-10__p10580_terminationG_0.smt2 : 3562 ms.
--------------------------------------------------
sat
../New_SAT_split/QF_NIA_2_43/20170427-VeryMax/ITS/From_AProVE_2014__MainFind.jar-obl-10__p10587_terminationG_0.smt2 : 3549 ms.
--------------------------------------------------
sat
../New_SAT_split/QF_NIA_2_43/20170427-VeryMax/ITS/From_AProVE_2014__MainFind.jar-obl-10__p10588_terminationG_0.smt2 : 12117 ms.
--------------------------------------------------
sat
../New_SAT_split/QF_NIA_2_43/20170427-VeryMax/ITS/From_AProVE_2014__MainFind.jar-obl-10__p10595_terminationG_0.smt2 : 28983 ms.
--------------------------------------------------
sat
../New_SAT_split/QF_NIA_2_43/20170427-VeryMax/ITS/From_AProVE_2014__MainFind.jar-obl-10__p10596_terminationG_0.smt2 : 2783 ms.
--------------------------------------------------
sat
../New_SAT_split/QF_NIA_2_43/20170427-VeryMax/ITS/From_AProVE_2014__MainFind.jar-obl-10__p10607_edge_closing_0.smt2 : 4209 ms.
--------------------------------------------------
sat
../New_SAT_split/QF_NIA_2_43/20170427-VeryMax/ITS/From_AProVE_2014__MainFind.jar-obl-10__p10608_edge_closing_0.smt2 : 11741 ms.
--------------------------------------------------
sat
../New_SAT_split/QF_NIA_2_43/20170427-VeryMax/ITS/From_AProVE_2014__MainFind.jar-obl-10__p10614_edge_closing_0.smt2 : 5611 ms.
--------------------------------------------------
sat
../New_SAT_split/QF_NIA_2_43/20170427-VeryMax/ITS/From_AProVE_2014__MainFind.jar-obl-10__p10615_edge_closing_0.smt2 : 38733 ms.
--------------------------------------------------
sat
../New_SAT_split/QF_NIA_2_43/20170427-VeryMax/ITS/From_AProVE_2014__MainFind.jar-obl-10__p10619_edge_closing_0.smt2 : 1936 ms.
--------------------------------------------------
sat
../New_SAT_split/QF_NIA_2_43/20170427-VeryMax/ITS/From_AProVE_2014__MainFind.jar-obl-10__p10620_edge_closing_0.smt2 : 1865 ms.
--------------------------------------------------
sat
../New_SAT_split/QF_NIA_2_43/20170427-VeryMax/ITS/From_AProVE_2014__MainFind.jar-obl-10__p10621_edge_closing_0.smt2 : 48134 ms.
--------------------------------------------------
sat
../New_SAT_split/QF_NIA_2_43/20170427-VeryMax/ITS/From_AProVE_2014__MainFind.jar-obl-10__p10625_edge_closing_0.smt2 : 26989 ms.
--------------------------------------------------
unknown
../New_SAT_split/QF_NIA_2_43/20170427-VeryMax/ITS/From_AProVE_2014__MainFind.jar-obl-10__p10626_edge_closing_0.smt2 : 2400568 ms.
--------------------------------------------------
unknown
../New_SAT_split/QF_NIA_2_43/20170427-VeryMax/ITS/From_AProVE_2014__MainFind.jar-obl-10__p10627_edge_closing_0.smt2 : 2400570 ms.
--------------------------------------------------
sat
../New_SAT_split/QF_NIA_2_43/20170427-VeryMax/ITS/From_AProVE_2014__MainGet.jar-obl-10__p10663_terminationG_0.smt2 : 16117 ms.
--------------------------------------------------
sat
../New_SAT_split/QF_NIA_2_43/20170427-VeryMax/ITS/From_AProVE_2014__MainGet.jar-obl-10__p10671_terminationG_0.smt2 : 4893 ms.
--------------------------------------------------
sat
../New_SAT_split/QF_NIA_2_43/20170427-VeryMax/ITS/From_AProVE_2014__MainGet.jar-obl-10__p10682_edge_closing_0.smt2 : 3060 ms.
--------------------------------------------------
sat
../New_SAT_split/QF_NIA_2_43/20170427-VeryMax/ITS/From_AProVE_2014__MainGet.jar-obl-10__p10683_edge_closing_0.smt2 : 131845 ms.
--------------------------------------------------
sat
../New_SAT_split/QF_NIA_2_43/20170427-VeryMax/ITS/From_AProVE_2014__MainGet.jar-obl-10__p10689_edge_closing_0.smt2 : 4914 ms.
--------------------------------------------------
sat
../New_SAT_split/QF_NIA_2_43/20170427-VeryMax/ITS/From_AProVE_2014__MainGet.jar-obl-10__p10690_edge_closing_0.smt2 : 16352 ms.
--------------------------------------------------
sat
../New_SAT_split/QF_NIA_2_43/20170427-VeryMax/ITS/From_AProVE_2014__MainGet.jar-obl-10__p10694_edge_closing_0.smt2 : 8116 ms.
--------------------------------------------------
sat
../New_SAT_split/QF_NIA_2_43/20170427-VeryMax/ITS/From_AProVE_2014__MainGet.jar-obl-10__p10695_edge_closing_0.smt2 : 595252 ms.
--------------------------------------------------
unknown
../New_SAT_split/QF_NIA_2_43/20170427-VeryMax/ITS/From_AProVE_2014__Main.jar-obl-11__p10706_terminationG_0.smt2 : 1925 ms.
--------------------------------------------------
unknown
../New_SAT_split/QF_NIA_2_43/20170427-VeryMax/ITS/From_AProVE_2014__Main.jar-obl-11__p10707_terminationG_0.smt2 : 2069 ms.
--------------------------------------------------
unknown
../New_SAT_split/QF_NIA_2_43/20170427-VeryMax/ITS/From_AProVE_2014__Main.jar-obl-11__p10708_terminationG_0.smt2 : 2818 ms.
--------------------------------------------------
unknown
../New_SAT_split/QF_NIA_2_43/20170427-VeryMax/ITS/From_AProVE_2014__Main.jar-obl-11__p10712_terminationG_0.smt2 : 1926 ms.
--------------------------------------------------
unknown
../New_SAT_split/QF_NIA_2_43/20170427-VeryMax/ITS/From_AProVE_2014__Main.jar-obl-11__p10713_terminationG_0.smt2 : 1873 ms.
--------------------------------------------------
unknown
../New_SAT_split/QF_NIA_2_43/20170427-VeryMax/ITS/From_AProVE_2014__Main.jar-obl-11__p10714_terminationG_0.smt2 : 2375 ms.
--------------------------------------------------
unknown
../New_SAT_split/QF_NIA_2_43/20170427-VeryMax/ITS/From_AProVE_2014__Main.jar-obl-11__p10716_edge_closing_0.smt2 : 2003 ms.
--------------------------------------------------
unknown
../New_SAT_split/QF_NIA_2_43/20170427-VeryMax/ITS/From_AProVE_2014__Main.jar-obl-11__p10717_edge_closing_0.smt2 : 2292 ms.
--------------------------------------------------
unknown
../New_SAT_split/QF_NIA_2_43/20170427-VeryMax/ITS/From_AProVE_2014__Main.jar-obl-11__p10718_edge_closing_0.smt2 : 3029 ms.
--------------------------------------------------
unknown
../New_SAT_split/QF_NIA_2_43/20170427-VeryMax/ITS/From_AProVE_2014__Main.jar-obl-11__p10720_edge_closing_0.smt2 : 1940 ms.
--------------------------------------------------
unknown
../New_SAT_split/QF_NIA_2_43/20170427-VeryMax/ITS/From_AProVE_2014__Main.jar-obl-11__p10721_edge_closing_0.smt2 : 1953 ms.
--------------------------------------------------
unknown
../New_SAT_split/QF_NIA_2_43/20170427-VeryMax/ITS/From_AProVE_2014__Main.jar-obl-11__p10722_edge_closing_0.smt2 : 1928 ms.
--------------------------------------------------
unknown
../New_SAT_split/QF_NIA_2_43/20170427-VeryMax/ITS/From_AProVE_2014__Main.jar-obl-11__terminationQ_0_0.smt2 : 1569 ms.
--------------------------------------------------
sat
../New_SAT_split/QF_NIA_2_43/20170427-VeryMax/ITS/From_AProVE_2014__MainMove.jar-obl-11__p10744_edge_closing_0.smt2 : 4049 ms.
--------------------------------------------------
unknown
../New_SAT_split/QF_NIA_2_43/20170427-VeryMax/ITS/From_AProVE_2014__MainMove.jar-obl-11__p10745_edge_closing_0.smt2 : 2400486 ms.
--------------------------------------------------
sat
../New_SAT_split/QF_NIA_2_43/20170427-VeryMax/ITS/From_AProVE_2014__MainMove.jar-obl-11__p10751_edge_closing_0.smt2 : 17287 ms.
--------------------------------------------------
sat
../New_SAT_split/QF_NIA_2_43/20170427-VeryMax/ITS/From_AProVE_2014__MainMove.jar-obl-11__p10752_edge_closing_0.smt2 : 551388 ms.
--------------------------------------------------
sat
../New_SAT_split/QF_NIA_2_43/20170427-VeryMax/ITS/From_AProVE_2014__MainMove.jar-obl-11__p10757_edge_closing_0.smt2 : 53885 ms.
--------------------------------------------------
unknown
../New_SAT_split/QF_NIA_2_43/20170427-VeryMax/ITS/From_AProVE_2014__MainMove.jar-obl-11__p10758_edge_closing_0.smt2 : 2400407 ms.
--------------------------------------------------
sat
../New_SAT_split/QF_NIA_2_43/20170427-VeryMax/ITS/From_AProVE_2014__Matrix.jar-obl-16__p10768_terminationG_0.smt2 : 4937 ms.
--------------------------------------------------
sat
../New_SAT_split/QF_NIA_2_43/20170427-VeryMax/ITS/From_AProVE_2014__Matrix.jar-obl-16__p10769_terminationG_0.smt2 : 1327116 ms.
--------------------------------------------------
unknown
../New_SAT_split/QF_NIA_2_43/20170427-VeryMax/ITS/From_AProVE_2014__Matrix.jar-obl-16__p10770_terminationG_0.smt2 : 2400752 ms.
--------------------------------------------------
sat
../New_SAT_split/QF_NIA_2_43/20170427-VeryMax/ITS/From_AProVE_2014__Matrix.jar-obl-16__p10774_terminationG_0.smt2 : 647859 ms.
--------------------------------------------------
unknown
../New_SAT_split/QF_NIA_2_43/20170427-VeryMax/ITS/From_AProVE_2014__Matrix.jar-obl-16__p10775_terminationG_0.smt2 : 2400614 ms.
--------------------------------------------------
sat
../New_SAT_split/QF_NIA_2_43/20170427-VeryMax/ITS/From_AProVE_2014__Matrix.jar-obl-16__p10782_safety_0.smt2 : 10079 ms.
--------------------------------------------------
sat
../New_SAT_split/QF_NIA_2_43/20170427-VeryMax/ITS/From_AProVE_2014__Matrix.jar-obl-16__p10783_safety_0.smt2 : 889869 ms.
--------------------------------------------------
sat
../New_SAT_split/QF_NIA_2_43/20170427-VeryMax/ITS/From_AProVE_2014__Matrix.jar-obl-16__p10786_safety_0.smt2 : 227354 ms.
--------------------------------------------------
../New_SAT_split/QF_NIA_2_43/20170427-VeryMax/ITS/From_AProVE_2014__Matrix.jar-obl-16__p10787_safety_0.smt2 : 2401010 ms.
--------------------------------------------------
unknown
../New_SAT_split/QF_NIA_2_43/20170427-VeryMax/ITS/From_AProVE_2014__Matrix.jar-obl-16__p10788_safety_0.smt2 : 2400626 ms.
--------------------------------------------------
sat
../New_SAT_split/QF_NIA_2_43/20170427-VeryMax/ITS/From_AProVE_2014__Matrix.jar-obl-16__p10789_safety_0.smt2 : 199377 ms.
--------------------------------------------------
../New_SAT_split/QF_NIA_2_43/20170427-VeryMax/ITS/From_AProVE_2014__Matrix.jar-obl-16__p10790_safety_0.smt2 : 2401008 ms.
--------------------------------------------------
unknown
../New_SAT_split/QF_NIA_2_43/20170427-VeryMax/ITS/From_AProVE_2014__Matrix.jar-obl-16__p10791_safety_0.smt2 : 2400607 ms.
--------------------------------------------------
sat
../New_SAT_split/QF_NIA_2_43/20170427-VeryMax/ITS/From_AProVE_2014__Matrix.jar-obl-16__p10801_terminationG_0.smt2 : 4515 ms.
--------------------------------------------------
sat
../New_SAT_split/QF_NIA_2_43/20170427-VeryMax/ITS/From_AProVE_2014__Matrix.jar-obl-16__p10802_terminationG_0.smt2 : 1761157 ms.
--------------------------------------------------
sat
../New_SAT_split/QF_NIA_2_43/20170427-VeryMax/ITS/From_AProVE_2014__Matrix.jar-obl-16__p10810_safety_0.smt2 : 10729 ms.
--------------------------------------------------
sat
../New_SAT_split/QF_NIA_2_43/20170427-VeryMax/ITS/From_AProVE_2014__Matrix.jar-obl-16__p10811_safety_0.smt2 : 13256 ms.
--------------------------------------------------
sat
../New_SAT_split/QF_NIA_2_43/20170427-VeryMax/ITS/From_AProVE_2014__Matrix.jar-obl-16__p10814_safety_0.smt2 : 859541 ms.
--------------------------------------------------
../New_SAT_split/QF_NIA_2_43/20170427-VeryMax/ITS/From_AProVE_2014__Matrix.jar-obl-16__p10815_safety_0.smt2 : 2401010 ms.
--------------------------------------------------
../New_SAT_split/QF_NIA_2_43/20170427-VeryMax/ITS/From_AProVE_2014__Matrix.jar-obl-16__p10816_safety_0.smt2 : 2401012 ms.
--------------------------------------------------
unknown
../New_SAT_split/QF_NIA_2_43/20170427-VeryMax/ITS/From_AProVE_2014__Matrix.jar-obl-16__p10817_safety_0.smt2 : 4545 ms.
--------------------------------------------------
../New_SAT_split/QF_NIA_2_43/20170427-VeryMax/ITS/From_AProVE_2014__Matrix.jar-obl-16__p10818_safety_0.smt2 : 2401015 ms.
--------------------------------------------------
unknown
../New_SAT_split/QF_NIA_2_43/20170427-VeryMax/ITS/From_AProVE_2014__Matrix.jar-obl-16__p10819_safety_0.smt2 : 1269 ms.
--------------------------------------------------
sat
../New_SAT_split/QF_NIA_2_43/20170427-VeryMax/ITS/From_AProVE_2014__Matrix.jar-obl-16__p10829_terminationG_0.smt2 : 94860 ms.
--------------------------------------------------
unknown
../New_SAT_split/QF_NIA_2_43/20170427-VeryMax/ITS/From_AProVE_2014__Matrix.jar-obl-16__p10834_terminationG_0.smt2 : 1221 ms.
--------------------------------------------------
unknown
../New_SAT_split/QF_NIA_2_43/20170427-VeryMax/ITS/From_AProVE_2014__Matrix.jar-obl-16__p10839_terminationG_0.smt2 : 1296 ms.
--------------------------------------------------
unknown
../New_SAT_split/QF_NIA_2_43/20170427-VeryMax/ITS/From_AProVE_2014__Matrix.jar-obl-16__p10843_edge_closing_0.smt2 : 1341 ms.
--------------------------------------------------
unknown
../New_SAT_split/QF_NIA_2_43/20170427-VeryMax/ITS/From_AProVE_2014__Matrix.jar-obl-16__p10844_edge_closing_0.smt2 : 1309 ms.
--------------------------------------------------
unknown
../New_SAT_split/QF_NIA_2_43/20170427-VeryMax/ITS/From_AProVE_2014__Matrix.jar-obl-16__p10847_edge_closing_0.smt2 : 579 ms.
--------------------------------------------------
unknown
../New_SAT_split/QF_NIA_2_43/20170427-VeryMax/ITS/From_AProVE_2014__Matrix.jar-obl-16__p10848_edge_closing_0.smt2 : 383 ms.
--------------------------------------------------
unknown
../New_SAT_split/QF_NIA_2_43/20170427-VeryMax/ITS/From_AProVE_2014__Matrix.jar-obl-16__p10849_edge_closing_0.smt2 : 459 ms.
--------------------------------------------------
unknown
../New_SAT_split/QF_NIA_2_43/20170427-VeryMax/ITS/From_AProVE_2014__Matrix.jar-obl-16__p10851_edge_closing_0.smt2 : 1343 ms.
--------------------------------------------------
unknown
../New_SAT_split/QF_NIA_2_43/20170427-VeryMax/ITS/From_AProVE_2014__Matrix.jar-obl-16__p10853_edge_closing_0.smt2 : 1363 ms.
--------------------------------------------------
unknown
../New_SAT_split/QF_NIA_2_43/20170427-VeryMax/ITS/From_AProVE_2014__Matrix.jar-obl-16__p10854_edge_closing_0.smt2 : 1310 ms.
--------------------------------------------------
unknown
../New_SAT_split/QF_NIA_2_43/20170427-VeryMax/ITS/From_AProVE_2014__MirrorBinTreeRec.jar-obl-9__p10892_terminationG_0.smt2 : 1378 ms.
--------------------------------------------------
unknown
../New_SAT_split/QF_NIA_2_43/20170427-VeryMax/ITS/From_AProVE_2014__MirrorBinTreeRec.jar-obl-9__p10893_terminationG_0.smt2 : 1497 ms.
--------------------------------------------------
unknown
../New_SAT_split/QF_NIA_2_43/20170427-VeryMax/ITS/From_AProVE_2014__MirrorBinTreeRec.jar-obl-9__p10894_terminationG_0.smt2 : 1559 ms.
--------------------------------------------------
sat
../New_SAT_split/QF_NIA_2_43/20170427-VeryMax/ITS/From_AProVE_2014__mirrorInterv_rec.jar-obl-8__p10912_terminationG_0.smt2 : 18034 ms.
--------------------------------------------------
sat
../New_SAT_split/QF_NIA_2_43/20170427-VeryMax/ITS/From_AProVE_2014__mirrorInterv_rec.jar-obl-8__p10916_terminationG_0.smt2 : 34847 ms.
--------------------------------------------------
sat
../New_SAT_split/QF_NIA_2_43/20170427-VeryMax/ITS/From_AProVE_2014__mirrorInterv_rec.jar-obl-8__p10917_terminationG_0.smt2 : 298862 ms.
--------------------------------------------------
unknown
../New_SAT_split/QF_NIA_2_43/20170427-VeryMax/ITS/From_AProVE_2014__mirrorInterv_rec.jar-obl-8__p10921_terminationG_0.smt2 : 911 ms.
--------------------------------------------------
unknown
../New_SAT_split/QF_NIA_2_43/20170427-VeryMax/ITS/From_AProVE_2014__mirrorInterv_rec.jar-obl-8__p10922_terminationG_0.smt2 : 1623 ms.
--------------------------------------------------
unknown
../New_SAT_split/QF_NIA_2_43/20170427-VeryMax/ITS/From_AProVE_2014__mirrorInterv_rec.jar-obl-8__p10926_terminationG_0.smt2 : 1408 ms.
--------------------------------------------------
unknown
../New_SAT_split/QF_NIA_2_43/20170427-VeryMax/ITS/From_AProVE_2014__mirrorInterv_rec.jar-obl-8__p10927_terminationG_0.smt2 : 1603 ms.
