--------------------------------------------------
sat
../New_SAT_split/QF_NIA_2_57/20170427-VeryMax/ITS/From_AProVE_2014__juHashMapCreateIteratorEntryLoop.jar-obl-12__p3352_safety_0.smt2 : 2859 ms.
--------------------------------------------------
timeout
../New_SAT_split/QF_NIA_2_57/20170427-VeryMax/ITS/From_AProVE_2014__juHashMapCreateIteratorEntryLoop.jar-obl-12__p3362_edge_closing_0.smt2 : 2400043 ms.
--------------------------------------------------
timeout
../New_SAT_split/QF_NIA_2_57/20170427-VeryMax/ITS/From_AProVE_2014__juHashMapCreateIteratorEntryLoop.jar-obl-12__p3363_edge_closing_0.smt2 : 2400132 ms.
--------------------------------------------------
sat
../New_SAT_split/QF_NIA_2_57/20170427-VeryMax/ITS/From_AProVE_2014__juHashMapCreateIteratorKeyLoop.jar-obl-12__p3434_safety_0.smt2 : 667 ms.
--------------------------------------------------
sat
../New_SAT_split/QF_NIA_2_57/20170427-VeryMax/ITS/From_AProVE_2014__juHashMapCreateIteratorKeyLoop.jar-obl-12__p3435_safety_0.smt2 : 390334 ms.
--------------------------------------------------
sat
../New_SAT_split/QF_NIA_2_57/20170427-VeryMax/ITS/From_AProVE_2014__juHashMapCreateIteratorKeyLoop.jar-obl-12__p3439_safety_0.smt2 : 2419 ms.
--------------------------------------------------
sat
../New_SAT_split/QF_NIA_2_57/20170427-VeryMax/ITS/From_AProVE_2014__juHashMapCreateIteratorKeyLoop.jar-obl-12__p3696_safety_0.smt2 : 5842 ms.
--------------------------------------------------
sat
../New_SAT_split/QF_NIA_2_57/20170427-VeryMax/ITS/From_AProVE_2014__juHashMapCreateIteratorKeyLoop.jar-obl-12__p3697_safety_0.smt2 : 1874 ms.
--------------------------------------------------
sat
../New_SAT_split/QF_NIA_2_57/20170427-VeryMax/ITS/From_AProVE_2014__juHashMapCreateIteratorKeyLoop.jar-obl-12__p3701_safety_0.smt2 : 23822 ms.
--------------------------------------------------
sat
../New_SAT_split/QF_NIA_2_57/20170427-VeryMax/ITS/From_AProVE_2014__juHashMapCreateIteratorKeyLoop.jar-obl-12__p3702_safety_0.smt2 : 192202 ms.
--------------------------------------------------
sat
../New_SAT_split/QF_NIA_2_57/20170427-VeryMax/ITS/From_AProVE_2014__juHashMapCreateIteratorKeyLoop.jar-obl-12__p3821_safety_0.smt2 : 7098 ms.
--------------------------------------------------
sat
../New_SAT_split/QF_NIA_2_57/20170427-VeryMax/ITS/From_AProVE_2014__juHashMapCreateIteratorValueLoop.jar-obl-12__p4107_safety_0.smt2 : 762 ms.
--------------------------------------------------
sat
../New_SAT_split/QF_NIA_2_57/20170427-VeryMax/ITS/From_AProVE_2014__juHashMapCreateIteratorValueLoop.jar-obl-12__p4315_safety_0.smt2 : 17214 ms.
--------------------------------------------------
sat
../New_SAT_split/QF_NIA_2_57/20170427-VeryMax/ITS/From_AProVE_2014__juHashMapCreatePut.jar-obl-10__p5405_terminationG_0.smt2 : 983 ms.
--------------------------------------------------
timeout
../New_SAT_split/QF_NIA_2_57/20170427-VeryMax/ITS/From_AProVE_2014__juHashMapCreatePut.jar-obl-10__p5406_terminationG_0.smt2 : 2400022 ms.
--------------------------------------------------
sat
../New_SAT_split/QF_NIA_2_57/20170427-VeryMax/ITS/From_AProVE_2014__juHashMapCreatePut.jar-obl-10__p5407_terminationG_0.smt2 : 86548 ms.
--------------------------------------------------
sat
../New_SAT_split/QF_NIA_2_57/20170427-VeryMax/ITS/From_AProVE_2014__juHashMapCreatePut.jar-obl-10__p5420_safety_0.smt2 : 9281 ms.
--------------------------------------------------
sat
../New_SAT_split/QF_NIA_2_57/20170427-VeryMax/ITS/From_AProVE_2014__juHashMapCreatePut.jar-obl-10__p5427_safety_0.smt2 : 1438 ms.
--------------------------------------------------
sat
../New_SAT_split/QF_NIA_2_57/20170427-VeryMax/ITS/From_AProVE_2014__juHashMapCreatePut.jar-obl-10__p5428_safety_0.smt2 : 13694 ms.
--------------------------------------------------
sat
../New_SAT_split/QF_NIA_2_57/20170427-VeryMax/ITS/From_AProVE_2014__juHashMapCreatePut.jar-obl-10__p5433_safety_0.smt2 : 11236 ms.
--------------------------------------------------
sat
../New_SAT_split/QF_NIA_2_57/20170427-VeryMax/ITS/From_AProVE_2014__juHashMapCreatePut.jar-obl-10__p5439_safety_0.smt2 : 9350 ms.
--------------------------------------------------
sat
../New_SAT_split/QF_NIA_2_57/20170427-VeryMax/ITS/From_AProVE_2014__juHashMapCreatePut.jar-obl-10__p5440_safety_0.smt2 : 13297 ms.
--------------------------------------------------
sat
../New_SAT_split/QF_NIA_2_57/20170427-VeryMax/ITS/From_AProVE_2014__juHashMapCreatePut.jar-obl-10__p5442_safety_0.smt2 : 9066 ms.
--------------------------------------------------
sat
../New_SAT_split/QF_NIA_2_57/20170427-VeryMax/ITS/From_AProVE_2014__juHashMapCreatePut.jar-obl-10__p5443_safety_0.smt2 : 128589 ms.
--------------------------------------------------
sat
../New_SAT_split/QF_NIA_2_57/20170427-VeryMax/ITS/From_AProVE_2014__juHashMapCreatePut.jar-obl-10__p5447_safety_0.smt2 : 22409 ms.
--------------------------------------------------
sat
../New_SAT_split/QF_NIA_2_57/20170427-VeryMax/ITS/From_AProVE_2014__juHashMapCreatePut.jar-obl-10__p5448_safety_0.smt2 : 75902 ms.
--------------------------------------------------
sat
../New_SAT_split/QF_NIA_2_57/20170427-VeryMax/ITS/From_AProVE_2014__juHashMapCreatePut.jar-obl-10__p5458_safety_0.smt2 : 197851 ms.
--------------------------------------------------
sat
../New_SAT_split/QF_NIA_2_57/20170427-VeryMax/ITS/From_AProVE_2014__juHashMapCreatePut.jar-obl-10__p5465_safety_0.smt2 : 26054 ms.
--------------------------------------------------
sat
../New_SAT_split/QF_NIA_2_57/20170427-VeryMax/ITS/From_AProVE_2014__juHashMapCreatePut.jar-obl-10__p5470_safety_0.smt2 : 83328 ms.
--------------------------------------------------
sat
../New_SAT_split/QF_NIA_2_57/20170427-VeryMax/ITS/From_AProVE_2014__juHashMapCreatePut.jar-obl-10__p5475_safety_0.smt2 : 83437 ms.
--------------------------------------------------
sat
../New_SAT_split/QF_NIA_2_57/20170427-VeryMax/ITS/From_AProVE_2014__juHashMapCreatePut.jar-obl-10__p5482_safety_0.smt2 : 22861 ms.
--------------------------------------------------
sat
../New_SAT_split/QF_NIA_2_57/20170427-VeryMax/ITS/From_AProVE_2014__juHashMapCreatePut.jar-obl-10__p5483_safety_0.smt2 : 80551 ms.
--------------------------------------------------
sat
../New_SAT_split/QF_NIA_2_57/20170427-VeryMax/ITS/From_AProVE_2014__juHashMapCreatePut.jar-obl-10__p5484_safety_0.smt2 : 1252 ms.
--------------------------------------------------
sat
../New_SAT_split/QF_NIA_2_57/20170427-VeryMax/ITS/From_AProVE_2014__juHashMapCreatePut.jar-obl-10__p5485_safety_0.smt2 : 1958 ms.
--------------------------------------------------
sat
../New_SAT_split/QF_NIA_2_57/20170427-VeryMax/ITS/From_AProVE_2014__juHashMapCreatePut.jar-obl-10__p5486_safety_0.smt2 : 259854 ms.
--------------------------------------------------
sat
../New_SAT_split/QF_NIA_2_57/20170427-VeryMax/ITS/From_AProVE_2014__juHashMapCreatePut.jar-obl-10__p5492_safety_0.smt2 : 665 ms.
--------------------------------------------------
sat
../New_SAT_split/QF_NIA_2_57/20170427-VeryMax/ITS/From_AProVE_2014__juHashMapCreatePut.jar-obl-10__p5493_safety_0.smt2 : 2119 ms.
--------------------------------------------------
sat
../New_SAT_split/QF_NIA_2_57/20170427-VeryMax/ITS/From_AProVE_2014__juHashMapCreatePut.jar-obl-10__p5497_safety_0.smt2 : 10308 ms.
--------------------------------------------------
sat
../New_SAT_split/QF_NIA_2_57/20170427-VeryMax/ITS/From_AProVE_2014__juHashMapCreatePut.jar-obl-10__p5498_safety_0.smt2 : 310101 ms.
--------------------------------------------------
sat
../New_SAT_split/QF_NIA_2_57/20170427-VeryMax/ITS/From_AProVE_2014__juHashMapCreatePut.jar-obl-10__p5505_safety_0.smt2 : 2156 ms.
--------------------------------------------------
sat
../New_SAT_split/QF_NIA_2_57/20170427-VeryMax/ITS/From_AProVE_2014__juHashMapCreatePut.jar-obl-10__p5512_safety_0.smt2 : 748 ms.
--------------------------------------------------
sat
../New_SAT_split/QF_NIA_2_57/20170427-VeryMax/ITS/From_AProVE_2014__juHashMapCreatePut.jar-obl-10__p5515_safety_0.smt2 : 75386 ms.
--------------------------------------------------
sat
../New_SAT_split/QF_NIA_2_57/20170427-VeryMax/ITS/From_AProVE_2014__juHashMapCreatePut.jar-obl-10__p5516_safety_0.smt2 : 2523 ms.
--------------------------------------------------
sat
../New_SAT_split/QF_NIA_2_57/20170427-VeryMax/ITS/From_AProVE_2014__juHashMapCreatePut.jar-obl-10__p5521_safety_0.smt2 : 12898 ms.
--------------------------------------------------
sat
../New_SAT_split/QF_NIA_2_57/20170427-VeryMax/ITS/From_AProVE_2014__juHashMapCreatePut.jar-obl-10__p5522_safety_0.smt2 : 38370 ms.
--------------------------------------------------
sat
../New_SAT_split/QF_NIA_2_57/20170427-VeryMax/ITS/From_AProVE_2014__juHashMapCreatePut.jar-obl-10__p5528_safety_0.smt2 : 1841 ms.
--------------------------------------------------
sat
../New_SAT_split/QF_NIA_2_57/20170427-VeryMax/ITS/From_AProVE_2014__juHashMapCreatePut.jar-obl-10__p5529_safety_0.smt2 : 1105 ms.
--------------------------------------------------
sat
../New_SAT_split/QF_NIA_2_57/20170427-VeryMax/ITS/From_AProVE_2014__juHashMapCreatePut.jar-obl-10__p5530_safety_0.smt2 : 2288 ms.
--------------------------------------------------
sat
../New_SAT_split/QF_NIA_2_57/20170427-VeryMax/ITS/From_AProVE_2014__juHashMapCreatePut.jar-obl-10__p5531_safety_0.smt2 : 56350 ms.
--------------------------------------------------
sat
../New_SAT_split/QF_NIA_2_57/20170427-VeryMax/ITS/From_AProVE_2014__juHashMapCreatePut.jar-obl-10__p5532_safety_0.smt2 : 298773 ms.
--------------------------------------------------
sat
../New_SAT_split/QF_NIA_2_57/20170427-VeryMax/ITS/From_AProVE_2014__juHashMapCreatePut.jar-obl-10__p5536_safety_0.smt2 : 4866 ms.
--------------------------------------------------
sat
../New_SAT_split/QF_NIA_2_57/20170427-VeryMax/ITS/From_AProVE_2014__juHashMapCreatePut.jar-obl-10__p5537_safety_0.smt2 : 58074 ms.
--------------------------------------------------
sat
../New_SAT_split/QF_NIA_2_57/20170427-VeryMax/ITS/From_AProVE_2014__juHashMapCreatePut.jar-obl-10__p5548_safety_0.smt2 : 1088 ms.
--------------------------------------------------
sat
../New_SAT_split/QF_NIA_2_57/20170427-VeryMax/ITS/From_AProVE_2014__juHashMapCreatePut.jar-obl-10__p5549_safety_0.smt2 : 194307 ms.
--------------------------------------------------
sat
../New_SAT_split/QF_NIA_2_57/20170427-VeryMax/ITS/From_AProVE_2014__juHashMapCreatePut.jar-obl-10__p5551_safety_0.smt2 : 1375275 ms.
--------------------------------------------------
sat
../New_SAT_split/QF_NIA_2_57/20170427-VeryMax/ITS/From_AProVE_2014__juHashMapCreatePut.jar-obl-10__p5552_safety_0.smt2 : 1484 ms.
--------------------------------------------------
sat
../New_SAT_split/QF_NIA_2_57/20170427-VeryMax/ITS/From_AProVE_2014__juHashMapCreatePut.jar-obl-10__p5559_safety_0.smt2 : 2181 ms.
--------------------------------------------------
sat
../New_SAT_split/QF_NIA_2_57/20170427-VeryMax/ITS/From_AProVE_2014__juHashMapCreatePut.jar-obl-10__p5560_safety_0.smt2 : 405333 ms.
--------------------------------------------------
sat
../New_SAT_split/QF_NIA_2_57/20170427-VeryMax/ITS/From_AProVE_2014__juHashMapCreatePut.jar-obl-10__p5565_safety_0.smt2 : 31835 ms.
--------------------------------------------------
sat
../New_SAT_split/QF_NIA_2_57/20170427-VeryMax/ITS/From_AProVE_2014__juHashMapCreatePut.jar-obl-10__p5566_safety_0.smt2 : 212640 ms.
--------------------------------------------------
sat
../New_SAT_split/QF_NIA_2_57/20170427-VeryMax/ITS/From_AProVE_2014__juHashMapCreatePut.jar-obl-10__p5573_safety_0.smt2 : 12693 ms.
--------------------------------------------------
sat
../New_SAT_split/QF_NIA_2_57/20170427-VeryMax/ITS/From_AProVE_2014__juHashMapCreatePut.jar-obl-10__p5575_safety_0.smt2 : 11570 ms.
--------------------------------------------------
sat
../New_SAT_split/QF_NIA_2_57/20170427-VeryMax/ITS/From_AProVE_2014__juHashMapCreatePut.jar-obl-10__p5576_safety_0.smt2 : 234484 ms.
--------------------------------------------------
sat
../New_SAT_split/QF_NIA_2_57/20170427-VeryMax/ITS/From_AProVE_2014__juHashMapCreatePut.jar-obl-10__p5578_safety_0.smt2 : 41561 ms.
--------------------------------------------------
sat
../New_SAT_split/QF_NIA_2_57/20170427-VeryMax/ITS/From_AProVE_2014__juHashMapCreatePut.jar-obl-10__p5579_safety_0.smt2 : 31212 ms.
--------------------------------------------------
sat
../New_SAT_split/QF_NIA_2_57/20170427-VeryMax/ITS/From_AProVE_2014__juHashMapCreatePut.jar-obl-10__p5585_terminationG_0.smt2 : 806 ms.
--------------------------------------------------
sat
../New_SAT_split/QF_NIA_2_57/20170427-VeryMax/ITS/From_AProVE_2014__juHashMapCreatePut.jar-obl-10__p5586_terminationG_0.smt2 : 92857 ms.
--------------------------------------------------
sat
../New_SAT_split/QF_NIA_2_57/20170427-VeryMax/ITS/From_AProVE_2014__juHashMapCreatePut.jar-obl-10__p5587_terminationG_0.smt2 : 241929 ms.
--------------------------------------------------
sat
../New_SAT_split/QF_NIA_2_57/20170427-VeryMax/ITS/From_AProVE_2014__juHashMapCreatePut.jar-obl-10__p5603_safety_0.smt2 : 3335 ms.
--------------------------------------------------
sat
../New_SAT_split/QF_NIA_2_57/20170427-VeryMax/ITS/From_AProVE_2014__juHashMapCreatePut.jar-obl-10__p5607_safety_0.smt2 : 2134 ms.
--------------------------------------------------
sat
../New_SAT_split/QF_NIA_2_57/20170427-VeryMax/ITS/From_AProVE_2014__juHashMapCreatePut.jar-obl-10__p5608_safety_0.smt2 : 142735 ms.
--------------------------------------------------
sat
../New_SAT_split/QF_NIA_2_57/20170427-VeryMax/ITS/From_AProVE_2014__juHashMapCreatePut.jar-obl-10__p5612_safety_0.smt2 : 3060 ms.
--------------------------------------------------
sat
../New_SAT_split/QF_NIA_2_57/20170427-VeryMax/ITS/From_AProVE_2014__juHashMapCreatePut.jar-obl-10__p5613_safety_0.smt2 : 2234 ms.
--------------------------------------------------
sat
../New_SAT_split/QF_NIA_2_57/20170427-VeryMax/ITS/From_AProVE_2014__juHashMapCreatePut.jar-obl-10__p5617_safety_0.smt2 : 27335 ms.
--------------------------------------------------
timeout
../New_SAT_split/QF_NIA_2_57/20170427-VeryMax/ITS/From_AProVE_2014__juHashMapCreatePut.jar-obl-10__p5618_safety_0.smt2 : 2400093 ms.
--------------------------------------------------
sat
../New_SAT_split/QF_NIA_2_57/20170427-VeryMax/ITS/From_AProVE_2014__juHashMapCreatePut.jar-obl-10__p5624_safety_0.smt2 : 102488 ms.
--------------------------------------------------
sat
../New_SAT_split/QF_NIA_2_57/20170427-VeryMax/ITS/From_AProVE_2014__juHashMapCreatePut.jar-obl-10__p5625_safety_0.smt2 : 1127 ms.
--------------------------------------------------
sat
../New_SAT_split/QF_NIA_2_57/20170427-VeryMax/ITS/From_AProVE_2014__juHashMapCreatePut.jar-obl-10__p5635_safety_0.smt2 : 18954 ms.
--------------------------------------------------
sat
../New_SAT_split/QF_NIA_2_57/20170427-VeryMax/ITS/From_AProVE_2014__juHashMapCreatePut.jar-obl-10__p5636_safety_0.smt2 : 64263 ms.
--------------------------------------------------
sat
../New_SAT_split/QF_NIA_2_57/20170427-VeryMax/ITS/From_AProVE_2014__juHashMapCreatePut.jar-obl-10__p5638_safety_0.smt2 : 41677 ms.
--------------------------------------------------
sat
../New_SAT_split/QF_NIA_2_57/20170427-VeryMax/ITS/From_AProVE_2014__juHashMapCreatePut.jar-obl-10__p5640_safety_0.smt2 : 172647 ms.
--------------------------------------------------
sat
../New_SAT_split/QF_NIA_2_57/20170427-VeryMax/ITS/From_AProVE_2014__juHashMapCreatePut.jar-obl-10__p5645_safety_0.smt2 : 14265 ms.
--------------------------------------------------
sat
../New_SAT_split/QF_NIA_2_57/20170427-VeryMax/ITS/From_AProVE_2014__juHashMapCreatePut.jar-obl-10__p5646_safety_0.smt2 : 3194 ms.
--------------------------------------------------
sat
../New_SAT_split/QF_NIA_2_57/20170427-VeryMax/ITS/From_AProVE_2014__juHashMapCreatePut.jar-obl-10__p5648_safety_0.smt2 : 57400 ms.
--------------------------------------------------
sat
../New_SAT_split/QF_NIA_2_57/20170427-VeryMax/ITS/From_AProVE_2014__juHashMapCreatePut.jar-obl-10__p5651_safety_0.smt2 : 13707 ms.
--------------------------------------------------
sat
../New_SAT_split/QF_NIA_2_57/20170427-VeryMax/ITS/From_AProVE_2014__juHashMapCreatePut.jar-obl-10__p5655_safety_0.smt2 : 2976 ms.
--------------------------------------------------
sat
../New_SAT_split/QF_NIA_2_57/20170427-VeryMax/ITS/From_AProVE_2014__juHashMapCreatePut.jar-obl-10__p5658_safety_0.smt2 : 17254 ms.
--------------------------------------------------
sat
../New_SAT_split/QF_NIA_2_57/20170427-VeryMax/ITS/From_AProVE_2014__juHashMapCreatePut.jar-obl-10__p5659_safety_0.smt2 : 1257738 ms.
--------------------------------------------------
sat
../New_SAT_split/QF_NIA_2_57/20170427-VeryMax/ITS/From_AProVE_2014__juHashMapCreatePut.jar-obl-10__p5662_safety_0.smt2 : 84440 ms.
--------------------------------------------------
sat
../New_SAT_split/QF_NIA_2_57/20170427-VeryMax/ITS/From_AProVE_2014__juHashMapCreatePut.jar-obl-10__p5664_safety_0.smt2 : 4885 ms.
--------------------------------------------------
sat
../New_SAT_split/QF_NIA_2_57/20170427-VeryMax/ITS/From_AProVE_2014__juHashMapCreatePut.jar-obl-10__p5665_safety_0.smt2 : 227398 ms.
--------------------------------------------------
sat
../New_SAT_split/QF_NIA_2_57/20170427-VeryMax/ITS/From_AProVE_2014__juHashMapCreatePut.jar-obl-10__p5672_safety_0.smt2 : 15264 ms.
--------------------------------------------------
sat
../New_SAT_split/QF_NIA_2_57/20170427-VeryMax/ITS/From_AProVE_2014__juHashMapCreatePut.jar-obl-10__p5673_safety_0.smt2 : 187988 ms.
--------------------------------------------------
sat
../New_SAT_split/QF_NIA_2_57/20170427-VeryMax/ITS/From_AProVE_2014__juHashMapCreatePut.jar-obl-10__p5674_safety_0.smt2 : 531607 ms.
--------------------------------------------------
sat
../New_SAT_split/QF_NIA_2_57/20170427-VeryMax/ITS/From_AProVE_2014__juHashMapCreatePut.jar-obl-10__p5675_safety_0.smt2 : 2287 ms.
--------------------------------------------------
timeout
../New_SAT_split/QF_NIA_2_57/20170427-VeryMax/ITS/From_AProVE_2014__juHashMapCreatePut.jar-obl-10__p5676_safety_0.smt2 : 2400044 ms.
--------------------------------------------------
sat
../New_SAT_split/QF_NIA_2_57/20170427-VeryMax/ITS/From_AProVE_2014__juHashMapCreatePut.jar-obl-10__p5677_safety_0.smt2 : 296063 ms.
--------------------------------------------------
sat
../New_SAT_split/QF_NIA_2_57/20170427-VeryMax/ITS/From_AProVE_2014__juHashMapCreatePut.jar-obl-10__p5683_safety_0.smt2 : 2051 ms.
--------------------------------------------------
sat
../New_SAT_split/QF_NIA_2_57/20170427-VeryMax/ITS/From_AProVE_2014__juHashMapCreatePut.jar-obl-10__p5684_safety_0.smt2 : 16287 ms.
--------------------------------------------------
sat
../New_SAT_split/QF_NIA_2_57/20170427-VeryMax/ITS/From_AProVE_2014__juHashMapCreatePut.jar-obl-10__p5695_safety_0.smt2 : 2177 ms.
--------------------------------------------------
sat
../New_SAT_split/QF_NIA_2_57/20170427-VeryMax/ITS/From_AProVE_2014__juHashMapCreatePut.jar-obl-10__p5700_safety_0.smt2 : 2163 ms.
--------------------------------------------------
sat
../New_SAT_split/QF_NIA_2_57/20170427-VeryMax/ITS/From_AProVE_2014__juHashMapCreatePut.jar-obl-10__p5701_safety_0.smt2 : 6130 ms.
--------------------------------------------------
sat
../New_SAT_split/QF_NIA_2_57/20170427-VeryMax/ITS/From_AProVE_2014__juHashMapCreatePut.jar-obl-10__p5705_safety_0.smt2 : 55423 ms.
--------------------------------------------------
sat
../New_SAT_split/QF_NIA_2_57/20170427-VeryMax/ITS/From_AProVE_2014__juHashMapCreatePut.jar-obl-10__p5706_safety_0.smt2 : 2359 ms.
--------------------------------------------------
sat
../New_SAT_split/QF_NIA_2_57/20170427-VeryMax/ITS/From_AProVE_2014__juHashMapCreatePut.jar-obl-10__p5710_safety_0.smt2 : 53070 ms.
--------------------------------------------------
sat
../New_SAT_split/QF_NIA_2_57/20170427-VeryMax/ITS/From_AProVE_2014__juHashMapCreatePut.jar-obl-10__p5711_safety_0.smt2 : 16250 ms.
--------------------------------------------------
sat
../New_SAT_split/QF_NIA_2_57/20170427-VeryMax/ITS/From_AProVE_2014__juHashMapCreatePut.jar-obl-10__p5722_safety_0.smt2 : 2275 ms.
--------------------------------------------------
sat
../New_SAT_split/QF_NIA_2_57/20170427-VeryMax/ITS/From_AProVE_2014__juHashMapCreatePut.jar-obl-10__p5724_safety_0.smt2 : 219983 ms.
--------------------------------------------------
sat
../New_SAT_split/QF_NIA_2_57/20170427-VeryMax/ITS/From_AProVE_2014__juHashMapCreatePut.jar-obl-10__p5725_safety_0.smt2 : 2215 ms.
--------------------------------------------------
sat
../New_SAT_split/QF_NIA_2_57/20170427-VeryMax/ITS/From_AProVE_2014__juHashMapCreatePut.jar-obl-10__p5726_safety_0.smt2 : 31102 ms.
--------------------------------------------------
sat
../New_SAT_split/QF_NIA_2_57/20170427-VeryMax/ITS/From_AProVE_2014__juHashMapCreatePut.jar-obl-10__p5727_safety_0.smt2 : 1204243 ms.
--------------------------------------------------
sat
../New_SAT_split/QF_NIA_2_57/20170427-VeryMax/ITS/From_AProVE_2014__juHashMapCreatePut.jar-obl-10__p5736_safety_0.smt2 : 632 ms.
--------------------------------------------------
sat
../New_SAT_split/QF_NIA_2_57/20170427-VeryMax/ITS/From_AProVE_2014__juHashMapCreatePut.jar-obl-10__p5737_safety_0.smt2 : 42773 ms.
--------------------------------------------------
sat
../New_SAT_split/QF_NIA_2_57/20170427-VeryMax/ITS/From_AProVE_2014__juHashMapCreatePut.jar-obl-10__p5739_safety_0.smt2 : 18024 ms.
--------------------------------------------------
sat
../New_SAT_split/QF_NIA_2_57/20170427-VeryMax/ITS/From_AProVE_2014__juHashMapCreatePut.jar-obl-10__p5740_safety_0.smt2 : 33191 ms.
--------------------------------------------------
sat
../New_SAT_split/QF_NIA_2_57/20170427-VeryMax/ITS/From_AProVE_2014__juHashMapCreatePut.jar-obl-10__p5754_safety_0.smt2 : 29512 ms.
--------------------------------------------------
sat
../New_SAT_split/QF_NIA_2_57/20170427-VeryMax/ITS/From_AProVE_2014__juHashMapCreatePut.jar-obl-10__p5755_safety_0.smt2 : 859236 ms.
--------------------------------------------------
sat
../New_SAT_split/QF_NIA_2_57/20170427-VeryMax/ITS/From_AProVE_2014__juHashMapCreatePut.jar-obl-10__p5763_terminationG_0.smt2 : 1077 ms.
--------------------------------------------------
sat
../New_SAT_split/QF_NIA_2_57/20170427-VeryMax/ITS/From_AProVE_2014__juHashMapCreatePut.jar-obl-10__p5764_terminationG_0.smt2 : 195891 ms.
--------------------------------------------------
sat
../New_SAT_split/QF_NIA_2_57/20170427-VeryMax/ITS/From_AProVE_2014__juHashMapCreatePut.jar-obl-10__p5765_terminationG_0.smt2 : 337075 ms.
--------------------------------------------------
sat
../New_SAT_split/QF_NIA_2_57/20170427-VeryMax/ITS/From_AProVE_2014__juHashMapCreatePut.jar-obl-10__p5781_safety_0.smt2 : 1353 ms.
--------------------------------------------------
sat
../New_SAT_split/QF_NIA_2_57/20170427-VeryMax/ITS/From_AProVE_2014__juHashMapCreatePut.jar-obl-10__p5788_safety_0.smt2 : 217583 ms.
--------------------------------------------------
sat
../New_SAT_split/QF_NIA_2_57/20170427-VeryMax/ITS/From_AProVE_2014__juHashMapCreatePut.jar-obl-10__p5790_safety_0.smt2 : 1521168 ms.
--------------------------------------------------
sat
../New_SAT_split/QF_NIA_2_57/20170427-VeryMax/ITS/From_AProVE_2014__juHashMapCreatePut.jar-obl-10__p5791_safety_0.smt2 : 2209 ms.
--------------------------------------------------
sat
../New_SAT_split/QF_NIA_2_57/20170427-VeryMax/ITS/From_AProVE_2014__juHashMapCreatePut.jar-obl-10__p5800_safety_0.smt2 : 1111020 ms.
--------------------------------------------------
sat
../New_SAT_split/QF_NIA_2_57/20170427-VeryMax/ITS/From_AProVE_2014__juHashMapCreatePut.jar-obl-10__p5801_safety_0.smt2 : 1557 ms.
--------------------------------------------------
sat
../New_SAT_split/QF_NIA_2_57/20170427-VeryMax/ITS/From_AProVE_2014__juHashMapCreatePut.jar-obl-10__p5807_safety_0.smt2 : 967 ms.
--------------------------------------------------
sat
../New_SAT_split/QF_NIA_2_57/20170427-VeryMax/ITS/From_AProVE_2014__juHashMapCreatePut.jar-obl-10__p5809_safety_0.smt2 : 254940 ms.
--------------------------------------------------
sat
../New_SAT_split/QF_NIA_2_57/20170427-VeryMax/ITS/From_AProVE_2014__juHashMapCreatePut.jar-obl-10__p5810_safety_0.smt2 : 398 ms.
--------------------------------------------------
sat
../New_SAT_split/QF_NIA_2_57/20170427-VeryMax/ITS/From_AProVE_2014__juHashMapCreatePut.jar-obl-10__p5811_safety_0.smt2 : 10666 ms.
--------------------------------------------------
sat
../New_SAT_split/QF_NIA_2_57/20170427-VeryMax/ITS/From_AProVE_2014__juHashMapCreatePut.jar-obl-10__p5812_safety_0.smt2 : 33794 ms.
--------------------------------------------------
sat
../New_SAT_split/QF_NIA_2_57/20170427-VeryMax/ITS/From_AProVE_2014__juHashMapCreatePut.jar-obl-10__p5825_safety_0.smt2 : 48375 ms.
--------------------------------------------------
sat
../New_SAT_split/QF_NIA_2_57/20170427-VeryMax/ITS/From_AProVE_2014__juHashMapCreatePut.jar-obl-10__p5826_safety_0.smt2 : 37619 ms.
--------------------------------------------------
sat
../New_SAT_split/QF_NIA_2_57/20170427-VeryMax/ITS/From_AProVE_2014__juHashMapCreatePut.jar-obl-10__p5831_safety_0.smt2 : 2888 ms.
--------------------------------------------------
sat
../New_SAT_split/QF_NIA_2_57/20170427-VeryMax/ITS/From_AProVE_2014__juHashMapCreatePut.jar-obl-10__p5837_safety_0.smt2 : 2161 ms.
--------------------------------------------------
sat
../New_SAT_split/QF_NIA_2_57/20170427-VeryMax/ITS/From_AProVE_2014__juHashMapCreatePut.jar-obl-10__p5838_safety_0.smt2 : 4134 ms.
--------------------------------------------------
sat
../New_SAT_split/QF_NIA_2_57/20170427-VeryMax/ITS/From_AProVE_2014__juHashMapCreatePut.jar-obl-10__p5840_safety_0.smt2 : 1185 ms.
--------------------------------------------------
timeout
../New_SAT_split/QF_NIA_2_57/20170427-VeryMax/ITS/From_AProVE_2014__juHashMapCreatePut.jar-obl-10__p5841_safety_0.smt2 : 2400091 ms.
--------------------------------------------------
sat
../New_SAT_split/QF_NIA_2_57/20170427-VeryMax/ITS/From_AProVE_2014__juHashMapCreatePut.jar-obl-10__p5847_safety_0.smt2 : 360598 ms.
--------------------------------------------------
sat
../New_SAT_split/QF_NIA_2_57/20170427-VeryMax/ITS/From_AProVE_2014__juHashMapCreatePut.jar-obl-10__p5848_safety_0.smt2 : 99614 ms.
--------------------------------------------------
sat
../New_SAT_split/QF_NIA_2_57/20170427-VeryMax/ITS/From_AProVE_2014__juHashMapCreatePut.jar-obl-10__p5857_safety_0.smt2 : 5324 ms.
--------------------------------------------------
sat
../New_SAT_split/QF_NIA_2_57/20170427-VeryMax/ITS/From_AProVE_2014__juHashMapCreatePut.jar-obl-10__p5858_safety_0.smt2 : 149039 ms.
--------------------------------------------------
timeout
../New_SAT_split/QF_NIA_2_57/20170427-VeryMax/ITS/From_AProVE_2014__juHashMapCreatePut.jar-obl-10__p5859_safety_0.smt2 : 2400055 ms.
--------------------------------------------------
sat
../New_SAT_split/QF_NIA_2_57/20170427-VeryMax/ITS/From_AProVE_2014__juHashMapCreatePut.jar-obl-10__p5864_safety_0.smt2 : 1188 ms.
--------------------------------------------------
sat
../New_SAT_split/QF_NIA_2_57/20170427-VeryMax/ITS/From_AProVE_2014__juHashMapCreatePut.jar-obl-10__p5865_safety_0.smt2 : 19657 ms.
--------------------------------------------------
sat
../New_SAT_split/QF_NIA_2_57/20170427-VeryMax/ITS/From_AProVE_2014__juHashMapCreatePut.jar-obl-10__p5867_safety_0.smt2 : 106330 ms.
--------------------------------------------------
sat
../New_SAT_split/QF_NIA_2_57/20170427-VeryMax/ITS/From_AProVE_2014__juHashMapCreatePut.jar-obl-10__p5878_safety_0.smt2 : 1097 ms.
--------------------------------------------------
sat
../New_SAT_split/QF_NIA_2_57/20170427-VeryMax/ITS/From_AProVE_2014__juHashMapCreatePut.jar-obl-10__p5879_safety_0.smt2 : 377377 ms.
--------------------------------------------------
sat
../New_SAT_split/QF_NIA_2_57/20170427-VeryMax/ITS/From_AProVE_2014__juHashMapCreatePut.jar-obl-10__p5881_safety_0.smt2 : 43765 ms.
--------------------------------------------------
sat
../New_SAT_split/QF_NIA_2_57/20170427-VeryMax/ITS/From_AProVE_2014__juHashMapCreatePut.jar-obl-10__p5883_safety_0.smt2 : 1145760 ms.
--------------------------------------------------
sat
../New_SAT_split/QF_NIA_2_57/20170427-VeryMax/ITS/From_AProVE_2014__juHashMapCreatePut.jar-obl-10__p5884_safety_0.smt2 : 125624 ms.
--------------------------------------------------
sat
../New_SAT_split/QF_NIA_2_57/20170427-VeryMax/ITS/From_AProVE_2014__juHashMapCreatePut.jar-obl-10__p5885_safety_0.smt2 : 2590 ms.
--------------------------------------------------
sat
../New_SAT_split/QF_NIA_2_57/20170427-VeryMax/ITS/From_AProVE_2014__juHashMapCreatePut.jar-obl-10__p5887_safety_0.smt2 : 37033 ms.
--------------------------------------------------
sat
../New_SAT_split/QF_NIA_2_57/20170427-VeryMax/ITS/From_AProVE_2014__juHashMapCreatePut.jar-obl-10__p5888_safety_0.smt2 : 81390 ms.
--------------------------------------------------
sat
../New_SAT_split/QF_NIA_2_57/20170427-VeryMax/ITS/From_AProVE_2014__juHashMapCreatePut.jar-obl-10__p5890_safety_0.smt2 : 2177 ms.
--------------------------------------------------
sat
../New_SAT_split/QF_NIA_2_57/20170427-VeryMax/ITS/From_AProVE_2014__juHashMapCreatePut.jar-obl-10__p5891_safety_0.smt2 : 313792 ms.
--------------------------------------------------
sat
../New_SAT_split/QF_NIA_2_57/20170427-VeryMax/ITS/From_AProVE_2014__juHashMapCreatePut.jar-obl-10__p5895_safety_0.smt2 : 2280 ms.
--------------------------------------------------
sat
../New_SAT_split/QF_NIA_2_57/20170427-VeryMax/ITS/From_AProVE_2014__juHashMapCreatePut.jar-obl-10__p5896_safety_0.smt2 : 171458 ms.
--------------------------------------------------
sat
../New_SAT_split/QF_NIA_2_57/20170427-VeryMax/ITS/From_AProVE_2014__juHashMapCreatePut.jar-obl-10__p5897_safety_0.smt2 : 492967 ms.
--------------------------------------------------
sat
../New_SAT_split/QF_NIA_2_57/20170427-VeryMax/ITS/From_AProVE_2014__juHashMapCreatePut.jar-obl-10__p5908_safety_0.smt2 : 41203 ms.
--------------------------------------------------
sat
../New_SAT_split/QF_NIA_2_57/20170427-VeryMax/ITS/From_AProVE_2014__juHashMapCreatePut.jar-obl-10__p5909_safety_0.smt2 : 2930 ms.
--------------------------------------------------
sat
../New_SAT_split/QF_NIA_2_57/20170427-VeryMax/ITS/From_AProVE_2014__juHashMapCreatePut.jar-obl-10__p5913_safety_0.smt2 : 12105 ms.
--------------------------------------------------
sat
../New_SAT_split/QF_NIA_2_57/20170427-VeryMax/ITS/From_AProVE_2014__juHashMapCreatePut.jar-obl-10__p5914_safety_0.smt2 : 2653 ms.
--------------------------------------------------
sat
../New_SAT_split/QF_NIA_2_57/20170427-VeryMax/ITS/From_AProVE_2014__juHashMapCreatePut.jar-obl-10__p5921_safety_0.smt2 : 1524 ms.
--------------------------------------------------
sat
../New_SAT_split/QF_NIA_2_57/20170427-VeryMax/ITS/From_AProVE_2014__juHashMapCreatePut.jar-obl-10__p5922_safety_0.smt2 : 55936 ms.
--------------------------------------------------
sat
../New_SAT_split/QF_NIA_2_57/20170427-VeryMax/ITS/From_AProVE_2014__juHashMapCreatePut.jar-obl-10__p5923_safety_0.smt2 : 277023 ms.
--------------------------------------------------
sat
../New_SAT_split/QF_NIA_2_57/20170427-VeryMax/ITS/From_AProVE_2014__juHashMapCreatePut.jar-obl-10__p5929_safety_0.smt2 : 562 ms.
--------------------------------------------------
sat
../New_SAT_split/QF_NIA_2_57/20170427-VeryMax/ITS/From_AProVE_2014__juHashMapCreatePut.jar-obl-10__p5930_safety_0.smt2 : 44343 ms.
--------------------------------------------------
sat
../New_SAT_split/QF_NIA_2_57/20170427-VeryMax/ITS/From_AProVE_2014__juHashMapCreatePut.jar-obl-10__p5934_safety_0.smt2 : 15784 ms.
--------------------------------------------------
sat
../New_SAT_split/QF_NIA_2_57/20170427-VeryMax/ITS/From_AProVE_2014__juHashMapCreatePut.jar-obl-10__p5935_safety_0.smt2 : 335517 ms.
