--------------------------------------------------
sat
../QF_NIA_split/QF_NIA_2_14//20170427-VeryMax/ITS/From_AProVE_2014__juHashMapCreateIsEmpty.jar-obl-10__p1541_terminationG_0.smt2 : 48313 ms.
--------------------------------------------------
sat
../QF_NIA_split/QF_NIA_2_14//20170427-VeryMax/ITS/From_AProVE_2014__juHashMapCreateIsEmpty.jar-obl-10__p1542_terminationG_0.smt2 : 152779 ms.
--------------------------------------------------
./run.sh: line 3: 233914 Killed                  ./mathsat ../../$1
../QF_NIA_split/QF_NIA_2_14//20170427-VeryMax/ITS/From_AProVE_2014__juHashMapCreateIsEmpty.jar-obl-10__p1543_terminationG_0.smt2 : 600954 ms.
--------------------------------------------------
./run.sh: line 3: 236500 Killed                  ./mathsat ../../$1
../QF_NIA_split/QF_NIA_2_14//20170427-VeryMax/ITS/From_AProVE_2014__juHashMapCreateIsEmpty.jar-obl-10__p1554_safety_0.smt2 : 600876 ms.
--------------------------------------------------
./run.sh: line 3: 239356 Killed                  ./mathsat ../../$1
../QF_NIA_split/QF_NIA_2_14//20170427-VeryMax/ITS/From_AProVE_2014__juHashMapCreateIsEmpty.jar-obl-10__p1555_safety_0.smt2 : 600771 ms.
--------------------------------------------------
sat
../QF_NIA_split/QF_NIA_2_14//20170427-VeryMax/ITS/From_AProVE_2014__juHashMapCreateIsEmpty.jar-obl-10__p1559_safety_0.smt2 : 23742 ms.
--------------------------------------------------
sat
../QF_NIA_split/QF_NIA_2_14//20170427-VeryMax/ITS/From_AProVE_2014__juHashMapCreateIsEmpty.jar-obl-10__p1560_safety_0.smt2 : 42002 ms.
--------------------------------------------------
./run.sh: line 3: 241836 Killed                  ./mathsat ../../$1
../QF_NIA_split/QF_NIA_2_14//20170427-VeryMax/ITS/From_AProVE_2014__juHashMapCreateIsEmpty.jar-obl-10__p1565_safety_0.smt2 : 600715 ms.
--------------------------------------------------
./run.sh: line 3: 243962 Killed                  ./mathsat ../../$1
../QF_NIA_split/QF_NIA_2_14//20170427-VeryMax/ITS/From_AProVE_2014__juHashMapCreateIsEmpty.jar-obl-10__p1569_safety_0.smt2 : 600515 ms.
--------------------------------------------------
./run.sh: line 3: 246453 Killed                  ./mathsat ../../$1
../QF_NIA_split/QF_NIA_2_14//20170427-VeryMax/ITS/From_AProVE_2014__juHashMapCreateIsEmpty.jar-obl-10__p1570_safety_0.smt2 : 600794 ms.
--------------------------------------------------
./run.sh: line 3: 248090 Killed                  ./mathsat ../../$1
../QF_NIA_split/QF_NIA_2_14//20170427-VeryMax/ITS/From_AProVE_2014__juHashMapCreateIsEmpty.jar-obl-10__p1574_safety_0.smt2 : 600536 ms.
--------------------------------------------------
sat
../QF_NIA_split/QF_NIA_2_14//20170427-VeryMax/ITS/From_AProVE_2014__juHashMapCreateIsEmpty.jar-obl-10__p1575_safety_0.smt2 : 56248 ms.
--------------------------------------------------
unsat
../QF_NIA_split/QF_NIA_2_14//20170427-VeryMax/ITS/From_AProVE_2014__juHashMapCreateIsEmpty.jar-obl-10__p1578_safety_0.smt2 : 88224 ms.
--------------------------------------------------
./run.sh: line 3: 250334 Killed                  ./mathsat ../../$1
../QF_NIA_split/QF_NIA_2_14//20170427-VeryMax/ITS/From_AProVE_2014__juHashMapCreateIsEmpty.jar-obl-10__p1579_safety_0.smt2 : 600495 ms.
--------------------------------------------------
./run.sh: line 3: 252740 Killed                  ./mathsat ../../$1
../QF_NIA_split/QF_NIA_2_14//20170427-VeryMax/ITS/From_AProVE_2014__juHashMapCreateIsEmpty.jar-obl-10__p1580_safety_0.smt2 : 600705 ms.
--------------------------------------------------
unsat
../QF_NIA_split/QF_NIA_2_14//20170427-VeryMax/ITS/From_AProVE_2014__juHashMapCreateIsEmpty.jar-obl-10__p1583_safety_0.smt2 : 52870 ms.
--------------------------------------------------
./run.sh: line 3: 254715 Killed                  ./mathsat ../../$1
../QF_NIA_split/QF_NIA_2_14//20170427-VeryMax/ITS/From_AProVE_2014__juHashMapCreateIsEmpty.jar-obl-10__p1584_safety_0.smt2 : 600497 ms.
--------------------------------------------------
./run.sh: line 3: 256615 Killed                  ./mathsat ../../$1
../QF_NIA_split/QF_NIA_2_14//20170427-VeryMax/ITS/From_AProVE_2014__juHashMapCreateIsEmpty.jar-obl-10__p1585_safety_0.smt2 : 600708 ms.
--------------------------------------------------
sat
../QF_NIA_split/QF_NIA_2_14//20170427-VeryMax/ITS/From_AProVE_2014__juHashMapCreateIsEmpty.jar-obl-10__p1587_safety_0.smt2 : 228522 ms.
--------------------------------------------------
sat
../QF_NIA_split/QF_NIA_2_14//20170427-VeryMax/ITS/From_AProVE_2014__juHashMapCreateIsEmpty.jar-obl-10__p1588_safety_0.smt2 : 37255 ms.
--------------------------------------------------
sat
../QF_NIA_split/QF_NIA_2_14//20170427-VeryMax/ITS/From_AProVE_2014__juHashMapCreateIsEmpty.jar-obl-10__p1590_safety_0.smt2 : 103780 ms.
--------------------------------------------------
sat
../QF_NIA_split/QF_NIA_2_14//20170427-VeryMax/ITS/From_AProVE_2014__juHashMapCreateIsEmpty.jar-obl-10__p1591_safety_0.smt2 : 420179 ms.
--------------------------------------------------
sat
../QF_NIA_split/QF_NIA_2_14//20170427-VeryMax/ITS/From_AProVE_2014__juHashMapCreateIsEmpty.jar-obl-10__p1596_safety_0.smt2 : 6420 ms.
--------------------------------------------------
sat
../QF_NIA_split/QF_NIA_2_14//20170427-VeryMax/ITS/From_AProVE_2014__juHashMapCreateIsEmpty.jar-obl-10__p1601_safety_0.smt2 : 1818 ms.
--------------------------------------------------
sat
../QF_NIA_split/QF_NIA_2_14//20170427-VeryMax/ITS/From_AProVE_2014__juHashMapCreateIsEmpty.jar-obl-10__p1605_safety_0.smt2 : 8523 ms.
--------------------------------------------------
sat
../QF_NIA_split/QF_NIA_2_14//20170427-VeryMax/ITS/From_AProVE_2014__juHashMapCreateIsEmpty.jar-obl-10__p1606_safety_0.smt2 : 310079 ms.
--------------------------------------------------
sat
../QF_NIA_split/QF_NIA_2_14//20170427-VeryMax/ITS/From_AProVE_2014__juHashMapCreateIsEmpty.jar-obl-10__p1608_safety_0.smt2 : 228723 ms.
--------------------------------------------------
sat
../QF_NIA_split/QF_NIA_2_14//20170427-VeryMax/ITS/From_AProVE_2014__juHashMapCreateIsEmpty.jar-obl-10__p1613_safety_0.smt2 : 233571 ms.
--------------------------------------------------
sat
../QF_NIA_split/QF_NIA_2_14//20170427-VeryMax/ITS/From_AProVE_2014__juHashMapCreateIsEmpty.jar-obl-10__p1614_safety_0.smt2 : 24139 ms.
--------------------------------------------------
sat
../QF_NIA_split/QF_NIA_2_14//20170427-VeryMax/ITS/From_AProVE_2014__juHashMapCreateIsEmpty.jar-obl-10__p1616_safety_0.smt2 : 5070 ms.
--------------------------------------------------
sat
../QF_NIA_split/QF_NIA_2_14//20170427-VeryMax/ITS/From_AProVE_2014__juHashMapCreateIsEmpty.jar-obl-10__p1621_safety_0.smt2 : 176948 ms.
--------------------------------------------------
./run.sh: line 3: 263511 Killed                  ./mathsat ../../$1
../QF_NIA_split/QF_NIA_2_14//20170427-VeryMax/ITS/From_AProVE_2014__juHashMapCreateIsEmpty.jar-obl-10__p1622_safety_0.smt2 : 600691 ms.
--------------------------------------------------
sat
../QF_NIA_split/QF_NIA_2_14//20170427-VeryMax/ITS/From_AProVE_2014__juHashMapCreateIsEmpty.jar-obl-10__p1624_safety_0.smt2 : 12802 ms.
--------------------------------------------------
./run.sh: line 3: 265574 Killed                  ./mathsat ../../$1
../QF_NIA_split/QF_NIA_2_14//20170427-VeryMax/ITS/From_AProVE_2014__juHashMapCreateIsEmpty.jar-obl-10__p1625_safety_0.smt2 : 600817 ms.
--------------------------------------------------
sat
../QF_NIA_split/QF_NIA_2_14//20170427-VeryMax/ITS/From_AProVE_2014__juHashMapCreateIsEmpty.jar-obl-10__p1628_safety_0.smt2 : 4569 ms.
--------------------------------------------------
sat
../QF_NIA_split/QF_NIA_2_14//20170427-VeryMax/ITS/From_AProVE_2014__juHashMapCreateIsEmpty.jar-obl-10__p1629_safety_0.smt2 : 71332 ms.
--------------------------------------------------
sat
../QF_NIA_split/QF_NIA_2_14//20170427-VeryMax/ITS/From_AProVE_2014__juHashMapCreateIsEmpty.jar-obl-10__p1630_safety_0.smt2 : 410032 ms.
--------------------------------------------------
sat
../QF_NIA_split/QF_NIA_2_14//20170427-VeryMax/ITS/From_AProVE_2014__juHashMapCreateIsEmpty.jar-obl-10__p1631_safety_0.smt2 : 113723 ms.
--------------------------------------------------
sat
../QF_NIA_split/QF_NIA_2_14//20170427-VeryMax/ITS/From_AProVE_2014__juHashMapCreateIsEmpty.jar-obl-10__p1632_safety_0.smt2 : 19744 ms.
--------------------------------------------------
sat
../QF_NIA_split/QF_NIA_2_14//20170427-VeryMax/ITS/From_AProVE_2014__juHashMapCreateIsEmpty.jar-obl-10__p1633_safety_0.smt2 : 19643 ms.
--------------------------------------------------
./run.sh: line 3: 269675 Killed                  ./mathsat ../../$1
../QF_NIA_split/QF_NIA_2_14//20170427-VeryMax/ITS/From_AProVE_2014__juHashMapCreateIsEmpty.jar-obl-10__p1638_safety_0.smt2 : 600839 ms.
--------------------------------------------------
./run.sh: line 3: 272228 Killed                  ./mathsat ../../$1
../QF_NIA_split/QF_NIA_2_14//20170427-VeryMax/ITS/From_AProVE_2014__juHashMapCreateIsEmpty.jar-obl-10__p1648_safety_0.smt2 : 600732 ms.
--------------------------------------------------
sat
../QF_NIA_split/QF_NIA_2_14//20170427-VeryMax/ITS/From_AProVE_2014__juHashMapCreateIsEmpty.jar-obl-10__p1650_safety_0.smt2 : 4606 ms.
--------------------------------------------------
./run.sh: line 3: 274023 Killed                  ./mathsat ../../$1
../QF_NIA_split/QF_NIA_2_14//20170427-VeryMax/ITS/From_AProVE_2014__juHashMapCreateIsEmpty.jar-obl-10__p1651_safety_0.smt2 : 600865 ms.
--------------------------------------------------
sat
../QF_NIA_split/QF_NIA_2_14//20170427-VeryMax/ITS/From_AProVE_2014__juHashMapCreateIsEmpty.jar-obl-10__p1655_safety_0.smt2 : 37689 ms.
--------------------------------------------------
sat
../QF_NIA_split/QF_NIA_2_14//20170427-VeryMax/ITS/From_AProVE_2014__juHashMapCreateIsEmpty.jar-obl-10__p1656_safety_0.smt2 : 28441 ms.
--------------------------------------------------
sat
../QF_NIA_split/QF_NIA_2_14//20170427-VeryMax/ITS/From_AProVE_2014__juHashMapCreateIsEmpty.jar-obl-10__p1658_safety_0.smt2 : 7033 ms.
--------------------------------------------------
sat
../QF_NIA_split/QF_NIA_2_14//20170427-VeryMax/ITS/From_AProVE_2014__juHashMapCreateIsEmpty.jar-obl-10__p1659_safety_0.smt2 : 411860 ms.
--------------------------------------------------
unsat
../QF_NIA_split/QF_NIA_2_14//20170427-VeryMax/ITS/From_AProVE_2014__juHashMapCreateIsEmpty.jar-obl-10__p1660_safety_0.smt2 : 56499 ms.
--------------------------------------------------
./run.sh: line 3: 277300 Killed                  ./mathsat ../../$1
../QF_NIA_split/QF_NIA_2_14//20170427-VeryMax/ITS/From_AProVE_2014__juHashMapCreateIsEmpty.jar-obl-10__p1661_safety_0.smt2 : 600221 ms.
--------------------------------------------------
./run.sh: line 3: 279124 Killed                  ./mathsat ../../$1
../QF_NIA_split/QF_NIA_2_14//20170427-VeryMax/ITS/From_AProVE_2014__juHashMapCreateIsEmpty.jar-obl-10__p1662_safety_0.smt2 : 600676 ms.
--------------------------------------------------
unsat
../QF_NIA_split/QF_NIA_2_14//20170427-VeryMax/ITS/From_AProVE_2014__juHashMapCreateIsEmpty.jar-obl-10__p1665_safety_0.smt2 : 28667 ms.
--------------------------------------------------
./run.sh: line 3: 281124 Killed                  ./mathsat ../../$1
../QF_NIA_split/QF_NIA_2_14//20170427-VeryMax/ITS/From_AProVE_2014__juHashMapCreateIsEmpty.jar-obl-10__p1666_safety_0.smt2 : 600406 ms.
--------------------------------------------------
./run.sh: line 3: 282748 Killed                  ./mathsat ../../$1
../QF_NIA_split/QF_NIA_2_14//20170427-VeryMax/ITS/From_AProVE_2014__juHashMapCreateIsEmpty.jar-obl-10__p1667_safety_0.smt2 : 600719 ms.
--------------------------------------------------
sat
../QF_NIA_split/QF_NIA_2_14//20170427-VeryMax/ITS/From_AProVE_2014__juHashMapCreateIsEmpty.jar-obl-10__p1668_safety_0.smt2 : 5224 ms.
--------------------------------------------------
sat
../QF_NIA_split/QF_NIA_2_14//20170427-VeryMax/ITS/From_AProVE_2014__juHashMapCreateIsEmpty.jar-obl-10__p1669_safety_0.smt2 : 55960 ms.
--------------------------------------------------
sat
../QF_NIA_split/QF_NIA_2_14//20170427-VeryMax/ITS/From_AProVE_2014__juHashMapCreateIsEmpty.jar-obl-10__p1670_safety_0.smt2 : 223874 ms.
--------------------------------------------------
sat
../QF_NIA_split/QF_NIA_2_14//20170427-VeryMax/ITS/From_AProVE_2014__juHashMapCreateIsEmpty.jar-obl-10__p1672_safety_0.smt2 : 115128 ms.
--------------------------------------------------
sat
../QF_NIA_split/QF_NIA_2_14//20170427-VeryMax/ITS/From_AProVE_2014__juHashMapCreateIsEmpty.jar-obl-10__p1673_safety_0.smt2 : 60236 ms.
--------------------------------------------------
sat
../QF_NIA_split/QF_NIA_2_14//20170427-VeryMax/ITS/From_AProVE_2014__juHashMapCreateIsEmpty.jar-obl-10__p1688_safety_0.smt2 : 27832 ms.
--------------------------------------------------
sat
../QF_NIA_split/QF_NIA_2_14//20170427-VeryMax/ITS/From_AProVE_2014__juHashMapCreateIsEmpty.jar-obl-10__p1690_safety_0.smt2 : 19699 ms.
--------------------------------------------------
./run.sh: line 3: 286324 Killed                  ./mathsat ../../$1
../QF_NIA_split/QF_NIA_2_14//20170427-VeryMax/ITS/From_AProVE_2014__juHashMapCreateIsEmpty.jar-obl-10__p1691_safety_0.smt2 : 600737 ms.
--------------------------------------------------
sat
../QF_NIA_split/QF_NIA_2_14//20170427-VeryMax/ITS/From_AProVE_2014__juHashMapCreateIsEmpty.jar-obl-10__p1696_safety_0.smt2 : 2886 ms.
--------------------------------------------------
./run.sh: line 3: 288859 Killed                  ./mathsat ../../$1
../QF_NIA_split/QF_NIA_2_14//20170427-VeryMax/ITS/From_AProVE_2014__juHashMapCreateIsEmpty.jar-obl-10__p1697_safety_0.smt2 : 600248 ms.
--------------------------------------------------
./run.sh: line 3: 290404 Killed                  ./mathsat ../../$1
../QF_NIA_split/QF_NIA_2_14//20170427-VeryMax/ITS/From_AProVE_2014__juHashMapCreateIsEmpty.jar-obl-10__p1699_safety_0.smt2 : 600473 ms.
--------------------------------------------------
./run.sh: line 3: 292161 Killed                  ./mathsat ../../$1
../QF_NIA_split/QF_NIA_2_14//20170427-VeryMax/ITS/From_AProVE_2014__juHashMapCreateIsEmpty.jar-obl-10__p1700_safety_0.smt2 : 600880 ms.
--------------------------------------------------
sat
../QF_NIA_split/QF_NIA_2_14//20170427-VeryMax/ITS/From_AProVE_2014__juHashMapCreateIsEmpty.jar-obl-10__p1708_safety_0.smt2 : 45385 ms.
--------------------------------------------------
./run.sh: line 3: 293955 Killed                  ./mathsat ../../$1
../QF_NIA_split/QF_NIA_2_14//20170427-VeryMax/ITS/From_AProVE_2014__juHashMapCreateIsEmpty.jar-obl-10__p1709_safety_0.smt2 : 600517 ms.
--------------------------------------------------
unsat
../QF_NIA_split/QF_NIA_2_14//20170427-VeryMax/ITS/From_AProVE_2014__juHashMapCreateIsEmpty.jar-obl-10__p1710_safety_0.smt2 : 21483 ms.
--------------------------------------------------
./run.sh: line 3: 296384 Killed                  ./mathsat ../../$1
../QF_NIA_split/QF_NIA_2_14//20170427-VeryMax/ITS/From_AProVE_2014__juHashMapCreateIsEmpty.jar-obl-10__p1711_safety_0.smt2 : 600451 ms.
--------------------------------------------------
./run.sh: line 3: 298603 Killed                  ./mathsat ../../$1
../QF_NIA_split/QF_NIA_2_14//20170427-VeryMax/ITS/From_AProVE_2014__juHashMapCreateIsEmpty.jar-obl-10__p1712_safety_0.smt2 : 600373 ms.
--------------------------------------------------
sat
../QF_NIA_split/QF_NIA_2_14//20170427-VeryMax/ITS/From_AProVE_2014__juHashMapCreateIsEmpty.jar-obl-10__p1717_terminationG_0.smt2 : 46814 ms.
--------------------------------------------------
sat
../QF_NIA_split/QF_NIA_2_14//20170427-VeryMax/ITS/From_AProVE_2014__juHashMapCreateIsEmpty.jar-obl-10__p1718_terminationG_0.smt2 : 327840 ms.
--------------------------------------------------
./run.sh: line 3: 301149 Killed                  ./mathsat ../../$1
../QF_NIA_split/QF_NIA_2_14//20170427-VeryMax/ITS/From_AProVE_2014__juHashMapCreateIsEmpty.jar-obl-10__p1719_terminationG_0.smt2 : 600580 ms.
--------------------------------------------------
sat
../QF_NIA_split/QF_NIA_2_14//20170427-VeryMax/ITS/From_AProVE_2014__juHashMapCreateIsEmpty.jar-obl-10__p1730_safety_0.smt2 : 473126 ms.
--------------------------------------------------
sat
../QF_NIA_split/QF_NIA_2_14//20170427-VeryMax/ITS/From_AProVE_2014__juHashMapCreateIsEmpty.jar-obl-10__p1731_safety_0.smt2 : 24550 ms.
--------------------------------------------------
sat
../QF_NIA_split/QF_NIA_2_14//20170427-VeryMax/ITS/From_AProVE_2014__juHashMapCreateIsEmpty.jar-obl-10__p1738_safety_0.smt2 : 8619 ms.
--------------------------------------------------
sat
../QF_NIA_split/QF_NIA_2_14//20170427-VeryMax/ITS/From_AProVE_2014__juHashMapCreateIsEmpty.jar-obl-10__p1739_safety_0.smt2 : 2168 ms.
--------------------------------------------------
sat
../QF_NIA_split/QF_NIA_2_14//20170427-VeryMax/ITS/From_AProVE_2014__juHashMapCreateIsEmpty.jar-obl-10__p1740_safety_0.smt2 : 49019 ms.
--------------------------------------------------
sat
../QF_NIA_split/QF_NIA_2_14//20170427-VeryMax/ITS/From_AProVE_2014__juHashMapCreateIsEmpty.jar-obl-10__p1741_safety_0.smt2 : 11514 ms.
--------------------------------------------------
./run.sh: line 3: 305720 Killed                  ./mathsat ../../$1
../QF_NIA_split/QF_NIA_2_14//20170427-VeryMax/ITS/From_AProVE_2014__juHashMapCreateIsEmpty.jar-obl-10__p1747_safety_0.smt2 : 600544 ms.
--------------------------------------------------
./run.sh: line 3: 307197 Killed                  ./mathsat ../../$1
../QF_NIA_split/QF_NIA_2_14//20170427-VeryMax/ITS/From_AProVE_2014__juHashMapCreateIsEmpty.jar-obl-10__p1748_safety_0.smt2 : 600862 ms.
--------------------------------------------------
unsat
../QF_NIA_split/QF_NIA_2_14//20170427-VeryMax/ITS/From_AProVE_2014__juHashMapCreateIsEmpty.jar-obl-10__p1749_safety_0.smt2 : 117411 ms.
--------------------------------------------------
./run.sh: line 3: 310007 Killed                  ./mathsat ../../$1
../QF_NIA_split/QF_NIA_2_14//20170427-VeryMax/ITS/From_AProVE_2014__juHashMapCreateIsEmpty.jar-obl-10__p1750_safety_0.smt2 : 600351 ms.
--------------------------------------------------
./run.sh: line 3: 311834 Killed                  ./mathsat ../../$1
../QF_NIA_split/QF_NIA_2_14//20170427-VeryMax/ITS/From_AProVE_2014__juHashMapCreateIsEmpty.jar-obl-10__p1751_safety_0.smt2 : 600783 ms.
--------------------------------------------------
unsat
../QF_NIA_split/QF_NIA_2_14//20170427-VeryMax/ITS/From_AProVE_2014__juHashMapCreateIsEmpty.jar-obl-10__p1754_safety_0.smt2 : 160885 ms.
--------------------------------------------------
./run.sh: line 3: 313657 Killed                  ./mathsat ../../$1
../QF_NIA_split/QF_NIA_2_14//20170427-VeryMax/ITS/From_AProVE_2014__juHashMapCreateIsEmpty.jar-obl-10__p1755_safety_0.smt2 : 600527 ms.
--------------------------------------------------
./run.sh: line 3: 314908 Killed                  ./mathsat ../../$1
../QF_NIA_split/QF_NIA_2_14//20170427-VeryMax/ITS/From_AProVE_2014__juHashMapCreateIsEmpty.jar-obl-10__p1756_safety_0.smt2 : 600322 ms.
--------------------------------------------------
sat
../QF_NIA_split/QF_NIA_2_14//20170427-VeryMax/ITS/From_AProVE_2014__juHashMapCreateIsEmpty.jar-obl-10__p1758_safety_0.smt2 : 256495 ms.
--------------------------------------------------
./run.sh: line 3: 317348 Killed                  ./mathsat ../../$1
../QF_NIA_split/QF_NIA_2_14//20170427-VeryMax/ITS/From_AProVE_2014__juHashMapCreateIsEmpty.jar-obl-10__p1759_safety_0.smt2 : 600516 ms.
--------------------------------------------------
sat
../QF_NIA_split/QF_NIA_2_14//20170427-VeryMax/ITS/From_AProVE_2014__juHashMapCreateIsEmpty.jar-obl-10__p1760_safety_0.smt2 : 31537 ms.
--------------------------------------------------
./run.sh: line 3: 318668 Killed                  ./mathsat ../../$1
../QF_NIA_split/QF_NIA_2_14//20170427-VeryMax/ITS/From_AProVE_2014__juHashMapCreateIsEmpty.jar-obl-10__p1761_safety_0.smt2 : 600367 ms.
--------------------------------------------------
./run.sh: line 3: 320396 Killed                  ./mathsat ../../$1
../QF_NIA_split/QF_NIA_2_14//20170427-VeryMax/ITS/From_AProVE_2014__juHashMapCreateIsEmpty.jar-obl-10__p1762_safety_0.smt2 : 600384 ms.
--------------------------------------------------
sat
../QF_NIA_split/QF_NIA_2_14//20170427-VeryMax/ITS/From_AProVE_2014__juHashMapCreateIsEmpty.jar-obl-10__p1766_safety_0.smt2 : 4308 ms.
--------------------------------------------------
sat
../QF_NIA_split/QF_NIA_2_14//20170427-VeryMax/ITS/From_AProVE_2014__juHashMapCreateIsEmpty.jar-obl-10__p1775_safety_0.smt2 : 33892 ms.
--------------------------------------------------
./run.sh: line 3: 321627 Killed                  ./mathsat ../../$1
../QF_NIA_split/QF_NIA_2_14//20170427-VeryMax/ITS/From_AProVE_2014__juHashMapCreateIsEmpty.jar-obl-10__p1776_safety_0.smt2 : 600452 ms.
--------------------------------------------------
sat
../QF_NIA_split/QF_NIA_2_14//20170427-VeryMax/ITS/From_AProVE_2014__juHashMapCreateIsEmpty.jar-obl-10__p1781_safety_0.smt2 : 19558 ms.
--------------------------------------------------
./run.sh: line 3: 323121 Killed                  ./mathsat ../../$1
../QF_NIA_split/QF_NIA_2_14//20170427-VeryMax/ITS/From_AProVE_2014__juHashMapCreateIsEmpty.jar-obl-10__p1782_safety_0.smt2 : 600280 ms.
--------------------------------------------------
./run.sh: line 3: 324069 Killed                  ./mathsat ../../$1
../QF_NIA_split/QF_NIA_2_14//20170427-VeryMax/ITS/From_AProVE_2014__juHashMapCreateIsEmpty.jar-obl-10__p1784_safety_0.smt2 : 600546 ms.
--------------------------------------------------
./run.sh: line 3: 325694 Killed                  ./mathsat ../../$1
../QF_NIA_split/QF_NIA_2_14//20170427-VeryMax/ITS/From_AProVE_2014__juHashMapCreateIsEmpty.jar-obl-10__p1785_safety_0.smt2 : 600412 ms.
--------------------------------------------------
./run.sh: line 3: 327999 Killed                  ./mathsat ../../$1
../QF_NIA_split/QF_NIA_2_14//20170427-VeryMax/ITS/From_AProVE_2014__juHashMapCreateIsEmpty.jar-obl-10__p1792_safety_0.smt2 : 600599 ms.
--------------------------------------------------
../QF_NIA_split/QF_NIA_2_14//20170427-VeryMax/ITS/From_AProVE_2014__juHashMapCreateIsEmpty.jar-obl-10__p1793_safety_0.smt2 : 601006 ms.
--------------------------------------------------
unsat
../QF_NIA_split/QF_NIA_2_14//20170427-VeryMax/ITS/From_AProVE_2014__juHashMapCreateIsEmpty.jar-obl-10__p1794_safety_0.smt2 : 28511 ms.
--------------------------------------------------
../QF_NIA_split/QF_NIA_2_14//20170427-VeryMax/ITS/From_AProVE_2014__juHashMapCreateIsEmpty.jar-obl-10__p1797_safety_0.smt2 : 601006 ms.
--------------------------------------------------
../QF_NIA_split/QF_NIA_2_14//20170427-VeryMax/ITS/From_AProVE_2014__juHashMapCreateIsEmpty.jar-obl-10__p1798_safety_0.smt2 : 601006 ms.
--------------------------------------------------
unsat
../QF_NIA_split/QF_NIA_2_14//20170427-VeryMax/ITS/From_AProVE_2014__juHashMapCreateIsEmpty.jar-obl-10__p1801_safety_0.smt2 : 21754 ms.
--------------------------------------------------
./run.sh: line 3: 343396 Killed                  ./mathsat ../../$1
../QF_NIA_split/QF_NIA_2_14//20170427-VeryMax/ITS/From_AProVE_2014__juHashMapCreateIsEmpty.jar-obl-10__p1802_safety_0.smt2 : 600948 ms.
--------------------------------------------------
../QF_NIA_split/QF_NIA_2_14//20170427-VeryMax/ITS/From_AProVE_2014__juHashMapCreateIsEmpty.jar-obl-10__p1803_safety_0.smt2 : 601007 ms.
--------------------------------------------------
sat
../QF_NIA_split/QF_NIA_2_14//20170427-VeryMax/ITS/From_AProVE_2014__juHashMapCreateIsEmpty.jar-obl-10__p1804_safety_0.smt2 : 9101 ms.
--------------------------------------------------
../QF_NIA_split/QF_NIA_2_14//20170427-VeryMax/ITS/From_AProVE_2014__juHashMapCreateIsEmpty.jar-obl-10__p1805_safety_0.smt2 : 601005 ms.
--------------------------------------------------
../QF_NIA_split/QF_NIA_2_14//20170427-VeryMax/ITS/From_AProVE_2014__juHashMapCreateIsEmpty.jar-obl-10__p1806_safety_0.smt2 : 601006 ms.
--------------------------------------------------
sat
../QF_NIA_split/QF_NIA_2_14//20170427-VeryMax/ITS/From_AProVE_2014__juHashMapCreateIsEmpty.jar-obl-10__p1807_safety_0.smt2 : 1252 ms.
--------------------------------------------------
sat
../QF_NIA_split/QF_NIA_2_14//20170427-VeryMax/ITS/From_AProVE_2014__juHashMapCreateIsEmpty.jar-obl-10__p1808_safety_0.smt2 : 39128 ms.
--------------------------------------------------
../QF_NIA_split/QF_NIA_2_14//20170427-VeryMax/ITS/From_AProVE_2014__juHashMapCreateIsEmpty.jar-obl-10__p1810_safety_0.smt2 : 601006 ms.
--------------------------------------------------
sat
../QF_NIA_split/QF_NIA_2_14//20170427-VeryMax/ITS/From_AProVE_2014__juHashMapCreateIsEmpty.jar-obl-10__p1840_safety_0.smt2 : 18064 ms.
--------------------------------------------------
sat
../QF_NIA_split/QF_NIA_2_14//20170427-VeryMax/ITS/From_AProVE_2014__juHashMapCreateIsEmpty.jar-obl-10__p1843_safety_0.smt2 : 44577 ms.
--------------------------------------------------
sat
../QF_NIA_split/QF_NIA_2_14//20170427-VeryMax/ITS/From_AProVE_2014__juHashMapCreateIsEmpty.jar-obl-10__p1846_safety_0.smt2 : 75005 ms.
--------------------------------------------------
sat
../QF_NIA_split/QF_NIA_2_14//20170427-VeryMax/ITS/From_AProVE_2014__juHashMapCreateIsEmpty.jar-obl-10__p1853_safety_0.smt2 : 587820 ms.
--------------------------------------------------
sat
../QF_NIA_split/QF_NIA_2_14//20170427-VeryMax/ITS/From_AProVE_2014__juHashMapCreateIsEmpty.jar-obl-10__p1860_safety_0.smt2 : 21919 ms.
--------------------------------------------------
../QF_NIA_split/QF_NIA_2_14//20170427-VeryMax/ITS/From_AProVE_2014__juHashMapCreateIsEmpty.jar-obl-10__p1861_safety_0.smt2 : 601006 ms.
--------------------------------------------------
sat
../QF_NIA_split/QF_NIA_2_14//20170427-VeryMax/ITS/From_AProVE_2014__juHashMapCreateIsEmpty.jar-obl-10__p1871_safety_0.smt2 : 471096 ms.
--------------------------------------------------
unsat
../QF_NIA_split/QF_NIA_2_14//20170427-VeryMax/ITS/From_AProVE_2014__juHashMapCreateIsEmpty.jar-obl-10__p1878_safety_0.smt2 : 84395 ms.
--------------------------------------------------
../QF_NIA_split/QF_NIA_2_14//20170427-VeryMax/ITS/From_AProVE_2014__juHashMapCreateIsEmpty.jar-obl-10__p1881_safety_0.smt2 : 601006 ms.
--------------------------------------------------
../QF_NIA_split/QF_NIA_2_14//20170427-VeryMax/ITS/From_AProVE_2014__juHashMapCreateIsEmpty.jar-obl-10__p1882_safety_0.smt2 : 601006 ms.
--------------------------------------------------
sat
../QF_NIA_split/QF_NIA_2_14//20170427-VeryMax/ITS/From_AProVE_2014__juHashMapCreateIsEmpty.jar-obl-10__p1885_safety_0.smt2 : 6091 ms.
--------------------------------------------------
../QF_NIA_split/QF_NIA_2_14//20170427-VeryMax/ITS/From_AProVE_2014__juHashMapCreateIsEmpty.jar-obl-10__p1891_safety_0.smt2 : 601006 ms.
--------------------------------------------------
unsat
../QF_NIA_split/QF_NIA_2_14//20170427-VeryMax/ITS/From_AProVE_2014__juHashMapCreateIsEmpty.jar-obl-10__p1892_safety_0.smt2 : 37829 ms.
--------------------------------------------------
./run.sh: line 3: 375366 Killed                  ./mathsat ../../$1
../QF_NIA_split/QF_NIA_2_14//20170427-VeryMax/ITS/From_AProVE_2014__juHashMapCreateIsEmpty.jar-obl-10__p1893_safety_0.smt2 : 600484 ms.
--------------------------------------------------
../QF_NIA_split/QF_NIA_2_14//20170427-VeryMax/ITS/From_AProVE_2014__juHashMapCreateIsEmpty.jar-obl-10__p1894_safety_0.smt2 : 601005 ms.
--------------------------------------------------
sat
../QF_NIA_split/QF_NIA_2_14//20170427-VeryMax/ITS/From_AProVE_2014__juHashMapCreateIsEmpty.jar-obl-10__p1897_safety_0.smt2 : 10192 ms.
--------------------------------------------------
sat
../QF_NIA_split/QF_NIA_2_14//20170427-VeryMax/ITS/From_AProVE_2014__juHashMapCreateIsEmpty.jar-obl-10__p1899_safety_0.smt2 : 66268 ms.
--------------------------------------------------
../QF_NIA_split/QF_NIA_2_14//20170427-VeryMax/ITS/From_AProVE_2014__juHashMapCreateIsEmpty.jar-obl-10__p1900_safety_0.smt2 : 601006 ms.
--------------------------------------------------
sat
../QF_NIA_split/QF_NIA_2_14//20170427-VeryMax/ITS/From_AProVE_2014__juHashMapCreateIsEmpty.jar-obl-10__p1904_safety_0.smt2 : 532492 ms.
--------------------------------------------------
../QF_NIA_split/QF_NIA_2_14//20170427-VeryMax/ITS/From_AProVE_2014__juHashMapCreateIsEmpty.jar-obl-10__p1905_safety_0.smt2 : 601006 ms.
--------------------------------------------------
../QF_NIA_split/QF_NIA_2_14//20170427-VeryMax/ITS/From_AProVE_2014__juHashMapCreateIsEmpty.jar-obl-10__p1906_safety_0.smt2 : 601006 ms.
--------------------------------------------------
sat
../QF_NIA_split/QF_NIA_2_14//20170427-VeryMax/ITS/From_AProVE_2014__juHashMapCreateIsEmpty.jar-obl-10__p1910_safety_0.smt2 : 15568 ms.
--------------------------------------------------
sat
../QF_NIA_split/QF_NIA_2_14//20170427-VeryMax/ITS/From_AProVE_2014__juHashMapCreateIsEmpty.jar-obl-10__p1918_safety_0.smt2 : 35900 ms.
--------------------------------------------------
sat
../QF_NIA_split/QF_NIA_2_14//20170427-VeryMax/ITS/From_AProVE_2014__juHashMapCreateIsEmpty.jar-obl-10__p1922_safety_0.smt2 : 23325 ms.
--------------------------------------------------
sat
../QF_NIA_split/QF_NIA_2_14//20170427-VeryMax/ITS/From_AProVE_2014__juHashMapCreateIsEmpty.jar-obl-10__p1926_safety_0.smt2 : 2368 ms.
--------------------------------------------------
sat
../QF_NIA_split/QF_NIA_2_14//20170427-VeryMax/ITS/From_AProVE_2014__juHashMapCreateIsEmpty.jar-obl-10__p1934_safety_0.smt2 : 15222 ms.
--------------------------------------------------
unsat
../QF_NIA_split/QF_NIA_2_14//20170427-VeryMax/ITS/From_AProVE_2014__juHashMapCreateIsEmpty.jar-obl-10__p1937_safety_0.smt2 : 119122 ms.
--------------------------------------------------
../QF_NIA_split/QF_NIA_2_14//20170427-VeryMax/ITS/From_AProVE_2014__juHashMapCreateIsEmpty.jar-obl-10__p1938_safety_0.smt2 : 601005 ms.
--------------------------------------------------
../QF_NIA_split/QF_NIA_2_14//20170427-VeryMax/ITS/From_AProVE_2014__juHashMapCreateIsEmpty.jar-obl-10__p1939_safety_0.smt2 : 601007 ms.
--------------------------------------------------
sat
../QF_NIA_split/QF_NIA_2_14//20170427-VeryMax/ITS/From_AProVE_2014__juHashMapCreateIsEmpty.jar-obl-10__p1955_safety_0.smt2 : 14750 ms.
--------------------------------------------------
sat
../QF_NIA_split/QF_NIA_2_14//20170427-VeryMax/ITS/From_AProVE_2014__juHashMapCreateIsEmpty.jar-obl-10__p1956_safety_0.smt2 : 14817 ms.
--------------------------------------------------
unsat
../QF_NIA_split/QF_NIA_2_14//20170427-VeryMax/ITS/From_AProVE_2014__juHashMapCreateIsEmpty.jar-obl-10__p1964_safety_0.smt2 : 46164 ms.
--------------------------------------------------
./run.sh: line 3: 397106 Killed                  ./mathsat ../../$1
../QF_NIA_split/QF_NIA_2_14//20170427-VeryMax/ITS/From_AProVE_2014__juHashMapCreateIsEmpty.jar-obl-10__p1967_safety_0.smt2 : 600760 ms.
--------------------------------------------------
../QF_NIA_split/QF_NIA_2_14//20170427-VeryMax/ITS/From_AProVE_2014__juHashMapCreateIsEmpty.jar-obl-10__p1971_safety_0.smt2 : 601006 ms.
--------------------------------------------------
sat
../QF_NIA_split/QF_NIA_2_14//20170427-VeryMax/ITS/From_AProVE_2014__juHashMapCreateIsEmpty.jar-obl-10__p1975_terminationG_0.smt2 : 8916 ms.
--------------------------------------------------
sat
../QF_NIA_split/QF_NIA_2_14//20170427-VeryMax/ITS/From_AProVE_2014__juHashMapCreateIsEmpty.jar-obl-10__p1976_terminationG_0.smt2 : 158263 ms.
--------------------------------------------------
sat
../QF_NIA_split/QF_NIA_2_14//20170427-VeryMax/ITS/From_AProVE_2014__juHashMapCreateIsEmpty.jar-obl-10__p1977_terminationG_0.smt2 : 238723 ms.
--------------------------------------------------
sat
../QF_NIA_split/QF_NIA_2_14//20170427-VeryMax/ITS/From_AProVE_2014__juHashMapCreateIsEmpty.jar-obl-10__p1987_safety_0.smt2 : 36600 ms.
--------------------------------------------------
sat
../QF_NIA_split/QF_NIA_2_14//20170427-VeryMax/ITS/From_AProVE_2014__juHashMapCreateIsEmpty.jar-obl-10__p1989_safety_0.smt2 : 3191 ms.
--------------------------------------------------
sat
../QF_NIA_split/QF_NIA_2_14//20170427-VeryMax/ITS/From_AProVE_2014__juHashMapCreateIsEmpty.jar-obl-10__p1991_safety_0.smt2 : 10866 ms.
--------------------------------------------------
sat
../QF_NIA_split/QF_NIA_2_14//20170427-VeryMax/ITS/From_AProVE_2014__juHashMapCreateIsEmpty.jar-obl-10__p1992_safety_0.smt2 : 2786 ms.
--------------------------------------------------
sat
../QF_NIA_split/QF_NIA_2_14//20170427-VeryMax/ITS/From_AProVE_2014__juHashMapCreateIsEmpty.jar-obl-10__p1998_safety_0.smt2 : 141489 ms.
--------------------------------------------------
sat
../QF_NIA_split/QF_NIA_2_14//20170427-VeryMax/ITS/From_AProVE_2014__juHashMapCreateIsEmpty.jar-obl-10__p1999_safety_0.smt2 : 15105 ms.
--------------------------------------------------
../QF_NIA_split/QF_NIA_2_14//20170427-VeryMax/ITS/From_AProVE_2014__juHashMapCreateIsEmpty.jar-obl-10__p2006_safety_0.smt2 : 601006 ms.
--------------------------------------------------
sat
../QF_NIA_split/QF_NIA_2_14//20170427-VeryMax/ITS/From_AProVE_2014__juHashMapCreateIsEmpty.jar-obl-10__p2010_safety_0.smt2 : 64631 ms.
--------------------------------------------------
../QF_NIA_split/QF_NIA_2_14//20170427-VeryMax/ITS/From_AProVE_2014__juHashMapCreateIsEmpty.jar-obl-10__p2011_safety_0.smt2 : 601006 ms.
--------------------------------------------------
sat
../QF_NIA_split/QF_NIA_2_14//20170427-VeryMax/ITS/From_AProVE_2014__juHashMapCreateIsEmpty.jar-obl-10__p2015_safety_0.smt2 : 315055 ms.
--------------------------------------------------
sat
../QF_NIA_split/QF_NIA_2_14//20170427-VeryMax/ITS/From_AProVE_2014__juHashMapCreateIsEmpty.jar-obl-10__p2016_safety_0.smt2 : 67690 ms.
--------------------------------------------------
unsat
../QF_NIA_split/QF_NIA_2_14//20170427-VeryMax/ITS/From_AProVE_2014__juHashMapCreateIsEmpty.jar-obl-10__p2019_safety_0.smt2 : 23410 ms.
--------------------------------------------------
./run.sh: line 3: 411984 Killed                  ./mathsat ../../$1
../QF_NIA_split/QF_NIA_2_14//20170427-VeryMax/ITS/From_AProVE_2014__juHashMapCreateIsEmpty.jar-obl-10__p2020_safety_0.smt2 : 600954 ms.
--------------------------------------------------
../QF_NIA_split/QF_NIA_2_14//20170427-VeryMax/ITS/From_AProVE_2014__juHashMapCreateIsEmpty.jar-obl-10__p2021_safety_0.smt2 : 601006 ms.
--------------------------------------------------
unsat
../QF_NIA_split/QF_NIA_2_14//20170427-VeryMax/ITS/From_AProVE_2014__juHashMapCreateIsEmpty.jar-obl-10__p2024_safety_0.smt2 : 22067 ms.
--------------------------------------------------
./run.sh: line 3: 417623 Killed                  ./mathsat ../../$1
../QF_NIA_split/QF_NIA_2_14//20170427-VeryMax/ITS/From_AProVE_2014__juHashMapCreateIsEmpty.jar-obl-10__p2025_safety_0.smt2 : 600653 ms.
--------------------------------------------------
../QF_NIA_split/QF_NIA_2_14//20170427-VeryMax/ITS/From_AProVE_2014__juHashMapCreateIsEmpty.jar-obl-10__p2026_safety_0.smt2 : 601005 ms.
--------------------------------------------------
sat
../QF_NIA_split/QF_NIA_2_14//20170427-VeryMax/ITS/From_AProVE_2014__juHashMapCreateIsEmpty.jar-obl-10__p2028_safety_0.smt2 : 29696 ms.
--------------------------------------------------
sat
../QF_NIA_split/QF_NIA_2_14//20170427-VeryMax/ITS/From_AProVE_2014__juHashMapCreateIsEmpty.jar-obl-10__p2029_safety_0.smt2 : 150029 ms.
--------------------------------------------------
sat
../QF_NIA_split/QF_NIA_2_14//20170427-VeryMax/ITS/From_AProVE_2014__juHashMapCreateIsEmpty.jar-obl-10__p2031_safety_0.smt2 : 36926 ms.
--------------------------------------------------
sat
../QF_NIA_split/QF_NIA_2_14//20170427-VeryMax/ITS/From_AProVE_2014__juHashMapCreateIsEmpty.jar-obl-10__p2032_safety_0.smt2 : 101117 ms.
--------------------------------------------------
../QF_NIA_split/QF_NIA_2_14//20170427-VeryMax/ITS/From_AProVE_2014__juHashMapCreateIsEmpty.jar-obl-10__p2047_safety_0.smt2 : 601005 ms.
--------------------------------------------------
sat
../QF_NIA_split/QF_NIA_2_14//20170427-VeryMax/ITS/From_AProVE_2014__juHashMapCreateIsEmpty.jar-obl-10__p2058_safety_0.smt2 : 8469 ms.
--------------------------------------------------
../QF_NIA_split/QF_NIA_2_14//20170427-VeryMax/ITS/From_AProVE_2014__juHashMapCreateIsEmpty.jar-obl-10__p2059_safety_0.smt2 : 601006 ms.
--------------------------------------------------
sat
../QF_NIA_split/QF_NIA_2_14//20170427-VeryMax/ITS/From_AProVE_2014__juHashMapCreateIsEmpty.jar-obl-10__p2065_safety_0.smt2 : 135429 ms.
--------------------------------------------------
../QF_NIA_split/QF_NIA_2_14//20170427-VeryMax/ITS/From_AProVE_2014__juHashMapCreateIsEmpty.jar-obl-10__p2079_safety_0.smt2 : 601006 ms.
--------------------------------------------------
sat
../QF_NIA_split/QF_NIA_2_14//20170427-VeryMax/ITS/From_AProVE_2014__juHashMapCreateIsEmpty.jar-obl-10__p2090_safety_0.smt2 : 592488 ms.
--------------------------------------------------
../QF_NIA_split/QF_NIA_2_14//20170427-VeryMax/ITS/From_AProVE_2014__juHashMapCreateIsEmpty.jar-obl-10__p2092_safety_0.smt2 : 601006 ms.
--------------------------------------------------
sat
../QF_NIA_split/QF_NIA_2_14//20170427-VeryMax/ITS/From_AProVE_2014__juHashMapCreateIsEmpty.jar-obl-10__p2096_safety_0.smt2 : 475133 ms.
--------------------------------------------------
../QF_NIA_split/QF_NIA_2_14//20170427-VeryMax/ITS/From_AProVE_2014__juHashMapCreateIsEmpty.jar-obl-10__p2099_safety_0.smt2 : 601005 ms.
--------------------------------------------------
unsat
../QF_NIA_split/QF_NIA_2_14//20170427-VeryMax/ITS/From_AProVE_2014__juHashMapCreateIsEmpty.jar-obl-10__p2104_safety_0.smt2 : 24945 ms.
--------------------------------------------------
./run.sh: line 3: 437717 Killed                  ./mathsat ../../$1
../QF_NIA_split/QF_NIA_2_14//20170427-VeryMax/ITS/From_AProVE_2014__juHashMapCreateIsEmpty.jar-obl-10__p2106_safety_0.smt2 : 600574 ms.
--------------------------------------------------
./run.sh: line 3: 439746 Killed                  ./mathsat ../../$1
../QF_NIA_split/QF_NIA_2_14//20170427-VeryMax/ITS/From_AProVE_2014__juHashMapCreateIsEmpty.jar-obl-10__p2108_safety_0.smt2 : 600815 ms.
--------------------------------------------------
sat
../QF_NIA_split/QF_NIA_2_14//20170427-VeryMax/ITS/From_AProVE_2014__juHashMapCreateIsEmpty.jar-obl-10__p2111_safety_0.smt2 : 8161 ms.
--------------------------------------------------
sat
../QF_NIA_split/QF_NIA_2_14//20170427-VeryMax/ITS/From_AProVE_2014__juHashMapCreateIsEmpty.jar-obl-10__p2112_safety_0.smt2 : 415141 ms.
--------------------------------------------------
./run.sh: line 3: 442929 Killed                  ./mathsat ../../$1
../QF_NIA_split/QF_NIA_2_14//20170427-VeryMax/ITS/From_AProVE_2014__juHashMapCreateIsEmpty.jar-obl-10__p2113_safety_0.smt2 : 600870 ms.
--------------------------------------------------
sat
../QF_NIA_split/QF_NIA_2_14//20170427-VeryMax/ITS/From_AProVE_2014__juHashMapCreateIsEmpty.jar-obl-10__p2128_safety_0.smt2 : 251412 ms.
--------------------------------------------------
sat
../QF_NIA_split/QF_NIA_2_14//20170427-VeryMax/ITS/From_AProVE_2014__juHashMapCreateIsEmpty.jar-obl-10__p2129_safety_0.smt2 : 23911 ms.
--------------------------------------------------
sat
../QF_NIA_split/QF_NIA_2_14//20170427-VeryMax/ITS/From_AProVE_2014__juHashMapCreateIsEmpty.jar-obl-10__p2134_safety_0.smt2 : 184754 ms.
--------------------------------------------------
../QF_NIA_split/QF_NIA_2_14//20170427-VeryMax/ITS/From_AProVE_2014__juHashMapCreateIsEmpty.jar-obl-10__p2135_safety_0.smt2 : 601005 ms.
--------------------------------------------------
unsat
../QF_NIA_split/QF_NIA_2_14//20170427-VeryMax/ITS/From_AProVE_2014__juHashMapCreateIsEmpty.jar-obl-10__p2137_safety_0.smt2 : 12136 ms.
--------------------------------------------------
./run.sh: line 3: 448006 Killed                  ./mathsat ../../$1
../QF_NIA_split/QF_NIA_2_14//20170427-VeryMax/ITS/From_AProVE_2014__juHashMapCreateIsEmpty.jar-obl-10__p2138_safety_0.smt2 : 600608 ms.
--------------------------------------------------
../QF_NIA_split/QF_NIA_2_14//20170427-VeryMax/ITS/From_AProVE_2014__juHashMapCreateIsEmpty.jar-obl-10__p2141_safety_0.smt2 : 601006 ms.
--------------------------------------------------
sat
../QF_NIA_split/QF_NIA_2_14//20170427-VeryMax/ITS/From_AProVE_2014__juHashMapCreateIsEmpty.jar-obl-10__p2142_safety_0.smt2 : 1149 ms.
--------------------------------------------------
sat
../QF_NIA_split/QF_NIA_2_14//20170427-VeryMax/ITS/From_AProVE_2014__juHashMapCreateIsEmpty.jar-obl-10__p2143_safety_0.smt2 : 156256 ms.
--------------------------------------------------
sat
../QF_NIA_split/QF_NIA_2_14//20170427-VeryMax/ITS/From_AProVE_2014__juHashMapCreateIsEmpty.jar-obl-10__p2144_safety_0.smt2 : 314676 ms.
--------------------------------------------------
sat
../QF_NIA_split/QF_NIA_2_14//20170427-VeryMax/ITS/From_AProVE_2014__juHashMapCreateIsEmpty.jar-obl-10__p2148_safety_0.smt2 : 13011 ms.
--------------------------------------------------
sat
../QF_NIA_split/QF_NIA_2_14//20170427-VeryMax/ITS/From_AProVE_2014__juHashMapCreateIsEmpty.jar-obl-10__p2149_safety_0.smt2 : 79828 ms.
--------------------------------------------------
sat
../QF_NIA_split/QF_NIA_2_14//20170427-VeryMax/ITS/From_AProVE_2014__juHashMapCreateIsEmpty.jar-obl-10__p2156_safety_0.smt2 : 9781 ms.
--------------------------------------------------
./run.sh: line 3: 453906 Killed                  ./mathsat ../../$1
../QF_NIA_split/QF_NIA_2_14//20170427-VeryMax/ITS/From_AProVE_2014__juHashMapCreateIsEmpty.jar-obl-10__p2157_safety_0.smt2 : 600730 ms.
--------------------------------------------------
unsat
../QF_NIA_split/QF_NIA_2_14//20170427-VeryMax/ITS/From_AProVE_2014__juHashMapCreateIsEmpty.jar-obl-10__p2163_safety_0.smt2 : 26451 ms.
--------------------------------------------------
./run.sh: line 3: 456582 Killed                  ./mathsat ../../$1
../QF_NIA_split/QF_NIA_2_14//20170427-VeryMax/ITS/From_AProVE_2014__juHashMapCreateIsEmpty.jar-obl-10__p2164_safety_0.smt2 : 600431 ms.
--------------------------------------------------
./run.sh: line 3: 458244 Killed                  ./mathsat ../../$1
../QF_NIA_split/QF_NIA_2_14//20170427-VeryMax/ITS/From_AProVE_2014__juHashMapCreateIsEmpty.jar-obl-10__p2165_safety_0.smt2 : 600944 ms.
--------------------------------------------------
sat
../QF_NIA_split/QF_NIA_2_14//20170427-VeryMax/ITS/From_AProVE_2014__juHashMapCreateIsEmpty.jar-obl-10__p2166_safety_0.smt2 : 31645 ms.
--------------------------------------------------
./run.sh: line 3:  2369 Killed                  ./mathsat ../../$1
../QF_NIA_split/QF_NIA_2_14//20170427-VeryMax/ITS/From_AProVE_2014__juHashMapCreateIsEmpty.jar-obl-10__p2167_safety_0.smt2 : 600573 ms.
--------------------------------------------------
./run.sh: line 3:  4148 Killed                  ./mathsat ../../$1
../QF_NIA_split/QF_NIA_2_14//20170427-VeryMax/ITS/From_AProVE_2014__juHashMapCreateIsEmpty.jar-obl-10__p2168_safety_0.smt2 : 600652 ms.
--------------------------------------------------
sat
../QF_NIA_split/QF_NIA_2_14//20170427-VeryMax/ITS/From_AProVE_2014__juHashMapCreateIsEmpty.jar-obl-10__p2178_safety_0.smt2 : 211921 ms.
--------------------------------------------------
./run.sh: line 3:  6816 Killed                  ./mathsat ../../$1
../QF_NIA_split/QF_NIA_2_14//20170427-VeryMax/ITS/From_AProVE_2014__juHashMapCreateIsEmpty.jar-obl-10__p2190_safety_0.smt2 : 600502 ms.
--------------------------------------------------
sat
../QF_NIA_split/QF_NIA_2_14//20170427-VeryMax/ITS/From_AProVE_2014__juHashMapCreateIsEmpty.jar-obl-10__p2191_safety_0.smt2 : 341540 ms.
--------------------------------------------------
sat
../QF_NIA_split/QF_NIA_2_14//20170427-VeryMax/ITS/From_AProVE_2014__juHashMapCreateIsEmpty.jar-obl-10__p2195_safety_0.smt2 : 8958 ms.
--------------------------------------------------
sat
../QF_NIA_split/QF_NIA_2_14//20170427-VeryMax/ITS/From_AProVE_2014__juHashMapCreateIsEmpty.jar-obl-10__p2197_safety_0.smt2 : 91851 ms.
--------------------------------------------------
unsat
../QF_NIA_split/QF_NIA_2_14//20170427-VeryMax/ITS/From_AProVE_2014__juHashMapCreateIsEmpty.jar-obl-10__p2200_safety_0.smt2 : 30919 ms.
--------------------------------------------------
./run.sh: line 3:  9459 Killed                  ./mathsat ../../$1
../QF_NIA_split/QF_NIA_2_14//20170427-VeryMax/ITS/From_AProVE_2014__juHashMapCreateIsEmpty.jar-obl-10__p2201_safety_0.smt2 : 600857 ms.
--------------------------------------------------
./run.sh: line 3: 11451 Killed                  ./mathsat ../../$1
../QF_NIA_split/QF_NIA_2_14//20170427-VeryMax/ITS/From_AProVE_2014__juHashMapCreateIsEmpty.jar-obl-10__p2202_safety_0.smt2 : 600949 ms.
--------------------------------------------------
sat
../QF_NIA_split/QF_NIA_2_14//20170427-VeryMax/ITS/From_AProVE_2014__juHashMapCreateIsEmpty.jar-obl-10__p2203_safety_0.smt2 : 6723 ms.
--------------------------------------------------
sat
../QF_NIA_split/QF_NIA_2_14//20170427-VeryMax/ITS/From_AProVE_2014__juHashMapCreateIsEmpty.jar-obl-10__p2207_safety_0.smt2 : 300166 ms.
--------------------------------------------------
sat
../QF_NIA_split/QF_NIA_2_14//20170427-VeryMax/ITS/From_AProVE_2014__juHashMapCreateIsEmpty.jar-obl-10__p2211_safety_0.smt2 : 333319 ms.
--------------------------------------------------
sat
../QF_NIA_split/QF_NIA_2_14//20170427-VeryMax/ITS/From_AProVE_2014__juHashMapCreateIsEmpty.jar-obl-10__p2220_safety_0.smt2 : 1471 ms.
--------------------------------------------------
sat
../QF_NIA_split/QF_NIA_2_14//20170427-VeryMax/ITS/From_AProVE_2014__juHashMapCreateIsEmpty.jar-obl-10__p2221_safety_0.smt2 : 28694 ms.
--------------------------------------------------
./run.sh: line 3: 14695 Killed                  ./mathsat ../../$1
../QF_NIA_split/QF_NIA_2_14//20170427-VeryMax/ITS/From_AProVE_2014__juHashMapCreateIsEmpty.jar-obl-10__p2225_safety_0.smt2 : 600533 ms.
--------------------------------------------------
./run.sh: line 3: 16084 Killed                  ./mathsat ../../$1
../QF_NIA_split/QF_NIA_2_14//20170427-VeryMax/ITS/From_AProVE_2014__juHashMapCreateIsEmpty.jar-obl-10__p2226_safety_0.smt2 : 600757 ms.
--------------------------------------------------
unsat
../QF_NIA_split/QF_NIA_2_14//20170427-VeryMax/ITS/From_AProVE_2014__juHashMapCreateIsEmpty.jar-obl-10__p2229_safety_0.smt2 : 26660 ms.
--------------------------------------------------
./run.sh: line 3: 17751 Killed                  ./mathsat ../../$1
../QF_NIA_split/QF_NIA_2_14//20170427-VeryMax/ITS/From_AProVE_2014__juHashMapCreateIsEmpty.jar-obl-10__p2230_safety_0.smt2 : 600694 ms.
--------------------------------------------------
../QF_NIA_split/QF_NIA_2_14//20170427-VeryMax/ITS/From_AProVE_2014__juHashMapCreateIsEmpty.jar-obl-10__p2231_safety_0.smt2 : 601006 ms.
--------------------------------------------------
sat
../QF_NIA_split/QF_NIA_2_14//20170427-VeryMax/ITS/From_AProVE_2014__juHashMapCreateIsEmpty.jar-obl-10__p2235_terminationG_0.smt2 : 18361 ms.
--------------------------------------------------
sat
../QF_NIA_split/QF_NIA_2_14//20170427-VeryMax/ITS/From_AProVE_2014__juHashMapCreateIsEmpty.jar-obl-10__p2236_terminationG_0.smt2 : 31799 ms.
--------------------------------------------------
./run.sh: line 3: 20931 Killed                  ./mathsat ../../$1
../QF_NIA_split/QF_NIA_2_14//20170427-VeryMax/ITS/From_AProVE_2014__juHashMapCreateIsEmpty.jar-obl-10__p2237_terminationG_0.smt2 : 600341 ms.
--------------------------------------------------
sat
../QF_NIA_split/QF_NIA_2_14//20170427-VeryMax/ITS/From_AProVE_2014__juHashMapCreateIsEmpty.jar-obl-10__p2255_safety_0.smt2 : 9913 ms.
--------------------------------------------------
sat
../QF_NIA_split/QF_NIA_2_14//20170427-VeryMax/ITS/From_AProVE_2014__juHashMapCreateIsEmpty.jar-obl-10__p2261_safety_0.smt2 : 23263 ms.
--------------------------------------------------
sat
../QF_NIA_split/QF_NIA_2_14//20170427-VeryMax/ITS/From_AProVE_2014__juHashMapCreateIsEmpty.jar-obl-10__p2266_safety_0.smt2 : 8949 ms.
--------------------------------------------------
sat
../QF_NIA_split/QF_NIA_2_14//20170427-VeryMax/ITS/From_AProVE_2014__juHashMapCreateIsEmpty.jar-obl-10__p2270_safety_0.smt2 : 186253 ms.
--------------------------------------------------
sat
../QF_NIA_split/QF_NIA_2_14//20170427-VeryMax/ITS/From_AProVE_2014__juHashMapCreateIsEmpty.jar-obl-10__p2274_safety_0.smt2 : 421861 ms.
--------------------------------------------------
../QF_NIA_split/QF_NIA_2_14//20170427-VeryMax/ITS/From_AProVE_2014__juHashMapCreateIsEmpty.jar-obl-10__p2275_safety_0.smt2 : 601005 ms.
--------------------------------------------------
./run.sh: line 3: 25757 Killed                  ./mathsat ../../$1
../QF_NIA_split/QF_NIA_2_14//20170427-VeryMax/ITS/From_AProVE_2014__juHashMapCreateIsEmpty.jar-obl-10__p2279_safety_0.smt2 : 600813 ms.
--------------------------------------------------
../QF_NIA_split/QF_NIA_2_14//20170427-VeryMax/ITS/From_AProVE_2014__juHashMapCreateIsEmpty.jar-obl-10__p2280_safety_0.smt2 : 601006 ms.
--------------------------------------------------
unsat
../QF_NIA_split/QF_NIA_2_14//20170427-VeryMax/ITS/From_AProVE_2014__juHashMapCreateIsEmpty.jar-obl-10__p2283_safety_0.smt2 : 26752 ms.
--------------------------------------------------
./run.sh: line 3: 28985 Killed                  ./mathsat ../../$1
../QF_NIA_split/QF_NIA_2_14//20170427-VeryMax/ITS/From_AProVE_2014__juHashMapCreateIsEmpty.jar-obl-10__p2284_safety_0.smt2 : 600617 ms.
--------------------------------------------------
./run.sh: line 3: 30864 Killed                  ./mathsat ../../$1
../QF_NIA_split/QF_NIA_2_14//20170427-VeryMax/ITS/From_AProVE_2014__juHashMapCreateIsEmpty.jar-obl-10__p2285_safety_0.smt2 : 600847 ms.
--------------------------------------------------
unsat
../QF_NIA_split/QF_NIA_2_14//20170427-VeryMax/ITS/From_AProVE_2014__juHashMapCreateIsEmpty.jar-obl-10__p2288_safety_0.smt2 : 20253 ms.
--------------------------------------------------
./run.sh: line 3: 32512 Killed                  ./mathsat ../../$1
../QF_NIA_split/QF_NIA_2_14//20170427-VeryMax/ITS/From_AProVE_2014__juHashMapCreateIsEmpty.jar-obl-10__p2289_safety_0.smt2 : 600863 ms.
--------------------------------------------------
./run.sh: line 3: 34880 Killed                  ./mathsat ../../$1
../QF_NIA_split/QF_NIA_2_14//20170427-VeryMax/ITS/From_AProVE_2014__juHashMapCreateIsEmpty.jar-obl-10__p2290_safety_0.smt2 : 600625 ms.
--------------------------------------------------
sat
../QF_NIA_split/QF_NIA_2_14//20170427-VeryMax/ITS/From_AProVE_2014__juHashMapCreateIsEmpty.jar-obl-10__p2292_safety_0.smt2 : 203976 ms.
--------------------------------------------------
./run.sh: line 3: 37200 Killed                  ./mathsat ../../$1
../QF_NIA_split/QF_NIA_2_14//20170427-VeryMax/ITS/From_AProVE_2014__juHashMapCreateIsEmpty.jar-obl-10__p2293_safety_0.smt2 : 600684 ms.
--------------------------------------------------
sat
../QF_NIA_split/QF_NIA_2_14//20170427-VeryMax/ITS/From_AProVE_2014__juHashMapCreateIsEmpty.jar-obl-10__p2294_safety_0.smt2 : 2756 ms.
--------------------------------------------------
sat
../QF_NIA_split/QF_NIA_2_14//20170427-VeryMax/ITS/From_AProVE_2014__juHashMapCreateIsEmpty.jar-obl-10__p2295_safety_0.smt2 : 62184 ms.
--------------------------------------------------
sat
../QF_NIA_split/QF_NIA_2_14//20170427-VeryMax/ITS/From_AProVE_2014__juHashMapCreateIsEmpty.jar-obl-10__p2296_safety_0.smt2 : 536363 ms.
--------------------------------------------------
../QF_NIA_split/QF_NIA_2_14//20170427-VeryMax/ITS/From_AProVE_2014__juHashMapCreateIsEmpty.jar-obl-10__p2304_safety_0.smt2 : 601006 ms.
--------------------------------------------------
../QF_NIA_split/QF_NIA_2_14//20170427-VeryMax/ITS/From_AProVE_2014__juHashMapCreateIsEmpty.jar-obl-10__p2309_safety_0.smt2 : 601005 ms.
--------------------------------------------------
./run.sh: line 3: 43936 Killed                  ./mathsat ../../$1
../QF_NIA_split/QF_NIA_2_14//20170427-VeryMax/ITS/From_AProVE_2014__juHashMapCreateIsEmpty.jar-obl-10__p2313_safety_0.smt2 : 600766 ms.
--------------------------------------------------
sat
../QF_NIA_split/QF_NIA_2_14//20170427-VeryMax/ITS/From_AProVE_2014__juHashMapCreateIsEmpty.jar-obl-10__p2314_safety_0.smt2 : 256857 ms.
--------------------------------------------------
unsat
../QF_NIA_split/QF_NIA_2_14//20170427-VeryMax/ITS/From_AProVE_2014__juHashMapCreateIsEmpty.jar-obl-10__p2317_safety_0.smt2 : 24628 ms.
--------------------------------------------------
./run.sh: line 3: 46897 Killed                  ./mathsat ../../$1
../QF_NIA_split/QF_NIA_2_14//20170427-VeryMax/ITS/From_AProVE_2014__juHashMapCreateIsEmpty.jar-obl-10__p2318_safety_0.smt2 : 600514 ms.
--------------------------------------------------
./run.sh: line 3: 48347 Killed                  ./mathsat ../../$1
../QF_NIA_split/QF_NIA_2_14//20170427-VeryMax/ITS/From_AProVE_2014__juHashMapCreateIsEmpty.jar-obl-10__p2319_safety_0.smt2 : 601002 ms.
--------------------------------------------------
sat
../QF_NIA_split/QF_NIA_2_14//20170427-VeryMax/ITS/From_AProVE_2014__juHashMapCreateIsEmpty.jar-obl-10__p2326_safety_0.smt2 : 13777 ms.
--------------------------------------------------
sat
../QF_NIA_split/QF_NIA_2_14//20170427-VeryMax/ITS/From_AProVE_2014__juHashMapCreateIsEmpty.jar-obl-10__p2327_safety_0.smt2 : 17987 ms.
--------------------------------------------------
sat
../QF_NIA_split/QF_NIA_2_14//20170427-VeryMax/ITS/From_AProVE_2014__juHashMapCreateIsEmpty.jar-obl-10__p2329_safety_0.smt2 : 153482 ms.
--------------------------------------------------
./run.sh: line 3: 50522 Killed                  ./mathsat ../../$1
../QF_NIA_split/QF_NIA_2_14//20170427-VeryMax/ITS/From_AProVE_2014__juHashMapCreateIsEmpty.jar-obl-10__p2330_safety_0.smt2 : 600686 ms.
--------------------------------------------------
unsat
../QF_NIA_split/QF_NIA_2_14//20170427-VeryMax/ITS/From_AProVE_2014__juHashMapCreateIsEmpty.jar-obl-10__p2331_safety_0.smt2 : 28790 ms.
--------------------------------------------------
./run.sh: line 3: 51947 Killed                  ./mathsat ../../$1
../QF_NIA_split/QF_NIA_2_14//20170427-VeryMax/ITS/From_AProVE_2014__juHashMapCreateIsEmpty.jar-obl-10__p2332_safety_0.smt2 : 600258 ms.
--------------------------------------------------
./run.sh: line 3: 53822 Killed                  ./mathsat ../../$1
../QF_NIA_split/QF_NIA_2_14//20170427-VeryMax/ITS/From_AProVE_2014__juHashMapCreateIsEmpty.jar-obl-10__p2333_safety_0.smt2 : 600588 ms.
--------------------------------------------------
sat
../QF_NIA_split/QF_NIA_2_14//20170427-VeryMax/ITS/From_AProVE_2014__juHashMapCreateIsEmpty.jar-obl-10__p2335_safety_0.smt2 : 8861 ms.
--------------------------------------------------
sat
../QF_NIA_split/QF_NIA_2_14//20170427-VeryMax/ITS/From_AProVE_2014__juHashMapCreateIsEmpty.jar-obl-10__p2336_safety_0.smt2 : 183126 ms.
--------------------------------------------------
sat
../QF_NIA_split/QF_NIA_2_14//20170427-VeryMax/ITS/From_AProVE_2014__juHashMapCreateIsEmpty.jar-obl-10__p2337_safety_0.smt2 : 222128 ms.
--------------------------------------------------
sat
../QF_NIA_split/QF_NIA_2_14//20170427-VeryMax/ITS/From_AProVE_2014__juHashMapCreateIsEmpty.jar-obl-10__p2370_safety_0.smt2 : 7309 ms.
--------------------------------------------------
sat
../QF_NIA_split/QF_NIA_2_14//20170427-VeryMax/ITS/From_AProVE_2014__juHashMapCreateIsEmpty.jar-obl-10__p2373_safety_0.smt2 : 415917 ms.
--------------------------------------------------
sat
../QF_NIA_split/QF_NIA_2_14//20170427-VeryMax/ITS/From_AProVE_2014__juHashMapCreateIsEmpty.jar-obl-10__p2374_safety_0.smt2 : 8363 ms.
--------------------------------------------------
sat
../QF_NIA_split/QF_NIA_2_14//20170427-VeryMax/ITS/From_AProVE_2014__juHashMapCreateIsEmpty.jar-obl-10__p2376_safety_0.smt2 : 236511 ms.
--------------------------------------------------
./run.sh: line 3: 58451 Killed                  ./mathsat ../../$1
../QF_NIA_split/QF_NIA_2_14//20170427-VeryMax/ITS/From_AProVE_2014__juHashMapCreateIsEmpty.jar-obl-10__p2377_safety_0.smt2 : 600634 ms.
--------------------------------------------------
./run.sh: line 3: 59817 Killed                  ./mathsat ../../$1
../QF_NIA_split/QF_NIA_2_14//20170427-VeryMax/ITS/From_AProVE_2014__juHashMapCreateIsEmpty.jar-obl-10__p2393_safety_0.smt2 : 600558 ms.
--------------------------------------------------
../QF_NIA_split/QF_NIA_2_14//20170427-VeryMax/ITS/From_AProVE_2014__juHashMapCreateIsEmpty.jar-obl-10__p2394_safety_0.smt2 : 601006 ms.
--------------------------------------------------
unsat
../QF_NIA_split/QF_NIA_2_14//20170427-VeryMax/ITS/From_AProVE_2014__juHashMapCreateIsEmpty.jar-obl-10__p2397_safety_0.smt2 : 27285 ms.
--------------------------------------------------
../QF_NIA_split/QF_NIA_2_14//20170427-VeryMax/ITS/From_AProVE_2014__juHashMapCreateIsEmpty.jar-obl-10__p2398_safety_0.smt2 : 601006 ms.
--------------------------------------------------
../QF_NIA_split/QF_NIA_2_14//20170427-VeryMax/ITS/From_AProVE_2014__juHashMapCreateIsEmpty.jar-obl-10__p2400_safety_0.smt2 : 601006 ms.
--------------------------------------------------
../QF_NIA_split/QF_NIA_2_14//20170427-VeryMax/ITS/From_AProVE_2014__juHashMapCreateIsEmpty.jar-obl-10__p2414_safety_0.smt2 : 601005 ms.
--------------------------------------------------
sat
../QF_NIA_split/QF_NIA_2_14//20170427-VeryMax/ITS/From_AProVE_2014__juHashMapCreateIsEmpty.jar-obl-10__p2416_safety_0.smt2 : 17799 ms.
--------------------------------------------------
sat
../QF_NIA_split/QF_NIA_2_14//20170427-VeryMax/ITS/From_AProVE_2014__juHashMapCreateIsEmpty.jar-obl-10__p2417_safety_0.smt2 : 15676 ms.
--------------------------------------------------
../QF_NIA_split/QF_NIA_2_14//20170427-VeryMax/ITS/From_AProVE_2014__juHashMapCreateIsEmpty.jar-obl-10__p2419_safety_0.smt2 : 601006 ms.
--------------------------------------------------
../QF_NIA_split/QF_NIA_2_14//20170427-VeryMax/ITS/From_AProVE_2014__juHashMapCreateIsEmpty.jar-obl-10__p2420_safety_0.smt2 : 601006 ms.
--------------------------------------------------
unsat
../QF_NIA_split/QF_NIA_2_14//20170427-VeryMax/ITS/From_AProVE_2014__juHashMapCreateIsEmpty.jar-obl-10__p2421_safety_0.smt2 : 31687 ms.
--------------------------------------------------
../QF_NIA_split/QF_NIA_2_14//20170427-VeryMax/ITS/From_AProVE_2014__juHashMapCreateIsEmpty.jar-obl-10__p2422_safety_0.smt2 : 601006 ms.
--------------------------------------------------
../QF_NIA_split/QF_NIA_2_14//20170427-VeryMax/ITS/From_AProVE_2014__juHashMapCreateIsEmpty.jar-obl-10__p2423_safety_0.smt2 : 601006 ms.
--------------------------------------------------
sat
../QF_NIA_split/QF_NIA_2_14//20170427-VeryMax/ITS/From_AProVE_2014__juHashMapCreateIsEmpty.jar-obl-10__p2424_safety_0.smt2 : 80245 ms.
--------------------------------------------------
../QF_NIA_split/QF_NIA_2_14//20170427-VeryMax/ITS/From_AProVE_2014__juHashMapCreateIsEmpty.jar-obl-10__p2425_safety_0.smt2 : 601008 ms.
--------------------------------------------------
../QF_NIA_split/QF_NIA_2_14//20170427-VeryMax/ITS/From_AProVE_2014__juHashMapCreateIsEmpty.jar-obl-10__p2426_safety_0.smt2 : 601005 ms.
--------------------------------------------------
sat
../QF_NIA_split/QF_NIA_2_14//20170427-VeryMax/ITS/From_AProVE_2014__juHashMapCreateIsEmpty.jar-obl-10__p2435_safety_0.smt2 : 4214 ms.
--------------------------------------------------
../QF_NIA_split/QF_NIA_2_14//20170427-VeryMax/ITS/From_AProVE_2014__juHashMapCreateIsEmpty.jar-obl-10__p2436_safety_0.smt2 : 601006 ms.
--------------------------------------------------
unsat
../QF_NIA_split/QF_NIA_2_14//20170427-VeryMax/ITS/From_AProVE_2014__juHashMapCreateIsEmpty.jar-obl-10__p2437_safety_0.smt2 : 62042 ms.
--------------------------------------------------
../QF_NIA_split/QF_NIA_2_14//20170427-VeryMax/ITS/From_AProVE_2014__juHashMapCreateIsEmpty.jar-obl-10__p2438_safety_0.smt2 : 601006 ms.
--------------------------------------------------
../QF_NIA_split/QF_NIA_2_14//20170427-VeryMax/ITS/From_AProVE_2014__juHashMapCreateIsEmpty.jar-obl-10__p2439_safety_0.smt2 : 601005 ms.
--------------------------------------------------
sat
../QF_NIA_split/QF_NIA_2_14//20170427-VeryMax/ITS/From_AProVE_2014__juHashMapCreateIsEmpty.jar-obl-10__p2440_safety_0.smt2 : 10206 ms.
--------------------------------------------------
sat
../QF_NIA_split/QF_NIA_2_14//20170427-VeryMax/ITS/From_AProVE_2014__juHashMapCreateIsEmpty.jar-obl-10__p2441_safety_0.smt2 : 296838 ms.
--------------------------------------------------
../QF_NIA_split/QF_NIA_2_14//20170427-VeryMax/ITS/From_AProVE_2014__juHashMapCreateIsEmpty.jar-obl-10__p2442_safety_0.smt2 : 601008 ms.
--------------------------------------------------
sat
../QF_NIA_split/QF_NIA_2_14//20170427-VeryMax/ITS/From_AProVE_2014__juHashMapCreateIsEmpty.jar-obl-10__p2451_safety_0.smt2 : 148976 ms.
--------------------------------------------------
../QF_NIA_split/QF_NIA_2_14//20170427-VeryMax/ITS/From_AProVE_2014__juHashMapCreateIsEmpty.jar-obl-10__p2452_safety_0.smt2 : 601006 ms.
--------------------------------------------------
sat
../QF_NIA_split/QF_NIA_2_14//20170427-VeryMax/ITS/From_AProVE_2014__juHashMapCreateIsEmpty.jar-obl-10__p2456_safety_0.smt2 : 100502 ms.
--------------------------------------------------
../QF_NIA_split/QF_NIA_2_14//20170427-VeryMax/ITS/From_AProVE_2014__juHashMapCreateIsEmpty.jar-obl-10__p2457_safety_0.smt2 : 601006 ms.
--------------------------------------------------
unsat
../QF_NIA_split/QF_NIA_2_14//20170427-VeryMax/ITS/From_AProVE_2014__juHashMapCreateIsEmpty.jar-obl-10__p2460_safety_0.smt2 : 31398 ms.
--------------------------------------------------
../QF_NIA_split/QF_NIA_2_14//20170427-VeryMax/ITS/From_AProVE_2014__juHashMapCreateIsEmpty.jar-obl-10__p2461_safety_0.smt2 : 601006 ms.
--------------------------------------------------
../QF_NIA_split/QF_NIA_2_14//20170427-VeryMax/ITS/From_AProVE_2014__juHashMapCreateIsEmpty.jar-obl-10__p2462_safety_0.smt2 : 601006 ms.
--------------------------------------------------
sat
../QF_NIA_split/QF_NIA_2_14//20170427-VeryMax/ITS/From_AProVE_2014__juHashMapCreateIsEmpty.jar-obl-10__p2466_terminationG_0.smt2 : 82385 ms.
--------------------------------------------------
sat
../QF_NIA_split/QF_NIA_2_14//20170427-VeryMax/ITS/From_AProVE_2014__juHashMapCreateIsEmpty.jar-obl-10__p2468_terminationG_0.smt2 : 510186 ms.
--------------------------------------------------
sat
../QF_NIA_split/QF_NIA_2_14//20170427-VeryMax/ITS/From_AProVE_2014__juHashMapCreateIsEmpty.jar-obl-10__p2469_terminationG_0.smt2 : 286963 ms.
--------------------------------------------------
sat
../QF_NIA_split/QF_NIA_2_14//20170427-VeryMax/ITS/From_AProVE_2014__juHashMapCreateIsEmpty.jar-obl-10__p2478_safety_0.smt2 : 33911 ms.
--------------------------------------------------
sat
../QF_NIA_split/QF_NIA_2_14//20170427-VeryMax/ITS/From_AProVE_2014__juHashMapCreateIsEmpty.jar-obl-10__p2480_safety_0.smt2 : 22125 ms.
--------------------------------------------------
sat
../QF_NIA_split/QF_NIA_2_14//20170427-VeryMax/ITS/From_AProVE_2014__juHashMapCreateIsEmpty.jar-obl-10__p2481_safety_0.smt2 : 31572 ms.
--------------------------------------------------
sat
../QF_NIA_split/QF_NIA_2_14//20170427-VeryMax/ITS/From_AProVE_2014__juHashMapCreateIsEmpty.jar-obl-10__p2485_safety_0.smt2 : 64449 ms.
--------------------------------------------------
../QF_NIA_split/QF_NIA_2_14//20170427-VeryMax/ITS/From_AProVE_2014__juHashMapCreateIsEmpty.jar-obl-10__p2486_safety_0.smt2 : 601005 ms.
--------------------------------------------------
sat
../QF_NIA_split/QF_NIA_2_14//20170427-VeryMax/ITS/From_AProVE_2014__juHashMapCreateIsEmpty.jar-obl-10__p2491_safety_0.smt2 : 319476 ms.
--------------------------------------------------
sat
../QF_NIA_split/QF_NIA_2_14//20170427-VeryMax/ITS/From_AProVE_2014__juHashMapCreateIsEmpty.jar-obl-10__p2497_safety_0.smt2 : 38984 ms.
--------------------------------------------------
../QF_NIA_split/QF_NIA_2_14//20170427-VeryMax/ITS/From_AProVE_2014__juHashMapCreateIsEmpty.jar-obl-10__p2498_safety_0.smt2 : 601004 ms.
--------------------------------------------------
sat
../QF_NIA_split/QF_NIA_2_14//20170427-VeryMax/ITS/From_AProVE_2014__juHashMapCreateIsEmpty.jar-obl-10__p2500_safety_0.smt2 : 5411 ms.
--------------------------------------------------
sat
../QF_NIA_split/QF_NIA_2_14//20170427-VeryMax/ITS/From_AProVE_2014__juHashMapCreateIsEmpty.jar-obl-10__p2501_safety_0.smt2 : 442873 ms.
--------------------------------------------------
../QF_NIA_split/QF_NIA_2_14//20170427-VeryMax/ITS/From_AProVE_2014__juHashMapCreateIsEmpty.jar-obl-10__p2507_safety_0.smt2 : 601005 ms.
--------------------------------------------------
../QF_NIA_split/QF_NIA_2_14//20170427-VeryMax/ITS/From_AProVE_2014__juHashMapCreateIsEmpty.jar-obl-10__p2508_safety_0.smt2 : 601006 ms.
--------------------------------------------------
unsat
../QF_NIA_split/QF_NIA_2_14//20170427-VeryMax/ITS/From_AProVE_2014__juHashMapCreateIsEmpty.jar-obl-10__p2509_safety_0.smt2 : 47823 ms.
--------------------------------------------------
../QF_NIA_split/QF_NIA_2_14//20170427-VeryMax/ITS/From_AProVE_2014__juHashMapCreateIsEmpty.jar-obl-10__p2510_safety_0.smt2 : 601005 ms.
--------------------------------------------------
../QF_NIA_split/QF_NIA_2_14//20170427-VeryMax/ITS/From_AProVE_2014__juHashMapCreateIsEmpty.jar-obl-10__p2511_safety_0.smt2 : 601006 ms.
--------------------------------------------------
sat
../QF_NIA_split/QF_NIA_2_14//20170427-VeryMax/ITS/From_AProVE_2014__juHashMapCreateIsEmpty.jar-obl-10__p2515_safety_0.smt2 : 60652 ms.
--------------------------------------------------
sat
../QF_NIA_split/QF_NIA_2_14//20170427-VeryMax/ITS/From_AProVE_2014__juHashMapCreateIsEmpty.jar-obl-10__p2516_safety_0.smt2 : 178947 ms.
--------------------------------------------------
sat
../QF_NIA_split/QF_NIA_2_14//20170427-VeryMax/ITS/From_AProVE_2014__juHashMapCreateIsEmpty.jar-obl-10__p2521_safety_0.smt2 : 8534 ms.
--------------------------------------------------
../QF_NIA_split/QF_NIA_2_14//20170427-VeryMax/ITS/From_AProVE_2014__juHashMapCreateIsEmpty.jar-obl-10__p2526_safety_0.smt2 : 601005 ms.
--------------------------------------------------
unsat
../QF_NIA_split/QF_NIA_2_14//20170427-VeryMax/ITS/From_AProVE_2014__juHashMapCreateIsEmpty.jar-obl-10__p2529_safety_0.smt2 : 65286 ms.
--------------------------------------------------
./run.sh: line 3: 231271 Killed                  ./mathsat ../../$1
../QF_NIA_split/QF_NIA_2_14//20170427-VeryMax/ITS/From_AProVE_2014__juHashMapCreateIsEmpty.jar-obl-10__p2530_safety_0.smt2 : 600975 ms.
--------------------------------------------------
../QF_NIA_split/QF_NIA_2_14//20170427-VeryMax/ITS/From_AProVE_2014__juHashMapCreateIsEmpty.jar-obl-10__p2531_safety_0.smt2 : 601005 ms.
--------------------------------------------------
sat
../QF_NIA_split/QF_NIA_2_14//20170427-VeryMax/ITS/From_AProVE_2014__juHashMapCreateIsEmpty.jar-obl-10__p2533_safety_0.smt2 : 14404 ms.
--------------------------------------------------
../QF_NIA_split/QF_NIA_2_14//20170427-VeryMax/ITS/From_AProVE_2014__juHashMapCreateIsEmpty.jar-obl-10__p2534_safety_0.smt2 : 601005 ms.
--------------------------------------------------
sat
../QF_NIA_split/QF_NIA_2_14//20170427-VeryMax/ITS/From_AProVE_2014__juHashMapCreateIsEmpty.jar-obl-10__p2541_safety_0.smt2 : 2956 ms.
--------------------------------------------------
sat
../QF_NIA_split/QF_NIA_2_14//20170427-VeryMax/ITS/From_AProVE_2014__juHashMapCreateIsEmpty.jar-obl-10__p2542_safety_0.smt2 : 8187 ms.
--------------------------------------------------
sat
../QF_NIA_split/QF_NIA_2_14//20170427-VeryMax/ITS/From_AProVE_2014__juHashMapCreateIsEmpty.jar-obl-10__p2544_safety_0.smt2 : 3283 ms.
--------------------------------------------------
../QF_NIA_split/QF_NIA_2_14//20170427-VeryMax/ITS/From_AProVE_2014__juHashMapCreateIsEmpty.jar-obl-10__p2545_safety_0.smt2 : 601006 ms.
--------------------------------------------------
unsat
../QF_NIA_split/QF_NIA_2_14//20170427-VeryMax/ITS/From_AProVE_2014__juHashMapCreateIsEmpty.jar-obl-10__p2546_safety_0.smt2 : 22267 ms.
--------------------------------------------------
../QF_NIA_split/QF_NIA_2_14//20170427-VeryMax/ITS/From_AProVE_2014__juHashMapCreateIsEmpty.jar-obl-10__p2547_safety_0.smt2 : 601006 ms.
--------------------------------------------------
../QF_NIA_split/QF_NIA_2_14//20170427-VeryMax/ITS/From_AProVE_2014__juHashMapCreateIsEmpty.jar-obl-10__p2548_safety_0.smt2 : 601005 ms.
--------------------------------------------------
sat
../QF_NIA_split/QF_NIA_2_14//20170427-VeryMax/ITS/From_AProVE_2014__juHashMapCreateIsEmpty.jar-obl-10__p2549_safety_0.smt2 : 14442 ms.
--------------------------------------------------
sat
../QF_NIA_split/QF_NIA_2_14//20170427-VeryMax/ITS/From_AProVE_2014__juHashMapCreateIsEmpty.jar-obl-10__p2550_safety_0.smt2 : 196337 ms.
--------------------------------------------------
../QF_NIA_split/QF_NIA_2_14//20170427-VeryMax/ITS/From_AProVE_2014__juHashMapCreateIsEmpty.jar-obl-10__p2551_safety_0.smt2 : 601005 ms.
--------------------------------------------------
sat
../QF_NIA_split/QF_NIA_2_14//20170427-VeryMax/ITS/From_AProVE_2014__juHashMapCreateIsEmpty.jar-obl-10__p2556_safety_0.smt2 : 1879 ms.
--------------------------------------------------
sat
../QF_NIA_split/QF_NIA_2_14//20170427-VeryMax/ITS/From_AProVE_2014__juHashMapCreateIsEmpty.jar-obl-10__p2561_safety_0.smt2 : 4709 ms.
--------------------------------------------------
sat
../QF_NIA_split/QF_NIA_2_14//20170427-VeryMax/ITS/From_AProVE_2014__juHashMapCreateIsEmpty.jar-obl-10__p2562_safety_0.smt2 : 2914 ms.
--------------------------------------------------
sat
../QF_NIA_split/QF_NIA_2_14//20170427-VeryMax/ITS/From_AProVE_2014__juHashMapCreateIsEmpty.jar-obl-10__p2563_safety_0.smt2 : 6194 ms.
--------------------------------------------------
./run.sh: line 3: 277652 Killed                  ./mathsat ../../$1
../QF_NIA_split/QF_NIA_2_14//20170427-VeryMax/ITS/From_AProVE_2014__juHashMapCreateIsEmpty.jar-obl-10__p2564_safety_0.smt2 : 600480 ms.
--------------------------------------------------
./run.sh: line 3: 279842 Killed                  ./mathsat ../../$1
../QF_NIA_split/QF_NIA_2_14//20170427-VeryMax/ITS/From_AProVE_2014__juHashMapCreateIsEmpty.jar-obl-10__p2565_safety_0.smt2 : 600899 ms.
--------------------------------------------------
unsat
../QF_NIA_split/QF_NIA_2_14//20170427-VeryMax/ITS/From_AProVE_2014__juHashMapCreateIsEmpty.jar-obl-10__p2566_safety_0.smt2 : 59427 ms.
--------------------------------------------------
./run.sh: line 3: 282102 Killed                  ./mathsat ../../$1
../QF_NIA_split/QF_NIA_2_14//20170427-VeryMax/ITS/From_AProVE_2014__juHashMapCreateIsEmpty.jar-obl-10__p2567_safety_0.smt2 : 600587 ms.
--------------------------------------------------
./run.sh: line 3: 284501 Killed                  ./mathsat ../../$1
../QF_NIA_split/QF_NIA_2_14//20170427-VeryMax/ITS/From_AProVE_2014__juHashMapCreateIsEmpty.jar-obl-10__p2568_safety_0.smt2 : 600846 ms.
--------------------------------------------------
../QF_NIA_split/QF_NIA_2_14//20170427-VeryMax/ITS/From_AProVE_2014__juHashMapCreateIsEmpty.jar-obl-10__p2569_safety_0.smt2 : 601009 ms.
--------------------------------------------------
sat
../QF_NIA_split/QF_NIA_2_14//20170427-VeryMax/ITS/From_AProVE_2014__juHashMapCreateIsEmpty.jar-obl-10__p2570_safety_0.smt2 : 367444 ms.
--------------------------------------------------
sat
../QF_NIA_split/QF_NIA_2_14//20170427-VeryMax/ITS/From_AProVE_2014__juHashMapCreateIsEmpty.jar-obl-10__p2572_safety_0.smt2 : 598063 ms.
--------------------------------------------------
sat
../QF_NIA_split/QF_NIA_2_14//20170427-VeryMax/ITS/From_AProVE_2014__juHashMapCreateIsEmpty.jar-obl-10__p2581_safety_0.smt2 : 5052 ms.
--------------------------------------------------
sat
../QF_NIA_split/QF_NIA_2_14//20170427-VeryMax/ITS/From_AProVE_2014__juHashMapCreateIsEmpty.jar-obl-10__p2582_safety_0.smt2 : 165052 ms.
--------------------------------------------------
sat
../QF_NIA_split/QF_NIA_2_14//20170427-VeryMax/ITS/From_AProVE_2014__juHashMapCreateIsEmpty.jar-obl-10__p2586_safety_0.smt2 : 18230 ms.
--------------------------------------------------
sat
../QF_NIA_split/QF_NIA_2_14//20170427-VeryMax/ITS/From_AProVE_2014__juHashMapCreateIsEmpty.jar-obl-10__p2587_safety_0.smt2 : 11114 ms.
--------------------------------------------------
sat
../QF_NIA_split/QF_NIA_2_14//20170427-VeryMax/ITS/From_AProVE_2014__juHashMapCreateIsEmpty.jar-obl-10__p2591_safety_0.smt2 : 2723 ms.
--------------------------------------------------
./run.sh: line 3: 291303 Killed                  ./mathsat ../../$1
../QF_NIA_split/QF_NIA_2_14//20170427-VeryMax/ITS/From_AProVE_2014__juHashMapCreateIsEmpty.jar-obl-10__p2592_safety_0.smt2 : 600435 ms.
--------------------------------------------------
sat
../QF_NIA_split/QF_NIA_2_14//20170427-VeryMax/ITS/From_AProVE_2014__juHashMapCreateIsEmpty.jar-obl-10__p2595_safety_0.smt2 : 1371 ms.
--------------------------------------------------
sat
../QF_NIA_split/QF_NIA_2_14//20170427-VeryMax/ITS/From_AProVE_2014__juHashMapCreateIsEmpty.jar-obl-10__p2596_safety_0.smt2 : 111937 ms.
--------------------------------------------------
sat
../QF_NIA_split/QF_NIA_2_14//20170427-VeryMax/ITS/From_AProVE_2014__juHashMapCreateIsEmpty.jar-obl-10__p2597_safety_0.smt2 : 142021 ms.
--------------------------------------------------
sat
../QF_NIA_split/QF_NIA_2_14//20170427-VeryMax/ITS/From_AProVE_2014__juHashMapCreateIsEmpty.jar-obl-10__p2598_safety_0.smt2 : 27716 ms.
--------------------------------------------------
sat
../QF_NIA_split/QF_NIA_2_14//20170427-VeryMax/ITS/From_AProVE_2014__juHashMapCreateIsEmpty.jar-obl-10__p2599_safety_0.smt2 : 202873 ms.
--------------------------------------------------
./run.sh: line 3: 294161 Killed                  ./mathsat ../../$1
../QF_NIA_split/QF_NIA_2_14//20170427-VeryMax/ITS/From_AProVE_2014__juHashMapCreateIsEmpty.jar-obl-10__p2600_safety_0.smt2 : 600650 ms.
--------------------------------------------------
sat
../QF_NIA_split/QF_NIA_2_14//20170427-VeryMax/ITS/From_AProVE_2014__juHashMapCreateIsEmpty.jar-obl-10__p2607_safety_0.smt2 : 18571 ms.
--------------------------------------------------
sat
../QF_NIA_split/QF_NIA_2_14//20170427-VeryMax/ITS/From_AProVE_2014__juHashMapCreateIsEmpty.jar-obl-10__p2610_safety_0.smt2 : 50033 ms.
--------------------------------------------------
sat
../QF_NIA_split/QF_NIA_2_14//20170427-VeryMax/ITS/From_AProVE_2014__juHashMapCreateIsEmpty.jar-obl-10__p2612_safety_0.smt2 : 8866 ms.
--------------------------------------------------
./run.sh: line 3: 295692 Killed                  ./mathsat ../../$1
../QF_NIA_split/QF_NIA_2_14//20170427-VeryMax/ITS/From_AProVE_2014__juHashMapCreateIsEmpty.jar-obl-10__p2613_safety_0.smt2 : 600548 ms.
--------------------------------------------------
sat
../QF_NIA_split/QF_NIA_2_14//20170427-VeryMax/ITS/From_AProVE_2014__juHashMapCreateIsEmpty.jar-obl-10__p2615_safety_0.smt2 : 3632 ms.
--------------------------------------------------
sat
../QF_NIA_split/QF_NIA_2_14//20170427-VeryMax/ITS/From_AProVE_2014__juHashMapCreateIsEmpty.jar-obl-10__p2616_safety_0.smt2 : 7993 ms.
--------------------------------------------------
sat
../QF_NIA_split/QF_NIA_2_14//20170427-VeryMax/ITS/From_AProVE_2014__juHashMapCreateIsEmpty.jar-obl-10__p2618_safety_0.smt2 : 44394 ms.
--------------------------------------------------
./run.sh: line 3: 297219 Killed                  ./mathsat ../../$1
../QF_NIA_split/QF_NIA_2_14//20170427-VeryMax/ITS/From_AProVE_2014__juHashMapCreateIsEmpty.jar-obl-10__p2619_safety_0.smt2 : 600826 ms.
--------------------------------------------------
sat
../QF_NIA_split/QF_NIA_2_14//20170427-VeryMax/ITS/From_AProVE_2014__juHashMapCreateIsEmpty.jar-obl-10__p2621_safety_0.smt2 : 86556 ms.
--------------------------------------------------
./run.sh: line 3: 299227 Killed                  ./mathsat ../../$1
../QF_NIA_split/QF_NIA_2_14//20170427-VeryMax/ITS/From_AProVE_2014__juHashMapCreateIsEmpty.jar-obl-10__p2622_safety_0.smt2 : 600673 ms.
--------------------------------------------------
unsat
../QF_NIA_split/QF_NIA_2_14//20170427-VeryMax/ITS/From_AProVE_2014__juHashMapCreateIsEmpty.jar-obl-10__p2623_safety_0.smt2 : 43886 ms.
--------------------------------------------------
./run.sh: line 3: 300658 Killed                  ./mathsat ../../$1
../QF_NIA_split/QF_NIA_2_14//20170427-VeryMax/ITS/From_AProVE_2014__juHashMapCreateIsEmpty.jar-obl-10__p2624_safety_0.smt2 : 600311 ms.
--------------------------------------------------
./run.sh: line 3: 301856 Killed                  ./mathsat ../../$1
../QF_NIA_split/QF_NIA_2_14//20170427-VeryMax/ITS/From_AProVE_2014__juHashMapCreateIsEmpty.jar-obl-10__p2625_safety_0.smt2 : 600428 ms.
--------------------------------------------------
unsat
../QF_NIA_split/QF_NIA_2_14//20170427-VeryMax/ITS/From_AProVE_2014__juHashMapCreateIsEmpty.jar-obl-10__p2626_safety_0.smt2 : 18718 ms.
--------------------------------------------------
./run.sh: line 3: 303283 Killed                  ./mathsat ../../$1
../QF_NIA_split/QF_NIA_2_14//20170427-VeryMax/ITS/From_AProVE_2014__juHashMapCreateIsEmpty.jar-obl-10__p2627_safety_0.smt2 : 600409 ms.
--------------------------------------------------
./run.sh: line 3: 304331 Killed                  ./mathsat ../../$1
../QF_NIA_split/QF_NIA_2_14//20170427-VeryMax/ITS/From_AProVE_2014__juHashMapCreateIsEmpty.jar-obl-10__p2628_safety_0.smt2 : 600526 ms.
--------------------------------------------------
sat
../QF_NIA_split/QF_NIA_2_14//20170427-VeryMax/ITS/From_AProVE_2014__juHashMapCreateIsEmpty.jar-obl-10__p2631_terminationG_0.smt2 : 93386 ms.
--------------------------------------------------
./run.sh: line 3: 305947 Killed                  ./mathsat ../../$1
../QF_NIA_split/QF_NIA_2_14//20170427-VeryMax/ITS/From_AProVE_2014__juHashMapCreateIsEmpty.jar-obl-10__p2632_terminationG_0.smt2 : 600625 ms.
--------------------------------------------------
./run.sh: line 3: 307341 Killed                  ./mathsat ../../$1
../QF_NIA_split/QF_NIA_2_14//20170427-VeryMax/ITS/From_AProVE_2014__juHashMapCreateIsEmpty.jar-obl-10__p2633_terminationG_0.smt2 : 600474 ms.
--------------------------------------------------
sat
../QF_NIA_split/QF_NIA_2_14//20170427-VeryMax/ITS/From_AProVE_2014__juHashMapCreateIsEmpty.jar-obl-10__p2642_safety_0.smt2 : 38013 ms.
--------------------------------------------------
sat
../QF_NIA_split/QF_NIA_2_14//20170427-VeryMax/ITS/From_AProVE_2014__juHashMapCreateIsEmpty.jar-obl-10__p2649_safety_0.smt2 : 36946 ms.
--------------------------------------------------
./run.sh: line 3: 308901 Killed                  ./mathsat ../../$1
../QF_NIA_split/QF_NIA_2_14//20170427-VeryMax/ITS/From_AProVE_2014__juHashMapCreateIsEmpty.jar-obl-10__p2650_safety_0.smt2 : 600530 ms.
--------------------------------------------------
sat
../QF_NIA_split/QF_NIA_2_14//20170427-VeryMax/ITS/From_AProVE_2014__juHashMapCreateIsEmpty.jar-obl-10__p2654_safety_0.smt2 : 1839 ms.
--------------------------------------------------
./run.sh: line 3: 310142 Killed                  ./mathsat ../../$1
../QF_NIA_split/QF_NIA_2_14//20170427-VeryMax/ITS/From_AProVE_2014__juHashMapCreateIsEmpty.jar-obl-10__p2655_safety_0.smt2 : 600463 ms.
--------------------------------------------------
sat
../QF_NIA_split/QF_NIA_2_14//20170427-VeryMax/ITS/From_AProVE_2014__juHashMapCreateIsEmpty.jar-obl-10__p2659_safety_0.smt2 : 8569 ms.
--------------------------------------------------
sat
../QF_NIA_split/QF_NIA_2_14//20170427-VeryMax/ITS/From_AProVE_2014__juHashMapCreateIsEmpty.jar-obl-10__p2660_safety_0.smt2 : 126407 ms.
--------------------------------------------------
sat
../QF_NIA_split/QF_NIA_2_14//20170427-VeryMax/ITS/From_AProVE_2014__juHashMapCreateIsEmpty.jar-obl-10__p2664_safety_0.smt2 : 434861 ms.
--------------------------------------------------
./run.sh: line 3: 312546 Killed                  ./mathsat ../../$1
../QF_NIA_split/QF_NIA_2_14//20170427-VeryMax/ITS/From_AProVE_2014__juHashMapCreateIsEmpty.jar-obl-10__p2665_safety_0.smt2 : 600442 ms.
--------------------------------------------------
sat
../QF_NIA_split/QF_NIA_2_14//20170427-VeryMax/ITS/From_AProVE_2014__juHashMapCreateIsEmpty.jar-obl-10__p2669_safety_0.smt2 : 21579 ms.
--------------------------------------------------
./run.sh: line 3: 314008 Killed                  ./mathsat ../../$1
../QF_NIA_split/QF_NIA_2_14//20170427-VeryMax/ITS/From_AProVE_2014__juHashMapCreateIsEmpty.jar-obl-10__p2670_safety_0.smt2 : 600468 ms.
--------------------------------------------------
unsat
../QF_NIA_split/QF_NIA_2_14//20170427-VeryMax/ITS/From_AProVE_2014__juHashMapCreateIsEmpty.jar-obl-10__p2673_safety_0.smt2 : 25002 ms.
--------------------------------------------------
./run.sh: line 3: 315073 Killed                  ./mathsat ../../$1
../QF_NIA_split/QF_NIA_2_14//20170427-VeryMax/ITS/From_AProVE_2014__juHashMapCreateIsEmpty.jar-obl-10__p2674_safety_0.smt2 : 600427 ms.
--------------------------------------------------
./run.sh: line 3: 315943 Killed                  ./mathsat ../../$1
../QF_NIA_split/QF_NIA_2_14//20170427-VeryMax/ITS/From_AProVE_2014__juHashMapCreateIsEmpty.jar-obl-10__p2675_safety_0.smt2 : 600435 ms.
--------------------------------------------------
sat
../QF_NIA_split/QF_NIA_2_14//20170427-VeryMax/ITS/From_AProVE_2014__juHashMapCreateIsEmpty.jar-obl-10__p2678_safety_0.smt2 : 1749 ms.
--------------------------------------------------
sat
../QF_NIA_split/QF_NIA_2_14//20170427-VeryMax/ITS/From_AProVE_2014__juHashMapCreateIsEmpty.jar-obl-10__p2679_safety_0.smt2 : 19188 ms.
--------------------------------------------------
sat
../QF_NIA_split/QF_NIA_2_14//20170427-VeryMax/ITS/From_AProVE_2014__juHashMapCreateIsEmpty.jar-obl-10__p2680_safety_0.smt2 : 125590 ms.
--------------------------------------------------
sat
../QF_NIA_split/QF_NIA_2_14//20170427-VeryMax/ITS/From_AProVE_2014__juHashMapCreateIsEmpty.jar-obl-10__p2685_safety_0.smt2 : 53366 ms.
--------------------------------------------------
sat
../QF_NIA_split/QF_NIA_2_14//20170427-VeryMax/ITS/From_AProVE_2014__juHashMapCreateIsEmpty.jar-obl-10__p2688_safety_0.smt2 : 15011 ms.
--------------------------------------------------
./run.sh: line 3: 317660 Killed                  ./mathsat ../../$1
../QF_NIA_split/QF_NIA_2_14//20170427-VeryMax/ITS/From_AProVE_2014__juHashMapCreateIsEmpty.jar-obl-10__p2689_safety_0.smt2 : 600499 ms.
--------------------------------------------------
sat
../QF_NIA_split/QF_NIA_2_14//20170427-VeryMax/ITS/From_AProVE_2014__juHashMapCreateIsEmpty.jar-obl-10__p2691_safety_0.smt2 : 4253 ms.
--------------------------------------------------
./run.sh: line 3: 319004 Killed                  ./mathsat ../../$1
../QF_NIA_split/QF_NIA_2_14//20170427-VeryMax/ITS/From_AProVE_2014__juHashMapCreateIsEmpty.jar-obl-10__p2692_safety_0.smt2 : 600359 ms.
