--------------------------------------------------
sat
../QF_NIA_split/QF_NIA_2_8//20170427-VeryMax/ITS/From_AProVE_2014__juHashMapCreate.jar-obl-10__p4381_terminationG_0.smt2 : 53808 ms.
--------------------------------------------------
sat
../QF_NIA_split/QF_NIA_2_8//20170427-VeryMax/ITS/From_AProVE_2014__juHashMapCreate.jar-obl-10__p4382_terminationG_0.smt2 : 288335 ms.
--------------------------------------------------
sat
../QF_NIA_split/QF_NIA_2_8//20170427-VeryMax/ITS/From_AProVE_2014__juHashMapCreate.jar-obl-10__p4383_terminationG_0.smt2 : 521033 ms.
--------------------------------------------------
sat
../QF_NIA_split/QF_NIA_2_8//20170427-VeryMax/ITS/From_AProVE_2014__juHashMapCreate.jar-obl-10__p4392_safety_0.smt2 : 15586 ms.
--------------------------------------------------
sat
../QF_NIA_split/QF_NIA_2_8//20170427-VeryMax/ITS/From_AProVE_2014__juHashMapCreate.jar-obl-10__p4394_safety_0.smt2 : 3620 ms.
--------------------------------------------------
sat
../QF_NIA_split/QF_NIA_2_8//20170427-VeryMax/ITS/From_AProVE_2014__juHashMapCreate.jar-obl-10__p4395_safety_0.smt2 : 18163 ms.
--------------------------------------------------
sat
../QF_NIA_split/QF_NIA_2_8//20170427-VeryMax/ITS/From_AProVE_2014__juHashMapCreate.jar-obl-10__p4399_safety_0.smt2 : 14278 ms.
--------------------------------------------------
sat
../QF_NIA_split/QF_NIA_2_8//20170427-VeryMax/ITS/From_AProVE_2014__juHashMapCreate.jar-obl-10__p4400_safety_0.smt2 : 5395 ms.
--------------------------------------------------
sat
../QF_NIA_split/QF_NIA_2_8//20170427-VeryMax/ITS/From_AProVE_2014__juHashMapCreate.jar-obl-10__p4405_safety_0.smt2 : 13934 ms.
--------------------------------------------------
sat
../QF_NIA_split/QF_NIA_2_8//20170427-VeryMax/ITS/From_AProVE_2014__juHashMapCreate.jar-obl-10__p4408_safety_0.smt2 : 1887 ms.
--------------------------------------------------
./run.sh: line 3: 237643 Killed                  ./mathsat ../../$1
../QF_NIA_split/QF_NIA_2_8//20170427-VeryMax/ITS/From_AProVE_2014__juHashMapCreate.jar-obl-10__p4409_safety_0.smt2 : 600634 ms.
--------------------------------------------------
sat
../QF_NIA_split/QF_NIA_2_8//20170427-VeryMax/ITS/From_AProVE_2014__juHashMapCreate.jar-obl-10__p4410_safety_0.smt2 : 405443 ms.
--------------------------------------------------
unsat
../QF_NIA_split/QF_NIA_2_8//20170427-VeryMax/ITS/From_AProVE_2014__juHashMapCreate.jar-obl-10__p4413_safety_0.smt2 : 25446 ms.
--------------------------------------------------
./run.sh: line 3: 241622 Killed                  ./mathsat ../../$1
../QF_NIA_split/QF_NIA_2_8//20170427-VeryMax/ITS/From_AProVE_2014__juHashMapCreate.jar-obl-10__p4414_safety_0.smt2 : 600366 ms.
--------------------------------------------------
./run.sh: line 3: 243510 Killed                  ./mathsat ../../$1
../QF_NIA_split/QF_NIA_2_8//20170427-VeryMax/ITS/From_AProVE_2014__juHashMapCreate.jar-obl-10__p4415_safety_0.smt2 : 600573 ms.
--------------------------------------------------
unsat
../QF_NIA_split/QF_NIA_2_8//20170427-VeryMax/ITS/From_AProVE_2014__juHashMapCreate.jar-obl-10__p4418_safety_0.smt2 : 139489 ms.
--------------------------------------------------
./run.sh: line 3: 246509 Killed                  ./mathsat ../../$1
../QF_NIA_split/QF_NIA_2_8//20170427-VeryMax/ITS/From_AProVE_2014__juHashMapCreate.jar-obl-10__p4419_safety_0.smt2 : 600452 ms.
--------------------------------------------------
./run.sh: line 3: 248148 Killed                  ./mathsat ../../$1
../QF_NIA_split/QF_NIA_2_8//20170427-VeryMax/ITS/From_AProVE_2014__juHashMapCreate.jar-obl-10__p4420_safety_0.smt2 : 600757 ms.
--------------------------------------------------
sat
../QF_NIA_split/QF_NIA_2_8//20170427-VeryMax/ITS/From_AProVE_2014__juHashMapCreate.jar-obl-10__p4422_safety_0.smt2 : 13051 ms.
--------------------------------------------------
sat
../QF_NIA_split/QF_NIA_2_8//20170427-VeryMax/ITS/From_AProVE_2014__juHashMapCreate.jar-obl-10__p4423_safety_0.smt2 : 62019 ms.
--------------------------------------------------
sat
../QF_NIA_split/QF_NIA_2_8//20170427-VeryMax/ITS/From_AProVE_2014__juHashMapCreate.jar-obl-10__p4425_safety_0.smt2 : 50248 ms.
--------------------------------------------------
sat
../QF_NIA_split/QF_NIA_2_8//20170427-VeryMax/ITS/From_AProVE_2014__juHashMapCreate.jar-obl-10__p4426_safety_0.smt2 : 104062 ms.
--------------------------------------------------
sat
../QF_NIA_split/QF_NIA_2_8//20170427-VeryMax/ITS/From_AProVE_2014__juHashMapCreate.jar-obl-10__p4430_safety_0.smt2 : 2315 ms.
--------------------------------------------------
../QF_NIA_split/QF_NIA_2_8//20170427-VeryMax/ITS/From_AProVE_2014__juHashMapCreate.jar-obl-10__p4431_safety_0.smt2 : 601006 ms.
--------------------------------------------------
sat
../QF_NIA_split/QF_NIA_2_8//20170427-VeryMax/ITS/From_AProVE_2014__juHashMapCreate.jar-obl-10__p4435_safety_0.smt2 : 719 ms.
--------------------------------------------------
sat
../QF_NIA_split/QF_NIA_2_8//20170427-VeryMax/ITS/From_AProVE_2014__juHashMapCreate.jar-obl-10__p4440_safety_0.smt2 : 66089 ms.
--------------------------------------------------
sat
../QF_NIA_split/QF_NIA_2_8//20170427-VeryMax/ITS/From_AProVE_2014__juHashMapCreate.jar-obl-10__p4441_safety_0.smt2 : 346548 ms.
--------------------------------------------------
sat
../QF_NIA_split/QF_NIA_2_8//20170427-VeryMax/ITS/From_AProVE_2014__juHashMapCreate.jar-obl-10__p4445_safety_0.smt2 : 10694 ms.
--------------------------------------------------
./run.sh: line 3: 254344 Killed                  ./mathsat ../../$1
../QF_NIA_split/QF_NIA_2_8//20170427-VeryMax/ITS/From_AProVE_2014__juHashMapCreate.jar-obl-10__p4446_safety_0.smt2 : 600941 ms.
--------------------------------------------------
sat
../QF_NIA_split/QF_NIA_2_8//20170427-VeryMax/ITS/From_AProVE_2014__juHashMapCreate.jar-obl-10__p4452_safety_0.smt2 : 124912 ms.
--------------------------------------------------
sat
../QF_NIA_split/QF_NIA_2_8//20170427-VeryMax/ITS/From_AProVE_2014__juHashMapCreate.jar-obl-10__p4454_safety_0.smt2 : 468852 ms.
--------------------------------------------------
sat
../QF_NIA_split/QF_NIA_2_8//20170427-VeryMax/ITS/From_AProVE_2014__juHashMapCreate.jar-obl-10__p4455_safety_0.smt2 : 21698 ms.
--------------------------------------------------
./run.sh: line 3: 257593 Killed                  ./mathsat ../../$1
../QF_NIA_split/QF_NIA_2_8//20170427-VeryMax/ITS/From_AProVE_2014__juHashMapCreate.jar-obl-10__p4456_safety_0.smt2 : 600632 ms.
--------------------------------------------------
unsat
../QF_NIA_split/QF_NIA_2_8//20170427-VeryMax/ITS/From_AProVE_2014__juHashMapCreate.jar-obl-10__p4459_safety_0.smt2 : 29653 ms.
--------------------------------------------------
./run.sh: line 3: 259771 Killed                  ./mathsat ../../$1
../QF_NIA_split/QF_NIA_2_8//20170427-VeryMax/ITS/From_AProVE_2014__juHashMapCreate.jar-obl-10__p4460_safety_0.smt2 : 600485 ms.
--------------------------------------------------
./run.sh: line 3: 261396 Killed                  ./mathsat ../../$1
../QF_NIA_split/QF_NIA_2_8//20170427-VeryMax/ITS/From_AProVE_2014__juHashMapCreate.jar-obl-10__p4461_safety_0.smt2 : 600803 ms.
--------------------------------------------------
unsat
../QF_NIA_split/QF_NIA_2_8//20170427-VeryMax/ITS/From_AProVE_2014__juHashMapCreate.jar-obl-10__p4464_safety_0.smt2 : 54404 ms.
--------------------------------------------------
./run.sh: line 3: 263615 Killed                  ./mathsat ../../$1
../QF_NIA_split/QF_NIA_2_8//20170427-VeryMax/ITS/From_AProVE_2014__juHashMapCreate.jar-obl-10__p4465_safety_0.smt2 : 600795 ms.
--------------------------------------------------
./run.sh: line 3: 265569 Killed                  ./mathsat ../../$1
../QF_NIA_split/QF_NIA_2_8//20170427-VeryMax/ITS/From_AProVE_2014__juHashMapCreate.jar-obl-10__p4466_safety_0.smt2 : 600569 ms.
--------------------------------------------------
sat
../QF_NIA_split/QF_NIA_2_8//20170427-VeryMax/ITS/From_AProVE_2014__juHashMapCreate.jar-obl-10__p4467_safety_0.smt2 : 179170 ms.
--------------------------------------------------
sat
../QF_NIA_split/QF_NIA_2_8//20170427-VeryMax/ITS/From_AProVE_2014__juHashMapCreate.jar-obl-10__p4468_safety_0.smt2 : 14314 ms.
--------------------------------------------------
sat
../QF_NIA_split/QF_NIA_2_8//20170427-VeryMax/ITS/From_AProVE_2014__juHashMapCreate.jar-obl-10__p4469_safety_0.smt2 : 398033 ms.
--------------------------------------------------
sat
../QF_NIA_split/QF_NIA_2_8//20170427-VeryMax/ITS/From_AProVE_2014__juHashMapCreate.jar-obl-10__p4470_safety_0.smt2 : 3672 ms.
--------------------------------------------------
sat
../QF_NIA_split/QF_NIA_2_8//20170427-VeryMax/ITS/From_AProVE_2014__juHashMapCreate.jar-obl-10__p4471_safety_0.smt2 : 89038 ms.
--------------------------------------------------
./run.sh: line 3: 269815 Killed                  ./mathsat ../../$1
../QF_NIA_split/QF_NIA_2_8//20170427-VeryMax/ITS/From_AProVE_2014__juHashMapCreate.jar-obl-10__p4472_safety_0.smt2 : 600722 ms.
--------------------------------------------------
sat
../QF_NIA_split/QF_NIA_2_8//20170427-VeryMax/ITS/From_AProVE_2014__juHashMapCreate.jar-obl-10__p4477_safety_0.smt2 : 2706 ms.
--------------------------------------------------
sat
../QF_NIA_split/QF_NIA_2_8//20170427-VeryMax/ITS/From_AProVE_2014__juHashMapCreate.jar-obl-10__p4484_safety_0.smt2 : 68026 ms.
--------------------------------------------------
sat
../QF_NIA_split/QF_NIA_2_8//20170427-VeryMax/ITS/From_AProVE_2014__juHashMapCreate.jar-obl-10__p4485_safety_0.smt2 : 26463 ms.
--------------------------------------------------
sat
../QF_NIA_split/QF_NIA_2_8//20170427-VeryMax/ITS/From_AProVE_2014__juHashMapCreate.jar-obl-10__p4489_safety_0.smt2 : 1380 ms.
--------------------------------------------------
sat
../QF_NIA_split/QF_NIA_2_8//20170427-VeryMax/ITS/From_AProVE_2014__juHashMapCreate.jar-obl-10__p4490_safety_0.smt2 : 492794 ms.
--------------------------------------------------
sat
../QF_NIA_split/QF_NIA_2_8//20170427-VeryMax/ITS/From_AProVE_2014__juHashMapCreate.jar-obl-10__p4492_safety_0.smt2 : 280848 ms.
--------------------------------------------------
./run.sh: line 3: 274885 Killed                  ./mathsat ../../$1
../QF_NIA_split/QF_NIA_2_8//20170427-VeryMax/ITS/From_AProVE_2014__juHashMapCreate.jar-obl-10__p4493_safety_0.smt2 : 600670 ms.
--------------------------------------------------
./run.sh: line 3: 276579 Killed                  ./mathsat ../../$1
../QF_NIA_split/QF_NIA_2_8//20170427-VeryMax/ITS/From_AProVE_2014__juHashMapCreate.jar-obl-10__p4498_safety_0.smt2 : 600765 ms.
--------------------------------------------------
unsat
../QF_NIA_split/QF_NIA_2_8//20170427-VeryMax/ITS/From_AProVE_2014__juHashMapCreate.jar-obl-10__p4499_safety_0.smt2 : 20195 ms.
--------------------------------------------------
./run.sh: line 3: 278491 Killed                  ./mathsat ../../$1
../QF_NIA_split/QF_NIA_2_8//20170427-VeryMax/ITS/From_AProVE_2014__juHashMapCreate.jar-obl-10__p4500_safety_0.smt2 : 600232 ms.
--------------------------------------------------
./run.sh: line 3: 280392 Killed                  ./mathsat ../../$1
../QF_NIA_split/QF_NIA_2_8//20170427-VeryMax/ITS/From_AProVE_2014__juHashMapCreate.jar-obl-10__p4501_safety_0.smt2 : 600859 ms.
--------------------------------------------------
sat
../QF_NIA_split/QF_NIA_2_8//20170427-VeryMax/ITS/From_AProVE_2014__juHashMapCreate.jar-obl-10__p4504_safety_0.smt2 : 2613 ms.
--------------------------------------------------
sat
../QF_NIA_split/QF_NIA_2_8//20170427-VeryMax/ITS/From_AProVE_2014__juHashMapCreate.jar-obl-10__p4505_safety_0.smt2 : 35349 ms.
--------------------------------------------------
./run.sh: line 3: 282153 Killed                  ./mathsat ../../$1
../QF_NIA_split/QF_NIA_2_8//20170427-VeryMax/ITS/From_AProVE_2014__juHashMapCreate.jar-obl-10__p4506_safety_0.smt2 : 600804 ms.
--------------------------------------------------
sat
../QF_NIA_split/QF_NIA_2_8//20170427-VeryMax/ITS/From_AProVE_2014__juHashMapCreate.jar-obl-10__p4509_safety_0.smt2 : 5302 ms.
--------------------------------------------------
sat
../QF_NIA_split/QF_NIA_2_8//20170427-VeryMax/ITS/From_AProVE_2014__juHashMapCreate.jar-obl-10__p4510_safety_0.smt2 : 7243 ms.
--------------------------------------------------
sat
../QF_NIA_split/QF_NIA_2_8//20170427-VeryMax/ITS/From_AProVE_2014__juHashMapCreate.jar-obl-10__p4511_safety_0.smt2 : 109272 ms.
--------------------------------------------------
sat
../QF_NIA_split/QF_NIA_2_8//20170427-VeryMax/ITS/From_AProVE_2014__juHashMapCreate.jar-obl-10__p4516_safety_0.smt2 : 5562 ms.
--------------------------------------------------
sat
../QF_NIA_split/QF_NIA_2_8//20170427-VeryMax/ITS/From_AProVE_2014__juHashMapCreate.jar-obl-10__p4518_safety_0.smt2 : 1248 ms.
--------------------------------------------------
sat
../QF_NIA_split/QF_NIA_2_8//20170427-VeryMax/ITS/From_AProVE_2014__juHashMapCreate.jar-obl-10__p4519_safety_0.smt2 : 17065 ms.
--------------------------------------------------
unsat
../QF_NIA_split/QF_NIA_2_8//20170427-VeryMax/ITS/From_AProVE_2014__juHashMapCreate.jar-obl-10__p4520_safety_0.smt2 : 33281 ms.
--------------------------------------------------
./run.sh: line 3: 284670 Killed                  ./mathsat ../../$1
../QF_NIA_split/QF_NIA_2_8//20170427-VeryMax/ITS/From_AProVE_2014__juHashMapCreate.jar-obl-10__p4521_safety_0.smt2 : 600403 ms.
--------------------------------------------------
./run.sh: line 3: 286779 Killed                  ./mathsat ../../$1
../QF_NIA_split/QF_NIA_2_8//20170427-VeryMax/ITS/From_AProVE_2014__juHashMapCreate.jar-obl-10__p4522_safety_0.smt2 : 600887 ms.
--------------------------------------------------
sat
../QF_NIA_split/QF_NIA_2_8//20170427-VeryMax/ITS/From_AProVE_2014__juHashMapCreate.jar-obl-10__p4523_safety_0.smt2 : 2265 ms.
--------------------------------------------------
sat
../QF_NIA_split/QF_NIA_2_8//20170427-VeryMax/ITS/From_AProVE_2014__juHashMapCreate.jar-obl-10__p4524_safety_0.smt2 : 34594 ms.
--------------------------------------------------
sat
../QF_NIA_split/QF_NIA_2_8//20170427-VeryMax/ITS/From_AProVE_2014__juHashMapCreate.jar-obl-10__p4525_safety_0.smt2 : 59317 ms.
--------------------------------------------------
sat
../QF_NIA_split/QF_NIA_2_8//20170427-VeryMax/ITS/From_AProVE_2014__juHashMapCreate.jar-obl-10__p4529_safety_0.smt2 : 28403 ms.
--------------------------------------------------
./run.sh: line 3: 289241 Killed                  ./mathsat ../../$1
../QF_NIA_split/QF_NIA_2_8//20170427-VeryMax/ITS/From_AProVE_2014__juHashMapCreate.jar-obl-10__p4530_safety_0.smt2 : 600363 ms.
--------------------------------------------------
sat
../QF_NIA_split/QF_NIA_2_8//20170427-VeryMax/ITS/From_AProVE_2014__juHashMapCreate.jar-obl-10__p4534_safety_0.smt2 : 3457 ms.
--------------------------------------------------
../QF_NIA_split/QF_NIA_2_8//20170427-VeryMax/ITS/From_AProVE_2014__juHashMapCreate.jar-obl-10__p4535_safety_0.smt2 : 601005 ms.
--------------------------------------------------
unsat
../QF_NIA_split/QF_NIA_2_8//20170427-VeryMax/ITS/From_AProVE_2014__juHashMapCreate.jar-obl-10__p4538_safety_0.smt2 : 89433 ms.
--------------------------------------------------
./run.sh: line 3: 292903 Killed                  ./mathsat ../../$1
../QF_NIA_split/QF_NIA_2_8//20170427-VeryMax/ITS/From_AProVE_2014__juHashMapCreate.jar-obl-10__p4539_safety_0.smt2 : 600577 ms.
--------------------------------------------------
./run.sh: line 3: 294735 Killed                  ./mathsat ../../$1
../QF_NIA_split/QF_NIA_2_8//20170427-VeryMax/ITS/From_AProVE_2014__juHashMapCreate.jar-obl-10__p4540_safety_0.smt2 : 600822 ms.
--------------------------------------------------
sat
../QF_NIA_split/QF_NIA_2_8//20170427-VeryMax/ITS/From_AProVE_2014__juHashMapCreate.jar-obl-10__p4543_terminationG_0.smt2 : 27462 ms.
--------------------------------------------------
sat
../QF_NIA_split/QF_NIA_2_8//20170427-VeryMax/ITS/From_AProVE_2014__juHashMapCreate.jar-obl-10__p4544_terminationG_0.smt2 : 153988 ms.
--------------------------------------------------
./run.sh: line 3: 297728 Killed                  ./mathsat ../../$1
../QF_NIA_split/QF_NIA_2_8//20170427-VeryMax/ITS/From_AProVE_2014__juHashMapCreate.jar-obl-10__p4545_terminationG_0.smt2 : 600807 ms.
--------------------------------------------------
sat
../QF_NIA_split/QF_NIA_2_8//20170427-VeryMax/ITS/From_AProVE_2014__juHashMapCreate.jar-obl-10__p4557_safety_0.smt2 : 14225 ms.
--------------------------------------------------
sat
../QF_NIA_split/QF_NIA_2_8//20170427-VeryMax/ITS/From_AProVE_2014__juHashMapCreate.jar-obl-10__p4563_safety_0.smt2 : 55839 ms.
--------------------------------------------------
sat
../QF_NIA_split/QF_NIA_2_8//20170427-VeryMax/ITS/From_AProVE_2014__juHashMapCreate.jar-obl-10__p4564_safety_0.smt2 : 152575 ms.
--------------------------------------------------
sat
../QF_NIA_split/QF_NIA_2_8//20170427-VeryMax/ITS/From_AProVE_2014__juHashMapCreate.jar-obl-10__p4566_safety_0.smt2 : 90714 ms.
--------------------------------------------------
sat
../QF_NIA_split/QF_NIA_2_8//20170427-VeryMax/ITS/From_AProVE_2014__juHashMapCreate.jar-obl-10__p4567_safety_0.smt2 : 137869 ms.
--------------------------------------------------
unsat
../QF_NIA_split/QF_NIA_2_8//20170427-VeryMax/ITS/From_AProVE_2014__juHashMapCreate.jar-obl-10__p4570_safety_0.smt2 : 69309 ms.
--------------------------------------------------
./run.sh: line 3: 300969 Killed                  ./mathsat ../../$1
../QF_NIA_split/QF_NIA_2_8//20170427-VeryMax/ITS/From_AProVE_2014__juHashMapCreate.jar-obl-10__p4571_safety_0.smt2 : 600516 ms.
--------------------------------------------------
./run.sh: line 3: 303105 Killed                  ./mathsat ../../$1
../QF_NIA_split/QF_NIA_2_8//20170427-VeryMax/ITS/From_AProVE_2014__juHashMapCreate.jar-obl-10__p4572_safety_0.smt2 : 600696 ms.
--------------------------------------------------
sat
../QF_NIA_split/QF_NIA_2_8//20170427-VeryMax/ITS/From_AProVE_2014__juHashMapCreate.jar-obl-10__p4576_safety_0.smt2 : 21565 ms.
--------------------------------------------------
sat
../QF_NIA_split/QF_NIA_2_8//20170427-VeryMax/ITS/From_AProVE_2014__juHashMapCreate.jar-obl-10__p4577_safety_0.smt2 : 27362 ms.
--------------------------------------------------
sat
../QF_NIA_split/QF_NIA_2_8//20170427-VeryMax/ITS/From_AProVE_2014__juHashMapCreate.jar-obl-10__p4581_safety_0.smt2 : 154666 ms.
--------------------------------------------------
sat
../QF_NIA_split/QF_NIA_2_8//20170427-VeryMax/ITS/From_AProVE_2014__juHashMapCreate.jar-obl-10__p4582_safety_0.smt2 : 538217 ms.
--------------------------------------------------
sat
../QF_NIA_split/QF_NIA_2_8//20170427-VeryMax/ITS/From_AProVE_2014__juHashMapCreate.jar-obl-10__p4585_safety_0.smt2 : 1114 ms.
--------------------------------------------------
sat
../QF_NIA_split/QF_NIA_2_8//20170427-VeryMax/ITS/From_AProVE_2014__juHashMapCreate.jar-obl-10__p4586_safety_0.smt2 : 4310 ms.
--------------------------------------------------
sat
../QF_NIA_split/QF_NIA_2_8//20170427-VeryMax/ITS/From_AProVE_2014__juHashMapCreate.jar-obl-10__p4587_safety_0.smt2 : 74220 ms.
--------------------------------------------------
sat
../QF_NIA_split/QF_NIA_2_8//20170427-VeryMax/ITS/From_AProVE_2014__juHashMapCreate.jar-obl-10__p4592_safety_0.smt2 : 38763 ms.
--------------------------------------------------
sat
../QF_NIA_split/QF_NIA_2_8//20170427-VeryMax/ITS/From_AProVE_2014__juHashMapCreate.jar-obl-10__p4593_safety_0.smt2 : 1495 ms.
--------------------------------------------------
sat
../QF_NIA_split/QF_NIA_2_8//20170427-VeryMax/ITS/From_AProVE_2014__juHashMapCreate.jar-obl-10__p4594_safety_0.smt2 : 23658 ms.
--------------------------------------------------
sat
../QF_NIA_split/QF_NIA_2_8//20170427-VeryMax/ITS/From_AProVE_2014__juHashMapCreate.jar-obl-10__p4595_safety_0.smt2 : 15354 ms.
--------------------------------------------------
unsat
../QF_NIA_split/QF_NIA_2_8//20170427-VeryMax/ITS/From_AProVE_2014__juHashMapCreate.jar-obl-10__p4596_safety_0.smt2 : 23145 ms.
--------------------------------------------------
./run.sh: line 3: 308923 Killed                  ./mathsat ../../$1
../QF_NIA_split/QF_NIA_2_8//20170427-VeryMax/ITS/From_AProVE_2014__juHashMapCreate.jar-obl-10__p4597_safety_0.smt2 : 600390 ms.
--------------------------------------------------
./run.sh: line 3: 310523 Killed                  ./mathsat ../../$1
../QF_NIA_split/QF_NIA_2_8//20170427-VeryMax/ITS/From_AProVE_2014__juHashMapCreate.jar-obl-10__p4598_safety_0.smt2 : 600546 ms.
--------------------------------------------------
sat
../QF_NIA_split/QF_NIA_2_8//20170427-VeryMax/ITS/From_AProVE_2014__juHashMapCreate.jar-obl-10__p4599_safety_0.smt2 : 22623 ms.
--------------------------------------------------
sat
../QF_NIA_split/QF_NIA_2_8//20170427-VeryMax/ITS/From_AProVE_2014__juHashMapCreate.jar-obl-10__p4600_safety_0.smt2 : 69817 ms.
--------------------------------------------------
sat
../QF_NIA_split/QF_NIA_2_8//20170427-VeryMax/ITS/From_AProVE_2014__juHashMapCreate.jar-obl-10__p4601_safety_0.smt2 : 121178 ms.
--------------------------------------------------
./run.sh: line 3: 312884 Killed                  ./mathsat ../../$1
../QF_NIA_split/QF_NIA_2_8//20170427-VeryMax/ITS/From_AProVE_2014__juHashMapCreate.jar-obl-10__p4606_safety_0.smt2 : 600675 ms.
--------------------------------------------------
sat
../QF_NIA_split/QF_NIA_2_8//20170427-VeryMax/ITS/From_AProVE_2014__juHashMapCreate.jar-obl-10__p4611_safety_0.smt2 : 120744 ms.
--------------------------------------------------
sat
../QF_NIA_split/QF_NIA_2_8//20170427-VeryMax/ITS/From_AProVE_2014__juHashMapCreate.jar-obl-10__p4615_safety_0.smt2 : 51897 ms.
--------------------------------------------------
sat
../QF_NIA_split/QF_NIA_2_8//20170427-VeryMax/ITS/From_AProVE_2014__juHashMapCreate.jar-obl-10__p4616_safety_0.smt2 : 459995 ms.
--------------------------------------------------
unsat
../QF_NIA_split/QF_NIA_2_8//20170427-VeryMax/ITS/From_AProVE_2014__juHashMapCreate.jar-obl-10__p4619_safety_0.smt2 : 20528 ms.
--------------------------------------------------
./run.sh: line 3: 315612 Killed                  ./mathsat ../../$1
../QF_NIA_split/QF_NIA_2_8//20170427-VeryMax/ITS/From_AProVE_2014__juHashMapCreate.jar-obl-10__p4620_safety_0.smt2 : 600371 ms.
--------------------------------------------------
./run.sh: line 3: 317499 Killed                  ./mathsat ../../$1
../QF_NIA_split/QF_NIA_2_8//20170427-VeryMax/ITS/From_AProVE_2014__juHashMapCreate.jar-obl-10__p4621_safety_0.smt2 : 600487 ms.
--------------------------------------------------
sat
../QF_NIA_split/QF_NIA_2_8//20170427-VeryMax/ITS/From_AProVE_2014__juHashMapCreate.jar-obl-10__p4623_safety_0.smt2 : 32616 ms.
--------------------------------------------------
./run.sh: line 3: 318785 Killed                  ./mathsat ../../$1
../QF_NIA_split/QF_NIA_2_8//20170427-VeryMax/ITS/From_AProVE_2014__juHashMapCreate.jar-obl-10__p4624_safety_0.smt2 : 600372 ms.
--------------------------------------------------
sat
../QF_NIA_split/QF_NIA_2_8//20170427-VeryMax/ITS/From_AProVE_2014__juHashMapCreate.jar-obl-10__p4631_safety_0.smt2 : 71893 ms.
--------------------------------------------------
sat
../QF_NIA_split/QF_NIA_2_8//20170427-VeryMax/ITS/From_AProVE_2014__juHashMapCreate.jar-obl-10__p4632_safety_0.smt2 : 3774 ms.
--------------------------------------------------
unsat
../QF_NIA_split/QF_NIA_2_8//20170427-VeryMax/ITS/From_AProVE_2014__juHashMapCreate.jar-obl-10__p4633_safety_0.smt2 : 32247 ms.
--------------------------------------------------
./run.sh: line 3: 320787 Killed                  ./mathsat ../../$1
../QF_NIA_split/QF_NIA_2_8//20170427-VeryMax/ITS/From_AProVE_2014__juHashMapCreate.jar-obl-10__p4634_safety_0.smt2 : 600376 ms.
--------------------------------------------------
./run.sh: line 3: 321921 Killed                  ./mathsat ../../$1
../QF_NIA_split/QF_NIA_2_8//20170427-VeryMax/ITS/From_AProVE_2014__juHashMapCreate.jar-obl-10__p4635_safety_0.smt2 : 600632 ms.
--------------------------------------------------
sat
../QF_NIA_split/QF_NIA_2_8//20170427-VeryMax/ITS/From_AProVE_2014__juHashMapCreate.jar-obl-10__p4636_safety_0.smt2 : 1425 ms.
--------------------------------------------------
sat
../QF_NIA_split/QF_NIA_2_8//20170427-VeryMax/ITS/From_AProVE_2014__juHashMapCreate.jar-obl-10__p4637_safety_0.smt2 : 31519 ms.
--------------------------------------------------
sat
../QF_NIA_split/QF_NIA_2_8//20170427-VeryMax/ITS/From_AProVE_2014__juHashMapCreate.jar-obl-10__p4638_safety_0.smt2 : 44572 ms.
--------------------------------------------------
sat
../QF_NIA_split/QF_NIA_2_8//20170427-VeryMax/ITS/From_AProVE_2014__juHashMapCreate.jar-obl-10__p4642_safety_0.smt2 : 3290 ms.
--------------------------------------------------
sat
../QF_NIA_split/QF_NIA_2_8//20170427-VeryMax/ITS/From_AProVE_2014__juHashMapCreate.jar-obl-10__p4647_safety_0.smt2 : 16369 ms.
--------------------------------------------------
sat
../QF_NIA_split/QF_NIA_2_8//20170427-VeryMax/ITS/From_AProVE_2014__juHashMapCreate.jar-obl-10__p4648_safety_0.smt2 : 107464 ms.
--------------------------------------------------
./run.sh: line 3: 323606 Killed                  ./mathsat ../../$1
../QF_NIA_split/QF_NIA_2_8//20170427-VeryMax/ITS/From_AProVE_2014__juHashMapCreate.jar-obl-10__p4652_safety_0.smt2 : 600326 ms.
--------------------------------------------------
./run.sh: line 3: 324904 Killed                  ./mathsat ../../$1
../QF_NIA_split/QF_NIA_2_8//20170427-VeryMax/ITS/From_AProVE_2014__juHashMapCreate.jar-obl-10__p4653_safety_0.smt2 : 600433 ms.
--------------------------------------------------
unsat
../QF_NIA_split/QF_NIA_2_8//20170427-VeryMax/ITS/From_AProVE_2014__juHashMapCreate.jar-obl-10__p4656_safety_0.smt2 : 18371 ms.
--------------------------------------------------
./run.sh: line 3: 326815 Killed                  ./mathsat ../../$1
../QF_NIA_split/QF_NIA_2_8//20170427-VeryMax/ITS/From_AProVE_2014__juHashMapCreate.jar-obl-10__p4657_safety_0.smt2 : 600310 ms.
--------------------------------------------------
../QF_NIA_split/QF_NIA_2_8//20170427-VeryMax/ITS/From_AProVE_2014__juHashMapCreate.jar-obl-10__p4658_safety_0.smt2 : 601005 ms.
--------------------------------------------------
sat
../QF_NIA_split/QF_NIA_2_8//20170427-VeryMax/ITS/From_AProVE_2014__juHashMapCreate.jar-obl-10__p4659_safety_0.smt2 : 11198 ms.
--------------------------------------------------
sat
../QF_NIA_split/QF_NIA_2_8//20170427-VeryMax/ITS/From_AProVE_2014__juHashMapCreate.jar-obl-10__p4660_safety_0.smt2 : 207310 ms.
--------------------------------------------------
../QF_NIA_split/QF_NIA_2_8//20170427-VeryMax/ITS/From_AProVE_2014__juHashMapCreate.jar-obl-10__p4661_safety_0.smt2 : 601006 ms.
--------------------------------------------------
sat
../QF_NIA_split/QF_NIA_2_8//20170427-VeryMax/ITS/From_AProVE_2014__juHashMapCreate.jar-obl-10__p4666_safety_0.smt2 : 73645 ms.
--------------------------------------------------
sat
../QF_NIA_split/QF_NIA_2_8//20170427-VeryMax/ITS/From_AProVE_2014__juHashMapCreate.jar-obl-10__p4669_safety_0.smt2 : 378 ms.
--------------------------------------------------
sat
../QF_NIA_split/QF_NIA_2_8//20170427-VeryMax/ITS/From_AProVE_2014__juHashMapCreate.jar-obl-10__p4670_safety_0.smt2 : 20872 ms.
--------------------------------------------------
../QF_NIA_split/QF_NIA_2_8//20170427-VeryMax/ITS/From_AProVE_2014__juHashMapCreate.jar-obl-10__p4671_safety_0.smt2 : 601006 ms.
--------------------------------------------------
sat
../QF_NIA_split/QF_NIA_2_8//20170427-VeryMax/ITS/From_AProVE_2014__juHashMapCreate.jar-obl-10__p4674_safety_0.smt2 : 1375 ms.
--------------------------------------------------
sat
../QF_NIA_split/QF_NIA_2_8//20170427-VeryMax/ITS/From_AProVE_2014__juHashMapCreate.jar-obl-10__p4675_safety_0.smt2 : 95901 ms.
--------------------------------------------------
sat
../QF_NIA_split/QF_NIA_2_8//20170427-VeryMax/ITS/From_AProVE_2014__juHashMapCreate.jar-obl-10__p4676_safety_0.smt2 : 49770 ms.
--------------------------------------------------
unsat
../QF_NIA_split/QF_NIA_2_8//20170427-VeryMax/ITS/From_AProVE_2014__juHashMapCreate.jar-obl-10__p4679_safety_0.smt2 : 55979 ms.
--------------------------------------------------
../QF_NIA_split/QF_NIA_2_8//20170427-VeryMax/ITS/From_AProVE_2014__juHashMapCreate.jar-obl-10__p4680_safety_0.smt2 : 601006 ms.
--------------------------------------------------
../QF_NIA_split/QF_NIA_2_8//20170427-VeryMax/ITS/From_AProVE_2014__juHashMapCreate.jar-obl-10__p4681_safety_0.smt2 : 601006 ms.
--------------------------------------------------
sat
../QF_NIA_split/QF_NIA_2_8//20170427-VeryMax/ITS/From_AProVE_2014__juHashMapCreate.jar-obl-10__p4682_safety_0.smt2 : 2122 ms.
--------------------------------------------------
sat
../QF_NIA_split/QF_NIA_2_8//20170427-VeryMax/ITS/From_AProVE_2014__juHashMapCreate.jar-obl-10__p4683_safety_0.smt2 : 13585 ms.
--------------------------------------------------
sat
../QF_NIA_split/QF_NIA_2_8//20170427-VeryMax/ITS/From_AProVE_2014__juHashMapCreate.jar-obl-10__p4684_safety_0.smt2 : 224290 ms.
--------------------------------------------------
../QF_NIA_split/QF_NIA_2_8//20170427-VeryMax/ITS/From_AProVE_2014__juHashMapCreate.jar-obl-10__p4689_safety_0.smt2 : 601005 ms.
--------------------------------------------------
sat
../QF_NIA_split/QF_NIA_2_8//20170427-VeryMax/ITS/From_AProVE_2014__juHashMapCreate.jar-obl-10__p4693_safety_0.smt2 : 11843 ms.
--------------------------------------------------
sat
../QF_NIA_split/QF_NIA_2_8//20170427-VeryMax/ITS/From_AProVE_2014__juHashMapCreate.jar-obl-10__p4694_safety_0.smt2 : 424790 ms.
--------------------------------------------------
../QF_NIA_split/QF_NIA_2_8//20170427-VeryMax/ITS/From_AProVE_2014__juHashMapCreate.jar-obl-10__p4698_safety_0.smt2 : 601005 ms.
--------------------------------------------------
../QF_NIA_split/QF_NIA_2_8//20170427-VeryMax/ITS/From_AProVE_2014__juHashMapCreate.jar-obl-10__p4699_safety_0.smt2 : 601006 ms.
--------------------------------------------------
unsat
../QF_NIA_split/QF_NIA_2_8//20170427-VeryMax/ITS/From_AProVE_2014__juHashMapCreate.jar-obl-10__p4702_safety_0.smt2 : 60896 ms.
--------------------------------------------------
../QF_NIA_split/QF_NIA_2_8//20170427-VeryMax/ITS/From_AProVE_2014__juHashMapCreate.jar-obl-10__p4703_safety_0.smt2 : 601005 ms.
--------------------------------------------------
../QF_NIA_split/QF_NIA_2_8//20170427-VeryMax/ITS/From_AProVE_2014__juHashMapCreate.jar-obl-10__p4704_safety_0.smt2 : 601006 ms.
--------------------------------------------------
sat
../QF_NIA_split/QF_NIA_2_8//20170427-VeryMax/ITS/From_AProVE_2014__juHashMapCreate.jar-obl-10__p4707_terminationG_0.smt2 : 48207 ms.
--------------------------------------------------
sat
../QF_NIA_split/QF_NIA_2_8//20170427-VeryMax/ITS/From_AProVE_2014__juHashMapCreate.jar-obl-10__p4708_terminationG_0.smt2 : 62234 ms.
--------------------------------------------------
../QF_NIA_split/QF_NIA_2_8//20170427-VeryMax/ITS/From_AProVE_2014__juHashMapCreate.jar-obl-10__p4709_terminationG_0.smt2 : 601006 ms.
--------------------------------------------------
sat
../QF_NIA_split/QF_NIA_2_8//20170427-VeryMax/ITS/From_AProVE_2014__juHashMapCreate.jar-obl-10__p4720_safety_0.smt2 : 72603 ms.
--------------------------------------------------
sat
../QF_NIA_split/QF_NIA_2_8//20170427-VeryMax/ITS/From_AProVE_2014__juHashMapCreate.jar-obl-10__p4727_safety_0.smt2 : 56130 ms.
--------------------------------------------------
../QF_NIA_split/QF_NIA_2_8//20170427-VeryMax/ITS/From_AProVE_2014__juHashMapCreate.jar-obl-10__p4728_safety_0.smt2 : 601007 ms.
--------------------------------------------------
sat
../QF_NIA_split/QF_NIA_2_8//20170427-VeryMax/ITS/From_AProVE_2014__juHashMapCreate.jar-obl-10__p4730_safety_0.smt2 : 8383 ms.
--------------------------------------------------
sat
../QF_NIA_split/QF_NIA_2_8//20170427-VeryMax/ITS/From_AProVE_2014__juHashMapCreate.jar-obl-10__p4731_safety_0.smt2 : 566744 ms.
--------------------------------------------------
sat
../QF_NIA_split/QF_NIA_2_8//20170427-VeryMax/ITS/From_AProVE_2014__juHashMapCreate.jar-obl-10__p4735_safety_0.smt2 : 75484 ms.
--------------------------------------------------
sat
../QF_NIA_split/QF_NIA_2_8//20170427-VeryMax/ITS/From_AProVE_2014__juHashMapCreate.jar-obl-10__p4736_safety_0.smt2 : 208227 ms.
--------------------------------------------------
sat
../QF_NIA_split/QF_NIA_2_8//20170427-VeryMax/ITS/From_AProVE_2014__juHashMapCreate.jar-obl-10__p4740_safety_0.smt2 : 170677 ms.
--------------------------------------------------
sat
../QF_NIA_split/QF_NIA_2_8//20170427-VeryMax/ITS/From_AProVE_2014__juHashMapCreate.jar-obl-10__p4741_safety_0.smt2 : 294863 ms.
--------------------------------------------------
unsat
../QF_NIA_split/QF_NIA_2_8//20170427-VeryMax/ITS/From_AProVE_2014__juHashMapCreate.jar-obl-10__p4744_safety_0.smt2 : 29195 ms.
--------------------------------------------------
../QF_NIA_split/QF_NIA_2_8//20170427-VeryMax/ITS/From_AProVE_2014__juHashMapCreate.jar-obl-10__p4745_safety_0.smt2 : 601006 ms.
--------------------------------------------------
../QF_NIA_split/QF_NIA_2_8//20170427-VeryMax/ITS/From_AProVE_2014__juHashMapCreate.jar-obl-10__p4746_safety_0.smt2 : 601006 ms.
--------------------------------------------------
unsat
../QF_NIA_split/QF_NIA_2_8//20170427-VeryMax/ITS/From_AProVE_2014__juHashMapCreate.jar-obl-10__p4749_safety_0.smt2 : 96339 ms.
--------------------------------------------------
../QF_NIA_split/QF_NIA_2_8//20170427-VeryMax/ITS/From_AProVE_2014__juHashMapCreate.jar-obl-10__p4750_safety_0.smt2 : 601006 ms.
--------------------------------------------------
../QF_NIA_split/QF_NIA_2_8//20170427-VeryMax/ITS/From_AProVE_2014__juHashMapCreate.jar-obl-10__p4751_safety_0.smt2 : 601006 ms.
--------------------------------------------------
sat
../QF_NIA_split/QF_NIA_2_8//20170427-VeryMax/ITS/From_AProVE_2014__juHashMapCreate.jar-obl-10__p4754_safety_0.smt2 : 188399 ms.
--------------------------------------------------
sat
../QF_NIA_split/QF_NIA_2_8//20170427-VeryMax/ITS/From_AProVE_2014__juHashMapCreate.jar-obl-10__p4755_safety_0.smt2 : 9381 ms.
--------------------------------------------------
sat
../QF_NIA_split/QF_NIA_2_8//20170427-VeryMax/ITS/From_AProVE_2014__juHashMapCreate.jar-obl-10__p4756_safety_0.smt2 : 39418 ms.
--------------------------------------------------
../QF_NIA_split/QF_NIA_2_8//20170427-VeryMax/ITS/From_AProVE_2014__juHashMapCreate.jar-obl-10__p4757_safety_0.smt2 : 601006 ms.
--------------------------------------------------
sat
../QF_NIA_split/QF_NIA_2_8//20170427-VeryMax/ITS/From_AProVE_2014__juHashMapCreate.jar-obl-10__p4763_safety_0.smt2 : 1813 ms.
--------------------------------------------------
sat
../QF_NIA_split/QF_NIA_2_8//20170427-VeryMax/ITS/From_AProVE_2014__juHashMapCreate.jar-obl-10__p4767_safety_0.smt2 : 72429 ms.
--------------------------------------------------
sat
../QF_NIA_split/QF_NIA_2_8//20170427-VeryMax/ITS/From_AProVE_2014__juHashMapCreate.jar-obl-10__p4770_safety_0.smt2 : 411329 ms.
--------------------------------------------------
sat
../QF_NIA_split/QF_NIA_2_8//20170427-VeryMax/ITS/From_AProVE_2014__juHashMapCreate.jar-obl-10__p4772_safety_0.smt2 : 187434 ms.
--------------------------------------------------
sat
../QF_NIA_split/QF_NIA_2_8//20170427-VeryMax/ITS/From_AProVE_2014__juHashMapCreate.jar-obl-10__p4773_safety_0.smt2 : 21016 ms.
--------------------------------------------------
./run.sh: line 3: 397222 Killed                  ./mathsat ../../$1
../QF_NIA_split/QF_NIA_2_8//20170427-VeryMax/ITS/From_AProVE_2014__juHashMapCreate.jar-obl-10__p4775_safety_0.smt2 : 600934 ms.
--------------------------------------------------
../QF_NIA_split/QF_NIA_2_8//20170427-VeryMax/ITS/From_AProVE_2014__juHashMapCreate.jar-obl-10__p4776_safety_0.smt2 : 601006 ms.
--------------------------------------------------
sat
../QF_NIA_split/QF_NIA_2_8//20170427-VeryMax/ITS/From_AProVE_2014__juHashMapCreate.jar-obl-10__p4778_safety_0.smt2 : 3422 ms.
--------------------------------------------------
../QF_NIA_split/QF_NIA_2_8//20170427-VeryMax/ITS/From_AProVE_2014__juHashMapCreate.jar-obl-10__p4779_safety_0.smt2 : 601005 ms.
--------------------------------------------------
unsat
../QF_NIA_split/QF_NIA_2_8//20170427-VeryMax/ITS/From_AProVE_2014__juHashMapCreate.jar-obl-10__p4780_safety_0.smt2 : 27747 ms.
--------------------------------------------------
../QF_NIA_split/QF_NIA_2_8//20170427-VeryMax/ITS/From_AProVE_2014__juHashMapCreate.jar-obl-10__p4781_safety_0.smt2 : 601005 ms.
--------------------------------------------------
../QF_NIA_split/QF_NIA_2_8//20170427-VeryMax/ITS/From_AProVE_2014__juHashMapCreate.jar-obl-10__p4782_safety_0.smt2 : 601006 ms.
--------------------------------------------------
unsat
../QF_NIA_split/QF_NIA_2_8//20170427-VeryMax/ITS/From_AProVE_2014__juHashMapCreate.jar-obl-10__p4783_safety_0.smt2 : 132126 ms.
--------------------------------------------------
../QF_NIA_split/QF_NIA_2_8//20170427-VeryMax/ITS/From_AProVE_2014__juHashMapCreate.jar-obl-10__p4784_safety_0.smt2 : 601006 ms.
--------------------------------------------------
../QF_NIA_split/QF_NIA_2_8//20170427-VeryMax/ITS/From_AProVE_2014__juHashMapCreate.jar-obl-10__p4785_safety_0.smt2 : 601006 ms.
--------------------------------------------------
sat
../QF_NIA_split/QF_NIA_2_8//20170427-VeryMax/ITS/From_AProVE_2014__juHashMapCreate.jar-obl-10__p4786_safety_0.smt2 : 46084 ms.
--------------------------------------------------
./run.sh: line 3: 416528 Killed                  ./mathsat ../../$1
../QF_NIA_split/QF_NIA_2_8//20170427-VeryMax/ITS/From_AProVE_2014__juHashMapCreate.jar-obl-10__p4787_safety_0.smt2 : 600979 ms.
--------------------------------------------------
../QF_NIA_split/QF_NIA_2_8//20170427-VeryMax/ITS/From_AProVE_2014__juHashMapCreate.jar-obl-10__p4788_safety_0.smt2 : 601005 ms.
--------------------------------------------------
sat
../QF_NIA_split/QF_NIA_2_8//20170427-VeryMax/ITS/From_AProVE_2014__juHashMapCreate.jar-obl-10__p4789_safety_0.smt2 : 41272 ms.
--------------------------------------------------
sat
../QF_NIA_split/QF_NIA_2_8//20170427-VeryMax/ITS/From_AProVE_2014__juHashMapCreate.jar-obl-10__p4790_safety_0.smt2 : 184942 ms.
--------------------------------------------------
sat
../QF_NIA_split/QF_NIA_2_8//20170427-VeryMax/ITS/From_AProVE_2014__juHashMapCreate.jar-obl-10__p4791_safety_0.smt2 : 601006 ms.
--------------------------------------------------
sat
../QF_NIA_split/QF_NIA_2_8//20170427-VeryMax/ITS/From_AProVE_2014__juHashMapCreate.jar-obl-10__p4797_safety_0.smt2 : 581391 ms.
--------------------------------------------------
sat
../QF_NIA_split/QF_NIA_2_8//20170427-VeryMax/ITS/From_AProVE_2014__juHashMapCreate.jar-obl-10__p4800_safety_0.smt2 : 3676 ms.
--------------------------------------------------
sat
../QF_NIA_split/QF_NIA_2_8//20170427-VeryMax/ITS/From_AProVE_2014__juHashMapCreate.jar-obl-10__p4802_safety_0.smt2 : 191 ms.
--------------------------------------------------
sat
../QF_NIA_split/QF_NIA_2_8//20170427-VeryMax/ITS/From_AProVE_2014__juHashMapCreate.jar-obl-10__p4804_safety_0.smt2 : 150209 ms.
--------------------------------------------------
sat
../QF_NIA_split/QF_NIA_2_8//20170427-VeryMax/ITS/From_AProVE_2014__juHashMapCreate.jar-obl-10__p4806_safety_0.smt2 : 4234 ms.
--------------------------------------------------
sat
../QF_NIA_split/QF_NIA_2_8//20170427-VeryMax/ITS/From_AProVE_2014__juHashMapCreate.jar-obl-10__p4807_safety_0.smt2 : 146065 ms.
--------------------------------------------------
sat
../QF_NIA_split/QF_NIA_2_8//20170427-VeryMax/ITS/From_AProVE_2014__juHashMapCreate.jar-obl-10__p4809_safety_0.smt2 : 1593 ms.
--------------------------------------------------
sat
../QF_NIA_split/QF_NIA_2_8//20170427-VeryMax/ITS/From_AProVE_2014__juHashMapCreate.jar-obl-10__p4810_safety_0.smt2 : 84765 ms.
--------------------------------------------------
./run.sh: line 3: 427788 Killed                  ./mathsat ../../$1
../QF_NIA_split/QF_NIA_2_8//20170427-VeryMax/ITS/From_AProVE_2014__juHashMapCreate.jar-obl-10__p4812_safety_0.smt2 : 600916 ms.
--------------------------------------------------
../QF_NIA_split/QF_NIA_2_8//20170427-VeryMax/ITS/From_AProVE_2014__juHashMapCreate.jar-obl-10__p4813_safety_0.smt2 : 601005 ms.
--------------------------------------------------
sat
../QF_NIA_split/QF_NIA_2_8//20170427-VeryMax/ITS/From_AProVE_2014__juHashMapCreate.jar-obl-10__p4815_safety_0.smt2 : 44174 ms.
--------------------------------------------------
../QF_NIA_split/QF_NIA_2_8//20170427-VeryMax/ITS/From_AProVE_2014__juHashMapCreate.jar-obl-10__p4816_safety_0.smt2 : 601006 ms.
--------------------------------------------------
unsat
../QF_NIA_split/QF_NIA_2_8//20170427-VeryMax/ITS/From_AProVE_2014__juHashMapCreate.jar-obl-10__p4817_safety_0.smt2 : 26450 ms.
--------------------------------------------------
./run.sh: line 3: 434109 Killed                  ./mathsat ../../$1
../QF_NIA_split/QF_NIA_2_8//20170427-VeryMax/ITS/From_AProVE_2014__juHashMapCreate.jar-obl-10__p4818_safety_0.smt2 : 600649 ms.
--------------------------------------------------
../QF_NIA_split/QF_NIA_2_8//20170427-VeryMax/ITS/From_AProVE_2014__juHashMapCreate.jar-obl-10__p4819_safety_0.smt2 : 601005 ms.
--------------------------------------------------
./run.sh: line 3: 437887 Killed                  ./mathsat ../../$1
../QF_NIA_split/QF_NIA_2_8//20170427-VeryMax/ITS/From_AProVE_2014__juHashMapCreate.jar-obl-10__p4821_safety_0.smt2 : 600975 ms.
--------------------------------------------------
../QF_NIA_split/QF_NIA_2_8//20170427-VeryMax/ITS/From_AProVE_2014__juHashMapCreate.jar-obl-10__p4822_safety_0.smt2 : 601005 ms.
--------------------------------------------------
./run.sh: line 3: 441880 Killed                  ./mathsat ../../$1
../QF_NIA_split/QF_NIA_2_8//20170427-VeryMax/ITS/From_AProVE_2014__juHashMapCreate.jar-obl-10__p4830_safety_0.smt2 : 600996 ms.
--------------------------------------------------
unsat
../QF_NIA_split/QF_NIA_2_8//20170427-VeryMax/ITS/From_AProVE_2014__juHashMapCreate.jar-obl-10__p4831_safety_0.smt2 : 24399 ms.
--------------------------------------------------
./run.sh: line 3: 443913 Killed                  ./mathsat ../../$1
../QF_NIA_split/QF_NIA_2_8//20170427-VeryMax/ITS/From_AProVE_2014__juHashMapCreate.jar-obl-10__p4832_safety_0.smt2 : 600878 ms.
--------------------------------------------------
./run.sh: line 3: 445411 Killed                  ./mathsat ../../$1
../QF_NIA_split/QF_NIA_2_8//20170427-VeryMax/ITS/From_AProVE_2014__juHashMapCreate.jar-obl-10__p4833_safety_0.smt2 : 600953 ms.
--------------------------------------------------
sat
../QF_NIA_split/QF_NIA_2_8//20170427-VeryMax/ITS/From_AProVE_2014__juHashMapCreate.jar-obl-10__p4834_safety_0.smt2 : 16940 ms.
--------------------------------------------------
./run.sh: line 3: 447396 Killed                  ./mathsat ../../$1
../QF_NIA_split/QF_NIA_2_8//20170427-VeryMax/ITS/From_AProVE_2014__juHashMapCreate.jar-obl-10__p4835_safety_0.smt2 : 600963 ms.
--------------------------------------------------
../QF_NIA_split/QF_NIA_2_8//20170427-VeryMax/ITS/From_AProVE_2014__juHashMapCreate.jar-obl-10__p4836_safety_0.smt2 : 601005 ms.
--------------------------------------------------
sat
../QF_NIA_split/QF_NIA_2_8//20170427-VeryMax/ITS/From_AProVE_2014__juHashMapCreate.jar-obl-10__p4840_safety_0.smt2 : 23674 ms.
--------------------------------------------------
sat
../QF_NIA_split/QF_NIA_2_8//20170427-VeryMax/ITS/From_AProVE_2014__juHashMapCreate.jar-obl-10__p4841_safety_0.smt2 : 16875 ms.
--------------------------------------------------
sat
../QF_NIA_split/QF_NIA_2_8//20170427-VeryMax/ITS/From_AProVE_2014__juHashMapCreate.jar-obl-10__p4845_safety_0.smt2 : 11077 ms.
--------------------------------------------------
./run.sh: line 3: 451280 Killed                  ./mathsat ../../$1
../QF_NIA_split/QF_NIA_2_8//20170427-VeryMax/ITS/From_AProVE_2014__juHashMapCreate.jar-obl-10__p4846_safety_0.smt2 : 600809 ms.
--------------------------------------------------
sat
../QF_NIA_split/QF_NIA_2_8//20170427-VeryMax/ITS/From_AProVE_2014__juHashMapCreate.jar-obl-10__p4850_safety_0.smt2 : 115234 ms.
--------------------------------------------------
../QF_NIA_split/QF_NIA_2_8//20170427-VeryMax/ITS/From_AProVE_2014__juHashMapCreate.jar-obl-10__p4851_safety_0.smt2 : 601006 ms.
--------------------------------------------------
unsat
../QF_NIA_split/QF_NIA_2_8//20170427-VeryMax/ITS/From_AProVE_2014__juHashMapCreate.jar-obl-10__p4854_safety_0.smt2 : 19930 ms.
--------------------------------------------------
./run.sh: line 3: 456551 Killed                  ./mathsat ../../$1
../QF_NIA_split/QF_NIA_2_8//20170427-VeryMax/ITS/From_AProVE_2014__juHashMapCreate.jar-obl-10__p4855_safety_0.smt2 : 600653 ms.
--------------------------------------------------
./run.sh: line 3: 458208 Killed                  ./mathsat ../../$1
../QF_NIA_split/QF_NIA_2_8//20170427-VeryMax/ITS/From_AProVE_2014__juHashMapCreate.jar-obl-10__p4856_safety_0.smt2 : 600874 ms.
--------------------------------------------------
sat
../QF_NIA_split/QF_NIA_2_8//20170427-VeryMax/ITS/From_AProVE_2014__juHashMapCreate.jar-obl-10__p4859_terminationG_0.smt2 : 36956 ms.
--------------------------------------------------
./run.sh: line 3:  2347 Killed                  ./mathsat ../../$1
../QF_NIA_split/QF_NIA_2_8//20170427-VeryMax/ITS/From_AProVE_2014__juHashMapCreate.jar-obl-10__p4860_terminationG_0.smt2 : 600828 ms.
--------------------------------------------------
./run.sh: line 3:  4128 Killed                  ./mathsat ../../$1
../QF_NIA_split/QF_NIA_2_8//20170427-VeryMax/ITS/From_AProVE_2014__juHashMapCreate.jar-obl-10__p4861_terminationG_0.smt2 : 600816 ms.
--------------------------------------------------
sat
../QF_NIA_split/QF_NIA_2_8//20170427-VeryMax/ITS/From_AProVE_2014__juHashMapCreate.jar-obl-10__p4872_safety_0.smt2 : 127896 ms.
--------------------------------------------------
sat
../QF_NIA_split/QF_NIA_2_8//20170427-VeryMax/ITS/From_AProVE_2014__juHashMapCreate.jar-obl-10__p4873_safety_0.smt2 : 6523 ms.
--------------------------------------------------
sat
../QF_NIA_split/QF_NIA_2_8//20170427-VeryMax/ITS/From_AProVE_2014__juHashMapCreate.jar-obl-10__p4879_safety_0.smt2 : 332968 ms.
--------------------------------------------------
sat
../QF_NIA_split/QF_NIA_2_8//20170427-VeryMax/ITS/From_AProVE_2014__juHashMapCreate.jar-obl-10__p4883_safety_0.smt2 : 2751 ms.
--------------------------------------------------
sat
../QF_NIA_split/QF_NIA_2_8//20170427-VeryMax/ITS/From_AProVE_2014__juHashMapCreate.jar-obl-10__p4884_safety_0.smt2 : 49010 ms.
--------------------------------------------------
unsat
../QF_NIA_split/QF_NIA_2_8//20170427-VeryMax/ITS/From_AProVE_2014__juHashMapCreate.jar-obl-10__p4889_safety_0.smt2 : 73977 ms.
--------------------------------------------------
sat
../QF_NIA_split/QF_NIA_2_8//20170427-VeryMax/ITS/From_AProVE_2014__juHashMapCreate.jar-obl-10__p4890_safety_0.smt2 : 25194 ms.
--------------------------------------------------
sat
../QF_NIA_split/QF_NIA_2_8//20170427-VeryMax/ITS/From_AProVE_2014__juHashMapCreate.jar-obl-10__p4891_safety_0.smt2 : 425329 ms.
--------------------------------------------------
./run.sh: line 3:  8884 Killed                  ./mathsat ../../$1
../QF_NIA_split/QF_NIA_2_8//20170427-VeryMax/ITS/From_AProVE_2014__juHashMapCreate.jar-obl-10__p4892_safety_0.smt2 : 600457 ms.
--------------------------------------------------
./run.sh: line 3: 10709 Killed                  ./mathsat ../../$1
../QF_NIA_split/QF_NIA_2_8//20170427-VeryMax/ITS/From_AProVE_2014__juHashMapCreate.jar-obl-10__p4893_safety_0.smt2 : 600718 ms.
--------------------------------------------------
../QF_NIA_split/QF_NIA_2_8//20170427-VeryMax/ITS/From_AProVE_2014__juHashMapCreate.jar-obl-10__p4894_safety_0.smt2 : 601005 ms.
--------------------------------------------------
unsat
../QF_NIA_split/QF_NIA_2_8//20170427-VeryMax/ITS/From_AProVE_2014__juHashMapCreate.jar-obl-10__p4897_safety_0.smt2 : 43680 ms.
--------------------------------------------------
./run.sh: line 3: 13977 Killed                  ./mathsat ../../$1
../QF_NIA_split/QF_NIA_2_8//20170427-VeryMax/ITS/From_AProVE_2014__juHashMapCreate.jar-obl-10__p4898_safety_0.smt2 : 600526 ms.
--------------------------------------------------
./run.sh: line 3: 15301 Killed                  ./mathsat ../../$1
../QF_NIA_split/QF_NIA_2_8//20170427-VeryMax/ITS/From_AProVE_2014__juHashMapCreate.jar-obl-10__p4899_safety_0.smt2 : 600804 ms.
--------------------------------------------------
sat
../QF_NIA_split/QF_NIA_2_8//20170427-VeryMax/ITS/From_AProVE_2014__juHashMapCreate.jar-obl-10__p4900_safety_0.smt2 : 706 ms.
--------------------------------------------------
sat
../QF_NIA_split/QF_NIA_2_8//20170427-VeryMax/ITS/From_AProVE_2014__juHashMapCreate.jar-obl-10__p4901_safety_0.smt2 : 40373 ms.
--------------------------------------------------
sat
../QF_NIA_split/QF_NIA_2_8//20170427-VeryMax/ITS/From_AProVE_2014__juHashMapCreate.jar-obl-10__p4902_safety_0.smt2 : 178139 ms.
--------------------------------------------------
sat
../QF_NIA_split/QF_NIA_2_8//20170427-VeryMax/ITS/From_AProVE_2014__juHashMapCreate.jar-obl-10__p4907_safety_0.smt2 : 97349 ms.
--------------------------------------------------
sat
../QF_NIA_split/QF_NIA_2_8//20170427-VeryMax/ITS/From_AProVE_2014__juHashMapCreate.jar-obl-10__p4910_safety_0.smt2 : 34783 ms.
--------------------------------------------------
sat
../QF_NIA_split/QF_NIA_2_8//20170427-VeryMax/ITS/From_AProVE_2014__juHashMapCreate.jar-obl-10__p4914_safety_0.smt2 : 18931 ms.
--------------------------------------------------
sat
../QF_NIA_split/QF_NIA_2_8//20170427-VeryMax/ITS/From_AProVE_2014__juHashMapCreate.jar-obl-10__p4915_safety_0.smt2 : 23598 ms.
--------------------------------------------------
sat
../QF_NIA_split/QF_NIA_2_8//20170427-VeryMax/ITS/From_AProVE_2014__juHashMapCreate.jar-obl-10__p4920_safety_0.smt2 : 35130 ms.
--------------------------------------------------
unsat
../QF_NIA_split/QF_NIA_2_8//20170427-VeryMax/ITS/From_AProVE_2014__juHashMapCreate.jar-obl-10__p4923_safety_0.smt2 : 22376 ms.
--------------------------------------------------
./run.sh: line 3: 18035 Killed                  ./mathsat ../../$1
../QF_NIA_split/QF_NIA_2_8//20170427-VeryMax/ITS/From_AProVE_2014__juHashMapCreate.jar-obl-10__p4924_safety_0.smt2 : 600839 ms.
--------------------------------------------------
../QF_NIA_split/QF_NIA_2_8//20170427-VeryMax/ITS/From_AProVE_2014__juHashMapCreate.jar-obl-10__p4925_safety_0.smt2 : 601007 ms.
--------------------------------------------------
sat
../QF_NIA_split/QF_NIA_2_8//20170427-VeryMax/ITS/From_AProVE_2014__juHashMapCreate.jar-obl-10__p4929_safety_0.smt2 : 18784 ms.
--------------------------------------------------
./run.sh: line 3: 21150 Killed                  ./mathsat ../../$1
../QF_NIA_split/QF_NIA_2_8//20170427-VeryMax/ITS/From_AProVE_2014__juHashMapCreate.jar-obl-10__p4930_safety_0.smt2 : 600824 ms.
--------------------------------------------------
unsat
../QF_NIA_split/QF_NIA_2_8//20170427-VeryMax/ITS/From_AProVE_2014__juHashMapCreate.jar-obl-10__p4933_safety_0.smt2 : 87572 ms.
--------------------------------------------------
./run.sh: line 3: 23081 Killed                  ./mathsat ../../$1
../QF_NIA_split/QF_NIA_2_8//20170427-VeryMax/ITS/From_AProVE_2014__juHashMapCreate.jar-obl-10__p4934_safety_0.smt2 : 600853 ms.
--------------------------------------------------
../QF_NIA_split/QF_NIA_2_8//20170427-VeryMax/ITS/From_AProVE_2014__juHashMapCreate.jar-obl-10__p4935_safety_0.smt2 : 601005 ms.
--------------------------------------------------
sat
../QF_NIA_split/QF_NIA_2_8//20170427-VeryMax/ITS/From_AProVE_2014__juHashMapCreate.jar-obl-10__p4936_safety_0.smt2 : 2508 ms.
--------------------------------------------------
sat
../QF_NIA_split/QF_NIA_2_8//20170427-VeryMax/ITS/From_AProVE_2014__juHashMapCreate.jar-obl-10__p4937_safety_0.smt2 : 20380 ms.
--------------------------------------------------
sat
../QF_NIA_split/QF_NIA_2_8//20170427-VeryMax/ITS/From_AProVE_2014__juHashMapCreate.jar-obl-10__p4938_safety_0.smt2 : 152655 ms.
--------------------------------------------------
sat
../QF_NIA_split/QF_NIA_2_8//20170427-VeryMax/ITS/From_AProVE_2014__juHashMapCreate.jar-obl-10__p4943_safety_0.smt2 : 12120 ms.
--------------------------------------------------
sat
../QF_NIA_split/QF_NIA_2_8//20170427-VeryMax/ITS/From_AProVE_2014__juHashMapCreate.jar-obl-10__p4945_safety_0.smt2 : 7758 ms.
--------------------------------------------------
./run.sh: line 3: 26846 Killed                  ./mathsat ../../$1
../QF_NIA_split/QF_NIA_2_8//20170427-VeryMax/ITS/From_AProVE_2014__juHashMapCreate.jar-obl-10__p4946_safety_0.smt2 : 600620 ms.
--------------------------------------------------
sat
../QF_NIA_split/QF_NIA_2_8//20170427-VeryMax/ITS/From_AProVE_2014__juHashMapCreate.jar-obl-10__p4947_safety_0.smt2 : 7914 ms.
--------------------------------------------------
sat
../QF_NIA_split/QF_NIA_2_8//20170427-VeryMax/ITS/From_AProVE_2014__juHashMapCreate.jar-obl-10__p4948_safety_0.smt2 : 54913 ms.
--------------------------------------------------
sat
../QF_NIA_split/QF_NIA_2_8//20170427-VeryMax/ITS/From_AProVE_2014__juHashMapCreate.jar-obl-10__p4949_safety_0.smt2 : 13147 ms.
--------------------------------------------------
unsat
../QF_NIA_split/QF_NIA_2_8//20170427-VeryMax/ITS/From_AProVE_2014__juHashMapCreate.jar-obl-10__p4952_safety_0.smt2 : 33942 ms.
--------------------------------------------------
./run.sh: line 3: 28517 Killed                  ./mathsat ../../$1
../QF_NIA_split/QF_NIA_2_8//20170427-VeryMax/ITS/From_AProVE_2014__juHashMapCreate.jar-obl-10__p4953_safety_0.smt2 : 600712 ms.
--------------------------------------------------
../QF_NIA_split/QF_NIA_2_8//20170427-VeryMax/ITS/From_AProVE_2014__juHashMapCreate.jar-obl-10__p4954_safety_0.smt2 : 601006 ms.
--------------------------------------------------
sat
../QF_NIA_split/QF_NIA_2_8//20170427-VeryMax/ITS/From_AProVE_2014__juHashMapCreate.jar-obl-10__p4957_safety_0.smt2 : 8509 ms.
--------------------------------------------------
sat
../QF_NIA_split/QF_NIA_2_8//20170427-VeryMax/ITS/From_AProVE_2014__juHashMapCreate.jar-obl-10__p4959_safety_0.smt2 : 12766 ms.
--------------------------------------------------
sat
../QF_NIA_split/QF_NIA_2_8//20170427-VeryMax/ITS/From_AProVE_2014__juHashMapCreate.jar-obl-10__p4960_safety_0.smt2 : 57537 ms.
--------------------------------------------------
sat
../QF_NIA_split/QF_NIA_2_8//20170427-VeryMax/ITS/From_AProVE_2014__juHashMapCreate.jar-obl-10__p4962_safety_0.smt2 : 18390 ms.
--------------------------------------------------
./run.sh: line 3: 32239 Killed                  ./mathsat ../../$1
../QF_NIA_split/QF_NIA_2_8//20170427-VeryMax/ITS/From_AProVE_2014__juHashMapCreate.jar-obl-10__p4963_safety_0.smt2 : 600830 ms.
--------------------------------------------------
unsat
../QF_NIA_split/QF_NIA_2_8//20170427-VeryMax/ITS/From_AProVE_2014__juHashMapCreate.jar-obl-10__p4964_safety_0.smt2 : 75946 ms.
--------------------------------------------------
./run.sh: line 3: 34824 Killed                  ./mathsat ../../$1
../QF_NIA_split/QF_NIA_2_8//20170427-VeryMax/ITS/From_AProVE_2014__juHashMapCreate.jar-obl-10__p4965_safety_0.smt2 : 600667 ms.
--------------------------------------------------
./run.sh: line 3: 36769 Killed                  ./mathsat ../../$1
../QF_NIA_split/QF_NIA_2_8//20170427-VeryMax/ITS/From_AProVE_2014__juHashMapCreate.jar-obl-10__p4966_safety_0.smt2 : 600636 ms.
--------------------------------------------------
sat
../QF_NIA_split/QF_NIA_2_8//20170427-VeryMax/ITS/From_AProVE_2014__juHashMapCreate.jar-obl-10__p4967_safety_0.smt2 : 2734 ms.
--------------------------------------------------
sat
../QF_NIA_split/QF_NIA_2_8//20170427-VeryMax/ITS/From_AProVE_2014__juHashMapCreate.jar-obl-10__p4968_safety_0.smt2 : 133255 ms.
--------------------------------------------------
sat
../QF_NIA_split/QF_NIA_2_8//20170427-VeryMax/ITS/From_AProVE_2014__juHashMapCreate.jar-obl-10__p4969_safety_0.smt2 : 101912 ms.
--------------------------------------------------
sat
../QF_NIA_split/QF_NIA_2_8//20170427-VeryMax/ITS/From_AProVE_2014__juHashMapCreate.jar-obl-10__p4973_safety_0.smt2 : 10057 ms.
--------------------------------------------------
sat
../QF_NIA_split/QF_NIA_2_8//20170427-VeryMax/ITS/From_AProVE_2014__juHashMapCreate.jar-obl-10__p4978_safety_0.smt2 : 33171 ms.
--------------------------------------------------
sat
../QF_NIA_split/QF_NIA_2_8//20170427-VeryMax/ITS/From_AProVE_2014__juHashMapCreate.jar-obl-10__p4979_safety_0.smt2 : 8470 ms.
--------------------------------------------------
sat
../QF_NIA_split/QF_NIA_2_8//20170427-VeryMax/ITS/From_AProVE_2014__juHashMapCreate.jar-obl-10__p4984_safety_0.smt2 : 37144 ms.
--------------------------------------------------
sat
../QF_NIA_split/QF_NIA_2_8//20170427-VeryMax/ITS/From_AProVE_2014__juHashMapCreate.jar-obl-10__p4985_safety_0.smt2 : 23999 ms.
--------------------------------------------------
sat
../QF_NIA_split/QF_NIA_2_8//20170427-VeryMax/ITS/From_AProVE_2014__juHashMapCreate.jar-obl-10__p4986_safety_0.smt2 : 369099 ms.
--------------------------------------------------
./run.sh: line 3: 40297 Killed                  ./mathsat ../../$1
../QF_NIA_split/QF_NIA_2_8//20170427-VeryMax/ITS/From_AProVE_2014__juHashMapCreate.jar-obl-10__p4987_safety_0.smt2 : 600771 ms.
--------------------------------------------------
sat
../QF_NIA_split/QF_NIA_2_8//20170427-VeryMax/ITS/From_AProVE_2014__juHashMapCreate.jar-obl-10__p4990_safety_0.smt2 : 296 ms.
--------------------------------------------------
sat
../QF_NIA_split/QF_NIA_2_8//20170427-VeryMax/ITS/From_AProVE_2014__juHashMapCreate.jar-obl-10__p4991_safety_0.smt2 : 15414 ms.
--------------------------------------------------
sat
../QF_NIA_split/QF_NIA_2_8//20170427-VeryMax/ITS/From_AProVE_2014__juHashMapCreate.jar-obl-10__p4992_safety_0.smt2 : 399466 ms.
--------------------------------------------------
sat
../QF_NIA_split/QF_NIA_2_8//20170427-VeryMax/ITS/From_AProVE_2014__juHashMapCreate.jar-obl-10__p4998_safety_0.smt2 : 10078 ms.
--------------------------------------------------
sat
../QF_NIA_split/QF_NIA_2_8//20170427-VeryMax/ITS/From_AProVE_2014__juHashMapCreate.jar-obl-10__p4999_safety_0.smt2 : 192599 ms.
--------------------------------------------------
../QF_NIA_split/QF_NIA_2_8//20170427-VeryMax/ITS/From_AProVE_2014__juHashMapCreate.jar-obl-10__p5002_safety_0.smt2 : 601005 ms.
--------------------------------------------------
sat
../QF_NIA_split/QF_NIA_2_8//20170427-VeryMax/ITS/From_AProVE_2014__juHashMapCreate.jar-obl-10__p5004_safety_0.smt2 : 43611 ms.
--------------------------------------------------
./run.sh: line 3: 45836 Killed                  ./mathsat ../../$1
../QF_NIA_split/QF_NIA_2_8//20170427-VeryMax/ITS/From_AProVE_2014__juHashMapCreate.jar-obl-10__p5005_safety_0.smt2 : 600858 ms.
--------------------------------------------------
unsat
../QF_NIA_split/QF_NIA_2_8//20170427-VeryMax/ITS/From_AProVE_2014__juHashMapCreate.jar-obl-10__p5006_safety_0.smt2 : 32766 ms.
--------------------------------------------------
./run.sh: line 3: 47624 Killed                  ./mathsat ../../$1
../QF_NIA_split/QF_NIA_2_8//20170427-VeryMax/ITS/From_AProVE_2014__juHashMapCreate.jar-obl-10__p5007_safety_0.smt2 : 600503 ms.
--------------------------------------------------
./run.sh: line 3: 49125 Killed                  ./mathsat ../../$1
../QF_NIA_split/QF_NIA_2_8//20170427-VeryMax/ITS/From_AProVE_2014__juHashMapCreate.jar-obl-10__p5008_safety_0.smt2 : 600636 ms.
--------------------------------------------------
sat
../QF_NIA_split/QF_NIA_2_8//20170427-VeryMax/ITS/From_AProVE_2014__juHashMapCreate.jar-obl-10__p5011_terminationG_0.smt2 : 10279 ms.
--------------------------------------------------
sat
../QF_NIA_split/QF_NIA_2_8//20170427-VeryMax/ITS/From_AProVE_2014__juHashMapCreate.jar-obl-10__p5012_terminationG_0.smt2 : 203124 ms.
--------------------------------------------------
./run.sh: line 3: 51276 Killed                  ./mathsat ../../$1
../QF_NIA_split/QF_NIA_2_8//20170427-VeryMax/ITS/From_AProVE_2014__juHashMapCreate.jar-obl-10__p5013_terminationG_0.smt2 : 600898 ms.
--------------------------------------------------
sat
../QF_NIA_split/QF_NIA_2_8//20170427-VeryMax/ITS/From_AProVE_2014__juHashMapCreate.jar-obl-10__p5022_safety_0.smt2 : 2573 ms.
--------------------------------------------------
sat
../QF_NIA_split/QF_NIA_2_8//20170427-VeryMax/ITS/From_AProVE_2014__juHashMapCreate.jar-obl-10__p5023_safety_0.smt2 : 19836 ms.
--------------------------------------------------
sat
../QF_NIA_split/QF_NIA_2_8//20170427-VeryMax/ITS/From_AProVE_2014__juHashMapCreate.jar-obl-10__p5024_safety_0.smt2 : 5868 ms.
--------------------------------------------------
sat
../QF_NIA_split/QF_NIA_2_8//20170427-VeryMax/ITS/From_AProVE_2014__juHashMapCreate.jar-obl-10__p5025_safety_0.smt2 : 5068 ms.
--------------------------------------------------
sat
../QF_NIA_split/QF_NIA_2_8//20170427-VeryMax/ITS/From_AProVE_2014__juHashMapCreate.jar-obl-10__p5031_safety_0.smt2 : 7975 ms.
--------------------------------------------------
sat
../QF_NIA_split/QF_NIA_2_8//20170427-VeryMax/ITS/From_AProVE_2014__juHashMapCreate.jar-obl-10__p5032_safety_0.smt2 : 31730 ms.
--------------------------------------------------
sat
../QF_NIA_split/QF_NIA_2_8//20170427-VeryMax/ITS/From_AProVE_2014__juHashMapCreate.jar-obl-10__p5034_safety_0.smt2 : 2374 ms.
--------------------------------------------------
./run.sh: line 3: 53262 Killed                  ./mathsat ../../$1
../QF_NIA_split/QF_NIA_2_8//20170427-VeryMax/ITS/From_AProVE_2014__juHashMapCreate.jar-obl-10__p5035_safety_0.smt2 : 600910 ms.
--------------------------------------------------
sat
../QF_NIA_split/QF_NIA_2_8//20170427-VeryMax/ITS/From_AProVE_2014__juHashMapCreate.jar-obl-10__p5039_safety_0.smt2 : 17937 ms.
--------------------------------------------------
./run.sh: line 3: 55285 Killed                  ./mathsat ../../$1
../QF_NIA_split/QF_NIA_2_8//20170427-VeryMax/ITS/From_AProVE_2014__juHashMapCreate.jar-obl-10__p5042_safety_0.smt2 : 600470 ms.
--------------------------------------------------
sat
../QF_NIA_split/QF_NIA_2_8//20170427-VeryMax/ITS/From_AProVE_2014__juHashMapCreate.jar-obl-10__p5044_safety_0.smt2 : 16429 ms.
--------------------------------------------------
sat
../QF_NIA_split/QF_NIA_2_8//20170427-VeryMax/ITS/From_AProVE_2014__juHashMapCreate.jar-obl-10__p5045_safety_0.smt2 : 54671 ms.
--------------------------------------------------
sat
../QF_NIA_split/QF_NIA_2_8//20170427-VeryMax/ITS/From_AProVE_2014__juHashMapCreate.jar-obl-10__p5050_safety_0.smt2 : 267 ms.
--------------------------------------------------
sat
../QF_NIA_split/QF_NIA_2_8//20170427-VeryMax/ITS/From_AProVE_2014__juHashMapCreate.jar-obl-10__p5051_safety_0.smt2 : 388351 ms.
--------------------------------------------------
./run.sh: line 3: 57864 Killed                  ./mathsat ../../$1
../QF_NIA_split/QF_NIA_2_8//20170427-VeryMax/ITS/From_AProVE_2014__juHashMapCreate.jar-obl-10__p5052_safety_0.smt2 : 600979 ms.
--------------------------------------------------
unsat
../QF_NIA_split/QF_NIA_2_8//20170427-VeryMax/ITS/From_AProVE_2014__juHashMapCreate.jar-obl-10__p5053_safety_0.smt2 : 28298 ms.
--------------------------------------------------
./run.sh: line 3: 59350 Killed                  ./mathsat ../../$1
../QF_NIA_split/QF_NIA_2_8//20170427-VeryMax/ITS/From_AProVE_2014__juHashMapCreate.jar-obl-10__p5054_safety_0.smt2 : 600505 ms.
--------------------------------------------------
./run.sh: line 3: 60762 Killed                  ./mathsat ../../$1
../QF_NIA_split/QF_NIA_2_8//20170427-VeryMax/ITS/From_AProVE_2014__juHashMapCreate.jar-obl-10__p5055_safety_0.smt2 : 600527 ms.
--------------------------------------------------
sat
../QF_NIA_split/QF_NIA_2_8//20170427-VeryMax/ITS/From_AProVE_2014__juHashMapCreate.jar-obl-10__p5059_safety_0.smt2 : 27845 ms.
--------------------------------------------------
sat
../QF_NIA_split/QF_NIA_2_8//20170427-VeryMax/ITS/From_AProVE_2014__juHashMapCreate.jar-obl-10__p5060_safety_0.smt2 : 87598 ms.
--------------------------------------------------
sat
../QF_NIA_split/QF_NIA_2_8//20170427-VeryMax/ITS/From_AProVE_2014__juHashMapCreate.jar-obl-10__p5065_safety_0.smt2 : 41759 ms.
--------------------------------------------------
sat
../QF_NIA_split/QF_NIA_2_8//20170427-VeryMax/ITS/From_AProVE_2014__juHashMapCreate.jar-obl-10__p5068_safety_0.smt2 : 68904 ms.
--------------------------------------------------
sat
../QF_NIA_split/QF_NIA_2_8//20170427-VeryMax/ITS/From_AProVE_2014__juHashMapCreate.jar-obl-10__p5070_safety_0.smt2 : 5478 ms.
--------------------------------------------------
sat
../QF_NIA_split/QF_NIA_2_8//20170427-VeryMax/ITS/From_AProVE_2014__juHashMapCreate.jar-obl-10__p5071_safety_0.smt2 : 108404 ms.
--------------------------------------------------
unsat
../QF_NIA_split/QF_NIA_2_8//20170427-VeryMax/ITS/From_AProVE_2014__juHashMapCreate.jar-obl-10__p5072_safety_0.smt2 : 29680 ms.
--------------------------------------------------
../QF_NIA_split/QF_NIA_2_8//20170427-VeryMax/ITS/From_AProVE_2014__juHashMapCreate.jar-obl-10__p5073_safety_0.smt2 : 601005 ms.
--------------------------------------------------
../QF_NIA_split/QF_NIA_2_8//20170427-VeryMax/ITS/From_AProVE_2014__juHashMapCreate.jar-obl-10__p5074_safety_0.smt2 : 601006 ms.
--------------------------------------------------
sat
../QF_NIA_split/QF_NIA_2_8//20170427-VeryMax/ITS/From_AProVE_2014__juHashMapCreate.jar-obl-10__p5075_safety_0.smt2 : 1982 ms.
--------------------------------------------------
sat
../QF_NIA_split/QF_NIA_2_8//20170427-VeryMax/ITS/From_AProVE_2014__juHashMapCreate.jar-obl-10__p5076_safety_0.smt2 : 23881 ms.
--------------------------------------------------
sat
../QF_NIA_split/QF_NIA_2_8//20170427-VeryMax/ITS/From_AProVE_2014__juHashMapCreate.jar-obl-10__p5077_safety_0.smt2 : 584275 ms.
--------------------------------------------------
sat
../QF_NIA_split/QF_NIA_2_8//20170427-VeryMax/ITS/From_AProVE_2014__juHashMapCreate.jar-obl-10__p5082_safety_0.smt2 : 9876 ms.
--------------------------------------------------
sat
../QF_NIA_split/QF_NIA_2_8//20170427-VeryMax/ITS/From_AProVE_2014__juHashMapCreate.jar-obl-10__p5085_safety_0.smt2 : 227574 ms.
--------------------------------------------------
../QF_NIA_split/QF_NIA_2_8//20170427-VeryMax/ITS/From_AProVE_2014__juHashMapCreate.jar-obl-10__p5087_safety_0.smt2 : 601006 ms.
--------------------------------------------------
sat
../QF_NIA_split/QF_NIA_2_8//20170427-VeryMax/ITS/From_AProVE_2014__juHashMapCreate.jar-obl-10__p5088_safety_0.smt2 : 336691 ms.
--------------------------------------------------
unsat
../QF_NIA_split/QF_NIA_2_8//20170427-VeryMax/ITS/From_AProVE_2014__juHashMapCreate.jar-obl-10__p5089_safety_0.smt2 : 38650 ms.
--------------------------------------------------
../QF_NIA_split/QF_NIA_2_8//20170427-VeryMax/ITS/From_AProVE_2014__juHashMapCreate.jar-obl-10__p5090_safety_0.smt2 : 601005 ms.
--------------------------------------------------
../QF_NIA_split/QF_NIA_2_8//20170427-VeryMax/ITS/From_AProVE_2014__juHashMapCreate.jar-obl-10__p5091_safety_0.smt2 : 601006 ms.
--------------------------------------------------
sat
../QF_NIA_split/QF_NIA_2_8//20170427-VeryMax/ITS/From_AProVE_2014__juHashMapCreate.jar-obl-10__p5092_safety_0.smt2 : 2192 ms.
--------------------------------------------------
sat
../QF_NIA_split/QF_NIA_2_8//20170427-VeryMax/ITS/From_AProVE_2014__juHashMapCreate.jar-obl-10__p5093_safety_0.smt2 : 173519 ms.
--------------------------------------------------
sat
../QF_NIA_split/QF_NIA_2_8//20170427-VeryMax/ITS/From_AProVE_2014__juHashMapCreate.jar-obl-10__p5094_safety_0.smt2 : 254828 ms.
--------------------------------------------------
sat
../QF_NIA_split/QF_NIA_2_8//20170427-VeryMax/ITS/From_AProVE_2014__juHashMapCreate.jar-obl-10__p5098_safety_0.smt2 : 9148 ms.
--------------------------------------------------
../QF_NIA_split/QF_NIA_2_8//20170427-VeryMax/ITS/From_AProVE_2014__juHashMapCreate.jar-obl-10__p5099_safety_0.smt2 : 601005 ms.
--------------------------------------------------
sat
../QF_NIA_split/QF_NIA_2_8//20170427-VeryMax/ITS/From_AProVE_2014__juHashMapCreate.jar-obl-10__p5103_safety_0.smt2 : 34836 ms.
--------------------------------------------------
sat
../QF_NIA_split/QF_NIA_2_8//20170427-VeryMax/ITS/From_AProVE_2014__juHashMapCreate.jar-obl-10__p5104_safety_0.smt2 : 465590 ms.
--------------------------------------------------
sat
../QF_NIA_split/QF_NIA_2_8//20170427-VeryMax/ITS/From_AProVE_2014__juHashMapCreate.jar-obl-10__p5108_safety_0.smt2 : 8775 ms.
--------------------------------------------------
../QF_NIA_split/QF_NIA_2_8//20170427-VeryMax/ITS/From_AProVE_2014__juHashMapCreate.jar-obl-10__p5109_safety_0.smt2 : 601005 ms.
--------------------------------------------------
unsat
../QF_NIA_split/QF_NIA_2_8//20170427-VeryMax/ITS/From_AProVE_2014__juHashMapCreate.jar-obl-10__p5112_safety_0.smt2 : 29299 ms.
--------------------------------------------------
../QF_NIA_split/QF_NIA_2_8//20170427-VeryMax/ITS/From_AProVE_2014__juHashMapCreate.jar-obl-10__p5113_safety_0.smt2 : 601006 ms.
--------------------------------------------------
../QF_NIA_split/QF_NIA_2_8//20170427-VeryMax/ITS/From_AProVE_2014__juHashMapCreate.jar-obl-10__p5114_safety_0.smt2 : 601005 ms.
--------------------------------------------------
sat
../QF_NIA_split/QF_NIA_2_8//20170427-VeryMax/ITS/From_AProVE_2014__juHashMapCreate.jar-obl-10__p5115_safety_0.smt2 : 1382 ms.
--------------------------------------------------
sat
../QF_NIA_split/QF_NIA_2_8//20170427-VeryMax/ITS/From_AProVE_2014__juHashMapCreate.jar-obl-10__p5116_safety_0.smt2 : 21076 ms.
--------------------------------------------------
sat
../QF_NIA_split/QF_NIA_2_8//20170427-VeryMax/ITS/From_AProVE_2014__juHashMapCreate.jar-obl-10__p5117_safety_0.smt2 : 560517 ms.
--------------------------------------------------
sat
../QF_NIA_split/QF_NIA_2_8//20170427-VeryMax/ITS/From_AProVE_2014__juHashMapCreate.jar-obl-10__p5121_safety_0.smt2 : 28804 ms.
--------------------------------------------------
sat
../QF_NIA_split/QF_NIA_2_8//20170427-VeryMax/ITS/From_AProVE_2014__juHashMapCreate.jar-obl-10__p5125_safety_0.smt2 : 268 ms.
--------------------------------------------------
sat
../QF_NIA_split/QF_NIA_2_8//20170427-VeryMax/ITS/From_AProVE_2014__juHashMapCreate.jar-obl-10__p5126_safety_0.smt2 : 5676 ms.
--------------------------------------------------
sat
../QF_NIA_split/QF_NIA_2_8//20170427-VeryMax/ITS/From_AProVE_2014__juHashMapCreate.jar-obl-10__p5127_safety_0.smt2 : 21130 ms.
--------------------------------------------------
sat
../QF_NIA_split/QF_NIA_2_8//20170427-VeryMax/ITS/From_AProVE_2014__juHashMapCreate.jar-obl-10__p5131_safety_0.smt2 : 64584 ms.
--------------------------------------------------
../QF_NIA_split/QF_NIA_2_8//20170427-VeryMax/ITS/From_AProVE_2014__juHashMapCreate.jar-obl-10__p5132_safety_0.smt2 : 601006 ms.
--------------------------------------------------
sat
../QF_NIA_split/QF_NIA_2_8//20170427-VeryMax/ITS/From_AProVE_2014__juHashMapCreate.jar-obl-10__p5135_safety_0.smt2 : 310 ms.
--------------------------------------------------
sat
../QF_NIA_split/QF_NIA_2_8//20170427-VeryMax/ITS/From_AProVE_2014__juHashMapCreate.jar-obl-10__p5136_safety_0.smt2 : 6632 ms.
--------------------------------------------------
../QF_NIA_split/QF_NIA_2_8//20170427-VeryMax/ITS/From_AProVE_2014__juHashMapCreate.jar-obl-10__p5137_safety_0.smt2 : 601005 ms.
--------------------------------------------------
sat
../QF_NIA_split/QF_NIA_2_8//20170427-VeryMax/ITS/From_AProVE_2014__juHashMapCreate.jar-obl-10__p5140_safety_0.smt2 : 3104 ms.
--------------------------------------------------
sat
../QF_NIA_split/QF_NIA_2_8//20170427-VeryMax/ITS/From_AProVE_2014__juHashMapCreate.jar-obl-10__p5141_safety_0.smt2 : 10416 ms.
--------------------------------------------------
sat
../QF_NIA_split/QF_NIA_2_8//20170427-VeryMax/ITS/From_AProVE_2014__juHashMapCreate.jar-obl-10__p5142_safety_0.smt2 : 59628 ms.
--------------------------------------------------
sat
../QF_NIA_split/QF_NIA_2_8//20170427-VeryMax/ITS/From_AProVE_2014__juHashMapCreate.jar-obl-10__p5147_safety_0.smt2 : 6729 ms.
--------------------------------------------------
sat
../QF_NIA_split/QF_NIA_2_8//20170427-VeryMax/ITS/From_AProVE_2014__juHashMapCreate.jar-obl-10__p5148_safety_0.smt2 : 3108 ms.
--------------------------------------------------
sat
../QF_NIA_split/QF_NIA_2_8//20170427-VeryMax/ITS/From_AProVE_2014__juHashMapCreate.jar-obl-10__p5149_safety_0.smt2 : 74599 ms.
--------------------------------------------------
../QF_NIA_split/QF_NIA_2_8//20170427-VeryMax/ITS/From_AProVE_2014__juHashMapCreate.jar-obl-10__p5150_safety_0.smt2 : 601005 ms.
--------------------------------------------------
sat
../QF_NIA_split/QF_NIA_2_8//20170427-VeryMax/ITS/From_AProVE_2014__juHashMapCreate.jar-obl-10__p5153_safety_0.smt2 : 208604 ms.
--------------------------------------------------
sat
../QF_NIA_split/QF_NIA_2_8//20170427-VeryMax/ITS/From_AProVE_2014__juHashMapCreate.jar-obl-10__p5157_safety_0.smt2 : 391896 ms.
--------------------------------------------------
../QF_NIA_split/QF_NIA_2_8//20170427-VeryMax/ITS/From_AProVE_2014__juHashMapCreate.jar-obl-10__p5158_safety_0.smt2 : 601005 ms.
--------------------------------------------------
sat
../QF_NIA_split/QF_NIA_2_8//20170427-VeryMax/ITS/From_AProVE_2014__juHashMapCreate.jar-obl-10__p5160_safety_0.smt2 : 10904 ms.
--------------------------------------------------
sat
../QF_NIA_split/QF_NIA_2_8//20170427-VeryMax/ITS/From_AProVE_2014__juHashMapCreate.jar-obl-10__p5161_safety_0.smt2 : 39471 ms.
--------------------------------------------------
unsat
../QF_NIA_split/QF_NIA_2_8//20170427-VeryMax/ITS/From_AProVE_2014__juHashMapCreate.jar-obl-10__p5162_safety_0.smt2 : 25423 ms.
--------------------------------------------------
../QF_NIA_split/QF_NIA_2_8//20170427-VeryMax/ITS/From_AProVE_2014__juHashMapCreate.jar-obl-10__p5163_safety_0.smt2 : 601006 ms.
--------------------------------------------------
../QF_NIA_split/QF_NIA_2_8//20170427-VeryMax/ITS/From_AProVE_2014__juHashMapCreate.jar-obl-10__p5164_safety_0.smt2 : 601005 ms.
--------------------------------------------------
sat
../QF_NIA_split/QF_NIA_2_8//20170427-VeryMax/ITS/From_AProVE_2014__juHashMapCreate.jar-obl-10__p5168_safety_0.smt2 : 17127 ms.
--------------------------------------------------
../QF_NIA_split/QF_NIA_2_8//20170427-VeryMax/ITS/From_AProVE_2014__juHashMapCreate.jar-obl-10__p5169_safety_0.smt2 : 601005 ms.
--------------------------------------------------
sat
../QF_NIA_split/QF_NIA_2_8//20170427-VeryMax/ITS/From_AProVE_2014__juHashMapCreate.jar-obl-10__p5172_safety_0.smt2 : 7027 ms.
--------------------------------------------------
sat
../QF_NIA_split/QF_NIA_2_8//20170427-VeryMax/ITS/From_AProVE_2014__juHashMapCreate.jar-obl-10__p5173_safety_0.smt2 : 225364 ms.
--------------------------------------------------
sat
../QF_NIA_split/QF_NIA_2_8//20170427-VeryMax/ITS/From_AProVE_2014__juHashMapCreate.jar-obl-10__p5174_safety_0.smt2 : 211542 ms.
--------------------------------------------------
unsat
../QF_NIA_split/QF_NIA_2_8//20170427-VeryMax/ITS/From_AProVE_2014__juHashMapCreate.jar-obl-10__p5177_safety_0.smt2 : 37790 ms.
--------------------------------------------------
../QF_NIA_split/QF_NIA_2_8//20170427-VeryMax/ITS/From_AProVE_2014__juHashMapCreate.jar-obl-10__p5178_safety_0.smt2 : 601005 ms.
--------------------------------------------------
../QF_NIA_split/QF_NIA_2_8//20170427-VeryMax/ITS/From_AProVE_2014__juHashMapCreate.jar-obl-10__p5179_safety_0.smt2 : 601006 ms.
--------------------------------------------------
sat
../QF_NIA_split/QF_NIA_2_8//20170427-VeryMax/ITS/From_AProVE_2014__juHashMapCreate.jar-obl-10__p5182_terminationG_0.smt2 : 349672 ms.
--------------------------------------------------
sat
../QF_NIA_split/QF_NIA_2_8//20170427-VeryMax/ITS/From_AProVE_2014__juHashMapCreate.jar-obl-10__p5183_terminationG_0.smt2 : 544283 ms.
--------------------------------------------------
../QF_NIA_split/QF_NIA_2_8//20170427-VeryMax/ITS/From_AProVE_2014__juHashMapCreate.jar-obl-10__p5184_terminationG_0.smt2 : 601005 ms.
--------------------------------------------------
sat
../QF_NIA_split/QF_NIA_2_8//20170427-VeryMax/ITS/From_AProVE_2014__juHashMapCreate.jar-obl-10__p5193_safety_0.smt2 : 15273 ms.
--------------------------------------------------
sat
../QF_NIA_split/QF_NIA_2_8//20170427-VeryMax/ITS/From_AProVE_2014__juHashMapCreate.jar-obl-10__p5194_safety_0.smt2 : 21971 ms.
--------------------------------------------------
sat
../QF_NIA_split/QF_NIA_2_8//20170427-VeryMax/ITS/From_AProVE_2014__juHashMapCreate.jar-obl-10__p5195_safety_0.smt2 : 587193 ms.
--------------------------------------------------
sat
../QF_NIA_split/QF_NIA_2_8//20170427-VeryMax/ITS/From_AProVE_2014__juHashMapCreate.jar-obl-10__p5196_safety_0.smt2 : 7357 ms.
--------------------------------------------------
sat
../QF_NIA_split/QF_NIA_2_8//20170427-VeryMax/ITS/From_AProVE_2014__juHashMapCreate.jar-obl-10__p5200_safety_0.smt2 : 141074 ms.
--------------------------------------------------
../QF_NIA_split/QF_NIA_2_8//20170427-VeryMax/ITS/From_AProVE_2014__juHashMapCreate.jar-obl-10__p5201_safety_0.smt2 : 601005 ms.
--------------------------------------------------
sat
../QF_NIA_split/QF_NIA_2_8//20170427-VeryMax/ITS/From_AProVE_2014__juHashMapCreate.jar-obl-10__p5205_safety_0.smt2 : 99287 ms.
--------------------------------------------------
../QF_NIA_split/QF_NIA_2_8//20170427-VeryMax/ITS/From_AProVE_2014__juHashMapCreate.jar-obl-10__p5206_safety_0.smt2 : 601004 ms.
--------------------------------------------------
unsat
../QF_NIA_split/QF_NIA_2_8//20170427-VeryMax/ITS/From_AProVE_2014__juHashMapCreate.jar-obl-10__p5211_safety_0.smt2 : 17845 ms.
--------------------------------------------------
./run.sh: line 3: 251810 Killed                  ./mathsat ../../$1
../QF_NIA_split/QF_NIA_2_8//20170427-VeryMax/ITS/From_AProVE_2014__juHashMapCreate.jar-obl-10__p5212_safety_0.smt2 : 600906 ms.
--------------------------------------------------
../QF_NIA_split/QF_NIA_2_8//20170427-VeryMax/ITS/From_AProVE_2014__juHashMapCreate.jar-obl-10__p5213_safety_0.smt2 : 601005 ms.
--------------------------------------------------
sat
../QF_NIA_split/QF_NIA_2_8//20170427-VeryMax/ITS/From_AProVE_2014__juHashMapCreate.jar-obl-10__p5215_safety_0.smt2 : 26053 ms.
--------------------------------------------------
sat
../QF_NIA_split/QF_NIA_2_8//20170427-VeryMax/ITS/From_AProVE_2014__juHashMapCreate.jar-obl-10__p5216_safety_0.smt2 : 56824 ms.
--------------------------------------------------
sat
../QF_NIA_split/QF_NIA_2_8//20170427-VeryMax/ITS/From_AProVE_2014__juHashMapCreate.jar-obl-10__p5219_safety_0.smt2 : 4665 ms.
--------------------------------------------------
./run.sh: line 3: 260427 Killed                  ./mathsat ../../$1
../QF_NIA_split/QF_NIA_2_8//20170427-VeryMax/ITS/From_AProVE_2014__juHashMapCreate.jar-obl-10__p5220_safety_0.smt2 : 600925 ms.
--------------------------------------------------
sat
../QF_NIA_split/QF_NIA_2_8//20170427-VeryMax/ITS/From_AProVE_2014__juHashMapCreate.jar-obl-10__p5221_safety_0.smt2 : 65000 ms.
--------------------------------------------------
sat
../QF_NIA_split/QF_NIA_2_8//20170427-VeryMax/ITS/From_AProVE_2014__juHashMapCreate.jar-obl-10__p5225_safety_0.smt2 : 15544 ms.
--------------------------------------------------
sat
../QF_NIA_split/QF_NIA_2_8//20170427-VeryMax/ITS/From_AProVE_2014__juHashMapCreate.jar-obl-10__p5226_safety_0.smt2 : 127919 ms.
--------------------------------------------------
../QF_NIA_split/QF_NIA_2_8//20170427-VeryMax/ITS/From_AProVE_2014__juHashMapCreate.jar-obl-10__p5234_safety_0.smt2 : 601005 ms.
--------------------------------------------------
unsat
../QF_NIA_split/QF_NIA_2_8//20170427-VeryMax/ITS/From_AProVE_2014__juHashMapCreate.jar-obl-10__p5235_safety_0.smt2 : 25017 ms.
--------------------------------------------------
./run.sh: line 3: 276223 Killed                  ./mathsat ../../$1
../QF_NIA_split/QF_NIA_2_8//20170427-VeryMax/ITS/From_AProVE_2014__juHashMapCreate.jar-obl-10__p5236_safety_0.smt2 : 600231 ms.
--------------------------------------------------
./run.sh: line 3: 278608 Killed                  ./mathsat ../../$1
../QF_NIA_split/QF_NIA_2_8//20170427-VeryMax/ITS/From_AProVE_2014__juHashMapCreate.jar-obl-10__p5237_safety_0.smt2 : 600767 ms.
--------------------------------------------------
sat
../QF_NIA_split/QF_NIA_2_8//20170427-VeryMax/ITS/From_AProVE_2014__juHashMapCreate.jar-obl-10__p5239_safety_0.smt2 : 25328 ms.
--------------------------------------------------
sat
../QF_NIA_split/QF_NIA_2_8//20170427-VeryMax/ITS/From_AProVE_2014__juHashMapCreate.jar-obl-10__p5240_safety_0.smt2 : 25044 ms.
--------------------------------------------------
sat
../QF_NIA_split/QF_NIA_2_8//20170427-VeryMax/ITS/From_AProVE_2014__juHashMapCreate.jar-obl-10__p5245_safety_0.smt2 : 66416 ms.
--------------------------------------------------
sat
../QF_NIA_split/QF_NIA_2_8//20170427-VeryMax/ITS/From_AProVE_2014__juHashMapCreate.jar-obl-10__p5249_safety_0.smt2 : 40195 ms.
--------------------------------------------------
sat
../QF_NIA_split/QF_NIA_2_8//20170427-VeryMax/ITS/From_AProVE_2014__juHashMapCreate.jar-obl-10__p5250_safety_0.smt2 : 54627 ms.
--------------------------------------------------
sat
../QF_NIA_split/QF_NIA_2_8//20170427-VeryMax/ITS/From_AProVE_2014__juHashMapCreate.jar-obl-10__p5254_safety_0.smt2 : 40473 ms.
--------------------------------------------------
./run.sh: line 3: 281433 Killed                  ./mathsat ../../$1
../QF_NIA_split/QF_NIA_2_8//20170427-VeryMax/ITS/From_AProVE_2014__juHashMapCreate.jar-obl-10__p5255_safety_0.smt2 : 600933 ms.
--------------------------------------------------
unsat
../QF_NIA_split/QF_NIA_2_8//20170427-VeryMax/ITS/From_AProVE_2014__juHashMapCreate.jar-obl-10__p5258_safety_0.smt2 : 81452 ms.
--------------------------------------------------
./run.sh: line 3: 283716 Killed                  ./mathsat ../../$1
../QF_NIA_split/QF_NIA_2_8//20170427-VeryMax/ITS/From_AProVE_2014__juHashMapCreate.jar-obl-10__p5259_safety_0.smt2 : 600968 ms.
--------------------------------------------------
../QF_NIA_split/QF_NIA_2_8//20170427-VeryMax/ITS/From_AProVE_2014__juHashMapCreate.jar-obl-10__p5260_safety_0.smt2 : 601007 ms.
--------------------------------------------------
sat
../QF_NIA_split/QF_NIA_2_8//20170427-VeryMax/ITS/From_AProVE_2014__juHashMapCreate.jar-obl-10__p5261_safety_0.smt2 : 397534 ms.
--------------------------------------------------
sat
../QF_NIA_split/QF_NIA_2_8//20170427-VeryMax/ITS/From_AProVE_2014__juHashMapCreate.jar-obl-10__p5262_safety_0.smt2 : 30199 ms.
--------------------------------------------------
./run.sh: line 3: 289304 Killed                  ./mathsat ../../$1
../QF_NIA_split/QF_NIA_2_8//20170427-VeryMax/ITS/From_AProVE_2014__juHashMapCreate.jar-obl-10__p5263_safety_0.smt2 : 600736 ms.
--------------------------------------------------
sat
../QF_NIA_split/QF_NIA_2_8//20170427-VeryMax/ITS/From_AProVE_2014__juHashMapCreate.jar-obl-10__p5267_safety_0.smt2 : 1315 ms.
--------------------------------------------------
sat
../QF_NIA_split/QF_NIA_2_8//20170427-VeryMax/ITS/From_AProVE_2014__juHashMapCreate.jar-obl-10__p5271_safety_0.smt2 : 342 ms.
--------------------------------------------------
sat
../QF_NIA_split/QF_NIA_2_8//20170427-VeryMax/ITS/From_AProVE_2014__juHashMapCreate.jar-obl-10__p5272_safety_0.smt2 : 4008 ms.
--------------------------------------------------
sat
../QF_NIA_split/QF_NIA_2_8//20170427-VeryMax/ITS/From_AProVE_2014__juHashMapCreate.jar-obl-10__p5273_safety_0.smt2 : 420295 ms.
--------------------------------------------------
sat
../QF_NIA_split/QF_NIA_2_8//20170427-VeryMax/ITS/From_AProVE_2014__juHashMapCreate.jar-obl-10__p5277_safety_0.smt2 : 18222 ms.
--------------------------------------------------
sat
../QF_NIA_split/QF_NIA_2_8//20170427-VeryMax/ITS/From_AProVE_2014__juHashMapCreate.jar-obl-10__p5278_safety_0.smt2 : 22552 ms.
--------------------------------------------------
unsat
../QF_NIA_split/QF_NIA_2_8//20170427-VeryMax/ITS/From_AProVE_2014__juHashMapCreate.jar-obl-10__p5281_safety_0.smt2 : 36170 ms.
--------------------------------------------------
./run.sh: line 3: 292246 Killed                  ./mathsat ../../$1
../QF_NIA_split/QF_NIA_2_8//20170427-VeryMax/ITS/From_AProVE_2014__juHashMapCreate.jar-obl-10__p5282_safety_0.smt2 : 600529 ms.
--------------------------------------------------
./run.sh: line 3: 293699 Killed                  ./mathsat ../../$1
../QF_NIA_split/QF_NIA_2_8//20170427-VeryMax/ITS/From_AProVE_2014__juHashMapCreate.jar-obl-10__p5283_safety_0.smt2 : 600569 ms.
--------------------------------------------------
sat
../QF_NIA_split/QF_NIA_2_8//20170427-VeryMax/ITS/From_AProVE_2014__juHashMapCreate.jar-obl-10__p5284_safety_0.smt2 : 25561 ms.
--------------------------------------------------
sat
../QF_NIA_split/QF_NIA_2_8//20170427-VeryMax/ITS/From_AProVE_2014__juHashMapCreate.jar-obl-10__p5285_safety_0.smt2 : 45965 ms.
--------------------------------------------------
sat
../QF_NIA_split/QF_NIA_2_8//20170427-VeryMax/ITS/From_AProVE_2014__juHashMapCreate.jar-obl-10__p5286_safety_0.smt2 : 47441 ms.
--------------------------------------------------
sat
../QF_NIA_split/QF_NIA_2_8//20170427-VeryMax/ITS/From_AProVE_2014__juHashMapCreate.jar-obl-10__p5291_safety_0.smt2 : 566841 ms.
--------------------------------------------------
sat
../QF_NIA_split/QF_NIA_2_8//20170427-VeryMax/ITS/From_AProVE_2014__juHashMapCreate.jar-obl-10__p5293_safety_0.smt2 : 8051 ms.
--------------------------------------------------
./run.sh: line 3: 296499 Killed                  ./mathsat ../../$1
../QF_NIA_split/QF_NIA_2_8//20170427-VeryMax/ITS/From_AProVE_2014__juHashMapCreate.jar-obl-10__p5294_safety_0.smt2 : 600677 ms.
--------------------------------------------------
sat
../QF_NIA_split/QF_NIA_2_8//20170427-VeryMax/ITS/From_AProVE_2014__juHashMapCreate.jar-obl-10__p5295_safety_0.smt2 : 293 ms.
--------------------------------------------------
sat
../QF_NIA_split/QF_NIA_2_8//20170427-VeryMax/ITS/From_AProVE_2014__juHashMapCreate.jar-obl-10__p5296_safety_0.smt2 : 1469 ms.
--------------------------------------------------
./run.sh: line 3: 298297 Killed                  ./mathsat ../../$1
../QF_NIA_split/QF_NIA_2_8//20170427-VeryMax/ITS/From_AProVE_2014__juHashMapCreate.jar-obl-10__p5297_safety_0.smt2 : 600875 ms.
--------------------------------------------------
unsat
../QF_NIA_split/QF_NIA_2_8//20170427-VeryMax/ITS/From_AProVE_2014__juHashMapCreate.jar-obl-10__p5298_safety_0.smt2 : 42296 ms.
--------------------------------------------------
./run.sh: line 3: 300009 Killed                  ./mathsat ../../$1
../QF_NIA_split/QF_NIA_2_8//20170427-VeryMax/ITS/From_AProVE_2014__juHashMapCreate.jar-obl-10__p5299_safety_0.smt2 : 600288 ms.
--------------------------------------------------
./run.sh: line 3: 301133 Killed                  ./mathsat ../../$1
../QF_NIA_split/QF_NIA_2_8//20170427-VeryMax/ITS/From_AProVE_2014__juHashMapCreate.jar-obl-10__p5300_safety_0.smt2 : 600538 ms.
--------------------------------------------------
sat
../QF_NIA_split/QF_NIA_2_8//20170427-VeryMax/ITS/From_AProVE_2014__juHashMapCreate.jar-obl-10__p5301_safety_0.smt2 : 5414 ms.
--------------------------------------------------
sat
../QF_NIA_split/QF_NIA_2_8//20170427-VeryMax/ITS/From_AProVE_2014__juHashMapCreate.jar-obl-10__p5302_safety_0.smt2 : 141625 ms.
--------------------------------------------------
sat
../QF_NIA_split/QF_NIA_2_8//20170427-VeryMax/ITS/From_AProVE_2014__juHashMapCreate.jar-obl-10__p5303_safety_0.smt2 : 396261 ms.
--------------------------------------------------
sat
../QF_NIA_split/QF_NIA_2_8//20170427-VeryMax/ITS/From_AProVE_2014__juHashMapCreate.jar-obl-10__p5307_safety_0.smt2 : 5406 ms.
--------------------------------------------------
sat
../QF_NIA_split/QF_NIA_2_8//20170427-VeryMax/ITS/From_AProVE_2014__juHashMapCreate.jar-obl-10__p5312_safety_0.smt2 : 13130 ms.
--------------------------------------------------
sat
../QF_NIA_split/QF_NIA_2_8//20170427-VeryMax/ITS/From_AProVE_2014__juHashMapCreate.jar-obl-10__p5313_safety_0.smt2 : 56829 ms.
--------------------------------------------------
sat
../QF_NIA_split/QF_NIA_2_8//20170427-VeryMax/ITS/From_AProVE_2014__juHashMapCreate.jar-obl-10__p5316_safety_0.smt2 : 26239 ms.
--------------------------------------------------
./run.sh: line 3: 303850 Killed                  ./mathsat ../../$1
../QF_NIA_split/QF_NIA_2_8//20170427-VeryMax/ITS/From_AProVE_2014__juHashMapCreate.jar-obl-10__p5317_safety_0.smt2 : 600421 ms.
--------------------------------------------------
./run.sh: line 3: 304832 Killed                  ./mathsat ../../$1
../QF_NIA_split/QF_NIA_2_8//20170427-VeryMax/ITS/From_AProVE_2014__juHashMapCreate.jar-obl-10__p5318_safety_0.smt2 : 600773 ms.
--------------------------------------------------
unsat
../QF_NIA_split/QF_NIA_2_8//20170427-VeryMax/ITS/From_AProVE_2014__juHashMapCreate.jar-obl-10__p5321_safety_0.smt2 : 42345 ms.
--------------------------------------------------
./run.sh: line 3: 306468 Killed                  ./mathsat ../../$1
../QF_NIA_split/QF_NIA_2_8//20170427-VeryMax/ITS/From_AProVE_2014__juHashMapCreate.jar-obl-10__p5322_safety_0.smt2 : 600291 ms.
--------------------------------------------------
./run.sh: line 3: 307692 Killed                  ./mathsat ../../$1
../QF_NIA_split/QF_NIA_2_8//20170427-VeryMax/ITS/From_AProVE_2014__juHashMapCreate.jar-obl-10__p5323_safety_0.smt2 : 600419 ms.
--------------------------------------------------
sat
../QF_NIA_split/QF_NIA_2_8//20170427-VeryMax/ITS/From_AProVE_2014__juHashMapCreate.jar-obl-10__p5324_safety_0.smt2 : 3750 ms.
--------------------------------------------------
sat
../QF_NIA_split/QF_NIA_2_8//20170427-VeryMax/ITS/From_AProVE_2014__juHashMapCreate.jar-obl-10__p5325_safety_0.smt2 : 310469 ms.
--------------------------------------------------
./run.sh: line 3: 309849 Killed                  ./mathsat ../../$1
../QF_NIA_split/QF_NIA_2_8//20170427-VeryMax/ITS/From_AProVE_2014__juHashMapCreate.jar-obl-10__p5326_safety_0.smt2 : 600577 ms.
--------------------------------------------------
sat
../QF_NIA_split/QF_NIA_2_8//20170427-VeryMax/ITS/From_AProVE_2014__juHashMapCreate.jar-obl-10__p5333_safety_0.smt2 : 23417 ms.
--------------------------------------------------
sat
../QF_NIA_split/QF_NIA_2_8//20170427-VeryMax/ITS/From_AProVE_2014__juHashMapCreate.jar-obl-10__p5334_safety_0.smt2 : 10109 ms.
--------------------------------------------------
unsat
../QF_NIA_split/QF_NIA_2_8//20170427-VeryMax/ITS/From_AProVE_2014__juHashMapCreate.jar-obl-10__p5335_safety_0.smt2 : 28708 ms.
--------------------------------------------------
./run.sh: line 3: 311124 Killed                  ./mathsat ../../$1
../QF_NIA_split/QF_NIA_2_8//20170427-VeryMax/ITS/From_AProVE_2014__juHashMapCreate.jar-obl-10__p5336_safety_0.smt2 : 600310 ms.
--------------------------------------------------
./run.sh: line 3: 312472 Killed                  ./mathsat ../../$1
../QF_NIA_split/QF_NIA_2_8//20170427-VeryMax/ITS/From_AProVE_2014__juHashMapCreate.jar-obl-10__p5337_safety_0.smt2 : 600527 ms.
--------------------------------------------------
sat
../QF_NIA_split/QF_NIA_2_8//20170427-VeryMax/ITS/From_AProVE_2014__juHashMapCreate.jar-obl-10__p5340_terminationG_0.smt2 : 48639 ms.
--------------------------------------------------
sat
../QF_NIA_split/QF_NIA_2_8//20170427-VeryMax/ITS/From_AProVE_2014__juHashMapCreate.jar-obl-10__p5341_terminationG_0.smt2 : 430997 ms.
--------------------------------------------------
sat
../QF_NIA_split/QF_NIA_2_8//20170427-VeryMax/ITS/From_AProVE_2014__juHashMapCreate.jar-obl-10__p5342_terminationG_0.smt2 : 178670 ms.
--------------------------------------------------
sat
../QF_NIA_split/QF_NIA_2_8//20170427-VeryMax/ITS/From_AProVE_2014__juHashMapCreate.jar-obl-10__p5351_safety_0.smt2 : 1765 ms.
--------------------------------------------------
sat
../QF_NIA_split/QF_NIA_2_8//20170427-VeryMax/ITS/From_AProVE_2014__juHashMapCreate.jar-obl-10__p5352_safety_0.smt2 : 15322 ms.
--------------------------------------------------
sat
../QF_NIA_split/QF_NIA_2_8//20170427-VeryMax/ITS/From_AProVE_2014__juHashMapCreate.jar-obl-10__p5353_safety_0.smt2 : 304089 ms.
--------------------------------------------------
sat
../QF_NIA_split/QF_NIA_2_8//20170427-VeryMax/ITS/From_AProVE_2014__juHashMapCreate.jar-obl-10__p5354_safety_0.smt2 : 45581 ms.
--------------------------------------------------
sat
../QF_NIA_split/QF_NIA_2_8//20170427-VeryMax/ITS/From_AProVE_2014__juHashMapCreate.jar-obl-10__p5360_safety_0.smt2 : 9188 ms.
--------------------------------------------------
./run.sh: line 3: 315582 Killed                  ./mathsat ../../$1
../QF_NIA_split/QF_NIA_2_8//20170427-VeryMax/ITS/From_AProVE_2014__juHashMapCreate.jar-obl-10__p5362_safety_0.smt2 : 600753 ms.
--------------------------------------------------
sat
../QF_NIA_split/QF_NIA_2_8//20170427-VeryMax/ITS/From_AProVE_2014__juHashMapCreate.jar-obl-10__p5363_safety_0.smt2 : 103594 ms.
--------------------------------------------------
sat
../QF_NIA_split/QF_NIA_2_8//20170427-VeryMax/ITS/From_AProVE_2014__juHashMapCreate.jar-obl-10__p5364_safety_0.smt2 : 42146 ms.
--------------------------------------------------
sat
../QF_NIA_split/QF_NIA_2_8//20170427-VeryMax/ITS/From_AProVE_2014__juHashMapCreate.jar-obl-10__p5367_safety_0.smt2 : 4878 ms.
--------------------------------------------------
./run.sh: line 3: 316910 Killed                  ./mathsat ../../$1
../QF_NIA_split/QF_NIA_2_8//20170427-VeryMax/ITS/From_AProVE_2014__juHashMapCreate.jar-obl-10__p5368_safety_0.smt2 : 600298 ms.
--------------------------------------------------
./run.sh: line 3: 318301 Killed                  ./mathsat ../../$1
../QF_NIA_split/QF_NIA_2_8//20170427-VeryMax/ITS/From_AProVE_2014__juHashMapCreate.jar-obl-10__p5369_safety_0.smt2 : 600383 ms.
--------------------------------------------------
sat
../QF_NIA_split/QF_NIA_2_8//20170427-VeryMax/ITS/From_AProVE_2014__juHashMapCreate.jar-obl-10__p5372_safety_0.smt2 : 363 ms.
--------------------------------------------------
sat
../QF_NIA_split/QF_NIA_2_8//20170427-VeryMax/ITS/From_AProVE_2014__juHashMapCreate.jar-obl-10__p5373_safety_0.smt2 : 248516 ms.
--------------------------------------------------
sat
../QF_NIA_split/QF_NIA_2_8//20170427-VeryMax/ITS/From_AProVE_2014__juHashMapCreate.jar-obl-10__p5374_safety_0.smt2 : 97107 ms.
--------------------------------------------------
unsat
../QF_NIA_split/QF_NIA_2_8//20170427-VeryMax/ITS/From_AProVE_2014__juHashMapCreate.jar-obl-10__p5379_safety_0.smt2 : 30328 ms.
--------------------------------------------------
./run.sh: line 3: 320459 Killed                  ./mathsat ../../$1
../QF_NIA_split/QF_NIA_2_8//20170427-VeryMax/ITS/From_AProVE_2014__juHashMapCreate.jar-obl-10__p5380_safety_0.smt2 : 600412 ms.
--------------------------------------------------
unsat
../QF_NIA_split/QF_NIA_2_8//20170427-VeryMax/ITS/From_AProVE_2014__juHashMapCreate.jar-obl-10__p5381_safety_0.smt2 : 52580 ms.
--------------------------------------------------
./run.sh: line 3: 321829 Killed                  ./mathsat ../../$1
../QF_NIA_split/QF_NIA_2_8//20170427-VeryMax/ITS/From_AProVE_2014__juHashMapCreate.jar-obl-10__p5382_safety_0.smt2 : 600705 ms.
--------------------------------------------------
./run.sh: line 3: 322951 Killed                  ./mathsat ../../$1
../QF_NIA_split/QF_NIA_2_8//20170427-VeryMax/ITS/From_AProVE_2014__juHashMapCreate.jar-obl-10__p5383_safety_0.smt2 : 600335 ms.
--------------------------------------------------
./run.sh: line 3: 323752 Killed                  ./mathsat ../../$1
../QF_NIA_split/QF_NIA_2_8//20170427-VeryMax/ITS/From_AProVE_2014__juHashMapCreate.jar-obl-10__p5384_safety_0.smt2 : 600348 ms.
--------------------------------------------------
./run.sh: line 3: 324923 Killed                  ./mathsat ../../$1
../QF_NIA_split/QF_NIA_2_8//20170427-VeryMax/ITS/From_AProVE_2014__juHashMapCreate.jar-obl-10__p5388_safety_0.smt2 : 600309 ms.
--------------------------------------------------
sat
../QF_NIA_split/QF_NIA_2_8//20170427-VeryMax/ITS/From_AProVE_2014__juHashMapCreate.jar-obl-10__p5389_safety_0.smt2 : 16689 ms.
--------------------------------------------------
sat
../QF_NIA_split/QF_NIA_2_8//20170427-VeryMax/ITS/From_AProVE_2014__juHashMapCreate.jar-obl-10__p5390_safety_0.smt2 : 501888 ms.
--------------------------------------------------
./run.sh: line 3: 326923 Killed                  ./mathsat ../../$1
../QF_NIA_split/QF_NIA_2_8//20170427-VeryMax/ITS/From_AProVE_2014__juHashMapCreate.jar-obl-10__p5392_edge_closing_0.smt2 : 600124 ms.
--------------------------------------------------
./run.sh: line 3: 328362 Killed                  ./mathsat ../../$1
../QF_NIA_split/QF_NIA_2_8//20170427-VeryMax/ITS/From_AProVE_2014__juHashMapCreate.jar-obl-10__p5393_edge_closing_0.smt2 : 600088 ms.
--------------------------------------------------
./run.sh: line 3: 329204 Killed                  ./mathsat ../../$1
../QF_NIA_split/QF_NIA_2_8//20170427-VeryMax/ITS/From_AProVE_2014__juHashMapCreate.jar-obl-10__p5394_edge_closing_0.smt2 : 600185 ms.
--------------------------------------------------
unsat
../QF_NIA_split/QF_NIA_2_8//20170427-VeryMax/ITS/From_AProVE_2014__juHashMapCreate.jar-obl-10__terminationS_0_0.smt2 : 1832 ms.
--------------------------------------------------
unsat
../QF_NIA_split/QF_NIA_2_8//20170427-VeryMax/ITS/From_AProVE_2014__juHashMapCreate.jar-obl-10__terminationS_1_0.smt2 : 2460 ms.
--------------------------------------------------
unsat
../QF_NIA_split/QF_NIA_2_8//20170427-VeryMax/ITS/From_AProVE_2014__juHashMapCreate.jar-obl-10__terminationS_2_0.smt2 : 1213 ms.
--------------------------------------------------
unsat
../QF_NIA_split/QF_NIA_2_8//20170427-VeryMax/ITS/From_AProVE_2014__juHashMapCreate.jar-obl-10__terminationS_3_0.smt2 : 1917 ms.
--------------------------------------------------
unsat
../QF_NIA_split/QF_NIA_2_8//20170427-VeryMax/ITS/From_AProVE_2014__juHashMapCreate.jar-obl-10__term_unfeasibility_2_0.smt2 : 825 ms.
