--------------------------------------------------
unsat
../QF_NIA_split/QF_NIA_11//UltimateLassoRanker/a.06-alloca_true-termination.c.i_Iteration1_Lasso+nonterminationTemplate.smt2 : 2128 ms.
--------------------------------------------------
unsat
../QF_NIA_split/QF_NIA_11//UltimateLassoRanker/a.07-alloca_true-termination.c.i_Iteration2_Lasso+nonterminationTemplate.smt2 : 1611 ms.
--------------------------------------------------
unsat
../QF_NIA_split/QF_NIA_11//UltimateLassoRanker/Avery-2006FLOPS-Tabel1_true-alloca_true-termination.c.i_Iteration2_Lasso+nonterminationTemplate.smt2 : 1392 ms.
--------------------------------------------------
unsat
../QF_NIA_split/QF_NIA_11//UltimateLassoRanker/b.07-alloca_true-termination.c.i_Iteration2_Lasso+nonterminationTemplate.smt2 : 1793 ms.
--------------------------------------------------
unsat
../QF_NIA_split/QF_NIA_11//UltimateLassoRanker/b.09-no-inv_assume-alloca_true-termination.c.i_Iteration4_Lasso+nonterminationTemplate.smt2 : 493 ms.
--------------------------------------------------
unsat
../QF_NIA_split/QF_NIA_11//UltimateLassoRanker/b.13-alloca_true-termination.c.i_Iteration1_Lasso+nonterminationTemplate.smt2 : 1521 ms.
--------------------------------------------------
unsat
../QF_NIA_split/QF_NIA_11//UltimateLassoRanker/b.15-alloca_true-termination.c.i_Iteration4_Lasso+nonterminationTemplate.smt2 : 2347 ms.
--------------------------------------------------
unsat
../QF_NIA_split/QF_NIA_11//UltimateLassoRanker/b.17-alloca_true-termination.c.i_Iteration2_Lasso+nonterminationTemplate.smt2 : 2067 ms.
--------------------------------------------------
unsat
../QF_NIA_split/QF_NIA_11//UltimateLassoRanker/Ben-Amram-2010LMCS-Ex2.3-alloca_true-termination.c.i_Iteration4_Lasso+nonterminationTemplate.smt2 : 285 ms.
--------------------------------------------------
unsat
../QF_NIA_split/QF_NIA_11//UltimateLassoRanker/BradleyMannaSipma-2005CAV-Fig1-alloca_unknown-termination.c.i_Iteration5_Lasso+nonterminationTemplate.smt2 : 470 ms.
--------------------------------------------------
sat
../QF_NIA_split/QF_NIA_11//UltimateLassoRanker/BradleyMannaSipma-2005CAV-Fig1-modified-alloca_unknown-termination.c.i_Iteration1_Lasso+nonterminationTemplate.smt2 : 92 ms.
--------------------------------------------------
sat
../QF_NIA_split/QF_NIA_11//UltimateLassoRanker/BradleyMannaSipma-2005ICALP-Fig1-alloca_unknown-termination.c.i_Iteration1_Lasso+nonterminationTemplate.smt2 : 83 ms.
--------------------------------------------------
unsat
../QF_NIA_split/QF_NIA_11//UltimateLassoRanker/BrockschmidtCookFuhs-2013CAV-Fig1-alloca_true-termination.c.i_Iteration3_Lasso+nonterminationTemplate.smt2 : 227 ms.
--------------------------------------------------
unsat
../QF_NIA_split/QF_NIA_11//UltimateLassoRanker/c.03-alloca_true-termination.c.i_Iteration1_Lasso+nonterminationTemplate.smt2 : 2012 ms.
--------------------------------------------------
unsat
../QF_NIA_split/QF_NIA_11//UltimateLassoRanker/ChenFlurMukhopadhyay-2012SAS-Fig1-alloca_true-termination.c.i_Iteration1_Lasso+nonterminationTemplate.smt2 : 329 ms.
--------------------------------------------------
unsat
../QF_NIA_split/QF_NIA_11//UltimateLassoRanker/CookSeeZuleger-2013TACAS-Fig7a-alloca_true-termination.c.i_Iteration8_Lasso+nonterminationTemplate.smt2 : 346 ms.
--------------------------------------------------
unsat
../QF_NIA_split/QF_NIA_11//UltimateLassoRanker/diff-alloca_true-termination.c.i_Iteration7_Lasso+nonterminationTemplate.smt2 : 680 ms.
--------------------------------------------------
unsat
../QF_NIA_split/QF_NIA_11//UltimateLassoRanker/flag-alloca_true-termination.c.i_Iteration1_Lasso+nonterminationTemplate.smt2 : 2643 ms.
--------------------------------------------------
unsat
../QF_NIA_split/QF_NIA_11//UltimateLassoRanker/GulwaniJainKoskinen-2009PLDI-Fig1-alloca_true-termination.c.i_Iteration3_Lasso+nonterminationTemplate.smt2 : 587 ms.
--------------------------------------------------
sat
../QF_NIA_split/QF_NIA_11//UltimateLassoRanker/HarrisLalNoriRajamani-2010SAS-Fig2-alloca_unknown-termination.c.i_Iteration2_Lasso+nonterminationTemplate.smt2 : 78 ms.
--------------------------------------------------
unsat
../QF_NIA_split/QF_NIA_11//UltimateLassoRanker/java_AG313-alloca_true-termination.c.i_Iteration2_Lasso+nonterminationTemplate.smt2 : 523 ms.
--------------------------------------------------
unsat
../QF_NIA_split/QF_NIA_11//UltimateLassoRanker/LarrazOliverasRodriguez-CarbonellRubio-2013FMCAD-Fig1-alloca_unknown-termination.c.i_Iteration4_Lasso+nonterminationTemplate.smt2 : 367 ms.
--------------------------------------------------
unsat
../QF_NIA_split/QF_NIA_11//UltimateLassoRanker/LarrazOliverasRodriguez-CarbonellRubio-2013FMCAD-Fig1-alloca_unknown-termination.c.i_Iteration6_Lasso+nonterminationTemplate.smt2 : 385 ms.
--------------------------------------------------
unsat
../QF_NIA_split/QF_NIA_11//UltimateLassoRanker/LarrazOliverasRodriguez-CarbonellRubio-2013FMCAD-Fig1-alloca_unknown-termination.c.i_Iteration7_Lasso+nonterminationTemplate.smt2 : 384 ms.
--------------------------------------------------
unsat
../QF_NIA_split/QF_NIA_11//UltimateLassoRanker/Masse-alloca_true-termination.c.i_Iteration1_Lasso+nonterminationTemplate.smt2 : 69 ms.
--------------------------------------------------
unsat
../QF_NIA_split/QF_NIA_11//UltimateLassoRanker/openbsd_cstpncpy-alloca_true-termination.c.i_Iteration1_Lasso+nonterminationTemplate.smt2 : 512 ms.
--------------------------------------------------
unsat
../QF_NIA_split/QF_NIA_11//UltimateLassoRanker/openbsd_cstrstr-alloca_true-termination.c.i_Iteration8_Lasso+nonterminationTemplate.smt2 : 1308 ms.
--------------------------------------------------
sat
../QF_NIA_split/QF_NIA_11//UltimateLassoRanker/PodelskiRybalchenko-2004VMCAI-Ex2-alloca_false-termination.c.i_Iteration1_Lasso+nonterminationTemplate.smt2 : 66 ms.
--------------------------------------------------
unsat
../QF_NIA_split/QF_NIA_11//UltimateLassoRanker/substring-alloca_true-termination.c.i_Iteration5_Lasso+nonterminationTemplate.smt2 : 477 ms.
--------------------------------------------------
unsat
../QF_NIA_split/QF_NIA_11//UltimateLassoRanker/twisted-alloca_true-termination.c.i_Iteration2_Lasso+nonterminationTemplate.smt2 : 1143 ms.
--------------------------------------------------
sat
../QF_NIA_split/QF_NIA_11//UltimateLassoRanker/Urban-2013WST-Fig1-alloca_false-termination.c.i_Iteration1_Lasso+nonterminationTemplate.smt2 : 29 ms.
--------------------------------------------------
sat
../QF_NIA_split/QF_NIA_11//UltimateLassoRanker/Velroyen-alloca_false-termination.c.i_Iteration2_Lasso+nonterminationTemplate.smt2 : 30 ms.
