--------------------------------------------------
sat
../QF_NIA_split/QF_NIA_2_36//20170427-VeryMax/ITS/From_T2__svdcmp.t2_fixed__term_unfeasibility_10_0.smt2 : 19021 ms.
--------------------------------------------------
sat
../QF_NIA_split/QF_NIA_2_36//20170427-VeryMax/ITS/From_T2__svdcmp.t2_fixed__term_unfeasibility_11_0.smt2 : 248389 ms.
--------------------------------------------------
sat
../QF_NIA_split/QF_NIA_2_36//20170427-VeryMax/ITS/From_T2__svdcmp.t2__term_unfeasibility_0_0.smt2 : 9867 ms.
--------------------------------------------------
sat
../QF_NIA_split/QF_NIA_2_36//20170427-VeryMax/ITS/From_T2__svdcmp.t2__term_unfeasibility_10_0.smt2 : 199082 ms.
--------------------------------------------------
sat
../QF_NIA_split/QF_NIA_2_36//20170427-VeryMax/ITS/From_T2__svdcmp.t2__term_unfeasibility_1_0.smt2 : 7919 ms.
--------------------------------------------------
sat
../QF_NIA_split/QF_NIA_2_36//20170427-VeryMax/ITS/From_T2__svdcmp.t2__term_unfeasibility_2_0.smt2 : 8740 ms.
--------------------------------------------------
sat
../QF_NIA_split/QF_NIA_2_36//20170427-VeryMax/ITS/From_T2__svdcmp.t2__term_unfeasibility_3_0.smt2 : 10296 ms.
--------------------------------------------------
sat
../QF_NIA_split/QF_NIA_2_36//20170427-VeryMax/ITS/From_T2__svdcmp.t2__term_unfeasibility_4_0.smt2 : 9732 ms.
--------------------------------------------------
sat
../QF_NIA_split/QF_NIA_2_36//20170427-VeryMax/ITS/From_T2__svdcmp.t2__term_unfeasibility_5_0.smt2 : 7497 ms.
--------------------------------------------------
sat
../QF_NIA_split/QF_NIA_2_36//20170427-VeryMax/ITS/From_T2__svdcmp.t2__term_unfeasibility_6_0.smt2 : 12476 ms.
--------------------------------------------------
sat
../QF_NIA_split/QF_NIA_2_36//20170427-VeryMax/ITS/From_T2__svdcmp.t2__term_unfeasibility_7_0.smt2 : 10219 ms.
--------------------------------------------------
unsat
../QF_NIA_split/QF_NIA_2_36//20170427-VeryMax/ITS/From_T2__svdcmp.t2__term_unfeasibility_8_0.smt2 : 142004 ms.
--------------------------------------------------
unsat
../QF_NIA_split/QF_NIA_2_36//20170427-VeryMax/ITS/From_T2__svdcmp.t2__term_unfeasibility_9_0.smt2 : 809 ms.
--------------------------------------------------
unsat
../QF_NIA_split/QF_NIA_2_36//20170427-VeryMax/ITS/From_T2__test_byron_2.t2__p24971_safety_0.smt2 : 777 ms.
--------------------------------------------------
unsat
../QF_NIA_split/QF_NIA_2_36//20170427-VeryMax/ITS/From_T2__test_byron_2.t2__p24972_safety_0.smt2 : 12794 ms.
--------------------------------------------------
unsat
../QF_NIA_split/QF_NIA_2_36//20170427-VeryMax/ITS/From_T2__toeplz.c.i.toeplz.pl.t2.fixed.t2__term_unfeasibility_0_0.smt2 : 7453 ms.
--------------------------------------------------
unsat
../QF_NIA_split/QF_NIA_2_36//20170427-VeryMax/ITS/From_T2__toeplz.t2__term_unfeasibility_0_0.smt2 : 12166 ms.
--------------------------------------------------
timeout
../QF_NIA_split/QF_NIA_2_36//20170427-VeryMax/ITS/From_T2__tqli.c.i.tqli.pl.t2.fixed.t2__p24999_terminationG_0.smt2 : 300040 ms.
--------------------------------------------------
timeout
../QF_NIA_split/QF_NIA_2_36//20170427-VeryMax/ITS/From_T2__tqli.c.i.tqli.pl.t2.fixed.t2__p25000_terminationG_0.smt2 : 300036 ms.
--------------------------------------------------
timeout
../QF_NIA_split/QF_NIA_2_36//20170427-VeryMax/ITS/From_T2__tqli.c.i.tqli.pl.t2.fixed.t2__p25001_terminationG_0.smt2 : 300043 ms.
--------------------------------------------------
sat
../QF_NIA_split/QF_NIA_2_36//20170427-VeryMax/ITS/From_T2__tqli.c.i.tqli.pl.t2.fixed.t2__p25004_terminationG_0.smt2 : 207938 ms.
--------------------------------------------------
timeout
../QF_NIA_split/QF_NIA_2_36//20170427-VeryMax/ITS/From_T2__tqli.c.i.tqli.pl.t2.fixed.t2__p25005_terminationG_0.smt2 : 300039 ms.
--------------------------------------------------
timeout
../QF_NIA_split/QF_NIA_2_36//20170427-VeryMax/ITS/From_T2__tqli.c.i.tqli.pl.t2.fixed.t2__p25006_terminationG_0.smt2 : 300033 ms.
--------------------------------------------------
sat
../QF_NIA_split/QF_NIA_2_36//20170427-VeryMax/ITS/From_T2__tqli.c.i.tqli.pl.t2.fixed.t2__p25011_terminationG_0.smt2 : 4359 ms.
--------------------------------------------------
timeout
../QF_NIA_split/QF_NIA_2_36//20170427-VeryMax/ITS/From_T2__tqli.c.i.tqli.pl.t2.fixed.t2__p25012_terminationG_0.smt2 : 300034 ms.
--------------------------------------------------
timeout
../QF_NIA_split/QF_NIA_2_36//20170427-VeryMax/ITS/From_T2__tqli.c.i.tqli.pl.t2.fixed.t2__p25013_terminationG_0.smt2 : 300032 ms.
--------------------------------------------------
sat
../QF_NIA_split/QF_NIA_2_36//20170427-VeryMax/ITS/From_T2__tqli.c.i.tqli.pl.t2.fixed.t2__p25019_safety_0.smt2 : 462 ms.
--------------------------------------------------
sat
../QF_NIA_split/QF_NIA_2_36//20170427-VeryMax/ITS/From_T2__tqli.c.i.tqli.pl.t2.fixed.t2__p25020_safety_0.smt2 : 2020 ms.
--------------------------------------------------
sat
../QF_NIA_split/QF_NIA_2_36//20170427-VeryMax/ITS/From_T2__tqli.c.i.tqli.pl.t2.fixed.t2__p25025_safety_0.smt2 : 22668 ms.
--------------------------------------------------
sat
../QF_NIA_split/QF_NIA_2_36//20170427-VeryMax/ITS/From_T2__tqli.c.i.tqli.pl.t2.fixed.t2__p25028_terminationG_0.smt2 : 239618 ms.
--------------------------------------------------
timeout
../QF_NIA_split/QF_NIA_2_36//20170427-VeryMax/ITS/From_T2__tqli.c.i.tqli.pl.t2.fixed.t2__p25029_terminationG_0.smt2 : 300035 ms.
--------------------------------------------------
timeout
../QF_NIA_split/QF_NIA_2_36//20170427-VeryMax/ITS/From_T2__tqli.c.i.tqli.pl.t2.fixed.t2__p25030_terminationG_0.smt2 : 300036 ms.
--------------------------------------------------
timeout
../QF_NIA_split/QF_NIA_2_36//20170427-VeryMax/ITS/From_T2__tqli.c.i.tqli.pl.t2.fixed.t2__p25035_terminationG_0.smt2 : 300036 ms.
--------------------------------------------------
timeout
../QF_NIA_split/QF_NIA_2_36//20170427-VeryMax/ITS/From_T2__tqli.c.i.tqli.pl.t2.fixed.t2__p25036_terminationG_0.smt2 : 300035 ms.
--------------------------------------------------
timeout
../QF_NIA_split/QF_NIA_2_36//20170427-VeryMax/ITS/From_T2__tqli.c.i.tqli.pl.t2.fixed.t2__p25037_terminationG_0.smt2 : 300036 ms.
--------------------------------------------------
timeout
../QF_NIA_split/QF_NIA_2_36//20170427-VeryMax/ITS/From_T2__tqli.c.i.tqli.pl.t2.fixed.t2__p25041_edge_closing_0.smt2 : 300036 ms.
--------------------------------------------------
timeout
../QF_NIA_split/QF_NIA_2_36//20170427-VeryMax/ITS/From_T2__tqli.c.i.tqli.pl.t2.fixed.t2__p25042_edge_closing_0.smt2 : 300042 ms.
--------------------------------------------------
timeout
../QF_NIA_split/QF_NIA_2_36//20170427-VeryMax/ITS/From_T2__tqli.c.i.tqli.pl.t2.fixed.t2__p25043_edge_closing_0.smt2 : 300072 ms.
--------------------------------------------------
timeout
../QF_NIA_split/QF_NIA_2_36//20170427-VeryMax/ITS/From_T2__tqli.c.i.tqli.pl.t2.fixed.t2__p25045_edge_closing_0.smt2 : 300042 ms.
--------------------------------------------------
timeout
../QF_NIA_split/QF_NIA_2_36//20170427-VeryMax/ITS/From_T2__tqli.c.i.tqli.pl.t2.fixed.t2__p25046_edge_closing_0.smt2 : 300041 ms.
--------------------------------------------------
timeout
../QF_NIA_split/QF_NIA_2_36//20170427-VeryMax/ITS/From_T2__tqli.c.i.tqli.pl.t2.fixed.t2__p25047_edge_closing_0.smt2 : 300037 ms.
--------------------------------------------------
sat
../QF_NIA_split/QF_NIA_2_36//20170427-VeryMax/ITS/From_T2__tqli.c.i.tqli.pl.t2.fixed.t2__p25050_edge_closing_0.smt2 : 5708 ms.
--------------------------------------------------
timeout
../QF_NIA_split/QF_NIA_2_36//20170427-VeryMax/ITS/From_T2__tqli.c.i.tqli.pl.t2.fixed.t2__p25051_edge_closing_0.smt2 : 300045 ms.
--------------------------------------------------
timeout
../QF_NIA_split/QF_NIA_2_36//20170427-VeryMax/ITS/From_T2__tqli.c.i.tqli.pl.t2.fixed.t2__p25052_edge_closing_0.smt2 : 300046 ms.
--------------------------------------------------
timeout
../QF_NIA_split/QF_NIA_2_36//20170427-VeryMax/ITS/From_T2__tqli.c.i.tqli.pl.t2.fixed.t2__p25053_edge_closing_0.smt2 : 300031 ms.
--------------------------------------------------
timeout
../QF_NIA_split/QF_NIA_2_36//20170427-VeryMax/ITS/From_T2__tqli.c.i.tqli.pl.t2.fixed.t2__p25054_edge_closing_0.smt2 : 300033 ms.
--------------------------------------------------
timeout
../QF_NIA_split/QF_NIA_2_36//20170427-VeryMax/ITS/From_T2__tqli.c.i.tqli.pl.t2.fixed.t2__p25055_edge_closing_0.smt2 : 300043 ms.
--------------------------------------------------
timeout
../QF_NIA_split/QF_NIA_2_36//20170427-VeryMax/ITS/From_T2__tqli.c.i.tqli.pl.t2.fixed.t2__p25056_edge_closing_0.smt2 : 300047 ms.
--------------------------------------------------
timeout
../QF_NIA_split/QF_NIA_2_36//20170427-VeryMax/ITS/From_T2__tqli.c.i.tqli.pl.t2.fixed.t2__p25057_edge_closing_0.smt2 : 300040 ms.
--------------------------------------------------
timeout
../QF_NIA_split/QF_NIA_2_36//20170427-VeryMax/ITS/From_T2__tqli.c.i.tqli.pl.t2.fixed.t2__p25058_edge_closing_0.smt2 : 300039 ms.
--------------------------------------------------
sat
../QF_NIA_split/QF_NIA_2_36//20170427-VeryMax/ITS/From_T2__tqli.c.i.tqli.pl.t2.fixed.t2__terminationQ_0_0.smt2 : 39053 ms.
--------------------------------------------------
sat
../QF_NIA_split/QF_NIA_2_36//20170427-VeryMax/ITS/From_T2__tqli.c.i.tqli.pl.t2.fixed.t2__terminationQ_1_0.smt2 : 94401 ms.
--------------------------------------------------
sat
../QF_NIA_split/QF_NIA_2_36//20170427-VeryMax/ITS/From_T2__tqli.c.i.tqli.pl.t2.fixed.t2__term_unfeasibility_1_0.smt2 : 15975 ms.
--------------------------------------------------
unsat
../QF_NIA_split/QF_NIA_2_36//20170427-VeryMax/ITS/From_T2__tqli.c.i.tqli.pl.t2.fixed.t2__term_unfeasibility_2_0.smt2 : 57603 ms.
--------------------------------------------------
timeout
../QF_NIA_split/QF_NIA_2_36//20170427-VeryMax/ITS/From_T2__tqli.c.i.tqli.pl.t2.nor.t2.rlgfixed.t2__p25067_terminationG_0.smt2 : 300035 ms.
--------------------------------------------------
timeout
../QF_NIA_split/QF_NIA_2_36//20170427-VeryMax/ITS/From_T2__tqli.c.i.tqli.pl.t2.nor.t2.rlgfixed.t2__p25068_terminationG_0.smt2 : 300028 ms.
--------------------------------------------------
timeout
../QF_NIA_split/QF_NIA_2_36//20170427-VeryMax/ITS/From_T2__tqli.c.i.tqli.pl.t2.nor.t2.rlgfixed.t2__p25069_terminationG_0.smt2 : 300034 ms.
--------------------------------------------------
sat
../QF_NIA_split/QF_NIA_2_36//20170427-VeryMax/ITS/From_T2__tqli.c.i.tqli.pl.t2.nor.t2.rlgfixed.t2__p25072_terminationG_0.smt2 : 222188 ms.
--------------------------------------------------
timeout
../QF_NIA_split/QF_NIA_2_36//20170427-VeryMax/ITS/From_T2__tqli.c.i.tqli.pl.t2.nor.t2.rlgfixed.t2__p25073_terminationG_0.smt2 : 300033 ms.
--------------------------------------------------
timeout
../QF_NIA_split/QF_NIA_2_36//20170427-VeryMax/ITS/From_T2__tqli.c.i.tqli.pl.t2.nor.t2.rlgfixed.t2__p25074_terminationG_0.smt2 : 300039 ms.
--------------------------------------------------
timeout
../QF_NIA_split/QF_NIA_2_36//20170427-VeryMax/ITS/From_T2__tqli.c.i.tqli.pl.t2.nor.t2.rlgfixed.t2__p25077_terminationG_0.smt2 : 300036 ms.
--------------------------------------------------
timeout
../QF_NIA_split/QF_NIA_2_36//20170427-VeryMax/ITS/From_T2__tqli.c.i.tqli.pl.t2.nor.t2.rlgfixed.t2__p25078_terminationG_0.smt2 : 300040 ms.
--------------------------------------------------
timeout
../QF_NIA_split/QF_NIA_2_36//20170427-VeryMax/ITS/From_T2__tqli.c.i.tqli.pl.t2.nor.t2.rlgfixed.t2__p25079_terminationG_0.smt2 : 300045 ms.
--------------------------------------------------
timeout
../QF_NIA_split/QF_NIA_2_36//20170427-VeryMax/ITS/From_T2__tqli.c.i.tqli.pl.t2.nor.t2.rlgfixed.t2__p25082_terminationG_0.smt2 : 300045 ms.
--------------------------------------------------
timeout
../QF_NIA_split/QF_NIA_2_36//20170427-VeryMax/ITS/From_T2__tqli.c.i.tqli.pl.t2.nor.t2.rlgfixed.t2__p25083_terminationG_0.smt2 : 300054 ms.
--------------------------------------------------
timeout
../QF_NIA_split/QF_NIA_2_36//20170427-VeryMax/ITS/From_T2__tqli.c.i.tqli.pl.t2.nor.t2.rlgfixed.t2__p25084_terminationG_0.smt2 : 300047 ms.
--------------------------------------------------
timeout
../QF_NIA_split/QF_NIA_2_36//20170427-VeryMax/ITS/From_T2__tqli.c.i.tqli.pl.t2.nor.t2.rlgfixed.t2__p25093_edge_closing_0.smt2 : 300052 ms.
--------------------------------------------------
timeout
../QF_NIA_split/QF_NIA_2_36//20170427-VeryMax/ITS/From_T2__tqli.c.i.tqli.pl.t2.nor.t2.rlgfixed.t2__p25094_edge_closing_0.smt2 : 300050 ms.
--------------------------------------------------
timeout
../QF_NIA_split/QF_NIA_2_36//20170427-VeryMax/ITS/From_T2__tqli.c.i.tqli.pl.t2.nor.t2.rlgfixed.t2__p25095_edge_closing_0.smt2 : 300049 ms.
--------------------------------------------------
timeout
../QF_NIA_split/QF_NIA_2_36//20170427-VeryMax/ITS/From_T2__tqli.c.i.tqli.pl.t2.nor.t2.rlgfixed.t2__p25097_edge_closing_0.smt2 : 300045 ms.
--------------------------------------------------
timeout
../QF_NIA_split/QF_NIA_2_36//20170427-VeryMax/ITS/From_T2__tqli.c.i.tqli.pl.t2.nor.t2.rlgfixed.t2__p25098_edge_closing_0.smt2 : 300049 ms.
--------------------------------------------------
timeout
../QF_NIA_split/QF_NIA_2_36//20170427-VeryMax/ITS/From_T2__tqli.c.i.tqli.pl.t2.nor.t2.rlgfixed.t2__p25099_edge_closing_0.smt2 : 300048 ms.
--------------------------------------------------
timeout
../QF_NIA_split/QF_NIA_2_36//20170427-VeryMax/ITS/From_T2__tqli.c.i.tqli.pl.t2.nor.t2.rlgfixed.t2__p25100_edge_closing_0.smt2 : 300051 ms.
--------------------------------------------------
timeout
../QF_NIA_split/QF_NIA_2_36//20170427-VeryMax/ITS/From_T2__tqli.c.i.tqli.pl.t2.nor.t2.rlgfixed.t2__p25101_edge_closing_0.smt2 : 300045 ms.
--------------------------------------------------
timeout
../QF_NIA_split/QF_NIA_2_36//20170427-VeryMax/ITS/From_T2__tqli.c.i.tqli.pl.t2.nor.t2.rlgfixed.t2__p25102_edge_closing_0.smt2 : 300042 ms.
--------------------------------------------------
sat
../QF_NIA_split/QF_NIA_2_36//20170427-VeryMax/ITS/From_T2__tqli.c.i.tqli.pl.t2.nor.t2.rlgfixed.t2__p25105_edge_closing_0.smt2 : 5162 ms.
--------------------------------------------------
timeout
../QF_NIA_split/QF_NIA_2_36//20170427-VeryMax/ITS/From_T2__tqli.c.i.tqli.pl.t2.nor.t2.rlgfixed.t2__p25106_edge_closing_0.smt2 : 300041 ms.
--------------------------------------------------
timeout
../QF_NIA_split/QF_NIA_2_36//20170427-VeryMax/ITS/From_T2__tqli.c.i.tqli.pl.t2.nor.t2.rlgfixed.t2__p25107_edge_closing_0.smt2 : 300040 ms.
--------------------------------------------------
timeout
../QF_NIA_split/QF_NIA_2_36//20170427-VeryMax/ITS/From_T2__tqli.c.i.tqli.pl.t2.nor.t2.rlgfixed.t2__p25108_edge_closing_0.smt2 : 300043 ms.
--------------------------------------------------
timeout
../QF_NIA_split/QF_NIA_2_36//20170427-VeryMax/ITS/From_T2__tqli.c.i.tqli.pl.t2.nor.t2.rlgfixed.t2__p25109_edge_closing_0.smt2 : 300048 ms.
--------------------------------------------------
timeout
../QF_NIA_split/QF_NIA_2_36//20170427-VeryMax/ITS/From_T2__tqli.c.i.tqli.pl.t2.nor.t2.rlgfixed.t2__p25110_edge_closing_0.smt2 : 300052 ms.
--------------------------------------------------
sat
../QF_NIA_split/QF_NIA_2_36//20170427-VeryMax/ITS/From_T2__tqli.c.i.tqli.pl.t2.nor.t2.rlgfixed.t2__terminationQ_0_0.smt2 : 34947 ms.
--------------------------------------------------
sat
../QF_NIA_split/QF_NIA_2_36//20170427-VeryMax/ITS/From_T2__tqli.c.i.tqli.pl.t2.nor.t2.rlgfixed.t2__terminationQ_1_0.smt2 : 87279 ms.
--------------------------------------------------
sat
../QF_NIA_split/QF_NIA_2_36//20170427-VeryMax/ITS/From_T2__tqli.c.i.tqli.pl.t2.nor.t2.rlgfixed.t2__terminationQ_2_0.smt2 : 78951 ms.
--------------------------------------------------
sat
../QF_NIA_split/QF_NIA_2_36//20170427-VeryMax/ITS/From_T2__tqli.c.i.tqli.pl.t2.nor.t2.rlgfixed.t2__terminationQ_3_0.smt2 : 112426 ms.
--------------------------------------------------
unsat
../QF_NIA_split/QF_NIA_2_36//20170427-VeryMax/ITS/From_T2__tqli.c.i.tqli.pl.t2.nor.t2.rlgfixed.t2__terminationS_0_0.smt2 : 5056 ms.
--------------------------------------------------
unsat
../QF_NIA_split/QF_NIA_2_36//20170427-VeryMax/ITS/From_T2__tqli.c.i.tqli.pl.t2.nor.t2.rlgfixed.t2__terminationS_1_0.smt2 : 29872 ms.
--------------------------------------------------
unsat
../QF_NIA_split/QF_NIA_2_36//20170427-VeryMax/ITS/From_T2__tqli.c.i.tqli.pl.t2.nor.t2.rlgfixed.t2__terminationS_11_0.smt2 : 4868 ms.
--------------------------------------------------
unsat
../QF_NIA_split/QF_NIA_2_36//20170427-VeryMax/ITS/From_T2__tqli.c.i.tqli.pl.t2.nor.t2.rlgfixed.t2__terminationS_19_0.smt2 : 80333 ms.
--------------------------------------------------
unsat
../QF_NIA_split/QF_NIA_2_36//20170427-VeryMax/ITS/From_T2__tqli.c.i.tqli.pl.t2.nor.t2.rlgfixed.t2__terminationS_2_0.smt2 : 5864 ms.
--------------------------------------------------
unsat
../QF_NIA_split/QF_NIA_2_36//20170427-VeryMax/ITS/From_T2__tqli.c.i.tqli.pl.t2.nor.t2.rlgfixed.t2__terminationS_3_0.smt2 : 40170 ms.
--------------------------------------------------
sat
../QF_NIA_split/QF_NIA_2_36//20170427-VeryMax/ITS/From_T2__tqli.c.i.tqli.pl.t2.nor.t2.rlgfixed.t2__term_unfeasibility_1_0.smt2 : 110686 ms.
--------------------------------------------------
unsat
../QF_NIA_split/QF_NIA_2_36//20170427-VeryMax/ITS/From_T2__tqli.c.i.tqli.pl.t2.nor.t2.rlgfixed.t2__term_unfeasibility_2_0.smt2 : 154036 ms.
--------------------------------------------------
sat
../QF_NIA_split/QF_NIA_2_36//20170427-VeryMax/ITS/From_T2__tqli.t2_fixed__p25119_terminationG_0.smt2 : 250866 ms.
--------------------------------------------------
timeout
../QF_NIA_split/QF_NIA_2_36//20170427-VeryMax/ITS/From_T2__tqli.t2_fixed__p25120_terminationG_0.smt2 : 300043 ms.
--------------------------------------------------
timeout
../QF_NIA_split/QF_NIA_2_36//20170427-VeryMax/ITS/From_T2__tqli.t2_fixed__p25121_terminationG_0.smt2 : 300043 ms.
--------------------------------------------------
timeout
../QF_NIA_split/QF_NIA_2_36//20170427-VeryMax/ITS/From_T2__tqli.t2_fixed__p25126_terminationG_0.smt2 : 300038 ms.
--------------------------------------------------
timeout
../QF_NIA_split/QF_NIA_2_36//20170427-VeryMax/ITS/From_T2__tqli.t2_fixed__p25127_terminationG_0.smt2 : 300043 ms.
--------------------------------------------------
timeout
../QF_NIA_split/QF_NIA_2_36//20170427-VeryMax/ITS/From_T2__tqli.t2_fixed__p25128_terminationG_0.smt2 : 300049 ms.
--------------------------------------------------
timeout
../QF_NIA_split/QF_NIA_2_36//20170427-VeryMax/ITS/From_T2__tqli.t2_fixed__p25131_terminationG_0.smt2 : 300045 ms.
--------------------------------------------------
timeout
../QF_NIA_split/QF_NIA_2_36//20170427-VeryMax/ITS/From_T2__tqli.t2_fixed__p25132_terminationG_0.smt2 : 300049 ms.
--------------------------------------------------
timeout
../QF_NIA_split/QF_NIA_2_36//20170427-VeryMax/ITS/From_T2__tqli.t2_fixed__p25133_terminationG_0.smt2 : 300052 ms.
--------------------------------------------------
timeout
../QF_NIA_split/QF_NIA_2_36//20170427-VeryMax/ITS/From_T2__tqli.t2_fixed__p25140_terminationG_0.smt2 : 300046 ms.
--------------------------------------------------
timeout
../QF_NIA_split/QF_NIA_2_36//20170427-VeryMax/ITS/From_T2__tqli.t2_fixed__p25141_terminationG_0.smt2 : 300052 ms.
--------------------------------------------------
timeout
../QF_NIA_split/QF_NIA_2_36//20170427-VeryMax/ITS/From_T2__tqli.t2_fixed__p25142_terminationG_0.smt2 : 300050 ms.
--------------------------------------------------
timeout
../QF_NIA_split/QF_NIA_2_36//20170427-VeryMax/ITS/From_T2__tqli.t2_fixed__p25145_terminationG_0.smt2 : 300037 ms.
--------------------------------------------------
timeout
../QF_NIA_split/QF_NIA_2_36//20170427-VeryMax/ITS/From_T2__tqli.t2_fixed__p25146_terminationG_0.smt2 : 300036 ms.
--------------------------------------------------
timeout
../QF_NIA_split/QF_NIA_2_36//20170427-VeryMax/ITS/From_T2__tqli.t2_fixed__p25147_terminationG_0.smt2 : 300045 ms.
--------------------------------------------------
timeout
../QF_NIA_split/QF_NIA_2_36//20170427-VeryMax/ITS/From_T2__tqli.t2_fixed__p25152_terminationG_0.smt2 : 300045 ms.
--------------------------------------------------
timeout
../QF_NIA_split/QF_NIA_2_36//20170427-VeryMax/ITS/From_T2__tqli.t2_fixed__p25153_terminationG_0.smt2 : 300038 ms.
--------------------------------------------------
timeout
../QF_NIA_split/QF_NIA_2_36//20170427-VeryMax/ITS/From_T2__tqli.t2_fixed__p25154_terminationG_0.smt2 : 300045 ms.
--------------------------------------------------
timeout
../QF_NIA_split/QF_NIA_2_36//20170427-VeryMax/ITS/From_T2__tqli.t2_fixed__p25159_terminationG_0.smt2 : 300045 ms.
--------------------------------------------------
timeout
../QF_NIA_split/QF_NIA_2_36//20170427-VeryMax/ITS/From_T2__tqli.t2_fixed__p25160_terminationG_0.smt2 : 300048 ms.
--------------------------------------------------
timeout
../QF_NIA_split/QF_NIA_2_36//20170427-VeryMax/ITS/From_T2__tqli.t2_fixed__p25161_terminationG_0.smt2 : 300052 ms.
--------------------------------------------------
timeout
../QF_NIA_split/QF_NIA_2_36//20170427-VeryMax/ITS/From_T2__tqli.t2_fixed__p25165_terminationG_0.smt2 : 300040 ms.
--------------------------------------------------
timeout
../QF_NIA_split/QF_NIA_2_36//20170427-VeryMax/ITS/From_T2__tqli.t2_fixed__p25166_terminationG_0.smt2 : 300050 ms.
--------------------------------------------------
timeout
../QF_NIA_split/QF_NIA_2_36//20170427-VeryMax/ITS/From_T2__tqli.t2_fixed__p25167_terminationG_0.smt2 : 300049 ms.
--------------------------------------------------
timeout
../QF_NIA_split/QF_NIA_2_36//20170427-VeryMax/ITS/From_T2__tqli.t2_fixed__p25174_terminationG_0.smt2 : 300047 ms.
--------------------------------------------------
timeout
../QF_NIA_split/QF_NIA_2_36//20170427-VeryMax/ITS/From_T2__tqli.t2_fixed__p25175_terminationG_0.smt2 : 300050 ms.
--------------------------------------------------
timeout
../QF_NIA_split/QF_NIA_2_36//20170427-VeryMax/ITS/From_T2__tqli.t2_fixed__p25176_terminationG_0.smt2 : 300052 ms.
--------------------------------------------------
timeout
../QF_NIA_split/QF_NIA_2_36//20170427-VeryMax/ITS/From_T2__tqli.t2_fixed__p25185_edge_closing_0.smt2 : 300052 ms.
--------------------------------------------------
timeout
../QF_NIA_split/QF_NIA_2_36//20170427-VeryMax/ITS/From_T2__tqli.t2_fixed__p25186_edge_closing_0.smt2 : 300057 ms.
--------------------------------------------------
timeout
../QF_NIA_split/QF_NIA_2_36//20170427-VeryMax/ITS/From_T2__tqli.t2_fixed__p25187_edge_closing_0.smt2 : 300058 ms.
--------------------------------------------------
sat
../QF_NIA_split/QF_NIA_2_36//20170427-VeryMax/ITS/From_T2__tqli.t2_fixed__p25189_edge_closing_0.smt2 : 6390 ms.
--------------------------------------------------
timeout
../QF_NIA_split/QF_NIA_2_36//20170427-VeryMax/ITS/From_T2__tqli.t2_fixed__p25190_edge_closing_0.smt2 : 300044 ms.
--------------------------------------------------
timeout
../QF_NIA_split/QF_NIA_2_36//20170427-VeryMax/ITS/From_T2__tqli.t2_fixed__p25191_edge_closing_0.smt2 : 300049 ms.
--------------------------------------------------
timeout
../QF_NIA_split/QF_NIA_2_36//20170427-VeryMax/ITS/From_T2__tqli.t2_fixed__p25196_edge_closing_0.smt2 : 300057 ms.
--------------------------------------------------
timeout
../QF_NIA_split/QF_NIA_2_36//20170427-VeryMax/ITS/From_T2__tqli.t2_fixed__p25197_edge_closing_0.smt2 : 300049 ms.
--------------------------------------------------
timeout
../QF_NIA_split/QF_NIA_2_36//20170427-VeryMax/ITS/From_T2__tqli.t2_fixed__p25198_edge_closing_0.smt2 : 300042 ms.
--------------------------------------------------
sat
../QF_NIA_split/QF_NIA_2_36//20170427-VeryMax/ITS/From_T2__tqli.t2_fixed__p25199_edge_closing_0.smt2 : 6427 ms.
--------------------------------------------------
timeout
../QF_NIA_split/QF_NIA_2_36//20170427-VeryMax/ITS/From_T2__tqli.t2_fixed__p25200_edge_closing_0.smt2 : 300044 ms.
--------------------------------------------------
timeout
../QF_NIA_split/QF_NIA_2_36//20170427-VeryMax/ITS/From_T2__tqli.t2_fixed__p25201_edge_closing_0.smt2 : 300053 ms.
--------------------------------------------------
sat
../QF_NIA_split/QF_NIA_2_36//20170427-VeryMax/ITS/From_T2__tqli.t2_fixed__p25202_edge_closing_0.smt2 : 6349 ms.
--------------------------------------------------
timeout
../QF_NIA_split/QF_NIA_2_36//20170427-VeryMax/ITS/From_T2__tqli.t2_fixed__p25203_edge_closing_0.smt2 : 300049 ms.
--------------------------------------------------
timeout
../QF_NIA_split/QF_NIA_2_36//20170427-VeryMax/ITS/From_T2__tqli.t2_fixed__p25204_edge_closing_0.smt2 : 300046 ms.
--------------------------------------------------
sat
../QF_NIA_split/QF_NIA_2_36//20170427-VeryMax/ITS/From_T2__tqli.t2_fixed__terminationQ_0_0.smt2 : 99346 ms.
--------------------------------------------------
sat
../QF_NIA_split/QF_NIA_2_36//20170427-VeryMax/ITS/From_T2__tqli.t2_fixed__terminationQ_1_0.smt2 : 130948 ms.
--------------------------------------------------
sat
../QF_NIA_split/QF_NIA_2_36//20170427-VeryMax/ITS/From_T2__tqli.t2_fixed__terminationQ_2_0.smt2 : 84592 ms.
--------------------------------------------------
sat
../QF_NIA_split/QF_NIA_2_36//20170427-VeryMax/ITS/From_T2__tqli.t2_fixed__terminationQ_3_0.smt2 : 109797 ms.
--------------------------------------------------
sat
../QF_NIA_split/QF_NIA_2_36//20170427-VeryMax/ITS/From_T2__tqli.t2_fixed__terminationQ_4_0.smt2 : 109484 ms.
--------------------------------------------------
sat
../QF_NIA_split/QF_NIA_2_36//20170427-VeryMax/ITS/From_T2__tqli.t2_fixed__terminationQ_5_0.smt2 : 121400 ms.
--------------------------------------------------
timeout
../QF_NIA_split/QF_NIA_2_36//20170427-VeryMax/ITS/From_T2__tqli.t2_fixed__terminationQ_6_0.smt2 : 300042 ms.
--------------------------------------------------
unsat
../QF_NIA_split/QF_NIA_2_36//20170427-VeryMax/ITS/From_T2__tqli.t2_fixed__terminationS_10_0.smt2 : 72478 ms.
--------------------------------------------------
unsat
../QF_NIA_split/QF_NIA_2_36//20170427-VeryMax/ITS/From_T2__tqli.t2_fixed__terminationS_6_0.smt2 : 60147 ms.
--------------------------------------------------
timeout
../QF_NIA_split/QF_NIA_2_36//20170427-VeryMax/ITS/From_T2__tqli.t2_fixed__terminationS_8_0.smt2 : 300051 ms.
--------------------------------------------------
sat
../QF_NIA_split/QF_NIA_2_36//20170427-VeryMax/ITS/From_T2__tqli.t2_fixed__term_unfeasibility_1_0.smt2 : 27017 ms.
--------------------------------------------------
unsat
../QF_NIA_split/QF_NIA_2_36//20170427-VeryMax/ITS/From_T2__tqli.t2_fixed__term_unfeasibility_2_0.smt2 : 149077 ms.
--------------------------------------------------
timeout
../QF_NIA_split/QF_NIA_2_36//20170427-VeryMax/ITS/From_T2__tqli.t2__p25215_terminationG_0.smt2 : 300050 ms.
--------------------------------------------------
timeout
../QF_NIA_split/QF_NIA_2_36//20170427-VeryMax/ITS/From_T2__tqli.t2__p25216_terminationG_0.smt2 : 300048 ms.
--------------------------------------------------
timeout
../QF_NIA_split/QF_NIA_2_36//20170427-VeryMax/ITS/From_T2__tqli.t2__p25217_terminationG_0.smt2 : 300055 ms.
--------------------------------------------------
timeout
../QF_NIA_split/QF_NIA_2_36//20170427-VeryMax/ITS/From_T2__tqli.t2__p25222_terminationG_0.smt2 : 300044 ms.
--------------------------------------------------
timeout
../QF_NIA_split/QF_NIA_2_36//20170427-VeryMax/ITS/From_T2__tqli.t2__p25223_terminationG_0.smt2 : 300049 ms.
--------------------------------------------------
timeout
../QF_NIA_split/QF_NIA_2_36//20170427-VeryMax/ITS/From_T2__tqli.t2__p25224_terminationG_0.smt2 : 300049 ms.
--------------------------------------------------
timeout
../QF_NIA_split/QF_NIA_2_36//20170427-VeryMax/ITS/From_T2__tqli.t2__p25229_terminationG_0.smt2 : 300051 ms.
--------------------------------------------------
timeout
../QF_NIA_split/QF_NIA_2_36//20170427-VeryMax/ITS/From_T2__tqli.t2__p25230_terminationG_0.smt2 : 300042 ms.
--------------------------------------------------
timeout
../QF_NIA_split/QF_NIA_2_36//20170427-VeryMax/ITS/From_T2__tqli.t2__p25231_terminationG_0.smt2 : 300052 ms.
--------------------------------------------------
timeout
../QF_NIA_split/QF_NIA_2_36//20170427-VeryMax/ITS/From_T2__tqli.t2__p25238_terminationG_0.smt2 : 300051 ms.
--------------------------------------------------
timeout
../QF_NIA_split/QF_NIA_2_36//20170427-VeryMax/ITS/From_T2__tqli.t2__p25239_terminationG_0.smt2 : 300040 ms.
--------------------------------------------------
timeout
../QF_NIA_split/QF_NIA_2_36//20170427-VeryMax/ITS/From_T2__tqli.t2__p25240_terminationG_0.smt2 : 300049 ms.
--------------------------------------------------
timeout
../QF_NIA_split/QF_NIA_2_36//20170427-VeryMax/ITS/From_T2__tqli.t2__p25247_terminationG_0.smt2 : 300047 ms.
--------------------------------------------------
timeout
../QF_NIA_split/QF_NIA_2_36//20170427-VeryMax/ITS/From_T2__tqli.t2__p25248_terminationG_0.smt2 : 300043 ms.
--------------------------------------------------
timeout
../QF_NIA_split/QF_NIA_2_36//20170427-VeryMax/ITS/From_T2__tqli.t2__p25249_terminationG_0.smt2 : 300050 ms.
--------------------------------------------------
timeout
../QF_NIA_split/QF_NIA_2_36//20170427-VeryMax/ITS/From_T2__tqli.t2__p25256_terminationG_0.smt2 : 300055 ms.
--------------------------------------------------
timeout
../QF_NIA_split/QF_NIA_2_36//20170427-VeryMax/ITS/From_T2__tqli.t2__p25257_terminationG_0.smt2 : 300054 ms.
--------------------------------------------------
timeout
../QF_NIA_split/QF_NIA_2_36//20170427-VeryMax/ITS/From_T2__tqli.t2__p25258_terminationG_0.smt2 : 300065 ms.
--------------------------------------------------
timeout
../QF_NIA_split/QF_NIA_2_36//20170427-VeryMax/ITS/From_T2__tqli.t2__p25267_edge_closing_0.smt2 : 300059 ms.
--------------------------------------------------
timeout
../QF_NIA_split/QF_NIA_2_36//20170427-VeryMax/ITS/From_T2__tqli.t2__p25268_edge_closing_0.smt2 : 300056 ms.
--------------------------------------------------
timeout
../QF_NIA_split/QF_NIA_2_36//20170427-VeryMax/ITS/From_T2__tqli.t2__p25269_edge_closing_0.smt2 : 300052 ms.
--------------------------------------------------
sat
../QF_NIA_split/QF_NIA_2_36//20170427-VeryMax/ITS/From_T2__tqli.t2__p25271_edge_closing_0.smt2 : 5888 ms.
--------------------------------------------------
timeout
../QF_NIA_split/QF_NIA_2_36//20170427-VeryMax/ITS/From_T2__tqli.t2__p25272_edge_closing_0.smt2 : 300058 ms.
--------------------------------------------------
timeout
../QF_NIA_split/QF_NIA_2_36//20170427-VeryMax/ITS/From_T2__tqli.t2__p25273_edge_closing_0.smt2 : 300053 ms.
--------------------------------------------------
sat
../QF_NIA_split/QF_NIA_2_36//20170427-VeryMax/ITS/From_T2__tqli.t2__terminationQ_0_0.smt2 : 25763 ms.
--------------------------------------------------
sat
../QF_NIA_split/QF_NIA_2_36//20170427-VeryMax/ITS/From_T2__tqli.t2__terminationQ_1_0.smt2 : 31182 ms.
--------------------------------------------------
sat
../QF_NIA_split/QF_NIA_2_36//20170427-VeryMax/ITS/From_T2__tqli.t2__terminationQ_2_0.smt2 : 80181 ms.
--------------------------------------------------
sat
../QF_NIA_split/QF_NIA_2_36//20170427-VeryMax/ITS/From_T2__tqli.t2__terminationQ_3_0.smt2 : 184530 ms.
--------------------------------------------------
sat
../QF_NIA_split/QF_NIA_2_36//20170427-VeryMax/ITS/From_T2__tqli.t2__terminationQ_4_0.smt2 : 176598 ms.
--------------------------------------------------
unsat
../QF_NIA_split/QF_NIA_2_36//20170427-VeryMax/ITS/From_T2__tqli.t2__terminationS_14_0.smt2 : 216855 ms.
--------------------------------------------------
sat
../QF_NIA_split/QF_NIA_2_36//20170427-VeryMax/ITS/From_T2__tqli.t2__term_unfeasibility_1_0.smt2 : 21575 ms.
--------------------------------------------------
unsat
../QF_NIA_split/QF_NIA_2_36//20170427-VeryMax/ITS/From_T2__tqli.t2__term_unfeasibility_2_0.smt2 : 73394 ms.
--------------------------------------------------
unsat
../QF_NIA_split/QF_NIA_2_36//20170427-VeryMax/ITS/From_T2__traverse2.t2_fixed__term_unfeasibility_2_0.smt2 : 1242 ms.
--------------------------------------------------
unsat
../QF_NIA_split/QF_NIA_2_36//20170427-VeryMax/ITS/From_T2__traverse_seg.t2_fixed__term_unfeasibility_1_0.smt2 : 4059 ms.
--------------------------------------------------
sat
../QF_NIA_split/QF_NIA_2_36//20170427-VeryMax/ITS/From_T2__ud.t2_fixed__p25353_terminationG_0.smt2 : 8226 ms.
--------------------------------------------------
timeout
../QF_NIA_split/QF_NIA_2_36//20170427-VeryMax/ITS/From_T2__ud.t2_fixed__p25354_terminationG_0.smt2 : 300083 ms.
--------------------------------------------------
sat
../QF_NIA_split/QF_NIA_2_36//20170427-VeryMax/ITS/From_T2__ud.t2_fixed__term_unfeasibility_1_0.smt2 : 1593 ms.
--------------------------------------------------
unsat
../QF_NIA_split/QF_NIA_2_36//20170427-VeryMax/ITS/From_T2__ud.t2_fixed__term_unfeasibility_2_0.smt2 : 5666 ms.
--------------------------------------------------
sat
../QF_NIA_split/QF_NIA_2_36//20170427-VeryMax/ITS/From_T2__ud.t2__p25362_terminationG_0.smt2 : 22414 ms.
--------------------------------------------------
timeout
../QF_NIA_split/QF_NIA_2_36//20170427-VeryMax/ITS/From_T2__ud.t2__p25363_terminationG_0.smt2 : 300084 ms.
--------------------------------------------------
sat
../QF_NIA_split/QF_NIA_2_36//20170427-VeryMax/ITS/From_T2__ud.t2__term_unfeasibility_1_0.smt2 : 1577 ms.
--------------------------------------------------
unsat
../QF_NIA_split/QF_NIA_2_36//20170427-VeryMax/ITS/From_T2__ud.t2__term_unfeasibility_2_0.smt2 : 5963 ms.
--------------------------------------------------
unsat
../QF_NIA_split/QF_NIA_2_36//20170427-VeryMax/ITS/From_T2__w2_nt.t2__p25381_terminationG_0.smt2 : 3460 ms.
--------------------------------------------------
timeout
../QF_NIA_split/QF_NIA_2_36//20170427-VeryMax/ITS/From_T2__w2_nt.t2__p25382_terminationG_0.smt2 : 300033 ms.
--------------------------------------------------
timeout
../QF_NIA_split/QF_NIA_2_36//20170427-VeryMax/ITS/From_T2__w2_nt.t2__p25384_safety_0.smt2 : 300037 ms.
--------------------------------------------------
timeout
../QF_NIA_split/QF_NIA_2_36//20170427-VeryMax/ITS/From_T2__w2_nt.t2__p25385_safety_0.smt2 : 300037 ms.
--------------------------------------------------
sat
../QF_NIA_split/QF_NIA_2_36//20170427-VeryMax/ITS/From_T2__w3_nt.t2__p25397_safety_0.smt2 : 1022 ms.
--------------------------------------------------
sat
../QF_NIA_split/QF_NIA_2_36//20170427-VeryMax/ITS/From_T2__w3_nt.t2__p25398_safety_0.smt2 : 33341 ms.
--------------------------------------------------
unsat
../QF_NIA_split/QF_NIA_2_36//20170427-VeryMax/ITS/From_T2__w3_nt.t2__p25400_safety_0.smt2 : 4937 ms.
--------------------------------------------------
timeout
../QF_NIA_split/QF_NIA_2_36//20170427-VeryMax/ITS/From_T2__w3_nt.t2__p25401_safety_0.smt2 : 300026 ms.
--------------------------------------------------
sat
../QF_NIA_split/QF_NIA_2_36//20170427-VeryMax/ITS/From_T2__walk.t2__p25524_terminationG_0.smt2 : 2170 ms.
--------------------------------------------------
unsat
../QF_NIA_split/QF_NIA_2_36//20170427-VeryMax/ITS/From_T2__walk.t2__p25530_terminationG_0.smt2 : 660 ms.
--------------------------------------------------
sat
../QF_NIA_split/QF_NIA_2_36//20170427-VeryMax/ITS/From_T2__walk.t2__p25531_terminationG_0.smt2 : 13917 ms.
--------------------------------------------------
sat
../QF_NIA_split/QF_NIA_2_36//20170427-VeryMax/ITS/From_T2__walk.t2__p25532_terminationG_0.smt2 : 158411 ms.
--------------------------------------------------
unsat
../QF_NIA_split/QF_NIA_2_36//20170427-VeryMax/ITS/From_T2__walk.t2__p25539_terminationG_0.smt2 : 1316 ms.
--------------------------------------------------
sat
../QF_NIA_split/QF_NIA_2_36//20170427-VeryMax/ITS/From_T2__walk.t2__p25540_terminationG_0.smt2 : 113215 ms.
--------------------------------------------------
sat
../QF_NIA_split/QF_NIA_2_36//20170427-VeryMax/ITS/From_T2__walk.t2__p25541_terminationG_0.smt2 : 58860 ms.
--------------------------------------------------
unsat
../QF_NIA_split/QF_NIA_2_36//20170427-VeryMax/ITS/From_T2__walk.t2__p25548_terminationG_0.smt2 : 1538 ms.
--------------------------------------------------
timeout
../QF_NIA_split/QF_NIA_2_36//20170427-VeryMax/ITS/From_T2__walk.t2__p25549_terminationG_0.smt2 : 300037 ms.
--------------------------------------------------
timeout
../QF_NIA_split/QF_NIA_2_36//20170427-VeryMax/ITS/From_T2__walk.t2__p25550_terminationG_0.smt2 : 300052 ms.
--------------------------------------------------
timeout
../QF_NIA_split/QF_NIA_2_36//20170427-VeryMax/ITS/From_T2__walk.t2__p25556_terminationG_0.smt2 : 300082 ms.
--------------------------------------------------
timeout
../QF_NIA_split/QF_NIA_2_36//20170427-VeryMax/ITS/From_T2__walk.t2__p25557_terminationG_0.smt2 : 300040 ms.
--------------------------------------------------
timeout
../QF_NIA_split/QF_NIA_2_36//20170427-VeryMax/ITS/From_T2__walk.t2__p25558_terminationG_0.smt2 : 300051 ms.
--------------------------------------------------
timeout
../QF_NIA_split/QF_NIA_2_36//20170427-VeryMax/ITS/From_T2__walk.t2__p25560_terminationG_0.smt2 : 300068 ms.
--------------------------------------------------
timeout
../QF_NIA_split/QF_NIA_2_36//20170427-VeryMax/ITS/From_T2__walk.t2__p25562_terminationG_0.smt2 : 300094 ms.
--------------------------------------------------
timeout
../QF_NIA_split/QF_NIA_2_36//20170427-VeryMax/ITS/From_T2__walk.t2__p25563_terminationG_0.smt2 : 300041 ms.
--------------------------------------------------
timeout
../QF_NIA_split/QF_NIA_2_36//20170427-VeryMax/ITS/From_T2__walk.t2__p25568_terminationG_0.smt2 : 300060 ms.
--------------------------------------------------
timeout
../QF_NIA_split/QF_NIA_2_36//20170427-VeryMax/ITS/From_T2__walk.t2__p25569_terminationG_0.smt2 : 300111 ms.
--------------------------------------------------
timeout
../QF_NIA_split/QF_NIA_2_36//20170427-VeryMax/ITS/From_T2__walk.t2__p25570_terminationG_0.smt2 : 300044 ms.
--------------------------------------------------
unsat
../QF_NIA_split/QF_NIA_2_36//20170427-VeryMax/ITS/From_T2__walk.t2__p25573_terminationG_0.smt2 : 298632 ms.
--------------------------------------------------
timeout
../QF_NIA_split/QF_NIA_2_36//20170427-VeryMax/ITS/From_T2__walk.t2__p25574_terminationG_0.smt2 : 300050 ms.
--------------------------------------------------
timeout
../QF_NIA_split/QF_NIA_2_36//20170427-VeryMax/ITS/From_T2__walk.t2__p25575_terminationG_0.smt2 : 300035 ms.
--------------------------------------------------
timeout
../QF_NIA_split/QF_NIA_2_36//20170427-VeryMax/ITS/From_T2__walk.t2__p25578_terminationG_0.smt2 : 300082 ms.
--------------------------------------------------
timeout
../QF_NIA_split/QF_NIA_2_36//20170427-VeryMax/ITS/From_T2__walk.t2__p25579_terminationG_0.smt2 : 300038 ms.
--------------------------------------------------
timeout
../QF_NIA_split/QF_NIA_2_36//20170427-VeryMax/ITS/From_T2__walk.t2__p25580_terminationG_0.smt2 : 300045 ms.
--------------------------------------------------
timeout
../QF_NIA_split/QF_NIA_2_36//20170427-VeryMax/ITS/From_T2__walk.t2__p25583_terminationG_0.smt2 : 300073 ms.
--------------------------------------------------
timeout
../QF_NIA_split/QF_NIA_2_36//20170427-VeryMax/ITS/From_T2__walk.t2__p25584_terminationG_0.smt2 : 300040 ms.
--------------------------------------------------
timeout
../QF_NIA_split/QF_NIA_2_36//20170427-VeryMax/ITS/From_T2__walk.t2__p25585_terminationG_0.smt2 : 300044 ms.
--------------------------------------------------
timeout
../QF_NIA_split/QF_NIA_2_36//20170427-VeryMax/ITS/From_T2__walk.t2__p25588_terminationG_0.smt2 : 300081 ms.
--------------------------------------------------
timeout
../QF_NIA_split/QF_NIA_2_36//20170427-VeryMax/ITS/From_T2__walk.t2__p25589_terminationG_0.smt2 : 300039 ms.
--------------------------------------------------
timeout
../QF_NIA_split/QF_NIA_2_36//20170427-VeryMax/ITS/From_T2__walk.t2__p25590_terminationG_0.smt2 : 300047 ms.
--------------------------------------------------
timeout
../QF_NIA_split/QF_NIA_2_36//20170427-VeryMax/ITS/From_T2__walk.t2__p25593_terminationG_0.smt2 : 300056 ms.
--------------------------------------------------
timeout
../QF_NIA_split/QF_NIA_2_36//20170427-VeryMax/ITS/From_T2__walk.t2__p25594_terminationG_0.smt2 : 300038 ms.
--------------------------------------------------
timeout
../QF_NIA_split/QF_NIA_2_36//20170427-VeryMax/ITS/From_T2__walk.t2__p25595_terminationG_0.smt2 : 300033 ms.
--------------------------------------------------
timeout
../QF_NIA_split/QF_NIA_2_36//20170427-VeryMax/ITS/From_T2__walk.t2__p25598_terminationG_0.smt2 : 300070 ms.
--------------------------------------------------
timeout
../QF_NIA_split/QF_NIA_2_36//20170427-VeryMax/ITS/From_T2__walk.t2__p25599_terminationG_0.smt2 : 300031 ms.
--------------------------------------------------
timeout
../QF_NIA_split/QF_NIA_2_36//20170427-VeryMax/ITS/From_T2__walk.t2__p25600_terminationG_0.smt2 : 300033 ms.
--------------------------------------------------
sat
../QF_NIA_split/QF_NIA_2_36//20170427-VeryMax/ITS/From_T2__walk.t2__p25604_edge_closing_0.smt2 : 26244 ms.
--------------------------------------------------
sat
../QF_NIA_split/QF_NIA_2_36//20170427-VeryMax/ITS/From_T2__walk.t2__p25606_edge_closing_0.smt2 : 8160 ms.
--------------------------------------------------
sat
../QF_NIA_split/QF_NIA_2_36//20170427-VeryMax/ITS/From_T2__walk.t2__p25607_edge_closing_0.smt2 : 2964 ms.
--------------------------------------------------
sat
../QF_NIA_split/QF_NIA_2_36//20170427-VeryMax/ITS/From_T2__walk.t2__p25608_edge_closing_0.smt2 : 186542 ms.
--------------------------------------------------
sat
../QF_NIA_split/QF_NIA_2_36//20170427-VeryMax/ITS/From_T2__walk.t2__p25609_edge_closing_0.smt2 : 2490 ms.
--------------------------------------------------
sat
../QF_NIA_split/QF_NIA_2_36//20170427-VeryMax/ITS/From_T2__walk.t2__p25610_edge_closing_0.smt2 : 16403 ms.
--------------------------------------------------
sat
../QF_NIA_split/QF_NIA_2_36//20170427-VeryMax/ITS/From_T2__walk.t2__p25611_edge_closing_0.smt2 : 58579 ms.
--------------------------------------------------
sat
../QF_NIA_split/QF_NIA_2_36//20170427-VeryMax/ITS/From_T2__walk.t2__p25613_edge_closing_0.smt2 : 285133 ms.
--------------------------------------------------
timeout
../QF_NIA_split/QF_NIA_2_36//20170427-VeryMax/ITS/From_T2__walk.t2__p25614_edge_closing_0.smt2 : 300044 ms.
--------------------------------------------------
timeout
../QF_NIA_split/QF_NIA_2_36//20170427-VeryMax/ITS/From_T2__walk.t2__terminationQ_9_0.smt2 : 300056 ms.
--------------------------------------------------
sat
../QF_NIA_split/QF_NIA_2_36//20170427-VeryMax/ITS/From_T2__weakness.t2__p25632_terminationG_0.smt2 : 3708 ms.
--------------------------------------------------
sat
../QF_NIA_split/QF_NIA_2_36//20170427-VeryMax/ITS/From_T2__weakness.t2__p25633_terminationG_0.smt2 : 9265 ms.
--------------------------------------------------
sat
../QF_NIA_split/QF_NIA_2_36//20170427-VeryMax/ITS/From_T2__weakness.t2__p25637_terminationG_0.smt2 : 8190 ms.
--------------------------------------------------
sat
../QF_NIA_split/QF_NIA_2_36//20170427-VeryMax/ITS/From_T2__weakness.t2__p25642_terminationG_0.smt2 : 40629 ms.
--------------------------------------------------
sat
../QF_NIA_split/QF_NIA_2_36//20170427-VeryMax/ITS/From_T2__weakness.t2__p25643_terminationG_0.smt2 : 229326 ms.
--------------------------------------------------
unsat
../QF_NIA_split/QF_NIA_2_36//20170427-VeryMax/ITS/From_T2__weakness.t2__p25646_terminationG_0.smt2 : 5407 ms.
--------------------------------------------------
sat
../QF_NIA_split/QF_NIA_2_36//20170427-VeryMax/ITS/From_T2__weakness.t2__p25647_terminationG_0.smt2 : 92227 ms.
--------------------------------------------------
sat
../QF_NIA_split/QF_NIA_2_36//20170427-VeryMax/ITS/From_T2__weakness.t2__p25648_terminationG_0.smt2 : 237214 ms.
--------------------------------------------------
sat
../QF_NIA_split/QF_NIA_2_36//20170427-VeryMax/ITS/From_T2__weakness.t2__p25653_terminationG_0.smt2 : 8066 ms.
--------------------------------------------------
timeout
../QF_NIA_split/QF_NIA_2_36//20170427-VeryMax/ITS/From_T2__weakness.t2__p25655_terminationG_0.smt2 : 300086 ms.
--------------------------------------------------
unsat
../QF_NIA_split/QF_NIA_2_36//20170427-VeryMax/ITS/From_T2__weakness.t2__p25658_terminationG_0.smt2 : 5469 ms.
--------------------------------------------------
timeout
../QF_NIA_split/QF_NIA_2_36//20170427-VeryMax/ITS/From_T2__weakness.t2__p25659_terminationG_0.smt2 : 300032 ms.
--------------------------------------------------
timeout
../QF_NIA_split/QF_NIA_2_36//20170427-VeryMax/ITS/From_T2__weakness.t2__p25660_terminationG_0.smt2 : 300046 ms.
--------------------------------------------------
unsat
../QF_NIA_split/QF_NIA_2_36//20170427-VeryMax/ITS/From_T2__weakness.t2__p25665_terminationG_0.smt2 : 62796 ms.
--------------------------------------------------
timeout
../QF_NIA_split/QF_NIA_2_36//20170427-VeryMax/ITS/From_T2__weakness.t2__p25666_terminationG_0.smt2 : 300041 ms.
--------------------------------------------------
timeout
../QF_NIA_split/QF_NIA_2_36//20170427-VeryMax/ITS/From_T2__weakness.t2__p25667_terminationG_0.smt2 : 300055 ms.
--------------------------------------------------
sat
../QF_NIA_split/QF_NIA_2_36//20170427-VeryMax/ITS/From_T2__weakness.t2__p25670_terminationG_0.smt2 : 12751 ms.
--------------------------------------------------
timeout
../QF_NIA_split/QF_NIA_2_36//20170427-VeryMax/ITS/From_T2__weakness.t2__p25671_terminationG_0.smt2 : 300040 ms.
--------------------------------------------------
timeout
../QF_NIA_split/QF_NIA_2_36//20170427-VeryMax/ITS/From_T2__weakness.t2__p25672_terminationG_0.smt2 : 300047 ms.
--------------------------------------------------
unsat
../QF_NIA_split/QF_NIA_2_36//20170427-VeryMax/ITS/From_T2__weakness.t2__p25677_terminationG_0.smt2 : 88924 ms.
--------------------------------------------------
timeout
../QF_NIA_split/QF_NIA_2_36//20170427-VeryMax/ITS/From_T2__weakness.t2__p25678_terminationG_0.smt2 : 300076 ms.
--------------------------------------------------
timeout
../QF_NIA_split/QF_NIA_2_36//20170427-VeryMax/ITS/From_T2__weakness.t2__p25679_terminationG_0.smt2 : 300047 ms.
--------------------------------------------------
sat
../QF_NIA_split/QF_NIA_2_36//20170427-VeryMax/ITS/From_T2__weakness.t2__p25682_terminationG_0.smt2 : 3934 ms.
--------------------------------------------------
timeout
../QF_NIA_split/QF_NIA_2_36//20170427-VeryMax/ITS/From_T2__weakness.t2__p25683_terminationG_0.smt2 : 300043 ms.
--------------------------------------------------
timeout
../QF_NIA_split/QF_NIA_2_36//20170427-VeryMax/ITS/From_T2__weakness.t2__p25684_terminationG_0.smt2 : 300039 ms.
--------------------------------------------------
unsat
../QF_NIA_split/QF_NIA_2_36//20170427-VeryMax/ITS/From_T2__wrong_loop.t2_fixed__p25705_terminationG_0.smt2 : 4954 ms.
--------------------------------------------------
unsat
../QF_NIA_split/QF_NIA_2_36//20170427-VeryMax/ITS/From_T2__wrong_loop.t2_fixed__p25706_terminationG_0.smt2 : 88756 ms.
--------------------------------------------------
sat
../QF_NIA_split/QF_NIA_2_36//20170427-VeryMax/ITS/From_T2__wrong_loop.t2_fixed__p25709_edge_closing_0.smt2 : 2261 ms.
--------------------------------------------------
sat
../QF_NIA_split/QF_NIA_2_36//20170427-VeryMax/ITS/From_T2__wrong_loop.t2_fixed__p25710_edge_closing_0.smt2 : 60850 ms.
--------------------------------------------------
sat
../QF_NIA_split/QF_NIA_2_36//20170427-VeryMax/ITS/From_T2__wrong_loop.t2_fixed__p25712_edge_closing_0.smt2 : 169 ms.
--------------------------------------------------
sat
../QF_NIA_split/QF_NIA_2_36//20170427-VeryMax/ITS/From_T2__wrong_loop.t2_fixed__p25713_edge_closing_0.smt2 : 895 ms.
--------------------------------------------------
sat
../QF_NIA_split/QF_NIA_2_36//20170427-VeryMax/ITS/From_T2__wrong_loop.t2_fixed__p25714_edge_closing_0.smt2 : 5269 ms.
--------------------------------------------------
sat
../QF_NIA_split/QF_NIA_2_36//20170427-VeryMax/ITS/From_T2__wrong_loop.t2__p25722_terminationG_0.smt2 : 1134 ms.
--------------------------------------------------
sat
../QF_NIA_split/QF_NIA_2_36//20170427-VeryMax/ITS/From_T2__wrong_loop.t2__p25723_terminationG_0.smt2 : 2316 ms.
--------------------------------------------------
sat
../QF_NIA_split/QF_NIA_2_36//20170427-VeryMax/ITS/From_T2__wrong_loop.t2__p25728_terminationG_0.smt2 : 2243 ms.
--------------------------------------------------
unsat
../QF_NIA_split/QF_NIA_2_36//20170427-VeryMax/ITS/From_T2__wrong_loop.t2__p25736_terminationG_0.smt2 : 709 ms.
--------------------------------------------------
unsat
../QF_NIA_split/QF_NIA_2_36//20170427-VeryMax/ITS/From_T2__wrong_loop.t2__p25737_terminationG_0.smt2 : 116594 ms.
--------------------------------------------------
timeout
../QF_NIA_split/QF_NIA_2_36//20170427-VeryMax/ITS/From_T2__wrong_loop.t2__p25738_terminationG_0.smt2 : 300046 ms.
--------------------------------------------------
sat
../QF_NIA_split/QF_NIA_2_36//20170427-VeryMax/ITS/From_T2__wrong_loop.t2__p25748_edge_closing_0.smt2 : 212 ms.
--------------------------------------------------
sat
../QF_NIA_split/QF_NIA_2_36//20170427-VeryMax/ITS/From_T2__wrong_loop.t2__p25749_edge_closing_0.smt2 : 3776 ms.
--------------------------------------------------
timeout
../QF_NIA_split/QF_NIA_2_36//20170427-VeryMax/ITS/From_T2__wtf.t2__term_unfeasibility_0_0.smt2 : 300096 ms.
--------------------------------------------------
timeout
../QF_NIA_split/QF_NIA_2_36//20170427-VeryMax/ITS/From_T2__zeroconf.t2__p25762_terminationG_0.smt2 : 300058 ms.
--------------------------------------------------
timeout
../QF_NIA_split/QF_NIA_2_36//20170427-VeryMax/ITS/From_T2__zeroconf.t2__p25764_terminationG_0.smt2 : 300049 ms.
--------------------------------------------------
timeout
../QF_NIA_split/QF_NIA_2_36//20170427-VeryMax/ITS/From_T2__zeroconf.t2__p25765_terminationG_0.smt2 : 300053 ms.
--------------------------------------------------
timeout
../QF_NIA_split/QF_NIA_2_36//20170427-VeryMax/ITS/From_T2__zeroconf.t2__p25768_terminationG_0.smt2 : 300037 ms.
--------------------------------------------------
timeout
../QF_NIA_split/QF_NIA_2_36//20170427-VeryMax/ITS/From_T2__zeroconf.t2__p25769_terminationG_0.smt2 : 300053 ms.
--------------------------------------------------
timeout
../QF_NIA_split/QF_NIA_2_36//20170427-VeryMax/ITS/From_T2__zeroconf.t2__p25770_terminationG_0.smt2 : 300044 ms.
--------------------------------------------------
timeout
../QF_NIA_split/QF_NIA_2_36//20170427-VeryMax/ITS/From_T2__zeroconf.t2__p25773_terminationG_0.smt2 : 300050 ms.
--------------------------------------------------
timeout
../QF_NIA_split/QF_NIA_2_36//20170427-VeryMax/ITS/From_T2__zeroconf.t2__p25774_terminationG_0.smt2 : 300058 ms.
--------------------------------------------------
timeout
../QF_NIA_split/QF_NIA_2_36//20170427-VeryMax/ITS/From_T2__zeroconf.t2__p25775_terminationG_0.smt2 : 300037 ms.
--------------------------------------------------
sat
../QF_NIA_split/QF_NIA_2_36//20170427-VeryMax/ITS/From_T2__zeroconf.t2__terminationQ_0_0.smt2 : 21558 ms.
--------------------------------------------------
unsat
../QF_NIA_split/QF_NIA_2_36//20170427-VeryMax/ITS/From_T2__zeroconf.t2__terminationS_0_0.smt2 : 4303 ms.
--------------------------------------------------
unsat
../QF_NIA_split/QF_NIA_2_36//20170427-VeryMax/ITS/From_T2__zeroconf.t2__terminationS_10_0.smt2 : 6798 ms.
--------------------------------------------------
unsat
../QF_NIA_split/QF_NIA_2_36//20170427-VeryMax/ITS/From_T2__zeroconf.t2__terminationS_1_0.smt2 : 12652 ms.
--------------------------------------------------
unsat
../QF_NIA_split/QF_NIA_2_36//20170427-VeryMax/ITS/From_T2__zeroconf.t2__terminationS_12_0.smt2 : 17653 ms.
--------------------------------------------------
unsat
../QF_NIA_split/QF_NIA_2_36//20170427-VeryMax/ITS/From_T2__zeroconf.t2__terminationS_14_0.smt2 : 9627 ms.
--------------------------------------------------
unsat
../QF_NIA_split/QF_NIA_2_36//20170427-VeryMax/ITS/From_T2__zeroconf.t2__terminationS_2_0.smt2 : 4861 ms.
--------------------------------------------------
unsat
../QF_NIA_split/QF_NIA_2_36//20170427-VeryMax/ITS/From_T2__zeroconf.t2__terminationS_3_0.smt2 : 20683 ms.
--------------------------------------------------
unsat
../QF_NIA_split/QF_NIA_2_36//20170427-VeryMax/ITS/From_T2__zeroconf.t2__terminationS_4_0.smt2 : 13602 ms.
--------------------------------------------------
sat
../QF_NIA_split/QF_NIA_2_36//20170427-VeryMax/ITS/From_T2__zeroconf.t2__terminationS_5_0.smt2 : 3914 ms.
--------------------------------------------------
unsat
../QF_NIA_split/QF_NIA_2_36//20170427-VeryMax/ITS/From_T2__zeroconf.t2__terminationS_6_0.smt2 : 70864 ms.
--------------------------------------------------
unsat
../QF_NIA_split/QF_NIA_2_36//20170427-VeryMax/ITS/From_T2__zeroconf.t2__terminationS_7_0.smt2 : 28723 ms.
--------------------------------------------------
unsat
../QF_NIA_split/QF_NIA_2_36//20170427-VeryMax/ITS/From_T2__zeroconf.t2__terminationS_8_0.smt2 : 11853 ms.
--------------------------------------------------
unsat
../QF_NIA_split/QF_NIA_2_36//20170427-VeryMax/ITS/From_T2__zeroconf.t2__terminationS_9_0.smt2 : 11174 ms.
--------------------------------------------------
unsat
../QF_NIA_split/QF_NIA_2_36//20170427-VeryMax/ITS/From_T2__zeroconf.t2__term_unfeasibility_0_0.smt2 : 58099 ms.
--------------------------------------------------
unsat
../QF_NIA_split/QF_NIA_2_36//20170427-VeryMax/ITS/From_T2__zeroconf_withassume.t2__term_unfeasibility_0_0.smt2 : 56712 ms.
--------------------------------------------------
timeout
../QF_NIA_split/QF_NIA_2_36//20170427-VeryMax/ITS/From_T2__zlib-adler32.c.t2_fixed__p25788_terminationG_0.smt2 : 300047 ms.
--------------------------------------------------
unsat
../QF_NIA_split/QF_NIA_2_36//20170427-VeryMax/ITS/From_T2__zlib-adler32.c.t2_fixed__p25805_safety_0.smt2 : 3109 ms.
--------------------------------------------------
unsat
../QF_NIA_split/QF_NIA_2_36//20170427-VeryMax/ITS/From_T2__zlib-adler32.c.t2_fixed__p25806_safety_0.smt2 : 2248 ms.
--------------------------------------------------
unsat
../QF_NIA_split/QF_NIA_2_36//20170427-VeryMax/ITS/From_T2__zlib-adler32.c.t2_fixed__p25815_safety_0.smt2 : 7375 ms.
--------------------------------------------------
sat
../QF_NIA_split/QF_NIA_2_36//20170427-VeryMax/ITS/From_T2__zlib-adler32.c.t2_fixed__p25818_safety_0.smt2 : 1120 ms.
--------------------------------------------------
unsat
../QF_NIA_split/QF_NIA_2_36//20170427-VeryMax/ITS/From_T2__zlib-adler32.c.t2_fixed__p25824_safety_0.smt2 : 17302 ms.
--------------------------------------------------
sat
../QF_NIA_split/QF_NIA_2_36//20170427-VeryMax/ITS/From_T2__zlib-adler32.c.t2_fixed__p25827_safety_0.smt2 : 10521 ms.
--------------------------------------------------
unsat
../QF_NIA_split/QF_NIA_2_36//20170427-VeryMax/ITS/From_T2__zlib-adler32.c.t2_fixed__p25833_safety_0.smt2 : 168351 ms.
--------------------------------------------------
timeout
../QF_NIA_split/QF_NIA_2_36//20170427-VeryMax/ITS/From_T2__zlib-adler32.c.t2_fixed__p25835_safety_0.smt2 : 300042 ms.
--------------------------------------------------
timeout
../QF_NIA_split/QF_NIA_2_36//20170427-VeryMax/ITS/From_T2__zlib-adler32.c.t2_fixed__p25836_safety_0.smt2 : 300042 ms.
--------------------------------------------------
sat
../QF_NIA_split/QF_NIA_2_36//20170427-VeryMax/ITS/From_T2__zlib-adler32.c.t2_fixed__p25840_terminationG_0.smt2 : 71654 ms.
--------------------------------------------------
timeout
../QF_NIA_split/QF_NIA_2_36//20170427-VeryMax/ITS/From_T2__zlib-adler32.c.t2_fixed__p25841_terminationG_0.smt2 : 300060 ms.
--------------------------------------------------
unsat
../QF_NIA_split/QF_NIA_2_36//20170427-VeryMax/ITS/From_T2__zlib-adler32.c.t2_fixed__p25858_safety_0.smt2 : 3641 ms.
--------------------------------------------------
unsat
../QF_NIA_split/QF_NIA_2_36//20170427-VeryMax/ITS/From_T2__zlib-adler32.c.t2_fixed__p25859_safety_0.smt2 : 2522 ms.
--------------------------------------------------
unsat
../QF_NIA_split/QF_NIA_2_36//20170427-VeryMax/ITS/From_T2__zlib-adler32.c.t2_fixed__p25868_safety_0.smt2 : 20931 ms.
--------------------------------------------------
sat
../QF_NIA_split/QF_NIA_2_36//20170427-VeryMax/ITS/From_T2__zlib-adler32.c.t2_fixed__p25871_safety_0.smt2 : 2090 ms.
--------------------------------------------------
unsat
../QF_NIA_split/QF_NIA_2_36//20170427-VeryMax/ITS/From_T2__zlib-adler32.c.t2_fixed__p25877_safety_0.smt2 : 34067 ms.
--------------------------------------------------
sat
../QF_NIA_split/QF_NIA_2_36//20170427-VeryMax/ITS/From_T2__zlib-adler32.c.t2_fixed__p25880_safety_0.smt2 : 5854 ms.
--------------------------------------------------
timeout
../QF_NIA_split/QF_NIA_2_36//20170427-VeryMax/ITS/From_T2__zlib-adler32.c.t2_fixed__p25886_safety_0.smt2 : 300034 ms.
--------------------------------------------------
timeout
../QF_NIA_split/QF_NIA_2_36//20170427-VeryMax/ITS/From_T2__zlib-adler32.c.t2_fixed__p25888_safety_0.smt2 : 300033 ms.
--------------------------------------------------
timeout
../QF_NIA_split/QF_NIA_2_36//20170427-VeryMax/ITS/From_T2__zlib-adler32.c.t2_fixed__p25889_safety_0.smt2 : 300037 ms.
--------------------------------------------------
sat
../QF_NIA_split/QF_NIA_2_36//20170427-VeryMax/ITS/From_T2__zlib-adler32.c.t2_fixed__p25893_terminationG_0.smt2 : 7283 ms.
--------------------------------------------------
timeout
../QF_NIA_split/QF_NIA_2_36//20170427-VeryMax/ITS/From_T2__zlib-adler32.c.t2_fixed__p25894_terminationG_0.smt2 : 300044 ms.
--------------------------------------------------
timeout
../QF_NIA_split/QF_NIA_2_36//20170427-VeryMax/ITS/From_T2__zlib-adler32.c.t2_fixed__terminationS_0_0.smt2 : 300067 ms.
--------------------------------------------------
sat
../QF_NIA_split/QF_NIA_2_36//20170427-VeryMax/ITS/From_T2__zlib-adler32.c.t2__p25902_terminationG_0.smt2 : 74484 ms.
--------------------------------------------------
sat
../QF_NIA_split/QF_NIA_2_36//20170427-VeryMax/ITS/From_T2__zlib-adler32.c.t2__p25903_terminationG_0.smt2 : 268156 ms.
--------------------------------------------------
unsat
../QF_NIA_split/QF_NIA_2_36//20170427-VeryMax/ITS/From_T2__zlib-adler32.c.t2__p25920_safety_0.smt2 : 57833 ms.
--------------------------------------------------
unsat
../QF_NIA_split/QF_NIA_2_36//20170427-VeryMax/ITS/From_T2__zlib-adler32.c.t2__p25921_safety_0.smt2 : 23548 ms.
--------------------------------------------------
unsat
../QF_NIA_split/QF_NIA_2_36//20170427-VeryMax/ITS/From_T2__zlib-adler32.c.t2__p25934_safety_0.smt2 : 12687 ms.
--------------------------------------------------
unsat
../QF_NIA_split/QF_NIA_2_36//20170427-VeryMax/ITS/From_T2__zlib-adler32.c.t2__p25935_safety_0.smt2 : 139300 ms.
--------------------------------------------------
sat
../QF_NIA_split/QF_NIA_2_36//20170427-VeryMax/ITS/From_T2__zlib-adler32.c.t2__p25937_safety_0.smt2 : 530 ms.
--------------------------------------------------
sat
../QF_NIA_split/QF_NIA_2_36//20170427-VeryMax/ITS/From_T2__zlib-adler32.c.t2__p25938_safety_0.smt2 : 1124 ms.
--------------------------------------------------
timeout
../QF_NIA_split/QF_NIA_2_36//20170427-VeryMax/ITS/From_T2__zlib-adler32.c.t2__p25948_safety_0.smt2 : 300023 ms.
--------------------------------------------------
unsat
../QF_NIA_split/QF_NIA_2_36//20170427-VeryMax/ITS/From_T2__zlib-adler32.c.t2__p25949_safety_0.smt2 : 203674 ms.
--------------------------------------------------
sat
../QF_NIA_split/QF_NIA_2_36//20170427-VeryMax/ITS/From_T2__zlib-adler32.c.t2__p25951_safety_0.smt2 : 6196 ms.
--------------------------------------------------
sat
../QF_NIA_split/QF_NIA_2_36//20170427-VeryMax/ITS/From_T2__zlib-adler32.c.t2__p25952_safety_0.smt2 : 15260 ms.
--------------------------------------------------
timeout
../QF_NIA_split/QF_NIA_2_36//20170427-VeryMax/ITS/From_T2__zlib-adler32.c.t2__p25962_safety_0.smt2 : 300034 ms.
--------------------------------------------------
timeout
../QF_NIA_split/QF_NIA_2_36//20170427-VeryMax/ITS/From_T2__zlib-adler32.c.t2__p25963_safety_0.smt2 : 300023 ms.
--------------------------------------------------
timeout
../QF_NIA_split/QF_NIA_2_36//20170427-VeryMax/ITS/From_T2__zlib-adler32.c.t2__p25965_safety_0.smt2 : 300035 ms.
--------------------------------------------------
timeout
../QF_NIA_split/QF_NIA_2_36//20170427-VeryMax/ITS/From_T2__zlib-adler32.c.t2__p25966_safety_0.smt2 : 300038 ms.
--------------------------------------------------
timeout
../QF_NIA_split/QF_NIA_2_36//20170427-VeryMax/ITS/From_T2__zlib-adler32.c.t2__p25970_terminationG_0.smt2 : 300051 ms.
--------------------------------------------------
sat
../QF_NIA_split/QF_NIA_2_36//20170427-VeryMax/ITS/From_T2__zlib-adler32.c.t2__p25971_terminationG_0.smt2 : 163423 ms.
--------------------------------------------------
timeout
../QF_NIA_split/QF_NIA_2_36//20170427-VeryMax/ITS/From_T2__zlib-adler32.c.t2__p26002_safety_0.smt2 : 300026 ms.
--------------------------------------------------
timeout
../QF_NIA_split/QF_NIA_2_36//20170427-VeryMax/ITS/From_T2__zlib-adler32.c.t2__p26004_safety_0.smt2 : 300023 ms.
--------------------------------------------------
sat
../QF_NIA_split/QF_NIA_2_36//20170427-VeryMax/ITS/From_T2__zlib-adler32.c.t2__p26006_safety_0.smt2 : 2943 ms.
--------------------------------------------------
sat
../QF_NIA_split/QF_NIA_2_36//20170427-VeryMax/ITS/From_T2__zlib-adler32.c.t2__p26007_safety_0.smt2 : 504 ms.
--------------------------------------------------
timeout
../QF_NIA_split/QF_NIA_2_36//20170427-VeryMax/ITS/From_T2__zlib-adler32.c.t2__p26016_safety_0.smt2 : 300024 ms.
--------------------------------------------------
timeout
../QF_NIA_split/QF_NIA_2_36//20170427-VeryMax/ITS/From_T2__zlib-adler32.c.t2__p26018_safety_0.smt2 : 300024 ms.
--------------------------------------------------
timeout
../QF_NIA_split/QF_NIA_2_36//20170427-VeryMax/ITS/From_T2__zlib-adler32.c.t2__p26020_safety_0.smt2 : 300033 ms.
--------------------------------------------------
timeout
../QF_NIA_split/QF_NIA_2_36//20170427-VeryMax/ITS/From_T2__zlib-adler32.c.t2__p26021_safety_0.smt2 : 300040 ms.
--------------------------------------------------
timeout
../QF_NIA_split/QF_NIA_2_36//20170427-VeryMax/ITS/From_T2__zlib-adler32.c.t2__p26023_safety_0.smt2 : 300043 ms.
--------------------------------------------------
timeout
../QF_NIA_split/QF_NIA_2_36//20170427-VeryMax/ITS/From_T2__zlib-adler32.c.t2__p26024_safety_0.smt2 : 300038 ms.
--------------------------------------------------
sat
../QF_NIA_split/QF_NIA_2_36//20170427-VeryMax/ITS/From_T2__zlib-adler32.c.t2__p26027_terminationG_0.smt2 : 5345 ms.
--------------------------------------------------
timeout
../QF_NIA_split/QF_NIA_2_36//20170427-VeryMax/ITS/From_T2__zlib-adler32.c.t2__p26028_terminationG_0.smt2 : 300061 ms.
--------------------------------------------------
sat
../QF_NIA_split/QF_NIA_2_36//20170427-VeryMax/ITS/From_T2__zlib-adler32.c.t2__p26029_terminationG_0.smt2 : 25533 ms.
--------------------------------------------------
timeout
../QF_NIA_split/QF_NIA_2_36//20170427-VeryMax/ITS/From_T2__zlib-adler32.c.t2__p26045_safety_0.smt2 : 300025 ms.
--------------------------------------------------
timeout
../QF_NIA_split/QF_NIA_2_36//20170427-VeryMax/ITS/From_T2__zlib-adler32.c.t2__p26047_safety_0.smt2 : 300030 ms.
--------------------------------------------------
timeout
../QF_NIA_split/QF_NIA_2_36//20170427-VeryMax/ITS/From_T2__zlib-adler32.c.t2__p26059_safety_0.smt2 : 300032 ms.
--------------------------------------------------
timeout
../QF_NIA_split/QF_NIA_2_36//20170427-VeryMax/ITS/From_T2__zlib-adler32.c.t2__p26061_safety_0.smt2 : 300033 ms.
--------------------------------------------------
timeout
../QF_NIA_split/QF_NIA_2_36//20170427-VeryMax/ITS/From_T2__zlib-adler32.c.t2__p26073_safety_0.smt2 : 300031 ms.
--------------------------------------------------
unsat
../QF_NIA_split/QF_NIA_2_36//20170427-VeryMax/ITS/From_T2__zlib-adler32.c.t2__p26074_safety_0.smt2 : 405 ms.
--------------------------------------------------
timeout
../QF_NIA_split/QF_NIA_2_36//20170427-VeryMax/ITS/From_T2__zlib-adler32.c.t2__p26075_safety_0.smt2 : 300027 ms.
--------------------------------------------------
sat
../QF_NIA_split/QF_NIA_2_36//20170427-VeryMax/ITS/From_T2__zlib-adler32.c.t2__p26077_safety_0.smt2 : 466 ms.
--------------------------------------------------
sat
../QF_NIA_split/QF_NIA_2_36//20170427-VeryMax/ITS/From_T2__zlib-adler32.c.t2__p26078_safety_0.smt2 : 1440 ms.
--------------------------------------------------
timeout
../QF_NIA_split/QF_NIA_2_36//20170427-VeryMax/ITS/From_T2__zlib-adler32.c.t2__p26087_safety_0.smt2 : 300031 ms.
--------------------------------------------------
unsat
../QF_NIA_split/QF_NIA_2_36//20170427-VeryMax/ITS/From_T2__zlib-adler32.c.t2__p26088_safety_0.smt2 : 343 ms.
--------------------------------------------------
timeout
../QF_NIA_split/QF_NIA_2_36//20170427-VeryMax/ITS/From_T2__zlib-adler32.c.t2__p26089_safety_0.smt2 : 300034 ms.
--------------------------------------------------
timeout
../QF_NIA_split/QF_NIA_2_36//20170427-VeryMax/ITS/From_T2__zlib-adler32.c.t2__p26091_safety_0.smt2 : 300030 ms.
--------------------------------------------------
timeout
../QF_NIA_split/QF_NIA_2_36//20170427-VeryMax/ITS/From_T2__zlib-adler32.c.t2__p26092_safety_0.smt2 : 300037 ms.
--------------------------------------------------
sat
../QF_NIA_split/QF_NIA_2_36//20170427-VeryMax/ITS/From_T2__zlib-adler32.c.t2__p26095_terminationG_0.smt2 : 4378 ms.
--------------------------------------------------
timeout
../QF_NIA_split/QF_NIA_2_36//20170427-VeryMax/ITS/From_T2__zlib-adler32.c.t2__p26096_terminationG_0.smt2 : 300043 ms.
--------------------------------------------------
timeout
../QF_NIA_split/QF_NIA_2_36//20170427-VeryMax/ITS/From_T2__zlib-adler32.c.t2__p26097_terminationG_0.smt2 : 300075 ms.
--------------------------------------------------
unsat
../QF_NIA_split/QF_NIA_2_36//20170427-VeryMax/ITS/From_T2__zlib-adler32.c.t2__p26127_safety_0.smt2 : 127398 ms.
--------------------------------------------------
timeout
../QF_NIA_split/QF_NIA_2_36//20170427-VeryMax/ITS/From_T2__zlib-adler32.c.t2__p26129_safety_0.smt2 : 300027 ms.
--------------------------------------------------
timeout
../QF_NIA_split/QF_NIA_2_36//20170427-VeryMax/ITS/From_T2__zlib-adler32.c.t2__p26141_safety_0.smt2 : 300030 ms.
--------------------------------------------------
timeout
../QF_NIA_split/QF_NIA_2_36//20170427-VeryMax/ITS/From_T2__zlib-adler32.c.t2__p26143_safety_0.smt2 : 300029 ms.
--------------------------------------------------
sat
../QF_NIA_split/QF_NIA_2_36//20170427-VeryMax/ITS/From_T2__zlib-adler32.c.t2__p26145_safety_0.smt2 : 1582 ms.
--------------------------------------------------
sat
../QF_NIA_split/QF_NIA_2_36//20170427-VeryMax/ITS/From_T2__zlib-adler32.c.t2__p26146_safety_0.smt2 : 14554 ms.
--------------------------------------------------
timeout
../QF_NIA_split/QF_NIA_2_36//20170427-VeryMax/ITS/From_T2__zlib-adler32.c.t2__p26155_safety_0.smt2 : 300038 ms.
--------------------------------------------------
unsat
../QF_NIA_split/QF_NIA_2_36//20170427-VeryMax/ITS/From_T2__zlib-adler32.c.t2__p26156_safety_0.smt2 : 383 ms.
--------------------------------------------------
timeout
../QF_NIA_split/QF_NIA_2_36//20170427-VeryMax/ITS/From_T2__zlib-adler32.c.t2__p26157_safety_0.smt2 : 300040 ms.
--------------------------------------------------
timeout
../QF_NIA_split/QF_NIA_2_36//20170427-VeryMax/ITS/From_T2__zlib-adler32.c.t2__p26159_safety_0.smt2 : 300034 ms.
--------------------------------------------------
timeout
../QF_NIA_split/QF_NIA_2_36//20170427-VeryMax/ITS/From_T2__zlib-adler32.c.t2__p26160_safety_0.smt2 : 300040 ms.
--------------------------------------------------
sat
../QF_NIA_split/QF_NIA_2_36//20170427-VeryMax/ITS/From_T2__zlib-adler32.c.t2__p26163_terminationG_0.smt2 : 16656 ms.
--------------------------------------------------
timeout
../QF_NIA_split/QF_NIA_2_36//20170427-VeryMax/ITS/From_T2__zlib-adler32.c.t2__p26164_terminationG_0.smt2 : 300057 ms.
--------------------------------------------------
sat
../QF_NIA_split/QF_NIA_2_36//20170427-VeryMax/ITS/From_T2__zlib-adler32.c.t2__p26165_terminationG_0.smt2 : 104249 ms.
--------------------------------------------------
timeout
../QF_NIA_split/QF_NIA_2_36//20170427-VeryMax/ITS/From_T2__zlib-adler32.c.t2__p26181_safety_0.smt2 : 300029 ms.
--------------------------------------------------
unsat
../QF_NIA_split/QF_NIA_2_36//20170427-VeryMax/ITS/From_T2__zlib-adler32.c.t2__p26183_safety_0.smt2 : 266905 ms.
--------------------------------------------------
timeout
../QF_NIA_split/QF_NIA_2_36//20170427-VeryMax/ITS/From_T2__zlib-adler32.c.t2__p26195_safety_0.smt2 : 300027 ms.
--------------------------------------------------
timeout
../QF_NIA_split/QF_NIA_2_36//20170427-VeryMax/ITS/From_T2__zlib-adler32.c.t2__p26197_safety_0.smt2 : 300028 ms.
--------------------------------------------------
sat
../QF_NIA_split/QF_NIA_2_36//20170427-VeryMax/ITS/From_T2__zlib-adler32.c.t2__p26199_safety_0.smt2 : 657 ms.
--------------------------------------------------
sat
../QF_NIA_split/QF_NIA_2_36//20170427-VeryMax/ITS/From_T2__zlib-adler32.c.t2__p26200_safety_0.smt2 : 2050 ms.
--------------------------------------------------
timeout
../QF_NIA_split/QF_NIA_2_36//20170427-VeryMax/ITS/From_T2__zlib-adler32.c.t2__p26209_safety_0.smt2 : 300021 ms.
--------------------------------------------------
timeout
../QF_NIA_split/QF_NIA_2_36//20170427-VeryMax/ITS/From_T2__zlib-adler32.c.t2__p26211_safety_0.smt2 : 300026 ms.
--------------------------------------------------
sat
../QF_NIA_split/QF_NIA_2_36//20170427-VeryMax/ITS/From_T2__zlib-adler32.c.t2__p26213_safety_0.smt2 : 16479 ms.
--------------------------------------------------
sat
../QF_NIA_split/QF_NIA_2_36//20170427-VeryMax/ITS/From_T2__zlib-adler32.c.t2__p26214_safety_0.smt2 : 24195 ms.
--------------------------------------------------
timeout
../QF_NIA_split/QF_NIA_2_36//20170427-VeryMax/ITS/From_T2__zlib-adler32.c.t2__p26224_safety_0.smt2 : 300023 ms.
--------------------------------------------------
timeout
../QF_NIA_split/QF_NIA_2_36//20170427-VeryMax/ITS/From_T2__zlib-adler32.c.t2__p26225_safety_0.smt2 : 300031 ms.
--------------------------------------------------
timeout
../QF_NIA_split/QF_NIA_2_36//20170427-VeryMax/ITS/From_T2__zlib-adler32.c.t2__p26227_safety_0.smt2 : 300031 ms.
--------------------------------------------------
timeout
../QF_NIA_split/QF_NIA_2_36//20170427-VeryMax/ITS/From_T2__zlib-adler32.c.t2__p26228_safety_0.smt2 : 300040 ms.
--------------------------------------------------
sat
../QF_NIA_split/QF_NIA_2_36//20170427-VeryMax/ITS/From_T2__zlib-adler32.c.t2__p26231_terminationG_0.smt2 : 7131 ms.
--------------------------------------------------
timeout
../QF_NIA_split/QF_NIA_2_36//20170427-VeryMax/ITS/From_T2__zlib-adler32.c.t2__p26232_terminationG_0.smt2 : 300049 ms.
--------------------------------------------------
timeout
../QF_NIA_split/QF_NIA_2_36//20170427-VeryMax/ITS/From_T2__zlib-adler32.c.t2__p26233_terminationG_0.smt2 : 300082 ms.
--------------------------------------------------
timeout
../QF_NIA_split/QF_NIA_2_36//20170427-VeryMax/ITS/From_T2__zlib-adler32.c.t2__p26278_safety_0.smt2 : 300027 ms.
--------------------------------------------------
timeout
../QF_NIA_split/QF_NIA_2_36//20170427-VeryMax/ITS/From_T2__zlib-adler32.c.t2__p26279_safety_0.smt2 : 300033 ms.
--------------------------------------------------
sat
../QF_NIA_split/QF_NIA_2_36//20170427-VeryMax/ITS/From_T2__zlib-adler32.c.t2__p26281_safety_0.smt2 : 4713 ms.
--------------------------------------------------
sat
../QF_NIA_split/QF_NIA_2_36//20170427-VeryMax/ITS/From_T2__zlib-adler32.c.t2__p26282_safety_0.smt2 : 3136 ms.
--------------------------------------------------
timeout
../QF_NIA_split/QF_NIA_2_36//20170427-VeryMax/ITS/From_T2__zlib-adler32.c.t2__p26292_safety_0.smt2 : 300030 ms.
--------------------------------------------------
timeout
../QF_NIA_split/QF_NIA_2_36//20170427-VeryMax/ITS/From_T2__zlib-adler32.c.t2__p26293_safety_0.smt2 : 300035 ms.
--------------------------------------------------
timeout
../QF_NIA_split/QF_NIA_2_36//20170427-VeryMax/ITS/From_T2__zlib-adler32.c.t2__p26295_safety_0.smt2 : 300035 ms.
--------------------------------------------------
timeout
../QF_NIA_split/QF_NIA_2_36//20170427-VeryMax/ITS/From_T2__zlib-adler32.c.t2__p26296_safety_0.smt2 : 300037 ms.
--------------------------------------------------
unsat
../QF_NIA_split/QF_NIA_2_36//20170427-VeryMax/ITS/From_T2__zlib-adler32.c.t2__p26299_terminationG_0.smt2 : 52916 ms.
--------------------------------------------------
timeout
../QF_NIA_split/QF_NIA_2_36//20170427-VeryMax/ITS/From_T2__zlib-adler32.c.t2__p26300_terminationG_0.smt2 : 300044 ms.
--------------------------------------------------
timeout
../QF_NIA_split/QF_NIA_2_36//20170427-VeryMax/ITS/From_T2__zlib-adler32.c.t2__p26301_terminationG_0.smt2 : 300072 ms.
--------------------------------------------------
sat
../QF_NIA_split/QF_NIA_2_36//20170427-VeryMax/ITS/From_T2__zlib-adler32.c.t2__p26304_terminationG_0.smt2 : 38462 ms.
--------------------------------------------------
sat
../QF_NIA_split/QF_NIA_2_36//20170427-VeryMax/ITS/From_T2__zlib-adler32.c.t2__p26305_terminationG_0.smt2 : 279806 ms.
--------------------------------------------------
timeout
../QF_NIA_split/QF_NIA_2_36//20170427-VeryMax/ITS/From_T2__zlib-adler32.c.t2__p26306_terminationG_0.smt2 : 300059 ms.
--------------------------------------------------
unsat
../QF_NIA_split/QF_NIA_2_36//20170427-VeryMax/ITS/From_T2__zlib-adler32.c.t2__p26323_safety_0.smt2 : 17422 ms.
--------------------------------------------------
unsat
../QF_NIA_split/QF_NIA_2_36//20170427-VeryMax/ITS/From_T2__zlib-adler32.c.t2__p26325_safety_0.smt2 : 14396 ms.
--------------------------------------------------
sat
../QF_NIA_split/QF_NIA_2_36//20170427-VeryMax/ITS/From_T2__zlib-adler32.c.t2__p26327_safety_0.smt2 : 591 ms.
--------------------------------------------------
timeout
../QF_NIA_split/QF_NIA_2_36//20170427-VeryMax/ITS/From_T2__zlib-adler32.c.t2__p26337_safety_0.smt2 : 300025 ms.
--------------------------------------------------
timeout
../QF_NIA_split/QF_NIA_2_36//20170427-VeryMax/ITS/From_T2__zlib-adler32.c.t2__p26339_safety_0.smt2 : 300032 ms.
--------------------------------------------------
timeout
../QF_NIA_split/QF_NIA_2_36//20170427-VeryMax/ITS/From_T2__zlib-adler32.c.t2__p26351_safety_0.smt2 : 300030 ms.
--------------------------------------------------
unsat
../QF_NIA_split/QF_NIA_2_36//20170427-VeryMax/ITS/From_T2__zlib-adler32.c.t2__p26352_safety_0.smt2 : 546 ms.
--------------------------------------------------
timeout
../QF_NIA_split/QF_NIA_2_36//20170427-VeryMax/ITS/From_T2__zlib-adler32.c.t2__p26353_safety_0.smt2 : 300037 ms.
--------------------------------------------------
sat
../QF_NIA_split/QF_NIA_2_36//20170427-VeryMax/ITS/From_T2__zlib-adler32.c.t2__p26355_safety_0.smt2 : 1260 ms.
--------------------------------------------------
sat
../QF_NIA_split/QF_NIA_2_36//20170427-VeryMax/ITS/From_T2__zlib-adler32.c.t2__p26356_safety_0.smt2 : 1110 ms.
--------------------------------------------------
timeout
../QF_NIA_split/QF_NIA_2_36//20170427-VeryMax/ITS/From_T2__zlib-adler32.c.t2__p26365_safety_0.smt2 : 300036 ms.
--------------------------------------------------
unsat
../QF_NIA_split/QF_NIA_2_36//20170427-VeryMax/ITS/From_T2__zlib-adler32.c.t2__p26366_safety_0.smt2 : 740 ms.
--------------------------------------------------
timeout
../QF_NIA_split/QF_NIA_2_36//20170427-VeryMax/ITS/From_T2__zlib-adler32.c.t2__p26367_safety_0.smt2 : 300033 ms.
--------------------------------------------------
timeout
../QF_NIA_split/QF_NIA_2_36//20170427-VeryMax/ITS/From_T2__zlib-adler32.c.t2__p26369_safety_0.smt2 : 300031 ms.
--------------------------------------------------
timeout
../QF_NIA_split/QF_NIA_2_36//20170427-VeryMax/ITS/From_T2__zlib-adler32.c.t2__p26370_safety_0.smt2 : 300036 ms.
--------------------------------------------------
sat
../QF_NIA_split/QF_NIA_2_36//20170427-VeryMax/ITS/From_T2__zlib-crc32-BYFOUR.c.t2_fixed__p26381_terminationG_0.smt2 : 133487 ms.
--------------------------------------------------
sat
../QF_NIA_split/QF_NIA_2_36//20170427-VeryMax/ITS/From_T2__zlib-crc32-BYFOUR.c.t2_fixed__p26388_terminationG_0.smt2 : 46646 ms.
--------------------------------------------------
sat
../QF_NIA_split/QF_NIA_2_36//20170427-VeryMax/ITS/From_T2__zlib-crc32-BYFOUR.c.t2_fixed__p26393_terminationG_0.smt2 : 9390 ms.
--------------------------------------------------
sat
../QF_NIA_split/QF_NIA_2_36//20170427-VeryMax/ITS/From_T2__zlib-crc32-BYFOUR.c.t2_fixed__p26400_terminationG_0.smt2 : 46283 ms.
--------------------------------------------------
sat
../QF_NIA_split/QF_NIA_2_36//20170427-VeryMax/ITS/From_T2__zlib-crc32-BYFOUR.c.t2_fixed__p26404_terminationG_0.smt2 : 6640 ms.
--------------------------------------------------
sat
../QF_NIA_split/QF_NIA_2_36//20170427-VeryMax/ITS/From_T2__zlib-crc32-BYFOUR.c.t2__p26414_terminationG_0.smt2 : 99570 ms.
--------------------------------------------------
sat
../QF_NIA_split/QF_NIA_2_36//20170427-VeryMax/ITS/From_T2__zlib-crc32-BYFOUR.c.t2__p26420_terminationG_0.smt2 : 8537 ms.
--------------------------------------------------
sat
../QF_NIA_split/QF_NIA_2_36//20170427-VeryMax/ITS/From_T2__zlib-crc32-BYFOUR.c.t2__p26438_safety_0.smt2 : 3279 ms.
--------------------------------------------------
sat
../QF_NIA_split/QF_NIA_2_36//20170427-VeryMax/ITS/From_T2__zlib-crc32-BYFOUR.c.t2__p26439_safety_0.smt2 : 82739 ms.
--------------------------------------------------
sat
../QF_NIA_split/QF_NIA_2_36//20170427-VeryMax/ITS/From_T2__zlib-crc32-BYFOUR.c.t2__p26442_safety_0.smt2 : 59642 ms.
--------------------------------------------------
sat
../QF_NIA_split/QF_NIA_2_36//20170427-VeryMax/ITS/From_T2__zlib-crc32-BYFOUR.c.t2__p26448_safety_0.smt2 : 1204 ms.
--------------------------------------------------
sat
../QF_NIA_split/QF_NIA_2_36//20170427-VeryMax/ITS/From_T2__zlib-crc32-BYFOUR.c.t2__p26449_safety_0.smt2 : 30681 ms.
--------------------------------------------------
sat
../QF_NIA_split/QF_NIA_2_36//20170427-VeryMax/ITS/From_T2__zlib-crc32-BYFOUR.c.t2__p26450_safety_0.smt2 : 8962 ms.
--------------------------------------------------
sat
../QF_NIA_split/QF_NIA_2_36//20170427-VeryMax/ITS/From_T2__zlib-crc32-BYFOUR.c.t2__p26456_safety_0.smt2 : 1381 ms.
--------------------------------------------------
timeout
../QF_NIA_split/QF_NIA_2_36//20170427-VeryMax/ITS/From_T2__zlib-crc32-BYFOUR.c.t2__p26457_safety_0.smt2 : 300064 ms.
--------------------------------------------------
sat
../QF_NIA_split/QF_NIA_2_36//20170427-VeryMax/ITS/From_T2__zlib-crc32-BYFOUR.c.t2__p26458_safety_0.smt2 : 231432 ms.
--------------------------------------------------
sat
../QF_NIA_split/QF_NIA_2_36//20170427-VeryMax/ITS/From_T2__zlib-crc32-BYFOUR.c.t2__p26464_safety_0.smt2 : 1583 ms.
--------------------------------------------------
timeout
../QF_NIA_split/QF_NIA_2_36//20170427-VeryMax/ITS/From_T2__zlib-crc32-BYFOUR.c.t2__p26465_safety_0.smt2 : 300051 ms.
--------------------------------------------------
timeout
../QF_NIA_split/QF_NIA_2_36//20170427-VeryMax/ITS/From_T2__zlib-crc32-BYFOUR.c.t2__p26466_safety_0.smt2 : 300060 ms.
--------------------------------------------------
unsat
../QF_NIA_split/QF_NIA_2_36//20170427-VeryMax/ITS/From_T2__zlib-crc32-BYFOUR.c.t2__p26472_safety_0.smt2 : 10734 ms.
--------------------------------------------------
timeout
../QF_NIA_split/QF_NIA_2_36//20170427-VeryMax/ITS/From_T2__zlib-crc32-BYFOUR.c.t2__p26473_safety_0.smt2 : 300047 ms.
--------------------------------------------------
timeout
../QF_NIA_split/QF_NIA_2_36//20170427-VeryMax/ITS/From_T2__zlib-crc32-BYFOUR.c.t2__p26474_safety_0.smt2 : 300059 ms.
--------------------------------------------------
sat
../QF_NIA_split/QF_NIA_2_36//20170427-VeryMax/ITS/From_T2__zlib-crc32-BYFOUR.c.t2__p26482_terminationG_0.smt2 : 2648 ms.
--------------------------------------------------
sat
../QF_NIA_split/QF_NIA_2_36//20170427-VeryMax/ITS/From_T2__zlib-crc32-BYFOUR.c.t2__p26483_terminationG_0.smt2 : 66989 ms.
--------------------------------------------------
timeout
../QF_NIA_split/QF_NIA_2_36//20170427-VeryMax/ITS/From_T2__zlib-crc32-BYFOUR.c.t2__p26484_terminationG_0.smt2 : 300062 ms.
--------------------------------------------------
sat
../QF_NIA_split/QF_NIA_2_36//20170427-VeryMax/ITS/From_T2__zlib-crc32-BYFOUR.c.t2__p26502_safety_0.smt2 : 80232 ms.
--------------------------------------------------
sat
../QF_NIA_split/QF_NIA_2_36//20170427-VeryMax/ITS/From_T2__zlib-crc32-BYFOUR.c.t2__p26504_safety_0.smt2 : 6528 ms.
--------------------------------------------------
sat
../QF_NIA_split/QF_NIA_2_36//20170427-VeryMax/ITS/From_T2__zlib-crc32-BYFOUR.c.t2__p26505_safety_0.smt2 : 11821 ms.
--------------------------------------------------
sat
../QF_NIA_split/QF_NIA_2_36//20170427-VeryMax/ITS/From_T2__zlib-crc32-BYFOUR.c.t2__p26511_safety_0.smt2 : 1174 ms.
--------------------------------------------------
sat
../QF_NIA_split/QF_NIA_2_36//20170427-VeryMax/ITS/From_T2__zlib-crc32-BYFOUR.c.t2__p26512_safety_0.smt2 : 118808 ms.
--------------------------------------------------
sat
../QF_NIA_split/QF_NIA_2_36//20170427-VeryMax/ITS/From_T2__zlib-crc32-BYFOUR.c.t2__p26513_safety_0.smt2 : 9800 ms.
--------------------------------------------------
sat
../QF_NIA_split/QF_NIA_2_36//20170427-VeryMax/ITS/From_T2__zlib-crc32-BYFOUR.c.t2__p26519_safety_0.smt2 : 1341 ms.
--------------------------------------------------
sat
../QF_NIA_split/QF_NIA_2_36//20170427-VeryMax/ITS/From_T2__zlib-crc32-BYFOUR.c.t2__p26520_safety_0.smt2 : 27031 ms.
--------------------------------------------------
sat
../QF_NIA_split/QF_NIA_2_36//20170427-VeryMax/ITS/From_T2__zlib-crc32-BYFOUR.c.t2__p26521_safety_0.smt2 : 174614 ms.
--------------------------------------------------
sat
../QF_NIA_split/QF_NIA_2_36//20170427-VeryMax/ITS/From_T2__zlib-crc32-BYFOUR.c.t2__p26531_safety_0.smt2 : 1436 ms.
--------------------------------------------------
sat
../QF_NIA_split/QF_NIA_2_36//20170427-VeryMax/ITS/From_T2__zlib-crc32-BYFOUR.c.t2__p26532_safety_0.smt2 : 79715 ms.
--------------------------------------------------
sat
../QF_NIA_split/QF_NIA_2_36//20170427-VeryMax/ITS/From_T2__zlib-crc32-BYFOUR.c.t2__p26533_safety_0.smt2 : 238910 ms.
--------------------------------------------------
sat
../QF_NIA_split/QF_NIA_2_36//20170427-VeryMax/ITS/From_T2__zlib-crc32-BYFOUR.c.t2__p26539_safety_0.smt2 : 1746 ms.
--------------------------------------------------
sat
../QF_NIA_split/QF_NIA_2_36//20170427-VeryMax/ITS/From_T2__zlib-crc32-BYFOUR.c.t2__p26540_safety_0.smt2 : 33946 ms.
--------------------------------------------------
sat
../QF_NIA_split/QF_NIA_2_36//20170427-VeryMax/ITS/From_T2__zlib-crc32-BYFOUR.c.t2__p26541_safety_0.smt2 : 210832 ms.
--------------------------------------------------
unsat
../QF_NIA_split/QF_NIA_2_36//20170427-VeryMax/ITS/From_T2__zlib-crc32-BYFOUR.c.t2__p26549_terminationG_0.smt2 : 12849 ms.
--------------------------------------------------
timeout
../QF_NIA_split/QF_NIA_2_36//20170427-VeryMax/ITS/From_T2__zlib-crc32-BYFOUR.c.t2__p26550_terminationG_0.smt2 : 300052 ms.
--------------------------------------------------
timeout
../QF_NIA_split/QF_NIA_2_36//20170427-VeryMax/ITS/From_T2__zlib-crc32-BYFOUR.c.t2__p26551_terminationG_0.smt2 : 300050 ms.
--------------------------------------------------
sat
../QF_NIA_split/QF_NIA_2_36//20170427-VeryMax/ITS/From_T2__zlib-crc32-BYFOUR.c.t2__p26554_edge_closing_0.smt2 : 10113 ms.
--------------------------------------------------
sat
../QF_NIA_split/QF_NIA_2_36//20170427-VeryMax/ITS/From_T2__zlib-crc32-BYFOUR.c.t2__p26555_edge_closing_0.smt2 : 13146 ms.
--------------------------------------------------
sat
../QF_NIA_split/QF_NIA_2_36//20170427-VeryMax/ITS/From_T2__zlib-crc32-BYFOUR.c.t2__p26556_edge_closing_0.smt2 : 3866 ms.
--------------------------------------------------
sat
../QF_NIA_split/QF_NIA_2_36//20170427-VeryMax/ITS/From_T2__zlib-crc32-BYFOUR.c.t2__p26560_edge_closing_0.smt2 : 5827 ms.
--------------------------------------------------
sat
../QF_NIA_split/QF_NIA_2_36//20170427-VeryMax/ITS/From_T2__zlib-crc32-BYFOUR.c.t2__p26561_edge_closing_0.smt2 : 23453 ms.
--------------------------------------------------
timeout
../QF_NIA_split/QF_NIA_2_36//20170427-VeryMax/ITS/From_T2__zlib-crc32-BYFOUR.c.t2__p26562_edge_closing_0.smt2 : 300055 ms.
--------------------------------------------------
sat
../QF_NIA_split/QF_NIA_2_36//20170427-VeryMax/ITS/From_T2__zlib-crc32-BYFOUR.c.t2__p26566_edge_closing_0.smt2 : 11134 ms.
--------------------------------------------------
sat
../QF_NIA_split/QF_NIA_2_36//20170427-VeryMax/ITS/From_T2__zlib-crc32-BYFOUR.c.t2__p26567_edge_closing_0.smt2 : 47569 ms.
--------------------------------------------------
timeout
../QF_NIA_split/QF_NIA_2_36//20170427-VeryMax/ITS/From_T2__zlib-crc32-BYFOUR.c.t2__p26568_edge_closing_0.smt2 : 300043 ms.
--------------------------------------------------
sat
../QF_NIA_split/QF_NIA_2_36//20170427-VeryMax/ITS/From_T2__zlib-crc32.c.t2__p26581_terminationG_0.smt2 : 1539 ms.
--------------------------------------------------
sat
../QF_NIA_split/QF_NIA_2_36//20170427-VeryMax/ITS/From_T2__zlib-crc32.c.t2__p26591_terminationG_0.smt2 : 2069 ms.
--------------------------------------------------
sat
../QF_NIA_split/QF_NIA_2_36//20170427-VeryMax/ITS/From_T2__zlib-crc32.c.t2__p26600_terminationG_0.smt2 : 43536 ms.
--------------------------------------------------
sat
../QF_NIA_split/QF_NIA_2_36//20170427-VeryMax/ITS/From_T2__zlib-crc32.c.t2__p26601_terminationG_0.smt2 : 296183 ms.
--------------------------------------------------
timeout
../QF_NIA_split/QF_NIA_2_36//20170427-VeryMax/ITS/From_T2__zlib-crc32.c.t2__p26610_terminationG_0.smt2 : 300031 ms.
--------------------------------------------------
timeout
../QF_NIA_split/QF_NIA_2_36//20170427-VeryMax/ITS/From_T2__zlib-crc32.c.t2__p26611_terminationG_0.smt2 : 300042 ms.
--------------------------------------------------
sat
../QF_NIA_split/QF_NIA_2_36//20170427-VeryMax/ITS/From_T2__zlib-crc32.c.t2__p26615_edge_closing_0.smt2 : 52239 ms.
--------------------------------------------------
sat
../QF_NIA_split/QF_NIA_2_36//20170427-VeryMax/ITS/From_T2__zlib-crc32.c.t2__p26616_edge_closing_0.smt2 : 192416 ms.
--------------------------------------------------
sat
../QF_NIA_split/QF_NIA_2_36//20170427-VeryMax/ITS/From_T2__zlib-crc32.c.t2__p26620_edge_closing_0.smt2 : 3251 ms.
--------------------------------------------------
sat
../QF_NIA_split/QF_NIA_2_36//20170427-VeryMax/ITS/From_T2__zlib-crc32.c.t2__p26621_edge_closing_0.smt2 : 15980 ms.
--------------------------------------------------
timeout
../QF_NIA_split/QF_NIA_2_36//20170427-VeryMax/ITS/From_T2__zlib-crc32.c.t2__p26622_edge_closing_0.smt2 : 300056 ms.
