--------------------------------------------------
sat
../QF_NIA_split/QF_NIA_2_21//20170427-VeryMax/ITS/From_T2__bakery.t2__p17028_terminationG_0.smt2 : 3952 ms.
--------------------------------------------------
sat
../QF_NIA_split/QF_NIA_2_21//20170427-VeryMax/ITS/From_T2__bakery.t2__p17029_terminationG_0.smt2 : 11677 ms.
--------------------------------------------------
sat
../QF_NIA_split/QF_NIA_2_21//20170427-VeryMax/ITS/From_T2__bakery.t2__p17034_terminationG_0.smt2 : 67309 ms.
--------------------------------------------------
unsat
../QF_NIA_split/QF_NIA_2_21//20170427-VeryMax/ITS/From_T2__bakery.t2__p17037_terminationG_0.smt2 : 3826 ms.
--------------------------------------------------
timeout
../QF_NIA_split/QF_NIA_2_21//20170427-VeryMax/ITS/From_T2__bakery.t2__p17038_terminationG_0.smt2 : 300025 ms.
--------------------------------------------------
timeout
../QF_NIA_split/QF_NIA_2_21//20170427-VeryMax/ITS/From_T2__bakery.t2__p17039_terminationG_0.smt2 : 300035 ms.
--------------------------------------------------
timeout
../QF_NIA_split/QF_NIA_2_21//20170427-VeryMax/ITS/From_T2__bakery.t2__p17042_terminationG_0.smt2 : 300059 ms.
--------------------------------------------------
timeout
../QF_NIA_split/QF_NIA_2_21//20170427-VeryMax/ITS/From_T2__bakery.t2__p17043_terminationG_0.smt2 : 300051 ms.
--------------------------------------------------
timeout
../QF_NIA_split/QF_NIA_2_21//20170427-VeryMax/ITS/From_T2__bakery.t2__p17044_terminationG_0.smt2 : 300039 ms.
--------------------------------------------------
timeout
../QF_NIA_split/QF_NIA_2_21//20170427-VeryMax/ITS/From_T2__bakery.t2__p17047_terminationG_0.smt2 : 300044 ms.
--------------------------------------------------
timeout
../QF_NIA_split/QF_NIA_2_21//20170427-VeryMax/ITS/From_T2__bakery.t2__p17048_terminationG_0.smt2 : 300052 ms.
--------------------------------------------------
timeout
../QF_NIA_split/QF_NIA_2_21//20170427-VeryMax/ITS/From_T2__bakery.t2__p17049_terminationG_0.smt2 : 300042 ms.
--------------------------------------------------
timeout
../QF_NIA_split/QF_NIA_2_21//20170427-VeryMax/ITS/From_T2__bakery.t2__p17052_terminationG_0.smt2 : 300044 ms.
--------------------------------------------------
timeout
../QF_NIA_split/QF_NIA_2_21//20170427-VeryMax/ITS/From_T2__bakery.t2__p17053_terminationG_0.smt2 : 300033 ms.
--------------------------------------------------
timeout
../QF_NIA_split/QF_NIA_2_21//20170427-VeryMax/ITS/From_T2__bakery.t2__p17054_terminationG_0.smt2 : 300035 ms.
--------------------------------------------------
timeout
../QF_NIA_split/QF_NIA_2_21//20170427-VeryMax/ITS/From_T2__bakery.t2__p17057_terminationG_0.smt2 : 300054 ms.
--------------------------------------------------
timeout
../QF_NIA_split/QF_NIA_2_21//20170427-VeryMax/ITS/From_T2__bakery.t2__p17058_terminationG_0.smt2 : 300053 ms.
--------------------------------------------------
timeout
../QF_NIA_split/QF_NIA_2_21//20170427-VeryMax/ITS/From_T2__bakery.t2__p17059_terminationG_0.smt2 : 300039 ms.
--------------------------------------------------
timeout
../QF_NIA_split/QF_NIA_2_21//20170427-VeryMax/ITS/From_T2__bakery.t2__p17062_terminationG_0.smt2 : 300055 ms.
--------------------------------------------------
timeout
../QF_NIA_split/QF_NIA_2_21//20170427-VeryMax/ITS/From_T2__bakery.t2__p17063_terminationG_0.smt2 : 300042 ms.
--------------------------------------------------
timeout
../QF_NIA_split/QF_NIA_2_21//20170427-VeryMax/ITS/From_T2__bakery.t2__p17065_terminationG_0.smt2 : 300047 ms.
--------------------------------------------------
timeout
../QF_NIA_split/QF_NIA_2_21//20170427-VeryMax/ITS/From_T2__bakery.t2__p17068_terminationG_0.smt2 : 300066 ms.
--------------------------------------------------
timeout
../QF_NIA_split/QF_NIA_2_21//20170427-VeryMax/ITS/From_T2__bakery.t2__p17069_terminationG_0.smt2 : 300043 ms.
--------------------------------------------------
timeout
../QF_NIA_split/QF_NIA_2_21//20170427-VeryMax/ITS/From_T2__bakery.t2__p17070_terminationG_0.smt2 : 300046 ms.
--------------------------------------------------
timeout
../QF_NIA_split/QF_NIA_2_21//20170427-VeryMax/ITS/From_T2__bakery.t2__p17073_terminationG_0.smt2 : 300054 ms.
--------------------------------------------------
timeout
../QF_NIA_split/QF_NIA_2_21//20170427-VeryMax/ITS/From_T2__bakery.t2__p17074_terminationG_0.smt2 : 300045 ms.
--------------------------------------------------
timeout
../QF_NIA_split/QF_NIA_2_21//20170427-VeryMax/ITS/From_T2__bakery.t2__p17075_terminationG_0.smt2 : 300046 ms.
--------------------------------------------------
timeout
../QF_NIA_split/QF_NIA_2_21//20170427-VeryMax/ITS/From_T2__bakery.t2__p17078_terminationG_0.smt2 : 300073 ms.
--------------------------------------------------
timeout
../QF_NIA_split/QF_NIA_2_21//20170427-VeryMax/ITS/From_T2__bakery.t2__p17079_terminationG_0.smt2 : 300036 ms.
--------------------------------------------------
timeout
../QF_NIA_split/QF_NIA_2_21//20170427-VeryMax/ITS/From_T2__bakery.t2__p17080_terminationG_0.smt2 : 300042 ms.
--------------------------------------------------
timeout
../QF_NIA_split/QF_NIA_2_21//20170427-VeryMax/ITS/From_T2__bakery.t2__p17083_terminationG_0.smt2 : 300054 ms.
--------------------------------------------------
timeout
../QF_NIA_split/QF_NIA_2_21//20170427-VeryMax/ITS/From_T2__bakery.t2__p17084_terminationG_0.smt2 : 300035 ms.
--------------------------------------------------
timeout
../QF_NIA_split/QF_NIA_2_21//20170427-VeryMax/ITS/From_T2__bakery.t2__p17085_terminationG_0.smt2 : 300052 ms.
--------------------------------------------------
timeout
../QF_NIA_split/QF_NIA_2_21//20170427-VeryMax/ITS/From_T2__bakery.t2__p17088_terminationG_0.smt2 : 300057 ms.
--------------------------------------------------
timeout
../QF_NIA_split/QF_NIA_2_21//20170427-VeryMax/ITS/From_T2__bakery.t2__p17089_terminationG_0.smt2 : 300037 ms.
--------------------------------------------------
timeout
../QF_NIA_split/QF_NIA_2_21//20170427-VeryMax/ITS/From_T2__bakery.t2__p17090_terminationG_0.smt2 : 300047 ms.
--------------------------------------------------
timeout
../QF_NIA_split/QF_NIA_2_21//20170427-VeryMax/ITS/From_T2__bakery.t2__p17093_terminationG_0.smt2 : 300043 ms.
--------------------------------------------------
timeout
../QF_NIA_split/QF_NIA_2_21//20170427-VeryMax/ITS/From_T2__bakery.t2__p17094_terminationG_0.smt2 : 300034 ms.
--------------------------------------------------
timeout
../QF_NIA_split/QF_NIA_2_21//20170427-VeryMax/ITS/From_T2__bakery.t2__p17095_terminationG_0.smt2 : 300039 ms.
--------------------------------------------------
unsat
../QF_NIA_split/QF_NIA_2_21//20170427-VeryMax/ITS/From_T2__bakery.t2__p17098_terminationG_0.smt2 : 76668 ms.
--------------------------------------------------
timeout
../QF_NIA_split/QF_NIA_2_21//20170427-VeryMax/ITS/From_T2__bakery.t2__p17099_terminationG_0.smt2 : 300040 ms.
--------------------------------------------------
timeout
../QF_NIA_split/QF_NIA_2_21//20170427-VeryMax/ITS/From_T2__bakery.t2__p17100_terminationG_0.smt2 : 300048 ms.
--------------------------------------------------
unsat
../QF_NIA_split/QF_NIA_2_21//20170427-VeryMax/ITS/From_T2__bakery.t2__p17103_terminationG_0.smt2 : 70713 ms.
--------------------------------------------------
timeout
../QF_NIA_split/QF_NIA_2_21//20170427-VeryMax/ITS/From_T2__bakery.t2__p17104_terminationG_0.smt2 : 300033 ms.
--------------------------------------------------
timeout
../QF_NIA_split/QF_NIA_2_21//20170427-VeryMax/ITS/From_T2__bakery.t2__p17105_terminationG_0.smt2 : 300036 ms.
--------------------------------------------------
unsat
../QF_NIA_split/QF_NIA_2_21//20170427-VeryMax/ITS/From_T2__bakery.t2__p17108_terminationG_0.smt2 : 106302 ms.
--------------------------------------------------
timeout
../QF_NIA_split/QF_NIA_2_21//20170427-VeryMax/ITS/From_T2__bakery.t2__p17109_terminationG_0.smt2 : 300048 ms.
--------------------------------------------------
timeout
../QF_NIA_split/QF_NIA_2_21//20170427-VeryMax/ITS/From_T2__bakery.t2__p17110_terminationG_0.smt2 : 300046 ms.
--------------------------------------------------
unsat
../QF_NIA_split/QF_NIA_2_21//20170427-VeryMax/ITS/From_T2__bakery.t2__p17113_terminationG_0.smt2 : 74007 ms.
--------------------------------------------------
timeout
../QF_NIA_split/QF_NIA_2_21//20170427-VeryMax/ITS/From_T2__bakery.t2__p17114_terminationG_0.smt2 : 300040 ms.
--------------------------------------------------
timeout
../QF_NIA_split/QF_NIA_2_21//20170427-VeryMax/ITS/From_T2__bakery.t2__p17115_terminationG_0.smt2 : 300051 ms.
--------------------------------------------------
unsat
../QF_NIA_split/QF_NIA_2_21//20170427-VeryMax/ITS/From_T2__bakery.t2__p17118_terminationG_0.smt2 : 139758 ms.
--------------------------------------------------
timeout
../QF_NIA_split/QF_NIA_2_21//20170427-VeryMax/ITS/From_T2__bakery.t2__p17119_terminationG_0.smt2 : 300048 ms.
--------------------------------------------------
timeout
../QF_NIA_split/QF_NIA_2_21//20170427-VeryMax/ITS/From_T2__bakery.t2__p17120_terminationG_0.smt2 : 300046 ms.
--------------------------------------------------
unsat
../QF_NIA_split/QF_NIA_2_21//20170427-VeryMax/ITS/From_T2__bakery.t2__p17123_terminationG_0.smt2 : 88061 ms.
--------------------------------------------------
timeout
../QF_NIA_split/QF_NIA_2_21//20170427-VeryMax/ITS/From_T2__bakery.t2__p17124_terminationG_0.smt2 : 300040 ms.
--------------------------------------------------
timeout
../QF_NIA_split/QF_NIA_2_21//20170427-VeryMax/ITS/From_T2__bakery.t2__p17125_terminationG_0.smt2 : 300053 ms.
--------------------------------------------------
unsat
../QF_NIA_split/QF_NIA_2_21//20170427-VeryMax/ITS/From_T2__bakery.t2__p17128_terminationG_0.smt2 : 177607 ms.
--------------------------------------------------
timeout
../QF_NIA_split/QF_NIA_2_21//20170427-VeryMax/ITS/From_T2__bakery.t2__p17129_terminationG_0.smt2 : 300045 ms.
--------------------------------------------------
timeout
../QF_NIA_split/QF_NIA_2_21//20170427-VeryMax/ITS/From_T2__bakery.t2__p17130_terminationG_0.smt2 : 300050 ms.
--------------------------------------------------
unsat
../QF_NIA_split/QF_NIA_2_21//20170427-VeryMax/ITS/From_T2__bakery.t2__p17133_terminationG_0.smt2 : 79699 ms.
--------------------------------------------------
timeout
../QF_NIA_split/QF_NIA_2_21//20170427-VeryMax/ITS/From_T2__bakery.t2__p17134_terminationG_0.smt2 : 300042 ms.
--------------------------------------------------
timeout
../QF_NIA_split/QF_NIA_2_21//20170427-VeryMax/ITS/From_T2__bakery.t2__p17135_terminationG_0.smt2 : 300040 ms.
--------------------------------------------------
timeout
../QF_NIA_split/QF_NIA_2_21//20170427-VeryMax/ITS/From_T2__bakery.t2__p17138_terminationG_0.smt2 : 300049 ms.
--------------------------------------------------
timeout
../QF_NIA_split/QF_NIA_2_21//20170427-VeryMax/ITS/From_T2__bakery.t2__p17139_terminationG_0.smt2 : 300036 ms.
--------------------------------------------------
timeout
../QF_NIA_split/QF_NIA_2_21//20170427-VeryMax/ITS/From_T2__bakery.t2__p17140_terminationG_0.smt2 : 300038 ms.
--------------------------------------------------
unsat
../QF_NIA_split/QF_NIA_2_21//20170427-VeryMax/ITS/From_T2__bakery.t2__p17143_terminationG_0.smt2 : 176021 ms.
--------------------------------------------------
timeout
../QF_NIA_split/QF_NIA_2_21//20170427-VeryMax/ITS/From_T2__bakery.t2__p17144_terminationG_0.smt2 : 300040 ms.
--------------------------------------------------
timeout
../QF_NIA_split/QF_NIA_2_21//20170427-VeryMax/ITS/From_T2__bakery.t2__p17145_terminationG_0.smt2 : 300046 ms.
--------------------------------------------------
unsat
../QF_NIA_split/QF_NIA_2_21//20170427-VeryMax/ITS/From_T2__bakery.t2__p17148_terminationG_0.smt2 : 208871 ms.
--------------------------------------------------
timeout
../QF_NIA_split/QF_NIA_2_21//20170427-VeryMax/ITS/From_T2__bakery.t2__p17149_terminationG_0.smt2 : 300044 ms.
--------------------------------------------------
timeout
../QF_NIA_split/QF_NIA_2_21//20170427-VeryMax/ITS/From_T2__bakery.t2__p17150_terminationG_0.smt2 : 300034 ms.
--------------------------------------------------
timeout
../QF_NIA_split/QF_NIA_2_21//20170427-VeryMax/ITS/From_T2__bakery.t2__p17153_terminationG_0.smt2 : 300031 ms.
--------------------------------------------------
timeout
../QF_NIA_split/QF_NIA_2_21//20170427-VeryMax/ITS/From_T2__bakery.t2__p17154_terminationG_0.smt2 : 300038 ms.
--------------------------------------------------
timeout
../QF_NIA_split/QF_NIA_2_21//20170427-VeryMax/ITS/From_T2__bakery.t2__p17155_terminationG_0.smt2 : 300030 ms.
--------------------------------------------------
unsat
../QF_NIA_split/QF_NIA_2_21//20170427-VeryMax/ITS/From_T2__bakery.t2__p17158_terminationG_0.smt2 : 128180 ms.
--------------------------------------------------
timeout
../QF_NIA_split/QF_NIA_2_21//20170427-VeryMax/ITS/From_T2__bakery.t2__p17159_terminationG_0.smt2 : 300041 ms.
--------------------------------------------------
timeout
../QF_NIA_split/QF_NIA_2_21//20170427-VeryMax/ITS/From_T2__bakery.t2__p17160_terminationG_0.smt2 : 300043 ms.
--------------------------------------------------
unsat
../QF_NIA_split/QF_NIA_2_21//20170427-VeryMax/ITS/From_T2__bakery.t2__p17163_terminationG_0.smt2 : 233010 ms.
--------------------------------------------------
timeout
../QF_NIA_split/QF_NIA_2_21//20170427-VeryMax/ITS/From_T2__bakery.t2__p17164_terminationG_0.smt2 : 300037 ms.
--------------------------------------------------
timeout
../QF_NIA_split/QF_NIA_2_21//20170427-VeryMax/ITS/From_T2__bakery.t2__p17165_terminationG_0.smt2 : 300046 ms.
--------------------------------------------------
unsat
../QF_NIA_split/QF_NIA_2_21//20170427-VeryMax/ITS/From_T2__bakery.t2__p17168_terminationG_0.smt2 : 185686 ms.
--------------------------------------------------
timeout
../QF_NIA_split/QF_NIA_2_21//20170427-VeryMax/ITS/From_T2__bakery.t2__p17169_terminationG_0.smt2 : 300043 ms.
--------------------------------------------------
timeout
../QF_NIA_split/QF_NIA_2_21//20170427-VeryMax/ITS/From_T2__bakery.t2__p17170_terminationG_0.smt2 : 300045 ms.
--------------------------------------------------
unsat
../QF_NIA_split/QF_NIA_2_21//20170427-VeryMax/ITS/From_T2__bakery.t2__p17173_terminationG_0.smt2 : 200596 ms.
--------------------------------------------------
timeout
../QF_NIA_split/QF_NIA_2_21//20170427-VeryMax/ITS/From_T2__bakery.t2__p17174_terminationG_0.smt2 : 300031 ms.
--------------------------------------------------
timeout
../QF_NIA_split/QF_NIA_2_21//20170427-VeryMax/ITS/From_T2__bakery.t2__p17175_terminationG_0.smt2 : 300030 ms.
--------------------------------------------------
unsat
../QF_NIA_split/QF_NIA_2_21//20170427-VeryMax/ITS/From_T2__bakery.t2__p17178_terminationG_0.smt2 : 292562 ms.
--------------------------------------------------
timeout
../QF_NIA_split/QF_NIA_2_21//20170427-VeryMax/ITS/From_T2__bakery.t2__p17179_terminationG_0.smt2 : 300033 ms.
--------------------------------------------------
timeout
../QF_NIA_split/QF_NIA_2_21//20170427-VeryMax/ITS/From_T2__bakery.t2__p17180_terminationG_0.smt2 : 300038 ms.
--------------------------------------------------
unsat
../QF_NIA_split/QF_NIA_2_21//20170427-VeryMax/ITS/From_T2__bakery.t2__p17183_terminationG_0.smt2 : 177062 ms.
--------------------------------------------------
timeout
../QF_NIA_split/QF_NIA_2_21//20170427-VeryMax/ITS/From_T2__bakery.t2__p17184_terminationG_0.smt2 : 300040 ms.
--------------------------------------------------
timeout
../QF_NIA_split/QF_NIA_2_21//20170427-VeryMax/ITS/From_T2__bakery.t2__p17185_terminationG_0.smt2 : 300039 ms.
--------------------------------------------------
timeout
../QF_NIA_split/QF_NIA_2_21//20170427-VeryMax/ITS/From_T2__bakery.t2__p17188_terminationG_0.smt2 : 300041 ms.
--------------------------------------------------
timeout
../QF_NIA_split/QF_NIA_2_21//20170427-VeryMax/ITS/From_T2__bakery.t2__p17189_terminationG_0.smt2 : 300035 ms.
--------------------------------------------------
timeout
../QF_NIA_split/QF_NIA_2_21//20170427-VeryMax/ITS/From_T2__bakery.t2__p17190_terminationG_0.smt2 : 300036 ms.
--------------------------------------------------
timeout
../QF_NIA_split/QF_NIA_2_21//20170427-VeryMax/ITS/From_T2__bakery.t2__p17193_terminationG_0.smt2 : 300037 ms.
--------------------------------------------------
timeout
../QF_NIA_split/QF_NIA_2_21//20170427-VeryMax/ITS/From_T2__bakery.t2__p17194_terminationG_0.smt2 : 300040 ms.
--------------------------------------------------
timeout
../QF_NIA_split/QF_NIA_2_21//20170427-VeryMax/ITS/From_T2__bakery.t2__p17195_terminationG_0.smt2 : 300037 ms.
--------------------------------------------------
timeout
../QF_NIA_split/QF_NIA_2_21//20170427-VeryMax/ITS/From_T2__bakery.t2__p17198_terminationG_0.smt2 : 300033 ms.
--------------------------------------------------
timeout
../QF_NIA_split/QF_NIA_2_21//20170427-VeryMax/ITS/From_T2__bakery.t2__p17199_terminationG_0.smt2 : 300035 ms.
--------------------------------------------------
timeout
../QF_NIA_split/QF_NIA_2_21//20170427-VeryMax/ITS/From_T2__bakery.t2__p17200_terminationG_0.smt2 : 300039 ms.
--------------------------------------------------
timeout
../QF_NIA_split/QF_NIA_2_21//20170427-VeryMax/ITS/From_T2__bakery.t2__p17203_terminationG_0.smt2 : 300040 ms.
--------------------------------------------------
timeout
../QF_NIA_split/QF_NIA_2_21//20170427-VeryMax/ITS/From_T2__bakery.t2__p17204_terminationG_0.smt2 : 300052 ms.
--------------------------------------------------
timeout
../QF_NIA_split/QF_NIA_2_21//20170427-VeryMax/ITS/From_T2__bakery.t2__p17205_terminationG_0.smt2 : 300039 ms.
--------------------------------------------------
timeout
../QF_NIA_split/QF_NIA_2_21//20170427-VeryMax/ITS/From_T2__bakery.t2__p17208_terminationG_0.smt2 : 300035 ms.
--------------------------------------------------
timeout
../QF_NIA_split/QF_NIA_2_21//20170427-VeryMax/ITS/From_T2__bakery.t2__p17209_terminationG_0.smt2 : 300033 ms.
--------------------------------------------------
timeout
../QF_NIA_split/QF_NIA_2_21//20170427-VeryMax/ITS/From_T2__bakery.t2__p17210_terminationG_0.smt2 : 300037 ms.
--------------------------------------------------
sat
../QF_NIA_split/QF_NIA_2_21//20170427-VeryMax/ITS/From_T2__bakery.t2__p17215_edge_closing_0.smt2 : 11349 ms.
--------------------------------------------------
unsat
../QF_NIA_split/QF_NIA_2_21//20170427-VeryMax/ITS/From_T2__bakery.t2__terminationS_0_0.smt2 : 1921 ms.
--------------------------------------------------
timeout
../QF_NIA_split/QF_NIA_2_21//20170427-VeryMax/ITS/From_T2__bio.t2__term_unfeasibility_0_0.smt2 : 300336 ms.
--------------------------------------------------
sat
../QF_NIA_split/QF_NIA_2_21//20170427-VeryMax/ITS/From_T2__brockschmidt_1.t2__p17389_terminationG_0.smt2 : 1851 ms.
--------------------------------------------------
sat
../QF_NIA_split/QF_NIA_2_21//20170427-VeryMax/ITS/From_T2__broydn.c.i.broydn.pl.t2.fixed.t2_fixed__term_unfeasibility_10_0.smt2 : 34496 ms.
--------------------------------------------------
unsat
../QF_NIA_split/QF_NIA_2_21//20170427-VeryMax/ITS/From_T2__broydn.c.i.broydn.pl.t2.fixed.t2_fixed__term_unfeasibility_11_0.smt2 : 295995 ms.
--------------------------------------------------
sat
../QF_NIA_split/QF_NIA_2_21//20170427-VeryMax/ITS/From_T2__broydn.c.i.broydn.pl.t2.fixed.t2_fixed__term_unfeasibility_3_0.smt2 : 47085 ms.
--------------------------------------------------
sat
../QF_NIA_split/QF_NIA_2_21//20170427-VeryMax/ITS/From_T2__broydn.c.i.broydn.pl.t2.fixed.t2_fixed__term_unfeasibility_4_0.smt2 : 46404 ms.
--------------------------------------------------
sat
../QF_NIA_split/QF_NIA_2_21//20170427-VeryMax/ITS/From_T2__broydn.c.i.broydn.pl.t2.fixed.t2_fixed__term_unfeasibility_5_0.smt2 : 11216 ms.
--------------------------------------------------
sat
../QF_NIA_split/QF_NIA_2_21//20170427-VeryMax/ITS/From_T2__broydn.c.i.broydn.pl.t2.fixed.t2_fixed__term_unfeasibility_6_0.smt2 : 35492 ms.
--------------------------------------------------
sat
../QF_NIA_split/QF_NIA_2_21//20170427-VeryMax/ITS/From_T2__broydn.c.i.broydn.pl.t2.fixed.t2_fixed__term_unfeasibility_7_0.smt2 : 53091 ms.
--------------------------------------------------
sat
../QF_NIA_split/QF_NIA_2_21//20170427-VeryMax/ITS/From_T2__broydn.c.i.broydn.pl.t2.fixed.t2_fixed__term_unfeasibility_8_0.smt2 : 42101 ms.
--------------------------------------------------
sat
../QF_NIA_split/QF_NIA_2_21//20170427-VeryMax/ITS/From_T2__broydn.c.i.broydn.pl.t2.fixed.t2_fixed__term_unfeasibility_9_0.smt2 : 16214 ms.
--------------------------------------------------
sat
../QF_NIA_split/QF_NIA_2_21//20170427-VeryMax/ITS/From_T2__broydn.c.i.broydn.pl.t2.fixed.t2__term_unfeasibility_10_0.smt2 : 12745 ms.
--------------------------------------------------
unsat
../QF_NIA_split/QF_NIA_2_21//20170427-VeryMax/ITS/From_T2__broydn.c.i.broydn.pl.t2.fixed.t2__term_unfeasibility_11_0.smt2 : 68255 ms.
--------------------------------------------------
sat
../QF_NIA_split/QF_NIA_2_21//20170427-VeryMax/ITS/From_T2__broydn.c.i.broydn.pl.t2.fixed.t2__term_unfeasibility_3_0.smt2 : 12921 ms.
--------------------------------------------------
sat
../QF_NIA_split/QF_NIA_2_21//20170427-VeryMax/ITS/From_T2__broydn.c.i.broydn.pl.t2.fixed.t2__term_unfeasibility_4_0.smt2 : 10721 ms.
--------------------------------------------------
sat
../QF_NIA_split/QF_NIA_2_21//20170427-VeryMax/ITS/From_T2__broydn.c.i.broydn.pl.t2.fixed.t2__term_unfeasibility_5_0.smt2 : 8640 ms.
--------------------------------------------------
sat
../QF_NIA_split/QF_NIA_2_21//20170427-VeryMax/ITS/From_T2__broydn.c.i.broydn.pl.t2.fixed.t2__term_unfeasibility_6_0.smt2 : 11699 ms.
--------------------------------------------------
sat
../QF_NIA_split/QF_NIA_2_21//20170427-VeryMax/ITS/From_T2__broydn.c.i.broydn.pl.t2.fixed.t2__term_unfeasibility_7_0.smt2 : 8924 ms.
--------------------------------------------------
sat
../QF_NIA_split/QF_NIA_2_21//20170427-VeryMax/ITS/From_T2__broydn.c.i.broydn.pl.t2.fixed.t2__term_unfeasibility_8_0.smt2 : 8871 ms.
--------------------------------------------------
sat
../QF_NIA_split/QF_NIA_2_21//20170427-VeryMax/ITS/From_T2__broydn.c.i.broydn.pl.t2.fixed.t2__term_unfeasibility_9_0.smt2 : 10397 ms.
--------------------------------------------------
sat
../QF_NIA_split/QF_NIA_2_21//20170427-VeryMax/ITS/From_T2__broydn.t2_fixed__term_unfeasibility_10_0.smt2 : 28740 ms.
--------------------------------------------------
timeout
../QF_NIA_split/QF_NIA_2_21//20170427-VeryMax/ITS/From_T2__broydn.t2_fixed__term_unfeasibility_11_0.smt2 : 300049 ms.
--------------------------------------------------
sat
../QF_NIA_split/QF_NIA_2_21//20170427-VeryMax/ITS/From_T2__broydn.t2_fixed__term_unfeasibility_3_0.smt2 : 32168 ms.
--------------------------------------------------
sat
../QF_NIA_split/QF_NIA_2_21//20170427-VeryMax/ITS/From_T2__broydn.t2_fixed__term_unfeasibility_4_0.smt2 : 28646 ms.
--------------------------------------------------
sat
../QF_NIA_split/QF_NIA_2_21//20170427-VeryMax/ITS/From_T2__broydn.t2_fixed__term_unfeasibility_5_0.smt2 : 24297 ms.
--------------------------------------------------
sat
../QF_NIA_split/QF_NIA_2_21//20170427-VeryMax/ITS/From_T2__broydn.t2_fixed__term_unfeasibility_6_0.smt2 : 30051 ms.
--------------------------------------------------
sat
../QF_NIA_split/QF_NIA_2_21//20170427-VeryMax/ITS/From_T2__broydn.t2_fixed__term_unfeasibility_7_0.smt2 : 35620 ms.
--------------------------------------------------
sat
../QF_NIA_split/QF_NIA_2_21//20170427-VeryMax/ITS/From_T2__broydn.t2_fixed__term_unfeasibility_8_0.smt2 : 83838 ms.
--------------------------------------------------
sat
../QF_NIA_split/QF_NIA_2_21//20170427-VeryMax/ITS/From_T2__broydn.t2_fixed__term_unfeasibility_9_0.smt2 : 42004 ms.
--------------------------------------------------
sat
../QF_NIA_split/QF_NIA_2_21//20170427-VeryMax/ITS/From_T2__broydn.t2__term_unfeasibility_10_0.smt2 : 9806 ms.
--------------------------------------------------
unsat
../QF_NIA_split/QF_NIA_2_21//20170427-VeryMax/ITS/From_T2__broydn.t2__term_unfeasibility_11_0.smt2 : 83673 ms.
--------------------------------------------------
sat
../QF_NIA_split/QF_NIA_2_21//20170427-VeryMax/ITS/From_T2__broydn.t2__term_unfeasibility_3_0.smt2 : 8634 ms.
--------------------------------------------------
sat
../QF_NIA_split/QF_NIA_2_21//20170427-VeryMax/ITS/From_T2__broydn.t2__term_unfeasibility_4_0.smt2 : 10975 ms.
--------------------------------------------------
sat
../QF_NIA_split/QF_NIA_2_21//20170427-VeryMax/ITS/From_T2__broydn.t2__term_unfeasibility_5_0.smt2 : 11729 ms.
--------------------------------------------------
sat
../QF_NIA_split/QF_NIA_2_21//20170427-VeryMax/ITS/From_T2__broydn.t2__term_unfeasibility_6_0.smt2 : 9664 ms.
--------------------------------------------------
sat
../QF_NIA_split/QF_NIA_2_21//20170427-VeryMax/ITS/From_T2__broydn.t2__term_unfeasibility_7_0.smt2 : 9046 ms.
--------------------------------------------------
sat
../QF_NIA_split/QF_NIA_2_21//20170427-VeryMax/ITS/From_T2__broydn.t2__term_unfeasibility_8_0.smt2 : 10495 ms.
--------------------------------------------------
sat
../QF_NIA_split/QF_NIA_2_21//20170427-VeryMax/ITS/From_T2__broydn.t2__term_unfeasibility_9_0.smt2 : 9128 ms.
--------------------------------------------------
timeout
../QF_NIA_split/QF_NIA_2_21//20170427-VeryMax/ITS/From_T2__brp_withassume.t2__p17421_terminationG_0.smt2 : 300048 ms.
--------------------------------------------------
timeout
../QF_NIA_split/QF_NIA_2_21//20170427-VeryMax/ITS/From_T2__brp_withassume.t2__p17422_terminationG_0.smt2 : 300046 ms.
--------------------------------------------------
timeout
../QF_NIA_split/QF_NIA_2_21//20170427-VeryMax/ITS/From_T2__brp_withassume.t2__p17423_terminationG_0.smt2 : 300051 ms.
--------------------------------------------------
timeout
../QF_NIA_split/QF_NIA_2_21//20170427-VeryMax/ITS/From_T2__brp_withassume.t2__p17426_terminationG_0.smt2 : 300042 ms.
--------------------------------------------------
timeout
../QF_NIA_split/QF_NIA_2_21//20170427-VeryMax/ITS/From_T2__brp_withassume.t2__p17427_terminationG_0.smt2 : 300053 ms.
--------------------------------------------------
timeout
../QF_NIA_split/QF_NIA_2_21//20170427-VeryMax/ITS/From_T2__brp_withassume.t2__p17428_terminationG_0.smt2 : 300064 ms.
--------------------------------------------------
timeout
../QF_NIA_split/QF_NIA_2_21//20170427-VeryMax/ITS/From_T2__brp_withassume.t2__p17432_edge_closing_0.smt2 : 300043 ms.
--------------------------------------------------
timeout
../QF_NIA_split/QF_NIA_2_21//20170427-VeryMax/ITS/From_T2__brp_withassume.t2__p17433_edge_closing_0.smt2 : 300056 ms.
--------------------------------------------------
timeout
../QF_NIA_split/QF_NIA_2_21//20170427-VeryMax/ITS/From_T2__brp_withassume.t2__p17434_edge_closing_0.smt2 : 300050 ms.
--------------------------------------------------
timeout
../QF_NIA_split/QF_NIA_2_21//20170427-VeryMax/ITS/From_T2__brp_withassume.t2__p17436_edge_closing_0.smt2 : 300051 ms.
--------------------------------------------------
timeout
../QF_NIA_split/QF_NIA_2_21//20170427-VeryMax/ITS/From_T2__brp_withassume.t2__p17437_edge_closing_0.smt2 : 300049 ms.
--------------------------------------------------
timeout
../QF_NIA_split/QF_NIA_2_21//20170427-VeryMax/ITS/From_T2__brp_withassume.t2__p17438_edge_closing_0.smt2 : 300060 ms.
--------------------------------------------------
unsat
../QF_NIA_split/QF_NIA_2_21//20170427-VeryMax/ITS/From_T2__brp_withassume.t2__terminationS_0_0.smt2 : 42762 ms.
--------------------------------------------------
timeout
../QF_NIA_split/QF_NIA_2_21//20170427-VeryMax/ITS/From_T2__brp_withassume.t2__terminationS_10_0.smt2 : 300045 ms.
--------------------------------------------------
unsat
../QF_NIA_split/QF_NIA_2_21//20170427-VeryMax/ITS/From_T2__brp_withassume.t2__terminationS_1_0.smt2 : 56134 ms.
--------------------------------------------------
timeout
../QF_NIA_split/QF_NIA_2_21//20170427-VeryMax/ITS/From_T2__brp_withassume.t2__terminationS_11_0.smt2 : 300051 ms.
--------------------------------------------------
timeout
../QF_NIA_split/QF_NIA_2_21//20170427-VeryMax/ITS/From_T2__brp_withassume.t2__terminationS_12_0.smt2 : 300081 ms.
--------------------------------------------------
timeout
../QF_NIA_split/QF_NIA_2_21//20170427-VeryMax/ITS/From_T2__brp_withassume.t2__terminationS_13_0.smt2 : 300051 ms.
--------------------------------------------------
timeout
../QF_NIA_split/QF_NIA_2_21//20170427-VeryMax/ITS/From_T2__brp_withassume.t2__terminationS_14_0.smt2 : 300046 ms.
--------------------------------------------------
timeout
../QF_NIA_split/QF_NIA_2_21//20170427-VeryMax/ITS/From_T2__brp_withassume.t2__terminationS_15_0.smt2 : 300051 ms.
--------------------------------------------------
timeout
../QF_NIA_split/QF_NIA_2_21//20170427-VeryMax/ITS/From_T2__brp_withassume.t2__terminationS_16_0.smt2 : 300050 ms.
--------------------------------------------------
timeout
../QF_NIA_split/QF_NIA_2_21//20170427-VeryMax/ITS/From_T2__brp_withassume.t2__terminationS_17_0.smt2 : 300040 ms.
--------------------------------------------------
unsat
../QF_NIA_split/QF_NIA_2_21//20170427-VeryMax/ITS/From_T2__brp_withassume.t2__terminationS_18_0.smt2 : 201208 ms.
--------------------------------------------------
unsat
../QF_NIA_split/QF_NIA_2_21//20170427-VeryMax/ITS/From_T2__brp_withassume.t2__terminationS_19_0.smt2 : 229147 ms.
--------------------------------------------------
unsat
../QF_NIA_split/QF_NIA_2_21//20170427-VeryMax/ITS/From_T2__brp_withassume.t2__terminationS_20_0.smt2 : 163260 ms.
--------------------------------------------------
timeout
../QF_NIA_split/QF_NIA_2_21//20170427-VeryMax/ITS/From_T2__brp_withassume.t2__terminationS_2_0.smt2 : 300046 ms.
--------------------------------------------------
unsat
../QF_NIA_split/QF_NIA_2_21//20170427-VeryMax/ITS/From_T2__brp_withassume.t2__terminationS_21_0.smt2 : 155160 ms.
--------------------------------------------------
unsat
../QF_NIA_split/QF_NIA_2_21//20170427-VeryMax/ITS/From_T2__brp_withassume.t2__terminationS_22_0.smt2 : 147498 ms.
--------------------------------------------------
unsat
../QF_NIA_split/QF_NIA_2_21//20170427-VeryMax/ITS/From_T2__brp_withassume.t2__terminationS_23_0.smt2 : 217154 ms.
--------------------------------------------------
unsat
../QF_NIA_split/QF_NIA_2_21//20170427-VeryMax/ITS/From_T2__brp_withassume.t2__terminationS_24_0.smt2 : 155299 ms.
--------------------------------------------------
unsat
../QF_NIA_split/QF_NIA_2_21//20170427-VeryMax/ITS/From_T2__brp_withassume.t2__terminationS_25_0.smt2 : 155730 ms.
--------------------------------------------------
unsat
../QF_NIA_split/QF_NIA_2_21//20170427-VeryMax/ITS/From_T2__brp_withassume.t2__terminationS_26_0.smt2 : 4486 ms.
--------------------------------------------------
unsat
../QF_NIA_split/QF_NIA_2_21//20170427-VeryMax/ITS/From_T2__brp_withassume.t2__terminationS_27_0.smt2 : 107167 ms.
--------------------------------------------------
unsat
../QF_NIA_split/QF_NIA_2_21//20170427-VeryMax/ITS/From_T2__brp_withassume.t2__terminationS_28_0.smt2 : 4925 ms.
--------------------------------------------------
unsat
../QF_NIA_split/QF_NIA_2_21//20170427-VeryMax/ITS/From_T2__brp_withassume.t2__terminationS_29_0.smt2 : 4178 ms.
--------------------------------------------------
unsat
../QF_NIA_split/QF_NIA_2_21//20170427-VeryMax/ITS/From_T2__brp_withassume.t2__terminationS_30_0.smt2 : 4682 ms.
--------------------------------------------------
timeout
../QF_NIA_split/QF_NIA_2_21//20170427-VeryMax/ITS/From_T2__brp_withassume.t2__terminationS_3_0.smt2 : 300049 ms.
--------------------------------------------------
unsat
../QF_NIA_split/QF_NIA_2_21//20170427-VeryMax/ITS/From_T2__brp_withassume.t2__terminationS_31_0.smt2 : 4818 ms.
--------------------------------------------------
unsat
../QF_NIA_split/QF_NIA_2_21//20170427-VeryMax/ITS/From_T2__brp_withassume.t2__terminationS_32_0.smt2 : 3969 ms.
--------------------------------------------------
timeout
../QF_NIA_split/QF_NIA_2_21//20170427-VeryMax/ITS/From_T2__brp_withassume.t2__terminationS_4_0.smt2 : 300051 ms.
--------------------------------------------------
timeout
../QF_NIA_split/QF_NIA_2_21//20170427-VeryMax/ITS/From_T2__brp_withassume.t2__terminationS_5_0.smt2 : 300048 ms.
--------------------------------------------------
timeout
../QF_NIA_split/QF_NIA_2_21//20170427-VeryMax/ITS/From_T2__brp_withassume.t2__terminationS_6_0.smt2 : 300046 ms.
--------------------------------------------------
timeout
../QF_NIA_split/QF_NIA_2_21//20170427-VeryMax/ITS/From_T2__brp_withassume.t2__terminationS_7_0.smt2 : 300056 ms.
--------------------------------------------------
unsat
../QF_NIA_split/QF_NIA_2_21//20170427-VeryMax/ITS/From_T2__brp_withassume.t2__terminationS_8_0.smt2 : 282510 ms.
--------------------------------------------------
timeout
../QF_NIA_split/QF_NIA_2_21//20170427-VeryMax/ITS/From_T2__brp_withassume.t2__terminationS_9_0.smt2 : 300054 ms.
--------------------------------------------------
sat
../QF_NIA_split/QF_NIA_2_21//20170427-VeryMax/ITS/From_T2__brp_withassume.t2__term_unfeasibility_0_0.smt2 : 85387 ms.
--------------------------------------------------
timeout
../QF_NIA_split/QF_NIA_2_21//20170427-VeryMax/ITS/From_T2__brp_withassume.t2__term_unfeasibility_1_0.smt2 : 300047 ms.
--------------------------------------------------
timeout
../QF_NIA_split/QF_NIA_2_21//20170427-VeryMax/ITS/From_T2__brp_withassume.t2__term_unfeasibility_2_0.smt2 : 300045 ms.
--------------------------------------------------
unsat
../QF_NIA_split/QF_NIA_2_21//20170427-VeryMax/ITS/From_T2__bsort100.t2_fixed__term_unfeasibility_1_0.smt2 : 11143 ms.
--------------------------------------------------
unsat
../QF_NIA_split/QF_NIA_2_21//20170427-VeryMax/ITS/From_T2__bs.t2_fixed__p17455_terminationG_0.smt2 : 10946 ms.
--------------------------------------------------
timeout
../QF_NIA_split/QF_NIA_2_21//20170427-VeryMax/ITS/From_T2__bs.t2_fixed__p17456_terminationG_0.smt2 : 300057 ms.
--------------------------------------------------
unsat
../QF_NIA_split/QF_NIA_2_21//20170427-VeryMax/ITS/From_T2__bs.t2_fixed__p17459_edge_closing_0.smt2 : 27362 ms.
--------------------------------------------------
timeout
../QF_NIA_split/QF_NIA_2_21//20170427-VeryMax/ITS/From_T2__bs.t2_fixed__p17460_edge_closing_0.smt2 : 300045 ms.
--------------------------------------------------
sat
../QF_NIA_split/QF_NIA_2_21//20170427-VeryMax/ITS/From_T2__bs.t2_fixed__p17464_edge_closing_0.smt2 : 6787 ms.
--------------------------------------------------
unsat
../QF_NIA_split/QF_NIA_2_21//20170427-VeryMax/ITS/From_T2__bs.t2__p17477_terminationG_0.smt2 : 17876 ms.
--------------------------------------------------
timeout
../QF_NIA_split/QF_NIA_2_21//20170427-VeryMax/ITS/From_T2__bs.t2__p17478_terminationG_0.smt2 : 300035 ms.
--------------------------------------------------
sat
../QF_NIA_split/QF_NIA_2_21//20170427-VeryMax/ITS/From_T2__bs.t2__p17482_edge_closing_0.smt2 : 4037 ms.
--------------------------------------------------
sat
../QF_NIA_split/QF_NIA_2_21//20170427-VeryMax/ITS/From_T2__bs.t2__p17486_edge_closing_0.smt2 : 2669 ms.
--------------------------------------------------
sat
../QF_NIA_split/QF_NIA_2_21//20170427-VeryMax/ITS/From_T2__byron-3.t2__p17524_terminationG_0.smt2 : 458 ms.
--------------------------------------------------
unsat
../QF_NIA_split/QF_NIA_2_21//20170427-VeryMax/ITS/From_T2__byron-4.t2__p17537_terminationG_0.smt2 : 529 ms.
--------------------------------------------------
timeout
../QF_NIA_split/QF_NIA_2_21//20170427-VeryMax/ITS/From_T2__byron-4.t2__p17538_terminationG_0.smt2 : 300030 ms.
--------------------------------------------------
timeout
../QF_NIA_split/QF_NIA_2_21//20170427-VeryMax/ITS/From_T2__byron-4.t2__p17539_terminationG_0.smt2 : 300036 ms.
--------------------------------------------------
unsat
../QF_NIA_split/QF_NIA_2_21//20170427-VeryMax/ITS/From_T2__byron-4.t2__p17542_terminationG_0.smt2 : 234670 ms.
--------------------------------------------------
timeout
../QF_NIA_split/QF_NIA_2_21//20170427-VeryMax/ITS/From_T2__byron-4.t2__p17543_terminationG_0.smt2 : 300045 ms.
--------------------------------------------------
timeout
../QF_NIA_split/QF_NIA_2_21//20170427-VeryMax/ITS/From_T2__byron-4.t2__p17544_terminationG_0.smt2 : 300066 ms.
--------------------------------------------------
unsat
../QF_NIA_split/QF_NIA_2_21//20170427-VeryMax/ITS/From_T2__byron-4.t2__p17547_terminationG_0.smt2 : 224234 ms.
--------------------------------------------------
timeout
../QF_NIA_split/QF_NIA_2_21//20170427-VeryMax/ITS/From_T2__byron-4.t2__p17548_terminationG_0.smt2 : 300058 ms.
--------------------------------------------------
timeout
../QF_NIA_split/QF_NIA_2_21//20170427-VeryMax/ITS/From_T2__byron-4.t2__p17549_terminationG_0.smt2 : 300059 ms.
--------------------------------------------------
unsat
../QF_NIA_split/QF_NIA_2_21//20170427-VeryMax/ITS/From_T2__byron-4.t2__p17552_terminationG_0.smt2 : 222521 ms.
--------------------------------------------------
timeout
../QF_NIA_split/QF_NIA_2_21//20170427-VeryMax/ITS/From_T2__byron-4.t2__p17553_terminationG_0.smt2 : 300054 ms.
--------------------------------------------------
timeout
../QF_NIA_split/QF_NIA_2_21//20170427-VeryMax/ITS/From_T2__byron-4.t2__p17554_terminationG_0.smt2 : 300049 ms.
--------------------------------------------------
unsat
../QF_NIA_split/QF_NIA_2_21//20170427-VeryMax/ITS/From_T2__byron-4.t2__p17557_terminationG_0.smt2 : 173609 ms.
--------------------------------------------------
timeout
../QF_NIA_split/QF_NIA_2_21//20170427-VeryMax/ITS/From_T2__byron-4.t2__p17558_terminationG_0.smt2 : 300056 ms.
--------------------------------------------------
timeout
../QF_NIA_split/QF_NIA_2_21//20170427-VeryMax/ITS/From_T2__byron-4.t2__p17559_terminationG_0.smt2 : 300070 ms.
--------------------------------------------------
timeout
../QF_NIA_split/QF_NIA_2_21//20170427-VeryMax/ITS/From_T2__byron-4.t2__p17562_terminationG_0.smt2 : 300050 ms.
--------------------------------------------------
timeout
../QF_NIA_split/QF_NIA_2_21//20170427-VeryMax/ITS/From_T2__byron-4.t2__p17563_terminationG_0.smt2 : 300067 ms.
--------------------------------------------------
timeout
../QF_NIA_split/QF_NIA_2_21//20170427-VeryMax/ITS/From_T2__byron-4.t2__p17564_terminationG_0.smt2 : 300096 ms.
--------------------------------------------------
unsat
../QF_NIA_split/QF_NIA_2_21//20170427-VeryMax/ITS/From_T2__byron-4.t2__p17567_terminationG_0.smt2 : 261287 ms.
--------------------------------------------------
timeout
../QF_NIA_split/QF_NIA_2_21//20170427-VeryMax/ITS/From_T2__byron-4.t2__p17568_terminationG_0.smt2 : 300077 ms.
--------------------------------------------------
timeout
../QF_NIA_split/QF_NIA_2_21//20170427-VeryMax/ITS/From_T2__byron-4.t2__p17569_terminationG_0.smt2 : 300083 ms.
--------------------------------------------------
timeout
../QF_NIA_split/QF_NIA_2_21//20170427-VeryMax/ITS/From_T2__byron-4.t2__p17573_terminationG_0.smt2 : 300041 ms.
--------------------------------------------------
timeout
../QF_NIA_split/QF_NIA_2_21//20170427-VeryMax/ITS/From_T2__byron-4.t2__p17574_terminationG_0.smt2 : 300078 ms.
--------------------------------------------------
timeout
../QF_NIA_split/QF_NIA_2_21//20170427-VeryMax/ITS/From_T2__byron-4.t2__p17575_terminationG_0.smt2 : 300086 ms.
--------------------------------------------------
timeout
../QF_NIA_split/QF_NIA_2_21//20170427-VeryMax/ITS/From_T2__byron-4.t2__p17578_terminationG_0.smt2 : 300047 ms.
--------------------------------------------------
timeout
../QF_NIA_split/QF_NIA_2_21//20170427-VeryMax/ITS/From_T2__byron-4.t2__p17579_terminationG_0.smt2 : 300065 ms.
--------------------------------------------------
timeout
../QF_NIA_split/QF_NIA_2_21//20170427-VeryMax/ITS/From_T2__byron-4.t2__p17580_terminationG_0.smt2 : 300074 ms.
--------------------------------------------------
unsat
../QF_NIA_split/QF_NIA_2_21//20170427-VeryMax/ITS/From_T2__byron-4.t2__p17583_terminationG_0.smt2 : 240400 ms.
--------------------------------------------------
timeout
../QF_NIA_split/QF_NIA_2_21//20170427-VeryMax/ITS/From_T2__byron-4.t2__p17584_terminationG_0.smt2 : 300057 ms.
--------------------------------------------------
timeout
../QF_NIA_split/QF_NIA_2_21//20170427-VeryMax/ITS/From_T2__byron-4.t2__p17585_terminationG_0.smt2 : 300057 ms.
--------------------------------------------------
unsat
../QF_NIA_split/QF_NIA_2_21//20170427-VeryMax/ITS/From_T2__byron-4.t2__p17588_terminationG_0.smt2 : 201039 ms.
--------------------------------------------------
timeout
../QF_NIA_split/QF_NIA_2_21//20170427-VeryMax/ITS/From_T2__byron-4.t2__p17589_terminationG_0.smt2 : 300088 ms.
--------------------------------------------------
timeout
../QF_NIA_split/QF_NIA_2_21//20170427-VeryMax/ITS/From_T2__byron-4.t2__p17590_terminationG_0.smt2 : 300086 ms.
--------------------------------------------------
timeout
../QF_NIA_split/QF_NIA_2_21//20170427-VeryMax/ITS/From_T2__byron-4.t2__p17593_terminationG_0.smt2 : 300061 ms.
--------------------------------------------------
timeout
../QF_NIA_split/QF_NIA_2_21//20170427-VeryMax/ITS/From_T2__byron-4.t2__p17594_terminationG_0.smt2 : 300084 ms.
--------------------------------------------------
timeout
../QF_NIA_split/QF_NIA_2_21//20170427-VeryMax/ITS/From_T2__byron-4.t2__p17595_terminationG_0.smt2 : 300088 ms.
--------------------------------------------------
timeout
../QF_NIA_split/QF_NIA_2_21//20170427-VeryMax/ITS/From_T2__byron-4.t2__p17598_terminationG_0.smt2 : 300068 ms.
--------------------------------------------------
timeout
../QF_NIA_split/QF_NIA_2_21//20170427-VeryMax/ITS/From_T2__byron-4.t2__p17599_terminationG_0.smt2 : 300064 ms.
--------------------------------------------------
timeout
../QF_NIA_split/QF_NIA_2_21//20170427-VeryMax/ITS/From_T2__byron-4.t2__p17600_terminationG_0.smt2 : 300087 ms.
--------------------------------------------------
timeout
../QF_NIA_split/QF_NIA_2_21//20170427-VeryMax/ITS/From_T2__byron-4.t2__p17603_terminationG_0.smt2 : 300052 ms.
--------------------------------------------------
timeout
../QF_NIA_split/QF_NIA_2_21//20170427-VeryMax/ITS/From_T2__byron-4.t2__p17604_terminationG_0.smt2 : 300084 ms.
--------------------------------------------------
timeout
../QF_NIA_split/QF_NIA_2_21//20170427-VeryMax/ITS/From_T2__byron-4.t2__p17605_terminationG_0.smt2 : 300074 ms.
--------------------------------------------------
timeout
../QF_NIA_split/QF_NIA_2_21//20170427-VeryMax/ITS/From_T2__byron-4.t2__p17608_terminationG_0.smt2 : 300053 ms.
--------------------------------------------------
timeout
../QF_NIA_split/QF_NIA_2_21//20170427-VeryMax/ITS/From_T2__byron-4.t2__p17609_terminationG_0.smt2 : 300086 ms.
--------------------------------------------------
timeout
../QF_NIA_split/QF_NIA_2_21//20170427-VeryMax/ITS/From_T2__byron-4.t2__p17610_terminationG_0.smt2 : 300087 ms.
--------------------------------------------------
timeout
../QF_NIA_split/QF_NIA_2_21//20170427-VeryMax/ITS/From_T2__byron-4.t2__p17613_terminationG_0.smt2 : 300067 ms.
--------------------------------------------------
timeout
../QF_NIA_split/QF_NIA_2_21//20170427-VeryMax/ITS/From_T2__byron-4.t2__p17614_terminationG_0.smt2 : 300095 ms.
--------------------------------------------------
timeout
../QF_NIA_split/QF_NIA_2_21//20170427-VeryMax/ITS/From_T2__byron-4.t2__p17615_terminationG_0.smt2 : 300080 ms.
--------------------------------------------------
timeout
../QF_NIA_split/QF_NIA_2_21//20170427-VeryMax/ITS/From_T2__byron-4.t2__p17618_terminationG_0.smt2 : 300069 ms.
--------------------------------------------------
timeout
../QF_NIA_split/QF_NIA_2_21//20170427-VeryMax/ITS/From_T2__byron-4.t2__p17619_terminationG_0.smt2 : 300108 ms.
--------------------------------------------------
timeout
../QF_NIA_split/QF_NIA_2_21//20170427-VeryMax/ITS/From_T2__byron-4.t2__p17620_terminationG_0.smt2 : 300040 ms.
--------------------------------------------------
timeout
../QF_NIA_split/QF_NIA_2_21//20170427-VeryMax/ITS/From_T2__byron-4.t2__p17623_terminationG_0.smt2 : 300076 ms.
--------------------------------------------------
timeout
../QF_NIA_split/QF_NIA_2_21//20170427-VeryMax/ITS/From_T2__byron-4.t2__p17624_terminationG_0.smt2 : 300094 ms.
--------------------------------------------------
timeout
../QF_NIA_split/QF_NIA_2_21//20170427-VeryMax/ITS/From_T2__byron-4.t2__p17625_terminationG_0.smt2 : 300047 ms.
--------------------------------------------------
timeout
../QF_NIA_split/QF_NIA_2_21//20170427-VeryMax/ITS/From_T2__byron-4.t2__p17628_terminationG_0.smt2 : 300068 ms.
--------------------------------------------------
timeout
../QF_NIA_split/QF_NIA_2_21//20170427-VeryMax/ITS/From_T2__byron-4.t2__p17629_terminationG_0.smt2 : 300098 ms.
--------------------------------------------------
timeout
../QF_NIA_split/QF_NIA_2_21//20170427-VeryMax/ITS/From_T2__byron-4.t2__p17630_terminationG_0.smt2 : 300039 ms.
--------------------------------------------------
timeout
../QF_NIA_split/QF_NIA_2_21//20170427-VeryMax/ITS/From_T2__byron-4.t2__p17633_terminationG_0.smt2 : 300053 ms.
--------------------------------------------------
timeout
../QF_NIA_split/QF_NIA_2_21//20170427-VeryMax/ITS/From_T2__byron-4.t2__p17634_terminationG_0.smt2 : 300074 ms.
--------------------------------------------------
timeout
../QF_NIA_split/QF_NIA_2_21//20170427-VeryMax/ITS/From_T2__byron-4.t2__p17635_terminationG_0.smt2 : 300036 ms.
--------------------------------------------------
timeout
../QF_NIA_split/QF_NIA_2_21//20170427-VeryMax/ITS/From_T2__byron-4.t2__p17638_terminationG_0.smt2 : 300064 ms.
--------------------------------------------------
timeout
../QF_NIA_split/QF_NIA_2_21//20170427-VeryMax/ITS/From_T2__byron-4.t2__p17639_terminationG_0.smt2 : 300079 ms.
--------------------------------------------------
timeout
../QF_NIA_split/QF_NIA_2_21//20170427-VeryMax/ITS/From_T2__byron-4.t2__p17640_terminationG_0.smt2 : 300037 ms.
--------------------------------------------------
timeout
../QF_NIA_split/QF_NIA_2_21//20170427-VeryMax/ITS/From_T2__byron-4.t2__p17643_terminationG_0.smt2 : 300070 ms.
--------------------------------------------------
timeout
../QF_NIA_split/QF_NIA_2_21//20170427-VeryMax/ITS/From_T2__byron-4.t2__p17644_terminationG_0.smt2 : 300056 ms.
--------------------------------------------------
timeout
../QF_NIA_split/QF_NIA_2_21//20170427-VeryMax/ITS/From_T2__byron-4.t2__p17645_terminationG_0.smt2 : 300036 ms.
--------------------------------------------------
timeout
../QF_NIA_split/QF_NIA_2_21//20170427-VeryMax/ITS/From_T2__byron-4.t2__p17649_terminationG_0.smt2 : 300057 ms.
--------------------------------------------------
timeout
../QF_NIA_split/QF_NIA_2_21//20170427-VeryMax/ITS/From_T2__byron-4.t2__p17650_terminationG_0.smt2 : 300084 ms.
--------------------------------------------------
timeout
../QF_NIA_split/QF_NIA_2_21//20170427-VeryMax/ITS/From_T2__byron-4.t2__p17651_terminationG_0.smt2 : 300039 ms.
--------------------------------------------------
timeout
../QF_NIA_split/QF_NIA_2_21//20170427-VeryMax/ITS/From_T2__byron-4.t2__p17654_terminationG_0.smt2 : 300064 ms.
--------------------------------------------------
timeout
../QF_NIA_split/QF_NIA_2_21//20170427-VeryMax/ITS/From_T2__byron-4.t2__p17655_terminationG_0.smt2 : 300101 ms.
--------------------------------------------------
timeout
../QF_NIA_split/QF_NIA_2_21//20170427-VeryMax/ITS/From_T2__byron-4.t2__p17656_terminationG_0.smt2 : 300032 ms.
--------------------------------------------------
timeout
../QF_NIA_split/QF_NIA_2_21//20170427-VeryMax/ITS/From_T2__byron-4.t2__p17659_terminationG_0.smt2 : 300060 ms.
--------------------------------------------------
timeout
../QF_NIA_split/QF_NIA_2_21//20170427-VeryMax/ITS/From_T2__byron-4.t2__p17660_terminationG_0.smt2 : 300090 ms.
--------------------------------------------------
timeout
../QF_NIA_split/QF_NIA_2_21//20170427-VeryMax/ITS/From_T2__byron-4.t2__p17661_terminationG_0.smt2 : 300031 ms.
--------------------------------------------------
timeout
../QF_NIA_split/QF_NIA_2_21//20170427-VeryMax/ITS/From_T2__byron-4.t2__p17664_terminationG_0.smt2 : 300069 ms.
--------------------------------------------------
timeout
../QF_NIA_split/QF_NIA_2_21//20170427-VeryMax/ITS/From_T2__byron-4.t2__p17665_terminationG_0.smt2 : 300098 ms.
--------------------------------------------------
timeout
../QF_NIA_split/QF_NIA_2_21//20170427-VeryMax/ITS/From_T2__byron-4.t2__p17666_terminationG_0.smt2 : 300037 ms.
--------------------------------------------------
timeout
../QF_NIA_split/QF_NIA_2_21//20170427-VeryMax/ITS/From_T2__byron-4.t2__p17669_terminationG_0.smt2 : 300066 ms.
--------------------------------------------------
timeout
../QF_NIA_split/QF_NIA_2_21//20170427-VeryMax/ITS/From_T2__byron-4.t2__p17670_terminationG_0.smt2 : 300080 ms.
--------------------------------------------------
timeout
../QF_NIA_split/QF_NIA_2_21//20170427-VeryMax/ITS/From_T2__byron-4.t2__p17671_terminationG_0.smt2 : 300048 ms.
--------------------------------------------------
timeout
../QF_NIA_split/QF_NIA_2_21//20170427-VeryMax/ITS/From_T2__byron-4.t2__p17674_terminationG_0.smt2 : 300071 ms.
--------------------------------------------------
timeout
../QF_NIA_split/QF_NIA_2_21//20170427-VeryMax/ITS/From_T2__byron-4.t2__p17675_terminationG_0.smt2 : 300043 ms.
--------------------------------------------------
timeout
../QF_NIA_split/QF_NIA_2_21//20170427-VeryMax/ITS/From_T2__byron-4.t2__p17676_terminationG_0.smt2 : 300033 ms.
--------------------------------------------------
timeout
../QF_NIA_split/QF_NIA_2_21//20170427-VeryMax/ITS/From_T2__byron-4.t2__p17679_terminationG_0.smt2 : 300106 ms.
--------------------------------------------------
timeout
../QF_NIA_split/QF_NIA_2_21//20170427-VeryMax/ITS/From_T2__byron-4.t2__p17680_terminationG_0.smt2 : 300026 ms.
--------------------------------------------------
timeout
../QF_NIA_split/QF_NIA_2_21//20170427-VeryMax/ITS/From_T2__byron-4.t2__p17681_terminationG_0.smt2 : 300028 ms.
--------------------------------------------------
sat
../QF_NIA_split/QF_NIA_2_21//20170427-VeryMax/ITS/From_T2__byron-4.t2__p17686_edge_closing_0.smt2 : 91014 ms.
--------------------------------------------------
timeout
../QF_NIA_split/QF_NIA_2_21//20170427-VeryMax/ITS/From_T2__byron-4.t2__p17687_edge_closing_0.smt2 : 300047 ms.
--------------------------------------------------
unsat
../QF_NIA_split/QF_NIA_2_21//20170427-VeryMax/ITS/From_T2__byron-4.t2__terminationS_0_0.smt2 : 1318 ms.
--------------------------------------------------
sat
../QF_NIA_split/QF_NIA_2_21//20170427-VeryMax/ITS/From_T2__cfg.t2__p17701_terminationG_0.smt2 : 782 ms.
--------------------------------------------------
sat
../QF_NIA_split/QF_NIA_2_21//20170427-VeryMax/ITS/From_T2__cfg.t2__p17702_terminationG_0.smt2 : 1346 ms.
--------------------------------------------------
sat
../QF_NIA_split/QF_NIA_2_21//20170427-VeryMax/ITS/From_T2__cfg.t2__p17709_terminationG_0.smt2 : 6806 ms.
--------------------------------------------------
timeout
../QF_NIA_split/QF_NIA_2_21//20170427-VeryMax/ITS/From_T2__cfg.t2__p17715_terminationG_0.smt2 : 300029 ms.
--------------------------------------------------
timeout
../QF_NIA_split/QF_NIA_2_21//20170427-VeryMax/ITS/From_T2__cfg.t2__p17716_terminationG_0.smt2 : 300033 ms.
--------------------------------------------------
sat
../QF_NIA_split/QF_NIA_2_21//20170427-VeryMax/ITS/From_T2__collatz.t2_fixed__p17736_terminationG_0.smt2 : 979 ms.
--------------------------------------------------
unsat
../QF_NIA_split/QF_NIA_2_21//20170427-VeryMax/ITS/From_T2__collatz.t2_fixed__p17740_terminationG_0.smt2 : 1564 ms.
--------------------------------------------------
sat
../QF_NIA_split/QF_NIA_2_21//20170427-VeryMax/ITS/From_T2__collatz.t2_fixed__p17741_terminationG_0.smt2 : 1455 ms.
--------------------------------------------------
sat
../QF_NIA_split/QF_NIA_2_21//20170427-VeryMax/ITS/From_T2__collatz.t2_fixed__p17742_terminationG_0.smt2 : 7841 ms.
--------------------------------------------------
unsat
../QF_NIA_split/QF_NIA_2_21//20170427-VeryMax/ITS/From_T2__collatz.t2_fixed__p17747_terminationG_0.smt2 : 1209 ms.
--------------------------------------------------
unsat
../QF_NIA_split/QF_NIA_2_21//20170427-VeryMax/ITS/From_T2__collatz.t2_fixed__p17748_terminationG_0.smt2 : 19022 ms.
--------------------------------------------------
timeout
../QF_NIA_split/QF_NIA_2_21//20170427-VeryMax/ITS/From_T2__collatz.t2_fixed__p17749_terminationG_0.smt2 : 300028 ms.
--------------------------------------------------
unsat
../QF_NIA_split/QF_NIA_2_21//20170427-VeryMax/ITS/From_T2__collatz.t2_fixed__terminationS_2_0.smt2 : 1191 ms.
--------------------------------------------------
timeout
../QF_NIA_split/QF_NIA_2_21//20170427-VeryMax/ITS/From_T2__collatz.t2__p17759_terminationG_0.smt2 : 300043 ms.
--------------------------------------------------
timeout
../QF_NIA_split/QF_NIA_2_21//20170427-VeryMax/ITS/From_T2__collatz.t2__p17760_terminationG_0.smt2 : 300036 ms.
--------------------------------------------------
timeout
../QF_NIA_split/QF_NIA_2_21//20170427-VeryMax/ITS/From_T2__compress.t2_fixed__p17776_terminationG_0.smt2 : 300047 ms.
--------------------------------------------------
timeout
../QF_NIA_split/QF_NIA_2_21//20170427-VeryMax/ITS/From_T2__compress.t2_fixed__p17777_terminationG_0.smt2 : 300081 ms.
--------------------------------------------------
timeout
../QF_NIA_split/QF_NIA_2_21//20170427-VeryMax/ITS/From_T2__compress.t2_fixed__p17784_terminationG_0.smt2 : 300062 ms.
--------------------------------------------------
timeout
../QF_NIA_split/QF_NIA_2_21//20170427-VeryMax/ITS/From_T2__compress.t2_fixed__p17785_terminationG_0.smt2 : 300063 ms.
--------------------------------------------------
unsat
../QF_NIA_split/QF_NIA_2_21//20170427-VeryMax/ITS/From_T2__compress.t2_fixed__p17787_safety_0.smt2 : 30790 ms.
--------------------------------------------------
timeout
../QF_NIA_split/QF_NIA_2_21//20170427-VeryMax/ITS/From_T2__compress.t2_fixed__p17788_safety_0.smt2 : 300034 ms.
--------------------------------------------------
timeout
../QF_NIA_split/QF_NIA_2_21//20170427-VeryMax/ITS/From_T2__compress.t2_fixed__p17801_edge_closing_0.smt2 : 300078 ms.
--------------------------------------------------
unsat
../QF_NIA_split/QF_NIA_2_21//20170427-VeryMax/ITS/From_T2__compress.t2_fixed__terminationQ_1_0.smt2 : 23755 ms.
--------------------------------------------------
unsat
../QF_NIA_split/QF_NIA_2_21//20170427-VeryMax/ITS/From_T2__compress.t2__p17823_safety_0.smt2 : 866 ms.
--------------------------------------------------
timeout
../QF_NIA_split/QF_NIA_2_21//20170427-VeryMax/ITS/From_T2__compress.t2__p17824_safety_0.smt2 : 300039 ms.
--------------------------------------------------
timeout
../QF_NIA_split/QF_NIA_2_21//20170427-VeryMax/ITS/From_T2__compress.t2__p17825_safety_0.smt2 : 300042 ms.
--------------------------------------------------
unsat
../QF_NIA_split/QF_NIA_2_21//20170427-VeryMax/ITS/From_T2__compress.t2__p17826_safety_0.smt2 : 873 ms.
--------------------------------------------------
timeout
../QF_NIA_split/QF_NIA_2_21//20170427-VeryMax/ITS/From_T2__compress.t2__p17829_safety_0.smt2 : 300041 ms.
--------------------------------------------------
sat
../QF_NIA_split/QF_NIA_2_21//20170427-VeryMax/ITS/From_T2__compress.t2__p17831_safety_0.smt2 : 12158 ms.
--------------------------------------------------
timeout
../QF_NIA_split/QF_NIA_2_21//20170427-VeryMax/ITS/From_T2__compress.t2__p17832_safety_0.smt2 : 300037 ms.
--------------------------------------------------
unsat
../QF_NIA_split/QF_NIA_2_21//20170427-VeryMax/ITS/From_T2__compress.t2__p17834_safety_0.smt2 : 412 ms.
--------------------------------------------------
timeout
../QF_NIA_split/QF_NIA_2_21//20170427-VeryMax/ITS/From_T2__compress.t2__p17836_safety_0.smt2 : 300036 ms.
--------------------------------------------------
timeout
../QF_NIA_split/QF_NIA_2_21//20170427-VeryMax/ITS/From_T2__compress.t2__p17837_safety_0.smt2 : 300031 ms.
--------------------------------------------------
unsat
../QF_NIA_split/QF_NIA_2_21//20170427-VeryMax/ITS/From_T2__compress.t2__p17838_safety_0.smt2 : 532 ms.
--------------------------------------------------
unsat
../QF_NIA_split/QF_NIA_2_21//20170427-VeryMax/ITS/From_T2__compress.t2__p17839_safety_0.smt2 : 621 ms.
--------------------------------------------------
timeout
../QF_NIA_split/QF_NIA_2_21//20170427-VeryMax/ITS/From_T2__compress.t2__p17840_safety_0.smt2 : 300025 ms.
--------------------------------------------------
timeout
../QF_NIA_split/QF_NIA_2_21//20170427-VeryMax/ITS/From_T2__compress.t2__p17841_safety_0.smt2 : 300034 ms.
--------------------------------------------------
unsat
../QF_NIA_split/QF_NIA_2_21//20170427-VeryMax/ITS/From_T2__compress.t2__p17842_safety_0.smt2 : 578 ms.
--------------------------------------------------
timeout
../QF_NIA_split/QF_NIA_2_21//20170427-VeryMax/ITS/From_T2__compress.t2__p17843_safety_0.smt2 : 300037 ms.
--------------------------------------------------
timeout
../QF_NIA_split/QF_NIA_2_21//20170427-VeryMax/ITS/From_T2__compress.t2__p17844_safety_0.smt2 : 300031 ms.
--------------------------------------------------
timeout
../QF_NIA_split/QF_NIA_2_21//20170427-VeryMax/ITS/From_T2__compress.t2__p17845_safety_0.smt2 : 300036 ms.
--------------------------------------------------
timeout
../QF_NIA_split/QF_NIA_2_21//20170427-VeryMax/ITS/From_T2__compress.t2__p17846_safety_0.smt2 : 300045 ms.
--------------------------------------------------
unsat
../QF_NIA_split/QF_NIA_2_21//20170427-VeryMax/ITS/From_T2__compress.t2__p17860_terminationG_0.smt2 : 281 ms.
--------------------------------------------------
unsat
../QF_NIA_split/QF_NIA_2_21//20170427-VeryMax/ITS/From_T2__compress.t2__p17861_terminationG_0.smt2 : 8494 ms.
--------------------------------------------------
timeout
../QF_NIA_split/QF_NIA_2_21//20170427-VeryMax/ITS/From_T2__compress.t2__p17862_terminationG_0.smt2 : 300027 ms.
--------------------------------------------------
unsat
../QF_NIA_split/QF_NIA_2_21//20170427-VeryMax/ITS/From_T2__compress.t2__p17865_terminationG_0.smt2 : 69762 ms.
--------------------------------------------------
timeout
../QF_NIA_split/QF_NIA_2_21//20170427-VeryMax/ITS/From_T2__compress.t2__p17866_terminationG_0.smt2 : 300072 ms.
--------------------------------------------------
timeout
../QF_NIA_split/QF_NIA_2_21//20170427-VeryMax/ITS/From_T2__compress.t2__p17868_terminationG_0.smt2 : 300064 ms.
--------------------------------------------------
unsat
../QF_NIA_split/QF_NIA_2_21//20170427-VeryMax/ITS/From_T2__compress.t2__p17878_terminationG_0.smt2 : 63229 ms.
--------------------------------------------------
timeout
../QF_NIA_split/QF_NIA_2_21//20170427-VeryMax/ITS/From_T2__compress.t2__p17879_terminationG_0.smt2 : 300062 ms.
--------------------------------------------------
timeout
../QF_NIA_split/QF_NIA_2_21//20170427-VeryMax/ITS/From_T2__compress.t2__p17880_terminationG_0.smt2 : 300066 ms.
--------------------------------------------------
unsat
../QF_NIA_split/QF_NIA_2_21//20170427-VeryMax/ITS/From_T2__compress.t2__p17883_terminationG_0.smt2 : 9954 ms.
--------------------------------------------------
timeout
../QF_NIA_split/QF_NIA_2_21//20170427-VeryMax/ITS/From_T2__compress.t2__p17884_terminationG_0.smt2 : 300052 ms.
--------------------------------------------------
timeout
../QF_NIA_split/QF_NIA_2_21//20170427-VeryMax/ITS/From_T2__compress.t2__p17885_terminationG_0.smt2 : 300076 ms.
--------------------------------------------------
sat
../QF_NIA_split/QF_NIA_2_21//20170427-VeryMax/ITS/From_T2__compress.t2__p17891_edge_closing_0.smt2 : 904 ms.
--------------------------------------------------
unsat
../QF_NIA_split/QF_NIA_2_21//20170427-VeryMax/ITS/From_T2__compress.t2__terminationQ_3_0.smt2 : 12722 ms.
--------------------------------------------------
unsat
../QF_NIA_split/QF_NIA_2_21//20170427-VeryMax/ITS/From_T2__consts1nt.t2_fixed__p17910_terminationG_0.smt2 : 1437 ms.
--------------------------------------------------
unsat
../QF_NIA_split/QF_NIA_2_21//20170427-VeryMax/ITS/From_T2__consts1nt.t2_fixed__p17911_terminationG_0.smt2 : 143279 ms.
--------------------------------------------------
timeout
../QF_NIA_split/QF_NIA_2_21//20170427-VeryMax/ITS/From_T2__consts1nt.t2_fixed__p17912_terminationG_0.smt2 : 300055 ms.
--------------------------------------------------
unsat
../QF_NIA_split/QF_NIA_2_21//20170427-VeryMax/ITS/From_T2__consts1nt.t2_fixed__p17917_terminationG_0.smt2 : 32759 ms.
--------------------------------------------------
timeout
../QF_NIA_split/QF_NIA_2_21//20170427-VeryMax/ITS/From_T2__consts1nt.t2_fixed__p17918_terminationG_0.smt2 : 300053 ms.
--------------------------------------------------
timeout
../QF_NIA_split/QF_NIA_2_21//20170427-VeryMax/ITS/From_T2__consts1nt.t2_fixed__p17919_terminationG_0.smt2 : 300060 ms.
--------------------------------------------------
unsat
../QF_NIA_split/QF_NIA_2_21//20170427-VeryMax/ITS/From_T2__consts1nt.t2_fixed__terminationQ_1_0.smt2 : 38888 ms.
--------------------------------------------------
unsat
../QF_NIA_split/QF_NIA_2_21//20170427-VeryMax/ITS/From_T2__consts1nt.t2__p17930_terminationG_0.smt2 : 86 ms.
--------------------------------------------------
unsat
../QF_NIA_split/QF_NIA_2_21//20170427-VeryMax/ITS/From_T2__consts1nt.t2__p17931_terminationG_0.smt2 : 3427 ms.
--------------------------------------------------
timeout
../QF_NIA_split/QF_NIA_2_21//20170427-VeryMax/ITS/From_T2__consts1nt.t2__p17932_terminationG_0.smt2 : 300034 ms.
--------------------------------------------------
unsat
../QF_NIA_split/QF_NIA_2_21//20170427-VeryMax/ITS/From_T2__consts1nt.t2__p17935_terminationG_0.smt2 : 3593 ms.
--------------------------------------------------
timeout
../QF_NIA_split/QF_NIA_2_21//20170427-VeryMax/ITS/From_T2__consts1nt.t2__p17936_terminationG_0.smt2 : 300050 ms.
--------------------------------------------------
timeout
../QF_NIA_split/QF_NIA_2_21//20170427-VeryMax/ITS/From_T2__consts1nt.t2__p17937_terminationG_0.smt2 : 300066 ms.
--------------------------------------------------
unsat
../QF_NIA_split/QF_NIA_2_21//20170427-VeryMax/ITS/From_T2__consts1nt.t2__p17940_terminationG_0.smt2 : 1866 ms.
--------------------------------------------------
timeout
../QF_NIA_split/QF_NIA_2_21//20170427-VeryMax/ITS/From_T2__consts1nt.t2__p17941_terminationG_0.smt2 : 300056 ms.
--------------------------------------------------
timeout
../QF_NIA_split/QF_NIA_2_21//20170427-VeryMax/ITS/From_T2__consts1nt.t2__p17942_terminationG_0.smt2 : 300069 ms.
--------------------------------------------------
unsat
../QF_NIA_split/QF_NIA_2_21//20170427-VeryMax/ITS/From_T2__consts1nt.t2__p17949_terminationG_0.smt2 : 3980 ms.
--------------------------------------------------
timeout
../QF_NIA_split/QF_NIA_2_21//20170427-VeryMax/ITS/From_T2__consts1nt.t2__p17950_terminationG_0.smt2 : 300053 ms.
--------------------------------------------------
timeout
../QF_NIA_split/QF_NIA_2_21//20170427-VeryMax/ITS/From_T2__consts1nt.t2__p17951_terminationG_0.smt2 : 300071 ms.
--------------------------------------------------
unsat
../QF_NIA_split/QF_NIA_2_21//20170427-VeryMax/ITS/From_T2__consts1.t2__p17964_terminationG_0.smt2 : 112 ms.
--------------------------------------------------
unsat
../QF_NIA_split/QF_NIA_2_21//20170427-VeryMax/ITS/From_T2__consts1.t2__p17965_terminationG_0.smt2 : 6549 ms.
--------------------------------------------------
timeout
../QF_NIA_split/QF_NIA_2_21//20170427-VeryMax/ITS/From_T2__consts1.t2__p17966_terminationG_0.smt2 : 300035 ms.
--------------------------------------------------
unsat
../QF_NIA_split/QF_NIA_2_21//20170427-VeryMax/ITS/From_T2__consts1.t2__p17973_terminationG_0.smt2 : 2912 ms.
--------------------------------------------------
timeout
../QF_NIA_split/QF_NIA_2_21//20170427-VeryMax/ITS/From_T2__consts1.t2__p17974_terminationG_0.smt2 : 300041 ms.
--------------------------------------------------
timeout
../QF_NIA_split/QF_NIA_2_21//20170427-VeryMax/ITS/From_T2__consts1.t2__p17975_terminationG_0.smt2 : 300057 ms.
--------------------------------------------------
unsat
../QF_NIA_split/QF_NIA_2_21//20170427-VeryMax/ITS/From_T2__consts1.t2__p17978_terminationG_0.smt2 : 2042 ms.
--------------------------------------------------
timeout
../QF_NIA_split/QF_NIA_2_21//20170427-VeryMax/ITS/From_T2__consts1.t2__p17979_terminationG_0.smt2 : 300050 ms.
--------------------------------------------------
timeout
../QF_NIA_split/QF_NIA_2_21//20170427-VeryMax/ITS/From_T2__consts1.t2__p17980_terminationG_0.smt2 : 300040 ms.
--------------------------------------------------
unsat
../QF_NIA_split/QF_NIA_2_21//20170427-VeryMax/ITS/From_T2__consts1.t2__p17986_terminationG_0.smt2 : 2959 ms.
--------------------------------------------------
timeout
../QF_NIA_split/QF_NIA_2_21//20170427-VeryMax/ITS/From_T2__consts1.t2__p17987_terminationG_0.smt2 : 300052 ms.
--------------------------------------------------
timeout
../QF_NIA_split/QF_NIA_2_21//20170427-VeryMax/ITS/From_T2__consts1.t2__p17988_terminationG_0.smt2 : 300063 ms.
--------------------------------------------------
sat
../QF_NIA_split/QF_NIA_2_21//20170427-VeryMax/ITS/From_T2__consts2nt.t2_fixed__p17999_terminationG_0.smt2 : 1459 ms.
--------------------------------------------------
sat
../QF_NIA_split/QF_NIA_2_21//20170427-VeryMax/ITS/From_T2__consts2nt.t2_fixed__p18000_terminationG_0.smt2 : 48625 ms.
--------------------------------------------------
sat
../QF_NIA_split/QF_NIA_2_21//20170427-VeryMax/ITS/From_T2__consts2nt.t2_fixed__p18004_terminationG_0.smt2 : 6396 ms.
--------------------------------------------------
sat
../QF_NIA_split/QF_NIA_2_21//20170427-VeryMax/ITS/From_T2__consts2nt.t2_fixed__p18005_terminationG_0.smt2 : 28974 ms.
--------------------------------------------------
timeout
../QF_NIA_split/QF_NIA_2_21//20170427-VeryMax/ITS/From_T2__consts2nt.t2_fixed__p18012_terminationG_0.smt2 : 300042 ms.
--------------------------------------------------
timeout
../QF_NIA_split/QF_NIA_2_21//20170427-VeryMax/ITS/From_T2__consts2nt.t2_fixed__p18013_terminationG_0.smt2 : 300044 ms.
--------------------------------------------------
timeout
../QF_NIA_split/QF_NIA_2_21//20170427-VeryMax/ITS/From_T2__consts2nt.t2_fixed__p18014_terminationG_0.smt2 : 300051 ms.
--------------------------------------------------
timeout
../QF_NIA_split/QF_NIA_2_21//20170427-VeryMax/ITS/From_T2__consts2nt.t2_fixed__p18017_terminationG_0.smt2 : 300033 ms.
--------------------------------------------------
timeout
../QF_NIA_split/QF_NIA_2_21//20170427-VeryMax/ITS/From_T2__consts2nt.t2_fixed__p18018_terminationG_0.smt2 : 300044 ms.
--------------------------------------------------
timeout
../QF_NIA_split/QF_NIA_2_21//20170427-VeryMax/ITS/From_T2__consts2nt.t2_fixed__p18019_terminationG_0.smt2 : 300042 ms.
--------------------------------------------------
sat
../QF_NIA_split/QF_NIA_2_21//20170427-VeryMax/ITS/From_T2__consts2nt.t2_fixed__p18024_edge_closing_0.smt2 : 140106 ms.
--------------------------------------------------
timeout
../QF_NIA_split/QF_NIA_2_21//20170427-VeryMax/ITS/From_T2__consts2nt.t2_fixed__p18027_edge_closing_0.smt2 : 300064 ms.
--------------------------------------------------
sat
../QF_NIA_split/QF_NIA_2_21//20170427-VeryMax/ITS/From_T2__consts2nt.t2__p18041_terminationG_0.smt2 : 593 ms.
--------------------------------------------------
sat
../QF_NIA_split/QF_NIA_2_21//20170427-VeryMax/ITS/From_T2__consts2nt.t2__p18046_terminationG_0.smt2 : 12344 ms.
--------------------------------------------------
unsat
../QF_NIA_split/QF_NIA_2_21//20170427-VeryMax/ITS/From_T2__consts2nt.t2__p18050_terminationG_0.smt2 : 11920 ms.
--------------------------------------------------
timeout
../QF_NIA_split/QF_NIA_2_21//20170427-VeryMax/ITS/From_T2__consts2nt.t2__p18051_terminationG_0.smt2 : 300027 ms.
--------------------------------------------------
sat
../QF_NIA_split/QF_NIA_2_21//20170427-VeryMax/ITS/From_T2__consts2nt.t2__p18059_edge_closing_0.smt2 : 765 ms.
--------------------------------------------------
sat
../QF_NIA_split/QF_NIA_2_21//20170427-VeryMax/ITS/From_T2__consts2.t2__p18091_terminationG_0.smt2 : 1053 ms.
--------------------------------------------------
sat
../QF_NIA_split/QF_NIA_2_21//20170427-VeryMax/ITS/From_T2__consts2.t2__p18092_terminationG_0.smt2 : 7836 ms.
--------------------------------------------------
unsat
../QF_NIA_split/QF_NIA_2_21//20170427-VeryMax/ITS/From_T2__consts2.t2__p18096_terminationG_0.smt2 : 16725 ms.
--------------------------------------------------
timeout
../QF_NIA_split/QF_NIA_2_21//20170427-VeryMax/ITS/From_T2__consts2.t2__p18097_terminationG_0.smt2 : 300031 ms.
--------------------------------------------------
sat
../QF_NIA_split/QF_NIA_2_21//20170427-VeryMax/ITS/From_T2__consts2.t2__p18102_edge_closing_0.smt2 : 16639 ms.
--------------------------------------------------
sat
../QF_NIA_split/QF_NIA_2_21//20170427-VeryMax/ITS/From_T2__consts3nt.t2_fixed__p18120_terminationG_0.smt2 : 2215 ms.
--------------------------------------------------
unsat
../QF_NIA_split/QF_NIA_2_21//20170427-VeryMax/ITS/From_T2__consts3nt.t2_fixed__p18138_terminationG_0.smt2 : 37863 ms.
--------------------------------------------------
timeout
../QF_NIA_split/QF_NIA_2_21//20170427-VeryMax/ITS/From_T2__consts3nt.t2_fixed__p18139_terminationG_0.smt2 : 300040 ms.
--------------------------------------------------
timeout
../QF_NIA_split/QF_NIA_2_21//20170427-VeryMax/ITS/From_T2__consts3nt.t2_fixed__p18140_terminationG_0.smt2 : 300036 ms.
--------------------------------------------------
timeout
../QF_NIA_split/QF_NIA_2_21//20170427-VeryMax/ITS/From_T2__consts3nt.t2_fixed__p18147_terminationG_0.smt2 : 300045 ms.
--------------------------------------------------
timeout
../QF_NIA_split/QF_NIA_2_21//20170427-VeryMax/ITS/From_T2__consts3nt.t2_fixed__p18148_terminationG_0.smt2 : 300049 ms.
--------------------------------------------------
timeout
../QF_NIA_split/QF_NIA_2_21//20170427-VeryMax/ITS/From_T2__consts3nt.t2_fixed__p18149_terminationG_0.smt2 : 300048 ms.
--------------------------------------------------
sat
../QF_NIA_split/QF_NIA_2_21//20170427-VeryMax/ITS/From_T2__consts3nt.t2_fixed__p18153_edge_closing_0.smt2 : 34528 ms.
--------------------------------------------------
sat
../QF_NIA_split/QF_NIA_2_21//20170427-VeryMax/ITS/From_T2__consts3nt.t2__p18166_terminationG_0.smt2 : 999 ms.
--------------------------------------------------
unsat
../QF_NIA_split/QF_NIA_2_21//20170427-VeryMax/ITS/From_T2__consts3nt.t2__p18169_terminationG_0.smt2 : 267 ms.
--------------------------------------------------
unsat
../QF_NIA_split/QF_NIA_2_21//20170427-VeryMax/ITS/From_T2__consts3nt.t2__p18170_terminationG_0.smt2 : 11396 ms.
--------------------------------------------------
timeout
../QF_NIA_split/QF_NIA_2_21//20170427-VeryMax/ITS/From_T2__consts3nt.t2__p18171_terminationG_0.smt2 : 300024 ms.
--------------------------------------------------
unsat
../QF_NIA_split/QF_NIA_2_21//20170427-VeryMax/ITS/From_T2__consts3nt.t2__p18178_terminationG_0.smt2 : 7488 ms.
--------------------------------------------------
timeout
../QF_NIA_split/QF_NIA_2_21//20170427-VeryMax/ITS/From_T2__consts3nt.t2__p18179_terminationG_0.smt2 : 300047 ms.
--------------------------------------------------
timeout
../QF_NIA_split/QF_NIA_2_21//20170427-VeryMax/ITS/From_T2__consts3nt.t2__p18180_terminationG_0.smt2 : 300066 ms.
--------------------------------------------------
unsat
../QF_NIA_split/QF_NIA_2_21//20170427-VeryMax/ITS/From_T2__consts3nt.t2__p18183_terminationG_0.smt2 : 18041 ms.
--------------------------------------------------
timeout
../QF_NIA_split/QF_NIA_2_21//20170427-VeryMax/ITS/From_T2__consts3nt.t2__p18184_terminationG_0.smt2 : 300048 ms.
--------------------------------------------------
timeout
../QF_NIA_split/QF_NIA_2_21//20170427-VeryMax/ITS/From_T2__consts3nt.t2__p18185_terminationG_0.smt2 : 300077 ms.
--------------------------------------------------
unsat
../QF_NIA_split/QF_NIA_2_21//20170427-VeryMax/ITS/From_T2__consts3nt.t2__p18188_terminationG_0.smt2 : 42069 ms.
--------------------------------------------------
timeout
../QF_NIA_split/QF_NIA_2_21//20170427-VeryMax/ITS/From_T2__consts3nt.t2__p18189_terminationG_0.smt2 : 300068 ms.
--------------------------------------------------
timeout
../QF_NIA_split/QF_NIA_2_21//20170427-VeryMax/ITS/From_T2__consts3nt.t2__p18190_terminationG_0.smt2 : 300076 ms.
--------------------------------------------------
sat
../QF_NIA_split/QF_NIA_2_21//20170427-VeryMax/ITS/From_T2__consts3nt.t2__p18201_edge_closing_0.smt2 : 3866 ms.
--------------------------------------------------
timeout
../QF_NIA_split/QF_NIA_2_21//20170427-VeryMax/ITS/From_T2__consts3nt.t2__p18204_edge_closing_0.smt2 : 300044 ms.
--------------------------------------------------
sat
../QF_NIA_split/QF_NIA_2_21//20170427-VeryMax/ITS/From_T2__consts4nt.t2_fixed__p18219_terminationG_0.smt2 : 979 ms.
--------------------------------------------------
sat
../QF_NIA_split/QF_NIA_2_21//20170427-VeryMax/ITS/From_T2__consts4nt.t2_fixed__p18220_terminationG_0.smt2 : 2214 ms.
--------------------------------------------------
sat
../QF_NIA_split/QF_NIA_2_21//20170427-VeryMax/ITS/From_T2__consts4nt.t2_fixed__p18221_terminationG_0.smt2 : 2683 ms.
--------------------------------------------------
sat
../QF_NIA_split/QF_NIA_2_21//20170427-VeryMax/ITS/From_T2__consts4nt.t2_fixed__p18224_terminationG_0.smt2 : 2034 ms.
--------------------------------------------------
sat
../QF_NIA_split/QF_NIA_2_21//20170427-VeryMax/ITS/From_T2__consts4nt.t2_fixed__p18225_terminationG_0.smt2 : 8425 ms.
--------------------------------------------------
sat
../QF_NIA_split/QF_NIA_2_21//20170427-VeryMax/ITS/From_T2__consts4nt.t2_fixed__p18226_terminationG_0.smt2 : 17603 ms.
--------------------------------------------------
sat
../QF_NIA_split/QF_NIA_2_21//20170427-VeryMax/ITS/From_T2__consts4nt.t2_fixed__p18231_terminationG_0.smt2 : 1558 ms.
--------------------------------------------------
sat
../QF_NIA_split/QF_NIA_2_21//20170427-VeryMax/ITS/From_T2__consts4nt.t2_fixed__p18232_terminationG_0.smt2 : 29429 ms.
--------------------------------------------------
sat
../QF_NIA_split/QF_NIA_2_21//20170427-VeryMax/ITS/From_T2__consts4nt.t2_fixed__p18233_terminationG_0.smt2 : 158858 ms.
--------------------------------------------------
sat
../QF_NIA_split/QF_NIA_2_21//20170427-VeryMax/ITS/From_T2__consts4nt.t2_fixed__p18240_terminationG_0.smt2 : 5942 ms.
--------------------------------------------------
sat
../QF_NIA_split/QF_NIA_2_21//20170427-VeryMax/ITS/From_T2__consts4nt.t2_fixed__p18241_terminationG_0.smt2 : 5104 ms.
--------------------------------------------------
sat
../QF_NIA_split/QF_NIA_2_21//20170427-VeryMax/ITS/From_T2__consts4nt.t2_fixed__p18242_terminationG_0.smt2 : 93902 ms.
--------------------------------------------------
sat
../QF_NIA_split/QF_NIA_2_21//20170427-VeryMax/ITS/From_T2__consts4nt.t2_fixed__p18245_terminationG_0.smt2 : 8451 ms.
--------------------------------------------------
sat
../QF_NIA_split/QF_NIA_2_21//20170427-VeryMax/ITS/From_T2__consts4nt.t2_fixed__p18246_terminationG_0.smt2 : 2450 ms.
--------------------------------------------------
sat
../QF_NIA_split/QF_NIA_2_21//20170427-VeryMax/ITS/From_T2__consts4nt.t2_fixed__p18247_terminationG_0.smt2 : 271709 ms.
--------------------------------------------------
sat
../QF_NIA_split/QF_NIA_2_21//20170427-VeryMax/ITS/From_T2__consts4nt.t2_fixed__p18252_terminationG_0.smt2 : 1971 ms.
--------------------------------------------------
sat
../QF_NIA_split/QF_NIA_2_21//20170427-VeryMax/ITS/From_T2__consts4nt.t2_fixed__p18253_terminationG_0.smt2 : 38450 ms.
--------------------------------------------------
sat
../QF_NIA_split/QF_NIA_2_21//20170427-VeryMax/ITS/From_T2__consts4nt.t2_fixed__p18254_terminationG_0.smt2 : 251187 ms.
--------------------------------------------------
timeout
../QF_NIA_split/QF_NIA_2_21//20170427-VeryMax/ITS/From_T2__consts4nt.t2_fixed__p18261_terminationG_0.smt2 : 300029 ms.
--------------------------------------------------
timeout
../QF_NIA_split/QF_NIA_2_21//20170427-VeryMax/ITS/From_T2__consts4nt.t2_fixed__p18262_terminationG_0.smt2 : 300036 ms.
--------------------------------------------------
timeout
../QF_NIA_split/QF_NIA_2_21//20170427-VeryMax/ITS/From_T2__consts4nt.t2_fixed__p18263_terminationG_0.smt2 : 300049 ms.
--------------------------------------------------
timeout
../QF_NIA_split/QF_NIA_2_21//20170427-VeryMax/ITS/From_T2__consts4nt.t2_fixed__p18266_terminationG_0.smt2 : 300037 ms.
--------------------------------------------------
timeout
../QF_NIA_split/QF_NIA_2_21//20170427-VeryMax/ITS/From_T2__consts4nt.t2_fixed__p18267_terminationG_0.smt2 : 300049 ms.
--------------------------------------------------
timeout
../QF_NIA_split/QF_NIA_2_21//20170427-VeryMax/ITS/From_T2__consts4nt.t2_fixed__p18268_terminationG_0.smt2 : 300067 ms.
--------------------------------------------------
timeout
../QF_NIA_split/QF_NIA_2_21//20170427-VeryMax/ITS/From_T2__consts4nt.t2_fixed__p18280_edge_closing_0.smt2 : 300068 ms.
--------------------------------------------------
sat
../QF_NIA_split/QF_NIA_2_21//20170427-VeryMax/ITS/From_T2__consts4nt.t2__p18294_terminationG_0.smt2 : 769 ms.
--------------------------------------------------
unsat
../QF_NIA_split/QF_NIA_2_21//20170427-VeryMax/ITS/From_T2__consts4nt.t2__p18298_terminationG_0.smt2 : 56976 ms.
--------------------------------------------------
timeout
../QF_NIA_split/QF_NIA_2_21//20170427-VeryMax/ITS/From_T2__consts4nt.t2__p18299_terminationG_0.smt2 : 300032 ms.
--------------------------------------------------
sat
../QF_NIA_split/QF_NIA_2_21//20170427-VeryMax/ITS/From_T2__consts4nt.t2__p18305_edge_closing_0.smt2 : 968 ms.
--------------------------------------------------
sat
../QF_NIA_split/QF_NIA_2_21//20170427-VeryMax/ITS/From_T2__consts4nt.t2__p18306_edge_closing_0.smt2 : 5943 ms.
--------------------------------------------------
sat
../QF_NIA_split/QF_NIA_2_21//20170427-VeryMax/ITS/From_T2__consts4.t2__p18333_terminationG_0.smt2 : 1095 ms.
--------------------------------------------------
unsat
../QF_NIA_split/QF_NIA_2_21//20170427-VeryMax/ITS/From_T2__consts4.t2__p18337_terminationG_0.smt2 : 59930 ms.
--------------------------------------------------
timeout
../QF_NIA_split/QF_NIA_2_21//20170427-VeryMax/ITS/From_T2__consts4.t2__p18338_terminationG_0.smt2 : 300030 ms.
--------------------------------------------------
sat
../QF_NIA_split/QF_NIA_2_21//20170427-VeryMax/ITS/From_T2__consts4.t2__p18346_edge_closing_0.smt2 : 1664 ms.
--------------------------------------------------
sat
../QF_NIA_split/QF_NIA_2_21//20170427-VeryMax/ITS/From_T2__consts4.t2__p18352_edge_closing_0.smt2 : 10325 ms.
--------------------------------------------------
sat
../QF_NIA_split/QF_NIA_2_21//20170427-VeryMax/ITS/From_T2__consts4.t2__p18353_edge_closing_0.smt2 : 62738 ms.
--------------------------------------------------
sat
../QF_NIA_split/QF_NIA_2_21//20170427-VeryMax/ITS/From_T2__consts5nt.t2_fixed__p18363_terminationG_0.smt2 : 831 ms.
--------------------------------------------------
sat
../QF_NIA_split/QF_NIA_2_21//20170427-VeryMax/ITS/From_T2__consts5nt.t2_fixed__p18364_terminationG_0.smt2 : 1536 ms.
--------------------------------------------------
sat
../QF_NIA_split/QF_NIA_2_21//20170427-VeryMax/ITS/From_T2__consts5nt.t2_fixed__p18365_terminationG_0.smt2 : 49793 ms.
--------------------------------------------------
sat
../QF_NIA_split/QF_NIA_2_21//20170427-VeryMax/ITS/From_T2__consts5nt.t2_fixed__p18370_terminationG_0.smt2 : 2723 ms.
--------------------------------------------------
sat
../QF_NIA_split/QF_NIA_2_21//20170427-VeryMax/ITS/From_T2__consts5nt.t2_fixed__p18371_terminationG_0.smt2 : 7191 ms.
--------------------------------------------------
sat
../QF_NIA_split/QF_NIA_2_21//20170427-VeryMax/ITS/From_T2__consts5nt.t2_fixed__p18372_terminationG_0.smt2 : 50911 ms.
--------------------------------------------------
sat
../QF_NIA_split/QF_NIA_2_21//20170427-VeryMax/ITS/From_T2__consts5nt.t2_fixed__p18375_terminationG_0.smt2 : 3625 ms.
--------------------------------------------------
sat
../QF_NIA_split/QF_NIA_2_21//20170427-VeryMax/ITS/From_T2__consts5nt.t2_fixed__p18376_terminationG_0.smt2 : 26802 ms.
--------------------------------------------------
timeout
../QF_NIA_split/QF_NIA_2_21//20170427-VeryMax/ITS/From_T2__consts5nt.t2_fixed__p18377_terminationG_0.smt2 : 300044 ms.
--------------------------------------------------
timeout
../QF_NIA_split/QF_NIA_2_21//20170427-VeryMax/ITS/From_T2__consts5nt.t2_fixed__p18384_terminationG_0.smt2 : 300026 ms.
--------------------------------------------------
timeout
../QF_NIA_split/QF_NIA_2_21//20170427-VeryMax/ITS/From_T2__consts5nt.t2_fixed__p18385_terminationG_0.smt2 : 300041 ms.
--------------------------------------------------
timeout
../QF_NIA_split/QF_NIA_2_21//20170427-VeryMax/ITS/From_T2__consts5nt.t2_fixed__p18386_terminationG_0.smt2 : 300058 ms.
--------------------------------------------------
timeout
../QF_NIA_split/QF_NIA_2_21//20170427-VeryMax/ITS/From_T2__consts5nt.t2_fixed__p18391_terminationG_0.smt2 : 300038 ms.
--------------------------------------------------
timeout
../QF_NIA_split/QF_NIA_2_21//20170427-VeryMax/ITS/From_T2__consts5nt.t2_fixed__p18392_terminationG_0.smt2 : 300048 ms.
--------------------------------------------------
timeout
../QF_NIA_split/QF_NIA_2_21//20170427-VeryMax/ITS/From_T2__consts5nt.t2_fixed__p18393_terminationG_0.smt2 : 300052 ms.
--------------------------------------------------
timeout
../QF_NIA_split/QF_NIA_2_21//20170427-VeryMax/ITS/From_T2__consts5nt.t2_fixed__p18401_edge_closing_0.smt2 : 300066 ms.
--------------------------------------------------
sat
../QF_NIA_split/QF_NIA_2_21//20170427-VeryMax/ITS/From_T2__consts5nt.t2__p18414_terminationG_0.smt2 : 807 ms.
--------------------------------------------------
sat
../QF_NIA_split/QF_NIA_2_21//20170427-VeryMax/ITS/From_T2__consts5nt.t2__p18420_terminationG_0.smt2 : 1591 ms.
--------------------------------------------------
sat
../QF_NIA_split/QF_NIA_2_21//20170427-VeryMax/ITS/From_T2__consts5nt.t2__p18424_terminationG_0.smt2 : 5545 ms.
--------------------------------------------------
sat
../QF_NIA_split/QF_NIA_2_21//20170427-VeryMax/ITS/From_T2__consts5nt.t2__p18425_terminationG_0.smt2 : 26204 ms.
--------------------------------------------------
sat
../QF_NIA_split/QF_NIA_2_21//20170427-VeryMax/ITS/From_T2__consts5nt.t2__p18429_terminationG_0.smt2 : 3255 ms.
--------------------------------------------------
sat
../QF_NIA_split/QF_NIA_2_21//20170427-VeryMax/ITS/From_T2__consts5nt.t2__p18430_terminationG_0.smt2 : 7389 ms.
--------------------------------------------------
unsat
../QF_NIA_split/QF_NIA_2_21//20170427-VeryMax/ITS/From_T2__consts5nt.t2__p18433_terminationG_0.smt2 : 1491 ms.
--------------------------------------------------
timeout
../QF_NIA_split/QF_NIA_2_21//20170427-VeryMax/ITS/From_T2__consts5nt.t2__p18434_terminationG_0.smt2 : 300041 ms.
--------------------------------------------------
timeout
../QF_NIA_split/QF_NIA_2_21//20170427-VeryMax/ITS/From_T2__consts5nt.t2__p18435_terminationG_0.smt2 : 300038 ms.
--------------------------------------------------
sat
../QF_NIA_split/QF_NIA_2_21//20170427-VeryMax/ITS/From_T2__consts5nt.t2__p18443_edge_closing_0.smt2 : 3175 ms.
--------------------------------------------------
sat
../QF_NIA_split/QF_NIA_2_21//20170427-VeryMax/ITS/From_T2__consts5nt.t2__p18444_edge_closing_0.smt2 : 33610 ms.
--------------------------------------------------
timeout
../QF_NIA_split/QF_NIA_2_21//20170427-VeryMax/ITS/From_T2__consts5nt.t2__p18445_edge_closing_0.smt2 : 300044 ms.
--------------------------------------------------
sat
../QF_NIA_split/QF_NIA_2_21//20170427-VeryMax/ITS/From_T2__consts5nt.t2__p18451_edge_closing_0.smt2 : 139826 ms.
--------------------------------------------------
timeout
../QF_NIA_split/QF_NIA_2_21//20170427-VeryMax/ITS/From_T2__consts5nt.t2__p18452_edge_closing_0.smt2 : 300048 ms.
--------------------------------------------------
sat
../QF_NIA_split/QF_NIA_2_21//20170427-VeryMax/ITS/From_T2__consts5nt.t2__p18457_edge_closing_0.smt2 : 9509 ms.
--------------------------------------------------
sat
../QF_NIA_split/QF_NIA_2_21//20170427-VeryMax/ITS/From_T2__consts5nt.t2__p18458_edge_closing_0.smt2 : 162711 ms.
--------------------------------------------------
sat
../QF_NIA_split/QF_NIA_2_21//20170427-VeryMax/ITS/From_T2__consts5.t2__p18475_terminationG_0.smt2 : 816 ms.
--------------------------------------------------
sat
../QF_NIA_split/QF_NIA_2_21//20170427-VeryMax/ITS/From_T2__consts5.t2__p18481_terminationG_0.smt2 : 13087 ms.
--------------------------------------------------
sat
../QF_NIA_split/QF_NIA_2_21//20170427-VeryMax/ITS/From_T2__consts5.t2__p18485_terminationG_0.smt2 : 2750 ms.
--------------------------------------------------
sat
../QF_NIA_split/QF_NIA_2_21//20170427-VeryMax/ITS/From_T2__consts5.t2__p18486_terminationG_0.smt2 : 2097 ms.
--------------------------------------------------
sat
../QF_NIA_split/QF_NIA_2_21//20170427-VeryMax/ITS/From_T2__consts5.t2__p18490_terminationG_0.smt2 : 2365 ms.
--------------------------------------------------
sat
../QF_NIA_split/QF_NIA_2_21//20170427-VeryMax/ITS/From_T2__consts5.t2__p18491_terminationG_0.smt2 : 35700 ms.
--------------------------------------------------
unsat
../QF_NIA_split/QF_NIA_2_21//20170427-VeryMax/ITS/From_T2__consts5.t2__p18494_terminationG_0.smt2 : 1145 ms.
--------------------------------------------------
timeout
../QF_NIA_split/QF_NIA_2_21//20170427-VeryMax/ITS/From_T2__consts5.t2__p18495_terminationG_0.smt2 : 300030 ms.
--------------------------------------------------
timeout
../QF_NIA_split/QF_NIA_2_21//20170427-VeryMax/ITS/From_T2__consts5.t2__p18496_terminationG_0.smt2 : 300037 ms.
--------------------------------------------------
sat
../QF_NIA_split/QF_NIA_2_21//20170427-VeryMax/ITS/From_T2__consts5.t2__p18500_edge_closing_0.smt2 : 1177 ms.
--------------------------------------------------
sat
../QF_NIA_split/QF_NIA_2_21//20170427-VeryMax/ITS/From_T2__consts5.t2__p18501_edge_closing_0.smt2 : 77396 ms.
--------------------------------------------------
sat
../QF_NIA_split/QF_NIA_2_21//20170427-VeryMax/ITS/From_T2__consts5.t2__p18502_edge_closing_0.smt2 : 124470 ms.
--------------------------------------------------
sat
../QF_NIA_split/QF_NIA_2_21//20170427-VeryMax/ITS/From_T2__consts5.t2__p18510_edge_closing_0.smt2 : 25093 ms.
--------------------------------------------------
sat
../QF_NIA_split/QF_NIA_2_21//20170427-VeryMax/ITS/From_T2__consts5.t2__p18511_edge_closing_0.smt2 : 65033 ms.
--------------------------------------------------
sat
../QF_NIA_split/QF_NIA_2_21//20170427-VeryMax/ITS/From_T2__consts5.t2__p18518_edge_closing_0.smt2 : 2064 ms.
--------------------------------------------------
sat
../QF_NIA_split/QF_NIA_2_21//20170427-VeryMax/ITS/From_T2__consts5.t2__p18519_edge_closing_0.smt2 : 34181 ms.
--------------------------------------------------
sat
../QF_NIA_split/QF_NIA_2_21//20170427-VeryMax/ITS/From_T2__cover.t2_fixed__term_unfeasibility_2_0.smt2 : 1348 ms.
--------------------------------------------------
unsat
../QF_NIA_split/QF_NIA_2_21//20170427-VeryMax/ITS/From_T2__cover.t2_fixed__term_unfeasibility_3_0.smt2 : 7205 ms.
--------------------------------------------------
sat
../QF_NIA_split/QF_NIA_2_21//20170427-VeryMax/ITS/From_T2__cover.t2_fixed__term_unfeasibility_4_0.smt2 : 59530 ms.
--------------------------------------------------
timeout
../QF_NIA_split/QF_NIA_2_21//20170427-VeryMax/ITS/From_T2__cover.t2_fixed__term_unfeasibility_5_0.smt2 : 300075 ms.
--------------------------------------------------
sat
../QF_NIA_split/QF_NIA_2_21//20170427-VeryMax/ITS/From_T2__cover.t2_fixed__term_unfeasibility_6_0.smt2 : 263058 ms.
--------------------------------------------------
timeout
../QF_NIA_split/QF_NIA_2_21//20170427-VeryMax/ITS/From_T2__cover.t2_fixed__term_unfeasibility_7_0.smt2 : 300042 ms.
--------------------------------------------------
sat
../QF_NIA_split/QF_NIA_2_21//20170427-VeryMax/ITS/From_T2__cover.t2__p18600_safety_0.smt2 : 7395 ms.
--------------------------------------------------
sat
../QF_NIA_split/QF_NIA_2_21//20170427-VeryMax/ITS/From_T2__cover.t2__p18601_safety_0.smt2 : 1595 ms.
--------------------------------------------------
timeout
../QF_NIA_split/QF_NIA_2_21//20170427-VeryMax/ITS/From_T2__cover.t2__p18602_safety_0.smt2 : 300038 ms.
--------------------------------------------------
timeout
../QF_NIA_split/QF_NIA_2_21//20170427-VeryMax/ITS/From_T2__cover.t2__p18604_edge_closing_0.smt2 : 300067 ms.
--------------------------------------------------
timeout
../QF_NIA_split/QF_NIA_2_21//20170427-VeryMax/ITS/From_T2__cover.t2__p18605_edge_closing_0.smt2 : 300112 ms.
--------------------------------------------------
unknown
../QF_NIA_split/QF_NIA_2_21//20170427-VeryMax/ITS/From_T2__cover.t2__p18606_edge_closing_0.smt2 : 15003 ms.
--------------------------------------------------
timeout
../QF_NIA_split/QF_NIA_2_21//20170427-VeryMax/ITS/From_T2__cover.t2__p18608_edge_closing_0.smt2 : 300058 ms.
--------------------------------------------------
timeout
../QF_NIA_split/QF_NIA_2_21//20170427-VeryMax/ITS/From_T2__cover.t2__p18609_edge_closing_0.smt2 : 300130 ms.
--------------------------------------------------
unknown
../QF_NIA_split/QF_NIA_2_21//20170427-VeryMax/ITS/From_T2__cover.t2__p18610_edge_closing_0.smt2 : 15837 ms.
--------------------------------------------------
sat
../QF_NIA_split/QF_NIA_2_21//20170427-VeryMax/ITS/From_T2__cover.t2__term_unfeasibility_0_0.smt2 : 6061 ms.
--------------------------------------------------
unsat
../QF_NIA_split/QF_NIA_2_21//20170427-VeryMax/ITS/From_T2__cover.t2__term_unfeasibility_1_0.smt2 : 38370 ms.
--------------------------------------------------
timeout
../QF_NIA_split/QF_NIA_2_21//20170427-VeryMax/ITS/From_T2__cover.t2__term_unfeasibility_2_0.smt2 : 300066 ms.
--------------------------------------------------
timeout
../QF_NIA_split/QF_NIA_2_21//20170427-VeryMax/ITS/From_T2__curious4.t2__p18657_terminationG_0.smt2 : 300032 ms.
--------------------------------------------------
timeout
../QF_NIA_split/QF_NIA_2_21//20170427-VeryMax/ITS/From_T2__curious4.t2__p18658_terminationG_0.smt2 : 300034 ms.
--------------------------------------------------
timeout
../QF_NIA_split/QF_NIA_2_21//20170427-VeryMax/ITS/From_T2__curious4.t2__p18659_terminationG_0.smt2 : 300042 ms.
--------------------------------------------------
timeout
../QF_NIA_split/QF_NIA_2_21//20170427-VeryMax/ITS/From_T2__curious4.t2__p18662_edge_closing_0.smt2 : 300046 ms.
--------------------------------------------------
timeout
../QF_NIA_split/QF_NIA_2_21//20170427-VeryMax/ITS/From_T2__curious4.t2__p18663_edge_closing_0.smt2 : 300037 ms.
--------------------------------------------------
timeout
../QF_NIA_split/QF_NIA_2_21//20170427-VeryMax/ITS/From_T2__curious4.t2__p18664_edge_closing_0.smt2 : 300058 ms.
--------------------------------------------------
timeout
../QF_NIA_split/QF_NIA_2_21//20170427-VeryMax/ITS/From_T2__curious4.t2__p18665_edge_closing_0.smt2 : 300038 ms.
--------------------------------------------------
timeout
../QF_NIA_split/QF_NIA_2_21//20170427-VeryMax/ITS/From_T2__curious4.t2__p18666_edge_closing_0.smt2 : 300043 ms.
--------------------------------------------------
timeout
../QF_NIA_split/QF_NIA_2_21//20170427-VeryMax/ITS/From_T2__curious4.t2__p18667_edge_closing_0.smt2 : 300053 ms.
--------------------------------------------------
unsat
../QF_NIA_split/QF_NIA_2_21//20170427-VeryMax/ITS/From_T2__curious4.t2__terminationQ_0_0.smt2 : 61875 ms.
--------------------------------------------------
unsat
../QF_NIA_split/QF_NIA_2_21//20170427-VeryMax/ITS/From_T2__curious4.t2__terminationS_0_0.smt2 : 10720 ms.
--------------------------------------------------
unsat
../QF_NIA_split/QF_NIA_2_21//20170427-VeryMax/ITS/From_T2__curious4.t2__terminationS_1_0.smt2 : 12439 ms.
--------------------------------------------------
unsat
../QF_NIA_split/QF_NIA_2_21//20170427-VeryMax/ITS/From_T2__curious4.t2__terminationS_2_0.smt2 : 16100 ms.
--------------------------------------------------
unsat
../QF_NIA_split/QF_NIA_2_21//20170427-VeryMax/ITS/From_T2__curious4.t2__terminationS_3_0.smt2 : 11861 ms.
--------------------------------------------------
unsat
../QF_NIA_split/QF_NIA_2_21//20170427-VeryMax/ITS/From_T2__curious4.t2__term_unfeasibility_0_0.smt2 : 25789 ms.
--------------------------------------------------
unsat
../QF_NIA_split/QF_NIA_2_21//20170427-VeryMax/ITS/From_T2__curious.t2_fixed__p18680_terminationG_0.smt2 : 776 ms.
--------------------------------------------------
unsat
../QF_NIA_split/QF_NIA_2_21//20170427-VeryMax/ITS/From_T2__curious.t2_fixed__p18681_terminationG_0.smt2 : 8632 ms.
--------------------------------------------------
unsat
../QF_NIA_split/QF_NIA_2_21//20170427-VeryMax/ITS/From_T2__curious.t2__p18703_terminationG_0.smt2 : 2672 ms.
--------------------------------------------------
timeout
../QF_NIA_split/QF_NIA_2_21//20170427-VeryMax/ITS/From_T2__curious.t2__p18704_terminationG_0.smt2 : 300032 ms.
