--------------------------------------------------
unsat
../QF_NIA_split/QF_NIA_2_23//20170427-VeryMax/ITS/From_T2__ex36.t2_fixed__p22541_terminationG_0.smt2 : 10200 ms.
--------------------------------------------------
cvc5 interrupted by timeout.
cvc5 interrupted by SIGTERM.
../QF_NIA_split/QF_NIA_2_23//20170427-VeryMax/ITS/From_T2__ex36.t2_fixed__p22542_terminationG_0.smt2 : 301007 ms.
--------------------------------------------------
cvc5 interrupted by timeout.
./run.sh: line 4: 204447 Aborted                 (core dumped) $cvc5 -L smt2.6 --tlimit=$time_t --no-incremental --no-type-checking --no-interactive $1
../QF_NIA_split/QF_NIA_2_23//20170427-VeryMax/ITS/From_T2__ex36.t2_fixed__p22543_terminationG_0.smt2 : 300074 ms.
--------------------------------------------------
unsat
../QF_NIA_split/QF_NIA_2_23//20170427-VeryMax/ITS/From_T2__ex36.t2_fixed__p22547_terminationG_0.smt2 : 9683 ms.
--------------------------------------------------
cvc5 interrupted by timeout.
./run.sh: line 4: 209352 Aborted                 (core dumped) $cvc5 -L smt2.6 --tlimit=$time_t --no-incremental --no-type-checking --no-interactive $1
../QF_NIA_split/QF_NIA_2_23//20170427-VeryMax/ITS/From_T2__ex36.t2_fixed__p22548_terminationG_0.smt2 : 300078 ms.
--------------------------------------------------
cvc5 interrupted by timeout.
cvc5 interrupted by SIGTERM.
../QF_NIA_split/QF_NIA_2_23//20170427-VeryMax/ITS/From_T2__ex36.t2_fixed__p22549_terminationG_0.smt2 : 301006 ms.
--------------------------------------------------
unknown
../QF_NIA_split/QF_NIA_2_23//20170427-VeryMax/ITS/From_T2__ex36.t2_fixed__p22589_safety_0.smt2 : 932 ms.
--------------------------------------------------
unknown
../QF_NIA_split/QF_NIA_2_23//20170427-VeryMax/ITS/From_T2__ex36.t2_fixed__p22598_safety_0.smt2 : 191 ms.
--------------------------------------------------
unknown
../QF_NIA_split/QF_NIA_2_23//20170427-VeryMax/ITS/From_T2__ex36.t2_fixed__p22599_safety_0.smt2 : 2044 ms.
--------------------------------------------------
unknown
../QF_NIA_split/QF_NIA_2_23//20170427-VeryMax/ITS/From_T2__ex36.t2_fixed__p22604_safety_0.smt2 : 201 ms.
--------------------------------------------------
unknown
../QF_NIA_split/QF_NIA_2_23//20170427-VeryMax/ITS/From_T2__ex36.t2_fixed__p22605_safety_0.smt2 : 1968 ms.
--------------------------------------------------
sat
../QF_NIA_split/QF_NIA_2_23//20170427-VeryMax/ITS/From_T2__ex36.t2_fixed__p22607_safety_0.smt2 : 309 ms.
--------------------------------------------------
unknown
../QF_NIA_split/QF_NIA_2_23//20170427-VeryMax/ITS/From_T2__ex36.t2_fixed__p22608_safety_0.smt2 : 160 ms.
--------------------------------------------------
unknown
../QF_NIA_split/QF_NIA_2_23//20170427-VeryMax/ITS/From_T2__ex36.t2_fixed__p22611_safety_0.smt2 : 1791 ms.
--------------------------------------------------
unknown
../QF_NIA_split/QF_NIA_2_23//20170427-VeryMax/ITS/From_T2__ex36.t2_fixed__p22625_safety_0.smt2 : 770 ms.
--------------------------------------------------
sat
../QF_NIA_split/QF_NIA_2_23//20170427-VeryMax/ITS/From_T2__ex36.t2_fixed__p22632_safety_0.smt2 : 80 ms.
--------------------------------------------------
cvc5 interrupted by timeout.
./run.sh: line 4: 217359 Aborted                 (core dumped) $cvc5 -L smt2.6 --tlimit=$time_t --no-incremental --no-type-checking --no-interactive $1
../QF_NIA_split/QF_NIA_2_23//20170427-VeryMax/ITS/From_T2__ex36.t2_fixed__p22633_safety_0.smt2 : 300058 ms.
--------------------------------------------------
sat
../QF_NIA_split/QF_NIA_2_23//20170427-VeryMax/ITS/From_T2__ex36.t2_fixed__p22649_safety_0.smt2 : 419 ms.
--------------------------------------------------
unknown
../QF_NIA_split/QF_NIA_2_23//20170427-VeryMax/ITS/From_T2__ex36.t2_fixed__p22658_safety_0.smt2 : 181 ms.
--------------------------------------------------
unknown
../QF_NIA_split/QF_NIA_2_23//20170427-VeryMax/ITS/From_T2__ex36.t2_fixed__p22659_safety_0.smt2 : 1137 ms.
--------------------------------------------------
sat
../QF_NIA_split/QF_NIA_2_23//20170427-VeryMax/ITS/From_T2__ex36.t2_fixed__p22696_safety_0.smt2 : 320 ms.
--------------------------------------------------
sat
../QF_NIA_split/QF_NIA_2_23//20170427-VeryMax/ITS/From_T2__ex36.t2_fixed__p22714_safety_0.smt2 : 97 ms.
--------------------------------------------------
unknown
../QF_NIA_split/QF_NIA_2_23//20170427-VeryMax/ITS/From_T2__ex36.t2_fixed__p22715_safety_0.smt2 : 478 ms.
--------------------------------------------------
cvc5 interrupted by timeout.
./run.sh: line 4: 220796 Aborted                 (core dumped) $cvc5 -L smt2.6 --tlimit=$time_t --no-incremental --no-type-checking --no-interactive $1
../QF_NIA_split/QF_NIA_2_23//20170427-VeryMax/ITS/From_T2__ex36.t2_fixed__p22718_safety_0.smt2 : 300054 ms.
--------------------------------------------------
unknown
../QF_NIA_split/QF_NIA_2_23//20170427-VeryMax/ITS/From_T2__ex36.t2_fixed__p22719_safety_0.smt2 : 44873 ms.
--------------------------------------------------
unknown
../QF_NIA_split/QF_NIA_2_23//20170427-VeryMax/ITS/From_T2__ex36.t2_fixed__p22776_safety_0.smt2 : 177 ms.
--------------------------------------------------
unknown
../QF_NIA_split/QF_NIA_2_23//20170427-VeryMax/ITS/From_T2__ex36.t2_fixed__p22777_safety_0.smt2 : 2921 ms.
--------------------------------------------------
sat
../QF_NIA_split/QF_NIA_2_23//20170427-VeryMax/ITS/From_T2__ex36.t2_fixed__p22816_safety_0.smt2 : 152 ms.
--------------------------------------------------
unknown
../QF_NIA_split/QF_NIA_2_23//20170427-VeryMax/ITS/From_T2__ex36.t2_fixed__p22817_safety_0.smt2 : 1130 ms.
--------------------------------------------------
cvc5 interrupted by timeout.
./run.sh: line 4: 224471 Aborted                 (core dumped) $cvc5 -L smt2.6 --tlimit=$time_t --no-incremental --no-type-checking --no-interactive $1
../QF_NIA_split/QF_NIA_2_23//20170427-VeryMax/ITS/From_T2__ex36.t2_fixed__p22825_safety_0.smt2 : 300080 ms.
--------------------------------------------------
unknown
../QF_NIA_split/QF_NIA_2_23//20170427-VeryMax/ITS/From_T2__ex36.t2_fixed__p22827_safety_0.smt2 : 3836 ms.
--------------------------------------------------
unknown
../QF_NIA_split/QF_NIA_2_23//20170427-VeryMax/ITS/From_T2__ex36.t2_fixed__p22846_safety_0.smt2 : 214 ms.
--------------------------------------------------
unknown
../QF_NIA_split/QF_NIA_2_23//20170427-VeryMax/ITS/From_T2__ex36.t2_fixed__p22847_safety_0.smt2 : 1380 ms.
--------------------------------------------------
unknown
../QF_NIA_split/QF_NIA_2_23//20170427-VeryMax/ITS/From_T2__ex36.t2_fixed__p22848_safety_0.smt2 : 505 ms.
--------------------------------------------------
sat
../QF_NIA_split/QF_NIA_2_23//20170427-VeryMax/ITS/From_T2__ex36.t2_fixed__p22849_safety_0.smt2 : 335 ms.
--------------------------------------------------
unknown
../QF_NIA_split/QF_NIA_2_23//20170427-VeryMax/ITS/From_T2__ex36.t2_fixed__p22876_safety_0.smt2 : 1052 ms.
--------------------------------------------------
sat
../QF_NIA_split/QF_NIA_2_23//20170427-VeryMax/ITS/From_T2__ex36.t2_fixed__p22940_safety_0.smt2 : 131 ms.
--------------------------------------------------
sat
../QF_NIA_split/QF_NIA_2_23//20170427-VeryMax/ITS/From_T2__ex36.t2_fixed__p22941_safety_0.smt2 : 722 ms.
--------------------------------------------------
sat
../QF_NIA_split/QF_NIA_2_23//20170427-VeryMax/ITS/From_T2__ex36.t2_fixed__p22960_safety_0.smt2 : 184 ms.
--------------------------------------------------
unknown
../QF_NIA_split/QF_NIA_2_23//20170427-VeryMax/ITS/From_T2__ex36.t2_fixed__p22961_safety_0.smt2 : 633 ms.
--------------------------------------------------
sat
../QF_NIA_split/QF_NIA_2_23//20170427-VeryMax/ITS/From_T2__ex36.t2_fixed__p22963_safety_0.smt2 : 665 ms.
--------------------------------------------------
unknown
../QF_NIA_split/QF_NIA_2_23//20170427-VeryMax/ITS/From_T2__ex36.t2_fixed__p23058_safety_0.smt2 : 1157 ms.
--------------------------------------------------
sat
../QF_NIA_split/QF_NIA_2_23//20170427-VeryMax/ITS/From_T2__ex36.t2_fixed__p23070_safety_0.smt2 : 124 ms.
--------------------------------------------------
unknown
../QF_NIA_split/QF_NIA_2_23//20170427-VeryMax/ITS/From_T2__ex36.t2_fixed__p23071_safety_0.smt2 : 4932 ms.
--------------------------------------------------
unknown
../QF_NIA_split/QF_NIA_2_23//20170427-VeryMax/ITS/From_T2__ex36.t2_fixed__p23075_safety_0.smt2 : 858 ms.
--------------------------------------------------
unknown
../QF_NIA_split/QF_NIA_2_23//20170427-VeryMax/ITS/From_T2__ex36.t2_fixed__p23079_safety_0.smt2 : 3650 ms.
--------------------------------------------------
sat
../QF_NIA_split/QF_NIA_2_23//20170427-VeryMax/ITS/From_T2__ex36.t2_fixed__p23123_safety_0.smt2 : 742 ms.
--------------------------------------------------
unknown
../QF_NIA_split/QF_NIA_2_23//20170427-VeryMax/ITS/From_T2__ex36.t2_fixed__p23140_safety_0.smt2 : 1388 ms.
--------------------------------------------------
unknown
../QF_NIA_split/QF_NIA_2_23//20170427-VeryMax/ITS/From_T2__ex36.t2_fixed__p23141_safety_0.smt2 : 23913 ms.
--------------------------------------------------
unknown
../QF_NIA_split/QF_NIA_2_23//20170427-VeryMax/ITS/From_T2__ex36.t2_fixed__p23159_safety_0.smt2 : 665 ms.
--------------------------------------------------
unknown
../QF_NIA_split/QF_NIA_2_23//20170427-VeryMax/ITS/From_T2__ex36.t2_fixed__p23162_safety_0.smt2 : 175 ms.
--------------------------------------------------
unknown
../QF_NIA_split/QF_NIA_2_23//20170427-VeryMax/ITS/From_T2__ex36.t2_fixed__p23163_safety_0.smt2 : 501 ms.
--------------------------------------------------
sat
../QF_NIA_split/QF_NIA_2_23//20170427-VeryMax/ITS/From_T2__ex36.t2_fixed__p23171_safety_0.smt2 : 203 ms.
--------------------------------------------------
unknown
../QF_NIA_split/QF_NIA_2_23//20170427-VeryMax/ITS/From_T2__ex36.t2_fixed__p23187_safety_0.smt2 : 529 ms.
--------------------------------------------------
unknown
../QF_NIA_split/QF_NIA_2_23//20170427-VeryMax/ITS/From_T2__ex36.t2_fixed__p23206_safety_0.smt2 : 892 ms.
--------------------------------------------------
unknown
../QF_NIA_split/QF_NIA_2_23//20170427-VeryMax/ITS/From_T2__ex36.t2_fixed__p23207_safety_0.smt2 : 676 ms.
--------------------------------------------------
cvc5 interrupted by timeout.
./run.sh: line 4: 227748 Aborted                 (core dumped) $cvc5 -L smt2.6 --tlimit=$time_t --no-incremental --no-type-checking --no-interactive $1
../QF_NIA_split/QF_NIA_2_23//20170427-VeryMax/ITS/From_T2__ex36.t2_fixed__p23213_safety_0.smt2 : 300054 ms.
--------------------------------------------------
unknown
../QF_NIA_split/QF_NIA_2_23//20170427-VeryMax/ITS/From_T2__ex36.t2_fixed__p23228_safety_0.smt2 : 241 ms.
--------------------------------------------------
unknown
../QF_NIA_split/QF_NIA_2_23//20170427-VeryMax/ITS/From_T2__ex36.t2_fixed__p23230_safety_0.smt2 : 243 ms.
--------------------------------------------------
unknown
../QF_NIA_split/QF_NIA_2_23//20170427-VeryMax/ITS/From_T2__ex36.t2_fixed__p23231_safety_0.smt2 : 326 ms.
--------------------------------------------------
unknown
../QF_NIA_split/QF_NIA_2_23//20170427-VeryMax/ITS/From_T2__ex36.t2_fixed__p23235_safety_0.smt2 : 5683 ms.
--------------------------------------------------
unknown
../QF_NIA_split/QF_NIA_2_23//20170427-VeryMax/ITS/From_T2__ex36.t2_fixed__p23238_safety_0.smt2 : 328 ms.
--------------------------------------------------
unknown
../QF_NIA_split/QF_NIA_2_23//20170427-VeryMax/ITS/From_T2__ex36.t2_fixed__p23239_safety_0.smt2 : 1333 ms.
--------------------------------------------------
unknown
../QF_NIA_split/QF_NIA_2_23//20170427-VeryMax/ITS/From_T2__ex36.t2_fixed__p23260_safety_0.smt2 : 284 ms.
--------------------------------------------------
unknown
../QF_NIA_split/QF_NIA_2_23//20170427-VeryMax/ITS/From_T2__ex36.t2_fixed__p23261_safety_0.smt2 : 534 ms.
--------------------------------------------------
unknown
../QF_NIA_split/QF_NIA_2_23//20170427-VeryMax/ITS/From_T2__ex36.t2_fixed__p23292_safety_0.smt2 : 151 ms.
--------------------------------------------------
sat
../QF_NIA_split/QF_NIA_2_23//20170427-VeryMax/ITS/From_T2__ex36.t2_fixed__p23293_safety_0.smt2 : 844 ms.
--------------------------------------------------
unknown
../QF_NIA_split/QF_NIA_2_23//20170427-VeryMax/ITS/From_T2__ex36.t2_fixed__p23294_safety_0.smt2 : 165 ms.
--------------------------------------------------
unknown
../QF_NIA_split/QF_NIA_2_23//20170427-VeryMax/ITS/From_T2__ex36.t2_fixed__p23295_safety_0.smt2 : 1139 ms.
--------------------------------------------------
unknown
../QF_NIA_split/QF_NIA_2_23//20170427-VeryMax/ITS/From_T2__ex36.t2_fixed__p23298_safety_0.smt2 : 130 ms.
--------------------------------------------------
unknown
../QF_NIA_split/QF_NIA_2_23//20170427-VeryMax/ITS/From_T2__ex36.t2_fixed__p23299_safety_0.smt2 : 216 ms.
--------------------------------------------------
unknown
../QF_NIA_split/QF_NIA_2_23//20170427-VeryMax/ITS/From_T2__ex36.t2_fixed__p23300_safety_0.smt2 : 338 ms.
--------------------------------------------------
unknown
../QF_NIA_split/QF_NIA_2_23//20170427-VeryMax/ITS/From_T2__ex36.t2_fixed__p23301_safety_0.smt2 : 471 ms.
--------------------------------------------------
unknown
../QF_NIA_split/QF_NIA_2_23//20170427-VeryMax/ITS/From_T2__ex36.t2_fixed__p23302_safety_0.smt2 : 480 ms.
--------------------------------------------------
unknown
../QF_NIA_split/QF_NIA_2_23//20170427-VeryMax/ITS/From_T2__ex36.t2_fixed__p23303_safety_0.smt2 : 1373 ms.
--------------------------------------------------
sat
../QF_NIA_split/QF_NIA_2_23//20170427-VeryMax/ITS/From_T2__ex36.t2_fixed__p23304_safety_0.smt2 : 94 ms.
--------------------------------------------------
unknown
../QF_NIA_split/QF_NIA_2_23//20170427-VeryMax/ITS/From_T2__ex36.t2_fixed__p23305_safety_0.smt2 : 481 ms.
--------------------------------------------------
unknown
../QF_NIA_split/QF_NIA_2_23//20170427-VeryMax/ITS/From_T2__ex36.t2_fixed__p23313_safety_0.smt2 : 782 ms.
--------------------------------------------------
unknown
../QF_NIA_split/QF_NIA_2_23//20170427-VeryMax/ITS/From_T2__ex36.t2_fixed__p23329_safety_0.smt2 : 1123 ms.
--------------------------------------------------
unknown
../QF_NIA_split/QF_NIA_2_23//20170427-VeryMax/ITS/From_T2__ex36.t2_fixed__p23396_safety_0.smt2 : 243 ms.
--------------------------------------------------
unknown
../QF_NIA_split/QF_NIA_2_23//20170427-VeryMax/ITS/From_T2__ex36.t2_fixed__p23397_safety_0.smt2 : 8969 ms.
--------------------------------------------------
sat
../QF_NIA_split/QF_NIA_2_23//20170427-VeryMax/ITS/From_T2__ex36.t2_fixed__p23460_safety_0.smt2 : 649 ms.
--------------------------------------------------
cvc5 interrupted by timeout.
./run.sh: line 4: 231364 Aborted                 (core dumped) $cvc5 -L smt2.6 --tlimit=$time_t --no-incremental --no-type-checking --no-interactive $1
../QF_NIA_split/QF_NIA_2_23//20170427-VeryMax/ITS/From_T2__ex36.t2_fixed__p23482_safety_0.smt2 : 300046 ms.
--------------------------------------------------
unknown
../QF_NIA_split/QF_NIA_2_23//20170427-VeryMax/ITS/From_T2__ex36.t2_fixed__p23504_safety_0.smt2 : 311 ms.
--------------------------------------------------
unknown
../QF_NIA_split/QF_NIA_2_23//20170427-VeryMax/ITS/From_T2__ex36.t2_fixed__p23505_safety_0.smt2 : 774 ms.
--------------------------------------------------
unknown
../QF_NIA_split/QF_NIA_2_23//20170427-VeryMax/ITS/From_T2__ex36.t2_fixed__p23521_safety_0.smt2 : 371 ms.
--------------------------------------------------
cvc5 interrupted by timeout.
./run.sh: line 4: 233983 Aborted                 (core dumped) $cvc5 -L smt2.6 --tlimit=$time_t --no-incremental --no-type-checking --no-interactive $1
../QF_NIA_split/QF_NIA_2_23//20170427-VeryMax/ITS/From_T2__ex36.t2_fixed__p23522_safety_0.smt2 : 300104 ms.
--------------------------------------------------
sat
../QF_NIA_split/QF_NIA_2_23//20170427-VeryMax/ITS/From_T2__ex36.t2_fixed__p23523_safety_0.smt2 : 216 ms.
--------------------------------------------------
unknown
../QF_NIA_split/QF_NIA_2_23//20170427-VeryMax/ITS/From_T2__ex36.t2_fixed__p23524_safety_0.smt2 : 1516 ms.
--------------------------------------------------
unknown
../QF_NIA_split/QF_NIA_2_23//20170427-VeryMax/ITS/From_T2__ex36.t2_fixed__p23530_safety_0.smt2 : 1181 ms.
--------------------------------------------------
unknown
../QF_NIA_split/QF_NIA_2_23//20170427-VeryMax/ITS/From_T2__ex36.t2_fixed__p23560_safety_0.smt2 : 3254 ms.
--------------------------------------------------
unknown
../QF_NIA_split/QF_NIA_2_23//20170427-VeryMax/ITS/From_T2__ex36.t2_fixed__p23563_safety_0.smt2 : 303 ms.
--------------------------------------------------
unknown
../QF_NIA_split/QF_NIA_2_23//20170427-VeryMax/ITS/From_T2__ex36.t2_fixed__p23564_safety_0.smt2 : 1139 ms.
--------------------------------------------------
unknown
../QF_NIA_split/QF_NIA_2_23//20170427-VeryMax/ITS/From_T2__ex36.t2_fixed__p23573_safety_0.smt2 : 222 ms.
--------------------------------------------------
unknown
../QF_NIA_split/QF_NIA_2_23//20170427-VeryMax/ITS/From_T2__ex36.t2_fixed__p23574_safety_0.smt2 : 872 ms.
--------------------------------------------------
unknown
../QF_NIA_split/QF_NIA_2_23//20170427-VeryMax/ITS/From_T2__ex36.t2_fixed__p23575_safety_0.smt2 : 277 ms.
--------------------------------------------------
unknown
../QF_NIA_split/QF_NIA_2_23//20170427-VeryMax/ITS/From_T2__ex36.t2_fixed__p23576_safety_0.smt2 : 716 ms.
--------------------------------------------------
unknown
../QF_NIA_split/QF_NIA_2_23//20170427-VeryMax/ITS/From_T2__ex36.t2_fixed__p23578_safety_0.smt2 : 4328 ms.
--------------------------------------------------
unknown
../QF_NIA_split/QF_NIA_2_23//20170427-VeryMax/ITS/From_T2__ex36.t2_fixed__p23587_safety_0.smt2 : 1049 ms.
--------------------------------------------------
unknown
../QF_NIA_split/QF_NIA_2_23//20170427-VeryMax/ITS/From_T2__ex36.t2_fixed__p23591_safety_0.smt2 : 13688 ms.
--------------------------------------------------
cvc5 interrupted by timeout.
./run.sh: line 4: 237288 Aborted                 (core dumped) $cvc5 -L smt2.6 --tlimit=$time_t --no-incremental --no-type-checking --no-interactive $1
../QF_NIA_split/QF_NIA_2_23//20170427-VeryMax/ITS/From_T2__ex36.t2_fixed__p23592_safety_0.smt2 : 300071 ms.
--------------------------------------------------
unknown
../QF_NIA_split/QF_NIA_2_23//20170427-VeryMax/ITS/From_T2__ex36.t2_fixed__p23608_safety_0.smt2 : 1008 ms.
--------------------------------------------------
unknown
../QF_NIA_split/QF_NIA_2_23//20170427-VeryMax/ITS/From_T2__ex36.t2_fixed__p23611_safety_0.smt2 : 3548 ms.
--------------------------------------------------
cvc5 interrupted by timeout.
./run.sh: line 4: 240720 Aborted                 (core dumped) $cvc5 -L smt2.6 --tlimit=$time_t --no-incremental --no-type-checking --no-interactive $1
../QF_NIA_split/QF_NIA_2_23//20170427-VeryMax/ITS/From_T2__ex36.t2_fixed__p23612_safety_0.smt2 : 300069 ms.
--------------------------------------------------
unknown
../QF_NIA_split/QF_NIA_2_23//20170427-VeryMax/ITS/From_T2__ex36.t2_fixed__p23627_safety_0.smt2 : 387 ms.
--------------------------------------------------
unknown
../QF_NIA_split/QF_NIA_2_23//20170427-VeryMax/ITS/From_T2__ex36.t2_fixed__p23628_safety_0.smt2 : 7687 ms.
--------------------------------------------------
unknown
../QF_NIA_split/QF_NIA_2_23//20170427-VeryMax/ITS/From_T2__ex36.t2_fixed__p23634_safety_0.smt2 : 6635 ms.
--------------------------------------------------
unknown
../QF_NIA_split/QF_NIA_2_23//20170427-VeryMax/ITS/From_T2__ex36.t2_fixed__p23641_safety_0.smt2 : 258 ms.
--------------------------------------------------
unknown
../QF_NIA_split/QF_NIA_2_23//20170427-VeryMax/ITS/From_T2__ex36.t2_fixed__p23642_safety_0.smt2 : 669 ms.
--------------------------------------------------
unknown
../QF_NIA_split/QF_NIA_2_23//20170427-VeryMax/ITS/From_T2__ex36.t2_fixed__p23647_safety_0.smt2 : 228 ms.
--------------------------------------------------
unknown
../QF_NIA_split/QF_NIA_2_23//20170427-VeryMax/ITS/From_T2__ex36.t2_fixed__p23648_safety_0.smt2 : 812 ms.
--------------------------------------------------
unknown
../QF_NIA_split/QF_NIA_2_23//20170427-VeryMax/ITS/From_T2__ex36.t2_fixed__p23670_safety_0.smt2 : 3828 ms.
--------------------------------------------------
unknown
../QF_NIA_split/QF_NIA_2_23//20170427-VeryMax/ITS/From_T2__ex36.t2_fixed__p23678_safety_0.smt2 : 2179 ms.
--------------------------------------------------
unknown
../QF_NIA_split/QF_NIA_2_23//20170427-VeryMax/ITS/From_T2__ex36.t2_fixed__p23679_safety_0.smt2 : 146351 ms.
--------------------------------------------------
sat
../QF_NIA_split/QF_NIA_2_23//20170427-VeryMax/ITS/From_T2__ex36.t2_fixed__p23683_safety_0.smt2 : 8110 ms.
--------------------------------------------------
unknown
../QF_NIA_split/QF_NIA_2_23//20170427-VeryMax/ITS/From_T2__ex36.t2_fixed__p23684_safety_0.smt2 : 451 ms.
--------------------------------------------------
unknown
../QF_NIA_split/QF_NIA_2_23//20170427-VeryMax/ITS/From_T2__ex36.t2_fixed__p23685_safety_0.smt2 : 1650 ms.
--------------------------------------------------
unknown
../QF_NIA_split/QF_NIA_2_23//20170427-VeryMax/ITS/From_T2__ex36.t2_fixed__p23686_safety_0.smt2 : 276 ms.
--------------------------------------------------
unknown
../QF_NIA_split/QF_NIA_2_23//20170427-VeryMax/ITS/From_T2__ex36.t2_fixed__p23687_safety_0.smt2 : 959 ms.
--------------------------------------------------
unknown
../QF_NIA_split/QF_NIA_2_23//20170427-VeryMax/ITS/From_T2__ex36.t2_fixed__p23700_safety_0.smt2 : 331 ms.
--------------------------------------------------
sat
../QF_NIA_split/QF_NIA_2_23//20170427-VeryMax/ITS/From_T2__ex36.t2_fixed__p23701_safety_0.smt2 : 88 ms.
--------------------------------------------------
unknown
../QF_NIA_split/QF_NIA_2_23//20170427-VeryMax/ITS/From_T2__ex36.t2_fixed__p23702_safety_0.smt2 : 284 ms.
--------------------------------------------------
unknown
../QF_NIA_split/QF_NIA_2_23//20170427-VeryMax/ITS/From_T2__ex36.t2_fixed__p23703_safety_0.smt2 : 2770 ms.
--------------------------------------------------
sat
../QF_NIA_split/QF_NIA_2_23//20170427-VeryMax/ITS/From_T2__ex36.t2_fixed__p23746_safety_0.smt2 : 158 ms.
--------------------------------------------------
sat
../QF_NIA_split/QF_NIA_2_23//20170427-VeryMax/ITS/From_T2__ex36.t2_fixed__p23747_safety_0.smt2 : 282 ms.
--------------------------------------------------
sat
../QF_NIA_split/QF_NIA_2_23//20170427-VeryMax/ITS/From_T2__ex36.t2_fixed__p23789_safety_0.smt2 : 716 ms.
--------------------------------------------------
unknown
../QF_NIA_split/QF_NIA_2_23//20170427-VeryMax/ITS/From_T2__ex36.t2_fixed__p23817_safety_0.smt2 : 2552 ms.
--------------------------------------------------
unknown
../QF_NIA_split/QF_NIA_2_23//20170427-VeryMax/ITS/From_T2__ex36.t2_fixed__p23822_safety_0.smt2 : 282 ms.
--------------------------------------------------
unknown
../QF_NIA_split/QF_NIA_2_23//20170427-VeryMax/ITS/From_T2__ex36.t2_fixed__p23823_safety_0.smt2 : 413 ms.
--------------------------------------------------
sat
../QF_NIA_split/QF_NIA_2_23//20170427-VeryMax/ITS/From_T2__ex36.t2_fixed__p23854_safety_0.smt2 : 106 ms.
--------------------------------------------------
unknown
../QF_NIA_split/QF_NIA_2_23//20170427-VeryMax/ITS/From_T2__ex36.t2_fixed__p23855_safety_0.smt2 : 1465 ms.
--------------------------------------------------
sat
../QF_NIA_split/QF_NIA_2_23//20170427-VeryMax/ITS/From_T2__ex36.t2_fixed__p23874_safety_0.smt2 : 249 ms.
--------------------------------------------------
unknown
../QF_NIA_split/QF_NIA_2_23//20170427-VeryMax/ITS/From_T2__ex36.t2_fixed__p23875_safety_0.smt2 : 1759 ms.
--------------------------------------------------
unknown
../QF_NIA_split/QF_NIA_2_23//20170427-VeryMax/ITS/From_T2__ex36.t2_fixed__p23881_safety_0.smt2 : 929 ms.
--------------------------------------------------
unknown
../QF_NIA_split/QF_NIA_2_23//20170427-VeryMax/ITS/From_T2__ex36.t2_fixed__p23886_safety_0.smt2 : 1706 ms.
--------------------------------------------------
unknown
../QF_NIA_split/QF_NIA_2_23//20170427-VeryMax/ITS/From_T2__ex36.t2_fixed__p23887_safety_0.smt2 : 568 ms.
--------------------------------------------------
unknown
../QF_NIA_split/QF_NIA_2_23//20170427-VeryMax/ITS/From_T2__ex36.t2_fixed__p23896_safety_0.smt2 : 153 ms.
--------------------------------------------------
unknown
../QF_NIA_split/QF_NIA_2_23//20170427-VeryMax/ITS/From_T2__ex36.t2_fixed__p23897_safety_0.smt2 : 408 ms.
--------------------------------------------------
unknown
../QF_NIA_split/QF_NIA_2_23//20170427-VeryMax/ITS/From_T2__ex36.t2_fixed__p23910_safety_0.smt2 : 331 ms.
--------------------------------------------------
unknown
../QF_NIA_split/QF_NIA_2_23//20170427-VeryMax/ITS/From_T2__ex36.t2_fixed__p23911_safety_0.smt2 : 663 ms.
--------------------------------------------------
unknown
../QF_NIA_split/QF_NIA_2_23//20170427-VeryMax/ITS/From_T2__ex36.t2_fixed__p23912_safety_0.smt2 : 475 ms.
--------------------------------------------------
unknown
../QF_NIA_split/QF_NIA_2_23//20170427-VeryMax/ITS/From_T2__ex36.t2_fixed__p23913_safety_0.smt2 : 328 ms.
--------------------------------------------------
unknown
../QF_NIA_split/QF_NIA_2_23//20170427-VeryMax/ITS/From_T2__ex36.t2_fixed__p24099_safety_0.smt2 : 536 ms.
--------------------------------------------------
unknown
../QF_NIA_split/QF_NIA_2_23//20170427-VeryMax/ITS/From_T2__ex36.t2_fixed__p24107_safety_0.smt2 : 352 ms.
--------------------------------------------------
unknown
../QF_NIA_split/QF_NIA_2_23//20170427-VeryMax/ITS/From_T2__ex36.t2_fixed__p24130_safety_0.smt2 : 191 ms.
--------------------------------------------------
unknown
../QF_NIA_split/QF_NIA_2_23//20170427-VeryMax/ITS/From_T2__ex36.t2_fixed__p24131_safety_0.smt2 : 462 ms.
--------------------------------------------------
unknown
../QF_NIA_split/QF_NIA_2_23//20170427-VeryMax/ITS/From_T2__ex36.t2_fixed__p24136_safety_0.smt2 : 191 ms.
--------------------------------------------------
unknown
../QF_NIA_split/QF_NIA_2_23//20170427-VeryMax/ITS/From_T2__ex36.t2_fixed__p24143_safety_0.smt2 : 204 ms.
--------------------------------------------------
unknown
../QF_NIA_split/QF_NIA_2_23//20170427-VeryMax/ITS/From_T2__ex36.t2_fixed__p24144_safety_0.smt2 : 454 ms.
--------------------------------------------------
unknown
../QF_NIA_split/QF_NIA_2_23//20170427-VeryMax/ITS/From_T2__ex36.t2_fixed__p24152_safety_0.smt2 : 197 ms.
--------------------------------------------------
unknown
../QF_NIA_split/QF_NIA_2_23//20170427-VeryMax/ITS/From_T2__ex36.t2_fixed__p24153_safety_0.smt2 : 475 ms.
--------------------------------------------------
sat
../QF_NIA_split/QF_NIA_2_23//20170427-VeryMax/ITS/From_T2__ex36.t2_fixed__p24177_safety_0.smt2 : 1937 ms.
--------------------------------------------------
sat
../QF_NIA_split/QF_NIA_2_23//20170427-VeryMax/ITS/From_T2__ex36.t2_fixed__p24178_safety_0.smt2 : 160 ms.
--------------------------------------------------
unknown
../QF_NIA_split/QF_NIA_2_23//20170427-VeryMax/ITS/From_T2__ex36.t2_fixed__p24259_safety_0.smt2 : 46170 ms.
--------------------------------------------------
unknown
../QF_NIA_split/QF_NIA_2_23//20170427-VeryMax/ITS/From_T2__ex36.t2_fixed__p24313_safety_0.smt2 : 187 ms.
--------------------------------------------------
unknown
../QF_NIA_split/QF_NIA_2_23//20170427-VeryMax/ITS/From_T2__ex36.t2_fixed__p24315_safety_0.smt2 : 1078 ms.
--------------------------------------------------
unknown
../QF_NIA_split/QF_NIA_2_23//20170427-VeryMax/ITS/From_T2__ex36.t2_fixed__p24316_safety_0.smt2 : 238 ms.
--------------------------------------------------
unknown
../QF_NIA_split/QF_NIA_2_23//20170427-VeryMax/ITS/From_T2__ex36.t2_fixed__p24317_safety_0.smt2 : 794 ms.
--------------------------------------------------
unknown
../QF_NIA_split/QF_NIA_2_23//20170427-VeryMax/ITS/From_T2__ex36.t2_fixed__p24373_safety_0.smt2 : 1173 ms.
--------------------------------------------------
sat
../QF_NIA_split/QF_NIA_2_23//20170427-VeryMax/ITS/From_T2__ex36.t2_fixed__p24453_safety_0.smt2 : 205 ms.
--------------------------------------------------
sat
../QF_NIA_split/QF_NIA_2_23//20170427-VeryMax/ITS/From_T2__ex36.t2_fixed__p24462_safety_0.smt2 : 224 ms.
--------------------------------------------------
sat
../QF_NIA_split/QF_NIA_2_23//20170427-VeryMax/ITS/From_T2__ex36.t2_fixed__p24463_safety_0.smt2 : 1925 ms.
--------------------------------------------------
sat
../QF_NIA_split/QF_NIA_2_23//20170427-VeryMax/ITS/From_T2__ex36.t2_fixed__p24468_safety_0.smt2 : 222 ms.
--------------------------------------------------
unknown
../QF_NIA_split/QF_NIA_2_23//20170427-VeryMax/ITS/From_T2__ex36.t2_fixed__p24469_safety_0.smt2 : 3480 ms.
--------------------------------------------------
sat
../QF_NIA_split/QF_NIA_2_23//20170427-VeryMax/ITS/From_T2__ex36.t2_fixed__p24544_safety_0.smt2 : 118 ms.
--------------------------------------------------
unknown
../QF_NIA_split/QF_NIA_2_23//20170427-VeryMax/ITS/From_T2__ex36.t2_fixed__p24545_safety_0.smt2 : 558 ms.
--------------------------------------------------
sat
../QF_NIA_split/QF_NIA_2_23//20170427-VeryMax/ITS/From_T2__ex36.t2_fixed__p24550_safety_0.smt2 : 117 ms.
--------------------------------------------------
unknown
../QF_NIA_split/QF_NIA_2_23//20170427-VeryMax/ITS/From_T2__ex36.t2_fixed__p24552_safety_0.smt2 : 459 ms.
--------------------------------------------------
sat
../QF_NIA_split/QF_NIA_2_23//20170427-VeryMax/ITS/From_T2__ex36.t2_fixed__p24553_safety_0.smt2 : 126 ms.
--------------------------------------------------
unknown
../QF_NIA_split/QF_NIA_2_23//20170427-VeryMax/ITS/From_T2__ex36.t2_fixed__p24554_safety_0.smt2 : 509 ms.
--------------------------------------------------
sat
../QF_NIA_split/QF_NIA_2_23//20170427-VeryMax/ITS/From_T2__ex36.t2_fixed__p24562_safety_0.smt2 : 129 ms.
--------------------------------------------------
unknown
../QF_NIA_split/QF_NIA_2_23//20170427-VeryMax/ITS/From_T2__ex36.t2_fixed__p24563_safety_0.smt2 : 503 ms.
--------------------------------------------------
unknown
../QF_NIA_split/QF_NIA_2_23//20170427-VeryMax/ITS/From_T2__ex36.t2_fixed__p24577_safety_0.smt2 : 612 ms.
--------------------------------------------------
unknown
../QF_NIA_split/QF_NIA_2_23//20170427-VeryMax/ITS/From_T2__ex36.t2_fixed__p24595_safety_0.smt2 : 654 ms.
--------------------------------------------------
sat
../QF_NIA_split/QF_NIA_2_23//20170427-VeryMax/ITS/From_T2__ex36.t2_fixed__p24611_safety_0.smt2 : 737 ms.
--------------------------------------------------
unknown
../QF_NIA_split/QF_NIA_2_23//20170427-VeryMax/ITS/From_T2__ex36.t2_fixed__p24615_safety_0.smt2 : 845 ms.
--------------------------------------------------
unknown
../QF_NIA_split/QF_NIA_2_23//20170427-VeryMax/ITS/From_T2__ex36.t2_fixed__p24618_safety_0.smt2 : 257 ms.
--------------------------------------------------
unknown
../QF_NIA_split/QF_NIA_2_23//20170427-VeryMax/ITS/From_T2__ex36.t2_fixed__p24619_safety_0.smt2 : 811 ms.
--------------------------------------------------
unknown
../QF_NIA_split/QF_NIA_2_23//20170427-VeryMax/ITS/From_T2__ex36.t2_fixed__p24622_safety_0.smt2 : 248 ms.
--------------------------------------------------
unknown
../QF_NIA_split/QF_NIA_2_23//20170427-VeryMax/ITS/From_T2__ex36.t2_fixed__p24623_safety_0.smt2 : 2281 ms.
--------------------------------------------------
sat
../QF_NIA_split/QF_NIA_2_23//20170427-VeryMax/ITS/From_T2__ex36.t2__p30251_safety_0.smt2 : 911 ms.
--------------------------------------------------
unknown
../QF_NIA_split/QF_NIA_2_23//20170427-VeryMax/ITS/From_T2__ex36.t2__p30264_safety_0.smt2 : 11289 ms.
--------------------------------------------------
sat
../QF_NIA_split/QF_NIA_2_23//20170427-VeryMax/ITS/From_T2__ex36.t2__p30265_safety_0.smt2 : 1794 ms.
--------------------------------------------------
sat
../QF_NIA_split/QF_NIA_2_23//20170427-VeryMax/ITS/From_T2__ex36.t2__p30280_safety_0.smt2 : 328 ms.
--------------------------------------------------
unknown
../QF_NIA_split/QF_NIA_2_23//20170427-VeryMax/ITS/From_T2__ex36.t2__p30283_safety_0.smt2 : 4496 ms.
--------------------------------------------------
unknown
../QF_NIA_split/QF_NIA_2_23//20170427-VeryMax/ITS/From_T2__ex36.t2__p30285_safety_0.smt2 : 2307 ms.
--------------------------------------------------
sat
../QF_NIA_split/QF_NIA_2_23//20170427-VeryMax/ITS/From_T2__ex36.t2__p30295_safety_0.smt2 : 315 ms.
--------------------------------------------------
unknown
../QF_NIA_split/QF_NIA_2_23//20170427-VeryMax/ITS/From_T2__ex36.t2__p30317_safety_0.smt2 : 1398 ms.
--------------------------------------------------
unknown
../QF_NIA_split/QF_NIA_2_23//20170427-VeryMax/ITS/From_T2__ex36.t2__p30325_safety_0.smt2 : 1493 ms.
--------------------------------------------------
sat
../QF_NIA_split/QF_NIA_2_23//20170427-VeryMax/ITS/From_T2__ex36.t2__p30330_safety_0.smt2 : 830 ms.
--------------------------------------------------
sat
../QF_NIA_split/QF_NIA_2_23//20170427-VeryMax/ITS/From_T2__ex36.t2__p30332_safety_0.smt2 : 296 ms.
--------------------------------------------------
sat
../QF_NIA_split/QF_NIA_2_23//20170427-VeryMax/ITS/From_T2__ex36.t2__p30335_safety_0.smt2 : 2025 ms.
--------------------------------------------------
unknown
../QF_NIA_split/QF_NIA_2_23//20170427-VeryMax/ITS/From_T2__ex36.t2__p30337_safety_0.smt2 : 155294 ms.
--------------------------------------------------
sat
../QF_NIA_split/QF_NIA_2_23//20170427-VeryMax/ITS/From_T2__ex36.t2__p30340_safety_0.smt2 : 214 ms.
--------------------------------------------------
unknown
../QF_NIA_split/QF_NIA_2_23//20170427-VeryMax/ITS/From_T2__ex36.t2__p30341_safety_0.smt2 : 4102 ms.
--------------------------------------------------
sat
../QF_NIA_split/QF_NIA_2_23//20170427-VeryMax/ITS/From_T2__ex36.t2__p30343_safety_0.smt2 : 325 ms.
--------------------------------------------------
unknown
../QF_NIA_split/QF_NIA_2_23//20170427-VeryMax/ITS/From_T2__ex36.t2__p30346_safety_0.smt2 : 9248 ms.
--------------------------------------------------
sat
../QF_NIA_split/QF_NIA_2_23//20170427-VeryMax/ITS/From_T2__ex36.t2__p30353_safety_0.smt2 : 787 ms.
--------------------------------------------------
unknown
../QF_NIA_split/QF_NIA_2_23//20170427-VeryMax/ITS/From_T2__ex36.t2__p30355_safety_0.smt2 : 4397 ms.
--------------------------------------------------
sat
../QF_NIA_split/QF_NIA_2_23//20170427-VeryMax/ITS/From_T2__ex36.t2__p30356_safety_0.smt2 : 4722 ms.
--------------------------------------------------
sat
../QF_NIA_split/QF_NIA_2_23//20170427-VeryMax/ITS/From_T2__ex36.t2__p30360_safety_0.smt2 : 22389 ms.
--------------------------------------------------
unknown
../QF_NIA_split/QF_NIA_2_23//20170427-VeryMax/ITS/From_T2__ex36.t2__p30361_safety_0.smt2 : 14756 ms.
--------------------------------------------------
unknown
../QF_NIA_split/QF_NIA_2_23//20170427-VeryMax/ITS/From_T2__ex36.t2__p30367_safety_0.smt2 : 1177 ms.
--------------------------------------------------
sat
../QF_NIA_split/QF_NIA_2_23//20170427-VeryMax/ITS/From_T2__ex36.t2__p30373_safety_0.smt2 : 3281 ms.
--------------------------------------------------
unknown
../QF_NIA_split/QF_NIA_2_23//20170427-VeryMax/ITS/From_T2__ex36.t2__p30378_safety_0.smt2 : 4343 ms.
--------------------------------------------------
unknown
../QF_NIA_split/QF_NIA_2_23//20170427-VeryMax/ITS/From_T2__ex36.t2__p30379_safety_0.smt2 : 4261 ms.
--------------------------------------------------
unknown
../QF_NIA_split/QF_NIA_2_23//20170427-VeryMax/ITS/From_T2__ex36.t2__p30384_safety_0.smt2 : 2891 ms.
--------------------------------------------------
unknown
../QF_NIA_split/QF_NIA_2_23//20170427-VeryMax/ITS/From_T2__ex36.t2__p30392_safety_0.smt2 : 768 ms.
--------------------------------------------------
unknown
../QF_NIA_split/QF_NIA_2_23//20170427-VeryMax/ITS/From_T2__ex36.t2__p30396_safety_0.smt2 : 8285 ms.
--------------------------------------------------
sat
../QF_NIA_split/QF_NIA_2_23//20170427-VeryMax/ITS/From_T2__ex36.t2__p30403_safety_0.smt2 : 754 ms.
--------------------------------------------------
unknown
../QF_NIA_split/QF_NIA_2_23//20170427-VeryMax/ITS/From_T2__ex36.t2__p30427_safety_0.smt2 : 3105 ms.
--------------------------------------------------
sat
../QF_NIA_split/QF_NIA_2_23//20170427-VeryMax/ITS/From_T2__ex36.t2__p30439_safety_0.smt2 : 811 ms.
--------------------------------------------------
sat
../QF_NIA_split/QF_NIA_2_23//20170427-VeryMax/ITS/From_T2__ex36.t2__p30441_safety_0.smt2 : 3747 ms.
--------------------------------------------------
sat
../QF_NIA_split/QF_NIA_2_23//20170427-VeryMax/ITS/From_T2__ex36.t2__p30449_safety_0.smt2 : 344 ms.
--------------------------------------------------
sat
../QF_NIA_split/QF_NIA_2_23//20170427-VeryMax/ITS/From_T2__ex36.t2__p30450_safety_0.smt2 : 1054 ms.
--------------------------------------------------
unknown
../QF_NIA_split/QF_NIA_2_23//20170427-VeryMax/ITS/From_T2__ex36.t2__p30451_safety_0.smt2 : 1080 ms.
--------------------------------------------------
sat
../QF_NIA_split/QF_NIA_2_23//20170427-VeryMax/ITS/From_T2__ex36.t2__p30453_safety_0.smt2 : 780 ms.
--------------------------------------------------
unknown
../QF_NIA_split/QF_NIA_2_23//20170427-VeryMax/ITS/From_T2__ex36.t2__p30462_safety_0.smt2 : 12182 ms.
--------------------------------------------------
unknown
../QF_NIA_split/QF_NIA_2_23//20170427-VeryMax/ITS/From_T2__ex36.t2__p30467_safety_0.smt2 : 20158 ms.
--------------------------------------------------
unsat
../QF_NIA_split/QF_NIA_2_23//20170427-VeryMax/ITS/From_T2__ex36.t2__p30469_safety_0.smt2 : 593 ms.
--------------------------------------------------
unknown
../QF_NIA_split/QF_NIA_2_23//20170427-VeryMax/ITS/From_T2__ex36.t2__p30470_safety_0.smt2 : 21279 ms.
--------------------------------------------------
unknown
../QF_NIA_split/QF_NIA_2_23//20170427-VeryMax/ITS/From_T2__ex36.t2__p30475_safety_0.smt2 : 5395 ms.
--------------------------------------------------
unknown
../QF_NIA_split/QF_NIA_2_23//20170427-VeryMax/ITS/From_T2__ex36.t2__p30477_safety_0.smt2 : 1486 ms.
--------------------------------------------------
sat
../QF_NIA_split/QF_NIA_2_23//20170427-VeryMax/ITS/From_T2__ex36.t2__p30485_safety_0.smt2 : 1626 ms.
--------------------------------------------------
sat
../QF_NIA_split/QF_NIA_2_23//20170427-VeryMax/ITS/From_T2__ex36.t2__p30487_safety_0.smt2 : 1902 ms.
--------------------------------------------------
sat
../QF_NIA_split/QF_NIA_2_23//20170427-VeryMax/ITS/From_T2__ex36.t2__p30489_safety_0.smt2 : 471 ms.
--------------------------------------------------
unknown
../QF_NIA_split/QF_NIA_2_23//20170427-VeryMax/ITS/From_T2__ex36.t2__p30497_safety_0.smt2 : 1405 ms.
--------------------------------------------------
unknown
../QF_NIA_split/QF_NIA_2_23//20170427-VeryMax/ITS/From_T2__ex36.t2__p30515_safety_0.smt2 : 1934 ms.
--------------------------------------------------
unknown
../QF_NIA_split/QF_NIA_2_23//20170427-VeryMax/ITS/From_T2__ex36.t2__p30518_safety_0.smt2 : 7278 ms.
--------------------------------------------------
unknown
../QF_NIA_split/QF_NIA_2_23//20170427-VeryMax/ITS/From_T2__ex36.t2__p30519_safety_0.smt2 : 2330 ms.
--------------------------------------------------
sat
../QF_NIA_split/QF_NIA_2_23//20170427-VeryMax/ITS/From_T2__ex36.t2__p30523_safety_0.smt2 : 1616 ms.
--------------------------------------------------
unknown
../QF_NIA_split/QF_NIA_2_23//20170427-VeryMax/ITS/From_T2__ex36.t2__p30525_safety_0.smt2 : 9143 ms.
--------------------------------------------------
sat
../QF_NIA_split/QF_NIA_2_23//20170427-VeryMax/ITS/From_T2__ex36.t2__p30529_safety_0.smt2 : 1069 ms.
--------------------------------------------------
sat
../QF_NIA_split/QF_NIA_2_23//20170427-VeryMax/ITS/From_T2__ex36.t2__p30533_safety_0.smt2 : 685 ms.
--------------------------------------------------
sat
../QF_NIA_split/QF_NIA_2_23//20170427-VeryMax/ITS/From_T2__ex36.t2__p30570_safety_0.smt2 : 838 ms.
--------------------------------------------------
unknown
../QF_NIA_split/QF_NIA_2_23//20170427-VeryMax/ITS/From_T2__ex36.t2__p30571_safety_0.smt2 : 9439 ms.
--------------------------------------------------
sat
../QF_NIA_split/QF_NIA_2_23//20170427-VeryMax/ITS/From_T2__ex36.t2__p30575_safety_0.smt2 : 365 ms.
--------------------------------------------------
unknown
../QF_NIA_split/QF_NIA_2_23//20170427-VeryMax/ITS/From_T2__ex36.t2__p30602_safety_0.smt2 : 1263 ms.
--------------------------------------------------
cvc5 interrupted by timeout.
./run.sh: line 4: 250791 Aborted                 (core dumped) $cvc5 -L smt2.6 --tlimit=$time_t --no-incremental --no-type-checking --no-interactive $1
../QF_NIA_split/QF_NIA_2_23//20170427-VeryMax/ITS/From_T2__ex36.t2__p30603_safety_0.smt2 : 300059 ms.
--------------------------------------------------
sat
../QF_NIA_split/QF_NIA_2_23//20170427-VeryMax/ITS/From_T2__ex36.t2__p30605_safety_0.smt2 : 1324 ms.
--------------------------------------------------
unknown
../QF_NIA_split/QF_NIA_2_23//20170427-VeryMax/ITS/From_T2__ex36.t2__p30618_safety_0.smt2 : 2051 ms.
--------------------------------------------------
unknown
../QF_NIA_split/QF_NIA_2_23//20170427-VeryMax/ITS/From_T2__ex36.t2__p30619_safety_0.smt2 : 1428 ms.
--------------------------------------------------
unknown
../QF_NIA_split/QF_NIA_2_23//20170427-VeryMax/ITS/From_T2__ex36.t2__p30627_safety_0.smt2 : 2792 ms.
--------------------------------------------------
sat
../QF_NIA_split/QF_NIA_2_23//20170427-VeryMax/ITS/From_T2__ex36.t2__p30645_safety_0.smt2 : 6826 ms.
--------------------------------------------------
unknown
../QF_NIA_split/QF_NIA_2_23//20170427-VeryMax/ITS/From_T2__ex36.t2__p30669_safety_0.smt2 : 2222 ms.
--------------------------------------------------
sat
../QF_NIA_split/QF_NIA_2_23//20170427-VeryMax/ITS/From_T2__ex36.t2__p30688_safety_0.smt2 : 589 ms.
--------------------------------------------------
unknown
../QF_NIA_split/QF_NIA_2_23//20170427-VeryMax/ITS/From_T2__ex36.t2__p30699_safety_0.smt2 : 2353 ms.
--------------------------------------------------
unknown
../QF_NIA_split/QF_NIA_2_23//20170427-VeryMax/ITS/From_T2__ex36.t2__p30719_safety_0.smt2 : 1579 ms.
--------------------------------------------------
sat
../QF_NIA_split/QF_NIA_2_23//20170427-VeryMax/ITS/From_T2__ex36.t2__p30720_safety_0.smt2 : 725 ms.
--------------------------------------------------
unknown
../QF_NIA_split/QF_NIA_2_23//20170427-VeryMax/ITS/From_T2__ex36.t2__p30729_safety_0.smt2 : 10491 ms.
--------------------------------------------------
unknown
../QF_NIA_split/QF_NIA_2_23//20170427-VeryMax/ITS/From_T2__ex36.t2__p30731_safety_0.smt2 : 2129 ms.
--------------------------------------------------
unknown
../QF_NIA_split/QF_NIA_2_23//20170427-VeryMax/ITS/From_T2__ex36.t2__p30733_safety_0.smt2 : 4186 ms.
--------------------------------------------------
unknown
../QF_NIA_split/QF_NIA_2_23//20170427-VeryMax/ITS/From_T2__ex36.t2__p30737_safety_0.smt2 : 1230 ms.
--------------------------------------------------
unknown
../QF_NIA_split/QF_NIA_2_23//20170427-VeryMax/ITS/From_T2__ex36.t2__p30741_safety_0.smt2 : 710 ms.
--------------------------------------------------
unknown
../QF_NIA_split/QF_NIA_2_23//20170427-VeryMax/ITS/From_T2__ex36.t2__p30759_safety_0.smt2 : 3947 ms.
--------------------------------------------------
unknown
../QF_NIA_split/QF_NIA_2_23//20170427-VeryMax/ITS/From_T2__ex36.t2__p30764_safety_0.smt2 : 163 ms.
--------------------------------------------------
unknown
../QF_NIA_split/QF_NIA_2_23//20170427-VeryMax/ITS/From_T2__ex36.t2__p30765_safety_0.smt2 : 472 ms.
--------------------------------------------------
unknown
../QF_NIA_split/QF_NIA_2_23//20170427-VeryMax/ITS/From_T2__ex36.t2__p30773_safety_0.smt2 : 15142 ms.
--------------------------------------------------
sat
../QF_NIA_split/QF_NIA_2_23//20170427-VeryMax/ITS/From_T2__ex36.t2__p30785_safety_0.smt2 : 441 ms.
--------------------------------------------------
sat
../QF_NIA_split/QF_NIA_2_23//20170427-VeryMax/ITS/From_T2__ex36.t2__p30825_safety_0.smt2 : 187 ms.
--------------------------------------------------
unknown
../QF_NIA_split/QF_NIA_2_23//20170427-VeryMax/ITS/From_T2__ex36.t2__p30833_safety_0.smt2 : 2540 ms.
--------------------------------------------------
sat
../QF_NIA_split/QF_NIA_2_23//20170427-VeryMax/ITS/From_T2__ex36.t2__p30839_safety_0.smt2 : 1650 ms.
--------------------------------------------------
sat
../QF_NIA_split/QF_NIA_2_23//20170427-VeryMax/ITS/From_T2__ex36.t2__p30843_safety_0.smt2 : 1398 ms.
--------------------------------------------------
sat
../QF_NIA_split/QF_NIA_2_23//20170427-VeryMax/ITS/From_T2__ex36.t2__p30847_safety_0.smt2 : 492 ms.
--------------------------------------------------
unknown
../QF_NIA_split/QF_NIA_2_23//20170427-VeryMax/ITS/From_T2__ex36.t2__p30852_safety_0.smt2 : 1425 ms.
--------------------------------------------------
sat
../QF_NIA_split/QF_NIA_2_23//20170427-VeryMax/ITS/From_T2__ex36.t2__p30853_safety_0.smt2 : 2432 ms.
--------------------------------------------------
sat
../QF_NIA_split/QF_NIA_2_23//20170427-VeryMax/ITS/From_T2__ex36.t2__p30855_safety_0.smt2 : 644 ms.
--------------------------------------------------
sat
../QF_NIA_split/QF_NIA_2_23//20170427-VeryMax/ITS/From_T2__ex36.t2__p30861_safety_0.smt2 : 382 ms.
--------------------------------------------------
unknown
../QF_NIA_split/QF_NIA_2_23//20170427-VeryMax/ITS/From_T2__ex36.t2__p30871_safety_0.smt2 : 933 ms.
--------------------------------------------------
unknown
../QF_NIA_split/QF_NIA_2_23//20170427-VeryMax/ITS/From_T2__ex36.t2__p30875_safety_0.smt2 : 1034 ms.
--------------------------------------------------
sat
../QF_NIA_split/QF_NIA_2_23//20170427-VeryMax/ITS/From_T2__ex36.t2__p30885_safety_0.smt2 : 364 ms.
--------------------------------------------------
unknown
../QF_NIA_split/QF_NIA_2_23//20170427-VeryMax/ITS/From_T2__ex36.t2__p30887_safety_0.smt2 : 1271 ms.
--------------------------------------------------
sat
../QF_NIA_split/QF_NIA_2_23//20170427-VeryMax/ITS/From_T2__ex36.t2__p30889_safety_0.smt2 : 602 ms.
--------------------------------------------------
sat
../QF_NIA_split/QF_NIA_2_23//20170427-VeryMax/ITS/From_T2__ex36.t2__p30905_safety_0.smt2 : 305 ms.
--------------------------------------------------
sat
../QF_NIA_split/QF_NIA_2_23//20170427-VeryMax/ITS/From_T2__ex36.t2__p30909_safety_0.smt2 : 2608 ms.
--------------------------------------------------
unknown
../QF_NIA_split/QF_NIA_2_23//20170427-VeryMax/ITS/From_T2__ex36.t2__p30917_safety_0.smt2 : 1512 ms.
--------------------------------------------------
sat
../QF_NIA_split/QF_NIA_2_23//20170427-VeryMax/ITS/From_T2__ex36.t2__p30927_safety_0.smt2 : 368 ms.
--------------------------------------------------
sat
../QF_NIA_split/QF_NIA_2_23//20170427-VeryMax/ITS/From_T2__ex36.t2__p30951_safety_0.smt2 : 4372 ms.
--------------------------------------------------
unknown
../QF_NIA_split/QF_NIA_2_23//20170427-VeryMax/ITS/From_T2__ex36.t2__p30959_safety_0.smt2 : 12023 ms.
--------------------------------------------------
sat
../QF_NIA_split/QF_NIA_2_23//20170427-VeryMax/ITS/From_T2__ex36.t2__p30963_safety_0.smt2 : 1957 ms.
--------------------------------------------------
sat
../QF_NIA_split/QF_NIA_2_23//20170427-VeryMax/ITS/From_T2__ex36.t2__p30973_safety_0.smt2 : 4895 ms.
--------------------------------------------------
sat
../QF_NIA_split/QF_NIA_2_23//20170427-VeryMax/ITS/From_T2__ex36.t2__p30979_safety_0.smt2 : 1233 ms.
--------------------------------------------------
unknown
../QF_NIA_split/QF_NIA_2_23//20170427-VeryMax/ITS/From_T2__ex36.t2__p30982_safety_0.smt2 : 1121 ms.
--------------------------------------------------
sat
../QF_NIA_split/QF_NIA_2_23//20170427-VeryMax/ITS/From_T2__ex36.t2__p31053_safety_0.smt2 : 1095 ms.
--------------------------------------------------
sat
../QF_NIA_split/QF_NIA_2_23//20170427-VeryMax/ITS/From_T2__ex36.t2__p31057_safety_0.smt2 : 1815 ms.
--------------------------------------------------
sat
../QF_NIA_split/QF_NIA_2_23//20170427-VeryMax/ITS/From_T2__ex36.t2__p31071_safety_0.smt2 : 1302 ms.
--------------------------------------------------
unknown
../QF_NIA_split/QF_NIA_2_23//20170427-VeryMax/ITS/From_T2__ex36.t2__p31090_safety_0.smt2 : 386 ms.
--------------------------------------------------
unknown
../QF_NIA_split/QF_NIA_2_23//20170427-VeryMax/ITS/From_T2__ex36.t2__p31091_safety_0.smt2 : 2369 ms.
--------------------------------------------------
unknown
../QF_NIA_split/QF_NIA_2_23//20170427-VeryMax/ITS/From_T2__ex36.t2__p31135_safety_0.smt2 : 594 ms.
--------------------------------------------------
unknown
../QF_NIA_split/QF_NIA_2_23//20170427-VeryMax/ITS/From_T2__ex36.t2__p31137_safety_0.smt2 : 1322 ms.
--------------------------------------------------
sat
../QF_NIA_split/QF_NIA_2_23//20170427-VeryMax/ITS/From_T2__ex36.t2__p31139_safety_0.smt2 : 417 ms.
--------------------------------------------------
unknown
../QF_NIA_split/QF_NIA_2_23//20170427-VeryMax/ITS/From_T2__ex36.t2__p31141_safety_0.smt2 : 1180 ms.
--------------------------------------------------
unknown
../QF_NIA_split/QF_NIA_2_23//20170427-VeryMax/ITS/From_T2__ex36.t2__p31149_safety_0.smt2 : 882 ms.
--------------------------------------------------
unknown
../QF_NIA_split/QF_NIA_2_23//20170427-VeryMax/ITS/From_T2__ex36.t2__p31188_safety_0.smt2 : 335 ms.
--------------------------------------------------
unknown
../QF_NIA_split/QF_NIA_2_23//20170427-VeryMax/ITS/From_T2__ex36.t2__p31189_safety_0.smt2 : 1216 ms.
--------------------------------------------------
sat
../QF_NIA_split/QF_NIA_2_23//20170427-VeryMax/ITS/From_T2__ex36.t2__p31203_safety_0.smt2 : 453 ms.
--------------------------------------------------
unknown
../QF_NIA_split/QF_NIA_2_23//20170427-VeryMax/ITS/From_T2__ex36.t2__p31204_safety_0.smt2 : 1112 ms.
--------------------------------------------------
sat
../QF_NIA_split/QF_NIA_2_23//20170427-VeryMax/ITS/From_T2__ex36.t2__p31213_safety_0.smt2 : 346 ms.
--------------------------------------------------
unknown
../QF_NIA_split/QF_NIA_2_23//20170427-VeryMax/ITS/From_T2__ex36.t2__p31220_safety_0.smt2 : 248 ms.
--------------------------------------------------
unknown
../QF_NIA_split/QF_NIA_2_23//20170427-VeryMax/ITS/From_T2__ex36.t2__p31223_safety_0.smt2 : 6160 ms.
--------------------------------------------------
sat
../QF_NIA_split/QF_NIA_2_23//20170427-VeryMax/ITS/From_T2__ex36.t2__p31231_safety_0.smt2 : 292 ms.
--------------------------------------------------
unknown
../QF_NIA_split/QF_NIA_2_23//20170427-VeryMax/ITS/From_T2__ex36.t2__p31254_safety_0.smt2 : 422 ms.
--------------------------------------------------
unknown
../QF_NIA_split/QF_NIA_2_23//20170427-VeryMax/ITS/From_T2__ex36.t2__p31255_safety_0.smt2 : 1303 ms.
--------------------------------------------------
unknown
../QF_NIA_split/QF_NIA_2_23//20170427-VeryMax/ITS/From_T2__ex36.t2__p31281_safety_0.smt2 : 1534 ms.
--------------------------------------------------
unknown
../QF_NIA_split/QF_NIA_2_23//20170427-VeryMax/ITS/From_T2__ex36.t2__p31283_safety_0.smt2 : 135559 ms.
--------------------------------------------------
sat
../QF_NIA_split/QF_NIA_2_23//20170427-VeryMax/ITS/From_T2__ex36.t2__p31307_safety_0.smt2 : 4328 ms.
--------------------------------------------------
sat
../QF_NIA_split/QF_NIA_2_23//20170427-VeryMax/ITS/From_T2__ex36.t2__p31323_safety_0.smt2 : 414 ms.
--------------------------------------------------
unknown
../QF_NIA_split/QF_NIA_2_23//20170427-VeryMax/ITS/From_T2__ex36.t2__p31325_safety_0.smt2 : 1195 ms.
--------------------------------------------------
unknown
../QF_NIA_split/QF_NIA_2_23//20170427-VeryMax/ITS/From_T2__ex36.t2__p31332_safety_0.smt2 : 1424 ms.
--------------------------------------------------
unknown
../QF_NIA_split/QF_NIA_2_23//20170427-VeryMax/ITS/From_T2__ex36.t2__p31333_safety_0.smt2 : 1220 ms.
--------------------------------------------------
unknown
../QF_NIA_split/QF_NIA_2_23//20170427-VeryMax/ITS/From_T2__ex36.t2__p31335_safety_0.smt2 : 1268 ms.
--------------------------------------------------
unknown
../QF_NIA_split/QF_NIA_2_23//20170427-VeryMax/ITS/From_T2__ex36.t2__p31351_safety_0.smt2 : 2860 ms.
--------------------------------------------------
cvc5 interrupted by timeout.
./run.sh: line 4: 256884 Aborted                 (core dumped) $cvc5 -L smt2.6 --tlimit=$time_t --no-incremental --no-type-checking --no-interactive $1
../QF_NIA_split/QF_NIA_2_23//20170427-VeryMax/ITS/From_T2__ex36.t2__p31368_safety_0.smt2 : 300077 ms.
--------------------------------------------------
unknown
../QF_NIA_split/QF_NIA_2_23//20170427-VeryMax/ITS/From_T2__ex36.t2__p31372_safety_0.smt2 : 647 ms.
--------------------------------------------------
unknown
../QF_NIA_split/QF_NIA_2_23//20170427-VeryMax/ITS/From_T2__ex36.t2__p31375_safety_0.smt2 : 9324 ms.
--------------------------------------------------
sat
../QF_NIA_split/QF_NIA_2_23//20170427-VeryMax/ITS/From_T2__ex36.t2__p31377_safety_0.smt2 : 537 ms.
--------------------------------------------------
unknown
../QF_NIA_split/QF_NIA_2_23//20170427-VeryMax/ITS/From_T2__ex36.t2__p31381_safety_0.smt2 : 1746 ms.
--------------------------------------------------
unknown
../QF_NIA_split/QF_NIA_2_23//20170427-VeryMax/ITS/From_T2__ex36.t2__p31385_safety_0.smt2 : 708 ms.
--------------------------------------------------
sat
../QF_NIA_split/QF_NIA_2_23//20170427-VeryMax/ITS/From_T2__ex36.t2__p31387_safety_0.smt2 : 6639 ms.
--------------------------------------------------
sat
../QF_NIA_split/QF_NIA_2_23//20170427-VeryMax/ITS/From_T2__ex36.t2__p31391_safety_0.smt2 : 297 ms.
--------------------------------------------------
sat
../QF_NIA_split/QF_NIA_2_23//20170427-VeryMax/ITS/From_T2__ex36.t2__p31394_safety_0.smt2 : 192 ms.
--------------------------------------------------
unknown
../QF_NIA_split/QF_NIA_2_23//20170427-VeryMax/ITS/From_T2__ex36.t2__p31395_safety_0.smt2 : 5134 ms.
--------------------------------------------------
sat
../QF_NIA_split/QF_NIA_2_23//20170427-VeryMax/ITS/From_T2__ex36.t2__p31397_safety_0.smt2 : 1581 ms.
--------------------------------------------------
sat
../QF_NIA_split/QF_NIA_2_23//20170427-VeryMax/ITS/From_T2__ex36.t2__p31410_safety_0.smt2 : 512 ms.
--------------------------------------------------
sat
../QF_NIA_split/QF_NIA_2_23//20170427-VeryMax/ITS/From_T2__ex36.t2__p31417_safety_0.smt2 : 2655 ms.
--------------------------------------------------
sat
../QF_NIA_split/QF_NIA_2_23//20170427-VeryMax/ITS/From_T2__ex36.t2__p31420_safety_0.smt2 : 794 ms.
--------------------------------------------------
unknown
../QF_NIA_split/QF_NIA_2_23//20170427-VeryMax/ITS/From_T2__ex36.t2__p31426_safety_0.smt2 : 470 ms.
--------------------------------------------------
unknown
../QF_NIA_split/QF_NIA_2_23//20170427-VeryMax/ITS/From_T2__ex36.t2__p31427_safety_0.smt2 : 763 ms.
--------------------------------------------------
sat
../QF_NIA_split/QF_NIA_2_23//20170427-VeryMax/ITS/From_T2__ex36.t2__p31428_safety_0.smt2 : 200 ms.
--------------------------------------------------
unknown
../QF_NIA_split/QF_NIA_2_23//20170427-VeryMax/ITS/From_T2__ex36.t2__p31431_safety_0.smt2 : 934 ms.
--------------------------------------------------
sat
../QF_NIA_split/QF_NIA_2_23//20170427-VeryMax/ITS/From_T2__ex36.t2__p31445_safety_0.smt2 : 320 ms.
--------------------------------------------------
sat
../QF_NIA_split/QF_NIA_2_23//20170427-VeryMax/ITS/From_T2__ex36.t2__p31456_safety_0.smt2 : 6193 ms.
--------------------------------------------------
sat
../QF_NIA_split/QF_NIA_2_23//20170427-VeryMax/ITS/From_T2__ex36.t2__p31461_safety_0.smt2 : 1194 ms.
--------------------------------------------------
sat
../QF_NIA_split/QF_NIA_2_23//20170427-VeryMax/ITS/From_T2__ex36.t2__p31474_safety_0.smt2 : 534 ms.
--------------------------------------------------
sat
../QF_NIA_split/QF_NIA_2_23//20170427-VeryMax/ITS/From_T2__ex36.t2__p31483_safety_0.smt2 : 1598 ms.
--------------------------------------------------
unknown
../QF_NIA_split/QF_NIA_2_23//20170427-VeryMax/ITS/From_T2__ex36.t2__p31491_safety_0.smt2 : 3042 ms.
--------------------------------------------------
sat
../QF_NIA_split/QF_NIA_2_23//20170427-VeryMax/ITS/From_T2__ex36.t2__p31503_safety_0.smt2 : 601 ms.
--------------------------------------------------
sat
../QF_NIA_split/QF_NIA_2_23//20170427-VeryMax/ITS/From_T2__ex36.t2__p31505_safety_0.smt2 : 1336 ms.
--------------------------------------------------
cvc5 interrupted by timeout.
./run.sh: line 4: 260156 Aborted                 (core dumped) $cvc5 -L smt2.6 --tlimit=$time_t --no-incremental --no-type-checking --no-interactive $1
../QF_NIA_split/QF_NIA_2_23//20170427-VeryMax/ITS/From_T2__ex36.t2__p31509_safety_0.smt2 : 300051 ms.
--------------------------------------------------
sat
../QF_NIA_split/QF_NIA_2_23//20170427-VeryMax/ITS/From_T2__ex36.t2__p31511_safety_0.smt2 : 586 ms.
--------------------------------------------------
sat
../QF_NIA_split/QF_NIA_2_23//20170427-VeryMax/ITS/From_T2__ex36.t2__p31516_safety_0.smt2 : 762 ms.
--------------------------------------------------
sat
../QF_NIA_split/QF_NIA_2_23//20170427-VeryMax/ITS/From_T2__ex36.t2__p31526_safety_0.smt2 : 509 ms.
--------------------------------------------------
unknown
../QF_NIA_split/QF_NIA_2_23//20170427-VeryMax/ITS/From_T2__ex36.t2__p31529_safety_0.smt2 : 14344 ms.
--------------------------------------------------
sat
../QF_NIA_split/QF_NIA_2_23//20170427-VeryMax/ITS/From_T2__ex36.t2__p31533_safety_0.smt2 : 293 ms.
--------------------------------------------------
cvc5 interrupted by timeout.
./run.sh: line 4: 263421 Aborted                 (core dumped) $cvc5 -L smt2.6 --tlimit=$time_t --no-incremental --no-type-checking --no-interactive $1
../QF_NIA_split/QF_NIA_2_23//20170427-VeryMax/ITS/From_T2__ex36.t2__p31535_safety_0.smt2 : 300055 ms.
--------------------------------------------------
unknown
../QF_NIA_split/QF_NIA_2_23//20170427-VeryMax/ITS/From_T2__ex36.t2__p31537_safety_0.smt2 : 10071 ms.
--------------------------------------------------
unknown
../QF_NIA_split/QF_NIA_2_23//20170427-VeryMax/ITS/From_T2__ex36.t2__p31539_safety_0.smt2 : 7381 ms.
--------------------------------------------------
sat
../QF_NIA_split/QF_NIA_2_23//20170427-VeryMax/ITS/From_T2__ex36.t2__p31551_safety_0.smt2 : 408 ms.
--------------------------------------------------
sat
../QF_NIA_split/QF_NIA_2_23//20170427-VeryMax/ITS/From_T2__ex36.t2__p31561_safety_0.smt2 : 588 ms.
--------------------------------------------------
sat
../QF_NIA_split/QF_NIA_2_23//20170427-VeryMax/ITS/From_T2__ex36.t2__p31563_safety_0.smt2 : 1700 ms.
--------------------------------------------------
unknown
../QF_NIA_split/QF_NIA_2_23//20170427-VeryMax/ITS/From_T2__ex36.t2__p31569_safety_0.smt2 : 3363 ms.
--------------------------------------------------
unknown
../QF_NIA_split/QF_NIA_2_23//20170427-VeryMax/ITS/From_T2__ex36.t2__p31579_safety_0.smt2 : 881 ms.
--------------------------------------------------
unknown
../QF_NIA_split/QF_NIA_2_23//20170427-VeryMax/ITS/From_T2__ex36.t2__p31590_safety_0.smt2 : 522 ms.
--------------------------------------------------
unknown
../QF_NIA_split/QF_NIA_2_23//20170427-VeryMax/ITS/From_T2__ex36.t2__p31591_safety_0.smt2 : 4115 ms.
--------------------------------------------------
unknown
../QF_NIA_split/QF_NIA_2_23//20170427-VeryMax/ITS/From_T2__ex36.t2__p31596_safety_0.smt2 : 554 ms.
--------------------------------------------------
unknown
../QF_NIA_split/QF_NIA_2_23//20170427-VeryMax/ITS/From_T2__ex36.t2__p31597_safety_0.smt2 : 634 ms.
--------------------------------------------------
unknown
../QF_NIA_split/QF_NIA_2_23//20170427-VeryMax/ITS/From_T2__ex36.t2__p31598_safety_0.smt2 : 3233 ms.
--------------------------------------------------
unknown
../QF_NIA_split/QF_NIA_2_23//20170427-VeryMax/ITS/From_T2__ex36.t2__p31599_safety_0.smt2 : 5682 ms.
--------------------------------------------------
sat
../QF_NIA_split/QF_NIA_2_23//20170427-VeryMax/ITS/From_T2__ex36.t2__p31601_safety_0.smt2 : 372 ms.
--------------------------------------------------
unknown
../QF_NIA_split/QF_NIA_2_23//20170427-VeryMax/ITS/From_T2__ex36.t2__p31611_safety_0.smt2 : 19589 ms.
--------------------------------------------------
unknown
../QF_NIA_split/QF_NIA_2_23//20170427-VeryMax/ITS/From_T2__ex36.t2__p31623_safety_0.smt2 : 901 ms.
--------------------------------------------------
unknown
../QF_NIA_split/QF_NIA_2_23//20170427-VeryMax/ITS/From_T2__ex36.t2__p31644_safety_0.smt2 : 813 ms.
--------------------------------------------------
unknown
../QF_NIA_split/QF_NIA_2_23//20170427-VeryMax/ITS/From_T2__ex36.t2__p31646_safety_0.smt2 : 11866 ms.
--------------------------------------------------
unknown
../QF_NIA_split/QF_NIA_2_23//20170427-VeryMax/ITS/From_T2__ex36.t2__p31648_safety_0.smt2 : 301 ms.
--------------------------------------------------
unknown
../QF_NIA_split/QF_NIA_2_23//20170427-VeryMax/ITS/From_T2__ex36.t2__p31649_safety_0.smt2 : 3834 ms.
--------------------------------------------------
unknown
../QF_NIA_split/QF_NIA_2_23//20170427-VeryMax/ITS/From_T2__ex36.t2__p31653_safety_0.smt2 : 7125 ms.
--------------------------------------------------
sat
../QF_NIA_split/QF_NIA_2_23//20170427-VeryMax/ITS/From_T2__ex36.t2__p31659_safety_0.smt2 : 2088 ms.
--------------------------------------------------
unknown
../QF_NIA_split/QF_NIA_2_23//20170427-VeryMax/ITS/From_T2__ex36.t2__p31667_safety_0.smt2 : 2503 ms.
--------------------------------------------------
unknown
../QF_NIA_split/QF_NIA_2_23//20170427-VeryMax/ITS/From_T2__ex36.t2__p31669_safety_0.smt2 : 17612 ms.
--------------------------------------------------
unknown
../QF_NIA_split/QF_NIA_2_23//20170427-VeryMax/ITS/From_T2__ex36.t2__p31685_safety_0.smt2 : 7940 ms.
--------------------------------------------------
unknown
../QF_NIA_split/QF_NIA_2_23//20170427-VeryMax/ITS/From_T2__ex36.t2__p31696_safety_0.smt2 : 1313 ms.
--------------------------------------------------
unknown
../QF_NIA_split/QF_NIA_2_23//20170427-VeryMax/ITS/From_T2__ex36.t2__p31698_safety_0.smt2 : 2813 ms.
--------------------------------------------------
unknown
../QF_NIA_split/QF_NIA_2_23//20170427-VeryMax/ITS/From_T2__ex36.t2__p31700_safety_0.smt2 : 524 ms.
--------------------------------------------------
unknown
../QF_NIA_split/QF_NIA_2_23//20170427-VeryMax/ITS/From_T2__ex36.t2__p31701_safety_0.smt2 : 1846 ms.
--------------------------------------------------
sat
../QF_NIA_split/QF_NIA_2_23//20170427-VeryMax/ITS/From_T2__ex36.t2__p31717_safety_0.smt2 : 657 ms.
--------------------------------------------------
unknown
../QF_NIA_split/QF_NIA_2_23//20170427-VeryMax/ITS/From_T2__ex36.t2__p31718_safety_0.smt2 : 1058 ms.
--------------------------------------------------
unknown
../QF_NIA_split/QF_NIA_2_23//20170427-VeryMax/ITS/From_T2__ex36.t2__p31719_safety_0.smt2 : 5657 ms.
--------------------------------------------------
sat
../QF_NIA_split/QF_NIA_2_23//20170427-VeryMax/ITS/From_T2__ex36.t2__p31721_safety_0.smt2 : 1508 ms.
--------------------------------------------------
sat
../QF_NIA_split/QF_NIA_2_23//20170427-VeryMax/ITS/From_T2__ex36.t2__p31725_safety_0.smt2 : 789 ms.
--------------------------------------------------
unknown
../QF_NIA_split/QF_NIA_2_23//20170427-VeryMax/ITS/From_T2__ex36.t2__p31733_safety_0.smt2 : 525 ms.
--------------------------------------------------
unknown
../QF_NIA_split/QF_NIA_2_23//20170427-VeryMax/ITS/From_T2__ex36.t2__p31735_safety_0.smt2 : 1153 ms.
--------------------------------------------------
sat
../QF_NIA_split/QF_NIA_2_23//20170427-VeryMax/ITS/From_T2__ex36.t2__p31743_safety_0.smt2 : 459 ms.
--------------------------------------------------
sat
../QF_NIA_split/QF_NIA_2_23//20170427-VeryMax/ITS/From_T2__ex36.t2__p31751_safety_0.smt2 : 1020 ms.
--------------------------------------------------
sat
../QF_NIA_split/QF_NIA_2_23//20170427-VeryMax/ITS/From_T2__ex36.t2__p31767_safety_0.smt2 : 445 ms.
--------------------------------------------------
unknown
../QF_NIA_split/QF_NIA_2_23//20170427-VeryMax/ITS/From_T2__ex36.t2__p31769_safety_0.smt2 : 3442 ms.
--------------------------------------------------
unknown
../QF_NIA_split/QF_NIA_2_23//20170427-VeryMax/ITS/From_T2__ex36.t2__p31784_safety_0.smt2 : 284 ms.
--------------------------------------------------
unknown
../QF_NIA_split/QF_NIA_2_23//20170427-VeryMax/ITS/From_T2__ex36.t2__p31786_safety_0.smt2 : 711 ms.
--------------------------------------------------
unknown
../QF_NIA_split/QF_NIA_2_23//20170427-VeryMax/ITS/From_T2__ex36.t2__p31787_safety_0.smt2 : 918 ms.
--------------------------------------------------
sat
../QF_NIA_split/QF_NIA_2_23//20170427-VeryMax/ITS/From_T2__ex36.t2__p31805_safety_0.smt2 : 1538 ms.
--------------------------------------------------
cvc5 interrupted by timeout.
./run.sh: line 4: 267640 Aborted                 (core dumped) $cvc5 -L smt2.6 --tlimit=$time_t --no-incremental --no-type-checking --no-interactive $1
../QF_NIA_split/QF_NIA_2_23//20170427-VeryMax/ITS/From_T2__ex36.t2__p31809_safety_0.smt2 : 300074 ms.
--------------------------------------------------
sat
../QF_NIA_split/QF_NIA_2_23//20170427-VeryMax/ITS/From_T2__ex36.t2__p31815_safety_0.smt2 : 440 ms.
--------------------------------------------------
sat
../QF_NIA_split/QF_NIA_2_23//20170427-VeryMax/ITS/From_T2__ex36.t2__p31818_safety_0.smt2 : 2369 ms.
--------------------------------------------------
sat
../QF_NIA_split/QF_NIA_2_23//20170427-VeryMax/ITS/From_T2__ex36.t2__p31821_safety_0.smt2 : 1923 ms.
--------------------------------------------------
unknown
../QF_NIA_split/QF_NIA_2_23//20170427-VeryMax/ITS/From_T2__ex36.t2__p31823_safety_0.smt2 : 739 ms.
--------------------------------------------------
sat
../QF_NIA_split/QF_NIA_2_23//20170427-VeryMax/ITS/From_T2__ex36.t2__p31824_safety_0.smt2 : 1630 ms.
--------------------------------------------------
unknown
../QF_NIA_split/QF_NIA_2_23//20170427-VeryMax/ITS/From_T2__ex36.t2__p31825_safety_0.smt2 : 2544 ms.
--------------------------------------------------
unknown
../QF_NIA_split/QF_NIA_2_23//20170427-VeryMax/ITS/From_T2__ex36.t2__p31837_safety_0.smt2 : 1669 ms.
--------------------------------------------------
sat
../QF_NIA_split/QF_NIA_2_23//20170427-VeryMax/ITS/From_T2__ex36.t2__p31839_safety_0.smt2 : 2946 ms.
--------------------------------------------------
unknown
../QF_NIA_split/QF_NIA_2_23//20170427-VeryMax/ITS/From_T2__ex36.t2__p31841_safety_0.smt2 : 2860 ms.
--------------------------------------------------
unknown
../QF_NIA_split/QF_NIA_2_23//20170427-VeryMax/ITS/From_T2__ex36.t2__p31843_safety_0.smt2 : 1280 ms.
--------------------------------------------------
unknown
../QF_NIA_split/QF_NIA_2_23//20170427-VeryMax/ITS/From_T2__ex36.t2__p31845_safety_0.smt2 : 1811 ms.
--------------------------------------------------
unknown
../QF_NIA_split/QF_NIA_2_23//20170427-VeryMax/ITS/From_T2__ex36.t2__p31852_safety_0.smt2 : 292 ms.
--------------------------------------------------
unknown
../QF_NIA_split/QF_NIA_2_23//20170427-VeryMax/ITS/From_T2__ex36.t2__p31853_safety_0.smt2 : 3125 ms.
--------------------------------------------------
sat
../QF_NIA_split/QF_NIA_2_23//20170427-VeryMax/ITS/From_T2__ex36.t2__p31863_safety_0.smt2 : 4674 ms.
--------------------------------------------------
sat
../QF_NIA_split/QF_NIA_2_23//20170427-VeryMax/ITS/From_T2__ex36.t2__p31869_safety_0.smt2 : 3956 ms.
--------------------------------------------------
unknown
../QF_NIA_split/QF_NIA_2_23//20170427-VeryMax/ITS/From_T2__ex36.t2__p31877_safety_0.smt2 : 808 ms.
--------------------------------------------------
sat
../QF_NIA_split/QF_NIA_2_23//20170427-VeryMax/ITS/From_T2__ex36.t2__p31906_safety_0.smt2 : 335 ms.
--------------------------------------------------
sat
../QF_NIA_split/QF_NIA_2_23//20170427-VeryMax/ITS/From_T2__ex36.t2__p31909_safety_0.smt2 : 499 ms.
--------------------------------------------------
unknown
../QF_NIA_split/QF_NIA_2_23//20170427-VeryMax/ITS/From_T2__ex36.t2__p31913_safety_0.smt2 : 527 ms.
--------------------------------------------------
sat
../QF_NIA_split/QF_NIA_2_23//20170427-VeryMax/ITS/From_T2__ex36.t2__p31917_safety_0.smt2 : 225 ms.
--------------------------------------------------
unknown
../QF_NIA_split/QF_NIA_2_23//20170427-VeryMax/ITS/From_T2__ex36.t2__p31925_safety_0.smt2 : 612 ms.
--------------------------------------------------
unknown
../QF_NIA_split/QF_NIA_2_23//20170427-VeryMax/ITS/From_T2__ex36.t2__p31926_safety_0.smt2 : 1776 ms.
--------------------------------------------------
unknown
../QF_NIA_split/QF_NIA_2_23//20170427-VeryMax/ITS/From_T2__ex36.t2__p31927_safety_0.smt2 : 2786 ms.
--------------------------------------------------
cvc5 interrupted by timeout.
./run.sh: line 4: 270734 Aborted                 (core dumped) $cvc5 -L smt2.6 --tlimit=$time_t --no-incremental --no-type-checking --no-interactive $1
../QF_NIA_split/QF_NIA_2_23//20170427-VeryMax/ITS/From_T2__ex36.t2__p31929_safety_0.smt2 : 300065 ms.
--------------------------------------------------
unknown
../QF_NIA_split/QF_NIA_2_23//20170427-VeryMax/ITS/From_T2__ex36.t2__p31932_safety_0.smt2 : 307 ms.
--------------------------------------------------
unknown
../QF_NIA_split/QF_NIA_2_23//20170427-VeryMax/ITS/From_T2__ex36.t2__p31933_safety_0.smt2 : 2572 ms.
--------------------------------------------------
unknown
../QF_NIA_split/QF_NIA_2_23//20170427-VeryMax/ITS/From_T2__ex36.t2__p31939_safety_0.smt2 : 43258 ms.
--------------------------------------------------
unknown
../QF_NIA_split/QF_NIA_2_23//20170427-VeryMax/ITS/From_T2__ex36.t2__p31940_safety_0.smt2 : 683 ms.
--------------------------------------------------
unknown
../QF_NIA_split/QF_NIA_2_23//20170427-VeryMax/ITS/From_T2__ex36.t2__p31941_safety_0.smt2 : 1683 ms.
--------------------------------------------------
unknown
../QF_NIA_split/QF_NIA_2_23//20170427-VeryMax/ITS/From_T2__ex36.t2__p31955_safety_0.smt2 : 79432 ms.
--------------------------------------------------
unknown
../QF_NIA_split/QF_NIA_2_23//20170427-VeryMax/ITS/From_T2__ex36.t2__p31956_safety_0.smt2 : 332 ms.
--------------------------------------------------
unknown
../QF_NIA_split/QF_NIA_2_23//20170427-VeryMax/ITS/From_T2__ex36.t2__p31957_safety_0.smt2 : 2040 ms.
--------------------------------------------------
unknown
../QF_NIA_split/QF_NIA_2_23//20170427-VeryMax/ITS/From_T2__ex36.t2__p31961_safety_0.smt2 : 1454 ms.
--------------------------------------------------
unknown
../QF_NIA_split/QF_NIA_2_23//20170427-VeryMax/ITS/From_T2__ex36.t2__p31963_safety_0.smt2 : 25306 ms.
--------------------------------------------------
unknown
../QF_NIA_split/QF_NIA_2_23//20170427-VeryMax/ITS/From_T2__ex36.t2__p31964_safety_0.smt2 : 284 ms.
--------------------------------------------------
unknown
../QF_NIA_split/QF_NIA_2_23//20170427-VeryMax/ITS/From_T2__ex36.t2__p31965_safety_0.smt2 : 11635 ms.
--------------------------------------------------
unsat
../QF_NIA_split/QF_NIA_2_23//20170427-VeryMax/ITS/From_T2__ex36.t2__p31966_safety_0.smt2 : 247 ms.
--------------------------------------------------
unknown
../QF_NIA_split/QF_NIA_2_23//20170427-VeryMax/ITS/From_T2__ex36.t2__p31967_safety_0.smt2 : 3070 ms.
--------------------------------------------------
cvc5 interrupted by timeout.
./run.sh: line 4: 274971 Aborted                 (core dumped) $cvc5 -L smt2.6 --tlimit=$time_t --no-incremental --no-type-checking --no-interactive $1
../QF_NIA_split/QF_NIA_2_23//20170427-VeryMax/ITS/From_T2__ex36.t2__p31969_safety_0.smt2 : 300102 ms.
--------------------------------------------------
sat
../QF_NIA_split/QF_NIA_2_23//20170427-VeryMax/ITS/From_T2__ex36.t2__p31995_safety_0.smt2 : 330 ms.
--------------------------------------------------
unknown
../QF_NIA_split/QF_NIA_2_23//20170427-VeryMax/ITS/From_T2__ex36.t2__p32000_safety_0.smt2 : 4714 ms.
--------------------------------------------------
unknown
../QF_NIA_split/QF_NIA_2_23//20170427-VeryMax/ITS/From_T2__ex36.t2__p32007_safety_0.smt2 : 2560 ms.
--------------------------------------------------
sat
../QF_NIA_split/QF_NIA_2_23//20170427-VeryMax/ITS/From_T2__ex36.t2__p32014_safety_0.smt2 : 2704 ms.
--------------------------------------------------
unknown
../QF_NIA_split/QF_NIA_2_23//20170427-VeryMax/ITS/From_T2__ex36.t2__p32020_safety_0.smt2 : 1359 ms.
--------------------------------------------------
unknown
../QF_NIA_split/QF_NIA_2_23//20170427-VeryMax/ITS/From_T2__ex36.t2__p32037_safety_0.smt2 : 242 ms.
--------------------------------------------------
unknown
../QF_NIA_split/QF_NIA_2_23//20170427-VeryMax/ITS/From_T2__ex36.t2__p32038_safety_0.smt2 : 912 ms.
--------------------------------------------------
unknown
../QF_NIA_split/QF_NIA_2_23//20170427-VeryMax/ITS/From_T2__ex36.t2__p32047_safety_0.smt2 : 803 ms.
--------------------------------------------------
unknown
../QF_NIA_split/QF_NIA_2_23//20170427-VeryMax/ITS/From_T2__ex36.t2__p32048_safety_0.smt2 : 724 ms.
--------------------------------------------------
unknown
../QF_NIA_split/QF_NIA_2_23//20170427-VeryMax/ITS/From_T2__ex36.t2__p32067_safety_0.smt2 : 2117 ms.
--------------------------------------------------
unknown
../QF_NIA_split/QF_NIA_2_23//20170427-VeryMax/ITS/From_T2__ex36.t2__p32070_safety_0.smt2 : 613 ms.
--------------------------------------------------
unknown
../QF_NIA_split/QF_NIA_2_23//20170427-VeryMax/ITS/From_T2__ex36.t2__p32071_safety_0.smt2 : 5097 ms.
--------------------------------------------------
unknown
../QF_NIA_split/QF_NIA_2_23//20170427-VeryMax/ITS/From_T2__ex36.t2__p32075_safety_0.smt2 : 8740 ms.
--------------------------------------------------
unknown
../QF_NIA_split/QF_NIA_2_23//20170427-VeryMax/ITS/From_T2__ex36.t2__p32081_safety_0.smt2 : 1249 ms.
--------------------------------------------------
unknown
../QF_NIA_split/QF_NIA_2_23//20170427-VeryMax/ITS/From_T2__ex36.t2__p32105_safety_0.smt2 : 10661 ms.
--------------------------------------------------
unknown
../QF_NIA_split/QF_NIA_2_23//20170427-VeryMax/ITS/From_T2__ex36.t2__p32131_safety_0.smt2 : 5593 ms.
--------------------------------------------------
unknown
../QF_NIA_split/QF_NIA_2_23//20170427-VeryMax/ITS/From_T2__ex36.t2__p32147_safety_0.smt2 : 3620 ms.
--------------------------------------------------
sat
../QF_NIA_split/QF_NIA_2_23//20170427-VeryMax/ITS/From_T2__ex36.t2__p32150_safety_0.smt2 : 379 ms.
--------------------------------------------------
sat
../QF_NIA_split/QF_NIA_2_23//20170427-VeryMax/ITS/From_T2__ex36.t2__p32151_safety_0.smt2 : 1888 ms.
--------------------------------------------------
unknown
../QF_NIA_split/QF_NIA_2_23//20170427-VeryMax/ITS/From_T2__ex36.t2__p32162_safety_0.smt2 : 1649 ms.
--------------------------------------------------
sat
../QF_NIA_split/QF_NIA_2_23//20170427-VeryMax/ITS/From_T2__ex36.t2__p32163_safety_0.smt2 : 2576 ms.
--------------------------------------------------
sat
../QF_NIA_split/QF_NIA_2_23//20170427-VeryMax/ITS/From_T2__ex36.t2__p32166_safety_0.smt2 : 1018 ms.
--------------------------------------------------
unsat
../QF_NIA_split/QF_NIA_2_23//20170427-VeryMax/ITS/From_T2__ex40.t2__p32191_terminationG_0.smt2 : 93 ms.
--------------------------------------------------
unsat
../QF_NIA_split/QF_NIA_2_23//20170427-VeryMax/ITS/From_T2__ex40.t2__p32192_terminationG_0.smt2 : 1035 ms.
--------------------------------------------------
unsat
../QF_NIA_split/QF_NIA_2_23//20170427-VeryMax/ITS/From_T2__ex40.t2__p32193_terminationG_0.smt2 : 7421 ms.
--------------------------------------------------
unsat
../QF_NIA_split/QF_NIA_2_23//20170427-VeryMax/ITS/From_T2__ex40.t2__p32196_terminationG_0.smt2 : 130 ms.
--------------------------------------------------
unsat
../QF_NIA_split/QF_NIA_2_23//20170427-VeryMax/ITS/From_T2__ex40.t2__p32197_terminationG_0.smt2 : 1047 ms.
--------------------------------------------------
unsat
../QF_NIA_split/QF_NIA_2_23//20170427-VeryMax/ITS/From_T2__ex40.t2__p32198_terminationG_0.smt2 : 6525 ms.
--------------------------------------------------
sat
../QF_NIA_split/QF_NIA_2_23//20170427-VeryMax/ITS/From_T2__ex40.t2__p32201_edge_closing_0.smt2 : 90 ms.
--------------------------------------------------
unsat
../QF_NIA_split/QF_NIA_2_23//20170427-VeryMax/ITS/From_T2__ex40.t2__terminationQ_1_0.smt2 : 146 ms.
