--------------------------------------------------
Number of variables: 145007
Number of clauses: 1025549
../SAT_split/QF_NIA_2_25//20170427-VeryMax/SAT14/100.smt2 : 11027 ms.
--------------------------------------------------
Number of variables: 147260
Number of clauses: 1042277
../SAT_split/QF_NIA_2_25//20170427-VeryMax/SAT14/101.smt2 : 11025 ms.
--------------------------------------------------
Number of variables: 149485
Number of clauses: 1058853
../SAT_split/QF_NIA_2_25//20170427-VeryMax/SAT14/102.smt2 : 11020 ms.
--------------------------------------------------
Number of variables: 151778
Number of clauses: 1075865
../SAT_split/QF_NIA_2_25//20170427-VeryMax/SAT14/103.smt2 : 11024 ms.
--------------------------------------------------
Number of variables: 154095
Number of clauses: 1093021
../SAT_split/QF_NIA_2_25//20170427-VeryMax/SAT14/104.smt2 : 11034 ms.
--------------------------------------------------
Number of variables: 9078
Number of clauses: 50041
unsat in 2 bits.
Number of variables: 14569
Number of clauses: 75491
unsat in 4 bits.
Number of variables: 20851
Number of clauses: 117302
sat
real sat
../SAT_split/QF_NIA_2_25//20170427-VeryMax/SAT14/105.smt2 : 1113 ms.
--------------------------------------------------
Number of variables: 156332
Number of clauses: 1109741
../SAT_split/QF_NIA_2_25//20170427-VeryMax/SAT14/106.smt2 : 11042 ms.
--------------------------------------------------
Number of variables: 158653
Number of clauses: 1126953
../SAT_split/QF_NIA_2_25//20170427-VeryMax/SAT14/107.smt2 : 11032 ms.
--------------------------------------------------
Number of variables: 160990
Number of clauses: 1144281
../SAT_split/QF_NIA_2_25//20170427-VeryMax/SAT14/108.smt2 : 11034 ms.
--------------------------------------------------
Number of variables: 163555
Number of clauses: 1162821
../SAT_split/QF_NIA_2_25//20170427-VeryMax/SAT14/109.smt2 : 11036 ms.
--------------------------------------------------
Number of variables: 1334
Number of clauses: 5405
sat
real sat
../SAT_split/QF_NIA_2_25//20170427-VeryMax/SAT14/10.smt2 : 22 ms.
--------------------------------------------------
Number of variables: 165986
Number of clauses: 1180737
../SAT_split/QF_NIA_2_25//20170427-VeryMax/SAT14/110.smt2 : 11027 ms.
--------------------------------------------------
Number of variables: 168569
Number of clauses: 1199485
../SAT_split/QF_NIA_2_25//20170427-VeryMax/SAT14/111.smt2 : 11026 ms.
--------------------------------------------------
Number of variables: 9833
Number of clauses: 54797
unsat in 2 bits.
Number of variables: 15588
Number of clauses: 81629
unsat in 4 bits.
Number of variables: 22030
Number of clauses: 124972
sat
real sat
../SAT_split/QF_NIA_2_25//20170427-VeryMax/SAT14/112.smt2 : 962 ms.
--------------------------------------------------
Number of variables: 10306
Number of clauses: 57909
unsat in 2 bits.
Number of variables: 16245
Number of clauses: 85483
unsat in 4 bits.
Number of variables: 22685
Number of clauses: 129070
sat
real sat
../SAT_split/QF_NIA_2_25//20170427-VeryMax/SAT14/113.smt2 : 919 ms.
--------------------------------------------------
Number of variables: 10879
Number of clauses: 61717
unsat in 2 bits.
Number of variables: 17018
Number of clauses: 90161
unsat in 4 bits.
Number of variables: 23488
Number of clauses: 134248
sat
real sat
../SAT_split/QF_NIA_2_25//20170427-VeryMax/SAT14/114.smt2 : 1196 ms.
--------------------------------------------------
Number of variables: 11468
Number of clauses: 65641
unsat in 2 bits.
Number of variables: 17807
Number of clauses: 94955
unsat in 4 bits.
Number of variables: 24307
Number of clauses: 139542
sat
real sat
../SAT_split/QF_NIA_2_25//20170427-VeryMax/SAT14/115.smt2 : 1227 ms.
--------------------------------------------------
Number of variables: 12117
Number of clauses: 69973
unsat in 2 bits.
Number of variables: 18672
Number of clauses: 100285
unsat in 4 bits.
Number of variables: 25234
Number of clauses: 145628
sat
real sat
../SAT_split/QF_NIA_2_25//20170427-VeryMax/SAT14/116.smt2 : 2060 ms.
--------------------------------------------------
Number of variables: 12738
Number of clauses: 74141
unsat in 2 bits.
Number of variables: 19493
Number of clauses: 105323
unsat in 4 bits.
Number of variables: 26085
Number of clauses: 151166
sat
real sat
../SAT_split/QF_NIA_2_25//20170427-VeryMax/SAT14/117.smt2 : 3455 ms.
--------------------------------------------------
Number of variables: 13427
Number of clauses: 78757
unsat in 2 bits.
Number of variables: 20398
Number of clauses: 110937
unsat in 4 bits.
Number of variables: 27052
Number of clauses: 157536
sat
real sat
../SAT_split/QF_NIA_2_25//20170427-VeryMax/SAT14/118.smt2 : 2146 ms.
--------------------------------------------------
Number of variables: 14132
Number of clauses: 83489
unsat in 2 bits.
Number of variables: 21319
Number of clauses: 116667
unsat in 4 bits.
Number of variables: 28035
Number of clauses: 164022
sat
real sat
../SAT_split/QF_NIA_2_25//20170427-VeryMax/SAT14/119.smt2 : 1585 ms.
--------------------------------------------------
Number of variables: 2715
Number of clauses: 11743
sat
real sat
../SAT_split/QF_NIA_2_25//20170427-VeryMax/SAT14/11.smt2 : 40 ms.
--------------------------------------------------
Number of variables: 14897
Number of clauses: 88629
unsat in 2 bits.
Number of variables: 22316
Number of clauses: 122933
unsat in 4 bits.
Number of variables: 29126
Number of clauses: 171300
sat
real sat
../SAT_split/QF_NIA_2_25//20170427-VeryMax/SAT14/120.smt2 : 3928 ms.
--------------------------------------------------
Number of variables: 15582
Number of clauses: 93297
unsat in 2 bits.
Number of variables: 23201
Number of clauses: 128471
unsat in 4 bits.
Number of variables: 30041
Number of clauses: 177338
sat
real sat
../SAT_split/QF_NIA_2_25//20170427-VeryMax/SAT14/121.smt2 : 2436 ms.
--------------------------------------------------
Number of variables: 16343
Number of clauses: 98453
unsat in 2 bits.
Number of variables: 24178
Number of clauses: 134625
unsat in 4 bits.
Number of variables: 31080
Number of clauses: 184248
sat
real sat
../SAT_split/QF_NIA_2_25//20170427-VeryMax/SAT14/122.smt2 : 2104 ms.
--------------------------------------------------
Number of variables: 17120
Number of clauses: 103725
unsat in 2 bits.
Number of variables: 25171
Number of clauses: 140895
unsat in 4 bits.
Number of variables: 32135
Number of clauses: 191274
sat
real sat
../SAT_split/QF_NIA_2_25//20170427-VeryMax/SAT14/123.smt2 : 2753 ms.
--------------------------------------------------
Number of variables: 17957
Number of clauses: 109405
unsat in 2 bits.
Number of variables: 26240
Number of clauses: 147701
unsat in 4 bits.
Number of variables: 33298
Number of clauses: 199092
sat
real sat
../SAT_split/QF_NIA_2_25//20170427-VeryMax/SAT14/124.smt2 : 2702 ms.
--------------------------------------------------
Number of variables: 18766
Number of clauses: 114921
unsat in 2 bits.
Number of variables: 23211
Number of clauses: 140618
unsat in 4 bits.
Number of variables: 34385
Number of clauses: 206362
sat
real sat
../SAT_split/QF_NIA_2_25//20170427-VeryMax/SAT14/125.smt2 : 3778 ms.
--------------------------------------------------
Number of variables: 19643
Number of clauses: 120885
unsat in 2 bits.
Number of variables: 24196
Number of clauses: 147292
unsat in 4 bits.
Number of variables: 35588
Number of clauses: 214464
sat
real sat
../SAT_split/QF_NIA_2_25//20170427-VeryMax/SAT14/126.smt2 : 3300 ms.
--------------------------------------------------
Number of variables: 20536
Number of clauses: 126965
unsat in 2 bits.
Number of variables: 25197
Number of clauses: 154082
unsat in 4 bits.
Number of variables: 36807
Number of clauses: 222682
sat
real sat
../SAT_split/QF_NIA_2_25//20170427-VeryMax/SAT14/127.smt2 : 5253 ms.
--------------------------------------------------
Number of variables: 21489
Number of clauses: 133453
unsat in 2 bits.
Number of variables: 26274
Number of clauses: 161408
unsat in 4 bits.
Number of variables: 38134
Number of clauses: 231692
sat
real sat
../SAT_split/QF_NIA_2_25//20170427-VeryMax/SAT14/128.smt2 : 4323 ms.
--------------------------------------------------
Number of variables: 22302
Number of clauses: 139133
unsat in 2 bits.
Number of variables: 27163
Number of clauses: 167542
unsat in 4 bits.
Number of variables: 39177
Number of clauses: 238742
sat
real sat
../SAT_split/QF_NIA_2_25//20170427-VeryMax/SAT14/129.smt2 : 6352 ms.
--------------------------------------------------
Number of variables: 3328
Number of clauses: 15287
sat
real sat
../SAT_split/QF_NIA_2_25//20170427-VeryMax/SAT14/12.smt2 : 37 ms.
--------------------------------------------------
Number of variables: 23199
Number of clauses: 145341
unsat in 2 bits.
Number of variables: 28152
Number of clauses: 174332
unsat in 4 bits.
Number of variables: 40352
Number of clauses: 246704
sat
real sat
../SAT_split/QF_NIA_2_25//20170427-VeryMax/SAT14/130.smt2 : 4220 ms.
--------------------------------------------------
Number of variables: 24112
Number of clauses: 151665
unsat in 2 bits.
Number of variables: 29157
Number of clauses: 181238
unsat in 4 bits.
Number of variables: 41543
Number of clauses: 254782
sat
real sat
../SAT_split/QF_NIA_2_25//20170427-VeryMax/SAT14/131.smt2 : 6816 ms.
--------------------------------------------------
Number of variables: 25085
Number of clauses: 158397
unsat in 2 bits.
Number of variables: 30238
Number of clauses: 188680
unsat in 4 bits.
Number of variables: 42842
Number of clauses: 263652
sat
real sat
../SAT_split/QF_NIA_2_25//20170427-VeryMax/SAT14/132.smt2 : 6384 ms.
--------------------------------------------------
Number of variables: 26030
Number of clauses: 164965
unsat in 2 bits.
Number of variables: 31275
Number of clauses: 195830
unsat in 4 bits.
Number of variables: 44065
Number of clauses: 271974
sat
real sat
../SAT_split/QF_NIA_2_25//20170427-VeryMax/SAT14/133.smt2 : 8266 ms.
--------------------------------------------------
Number of variables: 27043
Number of clauses: 171981
unsat in 2 bits.
Number of variables: 32396
Number of clauses: 203556
unsat in 4 bits.
Number of variables: 45404
Number of clauses: 281128
sat
real sat
../SAT_split/QF_NIA_2_25//20170427-VeryMax/SAT14/134.smt2 : 7442 ms.
--------------------------------------------------
Number of variables: 28072
Number of clauses: 179113
unsat in 2 bits.
Number of variables: 33533
Number of clauses: 211398
unsat in 4 bits.
Number of variables: 46759
Number of clauses: 290398
sat
real sat
../SAT_split/QF_NIA_2_25//20170427-VeryMax/SAT14/135.smt2 : 7759 ms.
--------------------------------------------------
Number of variables: 29161
Number of clauses: 186653
unsat in 2 bits.
Number of variables: 34746
Number of clauses: 219776
unsat in 4 bits.
Number of variables: 48222
Number of clauses: 300460
sat
real sat
../SAT_split/QF_NIA_2_25//20170427-VeryMax/SAT14/136.smt2 : 7366 ms.
--------------------------------------------------
Number of variables: 30170
Number of clauses: 193721
unsat in 2 bits.
Number of variables: 35847
Number of clauses: 227426
unsat in 4 bits.
Number of variables: 49509
Number of clauses: 309282
../SAT_split/QF_NIA_2_25//20170427-VeryMax/SAT14/137.smt2 : 11016 ms.
--------------------------------------------------
Number of variables: 31255
Number of clauses: 201277
unsat in 2 bits.
Number of variables: 37040
Number of clauses: 235692
unsat in 4 bits.
Number of variables: 50920
Number of clauses: 318976
sat
real sat
../SAT_split/QF_NIA_2_25//20170427-VeryMax/SAT14/138.smt2 : 10146 ms.
--------------------------------------------------
Number of variables: 32356
Number of clauses: 208949
unsat in 2 bits.
Number of variables: 38249
Number of clauses: 244074
unsat in 4 bits.
Number of variables: 52347
Number of clauses: 328786
../SAT_split/QF_NIA_2_25//20170427-VeryMax/SAT14/139.smt2 : 11017 ms.
--------------------------------------------------
Number of variables: 3943
Number of clauses: 19087
sat
real sat
../SAT_split/QF_NIA_2_25//20170427-VeryMax/SAT14/13.smt2 : 98 ms.
--------------------------------------------------
Number of variables: 33517
Number of clauses: 217029
unsat in 2 bits.
Number of variables: 39534
Number of clauses: 252992
unsat in 4 bits.
Number of variables: 53882
Number of clauses: 339388
sat
real sat
../SAT_split/QF_NIA_2_25//20170427-VeryMax/SAT14/140.smt2 : 8264 ms.
--------------------------------------------------
Number of variables: 34650
Number of clauses: 224945
unsat in 2 bits.
Number of variables: 40775
Number of clauses: 261618
unsat in 4 bits.
Number of variables: 55341
Number of clauses: 349442
sat
real sat
../SAT_split/QF_NIA_2_25//20170427-VeryMax/SAT14/141.smt2 : 8439 ms.
--------------------------------------------------
Number of variables: 35851
Number of clauses: 233309
unsat in 2 bits.
Number of variables: 42100
Number of clauses: 270820
unsat in 4 bits.
Number of variables: 56916
Number of clauses: 360328
sat
real sat
../SAT_split/QF_NIA_2_25//20170427-VeryMax/SAT14/142.smt2 : 9968 ms.
--------------------------------------------------
Number of variables: 37068
Number of clauses: 241789
unsat in 2 bits.
Number of variables: 43441
Number of clauses: 280138
unsat in 4 bits.
Number of variables: 58507
Number of clauses: 371330
../SAT_split/QF_NIA_2_25//20170427-VeryMax/SAT14/143.smt2 : 11016 ms.
--------------------------------------------------
Number of variables: 38345
Number of clauses: 250677
unsat in 2 bits.
Number of variables: 44858
Number of clauses: 289992
unsat in 4 bits.
Number of variables: 60206
Number of clauses: 383124
../SAT_split/QF_NIA_2_25//20170427-VeryMax/SAT14/144.smt2 : 11015 ms.
--------------------------------------------------
Number of variables: 39414
Number of clauses: 258393
unsat in 2 bits.
Number of variables: 46003
Number of clauses: 298162
unsat in 4 bits.
Number of variables: 61505
Number of clauses: 392210
../SAT_split/QF_NIA_2_25//20170427-VeryMax/SAT14/145.smt2 : 11015 ms.
--------------------------------------------------
Number of variables: 40575
Number of clauses: 266677
unsat in 2 bits.
Number of variables: 47256
Number of clauses: 307028
unsat in 4 bits.
Number of variables: 62944
Number of clauses: 402248
../SAT_split/QF_NIA_2_25//20170427-VeryMax/SAT14/146.smt2 : 11021 ms.
--------------------------------------------------
Number of variables: 41752
Number of clauses: 275077
unsat in 2 bits.
Number of variables: 48525
Number of clauses: 316010
unsat in 4 bits.
Number of variables: 64399
Number of clauses: 412402
../SAT_split/QF_NIA_2_25//20170427-VeryMax/SAT14/147.smt2 : 11019 ms.
--------------------------------------------------
Number of variables: 42989
Number of clauses: 283885
unsat in 2 bits.
Number of variables: 49870
Number of clauses: 325528
unsat in 4 bits.
Number of variables: 65962
Number of clauses: 423348
../SAT_split/QF_NIA_2_25//20170427-VeryMax/SAT14/148.smt2 : 11022 ms.
--------------------------------------------------
Number of variables: 44198
Number of clauses: 292529
unsat in 2 bits.
Number of variables: 51171
Number of clauses: 334754
unsat in 4 bits.
Number of variables: 67449
Number of clauses: 433746
../SAT_split/QF_NIA_2_25//20170427-VeryMax/SAT14/149.smt2 : 11021 ms.
--------------------------------------------------
Number of variables: 45475
Number of clauses: 301621
unsat in 2 bits.
Number of variables: 52556
Number of clauses: 344556
unsat in 4 bits.
Number of variables: 69052
Number of clauses: 444976
../SAT_split/QF_NIA_2_25//20170427-VeryMax/SAT14/150.smt2 : 11020 ms.
--------------------------------------------------
Number of variables: 46768
Number of clauses: 310829
unsat in 2 bits.
Number of variables: 53957
Number of clauses: 354474
../SAT_split/QF_NIA_2_25//20170427-VeryMax/SAT14/151.smt2 : 11014 ms.
--------------------------------------------------
Number of variables: 48087
Number of clauses: 320213
unsat in 2 bits.
Number of variables: 55384
Number of clauses: 364568
../SAT_split/QF_NIA_2_25//20170427-VeryMax/SAT14/152.smt2 : 11029 ms.
--------------------------------------------------
Number of variables: 49438
Number of clauses: 329781
unsat in 2 bits.
Number of variables: 56843
Number of clauses: 374846
../SAT_split/QF_NIA_2_25//20170427-VeryMax/SAT14/153.smt2 : 11029 ms.
--------------------------------------------------
Number of variables: 50917
Number of clauses: 340097
unsat in 2 bits.
Number of variables: 58462
Number of clauses: 386128
../SAT_split/QF_NIA_2_25//20170427-VeryMax/SAT14/154.smt2 : 11013 ms.
--------------------------------------------------
Number of variables: 52284
Number of clauses: 349865
unsat in 2 bits.
Number of variables: 59937
Number of clauses: 396606
../SAT_split/QF_NIA_2_25//20170427-VeryMax/SAT14/155.smt2 : 11019 ms.
--------------------------------------------------
Number of variables: 53675
Number of clauses: 359777
unsat in 2 bits.
Number of variables: 61436
Number of clauses: 407228
../SAT_split/QF_NIA_2_25//20170427-VeryMax/SAT14/156.smt2 : 11011 ms.
--------------------------------------------------
Number of variables: 55030
Number of clauses: 369497
unsat in 2 bits.
Number of variables: 62883
Number of clauses: 417530
../SAT_split/QF_NIA_2_25//20170427-VeryMax/SAT14/157.smt2 : 11015 ms.
--------------------------------------------------
Number of variables: 56461
Number of clauses: 379693
unsat in 2 bits.
Number of variables: 64422
Number of clauses: 428436
../SAT_split/QF_NIA_2_25//20170427-VeryMax/SAT14/158.smt2 : 11017 ms.
--------------------------------------------------
Number of variables: 58028
Number of clauses: 390677
unsat in 2 bits.
Number of variables: 66129
Number of clauses: 440386
../SAT_split/QF_NIA_2_25//20170427-VeryMax/SAT14/159.smt2 : 11018 ms.
--------------------------------------------------
Number of variables: 59567
Number of clauses: 401497
unsat in 2 bits.
Number of variables: 67792
Number of clauses: 452044
../SAT_split/QF_NIA_2_25//20170427-VeryMax/SAT14/160.smt2 : 11022 ms.
--------------------------------------------------
Number of variables: 61174
Number of clauses: 412765
unsat in 2 bits.
Number of variables: 69539
Number of clauses: 464278
../SAT_split/QF_NIA_2_25//20170427-VeryMax/SAT14/161.smt2 : 11022 ms.
--------------------------------------------------
Number of variables: 62797
Number of clauses: 424149
../SAT_split/QF_NIA_2_25//20170427-VeryMax/SAT14/162.smt2 : 11021 ms.
--------------------------------------------------
Number of variables: 64480
Number of clauses: 435941
unsat in 2 bits.
Number of variables: 73141
Number of clauses: 489514
../SAT_split/QF_NIA_2_25//20170427-VeryMax/SAT14/163.smt2 : 11027 ms.
--------------------------------------------------
Number of variables: 66023
Number of clauses: 446925
unsat in 2 bits.
Number of variables: 74792
Number of clauses: 501208
../SAT_split/QF_NIA_2_25//20170427-VeryMax/SAT14/164.smt2 : 11020 ms.
--------------------------------------------------
Number of variables: 67650
Number of clauses: 458437
unsat in 2 bits.
Number of variables: 76543
Number of clauses: 513558
../SAT_split/QF_NIA_2_25//20170427-VeryMax/SAT14/165.smt2 : 11025 ms.
--------------------------------------------------
Number of variables: 69293
Number of clauses: 470065
unsat in 2 bits.
Number of variables: 78310
Number of clauses: 526024
../SAT_split/QF_NIA_2_25//20170427-VeryMax/SAT14/166.smt2 : 11023 ms.
--------------------------------------------------
Number of variables: 70996
Number of clauses: 482101
unsat in 2 bits.
Number of variables: 80153
Number of clauses: 539026
../SAT_split/QF_NIA_2_25//20170427-VeryMax/SAT14/167.smt2 : 11021 ms.
--------------------------------------------------
Number of variables: 72671
Number of clauses: 493973
unsat in 2 bits.
Number of variables: 81952
Number of clauses: 551736
../SAT_split/QF_NIA_2_25//20170427-VeryMax/SAT14/168.smt2 : 11024 ms.
--------------------------------------------------
Number of variables: 74414
Number of clauses: 506293
../SAT_split/QF_NIA_2_25//20170427-VeryMax/SAT14/169.smt2 : 11013 ms.
--------------------------------------------------
Number of variables: 76173
Number of clauses: 518729
../SAT_split/QF_NIA_2_25//20170427-VeryMax/SAT14/170.smt2 : 11015 ms.
--------------------------------------------------
Number of variables: 77992
Number of clauses: 531573
../SAT_split/QF_NIA_2_25//20170427-VeryMax/SAT14/171.smt2 : 11015 ms.
--------------------------------------------------
Number of variables: 79731
Number of clauses: 543945
unsat in 2 bits.
Number of variables: 89572
Number of clauses: 605572
../SAT_split/QF_NIA_2_25//20170427-VeryMax/SAT14/172.smt2 : 11018 ms.
--------------------------------------------------
Number of variables: 81546
Number of clauses: 556805
../SAT_split/QF_NIA_2_25//20170427-VeryMax/SAT14/173.smt2 : 11020 ms.
--------------------------------------------------
Number of variables: 83377
Number of clauses: 569781
unsat in 2 bits.
Number of variables: 93498
Number of clauses: 633340
../SAT_split/QF_NIA_2_25//20170427-VeryMax/SAT14/174.smt2 : 11018 ms.
--------------------------------------------------
Number of variables: 85268
Number of clauses: 583165
../SAT_split/QF_NIA_2_25//20170427-VeryMax/SAT14/175.smt2 : 11020 ms.
--------------------------------------------------
Number of variables: 87131
Number of clauses: 596385
../SAT_split/QF_NIA_2_25//20170427-VeryMax/SAT14/176.smt2 : 11016 ms.
--------------------------------------------------
Number of variables: 89062
Number of clauses: 610053
unsat in 2 bits.
Number of variables: 99635
Number of clauses: 676766
../SAT_split/QF_NIA_2_25//20170427-VeryMax/SAT14/177.smt2 : 11020 ms.
--------------------------------------------------
Number of variables: 91009
Number of clauses: 623837
../SAT_split/QF_NIA_2_25//20170427-VeryMax/SAT14/178.smt2 : 11020 ms.
--------------------------------------------------
Number of variables: 93016
Number of clauses: 638029
../SAT_split/QF_NIA_2_25//20170427-VeryMax/SAT14/179.smt2 : 11022 ms.
--------------------------------------------------
Number of variables: 31119
Number of clauses: 133989
unsat in 2 bits.
Number of variables: 56484
Number of clauses: 261130
sat
real sat
../SAT_split/QF_NIA_2_25//20170427-VeryMax/SAT14/17.smt2 : 986 ms.
--------------------------------------------------
Number of variables: 94565
Number of clauses: 649661
../SAT_split/QF_NIA_2_25//20170427-VeryMax/SAT14/180.smt2 : 11018 ms.
--------------------------------------------------
Number of variables: 96230
Number of clauses: 662117
../SAT_split/QF_NIA_2_25//20170427-VeryMax/SAT14/181.smt2 : 11018 ms.
--------------------------------------------------
Number of variables: 97911
Number of clauses: 674689
../SAT_split/QF_NIA_2_25//20170427-VeryMax/SAT14/182.smt2 : 11017 ms.
--------------------------------------------------
Number of variables: 99652
Number of clauses: 687669
../SAT_split/QF_NIA_2_25//20170427-VeryMax/SAT14/183.smt2 : 11024 ms.
--------------------------------------------------
Number of variables: 101365
Number of clauses: 700485
../SAT_split/QF_NIA_2_25//20170427-VeryMax/SAT14/184.smt2 : 11021 ms.
--------------------------------------------------
Number of variables: 103146
Number of clauses: 713749
../SAT_split/QF_NIA_2_25//20170427-VeryMax/SAT14/185.smt2 : 11024 ms.
--------------------------------------------------
Number of variables: 104943
Number of clauses: 727129
../SAT_split/QF_NIA_2_25//20170427-VeryMax/SAT14/186.smt2 : 11025 ms.
--------------------------------------------------
Number of variables: 106800
Number of clauses: 740917
../SAT_split/QF_NIA_2_25//20170427-VeryMax/SAT14/187.smt2 : 11021 ms.
--------------------------------------------------
Number of variables: 108577
Number of clauses: 754233
../SAT_split/QF_NIA_2_25//20170427-VeryMax/SAT14/188.smt2 : 11021 ms.
--------------------------------------------------
Number of variables: 110430
Number of clauses: 768037
../SAT_split/QF_NIA_2_25//20170427-VeryMax/SAT14/189.smt2 : 11021 ms.
--------------------------------------------------
Number of variables: 32165
Number of clauses: 139909
unsat in 2 bits.
Number of variables: 57786
Number of clauses: 268235
sat
real sat
../SAT_split/QF_NIA_2_25//20170427-VeryMax/SAT14/18.smt2 : 1401 ms.
--------------------------------------------------
Number of variables: 112299
Number of clauses: 781957
../SAT_split/QF_NIA_2_25//20170427-VeryMax/SAT14/190.smt2 : 11026 ms.
--------------------------------------------------
Number of variables: 114228
Number of clauses: 796285
../SAT_split/QF_NIA_2_25//20170427-VeryMax/SAT14/191.smt2 : 11023 ms.
--------------------------------------------------
Number of variables: 116129
Number of clauses: 810449
../SAT_split/QF_NIA_2_25//20170427-VeryMax/SAT14/192.smt2 : 11016 ms.
--------------------------------------------------
Number of variables: 118098
Number of clauses: 825061
../SAT_split/QF_NIA_2_25//20170427-VeryMax/SAT14/193.smt2 : 11028 ms.
--------------------------------------------------
Number of variables: 120083
Number of clauses: 839789
../SAT_split/QF_NIA_2_25//20170427-VeryMax/SAT14/194.smt2 : 11022 ms.
--------------------------------------------------
Number of variables: 122128
Number of clauses: 854925
../SAT_split/QF_NIA_2_25//20170427-VeryMax/SAT14/195.smt2 : 11022 ms.
--------------------------------------------------
Number of variables: 124033
Number of clauses: 869253
../SAT_split/QF_NIA_2_25//20170427-VeryMax/SAT14/196.smt2 : 11023 ms.
--------------------------------------------------
Number of variables: 126022
Number of clauses: 884109
../SAT_split/QF_NIA_2_25//20170427-VeryMax/SAT14/197.smt2 : 11026 ms.
--------------------------------------------------
Number of variables: 128027
Number of clauses: 899081
../SAT_split/QF_NIA_2_25//20170427-VeryMax/SAT14/198.smt2 : 11023 ms.
--------------------------------------------------
Number of variables: 130092
Number of clauses: 914461
../SAT_split/QF_NIA_2_25//20170427-VeryMax/SAT14/199.smt2 : 11026 ms.
--------------------------------------------------
Number of variables: 33555
Number of clauses: 147927
unsat in 2 bits.
Number of variables: 59416
Number of clauses: 277378
sat
real sat
../SAT_split/QF_NIA_2_25//20170427-VeryMax/SAT14/19.smt2 : 1385 ms.
--------------------------------------------------
Number of variables: 132129
Number of clauses: 929677
../SAT_split/QF_NIA_2_25//20170427-VeryMax/SAT14/200.smt2 : 11031 ms.
--------------------------------------------------
Number of variables: 4453
Number of clauses: 22635
sat
real sat
../SAT_split/QF_NIA_2_25//20170427-VeryMax/SAT14/201.smt2 : 39 ms.
--------------------------------------------------
Number of variables: 4804
Number of clauses: 24991
sat
real sat
../SAT_split/QF_NIA_2_25//20170427-VeryMax/SAT14/202.smt2 : 32 ms.
--------------------------------------------------
Number of variables: 5255
Number of clauses: 27843
unsat in 2 bits.
Number of variables: 9530
Number of clauses: 46591
unsat in 4 bits.
Number of variables: 17854
Number of clauses: 90167
sat
real sat
../SAT_split/QF_NIA_2_25//20170427-VeryMax/SAT14/203.smt2 : 311 ms.
--------------------------------------------------
Number of variables: 5784
Number of clauses: 31167
unsat in 2 bits.
Number of variables: 10275
Number of clauses: 50913
unsat in 4 bits.
Number of variables: 18865
Number of clauses: 95941
sat
real sat
../SAT_split/QF_NIA_2_25//20170427-VeryMax/SAT14/204.smt2 : 571 ms.
--------------------------------------------------
Number of variables: 6373
Number of clauses: 34899
unsat in 2 bits.
Number of variables: 11096
Number of clauses: 55771
unsat in 4 bits.
Number of variables: 16578
Number of clauses: 90890
sat
real sat
../SAT_split/QF_NIA_2_25//20170427-VeryMax/SAT14/205.smt2 : 462 ms.
--------------------------------------------------
Number of variables: 6882
Number of clauses: 38159
unsat in 2 bits.
Number of variables: 11805
Number of clauses: 59901
unsat in 4 bits.
Number of variables: 17317
Number of clauses: 95520
sat
real sat
../SAT_split/QF_NIA_2_25//20170427-VeryMax/SAT14/206.smt2 : 542 ms.
--------------------------------------------------
Number of variables: 7467
Number of clauses: 41907
unsat in 2 bits.
Number of variables: 12606
Number of clauses: 64647
unsat in 4 bits.
Number of variables: 18180
Number of clauses: 101022
sat
real sat
../SAT_split/QF_NIA_2_25//20170427-VeryMax/SAT14/207.smt2 : 733 ms.
--------------------------------------------------
Number of variables: 8068
Number of clauses: 45771
unsat in 2 bits.
Number of variables: 13423
Number of clauses: 69509
unsat in 4 bits.
Number of variables: 19059
Number of clauses: 106640
sat
real sat
../SAT_split/QF_NIA_2_25//20170427-VeryMax/SAT14/208.smt2 : 1004 ms.
--------------------------------------------------
Number of variables: 8729
Number of clauses: 50043
unsat in 2 bits.
Number of variables: 14316
Number of clauses: 74907
unsat in 4 bits.
Number of variables: 20046
Number of clauses: 113050
sat
real sat
../SAT_split/QF_NIA_2_25//20170427-VeryMax/SAT14/209.smt2 : 2062 ms.
--------------------------------------------------
Number of variables: 35505
Number of clauses: 159648
unsat in 2 bits.
Number of variables: 61928
Number of clauses: 292693
sat
real sat
../SAT_split/QF_NIA_2_25//20170427-VeryMax/SAT14/20.smt2 : 3276 ms.
--------------------------------------------------
Number of variables: 9362
Number of clauses: 54151
unsat in 2 bits.
Number of variables: 15165
Number of clauses: 80013
unsat in 4 bits.
Number of variables: 20957
Number of clauses: 118912
sat
real sat
../SAT_split/QF_NIA_2_25//20170427-VeryMax/SAT14/210.smt2 : 1279 ms.
--------------------------------------------------
Number of variables: 10063
Number of clauses: 58707
unsat in 2 bits.
Number of variables: 16098
Number of clauses: 85695
unsat in 4 bits.
Number of variables: 21984
Number of clauses: 125606
sat
real sat
../SAT_split/QF_NIA_2_25//20170427-VeryMax/SAT14/211.smt2 : 1042 ms.
--------------------------------------------------
Number of variables: 10780
Number of clauses: 63379
unsat in 2 bits.
Number of variables: 17047
Number of clauses: 91493
unsat in 4 bits.
Number of variables: 23027
Number of clauses: 132416
sat
real sat
../SAT_split/QF_NIA_2_25//20170427-VeryMax/SAT14/212.smt2 : 1294 ms.
--------------------------------------------------
Number of variables: 11557
Number of clauses: 68459
unsat in 2 bits.
Number of variables: 18072
Number of clauses: 97827
unsat in 4 bits.
Number of variables: 24178
Number of clauses: 140018
sat
real sat
../SAT_split/QF_NIA_2_25//20170427-VeryMax/SAT14/213.smt2 : 1217 ms.
--------------------------------------------------
Number of variables: 12194
Number of clauses: 72731
unsat in 2 bits.
Number of variables: 18909
Number of clauses: 102969
unsat in 4 bits.
Number of variables: 25045
Number of clauses: 145660
sat
real sat
../SAT_split/QF_NIA_2_25//20170427-VeryMax/SAT14/214.smt2 : 1870 ms.
--------------------------------------------------
Number of variables: 12915
Number of clauses: 77531
unsat in 2 bits.
Number of variables: 19846
Number of clauses: 108767
unsat in 4 bits.
Number of variables: 26044
Number of clauses: 152214
sat
real sat
../SAT_split/QF_NIA_2_25//20170427-VeryMax/SAT14/215.smt2 : 2844 ms.
--------------------------------------------------
Number of variables: 13652
Number of clauses: 82447
unsat in 2 bits.
Number of variables: 20799
Number of clauses: 114681
unsat in 4 bits.
Number of variables: 27059
Number of clauses: 158884
sat
real sat
../SAT_split/QF_NIA_2_25//20170427-VeryMax/SAT14/216.smt2 : 2452 ms.
--------------------------------------------------
Number of variables: 14449
Number of clauses: 87771
unsat in 2 bits.
Number of variables: 21828
Number of clauses: 121131
unsat in 4 bits.
Number of variables: 28182
Number of clauses: 166346
sat
real sat
../SAT_split/QF_NIA_2_25//20170427-VeryMax/SAT14/217.smt2 : 1421 ms.
--------------------------------------------------
Number of variables: 15218
Number of clauses: 92931
unsat in 2 bits.
Number of variables: 22813
Number of clauses: 127289
unsat in 4 bits.
Number of variables: 29229
Number of clauses: 173260
sat
real sat
../SAT_split/QF_NIA_2_25//20170427-VeryMax/SAT14/218.smt2 : 2111 ms.
--------------------------------------------------
Number of variables: 16055
Number of clauses: 98539
unsat in 2 bits.
Number of variables: 23882
Number of clauses: 134023
unsat in 4 bits.
Number of variables: 30392
Number of clauses: 181006
sat
real sat
../SAT_split/QF_NIA_2_25//20170427-VeryMax/SAT14/219.smt2 : 2296 ms.
--------------------------------------------------
Number of variables: 16908
Number of clauses: 104263
unsat in 2 bits.
Number of variables: 24967
Number of clauses: 140873
unsat in 4 bits.
Number of variables: 31571
Number of clauses: 188868
sat
real sat
../SAT_split/QF_NIA_2_25//20170427-VeryMax/SAT14/220.smt2 : 3323 ms.
--------------------------------------------------
Number of variables: 17821
Number of clauses: 110395
unsat in 2 bits.
Number of variables: 22074
Number of clauses: 134662
unsat in 4 bits.
Number of variables: 32858
Number of clauses: 197522
sat
real sat
../SAT_split/QF_NIA_2_25//20170427-VeryMax/SAT14/221.smt2 : 3797 ms.
--------------------------------------------------
Number of variables: 18654
Number of clauses: 116055
unsat in 2 bits.
Number of variables: 22999
Number of clauses: 140904
unsat in 4 bits.
Number of variables: 33969
Number of clauses: 204936
sat
real sat
../SAT_split/QF_NIA_2_25//20170427-VeryMax/SAT14/222.smt2 : 3644 ms.
--------------------------------------------------
Number of variables: 19563
Number of clauses: 122203
unsat in 2 bits.
Number of variables: 24016
Number of clauses: 147762
unsat in 4 bits.
Number of variables: 35204
Number of clauses: 213222
sat
real sat
../SAT_split/QF_NIA_2_25//20170427-VeryMax/SAT14/223.smt2 : 2969 ms.
--------------------------------------------------
Number of variables: 20488
Number of clauses: 128467
unsat in 2 bits.
Number of variables: 25049
Number of clauses: 154736
unsat in 4 bits.
Number of variables: 36455
Number of clauses: 221624
sat
real sat
../SAT_split/QF_NIA_2_25//20170427-VeryMax/SAT14/224.smt2 : 3397 ms.
--------------------------------------------------
Number of variables: 21473
Number of clauses: 135139
unsat in 2 bits.
Number of variables: 26158
Number of clauses: 162246
unsat in 4 bits.
Number of variables: 37814
Number of clauses: 230818
sat
real sat
../SAT_split/QF_NIA_2_25//20170427-VeryMax/SAT14/225.smt2 : 3498 ms.
--------------------------------------------------
Number of variables: 22430
Number of clauses: 141647
unsat in 2 bits.
Number of variables: 27223
Number of clauses: 169464
unsat in 4 bits.
Number of variables: 39097
Number of clauses: 239464
sat
real sat
../SAT_split/QF_NIA_2_25//20170427-VeryMax/SAT14/226.smt2 : 5744 ms.
--------------------------------------------------
Number of variables: 23455
Number of clauses: 148603
unsat in 2 bits.
Number of variables: 28372
Number of clauses: 177258
unsat in 4 bits.
Number of variables: 40496
Number of clauses: 248942
sat
real sat
../SAT_split/QF_NIA_2_25//20170427-VeryMax/SAT14/227.smt2 : 6755 ms.
--------------------------------------------------
Number of variables: 24496
Number of clauses: 155675
unsat in 2 bits.
Number of variables: 29537
Number of clauses: 185168
unsat in 4 bits.
Number of variables: 41911
Number of clauses: 258536
sat
real sat
../SAT_split/QF_NIA_2_25//20170427-VeryMax/SAT14/228.smt2 : 6302 ms.
--------------------------------------------------
Number of variables: 25597
Number of clauses: 163155
unsat in 2 bits.
Number of variables: 30778
Number of clauses: 193614
unsat in 4 bits.
Number of variables: 43434
Number of clauses: 268922
sat
real sat
../SAT_split/QF_NIA_2_25//20170427-VeryMax/SAT14/229.smt2 : 3537 ms.
--------------------------------------------------
Number of variables: 6199
Number of clauses: 31124
unsat in 2 bits.
Number of variables: 10642
Number of clauses: 51771
sat
real sat
../SAT_split/QF_NIA_2_25//20170427-VeryMax/SAT14/22.smt2 : 130 ms.
--------------------------------------------------
Number of variables: 26490
Number of clauses: 169463
unsat in 2 bits.
Number of variables: 31747
Number of clauses: 200376
unsat in 4 bits.
Number of variables: 44557
Number of clauses: 276600
sat
real sat
../SAT_split/QF_NIA_2_25//20170427-VeryMax/SAT14/230.smt2 : 6624 ms.
--------------------------------------------------
Number of variables: 27475
Number of clauses: 176339
unsat in 2 bits.
Number of variables: 32824
Number of clauses: 207834
unsat in 4 bits.
Number of variables: 45820
Number of clauses: 285230
sat
real sat
../SAT_split/QF_NIA_2_25//20170427-VeryMax/SAT14/231.smt2 : 6358 ms.
--------------------------------------------------
Number of variables: 28476
Number of clauses: 183331
unsat in 2 bits.
Number of variables: 33917
Number of clauses: 215408
unsat in 4 bits.
Number of variables: 47099
Number of clauses: 293976
sat
real sat
../SAT_split/QF_NIA_2_25//20170427-VeryMax/SAT14/232.smt2 : 6481 ms.
--------------------------------------------------
Number of variables: 29537
Number of clauses: 190731
unsat in 2 bits.
Number of variables: 35086
Number of clauses: 223518
unsat in 4 bits.
Number of variables: 48486
Number of clauses: 303514
../SAT_split/QF_NIA_2_25//20170427-VeryMax/SAT14/233.smt2 : 11017 ms.
--------------------------------------------------
Number of variables: 30570
Number of clauses: 197967
unsat in 2 bits.
Number of variables: 36211
Number of clauses: 231336
unsat in 4 bits.
Number of variables: 49797
Number of clauses: 312504
sat
real sat
../SAT_split/QF_NIA_2_25//20170427-VeryMax/SAT14/234.smt2 : 9294 ms.
--------------------------------------------------
Number of variables: 31671
Number of clauses: 205651
unsat in 2 bits.
Number of variables: 37420
Number of clauses: 239730
unsat in 4 bits.
Number of variables: 51224
Number of clauses: 322326
../SAT_split/QF_NIA_2_25//20170427-VeryMax/SAT14/235.smt2 : 11014 ms.
--------------------------------------------------
Number of variables: 32788
Number of clauses: 213451
unsat in 2 bits.
Number of variables: 38645
Number of clauses: 248240
unsat in 4 bits.
Number of variables: 52667
Number of clauses: 332264
../SAT_split/QF_NIA_2_25//20170427-VeryMax/SAT14/236.smt2 : 11015 ms.
--------------------------------------------------
Number of variables: 33931
Number of clauses: 221427
unsat in 2 bits.
Number of variables: 39896
Number of clauses: 256926
unsat in 4 bits.
Number of variables: 54134
Number of clauses: 342370
sat
real sat
../SAT_split/QF_NIA_2_25//20170427-VeryMax/SAT14/237.smt2 : 10621 ms.
--------------------------------------------------
Number of variables: 35106
Number of clauses: 229575
unsat in 2 bits.
Number of variables: 41179
Number of clauses: 265784
unsat in 4 bits.
Number of variables: 55633
Number of clauses: 352648
../SAT_split/QF_NIA_2_25//20170427-VeryMax/SAT14/238.smt2 : 11016 ms.
--------------------------------------------------
Number of variables: 36417
Number of clauses: 238511
unsat in 2 bits.
Number of variables: 42630
Number of clauses: 275686
unsat in 4 bits.
Number of variables: 57364
Number of clauses: 364482
../SAT_split/QF_NIA_2_25//20170427-VeryMax/SAT14/239.smt2 : 11020 ms.
--------------------------------------------------
Number of variables: 6566
Number of clauses: 33441
unsat in 2 bits.
Number of variables: 11232
Number of clauses: 54998
sat
real sat
../SAT_split/QF_NIA_2_25//20170427-VeryMax/SAT14/23.smt2 : 145 ms.
--------------------------------------------------
Number of variables: 37678
Number of clauses: 247219
unsat in 2 bits.
Number of variables: 44015
Number of clauses: 285232
unsat in 4 bits.
Number of variables: 58997
Number of clauses: 375704
../SAT_split/QF_NIA_2_25//20170427-VeryMax/SAT14/240.smt2 : 11019 ms.
--------------------------------------------------
Number of variables: 38999
Number of clauses: 256335
unsat in 2 bits.
Number of variables: 45476
Number of clauses: 295314
unsat in 4 bits.
Number of variables: 60738
Number of clauses: 387718
../SAT_split/QF_NIA_2_25//20170427-VeryMax/SAT14/241.smt2 : 11019 ms.
--------------------------------------------------
Number of variables: 40180
Number of clauses: 264643
unsat in 2 bits.
Number of variables: 46749
Number of clauses: 304204
unsat in 4 bits.
Number of variables: 62195
Number of clauses: 397772
../SAT_split/QF_NIA_2_25//20170427-VeryMax/SAT14/242.smt2 : 11017 ms.
--------------------------------------------------
Number of variables: 41557
Number of clauses: 274099
unsat in 2 bits.
Number of variables: 48266
Number of clauses: 314626
unsat in 4 bits.
Number of variables: 63992
Number of clauses: 410126
../SAT_split/QF_NIA_2_25//20170427-VeryMax/SAT14/243.smt2 : 11023 ms.
--------------------------------------------------
Number of variables: 42854
Number of clauses: 283119
unsat in 2 bits.
Number of variables: 49671
Number of clauses: 324356
unsat in 4 bits.
Number of variables: 65613
Number of clauses: 421276
../SAT_split/QF_NIA_2_25//20170427-VeryMax/SAT14/244.smt2 : 11017 ms.
--------------------------------------------------
Number of variables: 44167
Number of clauses: 292255
unsat in 2 bits.
Number of variables: 51092
Number of clauses: 334202
unsat in 4 bits.
Number of variables: 67250
Number of clauses: 432542
../SAT_split/QF_NIA_2_25//20170427-VeryMax/SAT14/245.smt2 : 11014 ms.
--------------------------------------------------
Number of variables: 45708
Number of clauses: 302603
unsat in 2 bits.
Number of variables: 52789
Number of clauses: 345644
unsat in 4 bits.
Number of variables: 69259
Number of clauses: 446172
../SAT_split/QF_NIA_2_25//20170427-VeryMax/SAT14/246.smt2 : 11017 ms.
--------------------------------------------------
Number of variables: 46979
Number of clauses: 311599
unsat in 2 bits.
Number of variables: 54152
Number of clauses: 355222
../SAT_split/QF_NIA_2_25//20170427-VeryMax/SAT14/247.smt2 : 11012 ms.
--------------------------------------------------
Number of variables: 48274
Number of clauses: 320787
../SAT_split/QF_NIA_2_25//20170427-VeryMax/SAT14/248.smt2 : 11013 ms.
--------------------------------------------------
Number of variables: 49697
Number of clauses: 330711
unsat in 2 bits.
Number of variables: 57086
Number of clauses: 375754
unsat in 4 bits.
Number of variables: 74172
Number of clauses: 480286
../SAT_split/QF_NIA_2_25//20170427-VeryMax/SAT14/249.smt2 : 11017 ms.
--------------------------------------------------
Number of variables: 7125
Number of clauses: 36756
unsat in 2 bits.
Number of variables: 12046
Number of clauses: 59511
unsat in 4 bits.
Number of variables: 18251
Number of clauses: 99490
sat
real sat
../SAT_split/QF_NIA_2_25//20170427-VeryMax/SAT14/24.smt2 : 536 ms.
--------------------------------------------------
Number of variables: 51092
Number of clauses: 340483
unsat in 2 bits.
Number of variables: 58589
Number of clauses: 386236
unsat in 4 bits.
Number of variables: 75891
Number of clauses: 492188
../SAT_split/QF_NIA_2_25//20170427-VeryMax/SAT14/250.smt2 : 11019 ms.
--------------------------------------------------
Number of variables: 52599
Number of clauses: 350971
unsat in 2 bits.
Number of variables: 60236
Number of clauses: 397690
../SAT_split/QF_NIA_2_25//20170427-VeryMax/SAT14/251.smt2 : 11021 ms.
--------------------------------------------------
Number of variables: 54086
Number of clauses: 361347
unsat in 2 bits.
Number of variables: 61847
Number of clauses: 408904
../SAT_split/QF_NIA_2_25//20170427-VeryMax/SAT14/252.smt2 : 11019 ms.
--------------------------------------------------
Number of variables: 55589
Number of clauses: 371839
unsat in 2 bits.
Number of variables: 63474
Number of clauses: 420234
../SAT_split/QF_NIA_2_25//20170427-VeryMax/SAT14/253.smt2 : 11019 ms.
--------------------------------------------------
Number of variables: 57048
Number of clauses: 382123
unsat in 2 bits.
Number of variables: 65041
Number of clauses: 431228
../SAT_split/QF_NIA_2_25//20170427-VeryMax/SAT14/254.smt2 : 11019 ms.
--------------------------------------------------
Number of variables: 58591
Number of clauses: 392911
unsat in 2 bits.
Number of variables: 66708
Number of clauses: 442854
../SAT_split/QF_NIA_2_25//20170427-VeryMax/SAT14/255.smt2 : 11018 ms.
--------------------------------------------------
Number of variables: 60166
Number of clauses: 403883
unsat in 2 bits.
Number of variables: 68407
Number of clauses: 454664
../SAT_split/QF_NIA_2_25//20170427-VeryMax/SAT14/256.smt2 : 11021 ms.
--------------------------------------------------
Number of variables: 61853
Number of clauses: 415547
unsat in 2 bits.
Number of variables: 70250
Number of clauses: 467422
../SAT_split/QF_NIA_2_25//20170427-VeryMax/SAT14/257.smt2 : 11017 ms.
--------------------------------------------------
Number of variables: 63520
Number of clauses: 427087
unsat in 2 bits.
Number of variables: 72057
Number of clauses: 479928
../SAT_split/QF_NIA_2_25//20170427-VeryMax/SAT14/258.smt2 : 11018 ms.
--------------------------------------------------
Number of variables: 65203
Number of clauses: 438743
unsat in 2 bits.
Number of variables: 73880
Number of clauses: 492550
../SAT_split/QF_NIA_2_25//20170427-VeryMax/SAT14/259.smt2 : 11021 ms.
--------------------------------------------------
Number of variables: 8224
Number of clauses: 43374
unsat in 2 bits.
Number of variables: 13612
Number of clauses: 68293
unsat in 4 bits.
Number of variables: 19978
Number of clauses: 110012
sat
real sat
../SAT_split/QF_NIA_2_25//20170427-VeryMax/SAT14/25.smt2 : 663 ms.
--------------------------------------------------
Number of variables: 66954
Number of clauses: 450847
unsat in 2 bits.
Number of variables: 75787
Number of clauses: 505748
../SAT_split/QF_NIA_2_25//20170427-VeryMax/SAT14/260.smt2 : 11027 ms.
--------------------------------------------------
Number of variables: 68721
Number of clauses: 463067
../SAT_split/QF_NIA_2_25//20170427-VeryMax/SAT14/261.smt2 : 11021 ms.
--------------------------------------------------
Number of variables: 70548
Number of clauses: 475695
unsat in 2 bits.
Number of variables: 79709
Number of clauses: 532912
../SAT_split/QF_NIA_2_25//20170427-VeryMax/SAT14/262.smt2 : 11024 ms.
--------------------------------------------------
Number of variables: 72319
Number of clauses: 487971
unsat in 2 bits.
Number of variables: 81620
Number of clauses: 546154
../SAT_split/QF_NIA_2_25//20170427-VeryMax/SAT14/263.smt2 : 11022 ms.
--------------------------------------------------
Number of variables: 73946
Number of clauses: 499587
unsat in 2 bits.
Number of variables: 83355
Number of clauses: 558480
../SAT_split/QF_NIA_2_25//20170427-VeryMax/SAT14/264.smt2 : 11023 ms.
--------------------------------------------------
Number of variables: 75649
Number of clauses: 511655
unsat in 2 bits.
Number of variables: 85182
Number of clauses: 571386
../SAT_split/QF_NIA_2_25//20170427-VeryMax/SAT14/265.smt2 : 11018 ms.
--------------------------------------------------
Number of variables: 77420
Number of clauses: 524147
unsat in 2 bits.
Number of variables: 87093
Number of clauses: 584844
../SAT_split/QF_NIA_2_25//20170427-VeryMax/SAT14/266.smt2 : 11021 ms.
--------------------------------------------------
Number of variables: 79215
Number of clauses: 536783
../SAT_split/QF_NIA_2_25//20170427-VeryMax/SAT14/267.smt2 : 11027 ms.
--------------------------------------------------
Number of variables: 80846
Number of clauses: 548527
../SAT_split/QF_NIA_2_25//20170427-VeryMax/SAT14/268.smt2 : 11023 ms.
--------------------------------------------------
Number of variables: 82569
Number of clauses: 560839
unsat in 2 bits.
Number of variables: 92582
Number of clauses: 623794
../SAT_split/QF_NIA_2_25//20170427-VeryMax/SAT14/269.smt2 : 11017 ms.
--------------------------------------------------
Number of variables: 8945
Number of clauses: 47781
unsat in 2 bits.
Number of variables: 14608
Number of clauses: 74058
unsat in 4 bits.
Number of variables: 21121
Number of clauses: 117145
sat
real sat
../SAT_split/QF_NIA_2_25//20170427-VeryMax/SAT14/26.smt2 : 939 ms.
--------------------------------------------------
Number of variables: 84308
Number of clauses: 573267
unsat in 2 bits.
Number of variables: 94429
Number of clauses: 636932
../SAT_split/QF_NIA_2_25//20170427-VeryMax/SAT14/270.smt2 : 11021 ms.
--------------------------------------------------
Number of variables: 86063
Number of clauses: 585811
../SAT_split/QF_NIA_2_25//20170427-VeryMax/SAT14/271.smt2 : 11017 ms.
--------------------------------------------------
Number of variables: 87962
Number of clauses: 599183
unsat in 2 bits.
Number of variables: 98331
Number of clauses: 664524
../SAT_split/QF_NIA_2_25//20170427-VeryMax/SAT14/272.smt2 : 11028 ms.
--------------------------------------------------
Number of variables: 89945
Number of clauses: 613035
../SAT_split/QF_NIA_2_25//20170427-VeryMax/SAT14/273.smt2 : 11021 ms.
--------------------------------------------------
Number of variables: 91960
Number of clauses: 627071
unsat in 2 bits.
Number of variables: 102641
Number of clauses: 694600
../SAT_split/QF_NIA_2_25//20170427-VeryMax/SAT14/274.smt2 : 11027 ms.
--------------------------------------------------
Number of variables: 5545
Number of clauses: 27972
unsat in 2 bits.
Number of variables: 9648
Number of clauses: 46730
sat
real sat
../SAT_split/QF_NIA_2_25//20170427-VeryMax/SAT14/275.smt2 : 115 ms.
--------------------------------------------------
Number of variables: 5896
Number of clauses: 30328
unsat in 2 bits.
Number of variables: 10187
Number of clauses: 49844
sat
real sat
../SAT_split/QF_NIA_2_25//20170427-VeryMax/SAT14/276.smt2 : 142 ms.
--------------------------------------------------
Number of variables: 6307
Number of clauses: 33060
unsat in 2 bits.
Number of variables: 10802
Number of clauses: 53462
sat
real sat
../SAT_split/QF_NIA_2_25//20170427-VeryMax/SAT14/277.smt2 : 165 ms.
--------------------------------------------------
Number of variables: 6938
Number of clauses: 36980
unsat in 2 bits.
Number of variables: 11681
Number of clauses: 58636
unsat in 4 bits.
Number of variables: 20773
Number of clauses: 107476
sat
real sat
../SAT_split/QF_NIA_2_25//20170427-VeryMax/SAT14/278.smt2 : 353 ms.
--------------------------------------------------
Number of variables: 7549
Number of clauses: 40776
unsat in 2 bits.
Number of variables: 12524
Number of clauses: 63558
unsat in 4 bits.
Number of variables: 18510
Number of clauses: 102497
sat
real sat
../SAT_split/QF_NIA_2_25//20170427-VeryMax/SAT14/279.smt2 : 508 ms.
--------------------------------------------------
Number of variables: 9741
Number of clauses: 52698
unsat in 2 bits.
Number of variables: 15699
Number of clauses: 80493
unsat in 4 bits.
Number of variables: 22399
Number of clauses: 125268
sat
real sat
../SAT_split/QF_NIA_2_25//20170427-VeryMax/SAT14/27.smt2 : 774 ms.
--------------------------------------------------
Number of variables: 8228
Number of clauses: 45008
unsat in 2 bits.
Number of variables: 13451
Number of clauses: 69044
unsat in 4 bits.
Number of variables: 19565
Number of clauses: 109259
sat
real sat
../SAT_split/QF_NIA_2_25//20170427-VeryMax/SAT14/280.smt2 : 968 ms.
--------------------------------------------------
Number of variables: 134079
Number of clauses: 944656
../SAT_split/QF_NIA_2_25//20170427-VeryMax/SAT14/281.smt2 : 11025 ms.
--------------------------------------------------
Number of variables: 136200
Number of clauses: 960436
../SAT_split/QF_NIA_2_25//20170427-VeryMax/SAT14/282.smt2 : 11035 ms.
--------------------------------------------------
Number of variables: 138381
Number of clauses: 976624
../SAT_split/QF_NIA_2_25//20170427-VeryMax/SAT14/283.smt2 : 11026 ms.
--------------------------------------------------
Number of variables: 140482
Number of clauses: 992340
../SAT_split/QF_NIA_2_25//20170427-VeryMax/SAT14/284.smt2 : 11023 ms.
--------------------------------------------------
Number of variables: 142659
Number of clauses: 1008544
../SAT_split/QF_NIA_2_25//20170427-VeryMax/SAT14/285.smt2 : 11031 ms.
--------------------------------------------------
Number of variables: 144852
Number of clauses: 1024864
../SAT_split/QF_NIA_2_25//20170427-VeryMax/SAT14/286.smt2 : 11034 ms.
--------------------------------------------------
Number of variables: 147105
Number of clauses: 1041592
../SAT_split/QF_NIA_2_25//20170427-VeryMax/SAT14/287.smt2 : 11029 ms.
--------------------------------------------------
Number of variables: 149330
Number of clauses: 1058168
../SAT_split/QF_NIA_2_25//20170427-VeryMax/SAT14/288.smt2 : 11029 ms.
--------------------------------------------------
Number of variables: 151623
Number of clauses: 1075180
../SAT_split/QF_NIA_2_25//20170427-VeryMax/SAT14/289.smt2 : 11022 ms.
--------------------------------------------------
Number of variables: 10362
Number of clauses: 56605
unsat in 2 bits.
Number of variables: 16555
Number of clauses: 85438
unsat in 4 bits.
Number of variables: 23322
Number of clauses: 130941
sat
real sat
../SAT_split/QF_NIA_2_25//20170427-VeryMax/SAT14/28.smt2 : 1045 ms.
--------------------------------------------------
Number of variables: 153940
Number of clauses: 1092336
../SAT_split/QF_NIA_2_25//20170427-VeryMax/SAT14/290.smt2 : 11033 ms.
--------------------------------------------------
Number of variables: 8923
Number of clauses: 49356
unsat in 2 bits.
Number of variables: 14394
Number of clauses: 74646
unsat in 4 bits.
Number of variables: 20636
Number of clauses: 116137
sat
real sat
../SAT_split/QF_NIA_2_25//20170427-VeryMax/SAT14/291.smt2 : 706 ms.
--------------------------------------------------
Number of variables: 156177
Number of clauses: 1109056
../SAT_split/QF_NIA_2_25//20170427-VeryMax/SAT14/292.smt2 : 11031 ms.
--------------------------------------------------
Number of variables: 158498
Number of clauses: 1126268
../SAT_split/QF_NIA_2_25//20170427-VeryMax/SAT14/293.smt2 : 11036 ms.
--------------------------------------------------
Number of variables: 160835
Number of clauses: 1143596
../SAT_split/QF_NIA_2_25//20170427-VeryMax/SAT14/294.smt2 : 11031 ms.
--------------------------------------------------
Number of variables: 163400
Number of clauses: 1162136
../SAT_split/QF_NIA_2_25//20170427-VeryMax/SAT14/295.smt2 : 11034 ms.
--------------------------------------------------
Number of variables: 165831
Number of clauses: 1180052
../SAT_split/QF_NIA_2_25//20170427-VeryMax/SAT14/296.smt2 : 11033 ms.
--------------------------------------------------
Number of variables: 168414
Number of clauses: 1198800
../SAT_split/QF_NIA_2_25//20170427-VeryMax/SAT14/297.smt2 : 11035 ms.
--------------------------------------------------
Number of variables: 9678
Number of clauses: 54112
unsat in 2 bits.
Number of variables: 15413
Number of clauses: 80784
unsat in 4 bits.
Number of variables: 21815
Number of clauses: 123807
sat
real sat
../SAT_split/QF_NIA_2_25//20170427-VeryMax/SAT14/298.smt2 : 786 ms.
--------------------------------------------------
Number of variables: 10151
Number of clauses: 57224
unsat in 2 bits.
Number of variables: 16070
Number of clauses: 84638
unsat in 4 bits.
Number of variables: 22470
Number of clauses: 127905
sat
real sat
../SAT_split/QF_NIA_2_25//20170427-VeryMax/SAT14/299.smt2 : 941 ms.
--------------------------------------------------
Number of variables: 11088
Number of clauses: 61172
unsat in 2 bits.
Number of variables: 17536
Number of clauses: 91203
unsat in 4 bits.
Number of variables: 24410
Number of clauses: 137754
sat
real sat
../SAT_split/QF_NIA_2_25//20170427-VeryMax/SAT14/29.smt2 : 1239 ms.
--------------------------------------------------
Number of variables: 89713
Number of clauses: 535493
../SAT_split/QF_NIA_2_25//20170427-VeryMax/SAT14/2.smt2 : 11019 ms.
--------------------------------------------------
Number of variables: 10724
Number of clauses: 61032
unsat in 2 bits.
Number of variables: 16843
Number of clauses: 89316
unsat in 4 bits.
Number of variables: 23273
Number of clauses: 133083
sat
real sat
../SAT_split/QF_NIA_2_25//20170427-VeryMax/SAT14/300.smt2 : 990 ms.
--------------------------------------------------
Number of variables: 11313
Number of clauses: 64956
unsat in 2 bits.
Number of variables: 17632
Number of clauses: 94110
unsat in 4 bits.
Number of variables: 24092
Number of clauses: 138377
sat
real sat
../SAT_split/QF_NIA_2_25//20170427-VeryMax/SAT14/301.smt2 : 2372 ms.
--------------------------------------------------
Number of variables: 11962
Number of clauses: 69288
unsat in 2 bits.
Number of variables: 18497
Number of clauses: 99440
unsat in 4 bits.
Number of variables: 25019
Number of clauses: 144463
sat
real sat
../SAT_split/QF_NIA_2_25//20170427-VeryMax/SAT14/302.smt2 : 1642 ms.
--------------------------------------------------
Number of variables: 12583
Number of clauses: 73456
unsat in 2 bits.
Number of variables: 19318
Number of clauses: 104478
unsat in 4 bits.
Number of variables: 25870
Number of clauses: 150001
sat
real sat
../SAT_split/QF_NIA_2_25//20170427-VeryMax/SAT14/303.smt2 : 1396 ms.
--------------------------------------------------
Number of variables: 13272
Number of clauses: 78072
unsat in 2 bits.
Number of variables: 20223
Number of clauses: 110092
unsat in 4 bits.
Number of variables: 26837
Number of clauses: 156371
sat
real sat
../SAT_split/QF_NIA_2_25//20170427-VeryMax/SAT14/304.smt2 : 1498 ms.
--------------------------------------------------
Number of variables: 13977
Number of clauses: 82804
unsat in 2 bits.
Number of variables: 21144
Number of clauses: 115822
unsat in 4 bits.
Number of variables: 27820
Number of clauses: 162857
sat
real sat
../SAT_split/QF_NIA_2_25//20170427-VeryMax/SAT14/305.smt2 : 1454 ms.
--------------------------------------------------
Number of variables: 14742
Number of clauses: 87944
unsat in 2 bits.
Number of variables: 22141
Number of clauses: 122088
unsat in 4 bits.
Number of variables: 28911
Number of clauses: 170135
sat
real sat
../SAT_split/QF_NIA_2_25//20170427-VeryMax/SAT14/306.smt2 : 1839 ms.
--------------------------------------------------
Number of variables: 15427
Number of clauses: 92612
unsat in 2 bits.
Number of variables: 23026
Number of clauses: 127626
unsat in 4 bits.
Number of variables: 29826
Number of clauses: 176173
sat
real sat
../SAT_split/QF_NIA_2_25//20170427-VeryMax/SAT14/307.smt2 : 4826 ms.
--------------------------------------------------
Number of variables: 16188
Number of clauses: 97768
unsat in 2 bits.
Number of variables: 24003
Number of clauses: 133780
unsat in 4 bits.
Number of variables: 30865
Number of clauses: 183083
sat
real sat
../SAT_split/QF_NIA_2_25//20170427-VeryMax/SAT14/308.smt2 : 1682 ms.
--------------------------------------------------
Number of variables: 16965
Number of clauses: 103040
unsat in 2 bits.
Number of variables: 24996
Number of clauses: 140050
unsat in 4 bits.
Number of variables: 31920
Number of clauses: 190109
sat
real sat
../SAT_split/QF_NIA_2_25//20170427-VeryMax/SAT14/309.smt2 : 4044 ms.
--------------------------------------------------
Number of variables: 11834
Number of clauses: 65884
unsat in 2 bits.
Number of variables: 18537
Number of clauses: 97113
unsat in 4 bits.
Number of variables: 25518
Number of clauses: 144712
sat
real sat
../SAT_split/QF_NIA_2_25//20170427-VeryMax/SAT14/30.smt2 : 1331 ms.
--------------------------------------------------
Number of variables: 17802
Number of clauses: 108720
unsat in 2 bits.
Number of variables: 26065
Number of clauses: 146856
unsat in 4 bits.
Number of variables: 33083
Number of clauses: 197927
sat
real sat
../SAT_split/QF_NIA_2_25//20170427-VeryMax/SAT14/310.smt2 : 3700 ms.
--------------------------------------------------
Number of variables: 18611
Number of clauses: 114236
unsat in 2 bits.
Number of variables: 23036
Number of clauses: 139773
unsat in 4 bits.
Number of variables: 34170
Number of clauses: 205197
sat
real sat
../SAT_split/QF_NIA_2_25//20170427-VeryMax/SAT14/311.smt2 : 2593 ms.
--------------------------------------------------
Number of variables: 19488
Number of clauses: 120200
unsat in 2 bits.
Number of variables: 24021
Number of clauses: 146447
unsat in 4 bits.
Number of variables: 35373
Number of clauses: 213299
sat
real sat
../SAT_split/QF_NIA_2_25//20170427-VeryMax/SAT14/312.smt2 : 3119 ms.
--------------------------------------------------
Number of variables: 20381
Number of clauses: 126280
unsat in 2 bits.
Number of variables: 25022
Number of clauses: 153237
unsat in 4 bits.
Number of variables: 36592
Number of clauses: 221517
sat
real sat
../SAT_split/QF_NIA_2_25//20170427-VeryMax/SAT14/313.smt2 : 3297 ms.
--------------------------------------------------
Number of variables: 21334
Number of clauses: 132768
unsat in 2 bits.
Number of variables: 26099
Number of clauses: 160563
unsat in 4 bits.
Number of variables: 37919
Number of clauses: 230527
sat
real sat
../SAT_split/QF_NIA_2_25//20170427-VeryMax/SAT14/314.smt2 : 3452 ms.
--------------------------------------------------
Number of variables: 22147
Number of clauses: 138448
unsat in 2 bits.
Number of variables: 26988
Number of clauses: 166697
unsat in 4 bits.
Number of variables: 38962
Number of clauses: 237577
sat
real sat
../SAT_split/QF_NIA_2_25//20170427-VeryMax/SAT14/315.smt2 : 3513 ms.
--------------------------------------------------
Number of variables: 23044
Number of clauses: 144656
unsat in 2 bits.
Number of variables: 27977
Number of clauses: 173487
unsat in 4 bits.
Number of variables: 40137
Number of clauses: 245539
sat
real sat
../SAT_split/QF_NIA_2_25//20170427-VeryMax/SAT14/316.smt2 : 3313 ms.
--------------------------------------------------
Number of variables: 23957
Number of clauses: 150980
unsat in 2 bits.
Number of variables: 28982
Number of clauses: 180393
unsat in 4 bits.
Number of variables: 41328
Number of clauses: 253617
sat
real sat
../SAT_split/QF_NIA_2_25//20170427-VeryMax/SAT14/317.smt2 : 5084 ms.
--------------------------------------------------
Number of variables: 24930
Number of clauses: 157712
unsat in 2 bits.
Number of variables: 30063
Number of clauses: 187835
unsat in 4 bits.
Number of variables: 42627
Number of clauses: 262487
sat
real sat
../SAT_split/QF_NIA_2_25//20170427-VeryMax/SAT14/318.smt2 : 8196 ms.
--------------------------------------------------
Number of variables: 25875
Number of clauses: 164280
unsat in 2 bits.
Number of variables: 31100
Number of clauses: 194985
unsat in 4 bits.
Number of variables: 43850
Number of clauses: 270809
sat
real sat
../SAT_split/QF_NIA_2_25//20170427-VeryMax/SAT14/319.smt2 : 7700 ms.
--------------------------------------------------
Number of variables: 12655
Number of clauses: 71106
unsat in 2 bits.
Number of variables: 19633
Number of clauses: 103693
unsat in 4 bits.
Number of variables: 26761
Number of clauses: 152660
sat
real sat
../SAT_split/QF_NIA_2_25//20170427-VeryMax/SAT14/31.smt2 : 1183 ms.
--------------------------------------------------
Number of variables: 26888
Number of clauses: 171296
unsat in 2 bits.
Number of variables: 32221
Number of clauses: 202711
unsat in 4 bits.
Number of variables: 45189
Number of clauses: 279963
sat
real sat
../SAT_split/QF_NIA_2_25//20170427-VeryMax/SAT14/320.smt2 : 7440 ms.
--------------------------------------------------
Number of variables: 27917
Number of clauses: 178428
unsat in 2 bits.
Number of variables: 33358
Number of clauses: 210553
unsat in 4 bits.
Number of variables: 46544
Number of clauses: 289233
sat
real sat
../SAT_split/QF_NIA_2_25//20170427-VeryMax/SAT14/321.smt2 : 5996 ms.
--------------------------------------------------
Number of variables: 29006
Number of clauses: 185968
unsat in 2 bits.
Number of variables: 34571
Number of clauses: 218931
unsat in 4 bits.
Number of variables: 48007
Number of clauses: 299295
sat
real sat
../SAT_split/QF_NIA_2_25//20170427-VeryMax/SAT14/322.smt2 : 4342 ms.
--------------------------------------------------
Number of variables: 30015
Number of clauses: 193036
unsat in 2 bits.
Number of variables: 35672
Number of clauses: 226581
unsat in 4 bits.
Number of variables: 49294
Number of clauses: 308117
sat
real sat
../SAT_split/QF_NIA_2_25//20170427-VeryMax/SAT14/323.smt2 : 5118 ms.
--------------------------------------------------
Number of variables: 31100
Number of clauses: 200592
unsat in 2 bits.
Number of variables: 36865
Number of clauses: 234847
unsat in 4 bits.
Number of variables: 50705
Number of clauses: 317811
sat
real sat
../SAT_split/QF_NIA_2_25//20170427-VeryMax/SAT14/324.smt2 : 7224 ms.
--------------------------------------------------
Number of variables: 32201
Number of clauses: 208264
unsat in 2 bits.
Number of variables: 38074
Number of clauses: 243229
unsat in 4 bits.
Number of variables: 52132
Number of clauses: 327621
../SAT_split/QF_NIA_2_25//20170427-VeryMax/SAT14/325.smt2 : 11020 ms.
--------------------------------------------------
Number of variables: 33362
Number of clauses: 216344
unsat in 2 bits.
Number of variables: 39359
Number of clauses: 252147
unsat in 4 bits.
Number of variables: 53667
Number of clauses: 338223
../SAT_split/QF_NIA_2_25//20170427-VeryMax/SAT14/326.smt2 : 11015 ms.
--------------------------------------------------
Number of variables: 34495
Number of clauses: 224260
unsat in 2 bits.
Number of variables: 40600
Number of clauses: 260773
unsat in 4 bits.
Number of variables: 55126
Number of clauses: 348277
sat
real sat
../SAT_split/QF_NIA_2_25//20170427-VeryMax/SAT14/327.smt2 : 10425 ms.
--------------------------------------------------
Number of variables: 35696
Number of clauses: 232624
unsat in 2 bits.
Number of variables: 41925
Number of clauses: 269975
unsat in 4 bits.
Number of variables: 56701
Number of clauses: 359163
sat
real sat
../SAT_split/QF_NIA_2_25//20170427-VeryMax/SAT14/328.smt2 : 8722 ms.
--------------------------------------------------
Number of variables: 36913
Number of clauses: 241104
unsat in 2 bits.
Number of variables: 43266
Number of clauses: 279293
unsat in 4 bits.
Number of variables: 58292
Number of clauses: 370165
sat
real sat
../SAT_split/QF_NIA_2_25//20170427-VeryMax/SAT14/329.smt2 : 8748 ms.
--------------------------------------------------
Number of variables: 13581
Number of clauses: 76928
unsat in 2 bits.
Number of variables: 20854
Number of clauses: 111033
unsat in 4 bits.
Number of variables: 28169
Number of clauses: 161688
sat
real sat
../SAT_split/QF_NIA_2_25//20170427-VeryMax/SAT14/32.smt2 : 1227 ms.
--------------------------------------------------
Number of variables: 38190
Number of clauses: 249992
unsat in 2 bits.
Number of variables: 44683
Number of clauses: 289147
unsat in 4 bits.
Number of variables: 59991
Number of clauses: 381959
../SAT_split/QF_NIA_2_25//20170427-VeryMax/SAT14/330.smt2 : 11018 ms.
--------------------------------------------------
Number of variables: 39259
Number of clauses: 257708
unsat in 2 bits.
Number of variables: 45828
Number of clauses: 297317
unsat in 4 bits.
Number of variables: 61290
Number of clauses: 391045
sat
real sat
../SAT_split/QF_NIA_2_25//20170427-VeryMax/SAT14/331.smt2 : 10784 ms.
--------------------------------------------------
Number of variables: 40420
Number of clauses: 265992
unsat in 2 bits.
Number of variables: 47081
Number of clauses: 306183
unsat in 4 bits.
Number of variables: 62729
Number of clauses: 401083
sat
real sat
../SAT_split/QF_NIA_2_25//20170427-VeryMax/SAT14/332.smt2 : 9896 ms.
--------------------------------------------------
Number of variables: 41597
Number of clauses: 274392
unsat in 2 bits.
Number of variables: 48350
Number of clauses: 315165
unsat in 4 bits.
Number of variables: 64184
Number of clauses: 411237
sat
real sat
../SAT_split/QF_NIA_2_25//20170427-VeryMax/SAT14/333.smt2 : 10765 ms.
--------------------------------------------------
Number of variables: 42834
Number of clauses: 283200
unsat in 2 bits.
Number of variables: 49695
Number of clauses: 324683
unsat in 4 bits.
Number of variables: 65747
Number of clauses: 422183
../SAT_split/QF_NIA_2_25//20170427-VeryMax/SAT14/334.smt2 : 11015 ms.
--------------------------------------------------
Number of variables: 44043
Number of clauses: 291844
unsat in 2 bits.
Number of variables: 50996
Number of clauses: 333909
unsat in 4 bits.
Number of variables: 67234
Number of clauses: 432581
../SAT_split/QF_NIA_2_25//20170427-VeryMax/SAT14/335.smt2 : 11012 ms.
--------------------------------------------------
Number of variables: 45320
Number of clauses: 300936
unsat in 2 bits.
Number of variables: 52381
Number of clauses: 343711
unsat in 4 bits.
Number of variables: 68837
Number of clauses: 443811
../SAT_split/QF_NIA_2_25//20170427-VeryMax/SAT14/336.smt2 : 11016 ms.
--------------------------------------------------
Number of variables: 46613
Number of clauses: 310144
unsat in 2 bits.
Number of variables: 53782
Number of clauses: 353629
unsat in 4 bits.
Number of variables: 70456
Number of clauses: 455157
../SAT_split/QF_NIA_2_25//20170427-VeryMax/SAT14/337.smt2 : 11017 ms.
--------------------------------------------------
Number of variables: 47932
Number of clauses: 319528
unsat in 2 bits.
Number of variables: 55209
Number of clauses: 363723
unsat in 4 bits.
Number of variables: 72099
Number of clauses: 466671
../SAT_split/QF_NIA_2_25//20170427-VeryMax/SAT14/338.smt2 : 11014 ms.
--------------------------------------------------
Number of variables: 49283
Number of clauses: 329096
unsat in 2 bits.
Number of variables: 56668
Number of clauses: 374001
../SAT_split/QF_NIA_2_25//20170427-VeryMax/SAT14/339.smt2 : 11013 ms.
--------------------------------------------------
Number of variables: 14381
Number of clauses: 82116
unsat in 2 bits.
Number of variables: 21909
Number of clauses: 117419
unsat in 4 bits.
Number of variables: 29327
Number of clauses: 169106
sat
real sat
../SAT_split/QF_NIA_2_25//20170427-VeryMax/SAT14/33.smt2 : 1257 ms.
--------------------------------------------------
Number of variables: 50762
Number of clauses: 339412
unsat in 2 bits.
Number of variables: 58287
Number of clauses: 385283
../SAT_split/QF_NIA_2_25//20170427-VeryMax/SAT14/340.smt2 : 11016 ms.
--------------------------------------------------
Number of variables: 52129
Number of clauses: 349180
unsat in 2 bits.
Number of variables: 59762
Number of clauses: 395761
unsat in 4 bits.
../SAT_split/QF_NIA_2_25//20170427-VeryMax/SAT14/341.smt2 : 11018 ms.
--------------------------------------------------
Number of variables: 53520
Number of clauses: 359092
unsat in 2 bits.
Number of variables: 61261
Number of clauses: 406383
unsat in 4 bits.
Number of variables: 79079
Number of clauses: 515523
../SAT_split/QF_NIA_2_25//20170427-VeryMax/SAT14/342.smt2 : 11020 ms.
--------------------------------------------------
Number of variables: 54875
Number of clauses: 368812
unsat in 2 bits.
Number of variables: 62708
Number of clauses: 416685
../SAT_split/QF_NIA_2_25//20170427-VeryMax/SAT14/343.smt2 : 11017 ms.
--------------------------------------------------
Number of variables: 56306
Number of clauses: 379008
unsat in 2 bits.
Number of variables: 64247
Number of clauses: 427591
../SAT_split/QF_NIA_2_25//20170427-VeryMax/SAT14/344.smt2 : 11017 ms.
--------------------------------------------------
Number of variables: 57873
Number of clauses: 389992
unsat in 2 bits.
Number of variables: 65954
Number of clauses: 439541
../SAT_split/QF_NIA_2_25//20170427-VeryMax/SAT14/345.smt2 : 11026 ms.
--------------------------------------------------
Number of variables: 59412
Number of clauses: 400812
unsat in 2 bits.
Number of variables: 67617
Number of clauses: 451199
../SAT_split/QF_NIA_2_25//20170427-VeryMax/SAT14/346.smt2 : 11017 ms.
--------------------------------------------------
Number of variables: 61019
Number of clauses: 412080
unsat in 2 bits.
Number of variables: 69364
Number of clauses: 463433
../SAT_split/QF_NIA_2_25//20170427-VeryMax/SAT14/347.smt2 : 11025 ms.
--------------------------------------------------
Number of variables: 62642
Number of clauses: 423464
unsat in 2 bits.
Number of variables: 71127
Number of clauses: 475783
../SAT_split/QF_NIA_2_25//20170427-VeryMax/SAT14/348.smt2 : 11020 ms.
--------------------------------------------------
Number of variables: 64325
Number of clauses: 435256
unsat in 2 bits.
Number of variables: 72966
Number of clauses: 488669
../SAT_split/QF_NIA_2_25//20170427-VeryMax/SAT14/349.smt2 : 11026 ms.
--------------------------------------------------
Number of variables: 15296
Number of clauses: 87924
unsat in 2 bits.
Number of variables: 23099
Number of clauses: 124585
unsat in 4 bits.
Number of variables: 30660
Number of clauses: 177624
sat
real sat
../SAT_split/QF_NIA_2_25//20170427-VeryMax/SAT14/34.smt2 : 1631 ms.
--------------------------------------------------
Number of variables: 65868
Number of clauses: 446240
unsat in 2 bits.
Number of variables: 74617
Number of clauses: 500363
../SAT_split/QF_NIA_2_25//20170427-VeryMax/SAT14/350.smt2 : 11027 ms.
--------------------------------------------------
Number of variables: 16166
Number of clauses: 93507
unsat in 2 bits.
Number of variables: 24224
Number of clauses: 131366
unsat in 4 bits.
Number of variables: 31888
Number of clauses: 185437
sat
real sat
../SAT_split/QF_NIA_2_25//20170427-VeryMax/SAT14/35.smt2 : 1669 ms.
--------------------------------------------------
Number of variables: 17121
Number of clauses: 99650
unsat in 2 bits.
Number of variables: 21723
Number of clauses: 126346
unsat in 4 bits.
Number of variables: 33261
Number of clauses: 194290
sat
real sat
../SAT_split/QF_NIA_2_25//20170427-VeryMax/SAT14/36.smt2 : 2056 ms.
--------------------------------------------------
Number of variables: 17894
Number of clauses: 104698
unsat in 2 bits.
Number of variables: 22604
Number of clauses: 132104
unsat in 4 bits.
Number of variables: 34360
Number of clauses: 201476
sat
real sat
../SAT_split/QF_NIA_2_25//20170427-VeryMax/SAT14/37.smt2 : 2402 ms.
--------------------------------------------------
Number of variables: 18759
Number of clauses: 110242
unsat in 2 bits.
Number of variables: 23593
Number of clauses: 138486
unsat in 4 bits.
Number of variables: 35599
Number of clauses: 209542
sat
real sat
../SAT_split/QF_NIA_2_25//20170427-VeryMax/SAT14/38.smt2 : 2460 ms.
--------------------------------------------------
Number of variables: 19506
Number of clauses: 115230
unsat in 2 bits.
Number of variables: 24432
Number of clauses: 144056
unsat in 4 bits.
Number of variables: 36622
Number of clauses: 216276
sat
real sat
../SAT_split/QF_NIA_2_25//20170427-VeryMax/SAT14/39.smt2 : 4564 ms.
--------------------------------------------------
Number of variables: 93233
Number of clauses: 561087
../SAT_split/QF_NIA_2_25//20170427-VeryMax/SAT14/3.smt2 : 11021 ms.
--------------------------------------------------
Number of variables: 20465
Number of clauses: 121386
unsat in 2 bits.
Number of variables: 25531
Number of clauses: 151178
unsat in 4 bits.
Number of variables: 38001
Number of clauses: 225330
sat
real sat
../SAT_split/QF_NIA_2_25//20170427-VeryMax/SAT14/40.smt2 : 5297 ms.
--------------------------------------------------
Number of variables: 21328
Number of clauses: 127038
unsat in 2 bits.
Number of variables: 26502
Number of clauses: 157540
unsat in 4 bits.
Number of variables: 39188
Number of clauses: 233112
sat
real sat
../SAT_split/QF_NIA_2_25//20170427-VeryMax/SAT14/41.smt2 : 4324 ms.
--------------------------------------------------
Number of variables: 22335
Number of clauses: 133506
unsat in 2 bits.
Number of variables: 27649
Number of clauses: 164974
unsat in 4 bits.
Number of variables: 40615
Number of clauses: 242478
sat
real sat
../SAT_split/QF_NIA_2_25//20170427-VeryMax/SAT14/42.smt2 : 3493 ms.
--------------------------------------------------
Number of variables: 23208
Number of clauses: 139350
unsat in 2 bits.
Number of variables: 28630
Number of clauses: 171528
unsat in 4 bits.
Number of variables: 41812
Number of clauses: 250452
unsat in 8 bits.
Number of variables: 77450
Number of clauses: 466228
../SAT_split/QF_NIA_2_25//20170427-VeryMax/SAT14/43.smt2 : 11022 ms.
--------------------------------------------------
Number of variables: 24113
Number of clauses: 145354
unsat in 2 bits.
Number of variables: 29643
Number of clauses: 178242
unsat in 4 bits.
Number of variables: 43041
Number of clauses: 258586
unsat in 8 bits.
Number of variables: 79125
Number of clauses: 477258
../SAT_split/QF_NIA_2_25//20170427-VeryMax/SAT14/44.smt2 : 11017 ms.
--------------------------------------------------
Number of variables: 25034
Number of clauses: 151510
unsat in 2 bits.
Number of variables: 30672
Number of clauses: 185108
unsat in 4 bits.
Number of variables: 44286
Number of clauses: 266872
unsat in 8 bits.
Number of variables: 80816
Number of clauses: 488440
../SAT_split/QF_NIA_2_25//20170427-VeryMax/SAT14/45.smt2 : 11025 ms.
--------------------------------------------------
Number of variables: 25979
Number of clauses: 157822
unsat in 2 bits.
Number of variables: 31725
Number of clauses: 192130
unsat in 4 bits.
Number of variables: 45555
Number of clauses: 275314
unsat in 8 bits.
Number of variables: 82531
Number of clauses: 499778
sat
real sat
../SAT_split/QF_NIA_2_25//20170427-VeryMax/SAT14/46.smt2 : 9300 ms.
--------------------------------------------------
Number of variables: 26984
Number of clauses: 164530
unsat in 2 bits.
Number of variables: 32854
Number of clauses: 199676
unsat in 4 bits.
Number of variables: 46932
Number of clauses: 284536
unsat in 8 bits.
Number of variables: 84418
Number of clauses: 512408
../SAT_split/QF_NIA_2_25//20170427-VeryMax/SAT14/47.smt2 : 11017 ms.
--------------------------------------------------
Number of variables: 27961
Number of clauses: 171074
unsat in 2 bits.
Number of variables: 33939
Number of clauses: 206930
unsat in 4 bits.
Number of variables: 48233
Number of clauses: 293210
unsat in 8 bits.
Number of variables: 86165
Number of clauses: 523978
../SAT_split/QF_NIA_2_25//20170427-VeryMax/SAT14/48.smt2 : 11014 ms.
--------------------------------------------------
Number of variables: 29006
Number of clauses: 178054
unsat in 2 bits.
Number of variables: 35108
Number of clauses: 214748
unsat in 4 bits.
Number of variables: 49650
Number of clauses: 302704
unsat in 8 bits.
Number of variables: 88092
Number of clauses: 536880
../SAT_split/QF_NIA_2_25//20170427-VeryMax/SAT14/49.smt2 : 11025 ms.
--------------------------------------------------
Number of variables: 30031
Number of clauses: 184898
unsat in 2 bits.
Number of variables: 36241
Number of clauses: 222302
unsat in 4 bits.
Number of variables: 50999
Number of clauses: 311678
unsat in 8 bits.
Number of variables: 89887
Number of clauses: 548750
../SAT_split/QF_NIA_2_25//20170427-VeryMax/SAT14/50.smt2 : 11015 ms.
--------------------------------------------------
Number of variables: 31200
Number of clauses: 192582
unsat in 2 bits.
Number of variables: 37550
Number of clauses: 230952
unsat in 4 bits.
Number of variables: 52588
Number of clauses: 322260
unsat in 8 bits.
Number of variables: 92050
Number of clauses: 563252
../SAT_split/QF_NIA_2_25//20170427-VeryMax/SAT14/51.smt2 : 11022 ms.
--------------------------------------------------
Number of variables: 32241
Number of clauses: 199662
unsat in 2 bits.
Number of variables: 38699
Number of clauses: 238742
unsat in 4 bits.
Number of variables: 53953
Number of clauses: 331470
unsat in 8 bits.
Number of variables: 93861
Number of clauses: 575358
../SAT_split/QF_NIA_2_25//20170427-VeryMax/SAT14/52.smt2 : 11023 ms.
--------------------------------------------------
Number of variables: 33314
Number of clauses: 206926
unsat in 2 bits.
Number of variables: 39880
Number of clauses: 246716
unsat in 4 bits.
Number of variables: 55350
Number of clauses: 340864
unsat in 8 bits.
../SAT_split/QF_NIA_2_25//20170427-VeryMax/SAT14/53.smt2 : 11016 ms.
--------------------------------------------------
Number of variables: 34455
Number of clauses: 214614
unsat in 2 bits.
Number of variables: 41145
Number of clauses: 255242
unsat in 4 bits.
Number of variables: 56863
Number of clauses: 351066
unsat in 8 bits.
Number of variables: 97727
Number of clauses: 601258
../SAT_split/QF_NIA_2_25//20170427-VeryMax/SAT14/54.smt2 : 11014 ms.
--------------------------------------------------
Number of variables: 35612
Number of clauses: 222418
unsat in 2 bits.
Number of variables: 42426
Number of clauses: 263884
unsat in 4 bits.
Number of variables: 58392
Number of clauses: 361384
../SAT_split/QF_NIA_2_25//20170427-VeryMax/SAT14/55.smt2 : 11012 ms.
--------------------------------------------------
Number of variables: 36829
Number of clauses: 230630
unsat in 2 bits.
Number of variables: 43783
Number of clauses: 273062
unsat in 4 bits.
Number of variables: 60029
Number of clauses: 372494
unsat in 8 bits.
Number of variables: 101977
Number of clauses: 630014
../SAT_split/QF_NIA_2_25//20170427-VeryMax/SAT14/56.smt2 : 11020 ms.
--------------------------------------------------
Number of variables: 37906
Number of clauses: 238034
unsat in 2 bits.
Number of variables: 44952
Number of clauses: 281048
unsat in 4 bits.
Number of variables: 61382
Number of clauses: 381644
../SAT_split/QF_NIA_2_25//20170427-VeryMax/SAT14/57.smt2 : 11024 ms.
--------------------------------------------------
Number of variables: 39067
Number of clauses: 245966
unsat in 2 bits.
Number of variables: 46221
Number of clauses: 289690
unsat in 4 bits.
Number of variables: 62867
Number of clauses: 391706
../SAT_split/QF_NIA_2_25//20170427-VeryMax/SAT14/58.smt2 : 11028 ms.
--------------------------------------------------
Number of variables: 40244
Number of clauses: 254014
unsat in 2 bits.
Number of variables: 47506
Number of clauses: 298448
unsat in 4 bits.
Number of variables: 64368
Number of clauses: 401884
../SAT_split/QF_NIA_2_25//20170427-VeryMax/SAT14/59.smt2 : 11027 ms.
--------------------------------------------------
Number of variables: 41453
Number of clauses: 262234
unsat in 2 bits.
Number of variables: 48823
Number of clauses: 307378
../SAT_split/QF_NIA_2_25//20170427-VeryMax/SAT14/60.smt2 : 11020 ms.
--------------------------------------------------
Number of variables: 42858
Number of clauses: 271578
unsat in 2 bits.
Number of variables: 50384
Number of clauses: 317816
unsat in 4 bits.
Number of variables: 67774
Number of clauses: 424860
../SAT_split/QF_NIA_2_25//20170427-VeryMax/SAT14/61.smt2 : 11022 ms.
--------------------------------------------------
Number of variables: 44235
Number of clauses: 280770
unsat in 2 bits.
Number of variables: 51901
Number of clauses: 327974
unsat in 4 bits.
Number of variables: 69571
Number of clauses: 436950
../SAT_split/QF_NIA_2_25//20170427-VeryMax/SAT14/62.smt2 : 11026 ms.
--------------------------------------------------
Number of variables: 45568
Number of clauses: 289730
unsat in 2 bits.
Number of variables: 53358
Number of clauses: 337772
unsat in 4 bits.
Number of variables: 71276
Number of clauses: 448424
../SAT_split/QF_NIA_2_25//20170427-VeryMax/SAT14/63.smt2 : 11016 ms.
--------------------------------------------------
Number of variables: 47029
Number of clauses: 299486
unsat in 2 bits.
Number of variables: 54975
Number of clauses: 348622
unsat in 4 bits.
Number of variables: 73205
Number of clauses: 461462
../SAT_split/QF_NIA_2_25//20170427-VeryMax/SAT14/64.smt2 : 11021 ms.
--------------------------------------------------
Number of variables: 48514
Number of clauses: 309398
unsat in 2 bits.
Number of variables: 56616
Number of clauses: 359628
unsat in 4 bits.
Number of variables: 75158
Number of clauses: 474656
../SAT_split/QF_NIA_2_25//20170427-VeryMax/SAT14/65.smt2 : 11020 ms.
--------------------------------------------------
Number of variables: 50015
Number of clauses: 319426
unsat in 2 bits.
Number of variables: 58273
Number of clauses: 370750
../SAT_split/QF_NIA_2_25//20170427-VeryMax/SAT14/66.smt2 : 11021 ms.
--------------------------------------------------
Number of variables: 51576
Number of clauses: 329862
unsat in 2 bits.
Number of variables: 60006
Number of clauses: 382408
../SAT_split/QF_NIA_2_25//20170427-VeryMax/SAT14/67.smt2 : 11019 ms.
--------------------------------------------------
Number of variables: 53057
Number of clauses: 339826
../SAT_split/QF_NIA_2_25//20170427-VeryMax/SAT14/68.smt2 : 11016 ms.
--------------------------------------------------
Number of variables: 54614
Number of clauses: 350278
unsat in 2 bits.
Number of variables: 63340
Number of clauses: 404884
unsat in 4 bits.
Number of variables: 83130
Number of clauses: 528664
../SAT_split/QF_NIA_2_25//20170427-VeryMax/SAT14/69.smt2 : 11014 ms.
--------------------------------------------------
Number of variables: 56187
Number of clauses: 360846
unsat in 2 bits.
Number of variables: 65069
Number of clauses: 416546
../SAT_split/QF_NIA_2_25//20170427-VeryMax/SAT14/70.smt2 : 11020 ms.
--------------------------------------------------
Number of variables: 57820
Number of clauses: 371822
unsat in 2 bits.
Number of variables: 66874
Number of clauses: 428744
../SAT_split/QF_NIA_2_25//20170427-VeryMax/SAT14/71.smt2 : 11021 ms.
--------------------------------------------------
Number of variables: 59425
Number of clauses: 382634
unsat in 2 bits.
Number of variables: 68635
Number of clauses: 440650
../SAT_split/QF_NIA_2_25//20170427-VeryMax/SAT14/72.smt2 : 11020 ms.
--------------------------------------------------
Number of variables: 61098
Number of clauses: 393894
unsat in 2 bits.
Number of variables: 70480
Number of clauses: 453132
unsat in 4 bits.
../SAT_split/QF_NIA_2_25//20170427-VeryMax/SAT14/73.smt2 : 11014 ms.
--------------------------------------------------
Number of variables: 62787
Number of clauses: 405270
unsat in 2 bits.
Number of variables: 72341
Number of clauses: 465730
../SAT_split/QF_NIA_2_25//20170427-VeryMax/SAT14/74.smt2 : 11026 ms.
--------------------------------------------------
Number of variables: 64536
Number of clauses: 417054
unsat in 2 bits.
Number of variables: 74278
Number of clauses: 478864
../SAT_split/QF_NIA_2_25//20170427-VeryMax/SAT14/75.smt2 : 11023 ms.
--------------------------------------------------
Number of variables: 65727
Number of clauses: 425778
unsat in 2 bits.
Number of variables: 75529
Number of clauses: 487914
../SAT_split/QF_NIA_2_25//20170427-VeryMax/SAT14/76.smt2 : 11025 ms.
--------------------------------------------------
Number of variables: 67042
Number of clauses: 435390
unsat in 2 bits.
Number of variables: 76920
Number of clauses: 497980
../SAT_split/QF_NIA_2_25//20170427-VeryMax/SAT14/77.smt2 : 11015 ms.
--------------------------------------------------
Number of variables: 68373
Number of clauses: 445118
unsat in 2 bits.
Number of variables: 78327
Number of clauses: 508162
../SAT_split/QF_NIA_2_25//20170427-VeryMax/SAT14/78.smt2 : 11019 ms.
--------------------------------------------------
Number of variables: 69764
Number of clauses: 455254
unsat in 2 bits.
Number of variables: 79810
Number of clauses: 518880
../SAT_split/QF_NIA_2_25//20170427-VeryMax/SAT14/79.smt2 : 11018 ms.
--------------------------------------------------
Number of variables: 71127
Number of clauses: 465226
unsat in 2 bits.
Number of variables: 81249
Number of clauses: 529306
../SAT_split/QF_NIA_2_25//20170427-VeryMax/SAT14/80.smt2 : 11023 ms.
--------------------------------------------------
Number of variables: 2361
Number of clauses: 11473
sat
real sat
../SAT_split/QF_NIA_2_25//20170427-VeryMax/SAT14/81.smt2 : 27 ms.
--------------------------------------------------
Number of variables: 8013
Number of clauses: 40150
sat
real sat
../SAT_split/QF_NIA_2_25//20170427-VeryMax/SAT14/82.smt2 : 175 ms.
--------------------------------------------------
Number of variables: 1201
Number of clauses: 5795
unsat in 2 bits.
Number of variables: 2028
Number of clauses: 9534
unsat in 4 bits.
Number of variables: 3790
Number of clauses: 18880
sat
real sat
../SAT_split/QF_NIA_2_25//20170427-VeryMax/SAT14/85.smt2 : 43 ms.
--------------------------------------------------
Number of variables: 852
Number of clauses: 4147
unsat in 2 bits.
Number of variables: 1408
Number of clauses: 6654
unsat in 4 bits.
Number of variables: 2492
Number of clauses: 12392
sat
real sat
../SAT_split/QF_NIA_2_25//20170427-VeryMax/SAT14/86.smt2 : 38 ms.
--------------------------------------------------
Number of variables: 1156
Number of clauses: 5464
unsat in 2 bits.
Number of variables: 1979
Number of clauses: 9171
unsat in 4 bits.
Number of variables: 3733
Number of clauses: 18453
sat
real sat
../SAT_split/QF_NIA_2_25//20170427-VeryMax/SAT14/87.smt2 : 66 ms.
--------------------------------------------------
Number of variables: 839
Number of clauses: 3977
unsat in 2 bits.
Number of variables: 1399
Number of clauses: 6498
unsat in 4 bits.
Number of variables: 2491
Number of clauses: 12264
unsat in 8 bits.
Number of variables: 5719
Number of clauses: 30426
sat
real sat
../SAT_split/QF_NIA_2_25//20170427-VeryMax/SAT14/88.smt2 : 444 ms.
--------------------------------------------------
Number of variables: 5700
Number of clauses: 28657
unsat in 2 bits.
Number of variables: 9823
Number of clauses: 47575
unsat in 4 bits.
Number of variables: 18179
Number of clauses: 92613
sat
real sat
../SAT_split/QF_NIA_2_25//20170427-VeryMax/SAT14/89.smt2 : 294 ms.
--------------------------------------------------
Number of variables: 6051
Number of clauses: 31013
unsat in 2 bits.
Number of variables: 10362
Number of clauses: 50689
unsat in 4 bits.
Number of variables: 18924
Number of clauses: 96674
sat
real sat
../SAT_split/QF_NIA_2_25//20170427-VeryMax/SAT14/90.smt2 : 250 ms.
--------------------------------------------------
Number of variables: 6462
Number of clauses: 33745
unsat in 2 bits.
Number of variables: 10977
Number of clauses: 54307
unsat in 4 bits.
Number of variables: 19777
Number of clauses: 101495
sat
real sat
../SAT_split/QF_NIA_2_25//20170427-VeryMax/SAT14/91.smt2 : 333 ms.
--------------------------------------------------
Number of variables: 7093
Number of clauses: 37665
unsat in 2 bits.
Number of variables: 11856
Number of clauses: 59481
unsat in 4 bits.
Number of variables: 20988
Number of clauses: 108641
sat
real sat
../SAT_split/QF_NIA_2_25//20170427-VeryMax/SAT14/92.smt2 : 386 ms.
--------------------------------------------------
Number of variables: 7704
Number of clauses: 41461
unsat in 2 bits.
Number of variables: 12699
Number of clauses: 64403
unsat in 4 bits.
Number of variables: 18725
Number of clauses: 103662
sat
real sat
../SAT_split/QF_NIA_2_25//20170427-VeryMax/SAT14/93.smt2 : 644 ms.
--------------------------------------------------
Number of variables: 8383
Number of clauses: 45693
unsat in 2 bits.
Number of variables: 13626
Number of clauses: 69889
unsat in 4 bits.
Number of variables: 19780
Number of clauses: 110424
sat
real sat
../SAT_split/QF_NIA_2_25//20170427-VeryMax/SAT14/94.smt2 : 740 ms.
--------------------------------------------------
Number of variables: 134234
Number of clauses: 945341
../SAT_split/QF_NIA_2_25//20170427-VeryMax/SAT14/95.smt2 : 11021 ms.
--------------------------------------------------
Number of variables: 136355
Number of clauses: 961121
../SAT_split/QF_NIA_2_25//20170427-VeryMax/SAT14/96.smt2 : 11024 ms.
--------------------------------------------------
Number of variables: 138536
Number of clauses: 977309
../SAT_split/QF_NIA_2_25//20170427-VeryMax/SAT14/97.smt2 : 11027 ms.
--------------------------------------------------
Number of variables: 140637
Number of clauses: 993025
../SAT_split/QF_NIA_2_25//20170427-VeryMax/SAT14/98.smt2 : 11019 ms.
--------------------------------------------------
Number of variables: 142814
Number of clauses: 1009229
../SAT_split/QF_NIA_2_25//20170427-VeryMax/SAT14/99.smt2 : 11032 ms.
