--------------------------------------------------
Number of variables: 353258
Number of clauses: 2018395
sat
real sat
../New_SAT_split/QF_NIA_2_17/20170427-VeryMax/ITS/From_T2__fun1b.t2_fixed__p562_terminationG_0.smt2 : 581008 ms.
--------------------------------------------------
Number of variables: 538562
Number of clauses: 3022002
../New_SAT_split/QF_NIA_2_17/20170427-VeryMax/ITS/From_T2__fun1b.t2_fixed__p563_terminationG_0.smt2 : 2401184 ms.
--------------------------------------------------
Number of variables: 211663
Number of clauses: 1246752
sat
real sat
../New_SAT_split/QF_NIA_2_17/20170427-VeryMax/ITS/From_T2__fun1b.t2_fixed__p569_terminationG_0.smt2 : 271361 ms.
--------------------------------------------------
Number of variables: 357607
Number of clauses: 2052197
sat
real sat
../New_SAT_split/QF_NIA_2_17/20170427-VeryMax/ITS/From_T2__fun1b.t2_fixed__p570_terminationG_0.smt2 : 1221970 ms.
--------------------------------------------------
Number of variables: 545315
Number of clauses: 3074478
../New_SAT_split/QF_NIA_2_17/20170427-VeryMax/ITS/From_T2__fun1b.t2_fixed__p571_terminationG_0.smt2 : 2401712 ms.
--------------------------------------------------
Number of variables: 370811
Number of clauses: 2147278
sat
real sat
../New_SAT_split/QF_NIA_2_17/20170427-VeryMax/ITS/From_T2__fun1b.t2_fixed__p578_terminationG_0.smt2 : 1119398 ms.
--------------------------------------------------
Number of variables: 563512
Number of clauses: 3206017
../New_SAT_split/QF_NIA_2_17/20170427-VeryMax/ITS/From_T2__fun1b.t2_fixed__p579_terminationG_0.smt2 : 2401167 ms.
--------------------------------------------------
Number of variables: 15534
Number of clauses: 71368
sat
real sat
../New_SAT_split/QF_NIA_2_17/20170427-VeryMax/ITS/From_T2__fun4-alt.t2__p885_terminationG_0.smt2 : 743 ms.
--------------------------------------------------
Number of variables: 14760
Number of clauses: 68286
sat
real sat
../New_SAT_split/QF_NIA_2_17/20170427-VeryMax/ITS/From_T2__fun4-alt.t2__p891_terminationG_0.smt2 : 968 ms.
--------------------------------------------------
Number of variables: 10308
Number of clauses: 47746
sat
real sat
../New_SAT_split/QF_NIA_2_17/20170427-VeryMax/ITS/From_T2__fun4-alt.t2__p896_terminationG_0.smt2 : 2461 ms.
--------------------------------------------------
Number of variables: 17297
Number of clauses: 80813
sat
real sat
../New_SAT_split/QF_NIA_2_17/20170427-VeryMax/ITS/From_T2__fun4-alt.t2__p897_terminationG_0.smt2 : 4667 ms.
--------------------------------------------------
Number of variables: 16458
Number of clauses: 77124
sat
real sat
../New_SAT_split/QF_NIA_2_17/20170427-VeryMax/ITS/From_T2__fun4-alt.t2__p909_terminationG_0.smt2 : 254 ms.
--------------------------------------------------
Number of variables: 11627
Number of clauses: 54461
sat
real sat
../New_SAT_split/QF_NIA_2_17/20170427-VeryMax/ITS/From_T2__fun4-alt.t2__p915_terminationG_0.smt2 : 5431 ms.
--------------------------------------------------
Number of variables: 18978
Number of clauses: 89488
sat
real sat
../New_SAT_split/QF_NIA_2_17/20170427-VeryMax/ITS/From_T2__fun4-alt.t2__p916_terminationG_0.smt2 : 10712 ms.
--------------------------------------------------
Number of variables: 15534
Number of clauses: 71368
sat
real sat
../New_SAT_split/QF_NIA_2_17/20170427-VeryMax/ITS/From_T2__fun4.t2_fixed__p939_terminationG_0.smt2 : 895 ms.
--------------------------------------------------
Number of variables: 24994
Number of clauses: 116659
sat
real sat
../New_SAT_split/QF_NIA_2_17/20170427-VeryMax/ITS/From_T2__fun4.t2_fixed__p947_terminationG_0.smt2 : 4760 ms.
--------------------------------------------------
Number of variables: 10308
Number of clauses: 47746
sat
real sat
../New_SAT_split/QF_NIA_2_17/20170427-VeryMax/ITS/From_T2__fun4.t2_fixed__p951_terminationG_0.smt2 : 1203 ms.
--------------------------------------------------
Number of variables: 17297
Number of clauses: 80813
sat
real sat
../New_SAT_split/QF_NIA_2_17/20170427-VeryMax/ITS/From_T2__fun4.t2_fixed__p952_terminationG_0.smt2 : 5483 ms.
--------------------------------------------------
Number of variables: 11627
Number of clauses: 54461
sat
real sat
../New_SAT_split/QF_NIA_2_17/20170427-VeryMax/ITS/From_T2__fun4.t2_fixed__p970_terminationG_0.smt2 : 5969 ms.
--------------------------------------------------
Number of variables: 18978
Number of clauses: 89488
sat
real sat
../New_SAT_split/QF_NIA_2_17/20170427-VeryMax/ITS/From_T2__fun4.t2_fixed__p971_terminationG_0.smt2 : 11626 ms.
--------------------------------------------------
Number of variables: 26135
Number of clauses: 122992
sat
real sat
../New_SAT_split/QF_NIA_2_17/20170427-VeryMax/ITS/From_T2__fun4.t2_fixed__p975_terminationG_0.smt2 : 1323 ms.
--------------------------------------------------
Number of variables: 31562
Number of clauses: 146178
sat
real sat
../New_SAT_split/QF_NIA_2_17/20170427-VeryMax/ITS/From_T2__fun4.t2__p990_terminationG_0.smt2 : 19905 ms.
--------------------------------------------------
Number of variables: 345538
Number of clauses: 1600495
../New_SAT_split/QF_NIA_2_17/20170427-VeryMax/ITS/From_T2__fun5.t2_fixed__p1007_terminationG_0.smt2 : 2401112 ms.
--------------------------------------------------
Number of variables: 568948
Number of clauses: 2655364
sat
real sat
../New_SAT_split/QF_NIA_2_17/20170427-VeryMax/ITS/From_T2__fun5.t2__p1028_terminationG_0.smt2 : 736816 ms.
--------------------------------------------------
Number of variables: 73501
Number of clauses: 316533
sat
real sat
../New_SAT_split/QF_NIA_2_17/20170427-VeryMax/ITS/From_T2__fun6.t2_fixed__p1043_terminationG_0.smt2 : 4873 ms.
--------------------------------------------------
Number of variables: 177957
Number of clauses: 790652
sat
real sat
../New_SAT_split/QF_NIA_2_17/20170427-VeryMax/ITS/From_T2__fun6.t2_fixed__p1045_terminationG_0.smt2 : 23702 ms.
--------------------------------------------------
Number of variables: 325021
Number of clauses: 1473543
sat
real sat
../New_SAT_split/QF_NIA_2_17/20170427-VeryMax/ITS/From_T2__fun6.t2_fixed__p1046_terminationG_0.smt2 : 31163 ms.
--------------------------------------------------
Number of variables: 73805
Number of clauses: 317911
sat
real sat
../New_SAT_split/QF_NIA_2_17/20170427-VeryMax/ITS/From_T2__fun6.t2_fixed__p1051_terminationG_0.smt2 : 2801 ms.
--------------------------------------------------
Number of variables: 178389
Number of clauses: 792779
sat
real sat
../New_SAT_split/QF_NIA_2_17/20170427-VeryMax/ITS/From_T2__fun6.t2_fixed__p1052_terminationG_0.smt2 : 33739 ms.
--------------------------------------------------
Number of variables: 325602
Number of clauses: 1476577
sat
real sat
../New_SAT_split/QF_NIA_2_17/20170427-VeryMax/ITS/From_T2__fun6.t2_fixed__p1055_terminationG_0.smt2 : 39529 ms.
--------------------------------------------------
Number of variables: 104669
Number of clauses: 466023
sat
real sat
../New_SAT_split/QF_NIA_2_17/20170427-VeryMax/ITS/From_T2__fun6.t2_fixed__p1064_edge_closing_0.smt2 : 1606 ms.
--------------------------------------------------
Number of variables: 217523
Number of clauses: 981349
sat
real sat
../New_SAT_split/QF_NIA_2_17/20170427-VeryMax/ITS/From_T2__fun6.t2_fixed__p1065_edge_closing_0.smt2 : 20590 ms.
--------------------------------------------------
Number of variables: 373469
Number of clauses: 1709282
sat
real sat
../New_SAT_split/QF_NIA_2_17/20170427-VeryMax/ITS/From_T2__fun6.t2_fixed__p1066_edge_closing_0.smt2 : 66788 ms.
--------------------------------------------------
Number of variables: 107583
Number of clauses: 485556
sat
real sat
../New_SAT_split/QF_NIA_2_17/20170427-VeryMax/ITS/From_T2__fun6.t2_fixed__p1071_edge_closing_0.smt2 : 1768 ms.
--------------------------------------------------
Number of variables: 217407
Number of clauses: 987385
sat
real sat
../New_SAT_split/QF_NIA_2_17/20170427-VeryMax/ITS/From_T2__fun6.t2_fixed__p1072_edge_closing_0.smt2 : 130044 ms.
--------------------------------------------------
Number of variables: 370274
Number of clauses: 1701389
sat
real sat
../New_SAT_split/QF_NIA_2_17/20170427-VeryMax/ITS/From_T2__fun6.t2_fixed__p1073_edge_closing_0.smt2 : 62381 ms.
--------------------------------------------------
Number of variables: 109666
Number of clauses: 492102
sat
real sat
../New_SAT_split/QF_NIA_2_17/20170427-VeryMax/ITS/From_T2__fun6.t2_fixed__p1074_edge_closing_0.smt2 : 1615 ms.
--------------------------------------------------
Number of variables: 222731
Number of clauses: 1008773
sat
real sat
../New_SAT_split/QF_NIA_2_17/20170427-VeryMax/ITS/From_T2__fun6.t2_fixed__p1075_edge_closing_0.smt2 : 40084 ms.
--------------------------------------------------
Number of variables: 378915
Number of clauses: 1738238
sat
real sat
../New_SAT_split/QF_NIA_2_17/20170427-VeryMax/ITS/From_T2__fun6.t2_fixed__p1076_edge_closing_0.smt2 : 767478 ms.
--------------------------------------------------
Number of variables: 70344
Number of clauses: 302800
sat
real sat
../New_SAT_split/QF_NIA_2_17/20170427-VeryMax/ITS/From_T2__fun6.t2__p1083_terminationG_0.smt2 : 1711 ms.
--------------------------------------------------
Number of variables: 171038
Number of clauses: 759754
sat
real sat
../New_SAT_split/QF_NIA_2_17/20170427-VeryMax/ITS/From_T2__fun6.t2__p1084_terminationG_0.smt2 : 7444 ms.
--------------------------------------------------
Number of variables: 312833
Number of clauses: 1418050
sat
real sat
../New_SAT_split/QF_NIA_2_17/20170427-VeryMax/ITS/From_T2__fun6.t2__p1085_terminationG_0.smt2 : 35310 ms.
--------------------------------------------------
Number of variables: 70648
Number of clauses: 304178
sat
real sat
../New_SAT_split/QF_NIA_2_17/20170427-VeryMax/ITS/From_T2__fun6.t2__p1091_terminationG_0.smt2 : 3015 ms.
--------------------------------------------------
Number of variables: 171470
Number of clauses: 761881
sat
real sat
../New_SAT_split/QF_NIA_2_17/20170427-VeryMax/ITS/From_T2__fun6.t2__p1092_terminationG_0.smt2 : 9664 ms.
--------------------------------------------------
Number of variables: 313414
Number of clauses: 1421084
sat
real sat
../New_SAT_split/QF_NIA_2_17/20170427-VeryMax/ITS/From_T2__fun6.t2__p1093_terminationG_0.smt2 : 179609 ms.
--------------------------------------------------
Number of variables: 91728
Number of clauses: 403938
sat
real sat
../New_SAT_split/QF_NIA_2_17/20170427-VeryMax/ITS/From_T2__fun6.t2__p1102_edge_closing_0.smt2 : 1647 ms.
--------------------------------------------------
Number of variables: 197580
Number of clauses: 887660
sat
real sat
../New_SAT_split/QF_NIA_2_17/20170427-VeryMax/ITS/From_T2__fun6.t2__p1103_edge_closing_0.smt2 : 4960 ms.
--------------------------------------------------
Number of variables: 344885
Number of clauses: 1575478
sat
real sat
../New_SAT_split/QF_NIA_2_17/20170427-VeryMax/ITS/From_T2__fun6.t2__p1105_edge_closing_0.smt2 : 704249 ms.
--------------------------------------------------
Number of variables: 66798
Number of clauses: 294565
sat
real sat
../New_SAT_split/QF_NIA_2_17/20170427-VeryMax/ITS/From_T2__fun7.t2_fixed__p1116_terminationG_0.smt2 : 9172 ms.
--------------------------------------------------
Number of variables: 118466
Number of clauses: 533928
sat
real sat
../New_SAT_split/QF_NIA_2_17/20170427-VeryMax/ITS/From_T2__fun7.t2_fixed__p1117_terminationG_0.smt2 : 55069 ms.
--------------------------------------------------
Number of variables: 163234
Number of clauses: 794763
sat
real sat
../New_SAT_split/QF_NIA_2_17/20170427-VeryMax/ITS/From_T2__fun7.t2_fixed__p1127_edge_closing_0.smt2 : 4121 ms.
--------------------------------------------------
Number of variables: 238130
Number of clauses: 1135251
sat
real sat
../New_SAT_split/QF_NIA_2_17/20170427-VeryMax/ITS/From_T2__fun7.t2_fixed__p1128_edge_closing_0.smt2 : 361714 ms.
--------------------------------------------------
Number of variables: 330636
Number of clauses: 1564340
sat
real sat
../New_SAT_split/QF_NIA_2_17/20170427-VeryMax/ITS/From_T2__fun7.t2_fixed__p1129_edge_closing_0.smt2 : 561412 ms.
--------------------------------------------------
Number of variables: 52484
Number of clauses: 231595
sat
real sat
../New_SAT_split/QF_NIA_2_17/20170427-VeryMax/ITS/From_T2__fun7.t2__p1141_terminationG_0.smt2 : 5932 ms.
--------------------------------------------------
Number of variables: 94195
Number of clauses: 424805
sat
real sat
../New_SAT_split/QF_NIA_2_17/20170427-VeryMax/ITS/From_T2__fun7.t2__p1142_terminationG_0.smt2 : 24823 ms.
--------------------------------------------------
Number of variables: 107418
Number of clauses: 480406
sat
real sat
../New_SAT_split/QF_NIA_2_17/20170427-VeryMax/ITS/From_T2__fun7.t2__p1151_terminationG_0.smt2 : 27849 ms.
--------------------------------------------------
Number of variables: 191436
Number of clauses: 872180
sat
real sat
../New_SAT_split/QF_NIA_2_17/20170427-VeryMax/ITS/From_T2__fun7.t2__p1152_terminationG_0.smt2 : 49046 ms.
--------------------------------------------------
Number of variables: 263237
Number of clauses: 1257271
sat
real sat
../New_SAT_split/QF_NIA_2_17/20170427-VeryMax/ITS/From_T2__fun7.t2__p1164_edge_closing_0.smt2 : 30397 ms.
--------------------------------------------------
Number of variables: 403655
Number of clauses: 1898460
sat
real sat
../New_SAT_split/QF_NIA_2_17/20170427-VeryMax/ITS/From_T2__fun7.t2__p1165_edge_closing_0.smt2 : 194202 ms.
--------------------------------------------------
Number of variables: 577025
Number of clauses: 2705884
sat
real sat
../New_SAT_split/QF_NIA_2_17/20170427-VeryMax/ITS/From_T2__fun7.t2__p1167_edge_closing_0.smt2 : 2234561 ms.
