--------------------------------------------------
Number of variables: 1698
Number of clauses: 7487
sat
real sat
../New_SAT_split/QF_NIA_4_2/AProVE/aproveSMT1921934893170238498.smt2 : 40 ms.
--------------------------------------------------
Number of variables: 7174
Number of clauses: 29933
sat
real sat
../New_SAT_split/QF_NIA_4_2/AProVE/aproveSMT1925431407371080493.smt2 : 106 ms.
--------------------------------------------------
Number of variables: 236349
Number of clauses: 1032565
sat
real sat
../New_SAT_split/QF_NIA_4_2/AProVE/aproveSMT1940736280721199357.smt2 : 10867 ms.
--------------------------------------------------
Number of variables: 9305
Number of clauses: 40217
sat
real sat
../New_SAT_split/QF_NIA_4_2/AProVE/aproveSMT1946006857087300269.smt2 : 149 ms.
--------------------------------------------------
Number of variables: 1520
Number of clauses: 6827
sat
real sat
../New_SAT_split/QF_NIA_4_2/AProVE/aproveSMT1957380023642536551.smt2 : 33 ms.
--------------------------------------------------
Number of variables: 355623
Number of clauses: 1564302
sat
real sat
../New_SAT_split/QF_NIA_4_2/AProVE/aproveSMT1974177102832544503.smt2 : 20117 ms.
--------------------------------------------------
Number of variables: 1309
Number of clauses: 5319
sat
real sat
../New_SAT_split/QF_NIA_4_2/AProVE/aproveSMT1985461538337735884.smt2 : 22 ms.
--------------------------------------------------
Number of variables: 42392
Number of clauses: 185682
sat
real sat
../New_SAT_split/QF_NIA_4_2/AProVE/aproveSMT1988989355889096288.smt2 : 2612 ms.
--------------------------------------------------
Number of variables: 380981
Number of clauses: 1662719
sat
real sat
../New_SAT_split/QF_NIA_4_2/AProVE/aproveSMT2000554635680853132.smt2 : 20908 ms.
--------------------------------------------------
Number of variables: 14254
Number of clauses: 62539
sat
real sat
../New_SAT_split/QF_NIA_4_2/AProVE/aproveSMT2010284621257259251.smt2 : 469 ms.
--------------------------------------------------
Number of variables: 1760
Number of clauses: 6670
sat
real sat
../New_SAT_split/QF_NIA_4_2/AProVE/aproveSMT2019035133165979665.smt2 : 78 ms.
--------------------------------------------------
Number of variables: 720
Number of clauses: 2821
sat
real sat
../New_SAT_split/QF_NIA_4_2/AProVE/aproveSMT2019264686462914243.smt2 : 63 ms.
--------------------------------------------------
Number of variables: 1362
Number of clauses: 5501
sat
real sat
../New_SAT_split/QF_NIA_4_2/AProVE/aproveSMT2024393323504547881.smt2 : 43 ms.
--------------------------------------------------
Number of variables: 17961
Number of clauses: 68120
sat
real sat
../New_SAT_split/QF_NIA_4_2/AProVE/aproveSMT2025442241669063892.smt2 : 360 ms.
--------------------------------------------------
Number of variables: 409798
Number of clauses: 1792850
sat
real sat
../New_SAT_split/QF_NIA_4_2/AProVE/aproveSMT2031186289822687362.smt2 : 97027 ms.
--------------------------------------------------
Number of variables: 1894
Number of clauses: 7677
sat
real sat
../New_SAT_split/QF_NIA_4_2/AProVE/aproveSMT2044847837117464973.smt2 : 31 ms.
--------------------------------------------------
Number of variables: 2125
Number of clauses: 9145
sat
real sat
../New_SAT_split/QF_NIA_4_2/AProVE/aproveSMT2045146210738691450.smt2 : 88 ms.
--------------------------------------------------
Number of variables: 689
Number of clauses: 2610
sat
real sat
../New_SAT_split/QF_NIA_4_2/AProVE/aproveSMT2053186852308641598.smt2 : 22 ms.
--------------------------------------------------
Number of variables: 3286
Number of clauses: 14174
sat
real sat
../New_SAT_split/QF_NIA_4_2/AProVE/aproveSMT2054940669490607112.smt2 : 85 ms.
--------------------------------------------------
Number of variables: 14288
Number of clauses: 61154
sat
real sat
../New_SAT_split/QF_NIA_4_2/AProVE/aproveSMT2059890911796961568.smt2 : 414 ms.
--------------------------------------------------
Number of variables: 851
Number of clauses: 3331
sat
real sat
../New_SAT_split/QF_NIA_4_2/AProVE/aproveSMT2061930632730522219.smt2 : 27 ms.
--------------------------------------------------
Number of variables: 998
Number of clauses: 4511
sat
real sat
../New_SAT_split/QF_NIA_4_2/AProVE/aproveSMT2063967765068105921.smt2 : 64 ms.
--------------------------------------------------
Number of variables: 21436
Number of clauses: 92882
sat
real sat
../New_SAT_split/QF_NIA_4_2/AProVE/aproveSMT2075489539010646787.smt2 : 1031 ms.
--------------------------------------------------
Number of variables: 1216
Number of clauses: 4625
sat
real sat
../New_SAT_split/QF_NIA_4_2/AProVE/aproveSMT2076531344324430683.smt2 : 22 ms.
--------------------------------------------------
Number of variables: 6157
Number of clauses: 26738
sat
real sat
../New_SAT_split/QF_NIA_4_2/AProVE/aproveSMT2080970443407093756.smt2 : 67 ms.
--------------------------------------------------
Number of variables: 40428
Number of clauses: 171602
sat
real sat
../New_SAT_split/QF_NIA_4_2/AProVE/aproveSMT2081725368205964132.smt2 : 1249 ms.
--------------------------------------------------
Number of variables: 2831
Number of clauses: 10730
sat
real sat
../New_SAT_split/QF_NIA_4_2/AProVE/aproveSMT2091325641578877395.smt2 : 40 ms.
--------------------------------------------------
Number of variables: 419
Number of clauses: 1646
sat
real sat
../New_SAT_split/QF_NIA_4_2/AProVE/aproveSMT2103831101029994911.smt2 : 68 ms.
--------------------------------------------------
Number of variables: 1414
Number of clauses: 5831
sat
real sat
../New_SAT_split/QF_NIA_4_2/AProVE/aproveSMT2109950939724639568.smt2 : 66 ms.
--------------------------------------------------
Number of variables: 22450
Number of clauses: 100358
sat
real sat
../New_SAT_split/QF_NIA_4_2/AProVE/aproveSMT2119025499719165182.smt2 : 1011 ms.
--------------------------------------------------
Number of variables: 3341
Number of clauses: 12870
sat
real sat
../New_SAT_split/QF_NIA_4_2/AProVE/aproveSMT2121262338709227533.smt2 : 61 ms.
--------------------------------------------------
Number of variables: 140926
Number of clauses: 623391
sat
real sat
../New_SAT_split/QF_NIA_4_2/AProVE/aproveSMT2121292005079447352.smt2 : 9327 ms.
--------------------------------------------------
Number of variables: 157
Number of clauses: 599
sat
real sat
../New_SAT_split/QF_NIA_4_2/AProVE/aproveSMT2122551038128423419.smt2 : 19 ms.
--------------------------------------------------
Number of variables: 8611
Number of clauses: 32710
sat
real sat
../New_SAT_split/QF_NIA_4_2/AProVE/aproveSMT2123657877861531207.smt2 : 107 ms.
--------------------------------------------------
Number of variables: 26667
Number of clauses: 127001
sat
real sat
../New_SAT_split/QF_NIA_4_2/AProVE/aproveSMT2125412309997256252.smt2 : 205 ms.
--------------------------------------------------
Number of variables: 5036
Number of clauses: 21717
sat
real sat
../New_SAT_split/QF_NIA_4_2/AProVE/aproveSMT2126642735045670106.smt2 : 113 ms.
--------------------------------------------------
Number of variables: 25122
Number of clauses: 109132
sat
real sat
../New_SAT_split/QF_NIA_4_2/AProVE/aproveSMT2130197114478452371.smt2 : 409 ms.
--------------------------------------------------
Number of variables: 34239
Number of clauses: 147751
sat
real sat
../New_SAT_split/QF_NIA_4_2/AProVE/aproveSMT2138806821348299123.smt2 : 696 ms.
--------------------------------------------------
Number of variables: 842
Number of clauses: 3190
sat
real sat
../New_SAT_split/QF_NIA_4_2/AProVE/aproveSMT2142784755099170345.smt2 : 65 ms.
--------------------------------------------------
Number of variables: 1352
Number of clauses: 5175
sat
real sat
../New_SAT_split/QF_NIA_4_2/AProVE/aproveSMT2145410192430227438.smt2 : 86 ms.
--------------------------------------------------
Number of variables: 221
Number of clauses: 868
sat
real sat
../New_SAT_split/QF_NIA_4_2/AProVE/aproveSMT2154739971971205082.smt2 : 28 ms.
--------------------------------------------------
Number of variables: 5126
Number of clauses: 19430
sat
real sat
../New_SAT_split/QF_NIA_4_2/AProVE/aproveSMT2155634762438664128.smt2 : 53 ms.
--------------------------------------------------
Number of variables: 1522
Number of clauses: 5785
sat
real sat
../New_SAT_split/QF_NIA_4_2/AProVE/aproveSMT2157365016318083112.smt2 : 67 ms.
--------------------------------------------------
Number of variables: 3160
Number of clauses: 13117
sat
real sat
../New_SAT_split/QF_NIA_4_2/AProVE/aproveSMT2158114964317463984.smt2 : 92 ms.
--------------------------------------------------
Number of variables: 21579
Number of clauses: 93442
sat
real sat
../New_SAT_split/QF_NIA_4_2/AProVE/aproveSMT2163640444650240229.smt2 : 1186 ms.
--------------------------------------------------
Number of variables: 11202
Number of clauses: 49062
sat
real sat
../New_SAT_split/QF_NIA_4_2/AProVE/aproveSMT2169947826556866694.smt2 : 183 ms.
--------------------------------------------------
Number of variables: 6013
Number of clauses: 26173
sat
real sat
../New_SAT_split/QF_NIA_4_2/AProVE/aproveSMT2177247277262436215.smt2 : 82 ms.
--------------------------------------------------
Number of variables: 3289
Number of clauses: 13659
sat
real sat
../New_SAT_split/QF_NIA_4_2/AProVE/aproveSMT2180393309678538513.smt2 : 31 ms.
--------------------------------------------------
Number of variables: 1964
Number of clauses: 7495
sat
real sat
../New_SAT_split/QF_NIA_4_2/AProVE/aproveSMT2180870078806303650.smt2 : 61 ms.
--------------------------------------------------
Number of variables: 9253
Number of clauses: 41954
sat
real sat
../New_SAT_split/QF_NIA_4_2/AProVE/aproveSMT2189051876526621929.smt2 : 76 ms.
--------------------------------------------------
Number of variables: 14816
Number of clauses: 67699
sat
real sat
../New_SAT_split/QF_NIA_4_2/AProVE/aproveSMT2200431342265122737.smt2 : 143 ms.
--------------------------------------------------
Number of variables: 24557
Number of clauses: 107862
sat
real sat
../New_SAT_split/QF_NIA_4_2/AProVE/aproveSMT2203987609686087470.smt2 : 808 ms.
--------------------------------------------------
Number of variables: 1591
Number of clauses: 6205
sat
real sat
../New_SAT_split/QF_NIA_4_2/AProVE/aproveSMT2211103848473125371.smt2 : 26 ms.
--------------------------------------------------
Number of variables: 4955
Number of clauses: 20869
sat
real sat
../New_SAT_split/QF_NIA_4_2/AProVE/aproveSMT2211851240001759024.smt2 : 108 ms.
--------------------------------------------------
Number of variables: 468
Number of clauses: 1755
sat
real sat
../New_SAT_split/QF_NIA_4_2/AProVE/aproveSMT2217993778086906389.smt2 : 25 ms.
--------------------------------------------------
Number of variables: 441
Number of clauses: 1705
sat
real sat
../New_SAT_split/QF_NIA_4_2/AProVE/aproveSMT2218433640803157331.smt2 : 27 ms.
--------------------------------------------------
Number of variables: 15405
Number of clauses: 64798
sat
real sat
../New_SAT_split/QF_NIA_4_2/AProVE/aproveSMT2219537502583334158.smt2 : 281 ms.
--------------------------------------------------
Number of variables: 19711
Number of clauses: 86710
sat
real sat
../New_SAT_split/QF_NIA_4_2/AProVE/aproveSMT2220196994468472054.smt2 : 348 ms.
--------------------------------------------------
Number of variables: 6749
Number of clauses: 29183
sat
real sat
../New_SAT_split/QF_NIA_4_2/AProVE/aproveSMT2248243474470056064.smt2 : 70 ms.
--------------------------------------------------
Number of variables: 383
Number of clauses: 1450
sat
real sat
../New_SAT_split/QF_NIA_4_2/AProVE/aproveSMT2249670056167438790.smt2 : 39 ms.
--------------------------------------------------
Number of variables: 451
Number of clauses: 1725
sat
real sat
../New_SAT_split/QF_NIA_4_2/AProVE/aproveSMT2256159023721325971.smt2 : 56 ms.
--------------------------------------------------
Number of variables: 1152
Number of clauses: 4704
sat
real sat
../New_SAT_split/QF_NIA_4_2/AProVE/aproveSMT2260922596628801082.smt2 : 28 ms.
--------------------------------------------------
Number of variables: 143199
Number of clauses: 626102
sat
real sat
../New_SAT_split/QF_NIA_4_2/AProVE/aproveSMT2267890378492720718.smt2 : 6432 ms.
--------------------------------------------------
Number of variables: 628758
Number of clauses: 2827562
sat
real sat
../New_SAT_split/QF_NIA_4_2/AProVE/aproveSMT2273852946944042795.smt2 : 46199 ms.
--------------------------------------------------
Number of variables: 36753
Number of clauses: 170616
sat
real sat
../New_SAT_split/QF_NIA_4_2/AProVE/aproveSMT2276398888104218594.smt2 : 360 ms.
--------------------------------------------------
Number of variables: 359831
Number of clauses: 1569887
sat
real sat
../New_SAT_split/QF_NIA_4_2/AProVE/aproveSMT2279546529930018049.smt2 : 71753 ms.
--------------------------------------------------
Number of variables: 757
Number of clauses: 2885
sat
real sat
../New_SAT_split/QF_NIA_4_2/AProVE/aproveSMT2289768799678770902.smt2 : 25 ms.
--------------------------------------------------
Number of variables: 7325
Number of clauses: 31239
sat
real sat
../New_SAT_split/QF_NIA_4_2/AProVE/aproveSMT2295621871619130942.smt2 : 72 ms.
--------------------------------------------------
Number of variables: 6159
Number of clauses: 28073
sat
real sat
../New_SAT_split/QF_NIA_4_2/AProVE/aproveSMT2296275346109531321.smt2 : 77 ms.
--------------------------------------------------
Number of variables: 30760
Number of clauses: 133748
sat
real sat
../New_SAT_split/QF_NIA_4_2/AProVE/aproveSMT2306111754226422167.smt2 : 1043 ms.
--------------------------------------------------
Number of variables: 21180
Number of clauses: 99611
sat
real sat
../New_SAT_split/QF_NIA_4_2/AProVE/aproveSMT2309033674141464755.smt2 : 526 ms.
--------------------------------------------------
Number of variables: 978
Number of clauses: 3740
sat
real sat
../New_SAT_split/QF_NIA_4_2/AProVE/aproveSMT2309057211130479784.smt2 : 59 ms.
--------------------------------------------------
Number of variables: 1233
Number of clauses: 4655
sat
real sat
../New_SAT_split/QF_NIA_4_2/AProVE/aproveSMT2311630272619652453.smt2 : 46 ms.
--------------------------------------------------
Number of variables: 142480
Number of clauses: 652773
sat
real sat
../New_SAT_split/QF_NIA_4_2/AProVE/aproveSMT2313612983845754801.smt2 : 9874 ms.
--------------------------------------------------
Number of variables: 160024
Number of clauses: 707161
sat
real sat
../New_SAT_split/QF_NIA_4_2/AProVE/aproveSMT2316535250821506157.smt2 : 5035 ms.
--------------------------------------------------
Number of variables: 2892
Number of clauses: 12543
sat
real sat
../New_SAT_split/QF_NIA_4_2/AProVE/aproveSMT2322179511678559502.smt2 : 58 ms.
--------------------------------------------------
Number of variables: 491
Number of clauses: 1855
sat
real sat
../New_SAT_split/QF_NIA_4_2/AProVE/aproveSMT2331608993226750467.smt2 : 59 ms.
--------------------------------------------------
Number of variables: 293
Number of clauses: 1132
sat
real sat
../New_SAT_split/QF_NIA_4_2/AProVE/aproveSMT2338691775363015641.smt2 : 80 ms.
--------------------------------------------------
Number of variables: 2625
Number of clauses: 11371
sat
real sat
../New_SAT_split/QF_NIA_4_2/AProVE/aproveSMT2339601972147165362.smt2 : 38 ms.
--------------------------------------------------
Number of variables: 12143
Number of clauses: 51870
sat
real sat
../New_SAT_split/QF_NIA_4_2/AProVE/aproveSMT2342232429725814709.smt2 : 112 ms.
--------------------------------------------------
Number of variables: 1437
Number of clauses: 5480
sat
real sat
../New_SAT_split/QF_NIA_4_2/AProVE/aproveSMT2343912548139256768.smt2 : 23 ms.
--------------------------------------------------
Number of variables: 148
Number of clauses: 586
sat
real sat
../New_SAT_split/QF_NIA_4_2/AProVE/aproveSMT2344836628067265548.smt2 : 36 ms.
--------------------------------------------------
Number of variables: 226286
Number of clauses: 988625
sat
real sat
../New_SAT_split/QF_NIA_4_2/AProVE/aproveSMT2350462964939983297.smt2 : 5926 ms.
--------------------------------------------------
Number of variables: 20041
Number of clauses: 87594
sat
real sat
../New_SAT_split/QF_NIA_4_2/AProVE/aproveSMT2355004445894478329.smt2 : 565 ms.
--------------------------------------------------
Number of variables: 87579
Number of clauses: 388053
sat
real sat
../New_SAT_split/QF_NIA_4_2/AProVE/aproveSMT2357409284306338375.smt2 : 3834 ms.
--------------------------------------------------
Number of variables: 2023
Number of clauses: 8145
sat
real sat
../New_SAT_split/QF_NIA_4_2/AProVE/aproveSMT2359969224185831181.smt2 : 27 ms.
--------------------------------------------------
Number of variables: 4939
Number of clauses: 19100
sat
real sat
../New_SAT_split/QF_NIA_4_2/AProVE/aproveSMT2366205485937395070.smt2 : 44 ms.
--------------------------------------------------
Number of variables: 689
Number of clauses: 2610
sat
real sat
../New_SAT_split/QF_NIA_4_2/AProVE/aproveSMT2367863771615675383.smt2 : 59 ms.
--------------------------------------------------
Number of variables: 12719
Number of clauses: 55974
sat
real sat
../New_SAT_split/QF_NIA_4_2/AProVE/aproveSMT2374751765494190939.smt2 : 104 ms.
--------------------------------------------------
Number of variables: 383
Number of clauses: 1450
sat
real sat
../New_SAT_split/QF_NIA_4_2/AProVE/aproveSMT2385760151885187125.smt2 : 63 ms.
--------------------------------------------------
Number of variables: 126098
Number of clauses: 552056
sat
real sat
../New_SAT_split/QF_NIA_4_2/AProVE/aproveSMT2389678176018104035.smt2 : 6585 ms.
--------------------------------------------------
Number of variables: 117688
Number of clauses: 513997
sat
real sat
../New_SAT_split/QF_NIA_4_2/AProVE/aproveSMT2403449578311311444.smt2 : 4534 ms.
--------------------------------------------------
Number of variables: 842
Number of clauses: 3190
sat
real sat
../New_SAT_split/QF_NIA_4_2/AProVE/aproveSMT2409578890815829527.smt2 : 36 ms.
--------------------------------------------------
Number of variables: 75894
Number of clauses: 329734
sat
real sat
../New_SAT_split/QF_NIA_4_2/AProVE/aproveSMT2412026111423056678.smt2 : 5072 ms.
--------------------------------------------------
Number of variables: 51733
Number of clauses: 227683
sat
real sat
../New_SAT_split/QF_NIA_4_2/AProVE/aproveSMT2416278647016285561.smt2 : 1583 ms.
--------------------------------------------------
Number of variables: 5517
Number of clauses: 20895
sat
real sat
../New_SAT_split/QF_NIA_4_2/AProVE/aproveSMT2423766902024488209.smt2 : 55 ms.
--------------------------------------------------
Number of variables: 92933
Number of clauses: 392281
sat
real sat
../New_SAT_split/QF_NIA_4_2/AProVE/aproveSMT2426870144660770468.smt2 : 2837 ms.
--------------------------------------------------
Number of variables: 825
Number of clauses: 3160
sat
real sat
../New_SAT_split/QF_NIA_4_2/AProVE/aproveSMT2430614908524774429.smt2 : 25 ms.
--------------------------------------------------
Number of variables: 664
Number of clauses: 2971
sat
real sat
../New_SAT_split/QF_NIA_4_2/AProVE/aproveSMT2432885399846559546.smt2 : 37 ms.
--------------------------------------------------
Number of variables: 85912
Number of clauses: 379504
sat
real sat
../New_SAT_split/QF_NIA_4_2/AProVE/aproveSMT2438587337906934245.smt2 : 4602 ms.
--------------------------------------------------
Number of variables: 4431
Number of clauses: 18951
sat
real sat
../New_SAT_split/QF_NIA_4_2/AProVE/aproveSMT2440441682081812101.smt2 : 46 ms.
--------------------------------------------------
Number of variables: 1888
Number of clauses: 7670
sat
real sat
../New_SAT_split/QF_NIA_4_2/AProVE/aproveSMT2447638175589447274.smt2 : 72 ms.
--------------------------------------------------
Number of variables: 842
Number of clauses: 3190
sat
real sat
../New_SAT_split/QF_NIA_4_2/AProVE/aproveSMT2448708927263734800.smt2 : 20 ms.
--------------------------------------------------
Number of variables: 415213
Number of clauses: 1816724
sat
real sat
../New_SAT_split/QF_NIA_4_2/AProVE/aproveSMT2449356678853584219.smt2 : 56244 ms.
--------------------------------------------------
Number of variables: 9695
Number of clauses: 43053
sat
real sat
../New_SAT_split/QF_NIA_4_2/AProVE/aproveSMT2451769325268271212.smt2 : 116 ms.
--------------------------------------------------
Number of variables: 53970
Number of clauses: 234817
sat
real sat
../New_SAT_split/QF_NIA_4_2/AProVE/aproveSMT2460900881694017534.smt2 : 471 ms.
--------------------------------------------------
Number of variables: 10394
Number of clauses: 47632
sat
real sat
../New_SAT_split/QF_NIA_4_2/AProVE/aproveSMT2467769011678516224.smt2 : 172 ms.
--------------------------------------------------
Number of variables: 56363
Number of clauses: 248104
sat
real sat
../New_SAT_split/QF_NIA_4_2/AProVE/aproveSMT2469333241019550276.smt2 : 2636 ms.
--------------------------------------------------
Number of variables: 365085
Number of clauses: 1592981
sat
real sat
../New_SAT_split/QF_NIA_4_2/AProVE/aproveSMT2474380824660996322.smt2 : 16994 ms.
--------------------------------------------------
Number of variables: 2858
Number of clauses: 12446
sat
real sat
../New_SAT_split/QF_NIA_4_2/AProVE/aproveSMT2477805317391230600.smt2 : 58 ms.
--------------------------------------------------
Number of variables: 689
Number of clauses: 2610
sat
real sat
../New_SAT_split/QF_NIA_4_2/AProVE/aproveSMT2489061391670657311.smt2 : 23 ms.
--------------------------------------------------
Number of variables: 4546
Number of clauses: 18999
sat
real sat
../New_SAT_split/QF_NIA_4_2/AProVE/aproveSMT2494806463307417902.smt2 : 103 ms.
--------------------------------------------------
Number of variables: 220
Number of clauses: 850
sat
real sat
../New_SAT_split/QF_NIA_4_2/AProVE/aproveSMT2495988998569656908.smt2 : 56 ms.
--------------------------------------------------
Number of variables: 4305
Number of clauses: 18392
sat
real sat
../New_SAT_split/QF_NIA_4_2/AProVE/aproveSMT2498402767747394702.smt2 : 70 ms.
--------------------------------------------------
Number of variables: 29609
Number of clauses: 129308
sat
real sat
../New_SAT_split/QF_NIA_4_2/AProVE/aproveSMT2499956049385713736.smt2 : 561 ms.
--------------------------------------------------
Number of variables: 5500
Number of clauses: 20865
sat
real sat
../New_SAT_split/QF_NIA_4_2/AProVE/aproveSMT2503550297791894163.smt2 : 101 ms.
--------------------------------------------------
Number of variables: 1743
Number of clauses: 6640
sat
real sat
../New_SAT_split/QF_NIA_4_2/AProVE/aproveSMT2514888470147653584.smt2 : 36 ms.
--------------------------------------------------
Number of variables: 2457
Number of clauses: 9295
sat
real sat
../New_SAT_split/QF_NIA_4_2/AProVE/aproveSMT2523443647572090418.smt2 : 74 ms.
--------------------------------------------------
Number of variables: 742
Number of clauses: 3043
sat
real sat
../New_SAT_split/QF_NIA_4_2/AProVE/aproveSMT2523854488582952690.smt2 : 23 ms.
--------------------------------------------------
Number of variables: 2287
Number of clauses: 8685
sat
real sat
../New_SAT_split/QF_NIA_4_2/AProVE/aproveSMT2549576622228336898.smt2 : 81 ms.
--------------------------------------------------
Number of variables: 79428
Number of clauses: 345008
sat
real sat
../New_SAT_split/QF_NIA_4_2/AProVE/aproveSMT2560551492226655703.smt2 : 5256 ms.
--------------------------------------------------
Number of variables: 7976
Number of clauses: 35672
sat
real sat
../New_SAT_split/QF_NIA_4_2/AProVE/aproveSMT2570353582767781543.smt2 : 187 ms.
--------------------------------------------------
Number of variables: 35596
Number of clauses: 156190
sat
real sat
../New_SAT_split/QF_NIA_4_2/AProVE/aproveSMT2573120590079982700.smt2 : 689 ms.
--------------------------------------------------
Number of variables: 5183
Number of clauses: 22397
sat
real sat
../New_SAT_split/QF_NIA_4_2/AProVE/aproveSMT2573139127061621972.smt2 : 69 ms.
--------------------------------------------------
Number of variables: 1937
Number of clauses: 7883
sat
real sat
../New_SAT_split/QF_NIA_4_2/AProVE/aproveSMT2576454593548696859.smt2 : 84 ms.
--------------------------------------------------
Number of variables: 311893
Number of clauses: 1385460
sat
real sat
../New_SAT_split/QF_NIA_4_2/AProVE/aproveSMT2589880449664279506.smt2 : 15333 ms.
--------------------------------------------------
Number of variables: 54328
Number of clauses: 238568
sat
real sat
../New_SAT_split/QF_NIA_4_2/AProVE/aproveSMT2590547747510825500.smt2 : 2685 ms.
--------------------------------------------------
Number of variables: 4752
Number of clauses: 18305
sat
real sat
../New_SAT_split/QF_NIA_4_2/AProVE/aproveSMT2593320806111952030.smt2 : 86 ms.
--------------------------------------------------
Number of variables: 13835
Number of clauses: 59448
sat
real sat
../New_SAT_split/QF_NIA_4_2/AProVE/aproveSMT2593776817975882176.smt2 : 511 ms.
--------------------------------------------------
Number of variables: 348978
Number of clauses: 1534776
sat
real sat
../New_SAT_split/QF_NIA_4_2/AProVE/aproveSMT2596287095984261657.smt2 : 27346 ms.
--------------------------------------------------
Number of variables: 621
Number of clauses: 2335
sat
real sat
../New_SAT_split/QF_NIA_4_2/AProVE/aproveSMT2597729462879587278.smt2 : 72 ms.
--------------------------------------------------
Number of variables: 232382
Number of clauses: 1015043
sat
real sat
../New_SAT_split/QF_NIA_4_2/AProVE/aproveSMT2598777028614012130.smt2 : 20729 ms.
--------------------------------------------------
Number of variables: 1369
Number of clauses: 5205
sat
real sat
../New_SAT_split/QF_NIA_4_2/AProVE/aproveSMT2618529264057405412.smt2 : 60 ms.
--------------------------------------------------
Number of variables: 757
Number of clauses: 2885
sat
real sat
../New_SAT_split/QF_NIA_4_2/AProVE/aproveSMT2619974345132465371.smt2 : 28 ms.
--------------------------------------------------
Number of variables: 6869
Number of clauses: 30671
sat
real sat
../New_SAT_split/QF_NIA_4_2/AProVE/aproveSMT2631357328519238424.smt2 : 113 ms.
--------------------------------------------------
Number of variables: 293
Number of clauses: 1132
sat
real sat
../New_SAT_split/QF_NIA_4_2/AProVE/aproveSMT2632098249079857042.smt2 : 53 ms.
--------------------------------------------------
Number of variables: 4272
Number of clauses: 18485
sat
real sat
../New_SAT_split/QF_NIA_4_2/AProVE/aproveSMT2636501751373060353.smt2 : 39 ms.
--------------------------------------------------
Number of variables: 927
Number of clauses: 3495
sat
real sat
../New_SAT_split/QF_NIA_4_2/AProVE/aproveSMT2638524212114105045.smt2 : 15 ms.
--------------------------------------------------
Number of variables: 5738
Number of clauses: 21750
sat
real sat
../New_SAT_split/QF_NIA_4_2/AProVE/aproveSMT2642669000743942131.smt2 : 92 ms.
--------------------------------------------------
Number of variables: 2781
Number of clauses: 11625
sat
real sat
../New_SAT_split/QF_NIA_4_2/AProVE/aproveSMT2651329488883683713.smt2 : 42 ms.
--------------------------------------------------
Number of variables: 19831
Number of clauses: 77000
sat
real sat
../New_SAT_split/QF_NIA_4_2/AProVE/aproveSMT2652699427193514179.smt2 : 438 ms.
--------------------------------------------------
Number of variables: 82739
Number of clauses: 366147
sat
real sat
../New_SAT_split/QF_NIA_4_2/AProVE/aproveSMT2655174453084297570.smt2 : 6257 ms.
--------------------------------------------------
Number of variables: 4531
Number of clauses: 17450
sat
real sat
../New_SAT_split/QF_NIA_4_2/AProVE/aproveSMT2664914244390950514.smt2 : 50 ms.
--------------------------------------------------
Number of variables: 33858
Number of clauses: 143808
sat
real sat
../New_SAT_split/QF_NIA_4_2/AProVE/aproveSMT2669715706485161637.smt2 : 685 ms.
--------------------------------------------------
Number of variables: 1696
Number of clauses: 7614
sat
real sat
../New_SAT_split/QF_NIA_4_2/AProVE/aproveSMT2678149093905864935.smt2 : 34 ms.
--------------------------------------------------
Number of variables: 26876
Number of clauses: 116881
sat
real sat
../New_SAT_split/QF_NIA_4_2/AProVE/aproveSMT2684571233884755734.smt2 : 517 ms.
--------------------------------------------------
Number of variables: 1049
Number of clauses: 4152
sat
real sat
../New_SAT_split/QF_NIA_4_2/AProVE/aproveSMT2687825159257353965.smt2 : 83 ms.
--------------------------------------------------
Number of variables: 5362
Number of clauses: 24773
sat
real sat
../New_SAT_split/QF_NIA_4_2/AProVE/aproveSMT2690267365773690041.smt2 : 75 ms.
--------------------------------------------------
Number of variables: 234082
Number of clauses: 1022956
sat
real sat
../New_SAT_split/QF_NIA_4_2/AProVE/aproveSMT2691411734729229963.smt2 : 14007 ms.
--------------------------------------------------
Number of variables: 2564
Number of clauses: 10670
sat
real sat
../New_SAT_split/QF_NIA_4_2/AProVE/aproveSMT2691792941397936620.smt2 : 58 ms.
--------------------------------------------------
Number of variables: 36599
Number of clauses: 170119
sat
real sat
../New_SAT_split/QF_NIA_4_2/AProVE/aproveSMT2694590358944701979.smt2 : 535 ms.
--------------------------------------------------
Number of variables: 1326
Number of clauses: 5387
sat
real sat
../New_SAT_split/QF_NIA_4_2/AProVE/aproveSMT2699900447604388519.smt2 : 26 ms.
--------------------------------------------------
Number of variables: 757
Number of clauses: 2885
sat
real sat
../New_SAT_split/QF_NIA_4_2/AProVE/aproveSMT2705179445659885478.smt2 : 23 ms.
--------------------------------------------------
Number of variables: 21293
Number of clauses: 92322
sat
real sat
../New_SAT_split/QF_NIA_4_2/AProVE/aproveSMT2705626347936955345.smt2 : 986 ms.
--------------------------------------------------
Number of variables: 536509
Number of clauses: 2408294
sat
real sat
../New_SAT_split/QF_NIA_4_2/AProVE/aproveSMT2727005535650254931.smt2 : 37042 ms.
--------------------------------------------------
Number of variables: 361585
Number of clauses: 1577588
sat
real sat
../New_SAT_split/QF_NIA_4_2/AProVE/aproveSMT2732622028932418350.smt2 : 43469 ms.
--------------------------------------------------
Number of variables: 394
Number of clauses: 1631
sat
real sat
../New_SAT_split/QF_NIA_4_2/AProVE/aproveSMT2748583918758924107.smt2 : 40 ms.
--------------------------------------------------
Number of variables: 220
Number of clauses: 850
sat
real sat
../New_SAT_split/QF_NIA_4_2/AProVE/aproveSMT2755723270198307319.smt2 : 24 ms.
--------------------------------------------------
Number of variables: 22615
Number of clauses: 101036
sat
real sat
../New_SAT_split/QF_NIA_4_2/AProVE/aproveSMT2769042029123848570.smt2 : 343 ms.
--------------------------------------------------
Number of variables: 362
Number of clauses: 1450
sat
real sat
../New_SAT_split/QF_NIA_4_2/AProVE/aproveSMT2771904706298318922.smt2 : 19 ms.
--------------------------------------------------
Number of variables: 31202
Number of clauses: 136829
sat
real sat
../New_SAT_split/QF_NIA_4_2/AProVE/aproveSMT2778480417989547240.smt2 : 1216 ms.
--------------------------------------------------
Number of variables: 3593
Number of clauses: 15233
sat
real sat
../New_SAT_split/QF_NIA_4_2/AProVE/aproveSMT2781663379465047703.smt2 : 70 ms.
--------------------------------------------------
Number of variables: 6310
Number of clauses: 27284
sat
real sat
../New_SAT_split/QF_NIA_4_2/AProVE/aproveSMT2789640252157438255.smt2 : 65 ms.
--------------------------------------------------
Number of variables: 111
Number of clauses: 454
sat
real sat
../New_SAT_split/QF_NIA_4_2/AProVE/aproveSMT2794796850598932134.smt2 : 14 ms.
--------------------------------------------------
Number of variables: 10540
Number of clauses: 44870
sat
real sat
../New_SAT_split/QF_NIA_4_2/AProVE/aproveSMT2806467651030339797.smt2 : 80 ms.
--------------------------------------------------
Number of variables: 6740
Number of clauses: 29953
sat
real sat
../New_SAT_split/QF_NIA_4_2/AProVE/aproveSMT2807471946702649636.smt2 : 85 ms.
--------------------------------------------------
Number of variables: 611
Number of clauses: 2315
sat
real sat
../New_SAT_split/QF_NIA_4_2/AProVE/aproveSMT2815106190061554619.smt2 : 19 ms.
--------------------------------------------------
Number of variables: 201030
Number of clauses: 895643
sat
real sat
../New_SAT_split/QF_NIA_4_2/AProVE/aproveSMT2815291502226240858.smt2 : 20897 ms.
--------------------------------------------------
Number of variables: 119685
Number of clauses: 523659
sat
real sat
../New_SAT_split/QF_NIA_4_2/AProVE/aproveSMT2819815298985581892.smt2 : 7354 ms.
--------------------------------------------------
Number of variables: 19372
Number of clauses: 84389
sat
real sat
../New_SAT_split/QF_NIA_4_2/AProVE/aproveSMT2821114236865559656.smt2 : 942 ms.
--------------------------------------------------
Number of variables: 10279
Number of clauses: 46193
sat
real sat
../New_SAT_split/QF_NIA_4_2/AProVE/aproveSMT2821496554135234614.smt2 : 120 ms.
--------------------------------------------------
Number of variables: 49998
Number of clauses: 219233
sat
real sat
../New_SAT_split/QF_NIA_4_2/AProVE/aproveSMT2823330739012003599.smt2 : 1609 ms.
--------------------------------------------------
Number of variables: 7555
Number of clauses: 33852
sat
real sat
../New_SAT_split/QF_NIA_4_2/AProVE/aproveSMT2827821636537425315.smt2 : 133 ms.
--------------------------------------------------
Number of variables: 1679
Number of clauses: 6848
sat
real sat
../New_SAT_split/QF_NIA_4_2/AProVE/aproveSMT2844713893974801294.smt2 : 54 ms.
--------------------------------------------------
Number of variables: 5585
Number of clauses: 21480
sat
real sat
../New_SAT_split/QF_NIA_4_2/AProVE/aproveSMT2846862246352958329.smt2 : 59 ms.
--------------------------------------------------
Number of variables: 2729
Number of clauses: 11848
sat
real sat
../New_SAT_split/QF_NIA_4_2/AProVE/aproveSMT2847362250162740691.smt2 : 36 ms.
--------------------------------------------------
Number of variables: 23439
Number of clauses: 101783
sat
real sat
../New_SAT_split/QF_NIA_4_2/AProVE/aproveSMT2856166244389655228.smt2 : 337 ms.
--------------------------------------------------
Number of variables: 6967
Number of clauses: 29923
sat
real sat
../New_SAT_split/QF_NIA_4_2/AProVE/aproveSMT2857808184306178222.smt2 : 105 ms.
--------------------------------------------------
Number of variables: 995
Number of clauses: 3770
sat
real sat
../New_SAT_split/QF_NIA_4_2/AProVE/aproveSMT2859428158847949096.smt2 : 21 ms.
--------------------------------------------------
Number of variables: 9104
Number of clauses: 35130
sat
real sat
../New_SAT_split/QF_NIA_4_2/AProVE/aproveSMT2876641391335866290.smt2 : 101 ms.
--------------------------------------------------
Number of variables: 256632
Number of clauses: 1120200
sat
real sat
../New_SAT_split/QF_NIA_4_2/AProVE/aproveSMT2880696731965229413.smt2 : 15869 ms.
--------------------------------------------------
Number of variables: 37784
Number of clauses: 165094
sat
real sat
../New_SAT_split/QF_NIA_4_2/AProVE/aproveSMT2901795281152641050.smt2 : 671 ms.
--------------------------------------------------
Number of variables: 79160
Number of clauses: 348321
sat
real sat
../New_SAT_split/QF_NIA_4_2/AProVE/aproveSMT2912633883485370336.smt2 : 3532 ms.
--------------------------------------------------
Number of variables: 361056
Number of clauses: 1588276
sat
real sat
../New_SAT_split/QF_NIA_4_2/AProVE/aproveSMT2912853680794259901.smt2 : 16888 ms.
--------------------------------------------------
Number of variables: 1862
Number of clauses: 7160
sat
real sat
../New_SAT_split/QF_NIA_4_2/AProVE/aproveSMT2914667720108711746.smt2 : 43 ms.
--------------------------------------------------
Number of variables: 65373
Number of clauses: 284790
sat
real sat
../New_SAT_split/QF_NIA_4_2/AProVE/aproveSMT2914920016556603305.smt2 : 2834 ms.
--------------------------------------------------
Number of variables: 14274
Number of clauses: 66043
sat
real sat
../New_SAT_split/QF_NIA_4_2/AProVE/aproveSMT2918781640780211770.smt2 : 481 ms.
--------------------------------------------------
Number of variables: 814
Number of clauses: 3303
sat
real sat
../New_SAT_split/QF_NIA_4_2/AProVE/aproveSMT2924484866315781736.smt2 : 19 ms.
--------------------------------------------------
Number of variables: 293
Number of clauses: 1132
sat
real sat
../New_SAT_split/QF_NIA_4_2/AProVE/aproveSMT2925559576071147939.smt2 : 18 ms.
--------------------------------------------------
Number of variables: 5939
Number of clauses: 25095
sat
real sat
../New_SAT_split/QF_NIA_4_2/AProVE/aproveSMT2926330432023427683.smt2 : 125 ms.
--------------------------------------------------
Number of variables: 1839
Number of clauses: 8224
sat
real sat
../New_SAT_split/QF_NIA_4_2/AProVE/aproveSMT2934397244559601587.smt2 : 33 ms.
--------------------------------------------------
Number of variables: 60037
Number of clauses: 261532
sat
real sat
../New_SAT_split/QF_NIA_4_2/AProVE/aproveSMT2940211001876535179.smt2 : 2385 ms.
--------------------------------------------------
Number of variables: 1199
Number of clauses: 4595
sat
real sat
../New_SAT_split/QF_NIA_4_2/AProVE/aproveSMT2945318726135028184.smt2 : 33 ms.
--------------------------------------------------
Number of variables: 208416
Number of clauses: 923672
sat
real sat
../New_SAT_split/QF_NIA_4_2/AProVE/aproveSMT2950130426400887461.smt2 : 11498 ms.
--------------------------------------------------
Number of variables: 774
Number of clauses: 2915
sat
real sat
../New_SAT_split/QF_NIA_4_2/AProVE/aproveSMT2952790453020342585.smt2 : 31 ms.
--------------------------------------------------
Number of variables: 383
Number of clauses: 1450
sat
real sat
../New_SAT_split/QF_NIA_4_2/AProVE/aproveSMT2953888092514759474.smt2 : 67 ms.
--------------------------------------------------
Number of variables: 27177
Number of clauses: 113252
sat
real sat
../New_SAT_split/QF_NIA_4_2/AProVE/aproveSMT2958125353683346121.smt2 : 768 ms.
--------------------------------------------------
Number of variables: 2114
Number of clauses: 9007
sat
real sat
../New_SAT_split/QF_NIA_4_2/AProVE/aproveSMT2958264106741755250.smt2 : 48 ms.
--------------------------------------------------
Number of variables: 1522
Number of clauses: 5785
sat
real sat
../New_SAT_split/QF_NIA_4_2/AProVE/aproveSMT2960240909559528350.smt2 : 44 ms.
--------------------------------------------------
Number of variables: 460
Number of clauses: 2081
sat
real sat
../New_SAT_split/QF_NIA_4_2/AProVE/aproveSMT2972089993905297935.smt2 : 16 ms.
--------------------------------------------------
Number of variables: 404306
Number of clauses: 1768678
sat
real sat
../New_SAT_split/QF_NIA_4_2/AProVE/aproveSMT2985382083599002343.smt2 : 24349 ms.
--------------------------------------------------
Number of variables: 64519
Number of clauses: 283773
sat
real sat
../New_SAT_split/QF_NIA_4_2/AProVE/aproveSMT2987472987489545933.smt2 : 2644 ms.
--------------------------------------------------
Number of variables: 78992
Number of clauses: 349062
sat
real sat
../New_SAT_split/QF_NIA_4_2/AProVE/aproveSMT2988617746537716741.smt2 : 2259 ms.
--------------------------------------------------
Number of variables: 842
Number of clauses: 3190
sat
real sat
../New_SAT_split/QF_NIA_4_2/AProVE/aproveSMT2992043958700127833.smt2 : 22 ms.
--------------------------------------------------
Number of variables: 7574
Number of clauses: 28710
sat
real sat
../New_SAT_split/QF_NIA_4_2/AProVE/aproveSMT2996658903422250124.smt2 : 125 ms.
--------------------------------------------------
Number of variables: 1998
Number of clauses: 7555
sat
real sat
../New_SAT_split/QF_NIA_4_2/AProVE/aproveSMT2997844738763459855.smt2 : 79 ms.
--------------------------------------------------
Number of variables: 2409
Number of clauses: 10181
sat
real sat
../New_SAT_split/QF_NIA_4_2/AProVE/aproveSMT3002866307115634126.smt2 : 34 ms.
--------------------------------------------------
Number of variables: 927
Number of clauses: 3495
sat
real sat
../New_SAT_split/QF_NIA_4_2/AProVE/aproveSMT3006201194430979720.smt2 : 22 ms.
--------------------------------------------------
Number of variables: 362
Number of clauses: 1450
sat
real sat
../New_SAT_split/QF_NIA_4_2/AProVE/aproveSMT3015270802556460864.smt2 : 74 ms.
--------------------------------------------------
Number of variables: 552
Number of clauses: 2177
sat
real sat
../New_SAT_split/QF_NIA_4_2/AProVE/aproveSMT3017690450301173377.smt2 : 21 ms.
--------------------------------------------------
Number of variables: 37911
Number of clauses: 161145
sat
real sat
../New_SAT_split/QF_NIA_4_2/AProVE/aproveSMT3019481784954096794.smt2 : 1089 ms.
--------------------------------------------------
Number of variables: 41253
Number of clauses: 181104
sat
real sat
../New_SAT_split/QF_NIA_4_2/AProVE/aproveSMT3020406846680136551.smt2 : 993 ms.
--------------------------------------------------
Number of variables: 388
Number of clauses: 1460
sat
real sat
../New_SAT_split/QF_NIA_4_2/AProVE/aproveSMT3020861691615213415.smt2 : 80 ms.
--------------------------------------------------
Number of variables: 536
Number of clauses: 2030
sat
real sat
../New_SAT_split/QF_NIA_4_2/AProVE/aproveSMT3024746602605626541.smt2 : 32 ms.
--------------------------------------------------
Number of variables: 3491
Number of clauses: 14703
sat
real sat
../New_SAT_split/QF_NIA_4_2/AProVE/aproveSMT3025508845001538914.smt2 : 50 ms.
--------------------------------------------------
Number of variables: 23486
Number of clauses: 102298
sat
real sat
../New_SAT_split/QF_NIA_4_2/AProVE/aproveSMT3038696557214005283.smt2 : 1135 ms.
--------------------------------------------------
Number of variables: 144619
Number of clauses: 639287
sat
real sat
../New_SAT_split/QF_NIA_4_2/AProVE/aproveSMT3045018331294842208.smt2 : 10107 ms.
--------------------------------------------------
Number of variables: 1801
Number of clauses: 7974
sat
real sat
../New_SAT_split/QF_NIA_4_2/AProVE/aproveSMT3045448966019955240.smt2 : 34 ms.
--------------------------------------------------
Number of variables: 145871
Number of clauses: 644913
sat
real sat
../New_SAT_split/QF_NIA_4_2/AProVE/aproveSMT3047447322371917680.smt2 : 10550 ms.
--------------------------------------------------
Number of variables: 10645
Number of clauses: 45296
sat
real sat
../New_SAT_split/QF_NIA_4_2/AProVE/aproveSMT3048903259158466694.smt2 : 265 ms.
--------------------------------------------------
Number of variables: 310
Number of clauses: 1165
sat
real sat
../New_SAT_split/QF_NIA_4_2/AProVE/aproveSMT3051583650357754250.smt2 : 22 ms.
--------------------------------------------------
Number of variables: 360015
Number of clauses: 1584345
sat
real sat
../New_SAT_split/QF_NIA_4_2/AProVE/aproveSMT3057256999514663885.smt2 : 15285 ms.
--------------------------------------------------
Number of variables: 198241
Number of clauses: 883332
sat
real sat
../New_SAT_split/QF_NIA_4_2/AProVE/aproveSMT3060102017506592639.smt2 : 17422 ms.
--------------------------------------------------
Number of variables: 362
Number of clauses: 1450
sat
real sat
../New_SAT_split/QF_NIA_4_2/AProVE/aproveSMT3060188894532115471.smt2 : 22 ms.
--------------------------------------------------
Number of variables: 1405
Number of clauses: 5571
sat
real sat
../New_SAT_split/QF_NIA_4_2/AProVE/aproveSMT3072954310705286713.smt2 : 70 ms.
--------------------------------------------------
Number of variables: 394
Number of clauses: 1556
sat
real sat
../New_SAT_split/QF_NIA_4_2/AProVE/aproveSMT3074525884327548869.smt2 : 45 ms.
--------------------------------------------------
Number of variables: 468
Number of clauses: 1755
sat
real sat
../New_SAT_split/QF_NIA_4_2/AProVE/aproveSMT3076482699269209666.smt2 : 23 ms.
--------------------------------------------------
Number of variables: 180739
Number of clauses: 787838
sat
real sat
../New_SAT_split/QF_NIA_4_2/AProVE/aproveSMT3078145553112270828.smt2 : 8768 ms.
--------------------------------------------------
Number of variables: 3810
Number of clauses: 15832
sat
real sat
../New_SAT_split/QF_NIA_4_2/AProVE/aproveSMT3086239250720664694.smt2 : 67 ms.
--------------------------------------------------
Number of variables: 757
Number of clauses: 2885
sat
real sat
../New_SAT_split/QF_NIA_4_2/AProVE/aproveSMT3090147554356497231.smt2 : 52 ms.
--------------------------------------------------
Number of variables: 10601
Number of clauses: 45138
sat
real sat
../New_SAT_split/QF_NIA_4_2/AProVE/aproveSMT3097162665055622176.smt2 : 153 ms.
--------------------------------------------------
Number of variables: 13887
Number of clauses: 60596
sat
real sat
../New_SAT_split/QF_NIA_4_2/AProVE/aproveSMT3098762297266127672.smt2 : 355 ms.
--------------------------------------------------
Number of variables: 19810
Number of clauses: 86431
sat
real sat
../New_SAT_split/QF_NIA_4_2/AProVE/aproveSMT3098843711496054208.smt2 : 629 ms.
--------------------------------------------------
Number of variables: 23871
Number of clauses: 103068
sat
real sat
../New_SAT_split/QF_NIA_4_2/AProVE/aproveSMT3101520377186442508.smt2 : 1357 ms.
--------------------------------------------------
Number of variables: 119695
Number of clauses: 531202
sat
real sat
../New_SAT_split/QF_NIA_4_2/AProVE/aproveSMT3101880129747917873.smt2 : 31014 ms.
--------------------------------------------------
Number of variables: 2389
Number of clauses: 9175
sat
real sat
../New_SAT_split/QF_NIA_4_2/AProVE/aproveSMT3128233723058909682.smt2 : 93 ms.
--------------------------------------------------
Number of variables: 10538
Number of clauses: 45665
sat
real sat
../New_SAT_split/QF_NIA_4_2/AProVE/aproveSMT3153026678257584270.smt2 : 175 ms.
--------------------------------------------------
Number of variables: 1216
Number of clauses: 4625
sat
real sat
../New_SAT_split/QF_NIA_4_2/AProVE/aproveSMT3181895504277650866.smt2 : 50 ms.
--------------------------------------------------
Number of variables: 26172
Number of clauses: 113387
sat
real sat
../New_SAT_split/QF_NIA_4_2/AProVE/aproveSMT3182134547062882331.smt2 : 700 ms.
--------------------------------------------------
Number of variables: 809
Number of clauses: 3183
sat
real sat
../New_SAT_split/QF_NIA_4_2/AProVE/aproveSMT3183420044118603153.smt2 : 25 ms.
--------------------------------------------------
Number of variables: 11539
Number of clauses: 49420
sat
real sat
../New_SAT_split/QF_NIA_4_2/AProVE/aproveSMT3189596709341935778.smt2 : 295 ms.
--------------------------------------------------
Number of variables: 133409
Number of clauses: 582981
sat
real sat
../New_SAT_split/QF_NIA_4_2/AProVE/aproveSMT3195589399565641363.smt2 : 9269 ms.
--------------------------------------------------
Number of variables: 672
Number of clauses: 2580
sat
real sat
../New_SAT_split/QF_NIA_4_2/AProVE/aproveSMT3208426695808633093.smt2 : 35 ms.
--------------------------------------------------
Number of variables: 7386
Number of clauses: 32270
unsat in 2 bits.
Number of variables: 22024
Number of clauses: 111092
sat
real sat
../New_SAT_split/QF_NIA_4_2/AProVE/aproveSMT3216048788972107323.smt2 : 6409 ms.
--------------------------------------------------
Number of variables: 3952
Number of clauses: 16766
sat
real sat
../New_SAT_split/QF_NIA_4_2/AProVE/aproveSMT3227671377504155336.smt2 : 45 ms.
--------------------------------------------------
Number of variables: 7554
Number of clauses: 32556
sat
real sat
../New_SAT_split/QF_NIA_4_2/AProVE/aproveSMT3232672547466860877.smt2 : 84 ms.
--------------------------------------------------
Number of variables: 17224
Number of clauses: 74981
sat
real sat
../New_SAT_split/QF_NIA_4_2/AProVE/aproveSMT3238678677603508201.smt2 : 464 ms.
--------------------------------------------------
Number of variables: 107719
Number of clauses: 470581
sat
real sat
../New_SAT_split/QF_NIA_4_2/AProVE/aproveSMT3243685222447711685.smt2 : 10851 ms.
--------------------------------------------------
Number of variables: 2924
Number of clauses: 12185
sat
real sat
../New_SAT_split/QF_NIA_4_2/AProVE/aproveSMT3264265901512371238.smt2 : 41 ms.
--------------------------------------------------
Number of variables: 5579
Number of clauses: 24408
sat
real sat
../New_SAT_split/QF_NIA_4_2/AProVE/aproveSMT3283555306553104167.smt2 : 68 ms.
--------------------------------------------------
Number of variables: 7980
Number of clauses: 34112
sat
real sat
../New_SAT_split/QF_NIA_4_2/AProVE/aproveSMT3292728645954979342.smt2 : 111 ms.
--------------------------------------------------
Number of variables: 2472
Number of clauses: 10683
sat
real sat
../New_SAT_split/QF_NIA_4_2/AProVE/aproveSMT3295458747339212265.smt2 : 33 ms.
--------------------------------------------------
Number of variables: 1420
Number of clauses: 5450
sat
real sat
../New_SAT_split/QF_NIA_4_2/AProVE/aproveSMT3305912493296657311.smt2 : 24 ms.
--------------------------------------------------
Number of variables: 144736
Number of clauses: 631594
sat
real sat
../New_SAT_split/QF_NIA_4_2/AProVE/aproveSMT3306422790231477425.smt2 : 10557 ms.
--------------------------------------------------
Number of variables: 2249
Number of clauses: 9613
sat
real sat
../New_SAT_split/QF_NIA_4_2/AProVE/aproveSMT3306677380446705919.smt2 : 50 ms.
--------------------------------------------------
Number of variables: 2936
Number of clauses: 12607
sat
real sat
../New_SAT_split/QF_NIA_4_2/AProVE/aproveSMT3307480895856990411.smt2 : 87 ms.
--------------------------------------------------
Number of variables: 61541
Number of clauses: 261752
sat
real sat
../New_SAT_split/QF_NIA_4_2/AProVE/aproveSMT3317567437674219329.smt2 : 2394 ms.
--------------------------------------------------
Number of variables: 20275
Number of clauses: 87866
sat
real sat
../New_SAT_split/QF_NIA_4_2/AProVE/aproveSMT3318112966169058026.smt2 : 424 ms.
--------------------------------------------------
Number of variables: 611
Number of clauses: 2315
sat
real sat
../New_SAT_split/QF_NIA_4_2/AProVE/aproveSMT3326416242224032552.smt2 : 25 ms.
--------------------------------------------------
Number of variables: 191338
Number of clauses: 846570
sat
real sat
../New_SAT_split/QF_NIA_4_2/AProVE/aproveSMT3328096864033673538.smt2 : 10736 ms.
--------------------------------------------------
Number of variables: 11514
Number of clauses: 49681
sat
real sat
../New_SAT_split/QF_NIA_4_2/AProVE/aproveSMT3334656614075774306.smt2 : 249 ms.
--------------------------------------------------
Number of variables: 14317
Number of clauses: 61091
sat
real sat
../New_SAT_split/QF_NIA_4_2/AProVE/aproveSMT3339632592083481831.smt2 : 247 ms.
--------------------------------------------------
Number of variables: 935
Number of clauses: 3619
sat
real sat
../New_SAT_split/QF_NIA_4_2/AProVE/aproveSMT3342367565143444747.smt2 : 29 ms.
--------------------------------------------------
Number of variables: 740
Number of clauses: 2855
sat
real sat
../New_SAT_split/QF_NIA_4_2/AProVE/aproveSMT3349544376614894861.smt2 : 47 ms.
--------------------------------------------------
Number of variables: 16690
Number of clauses: 70213
sat
real sat
../New_SAT_split/QF_NIA_4_2/AProVE/aproveSMT3349853621780312704.smt2 : 372 ms.
--------------------------------------------------
Number of variables: 6749
Number of clauses: 29183
sat
real sat
../New_SAT_split/QF_NIA_4_2/AProVE/aproveSMT3350916620786998260.smt2 : 94 ms.
--------------------------------------------------
Number of variables: 4917
Number of clauses: 20685
sat
real sat
../New_SAT_split/QF_NIA_4_2/AProVE/aproveSMT3353239758545353354.smt2 : 66 ms.
--------------------------------------------------
Number of variables: 1505
Number of clauses: 6169
sat
real sat
../New_SAT_split/QF_NIA_4_2/AProVE/aproveSMT3360153207199533662.smt2 : 87 ms.
--------------------------------------------------
Number of variables: 451
Number of clauses: 1725
sat
real sat
../New_SAT_split/QF_NIA_4_2/AProVE/aproveSMT3375893559061356768.smt2 : 16 ms.
--------------------------------------------------
Number of variables: 21972
Number of clauses: 95789
sat
real sat
../New_SAT_split/QF_NIA_4_2/AProVE/aproveSMT3379369856351560029.smt2 : 315 ms.
--------------------------------------------------
Number of variables: 31675
Number of clauses: 139259
sat
real sat
../New_SAT_split/QF_NIA_4_2/AProVE/aproveSMT3394980468286915235.smt2 : 2233 ms.
--------------------------------------------------
Number of variables: 1486
Number of clauses: 5768
sat
real sat
../New_SAT_split/QF_NIA_4_2/AProVE/aproveSMT3397287225910887832.smt2 : 29 ms.
--------------------------------------------------
Number of variables: 18420
Number of clauses: 69860
sat
real sat
../New_SAT_split/QF_NIA_4_2/AProVE/aproveSMT3399977694188218330.smt2 : 379 ms.
--------------------------------------------------
Number of variables: 1655
Number of clauses: 6915
sat
real sat
../New_SAT_split/QF_NIA_4_2/AProVE/aproveSMT3415841985318389377.smt2 : 51 ms.
--------------------------------------------------
Number of variables: 11926
Number of clauses: 46000
sat
real sat
../New_SAT_split/QF_NIA_4_2/AProVE/aproveSMT3417012265546351137.smt2 : 223 ms.
--------------------------------------------------
Number of variables: 263
Number of clauses: 1016
sat
real sat
../New_SAT_split/QF_NIA_4_2/AProVE/aproveSMT3424707808377574511.smt2 : 56 ms.
--------------------------------------------------
Number of variables: 53195
Number of clauses: 233646
sat
real sat
../New_SAT_split/QF_NIA_4_2/AProVE/aproveSMT3427371880927870240.smt2 : 2110 ms.
--------------------------------------------------
Number of variables: 1744
Number of clauses: 7314
sat
real sat
../New_SAT_split/QF_NIA_4_2/AProVE/aproveSMT3430520388594542687.smt2 : 49 ms.
--------------------------------------------------
Number of variables: 356996
Number of clauses: 1557532
sat
real sat
../New_SAT_split/QF_NIA_4_2/AProVE/aproveSMT3437504632380958308.smt2 : 13758 ms.
--------------------------------------------------
Number of variables: 383
Number of clauses: 1450
sat
real sat
../New_SAT_split/QF_NIA_4_2/AProVE/aproveSMT3446270550762124746.smt2 : 26 ms.
--------------------------------------------------
Number of variables: 20676
Number of clauses: 89912
sat
real sat
../New_SAT_split/QF_NIA_4_2/AProVE/aproveSMT3463339775791914849.smt2 : 519 ms.
--------------------------------------------------
Number of variables: 181285
Number of clauses: 802128
sat
real sat
../New_SAT_split/QF_NIA_4_2/AProVE/aproveSMT3470351040228363781.smt2 : 12290 ms.
--------------------------------------------------
Number of variables: 14893
Number of clauses: 67933
sat
real sat
../New_SAT_split/QF_NIA_4_2/AProVE/aproveSMT3478322092999958257.smt2 : 436 ms.
--------------------------------------------------
Number of variables: 9137
Number of clauses: 39727
sat
real sat
../New_SAT_split/QF_NIA_4_2/AProVE/aproveSMT3483951975687277162.smt2 : 328 ms.
--------------------------------------------------
Number of variables: 7368
Number of clauses: 32341
sat
real sat
../New_SAT_split/QF_NIA_4_2/AProVE/aproveSMT3492118728519456227.smt2 : 122 ms.
--------------------------------------------------
Number of variables: 334
Number of clauses: 1497
sat
real sat
../New_SAT_split/QF_NIA_4_2/AProVE/aproveSMT3494021997808483360.smt2 : 31 ms.
--------------------------------------------------
Number of variables: 2984
Number of clauses: 11310
sat
real sat
../New_SAT_split/QF_NIA_4_2/AProVE/aproveSMT3495687126259583486.smt2 : 60 ms.
--------------------------------------------------
Number of variables: 446749
Number of clauses: 2018329
sat
real sat
../New_SAT_split/QF_NIA_4_2/AProVE/aproveSMT3497219735411737375.smt2 : 185750 ms.
--------------------------------------------------
Number of variables: 2168
Number of clauses: 9069
sat
real sat
../New_SAT_split/QF_NIA_4_2/AProVE/aproveSMT3498170512488769078.smt2 : 77 ms.
--------------------------------------------------
Number of variables: 39955
Number of clauses: 174193
sat
real sat
../New_SAT_split/QF_NIA_4_2/AProVE/aproveSMT3500340243912031772.smt2 : 798 ms.
--------------------------------------------------
Number of variables: 69024
Number of clauses: 304051
sat
real sat
../New_SAT_split/QF_NIA_4_2/AProVE/aproveSMT3514907592231801006.smt2 : 3850 ms.
--------------------------------------------------
Number of variables: 4354
Number of clauses: 18391
sat
real sat
../New_SAT_split/QF_NIA_4_2/AProVE/aproveSMT3517366479756143328.smt2 : 70 ms.
--------------------------------------------------
Number of variables: 351519
Number of clauses: 1546314
sat
real sat
../New_SAT_split/QF_NIA_4_2/AProVE/aproveSMT3533739995171424168.smt2 : 17303 ms.
--------------------------------------------------
Number of variables: 133333
Number of clauses: 582009
sat
real sat
../New_SAT_split/QF_NIA_4_2/AProVE/aproveSMT3539590732235943272.smt2 : 6824 ms.
--------------------------------------------------
Number of variables: 230
Number of clauses: 879
sat
real sat
../New_SAT_split/QF_NIA_4_2/AProVE/aproveSMT3558950800528651082.smt2 : 21 ms.
--------------------------------------------------
Number of variables: 262
Number of clauses: 1102
sat
real sat
../New_SAT_split/QF_NIA_4_2/AProVE/aproveSMT3565404200358592001.smt2 : 33 ms.
--------------------------------------------------
Number of variables: 26578
Number of clauses: 112139
sat
real sat
../New_SAT_split/QF_NIA_4_2/AProVE/aproveSMT3566044641846639091.smt2 : 927 ms.
--------------------------------------------------
Number of variables: 153
Number of clauses: 593
sat
real sat
../New_SAT_split/QF_NIA_4_2/AProVE/aproveSMT3576135051033751037.smt2 : 22 ms.
--------------------------------------------------
Number of variables: 7322
Number of clauses: 31096
sat
real sat
../New_SAT_split/QF_NIA_4_2/AProVE/aproveSMT3577850542120611745.smt2 : 102 ms.
--------------------------------------------------
Number of variables: 241533
Number of clauses: 1055284
sat
real sat
../New_SAT_split/QF_NIA_4_2/AProVE/aproveSMT3581317630841992936.smt2 : 10411 ms.
--------------------------------------------------
Number of variables: 389367
Number of clauses: 1702590
sat
real sat
../New_SAT_split/QF_NIA_4_2/AProVE/aproveSMT3585766464793587043.smt2 : 90119 ms.
--------------------------------------------------
Number of variables: 171
Number of clauses: 615
sat
real sat
../New_SAT_split/QF_NIA_4_2/AProVE/aproveSMT3586748180673086999.smt2 : 15 ms.
--------------------------------------------------
Number of variables: 357057
Number of clauses: 1571129
sat
real sat
../New_SAT_split/QF_NIA_4_2/AProVE/aproveSMT3589204996788811967.smt2 : 16687 ms.
--------------------------------------------------
Number of variables: 591
Number of clauses: 2417
sat
real sat
../New_SAT_split/QF_NIA_4_2/AProVE/aproveSMT3601223729732452715.smt2 : 21 ms.
--------------------------------------------------
Number of variables: 6944
Number of clauses: 29615
sat
real sat
../New_SAT_split/QF_NIA_4_2/AProVE/aproveSMT3608087424827797493.smt2 : 107 ms.
--------------------------------------------------
Number of variables: 536
Number of clauses: 2030
sat
real sat
../New_SAT_split/QF_NIA_4_2/AProVE/aproveSMT3609328027414218031.smt2 : 80 ms.
--------------------------------------------------
Number of variables: 311
Number of clauses: 1246
sat
real sat
../New_SAT_split/QF_NIA_4_2/AProVE/aproveSMT3611058756933534688.smt2 : 21 ms.
--------------------------------------------------
Number of variables: 36033
Number of clauses: 166913
sat
real sat
../New_SAT_split/QF_NIA_4_2/AProVE/aproveSMT3612851711724526218.smt2 : 537 ms.
--------------------------------------------------
Number of variables: 3432
Number of clauses: 14739
sat
real sat
../New_SAT_split/QF_NIA_4_2/AProVE/aproveSMT3616225968103234149.smt2 : 71 ms.
--------------------------------------------------
Number of variables: 85
Number of clauses: 318
sat
real sat
../New_SAT_split/QF_NIA_4_2/AProVE/aproveSMT3627377445343256973.smt2 : 37 ms.
--------------------------------------------------
Number of variables: 1315
Number of clauses: 5732
sat
real sat
../New_SAT_split/QF_NIA_4_2/AProVE/aproveSMT3629272157742736094.smt2 : 26 ms.
--------------------------------------------------
Number of variables: 4157
Number of clauses: 16015
sat
real sat
../New_SAT_split/QF_NIA_4_2/AProVE/aproveSMT3629848828041183859.smt2 : 43 ms.
--------------------------------------------------
Number of variables: 24628
Number of clauses: 127324
sat
real sat
../New_SAT_split/QF_NIA_4_2/AProVE/aproveSMT3634932254166362860.smt2 : 753 ms.
--------------------------------------------------
Number of variables: 6152
Number of clauses: 26721
sat
real sat
../New_SAT_split/QF_NIA_4_2/AProVE/aproveSMT3641030581675202539.smt2 : 130 ms.
--------------------------------------------------
Number of variables: 1886
Number of clauses: 7753
sat
real sat
../New_SAT_split/QF_NIA_4_2/AProVE/aproveSMT3651771434329443704.smt2 : 36 ms.
--------------------------------------------------
Number of variables: 85178
Number of clauses: 377764
sat
real sat
../New_SAT_split/QF_NIA_4_2/AProVE/aproveSMT3651947335804207925.smt2 : 5001 ms.
--------------------------------------------------
Number of variables: 2438
Number of clauses: 10005
sat
real sat
../New_SAT_split/QF_NIA_4_2/AProVE/aproveSMT3652807314996229772.smt2 : 25 ms.
--------------------------------------------------
Number of variables: 65945
Number of clauses: 284478
sat
real sat
../New_SAT_split/QF_NIA_4_2/AProVE/aproveSMT3659551651709764243.smt2 : 5140 ms.
--------------------------------------------------
Number of variables: 5142
Number of clauses: 21838
sat
real sat
../New_SAT_split/QF_NIA_4_2/AProVE/aproveSMT3666359791978785412.smt2 : 63 ms.
--------------------------------------------------
Number of variables: 1046
Number of clauses: 4015
sat
real sat
../New_SAT_split/QF_NIA_4_2/AProVE/aproveSMT3673470935165637853.smt2 : 17 ms.
--------------------------------------------------
Number of variables: 10222
Number of clauses: 45849
sat
real sat
../New_SAT_split/QF_NIA_4_2/AProVE/aproveSMT3679604724661346930.smt2 : 135 ms.
--------------------------------------------------
Number of variables: 23796
Number of clauses: 106372
sat
real sat
../New_SAT_split/QF_NIA_4_2/AProVE/aproveSMT3685710938259434869.smt2 : 324 ms.
--------------------------------------------------
Number of variables: 1726
Number of clauses: 7389
sat
real sat
../New_SAT_split/QF_NIA_4_2/AProVE/aproveSMT3685922099119459830.smt2 : 73 ms.
--------------------------------------------------
Number of variables: 4345
Number of clauses: 18883
sat
real sat
../New_SAT_split/QF_NIA_4_2/AProVE/aproveSMT3693667600148716294.smt2 : 62 ms.
--------------------------------------------------
Number of variables: 289
Number of clauses: 1143
sat
real sat
../New_SAT_split/QF_NIA_4_2/AProVE/aproveSMT3697462653187534143.smt2 : 15 ms.
--------------------------------------------------
Number of variables: 8507
Number of clauses: 36885
sat
real sat
../New_SAT_split/QF_NIA_4_2/AProVE/aproveSMT3699066844805767210.smt2 : 119 ms.
--------------------------------------------------
Number of variables: 621
Number of clauses: 2335
sat
real sat
../New_SAT_split/QF_NIA_4_2/AProVE/aproveSMT3708505752774610647.smt2 : 40 ms.
--------------------------------------------------
Number of variables: 119955
Number of clauses: 506434
sat
real sat
../New_SAT_split/QF_NIA_4_2/AProVE/aproveSMT3711749212931521777.smt2 : 5563 ms.
--------------------------------------------------
Number of variables: 2897
Number of clauses: 11819
sat
real sat
../New_SAT_split/QF_NIA_4_2/AProVE/aproveSMT3720985667790494819.smt2 : 41 ms.
--------------------------------------------------
Number of variables: 10938
Number of clauses: 46093
sat
real sat
../New_SAT_split/QF_NIA_4_2/AProVE/aproveSMT3722738041749676892.smt2 : 131 ms.
--------------------------------------------------
Number of variables: 682
Number of clauses: 2742
sat
real sat
../New_SAT_split/QF_NIA_4_2/AProVE/aproveSMT3726010165731767670.smt2 : 57 ms.
--------------------------------------------------
Number of variables: 1131
Number of clauses: 4320
sat
real sat
../New_SAT_split/QF_NIA_4_2/AProVE/aproveSMT3733525529237879768.smt2 : 27 ms.
--------------------------------------------------
Number of variables: 9291
Number of clauses: 38988
sat
real sat
../New_SAT_split/QF_NIA_4_2/AProVE/aproveSMT3734122552322670033.smt2 : 188 ms.
--------------------------------------------------
Number of variables: 11974
Number of clauses: 51641
sat
real sat
../New_SAT_split/QF_NIA_4_2/AProVE/aproveSMT3749349494710128113.smt2 : 361 ms.
--------------------------------------------------
Number of variables: 1760
Number of clauses: 6825
sat
real sat
../New_SAT_split/QF_NIA_4_2/AProVE/aproveSMT3753265387160433478.smt2 : 27 ms.
--------------------------------------------------
Number of variables: 1770
Number of clauses: 7967
sat
real sat
../New_SAT_split/QF_NIA_4_2/AProVE/aproveSMT3753640489284717738.smt2 : 94 ms.
--------------------------------------------------
Number of variables: 1539
Number of clauses: 5815
sat
real sat
../New_SAT_split/QF_NIA_4_2/AProVE/aproveSMT3755988980712377165.smt2 : 25 ms.
--------------------------------------------------
Number of variables: 1616
Number of clauses: 6913
sat
real sat
../New_SAT_split/QF_NIA_4_2/AProVE/aproveSMT3756465960182835133.smt2 : 30 ms.
--------------------------------------------------
Number of variables: 17302
Number of clauses: 74782
sat
real sat
../New_SAT_split/QF_NIA_4_2/AProVE/aproveSMT3759838017885795611.smt2 : 332 ms.
--------------------------------------------------
Number of variables: 40472
Number of clauses: 188397
sat
real sat
../New_SAT_split/QF_NIA_4_2/AProVE/aproveSMT3764562857754408102.smt2 : 704 ms.
--------------------------------------------------
Number of variables: 11895
Number of clauses: 54192
sat
real sat
../New_SAT_split/QF_NIA_4_2/AProVE/aproveSMT3770488563036128871.smt2 : 219 ms.
--------------------------------------------------
Number of variables: 37212
Number of clauses: 162828
sat
real sat
../New_SAT_split/QF_NIA_4_2/AProVE/aproveSMT3773116611377483163.smt2 : 762 ms.
--------------------------------------------------
Number of variables: 689
Number of clauses: 2610
sat
real sat
../New_SAT_split/QF_NIA_4_2/AProVE/aproveSMT3778692042252886508.smt2 : 26 ms.
--------------------------------------------------
Number of variables: 138837
Number of clauses: 606773
sat
real sat
../New_SAT_split/QF_NIA_4_2/AProVE/aproveSMT3802852757823636034.smt2 : 7314 ms.
--------------------------------------------------
Number of variables: 1020
Number of clauses: 4055
sat
real sat
../New_SAT_split/QF_NIA_4_2/AProVE/aproveSMT3807494294977005803.smt2 : 33 ms.
--------------------------------------------------
Number of variables: 662
Number of clauses: 2938
sat
real sat
../New_SAT_split/QF_NIA_4_2/AProVE/aproveSMT3815078553317170530.smt2 : 59 ms.
--------------------------------------------------
Number of variables: 5823
Number of clauses: 22055
sat
real sat
../New_SAT_split/QF_NIA_4_2/AProVE/aproveSMT3820226401096532393.smt2 : 55 ms.
--------------------------------------------------
Number of variables: 4467
Number of clauses: 18888
sat
real sat
../New_SAT_split/QF_NIA_4_2/AProVE/aproveSMT3852119018200872843.smt2 : 59 ms.
--------------------------------------------------
Number of variables: 76793
Number of clauses: 339253
sat
real sat
../New_SAT_split/QF_NIA_4_2/AProVE/aproveSMT3863000301652170829.smt2 : 5205 ms.
--------------------------------------------------
Number of variables: 85114
Number of clauses: 369982
sat
real sat
../New_SAT_split/QF_NIA_4_2/AProVE/aproveSMT3865563053193426677.smt2 : 5723 ms.
--------------------------------------------------
Number of variables: 2066
Number of clauses: 7830
sat
real sat
../New_SAT_split/QF_NIA_4_2/AProVE/aproveSMT3876159219363543981.smt2 : 30 ms.
--------------------------------------------------
Number of variables: 26764
Number of clauses: 117438
sat
real sat
../New_SAT_split/QF_NIA_4_2/AProVE/aproveSMT3880812907670883099.smt2 : 769 ms.
--------------------------------------------------
Number of variables: 6807
Number of clauses: 29227
sat
real sat
../New_SAT_split/QF_NIA_4_2/AProVE/aproveSMT3899731833370506085.smt2 : 89 ms.
--------------------------------------------------
Number of variables: 1233
Number of clauses: 4655
sat
real sat
../New_SAT_split/QF_NIA_4_2/AProVE/aproveSMT3902273663562965882.smt2 : 115 ms.
--------------------------------------------------
Number of variables: 604
Number of clauses: 2305
sat
real sat
../New_SAT_split/QF_NIA_4_2/AProVE/aproveSMT3909222396230925712.smt2 : 37 ms.
--------------------------------------------------
Number of variables: 536
Number of clauses: 2030
sat
real sat
../New_SAT_split/QF_NIA_4_2/AProVE/aproveSMT3928854107376852282.smt2 : 48 ms.
--------------------------------------------------
Number of variables: 79024
Number of clauses: 391511
sat
real sat
../New_SAT_split/QF_NIA_4_2/AProVE/aproveSMT3934653134307088493.smt2 : 4951 ms.
--------------------------------------------------
Number of variables: 7603
Number of clauses: 32629
sat
real sat
../New_SAT_split/QF_NIA_4_2/AProVE/aproveSMT3940824708643081769.smt2 : 95 ms.
--------------------------------------------------
Number of variables: 27217
Number of clauses: 119825
sat
real sat
../New_SAT_split/QF_NIA_4_2/AProVE/aproveSMT3947958860702292252.smt2 : 961 ms.
--------------------------------------------------
Number of variables: 470
Number of clauses: 2101
sat
real sat
../New_SAT_split/QF_NIA_4_2/AProVE/aproveSMT3947982480276242931.smt2 : 21 ms.
--------------------------------------------------
Number of variables: 78949
Number of clauses: 345460
sat
real sat
../New_SAT_split/QF_NIA_4_2/AProVE/aproveSMT3955707790434209397.smt2 : 2829 ms.
--------------------------------------------------
Number of variables: 852
Number of clauses: 3593
sat
real sat
../New_SAT_split/QF_NIA_4_2/AProVE/aproveSMT3961163151179338614.smt2 : 17 ms.
--------------------------------------------------
Number of variables: 2446
Number of clauses: 10281
sat
real sat
../New_SAT_split/QF_NIA_4_2/AProVE/aproveSMT3970517148307051183.smt2 : 37 ms.
--------------------------------------------------
Number of variables: 26461
Number of clauses: 102650
sat
real sat
../New_SAT_split/QF_NIA_4_2/AProVE/aproveSMT3973240325556759347.smt2 : 422 ms.
--------------------------------------------------
Number of variables: 1386
Number of clauses: 5235
sat
real sat
../New_SAT_split/QF_NIA_4_2/AProVE/aproveSMT3975335638657209687.smt2 : 44 ms.
--------------------------------------------------
Number of variables: 263
Number of clauses: 1016
sat
real sat
../New_SAT_split/QF_NIA_4_2/AProVE/aproveSMT3977482957601674706.smt2 : 15 ms.
--------------------------------------------------
Number of variables: 233548
Number of clauses: 1020413
sat
real sat
../New_SAT_split/QF_NIA_4_2/AProVE/aproveSMT3993094475316993381.smt2 : 14394 ms.
--------------------------------------------------
Number of variables: 5968
Number of clauses: 25493
sat
real sat
../New_SAT_split/QF_NIA_4_2/AProVE/aproveSMT4002199347190543845.smt2 : 93 ms.
--------------------------------------------------
Number of variables: 1989
Number of clauses: 8170
sat
real sat
../New_SAT_split/QF_NIA_4_2/AProVE/aproveSMT4002872514643125339.smt2 : 28 ms.
--------------------------------------------------
Number of variables: 288
Number of clauses: 1122
sat
real sat
../New_SAT_split/QF_NIA_4_2/AProVE/aproveSMT4004559194265078508.smt2 : 11 ms.
--------------------------------------------------
Number of variables: 4905
Number of clauses: 18575
sat
real sat
../New_SAT_split/QF_NIA_4_2/AProVE/aproveSMT4005477226838207398.smt2 : 36 ms.
--------------------------------------------------
Number of variables: 1578
Number of clauses: 6480
sat
real sat
../New_SAT_split/QF_NIA_4_2/AProVE/aproveSMT4007983202661989900.smt2 : 53 ms.
--------------------------------------------------
Number of variables: 12783
Number of clauses: 54600
sat
real sat
../New_SAT_split/QF_NIA_4_2/AProVE/aproveSMT4009112915136104899.smt2 : 293 ms.
--------------------------------------------------
Number of variables: 86717
Number of clauses: 383513
sat
real sat
../New_SAT_split/QF_NIA_4_2/AProVE/aproveSMT4015411381612320072.smt2 : 3480 ms.
--------------------------------------------------
Number of variables: 51783
Number of clauses: 242928
sat
real sat
../New_SAT_split/QF_NIA_4_2/AProVE/aproveSMT4023124977616078090.smt2 : 2218 ms.
--------------------------------------------------
Number of variables: 995
Number of clauses: 3770
sat
real sat
../New_SAT_split/QF_NIA_4_2/AProVE/aproveSMT4027084864118850992.smt2 : 25 ms.
--------------------------------------------------
Number of variables: 10074
Number of clauses: 47044
sat
real sat
../New_SAT_split/QF_NIA_4_2/AProVE/aproveSMT4029568066082021932.smt2 : 127 ms.
--------------------------------------------------
Number of variables: 927
Number of clauses: 3495
sat
real sat
../New_SAT_split/QF_NIA_4_2/AProVE/aproveSMT4042288562709108400.smt2 : 18 ms.
--------------------------------------------------
Number of variables: 114607
Number of clauses: 506386
sat
real sat
../New_SAT_split/QF_NIA_4_2/AProVE/aproveSMT4050206365058867206.smt2 : 5256 ms.
--------------------------------------------------
Number of variables: 4258
Number of clauses: 19034
sat
real sat
../New_SAT_split/QF_NIA_4_2/AProVE/aproveSMT4051217102874099417.smt2 : 71 ms.
--------------------------------------------------
Number of variables: 15706
Number of clauses: 67034
sat
real sat
../New_SAT_split/QF_NIA_4_2/AProVE/aproveSMT4053765454805755235.smt2 : 107 ms.
--------------------------------------------------
Number of variables: 50759
Number of clauses: 215966
sat
real sat
../New_SAT_split/QF_NIA_4_2/AProVE/aproveSMT4054171221164972142.smt2 : 4586 ms.
--------------------------------------------------
Number of variables: 8727
Number of clauses: 37581
sat
real sat
../New_SAT_split/QF_NIA_4_2/AProVE/aproveSMT4056498800607982847.smt2 : 156 ms.
--------------------------------------------------
Number of variables: 757
Number of clauses: 2885
sat
real sat
../New_SAT_split/QF_NIA_4_2/AProVE/aproveSMT4064602391930459892.smt2 : 42 ms.
--------------------------------------------------
Number of variables: 3709
Number of clauses: 16022
sat
real sat
../New_SAT_split/QF_NIA_4_2/AProVE/aproveSMT4068876412031045354.smt2 : 55 ms.
--------------------------------------------------
Number of variables: 468
Number of clauses: 1755
sat
real sat
../New_SAT_split/QF_NIA_4_2/AProVE/aproveSMT4070125037773989165.smt2 : 16 ms.
--------------------------------------------------
Number of variables: 92619
Number of clauses: 411842
sat
real sat
../New_SAT_split/QF_NIA_4_2/AProVE/aproveSMT4073984280799756404.smt2 : 4126 ms.
--------------------------------------------------
Number of variables: 378111
Number of clauses: 1641943
sat
real sat
../New_SAT_split/QF_NIA_4_2/AProVE/aproveSMT4083855475539913478.smt2 : 66224 ms.
--------------------------------------------------
Number of variables: 9955
Number of clauses: 43201
sat
real sat
../New_SAT_split/QF_NIA_4_2/AProVE/aproveSMT4085544463172435973.smt2 : 307 ms.
--------------------------------------------------
Number of variables: 1352
Number of clauses: 5175
sat
real sat
../New_SAT_split/QF_NIA_4_2/AProVE/aproveSMT4088542198152538998.smt2 : 47 ms.
--------------------------------------------------
Number of variables: 76181
Number of clauses: 336834
sat
real sat
../New_SAT_split/QF_NIA_4_2/AProVE/aproveSMT4094480445219008186.smt2 : 5404 ms.
--------------------------------------------------
Number of variables: 1960
Number of clauses: 8098
sat
real sat
../New_SAT_split/QF_NIA_4_2/AProVE/aproveSMT4098489838222261931.smt2 : 41 ms.
--------------------------------------------------
Number of variables: 3783
Number of clauses: 14580
sat
real sat
../New_SAT_split/QF_NIA_4_2/AProVE/aproveSMT4130514973567758350.smt2 : 42 ms.
--------------------------------------------------
Number of variables: 50717
Number of clauses: 223350
sat
real sat
../New_SAT_split/QF_NIA_4_2/AProVE/aproveSMT4143277859751922666.smt2 : 2687 ms.
--------------------------------------------------
Number of variables: 2372
Number of clauses: 8990
sat
real sat
../New_SAT_split/QF_NIA_4_2/AProVE/aproveSMT4146330339555453551.smt2 : 29 ms.
--------------------------------------------------
Number of variables: 230
Number of clauses: 879
sat
real sat
../New_SAT_split/QF_NIA_4_2/AProVE/aproveSMT4159585826334575943.smt2 : 15 ms.
--------------------------------------------------
Number of variables: 5080
Number of clauses: 21583
sat
real sat
../New_SAT_split/QF_NIA_4_2/AProVE/aproveSMT4163246385735196737.smt2 : 51 ms.
--------------------------------------------------
Number of variables: 76698
Number of clauses: 339019
sat
real sat
../New_SAT_split/QF_NIA_4_2/AProVE/aproveSMT4189237124064464642.smt2 : 5341 ms.
--------------------------------------------------
Number of variables: 201876
Number of clauses: 893195
sat
real sat
../New_SAT_split/QF_NIA_4_2/AProVE/aproveSMT4199001027766835855.smt2 : 12019 ms.
--------------------------------------------------
Number of variables: 1345
Number of clauses: 6073
sat
real sat
../New_SAT_split/QF_NIA_4_2/AProVE/aproveSMT4200334456757593509.smt2 : 37 ms.
--------------------------------------------------
Number of variables: 1363
Number of clauses: 5969
sat
real sat
../New_SAT_split/QF_NIA_4_2/AProVE/aproveSMT4203967704371541393.smt2 : 30 ms.
--------------------------------------------------
Number of variables: 125568
Number of clauses: 531514
sat
real sat
../New_SAT_split/QF_NIA_4_2/AProVE/aproveSMT4208636766877273927.smt2 : 16211 ms.
