--------------------------------------------------
Number of variables: 15089
Number of clauses: 67915
sat
real sat
../New_SAT_split/QF_NIA_2_19/20170427-VeryMax/ITS/From_T2__n-10.t2__p3418_terminationG_0.smt2 : 162 ms.
--------------------------------------------------
Number of variables: 23471
Number of clauses: 104063
sat
real sat
../New_SAT_split/QF_NIA_2_19/20170427-VeryMax/ITS/From_T2__n-10.t2__p3427_edge_closing_0.smt2 : 300 ms.
--------------------------------------------------
Number of variables: 35675
Number of clauses: 160806
sat
real sat
../New_SAT_split/QF_NIA_2_19/20170427-VeryMax/ITS/From_T2__n-10.t2__p3428_edge_closing_0.smt2 : 3148 ms.
--------------------------------------------------
Number of variables: 8297
Number of clauses: 38761
unsat in 2 bits.
Number of variables: 17407
Number of clauses: 85563
sat
real sat
../New_SAT_split/QF_NIA_2_19/20170427-VeryMax/ITS/From_T2__n-15a.t2_fixed__p3553_terminationG_0.smt2 : 2831 ms.
--------------------------------------------------
Number of variables: 13989
Number of clauses: 65925
unsat in 2 bits.
Number of variables: 30597
Number of clauses: 151495
sat
real sat
../New_SAT_split/QF_NIA_2_19/20170427-VeryMax/ITS/From_T2__n-15a.t2_fixed__p3554_terminationG_0.smt2 : 22045 ms.
--------------------------------------------------
Number of variables: 17125
Number of clauses: 76324
sat
real sat
../New_SAT_split/QF_NIA_2_19/20170427-VeryMax/ITS/From_T2__n-15a.t2__p3565_terminationG_0.smt2 : 1161 ms.
--------------------------------------------------
Number of variables: 10612
Number of clauses: 47305
sat
real sat
../New_SAT_split/QF_NIA_2_19/20170427-VeryMax/ITS/From_T2__n-15a.t2__p3569_terminationG_0.smt2 : 804 ms.
--------------------------------------------------
Number of variables: 17991
Number of clauses: 81316
sat
real sat
../New_SAT_split/QF_NIA_2_19/20170427-VeryMax/ITS/From_T2__n-15a.t2__p3570_terminationG_0.smt2 : 4203 ms.
--------------------------------------------------
Number of variables: 14229
Number of clauses: 64044
sat
real sat
../New_SAT_split/QF_NIA_2_19/20170427-VeryMax/ITS/From_T2__n-15a.t2__p3581_terminationG_0.smt2 : 2327 ms.
--------------------------------------------------
Number of variables: 24571
Number of clauses: 111942
sat
real sat
../New_SAT_split/QF_NIA_2_19/20170427-VeryMax/ITS/From_T2__n-15a.t2__p3582_terminationG_0.smt2 : 5052 ms.
--------------------------------------------------
Number of variables: 6697
Number of clauses: 29534
sat
real sat
../New_SAT_split/QF_NIA_2_19/20170427-VeryMax/ITS/From_T2__n-16a.t2__p3617_terminationG_0.smt2 : 152 ms.
--------------------------------------------------
Number of variables: 7083
Number of clauses: 31345
sat
real sat
../New_SAT_split/QF_NIA_2_19/20170427-VeryMax/ITS/From_T2__n-16a.t2__p3622_terminationG_0.smt2 : 1051 ms.
--------------------------------------------------
Number of variables: 10930
Number of clauses: 48427
sat
real sat
../New_SAT_split/QF_NIA_2_19/20170427-VeryMax/ITS/From_T2__n-16a.t2__p3632_edge_closing_0.smt2 : 260 ms.
--------------------------------------------------
Number of variables: 10390
Number of clauses: 46083
sat
real sat
../New_SAT_split/QF_NIA_2_19/20170427-VeryMax/ITS/From_T2__n-16a.t2__p3639_edge_closing_0.smt2 : 931 ms.
--------------------------------------------------
Number of variables: 10930
Number of clauses: 48427
sat
real sat
../New_SAT_split/QF_NIA_2_19/20170427-VeryMax/ITS/From_T2__n-18a.t2__p3689_edge_closing_0.smt2 : 302 ms.
--------------------------------------------------
Number of variables: 10390
Number of clauses: 46083
sat
real sat
../New_SAT_split/QF_NIA_2_19/20170427-VeryMax/ITS/From_T2__n-18a.t2__p3696_edge_closing_0.smt2 : 872 ms.
--------------------------------------------------
Number of variables: 7060
Number of clauses: 31481
sat
real sat
../New_SAT_split/QF_NIA_2_19/20170427-VeryMax/ITS/From_T2__n-18.t2__p3726_edge_closing_0.smt2 : 1697 ms.
--------------------------------------------------
Number of variables: 35675
Number of clauses: 160806
sat
real sat
../New_SAT_split/QF_NIA_2_19/20170427-VeryMax/ITS/From_T2__n-1c.t2__p3754_edge_closing_0.smt2 : 6550 ms.
--------------------------------------------------
Number of variables: 14843
Number of clauses: 69376
sat
real sat
../New_SAT_split/QF_NIA_2_19/20170427-VeryMax/ITS/From_T2__n-21.t2_fixed__p3833_terminationG_0.smt2 : 1063 ms.
--------------------------------------------------
Number of variables: 20988
Number of clauses: 94433
sat
real sat
../New_SAT_split/QF_NIA_2_19/20170427-VeryMax/ITS/From_T2__n-21.t2__p3870_terminationG_0.smt2 : 4719 ms.
--------------------------------------------------
Number of variables: 28762
Number of clauses: 132951
sat
real sat
../New_SAT_split/QF_NIA_2_19/20170427-VeryMax/ITS/From_T2__n-33.t2__p4057_terminationG_0.smt2 : 1768 ms.
--------------------------------------------------
Number of variables: 41747
Number of clauses: 190580
sat
real sat
../New_SAT_split/QF_NIA_2_19/20170427-VeryMax/ITS/From_T2__n-33.t2__p4064_terminationG_0.smt2 : 8612 ms.
--------------------------------------------------
Number of variables: 33805
Number of clauses: 153894
sat
real sat
../New_SAT_split/QF_NIA_2_19/20170427-VeryMax/ITS/From_T2__n-33.t2__p4077_terminationG_0.smt2 : 1590 ms.
--------------------------------------------------
Number of variables: 56450
Number of clauses: 259485
sat
real sat
../New_SAT_split/QF_NIA_2_19/20170427-VeryMax/ITS/From_T2__n-33.t2__p4078_terminationG_0.smt2 : 14139 ms.
--------------------------------------------------
Number of variables: 84060
Number of clauses: 381672
sat
real sat
../New_SAT_split/QF_NIA_2_19/20170427-VeryMax/ITS/From_T2__n-33.t2__p4088_edge_closing_0.smt2 : 15340 ms.
--------------------------------------------------
Number of variables: 5032
Number of clauses: 22426
sat
real sat
../New_SAT_split/QF_NIA_2_19/20170427-VeryMax/ITS/From_T2__n-3.t2__p4217_edge_closing_0.smt2 : 62 ms.
--------------------------------------------------
Number of variables: 37030
Number of clauses: 170828
sat
real sat
../New_SAT_split/QF_NIA_2_19/20170427-VeryMax/ITS/From_T2__n-40.t2_fixed__p4230_terminationG_0.smt2 : 8880 ms.
--------------------------------------------------
Number of variables: 36311
Number of clauses: 158402
sat
real sat
../New_SAT_split/QF_NIA_2_19/20170427-VeryMax/ITS/From_T2__n-40.t2__p4263_terminationG_0.smt2 : 7228 ms.
--------------------------------------------------
Number of variables: 74776
Number of clauses: 334568
sat
real sat
../New_SAT_split/QF_NIA_2_19/20170427-VeryMax/ITS/From_T2__n-40.t2__p4264_terminationG_0.smt2 : 21875 ms.
--------------------------------------------------
Number of variables: 178734
Number of clauses: 981095
unsat in 2 bits.
Number of variables: 229424
Number of clauses: 1280929
unsat in 4 bits.
Number of variables: 367176
Number of clauses: 2111135
unsat in 8 bits.
Number of variables: 788806
Number of clauses: 4698975
unsat in 16 bits.
Number of variables: 2218140
Number of clauses: 13593160
../New_SAT_split/QF_NIA_2_19/20170427-VeryMax/ITS/From_T2__n-40.t2__p4322_edge_closing_0.smt2 : 2401198 ms.
--------------------------------------------------
Number of variables: 207727
Number of clauses: 1141241
unsat in 2 bits.
Number of variables: 283581
Number of clauses: 1570297
unsat in 4 bits.
Number of variables: 509761
Number of clauses: 2900387
unsat in 8 bits.
Number of variables: 1261279
Number of clauses: 7458827
unsat in 16 bits.
Number of variables: 3963179
Number of clauses: 24182780
sat
real sat
../New_SAT_split/QF_NIA_2_19/20170427-VeryMax/ITS/From_T2__n-40.t2__p4323_edge_closing_0.smt2 : 2247119 ms.
--------------------------------------------------
Number of variables: 238628
Number of clauses: 1313635
unsat in 2 bits.
Number of variables: 341066
Number of clauses: 1879241
unsat in 4 bits.
Number of variables: 660818
Number of clauses: 3738463
unsat in 8 bits.
Number of variables: 1761792
Number of clauses: 10384879
unsat in 16 bits.
Number of variables: 5812548
Number of clauses: 35409145
../New_SAT_split/QF_NIA_2_19/20170427-VeryMax/ITS/From_T2__n-40.t2__p4324_edge_closing_0.smt2 : 2401650 ms.
--------------------------------------------------
Number of variables: 107874
Number of clauses: 595991
unsat in 2 bits.
Number of variables: 138806
Number of clauses: 778233
unsat in 4 bits.
Number of variables: 223190
Number of clauses: 1285465
unsat in 8 bits.
Number of variables: 482444
Number of clauses: 2874225
unsat in 16 bits.
Number of variables: 1363626
Number of clauses: 8352518
sat
real sat
../New_SAT_split/QF_NIA_2_19/20170427-VeryMax/ITS/From_T2__n-40.t2__p4325_edge_closing_0.smt2 : 1240965 ms.
--------------------------------------------------
Number of variables: 128592
Number of clauses: 710479
unsat in 2 bits.
Number of variables: 175926
Number of clauses: 977733
unsat in 4 bits.
Number of variables: 317362
Number of clauses: 1808653
unsat in 8 bits.
Number of variables: 788112
Number of clauses: 4662661
unsat in 16 bits.
Number of variables: 2482058
Number of clauses: 15144521
../New_SAT_split/QF_NIA_2_19/20170427-VeryMax/ITS/From_T2__n-40.t2__p4326_edge_closing_0.smt2 : 2401632 ms.
--------------------------------------------------
Number of variables: 151035
Number of clauses: 835745
unsat in 2 bits.
Number of variables: 216191
Number of clauses: 1195339
unsat in 4 bits.
Number of variables: 419823
Number of clauses: 2379195
unsat in 8 bits.
Number of variables: 1121637
Number of clauses: 6615827
unsat in 16 bits.
Number of variables: 3704629
Number of clauses: 22571735
sat
real sat
../New_SAT_split/QF_NIA_2_19/20170427-VeryMax/ITS/From_T2__n-40.t2__p4327_edge_closing_0.smt2 : 1286075 ms.
--------------------------------------------------
Number of variables: 91309
Number of clauses: 501634
unsat in 2 bits.
Number of variables: 132051
Number of clauses: 725578
unsat in 4 bits.
Number of variables: 259111
Number of clauses: 1462246
unsat in 8 bits.
Number of variables: 696517
Number of clauses: 4098598
unsat in 16 bits.
Number of variables: 2304979
Number of clauses: 14026067
../New_SAT_split/QF_NIA_2_19/20170427-VeryMax/ITS/From_T2__n-40.t2__p4330_edge_closing_0.smt2 : 2404234 ms.
--------------------------------------------------
Number of variables: 54777
Number of clauses: 298311
unsat in 2 bits.
Number of variables: 76251
Number of clauses: 418349
unsat in 4 bits.
Number of variables: 140539
Number of clauses: 793632
unsat in 8 bits.
Number of variables: 355001
Number of clauses: 2089232
unsat in 16 bits.
Number of variables: 1127667
Number of clauses: 6861319
../New_SAT_split/QF_NIA_2_19/20170427-VeryMax/ITS/From_T2__n-40.t2__p4332_edge_closing_0.smt2 : 2402491 ms.
--------------------------------------------------
Number of variables: 69322
Number of clauses: 379042
unsat in 2 bits.
Number of variables: 100618
Number of clauses: 551040
unsat in 4 bits.
Number of variables: 198388
Number of clauses: 1117907
unsat in 8 bits.
Number of variables: 535482
Number of clauses: 3149875
unsat in 16 bits.
Number of variables: 1776116
Number of clauses: 10807706
../New_SAT_split/QF_NIA_2_19/20170427-VeryMax/ITS/From_T2__n-40.t2__p4333_edge_closing_0.smt2 : 2404203 ms.
--------------------------------------------------
Number of variables: 6440
Number of clauses: 27926
sat
real sat
../New_SAT_split/QF_NIA_2_19/20170427-VeryMax/ITS/From_T2__n-48.t2__p4486_terminationG_0.smt2 : 79 ms.
--------------------------------------------------
Number of variables: 8521
Number of clauses: 42361
unsat in 2 bits.
Number of variables: 14291
Number of clauses: 73147
unsat in 4 bits.
Number of variables: 33031
Number of clauses: 180319
unsat in 8 bits.
Number of variables: 99317
Number of clauses: 577087
sat
real sat
../New_SAT_split/QF_NIA_2_19/20170427-VeryMax/ITS/From_T2__n-48.t2__p4513_edge_closing_0.smt2 : 78734 ms.
--------------------------------------------------
Number of variables: 13164
Number of clauses: 65935
unsat in 2 bits.
Number of variables: 23282
Number of clauses: 119689
unsat in 4 bits.
Number of variables: 56910
Number of clauses: 312013
unsat in 8 bits.
Number of variables: 177740
Number of clauses: 1035949
sat
real sat
../New_SAT_split/QF_NIA_2_19/20170427-VeryMax/ITS/From_T2__n-48.t2__p4514_edge_closing_0.smt2 : 834451 ms.
--------------------------------------------------
Number of variables: 20553
Number of clauses: 90046
sat
real sat
../New_SAT_split/QF_NIA_2_19/20170427-VeryMax/ITS/From_T2__n-4.t2_fixed__p4526_edge_closing_0.smt2 : 713 ms.
--------------------------------------------------
Number of variables: 44155
Number of clauses: 198517
sat
real sat
../New_SAT_split/QF_NIA_2_19/20170427-VeryMax/ITS/From_T2__n-4.t2_fixed__p4527_edge_closing_0.smt2 : 18790 ms.
--------------------------------------------------
Number of variables: 78528
Number of clauses: 359878
sat
real sat
../New_SAT_split/QF_NIA_2_19/20170427-VeryMax/ITS/From_T2__n-4.t2_fixed__p4528_edge_closing_0.smt2 : 44232 ms.
--------------------------------------------------
Number of variables: 58360
Number of clauses: 262542
sat
real sat
../New_SAT_split/QF_NIA_2_19/20170427-VeryMax/ITS/From_T2__n-4.t2__p4539_safety_0.smt2 : 19237 ms.
--------------------------------------------------
Number of variables: 29226
Number of clauses: 128279
sat
real sat
../New_SAT_split/QF_NIA_2_19/20170427-VeryMax/ITS/From_T2__n-4.t2__p4541_safety_0.smt2 : 1986 ms.
--------------------------------------------------
Number of variables: 58413
Number of clauses: 262748
sat
real sat
../New_SAT_split/QF_NIA_2_19/20170427-VeryMax/ITS/From_T2__n-4.t2__p4542_safety_0.smt2 : 26568 ms.
--------------------------------------------------
Number of variables: 29321
Number of clauses: 128771
sat
real sat
../New_SAT_split/QF_NIA_2_19/20170427-VeryMax/ITS/From_T2__n-4.t2__p4544_safety_0.smt2 : 2311 ms.
--------------------------------------------------
Number of variables: 58541
Number of clauses: 263422
sat
real sat
../New_SAT_split/QF_NIA_2_19/20170427-VeryMax/ITS/From_T2__n-4.t2__p4545_safety_0.smt2 : 21535 ms.
--------------------------------------------------
Number of variables: 60824
Number of clauses: 268376
sat
real sat
../New_SAT_split/QF_NIA_2_19/20170427-VeryMax/ITS/From_T2__n-4.t2__p4555_edge_closing_0.smt2 : 7092 ms.
--------------------------------------------------
Number of variables: 107914
Number of clauses: 486822
sat
real sat
../New_SAT_split/QF_NIA_2_19/20170427-VeryMax/ITS/From_T2__n-4.t2__p4556_edge_closing_0.smt2 : 119010 ms.
--------------------------------------------------
Number of variables: 44389
Number of clauses: 203812
sat
real sat
../New_SAT_split/QF_NIA_2_19/20170427-VeryMax/ITS/From_T2__n-5.t2_fixed__p4565_terminationG_0.smt2 : 24325 ms.
--------------------------------------------------
Number of variables: 22978
Number of clauses: 103649
sat
real sat
../New_SAT_split/QF_NIA_2_19/20170427-VeryMax/ITS/From_T2__n-5.t2_fixed__p4569_terminationG_0.smt2 : 4056 ms.
--------------------------------------------------
Number of variables: 44419
Number of clauses: 203918
sat
real sat
../New_SAT_split/QF_NIA_2_19/20170427-VeryMax/ITS/From_T2__n-5.t2_fixed__p4570_terminationG_0.smt2 : 10941 ms.
--------------------------------------------------
Number of variables: 23327
Number of clauses: 105497
sat
real sat
../New_SAT_split/QF_NIA_2_19/20170427-VeryMax/ITS/From_T2__n-5.t2_fixed__p4574_terminationG_0.smt2 : 2594 ms.
--------------------------------------------------
Number of variables: 44924
Number of clauses: 206621
sat
real sat
../New_SAT_split/QF_NIA_2_19/20170427-VeryMax/ITS/From_T2__n-5.t2_fixed__p4575_terminationG_0.smt2 : 19264 ms.
--------------------------------------------------
Number of variables: 16271
Number of clauses: 72789
unsat in 2 bits.
Number of variables: 37885
Number of clauses: 183554
sat
real sat
../New_SAT_split/QF_NIA_2_19/20170427-VeryMax/ITS/From_T2__n-5.t2_fixed__p4579_terminationG_0.smt2 : 113099 ms.
--------------------------------------------------
Number of variables: 30129
Number of clauses: 137261
../New_SAT_split/QF_NIA_2_19/20170427-VeryMax/ITS/From_T2__n-5.t2_fixed__p4580_terminationG_0.smt2 : 2401132 ms.
--------------------------------------------------
Number of variables: 17696
Number of clauses: 81131
unsat in 2 bits.
Number of variables: 39844
Number of clauses: 195063
sat
real sat
../New_SAT_split/QF_NIA_2_19/20170427-VeryMax/ITS/From_T2__n-5.t2_fixed__p4584_terminationG_0.smt2 : 311656 ms.
--------------------------------------------------
Number of variables: 32116
Number of clauses: 149070
../New_SAT_split/QF_NIA_2_19/20170427-VeryMax/ITS/From_T2__n-5.t2_fixed__p4585_terminationG_0.smt2 : 2402605 ms.
--------------------------------------------------
Number of variables: 8563
Number of clauses: 40019
unsat in 2 bits.
Number of variables: 17201
Number of clauses: 83769
sat
real sat
../New_SAT_split/QF_NIA_2_19/20170427-VeryMax/ITS/From_T2__n-5.t2_fixed__p4588_terminationG_0.smt2 : 5163 ms.
--------------------------------------------------
Number of variables: 19195
Number of clauses: 90125
unsat in 2 bits.
Number of variables: 41815
Number of clauses: 206697
sat
real sat
../New_SAT_split/QF_NIA_2_19/20170427-VeryMax/ITS/From_T2__n-5.t2_fixed__p4589_terminationG_0.smt2 : 431082 ms.
--------------------------------------------------
Number of variables: 34225
Number of clauses: 161919
../New_SAT_split/QF_NIA_2_19/20170427-VeryMax/ITS/From_T2__n-5.t2_fixed__p4590_terminationG_0.smt2 : 2401256 ms.
--------------------------------------------------
Number of variables: 7543
Number of clauses: 35772
unsat in 2 bits.
Number of variables: 14755
Number of clauses: 72222
sat
real sat
../New_SAT_split/QF_NIA_2_19/20170427-VeryMax/ITS/From_T2__n-5.t2_fixed__p4593_terminationG_0.smt2 : 6456 ms.
--------------------------------------------------
Number of variables: 15522
Number of clauses: 73491
unsat in 2 bits.
Number of variables: 33022
Number of clauses: 163225
sat
real sat
../New_SAT_split/QF_NIA_2_19/20170427-VeryMax/ITS/From_T2__n-5.t2_fixed__p4594_terminationG_0.smt2 : 781196 ms.
--------------------------------------------------
Number of variables: 26474
Number of clauses: 126000
../New_SAT_split/QF_NIA_2_19/20170427-VeryMax/ITS/From_T2__n-5.t2_fixed__p4595_terminationG_0.smt2 : 2404838 ms.
--------------------------------------------------
Number of variables: 34502
Number of clauses: 166544
sat
real sat
../New_SAT_split/QF_NIA_2_19/20170427-VeryMax/ITS/From_T2__n-5.t2_fixed__p4600_terminationG_0.smt2 : 13657 ms.
--------------------------------------------------
Number of variables: 58380
Number of clauses: 279946
sat
real sat
../New_SAT_split/QF_NIA_2_19/20170427-VeryMax/ITS/From_T2__n-5.t2_fixed__p4607_edge_closing_0.smt2 : 7275 ms.
--------------------------------------------------
Number of variables: 91124
Number of clauses: 431766
sat
real sat
../New_SAT_split/QF_NIA_2_19/20170427-VeryMax/ITS/From_T2__n-5.t2_fixed__p4608_edge_closing_0.smt2 : 46286 ms.
--------------------------------------------------
Number of variables: 127636
Number of clauses: 604831
sat
real sat
../New_SAT_split/QF_NIA_2_19/20170427-VeryMax/ITS/From_T2__n-5.t2_fixed__p4609_edge_closing_0.smt2 : 42126 ms.
--------------------------------------------------
Number of variables: 45059
Number of clauses: 216881
sat
real sat
../New_SAT_split/QF_NIA_2_19/20170427-VeryMax/ITS/From_T2__n-5.t2_fixed__p4614_edge_closing_0.smt2 : 7374 ms.
--------------------------------------------------
Number of variables: 70136
Number of clauses: 334062
sat
real sat
../New_SAT_split/QF_NIA_2_19/20170427-VeryMax/ITS/From_T2__n-5.t2_fixed__p4615_edge_closing_0.smt2 : 11504 ms.
--------------------------------------------------
Number of variables: 98751
Number of clauses: 470600
sat
real sat
../New_SAT_split/QF_NIA_2_19/20170427-VeryMax/ITS/From_T2__n-5.t2_fixed__p4616_edge_closing_0.smt2 : 33900 ms.
--------------------------------------------------
Number of variables: 36001
Number of clauses: 172430
sat
real sat
../New_SAT_split/QF_NIA_2_19/20170427-VeryMax/ITS/From_T2__n-5.t2_fixed__p4620_edge_closing_0.smt2 : 8014 ms.
--------------------------------------------------
Number of variables: 56200
Number of clauses: 267213
sat
real sat
../New_SAT_split/QF_NIA_2_19/20170427-VeryMax/ITS/From_T2__n-5.t2_fixed__p4621_edge_closing_0.smt2 : 17391 ms.
--------------------------------------------------
Number of variables: 79784
Number of clauses: 380102
sat
real sat
../New_SAT_split/QF_NIA_2_19/20170427-VeryMax/ITS/From_T2__n-5.t2_fixed__p4622_edge_closing_0.smt2 : 22035 ms.
--------------------------------------------------
Number of variables: 32846
Number of clauses: 157365
sat
real sat
../New_SAT_split/QF_NIA_2_19/20170427-VeryMax/ITS/From_T2__n-5.t2_fixed__p4626_edge_closing_0.smt2 : 9085 ms.
--------------------------------------------------
Number of variables: 51227
Number of clauses: 243959
sat
real sat
../New_SAT_split/QF_NIA_2_19/20170427-VeryMax/ITS/From_T2__n-5.t2_fixed__p4627_edge_closing_0.smt2 : 10966 ms.
--------------------------------------------------
Number of variables: 72938
Number of clauses: 348209
sat
real sat
../New_SAT_split/QF_NIA_2_19/20170427-VeryMax/ITS/From_T2__n-5.t2_fixed__p4628_edge_closing_0.smt2 : 35912 ms.
--------------------------------------------------
Number of variables: 50054
Number of clauses: 227715
sat
real sat
../New_SAT_split/QF_NIA_2_19/20170427-VeryMax/ITS/From_T2__n-5.t2__p4637_terminationG_0.smt2 : 2911 ms.
--------------------------------------------------
Number of variables: 25858
Number of clauses: 115435
sat
real sat
../New_SAT_split/QF_NIA_2_19/20170427-VeryMax/ITS/From_T2__n-5.t2__p4641_terminationG_0.smt2 : 608 ms.
--------------------------------------------------
Number of variables: 50457
Number of clauses: 229720
sat
real sat
../New_SAT_split/QF_NIA_2_19/20170427-VeryMax/ITS/From_T2__n-5.t2__p4652_terminationG_0.smt2 : 10103 ms.
--------------------------------------------------
Number of variables: 25972
Number of clauses: 116072
sat
real sat
../New_SAT_split/QF_NIA_2_19/20170427-VeryMax/ITS/From_T2__n-5.t2__p4656_terminationG_0.smt2 : 1131 ms.
--------------------------------------------------
Number of variables: 50589
Number of clauses: 230524
sat
real sat
../New_SAT_split/QF_NIA_2_19/20170427-VeryMax/ITS/From_T2__n-5.t2__p4657_terminationG_0.smt2 : 17657 ms.
--------------------------------------------------
Number of variables: 26009
Number of clauses: 116206
sat
real sat
../New_SAT_split/QF_NIA_2_19/20170427-VeryMax/ITS/From_T2__n-5.t2__p4661_terminationG_0.smt2 : 734 ms.
--------------------------------------------------
Number of variables: 18180
Number of clauses: 80388
unsat in 2 bits.
Number of variables: 43040
Number of clauses: 207629
sat
real sat
../New_SAT_split/QF_NIA_2_19/20170427-VeryMax/ITS/From_T2__n-5.t2__p4666_terminationG_0.smt2 : 312829 ms.
--------------------------------------------------
Number of variables: 34012
Number of clauses: 153569
../New_SAT_split/QF_NIA_2_19/20170427-VeryMax/ITS/From_T2__n-5.t2__p4667_terminationG_0.smt2 : 2404299 ms.
--------------------------------------------------
Number of variables: 8247
Number of clauses: 36672
unsat in 2 bits.
Number of variables: 17629
Number of clauses: 83769
sat
real sat
../New_SAT_split/QF_NIA_2_19/20170427-VeryMax/ITS/From_T2__n-5.t2__p4670_terminationG_0.smt2 : 4630 ms.
--------------------------------------------------
Number of variables: 19597
Number of clauses: 88666
unsat in 2 bits.
Number of variables: 44991
Number of clauses: 219074
sat
real sat
../New_SAT_split/QF_NIA_2_19/20170427-VeryMax/ITS/From_T2__n-5.t2__p4671_terminationG_0.smt2 : 507302 ms.
--------------------------------------------------
Number of variables: 35987
Number of clauses: 165282
../New_SAT_split/QF_NIA_2_19/20170427-VeryMax/ITS/From_T2__n-5.t2__p4672_terminationG_0.smt2 : 2401369 ms.
--------------------------------------------------
Number of variables: 9316
Number of clauses: 42883
unsat in 2 bits.
Number of variables: 19094
Number of clauses: 92217
sat
real sat
../New_SAT_split/QF_NIA_2_19/20170427-VeryMax/ITS/From_T2__n-5.t2__p4675_terminationG_0.smt2 : 4597 ms.
--------------------------------------------------
Number of variables: 21304
Number of clauses: 98772
unsat in 2 bits.
Number of variables: 47266
Number of clauses: 232372
sat
real sat
../New_SAT_split/QF_NIA_2_19/20170427-VeryMax/ITS/From_T2__n-5.t2__p4676_terminationG_0.smt2 : 739622 ms.
--------------------------------------------------
Number of variables: 38372
Number of clauses: 179603
../New_SAT_split/QF_NIA_2_19/20170427-VeryMax/ITS/From_T2__n-5.t2__p4677_terminationG_0.smt2 : 2411323 ms.
--------------------------------------------------
Number of variables: 17071
Number of clauses: 79849
unsat in 2 bits.
Number of variables: 37071
Number of clauses: 182245
sat
real sat
../New_SAT_split/QF_NIA_2_19/20170427-VeryMax/ITS/From_T2__n-5.t2__p4681_terminationG_0.smt2 : 1024968 ms.
--------------------------------------------------
Number of variables: 29489
Number of clauses: 138916
../New_SAT_split/QF_NIA_2_19/20170427-VeryMax/ITS/From_T2__n-5.t2__p4682_terminationG_0.smt2 : 2404796 ms.
--------------------------------------------------
Number of variables: 37709
Number of clauses: 179033
sat
real sat
../New_SAT_split/QF_NIA_2_19/20170427-VeryMax/ITS/From_T2__n-5.t2__p4687_terminationG_0.smt2 : 9570 ms.
--------------------------------------------------
Number of variables: 58628
Number of clauses: 275287
sat
real sat
../New_SAT_split/QF_NIA_2_19/20170427-VeryMax/ITS/From_T2__n-5.t2__p4694_edge_closing_0.smt2 : 12351 ms.
--------------------------------------------------
Number of variables: 94099
Number of clauses: 438209
sat
real sat
../New_SAT_split/QF_NIA_2_19/20170427-VeryMax/ITS/From_T2__n-5.t2__p4695_edge_closing_0.smt2 : 20818 ms.
--------------------------------------------------
Number of variables: 133825
Number of clauses: 624865
sat
real sat
../New_SAT_split/QF_NIA_2_19/20170427-VeryMax/ITS/From_T2__n-5.t2__p4696_edge_closing_0.smt2 : 75813 ms.
--------------------------------------------------
Number of variables: 46249
Number of clauses: 218204
sat
real sat
../New_SAT_split/QF_NIA_2_19/20170427-VeryMax/ITS/From_T2__n-5.t2__p4701_edge_closing_0.smt2 : 13121 ms.
--------------------------------------------------
Number of variables: 73738
Number of clauses: 345358
sat
real sat
../New_SAT_split/QF_NIA_2_19/20170427-VeryMax/ITS/From_T2__n-5.t2__p4702_edge_closing_0.smt2 : 20125 ms.
--------------------------------------------------
Number of variables: 105255
Number of clauses: 494348
sat
real sat
../New_SAT_split/QF_NIA_2_19/20170427-VeryMax/ITS/From_T2__n-5.t2__p4703_edge_closing_0.smt2 : 84380 ms.
--------------------------------------------------
Number of variables: 41955
Number of clauses: 203369
sat
real sat
../New_SAT_split/QF_NIA_2_19/20170427-VeryMax/ITS/From_T2__n-5.t2__p4707_edge_closing_0.smt2 : 11188 ms.
--------------------------------------------------
Number of variables: 65493
Number of clauses: 314645
sat
real sat
../New_SAT_split/QF_NIA_2_19/20170427-VeryMax/ITS/From_T2__n-5.t2__p4708_edge_closing_0.smt2 : 26897 ms.
--------------------------------------------------
Number of variables: 92985
Number of clauses: 447118
sat
real sat
../New_SAT_split/QF_NIA_2_19/20170427-VeryMax/ITS/From_T2__n-5.t2__p4709_edge_closing_0.smt2 : 62055 ms.
--------------------------------------------------
Number of variables: 38642
Number of clauses: 189280
sat
real sat
../New_SAT_split/QF_NIA_2_19/20170427-VeryMax/ITS/From_T2__n-5.t2__p4713_edge_closing_0.smt2 : 9694 ms.
--------------------------------------------------
Number of variables: 59932
Number of clauses: 291183
sat
real sat
../New_SAT_split/QF_NIA_2_19/20170427-VeryMax/ITS/From_T2__n-5.t2__p4714_edge_closing_0.smt2 : 22992 ms.
--------------------------------------------------
Number of variables: 85134
Number of clauses: 413922
sat
real sat
../New_SAT_split/QF_NIA_2_19/20170427-VeryMax/ITS/From_T2__n-5.t2__p4715_edge_closing_0.smt2 : 123926 ms.
--------------------------------------------------
Number of variables: 13530
Number of clauses: 61023
sat
real sat
../New_SAT_split/QF_NIA_2_19/20170427-VeryMax/ITS/From_T2__n-6a.t2__p4739_terminationG_0.smt2 : 773 ms.
--------------------------------------------------
Number of variables: 12194
Number of clauses: 54592
sat
real sat
../New_SAT_split/QF_NIA_2_19/20170427-VeryMax/ITS/From_T2__n-6a.t2__p4752_edge_closing_0.smt2 : 233 ms.
--------------------------------------------------
Number of variables: 19531
Number of clauses: 88977
sat
real sat
../New_SAT_split/QF_NIA_2_19/20170427-VeryMax/ITS/From_T2__n-6.t2_fixed__p4761_terminationG_0.smt2 : 1150 ms.
--------------------------------------------------
Number of variables: 7068
Number of clauses: 34712
unsat in 2 bits.
Number of variables: 13516
Number of clauses: 68459
unsat in 4 bits.
Number of variables: 35060
Number of clauses: 190739
unsat in 8 bits.
Number of variables: 112710
Number of clauses: 654187
sat
real sat
../New_SAT_split/QF_NIA_2_19/20170427-VeryMax/ITS/From_T2__n-6.t2_fixed__p4794_edge_closing_0.smt2 : 356963 ms.
--------------------------------------------------
Number of variables: 11403
Number of clauses: 56850
unsat in 2 bits.
Number of variables: 22311
Number of clauses: 114107
unsat in 4 bits.
Number of variables: 59259
Number of clauses: 324479
unsat in 8 bits.
Number of variables: 193637
Number of clauses: 1128271
sat
real sat
../New_SAT_split/QF_NIA_2_19/20170427-VeryMax/ITS/From_T2__n-6.t2_fixed__p4795_edge_closing_0.smt2 : 253376 ms.
--------------------------------------------------
Number of variables: 9817
Number of clauses: 43614
sat
real sat
../New_SAT_split/QF_NIA_2_19/20170427-VeryMax/ITS/From_T2__n-6.t2__p4803_terminationG_0.smt2 : 95 ms.
--------------------------------------------------
Number of variables: 17019
Number of clauses: 76809
sat
real sat
../New_SAT_split/QF_NIA_2_19/20170427-VeryMax/ITS/From_T2__n-6.t2__p4804_terminationG_0.smt2 : 321 ms.
--------------------------------------------------
Number of variables: 157210
Number of clauses: 847431
unsat in 2 bits.
Number of variables: 210130
Number of clauses: 1151367
unsat in 4 bits.
Number of variables: 359996
Number of clauses: 2040428
unsat in 8 bits.
Number of variables: 832480
Number of clauses: 4914876
sat
real sat
../New_SAT_split/QF_NIA_2_19/20170427-VeryMax/ITS/From_T2__n-6.t2__p4861_edge_closing_0.smt2 : 603394 ms.
--------------------------------------------------
Number of variables: 187456
Number of clauses: 1003929
unsat in 2 bits.
Number of variables: 270748
Number of clauses: 1464093
unsat in 4 bits.
Number of variables: 528340
Number of clauses: 2965174
unsat in 8 bits.
Number of variables: 1400560
Number of clauses: 8232670
sat
real sat
../New_SAT_split/QF_NIA_2_19/20170427-VeryMax/ITS/From_T2__n-6.t2__p4862_edge_closing_0.smt2 : 2076123 ms.
--------------------------------------------------
Number of variables: 220588
Number of clauses: 1177471
unsat in 2 bits.
Number of variables: 337116
Number of clauses: 1808711
unsat in 4 bits.
Number of variables: 712882
Number of clauses: 3981588
unsat in 8 bits.
Number of variables: 2024230
Number of clauses: 11878932
sat
real sat
../New_SAT_split/QF_NIA_2_19/20170427-VeryMax/ITS/From_T2__n-6.t2__p4863_edge_closing_0.smt2 : 2116455 ms.
--------------------------------------------------
Number of variables: 59369
Number of clauses: 321697
unsat in 2 bits.
Number of variables: 80853
Number of clauses: 443229
unsat in 4 bits.
Number of variables: 142731
Number of clauses: 807062
unsat in 8 bits.
Number of variables: 340667
Number of clauses: 2005430
sat
real sat
../New_SAT_split/QF_NIA_2_19/20170427-VeryMax/ITS/From_T2__n-6.t2__p4864_edge_closing_0.smt2 : 143014 ms.
--------------------------------------------------
Number of variables: 72814
Number of clauses: 391140
unsat in 2 bits.
Number of variables: 107402
Number of clauses: 580168
unsat in 4 bits.
Number of variables: 215630
Number of clauses: 1207509
unsat in 8 bits.
Number of variables: 585070
Number of clauses: 3432773
sat
real sat
../New_SAT_split/QF_NIA_2_19/20170427-VeryMax/ITS/From_T2__n-6.t2__p4865_edge_closing_0.smt2 : 264008 ms.
--------------------------------------------------
Number of variables: 87664
Number of clauses: 468801
unsat in 2 bits.
Number of variables: 136776
Number of clauses: 732653
unsat in 4 bits.
Number of variables: 296578
Number of clauses: 1653390
unsat in 8 bits.
Number of variables: 857218
Number of clauses: 5023950
sat
real sat
../New_SAT_split/QF_NIA_2_19/20170427-VeryMax/ITS/From_T2__n-6.t2__p4866_edge_closing_0.smt2 : 2199745 ms.
--------------------------------------------------
Number of variables: 40519
Number of clauses: 215805
unsat in 2 bits.
Number of variables: 64893
Number of clauses: 346323
unsat in 4 bits.
Number of variables: 144919
Number of clauses: 806801
unsat in 8 bits.
Number of variables: 427903
Number of clauses: 2507745
sat
real sat
../New_SAT_split/QF_NIA_2_19/20170427-VeryMax/ITS/From_T2__n-6.t2__p4869_edge_closing_0.smt2 : 557280 ms.
--------------------------------------------------
Number of variables: 23592
Number of clauses: 123554
unsat in 2 bits.
Number of variables: 39310
Number of clauses: 207166
unsat in 4 bits.
Number of variables: 91296
Number of clauses: 505234
unsat in 8 bits.
Number of variables: 276584
Number of clauses: 1617514
sat
real sat
../New_SAT_split/QF_NIA_2_19/20170427-VeryMax/ITS/From_T2__n-6.t2__p4875_edge_closing_0.smt2 : 190079 ms.
--------------------------------------------------
Number of variables: 11306
Number of clauses: 50809
sat
real sat
../New_SAT_split/QF_NIA_2_19/20170427-VeryMax/ITS/From_T2__n-7.t2_fixed__p4969_edge_closing_0.smt2 : 1361 ms.
--------------------------------------------------
Number of variables: 7188
Number of clauses: 32465
sat
real sat
../New_SAT_split/QF_NIA_2_19/20170427-VeryMax/ITS/From_T2__n-7.t2_fixed__p4975_edge_closing_0.smt2 : 727 ms.
--------------------------------------------------
Number of variables: 11273
Number of clauses: 50683
sat
real sat
../New_SAT_split/QF_NIA_2_19/20170427-VeryMax/ITS/From_T2__n-7.t2__p4985_terminationG_0.smt2 : 699 ms.
--------------------------------------------------
Number of variables: 11769
Number of clauses: 53200
sat
real sat
../New_SAT_split/QF_NIA_2_19/20170427-VeryMax/ITS/From_T2__n-7.t2__p4990_terminationG_0.smt2 : 1277 ms.
--------------------------------------------------
Number of variables: 15311
Number of clauses: 68586
sat
real sat
../New_SAT_split/QF_NIA_2_19/20170427-VeryMax/ITS/From_T2__n-7.t2__p5174_edge_closing_0.smt2 : 5104 ms.
--------------------------------------------------
Number of variables: 23624
Number of clauses: 107105
sat
real sat
../New_SAT_split/QF_NIA_2_19/20170427-VeryMax/ITS/From_T2__n-7.t2__p5175_edge_closing_0.smt2 : 4506 ms.
--------------------------------------------------
Number of variables: 12712
Number of clauses: 57577
sat
real sat
../New_SAT_split/QF_NIA_2_19/20170427-VeryMax/ITS/From_T2__n-7.t2__p5177_edge_closing_0.smt2 : 978 ms.
--------------------------------------------------
Number of variables: 19867
Number of clauses: 91045
sat
real sat
../New_SAT_split/QF_NIA_2_19/20170427-VeryMax/ITS/From_T2__n-7.t2__p5178_edge_closing_0.smt2 : 1050 ms.
--------------------------------------------------
Number of variables: 17757
Number of clauses: 81573
sat
real sat
../New_SAT_split/QF_NIA_2_19/20170427-VeryMax/ITS/From_T2__n-7.t2__p5181_edge_closing_0.smt2 : 3361 ms.
--------------------------------------------------
Number of variables: 12212
Number of clauses: 54736
sat
real sat
../New_SAT_split/QF_NIA_2_19/20170427-VeryMax/ITS/From_T2__n-8a.t2__p5196_edge_closing_0.smt2 : 886 ms.
--------------------------------------------------
Number of variables: 14748
Number of clauses: 66354
sat
real sat
../New_SAT_split/QF_NIA_2_19/20170427-VeryMax/ITS/From_T2__n-8.t2__p5214_terminationG_0.smt2 : 378 ms.
--------------------------------------------------
Number of variables: 8633
Number of clauses: 38420
sat
real sat
../New_SAT_split/QF_NIA_2_19/20170427-VeryMax/ITS/From_T2__n-8.t2__p5218_terminationG_0.smt2 : 539 ms.
--------------------------------------------------
Number of variables: 15286
Number of clauses: 69153
sat
real sat
../New_SAT_split/QF_NIA_2_19/20170427-VeryMax/ITS/From_T2__n-8.t2__p5219_terminationG_0.smt2 : 581 ms.
--------------------------------------------------
Number of variables: 30419
Number of clauses: 137211
sat
real sat
../New_SAT_split/QF_NIA_2_19/20170427-VeryMax/ITS/From_T2__n-8.t2__p5229_edge_closing_0.smt2 : 1293 ms.
--------------------------------------------------
Number of variables: 19342
Number of clauses: 87214
sat
real sat
../New_SAT_split/QF_NIA_2_19/20170427-VeryMax/ITS/From_T2__n-9.t2_fixed__p5241_terminationG_0.smt2 : 875 ms.
--------------------------------------------------
Number of variables: 11266
Number of clauses: 49971
sat
real sat
../New_SAT_split/QF_NIA_2_19/20170427-VeryMax/ITS/From_T2__n-9.t2_fixed__p5245_terminationG_0.smt2 : 218 ms.
--------------------------------------------------
Number of variables: 14549
Number of clauses: 64554
sat
real sat
../New_SAT_split/QF_NIA_2_19/20170427-VeryMax/ITS/From_T2__n-9.t2_fixed__p5255_edge_closing_0.smt2 : 1842 ms.
--------------------------------------------------
Number of variables: 23694
Number of clauses: 107042
sat
real sat
../New_SAT_split/QF_NIA_2_19/20170427-VeryMax/ITS/From_T2__n-9.t2_fixed__p5256_edge_closing_0.smt2 : 1650 ms.
--------------------------------------------------
Number of variables: 25085
Number of clauses: 112357
sat
real sat
../New_SAT_split/QF_NIA_2_19/20170427-VeryMax/ITS/From_T2__n-9.t2__p5284_edge_closing_0.smt2 : 8576 ms.
--------------------------------------------------
Number of variables: 82770
Number of clauses: 367673
sat
real sat
../New_SAT_split/QF_NIA_2_19/20170427-VeryMax/ITS/From_T2__nakata.t2__p5294_terminationG_0.smt2 : 6027 ms.
--------------------------------------------------
Number of variables: 179745
Number of clauses: 806513
sat
real sat
../New_SAT_split/QF_NIA_2_19/20170427-VeryMax/ITS/From_T2__nakata.t2__p5295_terminationG_0.smt2 : 8888 ms.
--------------------------------------------------
Number of variables: 315305
Number of clauses: 1435010
sat
real sat
../New_SAT_split/QF_NIA_2_19/20170427-VeryMax/ITS/From_T2__nakata.t2__p5296_terminationG_0.smt2 : 139633 ms.
--------------------------------------------------
Number of variables: 92368
Number of clauses: 425049
sat
real sat
../New_SAT_split/QF_NIA_2_19/20170427-VeryMax/ITS/From_T2__nakata.t2__p5299_terminationG_0.smt2 : 38430 ms.
--------------------------------------------------
Number of variables: 190885
Number of clauses: 873662
sat
real sat
../New_SAT_split/QF_NIA_2_19/20170427-VeryMax/ITS/From_T2__nakata.t2__p5300_terminationG_0.smt2 : 77388 ms.
--------------------------------------------------
Number of variables: 327987
Number of clauses: 1511932
sat
real sat
../New_SAT_split/QF_NIA_2_19/20170427-VeryMax/ITS/From_T2__nakata.t2__p5301_terminationG_0.smt2 : 121767 ms.
--------------------------------------------------
Number of variables: 105182
Number of clauses: 497966
sat
real sat
../New_SAT_split/QF_NIA_2_19/20170427-VeryMax/ITS/From_T2__nakata.t2__p5304_terminationG_0.smt2 : 15763 ms.
--------------------------------------------------
Number of variables: 206535
Number of clauses: 965440
sat
real sat
../New_SAT_split/QF_NIA_2_19/20170427-VeryMax/ITS/From_T2__nakata.t2__p5305_terminationG_0.smt2 : 47033 ms.
--------------------------------------------------
Number of variables: 346723
Number of clauses: 1624542
sat
real sat
../New_SAT_split/QF_NIA_2_19/20170427-VeryMax/ITS/From_T2__nakata.t2__p5306_terminationG_0.smt2 : 48019 ms.
--------------------------------------------------
Number of variables: 192607
Number of clauses: 881000
sat
real sat
../New_SAT_split/QF_NIA_2_19/20170427-VeryMax/ITS/From_T2__nakata.t2__p5310_terminationG_0.smt2 : 167023 ms.
--------------------------------------------------
Number of variables: 331985
Number of clauses: 1533319
../New_SAT_split/QF_NIA_2_19/20170427-VeryMax/ITS/From_T2__nakata.t2__p5311_terminationG_0.smt2 : 2401169 ms.
--------------------------------------------------
Number of variables: 209633
Number of clauses: 987531
sat
real sat
../New_SAT_split/QF_NIA_2_19/20170427-VeryMax/ITS/From_T2__nakata.t2__p5315_terminationG_0.smt2 : 335530 ms.
--------------------------------------------------
Number of variables: 222855
Number of clauses: 1062916
sat
real sat
../New_SAT_split/QF_NIA_2_19/20170427-VeryMax/ITS/From_T2__nakata.t2__p5320_terminationG_0.smt2 : 409179 ms.
--------------------------------------------------
Number of variables: 233729
Number of clauses: 1122329
sat
real sat
../New_SAT_split/QF_NIA_2_19/20170427-VeryMax/ITS/From_T2__nakata.t2__p5325_terminationG_0.smt2 : 792538 ms.
--------------------------------------------------
Number of variables: 380721
Number of clauses: 1825265
sat
real sat
../New_SAT_split/QF_NIA_2_19/20170427-VeryMax/ITS/From_T2__nakata.t2__p5326_terminationG_0.smt2 : 1504489 ms.
--------------------------------------------------
Number of variables: 245233
Number of clauses: 1192012
sat
real sat
../New_SAT_split/QF_NIA_2_19/20170427-VeryMax/ITS/From_T2__nakata.t2__p5330_terminationG_0.smt2 : 1034599 ms.
--------------------------------------------------
Number of variables: 255080
Number of clauses: 1249872
sat
real sat
../New_SAT_split/QF_NIA_2_19/20170427-VeryMax/ITS/From_T2__nakata.t2__p5335_terminationG_0.smt2 : 1040926 ms.
--------------------------------------------------
Number of variables: 156041
Number of clauses: 788553
sat
real sat
../New_SAT_split/QF_NIA_2_19/20170427-VeryMax/ITS/From_T2__nakata.t2__p5340_terminationG_0.smt2 : 75582 ms.
--------------------------------------------------
Number of variables: 269672
Number of clauses: 1336057
sat
real sat
../New_SAT_split/QF_NIA_2_19/20170427-VeryMax/ITS/From_T2__nakata.t2__p5341_terminationG_0.smt2 : 432224 ms.
--------------------------------------------------
Number of variables: 177513
Number of clauses: 861769
sat
real sat
../New_SAT_split/QF_NIA_2_19/20170427-VeryMax/ITS/From_T2__nakata.t2__p5344_edge_closing_0.smt2 : 57060 ms.
--------------------------------------------------
Number of variables: 274490
Number of clauses: 1313471
sat
real sat
../New_SAT_split/QF_NIA_2_19/20170427-VeryMax/ITS/From_T2__nakata.t2__p5345_edge_closing_0.smt2 : 451681 ms.
--------------------------------------------------
Number of variables: 410764
Number of clauses: 1960350
sat
real sat
../New_SAT_split/QF_NIA_2_19/20170427-VeryMax/ITS/From_T2__nakata.t2__p5346_edge_closing_0.smt2 : 424037 ms.
--------------------------------------------------
Number of variables: 134300
Number of clauses: 647192
sat
real sat
../New_SAT_split/QF_NIA_2_19/20170427-VeryMax/ITS/From_T2__nakata.t2__p5347_edge_closing_0.smt2 : 23048 ms.
--------------------------------------------------
Number of variables: 215373
Number of clauses: 1026160
sat
real sat
../New_SAT_split/QF_NIA_2_19/20170427-VeryMax/ITS/From_T2__nakata.t2__p5348_edge_closing_0.smt2 : 90175 ms.
--------------------------------------------------
Number of variables: 328458
Number of clauses: 1564363
sat
real sat
../New_SAT_split/QF_NIA_2_19/20170427-VeryMax/ITS/From_T2__nakata.t2__p5349_edge_closing_0.smt2 : 419565 ms.
--------------------------------------------------
Number of variables: 964397
Number of clauses: 4950773
sat
real sat
../New_SAT_split/QF_NIA_2_19/20170427-VeryMax/ITS/From_T2__nakata.t2__p5351_edge_closing_0.smt2 : 259077 ms.
--------------------------------------------------
Number of variables: 1313530
Number of clauses: 6632650
sat
real sat
../New_SAT_split/QF_NIA_2_19/20170427-VeryMax/ITS/From_T2__nakata.t2__p5352_edge_closing_0.smt2 : 1000713 ms.
--------------------------------------------------
Number of variables: 1710553
Number of clauses: 8580056
../New_SAT_split/QF_NIA_2_19/20170427-VeryMax/ITS/From_T2__nakata.t2__p5353_edge_closing_0.smt2 : 2401414 ms.
--------------------------------------------------
Number of variables: 82319
Number of clauses: 365788
sat
real sat
../New_SAT_split/QF_NIA_2_19/20170427-VeryMax/ITS/From_T2__nakata.t2__terminationQ_0_0.smt2 : 22820 ms.
--------------------------------------------------
Number of variables: 91898
Number of clauses: 423081
sat
real sat
../New_SAT_split/QF_NIA_2_19/20170427-VeryMax/ITS/From_T2__nakata.t2__terminationQ_1_0.smt2 : 14871 ms.
--------------------------------------------------
Number of variables: 91641
Number of clauses: 418602
sat
real sat
../New_SAT_split/QF_NIA_2_19/20170427-VeryMax/ITS/From_T2__nakata.t2__terminationQ_2_0.smt2 : 18295 ms.
--------------------------------------------------
Number of variables: 105090
Number of clauses: 501169
sat
real sat
../New_SAT_split/QF_NIA_2_19/20170427-VeryMax/ITS/From_T2__nakata.t2__terminationQ_3_0.smt2 : 17031 ms.
--------------------------------------------------
Number of variables: 116016
Number of clauses: 561640
sat
real sat
../New_SAT_split/QF_NIA_2_19/20170427-VeryMax/ITS/From_T2__nakata.t2__terminationQ_4_0.smt2 : 16139 ms.
--------------------------------------------------
Number of variables: 125718
Number of clauses: 614038
sat
real sat
../New_SAT_split/QF_NIA_2_19/20170427-VeryMax/ITS/From_T2__nakata.t2__terminationQ_5_0.smt2 : 16832 ms.
--------------------------------------------------
Number of variables: 134976
Number of clauses: 668402
sat
real sat
../New_SAT_split/QF_NIA_2_19/20170427-VeryMax/ITS/From_T2__nakata.t2__terminationQ_6_0.smt2 : 23469 ms.
--------------------------------------------------
Number of variables: 143102
Number of clauses: 714950
sat
real sat
../New_SAT_split/QF_NIA_2_19/20170427-VeryMax/ITS/From_T2__nakata.t2__terminationQ_7_0.smt2 : 19436 ms.
--------------------------------------------------
Number of variables: 48197
Number of clauses: 208964
sat
real sat
../New_SAT_split/QF_NIA_2_19/20170427-VeryMax/ITS/From_T2__nakata.t2__term_unfeasibility_0_0.smt2 : 2795 ms.
--------------------------------------------------
Number of variables: 41580
Number of clauses: 181855
sat
real sat
../New_SAT_split/QF_NIA_2_19/20170427-VeryMax/ITS/From_T2__nakata.t2__term_unfeasibility_1_0.smt2 : 2709 ms.
--------------------------------------------------
Number of variables: 54769
Number of clauses: 240730
sat
real sat
../New_SAT_split/QF_NIA_2_19/20170427-VeryMax/ITS/From_T2__nakata_withassume.t2__term_unfeasibility_0_0.smt2 : 5780 ms.
--------------------------------------------------
Number of variables: 46500
Number of clauses: 205756
sat
real sat
../New_SAT_split/QF_NIA_2_19/20170427-VeryMax/ITS/From_T2__nakata_withassume.t2__term_unfeasibility_1_0.smt2 : 3220 ms.
--------------------------------------------------
Number of variables: 123796
Number of clauses: 560086
sat
real sat
../New_SAT_split/QF_NIA_2_19/20170427-VeryMax/ITS/From_T2__n_firewire_instrumented-PP.t2__p6187_terminationG_0.smt2 : 50544 ms.
--------------------------------------------------
Number of variables: 231328
Number of clauses: 1060924
sat
real sat
../New_SAT_split/QF_NIA_2_19/20170427-VeryMax/ITS/From_T2__n_firewire_instrumented-PP.t2__p6188_terminationG_0.smt2 : 61009 ms.
--------------------------------------------------
Number of variables: 135323
Number of clauses: 622468
sat
real sat
../New_SAT_split/QF_NIA_2_19/20170427-VeryMax/ITS/From_T2__n_firewire_instrumented-PP.t2__p6192_terminationG_0.smt2 : 171617 ms.
--------------------------------------------------
Number of variables: 245443
Number of clauses: 1137689
sat
real sat
../New_SAT_split/QF_NIA_2_19/20170427-VeryMax/ITS/From_T2__n_firewire_instrumented-PP.t2__p6193_terminationG_0.smt2 : 470716 ms.
--------------------------------------------------
Number of variables: 146881
Number of clauses: 685232
sat
real sat
../New_SAT_split/QF_NIA_2_19/20170427-VeryMax/ITS/From_T2__n_firewire_instrumented-PP.t2__p6197_terminationG_0.smt2 : 221848 ms.
--------------------------------------------------
Number of variables: 260111
Number of clauses: 1218873
sat
real sat
../New_SAT_split/QF_NIA_2_19/20170427-VeryMax/ITS/From_T2__n_firewire_instrumented-PP.t2__p6198_terminationG_0.smt2 : 644986 ms.
--------------------------------------------------
Number of variables: 156867
Number of clauses: 742065
sat
real sat
../New_SAT_split/QF_NIA_2_19/20170427-VeryMax/ITS/From_T2__n_firewire_instrumented-PP.t2__p6202_terminationG_0.smt2 : 146797 ms.
--------------------------------------------------
Number of variables: 273087
Number of clauses: 1295132
sat
real sat
../New_SAT_split/QF_NIA_2_19/20170427-VeryMax/ITS/From_T2__n_firewire_instrumented-PP.t2__p6203_terminationG_0.smt2 : 583068 ms.
--------------------------------------------------
Number of variables: 168904
Number of clauses: 813796
sat
real sat
../New_SAT_split/QF_NIA_2_19/20170427-VeryMax/ITS/From_T2__n_firewire_instrumented-PP.t2__p6207_terminationG_0.smt2 : 221095 ms.
--------------------------------------------------
Number of variables: 286214
Number of clauses: 1374919
sat
real sat
../New_SAT_split/QF_NIA_2_19/20170427-VeryMax/ITS/From_T2__n_firewire_instrumented-PP.t2__p6208_terminationG_0.smt2 : 215029 ms.
--------------------------------------------------
Number of variables: 188569
Number of clauses: 930347
sat
real sat
../New_SAT_split/QF_NIA_2_19/20170427-VeryMax/ITS/From_T2__n_firewire_instrumented-PP.t2__p6212_terminationG_0.smt2 : 332399 ms.
--------------------------------------------------
Number of variables: 311445
Number of clauses: 1529152
sat
real sat
../New_SAT_split/QF_NIA_2_19/20170427-VeryMax/ITS/From_T2__n_firewire_instrumented-PP.t2__p6213_terminationG_0.smt2 : 677685 ms.
--------------------------------------------------
Number of variables: 196799
Number of clauses: 977420
sat
real sat
../New_SAT_split/QF_NIA_2_19/20170427-VeryMax/ITS/From_T2__n_firewire_instrumented-PP.t2__p6218_terminationG_0.smt2 : 408180 ms.
--------------------------------------------------
Number of variables: 319581
Number of clauses: 1576901
sat
real sat
../New_SAT_split/QF_NIA_2_19/20170427-VeryMax/ITS/From_T2__n_firewire_instrumented-PP.t2__p6219_terminationG_0.smt2 : 497959 ms.
--------------------------------------------------
Number of variables: 204865
Number of clauses: 917720
sat
real sat
../New_SAT_split/QF_NIA_2_19/20170427-VeryMax/ITS/From_T2__n_firewire_instrumented-PP.t2__p6221_edge_closing_0.smt2 : 49195 ms.
--------------------------------------------------
Number of variables: 355578
Number of clauses: 1606250
sat
real sat
../New_SAT_split/QF_NIA_2_19/20170427-VeryMax/ITS/From_T2__n_firewire_instrumented-PP.t2__p6222_edge_closing_0.smt2 : 312040 ms.
--------------------------------------------------
Number of variables: 544302
Number of clauses: 2489040
sat
real sat
../New_SAT_split/QF_NIA_2_19/20170427-VeryMax/ITS/From_T2__n_firewire_instrumented-PP.t2__p6223_edge_closing_0.smt2 : 1571758 ms.
--------------------------------------------------
Number of variables: 353023
Number of clauses: 1823690
sat
real sat
../New_SAT_split/QF_NIA_2_19/20170427-VeryMax/ITS/From_T2__n_firewire_instrumented-PP.t2__p6225_edge_closing_0.smt2 : 214365 ms.
--------------------------------------------------
Number of variables: 478483
Number of clauses: 2451501
sat
real sat
../New_SAT_split/QF_NIA_2_19/20170427-VeryMax/ITS/From_T2__n_firewire_instrumented-PP.t2__p6226_edge_closing_0.smt2 : 151223 ms.
--------------------------------------------------
Number of variables: 621237
Number of clauses: 3176082
sat
real sat
../New_SAT_split/QF_NIA_2_19/20170427-VeryMax/ITS/From_T2__n_firewire_instrumented-PP.t2__p6227_edge_closing_0.smt2 : 1164783 ms.
--------------------------------------------------
Number of variables: 50825
Number of clauses: 227023
sat
real sat
../New_SAT_split/QF_NIA_2_19/20170427-VeryMax/ITS/From_T2__n_firewire_instrumented-PP.t2__terminationQ_0_0.smt2 : 3042 ms.
--------------------------------------------------
Number of variables: 59729
Number of clauses: 274833
sat
real sat
../New_SAT_split/QF_NIA_2_19/20170427-VeryMax/ITS/From_T2__n_firewire_instrumented-PP.t2__terminationQ_1_0.smt2 : 1922 ms.
--------------------------------------------------
Number of variables: 68299
Number of clauses: 320283
sat
real sat
../New_SAT_split/QF_NIA_2_19/20170427-VeryMax/ITS/From_T2__n_firewire_instrumented-PP.t2__terminationQ_2_0.smt2 : 8388 ms.
--------------------------------------------------
Number of variables: 75637
Number of clauses: 360459
sat
real sat
../New_SAT_split/QF_NIA_2_19/20170427-VeryMax/ITS/From_T2__n_firewire_instrumented-PP.t2__terminationQ_3_0.smt2 : 11848 ms.
--------------------------------------------------
Number of variables: 86623
Number of clauses: 424491
sat
real sat
../New_SAT_split/QF_NIA_2_19/20170427-VeryMax/ITS/From_T2__n_firewire_instrumented-PP.t2__terminationQ_4_0.smt2 : 12915 ms.
--------------------------------------------------
Number of variables: 101396
Number of clauses: 508810
sat
real sat
../New_SAT_split/QF_NIA_2_19/20170427-VeryMax/ITS/From_T2__n_firewire_instrumented-PP.t2__terminationQ_5_0.smt2 : 22030 ms.
