--------------------------------------------------
Number of variables: 274943
Number of clauses: 1455558
unsat in 2 bits.
Number of variables: 349742
Number of clauses: 1904159
../SAT_split/QF_NIA_9//mcm/03.smt2 : 301092 ms.
--------------------------------------------------
Number of variables: 448235
Number of clauses: 2378792
unsat in 2 bits.
Number of variables: 578301
Number of clauses: 3129694
../SAT_split/QF_NIA_9//mcm/05.smt2 : 301059 ms.
--------------------------------------------------
Number of variables: 64149
Number of clauses: 334558
sat
real sat
../SAT_split/QF_NIA_9//mcm/06.smt2 : 822 ms.
--------------------------------------------------
Number of variables: 216597
Number of clauses: 1134992
sat
real sat
../SAT_split/QF_NIA_9//mcm/07.smt2 : 38426 ms.
--------------------------------------------------
Number of variables: 428080
Number of clauses: 2208678
sat
real sat
../SAT_split/QF_NIA_9//mcm/104.smt2 : 47203 ms.
--------------------------------------------------
Number of variables: 226948
Number of clauses: 1174570
sat
real sat
../SAT_split/QF_NIA_9//mcm/107.smt2 : 1385 ms.
--------------------------------------------------
Number of variables: 264436
Number of clauses: 1368021
sat
real sat
../SAT_split/QF_NIA_9//mcm/109.smt2 : 1535 ms.
--------------------------------------------------
Number of variables: 242537
Number of clauses: 1280046
../SAT_split/QF_NIA_9//mcm/10.smt2 : 301022 ms.
--------------------------------------------------
Number of variables: 182799
Number of clauses: 956838
sat
real sat
../SAT_split/QF_NIA_9//mcm/113.smt2 : 6207 ms.
--------------------------------------------------
Number of variables: 395935
Number of clauses: 2041878
sat
real sat
../SAT_split/QF_NIA_9//mcm/115.smt2 : 4592 ms.
--------------------------------------------------
Number of variables: 232361
Number of clauses: 1203231
sat
real sat
../SAT_split/QF_NIA_9//mcm/117.smt2 : 5210 ms.
--------------------------------------------------
Number of variables: 249994
Number of clauses: 1298840
sat
real sat
../SAT_split/QF_NIA_9//mcm/118.smt2 : 9911 ms.
--------------------------------------------------
Number of variables: 1094920
Number of clauses: 5759054
sat
real sat
../SAT_split/QF_NIA_9//mcm/123.smt2 : 221372 ms.
--------------------------------------------------
Number of variables: 92185
Number of clauses: 478503
unsat in 2 bits.
Number of variables: 113362
Number of clauses: 622636
sat
real sat
../SAT_split/QF_NIA_9//mcm/12.smt2 : 15829 ms.
--------------------------------------------------
Number of variables: 1252277
Number of clauses: 6570764
../SAT_split/QF_NIA_9//mcm/139.smt2 : 301097 ms.
--------------------------------------------------
Number of variables: 345089
Number of clauses: 1813612
unsat in 2 bits.
Number of variables: 452132
Number of clauses: 2433287
sat
real sat
../SAT_split/QF_NIA_9//mcm/13.smt2 : 207136 ms.
--------------------------------------------------
Number of variables: 202945
Number of clauses: 1066299
unsat in 2 bits.
Number of variables: 259938
Number of clauses: 1424000
unsat in 4 bits.
Number of variables: 389810
Number of clauses: 2241472
../SAT_split/QF_NIA_9//mcm/14.smt2 : 301089 ms.
--------------------------------------------------
Number of variables: 825603
Number of clauses: 4298814
unsat in 2 bits.
Number of variables: 1009598
Number of clauses: 5529209
../SAT_split/QF_NIA_9//mcm/152.smt2 : 301188 ms.
--------------------------------------------------
Number of variables: 1427036
Number of clauses: 7475771
../SAT_split/QF_NIA_9//mcm/156.smt2 : 301065 ms.
--------------------------------------------------
Number of variables: 253367
Number of clauses: 1341466
unsat in 2 bits.
Number of variables: 322596
Number of clauses: 1760351
unsat in 4 bits.
Number of variables: 482633
Number of clauses: 2736460
../SAT_split/QF_NIA_9//mcm/15.smt2 : 301048 ms.
--------------------------------------------------
Number of variables: 672402
Number of clauses: 3436236
sat
real sat
../SAT_split/QF_NIA_9//mcm/162.smt2 : 5477 ms.
--------------------------------------------------
Number of variables: 686760
Number of clauses: 3505206
sat
real sat
../SAT_split/QF_NIA_9//mcm/164.smt2 : 5129 ms.
--------------------------------------------------
Number of variables: 635001
Number of clauses: 3253524
sat
real sat
../SAT_split/QF_NIA_9//mcm/166.smt2 : 8896 ms.
--------------------------------------------------
Number of variables: 662681
Number of clauses: 3386230
sat
real sat
../SAT_split/QF_NIA_9//mcm/170.smt2 : 4170 ms.
--------------------------------------------------
Number of variables: 1665481
Number of clauses: 8453278
../SAT_split/QF_NIA_9//mcm/177.smt2 : 301179 ms.
--------------------------------------------------
Number of variables: 448235
Number of clauses: 2378792
unsat in 2 bits.
Number of variables: 578301
Number of clauses: 3129694
../SAT_split/QF_NIA_9//mcm/26.smt2 : 301046 ms.
--------------------------------------------------
Number of variables: 337982
Number of clauses: 1793212
unsat in 2 bits.
Number of variables: 436092
Number of clauses: 2359310
sat
real sat
../SAT_split/QF_NIA_9//mcm/41.smt2 : 201362 ms.
--------------------------------------------------
Number of variables: 205727
Number of clauses: 1081872
unsat in 2 bits.
Number of variables: 257557
Number of clauses: 1415170
sat
real sat
../SAT_split/QF_NIA_9//mcm/43.smt2 : 139658 ms.
--------------------------------------------------
Number of variables: 97096
Number of clauses: 506181
sat
real sat
../SAT_split/QF_NIA_9//mcm/45.smt2 : 2535 ms.
