--------------------------------------------------
First to ismt, cur time 0 s.
Final to yices2, cur time 360 s.
../../QF_NIA_split/QF_NIA_2_35//20170427-VeryMax/ITS/From_T2__small22.t2__p23897_terminationG_0.smt2 : 1200024 ms.
--------------------------------------------------
First to ismt, cur time 0 s.
Final to yices2, cur time 360 s.
../../QF_NIA_split/QF_NIA_2_35//20170427-VeryMax/ITS/From_T2__small22.t2__p23898_terminationG_0.smt2 : 1200036 ms.
--------------------------------------------------
First to ismt, cur time 0 s.
Final to yices2, cur time 360 s.
final yices2: unsat
../../QF_NIA_split/QF_NIA_2_35//20170427-VeryMax/ITS/From_T2__small23.t2__p23913_terminationG_0.smt2 : 360872 ms.
--------------------------------------------------
First to ismt, cur time 0 s.
Final to yices2, cur time 360 s.
../../QF_NIA_split/QF_NIA_2_35//20170427-VeryMax/ITS/From_T2__small23.t2__p23914_terminationG_0.smt2 : 1200037 ms.
--------------------------------------------------
First to ismt, cur time 0 s.
Final to yices2, cur time 360 s.
../../QF_NIA_split/QF_NIA_2_35//20170427-VeryMax/ITS/From_T2__small23.t2__p23915_terminationG_0.smt2 : 1200071 ms.
--------------------------------------------------
First to ismt, cur time 0 s.
Final to yices2, cur time 360 s.
final yices2: unsat
../../QF_NIA_split/QF_NIA_2_35//20170427-VeryMax/ITS/From_T2__small29.t2__p23946_safety_0.smt2 : 363137 ms.
--------------------------------------------------
First to ismt, cur time 0 s.
Final to yices2, cur time 360 s.
../../QF_NIA_split/QF_NIA_2_35//20170427-VeryMax/ITS/From_T2__small29.t2__p23947_safety_0.smt2 : 1200048 ms.
--------------------------------------------------
First to ismt, cur time 0 s.
ismt: sat (2 bits).
../../QF_NIA_split/QF_NIA_2_35//20170427-VeryMax/ITS/From_T2__small29.t2__p23958_edge_closing_0.smt2 : 509 ms.
--------------------------------------------------
First to ismt, cur time 0 s.
Final to yices2, cur time 361 s.
final yices2: unsat
../../QF_NIA_split/QF_NIA_2_35//20170427-VeryMax/ITS/From_T2__small35.t2__p23984_terminationG_0.smt2 : 360324 ms.
--------------------------------------------------
First to ismt, cur time 0 s.
Final to yices2, cur time 360 s.
../../QF_NIA_split/QF_NIA_2_35//20170427-VeryMax/ITS/From_T2__small35.t2__p23985_terminationG_0.smt2 : 1200044 ms.
--------------------------------------------------
First to ismt, cur time 0 s.
Final to yices2, cur time 360 s.
../../QF_NIA_split/QF_NIA_2_35//20170427-VeryMax/ITS/From_T2__small35.t2__p23986_terminationG_0.smt2 : 1200041 ms.
--------------------------------------------------
First to ismt, cur time 0 s.
Final to yices2, cur time 360 s.
final yices2: unsat
../../QF_NIA_split/QF_NIA_2_35//20170427-VeryMax/ITS/From_T2__small35.t2__p23989_terminationG_0.smt2 : 360899 ms.
--------------------------------------------------
First to ismt, cur time 0 s.
Final to yices2, cur time 360 s.
../../QF_NIA_split/QF_NIA_2_35//20170427-VeryMax/ITS/From_T2__small35.t2__p23990_terminationG_0.smt2 : 1200041 ms.
--------------------------------------------------
First to ismt, cur time 0 s.
Final to yices2, cur time 360 s.
../../QF_NIA_split/QF_NIA_2_35//20170427-VeryMax/ITS/From_T2__small35.t2__p23991_terminationG_0.smt2 : 1200058 ms.
--------------------------------------------------
First to ismt, cur time 0 s.
Final to yices2, cur time 360 s.
final yices2: unsat
../../QF_NIA_split/QF_NIA_2_35//20170427-VeryMax/ITS/From_T2__small35.t2__p23994_terminationG_0.smt2 : 360864 ms.
--------------------------------------------------
First to ismt, cur time 0 s.
Final to yices2, cur time 360 s.
../../QF_NIA_split/QF_NIA_2_35//20170427-VeryMax/ITS/From_T2__small35.t2__p23995_terminationG_0.smt2 : 1200035 ms.
--------------------------------------------------
First to ismt, cur time 0 s.
Final to yices2, cur time 360 s.
../../QF_NIA_split/QF_NIA_2_35//20170427-VeryMax/ITS/From_T2__small35.t2__p23996_terminationG_0.smt2 : 1200041 ms.
--------------------------------------------------
First to ismt, cur time 0 s.
Final to yices2, cur time 360 s.
final yices2: unsat
../../QF_NIA_split/QF_NIA_2_35//20170427-VeryMax/ITS/From_T2__small35.t2__p23999_terminationG_0.smt2 : 360130 ms.
--------------------------------------------------
First to ismt, cur time 0 s.
Final to yices2, cur time 360 s.
../../QF_NIA_split/QF_NIA_2_35//20170427-VeryMax/ITS/From_T2__small35.t2__p24000_terminationG_0.smt2 : 1200047 ms.
--------------------------------------------------
First to ismt, cur time 0 s.
Final to yices2, cur time 360 s.
../../QF_NIA_split/QF_NIA_2_35//20170427-VeryMax/ITS/From_T2__small35.t2__p24001_terminationG_0.smt2 : 1200052 ms.
--------------------------------------------------
First to ismt, cur time 0 s.
Final to yices2, cur time 360 s.
final yices2: unsat
../../QF_NIA_split/QF_NIA_2_35//20170427-VeryMax/ITS/From_T2__small35.t2__p24004_terminationG_0.smt2 : 360558 ms.
--------------------------------------------------
First to ismt, cur time 0 s.
Final to yices2, cur time 360 s.
../../QF_NIA_split/QF_NIA_2_35//20170427-VeryMax/ITS/From_T2__small35.t2__p24005_terminationG_0.smt2 : 1200046 ms.
--------------------------------------------------
First to ismt, cur time 0 s.
Final to yices2, cur time 360 s.
../../QF_NIA_split/QF_NIA_2_35//20170427-VeryMax/ITS/From_T2__small35.t2__p24006_terminationG_0.smt2 : 1200050 ms.
--------------------------------------------------
First to ismt, cur time 0 s.
Final to yices2, cur time 360 s.
final yices2: unsat
../../QF_NIA_split/QF_NIA_2_35//20170427-VeryMax/ITS/From_T2__small35.t2__p24009_terminationG_0.smt2 : 364943 ms.
--------------------------------------------------
First to ismt, cur time 0 s.
Final to yices2, cur time 360 s.
../../QF_NIA_split/QF_NIA_2_35//20170427-VeryMax/ITS/From_T2__small35.t2__p24010_terminationG_0.smt2 : 1200044 ms.
--------------------------------------------------
First to ismt, cur time 0 s.
Final to yices2, cur time 360 s.
../../QF_NIA_split/QF_NIA_2_35//20170427-VeryMax/ITS/From_T2__small35.t2__p24011_terminationG_0.smt2 : 1200055 ms.
--------------------------------------------------
First to ismt, cur time 0 s.
Final to yices2, cur time 360 s.
final yices2: unsat
../../QF_NIA_split/QF_NIA_2_35//20170427-VeryMax/ITS/From_T2__small35.t2__p24014_terminationG_0.smt2 : 360297 ms.
--------------------------------------------------
First to ismt, cur time 0 s.
Final to yices2, cur time 361 s.
unknown
../../QF_NIA_split/QF_NIA_2_35//20170427-VeryMax/ITS/From_T2__small35.t2__p24015_terminationG_0.smt2 : 1199194 ms.
--------------------------------------------------
First to ismt, cur time 0 s.
Final to yices2, cur time 360 s.
../../QF_NIA_split/QF_NIA_2_35//20170427-VeryMax/ITS/From_T2__small35.t2__p24016_terminationG_0.smt2 : 1200051 ms.
--------------------------------------------------
First to ismt, cur time 0 s.
Final to yices2, cur time 360 s.
final yices2: unsat
../../QF_NIA_split/QF_NIA_2_35//20170427-VeryMax/ITS/From_T2__small35.t2__p24019_terminationG_0.smt2 : 360661 ms.
--------------------------------------------------
First to ismt, cur time 0 s.
Final to yices2, cur time 360 s.
unknown
../../QF_NIA_split/QF_NIA_2_35//20170427-VeryMax/ITS/From_T2__small35.t2__p24020_terminationG_0.smt2 : 1199884 ms.
--------------------------------------------------
First to ismt, cur time 0 s.
Final to yices2, cur time 360 s.
../../QF_NIA_split/QF_NIA_2_35//20170427-VeryMax/ITS/From_T2__small35.t2__p24021_terminationG_0.smt2 : 1200053 ms.
--------------------------------------------------
First to ismt, cur time 0 s.
Final to yices2, cur time 360 s.
final yices2: unsat
../../QF_NIA_split/QF_NIA_2_35//20170427-VeryMax/ITS/From_T2__small35.t2__p24024_terminationG_0.smt2 : 360820 ms.
--------------------------------------------------
First to ismt, cur time 0 s.
Final to yices2, cur time 360 s.
unknown
../../QF_NIA_split/QF_NIA_2_35//20170427-VeryMax/ITS/From_T2__small35.t2__p24025_terminationG_0.smt2 : 1199400 ms.
--------------------------------------------------
First to ismt, cur time 0 s.
Final to yices2, cur time 360 s.
../../QF_NIA_split/QF_NIA_2_35//20170427-VeryMax/ITS/From_T2__small35.t2__p24026_terminationG_0.smt2 : 1200054 ms.
--------------------------------------------------
First to ismt, cur time 0 s.
Final to yices2, cur time 360 s.
final yices2: unsat
../../QF_NIA_split/QF_NIA_2_35//20170427-VeryMax/ITS/From_T2__small35.t2__p24029_terminationG_0.smt2 : 360918 ms.
--------------------------------------------------
First to ismt, cur time 0 s.
Final to yices2, cur time 360 s.
../../QF_NIA_split/QF_NIA_2_35//20170427-VeryMax/ITS/From_T2__small35.t2__p24030_terminationG_0.smt2 : 1200046 ms.
--------------------------------------------------
First to ismt, cur time 0 s.
Final to yices2, cur time 360 s.
../../QF_NIA_split/QF_NIA_2_35//20170427-VeryMax/ITS/From_T2__small35.t2__p24031_terminationG_0.smt2 : 1200049 ms.
--------------------------------------------------
First to ismt, cur time 0 s.
Final to yices2, cur time 360 s.
final yices2: unsat
../../QF_NIA_split/QF_NIA_2_35//20170427-VeryMax/ITS/From_T2__small35.t2__p24034_terminationG_0.smt2 : 360385 ms.
--------------------------------------------------
First to ismt, cur time 0 s.
Final to yices2, cur time 360 s.
unknown
../../QF_NIA_split/QF_NIA_2_35//20170427-VeryMax/ITS/From_T2__small35.t2__p24035_terminationG_0.smt2 : 1199743 ms.
--------------------------------------------------
First to ismt, cur time 0 s.
Final to yices2, cur time 360 s.
../../QF_NIA_split/QF_NIA_2_35//20170427-VeryMax/ITS/From_T2__small35.t2__p24036_terminationG_0.smt2 : 1200047 ms.
--------------------------------------------------
First to ismt, cur time 0 s.
Final to yices2, cur time 360 s.
final yices2: unsat
../../QF_NIA_split/QF_NIA_2_35//20170427-VeryMax/ITS/From_T2__small35.t2__p24039_terminationG_0.smt2 : 360287 ms.
--------------------------------------------------
First to ismt, cur time 0 s.
Final to yices2, cur time 361 s.
unknown
../../QF_NIA_split/QF_NIA_2_35//20170427-VeryMax/ITS/From_T2__small35.t2__p24040_terminationG_0.smt2 : 1199305 ms.
--------------------------------------------------
First to ismt, cur time 0 s.
Final to yices2, cur time 360 s.
../../QF_NIA_split/QF_NIA_2_35//20170427-VeryMax/ITS/From_T2__small35.t2__p24041_terminationG_0.smt2 : 1200045 ms.
--------------------------------------------------
First to ismt, cur time 0 s.
Final to yices2, cur time 360 s.
final yices2: unsat
../../QF_NIA_split/QF_NIA_2_35//20170427-VeryMax/ITS/From_T2__small35.t2__p24044_terminationG_0.smt2 : 457784 ms.
--------------------------------------------------
First to ismt, cur time 0 s.
Final to yices2, cur time 360 s.
../../QF_NIA_split/QF_NIA_2_35//20170427-VeryMax/ITS/From_T2__small35.t2__p24045_terminationG_0.smt2 : 1200060 ms.
--------------------------------------------------
First to ismt, cur time 0 s.
Final to yices2, cur time 360 s.
../../QF_NIA_split/QF_NIA_2_35//20170427-VeryMax/ITS/From_T2__small35.t2__p24046_terminationG_0.smt2 : 1200040 ms.
--------------------------------------------------
First to ismt, cur time 0 s.
Final to yices2, cur time 360 s.
final yices2: unsat
../../QF_NIA_split/QF_NIA_2_35//20170427-VeryMax/ITS/From_T2__small35.t2__p24049_terminationG_0.smt2 : 360699 ms.
--------------------------------------------------
First to ismt, cur time 0 s.
Final to yices2, cur time 360 s.
unknown
../../QF_NIA_split/QF_NIA_2_35//20170427-VeryMax/ITS/From_T2__small35.t2__p24050_terminationG_0.smt2 : 1200013 ms.
--------------------------------------------------
First to ismt, cur time 0 s.
Final to yices2, cur time 361 s.
unknown
../../QF_NIA_split/QF_NIA_2_35//20170427-VeryMax/ITS/From_T2__small35.t2__p24051_terminationG_0.smt2 : 1199216 ms.
--------------------------------------------------
First to ismt, cur time 0 s.
Final to yices2, cur time 360 s.
final yices2: unsat
../../QF_NIA_split/QF_NIA_2_35//20170427-VeryMax/ITS/From_T2__small35.t2__p24054_terminationG_0.smt2 : 498484 ms.
--------------------------------------------------
First to ismt, cur time 0 s.
Final to yices2, cur time 360 s.
../../QF_NIA_split/QF_NIA_2_35//20170427-VeryMax/ITS/From_T2__small35.t2__p24055_terminationG_0.smt2 : 1200045 ms.
--------------------------------------------------
First to ismt, cur time 0 s.
Final to yices2, cur time 360 s.
../../QF_NIA_split/QF_NIA_2_35//20170427-VeryMax/ITS/From_T2__small35.t2__p24056_terminationG_0.smt2 : 1200050 ms.
--------------------------------------------------
First to ismt, cur time 0 s.
Final to yices2, cur time 360 s.
final yices2: unsat
../../QF_NIA_split/QF_NIA_2_35//20170427-VeryMax/ITS/From_T2__small35.t2__p24059_terminationG_0.smt2 : 452165 ms.
--------------------------------------------------
First to ismt, cur time 0 s.
Final to yices2, cur time 360 s.
../../QF_NIA_split/QF_NIA_2_35//20170427-VeryMax/ITS/From_T2__small35.t2__p24060_terminationG_0.smt2 : 1200048 ms.
--------------------------------------------------
First to ismt, cur time 0 s.
Final to yices2, cur time 360 s.
../../QF_NIA_split/QF_NIA_2_35//20170427-VeryMax/ITS/From_T2__small35.t2__p24061_terminationG_0.smt2 : 1200058 ms.
--------------------------------------------------
First to ismt, cur time 0 s.
Final to yices2, cur time 360 s.
final yices2: unsat
../../QF_NIA_split/QF_NIA_2_35//20170427-VeryMax/ITS/From_T2__small35.t2__p24064_terminationG_0.smt2 : 674150 ms.
--------------------------------------------------
First to ismt, cur time 0 s.
Final to yices2, cur time 360 s.
../../QF_NIA_split/QF_NIA_2_35//20170427-VeryMax/ITS/From_T2__small35.t2__p24065_terminationG_0.smt2 : 1200037 ms.
--------------------------------------------------
First to ismt, cur time 0 s.
Final to yices2, cur time 360 s.
../../QF_NIA_split/QF_NIA_2_35//20170427-VeryMax/ITS/From_T2__small35.t2__p24066_terminationG_0.smt2 : 1200047 ms.
--------------------------------------------------
First to ismt, cur time 0 s.
Final to yices2, cur time 360 s.
final yices2: unsat
../../QF_NIA_split/QF_NIA_2_35//20170427-VeryMax/ITS/From_T2__small35.t2__p24069_terminationG_0.smt2 : 361289 ms.
--------------------------------------------------
First to ismt, cur time 0 s.
Final to yices2, cur time 360 s.
final yices2: unsat
../../QF_NIA_split/QF_NIA_2_35//20170427-VeryMax/ITS/From_T2__small35.t2__p24070_terminationG_0.smt2 : 642556 ms.
--------------------------------------------------
First to ismt, cur time 0 s.
Final to yices2, cur time 360 s.
../../QF_NIA_split/QF_NIA_2_35//20170427-VeryMax/ITS/From_T2__small35.t2__p24071_terminationG_0.smt2 : 1200024 ms.
--------------------------------------------------
First to ismt, cur time 0 s.
Final to yices2, cur time 360 s.
final yices2: unsat
../../QF_NIA_split/QF_NIA_2_35//20170427-VeryMax/ITS/From_T2__small35.t2__p24074_terminationG_0.smt2 : 360831 ms.
--------------------------------------------------
First to ismt, cur time 0 s.
Final to yices2, cur time 360 s.
../../QF_NIA_split/QF_NIA_2_35//20170427-VeryMax/ITS/From_T2__small35.t2__p24075_terminationG_0.smt2 : 1200061 ms.
--------------------------------------------------
First to ismt, cur time 0 s.
Final to yices2, cur time 360 s.
../../QF_NIA_split/QF_NIA_2_35//20170427-VeryMax/ITS/From_T2__small35.t2__p24076_terminationG_0.smt2 : 1200044 ms.
--------------------------------------------------
First to ismt, cur time 0 s.
Final to yices2, cur time 360 s.
final yices2: unsat
../../QF_NIA_split/QF_NIA_2_35//20170427-VeryMax/ITS/From_T2__small35.t2__p24079_terminationG_0.smt2 : 361891 ms.
--------------------------------------------------
First to ismt, cur time 0 s.
Final to yices2, cur time 360 s.
../../QF_NIA_split/QF_NIA_2_35//20170427-VeryMax/ITS/From_T2__small35.t2__p24080_terminationG_0.smt2 : 1200055 ms.
--------------------------------------------------
First to ismt, cur time 0 s.
Final to yices2, cur time 360 s.
../../QF_NIA_split/QF_NIA_2_35//20170427-VeryMax/ITS/From_T2__small35.t2__p24081_terminationG_0.smt2 : 1200043 ms.
--------------------------------------------------
First to ismt, cur time 0 s.
ismt: sat (2 bits).
../../QF_NIA_split/QF_NIA_2_35//20170427-VeryMax/ITS/From_T2__spctrm.c.i.spctrm.pl.t2.fixed.t2__term_unfeasibility_10_0.smt2 : 4232 ms.
--------------------------------------------------
First to ismt, cur time 0 s.
Final to yices2, cur time 361 s.
final yices2: unsat
../../QF_NIA_split/QF_NIA_2_35//20170427-VeryMax/ITS/From_T2__spctrm.c.i.spctrm.pl.t2.fixed.t2__term_unfeasibility_11_0.smt2 : 367686 ms.
--------------------------------------------------
First to ismt, cur time 0 s.
ismt: sat (2 bits).
../../QF_NIA_split/QF_NIA_2_35//20170427-VeryMax/ITS/From_T2__spctrm.c.i.spctrm.pl.t2.fixed.t2__term_unfeasibility_4_0.smt2 : 14350 ms.
--------------------------------------------------
First to ismt, cur time 0 s.
ismt: sat (2 bits).
../../QF_NIA_split/QF_NIA_2_35//20170427-VeryMax/ITS/From_T2__spctrm.c.i.spctrm.pl.t2.fixed.t2__term_unfeasibility_5_0.smt2 : 32196 ms.
--------------------------------------------------
First to ismt, cur time 0 s.
ismt: sat (2 bits).
../../QF_NIA_split/QF_NIA_2_35//20170427-VeryMax/ITS/From_T2__spctrm.c.i.spctrm.pl.t2.fixed.t2__term_unfeasibility_6_0.smt2 : 14852 ms.
--------------------------------------------------
First to ismt, cur time 0 s.
ismt: sat (2 bits).
../../QF_NIA_split/QF_NIA_2_35//20170427-VeryMax/ITS/From_T2__spctrm.c.i.spctrm.pl.t2.fixed.t2__term_unfeasibility_7_0.smt2 : 17222 ms.
--------------------------------------------------
First to ismt, cur time 0 s.
ismt: sat (2 bits).
../../QF_NIA_split/QF_NIA_2_35//20170427-VeryMax/ITS/From_T2__spctrm.c.i.spctrm.pl.t2.fixed.t2__term_unfeasibility_8_0.smt2 : 22782 ms.
--------------------------------------------------
First to ismt, cur time 0 s.
ismt: sat (2 bits).
../../QF_NIA_split/QF_NIA_2_35//20170427-VeryMax/ITS/From_T2__spctrm.c.i.spctrm.pl.t2.fixed.t2__term_unfeasibility_9_0.smt2 : 13420 ms.
--------------------------------------------------
First to ismt, cur time 0 s.
Final to yices2, cur time 361 s.
final yices2: unsat
../../QF_NIA_split/QF_NIA_2_35//20170427-VeryMax/ITS/From_T2__spctrm.t2__term_unfeasibility_10_0.smt2 : 365853 ms.
--------------------------------------------------
First to ismt, cur time 0 s.
ismt: sat (2 bits).
../../QF_NIA_split/QF_NIA_2_35//20170427-VeryMax/ITS/From_T2__spctrm.t2__term_unfeasibility_4_0.smt2 : 16342 ms.
--------------------------------------------------
First to ismt, cur time 0 s.
ismt: sat (2 bits).
../../QF_NIA_split/QF_NIA_2_35//20170427-VeryMax/ITS/From_T2__spctrm.t2__term_unfeasibility_5_0.smt2 : 15006 ms.
--------------------------------------------------
First to ismt, cur time 0 s.
ismt: sat (2 bits).
../../QF_NIA_split/QF_NIA_2_35//20170427-VeryMax/ITS/From_T2__spctrm.t2__term_unfeasibility_6_0.smt2 : 14999 ms.
--------------------------------------------------
First to ismt, cur time 0 s.
ismt: sat (2 bits).
../../QF_NIA_split/QF_NIA_2_35//20170427-VeryMax/ITS/From_T2__spctrm.t2__term_unfeasibility_7_0.smt2 : 5821 ms.
--------------------------------------------------
First to ismt, cur time 0 s.
ismt: sat (2 bits).
../../QF_NIA_split/QF_NIA_2_35//20170427-VeryMax/ITS/From_T2__spctrm.t2__term_unfeasibility_8_0.smt2 : 6037 ms.
--------------------------------------------------
First to ismt, cur time 0 s.
ismt: sat (2 bits).
../../QF_NIA_split/QF_NIA_2_35//20170427-VeryMax/ITS/From_T2__spctrm.t2__term_unfeasibility_9_0.smt2 : 10712 ms.
--------------------------------------------------
First to ismt, cur time 0 s.
ismt: sat (2 bits).
../../QF_NIA_split/QF_NIA_2_35//20170427-VeryMax/ITS/From_T2__spiral.t2_fixed__p24113_terminationG_0.smt2 : 33647 ms.
--------------------------------------------------
First to ismt, cur time 0 s.
Final to yices2, cur time 360 s.
../../QF_NIA_split/QF_NIA_2_35//20170427-VeryMax/ITS/From_T2__spiral.t2__p24120_terminationG_0.smt2 : 1200046 ms.
--------------------------------------------------
First to ismt, cur time 0 s.
Final to yices2, cur time 360 s.
../../QF_NIA_split/QF_NIA_2_35//20170427-VeryMax/ITS/From_T2__spiral.t2__p24121_terminationG_0.smt2 : 1200036 ms.
--------------------------------------------------
First to ismt, cur time 0 s.
ismt: sat (2 bits).
../../QF_NIA_split/QF_NIA_2_35//20170427-VeryMax/ITS/From_T2__spiral.t2__p24122_terminationG_0.smt2 : 172720 ms.
--------------------------------------------------
First to ismt, cur time 0 s.
Final to yices2, cur time 360 s.
unknown
../../QF_NIA_split/QF_NIA_2_35//20170427-VeryMax/ITS/From_T2__spiral.t2__p24125_edge_closing_0.smt2 : 1200020 ms.
--------------------------------------------------
First to ismt, cur time 0 s.
Final to yices2, cur time 360 s.
../../QF_NIA_split/QF_NIA_2_35//20170427-VeryMax/ITS/From_T2__spiral.t2__p24126_edge_closing_0.smt2 : 1200075 ms.
--------------------------------------------------
First to ismt, cur time 0 s.
Final to yices2, cur time 360 s.
../../QF_NIA_split/QF_NIA_2_35//20170427-VeryMax/ITS/From_T2__spiral.t2__p24127_edge_closing_0.smt2 : 1201526 ms.
--------------------------------------------------
First to ismt, cur time 0 s.
ismt: sat (4 bits).
../../QF_NIA_split/QF_NIA_2_35//20170427-VeryMax/ITS/From_T2__st88b-fail.t2__p24138_terminationG_0.smt2 : 33205 ms.
--------------------------------------------------
First to ismt, cur time 0 s.
ismt: sat (4 bits).
../../QF_NIA_split/QF_NIA_2_35//20170427-VeryMax/ITS/From_T2__st88b-fail.t2__p24139_terminationG_0.smt2 : 115095 ms.
--------------------------------------------------
First to ismt, cur time 0 s.
Final to yices2, cur time 370 s.
final yices2: unsat
../../QF_NIA_split/QF_NIA_2_35//20170427-VeryMax/ITS/From_T2__st88b-fail.t2__p24142_terminationG_0.smt2 : 371512 ms.
--------------------------------------------------
First to ismt, cur time 0 s.
Final to yices2, cur time 360 s.
final yices2: unsat
../../QF_NIA_split/QF_NIA_2_35//20170427-VeryMax/ITS/From_T2__st88b-fail.t2__p24143_terminationG_0.smt2 : 365586 ms.
--------------------------------------------------
First to ismt, cur time 0 s.
Final to yices2, cur time 369 s.
final yices2: unsat
../../QF_NIA_split/QF_NIA_2_35//20170427-VeryMax/ITS/From_T2__st88b-fail.t2__p24144_terminationG_0.smt2 : 653134 ms.
--------------------------------------------------
First to ismt, cur time 0 s.
Final to yices2, cur time 361 s.
final yices2: unsat
../../QF_NIA_split/QF_NIA_2_35//20170427-VeryMax/ITS/From_T2__st88b-fail.t2__p24147_terminationG_0.smt2 : 360507 ms.
--------------------------------------------------
First to ismt, cur time 0 s.
Final to yices2, cur time 360 s.
final yices2: unsat
../../QF_NIA_split/QF_NIA_2_35//20170427-VeryMax/ITS/From_T2__st88b-fail.t2__p24148_terminationG_0.smt2 : 361012 ms.
--------------------------------------------------
First to ismt, cur time 0 s.
Final to yices2, cur time 360 s.
final yices2: unsat
../../QF_NIA_split/QF_NIA_2_35//20170427-VeryMax/ITS/From_T2__st88b-fail.t2__p24149_terminationG_0.smt2 : 450498 ms.
--------------------------------------------------
First to ismt, cur time 0 s.
ismt: sat (4 bits).
../../QF_NIA_split/QF_NIA_2_35//20170427-VeryMax/ITS/From_T2__st88b-succeed.t2__p24159_terminationG_0.smt2 : 21633 ms.
--------------------------------------------------
First to ismt, cur time 0 s.
ismt: sat (4 bits).
../../QF_NIA_split/QF_NIA_2_35//20170427-VeryMax/ITS/From_T2__st88b-succeed.t2__p24160_terminationG_0.smt2 : 113916 ms.
--------------------------------------------------
First to ismt, cur time 0 s.
Final to yices2, cur time 362 s.
final yices2: unsat
../../QF_NIA_split/QF_NIA_2_35//20170427-VeryMax/ITS/From_T2__st88.bug.t2_fixed__p24179_terminationG_0.smt2 : 381361 ms.
--------------------------------------------------
First to ismt, cur time 0 s.
Final to yices2, cur time 360 s.
../../QF_NIA_split/QF_NIA_2_35//20170427-VeryMax/ITS/From_T2__st88.bug.t2_fixed__p24180_terminationG_0.smt2 : 1206074 ms.
--------------------------------------------------
First to ismt, cur time 0 s.
Final to yices2, cur time 361 s.
../../QF_NIA_split/QF_NIA_2_35//20170427-VeryMax/ITS/From_T2__st88.bug.t2_fixed__p24181_terminationG_0.smt2 : 1203278 ms.
--------------------------------------------------
First to ismt, cur time 0 s.
Final to yices2, cur time 72 s.
final yices2: unsat
../../QF_NIA_split/QF_NIA_2_35//20170427-VeryMax/ITS/From_T2__st88.bug.t2__fixed_safety_0_0.smt2 : 90427 ms.
--------------------------------------------------
First to ismt, cur time 0 s.
Final to yices2, cur time 368 s.
final yices2: unsat
../../QF_NIA_split/QF_NIA_2_35//20170427-VeryMax/ITS/From_T2__st88.bug.t2__p24190_terminationG_0.smt2 : 397461 ms.
--------------------------------------------------
First to ismt, cur time 0 s.
ismt: sat (2 bits).
../../QF_NIA_split/QF_NIA_2_35//20170427-VeryMax/ITS/From_T2__st88.bug.t2__p24192_terminationG_0.smt2 : 24625 ms.
--------------------------------------------------
First to ismt, cur time 0 s.
Final to yices2, cur time 360 s.
final yices2: unsat
../../QF_NIA_split/QF_NIA_2_35//20170427-VeryMax/ITS/From_T2__st88.bug.t2__p24193_safety_0.smt2 : 369309 ms.
--------------------------------------------------
First to ismt, cur time 0 s.
ismt: sat (2 bits).
../../QF_NIA_split/QF_NIA_2_35//20170427-VeryMax/ITS/From_T2__st88.bug.t2__p24194_safety_0.smt2 : 16144 ms.
--------------------------------------------------
First to ismt, cur time 0 s.
ismt: sat (2 bits).
../../QF_NIA_split/QF_NIA_2_35//20170427-VeryMax/ITS/From_T2__st88.bug.t2__p24195_safety_0.smt2 : 6588 ms.
--------------------------------------------------
First to ismt, cur time 0 s.
Final to yices2, cur time 367 s.
final yices2: unsat
../../QF_NIA_split/QF_NIA_2_35//20170427-VeryMax/ITS/From_T2__st88.t2_fixed__p24204_terminationG_0.smt2 : 368523 ms.
--------------------------------------------------
First to ismt, cur time 0 s.
Final to yices2, cur time 364 s.
../../QF_NIA_split/QF_NIA_2_35//20170427-VeryMax/ITS/From_T2__st88.t2_fixed__p24205_terminationG_0.smt2 : 1200052 ms.
--------------------------------------------------
First to ismt, cur time 0 s.
Final to yices2, cur time 361 s.
../../QF_NIA_split/QF_NIA_2_35//20170427-VeryMax/ITS/From_T2__st88.t2_fixed__p24206_terminationG_0.smt2 : 1205042 ms.
--------------------------------------------------
First to ismt, cur time 0 s.
Final to yices2, cur time 360 s.
final yices2: unsat
../../QF_NIA_split/QF_NIA_2_35//20170427-VeryMax/ITS/From_T2__st88.t2__p24215_terminationG_0.smt2 : 361232 ms.
--------------------------------------------------
First to ismt, cur time 0 s.
ismt: sat (2 bits).
../../QF_NIA_split/QF_NIA_2_35//20170427-VeryMax/ITS/From_T2__st88.t2__p24216_terminationG_0.smt2 : 18519 ms.
--------------------------------------------------
First to ismt, cur time 0 s.
ismt: sat (2 bits).
../../QF_NIA_split/QF_NIA_2_35//20170427-VeryMax/ITS/From_T2__st88.t2__p24217_terminationG_0.smt2 : 70795 ms.
--------------------------------------------------
First to ismt, cur time 0 s.
Final to yices2, cur time 360 s.
final yices2: unsat
../../QF_NIA_split/QF_NIA_2_35//20170427-VeryMax/ITS/From_T2__st88.t2__p24220_terminationG_0.smt2 : 361541 ms.
--------------------------------------------------
First to ismt, cur time 0 s.
Final to yices2, cur time 360 s.
unknown
../../QF_NIA_split/QF_NIA_2_35//20170427-VeryMax/ITS/From_T2__st88.t2__p24221_terminationG_0.smt2 : 1199738 ms.
--------------------------------------------------
First to ismt, cur time 0 s.
Final to yices2, cur time 360 s.
unknown
../../QF_NIA_split/QF_NIA_2_35//20170427-VeryMax/ITS/From_T2__st88.t2__p24222_terminationG_0.smt2 : 1199975 ms.
--------------------------------------------------
First to ismt, cur time 0 s.
Final to yices2, cur time 365 s.
../../QF_NIA_split/QF_NIA_2_35//20170427-VeryMax/ITS/From_T2__statemate.t2_fixed__term_unfeasibility_0_0.smt2 : 1200931 ms.
--------------------------------------------------
First to ismt, cur time 0 s.
Final to yices2, cur time 367 s.
../../QF_NIA_split/QF_NIA_2_35//20170427-VeryMax/ITS/From_T2__statemate.t2__term_unfeasibility_0_0.smt2 : 1201314 ms.
--------------------------------------------------
First to ismt, cur time 0 s.
ismt: sat (2 bits).
../../QF_NIA_split/QF_NIA_2_35//20170427-VeryMax/ITS/From_T2__streamserver.bug.t2_fixed__p24562_terminationG_0.smt2 : 23805 ms.
--------------------------------------------------
First to ismt, cur time 0 s.
ismt: sat (2 bits).
../../QF_NIA_split/QF_NIA_2_35//20170427-VeryMax/ITS/From_T2__streamserver.bug.t2_fixed__p24563_terminationG_0.smt2 : 184341 ms.
--------------------------------------------------
First to ismt, cur time 0 s.
Final to yices2, cur time 361 s.
final yices2: sat
../../QF_NIA_split/QF_NIA_2_35//20170427-VeryMax/ITS/From_T2__streamserver.bug.t2_fixed__p24564_terminationG_0.smt2 : 421099 ms.
--------------------------------------------------
First to ismt, cur time 0 s.
Final to yices2, cur time 361 s.
final yices2: unsat
../../QF_NIA_split/QF_NIA_2_35//20170427-VeryMax/ITS/From_T2__streamserver.bug.t2_fixed__terminationS_0_0.smt2 : 360955 ms.
--------------------------------------------------
First to ismt, cur time 0 s.
Final to yices2, cur time 361 s.
final yices2: unsat
../../QF_NIA_split/QF_NIA_2_35//20170427-VeryMax/ITS/From_T2__streamserver.bug.t2_fixed__terminationS_1_0.smt2 : 360914 ms.
--------------------------------------------------
First to ismt, cur time 0 s.
Final to yices2, cur time 360 s.
final yices2: unsat
../../QF_NIA_split/QF_NIA_2_35//20170427-VeryMax/ITS/From_T2__streamserver.bug.t2_fixed__terminationS_2_0.smt2 : 360286 ms.
--------------------------------------------------
First to ismt, cur time 0 s.
Final to yices2, cur time 361 s.
final yices2: unsat
../../QF_NIA_split/QF_NIA_2_35//20170427-VeryMax/ITS/From_T2__streamserver.bug.t2_fixed__terminationS_3_0.smt2 : 360774 ms.
--------------------------------------------------
First to ismt, cur time 0 s.
Final to yices2, cur time 360 s.
final yices2: unsat
../../QF_NIA_split/QF_NIA_2_35//20170427-VeryMax/ITS/From_T2__streamserver.bug.t2_fixed__term_unfeasibility_0_0.smt2 : 367779 ms.
--------------------------------------------------
First to ismt, cur time 0 s.
ismt: sat (2 bits).
../../QF_NIA_split/QF_NIA_2_35//20170427-VeryMax/ITS/From_T2__streamserver.bug.t2__p24571_terminationG_0.smt2 : 43103 ms.
--------------------------------------------------
First to ismt, cur time 0 s.
ismt: sat (2 bits).
../../QF_NIA_split/QF_NIA_2_35//20170427-VeryMax/ITS/From_T2__streamserver.bug.t2__p24572_terminationG_0.smt2 : 277582 ms.
--------------------------------------------------
First to ismt, cur time 0 s.
Final to yices2, cur time 361 s.
final yices2: sat
../../QF_NIA_split/QF_NIA_2_35//20170427-VeryMax/ITS/From_T2__streamserver.bug.t2__p24573_terminationG_0.smt2 : 771875 ms.
--------------------------------------------------
First to ismt, cur time 0 s.
Final to yices2, cur time 362 s.
final yices2: unsat
../../QF_NIA_split/QF_NIA_2_35//20170427-VeryMax/ITS/From_T2__streamserver.bug.t2__terminationS_0_0.smt2 : 369322 ms.
--------------------------------------------------
First to ismt, cur time 0 s.
Final to yices2, cur time 361 s.
final yices2: unsat
../../QF_NIA_split/QF_NIA_2_35//20170427-VeryMax/ITS/From_T2__streamserver.bug.t2__terminationS_1_0.smt2 : 385163 ms.
--------------------------------------------------
First to ismt, cur time 0 s.
Final to yices2, cur time 361 s.
final yices2: unsat
../../QF_NIA_split/QF_NIA_2_35//20170427-VeryMax/ITS/From_T2__streamserver.bug.t2__terminationS_2_0.smt2 : 432955 ms.
--------------------------------------------------
First to ismt, cur time 0 s.
Final to yices2, cur time 368 s.
final yices2: unsat
../../QF_NIA_split/QF_NIA_2_35//20170427-VeryMax/ITS/From_T2__streamserver.bug.t2__terminationS_3_0.smt2 : 374007 ms.
--------------------------------------------------
First to ismt, cur time 0 s.
Final to yices2, cur time 361 s.
final yices2: unsat
../../QF_NIA_split/QF_NIA_2_35//20170427-VeryMax/ITS/From_T2__streamserver.bug.t2__term_unfeasibility_0_0.smt2 : 372920 ms.
--------------------------------------------------
First to ismt, cur time 0 s.
ismt: sat (2 bits).
../../QF_NIA_split/QF_NIA_2_35//20170427-VeryMax/ITS/From_T2__streamserver-succeed.t2_fixed__p24580_terminationG_0.smt2 : 80287 ms.
--------------------------------------------------
First to ismt, cur time 0 s.
ismt: sat (2 bits).
../../QF_NIA_split/QF_NIA_2_35//20170427-VeryMax/ITS/From_T2__streamserver-succeed.t2_fixed__p24581_terminationG_0.smt2 : 189097 ms.
--------------------------------------------------
First to ismt, cur time 0 s.
Final to yices2, cur time 366 s.
../../QF_NIA_split/QF_NIA_2_35//20170427-VeryMax/ITS/From_T2__streamserver-succeed.t2_fixed__p24582_terminationG_0.smt2 : 1200328 ms.
--------------------------------------------------
First to ismt, cur time 0 s.
Final to yices2, cur time 360 s.
../../QF_NIA_split/QF_NIA_2_35//20170427-VeryMax/ITS/From_T2__streamserver-succeed.t2_fixed__p24586_edge_closing_0.smt2 : 1221371 ms.
--------------------------------------------------
First to ismt, cur time 0 s.
Final to yices2, cur time 361 s.
../../QF_NIA_split/QF_NIA_2_35//20170427-VeryMax/ITS/From_T2__streamserver-succeed.t2_fixed__p24587_edge_closing_0.smt2 : 1200160 ms.
--------------------------------------------------
First to ismt, cur time 0 s.
Final to yices2, cur time 362 s.
unknown
../../QF_NIA_split/QF_NIA_2_35//20170427-VeryMax/ITS/From_T2__streamserver-succeed.t2_fixed__p24588_edge_closing_0.smt2 : 1199510 ms.
--------------------------------------------------
First to ismt, cur time 0 s.
Final to yices2, cur time 361 s.
final yices2: sat
../../QF_NIA_split/QF_NIA_2_35//20170427-VeryMax/ITS/From_T2__streamserver-succeed.t2_fixed__p24590_edge_closing_0.smt2 : 924939 ms.
--------------------------------------------------
First to ismt, cur time 0 s.
Final to yices2, cur time 361 s.
../../QF_NIA_split/QF_NIA_2_35//20170427-VeryMax/ITS/From_T2__streamserver-succeed.t2_fixed__p24591_edge_closing_0.smt2 : 1206040 ms.
--------------------------------------------------
First to ismt, cur time 0 s.
Final to yices2, cur time 367 s.
../../QF_NIA_split/QF_NIA_2_35//20170427-VeryMax/ITS/From_T2__streamserver-succeed.t2_fixed__p24592_edge_closing_0.smt2 : 1207970 ms.
--------------------------------------------------
First to ismt, cur time 0 s.
ismt: sat (2 bits).
../../QF_NIA_split/QF_NIA_2_35//20170427-VeryMax/ITS/From_T2__streamserver-succeed.t2_fixed__terminationQ_0_0.smt2 : 37302 ms.
--------------------------------------------------
First to ismt, cur time 0 s.
Final to yices2, cur time 361 s.
final yices2: unsat
../../QF_NIA_split/QF_NIA_2_35//20170427-VeryMax/ITS/From_T2__streamserver-succeed.t2_fixed__terminationS_11_0.smt2 : 363516 ms.
--------------------------------------------------
First to ismt, cur time 0 s.
Final to yices2, cur time 363 s.
final yices2: unsat
../../QF_NIA_split/QF_NIA_2_35//20170427-VeryMax/ITS/From_T2__streamserver-succeed.t2_fixed__terminationS_14_0.smt2 : 364896 ms.
--------------------------------------------------
First to ismt, cur time 0 s.
Final to yices2, cur time 364 s.
final yices2: unsat
../../QF_NIA_split/QF_NIA_2_35//20170427-VeryMax/ITS/From_T2__streamserver-succeed.t2_fixed__terminationS_16_0.smt2 : 372746 ms.
--------------------------------------------------
First to ismt, cur time 0 s.
Final to yices2, cur time 361 s.
final yices2: unsat
../../QF_NIA_split/QF_NIA_2_35//20170427-VeryMax/ITS/From_T2__streamserver-succeed.t2_fixed__terminationS_25_0.smt2 : 363056 ms.
--------------------------------------------------
First to ismt, cur time 0 s.
Final to yices2, cur time 362 s.
final yices2: unsat
../../QF_NIA_split/QF_NIA_2_35//20170427-VeryMax/ITS/From_T2__streamserver-succeed.t2_fixed__terminationS_26_0.smt2 : 405469 ms.
--------------------------------------------------
First to ismt, cur time 0 s.
Final to yices2, cur time 361 s.
final yices2: unsat
../../QF_NIA_split/QF_NIA_2_35//20170427-VeryMax/ITS/From_T2__streamserver-succeed.t2_fixed__terminationS_27_0.smt2 : 361607 ms.
--------------------------------------------------
First to ismt, cur time 0 s.
Final to yices2, cur time 361 s.
final yices2: unsat
../../QF_NIA_split/QF_NIA_2_35//20170427-VeryMax/ITS/From_T2__streamserver-succeed.t2_fixed__terminationS_28_0.smt2 : 361206 ms.
--------------------------------------------------
First to ismt, cur time 0 s.
Final to yices2, cur time 361 s.
final yices2: unsat
../../QF_NIA_split/QF_NIA_2_35//20170427-VeryMax/ITS/From_T2__streamserver-succeed.t2_fixed__terminationS_6_0.smt2 : 361137 ms.
--------------------------------------------------
First to ismt, cur time 0 s.
Final to yices2, cur time 361 s.
../../QF_NIA_split/QF_NIA_2_35//20170427-VeryMax/ITS/From_T2__streamserver-succeed.t2_fixed__terminationS_7_0.smt2 : 1201102 ms.
--------------------------------------------------
First to ismt, cur time 0 s.
Final to yices2, cur time 372 s.
final yices2: unsat
../../QF_NIA_split/QF_NIA_2_35//20170427-VeryMax/ITS/From_T2__streamserver-succeed.t2_fixed__term_unfeasibility_0_0.smt2 : 377799 ms.
--------------------------------------------------
First to ismt, cur time 0 s.
ismt: sat (2 bits).
../../QF_NIA_split/QF_NIA_2_35//20170427-VeryMax/ITS/From_T2__streamserver-succeed.t2__p24600_terminationG_0.smt2 : 21408 ms.
--------------------------------------------------
First to ismt, cur time 0 s.
ismt: sat (2 bits).
../../QF_NIA_split/QF_NIA_2_35//20170427-VeryMax/ITS/From_T2__streamserver-succeed.t2__p24601_terminationG_0.smt2 : 103334 ms.
--------------------------------------------------
First to ismt, cur time 0 s.
ismt: sat (2 bits).
../../QF_NIA_split/QF_NIA_2_35//20170427-VeryMax/ITS/From_T2__streamserver-succeed.t2__p24602_terminationG_0.smt2 : 140287 ms.
--------------------------------------------------
First to ismt, cur time 0 s.
ismt: sat (2 bits).
../../QF_NIA_split/QF_NIA_2_35//20170427-VeryMax/ITS/From_T2__streamserver-succeed.t2__p24605_terminationG_0.smt2 : 8810 ms.
--------------------------------------------------
First to ismt, cur time 0 s.
ismt: sat (2 bits).
../../QF_NIA_split/QF_NIA_2_35//20170427-VeryMax/ITS/From_T2__streamserver-succeed.t2__p24606_terminationG_0.smt2 : 189898 ms.
--------------------------------------------------
First to ismt, cur time 0 s.
ismt: sat (2 bits).
../../QF_NIA_split/QF_NIA_2_35//20170427-VeryMax/ITS/From_T2__streamserver-succeed.t2__p24607_terminationG_0.smt2 : 25761 ms.
--------------------------------------------------
First to ismt, cur time 0 s.
ismt: sat (2 bits).
../../QF_NIA_split/QF_NIA_2_35//20170427-VeryMax/ITS/From_T2__streamserver-succeed.t2__p24619_terminationG_0.smt2 : 9520 ms.
--------------------------------------------------
First to ismt, cur time 0 s.
ismt: sat (2 bits).
../../QF_NIA_split/QF_NIA_2_35//20170427-VeryMax/ITS/From_T2__streamserver-succeed.t2__p24620_terminationG_0.smt2 : 304499 ms.
--------------------------------------------------
First to ismt, cur time 0 s.
Final to yices2, cur time 361 s.
../../QF_NIA_split/QF_NIA_2_35//20170427-VeryMax/ITS/From_T2__streamserver-succeed.t2__p24621_terminationG_0.smt2 : 1203919 ms.
--------------------------------------------------
First to ismt, cur time 0 s.
ismt: sat (2 bits).
../../QF_NIA_split/QF_NIA_2_35//20170427-VeryMax/ITS/From_T2__streamserver-succeed.t2__p24633_terminationG_0.smt2 : 28300 ms.
--------------------------------------------------
First to ismt, cur time 0 s.
ismt: sat (2 bits).
../../QF_NIA_split/QF_NIA_2_35//20170427-VeryMax/ITS/From_T2__streamserver-succeed.t2__p24634_terminationG_0.smt2 : 283549 ms.
--------------------------------------------------
First to ismt, cur time 0 s.
Final to yices2, cur time 361 s.
unknown
../../QF_NIA_split/QF_NIA_2_35//20170427-VeryMax/ITS/From_T2__streamserver-succeed.t2__p24635_terminationG_0.smt2 : 1199763 ms.
--------------------------------------------------
First to ismt, cur time 0 s.
ismt: sat (2 bits).
../../QF_NIA_split/QF_NIA_2_35//20170427-VeryMax/ITS/From_T2__streamserver-succeed.t2__p24647_terminationG_0.smt2 : 69127 ms.
--------------------------------------------------
First to ismt, cur time 0 s.
Final to yices2, cur time 361 s.
unknown
../../QF_NIA_split/QF_NIA_2_35//20170427-VeryMax/ITS/From_T2__streamserver-succeed.t2__p24648_terminationG_0.smt2 : 1199563 ms.
--------------------------------------------------
First to ismt, cur time 0 s.
Final to yices2, cur time 360 s.
../../QF_NIA_split/QF_NIA_2_35//20170427-VeryMax/ITS/From_T2__streamserver-succeed.t2__p24649_terminationG_0.smt2 : 1200023 ms.
--------------------------------------------------
First to ismt, cur time 0 s.
ismt: sat (2 bits).
../../QF_NIA_split/QF_NIA_2_35//20170427-VeryMax/ITS/From_T2__streamserver-succeed.t2__p24661_terminationG_0.smt2 : 65342 ms.
--------------------------------------------------
First to ismt, cur time 0 s.
ismt: sat (2 bits).
../../QF_NIA_split/QF_NIA_2_35//20170427-VeryMax/ITS/From_T2__streamserver-succeed.t2__p24662_terminationG_0.smt2 : 208121 ms.
--------------------------------------------------
First to ismt, cur time 0 s.
Final to yices2, cur time 361 s.
unknown
../../QF_NIA_split/QF_NIA_2_35//20170427-VeryMax/ITS/From_T2__streamserver-succeed.t2__p24663_terminationG_0.smt2 : 1199596 ms.
--------------------------------------------------
First to ismt, cur time 0 s.
ismt: sat (2 bits).
../../QF_NIA_split/QF_NIA_2_35//20170427-VeryMax/ITS/From_T2__streamserver-succeed.t2__p24667_terminationG_0.smt2 : 171000 ms.
--------------------------------------------------
First to ismt, cur time 0 s.
Final to yices2, cur time 360 s.
../../QF_NIA_split/QF_NIA_2_35//20170427-VeryMax/ITS/From_T2__streamserver-succeed.t2__p24668_terminationG_0.smt2 : 1200029 ms.
--------------------------------------------------
First to ismt, cur time 0 s.
ismt: sat (2 bits).
../../QF_NIA_split/QF_NIA_2_35//20170427-VeryMax/ITS/From_T2__streamserver-succeed.t2__p24690_terminationG_0.smt2 : 85907 ms.
--------------------------------------------------
First to ismt, cur time 0 s.
ismt: sat (2 bits).
../../QF_NIA_split/QF_NIA_2_35//20170427-VeryMax/ITS/From_T2__streamserver-succeed.t2__p24691_terminationG_0.smt2 : 344933 ms.
--------------------------------------------------
First to ismt, cur time 0 s.
Final to yices2, cur time 360 s.
../../QF_NIA_split/QF_NIA_2_35//20170427-VeryMax/ITS/From_T2__streamserver-succeed.t2__p24694_terminationG_0.smt2 : 1200035 ms.
--------------------------------------------------
First to ismt, cur time 0 s.
Final to yices2, cur time 360 s.
../../QF_NIA_split/QF_NIA_2_35//20170427-VeryMax/ITS/From_T2__streamserver-succeed.t2__p24695_terminationG_0.smt2 : 1200028 ms.
--------------------------------------------------
First to ismt, cur time 0 s.
Final to yices2, cur time 360 s.
../../QF_NIA_split/QF_NIA_2_35//20170427-VeryMax/ITS/From_T2__streamserver-succeed.t2__p24696_terminationG_0.smt2 : 1200039 ms.
--------------------------------------------------
First to ismt, cur time 0 s.
Final to yices2, cur time 360 s.
../../QF_NIA_split/QF_NIA_2_35//20170427-VeryMax/ITS/From_T2__streamserver-succeed.t2__p24699_terminationG_0.smt2 : 1200031 ms.
--------------------------------------------------
First to ismt, cur time 0 s.
Final to yices2, cur time 360 s.
../../QF_NIA_split/QF_NIA_2_35//20170427-VeryMax/ITS/From_T2__streamserver-succeed.t2__p24700_terminationG_0.smt2 : 1200041 ms.
--------------------------------------------------
First to ismt, cur time 0 s.
Final to yices2, cur time 360 s.
../../QF_NIA_split/QF_NIA_2_35//20170427-VeryMax/ITS/From_T2__streamserver-succeed.t2__p24701_terminationG_0.smt2 : 1200039 ms.
--------------------------------------------------
First to ismt, cur time 0 s.
Final to yices2, cur time 360 s.
../../QF_NIA_split/QF_NIA_2_35//20170427-VeryMax/ITS/From_T2__streamserver-succeed.t2__p24703_terminationG_0.smt2 : 1200069 ms.
--------------------------------------------------
First to ismt, cur time 0 s.
Final to yices2, cur time 361 s.
../../QF_NIA_split/QF_NIA_2_35//20170427-VeryMax/ITS/From_T2__streamserver-succeed.t2__p24705_terminationG_0.smt2 : 1200059 ms.
--------------------------------------------------
First to ismt, cur time 0 s.
Final to yices2, cur time 360 s.
../../QF_NIA_split/QF_NIA_2_35//20170427-VeryMax/ITS/From_T2__streamserver-succeed.t2__p24706_terminationG_0.smt2 : 1202132 ms.
--------------------------------------------------
First to ismt, cur time 0 s.
Final to yices2, cur time 360 s.
../../QF_NIA_split/QF_NIA_2_35//20170427-VeryMax/ITS/From_T2__streamserver-succeed.t2__p24709_terminationG_0.smt2 : 1203450 ms.
--------------------------------------------------
First to ismt, cur time 0 s.
Final to yices2, cur time 360 s.
../../QF_NIA_split/QF_NIA_2_35//20170427-VeryMax/ITS/From_T2__streamserver-succeed.t2__p24710_terminationG_0.smt2 : 1200108 ms.
--------------------------------------------------
First to ismt, cur time 0 s.
Final to yices2, cur time 360 s.
../../QF_NIA_split/QF_NIA_2_35//20170427-VeryMax/ITS/From_T2__streamserver-succeed.t2__p24711_terminationG_0.smt2 : 1200052 ms.
--------------------------------------------------
First to ismt, cur time 0 s.
Final to yices2, cur time 360 s.
../../QF_NIA_split/QF_NIA_2_35//20170427-VeryMax/ITS/From_T2__streamserver-succeed.t2__p24714_terminationG_0.smt2 : 1200056 ms.
--------------------------------------------------
First to ismt, cur time 0 s.
Final to yices2, cur time 360 s.
../../QF_NIA_split/QF_NIA_2_35//20170427-VeryMax/ITS/From_T2__streamserver-succeed.t2__p24715_terminationG_0.smt2 : 1200047 ms.
--------------------------------------------------
First to ismt, cur time 0 s.
Final to yices2, cur time 360 s.
../../QF_NIA_split/QF_NIA_2_35//20170427-VeryMax/ITS/From_T2__streamserver-succeed.t2__p24716_terminationG_0.smt2 : 1200033 ms.
--------------------------------------------------
First to ismt, cur time 0 s.
Final to yices2, cur time 360 s.
unknown
../../QF_NIA_split/QF_NIA_2_35//20170427-VeryMax/ITS/From_T2__streamserver-succeed.t2__p24719_terminationG_0.smt2 : 1214175 ms.
--------------------------------------------------
First to ismt, cur time 0 s.
Final to yices2, cur time 361 s.
unknown
../../QF_NIA_split/QF_NIA_2_35//20170427-VeryMax/ITS/From_T2__streamserver-succeed.t2__p24720_terminationG_0.smt2 : 1200293 ms.
--------------------------------------------------
First to ismt, cur time 0 s.
Final to yices2, cur time 360 s.
../../QF_NIA_split/QF_NIA_2_35//20170427-VeryMax/ITS/From_T2__streamserver-succeed.t2__p24721_terminationG_0.smt2 : 1200050 ms.
--------------------------------------------------
First to ismt, cur time 0 s.
Final to yices2, cur time 360 s.
../../QF_NIA_split/QF_NIA_2_35//20170427-VeryMax/ITS/From_T2__streamserver-succeed.t2__p24725_terminationG_0.smt2 : 1200044 ms.
--------------------------------------------------
First to ismt, cur time 0 s.
Final to yices2, cur time 360 s.
../../QF_NIA_split/QF_NIA_2_35//20170427-VeryMax/ITS/From_T2__streamserver-succeed.t2__p24726_terminationG_0.smt2 : 1207078 ms.
--------------------------------------------------
First to ismt, cur time 0 s.
Final to yices2, cur time 368 s.
../../QF_NIA_split/QF_NIA_2_35//20170427-VeryMax/ITS/From_T2__streamserver-succeed.t2__p24727_terminationG_0.smt2 : 1218309 ms.
--------------------------------------------------
First to ismt, cur time 0 s.
Final to yices2, cur time 360 s.
../../QF_NIA_split/QF_NIA_2_35//20170427-VeryMax/ITS/From_T2__streamserver-succeed.t2__p24730_terminationG_0.smt2 : 1200060 ms.
--------------------------------------------------
First to ismt, cur time 0 s.
Final to yices2, cur time 361 s.
../../QF_NIA_split/QF_NIA_2_35//20170427-VeryMax/ITS/From_T2__streamserver-succeed.t2__p24731_terminationG_0.smt2 : 1200047 ms.
--------------------------------------------------
First to ismt, cur time 0 s.
Final to yices2, cur time 360 s.
../../QF_NIA_split/QF_NIA_2_35//20170427-VeryMax/ITS/From_T2__streamserver-succeed.t2__p24732_terminationG_0.smt2 : 1200044 ms.
--------------------------------------------------
First to ismt, cur time 0 s.
Final to yices2, cur time 360 s.
../../QF_NIA_split/QF_NIA_2_35//20170427-VeryMax/ITS/From_T2__streamserver-succeed.t2__p24735_terminationG_0.smt2 : 1200051 ms.
--------------------------------------------------
First to ismt, cur time 0 s.
Final to yices2, cur time 360 s.
../../QF_NIA_split/QF_NIA_2_35//20170427-VeryMax/ITS/From_T2__streamserver-succeed.t2__p24736_terminationG_0.smt2 : 1201254 ms.
--------------------------------------------------
First to ismt, cur time 0 s.
Final to yices2, cur time 361 s.
../../QF_NIA_split/QF_NIA_2_35//20170427-VeryMax/ITS/From_T2__streamserver-succeed.t2__p24737_terminationG_0.smt2 : 1200032 ms.
--------------------------------------------------
First to ismt, cur time 0 s.
Final to yices2, cur time 360 s.
unknown
../../QF_NIA_split/QF_NIA_2_35//20170427-VeryMax/ITS/From_T2__streamserver-succeed.t2__p24739_terminationG_0.smt2 : 1200263 ms.
--------------------------------------------------
First to ismt, cur time 0 s.
Final to yices2, cur time 361 s.
../../QF_NIA_split/QF_NIA_2_35//20170427-VeryMax/ITS/From_T2__streamserver-succeed.t2__p24741_terminationG_0.smt2 : 1200152 ms.
--------------------------------------------------
First to ismt, cur time 0 s.
Final to yices2, cur time 360 s.
../../QF_NIA_split/QF_NIA_2_35//20170427-VeryMax/ITS/From_T2__streamserver-succeed.t2__p24742_terminationG_0.smt2 : 1200078 ms.
--------------------------------------------------
First to ismt, cur time 0 s.
Final to yices2, cur time 360 s.
../../QF_NIA_split/QF_NIA_2_35//20170427-VeryMax/ITS/From_T2__streamserver-succeed.t2__p24745_terminationG_0.smt2 : 1200042 ms.
--------------------------------------------------
First to ismt, cur time 0 s.
Final to yices2, cur time 360 s.
../../QF_NIA_split/QF_NIA_2_35//20170427-VeryMax/ITS/From_T2__streamserver-succeed.t2__p24746_terminationG_0.smt2 : 1200436 ms.
--------------------------------------------------
First to ismt, cur time 0 s.
Final to yices2, cur time 361 s.
unknown
../../QF_NIA_split/QF_NIA_2_35//20170427-VeryMax/ITS/From_T2__streamserver-succeed.t2__p24747_terminationG_0.smt2 : 1199749 ms.
--------------------------------------------------
First to ismt, cur time 0 s.
Final to yices2, cur time 360 s.
../../QF_NIA_split/QF_NIA_2_35//20170427-VeryMax/ITS/From_T2__streamserver-succeed.t2__p24750_terminationG_0.smt2 : 1200042 ms.
--------------------------------------------------
First to ismt, cur time 0 s.
Final to yices2, cur time 360 s.
../../QF_NIA_split/QF_NIA_2_35//20170427-VeryMax/ITS/From_T2__streamserver-succeed.t2__p24751_terminationG_0.smt2 : 1200067 ms.
--------------------------------------------------
First to ismt, cur time 0 s.
Final to yices2, cur time 360 s.
../../QF_NIA_split/QF_NIA_2_35//20170427-VeryMax/ITS/From_T2__streamserver-succeed.t2__p24752_terminationG_0.smt2 : 1200052 ms.
--------------------------------------------------
First to ismt, cur time 0 s.
Final to yices2, cur time 360 s.
../../QF_NIA_split/QF_NIA_2_35//20170427-VeryMax/ITS/From_T2__streamserver-succeed.t2__p24755_terminationG_0.smt2 : 1200062 ms.
--------------------------------------------------
First to ismt, cur time 0 s.
Final to yices2, cur time 360 s.
../../QF_NIA_split/QF_NIA_2_35//20170427-VeryMax/ITS/From_T2__streamserver-succeed.t2__p24756_terminationG_0.smt2 : 1200043 ms.
--------------------------------------------------
First to ismt, cur time 0 s.
Final to yices2, cur time 360 s.
../../QF_NIA_split/QF_NIA_2_35//20170427-VeryMax/ITS/From_T2__streamserver-succeed.t2__p24757_terminationG_0.smt2 : 1200049 ms.
--------------------------------------------------
First to ismt, cur time 0 s.
Final to yices2, cur time 360 s.
../../QF_NIA_split/QF_NIA_2_35//20170427-VeryMax/ITS/From_T2__streamserver-succeed.t2__p24760_terminationG_0.smt2 : 1200059 ms.
--------------------------------------------------
First to ismt, cur time 0 s.
Final to yices2, cur time 361 s.
unknown
../../QF_NIA_split/QF_NIA_2_35//20170427-VeryMax/ITS/From_T2__streamserver-succeed.t2__p24761_terminationG_0.smt2 : 1199477 ms.
--------------------------------------------------
First to ismt, cur time 0 s.
Final to yices2, cur time 361 s.
../../QF_NIA_split/QF_NIA_2_35//20170427-VeryMax/ITS/From_T2__streamserver-succeed.t2__p24762_terminationG_0.smt2 : 1200714 ms.
--------------------------------------------------
First to ismt, cur time 0 s.
Final to yices2, cur time 380 s.
../../QF_NIA_split/QF_NIA_2_35//20170427-VeryMax/ITS/From_T2__streamserver-succeed.t2__p24765_terminationG_0.smt2 : 1200066 ms.
--------------------------------------------------
First to ismt, cur time 0 s.
Final to yices2, cur time 360 s.
../../QF_NIA_split/QF_NIA_2_35//20170427-VeryMax/ITS/From_T2__streamserver-succeed.t2__p24766_terminationG_0.smt2 : 1200034 ms.
--------------------------------------------------
First to ismt, cur time 0 s.
Final to yices2, cur time 360 s.
../../QF_NIA_split/QF_NIA_2_35//20170427-VeryMax/ITS/From_T2__streamserver-succeed.t2__p24767_terminationG_0.smt2 : 1200044 ms.
--------------------------------------------------
First to ismt, cur time 0 s.
Final to yices2, cur time 360 s.
../../QF_NIA_split/QF_NIA_2_35//20170427-VeryMax/ITS/From_T2__streamserver-succeed.t2__p24770_terminationG_0.smt2 : 1200313 ms.
--------------------------------------------------
First to ismt, cur time 0 s.
Final to yices2, cur time 360 s.
../../QF_NIA_split/QF_NIA_2_35//20170427-VeryMax/ITS/From_T2__streamserver-succeed.t2__p24771_terminationG_0.smt2 : 1202083 ms.
--------------------------------------------------
First to ismt, cur time 0 s.
Final to yices2, cur time 394 s.
../../QF_NIA_split/QF_NIA_2_35//20170427-VeryMax/ITS/From_T2__streamserver-succeed.t2__p24772_terminationG_0.smt2 : 1205667 ms.
--------------------------------------------------
First to ismt, cur time 0 s.
Final to yices2, cur time 360 s.
../../QF_NIA_split/QF_NIA_2_35//20170427-VeryMax/ITS/From_T2__streamserver-succeed.t2__p24775_terminationG_0.smt2 : 1200038 ms.
--------------------------------------------------
First to ismt, cur time 0 s.
Final to yices2, cur time 361 s.
unknown
../../QF_NIA_split/QF_NIA_2_35//20170427-VeryMax/ITS/From_T2__streamserver-succeed.t2__p24776_terminationG_0.smt2 : 1199750 ms.
--------------------------------------------------
First to ismt, cur time 0 s.
Final to yices2, cur time 360 s.
../../QF_NIA_split/QF_NIA_2_35//20170427-VeryMax/ITS/From_T2__streamserver-succeed.t2__p24777_terminationG_0.smt2 : 1200051 ms.
--------------------------------------------------
First to ismt, cur time 0 s.
Final to yices2, cur time 360 s.
../../QF_NIA_split/QF_NIA_2_35//20170427-VeryMax/ITS/From_T2__streamserver-succeed.t2__p24780_terminationG_0.smt2 : 1200036 ms.
--------------------------------------------------
First to ismt, cur time 0 s.
Final to yices2, cur time 361 s.
unknown
../../QF_NIA_split/QF_NIA_2_35//20170427-VeryMax/ITS/From_T2__streamserver-succeed.t2__p24781_terminationG_0.smt2 : 1199740 ms.
--------------------------------------------------
First to ismt, cur time 0 s.
Final to yices2, cur time 369 s.
../../QF_NIA_split/QF_NIA_2_35//20170427-VeryMax/ITS/From_T2__streamserver-succeed.t2__p24782_terminationG_0.smt2 : 1200040 ms.
--------------------------------------------------
First to ismt, cur time 0 s.
Final to yices2, cur time 361 s.
../../QF_NIA_split/QF_NIA_2_35//20170427-VeryMax/ITS/From_T2__streamserver-succeed.t2__p24785_terminationG_0.smt2 : 1200050 ms.
--------------------------------------------------
First to ismt, cur time 0 s.
Final to yices2, cur time 360 s.
../../QF_NIA_split/QF_NIA_2_35//20170427-VeryMax/ITS/From_T2__streamserver-succeed.t2__p24786_terminationG_0.smt2 : 1203134 ms.
--------------------------------------------------
First to ismt, cur time 0 s.
Final to yices2, cur time 360 s.
../../QF_NIA_split/QF_NIA_2_35//20170427-VeryMax/ITS/From_T2__streamserver-succeed.t2__p24787_terminationG_0.smt2 : 1200244 ms.
--------------------------------------------------
First to ismt, cur time 0 s.
Final to yices2, cur time 360 s.
../../QF_NIA_split/QF_NIA_2_35//20170427-VeryMax/ITS/From_T2__streamserver-succeed.t2__p24795_terminationG_0.smt2 : 1200058 ms.
--------------------------------------------------
First to ismt, cur time 0 s.
Final to yices2, cur time 360 s.
../../QF_NIA_split/QF_NIA_2_35//20170427-VeryMax/ITS/From_T2__streamserver-succeed.t2__p24796_terminationG_0.smt2 : 1206068 ms.
--------------------------------------------------
First to ismt, cur time 0 s.
Final to yices2, cur time 360 s.
../../QF_NIA_split/QF_NIA_2_35//20170427-VeryMax/ITS/From_T2__streamserver-succeed.t2__p24797_terminationG_0.smt2 : 1200208 ms.
--------------------------------------------------
First to ismt, cur time 0 s.
Final to yices2, cur time 360 s.
../../QF_NIA_split/QF_NIA_2_35//20170427-VeryMax/ITS/From_T2__streamserver-succeed.t2__p24800_terminationG_0.smt2 : 1200050 ms.
--------------------------------------------------
First to ismt, cur time 0 s.
Final to yices2, cur time 360 s.
../../QF_NIA_split/QF_NIA_2_35//20170427-VeryMax/ITS/From_T2__streamserver-succeed.t2__p24801_terminationG_0.smt2 : 1200047 ms.
--------------------------------------------------
First to ismt, cur time 0 s.
Final to yices2, cur time 360 s.
../../QF_NIA_split/QF_NIA_2_35//20170427-VeryMax/ITS/From_T2__streamserver-succeed.t2__p24802_terminationG_0.smt2 : 1200049 ms.
--------------------------------------------------
First to ismt, cur time 0 s.
Final to yices2, cur time 360 s.
unknown
../../QF_NIA_split/QF_NIA_2_35//20170427-VeryMax/ITS/From_T2__streamserver-succeed.t2__p24805_terminationG_0.smt2 : 1199940 ms.
--------------------------------------------------
First to ismt, cur time 0 s.
Final to yices2, cur time 360 s.
../../QF_NIA_split/QF_NIA_2_35//20170427-VeryMax/ITS/From_T2__streamserver-succeed.t2__p24806_terminationG_0.smt2 : 1200248 ms.
--------------------------------------------------
First to ismt, cur time 0 s.
Final to yices2, cur time 367 s.
../../QF_NIA_split/QF_NIA_2_35//20170427-VeryMax/ITS/From_T2__streamserver-succeed.t2__p24807_terminationG_0.smt2 : 1201883 ms.
--------------------------------------------------
First to ismt, cur time 0 s.
Final to yices2, cur time 361 s.
../../QF_NIA_split/QF_NIA_2_35//20170427-VeryMax/ITS/From_T2__streamserver-succeed.t2__p24810_terminationG_0.smt2 : 1200147 ms.
--------------------------------------------------
First to ismt, cur time 0 s.
Final to yices2, cur time 360 s.
../../QF_NIA_split/QF_NIA_2_35//20170427-VeryMax/ITS/From_T2__streamserver-succeed.t2__p24811_terminationG_0.smt2 : 1200057 ms.
--------------------------------------------------
First to ismt, cur time 0 s.
Final to yices2, cur time 360 s.
../../QF_NIA_split/QF_NIA_2_35//20170427-VeryMax/ITS/From_T2__streamserver-succeed.t2__p24812_terminationG_0.smt2 : 1207542 ms.
--------------------------------------------------
First to ismt, cur time 0 s.
Final to yices2, cur time 361 s.
../../QF_NIA_split/QF_NIA_2_35//20170427-VeryMax/ITS/From_T2__streamserver-succeed.t2__p24815_terminationG_0.smt2 : 1200082 ms.
--------------------------------------------------
First to ismt, cur time 0 s.
Final to yices2, cur time 360 s.
../../QF_NIA_split/QF_NIA_2_35//20170427-VeryMax/ITS/From_T2__streamserver-succeed.t2__p24816_terminationG_0.smt2 : 1200043 ms.
--------------------------------------------------
First to ismt, cur time 0 s.
Final to yices2, cur time 360 s.
../../QF_NIA_split/QF_NIA_2_35//20170427-VeryMax/ITS/From_T2__streamserver-succeed.t2__p24817_terminationG_0.smt2 : 1200062 ms.
--------------------------------------------------
First to ismt, cur time 0 s.
ismt: sat (2 bits).
../../QF_NIA_split/QF_NIA_2_35//20170427-VeryMax/ITS/From_T2__streamserver-succeed.t2__p24819_edge_closing_0.smt2 : 8928 ms.
--------------------------------------------------
First to ismt, cur time 0 s.
ismt: sat (2 bits).
../../QF_NIA_split/QF_NIA_2_35//20170427-VeryMax/ITS/From_T2__streamserver-succeed.t2__p24820_edge_closing_0.smt2 : 73824 ms.
--------------------------------------------------
First to ismt, cur time 0 s.
ismt: sat (2 bits).
../../QF_NIA_split/QF_NIA_2_35//20170427-VeryMax/ITS/From_T2__streamserver-succeed.t2__p24821_edge_closing_0.smt2 : 243458 ms.
--------------------------------------------------
First to ismt, cur time 0 s.
ismt: sat (2 bits).
../../QF_NIA_split/QF_NIA_2_35//20170427-VeryMax/ITS/From_T2__streamserver-succeed.t2__p24824_edge_closing_0.smt2 : 4128 ms.
--------------------------------------------------
First to ismt, cur time 0 s.
ismt: sat (2 bits).
../../QF_NIA_split/QF_NIA_2_35//20170427-VeryMax/ITS/From_T2__streamserver-succeed.t2__p24825_edge_closing_0.smt2 : 27960 ms.
--------------------------------------------------
First to ismt, cur time 0 s.
ismt: sat (2 bits).
../../QF_NIA_split/QF_NIA_2_35//20170427-VeryMax/ITS/From_T2__streamserver-succeed.t2__p24827_edge_closing_0.smt2 : 2765 ms.
--------------------------------------------------
First to ismt, cur time 0 s.
ismt: sat (2 bits).
../../QF_NIA_split/QF_NIA_2_35//20170427-VeryMax/ITS/From_T2__streamserver-succeed.t2__p24828_edge_closing_0.smt2 : 18557 ms.
--------------------------------------------------
First to ismt, cur time 0 s.
Final to yices2, cur time 360 s.
final yices2: unsat
../../QF_NIA_split/QF_NIA_2_35//20170427-VeryMax/ITS/From_T2__streamserver-succeed.t2__terminationS_0_0.smt2 : 366941 ms.
--------------------------------------------------
First to ismt, cur time 0 s.
Final to yices2, cur time 361 s.
final yices2: unsat
../../QF_NIA_split/QF_NIA_2_35//20170427-VeryMax/ITS/From_T2__streamserver-succeed.t2__terminationS_6_0.smt2 : 361663 ms.
--------------------------------------------------
First to ismt, cur time 0 s.
Final to yices2, cur time 361 s.
final yices2: unsat
../../QF_NIA_split/QF_NIA_2_35//20170427-VeryMax/ITS/From_T2__streamserver-succeed.t2__term_unfeasibility_0_0.smt2 : 364989 ms.
--------------------------------------------------
First to ismt, cur time 0 s.
ismt: sat (2 bits).
../../QF_NIA_split/QF_NIA_2_35//20170427-VeryMax/ITS/From_T2__sudoku.t2__p24860_terminationG_0.smt2 : 11569 ms.
--------------------------------------------------
First to ismt, cur time 0 s.
ismt: sat (2 bits).
../../QF_NIA_split/QF_NIA_2_35//20170427-VeryMax/ITS/From_T2__sudoku.t2__p24861_terminationG_0.smt2 : 17060 ms.
--------------------------------------------------
First to ismt, cur time 0 s.
ismt: sat (2 bits).
../../QF_NIA_split/QF_NIA_2_35//20170427-VeryMax/ITS/From_T2__sudoku.t2__p24862_terminationG_0.smt2 : 247716 ms.
--------------------------------------------------
First to ismt, cur time 0 s.
ismt: sat (2 bits).
../../QF_NIA_split/QF_NIA_2_35//20170427-VeryMax/ITS/From_T2__sudoku.t2__p24865_terminationG_0.smt2 : 11110 ms.
--------------------------------------------------
First to ismt, cur time 0 s.
ismt: sat (2 bits).
../../QF_NIA_split/QF_NIA_2_35//20170427-VeryMax/ITS/From_T2__sudoku.t2__p24866_terminationG_0.smt2 : 80538 ms.
--------------------------------------------------
First to ismt, cur time 0 s.
ismt: sat (2 bits).
../../QF_NIA_split/QF_NIA_2_35//20170427-VeryMax/ITS/From_T2__sudoku.t2__p24867_terminationG_0.smt2 : 294230 ms.
--------------------------------------------------
First to ismt, cur time 0 s.
ismt: sat (2 bits).
../../QF_NIA_split/QF_NIA_2_35//20170427-VeryMax/ITS/From_T2__sudoku.t2__p24870_terminationG_0.smt2 : 21346 ms.
--------------------------------------------------
First to ismt, cur time 0 s.
ismt: sat (2 bits).
../../QF_NIA_split/QF_NIA_2_35//20170427-VeryMax/ITS/From_T2__sudoku.t2__p24871_terminationG_0.smt2 : 13912 ms.
--------------------------------------------------
First to ismt, cur time 0 s.
ismt: sat (2 bits).
../../QF_NIA_split/QF_NIA_2_35//20170427-VeryMax/ITS/From_T2__sudoku.t2__p24872_terminationG_0.smt2 : 207975 ms.
--------------------------------------------------
First to ismt, cur time 0 s.
ismt: sat (2 bits).
../../QF_NIA_split/QF_NIA_2_35//20170427-VeryMax/ITS/From_T2__sudoku.t2__p24875_terminationG_0.smt2 : 7307 ms.
--------------------------------------------------
First to ismt, cur time 0 s.
ismt: sat (2 bits).
../../QF_NIA_split/QF_NIA_2_35//20170427-VeryMax/ITS/From_T2__sudoku.t2__p24876_terminationG_0.smt2 : 112890 ms.
--------------------------------------------------
First to ismt, cur time 0 s.
Final to yices2, cur time 362 s.
../../QF_NIA_split/QF_NIA_2_35//20170427-VeryMax/ITS/From_T2__sudoku.t2__p24877_terminationG_0.smt2 : 1230401 ms.
--------------------------------------------------
First to ismt, cur time 0 s.
Final to yices2, cur time 395 s.
../../QF_NIA_split/QF_NIA_2_35//20170427-VeryMax/ITS/From_T2__sudoku.t2__terminationS_3_0.smt2 : 1200453 ms.
--------------------------------------------------
First to ismt, cur time 0 s.
Final to yices2, cur time 361 s.
final yices2: unsat
../../QF_NIA_split/QF_NIA_2_35//20170427-VeryMax/ITS/From_T2__sudoku.t2__term_unfeasibility_2_0.smt2 : 362140 ms.
--------------------------------------------------
First to ismt, cur time 0 s.
Final to yices2, cur time 361 s.
final yices2: unsat
../../QF_NIA_split/QF_NIA_2_35//20170427-VeryMax/ITS/From_T2__sudoku.t2__term_unfeasibility_3_0.smt2 : 363451 ms.
--------------------------------------------------
First to ismt, cur time 0 s.
Final to yices2, cur time 362 s.
../../QF_NIA_split/QF_NIA_2_35//20170427-VeryMax/ITS/From_T2__sudoku.t2__term_unfeasibility_4_0.smt2 : 1205490 ms.
--------------------------------------------------
First to ismt, cur time 0 s.
Final to yices2, cur time 361 s.
final yices2: unsat
../../QF_NIA_split/QF_NIA_2_35//20170427-VeryMax/ITS/From_T2__svdcmp.c.i.svdcmp.pl.t2.fixed.t2__fixed_safety_0_0.smt2 : 374781 ms.
--------------------------------------------------
First to ismt, cur time 0 s.
ismt: sat (2 bits).
../../QF_NIA_split/QF_NIA_2_35//20170427-VeryMax/ITS/From_T2__svdcmp.c.i.svdcmp.pl.t2.fixed.t2__p24884_terminationG_0.smt2 : 289273 ms.
--------------------------------------------------
First to ismt, cur time 0 s.
Final to yices2, cur time 362 s.
unknown
../../QF_NIA_split/QF_NIA_2_35//20170427-VeryMax/ITS/From_T2__svdcmp.c.i.svdcmp.pl.t2.fixed.t2__p24885_terminationG_0.smt2 : 1200031 ms.
--------------------------------------------------
First to ismt, cur time 0 s.
Final to yices2, cur time 363 s.
../../QF_NIA_split/QF_NIA_2_35//20170427-VeryMax/ITS/From_T2__svdcmp.c.i.svdcmp.pl.t2.fixed.t2__p24886_terminationG_0.smt2 : 1200049 ms.
--------------------------------------------------
First to ismt, cur time 0 s.
ismt: sat (2 bits).
../../QF_NIA_split/QF_NIA_2_35//20170427-VeryMax/ITS/From_T2__svdcmp.c.i.svdcmp.pl.t2.fixed.t2__p24888_safety_0.smt2 : 77375 ms.
--------------------------------------------------
First to ismt, cur time 0 s.
Final to yices2, cur time 363 s.
../../QF_NIA_split/QF_NIA_2_35//20170427-VeryMax/ITS/From_T2__svdcmp.c.i.svdcmp.pl.t2.fixed.t2__p24889_safety_0.smt2 : 1203294 ms.
--------------------------------------------------
First to ismt, cur time 0 s.
Final to yices2, cur time 360 s.
../../QF_NIA_split/QF_NIA_2_35//20170427-VeryMax/ITS/From_T2__svdcmp.c.i.svdcmp.pl.t2.fixed.t2__p24890_safety_0.smt2 : 1206572 ms.
--------------------------------------------------
First to ismt, cur time 0 s.
ismt: sat (2 bits).
../../QF_NIA_split/QF_NIA_2_35//20170427-VeryMax/ITS/From_T2__svdcmp.c.i.svdcmp.pl.t2.fixed.t2__p24892_safety_0.smt2 : 5596 ms.
--------------------------------------------------
First to ismt, cur time 0 s.
ismt: sat (2 bits).
../../QF_NIA_split/QF_NIA_2_35//20170427-VeryMax/ITS/From_T2__svdcmp.c.i.svdcmp.pl.t2.fixed.t2__p24893_safety_0.smt2 : 51792 ms.
--------------------------------------------------
First to ismt, cur time 0 s.
ismt: sat (2 bits).
../../QF_NIA_split/QF_NIA_2_35//20170427-VeryMax/ITS/From_T2__svdcmp.c.i.svdcmp.pl.t2.fixed.t2__p24894_safety_0.smt2 : 92198 ms.
--------------------------------------------------
First to ismt, cur time 0 s.
Final to yices2, cur time 360 s.
../../QF_NIA_split/QF_NIA_2_35//20170427-VeryMax/ITS/From_T2__svdcmp.c.i.svdcmp.pl.t2.fixed.t2__p24895_safety_0.smt2 : 1200033 ms.
--------------------------------------------------
First to ismt, cur time 0 s.
Final to yices2, cur time 361 s.
unknown
../../QF_NIA_split/QF_NIA_2_35//20170427-VeryMax/ITS/From_T2__svdcmp.c.i.svdcmp.pl.t2.fixed.t2__p24896_safety_0.smt2 : 1200020 ms.
--------------------------------------------------
First to ismt, cur time 0 s.
terminate called after throwing an instance of 'std::bad_alloc'
  what():  std::bad_alloc
timeout: the monitored command dumped core
Final to yices2, cur time 364 s.
unknown
../../QF_NIA_split/QF_NIA_2_35//20170427-VeryMax/ITS/From_T2__svdcmp.c.i.svdcmp.pl.t2.fixed.t2__p24898_edge_closing_0.smt2 : 1200258 ms.
--------------------------------------------------
First to ismt, cur time 0 s.
Final to yices2, cur time 362 s.
../../QF_NIA_split/QF_NIA_2_35//20170427-VeryMax/ITS/From_T2__svdcmp.c.i.svdcmp.pl.t2.fixed.t2__p24899_edge_closing_0.smt2 : 1200292 ms.
--------------------------------------------------
First to ismt, cur time 0 s.
Final to yices2, cur time 362 s.
../../QF_NIA_split/QF_NIA_2_35//20170427-VeryMax/ITS/From_T2__svdcmp.c.i.svdcmp.pl.t2.fixed.t2__p24900_edge_closing_0.smt2 : 1200038 ms.
--------------------------------------------------
First to ismt, cur time 0 s.
Final to yices2, cur time 364 s.
../../QF_NIA_split/QF_NIA_2_35//20170427-VeryMax/ITS/From_T2__svdcmp.c.i.svdcmp.pl.t2.fixed.t2__p24902_edge_closing_0.smt2 : 1200053 ms.
--------------------------------------------------
First to ismt, cur time 0 s.
Final to yices2, cur time 364 s.
../../QF_NIA_split/QF_NIA_2_35//20170427-VeryMax/ITS/From_T2__svdcmp.c.i.svdcmp.pl.t2.fixed.t2__p24903_edge_closing_0.smt2 : 1200044 ms.
--------------------------------------------------
First to ismt, cur time 0 s.
Final to yices2, cur time 367 s.
unknown
../../QF_NIA_split/QF_NIA_2_35//20170427-VeryMax/ITS/From_T2__svdcmp.c.i.svdcmp.pl.t2.fixed.t2__p24904_edge_closing_0.smt2 : 1199938 ms.
--------------------------------------------------
First to ismt, cur time 0 s.
ismt: sat (2 bits).
../../QF_NIA_split/QF_NIA_2_35//20170427-VeryMax/ITS/From_T2__svdcmp.c.i.svdcmp.pl.t2.fixed.t2__terminationQ_0_0.smt2 : 135454 ms.
--------------------------------------------------
First to ismt, cur time 0 s.
Final to yices2, cur time 361 s.
../../QF_NIA_split/QF_NIA_2_35//20170427-VeryMax/ITS/From_T2__svdcmp.c.i.svdcmp.pl.t2.fixed.t2__terminationS_0_0.smt2 : 1200047 ms.
--------------------------------------------------
First to ismt, cur time 0 s.
Final to yices2, cur time 361 s.
final yices2: unsat
../../QF_NIA_split/QF_NIA_2_35//20170427-VeryMax/ITS/From_T2__svdcmp.c.i.svdcmp.pl.t2.fixed.t2__terminationS_10_0.smt2 : 363222 ms.
--------------------------------------------------
First to ismt, cur time 0 s.
Final to yices2, cur time 361 s.
final yices2: unsat
../../QF_NIA_split/QF_NIA_2_35//20170427-VeryMax/ITS/From_T2__svdcmp.c.i.svdcmp.pl.t2.fixed.t2__terminationS_1_0.smt2 : 363083 ms.
--------------------------------------------------
First to ismt, cur time 0 s.
Final to yices2, cur time 362 s.
final yices2: unsat
../../QF_NIA_split/QF_NIA_2_35//20170427-VeryMax/ITS/From_T2__svdcmp.c.i.svdcmp.pl.t2.fixed.t2__terminationS_11_0.smt2 : 363245 ms.
--------------------------------------------------
First to ismt, cur time 0 s.
Final to yices2, cur time 361 s.
final yices2: unsat
../../QF_NIA_split/QF_NIA_2_35//20170427-VeryMax/ITS/From_T2__svdcmp.c.i.svdcmp.pl.t2.fixed.t2__terminationS_12_0.smt2 : 363280 ms.
--------------------------------------------------
First to ismt, cur time 0 s.
Final to yices2, cur time 363 s.
final yices2: unsat
../../QF_NIA_split/QF_NIA_2_35//20170427-VeryMax/ITS/From_T2__svdcmp.c.i.svdcmp.pl.t2.fixed.t2__terminationS_13_0.smt2 : 364240 ms.
--------------------------------------------------
First to ismt, cur time 0 s.
Final to yices2, cur time 361 s.
final yices2: unsat
../../QF_NIA_split/QF_NIA_2_35//20170427-VeryMax/ITS/From_T2__svdcmp.c.i.svdcmp.pl.t2.fixed.t2__terminationS_14_0.smt2 : 362104 ms.
--------------------------------------------------
First to ismt, cur time 0 s.
Final to yices2, cur time 362 s.
final yices2: unsat
../../QF_NIA_split/QF_NIA_2_35//20170427-VeryMax/ITS/From_T2__svdcmp.c.i.svdcmp.pl.t2.fixed.t2__terminationS_15_0.smt2 : 363393 ms.
--------------------------------------------------
First to ismt, cur time 0 s.
Final to yices2, cur time 362 s.
final yices2: unsat
../../QF_NIA_split/QF_NIA_2_35//20170427-VeryMax/ITS/From_T2__svdcmp.c.i.svdcmp.pl.t2.fixed.t2__terminationS_16_0.smt2 : 363680 ms.
--------------------------------------------------
First to ismt, cur time 0 s.
Final to yices2, cur time 362 s.
final yices2: unsat
../../QF_NIA_split/QF_NIA_2_35//20170427-VeryMax/ITS/From_T2__svdcmp.c.i.svdcmp.pl.t2.fixed.t2__terminationS_17_0.smt2 : 362461 ms.
--------------------------------------------------
First to ismt, cur time 0 s.
Final to yices2, cur time 362 s.
final yices2: unsat
../../QF_NIA_split/QF_NIA_2_35//20170427-VeryMax/ITS/From_T2__svdcmp.c.i.svdcmp.pl.t2.fixed.t2__terminationS_18_0.smt2 : 363333 ms.
--------------------------------------------------
First to ismt, cur time 0 s.
Final to yices2, cur time 361 s.
final yices2: unsat
../../QF_NIA_split/QF_NIA_2_35//20170427-VeryMax/ITS/From_T2__svdcmp.c.i.svdcmp.pl.t2.fixed.t2__terminationS_19_0.smt2 : 361416 ms.
--------------------------------------------------
First to ismt, cur time 0 s.
Final to yices2, cur time 367 s.
final yices2: unsat
../../QF_NIA_split/QF_NIA_2_35//20170427-VeryMax/ITS/From_T2__svdcmp.c.i.svdcmp.pl.t2.fixed.t2__terminationS_20_0.smt2 : 385462 ms.
--------------------------------------------------
First to ismt, cur time 0 s.
Final to yices2, cur time 362 s.
final yices2: unsat
../../QF_NIA_split/QF_NIA_2_35//20170427-VeryMax/ITS/From_T2__svdcmp.c.i.svdcmp.pl.t2.fixed.t2__terminationS_2_0.smt2 : 363033 ms.
--------------------------------------------------
First to ismt, cur time 0 s.
Final to yices2, cur time 362 s.
final yices2: unsat
../../QF_NIA_split/QF_NIA_2_35//20170427-VeryMax/ITS/From_T2__svdcmp.c.i.svdcmp.pl.t2.fixed.t2__terminationS_21_0.smt2 : 368395 ms.
--------------------------------------------------
First to ismt, cur time 0 s.
Final to yices2, cur time 362 s.
final yices2: unsat
../../QF_NIA_split/QF_NIA_2_35//20170427-VeryMax/ITS/From_T2__svdcmp.c.i.svdcmp.pl.t2.fixed.t2__terminationS_22_0.smt2 : 364012 ms.
--------------------------------------------------
First to ismt, cur time 0 s.
Final to yices2, cur time 365 s.
final yices2: unsat
../../QF_NIA_split/QF_NIA_2_35//20170427-VeryMax/ITS/From_T2__svdcmp.c.i.svdcmp.pl.t2.fixed.t2__terminationS_23_0.smt2 : 365753 ms.
--------------------------------------------------
First to ismt, cur time 0 s.
Final to yices2, cur time 362 s.
final yices2: unsat
../../QF_NIA_split/QF_NIA_2_35//20170427-VeryMax/ITS/From_T2__svdcmp.c.i.svdcmp.pl.t2.fixed.t2__terminationS_24_0.smt2 : 363362 ms.
--------------------------------------------------
First to ismt, cur time 0 s.
Final to yices2, cur time 362 s.
final yices2: unsat
../../QF_NIA_split/QF_NIA_2_35//20170427-VeryMax/ITS/From_T2__svdcmp.c.i.svdcmp.pl.t2.fixed.t2__terminationS_25_0.smt2 : 363419 ms.
--------------------------------------------------
First to ismt, cur time 0 s.
Final to yices2, cur time 363 s.
final yices2: unsat
../../QF_NIA_split/QF_NIA_2_35//20170427-VeryMax/ITS/From_T2__svdcmp.c.i.svdcmp.pl.t2.fixed.t2__terminationS_26_0.smt2 : 365504 ms.
--------------------------------------------------
First to ismt, cur time 0 s.
Final to yices2, cur time 362 s.
final yices2: unsat
../../QF_NIA_split/QF_NIA_2_35//20170427-VeryMax/ITS/From_T2__svdcmp.c.i.svdcmp.pl.t2.fixed.t2__terminationS_27_0.smt2 : 365204 ms.
--------------------------------------------------
First to ismt, cur time 0 s.
Final to yices2, cur time 363 s.
final yices2: unsat
../../QF_NIA_split/QF_NIA_2_35//20170427-VeryMax/ITS/From_T2__svdcmp.c.i.svdcmp.pl.t2.fixed.t2__terminationS_28_0.smt2 : 365758 ms.
--------------------------------------------------
First to ismt, cur time 0 s.
Final to yices2, cur time 362 s.
final yices2: unsat
../../QF_NIA_split/QF_NIA_2_35//20170427-VeryMax/ITS/From_T2__svdcmp.c.i.svdcmp.pl.t2.fixed.t2__terminationS_29_0.smt2 : 363298 ms.
--------------------------------------------------
First to ismt, cur time 0 s.
Final to yices2, cur time 367 s.
final yices2: unsat
../../QF_NIA_split/QF_NIA_2_35//20170427-VeryMax/ITS/From_T2__svdcmp.c.i.svdcmp.pl.t2.fixed.t2__terminationS_30_0.smt2 : 367405 ms.
--------------------------------------------------
First to ismt, cur time 0 s.
Final to yices2, cur time 362 s.
final yices2: unsat
../../QF_NIA_split/QF_NIA_2_35//20170427-VeryMax/ITS/From_T2__svdcmp.c.i.svdcmp.pl.t2.fixed.t2__terminationS_31_0.smt2 : 363627 ms.
--------------------------------------------------
First to ismt, cur time 0 s.
Final to yices2, cur time 363 s.
final yices2: unsat
../../QF_NIA_split/QF_NIA_2_35//20170427-VeryMax/ITS/From_T2__svdcmp.c.i.svdcmp.pl.t2.fixed.t2__terminationS_32_0.smt2 : 379325 ms.
--------------------------------------------------
First to ismt, cur time 0 s.
Final to yices2, cur time 366 s.
final yices2: unsat
../../QF_NIA_split/QF_NIA_2_35//20170427-VeryMax/ITS/From_T2__svdcmp.c.i.svdcmp.pl.t2.fixed.t2__terminationS_33_0.smt2 : 367687 ms.
--------------------------------------------------
First to ismt, cur time 0 s.
Final to yices2, cur time 363 s.
final yices2: unsat
../../QF_NIA_split/QF_NIA_2_35//20170427-VeryMax/ITS/From_T2__svdcmp.c.i.svdcmp.pl.t2.fixed.t2__terminationS_34_0.smt2 : 364322 ms.
--------------------------------------------------
First to ismt, cur time 0 s.
Final to yices2, cur time 361 s.
final yices2: unsat
../../QF_NIA_split/QF_NIA_2_35//20170427-VeryMax/ITS/From_T2__svdcmp.c.i.svdcmp.pl.t2.fixed.t2__terminationS_35_0.smt2 : 364942 ms.
--------------------------------------------------
First to ismt, cur time 0 s.
Final to yices2, cur time 361 s.
final yices2: unsat
../../QF_NIA_split/QF_NIA_2_35//20170427-VeryMax/ITS/From_T2__svdcmp.c.i.svdcmp.pl.t2.fixed.t2__terminationS_36_0.smt2 : 364543 ms.
--------------------------------------------------
First to ismt, cur time 0 s.
Final to yices2, cur time 363 s.
final yices2: unsat
../../QF_NIA_split/QF_NIA_2_35//20170427-VeryMax/ITS/From_T2__svdcmp.c.i.svdcmp.pl.t2.fixed.t2__terminationS_37_0.smt2 : 364059 ms.
--------------------------------------------------
First to ismt, cur time 0 s.
Final to yices2, cur time 361 s.
final yices2: unsat
../../QF_NIA_split/QF_NIA_2_35//20170427-VeryMax/ITS/From_T2__svdcmp.c.i.svdcmp.pl.t2.fixed.t2__terminationS_38_0.smt2 : 362309 ms.
--------------------------------------------------
First to ismt, cur time 0 s.
Final to yices2, cur time 363 s.
final yices2: unsat
../../QF_NIA_split/QF_NIA_2_35//20170427-VeryMax/ITS/From_T2__svdcmp.c.i.svdcmp.pl.t2.fixed.t2__terminationS_39_0.smt2 : 363879 ms.
--------------------------------------------------
First to ismt, cur time 0 s.
Final to yices2, cur time 362 s.
final yices2: unsat
../../QF_NIA_split/QF_NIA_2_35//20170427-VeryMax/ITS/From_T2__svdcmp.c.i.svdcmp.pl.t2.fixed.t2__terminationS_40_0.smt2 : 363320 ms.
--------------------------------------------------
First to ismt, cur time 0 s.
Final to yices2, cur time 362 s.
final yices2: unsat
../../QF_NIA_split/QF_NIA_2_35//20170427-VeryMax/ITS/From_T2__svdcmp.c.i.svdcmp.pl.t2.fixed.t2__terminationS_4_0.smt2 : 363913 ms.
--------------------------------------------------
First to ismt, cur time 0 s.
Final to yices2, cur time 362 s.
final yices2: unsat
../../QF_NIA_split/QF_NIA_2_35//20170427-VeryMax/ITS/From_T2__svdcmp.c.i.svdcmp.pl.t2.fixed.t2__terminationS_41_0.smt2 : 364609 ms.
--------------------------------------------------
First to ismt, cur time 0 s.
Final to yices2, cur time 362 s.
final yices2: unsat
../../QF_NIA_split/QF_NIA_2_35//20170427-VeryMax/ITS/From_T2__svdcmp.c.i.svdcmp.pl.t2.fixed.t2__terminationS_42_0.smt2 : 363177 ms.
--------------------------------------------------
First to ismt, cur time 0 s.
Final to yices2, cur time 362 s.
final yices2: unsat
../../QF_NIA_split/QF_NIA_2_35//20170427-VeryMax/ITS/From_T2__svdcmp.c.i.svdcmp.pl.t2.fixed.t2__terminationS_43_0.smt2 : 362611 ms.
--------------------------------------------------
First to ismt, cur time 0 s.
Final to yices2, cur time 363 s.
final yices2: unsat
../../QF_NIA_split/QF_NIA_2_35//20170427-VeryMax/ITS/From_T2__svdcmp.c.i.svdcmp.pl.t2.fixed.t2__terminationS_44_0.smt2 : 364256 ms.
--------------------------------------------------
First to ismt, cur time 0 s.
Final to yices2, cur time 363 s.
final yices2: unsat
../../QF_NIA_split/QF_NIA_2_35//20170427-VeryMax/ITS/From_T2__svdcmp.c.i.svdcmp.pl.t2.fixed.t2__terminationS_45_0.smt2 : 363592 ms.
--------------------------------------------------
First to ismt, cur time 0 s.
Final to yices2, cur time 363 s.
final yices2: unsat
../../QF_NIA_split/QF_NIA_2_35//20170427-VeryMax/ITS/From_T2__svdcmp.c.i.svdcmp.pl.t2.fixed.t2__terminationS_46_0.smt2 : 363245 ms.
--------------------------------------------------
First to ismt, cur time 0 s.
Final to yices2, cur time 365 s.
final yices2: unsat
../../QF_NIA_split/QF_NIA_2_35//20170427-VeryMax/ITS/From_T2__svdcmp.c.i.svdcmp.pl.t2.fixed.t2__terminationS_47_0.smt2 : 366153 ms.
--------------------------------------------------
First to ismt, cur time 0 s.
Final to yices2, cur time 361 s.
final yices2: unsat
../../QF_NIA_split/QF_NIA_2_35//20170427-VeryMax/ITS/From_T2__svdcmp.c.i.svdcmp.pl.t2.fixed.t2__terminationS_48_0.smt2 : 375835 ms.
--------------------------------------------------
First to ismt, cur time 0 s.
Final to yices2, cur time 366 s.
final yices2: unsat
../../QF_NIA_split/QF_NIA_2_35//20170427-VeryMax/ITS/From_T2__svdcmp.c.i.svdcmp.pl.t2.fixed.t2__terminationS_49_0.smt2 : 366774 ms.
--------------------------------------------------
First to ismt, cur time 0 s.
Final to yices2, cur time 362 s.
final yices2: unsat
../../QF_NIA_split/QF_NIA_2_35//20170427-VeryMax/ITS/From_T2__svdcmp.c.i.svdcmp.pl.t2.fixed.t2__terminationS_50_0.smt2 : 365097 ms.
--------------------------------------------------
First to ismt, cur time 0 s.
Final to yices2, cur time 367 s.
final yices2: unsat
../../QF_NIA_split/QF_NIA_2_35//20170427-VeryMax/ITS/From_T2__svdcmp.c.i.svdcmp.pl.t2.fixed.t2__terminationS_5_0.smt2 : 387962 ms.
--------------------------------------------------
First to ismt, cur time 0 s.
Final to yices2, cur time 364 s.
final yices2: unsat
../../QF_NIA_split/QF_NIA_2_35//20170427-VeryMax/ITS/From_T2__svdcmp.c.i.svdcmp.pl.t2.fixed.t2__terminationS_51_0.smt2 : 364572 ms.
--------------------------------------------------
First to ismt, cur time 0 s.
terminate called after throwing an instance of 'std::bad_alloc'
  what():  std::bad_alloc
timeout: the monitored command dumped core
Final to yices2, cur time 367 s.
final yices2: unsat
../../QF_NIA_split/QF_NIA_2_35//20170427-VeryMax/ITS/From_T2__svdcmp.c.i.svdcmp.pl.t2.fixed.t2__terminationS_52_0.smt2 : 380601 ms.
--------------------------------------------------
First to ismt, cur time 0 s.
Final to yices2, cur time 366 s.
final yices2: unsat
../../QF_NIA_split/QF_NIA_2_35//20170427-VeryMax/ITS/From_T2__svdcmp.c.i.svdcmp.pl.t2.fixed.t2__terminationS_53_0.smt2 : 367046 ms.
--------------------------------------------------
First to ismt, cur time 0 s.
Final to yices2, cur time 363 s.
final yices2: unsat
../../QF_NIA_split/QF_NIA_2_35//20170427-VeryMax/ITS/From_T2__svdcmp.c.i.svdcmp.pl.t2.fixed.t2__terminationS_54_0.smt2 : 363714 ms.
--------------------------------------------------
First to ismt, cur time 0 s.
Final to yices2, cur time 365 s.
final yices2: unsat
../../QF_NIA_split/QF_NIA_2_35//20170427-VeryMax/ITS/From_T2__svdcmp.c.i.svdcmp.pl.t2.fixed.t2__terminationS_55_0.smt2 : 365199 ms.
--------------------------------------------------
First to ismt, cur time 0 s.
Final to yices2, cur time 380 s.
final yices2: unsat
../../QF_NIA_split/QF_NIA_2_35//20170427-VeryMax/ITS/From_T2__svdcmp.c.i.svdcmp.pl.t2.fixed.t2__terminationS_56_0.smt2 : 430423 ms.
--------------------------------------------------
First to ismt, cur time 0 s.
Final to yices2, cur time 361 s.
final yices2: unsat
../../QF_NIA_split/QF_NIA_2_35//20170427-VeryMax/ITS/From_T2__svdcmp.c.i.svdcmp.pl.t2.fixed.t2__terminationS_57_0.smt2 : 367437 ms.
--------------------------------------------------
First to ismt, cur time 0 s.
Final to yices2, cur time 361 s.
final yices2: unsat
../../QF_NIA_split/QF_NIA_2_35//20170427-VeryMax/ITS/From_T2__svdcmp.c.i.svdcmp.pl.t2.fixed.t2__terminationS_58_0.smt2 : 363192 ms.
--------------------------------------------------
First to ismt, cur time 0 s.
Final to yices2, cur time 361 s.
final yices2: unsat
../../QF_NIA_split/QF_NIA_2_35//20170427-VeryMax/ITS/From_T2__svdcmp.c.i.svdcmp.pl.t2.fixed.t2__terminationS_59_0.smt2 : 362053 ms.
--------------------------------------------------
First to ismt, cur time 0 s.
Final to yices2, cur time 361 s.
final yices2: unsat
../../QF_NIA_split/QF_NIA_2_35//20170427-VeryMax/ITS/From_T2__svdcmp.c.i.svdcmp.pl.t2.fixed.t2__terminationS_60_0.smt2 : 361753 ms.
--------------------------------------------------
First to ismt, cur time 0 s.
Final to yices2, cur time 362 s.
final yices2: unsat
../../QF_NIA_split/QF_NIA_2_35//20170427-VeryMax/ITS/From_T2__svdcmp.c.i.svdcmp.pl.t2.fixed.t2__terminationS_6_0.smt2 : 362979 ms.
--------------------------------------------------
First to ismt, cur time 0 s.
Final to yices2, cur time 362 s.
final yices2: unsat
../../QF_NIA_split/QF_NIA_2_35//20170427-VeryMax/ITS/From_T2__svdcmp.c.i.svdcmp.pl.t2.fixed.t2__terminationS_7_0.smt2 : 368637 ms.
--------------------------------------------------
First to ismt, cur time 0 s.
Final to yices2, cur time 362 s.
final yices2: unsat
../../QF_NIA_split/QF_NIA_2_35//20170427-VeryMax/ITS/From_T2__svdcmp.c.i.svdcmp.pl.t2.fixed.t2__terminationS_8_0.smt2 : 375165 ms.
--------------------------------------------------
First to ismt, cur time 0 s.
Final to yices2, cur time 362 s.
final yices2: unsat
../../QF_NIA_split/QF_NIA_2_35//20170427-VeryMax/ITS/From_T2__svdcmp.c.i.svdcmp.pl.t2.fixed.t2__terminationS_9_0.smt2 : 363328 ms.
--------------------------------------------------
First to ismt, cur time 0 s.
ismt: sat (2 bits).
../../QF_NIA_split/QF_NIA_2_35//20170427-VeryMax/ITS/From_T2__svdcmp.c.i.svdcmp.pl.t2.fixed.t2__term_unfeasibility_0_0.smt2 : 16491 ms.
--------------------------------------------------
First to ismt, cur time 0 s.
Final to yices2, cur time 360 s.
../../QF_NIA_split/QF_NIA_2_35//20170427-VeryMax/ITS/From_T2__svdcmp.c.i.svdcmp.pl.t2.fixed.t2__term_unfeasibility_10_0.smt2 : 1200043 ms.
--------------------------------------------------
First to ismt, cur time 0 s.
ismt: sat (2 bits).
../../QF_NIA_split/QF_NIA_2_35//20170427-VeryMax/ITS/From_T2__svdcmp.c.i.svdcmp.pl.t2.fixed.t2__term_unfeasibility_1_0.smt2 : 16795 ms.
--------------------------------------------------
First to ismt, cur time 0 s.
Final to yices2, cur time 360 s.
../../QF_NIA_split/QF_NIA_2_35//20170427-VeryMax/ITS/From_T2__svdcmp.c.i.svdcmp.pl.t2.fixed.t2__term_unfeasibility_11_0.smt2 : 1200031 ms.
--------------------------------------------------
First to ismt, cur time 0 s.
ismt: sat (2 bits).
../../QF_NIA_split/QF_NIA_2_35//20170427-VeryMax/ITS/From_T2__svdcmp.c.i.svdcmp.pl.t2.fixed.t2__term_unfeasibility_12_0.smt2 : 37432 ms.
--------------------------------------------------
First to ismt, cur time 0 s.
ismt: sat (2 bits).
../../QF_NIA_split/QF_NIA_2_35//20170427-VeryMax/ITS/From_T2__svdcmp.c.i.svdcmp.pl.t2.fixed.t2__term_unfeasibility_2_0.smt2 : 9121 ms.
--------------------------------------------------
First to ismt, cur time 0 s.
ismt: sat (2 bits).
../../QF_NIA_split/QF_NIA_2_35//20170427-VeryMax/ITS/From_T2__svdcmp.c.i.svdcmp.pl.t2.fixed.t2__term_unfeasibility_3_0.smt2 : 37130 ms.
--------------------------------------------------
First to ismt, cur time 0 s.
ismt: sat (2 bits).
../../QF_NIA_split/QF_NIA_2_35//20170427-VeryMax/ITS/From_T2__svdcmp.c.i.svdcmp.pl.t2.fixed.t2__term_unfeasibility_4_0.smt2 : 12857 ms.
--------------------------------------------------
First to ismt, cur time 0 s.
ismt: sat (2 bits).
../../QF_NIA_split/QF_NIA_2_35//20170427-VeryMax/ITS/From_T2__svdcmp.c.i.svdcmp.pl.t2.fixed.t2__term_unfeasibility_5_0.smt2 : 54165 ms.
--------------------------------------------------
First to ismt, cur time 0 s.
ismt: sat (2 bits).
../../QF_NIA_split/QF_NIA_2_35//20170427-VeryMax/ITS/From_T2__svdcmp.c.i.svdcmp.pl.t2.fixed.t2__term_unfeasibility_6_0.smt2 : 58412 ms.
--------------------------------------------------
First to ismt, cur time 0 s.
ismt: sat (2 bits).
../../QF_NIA_split/QF_NIA_2_35//20170427-VeryMax/ITS/From_T2__svdcmp.c.i.svdcmp.pl.t2.fixed.t2__term_unfeasibility_7_0.smt2 : 69757 ms.
--------------------------------------------------
First to ismt, cur time 0 s.
ismt: sat (2 bits).
../../QF_NIA_split/QF_NIA_2_35//20170427-VeryMax/ITS/From_T2__svdcmp.c.i.svdcmp.pl.t2.fixed.t2__term_unfeasibility_8_0.smt2 : 68778 ms.
--------------------------------------------------
First to ismt, cur time 0 s.
ismt: sat (2 bits).
../../QF_NIA_split/QF_NIA_2_35//20170427-VeryMax/ITS/From_T2__svdcmp.c.i.svdcmp.pl.t2.fixed.t2__term_unfeasibility_9_0.smt2 : 51298 ms.
--------------------------------------------------
First to ismt, cur time 0 s.
terminate called after throwing an instance of 'std::bad_alloc'
  what():  std::bad_alloc
timeout: the monitored command dumped core
Final to yices2, cur time 163 s.
final yices2: unsat
../../QF_NIA_split/QF_NIA_2_35//20170427-VeryMax/ITS/From_T2__svdcmp.c.i.svdcmp.pl.t2.nor.t2.rlgfixed.t2__fixed_safety_0_0.smt2 : 163612 ms.
--------------------------------------------------
First to ismt, cur time 0 s.
Final to yices2, cur time 371 s.
final yices2: sat
../../QF_NIA_split/QF_NIA_2_35//20170427-VeryMax/ITS/From_T2__svdcmp.c.i.svdcmp.pl.t2.nor.t2.rlgfixed.t2__p24911_terminationG_0.smt2 : 692272 ms.
--------------------------------------------------
First to ismt, cur time 0 s.
Final to yices2, cur time 361 s.
../../QF_NIA_split/QF_NIA_2_35//20170427-VeryMax/ITS/From_T2__svdcmp.c.i.svdcmp.pl.t2.nor.t2.rlgfixed.t2__p24912_terminationG_0.smt2 : 1200029 ms.
--------------------------------------------------
First to ismt, cur time 0 s.
terminate called after throwing an instance of 'std::bad_alloc'
  what():  std::bad_alloc
timeout: the monitored command dumped core
Final to yices2, cur time 362 s.
unknown
../../QF_NIA_split/QF_NIA_2_35//20170427-VeryMax/ITS/From_T2__svdcmp.c.i.svdcmp.pl.t2.nor.t2.rlgfixed.t2__p24913_terminationG_0.smt2 : 1199647 ms.
--------------------------------------------------
First to ismt, cur time 0 s.
ismt: sat (2 bits).
../../QF_NIA_split/QF_NIA_2_35//20170427-VeryMax/ITS/From_T2__svdcmp.c.i.svdcmp.pl.t2.nor.t2.rlgfixed.t2__p24926_safety_0.smt2 : 63063 ms.
--------------------------------------------------
First to ismt, cur time 0 s.
Final to yices2, cur time 360 s.
../../QF_NIA_split/QF_NIA_2_35//20170427-VeryMax/ITS/From_T2__svdcmp.c.i.svdcmp.pl.t2.nor.t2.rlgfixed.t2__p24927_safety_0.smt2 : 1202772 ms.
--------------------------------------------------
First to ismt, cur time 0 s.
