--------------------------------------------------
unknown
../New_SAT_split/QF_NIA_8/leipzig/term-0Awwcv.smt2 : 3356 ms.
--------------------------------------------------
unknown
../New_SAT_split/QF_NIA_8/leipzig/term-0BB4ks.smt2 : 4793 ms.
--------------------------------------------------
sat
../New_SAT_split/QF_NIA_8/leipzig/term-0Hb4yp.smt2 : 347 ms.
--------------------------------------------------
unknown
../New_SAT_split/QF_NIA_8/leipzig/term-0iwxZS.smt2 : 3302 ms.
--------------------------------------------------
sat
../New_SAT_split/QF_NIA_8/leipzig/term-3qaBfW.smt2 : 329 ms.
--------------------------------------------------
sat
../New_SAT_split/QF_NIA_8/leipzig/term-3rtjVi.smt2 : 314 ms.
--------------------------------------------------
unknown
../New_SAT_split/QF_NIA_8/leipzig/term-3wwoHp.smt2 : 3328 ms.
--------------------------------------------------
unknown
../New_SAT_split/QF_NIA_8/leipzig/term-44GWq9.smt2 : 3310 ms.
--------------------------------------------------
unknown
../New_SAT_split/QF_NIA_8/leipzig/term-47h0ua.smt2 : 3405 ms.
--------------------------------------------------
sat
../New_SAT_split/QF_NIA_8/leipzig/term-4AzLVe.smt2 : 349 ms.
--------------------------------------------------
sat
../New_SAT_split/QF_NIA_8/leipzig/term-4d0iwO.smt2 : 278 ms.
--------------------------------------------------
sat
../New_SAT_split/QF_NIA_8/leipzig/term-4LNX6G.smt2 : 410 ms.
--------------------------------------------------
unknown
../New_SAT_split/QF_NIA_8/leipzig/term-4Th0Gp.smt2 : 3320 ms.
--------------------------------------------------
sat
../New_SAT_split/QF_NIA_8/leipzig/term-4UoYtH.smt2 : 261 ms.
--------------------------------------------------
sat
../New_SAT_split/QF_NIA_8/leipzig/term-5Luqnl.smt2 : 288 ms.
--------------------------------------------------
unknown
../New_SAT_split/QF_NIA_8/leipzig/term-607QpU.smt2 : 3372 ms.
--------------------------------------------------
unknown
../New_SAT_split/QF_NIA_8/leipzig/term-6k3pKM.smt2 : 3333 ms.
--------------------------------------------------
unknown
../New_SAT_split/QF_NIA_8/leipzig/term-6mYU5G.smt2 : 3329 ms.
--------------------------------------------------
sat
../New_SAT_split/QF_NIA_8/leipzig/term-6zE855.smt2 : 315 ms.
--------------------------------------------------
sat
../New_SAT_split/QF_NIA_8/leipzig/term-71B6am.smt2 : 337 ms.
--------------------------------------------------
unknown
../New_SAT_split/QF_NIA_8/leipzig/term-7DXK1v.smt2 : 5605 ms.
--------------------------------------------------
sat
../New_SAT_split/QF_NIA_8/leipzig/term-7fXGzy.smt2 : 319 ms.
--------------------------------------------------
sat
../New_SAT_split/QF_NIA_8/leipzig/term-7njo7V.smt2 : 329 ms.
--------------------------------------------------
sat
../New_SAT_split/QF_NIA_8/leipzig/term-7zXPfO.smt2 : 236 ms.
--------------------------------------------------
unknown
../New_SAT_split/QF_NIA_8/leipzig/term-87NL0Z.smt2 : 3388 ms.
--------------------------------------------------
unknown
../New_SAT_split/QF_NIA_8/leipzig/term-8UXrgn.smt2 : 3382 ms.
--------------------------------------------------
unknown
../New_SAT_split/QF_NIA_8/leipzig/term-9AOvYh.smt2 : 3305 ms.
--------------------------------------------------
unknown
../New_SAT_split/QF_NIA_8/leipzig/term-9mUXbx.smt2 : 3313 ms.
--------------------------------------------------
unknown
../New_SAT_split/QF_NIA_8/leipzig/term-9uFTFt.smt2 : 3373 ms.
--------------------------------------------------
unknown
../New_SAT_split/QF_NIA_8/leipzig/term-afghHl.smt2 : 3243 ms.
--------------------------------------------------
unknown
../New_SAT_split/QF_NIA_8/leipzig/term-AlRgl3.smt2 : 4706 ms.
--------------------------------------------------
unknown
../New_SAT_split/QF_NIA_8/leipzig/term-Aon9bM.smt2 : 3363 ms.
--------------------------------------------------
sat
../New_SAT_split/QF_NIA_8/leipzig/term-AvoWGH.smt2 : 208 ms.
--------------------------------------------------
unknown
../New_SAT_split/QF_NIA_8/leipzig/term-AwuLMZ.smt2 : 3385 ms.
--------------------------------------------------
unknown
../New_SAT_split/QF_NIA_8/leipzig/term-bEER96.smt2 : 3369 ms.
--------------------------------------------------
sat
../New_SAT_split/QF_NIA_8/leipzig/term-BjWYcv.smt2 : 288 ms.
--------------------------------------------------
unknown
../New_SAT_split/QF_NIA_8/leipzig/term-BKc7xf.smt2 : 3294 ms.
--------------------------------------------------
unknown
../New_SAT_split/QF_NIA_8/leipzig/term-bmKO7L.smt2 : 3346 ms.
--------------------------------------------------
unknown
../New_SAT_split/QF_NIA_8/leipzig/term-BpsRn7.smt2 : 3592 ms.
--------------------------------------------------
unknown
../New_SAT_split/QF_NIA_8/leipzig/term-brNnx4.smt2 : 3360 ms.
--------------------------------------------------
sat
../New_SAT_split/QF_NIA_8/leipzig/term-bV2aN3.smt2 : 213 ms.
--------------------------------------------------
sat
../New_SAT_split/QF_NIA_8/leipzig/term-BWHEfg.smt2 : 304 ms.
--------------------------------------------------
sat
../New_SAT_split/QF_NIA_8/leipzig/term-CrNtep.smt2 : 364 ms.
--------------------------------------------------
unknown
../New_SAT_split/QF_NIA_8/leipzig/term-cTfKvw.smt2 : 3396 ms.
--------------------------------------------------
unknown
../New_SAT_split/QF_NIA_8/leipzig/term-ddoFAO.smt2 : 3260 ms.
--------------------------------------------------
sat
../New_SAT_split/QF_NIA_8/leipzig/term-DtOD2C.smt2 : 288 ms.
--------------------------------------------------
sat
../New_SAT_split/QF_NIA_8/leipzig/term-dwsxAX.smt2 : 341 ms.
--------------------------------------------------
sat
../New_SAT_split/QF_NIA_8/leipzig/term-e0uxKl.smt2 : 342 ms.
--------------------------------------------------
sat
../New_SAT_split/QF_NIA_8/leipzig/term-eBQlfQ.smt2 : 293 ms.
--------------------------------------------------
unknown
../New_SAT_split/QF_NIA_8/leipzig/term-EcNqkB.smt2 : 3413 ms.
--------------------------------------------------
unknown
../New_SAT_split/QF_NIA_8/leipzig/term-f2cozZ.smt2 : 3320 ms.
--------------------------------------------------
unknown
../New_SAT_split/QF_NIA_8/leipzig/term-F85Fh4.smt2 : 3295 ms.
--------------------------------------------------
sat
../New_SAT_split/QF_NIA_8/leipzig/term-fFoQCf.smt2 : 221 ms.
--------------------------------------------------
sat
../New_SAT_split/QF_NIA_8/leipzig/term-fqVg3m.smt2 : 270 ms.
--------------------------------------------------
unknown
../New_SAT_split/QF_NIA_8/leipzig/term-fRkVkk.smt2 : 3350 ms.
--------------------------------------------------
unknown
../New_SAT_split/QF_NIA_8/leipzig/term-fu8ErM.smt2 : 3304 ms.
--------------------------------------------------
sat
../New_SAT_split/QF_NIA_8/leipzig/term-G0osfI.smt2 : 332 ms.
--------------------------------------------------
unknown
../New_SAT_split/QF_NIA_8/leipzig/term-gH1uAj.smt2 : 3373 ms.
--------------------------------------------------
unknown
../New_SAT_split/QF_NIA_8/leipzig/term-gHq3ie.smt2 : 3316 ms.
--------------------------------------------------
sat
../New_SAT_split/QF_NIA_8/leipzig/term-GPalmJ.smt2 : 1188 ms.
--------------------------------------------------
unknown
../New_SAT_split/QF_NIA_8/leipzig/term-guQhb3.smt2 : 3400 ms.
--------------------------------------------------
unknown
../New_SAT_split/QF_NIA_8/leipzig/term-Gxx8TQ.smt2 : 5285 ms.
--------------------------------------------------
unknown
../New_SAT_split/QF_NIA_8/leipzig/term-gZE9f0.smt2 : 3290 ms.
--------------------------------------------------
sat
../New_SAT_split/QF_NIA_8/leipzig/term-H5JQ97.smt2 : 326 ms.
--------------------------------------------------
sat
../New_SAT_split/QF_NIA_8/leipzig/term-H9wl52.smt2 : 339 ms.
--------------------------------------------------
unknown
../New_SAT_split/QF_NIA_8/leipzig/term-hCYJUH.smt2 : 3325 ms.
--------------------------------------------------
sat
../New_SAT_split/QF_NIA_8/leipzig/term-HonGrM.smt2 : 290 ms.
--------------------------------------------------
sat
../New_SAT_split/QF_NIA_8/leipzig/term-iLy0I9.smt2 : 341 ms.
--------------------------------------------------
unknown
../New_SAT_split/QF_NIA_8/leipzig/term-iQK4Ty.smt2 : 3370 ms.
--------------------------------------------------
unknown
../New_SAT_split/QF_NIA_8/leipzig/term-izcgso.smt2 : 14582 ms.
--------------------------------------------------
unknown
../New_SAT_split/QF_NIA_8/leipzig/term-jCge40.smt2 : 3330 ms.
--------------------------------------------------
sat
../New_SAT_split/QF_NIA_8/leipzig/term-JpE7g8.smt2 : 328 ms.
--------------------------------------------------
sat
../New_SAT_split/QF_NIA_8/leipzig/term-jSSXi8.smt2 : 903 ms.
--------------------------------------------------
sat
../New_SAT_split/QF_NIA_8/leipzig/term-jWI18r.smt2 : 351 ms.
--------------------------------------------------
unknown
../New_SAT_split/QF_NIA_8/leipzig/term-Jzxbf6.smt2 : 6768 ms.
--------------------------------------------------
unknown
../New_SAT_split/QF_NIA_8/leipzig/term-K0mzk0.smt2 : 3316 ms.
--------------------------------------------------
unknown
../New_SAT_split/QF_NIA_8/leipzig/term-K5O3aH.smt2 : 3362 ms.
--------------------------------------------------
unknown
../New_SAT_split/QF_NIA_8/leipzig/term-KEViid.smt2 : 3373 ms.
--------------------------------------------------
sat
../New_SAT_split/QF_NIA_8/leipzig/term-kJn9CF.smt2 : 280 ms.
--------------------------------------------------
unknown
../New_SAT_split/QF_NIA_8/leipzig/term-Kkefdl.smt2 : 3370 ms.
--------------------------------------------------
sat
../New_SAT_split/QF_NIA_8/leipzig/term-KQpYCw.smt2 : 235 ms.
--------------------------------------------------
unknown
../New_SAT_split/QF_NIA_8/leipzig/term-KVnOQn.smt2 : 3316 ms.
--------------------------------------------------
unknown
../New_SAT_split/QF_NIA_8/leipzig/term-l6cqQI.smt2 : 3340 ms.
--------------------------------------------------
unknown
../New_SAT_split/QF_NIA_8/leipzig/term-lFYv5w.smt2 : 3538 ms.
--------------------------------------------------
sat
../New_SAT_split/QF_NIA_8/leipzig/term-ljJt6X.smt2 : 350 ms.
--------------------------------------------------
unknown
../New_SAT_split/QF_NIA_8/leipzig/term-ltKI40.smt2 : 3307 ms.
--------------------------------------------------
unknown
../New_SAT_split/QF_NIA_8/leipzig/term-mGd00U.smt2 : 6710 ms.
--------------------------------------------------
sat
../New_SAT_split/QF_NIA_8/leipzig/term-MImS6p.smt2 : 325 ms.
--------------------------------------------------
sat
../New_SAT_split/QF_NIA_8/leipzig/term-MRIndM.smt2 : 204 ms.
--------------------------------------------------
unknown
../New_SAT_split/QF_NIA_8/leipzig/term-mscE2P.smt2 : 3320 ms.
--------------------------------------------------
sat
../New_SAT_split/QF_NIA_8/leipzig/term-MT0pqd.smt2 : 342 ms.
--------------------------------------------------
unknown
../New_SAT_split/QF_NIA_8/leipzig/term-MVylXc.smt2 : 3512 ms.
--------------------------------------------------
unknown
../New_SAT_split/QF_NIA_8/leipzig/term-Mx5Up4.smt2 : 3418 ms.
--------------------------------------------------
unknown
../New_SAT_split/QF_NIA_8/leipzig/term-mzEEAc.smt2 : 3331 ms.
--------------------------------------------------
unknown
../New_SAT_split/QF_NIA_8/leipzig/term-n2CwnV.smt2 : 3428 ms.
--------------------------------------------------
sat
../New_SAT_split/QF_NIA_8/leipzig/term-n2YjEt.smt2 : 308 ms.
--------------------------------------------------
sat
../New_SAT_split/QF_NIA_8/leipzig/term-N42Sjd.smt2 : 305 ms.
--------------------------------------------------
sat
../New_SAT_split/QF_NIA_8/leipzig/term-nKoz7d.smt2 : 264 ms.
--------------------------------------------------
unknown
../New_SAT_split/QF_NIA_8/leipzig/term-NlTyt4.smt2 : 3306 ms.
--------------------------------------------------
sat
../New_SAT_split/QF_NIA_8/leipzig/term-NsXpL3.smt2 : 331 ms.
--------------------------------------------------
sat
../New_SAT_split/QF_NIA_8/leipzig/term-NxORIG.smt2 : 315 ms.
--------------------------------------------------
sat
../New_SAT_split/QF_NIA_8/leipzig/term-oPCuPe.smt2 : 361 ms.
--------------------------------------------------
sat
../New_SAT_split/QF_NIA_8/leipzig/term-OWehGq.smt2 : 283 ms.
--------------------------------------------------
unknown
../New_SAT_split/QF_NIA_8/leipzig/term-OwnULw.smt2 : 3333 ms.
--------------------------------------------------
sat
../New_SAT_split/QF_NIA_8/leipzig/term-OxDFxz.smt2 : 337 ms.
--------------------------------------------------
sat
../New_SAT_split/QF_NIA_8/leipzig/term-p63KxS.smt2 : 316 ms.
--------------------------------------------------
unknown
../New_SAT_split/QF_NIA_8/leipzig/term-p9MQp4.smt2 : 3270 ms.
--------------------------------------------------
sat
../New_SAT_split/QF_NIA_8/leipzig/term-PGdOdF.smt2 : 232 ms.
--------------------------------------------------
sat
../New_SAT_split/QF_NIA_8/leipzig/term-PoKkYi.smt2 : 329 ms.
--------------------------------------------------
sat
../New_SAT_split/QF_NIA_8/leipzig/term-PUJvAS.smt2 : 242 ms.
--------------------------------------------------
sat
../New_SAT_split/QF_NIA_8/leipzig/term-QA7c8U.smt2 : 196 ms.
--------------------------------------------------
sat
../New_SAT_split/QF_NIA_8/leipzig/term-qAUj8f.smt2 : 264 ms.
--------------------------------------------------
unknown
../New_SAT_split/QF_NIA_8/leipzig/term-qp5mTw.smt2 : 43209 ms.
--------------------------------------------------
sat
../New_SAT_split/QF_NIA_8/leipzig/term-qpmP2a.smt2 : 397 ms.
--------------------------------------------------
sat
../New_SAT_split/QF_NIA_8/leipzig/term-qVa1BT.smt2 : 264 ms.
--------------------------------------------------
sat
../New_SAT_split/QF_NIA_8/leipzig/term-QW6yIL.smt2 : 246 ms.
--------------------------------------------------
sat
../New_SAT_split/QF_NIA_8/leipzig/term-Qx6y98.smt2 : 377 ms.
--------------------------------------------------
unknown
../New_SAT_split/QF_NIA_8/leipzig/term-qxG9KS.smt2 : 3282 ms.
--------------------------------------------------
sat
../New_SAT_split/QF_NIA_8/leipzig/term-ReJksi.smt2 : 282 ms.
--------------------------------------------------
sat
../New_SAT_split/QF_NIA_8/leipzig/term-rGohwx.smt2 : 251 ms.
--------------------------------------------------
unknown
../New_SAT_split/QF_NIA_8/leipzig/term-rIVs0x.smt2 : 3307 ms.
--------------------------------------------------
sat
../New_SAT_split/QF_NIA_8/leipzig/term-RYAv9d.smt2 : 286 ms.
--------------------------------------------------
sat
../New_SAT_split/QF_NIA_8/leipzig/term-tEmpby.smt2 : 225 ms.
--------------------------------------------------
unknown
../New_SAT_split/QF_NIA_8/leipzig/term-tHV3De.smt2 : 3324 ms.
--------------------------------------------------
unknown
../New_SAT_split/QF_NIA_8/leipzig/term-U3qtcQ.smt2 : 3372 ms.
--------------------------------------------------
sat
../New_SAT_split/QF_NIA_8/leipzig/term-ubDExd.smt2 : 343 ms.
--------------------------------------------------
sat
../New_SAT_split/QF_NIA_8/leipzig/term-UCZhjg.smt2 : 379 ms.
--------------------------------------------------
sat
../New_SAT_split/QF_NIA_8/leipzig/term-uI6QEr.smt2 : 306 ms.
--------------------------------------------------
unknown
../New_SAT_split/QF_NIA_8/leipzig/term-uiHa9g.smt2 : 3282 ms.
--------------------------------------------------
unknown
../New_SAT_split/QF_NIA_8/leipzig/term-ULo1kJ.smt2 : 3313 ms.
--------------------------------------------------
unknown
../New_SAT_split/QF_NIA_8/leipzig/term-uLZTRN.smt2 : 3314 ms.
--------------------------------------------------
unknown
../New_SAT_split/QF_NIA_8/leipzig/term-uxNAu4.smt2 : 3337 ms.
--------------------------------------------------
sat
../New_SAT_split/QF_NIA_8/leipzig/term-uyuSEz.smt2 : 322 ms.
--------------------------------------------------
unknown
../New_SAT_split/QF_NIA_8/leipzig/term-V7zYuz.smt2 : 3847 ms.
--------------------------------------------------
sat
../New_SAT_split/QF_NIA_8/leipzig/term-vd4nMl.smt2 : 289 ms.
--------------------------------------------------
unknown
../New_SAT_split/QF_NIA_8/leipzig/term-VdS5DK.smt2 : 3358 ms.
--------------------------------------------------
sat
../New_SAT_split/QF_NIA_8/leipzig/term-VKcdAi.smt2 : 278 ms.
--------------------------------------------------
sat
../New_SAT_split/QF_NIA_8/leipzig/term-vmxeK5.smt2 : 328 ms.
--------------------------------------------------
unknown
../New_SAT_split/QF_NIA_8/leipzig/term-vNKPi7.smt2 : 3391 ms.
--------------------------------------------------
sat
../New_SAT_split/QF_NIA_8/leipzig/term-VvvOL1.smt2 : 356 ms.
--------------------------------------------------
sat
../New_SAT_split/QF_NIA_8/leipzig/term-VzZ1SP.smt2 : 236 ms.
--------------------------------------------------
unknown
../New_SAT_split/QF_NIA_8/leipzig/term-WG086A.smt2 : 46482 ms.
--------------------------------------------------
sat
../New_SAT_split/QF_NIA_8/leipzig/term-wIaXCN.smt2 : 1881 ms.
--------------------------------------------------
sat
../New_SAT_split/QF_NIA_8/leipzig/term-WRsGm0.smt2 : 339 ms.
--------------------------------------------------
unknown
../New_SAT_split/QF_NIA_8/leipzig/term-Wvoafx.smt2 : 3291 ms.
--------------------------------------------------
sat
../New_SAT_split/QF_NIA_8/leipzig/term-X2tjiE.smt2 : 330 ms.
--------------------------------------------------
sat
../New_SAT_split/QF_NIA_8/leipzig/term-x3m7eh.smt2 : 213 ms.
--------------------------------------------------
sat
../New_SAT_split/QF_NIA_8/leipzig/term-x876Jc.smt2 : 292 ms.
--------------------------------------------------
unknown
../New_SAT_split/QF_NIA_8/leipzig/term-XbWQfu.smt2 : 45798 ms.
--------------------------------------------------
sat
../New_SAT_split/QF_NIA_8/leipzig/term-xNepZV.smt2 : 202 ms.
--------------------------------------------------
sat
../New_SAT_split/QF_NIA_8/leipzig/term-XoKPE3.smt2 : 258 ms.
--------------------------------------------------
sat
../New_SAT_split/QF_NIA_8/leipzig/term-xpOcFG.smt2 : 311 ms.
--------------------------------------------------
sat
../New_SAT_split/QF_NIA_8/leipzig/term-XxBfs0.smt2 : 198 ms.
--------------------------------------------------
unknown
../New_SAT_split/QF_NIA_8/leipzig/term-y6bI5p.smt2 : 3253 ms.
--------------------------------------------------
unknown
../New_SAT_split/QF_NIA_8/leipzig/term-YAnutr.smt2 : 3357 ms.
--------------------------------------------------
sat
../New_SAT_split/QF_NIA_8/leipzig/term-YdLBHK.smt2 : 1872 ms.
--------------------------------------------------
sat
../New_SAT_split/QF_NIA_8/leipzig/term-ye1ece.smt2 : 250 ms.
--------------------------------------------------
unknown
../New_SAT_split/QF_NIA_8/leipzig/term-YFqomz.smt2 : 3358 ms.
--------------------------------------------------
sat
../New_SAT_split/QF_NIA_8/leipzig/term-Yi0Ihn.smt2 : 398 ms.
--------------------------------------------------
sat
../New_SAT_split/QF_NIA_8/leipzig/term-yQHKkv.smt2 : 374 ms.
--------------------------------------------------
sat
../New_SAT_split/QF_NIA_8/leipzig/term-yzpVx9.smt2 : 280 ms.
--------------------------------------------------
unknown
../New_SAT_split/QF_NIA_8/leipzig/term-zUp1s3.smt2 : 3277 ms.
