--------------------------------------------------
sat
../QF_NIA_split/QF_NIA_2_20//20170427-VeryMax/ITS/From_T2__1394complete-fail.t2__p15157_safety_0.smt2 : 1543 ms.
--------------------------------------------------
sat
../QF_NIA_split/QF_NIA_2_20//20170427-VeryMax/ITS/From_T2__1394complete-fail.t2__p15160_safety_0.smt2 : 443 ms.
--------------------------------------------------
sat
../QF_NIA_split/QF_NIA_2_20//20170427-VeryMax/ITS/From_T2__1394complete-fail.t2__p15161_safety_0.smt2 : 2404 ms.
--------------------------------------------------
sat
../QF_NIA_split/QF_NIA_2_20//20170427-VeryMax/ITS/From_T2__1394-fail.t2__p15221_safety_0.smt2 : 475 ms.
--------------------------------------------------
sat
../QF_NIA_split/QF_NIA_2_20//20170427-VeryMax/ITS/From_T2__1394-fail.t2__p15222_safety_0.smt2 : 5350 ms.
--------------------------------------------------
sat
../QF_NIA_split/QF_NIA_2_20//20170427-VeryMax/ITS/From_T2__1394-succeed.t2__p15250_safety_0.smt2 : 591 ms.
--------------------------------------------------
sat
../QF_NIA_split/QF_NIA_2_20//20170427-VeryMax/ITS/From_T2__1394-succeed.t2__p15251_safety_0.smt2 : 5659 ms.
--------------------------------------------------
sat
../QF_NIA_split/QF_NIA_2_20//20170427-VeryMax/ITS/From_T2__1.t2__p15279_safety_0.smt2 : 649 ms.
--------------------------------------------------
sat
../QF_NIA_split/QF_NIA_2_20//20170427-VeryMax/ITS/From_T2__1.t2__p15280_safety_0.smt2 : 13821 ms.
--------------------------------------------------
unknown
../QF_NIA_split/QF_NIA_2_20//20170427-VeryMax/ITS/From_T2__1.t2__p15284_terminationG_0.smt2 : 601005 ms.
--------------------------------------------------
../QF_NIA_split/QF_NIA_2_20//20170427-VeryMax/ITS/From_T2__1.t2__p15285_terminationG_0.smt2 : 601005 ms.
--------------------------------------------------
sat
../QF_NIA_split/QF_NIA_2_20//20170427-VeryMax/ITS/From_T2__2.t2__p15329_safety_0.smt2 : 2569 ms.
--------------------------------------------------
../QF_NIA_split/QF_NIA_2_20//20170427-VeryMax/ITS/From_T2__2.t2__p15330_safety_0.smt2 : 601005 ms.
--------------------------------------------------
sat
../QF_NIA_split/QF_NIA_2_20//20170427-VeryMax/ITS/From_T2__2.t2__p15332_safety_0.smt2 : 12317 ms.
--------------------------------------------------
../QF_NIA_split/QF_NIA_2_20//20170427-VeryMax/ITS/From_T2__2.t2__p15334_safety_0.smt2 : 601006 ms.
--------------------------------------------------
sat
../QF_NIA_split/QF_NIA_2_20//20170427-VeryMax/ITS/From_T2__2.t2__p15335_safety_0.smt2 : 2819 ms.
--------------------------------------------------
../QF_NIA_split/QF_NIA_2_20//20170427-VeryMax/ITS/From_T2__2.t2__p15336_safety_0.smt2 : 601006 ms.
--------------------------------------------------
sat
../QF_NIA_split/QF_NIA_2_20//20170427-VeryMax/ITS/From_T2__2.t2__p15338_safety_0.smt2 : 13106 ms.
--------------------------------------------------
../QF_NIA_split/QF_NIA_2_20//20170427-VeryMax/ITS/From_T2__2.t2__p15339_safety_0.smt2 : 601006 ms.
--------------------------------------------------
../QF_NIA_split/QF_NIA_2_20//20170427-VeryMax/ITS/From_T2__2.t2__p15343_terminationG_0.smt2 : 601006 ms.
--------------------------------------------------
../QF_NIA_split/QF_NIA_2_20//20170427-VeryMax/ITS/From_T2__2.t2__p15344_terminationG_0.smt2 : 601006 ms.
--------------------------------------------------
unsat
../QF_NIA_split/QF_NIA_2_20//20170427-VeryMax/ITS/From_T2__7.t2__p15378_terminationG_0.smt2 : 107 ms.
--------------------------------------------------
unsat
../QF_NIA_split/QF_NIA_2_20//20170427-VeryMax/ITS/From_T2__7.t2__p15379_terminationG_0.smt2 : 20045 ms.
--------------------------------------------------
unsat
../QF_NIA_split/QF_NIA_2_20//20170427-VeryMax/ITS/From_T2__acqrel-fail.t2__p15388_terminationG_0.smt2 : 51 ms.
--------------------------------------------------
unsat
../QF_NIA_split/QF_NIA_2_20//20170427-VeryMax/ITS/From_T2__acqrel-fail.t2__p15389_terminationG_0.smt2 : 403 ms.
--------------------------------------------------
unsat
../QF_NIA_split/QF_NIA_2_20//20170427-VeryMax/ITS/From_T2__acqrel-fail.t2__p15390_terminationG_0.smt2 : 62086 ms.
--------------------------------------------------
unsat
../QF_NIA_split/QF_NIA_2_20//20170427-VeryMax/ITS/From_T2__afagp-fail.t2_fixed__p15413_terminationG_0.smt2 : 101 ms.
--------------------------------------------------
unsat
../QF_NIA_split/QF_NIA_2_20//20170427-VeryMax/ITS/From_T2__afagp-fail.t2_fixed__p15414_terminationG_0.smt2 : 2025 ms.
--------------------------------------------------
unknown
../QF_NIA_split/QF_NIA_2_20//20170427-VeryMax/ITS/From_T2__afagp-fail.t2_fixed__p15415_terminationG_0.smt2 : 600219 ms.
--------------------------------------------------
unsat
../QF_NIA_split/QF_NIA_2_20//20170427-VeryMax/ITS/From_T2__afagp-fail.t2_fixed__p15418_terminationG_0.smt2 : 127 ms.
--------------------------------------------------
unsat
../QF_NIA_split/QF_NIA_2_20//20170427-VeryMax/ITS/From_T2__afagp-fail.t2_fixed__p15419_terminationG_0.smt2 : 2848 ms.
--------------------------------------------------
unknown
../QF_NIA_split/QF_NIA_2_20//20170427-VeryMax/ITS/From_T2__afagp-fail.t2_fixed__p15420_terminationG_0.smt2 : 600265 ms.
--------------------------------------------------
unsat
../QF_NIA_split/QF_NIA_2_20//20170427-VeryMax/ITS/From_T2__afagp-fail.t2_fixed__p15423_terminationG_0.smt2 : 144 ms.
--------------------------------------------------
unsat
../QF_NIA_split/QF_NIA_2_20//20170427-VeryMax/ITS/From_T2__afagp-fail.t2_fixed__p15424_terminationG_0.smt2 : 1791 ms.
--------------------------------------------------
unknown
../QF_NIA_split/QF_NIA_2_20//20170427-VeryMax/ITS/From_T2__afagp-fail.t2_fixed__p15425_terminationG_0.smt2 : 600211 ms.
--------------------------------------------------
unsat
../QF_NIA_split/QF_NIA_2_20//20170427-VeryMax/ITS/From_T2__afagp-fail.t2_fixed__p15428_terminationG_0.smt2 : 106 ms.
--------------------------------------------------
unsat
../QF_NIA_split/QF_NIA_2_20//20170427-VeryMax/ITS/From_T2__afagp-fail.t2_fixed__p15429_terminationG_0.smt2 : 3838 ms.
--------------------------------------------------
unknown
../QF_NIA_split/QF_NIA_2_20//20170427-VeryMax/ITS/From_T2__afagp-fail.t2_fixed__p15430_terminationG_0.smt2 : 600090 ms.
--------------------------------------------------
sat
../QF_NIA_split/QF_NIA_2_20//20170427-VeryMax/ITS/From_T2__afagp-fail.t2_fixed__p15435_edge_closing_0.smt2 : 54 ms.
--------------------------------------------------
sat
../QF_NIA_split/QF_NIA_2_20//20170427-VeryMax/ITS/From_T2__afagp-fail.t2_fixed__p15438_edge_closing_0.smt2 : 119055 ms.
--------------------------------------------------
sat
../QF_NIA_split/QF_NIA_2_20//20170427-VeryMax/ITS/From_T2__afagp-fail.t2_fixed__p15441_edge_closing_0.smt2 : 1365 ms.
--------------------------------------------------
sat
../QF_NIA_split/QF_NIA_2_20//20170427-VeryMax/ITS/From_T2__afagp-fail.t2_fixed__p15442_edge_closing_0.smt2 : 643 ms.
--------------------------------------------------
sat
../QF_NIA_split/QF_NIA_2_20//20170427-VeryMax/ITS/From_T2__afagp-fail.t2_fixed__p15444_edge_closing_0.smt2 : 563103 ms.
--------------------------------------------------
sat
../QF_NIA_split/QF_NIA_2_20//20170427-VeryMax/ITS/From_T2__afagp-fail.t2_fixed__p15445_edge_closing_0.smt2 : 59 ms.
--------------------------------------------------
sat
../QF_NIA_split/QF_NIA_2_20//20170427-VeryMax/ITS/From_T2__afagp-fail.t2__p15456_terminationG_0.smt2 : 3411 ms.
--------------------------------------------------
unsat
../QF_NIA_split/QF_NIA_2_20//20170427-VeryMax/ITS/From_T2__afagp-fail.t2__p15459_terminationG_0.smt2 : 224 ms.
--------------------------------------------------
unknown
../QF_NIA_split/QF_NIA_2_20//20170427-VeryMax/ITS/From_T2__afagp-fail.t2__p15460_terminationG_0.smt2 : 600250 ms.
--------------------------------------------------
../QF_NIA_split/QF_NIA_2_20//20170427-VeryMax/ITS/From_T2__afagp-fail.t2__p15461_terminationG_0.smt2 : 601005 ms.
--------------------------------------------------
unsat
../QF_NIA_split/QF_NIA_2_20//20170427-VeryMax/ITS/From_T2__afagp-fail.t2__p15464_terminationG_0.smt2 : 272 ms.
--------------------------------------------------
unknown
../QF_NIA_split/QF_NIA_2_20//20170427-VeryMax/ITS/From_T2__afagp-fail.t2__p15465_terminationG_0.smt2 : 600430 ms.
--------------------------------------------------
../QF_NIA_split/QF_NIA_2_20//20170427-VeryMax/ITS/From_T2__afagp-fail.t2__p15466_terminationG_0.smt2 : 601006 ms.
--------------------------------------------------
unsat
../QF_NIA_split/QF_NIA_2_20//20170427-VeryMax/ITS/From_T2__afagp-fail.t2__p15470_terminationG_0.smt2 : 304 ms.
--------------------------------------------------
unknown
../QF_NIA_split/QF_NIA_2_20//20170427-VeryMax/ITS/From_T2__afagp-fail.t2__p15471_terminationG_0.smt2 : 600245 ms.
--------------------------------------------------
../QF_NIA_split/QF_NIA_2_20//20170427-VeryMax/ITS/From_T2__afagp-fail.t2__p15472_terminationG_0.smt2 : 601006 ms.
--------------------------------------------------
unsat
../QF_NIA_split/QF_NIA_2_20//20170427-VeryMax/ITS/From_T2__afagp-fail.t2__p15474_terminationG_0.smt2 : 368 ms.
--------------------------------------------------
unknown
../QF_NIA_split/QF_NIA_2_20//20170427-VeryMax/ITS/From_T2__afagp-fail.t2__p15476_terminationG_0.smt2 : 600323 ms.
--------------------------------------------------
../QF_NIA_split/QF_NIA_2_20//20170427-VeryMax/ITS/From_T2__afagp-fail.t2__p15477_terminationG_0.smt2 : 601006 ms.
--------------------------------------------------
unsat
../QF_NIA_split/QF_NIA_2_20//20170427-VeryMax/ITS/From_T2__afagp-fail.t2__p15480_terminationG_0.smt2 : 266 ms.
--------------------------------------------------
../QF_NIA_split/QF_NIA_2_20//20170427-VeryMax/ITS/From_T2__afagp-fail.t2__p15481_terminationG_0.smt2 : 601006 ms.
--------------------------------------------------
../QF_NIA_split/QF_NIA_2_20//20170427-VeryMax/ITS/From_T2__afagp-fail.t2__p15482_terminationG_0.smt2 : 601006 ms.
--------------------------------------------------
unsat
../QF_NIA_split/QF_NIA_2_20//20170427-VeryMax/ITS/From_T2__afagp-fail.t2__p15485_terminationG_0.smt2 : 451 ms.
--------------------------------------------------
../QF_NIA_split/QF_NIA_2_20//20170427-VeryMax/ITS/From_T2__afagp-fail.t2__p15486_terminationG_0.smt2 : 601006 ms.
--------------------------------------------------
../QF_NIA_split/QF_NIA_2_20//20170427-VeryMax/ITS/From_T2__afagp-fail.t2__p15487_terminationG_0.smt2 : 601006 ms.
--------------------------------------------------
unsat
../QF_NIA_split/QF_NIA_2_20//20170427-VeryMax/ITS/From_T2__afagp-fail.t2__p15490_terminationG_0.smt2 : 499 ms.
--------------------------------------------------
../QF_NIA_split/QF_NIA_2_20//20170427-VeryMax/ITS/From_T2__afagp-fail.t2__p15491_terminationG_0.smt2 : 601006 ms.
--------------------------------------------------
../QF_NIA_split/QF_NIA_2_20//20170427-VeryMax/ITS/From_T2__afagp-fail.t2__p15492_terminationG_0.smt2 : 601006 ms.
--------------------------------------------------
unsat
../QF_NIA_split/QF_NIA_2_20//20170427-VeryMax/ITS/From_T2__afagp-fail.t2__p15495_terminationG_0.smt2 : 496 ms.
--------------------------------------------------
../QF_NIA_split/QF_NIA_2_20//20170427-VeryMax/ITS/From_T2__afagp-fail.t2__p15496_terminationG_0.smt2 : 601005 ms.
--------------------------------------------------
../QF_NIA_split/QF_NIA_2_20//20170427-VeryMax/ITS/From_T2__afagp-fail.t2__p15497_terminationG_0.smt2 : 601006 ms.
--------------------------------------------------
unsat
../QF_NIA_split/QF_NIA_2_20//20170427-VeryMax/ITS/From_T2__afagp-fail.t2__p15500_terminationG_0.smt2 : 634 ms.
--------------------------------------------------
unknown
../QF_NIA_split/QF_NIA_2_20//20170427-VeryMax/ITS/From_T2__afagp-fail.t2__p15501_terminationG_0.smt2 : 600352 ms.
--------------------------------------------------
../QF_NIA_split/QF_NIA_2_20//20170427-VeryMax/ITS/From_T2__afagp-fail.t2__p15502_terminationG_0.smt2 : 601006 ms.
--------------------------------------------------
unsat
../QF_NIA_split/QF_NIA_2_20//20170427-VeryMax/ITS/From_T2__afagp-fail.t2__p15505_terminationG_0.smt2 : 564 ms.
--------------------------------------------------
unknown
../QF_NIA_split/QF_NIA_2_20//20170427-VeryMax/ITS/From_T2__afagp-fail.t2__p15506_terminationG_0.smt2 : 601024 ms.
--------------------------------------------------
../QF_NIA_split/QF_NIA_2_20//20170427-VeryMax/ITS/From_T2__afagp-fail.t2__p15507_terminationG_0.smt2 : 601006 ms.
--------------------------------------------------
unknown
../QF_NIA_split/QF_NIA_2_20//20170427-VeryMax/ITS/From_T2__afagp-fail.t2__p15511_edge_closing_0.smt2 : 600140 ms.
--------------------------------------------------
../QF_NIA_split/QF_NIA_2_20//20170427-VeryMax/ITS/From_T2__afagp-fail.t2__p15512_edge_closing_0.smt2 : 601005 ms.
--------------------------------------------------
sat
../QF_NIA_split/QF_NIA_2_20//20170427-VeryMax/ITS/From_T2__afagp-fail.t2__p15514_edge_closing_0.smt2 : 584 ms.
--------------------------------------------------
../QF_NIA_split/QF_NIA_2_20//20170427-VeryMax/ITS/From_T2__afagp-fail.t2__p15515_edge_closing_0.smt2 : 601005 ms.
--------------------------------------------------
../QF_NIA_split/QF_NIA_2_20//20170427-VeryMax/ITS/From_T2__afagp-fail.t2__p15516_edge_closing_0.smt2 : 601005 ms.
--------------------------------------------------
unsat
../QF_NIA_split/QF_NIA_2_20//20170427-VeryMax/ITS/From_T2__afagp-fail.t2__terminationQ_9_0.smt2 : 260 ms.
--------------------------------------------------
unsat
../QF_NIA_split/QF_NIA_2_20//20170427-VeryMax/ITS/From_T2__afagp-fail.t2__term_unfeasibility_0_0.smt2 : 42 ms.
--------------------------------------------------
unsat
../QF_NIA_split/QF_NIA_2_20//20170427-VeryMax/ITS/From_T2__agafp.t2_fixed__p15527_terminationG_0.smt2 : 1079 ms.
--------------------------------------------------
../QF_NIA_split/QF_NIA_2_20//20170427-VeryMax/ITS/From_T2__agafp.t2_fixed__p15528_terminationG_0.smt2 : 601006 ms.
--------------------------------------------------
../QF_NIA_split/QF_NIA_2_20//20170427-VeryMax/ITS/From_T2__agafp.t2_fixed__p15529_terminationG_0.smt2 : 601007 ms.
--------------------------------------------------
unsat
../QF_NIA_split/QF_NIA_2_20//20170427-VeryMax/ITS/From_T2__agafp.t2_fixed__p15532_terminationG_0.smt2 : 453 ms.
--------------------------------------------------
../QF_NIA_split/QF_NIA_2_20//20170427-VeryMax/ITS/From_T2__agafp.t2_fixed__p15533_terminationG_0.smt2 : 601006 ms.
--------------------------------------------------
../QF_NIA_split/QF_NIA_2_20//20170427-VeryMax/ITS/From_T2__agafp.t2_fixed__p15534_terminationG_0.smt2 : 601006 ms.
--------------------------------------------------
unsat
../QF_NIA_split/QF_NIA_2_20//20170427-VeryMax/ITS/From_T2__agafp.t2_fixed__p15537_terminationG_0.smt2 : 1777 ms.
--------------------------------------------------
../QF_NIA_split/QF_NIA_2_20//20170427-VeryMax/ITS/From_T2__agafp.t2_fixed__p15538_terminationG_0.smt2 : 601006 ms.
--------------------------------------------------
../QF_NIA_split/QF_NIA_2_20//20170427-VeryMax/ITS/From_T2__agafp.t2_fixed__p15539_terminationG_0.smt2 : 601006 ms.
--------------------------------------------------
unsat
../QF_NIA_split/QF_NIA_2_20//20170427-VeryMax/ITS/From_T2__agafp.t2_fixed__p15542_terminationG_0.smt2 : 28844 ms.
--------------------------------------------------
../QF_NIA_split/QF_NIA_2_20//20170427-VeryMax/ITS/From_T2__agafp.t2_fixed__p15543_terminationG_0.smt2 : 601005 ms.
--------------------------------------------------
../QF_NIA_split/QF_NIA_2_20//20170427-VeryMax/ITS/From_T2__agafp.t2_fixed__p15544_terminationG_0.smt2 : 601006 ms.
--------------------------------------------------
../QF_NIA_split/QF_NIA_2_20//20170427-VeryMax/ITS/From_T2__agafp.t2_fixed__p15547_terminationG_0.smt2 : 601005 ms.
--------------------------------------------------
../QF_NIA_split/QF_NIA_2_20//20170427-VeryMax/ITS/From_T2__agafp.t2_fixed__p15548_terminationG_0.smt2 : 601005 ms.
--------------------------------------------------
../QF_NIA_split/QF_NIA_2_20//20170427-VeryMax/ITS/From_T2__agafp.t2_fixed__p15549_terminationG_0.smt2 : 601006 ms.
--------------------------------------------------
../QF_NIA_split/QF_NIA_2_20//20170427-VeryMax/ITS/From_T2__agafp.t2_fixed__p15552_terminationG_0.smt2 : 601006 ms.
--------------------------------------------------
../QF_NIA_split/QF_NIA_2_20//20170427-VeryMax/ITS/From_T2__agafp.t2_fixed__p15553_terminationG_0.smt2 : 601006 ms.
--------------------------------------------------
../QF_NIA_split/QF_NIA_2_20//20170427-VeryMax/ITS/From_T2__agafp.t2_fixed__p15554_terminationG_0.smt2 : 601006 ms.
--------------------------------------------------
../QF_NIA_split/QF_NIA_2_20//20170427-VeryMax/ITS/From_T2__agafp.t2_fixed__p15557_terminationG_0.smt2 : 601006 ms.
--------------------------------------------------
../QF_NIA_split/QF_NIA_2_20//20170427-VeryMax/ITS/From_T2__agafp.t2_fixed__p15558_terminationG_0.smt2 : 601009 ms.
--------------------------------------------------
../QF_NIA_split/QF_NIA_2_20//20170427-VeryMax/ITS/From_T2__agafp.t2_fixed__p15559_terminationG_0.smt2 : 601006 ms.
--------------------------------------------------
../QF_NIA_split/QF_NIA_2_20//20170427-VeryMax/ITS/From_T2__agafp.t2_fixed__p15562_terminationG_0.smt2 : 601007 ms.
--------------------------------------------------
unknown
../QF_NIA_split/QF_NIA_2_20//20170427-VeryMax/ITS/From_T2__agafp.t2_fixed__p15563_terminationG_0.smt2 : 600240 ms.
--------------------------------------------------
../QF_NIA_split/QF_NIA_2_20//20170427-VeryMax/ITS/From_T2__agafp.t2_fixed__p15564_terminationG_0.smt2 : 601006 ms.
--------------------------------------------------
unknown
../QF_NIA_split/QF_NIA_2_20//20170427-VeryMax/ITS/From_T2__agafp.t2_fixed__p15567_terminationG_0.smt2 : 600442 ms.
--------------------------------------------------
../QF_NIA_split/QF_NIA_2_20//20170427-VeryMax/ITS/From_T2__agafp.t2_fixed__p15568_terminationG_0.smt2 : 601006 ms.
--------------------------------------------------
../QF_NIA_split/QF_NIA_2_20//20170427-VeryMax/ITS/From_T2__agafp.t2_fixed__p15569_terminationG_0.smt2 : 601005 ms.
--------------------------------------------------
unknown
../QF_NIA_split/QF_NIA_2_20//20170427-VeryMax/ITS/From_T2__agafp.t2_fixed__p15572_edge_closing_0.smt2 : 600500 ms.
--------------------------------------------------
../QF_NIA_split/QF_NIA_2_20//20170427-VeryMax/ITS/From_T2__agafp.t2_fixed__p15573_edge_closing_0.smt2 : 601005 ms.
--------------------------------------------------
../QF_NIA_split/QF_NIA_2_20//20170427-VeryMax/ITS/From_T2__agafp.t2_fixed__p15574_edge_closing_0.smt2 : 601006 ms.
--------------------------------------------------
sat
../QF_NIA_split/QF_NIA_2_20//20170427-VeryMax/ITS/From_T2__agafp.t2_fixed__terminationQ_4_0.smt2 : 355 ms.
--------------------------------------------------
unknown
../QF_NIA_split/QF_NIA_2_20//20170427-VeryMax/ITS/From_T2__agafp.t2_fixed__terminationQ_7_0.smt2 : 600218 ms.
--------------------------------------------------
../QF_NIA_split/QF_NIA_2_20//20170427-VeryMax/ITS/From_T2__agafp.t2_fixed__terminationS_0_0.smt2 : 601005 ms.
--------------------------------------------------
unsat
../QF_NIA_split/QF_NIA_2_20//20170427-VeryMax/ITS/From_T2__agafp.t2__p15581_terminationG_0.smt2 : 691 ms.
--------------------------------------------------
../QF_NIA_split/QF_NIA_2_20//20170427-VeryMax/ITS/From_T2__agafp.t2__p15582_terminationG_0.smt2 : 601005 ms.
--------------------------------------------------
../QF_NIA_split/QF_NIA_2_20//20170427-VeryMax/ITS/From_T2__agafp.t2__p15583_terminationG_0.smt2 : 601006 ms.
--------------------------------------------------
unsat
../QF_NIA_split/QF_NIA_2_20//20170427-VeryMax/ITS/From_T2__agafp.t2__p15586_terminationG_0.smt2 : 271 ms.
--------------------------------------------------
../QF_NIA_split/QF_NIA_2_20//20170427-VeryMax/ITS/From_T2__agafp.t2__p15587_terminationG_0.smt2 : 601006 ms.
--------------------------------------------------
../QF_NIA_split/QF_NIA_2_20//20170427-VeryMax/ITS/From_T2__agafp.t2__p15588_terminationG_0.smt2 : 601006 ms.
--------------------------------------------------
unsat
../QF_NIA_split/QF_NIA_2_20//20170427-VeryMax/ITS/From_T2__agafp.t2__p15591_terminationG_0.smt2 : 337 ms.
--------------------------------------------------
../QF_NIA_split/QF_NIA_2_20//20170427-VeryMax/ITS/From_T2__agafp.t2__p15592_terminationG_0.smt2 : 601005 ms.
--------------------------------------------------
../QF_NIA_split/QF_NIA_2_20//20170427-VeryMax/ITS/From_T2__agafp.t2__p15593_terminationG_0.smt2 : 601006 ms.
--------------------------------------------------
unsat
../QF_NIA_split/QF_NIA_2_20//20170427-VeryMax/ITS/From_T2__agafp.t2__p15596_terminationG_0.smt2 : 334 ms.
--------------------------------------------------
../QF_NIA_split/QF_NIA_2_20//20170427-VeryMax/ITS/From_T2__agafp.t2__p15597_terminationG_0.smt2 : 601005 ms.
--------------------------------------------------
../QF_NIA_split/QF_NIA_2_20//20170427-VeryMax/ITS/From_T2__agafp.t2__p15598_terminationG_0.smt2 : 601006 ms.
--------------------------------------------------
unsat
../QF_NIA_split/QF_NIA_2_20//20170427-VeryMax/ITS/From_T2__agafp.t2__p15601_terminationG_0.smt2 : 529 ms.
--------------------------------------------------
../QF_NIA_split/QF_NIA_2_20//20170427-VeryMax/ITS/From_T2__agafp.t2__p15602_terminationG_0.smt2 : 601006 ms.
--------------------------------------------------
../QF_NIA_split/QF_NIA_2_20//20170427-VeryMax/ITS/From_T2__agafp.t2__p15603_terminationG_0.smt2 : 601005 ms.
--------------------------------------------------
unsat
../QF_NIA_split/QF_NIA_2_20//20170427-VeryMax/ITS/From_T2__agafp.t2__p15606_terminationG_0.smt2 : 1192 ms.
--------------------------------------------------
../QF_NIA_split/QF_NIA_2_20//20170427-VeryMax/ITS/From_T2__agafp.t2__p15607_terminationG_0.smt2 : 601006 ms.
--------------------------------------------------
../QF_NIA_split/QF_NIA_2_20//20170427-VeryMax/ITS/From_T2__agafp.t2__p15608_terminationG_0.smt2 : 601005 ms.
--------------------------------------------------
unsat
../QF_NIA_split/QF_NIA_2_20//20170427-VeryMax/ITS/From_T2__agafp.t2__p15611_terminationG_0.smt2 : 2416 ms.
--------------------------------------------------
../QF_NIA_split/QF_NIA_2_20//20170427-VeryMax/ITS/From_T2__agafp.t2__p15612_terminationG_0.smt2 : 601005 ms.
--------------------------------------------------
../QF_NIA_split/QF_NIA_2_20//20170427-VeryMax/ITS/From_T2__agafp.t2__p15613_terminationG_0.smt2 : 601005 ms.
--------------------------------------------------
unsat
../QF_NIA_split/QF_NIA_2_20//20170427-VeryMax/ITS/From_T2__agafp.t2__p15616_terminationG_0.smt2 : 11133 ms.
--------------------------------------------------
../QF_NIA_split/QF_NIA_2_20//20170427-VeryMax/ITS/From_T2__agafp.t2__p15617_terminationG_0.smt2 : 601005 ms.
--------------------------------------------------
../QF_NIA_split/QF_NIA_2_20//20170427-VeryMax/ITS/From_T2__agafp.t2__p15618_terminationG_0.smt2 : 601005 ms.
--------------------------------------------------
unsat
../QF_NIA_split/QF_NIA_2_20//20170427-VeryMax/ITS/From_T2__agafp.t2__p15621_terminationG_0.smt2 : 3858 ms.
--------------------------------------------------
../QF_NIA_split/QF_NIA_2_20//20170427-VeryMax/ITS/From_T2__agafp.t2__p15622_terminationG_0.smt2 : 601006 ms.
--------------------------------------------------
../QF_NIA_split/QF_NIA_2_20//20170427-VeryMax/ITS/From_T2__agafp.t2__p15623_terminationG_0.smt2 : 601006 ms.
--------------------------------------------------
unsat
../QF_NIA_split/QF_NIA_2_20//20170427-VeryMax/ITS/From_T2__agafp.t2__p15626_terminationG_0.smt2 : 7002 ms.
--------------------------------------------------
../QF_NIA_split/QF_NIA_2_20//20170427-VeryMax/ITS/From_T2__agafp.t2__p15627_terminationG_0.smt2 : 601005 ms.
--------------------------------------------------
../QF_NIA_split/QF_NIA_2_20//20170427-VeryMax/ITS/From_T2__agafp.t2__p15628_terminationG_0.smt2 : 601005 ms.
--------------------------------------------------
unsat
../QF_NIA_split/QF_NIA_2_20//20170427-VeryMax/ITS/From_T2__agafp.t2__p15631_terminationG_0.smt2 : 10056 ms.
--------------------------------------------------
../QF_NIA_split/QF_NIA_2_20//20170427-VeryMax/ITS/From_T2__agafp.t2__p15632_terminationG_0.smt2 : 601005 ms.
--------------------------------------------------
../QF_NIA_split/QF_NIA_2_20//20170427-VeryMax/ITS/From_T2__agafp.t2__p15633_terminationG_0.smt2 : 601006 ms.
--------------------------------------------------
../QF_NIA_split/QF_NIA_2_20//20170427-VeryMax/ITS/From_T2__agafp.t2__p15636_terminationG_0.smt2 : 601005 ms.
--------------------------------------------------
../QF_NIA_split/QF_NIA_2_20//20170427-VeryMax/ITS/From_T2__agafp.t2__p15637_terminationG_0.smt2 : 601005 ms.
--------------------------------------------------
../QF_NIA_split/QF_NIA_2_20//20170427-VeryMax/ITS/From_T2__agafp.t2__p15638_terminationG_0.smt2 : 601005 ms.
--------------------------------------------------
../QF_NIA_split/QF_NIA_2_20//20170427-VeryMax/ITS/From_T2__agafp.t2__p15641_terminationG_0.smt2 : 601005 ms.
--------------------------------------------------
../QF_NIA_split/QF_NIA_2_20//20170427-VeryMax/ITS/From_T2__agafp.t2__p15642_terminationG_0.smt2 : 601006 ms.
--------------------------------------------------
../QF_NIA_split/QF_NIA_2_20//20170427-VeryMax/ITS/From_T2__agafp.t2__p15643_terminationG_0.smt2 : 601005 ms.
--------------------------------------------------
unknown
../QF_NIA_split/QF_NIA_2_20//20170427-VeryMax/ITS/From_T2__agafp.t2__p15646_terminationG_0.smt2 : 600274 ms.
--------------------------------------------------
../QF_NIA_split/QF_NIA_2_20//20170427-VeryMax/ITS/From_T2__agafp.t2__p15647_terminationG_0.smt2 : 601005 ms.
--------------------------------------------------
../QF_NIA_split/QF_NIA_2_20//20170427-VeryMax/ITS/From_T2__agafp.t2__p15648_terminationG_0.smt2 : 601006 ms.
--------------------------------------------------
unknown
../QF_NIA_split/QF_NIA_2_20//20170427-VeryMax/ITS/From_T2__agafp.t2__p15651_terminationG_0.smt2 : 600415 ms.
--------------------------------------------------
../QF_NIA_split/QF_NIA_2_20//20170427-VeryMax/ITS/From_T2__agafp.t2__p15652_terminationG_0.smt2 : 601006 ms.
--------------------------------------------------
../QF_NIA_split/QF_NIA_2_20//20170427-VeryMax/ITS/From_T2__agafp.t2__p15653_terminationG_0.smt2 : 601007 ms.
--------------------------------------------------
unknown
../QF_NIA_split/QF_NIA_2_20//20170427-VeryMax/ITS/From_T2__agafp.t2__p15660_terminationG_0.smt2 : 600366 ms.
--------------------------------------------------
unknown
../QF_NIA_split/QF_NIA_2_20//20170427-VeryMax/ITS/From_T2__agafp.t2__p15661_terminationG_0.smt2 : 600411 ms.
--------------------------------------------------
unknown
../QF_NIA_split/QF_NIA_2_20//20170427-VeryMax/ITS/From_T2__agafp.t2__p15662_terminationG_0.smt2 : 600346 ms.
--------------------------------------------------
unknown
../QF_NIA_split/QF_NIA_2_20//20170427-VeryMax/ITS/From_T2__agafp.t2__p15670_terminationG_0.smt2 : 600541 ms.
--------------------------------------------------
unknown
../QF_NIA_split/QF_NIA_2_20//20170427-VeryMax/ITS/From_T2__agafp.t2__p15672_terminationG_0.smt2 : 600334 ms.
--------------------------------------------------
../QF_NIA_split/QF_NIA_2_20//20170427-VeryMax/ITS/From_T2__agafp.t2__p15673_terminationG_0.smt2 : 601007 ms.
--------------------------------------------------
sat
../QF_NIA_split/QF_NIA_2_20//20170427-VeryMax/ITS/From_T2__agafp.t2__terminationQ_12_0.smt2 : 78 ms.
--------------------------------------------------
sat
../QF_NIA_split/QF_NIA_2_20//20170427-VeryMax/ITS/From_T2__agafp.t2__terminationQ_15_0.smt2 : 86 ms.
--------------------------------------------------
unknown
../QF_NIA_split/QF_NIA_2_20//20170427-VeryMax/ITS/From_T2__agafp.t2__terminationS_0_0.smt2 : 600494 ms.
--------------------------------------------------
sat
../QF_NIA_split/QF_NIA_2_20//20170427-VeryMax/ITS/From_T2__apchild-accepted-fail.t2_fixed__p15770_terminationG_0.smt2 : 116771 ms.
--------------------------------------------------
sat
../QF_NIA_split/QF_NIA_2_20//20170427-VeryMax/ITS/From_T2__apchild-accepted-fail.t2_fixed__p15771_terminationG_0.smt2 : 21465 ms.
--------------------------------------------------
../QF_NIA_split/QF_NIA_2_20//20170427-VeryMax/ITS/From_T2__apchild-accepted-fail.t2_fixed__p15772_terminationG_0.smt2 : 601008 ms.
--------------------------------------------------
sat
../QF_NIA_split/QF_NIA_2_20//20170427-VeryMax/ITS/From_T2__apchild-accepted-fail.t2_fixed__p15777_terminationG_0.smt2 : 4090 ms.
--------------------------------------------------
../QF_NIA_split/QF_NIA_2_20//20170427-VeryMax/ITS/From_T2__apchild-accepted-fail.t2_fixed__p15778_terminationG_0.smt2 : 601005 ms.
--------------------------------------------------
../QF_NIA_split/QF_NIA_2_20//20170427-VeryMax/ITS/From_T2__apchild-accepted-fail.t2_fixed__p15779_terminationG_0.smt2 : 601005 ms.
--------------------------------------------------
sat
../QF_NIA_split/QF_NIA_2_20//20170427-VeryMax/ITS/From_T2__apchild-accepted-fail.t2_fixed__p15786_terminationG_0.smt2 : 37736 ms.
--------------------------------------------------
../QF_NIA_split/QF_NIA_2_20//20170427-VeryMax/ITS/From_T2__apchild-accepted-fail.t2_fixed__p15787_terminationG_0.smt2 : 601006 ms.
--------------------------------------------------
sat
../QF_NIA_split/QF_NIA_2_20//20170427-VeryMax/ITS/From_T2__apchild-accepted-fail.t2_fixed__p15788_terminationG_0.smt2 : 158189 ms.
--------------------------------------------------
sat
../QF_NIA_split/QF_NIA_2_20//20170427-VeryMax/ITS/From_T2__apchild-accepted-fail.t2_fixed__p15797_terminationG_0.smt2 : 42311 ms.
--------------------------------------------------
sat
../QF_NIA_split/QF_NIA_2_20//20170427-VeryMax/ITS/From_T2__apchild-accepted-fail.t2_fixed__p15798_terminationG_0.smt2 : 44977 ms.
--------------------------------------------------
../QF_NIA_split/QF_NIA_2_20//20170427-VeryMax/ITS/From_T2__apchild-accepted-fail.t2_fixed__p15799_terminationG_0.smt2 : 601006 ms.
--------------------------------------------------
sat
../QF_NIA_split/QF_NIA_2_20//20170427-VeryMax/ITS/From_T2__apchild-accepted-fail.t2_fixed__p15804_terminationG_0.smt2 : 14428 ms.
--------------------------------------------------
sat
../QF_NIA_split/QF_NIA_2_20//20170427-VeryMax/ITS/From_T2__apchild-accepted-fail.t2_fixed__p15805_terminationG_0.smt2 : 325213 ms.
--------------------------------------------------
../QF_NIA_split/QF_NIA_2_20//20170427-VeryMax/ITS/From_T2__apchild-accepted-fail.t2_fixed__p15806_terminationG_0.smt2 : 601005 ms.
--------------------------------------------------
sat
../QF_NIA_split/QF_NIA_2_20//20170427-VeryMax/ITS/From_T2__apchild-accepted-fail.t2_fixed__p15817_terminationG_0.smt2 : 13657 ms.
--------------------------------------------------
sat
../QF_NIA_split/QF_NIA_2_20//20170427-VeryMax/ITS/From_T2__apchild-accepted-fail.t2_fixed__p15818_terminationG_0.smt2 : 130609 ms.
--------------------------------------------------
sat
../QF_NIA_split/QF_NIA_2_20//20170427-VeryMax/ITS/From_T2__apchild-accepted-fail.t2_fixed__p15819_terminationG_0.smt2 : 21620 ms.
--------------------------------------------------
../QF_NIA_split/QF_NIA_2_20//20170427-VeryMax/ITS/From_T2__apchild-accepted-fail.t2_fixed__p15829_terminationG_0.smt2 : 601006 ms.
--------------------------------------------------
sat
../QF_NIA_split/QF_NIA_2_20//20170427-VeryMax/ITS/From_T2__apchild-accepted-fail.t2_fixed__p15830_terminationG_0.smt2 : 133996 ms.
--------------------------------------------------
../QF_NIA_split/QF_NIA_2_20//20170427-VeryMax/ITS/From_T2__apchild-accepted-fail.t2_fixed__p15831_terminationG_0.smt2 : 601006 ms.
--------------------------------------------------
sat
../QF_NIA_split/QF_NIA_2_20//20170427-VeryMax/ITS/From_T2__apchild-accepted-fail.t2_fixed__p15844_terminationG_0.smt2 : 16182 ms.
--------------------------------------------------
sat
../QF_NIA_split/QF_NIA_2_20//20170427-VeryMax/ITS/From_T2__apchild-accepted-fail.t2_fixed__p15845_terminationG_0.smt2 : 304470 ms.
--------------------------------------------------
sat
../QF_NIA_split/QF_NIA_2_20//20170427-VeryMax/ITS/From_T2__apchild-accepted-fail.t2_fixed__p15846_terminationG_0.smt2 : 18160 ms.
--------------------------------------------------
sat
../QF_NIA_split/QF_NIA_2_20//20170427-VeryMax/ITS/From_T2__apchild-accepted-fail.t2_fixed__p15852_terminationG_0.smt2 : 3098 ms.
--------------------------------------------------
sat
../QF_NIA_split/QF_NIA_2_20//20170427-VeryMax/ITS/From_T2__apchild-accepted-fail.t2_fixed__p15853_terminationG_0.smt2 : 6267 ms.
--------------------------------------------------
sat
../QF_NIA_split/QF_NIA_2_20//20170427-VeryMax/ITS/From_T2__apchild-accepted-fail.t2_fixed__p15854_terminationG_0.smt2 : 15560 ms.
--------------------------------------------------
unsat
../QF_NIA_split/QF_NIA_2_20//20170427-VeryMax/ITS/From_T2__apchild-accepted-fail.t2_fixed__p15858_safety_0.smt2 : 68 ms.
--------------------------------------------------
../QF_NIA_split/QF_NIA_2_20//20170427-VeryMax/ITS/From_T2__apchild-accepted-fail.t2_fixed__p15860_safety_0.smt2 : 601006 ms.
--------------------------------------------------
../QF_NIA_split/QF_NIA_2_20//20170427-VeryMax/ITS/From_T2__apchild-accepted-fail.t2_fixed__p15861_safety_0.smt2 : 601006 ms.
--------------------------------------------------
unsat
../QF_NIA_split/QF_NIA_2_20//20170427-VeryMax/ITS/From_T2__apchild-accepted-fail.t2_fixed__p15867_safety_0.smt2 : 57 ms.
--------------------------------------------------
unknown
../QF_NIA_split/QF_NIA_2_20//20170427-VeryMax/ITS/From_T2__apchild-accepted-fail.t2_fixed__p15868_safety_0.smt2 : 601006 ms.
--------------------------------------------------
../QF_NIA_split/QF_NIA_2_20//20170427-VeryMax/ITS/From_T2__apchild-accepted-fail.t2_fixed__p15869_safety_0.smt2 : 601006 ms.
--------------------------------------------------
unsat
../QF_NIA_split/QF_NIA_2_20//20170427-VeryMax/ITS/From_T2__apchild-accepted-fail.t2_fixed__p15875_safety_0.smt2 : 42 ms.
--------------------------------------------------
unsat
../QF_NIA_split/QF_NIA_2_20//20170427-VeryMax/ITS/From_T2__apchild-accepted-fail.t2_fixed__p15876_safety_0.smt2 : 140 ms.
--------------------------------------------------
unsat
../QF_NIA_split/QF_NIA_2_20//20170427-VeryMax/ITS/From_T2__apchild-accepted-fail.t2_fixed__p15877_safety_0.smt2 : 9095 ms.
--------------------------------------------------
unknown
../QF_NIA_split/QF_NIA_2_20//20170427-VeryMax/ITS/From_T2__apchild-accepted-fail.t2_fixed__p15888_terminationG_0.smt2 : 600680 ms.
--------------------------------------------------
../QF_NIA_split/QF_NIA_2_20//20170427-VeryMax/ITS/From_T2__apchild-accepted-fail.t2_fixed__p15889_terminationG_0.smt2 : 601006 ms.
--------------------------------------------------
../QF_NIA_split/QF_NIA_2_20//20170427-VeryMax/ITS/From_T2__apchild-accepted-fail.t2_fixed__p15890_terminationG_0.smt2 : 601006 ms.
--------------------------------------------------
../QF_NIA_split/QF_NIA_2_20//20170427-VeryMax/ITS/From_T2__apchild-accepted-fail.t2_fixed__p15901_edge_closing_0.smt2 : 601008 ms.
--------------------------------------------------
../QF_NIA_split/QF_NIA_2_20//20170427-VeryMax/ITS/From_T2__apchild-accepted-fail.t2_fixed__p15902_edge_closing_0.smt2 : 601006 ms.
--------------------------------------------------
../QF_NIA_split/QF_NIA_2_20//20170427-VeryMax/ITS/From_T2__apchild-accepted-fail.t2_fixed__p15903_edge_closing_0.smt2 : 601006 ms.
--------------------------------------------------
../QF_NIA_split/QF_NIA_2_20//20170427-VeryMax/ITS/From_T2__apchild-accepted-fail.t2_fixed__p15904_edge_closing_0.smt2 : 601006 ms.
--------------------------------------------------
../QF_NIA_split/QF_NIA_2_20//20170427-VeryMax/ITS/From_T2__apchild-accepted-fail.t2_fixed__p15905_edge_closing_0.smt2 : 601006 ms.
--------------------------------------------------
../QF_NIA_split/QF_NIA_2_20//20170427-VeryMax/ITS/From_T2__apchild-accepted-fail.t2_fixed__p15906_edge_closing_0.smt2 : 601007 ms.
--------------------------------------------------
sat
../QF_NIA_split/QF_NIA_2_20//20170427-VeryMax/ITS/From_T2__apchild-accepted-fail.t2_fixed__terminationQ_0_0.smt2 : 2026 ms.
--------------------------------------------------
sat
../QF_NIA_split/QF_NIA_2_20//20170427-VeryMax/ITS/From_T2__apchild-accepted-fail.t2_fixed__terminationQ_1_0.smt2 : 2001 ms.
--------------------------------------------------
sat
../QF_NIA_split/QF_NIA_2_20//20170427-VeryMax/ITS/From_T2__apchild-accepted-fail.t2_fixed__terminationQ_2_0.smt2 : 5354 ms.
--------------------------------------------------
sat
../QF_NIA_split/QF_NIA_2_20//20170427-VeryMax/ITS/From_T2__apchild-accepted-fail.t2_fixed__terminationQ_3_0.smt2 : 2536 ms.
--------------------------------------------------
sat
../QF_NIA_split/QF_NIA_2_20//20170427-VeryMax/ITS/From_T2__apchild-accepted-fail.t2_fixed__terminationQ_4_0.smt2 : 3999 ms.
--------------------------------------------------
unsat
../QF_NIA_split/QF_NIA_2_20//20170427-VeryMax/ITS/From_T2__apchild-accepted-fail.t2_fixed__terminationS_0_0.smt2 : 181 ms.
--------------------------------------------------
unsat
../QF_NIA_split/QF_NIA_2_20//20170427-VeryMax/ITS/From_T2__apchild-accepted-fail.t2_fixed__terminationS_10_0.smt2 : 404 ms.
--------------------------------------------------
unsat
../QF_NIA_split/QF_NIA_2_20//20170427-VeryMax/ITS/From_T2__apchild-accepted-fail.t2_fixed__terminationS_1_0.smt2 : 189 ms.
--------------------------------------------------
unsat
../QF_NIA_split/QF_NIA_2_20//20170427-VeryMax/ITS/From_T2__apchild-accepted-fail.t2_fixed__terminationS_11_0.smt2 : 757 ms.
--------------------------------------------------
unsat
../QF_NIA_split/QF_NIA_2_20//20170427-VeryMax/ITS/From_T2__apchild-accepted-fail.t2_fixed__terminationS_12_0.smt2 : 358 ms.
--------------------------------------------------
unsat
../QF_NIA_split/QF_NIA_2_20//20170427-VeryMax/ITS/From_T2__apchild-accepted-fail.t2_fixed__terminationS_13_0.smt2 : 439 ms.
--------------------------------------------------
unsat
../QF_NIA_split/QF_NIA_2_20//20170427-VeryMax/ITS/From_T2__apchild-accepted-fail.t2_fixed__terminationS_14_0.smt2 : 1447 ms.
--------------------------------------------------
unsat
../QF_NIA_split/QF_NIA_2_20//20170427-VeryMax/ITS/From_T2__apchild-accepted-fail.t2_fixed__terminationS_15_0.smt2 : 409 ms.
--------------------------------------------------
unsat
../QF_NIA_split/QF_NIA_2_20//20170427-VeryMax/ITS/From_T2__apchild-accepted-fail.t2_fixed__terminationS_19_0.smt2 : 167 ms.
--------------------------------------------------
unsat
../QF_NIA_split/QF_NIA_2_20//20170427-VeryMax/ITS/From_T2__apchild-accepted-fail.t2_fixed__terminationS_2_0.smt2 : 168 ms.
--------------------------------------------------
unsat
../QF_NIA_split/QF_NIA_2_20//20170427-VeryMax/ITS/From_T2__apchild-accepted-fail.t2_fixed__terminationS_3_0.smt2 : 368 ms.
--------------------------------------------------
unsat
../QF_NIA_split/QF_NIA_2_20//20170427-VeryMax/ITS/From_T2__apchild-accepted-fail.t2_fixed__terminationS_4_0.smt2 : 369 ms.
--------------------------------------------------
unsat
../QF_NIA_split/QF_NIA_2_20//20170427-VeryMax/ITS/From_T2__apchild-accepted-fail.t2_fixed__terminationS_5_0.smt2 : 309 ms.
--------------------------------------------------
unsat
../QF_NIA_split/QF_NIA_2_20//20170427-VeryMax/ITS/From_T2__apchild-accepted-fail.t2_fixed__terminationS_6_0.smt2 : 420 ms.
--------------------------------------------------
unsat
../QF_NIA_split/QF_NIA_2_20//20170427-VeryMax/ITS/From_T2__apchild-accepted-fail.t2_fixed__terminationS_7_0.smt2 : 338 ms.
--------------------------------------------------
unsat
../QF_NIA_split/QF_NIA_2_20//20170427-VeryMax/ITS/From_T2__apchild-accepted-fail.t2_fixed__terminationS_8_0.smt2 : 462 ms.
--------------------------------------------------
unsat
../QF_NIA_split/QF_NIA_2_20//20170427-VeryMax/ITS/From_T2__apchild-accepted-fail.t2_fixed__terminationS_9_0.smt2 : 412 ms.
--------------------------------------------------
sat
../QF_NIA_split/QF_NIA_2_20//20170427-VeryMax/ITS/From_T2__apchild-accepted-fail.t2_fixed__term_unfeasibility_1_0.smt2 : 1252 ms.
--------------------------------------------------
unsat
../QF_NIA_split/QF_NIA_2_20//20170427-VeryMax/ITS/From_T2__apchild-accepted-fail.t2_fixed__term_unfeasibility_2_0.smt2 : 1281 ms.
--------------------------------------------------
sat
../QF_NIA_split/QF_NIA_2_20//20170427-VeryMax/ITS/From_T2__apchild-accepted-fail.t2__p15939_terminationG_0.smt2 : 10821 ms.
--------------------------------------------------
sat
../QF_NIA_split/QF_NIA_2_20//20170427-VeryMax/ITS/From_T2__apchild-accepted-fail.t2__p15940_terminationG_0.smt2 : 232507 ms.
--------------------------------------------------
../QF_NIA_split/QF_NIA_2_20//20170427-VeryMax/ITS/From_T2__apchild-accepted-fail.t2__p15941_terminationG_0.smt2 : 601006 ms.
--------------------------------------------------
sat
../QF_NIA_split/QF_NIA_2_20//20170427-VeryMax/ITS/From_T2__apchild-accepted-fail.t2__p15946_terminationG_0.smt2 : 51080 ms.
--------------------------------------------------
sat
../QF_NIA_split/QF_NIA_2_20//20170427-VeryMax/ITS/From_T2__apchild-accepted-fail.t2__p15947_terminationG_0.smt2 : 36619 ms.
--------------------------------------------------
../QF_NIA_split/QF_NIA_2_20//20170427-VeryMax/ITS/From_T2__apchild-accepted-fail.t2__p15948_terminationG_0.smt2 : 601006 ms.
--------------------------------------------------
unsat
../QF_NIA_split/QF_NIA_2_20//20170427-VeryMax/ITS/From_T2__apchild-accepted-fail.t2__p15954_safety_0.smt2 : 42 ms.
--------------------------------------------------
unsat
../QF_NIA_split/QF_NIA_2_20//20170427-VeryMax/ITS/From_T2__apchild-accepted-fail.t2__p15955_safety_0.smt2 : 170 ms.
--------------------------------------------------
unsat
../QF_NIA_split/QF_NIA_2_20//20170427-VeryMax/ITS/From_T2__apchild-accepted-fail.t2__p15956_safety_0.smt2 : 7826 ms.
--------------------------------------------------
sat
../QF_NIA_split/QF_NIA_2_20//20170427-VeryMax/ITS/From_T2__apchild-accepted-fail.t2__p15961_terminationG_0.smt2 : 14173 ms.
--------------------------------------------------
../QF_NIA_split/QF_NIA_2_20//20170427-VeryMax/ITS/From_T2__apchild-accepted-fail.t2__p15962_terminationG_0.smt2 : 601005 ms.
--------------------------------------------------
../QF_NIA_split/QF_NIA_2_20//20170427-VeryMax/ITS/From_T2__apchild-accepted-fail.t2__p15963_terminationG_0.smt2 : 601006 ms.
--------------------------------------------------
sat
../QF_NIA_split/QF_NIA_2_20//20170427-VeryMax/ITS/From_T2__apchild-accepted-fail.t2__p15970_terminationG_0.smt2 : 1927 ms.
--------------------------------------------------
../QF_NIA_split/QF_NIA_2_20//20170427-VeryMax/ITS/From_T2__apchild-accepted-fail.t2__p15971_terminationG_0.smt2 : 601009 ms.
--------------------------------------------------
../QF_NIA_split/QF_NIA_2_20//20170427-VeryMax/ITS/From_T2__apchild-accepted-fail.t2__p15972_terminationG_0.smt2 : 601006 ms.
--------------------------------------------------
sat
../QF_NIA_split/QF_NIA_2_20//20170427-VeryMax/ITS/From_T2__apchild-accepted-fail.t2__p15977_terminationG_0.smt2 : 44467 ms.
--------------------------------------------------
../QF_NIA_split/QF_NIA_2_20//20170427-VeryMax/ITS/From_T2__apchild-accepted-fail.t2__p15978_terminationG_0.smt2 : 601006 ms.
--------------------------------------------------
../QF_NIA_split/QF_NIA_2_20//20170427-VeryMax/ITS/From_T2__apchild-accepted-fail.t2__p15979_terminationG_0.smt2 : 601006 ms.
--------------------------------------------------
sat
../QF_NIA_split/QF_NIA_2_20//20170427-VeryMax/ITS/From_T2__apchild-accepted-fail.t2__p15988_terminationG_0.smt2 : 112977 ms.
--------------------------------------------------
../QF_NIA_split/QF_NIA_2_20//20170427-VeryMax/ITS/From_T2__apchild-accepted-fail.t2__p15989_terminationG_0.smt2 : 601005 ms.
--------------------------------------------------
../QF_NIA_split/QF_NIA_2_20//20170427-VeryMax/ITS/From_T2__apchild-accepted-fail.t2__p15990_terminationG_0.smt2 : 601006 ms.
--------------------------------------------------
sat
../QF_NIA_split/QF_NIA_2_20//20170427-VeryMax/ITS/From_T2__apchild-accepted-fail.t2__p15999_terminationG_0.smt2 : 29761 ms.
--------------------------------------------------
../QF_NIA_split/QF_NIA_2_20//20170427-VeryMax/ITS/From_T2__apchild-accepted-fail.t2__p16000_terminationG_0.smt2 : 601006 ms.
--------------------------------------------------
../QF_NIA_split/QF_NIA_2_20//20170427-VeryMax/ITS/From_T2__apchild-accepted-fail.t2__p16001_terminationG_0.smt2 : 601005 ms.
--------------------------------------------------
unknown
../QF_NIA_split/QF_NIA_2_20//20170427-VeryMax/ITS/From_T2__apchild-accepted-fail.t2__p16010_terminationG_0.smt2 : 600903 ms.
--------------------------------------------------
unknown
../QF_NIA_split/QF_NIA_2_20//20170427-VeryMax/ITS/From_T2__apchild-accepted-fail.t2__p16011_terminationG_0.smt2 : 600470 ms.
--------------------------------------------------
../QF_NIA_split/QF_NIA_2_20//20170427-VeryMax/ITS/From_T2__apchild-accepted-fail.t2__p16012_terminationG_0.smt2 : 601006 ms.
--------------------------------------------------
sat
../QF_NIA_split/QF_NIA_2_20//20170427-VeryMax/ITS/From_T2__apchild-accepted-fail.t2__p16017_terminationG_0.smt2 : 166111 ms.
--------------------------------------------------
unknown
../QF_NIA_split/QF_NIA_2_20//20170427-VeryMax/ITS/From_T2__apchild-accepted-fail.t2__p16018_terminationG_0.smt2 : 600351 ms.
--------------------------------------------------
../QF_NIA_split/QF_NIA_2_20//20170427-VeryMax/ITS/From_T2__apchild-accepted-fail.t2__p16019_terminationG_0.smt2 : 601007 ms.
--------------------------------------------------
sat
../QF_NIA_split/QF_NIA_2_20//20170427-VeryMax/ITS/From_T2__apchild-accepted-fail.t2__p16026_terminationG_0.smt2 : 53270 ms.
--------------------------------------------------
unknown
../QF_NIA_split/QF_NIA_2_20//20170427-VeryMax/ITS/From_T2__apchild-accepted-fail.t2__p16027_terminationG_0.smt2 : 600419 ms.
--------------------------------------------------
../QF_NIA_split/QF_NIA_2_20//20170427-VeryMax/ITS/From_T2__apchild-accepted-fail.t2__p16028_terminationG_0.smt2 : 601009 ms.
--------------------------------------------------
sat
../QF_NIA_split/QF_NIA_2_20//20170427-VeryMax/ITS/From_T2__apchild-accepted-fail.t2__terminationQ_0_0.smt2 : 991 ms.
--------------------------------------------------
sat
../QF_NIA_split/QF_NIA_2_20//20170427-VeryMax/ITS/From_T2__apchild-accepted-fail.t2__terminationQ_1_0.smt2 : 1122 ms.
--------------------------------------------------
sat
../QF_NIA_split/QF_NIA_2_20//20170427-VeryMax/ITS/From_T2__apchild-accepted-fail.t2__terminationQ_2_0.smt2 : 1635 ms.
--------------------------------------------------
sat
../QF_NIA_split/QF_NIA_2_20//20170427-VeryMax/ITS/From_T2__apchild-accepted-fail.t2__terminationQ_3_0.smt2 : 1625 ms.
--------------------------------------------------
unsat
../QF_NIA_split/QF_NIA_2_20//20170427-VeryMax/ITS/From_T2__apchild-accepted-fail.t2__terminationQ_4_0.smt2 : 63498 ms.
--------------------------------------------------
sat
../QF_NIA_split/QF_NIA_2_20//20170427-VeryMax/ITS/From_T2__apchild-accepted-fail.t2__term_unfeasibility_1_0.smt2 : 462 ms.
--------------------------------------------------
unsat
../QF_NIA_split/QF_NIA_2_20//20170427-VeryMax/ITS/From_T2__apchild-accepted-fail.t2__term_unfeasibility_2_0.smt2 : 805 ms.
--------------------------------------------------
sat
../QF_NIA_split/QF_NIA_2_20//20170427-VeryMax/ITS/From_T2__apchild-accepted.t2_fixed__p16099_terminationG_0.smt2 : 12537 ms.
--------------------------------------------------
../QF_NIA_split/QF_NIA_2_20//20170427-VeryMax/ITS/From_T2__apchild-accepted.t2_fixed__p16100_terminationG_0.smt2 : 601010 ms.
--------------------------------------------------
../QF_NIA_split/QF_NIA_2_20//20170427-VeryMax/ITS/From_T2__apchild-accepted.t2_fixed__p16101_terminationG_0.smt2 : 601007 ms.
--------------------------------------------------
sat
../QF_NIA_split/QF_NIA_2_20//20170427-VeryMax/ITS/From_T2__apchild-accepted.t2_fixed__p16109_terminationG_0.smt2 : 17063 ms.
--------------------------------------------------
sat
../QF_NIA_split/QF_NIA_2_20//20170427-VeryMax/ITS/From_T2__apchild-accepted.t2_fixed__p16110_terminationG_0.smt2 : 255776 ms.
--------------------------------------------------
../QF_NIA_split/QF_NIA_2_20//20170427-VeryMax/ITS/From_T2__apchild-accepted.t2_fixed__p16111_terminationG_0.smt2 : 601006 ms.
--------------------------------------------------
sat
../QF_NIA_split/QF_NIA_2_20//20170427-VeryMax/ITS/From_T2__apchild-accepted.t2_fixed__p16117_terminationG_0.smt2 : 4783 ms.
--------------------------------------------------
sat
../QF_NIA_split/QF_NIA_2_20//20170427-VeryMax/ITS/From_T2__apchild-accepted.t2_fixed__p16118_terminationG_0.smt2 : 54047 ms.
--------------------------------------------------
sat
../QF_NIA_split/QF_NIA_2_20//20170427-VeryMax/ITS/From_T2__apchild-accepted.t2_fixed__p16119_terminationG_0.smt2 : 26668 ms.
--------------------------------------------------
unsat
../QF_NIA_split/QF_NIA_2_20//20170427-VeryMax/ITS/From_T2__apchild-accepted.t2_fixed__p16134_safety_0.smt2 : 51 ms.
--------------------------------------------------
../QF_NIA_split/QF_NIA_2_20//20170427-VeryMax/ITS/From_T2__apchild-accepted.t2_fixed__p16135_safety_0.smt2 : 601006 ms.
--------------------------------------------------
../QF_NIA_split/QF_NIA_2_20//20170427-VeryMax/ITS/From_T2__apchild-accepted.t2_fixed__p16136_safety_0.smt2 : 601006 ms.
--------------------------------------------------
unsat
../QF_NIA_split/QF_NIA_2_20//20170427-VeryMax/ITS/From_T2__apchild-accepted.t2_fixed__p16141_safety_0.smt2 : 47 ms.
--------------------------------------------------
unknown
../QF_NIA_split/QF_NIA_2_20//20170427-VeryMax/ITS/From_T2__apchild-accepted.t2_fixed__p16142_safety_0.smt2 : 600703 ms.
--------------------------------------------------
../QF_NIA_split/QF_NIA_2_20//20170427-VeryMax/ITS/From_T2__apchild-accepted.t2_fixed__p16143_safety_0.smt2 : 601006 ms.
--------------------------------------------------
../QF_NIA_split/QF_NIA_2_20//20170427-VeryMax/ITS/From_T2__apchild-accepted.t2_fixed__p16168_terminationG_0.smt2 : 601020 ms.
--------------------------------------------------
unknown
../QF_NIA_split/QF_NIA_2_20//20170427-VeryMax/ITS/From_T2__apchild-accepted.t2_fixed__p16169_terminationG_0.smt2 : 600965 ms.
--------------------------------------------------
../QF_NIA_split/QF_NIA_2_20//20170427-VeryMax/ITS/From_T2__apchild-accepted.t2_fixed__p16170_terminationG_0.smt2 : 601008 ms.
--------------------------------------------------
../QF_NIA_split/QF_NIA_2_20//20170427-VeryMax/ITS/From_T2__apchild-accepted.t2_fixed__p16179_edge_closing_0.smt2 : 601006 ms.
--------------------------------------------------
../QF_NIA_split/QF_NIA_2_20//20170427-VeryMax/ITS/From_T2__apchild-accepted.t2_fixed__p16180_edge_closing_0.smt2 : 601006 ms.
--------------------------------------------------
../QF_NIA_split/QF_NIA_2_20//20170427-VeryMax/ITS/From_T2__apchild-accepted.t2_fixed__p16181_edge_closing_0.smt2 : 601006 ms.
--------------------------------------------------
../QF_NIA_split/QF_NIA_2_20//20170427-VeryMax/ITS/From_T2__apchild-accepted.t2_fixed__p16182_edge_closing_0.smt2 : 601006 ms.
--------------------------------------------------
../QF_NIA_split/QF_NIA_2_20//20170427-VeryMax/ITS/From_T2__apchild-accepted.t2_fixed__p16183_edge_closing_0.smt2 : 601006 ms.
--------------------------------------------------
../QF_NIA_split/QF_NIA_2_20//20170427-VeryMax/ITS/From_T2__apchild-accepted.t2_fixed__p16184_edge_closing_0.smt2 : 601006 ms.
--------------------------------------------------
sat
../QF_NIA_split/QF_NIA_2_20//20170427-VeryMax/ITS/From_T2__apchild-accepted.t2_fixed__terminationQ_3_0.smt2 : 3573 ms.
--------------------------------------------------
unsat
../QF_NIA_split/QF_NIA_2_20//20170427-VeryMax/ITS/From_T2__apchild-accepted.t2_fixed__terminationS_0_0.smt2 : 255 ms.
--------------------------------------------------
unsat
../QF_NIA_split/QF_NIA_2_20//20170427-VeryMax/ITS/From_T2__apchild-accepted.t2_fixed__terminationS_1_0.smt2 : 208 ms.
--------------------------------------------------
unsat
../QF_NIA_split/QF_NIA_2_20//20170427-VeryMax/ITS/From_T2__apchild-accepted.t2_fixed__terminationS_2_0.smt2 : 245 ms.
--------------------------------------------------
unsat
../QF_NIA_split/QF_NIA_2_20//20170427-VeryMax/ITS/From_T2__apchild-accepted.t2_fixed__terminationS_22_0.smt2 : 640 ms.
--------------------------------------------------
unsat
../QF_NIA_split/QF_NIA_2_20//20170427-VeryMax/ITS/From_T2__apchild-accepted.t2_fixed__terminationS_23_0.smt2 : 615 ms.
--------------------------------------------------
unsat
../QF_NIA_split/QF_NIA_2_20//20170427-VeryMax/ITS/From_T2__apchild-accepted.t2_fixed__terminationS_26_0.smt2 : 461 ms.
--------------------------------------------------
unsat
../QF_NIA_split/QF_NIA_2_20//20170427-VeryMax/ITS/From_T2__apchild-accepted.t2_fixed__terminationS_30_0.smt2 : 605 ms.
--------------------------------------------------
unsat
../QF_NIA_split/QF_NIA_2_20//20170427-VeryMax/ITS/From_T2__apchild-accepted.t2_fixed__terminationS_3_0.smt2 : 241 ms.
--------------------------------------------------
unsat
../QF_NIA_split/QF_NIA_2_20//20170427-VeryMax/ITS/From_T2__apchild-accepted.t2_fixed__terminationS_4_0.smt2 : 454 ms.
--------------------------------------------------
unsat
../QF_NIA_split/QF_NIA_2_20//20170427-VeryMax/ITS/From_T2__apchild-accepted.t2_fixed__terminationS_5_0.smt2 : 393 ms.
--------------------------------------------------
unsat
../QF_NIA_split/QF_NIA_2_20//20170427-VeryMax/ITS/From_T2__apchild-accepted.t2_fixed__terminationS_6_0.smt2 : 356 ms.
--------------------------------------------------
unsat
../QF_NIA_split/QF_NIA_2_20//20170427-VeryMax/ITS/From_T2__apchild-accepted.t2_fixed__terminationS_7_0.smt2 : 1167 ms.
--------------------------------------------------
unsat
../QF_NIA_split/QF_NIA_2_20//20170427-VeryMax/ITS/From_T2__apchild-accepted.t2_fixed__terminationS_8_0.smt2 : 1314 ms.
--------------------------------------------------
unsat
../QF_NIA_split/QF_NIA_2_20//20170427-VeryMax/ITS/From_T2__apchild-accepted.t2_fixed__terminationS_9_0.smt2 : 588 ms.
--------------------------------------------------
sat
../QF_NIA_split/QF_NIA_2_20//20170427-VeryMax/ITS/From_T2__apchild-accepted.t2__p16268_terminationG_0.smt2 : 72677 ms.
--------------------------------------------------
unknown
../QF_NIA_split/QF_NIA_2_20//20170427-VeryMax/ITS/From_T2__apchild-accepted.t2__p16269_terminationG_0.smt2 : 600452 ms.
--------------------------------------------------
../QF_NIA_split/QF_NIA_2_20//20170427-VeryMax/ITS/From_T2__apchild-accepted.t2__p16270_terminationG_0.smt2 : 601006 ms.
--------------------------------------------------
sat
../QF_NIA_split/QF_NIA_2_20//20170427-VeryMax/ITS/From_T2__apchild-accepted.t2__p16277_terminationG_0.smt2 : 16341 ms.
--------------------------------------------------
unknown
../QF_NIA_split/QF_NIA_2_20//20170427-VeryMax/ITS/From_T2__apchild-accepted.t2__p16278_terminationG_0.smt2 : 600493 ms.
--------------------------------------------------
../QF_NIA_split/QF_NIA_2_20//20170427-VeryMax/ITS/From_T2__apchild-accepted.t2__p16279_terminationG_0.smt2 : 601006 ms.
--------------------------------------------------
sat
../QF_NIA_split/QF_NIA_2_20//20170427-VeryMax/ITS/From_T2__apchild-accepted.t2__p16284_terminationG_0.smt2 : 5775 ms.
--------------------------------------------------
unknown
../QF_NIA_split/QF_NIA_2_20//20170427-VeryMax/ITS/From_T2__apchild-accepted.t2__p16285_terminationG_0.smt2 : 601006 ms.
--------------------------------------------------
../QF_NIA_split/QF_NIA_2_20//20170427-VeryMax/ITS/From_T2__apchild-accepted.t2__p16286_terminationG_0.smt2 : 601006 ms.
--------------------------------------------------
sat
../QF_NIA_split/QF_NIA_2_20//20170427-VeryMax/ITS/From_T2__apchild-accepted.t2__p16296_terminationG_0.smt2 : 68643 ms.
--------------------------------------------------
../QF_NIA_split/QF_NIA_2_20//20170427-VeryMax/ITS/From_T2__apchild-accepted.t2__p16297_terminationG_0.smt2 : 601006 ms.
--------------------------------------------------
../QF_NIA_split/QF_NIA_2_20//20170427-VeryMax/ITS/From_T2__apchild-accepted.t2__p16298_terminationG_0.smt2 : 601007 ms.
--------------------------------------------------
sat
../QF_NIA_split/QF_NIA_2_20//20170427-VeryMax/ITS/From_T2__apchild-accepted.t2__p16307_terminationG_0.smt2 : 42189 ms.
--------------------------------------------------
../QF_NIA_split/QF_NIA_2_20//20170427-VeryMax/ITS/From_T2__apchild-accepted.t2__p16308_terminationG_0.smt2 : 601006 ms.
--------------------------------------------------
../QF_NIA_split/QF_NIA_2_20//20170427-VeryMax/ITS/From_T2__apchild-accepted.t2__p16309_terminationG_0.smt2 : 601007 ms.
--------------------------------------------------
sat
../QF_NIA_split/QF_NIA_2_20//20170427-VeryMax/ITS/From_T2__apchild-accepted.t2__p16319_terminationG_0.smt2 : 207733 ms.
--------------------------------------------------
unknown
../QF_NIA_split/QF_NIA_2_20//20170427-VeryMax/ITS/From_T2__apchild-accepted.t2__p16320_terminationG_0.smt2 : 600466 ms.
--------------------------------------------------
unknown
../QF_NIA_split/QF_NIA_2_20//20170427-VeryMax/ITS/From_T2__apchild-accepted.t2__p16321_terminationG_0.smt2 : 600740 ms.
--------------------------------------------------
sat
../QF_NIA_split/QF_NIA_2_20//20170427-VeryMax/ITS/From_T2__apchild-accepted.t2__p16330_terminationG_0.smt2 : 7456 ms.
--------------------------------------------------
unknown
../QF_NIA_split/QF_NIA_2_20//20170427-VeryMax/ITS/From_T2__apchild-accepted.t2__p16331_terminationG_0.smt2 : 600446 ms.
--------------------------------------------------
../QF_NIA_split/QF_NIA_2_20//20170427-VeryMax/ITS/From_T2__apchild-accepted.t2__p16332_terminationG_0.smt2 : 601006 ms.
--------------------------------------------------
sat
../QF_NIA_split/QF_NIA_2_20//20170427-VeryMax/ITS/From_T2__apchild-accepted.t2__p16341_terminationG_0.smt2 : 197293 ms.
--------------------------------------------------
unknown
../QF_NIA_split/QF_NIA_2_20//20170427-VeryMax/ITS/From_T2__apchild-accepted.t2__p16342_terminationG_0.smt2 : 600560 ms.
--------------------------------------------------
../QF_NIA_split/QF_NIA_2_20//20170427-VeryMax/ITS/From_T2__apchild-accepted.t2__p16343_terminationG_0.smt2 : 601007 ms.
--------------------------------------------------
sat
../QF_NIA_split/QF_NIA_2_20//20170427-VeryMax/ITS/From_T2__apchild-accepted.t2__p16353_terminationG_0.smt2 : 4699 ms.
--------------------------------------------------
unknown
../QF_NIA_split/QF_NIA_2_20//20170427-VeryMax/ITS/From_T2__apchild-accepted.t2__p16354_terminationG_0.smt2 : 601007 ms.
--------------------------------------------------
../QF_NIA_split/QF_NIA_2_20//20170427-VeryMax/ITS/From_T2__apchild-accepted.t2__p16355_terminationG_0.smt2 : 601007 ms.
--------------------------------------------------
sat
../QF_NIA_split/QF_NIA_2_20//20170427-VeryMax/ITS/From_T2__apchild-accepted.t2__terminationQ_0_0.smt2 : 1043 ms.
--------------------------------------------------
sat
../QF_NIA_split/QF_NIA_2_20//20170427-VeryMax/ITS/From_T2__apchild-accepted.t2__terminationQ_2_0.smt2 : 844 ms.
--------------------------------------------------
sat
../QF_NIA_split/QF_NIA_2_20//20170427-VeryMax/ITS/From_T2__apchild-accepted.t2__terminationQ_3_0.smt2 : 861 ms.
--------------------------------------------------
sat
../QF_NIA_split/QF_NIA_2_20//20170427-VeryMax/ITS/From_T2__apchild-accepted.t2__terminationQ_4_0.smt2 : 1231 ms.
--------------------------------------------------
sat
../QF_NIA_split/QF_NIA_2_20//20170427-VeryMax/ITS/From_T2__apchild-accepted.t2__terminationQ_5_0.smt2 : 700 ms.
--------------------------------------------------
sat
../QF_NIA_split/QF_NIA_2_20//20170427-VeryMax/ITS/From_T2__apchild-accepted.t2__terminationQ_6_0.smt2 : 740 ms.
--------------------------------------------------
sat
../QF_NIA_split/QF_NIA_2_20//20170427-VeryMax/ITS/From_T2__apchild-accepted.t2__terminationQ_7_0.smt2 : 1964 ms.
--------------------------------------------------
sat
../QF_NIA_split/QF_NIA_2_20//20170427-VeryMax/ITS/From_T2__apchild-accepted.t2__terminationQ_8_0.smt2 : 1751 ms.
--------------------------------------------------
sat
../QF_NIA_split/QF_NIA_2_20//20170427-VeryMax/ITS/From_T2__apchild-accepted.t2__terminationQ_9_0.smt2 : 1281 ms.
--------------------------------------------------
unsat
../QF_NIA_split/QF_NIA_2_20//20170427-VeryMax/ITS/From_T2__apchild-accepted.t2__terminationS_12_0.smt2 : 157 ms.
--------------------------------------------------
unsat
../QF_NIA_split/QF_NIA_2_20//20170427-VeryMax/ITS/From_T2__apchild-accepted.t2__terminationS_14_0.smt2 : 550 ms.
--------------------------------------------------
unsat
../QF_NIA_split/QF_NIA_2_20//20170427-VeryMax/ITS/From_T2__apchild-accepted.t2__terminationS_15_0.smt2 : 919 ms.
--------------------------------------------------
unsat
../QF_NIA_split/QF_NIA_2_20//20170427-VeryMax/ITS/From_T2__apchild-accepted.t2__terminationS_26_0.smt2 : 643 ms.
--------------------------------------------------
unsat
../QF_NIA_split/QF_NIA_2_20//20170427-VeryMax/ITS/From_T2__apchild-accepted.t2__terminationS_4_0.smt2 : 120 ms.
--------------------------------------------------
unsat
../QF_NIA_split/QF_NIA_2_20//20170427-VeryMax/ITS/From_T2__apchild-accepted.t2__terminationS_6_0.smt2 : 706 ms.
--------------------------------------------------
sat
../QF_NIA_split/QF_NIA_2_20//20170427-VeryMax/ITS/From_T2__apchildlive-succeed.t2_fixed__p16374_terminationG_0.smt2 : 10573 ms.
--------------------------------------------------
sat
../QF_NIA_split/QF_NIA_2_20//20170427-VeryMax/ITS/From_T2__apchildlive-succeed.t2_fixed__p16375_terminationG_0.smt2 : 9779 ms.
--------------------------------------------------
sat
../QF_NIA_split/QF_NIA_2_20//20170427-VeryMax/ITS/From_T2__apchildlive-succeed.t2_fixed__p16376_terminationG_0.smt2 : 21158 ms.
--------------------------------------------------
sat
../QF_NIA_split/QF_NIA_2_20//20170427-VeryMax/ITS/From_T2__apchildlive-succeed.t2_fixed__p16379_terminationG_0.smt2 : 53680 ms.
--------------------------------------------------
../QF_NIA_split/QF_NIA_2_20//20170427-VeryMax/ITS/From_T2__apchildlive-succeed.t2_fixed__p16380_terminationG_0.smt2 : 601006 ms.
--------------------------------------------------
sat
../QF_NIA_split/QF_NIA_2_20//20170427-VeryMax/ITS/From_T2__apchildlive-succeed.t2_fixed__p16381_terminationG_0.smt2 : 23202 ms.
--------------------------------------------------
sat
../QF_NIA_split/QF_NIA_2_20//20170427-VeryMax/ITS/From_T2__apchildlive-succeed.t2_fixed__p16386_terminationG_0.smt2 : 3753 ms.
--------------------------------------------------
sat
../QF_NIA_split/QF_NIA_2_20//20170427-VeryMax/ITS/From_T2__apchildlive-succeed.t2_fixed__p16387_terminationG_0.smt2 : 113540 ms.
--------------------------------------------------
../QF_NIA_split/QF_NIA_2_20//20170427-VeryMax/ITS/From_T2__apchildlive-succeed.t2_fixed__p16388_terminationG_0.smt2 : 601006 ms.
--------------------------------------------------
unsat
../QF_NIA_split/QF_NIA_2_20//20170427-VeryMax/ITS/From_T2__apchildlive-succeed.t2_fixed__p16392_safety_0.smt2 : 43 ms.
--------------------------------------------------
unsat
../QF_NIA_split/QF_NIA_2_20//20170427-VeryMax/ITS/From_T2__apchildlive-succeed.t2_fixed__p16393_safety_0.smt2 : 246 ms.
--------------------------------------------------
unsat
../QF_NIA_split/QF_NIA_2_20//20170427-VeryMax/ITS/From_T2__apchildlive-succeed.t2_fixed__p16394_safety_0.smt2 : 255490 ms.
--------------------------------------------------
unknown
../QF_NIA_split/QF_NIA_2_20//20170427-VeryMax/ITS/From_T2__apchildlive-succeed.t2_fixed__p16397_edge_closing_0.smt2 : 600783 ms.
--------------------------------------------------
unknown
../QF_NIA_split/QF_NIA_2_20//20170427-VeryMax/ITS/From_T2__apchildlive-succeed.t2_fixed__p16398_edge_closing_0.smt2 : 600763 ms.
--------------------------------------------------
../QF_NIA_split/QF_NIA_2_20//20170427-VeryMax/ITS/From_T2__apchildlive-succeed.t2_fixed__p16399_edge_closing_0.smt2 : 601006 ms.
--------------------------------------------------
unknown
../QF_NIA_split/QF_NIA_2_20//20170427-VeryMax/ITS/From_T2__apchildlive-succeed.t2_fixed__p16400_edge_closing_0.smt2 : 600740 ms.
--------------------------------------------------
unknown
../QF_NIA_split/QF_NIA_2_20//20170427-VeryMax/ITS/From_T2__apchildlive-succeed.t2_fixed__p16401_edge_closing_0.smt2 : 600846 ms.
--------------------------------------------------
unknown
../QF_NIA_split/QF_NIA_2_20//20170427-VeryMax/ITS/From_T2__apchildlive-succeed.t2_fixed__p16402_edge_closing_0.smt2 : 600833 ms.
--------------------------------------------------
sat
../QF_NIA_split/QF_NIA_2_20//20170427-VeryMax/ITS/From_T2__apchildlive-succeed.t2_fixed__terminationQ_0_0.smt2 : 3184 ms.
--------------------------------------------------
sat
../QF_NIA_split/QF_NIA_2_20//20170427-VeryMax/ITS/From_T2__apchildlive-succeed.t2_fixed__terminationQ_1_0.smt2 : 2690 ms.
--------------------------------------------------
unsat
../QF_NIA_split/QF_NIA_2_20//20170427-VeryMax/ITS/From_T2__apchildlive-succeed.t2_fixed__terminationS_36_0.smt2 : 186 ms.
--------------------------------------------------
unsat
../QF_NIA_split/QF_NIA_2_20//20170427-VeryMax/ITS/From_T2__apchildlive-succeed.t2_fixed__terminationS_7_0.smt2 : 88 ms.
--------------------------------------------------
unsat
../QF_NIA_split/QF_NIA_2_20//20170427-VeryMax/ITS/From_T2__apchildlive-succeed.t2_fixed__term_unfeasibility_1_0.smt2 : 868 ms.
--------------------------------------------------
sat
../QF_NIA_split/QF_NIA_2_20//20170427-VeryMax/ITS/From_T2__apchildlive-succeed.t2__p16414_terminationG_0.smt2 : 19768 ms.
--------------------------------------------------
sat
../QF_NIA_split/QF_NIA_2_20//20170427-VeryMax/ITS/From_T2__apchildlive-succeed.t2__p16415_terminationG_0.smt2 : 40244 ms.
--------------------------------------------------
../QF_NIA_split/QF_NIA_2_20//20170427-VeryMax/ITS/From_T2__apchildlive-succeed.t2__p16416_terminationG_0.smt2 : 601006 ms.
--------------------------------------------------
sat
../QF_NIA_split/QF_NIA_2_20//20170427-VeryMax/ITS/From_T2__apchildlive-succeed.t2__p16419_terminationG_0.smt2 : 27048 ms.
--------------------------------------------------
sat
../QF_NIA_split/QF_NIA_2_20//20170427-VeryMax/ITS/From_T2__apchildlive-succeed.t2__p16420_terminationG_0.smt2 : 23727 ms.
--------------------------------------------------
unknown
../QF_NIA_split/QF_NIA_2_20//20170427-VeryMax/ITS/From_T2__apchildlive-succeed.t2__p16421_terminationG_0.smt2 : 600652 ms.
--------------------------------------------------
sat
../QF_NIA_split/QF_NIA_2_20//20170427-VeryMax/ITS/From_T2__apchildlive-succeed.t2__p16424_terminationG_0.smt2 : 21205 ms.
--------------------------------------------------
sat
../QF_NIA_split/QF_NIA_2_20//20170427-VeryMax/ITS/From_T2__apchildlive-succeed.t2__p16425_terminationG_0.smt2 : 82012 ms.
--------------------------------------------------
sat
../QF_NIA_split/QF_NIA_2_20//20170427-VeryMax/ITS/From_T2__apchildlive-succeed.t2__p16426_terminationG_0.smt2 : 39708 ms.
--------------------------------------------------
sat
../QF_NIA_split/QF_NIA_2_20//20170427-VeryMax/ITS/From_T2__apchildlive-succeed.t2__p16429_terminationG_0.smt2 : 54159 ms.
--------------------------------------------------
sat
../QF_NIA_split/QF_NIA_2_20//20170427-VeryMax/ITS/From_T2__apchildlive-succeed.t2__p16430_terminationG_0.smt2 : 4334 ms.
--------------------------------------------------
../QF_NIA_split/QF_NIA_2_20//20170427-VeryMax/ITS/From_T2__apchildlive-succeed.t2__p16431_terminationG_0.smt2 : 601005 ms.
--------------------------------------------------
sat
../QF_NIA_split/QF_NIA_2_20//20170427-VeryMax/ITS/From_T2__apchildlive-succeed.t2__p16435_terminationG_0.smt2 : 51672 ms.
--------------------------------------------------
sat
../QF_NIA_split/QF_NIA_2_20//20170427-VeryMax/ITS/From_T2__apchildlive-succeed.t2__p16436_terminationG_0.smt2 : 63259 ms.
--------------------------------------------------
../QF_NIA_split/QF_NIA_2_20//20170427-VeryMax/ITS/From_T2__apchildlive-succeed.t2__p16437_terminationG_0.smt2 : 601006 ms.
--------------------------------------------------
sat
../QF_NIA_split/QF_NIA_2_20//20170427-VeryMax/ITS/From_T2__apchildlive-succeed.t2__p16440_terminationG_0.smt2 : 181563 ms.
--------------------------------------------------
unknown
../QF_NIA_split/QF_NIA_2_20//20170427-VeryMax/ITS/From_T2__apchildlive-succeed.t2__p16441_terminationG_0.smt2 : 600516 ms.
--------------------------------------------------
../QF_NIA_split/QF_NIA_2_20//20170427-VeryMax/ITS/From_T2__apchildlive-succeed.t2__p16442_terminationG_0.smt2 : 601005 ms.
--------------------------------------------------
sat
../QF_NIA_split/QF_NIA_2_20//20170427-VeryMax/ITS/From_T2__apchildlive-succeed.t2__p16445_terminationG_0.smt2 : 34742 ms.
--------------------------------------------------
../QF_NIA_split/QF_NIA_2_20//20170427-VeryMax/ITS/From_T2__apchildlive-succeed.t2__p16446_terminationG_0.smt2 : 601006 ms.
--------------------------------------------------
sat
../QF_NIA_split/QF_NIA_2_20//20170427-VeryMax/ITS/From_T2__apchildlive-succeed.t2__p16447_terminationG_0.smt2 : 55065 ms.
--------------------------------------------------
unsat
../QF_NIA_split/QF_NIA_2_20//20170427-VeryMax/ITS/From_T2__apchildlive-succeed.t2__p16451_safety_0.smt2 : 37 ms.
--------------------------------------------------
unsat
../QF_NIA_split/QF_NIA_2_20//20170427-VeryMax/ITS/From_T2__apchildlive-succeed.t2__p16452_safety_0.smt2 : 190 ms.
--------------------------------------------------
unknown
../QF_NIA_split/QF_NIA_2_20//20170427-VeryMax/ITS/From_T2__apchildlive-succeed.t2__p16453_safety_0.smt2 : 600758 ms.
--------------------------------------------------
unknown
../QF_NIA_split/QF_NIA_2_20//20170427-VeryMax/ITS/From_T2__apchildlive-succeed.t2__p16455_edge_closing_0.smt2 : 600656 ms.
--------------------------------------------------
unknown
../QF_NIA_split/QF_NIA_2_20//20170427-VeryMax/ITS/From_T2__apchildlive-succeed.t2__p16456_edge_closing_0.smt2 : 600647 ms.
--------------------------------------------------
../QF_NIA_split/QF_NIA_2_20//20170427-VeryMax/ITS/From_T2__apchildlive-succeed.t2__p16457_edge_closing_0.smt2 : 601019 ms.
--------------------------------------------------
unknown
../QF_NIA_split/QF_NIA_2_20//20170427-VeryMax/ITS/From_T2__apchildlive-succeed.t2__p16459_edge_closing_0.smt2 : 600890 ms.
--------------------------------------------------
unknown
../QF_NIA_split/QF_NIA_2_20//20170427-VeryMax/ITS/From_T2__apchildlive-succeed.t2__p16460_edge_closing_0.smt2 : 600944 ms.
--------------------------------------------------
../QF_NIA_split/QF_NIA_2_20//20170427-VeryMax/ITS/From_T2__apchildlive-succeed.t2__p16461_edge_closing_0.smt2 : 601007 ms.
--------------------------------------------------
sat
../QF_NIA_split/QF_NIA_2_20//20170427-VeryMax/ITS/From_T2__apchildlive-succeed.t2__terminationQ_0_0.smt2 : 2581 ms.
--------------------------------------------------
sat
../QF_NIA_split/QF_NIA_2_20//20170427-VeryMax/ITS/From_T2__apchildlive-succeed.t2__terminationQ_1_0.smt2 : 3551 ms.
--------------------------------------------------
sat
../QF_NIA_split/QF_NIA_2_20//20170427-VeryMax/ITS/From_T2__apchildlive-succeed.t2__terminationQ_2_0.smt2 : 2413 ms.
--------------------------------------------------
sat
../QF_NIA_split/QF_NIA_2_20//20170427-VeryMax/ITS/From_T2__apchildlive-succeed.t2__terminationQ_3_0.smt2 : 2451 ms.
--------------------------------------------------
sat
../QF_NIA_split/QF_NIA_2_20//20170427-VeryMax/ITS/From_T2__apchildlive-succeed.t2__terminationQ_4_0.smt2 : 2003 ms.
--------------------------------------------------
sat
../QF_NIA_split/QF_NIA_2_20//20170427-VeryMax/ITS/From_T2__apchildlive-succeed.t2__terminationQ_5_0.smt2 : 2635 ms.
--------------------------------------------------
unsat
../QF_NIA_split/QF_NIA_2_20//20170427-VeryMax/ITS/From_T2__apchildlive-succeed.t2__terminationS_30_0.smt2 : 341 ms.
--------------------------------------------------
unsat
../QF_NIA_split/QF_NIA_2_20//20170427-VeryMax/ITS/From_T2__apchildlive-succeed.t2__terminationS_31_0.smt2 : 364 ms.
--------------------------------------------------
unsat
../QF_NIA_split/QF_NIA_2_20//20170427-VeryMax/ITS/From_T2__apchildlive-succeed.t2__terminationS_33_0.smt2 : 300 ms.
--------------------------------------------------
unsat
../QF_NIA_split/QF_NIA_2_20//20170427-VeryMax/ITS/From_T2__apchildlive-succeed.t2__terminationS_35_0.smt2 : 556 ms.
--------------------------------------------------
unsat
../QF_NIA_split/QF_NIA_2_20//20170427-VeryMax/ITS/From_T2__apchildlive-succeed.t2__term_unfeasibility_1_0.smt2 : 857 ms.
--------------------------------------------------
sat
../QF_NIA_split/QF_NIA_2_20//20170427-VeryMax/ITS/From_T2__apchild-live.t2_fixed__p16468_terminationG_0.smt2 : 3305 ms.
--------------------------------------------------
sat
../QF_NIA_split/QF_NIA_2_20//20170427-VeryMax/ITS/From_T2__apchild-live.t2_fixed__p16469_terminationG_0.smt2 : 10005 ms.
--------------------------------------------------
sat
../QF_NIA_split/QF_NIA_2_20//20170427-VeryMax/ITS/From_T2__apchild-live.t2_fixed__p16470_terminationG_0.smt2 : 17012 ms.
--------------------------------------------------
sat
../QF_NIA_split/QF_NIA_2_20//20170427-VeryMax/ITS/From_T2__apchild-live.t2_fixed__p16473_terminationG_0.smt2 : 1050 ms.
--------------------------------------------------
sat
../QF_NIA_split/QF_NIA_2_20//20170427-VeryMax/ITS/From_T2__apchild-live.t2_fixed__p16474_terminationG_0.smt2 : 14335 ms.
--------------------------------------------------
sat
../QF_NIA_split/QF_NIA_2_20//20170427-VeryMax/ITS/From_T2__apchild-live.t2_fixed__p16475_terminationG_0.smt2 : 8207 ms.
--------------------------------------------------
sat
../QF_NIA_split/QF_NIA_2_20//20170427-VeryMax/ITS/From_T2__apchild-live.t2_fixed__p16478_terminationG_0.smt2 : 3051 ms.
--------------------------------------------------
sat
../QF_NIA_split/QF_NIA_2_20//20170427-VeryMax/ITS/From_T2__apchild-live.t2_fixed__p16479_terminationG_0.smt2 : 28637 ms.
--------------------------------------------------
sat
../QF_NIA_split/QF_NIA_2_20//20170427-VeryMax/ITS/From_T2__apchild-live.t2_fixed__p16480_terminationG_0.smt2 : 34282 ms.
--------------------------------------------------
sat
../QF_NIA_split/QF_NIA_2_20//20170427-VeryMax/ITS/From_T2__apchild-live.t2_fixed__p16483_terminationG_0.smt2 : 4646 ms.
--------------------------------------------------
sat
../QF_NIA_split/QF_NIA_2_20//20170427-VeryMax/ITS/From_T2__apchild-live.t2_fixed__p16484_terminationG_0.smt2 : 15850 ms.
--------------------------------------------------
../QF_NIA_split/QF_NIA_2_20//20170427-VeryMax/ITS/From_T2__apchild-live.t2_fixed__p16485_terminationG_0.smt2 : 601005 ms.
--------------------------------------------------
unsat
../QF_NIA_split/QF_NIA_2_20//20170427-VeryMax/ITS/From_T2__apchild-live.t2_fixed__p16489_safety_0.smt2 : 51 ms.
--------------------------------------------------
unknown
../QF_NIA_split/QF_NIA_2_20//20170427-VeryMax/ITS/From_T2__apchild-live.t2_fixed__p16490_safety_0.smt2 : 601005 ms.
--------------------------------------------------
../QF_NIA_split/QF_NIA_2_20//20170427-VeryMax/ITS/From_T2__apchild-live.t2_fixed__p16491_safety_0.smt2 : 601006 ms.
--------------------------------------------------
unsat
../QF_NIA_split/QF_NIA_2_20//20170427-VeryMax/ITS/From_T2__apchild-live.t2_fixed__p16495_safety_0.smt2 : 56 ms.
--------------------------------------------------
../QF_NIA_split/QF_NIA_2_20//20170427-VeryMax/ITS/From_T2__apchild-live.t2_fixed__p16496_safety_0.smt2 : 601006 ms.
--------------------------------------------------
../QF_NIA_split/QF_NIA_2_20//20170427-VeryMax/ITS/From_T2__apchild-live.t2_fixed__p16497_safety_0.smt2 : 601006 ms.
--------------------------------------------------
unsat
../QF_NIA_split/QF_NIA_2_20//20170427-VeryMax/ITS/From_T2__apchild-live.t2_fixed__p16501_safety_0.smt2 : 39 ms.
--------------------------------------------------
unsat
../QF_NIA_split/QF_NIA_2_20//20170427-VeryMax/ITS/From_T2__apchild-live.t2_fixed__p16502_safety_0.smt2 : 171 ms.
--------------------------------------------------
unsat
../QF_NIA_split/QF_NIA_2_20//20170427-VeryMax/ITS/From_T2__apchild-live.t2_fixed__p16503_safety_0.smt2 : 3970 ms.
--------------------------------------------------
sat
../QF_NIA_split/QF_NIA_2_20//20170427-VeryMax/ITS/From_T2__apchild-live.t2_fixed__p16506_terminationG_0.smt2 : 9178 ms.
--------------------------------------------------
sat
../QF_NIA_split/QF_NIA_2_20//20170427-VeryMax/ITS/From_T2__apchild-live.t2_fixed__p16507_terminationG_0.smt2 : 15716 ms.
--------------------------------------------------
sat
../QF_NIA_split/QF_NIA_2_20//20170427-VeryMax/ITS/From_T2__apchild-live.t2_fixed__p16508_terminationG_0.smt2 : 170338 ms.
--------------------------------------------------
sat
../QF_NIA_split/QF_NIA_2_20//20170427-VeryMax/ITS/From_T2__apchild-live.t2_fixed__p16511_terminationG_0.smt2 : 6950 ms.
--------------------------------------------------
sat
../QF_NIA_split/QF_NIA_2_20//20170427-VeryMax/ITS/From_T2__apchild-live.t2_fixed__p16512_terminationG_0.smt2 : 6869 ms.
--------------------------------------------------
sat
../QF_NIA_split/QF_NIA_2_20//20170427-VeryMax/ITS/From_T2__apchild-live.t2_fixed__p16513_terminationG_0.smt2 : 64896 ms.
--------------------------------------------------
unsat
../QF_NIA_split/QF_NIA_2_20//20170427-VeryMax/ITS/From_T2__apchild-live.t2_fixed__p16517_safety_0.smt2 : 59 ms.
--------------------------------------------------
unknown
../QF_NIA_split/QF_NIA_2_20//20170427-VeryMax/ITS/From_T2__apchild-live.t2_fixed__p16518_safety_0.smt2 : 601006 ms.
--------------------------------------------------
../QF_NIA_split/QF_NIA_2_20//20170427-VeryMax/ITS/From_T2__apchild-live.t2_fixed__p16519_safety_0.smt2 : 601006 ms.
--------------------------------------------------
unsat
../QF_NIA_split/QF_NIA_2_20//20170427-VeryMax/ITS/From_T2__apchild-live.t2_fixed__p16528_safety_0.smt2 : 44 ms.
--------------------------------------------------
unsat
../QF_NIA_split/QF_NIA_2_20//20170427-VeryMax/ITS/From_T2__apchild-live.t2_fixed__p16529_safety_0.smt2 : 54 ms.
--------------------------------------------------
unknown
../QF_NIA_split/QF_NIA_2_20//20170427-VeryMax/ITS/From_T2__apchild-live.t2_fixed__p16530_safety_0.smt2 : 601005 ms.
--------------------------------------------------
unknown
../QF_NIA_split/QF_NIA_2_20//20170427-VeryMax/ITS/From_T2__apchild-live.t2_fixed__p16531_safety_0.smt2 : 601006 ms.
--------------------------------------------------
../QF_NIA_split/QF_NIA_2_20//20170427-VeryMax/ITS/From_T2__apchild-live.t2_fixed__p16532_safety_0.smt2 : 601006 ms.
--------------------------------------------------
../QF_NIA_split/QF_NIA_2_20//20170427-VeryMax/ITS/From_T2__apchild-live.t2_fixed__p16533_safety_0.smt2 : 601009 ms.
--------------------------------------------------
sat
../QF_NIA_split/QF_NIA_2_20//20170427-VeryMax/ITS/From_T2__apchild-live.t2_fixed__p16536_terminationG_0.smt2 : 10331 ms.
--------------------------------------------------
sat
../QF_NIA_split/QF_NIA_2_20//20170427-VeryMax/ITS/From_T2__apchild-live.t2_fixed__p16537_terminationG_0.smt2 : 15668 ms.
--------------------------------------------------
sat
../QF_NIA_split/QF_NIA_2_20//20170427-VeryMax/ITS/From_T2__apchild-live.t2_fixed__p16538_terminationG_0.smt2 : 48930 ms.
--------------------------------------------------
sat
../QF_NIA_split/QF_NIA_2_20//20170427-VeryMax/ITS/From_T2__apchild-live.t2_fixed__p16541_terminationG_0.smt2 : 142290 ms.
--------------------------------------------------
sat
../QF_NIA_split/QF_NIA_2_20//20170427-VeryMax/ITS/From_T2__apchild-live.t2_fixed__p16542_terminationG_0.smt2 : 168712 ms.
--------------------------------------------------
sat
../QF_NIA_split/QF_NIA_2_20//20170427-VeryMax/ITS/From_T2__apchild-live.t2_fixed__p16543_terminationG_0.smt2 : 27032 ms.
--------------------------------------------------
unsat
../QF_NIA_split/QF_NIA_2_20//20170427-VeryMax/ITS/From_T2__apchild-live.t2_fixed__p16547_safety_0.smt2 : 36 ms.
--------------------------------------------------
unknown
../QF_NIA_split/QF_NIA_2_20//20170427-VeryMax/ITS/From_T2__apchild-live.t2_fixed__p16548_safety_0.smt2 : 600896 ms.
--------------------------------------------------
../QF_NIA_split/QF_NIA_2_20//20170427-VeryMax/ITS/From_T2__apchild-live.t2_fixed__p16549_safety_0.smt2 : 601005 ms.
--------------------------------------------------
unsat
../QF_NIA_split/QF_NIA_2_20//20170427-VeryMax/ITS/From_T2__apchild-live.t2_fixed__p16553_safety_0.smt2 : 63 ms.
--------------------------------------------------
../QF_NIA_split/QF_NIA_2_20//20170427-VeryMax/ITS/From_T2__apchild-live.t2_fixed__p16554_safety_0.smt2 : 601006 ms.
--------------------------------------------------
../QF_NIA_split/QF_NIA_2_20//20170427-VeryMax/ITS/From_T2__apchild-live.t2_fixed__p16555_safety_0.smt2 : 601005 ms.
--------------------------------------------------
sat
../QF_NIA_split/QF_NIA_2_20//20170427-VeryMax/ITS/From_T2__apchild-live.t2_fixed__p16558_terminationG_0.smt2 : 1370 ms.
--------------------------------------------------
sat
../QF_NIA_split/QF_NIA_2_20//20170427-VeryMax/ITS/From_T2__apchild-live.t2_fixed__p16559_terminationG_0.smt2 : 87580 ms.
--------------------------------------------------
../QF_NIA_split/QF_NIA_2_20//20170427-VeryMax/ITS/From_T2__apchild-live.t2_fixed__p16560_terminationG_0.smt2 : 601005 ms.
--------------------------------------------------
sat
../QF_NIA_split/QF_NIA_2_20//20170427-VeryMax/ITS/From_T2__apchild-live.t2_fixed__p16563_terminationG_0.smt2 : 5059 ms.
--------------------------------------------------
sat
../QF_NIA_split/QF_NIA_2_20//20170427-VeryMax/ITS/From_T2__apchild-live.t2_fixed__p16564_terminationG_0.smt2 : 12033 ms.
--------------------------------------------------
sat
../QF_NIA_split/QF_NIA_2_20//20170427-VeryMax/ITS/From_T2__apchild-live.t2_fixed__p16565_terminationG_0.smt2 : 11903 ms.
--------------------------------------------------
unsat
../QF_NIA_split/QF_NIA_2_20//20170427-VeryMax/ITS/From_T2__apchild-live.t2_fixed__p16569_safety_0.smt2 : 47 ms.
--------------------------------------------------
../QF_NIA_split/QF_NIA_2_20//20170427-VeryMax/ITS/From_T2__apchild-live.t2_fixed__p16570_safety_0.smt2 : 601006 ms.
--------------------------------------------------
../QF_NIA_split/QF_NIA_2_20//20170427-VeryMax/ITS/From_T2__apchild-live.t2_fixed__p16571_safety_0.smt2 : 601006 ms.
--------------------------------------------------
unsat
../QF_NIA_split/QF_NIA_2_20//20170427-VeryMax/ITS/From_T2__apchild-live.t2_fixed__p16581_safety_0.smt2 : 66 ms.
--------------------------------------------------
unsat
../QF_NIA_split/QF_NIA_2_20//20170427-VeryMax/ITS/From_T2__apchild-live.t2_fixed__p16582_safety_0.smt2 : 44 ms.
--------------------------------------------------
unknown
../QF_NIA_split/QF_NIA_2_20//20170427-VeryMax/ITS/From_T2__apchild-live.t2_fixed__p16583_safety_0.smt2 : 600186 ms.
--------------------------------------------------
unknown
../QF_NIA_split/QF_NIA_2_20//20170427-VeryMax/ITS/From_T2__apchild-live.t2_fixed__p16584_safety_0.smt2 : 601006 ms.
--------------------------------------------------
../QF_NIA_split/QF_NIA_2_20//20170427-VeryMax/ITS/From_T2__apchild-live.t2_fixed__p16585_safety_0.smt2 : 601005 ms.
--------------------------------------------------
../QF_NIA_split/QF_NIA_2_20//20170427-VeryMax/ITS/From_T2__apchild-live.t2_fixed__p16586_safety_0.smt2 : 601005 ms.
--------------------------------------------------
sat
../QF_NIA_split/QF_NIA_2_20//20170427-VeryMax/ITS/From_T2__apchild-live.t2_fixed__p16589_terminationG_0.smt2 : 1405 ms.
--------------------------------------------------
sat
../QF_NIA_split/QF_NIA_2_20//20170427-VeryMax/ITS/From_T2__apchild-live.t2_fixed__p16590_terminationG_0.smt2 : 81067 ms.
--------------------------------------------------
../QF_NIA_split/QF_NIA_2_20//20170427-VeryMax/ITS/From_T2__apchild-live.t2_fixed__p16591_terminationG_0.smt2 : 601005 ms.
--------------------------------------------------
sat
../QF_NIA_split/QF_NIA_2_20//20170427-VeryMax/ITS/From_T2__apchild-live.t2_fixed__p16594_terminationG_0.smt2 : 12545 ms.
--------------------------------------------------
sat
../QF_NIA_split/QF_NIA_2_20//20170427-VeryMax/ITS/From_T2__apchild-live.t2_fixed__p16595_terminationG_0.smt2 : 10617 ms.
--------------------------------------------------
../QF_NIA_split/QF_NIA_2_20//20170427-VeryMax/ITS/From_T2__apchild-live.t2_fixed__p16596_terminationG_0.smt2 : 601008 ms.
--------------------------------------------------
sat
../QF_NIA_split/QF_NIA_2_20//20170427-VeryMax/ITS/From_T2__apchild-live.t2_fixed__p16599_terminationG_0.smt2 : 1144 ms.
--------------------------------------------------
../QF_NIA_split/QF_NIA_2_20//20170427-VeryMax/ITS/From_T2__apchild-live.t2_fixed__p16600_terminationG_0.smt2 : 601006 ms.
--------------------------------------------------
../QF_NIA_split/QF_NIA_2_20//20170427-VeryMax/ITS/From_T2__apchild-live.t2_fixed__p16601_terminationG_0.smt2 : 601006 ms.
--------------------------------------------------
unsat
../QF_NIA_split/QF_NIA_2_20//20170427-VeryMax/ITS/From_T2__apchild-live.t2_fixed__p16604_terminationG_0.smt2 : 175801 ms.
--------------------------------------------------
../QF_NIA_split/QF_NIA_2_20//20170427-VeryMax/ITS/From_T2__apchild-live.t2_fixed__p16605_terminationG_0.smt2 : 601005 ms.
--------------------------------------------------
../QF_NIA_split/QF_NIA_2_20//20170427-VeryMax/ITS/From_T2__apchild-live.t2_fixed__p16606_terminationG_0.smt2 : 601006 ms.
--------------------------------------------------
unknown
../QF_NIA_split/QF_NIA_2_20//20170427-VeryMax/ITS/From_T2__apchild-live.t2_fixed__p16609_edge_closing_0.smt2 : 600234 ms.
--------------------------------------------------
unknown
../QF_NIA_split/QF_NIA_2_20//20170427-VeryMax/ITS/From_T2__apchild-live.t2_fixed__p16610_edge_closing_0.smt2 : 600487 ms.
--------------------------------------------------
../QF_NIA_split/QF_NIA_2_20//20170427-VeryMax/ITS/From_T2__apchild-live.t2_fixed__p16611_edge_closing_0.smt2 : 601005 ms.
--------------------------------------------------
unsat
../QF_NIA_split/QF_NIA_2_20//20170427-VeryMax/ITS/From_T2__apchild-live.t2_fixed__term_unfeasibility_2_0.smt2 : 321 ms.
--------------------------------------------------
sat
../QF_NIA_split/QF_NIA_2_20//20170427-VeryMax/ITS/From_T2__apchild-live.t2__p16618_terminationG_0.smt2 : 10216 ms.
--------------------------------------------------
sat
../QF_NIA_split/QF_NIA_2_20//20170427-VeryMax/ITS/From_T2__apchild-live.t2__p16619_terminationG_0.smt2 : 255746 ms.
--------------------------------------------------
sat
../QF_NIA_split/QF_NIA_2_20//20170427-VeryMax/ITS/From_T2__apchild-live.t2__p16620_terminationG_0.smt2 : 343605 ms.
--------------------------------------------------
sat
../QF_NIA_split/QF_NIA_2_20//20170427-VeryMax/ITS/From_T2__apchild-live.t2__p16623_terminationG_0.smt2 : 10371 ms.
--------------------------------------------------
sat
../QF_NIA_split/QF_NIA_2_20//20170427-VeryMax/ITS/From_T2__apchild-live.t2__p16624_terminationG_0.smt2 : 206106 ms.
--------------------------------------------------
../QF_NIA_split/QF_NIA_2_20//20170427-VeryMax/ITS/From_T2__apchild-live.t2__p16625_terminationG_0.smt2 : 601004 ms.
--------------------------------------------------
sat
../QF_NIA_split/QF_NIA_2_20//20170427-VeryMax/ITS/From_T2__apchild-live.t2__p16628_terminationG_0.smt2 : 6394 ms.
--------------------------------------------------
../QF_NIA_split/QF_NIA_2_20//20170427-VeryMax/ITS/From_T2__apchild-live.t2__p16629_terminationG_0.smt2 : 601005 ms.
--------------------------------------------------
../QF_NIA_split/QF_NIA_2_20//20170427-VeryMax/ITS/From_T2__apchild-live.t2__p16630_terminationG_0.smt2 : 601006 ms.
--------------------------------------------------
sat
../QF_NIA_split/QF_NIA_2_20//20170427-VeryMax/ITS/From_T2__apchild-live.t2__p16633_terminationG_0.smt2 : 4252 ms.
--------------------------------------------------
sat
../QF_NIA_split/QF_NIA_2_20//20170427-VeryMax/ITS/From_T2__apchild-live.t2__p16634_terminationG_0.smt2 : 78134 ms.
--------------------------------------------------
../QF_NIA_split/QF_NIA_2_20//20170427-VeryMax/ITS/From_T2__apchild-live.t2__p16635_terminationG_0.smt2 : 601006 ms.
--------------------------------------------------
sat
../QF_NIA_split/QF_NIA_2_20//20170427-VeryMax/ITS/From_T2__apchild-live.t2__p16638_terminationG_0.smt2 : 122109 ms.
--------------------------------------------------
sat
../QF_NIA_split/QF_NIA_2_20//20170427-VeryMax/ITS/From_T2__apchild-live.t2__p16639_terminationG_0.smt2 : 307957 ms.
--------------------------------------------------
sat
../QF_NIA_split/QF_NIA_2_20//20170427-VeryMax/ITS/From_T2__apchild-live.t2__p16640_terminationG_0.smt2 : 24395 ms.
--------------------------------------------------
unsat
../QF_NIA_split/QF_NIA_2_20//20170427-VeryMax/ITS/From_T2__apchild-live.t2__p16644_safety_0.smt2 : 66 ms.
--------------------------------------------------
../QF_NIA_split/QF_NIA_2_20//20170427-VeryMax/ITS/From_T2__apchild-live.t2__p16645_safety_0.smt2 : 601005 ms.
--------------------------------------------------
../QF_NIA_split/QF_NIA_2_20//20170427-VeryMax/ITS/From_T2__apchild-live.t2__p16646_safety_0.smt2 : 601005 ms.
--------------------------------------------------
unsat
../QF_NIA_split/QF_NIA_2_20//20170427-VeryMax/ITS/From_T2__apchild-live.t2__p16650_safety_0.smt2 : 41 ms.
--------------------------------------------------
unsat
../QF_NIA_split/QF_NIA_2_20//20170427-VeryMax/ITS/From_T2__apchild-live.t2__p16651_safety_0.smt2 : 157 ms.
--------------------------------------------------
unsat
../QF_NIA_split/QF_NIA_2_20//20170427-VeryMax/ITS/From_T2__apchild-live.t2__p16652_safety_0.smt2 : 5965 ms.
--------------------------------------------------
sat
../QF_NIA_split/QF_NIA_2_20//20170427-VeryMax/ITS/From_T2__apchild-live.t2__p16655_terminationG_0.smt2 : 12028 ms.
--------------------------------------------------
sat
../QF_NIA_split/QF_NIA_2_20//20170427-VeryMax/ITS/From_T2__apchild-live.t2__p16656_terminationG_0.smt2 : 222574 ms.
--------------------------------------------------
sat
../QF_NIA_split/QF_NIA_2_20//20170427-VeryMax/ITS/From_T2__apchild-live.t2__p16657_terminationG_0.smt2 : 51365 ms.
--------------------------------------------------
sat
../QF_NIA_split/QF_NIA_2_20//20170427-VeryMax/ITS/From_T2__apchild-live.t2__p16660_terminationG_0.smt2 : 11605 ms.
--------------------------------------------------
sat
../QF_NIA_split/QF_NIA_2_20//20170427-VeryMax/ITS/From_T2__apchild-live.t2__p16661_terminationG_0.smt2 : 280809 ms.
--------------------------------------------------
../QF_NIA_split/QF_NIA_2_20//20170427-VeryMax/ITS/From_T2__apchild-live.t2__p16662_terminationG_0.smt2 : 601004 ms.
--------------------------------------------------
sat
../QF_NIA_split/QF_NIA_2_20//20170427-VeryMax/ITS/From_T2__apchild-live.t2__p16665_terminationG_0.smt2 : 9294 ms.
--------------------------------------------------
sat
../QF_NIA_split/QF_NIA_2_20//20170427-VeryMax/ITS/From_T2__apchild-live.t2__p16666_terminationG_0.smt2 : 53456 ms.
--------------------------------------------------
../QF_NIA_split/QF_NIA_2_20//20170427-VeryMax/ITS/From_T2__apchild-live.t2__p16667_terminationG_0.smt2 : 601005 ms.
--------------------------------------------------
unsat
../QF_NIA_split/QF_NIA_2_20//20170427-VeryMax/ITS/From_T2__apchild-live.t2__p16671_safety_0.smt2 : 81 ms.
--------------------------------------------------
../QF_NIA_split/QF_NIA_2_20//20170427-VeryMax/ITS/From_T2__apchild-live.t2__p16672_safety_0.smt2 : 601006 ms.
--------------------------------------------------
../QF_NIA_split/QF_NIA_2_20//20170427-VeryMax/ITS/From_T2__apchild-live.t2__p16673_safety_0.smt2 : 601008 ms.
--------------------------------------------------
unsat
../QF_NIA_split/QF_NIA_2_20//20170427-VeryMax/ITS/From_T2__apchild-live.t2__p16674_safety_0.smt2 : 30 ms.
--------------------------------------------------
unsat
../QF_NIA_split/QF_NIA_2_20//20170427-VeryMax/ITS/From_T2__apchild-live.t2__p16675_safety_0.smt2 : 119 ms.
--------------------------------------------------
unsat
../QF_NIA_split/QF_NIA_2_20//20170427-VeryMax/ITS/From_T2__apchild-live.t2__p16676_safety_0.smt2 : 30158 ms.
--------------------------------------------------
sat
../QF_NIA_split/QF_NIA_2_20//20170427-VeryMax/ITS/From_T2__apchild-live.t2__p16679_terminationG_0.smt2 : 45624 ms.
--------------------------------------------------
../QF_NIA_split/QF_NIA_2_20//20170427-VeryMax/ITS/From_T2__apchild-live.t2__p16680_terminationG_0.smt2 : 601006 ms.
--------------------------------------------------
../QF_NIA_split/QF_NIA_2_20//20170427-VeryMax/ITS/From_T2__apchild-live.t2__p16681_terminationG_0.smt2 : 601006 ms.
--------------------------------------------------
sat
../QF_NIA_split/QF_NIA_2_20//20170427-VeryMax/ITS/From_T2__apchild-live.t2__terminationQ_0_0.smt2 : 975 ms.
--------------------------------------------------
sat
../QF_NIA_split/QF_NIA_2_20//20170427-VeryMax/ITS/From_T2__apchild-live.t2__terminationQ_1_0.smt2 : 1190 ms.
--------------------------------------------------
sat
../QF_NIA_split/QF_NIA_2_20//20170427-VeryMax/ITS/From_T2__apchild-live.t2__terminationQ_2_0.smt2 : 3041 ms.
--------------------------------------------------
unsat
../QF_NIA_split/QF_NIA_2_20//20170427-VeryMax/ITS/From_T2__apchild-live.t2__terminationS_0_0.smt2 : 102 ms.
--------------------------------------------------
unsat
../QF_NIA_split/QF_NIA_2_20//20170427-VeryMax/ITS/From_T2__apchild-live.t2__terminationS_1_0.smt2 : 110 ms.
--------------------------------------------------
unsat
../QF_NIA_split/QF_NIA_2_20//20170427-VeryMax/ITS/From_T2__apchild-live.t2__terminationS_2_0.smt2 : 156 ms.
--------------------------------------------------
unsat
../QF_NIA_split/QF_NIA_2_20//20170427-VeryMax/ITS/From_T2__apchild-live.t2__terminationS_21_0.smt2 : 166 ms.
--------------------------------------------------
unsat
../QF_NIA_split/QF_NIA_2_20//20170427-VeryMax/ITS/From_T2__apchild-live.t2__terminationS_27_0.smt2 : 163 ms.
--------------------------------------------------
unsat
../QF_NIA_split/QF_NIA_2_20//20170427-VeryMax/ITS/From_T2__apchild-live.t2__terminationS_3_0.smt2 : 144 ms.
--------------------------------------------------
unsat
../QF_NIA_split/QF_NIA_2_20//20170427-VeryMax/ITS/From_T2__apchild-live.t2__terminationS_35_0.smt2 : 156 ms.
--------------------------------------------------
unsat
../QF_NIA_split/QF_NIA_2_20//20170427-VeryMax/ITS/From_T2__apchild-live.t2__terminationS_36_0.smt2 : 659 ms.
--------------------------------------------------
unsat
../QF_NIA_split/QF_NIA_2_20//20170427-VeryMax/ITS/From_T2__apchild-live.t2__terminationS_37_0.smt2 : 1842 ms.
--------------------------------------------------
unsat
../QF_NIA_split/QF_NIA_2_20//20170427-VeryMax/ITS/From_T2__apchild-live.t2__terminationS_40_0.smt2 : 442 ms.
--------------------------------------------------
unsat
../QF_NIA_split/QF_NIA_2_20//20170427-VeryMax/ITS/From_T2__apchild-live.t2__terminationS_4_0.smt2 : 92 ms.
--------------------------------------------------
unsat
../QF_NIA_split/QF_NIA_2_20//20170427-VeryMax/ITS/From_T2__apchild-live.t2__terminationS_41_0.smt2 : 772 ms.
--------------------------------------------------
unsat
../QF_NIA_split/QF_NIA_2_20//20170427-VeryMax/ITS/From_T2__apchild-live.t2__terminationS_5_0.smt2 : 168 ms.
--------------------------------------------------
unsat
../QF_NIA_split/QF_NIA_2_20//20170427-VeryMax/ITS/From_T2__apchild-live.t2__term_unfeasibility_2_0.smt2 : 633 ms.
--------------------------------------------------
sat
../QF_NIA_split/QF_NIA_2_20//20170427-VeryMax/ITS/From_T2__armc-difficult_foo3.t2__term_unfeasibility_0_0.smt2 : 400464 ms.
--------------------------------------------------
unknown
../QF_NIA_split/QF_NIA_2_20//20170427-VeryMax/ITS/From_T2__armc-difficult_foo3.t2__term_unfeasibility_1_0.smt2 : 600276 ms.
--------------------------------------------------
sat
../QF_NIA_split/QF_NIA_2_20//20170427-VeryMax/ITS/From_T2__armc-difficult_k.t2__p16712_terminationG_0.smt2 : 910 ms.
--------------------------------------------------
sat
../QF_NIA_split/QF_NIA_2_20//20170427-VeryMax/ITS/From_T2__armc-difficult_k.t2__p16713_terminationG_0.smt2 : 1683 ms.
