--------------------------------------------------
Number of variables: 56195
Number of clauses: 292646
unsat in 2 bits.
Number of variables: 104209
Number of clauses: 539222
sat
real sat
../New_SAT_split/QF_NIA_2_4/20170427-VeryMax/ITS/From_AProVE_2014__juHashMapCreate.jar-obl-10__p4381_terminationG_0.smt2 : 12371 ms.
--------------------------------------------------
Number of variables: 101417
Number of clauses: 515593
unsat in 2 bits.
Number of variables: 207269
Number of clauses: 1063847
sat
real sat
../New_SAT_split/QF_NIA_2_4/20170427-VeryMax/ITS/From_AProVE_2014__juHashMapCreate.jar-obl-10__p4382_terminationG_0.smt2 : 17610 ms.
--------------------------------------------------
Number of variables: 160721
Number of clauses: 809640
unsat in 2 bits.
Number of variables: 344891
Number of clauses: 1767452
sat
real sat
../New_SAT_split/QF_NIA_2_4/20170427-VeryMax/ITS/From_AProVE_2014__juHashMapCreate.jar-obl-10__p4383_terminationG_0.smt2 : 99907 ms.
--------------------------------------------------
Number of variables: 34589
Number of clauses: 160770
unsat in 2 bits.
Number of variables: 79459
Number of clauses: 392034
unsat in 4 bits.
Number of variables: 232695
Number of clauses: 1256454
sat
real sat
../New_SAT_split/QF_NIA_2_4/20170427-VeryMax/ITS/From_AProVE_2014__juHashMapCreate.jar-obl-10__p4392_safety_0.smt2 : 8570 ms.
--------------------------------------------------
Number of variables: 59805
Number of clauses: 280280
unsat in 2 bits.
Number of variables: 141727
Number of clauses: 705362
unsat in 4 bits.
Number of variables: 424947
Number of clauses: 2311338
sat
real sat
../New_SAT_split/QF_NIA_2_4/20170427-VeryMax/ITS/From_AProVE_2014__juHashMapCreate.jar-obl-10__p4394_safety_0.smt2 : 152451 ms.
--------------------------------------------------
Number of variables: 62007
Number of clauses: 289764
unsat in 2 bits.
Number of variables: 144189
Number of clauses: 716822
unsat in 4 bits.
Number of variables: 427929
Number of clauses: 2326750
sat
real sat
../New_SAT_split/QF_NIA_2_4/20170427-VeryMax/ITS/From_AProVE_2014__juHashMapCreate.jar-obl-10__p4395_safety_0.smt2 : 49165 ms.
--------------------------------------------------
Number of variables: 36141
Number of clauses: 167530
unsat in 2 bits.
Number of variables: 77623
Number of clauses: 381648
unsat in 4 bits.
Number of variables: 216535
Number of clauses: 1164112
sat
real sat
../New_SAT_split/QF_NIA_2_4/20170427-VeryMax/ITS/From_AProVE_2014__juHashMapCreate.jar-obl-10__p4399_safety_0.smt2 : 21899 ms.
--------------------------------------------------
Number of variables: 61419
Number of clauses: 287347
unsat in 2 bits.
Number of variables: 138277
Number of clauses: 686493
unsat in 4 bits.
Number of variables: 400077
Number of clauses: 2169221
sat
real sat
../New_SAT_split/QF_NIA_2_4/20170427-VeryMax/ITS/From_AProVE_2014__juHashMapCreate.jar-obl-10__p4400_safety_0.smt2 : 16516 ms.
--------------------------------------------------
Number of variables: 59105
Number of clauses: 277131
unsat in 2 bits.
Number of variables: 135663
Number of clauses: 674013
unsat in 4 bits.
Number of variables: 396863
Number of clauses: 2152213
sat
real sat
../New_SAT_split/QF_NIA_2_4/20170427-VeryMax/ITS/From_AProVE_2014__juHashMapCreate.jar-obl-10__p4405_safety_0.smt2 : 79543 ms.
--------------------------------------------------
Number of variables: 17537
Number of clauses: 80265
unsat in 2 bits.
Number of variables: 33947
Number of clauses: 163655
unsat in 4 bits.
Number of variables: 86707
Number of clauses: 456599
sat
real sat
../New_SAT_split/QF_NIA_2_4/20170427-VeryMax/ITS/From_AProVE_2014__juHashMapCreate.jar-obl-10__p4408_safety_0.smt2 : 1669 ms.
--------------------------------------------------
Number of variables: 36163
Number of clauses: 167568
unsat in 2 bits.
Number of variables: 77653
Number of clauses: 381714
unsat in 4 bits.
Number of variables: 216581
Number of clauses: 1164234
sat
real sat
../New_SAT_split/QF_NIA_2_4/20170427-VeryMax/ITS/From_AProVE_2014__juHashMapCreate.jar-obl-10__p4409_safety_0.smt2 : 21680 ms.
--------------------------------------------------
Number of variables: 61441
Number of clauses: 287367
unsat in 2 bits.
Number of variables: 138307
Number of clauses: 686541
unsat in 4 bits.
Number of variables: 400123
Number of clauses: 2169325
sat
real sat
../New_SAT_split/QF_NIA_2_4/20170427-VeryMax/ITS/From_AProVE_2014__juHashMapCreate.jar-obl-10__p4410_safety_0.smt2 : 58559 ms.
--------------------------------------------------
Number of variables: 74105
Number of clauses: 370654
unsat in 2 bits.
Number of variables: 157333
Number of clauses: 806032
unsat in 4 bits.
Number of variables: 440517
Number of clauses: 2416682
unsat in 8 bits.
Number of variables: 1472309
Number of clauses: 8585698
unsat in 16 bits.
Number of variables: 5397529
Number of clauses: 32714082
../New_SAT_split/QF_NIA_2_4/20170427-VeryMax/ITS/From_AProVE_2014__juHashMapCreate.jar-obl-10__p4422_safety_0.smt2 : 2401066 ms.
--------------------------------------------------
Number of variables: 133902
Number of clauses: 669652
unsat in 2 bits.
Number of variables: 296110
Number of clauses: 1520964
unsat in 4 bits.
Number of variables: 856278
Number of clauses: 4717946
unsat in 8 bits.
Number of variables: 2916670
Number of clauses: 17065642
unsat in 16 bits.
Number of variables: 10797586
Number of clauses: 65575194
../New_SAT_split/QF_NIA_2_4/20170427-VeryMax/ITS/From_AProVE_2014__juHashMapCreate.jar-obl-10__p4423_safety_0.smt2 : 2401143 ms.
--------------------------------------------------
Number of variables: 104060
Number of clauses: 500554
unsat in 2 bits.
Number of variables: 190758
Number of clauses: 962528
sat
real sat
../New_SAT_split/QF_NIA_2_4/20170427-VeryMax/ITS/From_AProVE_2014__juHashMapCreate.jar-obl-10__p4425_safety_0.smt2 : 8777 ms.
--------------------------------------------------
Number of variables: 174869
Number of clauses: 847051
unsat in 2 bits.
Number of variables: 341823
Number of clauses: 1734783
sat
real sat
../New_SAT_split/QF_NIA_2_4/20170427-VeryMax/ITS/From_AProVE_2014__juHashMapCreate.jar-obl-10__p4426_safety_0.smt2 : 60458 ms.
--------------------------------------------------
Number of variables: 34223
Number of clauses: 158766
unsat in 2 bits.
Number of variables: 79029
Number of clauses: 389802
unsat in 4 bits.
Number of variables: 232137
Number of clauses: 1253766
sat
real sat
../New_SAT_split/QF_NIA_2_4/20170427-VeryMax/ITS/From_AProVE_2014__juHashMapCreate.jar-obl-10__p4430_safety_0.smt2 : 7625 ms.
--------------------------------------------------
Number of variables: 59269
Number of clauses: 277196
unsat in 2 bits.
Number of variables: 141103
Number of clauses: 701950
unsat in 4 bits.
Number of variables: 424147
Number of clauses: 2307270
sat
real sat
../New_SAT_split/QF_NIA_2_4/20170427-VeryMax/ITS/From_AProVE_2014__juHashMapCreate.jar-obl-10__p4431_safety_0.smt2 : 49734 ms.
--------------------------------------------------
Number of variables: 37332
Number of clauses: 173480
unsat in 2 bits.
Number of variables: 82686
Number of clauses: 408120
unsat in 4 bits.
Number of variables: 236890
Number of clauses: 1279292
sat
real sat
../New_SAT_split/QF_NIA_2_4/20170427-VeryMax/ITS/From_AProVE_2014__juHashMapCreate.jar-obl-10__p4435_safety_0.smt2 : 40783 ms.
--------------------------------------------------
Number of variables: 33469
Number of clauses: 155403
unsat in 2 bits.
Number of variables: 74595
Number of clauses: 367131
unsat in 4 bits.
Number of variables: 212795
Number of clauses: 1144815
sat
real sat
../New_SAT_split/QF_NIA_2_4/20170427-VeryMax/ITS/From_AProVE_2014__juHashMapCreate.jar-obl-10__p4440_safety_0.smt2 : 14806 ms.
--------------------------------------------------
Number of variables: 58512
Number of clauses: 273774
unsat in 2 bits.
Number of variables: 134970
Number of clauses: 670316
unsat in 4 bits.
Number of variables: 395970
Number of clauses: 2147836
sat
real sat
../New_SAT_split/QF_NIA_2_4/20170427-VeryMax/ITS/From_AProVE_2014__juHashMapCreate.jar-obl-10__p4441_safety_0.smt2 : 52608 ms.
--------------------------------------------------
Number of variables: 36886
Number of clauses: 172528
unsat in 2 bits.
Number of variables: 78560
Number of clauses: 388044
unsat in 4 bits.
Number of variables: 217856
Number of clauses: 1173304
sat
real sat
../New_SAT_split/QF_NIA_2_4/20170427-VeryMax/ITS/From_AProVE_2014__juHashMapCreate.jar-obl-10__p4445_safety_0.smt2 : 5391 ms.
--------------------------------------------------
Number of variables: 62407
Number of clauses: 294095
unsat in 2 bits.
Number of variables: 139501
Number of clauses: 695031
unsat in 4 bits.
Number of variables: 401773
Number of clauses: 2181339
sat
real sat
../New_SAT_split/QF_NIA_2_4/20170427-VeryMax/ITS/From_AProVE_2014__juHashMapCreate.jar-obl-10__p4446_safety_0.smt2 : 72625 ms.
--------------------------------------------------
Number of variables: 37096
Number of clauses: 173872
unsat in 2 bits.
Number of variables: 78842
Number of clauses: 389756
unsat in 4 bits.
Number of variables: 218282
Number of clauses: 1175752
sat
real sat
../New_SAT_split/QF_NIA_2_4/20170427-VeryMax/ITS/From_AProVE_2014__juHashMapCreate.jar-obl-10__p4452_safety_0.smt2 : 25806 ms.
--------------------------------------------------
Number of variables: 62721
Number of clauses: 296107
unsat in 2 bits.
Number of variables: 139923
Number of clauses: 697595
unsat in 4 bits.
Number of variables: 402411
Number of clauses: 2185007
sat
real sat
../New_SAT_split/QF_NIA_2_4/20170427-VeryMax/ITS/From_AProVE_2014__juHashMapCreate.jar-obl-10__p4454_safety_0.smt2 : 238735 ms.
--------------------------------------------------
Number of variables: 33761
Number of clauses: 157261
unsat in 2 bits.
Number of variables: 74991
Number of clauses: 369581
unsat in 4 bits.
Number of variables: 213399
Number of clauses: 1148449
sat
real sat
../New_SAT_split/QF_NIA_2_4/20170427-VeryMax/ITS/From_AProVE_2014__juHashMapCreate.jar-obl-10__p4455_safety_0.smt2 : 46702 ms.
--------------------------------------------------
Number of variables: 58932
Number of clauses: 276470
unsat in 2 bits.
Number of variables: 135538
Number of clauses: 673852
unsat in 4 bits.
Number of variables: 396834
Number of clauses: 2153052
sat
real sat
../New_SAT_split/QF_NIA_2_4/20170427-VeryMax/ITS/From_AProVE_2014__juHashMapCreate.jar-obl-10__p4456_safety_0.smt2 : 208036 ms.
--------------------------------------------------
Number of variables: 53377
Number of clauses: 258400
unsat in 2 bits.
Number of variables: 85007
Number of clauses: 427857
sat
real sat
../New_SAT_split/QF_NIA_2_4/20170427-VeryMax/ITS/From_AProVE_2014__juHashMapCreate.jar-obl-10__p4467_safety_0.smt2 : 2931 ms.
--------------------------------------------------
Number of variables: 109193
Number of clauses: 531208
unsat in 2 bits.
Number of variables: 194751
Number of clauses: 987745
sat
real sat
../New_SAT_split/QF_NIA_2_4/20170427-VeryMax/ITS/From_AProVE_2014__juHashMapCreate.jar-obl-10__p4468_safety_0.smt2 : 33782 ms.
--------------------------------------------------
Number of variables: 182674
Number of clauses: 893494
unsat in 2 bits.
Number of variables: 347716
Number of clauses: 1771415
sat
real sat
../New_SAT_split/QF_NIA_2_4/20170427-VeryMax/ITS/From_AProVE_2014__juHashMapCreate.jar-obl-10__p4469_safety_0.smt2 : 48153 ms.
--------------------------------------------------
Number of variables: 31636
Number of clauses: 160075
unsat in 2 bits.
Number of variables: 60554
Number of clauses: 309597
unsat in 4 bits.
Number of variables: 154658
Number of clauses: 838551
unsat in 8 bits.
Number of variables: 487450
Number of clauses: 2812175
unsat in 16 bits.
Number of variables: 1731340
Number of clauses: 10422023
sat
real sat
../New_SAT_split/QF_NIA_2_4/20170427-VeryMax/ITS/From_AProVE_2014__juHashMapCreate.jar-obl-10__p4470_safety_0.smt2 : 428457 ms.
--------------------------------------------------
Number of variables: 74002
Number of clauses: 371457
unsat in 2 bits.
Number of variables: 155356
Number of clauses: 797103
unsat in 4 bits.
Number of variables: 431036
Number of clauses: 2364529
unsat in 8 bits.
Number of variables: 1432844
Number of clauses: 8352249
unsat in 16 bits.
Number of variables: 5238190
Number of clauses: 31738641
../New_SAT_split/QF_NIA_2_4/20170427-VeryMax/ITS/From_AProVE_2014__juHashMapCreate.jar-obl-10__p4471_safety_0.smt2 : 2401068 ms.
--------------------------------------------------
Number of variables: 133953
Number of clauses: 671677
unsat in 2 bits.
Number of variables: 293419
Number of clauses: 1508711
unsat in 4 bits.
Number of variables: 842475
Number of clauses: 4641521
unsat in 8 bits.
Number of variables: 2858179
Number of clauses: 16718601
unsat in 16 bits.
Number of variables: 10559861
Number of clauses: 64117825
../New_SAT_split/QF_NIA_2_4/20170427-VeryMax/ITS/From_AProVE_2014__juHashMapCreate.jar-obl-10__p4472_safety_0.smt2 : 2401144 ms.
--------------------------------------------------
Number of variables: 33259
Number of clauses: 153656
unsat in 2 bits.
Number of variables: 73355
Number of clauses: 360954
unsat in 4 bits.
Number of variables: 209535
Number of clauses: 1130070
sat
real sat
../New_SAT_split/QF_NIA_2_4/20170427-VeryMax/ITS/From_AProVE_2014__juHashMapCreate.jar-obl-10__p4477_safety_0.smt2 : 10348 ms.
--------------------------------------------------
Number of variables: 32945
Number of clauses: 152315
unsat in 2 bits.
Number of variables: 71233
Number of clauses: 350153
unsat in 4 bits.
Number of variables: 200023
Number of clauses: 1076517
sat
real sat
../New_SAT_split/QF_NIA_2_4/20170427-VeryMax/ITS/From_AProVE_2014__juHashMapCreate.jar-obl-10__p4484_safety_0.smt2 : 7304 ms.
--------------------------------------------------
Number of variables: 56633
Number of clauses: 264177
unsat in 2 bits.
Number of variables: 128711
Number of clauses: 638881
unsat in 4 bits.
Number of variables: 375361
Number of clauses: 2037457
sat
real sat
../New_SAT_split/QF_NIA_2_4/20170427-VeryMax/ITS/From_AProVE_2014__juHashMapCreate.jar-obl-10__p4485_safety_0.smt2 : 42257 ms.
--------------------------------------------------
Number of variables: 34383
Number of clauses: 161057
unsat in 2 bits.
Number of variables: 75767
Number of clauses: 374302
unsat in 4 bits.
Number of variables: 214503
Number of clauses: 1155166
sat
real sat
../New_SAT_split/QF_NIA_2_4/20170427-VeryMax/ITS/From_AProVE_2014__juHashMapCreate.jar-obl-10__p4489_safety_0.smt2 : 8805 ms.
--------------------------------------------------
Number of variables: 59751
Number of clauses: 281520
unsat in 2 bits.
Number of variables: 136547
Number of clauses: 680057
unsat in 4 bits.
Number of variables: 398251
Number of clauses: 2161777
sat
real sat
../New_SAT_split/QF_NIA_2_4/20170427-VeryMax/ITS/From_AProVE_2014__juHashMapCreate.jar-obl-10__p4490_safety_0.smt2 : 90403 ms.
--------------------------------------------------
Number of variables: 33048
Number of clauses: 152971
unsat in 2 bits.
Number of variables: 71372
Number of clauses: 350993
unsat in 4 bits.
Number of variables: 200234
Number of clauses: 1077725
sat
real sat
../New_SAT_split/QF_NIA_2_4/20170427-VeryMax/ITS/From_AProVE_2014__juHashMapCreate.jar-obl-10__p4492_safety_0.smt2 : 27652 ms.
--------------------------------------------------
Number of variables: 56787
Number of clauses: 265159
unsat in 2 bits.
Number of variables: 128919
Number of clauses: 640139
unsat in 4 bits.
Number of variables: 375677
Number of clauses: 2039267
sat
real sat
../New_SAT_split/QF_NIA_2_4/20170427-VeryMax/ITS/From_AProVE_2014__juHashMapCreate.jar-obl-10__p4493_safety_0.smt2 : 658804 ms.
--------------------------------------------------
Number of variables: 61525
Number of clauses: 292572
unsat in 2 bits.
Number of variables: 138917
Number of clauses: 694613
unsat in 4 bits.
Number of variables: 401813
Number of clauses: 2183341
sat
real sat
../New_SAT_split/QF_NIA_2_4/20170427-VeryMax/ITS/From_AProVE_2014__juHashMapCreate.jar-obl-10__p4498_safety_0.smt2 : 60905 ms.
--------------------------------------------------
Number of variables: 16583
Number of clauses: 78702
unsat in 2 bits.
Number of variables: 33171
Number of clauses: 162791
unsat in 4 bits.
Number of variables: 86299
Number of clauses: 457215
sat
real sat
../New_SAT_split/QF_NIA_2_4/20170427-VeryMax/ITS/From_AProVE_2014__juHashMapCreate.jar-obl-10__p4504_safety_0.smt2 : 5116 ms.
--------------------------------------------------
Number of variables: 35951
Number of clauses: 170841
unsat in 2 bits.
Number of variables: 77867
Number of clauses: 387190
unsat in 4 bits.
Number of variables: 217667
Number of clauses: 1174262
sat
real sat
../New_SAT_split/QF_NIA_2_4/20170427-VeryMax/ITS/From_AProVE_2014__juHashMapCreate.jar-obl-10__p4505_safety_0.smt2 : 13420 ms.
--------------------------------------------------
Number of variables: 61987
Number of clauses: 295604
unsat in 2 bits.
Number of variables: 139527
Number of clauses: 698485
unsat in 4 bits.
Number of variables: 402719
Number of clauses: 2188893
sat
real sat
../New_SAT_split/QF_NIA_2_4/20170427-VeryMax/ITS/From_AProVE_2014__juHashMapCreate.jar-obl-10__p4506_safety_0.smt2 : 84770 ms.
--------------------------------------------------
Number of variables: 33242
Number of clauses: 170560
unsat in 2 bits.
Number of variables: 62544
Number of clauses: 322134
unsat in 4 bits.
Number of variables: 157574
Number of clauses: 856525
unsat in 8 bits.
Number of variables: 492230
Number of clauses: 2841125
unsat in 16 bits.
Number of variables: 1739848
Number of clauses: 10472925
sat
real sat
../New_SAT_split/QF_NIA_2_4/20170427-VeryMax/ITS/From_AProVE_2014__juHashMapCreate.jar-obl-10__p4509_safety_0.smt2 : 644098 ms.
--------------------------------------------------
Number of variables: 76808
Number of clauses: 390045
unsat in 2 bits.
Number of variables: 158668
Number of clauses: 818095
unsat in 4 bits.
Number of variables: 435860
Number of clauses: 2394444
unsat in 8 bits.
Number of variables: 1440732
Number of clauses: 8400340
unsat in 16 bits.
Number of variables: 5252206
Number of clauses: 31823084
../New_SAT_split/QF_NIA_2_4/20170427-VeryMax/ITS/From_AProVE_2014__juHashMapCreate.jar-obl-10__p4510_safety_0.smt2 : 2401075 ms.
--------------------------------------------------
Number of variables: 138063
Number of clauses: 699200
unsat in 2 bits.
Number of variables: 298061
Number of clauses: 1538222
unsat in 4 bits.
Number of variables: 849207
Number of clauses: 4683377
unsat in 8 bits.
Number of variables: 2869175
Number of clauses: 16785833
unsat in 16 bits.
Number of variables: 10579385
Number of clauses: 64235809
../New_SAT_split/QF_NIA_2_4/20170427-VeryMax/ITS/From_AProVE_2014__juHashMapCreate.jar-obl-10__p4511_safety_0.smt2 : 2401154 ms.
--------------------------------------------------
Number of variables: 54009
Number of clauses: 251526
unsat in 2 bits.
Number of variables: 128303
Number of clauses: 637074
unsat in 4 bits.
Number of variables: 385023
Number of clauses: 2092998
sat
real sat
../New_SAT_split/QF_NIA_2_4/20170427-VeryMax/ITS/From_AProVE_2014__juHashMapCreate.jar-obl-10__p4516_safety_0.smt2 : 15198 ms.
--------------------------------------------------
Number of variables: 30274
Number of clauses: 139965
unsat in 2 bits.
Number of variables: 68186
Number of clauses: 335113
unsat in 4 bits.
Number of variables: 196216
Number of clauses: 1056069
sat
real sat
../New_SAT_split/QF_NIA_2_4/20170427-VeryMax/ITS/From_AProVE_2014__juHashMapCreate.jar-obl-10__p4518_safety_0.smt2 : 4655 ms.
--------------------------------------------------
Number of variables: 53716
Number of clauses: 250253
unsat in 2 bits.
Number of variables: 125358
Number of clauses: 621911
unsat in 4 bits.
Number of variables: 371128
Number of clauses: 2014367
sat
real sat
../New_SAT_split/QF_NIA_2_4/20170427-VeryMax/ITS/From_AProVE_2014__juHashMapCreate.jar-obl-10__p4519_safety_0.smt2 : 52279 ms.
--------------------------------------------------
Number of variables: 55514
Number of clauses: 272393
unsat in 2 bits.
Number of variables: 87658
Number of clauses: 444657
sat
real sat
../New_SAT_split/QF_NIA_2_4/20170427-VeryMax/ITS/From_AProVE_2014__juHashMapCreate.jar-obl-10__p4523_safety_0.smt2 : 2814 ms.
--------------------------------------------------
Number of variables: 112936
Number of clauses: 556057
unsat in 2 bits.
Number of variables: 199224
Number of clauses: 1016309
sat
real sat
../New_SAT_split/QF_NIA_2_4/20170427-VeryMax/ITS/From_AProVE_2014__juHashMapCreate.jar-obl-10__p4524_safety_0.smt2 : 22979 ms.
--------------------------------------------------
Number of variables: 188167
Number of clauses: 930351
unsat in 2 bits.
Number of variables: 354067
Number of clauses: 1812191
sat
real sat
../New_SAT_split/QF_NIA_2_4/20170427-VeryMax/ITS/From_AProVE_2014__juHashMapCreate.jar-obl-10__p4525_safety_0.smt2 : 41011 ms.
--------------------------------------------------
Number of variables: 37133
Number of clauses: 172591
unsat in 2 bits.
Number of variables: 82435
Number of clauses: 406897
unsat in 4 bits.
Number of variables: 236607
Number of clauses: 1277957
sat
real sat
../New_SAT_split/QF_NIA_2_4/20170427-VeryMax/ITS/From_AProVE_2014__juHashMapCreate.jar-obl-10__p4529_safety_0.smt2 : 17514 ms.
--------------------------------------------------
Number of variables: 62257
Number of clauses: 291476
unsat in 2 bits.
Number of variables: 144603
Number of clauses: 719556
unsat in 4 bits.
Number of variables: 428775
Number of clauses: 2332340
sat
real sat
../New_SAT_split/QF_NIA_2_4/20170427-VeryMax/ITS/From_AProVE_2014__juHashMapCreate.jar-obl-10__p4530_safety_0.smt2 : 63465 ms.
--------------------------------------------------
Number of variables: 36363
Number of clauses: 169135
unsat in 2 bits.
Number of variables: 77993
Number of clauses: 384179
unsat in 4 bits.
Number of variables: 217273
Number of clauses: 1169051
sat
real sat
../New_SAT_split/QF_NIA_2_4/20170427-VeryMax/ITS/From_AProVE_2014__juHashMapCreate.jar-obl-10__p4534_safety_0.smt2 : 14933 ms.
--------------------------------------------------
Number of variables: 61512
Number of clauses: 288096
unsat in 2 bits.
Number of variables: 138506
Number of clauses: 688102
unsat in 4 bits.
Number of variables: 400682
Number of clauses: 2173362
sat
real sat
../New_SAT_split/QF_NIA_2_4/20170427-VeryMax/ITS/From_AProVE_2014__juHashMapCreate.jar-obl-10__p4535_safety_0.smt2 : 164231 ms.
--------------------------------------------------
Number of variables: 58927
Number of clauses: 310576
unsat in 2 bits.
Number of variables: 107633
Number of clauses: 560848
sat
real sat
../New_SAT_split/QF_NIA_2_4/20170427-VeryMax/ITS/From_AProVE_2014__juHashMapCreate.jar-obl-10__p4543_terminationG_0.smt2 : 3628 ms.
--------------------------------------------------
Number of variables: 105197
Number of clauses: 540741
unsat in 2 bits.
Number of variables: 211889
Number of clauses: 1093375
sat
real sat
../New_SAT_split/QF_NIA_2_4/20170427-VeryMax/ITS/From_AProVE_2014__juHashMapCreate.jar-obl-10__p4544_terminationG_0.smt2 : 17936 ms.
--------------------------------------------------
Number of variables: 165645
Number of clauses: 842774
unsat in 2 bits.
Number of variables: 350771
Number of clauses: 1805394
sat
real sat
../New_SAT_split/QF_NIA_2_4/20170427-VeryMax/ITS/From_AProVE_2014__juHashMapCreate.jar-obl-10__p4545_terminationG_0.smt2 : 20497 ms.
--------------------------------------------------
Number of variables: 62529
Number of clauses: 292710
unsat in 2 bits.
Number of variables: 144933
Number of clauses: 721090
unsat in 4 bits.
Number of variables: 429117
Number of clauses: 2333662
sat
real sat
../New_SAT_split/QF_NIA_2_4/20170427-VeryMax/ITS/From_AProVE_2014__juHashMapCreate.jar-obl-10__p4557_safety_0.smt2 : 46820 ms.
--------------------------------------------------
Number of variables: 36530
Number of clauses: 169635
unsat in 2 bits.
Number of variables: 78186
Number of clauses: 384725
unsat in 4 bits.
Number of variables: 217446
Number of clauses: 1169133
sat
real sat
../New_SAT_split/QF_NIA_2_4/20170427-VeryMax/ITS/From_AProVE_2014__juHashMapCreate.jar-obl-10__p4563_safety_0.smt2 : 21335 ms.
--------------------------------------------------
Number of variables: 61895
Number of clauses: 289870
unsat in 2 bits.
Number of variables: 138971
Number of clauses: 690236
unsat in 4 bits.
Number of variables: 401207
Number of clauses: 2175404
sat
real sat
../New_SAT_split/QF_NIA_2_4/20170427-VeryMax/ITS/From_AProVE_2014__juHashMapCreate.jar-obl-10__p4564_safety_0.smt2 : 91985 ms.
--------------------------------------------------
Number of variables: 34320
Number of clauses: 160087
unsat in 2 bits.
Number of variables: 75716
Number of clauses: 373201
unsat in 4 bits.
Number of variables: 214456
Number of clauses: 1153657
sat
real sat
../New_SAT_split/QF_NIA_2_4/20170427-VeryMax/ITS/From_AProVE_2014__juHashMapCreate.jar-obl-10__p4566_safety_0.smt2 : 16489 ms.
--------------------------------------------------
Number of variables: 59689
Number of clauses: 280354
unsat in 2 bits.
Number of variables: 136505
Number of clauses: 678744
unsat in 4 bits.
Number of variables: 398221
Number of clauses: 2159960
sat
real sat
../New_SAT_split/QF_NIA_2_4/20170427-VeryMax/ITS/From_AProVE_2014__juHashMapCreate.jar-obl-10__p4567_safety_0.smt2 : 142299 ms.
--------------------------------------------------
Number of variables: 35568
Number of clauses: 167789
unsat in 2 bits.
Number of variables: 77392
Number of clauses: 383415
unsat in 4 bits.
Number of variables: 216988
Number of clauses: 1168895
sat
real sat
../New_SAT_split/QF_NIA_2_4/20170427-VeryMax/ITS/From_AProVE_2014__juHashMapCreate.jar-obl-10__p4576_safety_0.smt2 : 17110 ms.
--------------------------------------------------
Number of variables: 61463
Number of clauses: 291406
unsat in 2 bits.
Number of variables: 138875
Number of clauses: 693300
unsat in 4 bits.
Number of variables: 401783
Number of clauses: 2181524
sat
real sat
../New_SAT_split/QF_NIA_2_4/20170427-VeryMax/ITS/From_AProVE_2014__juHashMapCreate.jar-obl-10__p4577_safety_0.smt2 : 93690 ms.
--------------------------------------------------
Number of variables: 35888
Number of clauses: 169871
unsat in 2 bits.
Number of variables: 77816
Number of clauses: 386089
unsat in 4 bits.
Number of variables: 217620
Number of clauses: 1172753
sat
real sat
../New_SAT_split/QF_NIA_2_4/20170427-VeryMax/ITS/From_AProVE_2014__juHashMapCreate.jar-obl-10__p4581_safety_0.smt2 : 39001 ms.
--------------------------------------------------
Number of variables: 61925
Number of clauses: 294438
unsat in 2 bits.
Number of variables: 139485
Number of clauses: 697172
unsat in 4 bits.
Number of variables: 402689
Number of clauses: 2187076
sat
real sat
../New_SAT_split/QF_NIA_2_4/20170427-VeryMax/ITS/From_AProVE_2014__juHashMapCreate.jar-obl-10__p4582_safety_0.smt2 : 38717 ms.
--------------------------------------------------
Number of variables: 33785
Number of clauses: 172090
unsat in 2 bits.
Number of variables: 64331
Number of clauses: 330295
unsat in 4 bits.
Number of variables: 163655
Number of clauses: 889189
unsat in 8 bits.
Number of variables: 514375
Number of clauses: 2970117
unsat in 16 bits.
Number of variables: 1824075
Number of clauses: 10984277
sat
real sat
../New_SAT_split/QF_NIA_2_4/20170427-VeryMax/ITS/From_AProVE_2014__juHashMapCreate.jar-obl-10__p4585_safety_0.smt2 : 517176 ms.
--------------------------------------------------
Number of variables: 77098
Number of clauses: 389223
unsat in 2 bits.
Number of variables: 161224
Number of clauses: 829552
unsat in 4 bits.
Number of variables: 446444
Number of clauses: 2452074
unsat in 8 bits.
Number of variables: 1482308
Number of clauses: 8644834
unsat in 16 bits.
Number of variables: 5415672
Number of clauses: 32820706
sat
real sat
../New_SAT_split/QF_NIA_2_4/20170427-VeryMax/ITS/From_AProVE_2014__juHashMapCreate.jar-obl-10__p4586_safety_0.smt2 : 1453630 ms.
--------------------------------------------------
Number of variables: 138037
Number of clauses: 695516
unsat in 2 bits.
Number of variables: 301379
Number of clauses: 1552913
unsat in 4 bits.
Number of variables: 864295
Number of clauses: 4765975
unsat in 8 bits.
Number of variables: 2930183
Number of clauses: 17145831
unsat in 16 bits.
Number of variables: 10822091
Number of clauses: 65719703
../New_SAT_split/QF_NIA_2_4/20170427-VeryMax/ITS/From_AProVE_2014__juHashMapCreate.jar-obl-10__p4587_safety_0.smt2 : 2401293 ms.
--------------------------------------------------
Number of variables: 53555
Number of clauses: 248788
unsat in 2 bits.
Number of variables: 127681
Number of clauses: 633332
unsat in 4 bits.
Number of variables: 384041
Number of clauses: 2087052
sat
real sat
../New_SAT_split/QF_NIA_2_4/20170427-VeryMax/ITS/From_AProVE_2014__juHashMapCreate.jar-obl-10__p4592_safety_0.smt2 : 13574 ms.
--------------------------------------------------
Number of variables: 13188
Number of clauses: 60335
unsat in 2 bits.
Number of variables: 27566
Number of clauses: 132659
unsat in 4 bits.
Number of variables: 74368
Number of clauses: 391563
sat
real sat
../New_SAT_split/QF_NIA_2_4/20170427-VeryMax/ITS/From_AProVE_2014__juHashMapCreate.jar-obl-10__p4593_safety_0.smt2 : 1012 ms.
--------------------------------------------------
Number of variables: 29889
Number of clauses: 137656
unsat in 2 bits.
Number of variables: 67657
Number of clauses: 331956
unsat in 4 bits.
Number of variables: 195383
Number of clauses: 1051084
sat
real sat
../New_SAT_split/QF_NIA_2_4/20170427-VeryMax/ITS/From_AProVE_2014__juHashMapCreate.jar-obl-10__p4594_safety_0.smt2 : 6359 ms.
--------------------------------------------------
Number of variables: 53225
Number of clauses: 247343
unsat in 2 bits.
Number of variables: 124679
Number of clauses: 617891
unsat in 4 bits.
Number of variables: 370049
Number of clauses: 2007931
sat
real sat
../New_SAT_split/QF_NIA_2_4/20170427-VeryMax/ITS/From_AProVE_2014__juHashMapCreate.jar-obl-10__p4595_safety_0.smt2 : 50182 ms.
--------------------------------------------------
Number of variables: 52792
Number of clauses: 255018
unsat in 2 bits.
Number of variables: 85492
Number of clauses: 429660
sat
real sat
../New_SAT_split/QF_NIA_2_4/20170427-VeryMax/ITS/From_AProVE_2014__juHashMapCreate.jar-obl-10__p4599_safety_0.smt2 : 2588 ms.
--------------------------------------------------
Number of variables: 107277
Number of clauses: 520940
unsat in 2 bits.
Number of variables: 194753
Number of clauses: 986880
sat
real sat
../New_SAT_split/QF_NIA_2_4/20170427-VeryMax/ITS/From_AProVE_2014__juHashMapCreate.jar-obl-10__p4600_safety_0.smt2 : 5339 ms.
--------------------------------------------------
Number of variables: 179388
Number of clauses: 876022
unsat in 2 bits.
Number of variables: 347236
Number of clauses: 1767884
sat
real sat
../New_SAT_split/QF_NIA_2_4/20170427-VeryMax/ITS/From_AProVE_2014__juHashMapCreate.jar-obl-10__p4601_safety_0.smt2 : 14012 ms.
--------------------------------------------------
Number of variables: 62707
Number of clauses: 293796
unsat in 2 bits.
Number of variables: 145293
Number of clauses: 723452
unsat in 4 bits.
Number of variables: 429897
Number of clauses: 2338996
sat
real sat
../New_SAT_split/QF_NIA_2_4/20170427-VeryMax/ITS/From_AProVE_2014__juHashMapCreate.jar-obl-10__p4606_safety_0.smt2 : 38776 ms.
--------------------------------------------------
Number of variables: 62218
Number of clauses: 291820
unsat in 2 bits.
Number of variables: 139552
Number of clauses: 694026
unsat in 4 bits.
Number of variables: 402360
Number of clauses: 2183294
sat
real sat
../New_SAT_split/QF_NIA_2_4/20170427-VeryMax/ITS/From_AProVE_2014__juHashMapCreate.jar-obl-10__p4611_safety_0.smt2 : 82867 ms.
--------------------------------------------------
Number of variables: 36872
Number of clauses: 171661
unsat in 2 bits.
Number of variables: 78746
Number of clauses: 388249
unsat in 4 bits.
Number of variables: 218482
Number of clauses: 1175945
sat
real sat
../New_SAT_split/QF_NIA_2_4/20170427-VeryMax/ITS/From_AProVE_2014__juHashMapCreate.jar-obl-10__p4615_safety_0.smt2 : 17883 ms.
--------------------------------------------------
Number of variables: 62240
Number of clauses: 291840
unsat in 2 bits.
Number of variables: 139582
Number of clauses: 694074
unsat in 4 bits.
Number of variables: 402406
Number of clauses: 2183398
sat
real sat
../New_SAT_split/QF_NIA_2_4/20170427-VeryMax/ITS/From_AProVE_2014__juHashMapCreate.jar-obl-10__p4616_safety_0.smt2 : 263570 ms.
--------------------------------------------------
Number of variables: 77127
Number of clauses: 390928
unsat in 2 bits.
Number of variables: 159419
Number of clauses: 821789
unsat in 4 bits.
Number of variables: 437215
Number of clauses: 2401615
unsat in 8 bits.
Number of variables: 1443255
Number of clauses: 8414135
unsat in 16 bits.
Number of variables: 5257065
Number of clauses: 31850127
../New_SAT_split/QF_NIA_2_4/20170427-VeryMax/ITS/From_AProVE_2014__juHashMapCreate.jar-obl-10__p4623_safety_0.smt2 : 2401072 ms.
--------------------------------------------------
Number of variables: 138318
Number of clauses: 699061
unsat in 2 bits.
Number of variables: 298990
Number of clauses: 1542646
unsat in 4 bits.
Number of variables: 850938
Number of clauses: 4692468
unsat in 8 bits.
Number of variables: 2872426
Number of clauses: 16803572
unsat in 16 bits.
Number of variables: 10585676
Number of clauses: 64270844
../New_SAT_split/QF_NIA_2_4/20170427-VeryMax/ITS/From_AProVE_2014__juHashMapCreate.jar-obl-10__p4624_safety_0.smt2 : 2401142 ms.
--------------------------------------------------
Number of variables: 30619
Number of clauses: 142207
unsat in 2 bits.
Number of variables: 68599
Number of clauses: 337757
unsat in 4 bits.
Number of variables: 196749
Number of clauses: 1059385
sat
real sat
../New_SAT_split/QF_NIA_2_4/20170427-VeryMax/ITS/From_AProVE_2014__juHashMapCreate.jar-obl-10__p4631_safety_0.smt2 : 54045 ms.
--------------------------------------------------
Number of variables: 54213
Number of clauses: 253560
unsat in 2 bits.
Number of variables: 125943
Number of clauses: 625744
unsat in 4 bits.
Number of variables: 371865
Number of clauses: 2019056
sat
real sat
../New_SAT_split/QF_NIA_2_4/20170427-VeryMax/ITS/From_AProVE_2014__juHashMapCreate.jar-obl-10__p4632_safety_0.smt2 : 14376 ms.
--------------------------------------------------
Number of variables: 55842
Number of clauses: 274089
unsat in 2 bits.
Number of variables: 88186
Number of clauses: 447489
sat
real sat
../New_SAT_split/QF_NIA_2_4/20170427-VeryMax/ITS/From_AProVE_2014__juHashMapCreate.jar-obl-10__p4636_safety_0.smt2 : 8509 ms.
--------------------------------------------------
Number of variables: 113308
Number of clauses: 557700
unsat in 2 bits.
Number of variables: 199884
Number of clauses: 1019594
sat
real sat
../New_SAT_split/QF_NIA_2_4/20170427-VeryMax/ITS/From_AProVE_2014__juHashMapCreate.jar-obl-10__p4637_safety_0.smt2 : 9546 ms.
--------------------------------------------------
Number of variables: 188543
Number of clauses: 931621
unsat in 2 bits.
Number of variables: 354819
Number of clauses: 1815609
sat
real sat
../New_SAT_split/QF_NIA_2_4/20170427-VeryMax/ITS/From_AProVE_2014__juHashMapCreate.jar-obl-10__p4638_safety_0.smt2 : 39557 ms.
--------------------------------------------------
Number of variables: 37159
Number of clauses: 172736
unsat in 2 bits.
Number of variables: 82477
Number of clauses: 407134
unsat in 4 bits.
Number of variables: 236681
Number of clauses: 1278378
sat
real sat
../New_SAT_split/QF_NIA_2_4/20170427-VeryMax/ITS/From_AProVE_2014__juHashMapCreate.jar-obl-10__p4642_safety_0.smt2 : 9768 ms.
--------------------------------------------------
Number of variables: 36389
Number of clauses: 169280
unsat in 2 bits.
Number of variables: 78035
Number of clauses: 384416
unsat in 4 bits.
Number of variables: 217347
Number of clauses: 1169472
sat
real sat
../New_SAT_split/QF_NIA_2_4/20170427-VeryMax/ITS/From_AProVE_2014__juHashMapCreate.jar-obl-10__p4647_safety_0.smt2 : 26156 ms.
--------------------------------------------------
Number of variables: 61538
Number of clauses: 288241
unsat in 2 bits.
Number of variables: 138548
Number of clauses: 688339
unsat in 4 bits.
Number of variables: 400756
Number of clauses: 2173783
sat
real sat
../New_SAT_split/QF_NIA_2_4/20170427-VeryMax/ITS/From_AProVE_2014__juHashMapCreate.jar-obl-10__p4648_safety_0.smt2 : 63667 ms.
--------------------------------------------------
Number of variables: 36811
Number of clauses: 172304
unsat in 2 bits.
Number of variables: 78513
Number of clauses: 387888
unsat in 4 bits.
Number of variables: 217937
Number of clauses: 1173840
sat
real sat
../New_SAT_split/QF_NIA_2_4/20170427-VeryMax/ITS/From_AProVE_2014__juHashMapCreate.jar-obl-10__p4652_safety_0.smt2 : 9621 ms.
--------------------------------------------------
Number of variables: 62164
Number of clauses: 292758
unsat in 2 bits.
Number of variables: 139254
Number of clauses: 693496
unsat in 4 bits.
Number of variables: 401622
Number of clauses: 2180220
sat
real sat
../New_SAT_split/QF_NIA_2_4/20170427-VeryMax/ITS/From_AProVE_2014__juHashMapCreate.jar-obl-10__p4653_safety_0.smt2 : 205383 ms.
--------------------------------------------------
Number of variables: 35135
Number of clauses: 182170
unsat in 2 bits.
Number of variables: 65099
Number of clauses: 337571
unsat in 4 bits.
Number of variables: 161469
Number of clauses: 879750
unsat in 8 bits.
Number of variables: 498805
Number of clauses: 2879926
unsat in 16 bits.
Number of variables: 1751783
Number of clauses: 10542878
../New_SAT_split/QF_NIA_2_4/20170427-VeryMax/ITS/From_AProVE_2014__juHashMapCreate.jar-obl-10__p4659_safety_0.smt2 : 2401033 ms.
--------------------------------------------------
Number of variables: 79837
Number of clauses: 408728
unsat in 2 bits.
Number of variables: 162731
Number of clauses: 842781
unsat in 4 bits.
Number of variables: 442039
Number of clauses: 2431530
unsat in 8 bits.
Number of variables: 1451143
Number of clauses: 8462226
unsat in 16 bits.
Number of variables: 5271081
Number of clauses: 31934570
../New_SAT_split/QF_NIA_2_4/20170427-VeryMax/ITS/From_AProVE_2014__juHashMapCreate.jar-obl-10__p4660_safety_0.smt2 : 2401071 ms.
--------------------------------------------------
Number of variables: 142236
Number of clauses: 725020
unsat in 2 bits.
Number of variables: 303632
Number of clauses: 1572157
unsat in 4 bits.
Number of variables: 857670
Number of clauses: 4734324
unsat in 8 bits.
Number of variables: 2883422
Number of clauses: 16870804
unsat in 16 bits.
Number of variables: 10605200
Number of clauses: 64388828
../New_SAT_split/QF_NIA_2_4/20170427-VeryMax/ITS/From_AProVE_2014__juHashMapCreate.jar-obl-10__p4661_safety_0.smt2 : 2401150 ms.
--------------------------------------------------
Number of variables: 60337
Number of clauses: 284027
unsat in 2 bits.
Number of variables: 142405
Number of clauses: 710004
unsat in 4 bits.
Number of variables: 425969
Number of clauses: 2318176
sat
real sat
../New_SAT_split/QF_NIA_2_4/20170427-VeryMax/ITS/From_AProVE_2014__juHashMapCreate.jar-obl-10__p4666_safety_0.smt2 : 71786 ms.
--------------------------------------------------
Number of variables: 15977
Number of clauses: 75341
unsat in 2 bits.
Number of variables: 32277
Number of clauses: 157770
unsat in 4 bits.
Number of variables: 84837
Number of clauses: 448942
sat
real sat
../New_SAT_split/QF_NIA_2_4/20170427-VeryMax/ITS/From_AProVE_2014__juHashMapCreate.jar-obl-10__p4669_safety_0.smt2 : 823 ms.
--------------------------------------------------
Number of variables: 34676
Number of clauses: 163501
unsat in 2 bits.
Number of variables: 76016
Number of clauses: 376554
unsat in 4 bits.
Number of variables: 214680
Number of clauses: 1157166
sat
real sat
../New_SAT_split/QF_NIA_2_4/20170427-VeryMax/ITS/From_AProVE_2014__juHashMapCreate.jar-obl-10__p4670_safety_0.smt2 : 37486 ms.
--------------------------------------------------
Number of variables: 60043
Number of clauses: 284285
unsat in 2 bits.
Number of variables: 136719
Number of clauses: 682234
unsat in 4 bits.
Number of variables: 398207
Number of clauses: 2162974
sat
real sat
../New_SAT_split/QF_NIA_2_4/20170427-VeryMax/ITS/From_AProVE_2014__juHashMapCreate.jar-obl-10__p4671_safety_0.smt2 : 23785 ms.
--------------------------------------------------
Number of variables: 16165
Number of clauses: 76433
unsat in 2 bits.
Number of variables: 32533
Number of clauses: 159234
unsat in 4 bits.
Number of variables: 85229
Number of clauses: 451150
sat
real sat
../New_SAT_split/QF_NIA_2_4/20170427-VeryMax/ITS/From_AProVE_2014__juHashMapCreate.jar-obl-10__p4674_safety_0.smt2 : 822 ms.
--------------------------------------------------
Number of variables: 34994
Number of clauses: 165429
unsat in 2 bits.
Number of variables: 76446
Number of clauses: 379102
unsat in 4 bits.
Number of variables: 215334
Number of clauses: 1160954
sat
real sat
../New_SAT_split/QF_NIA_2_4/20170427-VeryMax/ITS/From_AProVE_2014__juHashMapCreate.jar-obl-10__p4675_safety_0.smt2 : 27069 ms.
--------------------------------------------------
Number of variables: 60491
Number of clauses: 287049
unsat in 2 bits.
Number of variables: 137323
Number of clauses: 685866
unsat in 4 bits.
Number of variables: 399123
Number of clauses: 2168342
sat
real sat
../New_SAT_split/QF_NIA_2_4/20170427-VeryMax/ITS/From_AProVE_2014__juHashMapCreate.jar-obl-10__p4676_safety_0.smt2 : 45539 ms.
--------------------------------------------------
Number of variables: 57040
Number of clauses: 281652
unsat in 2 bits.
Number of variables: 89762
Number of clauses: 457080
sat
real sat
../New_SAT_split/QF_NIA_2_4/20170427-VeryMax/ITS/From_AProVE_2014__juHashMapCreate.jar-obl-10__p4682_safety_0.smt2 : 3308 ms.
--------------------------------------------------
Number of variables: 115445
Number of clauses: 571513
unsat in 2 bits.
Number of variables: 202599
Number of clauses: 1036427
sat
real sat
../New_SAT_split/QF_NIA_2_4/20170427-VeryMax/ITS/From_AProVE_2014__juHashMapCreate.jar-obl-10__p4683_safety_0.smt2 : 35353 ms.
--------------------------------------------------
Number of variables: 191739
Number of clauses: 952644
unsat in 2 bits.
Number of variables: 358761
Number of clauses: 1840388
sat
real sat
../New_SAT_split/QF_NIA_2_4/20170427-VeryMax/ITS/From_AProVE_2014__juHashMapCreate.jar-obl-10__p4684_safety_0.smt2 : 55179 ms.
--------------------------------------------------
Number of variables: 63637
Number of clauses: 299956
unsat in 2 bits.
Number of variables: 146299
Number of clauses: 729954
unsat in 4 bits.
Number of variables: 431097
Number of clauses: 2346497
sat
real sat
../New_SAT_split/QF_NIA_2_4/20170427-VeryMax/ITS/From_AProVE_2014__juHashMapCreate.jar-obl-10__p4689_safety_0.smt2 : 44953 ms.
--------------------------------------------------
Number of variables: 37532
Number of clauses: 176138
unsat in 2 bits.
Number of variables: 79450
Number of clauses: 392934
unsat in 4 bits.
Number of variables: 219304
Number of clauses: 1181265
sat
real sat
../New_SAT_split/QF_NIA_2_4/20170427-VeryMax/ITS/From_AProVE_2014__juHashMapCreate.jar-obl-10__p4693_safety_0.smt2 : 26149 ms.
--------------------------------------------------
Number of variables: 63087
Number of clauses: 297752
unsat in 2 bits.
Number of variables: 140445
Number of clauses: 700024
unsat in 4 bits.
Number of variables: 403343
Number of clauses: 2189739
sat
real sat
../New_SAT_split/QF_NIA_2_4/20170427-VeryMax/ITS/From_AProVE_2014__juHashMapCreate.jar-obl-10__p4694_safety_0.smt2 : 16351 ms.
--------------------------------------------------
Number of variables: 37828
Number of clauses: 178028
unsat in 2 bits.
Number of variables: 79850
Number of clauses: 395416
unsat in 4 bits.
Number of variables: 219912
Number of clauses: 1184931
sat
real sat
../New_SAT_split/QF_NIA_2_4/20170427-VeryMax/ITS/From_AProVE_2014__juHashMapCreate.jar-obl-10__p4698_safety_0.smt2 : 46984 ms.
--------------------------------------------------
Number of variables: 63513
Number of clauses: 300496
unsat in 2 bits.
Number of variables: 141019
Number of clauses: 703608
unsat in 4 bits.
Number of variables: 404213
Number of clauses: 2195003
sat
real sat
../New_SAT_split/QF_NIA_2_4/20170427-VeryMax/ITS/From_AProVE_2014__juHashMapCreate.jar-obl-10__p4699_safety_0.smt2 : 145163 ms.
--------------------------------------------------
Number of variables: 61941
Number of clauses: 330278
unsat in 2 bits.
Number of variables: 111407
Number of clauses: 584562
sat
real sat
../New_SAT_split/QF_NIA_2_4/20170427-VeryMax/ITS/From_AProVE_2014__juHashMapCreate.jar-obl-10__p4707_terminationG_0.smt2 : 10992 ms.
--------------------------------------------------
Number of variables: 109343
Number of clauses: 568185
unsat in 2 bits.
Number of variables: 216935
Number of clauses: 1125375
sat
real sat
../New_SAT_split/QF_NIA_2_4/20170427-VeryMax/ITS/From_AProVE_2014__juHashMapCreate.jar-obl-10__p4708_terminationG_0.smt2 : 17133 ms.
--------------------------------------------------
Number of variables: 171019
Number of clauses: 878728
unsat in 2 bits.
Number of variables: 357137
Number of clauses: 1846064
sat
real sat
../New_SAT_split/QF_NIA_2_4/20170427-VeryMax/ITS/From_AProVE_2014__juHashMapCreate.jar-obl-10__p4709_terminationG_0.smt2 : 43646 ms.
--------------------------------------------------
Number of variables: 62015
Number of clauses: 289572
unsat in 2 bits.
Number of variables: 144271
Number of clauses: 717107
unsat in 4 bits.
Number of variables: 428211
Number of clauses: 2328395
sat
real sat
../New_SAT_split/QF_NIA_2_4/20170427-VeryMax/ITS/From_AProVE_2014__juHashMapCreate.jar-obl-10__p4720_safety_0.smt2 : 40325 ms.
--------------------------------------------------
Number of variables: 36170
Number of clauses: 167501
unsat in 2 bits.
Number of variables: 77710
Number of clauses: 381948
unsat in 4 bits.
Number of variables: 216774
Number of clauses: 1165348
sat
real sat
../New_SAT_split/QF_NIA_2_4/20170427-VeryMax/ITS/From_AProVE_2014__juHashMapCreate.jar-obl-10__p4727_safety_0.smt2 : 35386 ms.
--------------------------------------------------
Number of variables: 61306
Number of clauses: 286270
unsat in 2 bits.
Number of variables: 138198
Number of clauses: 685599
unsat in 4 bits.
Number of variables: 400118
Number of clauses: 2169099
sat
real sat
../New_SAT_split/QF_NIA_2_4/20170427-VeryMax/ITS/From_AProVE_2014__juHashMapCreate.jar-obl-10__p4728_safety_0.smt2 : 106128 ms.
--------------------------------------------------
Number of variables: 34028
Number of clauses: 158362
unsat in 2 bits.
Number of variables: 75350
Number of clauses: 371130
unsat in 4 bits.
Number of variables: 213958
Number of clauses: 1151026
sat
real sat
../New_SAT_split/QF_NIA_2_4/20170427-VeryMax/ITS/From_AProVE_2014__juHashMapCreate.jar-obl-10__p4730_safety_0.smt2 : 29114 ms.
--------------------------------------------------
Number of variables: 59190
Number of clauses: 277317
unsat in 2 bits.
Number of variables: 135876
Number of clauses: 675063
unsat in 4 bits.
Number of variables: 397356
Number of clauses: 2155187
sat
real sat
../New_SAT_split/QF_NIA_2_4/20170427-VeryMax/ITS/From_AProVE_2014__juHashMapCreate.jar-obl-10__p4731_safety_0.smt2 : 30427 ms.
--------------------------------------------------
Number of variables: 34050
Number of clauses: 158400
unsat in 2 bits.
Number of variables: 75380
Number of clauses: 371196
unsat in 4 bits.
Number of variables: 214004
Number of clauses: 1151148
sat
real sat
../New_SAT_split/QF_NIA_2_4/20170427-VeryMax/ITS/From_AProVE_2014__juHashMapCreate.jar-obl-10__p4735_safety_0.smt2 : 9576 ms.
--------------------------------------------------
Number of variables: 59212
Number of clauses: 277337
unsat in 2 bits.
Number of variables: 135906
Number of clauses: 675111
unsat in 4 bits.
Number of variables: 397402
Number of clauses: 2155291
sat
real sat
../New_SAT_split/QF_NIA_2_4/20170427-VeryMax/ITS/From_AProVE_2014__juHashMapCreate.jar-obl-10__p4736_safety_0.smt2 : 353546 ms.
--------------------------------------------------
Number of variables: 36620
Number of clauses: 170751
unsat in 2 bits.
Number of variables: 78216
Number of clauses: 385646
unsat in 4 bits.
Number of variables: 217392
Number of clauses: 1169942
sat
real sat
../New_SAT_split/QF_NIA_2_4/20170427-VeryMax/ITS/From_AProVE_2014__juHashMapCreate.jar-obl-10__p4740_safety_0.smt2 : 33923 ms.
--------------------------------------------------
Number of variables: 61974
Number of clauses: 291126
unsat in 2 bits.
Number of variables: 138946
Number of clauses: 691095
unsat in 4 bits.
Number of variables: 401026
Number of clauses: 2175875
sat
real sat
../New_SAT_split/QF_NIA_2_4/20170427-VeryMax/ITS/From_AProVE_2014__juHashMapCreate.jar-obl-10__p4741_safety_0.smt2 : 49828 ms.
--------------------------------------------------
Number of variables: 142314
Number of clauses: 724161
unsat in 2 bits.
Number of variables: 306206
Number of clauses: 1583575
unsat in 4 bits.
Number of variables: 871302
Number of clauses: 4809469
unsat in 8 bits.
Number of variables: 2941550
Number of clauses: 17214989
unsat in 16 bits.
Number of variables: 10842178
Number of clauses: 65840189
../New_SAT_split/QF_NIA_2_4/20170427-VeryMax/ITS/From_AProVE_2014__juHashMapCreate.jar-obl-10__p4754_safety_0.smt2 : 2401160 ms.
--------------------------------------------------
Number of variables: 54765
Number of clauses: 268024
unsat in 2 bits.
Number of variables: 87945
Number of clauses: 445317
sat
real sat
../New_SAT_split/QF_NIA_2_4/20170427-VeryMax/ITS/From_AProVE_2014__juHashMapCreate.jar-obl-10__p4755_safety_0.smt2 : 3450 ms.
--------------------------------------------------
Number of variables: 110474
Number of clauses: 542338
unsat in 2 bits.
Number of variables: 198602
Number of clauses: 1011729
sat
real sat
../New_SAT_split/QF_NIA_2_4/20170427-VeryMax/ITS/From_AProVE_2014__juHashMapCreate.jar-obl-10__p4756_safety_0.smt2 : 8226 ms.
--------------------------------------------------
Number of variables: 183897
Number of clauses: 906516
unsat in 2 bits.
Number of variables: 352521
Number of clauses: 1802245
sat
real sat
../New_SAT_split/QF_NIA_2_4/20170427-VeryMax/ITS/From_AProVE_2014__juHashMapCreate.jar-obl-10__p4757_safety_0.smt2 : 34342 ms.
--------------------------------------------------
Number of variables: 30425
Number of clauses: 140433
unsat in 2 bits.
Number of variables: 70061
Number of clauses: 344493
unsat in 4 bits.
Number of variables: 205329
Number of clauses: 1107237
sat
real sat
../New_SAT_split/QF_NIA_2_4/20170427-VeryMax/ITS/From_AProVE_2014__juHashMapCreate.jar-obl-10__p4763_safety_0.smt2 : 10166 ms.
--------------------------------------------------
Number of variables: 56337
Number of clauses: 261841
unsat in 2 bits.
Number of variables: 130911
Number of clauses: 649451
unsat in 4 bits.
Number of variables: 388203
Number of clauses: 2109597
sat
real sat
../New_SAT_split/QF_NIA_2_4/20170427-VeryMax/ITS/From_AProVE_2014__juHashMapCreate.jar-obl-10__p4767_safety_0.smt2 : 14507 ms.
--------------------------------------------------
Number of variables: 55977
Number of clauses: 260192
unsat in 2 bits.
Number of variables: 127875
Number of clauses: 633754
unsat in 4 bits.
Number of variables: 374169
Number of clauses: 2030116
sat
real sat
../New_SAT_split/QF_NIA_2_4/20170427-VeryMax/ITS/From_AProVE_2014__juHashMapCreate.jar-obl-10__p4770_safety_0.smt2 : 51420 ms.
--------------------------------------------------
Number of variables: 30039
Number of clauses: 138694
unsat in 2 bits.
Number of variables: 67831
Number of clauses: 333076
unsat in 4 bits.
Number of variables: 195637
Number of clauses: 1052632
sat
real sat
../New_SAT_split/QF_NIA_2_4/20170427-VeryMax/ITS/From_AProVE_2014__juHashMapCreate.jar-obl-10__p4772_safety_0.smt2 : 11832 ms.
--------------------------------------------------
Number of variables: 53370
Number of clauses: 248361
unsat in 2 bits.
Number of variables: 124836
Number of clauses: 618895
unsat in 4 bits.
Number of variables: 370278
Number of clauses: 2009299
sat
real sat
../New_SAT_split/QF_NIA_2_4/20170427-VeryMax/ITS/From_AProVE_2014__juHashMapCreate.jar-obl-10__p4773_safety_0.smt2 : 53998 ms.
--------------------------------------------------
Number of variables: 30429
Number of clauses: 141512
unsat in 2 bits.
Number of variables: 68269
Number of clauses: 336278
unsat in 4 bits.
Number of variables: 196171
Number of clauses: 1056602
sat
real sat
../New_SAT_split/QF_NIA_2_4/20170427-VeryMax/ITS/From_AProVE_2014__juHashMapCreate.jar-obl-10__p4775_safety_0.smt2 : 27979 ms.
--------------------------------------------------
Number of variables: 53949
Number of clauses: 252573
unsat in 2 bits.
Number of variables: 125483
Number of clauses: 623651
unsat in 4 bits.
Number of variables: 371061
Number of clauses: 2015143
sat
real sat
../New_SAT_split/QF_NIA_2_4/20170427-VeryMax/ITS/From_AProVE_2014__juHashMapCreate.jar-obl-10__p4776_safety_0.smt2 : 207522 ms.
--------------------------------------------------
Number of variables: 32690
Number of clauses: 150885
unsat in 2 bits.
Number of variables: 70918
Number of clauses: 348297
unsat in 4 bits.
Number of variables: 199588
Number of clauses: 1073847
sat
real sat
../New_SAT_split/QF_NIA_2_4/20170427-VeryMax/ITS/From_AProVE_2014__juHashMapCreate.jar-obl-10__p4778_safety_0.smt2 : 42176 ms.
--------------------------------------------------
Number of variables: 56187
Number of clauses: 261540
unsat in 2 bits.
Number of variables: 128159
Number of clauses: 635522
unsat in 4 bits.
Number of variables: 374601
Number of clauses: 2032724
sat
real sat
../New_SAT_split/QF_NIA_2_4/20170427-VeryMax/ITS/From_AProVE_2014__juHashMapCreate.jar-obl-10__p4779_safety_0.smt2 : 123473 ms.
--------------------------------------------------
Number of variables: 35483
Number of clauses: 184575
unsat in 2 bits.
Number of variables: 65481
Number of clauses: 340061
unsat in 4 bits.
Number of variables: 162009
Number of clauses: 883155
unsat in 8 bits.
Number of variables: 499649
Number of clauses: 2885059
unsat in 16 bits.
Number of variables: 1753235
Number of clauses: 10551467
../New_SAT_split/QF_NIA_2_4/20170427-VeryMax/ITS/From_AProVE_2014__juHashMapCreate.jar-obl-10__p4786_safety_0.smt2 : 2401022 ms.
--------------------------------------------------
Number of variables: 80309
Number of clauses: 412107
unsat in 2 bits.
Number of variables: 163171
Number of clauses: 845711
unsat in 4 bits.
Number of variables: 442651
Number of clauses: 2435489
unsat in 8 bits.
Number of variables: 1452059
Number of clauses: 8467913
unsat in 16 bits.
Number of variables: 5272605
Number of clauses: 31943713
../New_SAT_split/QF_NIA_2_4/20170427-VeryMax/ITS/From_AProVE_2014__juHashMapCreate.jar-obl-10__p4787_safety_0.smt2 : 2401067 ms.
--------------------------------------------------
Number of variables: 142848
Number of clauses: 729501
unsat in 2 bits.
Number of variables: 304122
Number of clauses: 1575463
unsat in 4 bits.
Number of variables: 858354
Number of clauses: 4738837
unsat in 8 bits.
Number of variables: 2884410
Number of clauses: 16877045
unsat in 16 bits.
Number of variables: 10606796
Number of clauses: 64398525
../New_SAT_split/QF_NIA_2_4/20170427-VeryMax/ITS/From_AProVE_2014__juHashMapCreate.jar-obl-10__p4788_safety_0.smt2 : 2401133 ms.
--------------------------------------------------
Number of variables: 57295
Number of clauses: 283919
unsat in 2 bits.
Number of variables: 89951
Number of clauses: 458960
sat
real sat
../New_SAT_split/QF_NIA_2_4/20170427-VeryMax/ITS/From_AProVE_2014__juHashMapCreate.jar-obl-10__p4789_safety_0.smt2 : 3594 ms.
--------------------------------------------------
Number of variables: 115662
Number of clauses: 573841
unsat in 2 bits.
Number of variables: 202678
Number of clauses: 1037994
sat
real sat
../New_SAT_split/QF_NIA_2_4/20170427-VeryMax/ITS/From_AProVE_2014__juHashMapCreate.jar-obl-10__p4790_safety_0.smt2 : 5736 ms.
--------------------------------------------------
Number of variables: 191846
Number of clauses: 954457
unsat in 2 bits.
Number of variables: 358674
Number of clauses: 1841194
sat
real sat
../New_SAT_split/QF_NIA_2_4/20170427-VeryMax/ITS/From_AProVE_2014__juHashMapCreate.jar-obl-10__p4791_safety_0.smt2 : 35403 ms.
--------------------------------------------------
Number of variables: 54417
Number of clauses: 254568
unsat in 2 bits.
Number of variables: 128673
Number of clauses: 639749
unsat in 4 bits.
Number of variables: 385369
Number of clauses: 2095345
sat
real sat
../New_SAT_split/QF_NIA_2_4/20170427-VeryMax/ITS/From_AProVE_2014__juHashMapCreate.jar-obl-10__p4797_safety_0.smt2 : 12972 ms.
--------------------------------------------------
Number of variables: 33669
Number of clauses: 156515
unsat in 2 bits.
Number of variables: 73803
Number of clauses: 364004
unsat in 4 bits.
Number of variables: 210085
Number of clauses: 1133707
sat
real sat
../New_SAT_split/QF_NIA_2_4/20170427-VeryMax/ITS/From_AProVE_2014__juHashMapCreate.jar-obl-10__p4800_safety_0.smt2 : 22749 ms.
--------------------------------------------------
Number of variables: 16749
Number of clauses: 78317
unsat in 2 bits.
Number of variables: 31761
Number of clauses: 154768
unsat in 4 bits.
Number of variables: 79861
Number of clauses: 422131
sat
real sat
../New_SAT_split/QF_NIA_2_4/20170427-VeryMax/ITS/From_AProVE_2014__juHashMapCreate.jar-obl-10__p4802_safety_0.smt2 : 2571 ms.
--------------------------------------------------
Number of variables: 58202
Number of clauses: 274427
unsat in 2 bits.
Number of variables: 130618
Number of clauses: 651018
unsat in 4 bits.
Number of variables: 377982
Number of clauses: 2053669
sat
real sat
../New_SAT_split/QF_NIA_2_4/20170427-VeryMax/ITS/From_AProVE_2014__juHashMapCreate.jar-obl-10__p4804_safety_0.smt2 : 56150 ms.
--------------------------------------------------
Number of variables: 30518
Number of clauses: 141887
unsat in 2 bits.
Number of variables: 68388
Number of clauses: 336688
unsat in 4 bits.
Number of variables: 196370
Number of clauses: 1057228
sat
real sat
../New_SAT_split/QF_NIA_2_4/20170427-VeryMax/ITS/From_AProVE_2014__juHashMapCreate.jar-obl-10__p4806_safety_0.smt2 : 4655 ms.
--------------------------------------------------
Number of variables: 54009
Number of clauses: 252683
unsat in 2 bits.
Number of variables: 125565
Number of clauses: 623696
unsat in 4 bits.
Number of variables: 371215
Number of clauses: 2015268
sat
real sat
../New_SAT_split/QF_NIA_2_4/20170427-VeryMax/ITS/From_AProVE_2014__juHashMapCreate.jar-obl-10__p4807_safety_0.smt2 : 52936 ms.
--------------------------------------------------
Number of variables: 34252
Number of clauses: 160700
unsat in 2 bits.
Number of variables: 72870
Number of clauses: 360381
unsat in 4 bits.
Number of variables: 202346
Number of clauses: 1090636
sat
real sat
../New_SAT_split/QF_NIA_2_4/20170427-VeryMax/ITS/From_AProVE_2014__juHashMapCreate.jar-obl-10__p4809_safety_0.smt2 : 27820 ms.
--------------------------------------------------
Number of variables: 58364
Number of clauses: 275388
unsat in 2 bits.
Number of variables: 130854
Number of clauses: 652399
unsat in 4 bits.
Number of variables: 378366
Number of clauses: 2055890
sat
real sat
../New_SAT_split/QF_NIA_2_4/20170427-VeryMax/ITS/From_AProVE_2014__juHashMapCreate.jar-obl-10__p4810_safety_0.smt2 : 61823 ms.
--------------------------------------------------
Number of variables: 30928
Number of clauses: 144865
unsat in 2 bits.
Number of variables: 68846
Number of clauses: 340050
unsat in 4 bits.
Number of variables: 196924
Number of clauses: 1061358
sat
real sat
../New_SAT_split/QF_NIA_2_4/20170427-VeryMax/ITS/From_AProVE_2014__juHashMapCreate.jar-obl-10__p4812_safety_0.smt2 : 52165 ms.
--------------------------------------------------
Number of variables: 54616
Number of clauses: 257119
unsat in 2 bits.
Number of variables: 126240
Number of clauses: 628676
unsat in 4 bits.
Number of variables: 372026
Number of clauses: 2021336
sat
real sat
../New_SAT_split/QF_NIA_2_4/20170427-VeryMax/ITS/From_AProVE_2014__juHashMapCreate.jar-obl-10__p4813_safety_0.smt2 : 218536 ms.
--------------------------------------------------
Number of variables: 34363
Number of clauses: 161420
unsat in 2 bits.
Number of variables: 73017
Number of clauses: 361285
unsat in 4 bits.
Number of variables: 202565
Number of clauses: 1091908
sat
real sat
../New_SAT_split/QF_NIA_2_4/20170427-VeryMax/ITS/From_AProVE_2014__juHashMapCreate.jar-obl-10__p4815_safety_0.smt2 : 15975 ms.
--------------------------------------------------
Number of variables: 58530
Number of clauses: 276466
unsat in 2 bits.
Number of variables: 131074
Number of clauses: 653753
unsat in 4 bits.
Number of variables: 378694
Number of clauses: 2057796
sat
real sat
../New_SAT_split/QF_NIA_2_4/20170427-VeryMax/ITS/From_AProVE_2014__juHashMapCreate.jar-obl-10__p4816_safety_0.smt2 : 73311 ms.
--------------------------------------------------
Number of variables: 119307
Number of clauses: 598449
unsat in 2 bits.
Number of variables: 207101
Number of clauses: 1067222
sat
real sat
../New_SAT_split/QF_NIA_2_4/20170427-VeryMax/ITS/From_AProVE_2014__juHashMapCreate.jar-obl-10__p4821_safety_0.smt2 : 23579 ms.
--------------------------------------------------
Number of variables: 197166
Number of clauses: 990686
unsat in 2 bits.
Number of variables: 365020
Number of clauses: 1883419
sat
real sat
../New_SAT_split/QF_NIA_2_4/20170427-VeryMax/ITS/From_AProVE_2014__juHashMapCreate.jar-obl-10__p4822_safety_0.smt2 : 103993 ms.
--------------------------------------------------
Number of variables: 56535
Number of clauses: 264314
unsat in 2 bits.
Number of variables: 128423
Number of clauses: 637701
unsat in 4 bits.
Number of variables: 374737
Number of clauses: 2034021
sat
real sat
../New_SAT_split/QF_NIA_2_4/20170427-VeryMax/ITS/From_AProVE_2014__juHashMapCreate.jar-obl-10__p4830_safety_0.smt2 : 37226 ms.
--------------------------------------------------
Number of variables: 35494
Number of clauses: 184603
unsat in 2 bits.
Number of variables: 65496
Number of clauses: 340103
unsat in 4 bits.
Number of variables: 162032
Number of clauses: 883225
unsat in 8 bits.
Number of variables: 499688
Number of clauses: 2885185
unsat in 16 bits.
Number of variables: 1753306
Number of clauses: 10551705
sat
real sat
../New_SAT_split/QF_NIA_2_4/20170427-VeryMax/ITS/From_AProVE_2014__juHashMapCreate.jar-obl-10__p4834_safety_0.smt2 : 1290168 ms.
--------------------------------------------------
Number of variables: 80320
Number of clauses: 412126
unsat in 2 bits.
Number of variables: 163186
Number of clauses: 845744
unsat in 4 bits.
Number of variables: 442674
Number of clauses: 2435550
unsat in 8 bits.
Number of variables: 1452098
Number of clauses: 8468030
unsat in 16 bits.
Number of variables: 5272676
Number of clauses: 31943942
../New_SAT_split/QF_NIA_2_4/20170427-VeryMax/ITS/From_AProVE_2014__juHashMapCreate.jar-obl-10__p4835_safety_0.smt2 : 2401076 ms.
--------------------------------------------------
Number of variables: 142859
Number of clauses: 729511
unsat in 2 bits.
Number of variables: 304137
Number of clauses: 1575487
unsat in 4 bits.
Number of variables: 858377
Number of clauses: 4738889
unsat in 8 bits.
Number of variables: 2884449
Number of clauses: 16877153
unsat in 16 bits.
Number of variables: 10606867
Number of clauses: 64398745
../New_SAT_split/QF_NIA_2_4/20170427-VeryMax/ITS/From_AProVE_2014__juHashMapCreate.jar-obl-10__p4836_safety_0.smt2 : 2401147 ms.
--------------------------------------------------
Number of variables: 35415
Number of clauses: 166376
unsat in 2 bits.
Number of variables: 80471
Number of clauses: 398795
unsat in 4 bits.
Number of variables: 234147
Number of clauses: 1266067
sat
real sat
../New_SAT_split/QF_NIA_2_4/20170427-VeryMax/ITS/From_AProVE_2014__juHashMapCreate.jar-obl-10__p4840_safety_0.smt2 : 24262 ms.
--------------------------------------------------
Number of variables: 60747
Number of clauses: 286817
unsat in 2 bits.
Number of variables: 142847
Number of clauses: 713046
unsat in 4 bits.
Number of variables: 426523
Number of clauses: 2322114
sat
real sat
../New_SAT_split/QF_NIA_2_4/20170427-VeryMax/ITS/From_AProVE_2014__juHashMapCreate.jar-obl-10__p4841_safety_0.smt2 : 58141 ms.
--------------------------------------------------
Number of variables: 35098
Number of clauses: 166398
unsat in 2 bits.
Number of variables: 76478
Number of clauses: 379767
unsat in 4 bits.
Number of variables: 215254
Number of clauses: 1161275
sat
real sat
../New_SAT_split/QF_NIA_2_4/20170427-VeryMax/ITS/From_AProVE_2014__juHashMapCreate.jar-obl-10__p4845_safety_0.smt2 : 23011 ms.
--------------------------------------------------
Number of variables: 60653
Number of clauses: 288489
unsat in 2 bits.
Number of variables: 137385
Number of clauses: 686882
unsat in 4 bits.
Number of variables: 399033
Number of clauses: 2168902
sat
real sat
../New_SAT_split/QF_NIA_2_4/20170427-VeryMax/ITS/From_AProVE_2014__juHashMapCreate.jar-obl-10__p4846_safety_0.smt2 : 46090 ms.
--------------------------------------------------
Number of variables: 35424
Number of clauses: 168390
unsat in 2 bits.
Number of variables: 76916
Number of clauses: 382379
unsat in 4 bits.
Number of variables: 215916
Number of clauses: 1165127
sat
real sat
../New_SAT_split/QF_NIA_2_4/20170427-VeryMax/ITS/From_AProVE_2014__juHashMapCreate.jar-obl-10__p4850_safety_0.smt2 : 6994 ms.
--------------------------------------------------
Number of variables: 61113
Number of clauses: 291349
unsat in 2 bits.
Number of variables: 138001
Number of clauses: 690610
unsat in 4 bits.
Number of variables: 399961
Number of clauses: 2174366
sat
real sat
../New_SAT_split/QF_NIA_2_4/20170427-VeryMax/ITS/From_AProVE_2014__juHashMapCreate.jar-obl-10__p4851_safety_0.smt2 : 36818 ms.
--------------------------------------------------
Number of variables: 63525
Number of clauses: 339658
unsat in 2 bits.
Number of variables: 113675
Number of clauses: 597642
sat
real sat
../New_SAT_split/QF_NIA_2_4/20170427-VeryMax/ITS/From_AProVE_2014__juHashMapCreate.jar-obl-10__p4859_terminationG_0.smt2 : 8027 ms.
--------------------------------------------------
Number of variables: 111491
Number of clauses: 581105
unsat in 2 bits.
Number of variables: 219971
Number of clauses: 1143127
sat
real sat
../New_SAT_split/QF_NIA_2_4/20170427-VeryMax/ITS/From_AProVE_2014__juHashMapCreate.jar-obl-10__p4860_terminationG_0.smt2 : 24377 ms.
--------------------------------------------------
Number of variables: 173773
Number of clauses: 895520
unsat in 2 bits.
Number of variables: 360983
Number of clauses: 1868828
sat
real sat
../New_SAT_split/QF_NIA_2_4/20170427-VeryMax/ITS/From_AProVE_2014__juHashMapCreate.jar-obl-10__p4861_terminationG_0.smt2 : 43488 ms.
--------------------------------------------------
Number of variables: 37739
Number of clauses: 176204
unsat in 2 bits.
Number of variables: 83109
Number of clauses: 410888
unsat in 4 bits.
Number of variables: 237391
Number of clauses: 1282499
sat
real sat
../New_SAT_split/QF_NIA_2_4/20170427-VeryMax/ITS/From_AProVE_2014__juHashMapCreate.jar-obl-10__p4872_safety_0.smt2 : 21744 ms.
--------------------------------------------------
Number of variables: 63119
Number of clauses: 296794
unsat in 2 bits.
Number of variables: 145557
Number of clauses: 725418
unsat in 4 bits.
Number of variables: 429875
Number of clauses: 2338989
sat
real sat
../New_SAT_split/QF_NIA_2_4/20170427-VeryMax/ITS/From_AProVE_2014__juHashMapCreate.jar-obl-10__p4873_safety_0.smt2 : 49094 ms.
--------------------------------------------------
Number of variables: 62635
Number of clauses: 295073
unsat in 2 bits.
Number of variables: 139745
Number of clauses: 695779
unsat in 4 bits.
Number of variables: 402115
Number of clauses: 2182138
sat
real sat
../New_SAT_split/QF_NIA_2_4/20170427-VeryMax/ITS/From_AProVE_2014__juHashMapCreate.jar-obl-10__p4879_safety_0.smt2 : 51908 ms.
--------------------------------------------------
Number of variables: 35177
Number of clauses: 166251
unsat in 2 bits.
Number of variables: 76615
Number of clauses: 379881
unsat in 4 bits.
Number of variables: 215495
Number of clauses: 1161793
sat
real sat
../New_SAT_split/QF_NIA_2_4/20170427-VeryMax/ITS/From_AProVE_2014__juHashMapCreate.jar-obl-10__p4883_safety_0.smt2 : 9477 ms.
--------------------------------------------------
Number of variables: 60797
Number of clauses: 288520
unsat in 2 bits.
Number of variables: 137619
Number of clauses: 687338
unsat in 4 bits.
Number of variables: 399427
Number of clauses: 2170026
sat
real sat
../New_SAT_split/QF_NIA_2_4/20170427-VeryMax/ITS/From_AProVE_2014__juHashMapCreate.jar-obl-10__p4884_safety_0.smt2 : 44002 ms.
--------------------------------------------------
Number of variables: 16309
Number of clauses: 77104
unsat in 2 bits.
Number of variables: 32695
Number of clauses: 160002
unsat in 4 bits.
Number of variables: 85439
Number of clauses: 452194
sat
real sat
../New_SAT_split/QF_NIA_2_4/20170427-VeryMax/ITS/From_AProVE_2014__juHashMapCreate.jar-obl-10__p4890_safety_0.smt2 : 6123 ms.
--------------------------------------------------
Number of variables: 35327
Number of clauses: 167111
unsat in 2 bits.
Number of variables: 76837
Number of clauses: 381109
unsat in 4 bits.
Number of variables: 215861
Number of clauses: 1163757
sat
real sat
../New_SAT_split/QF_NIA_2_4/20170427-VeryMax/ITS/From_AProVE_2014__juHashMapCreate.jar-obl-10__p4891_safety_0.smt2 : 65738 ms.
--------------------------------------------------
Number of variables: 61021
Number of clauses: 289806
unsat in 2 bits.
Number of variables: 137951
Number of clauses: 689176
unsat in 4 bits.
Number of variables: 399975
Number of clauses: 2172968
sat
real sat
../New_SAT_split/QF_NIA_2_4/20170427-VeryMax/ITS/From_AProVE_2014__juHashMapCreate.jar-obl-10__p4893_safety_0.smt2 : 35487 ms.
--------------------------------------------------
Number of variables: 57488
Number of clauses: 286307
unsat in 2 bits.
Number of variables: 91216
Number of clauses: 466782
sat
real sat
../New_SAT_split/QF_NIA_2_4/20170427-VeryMax/ITS/From_AProVE_2014__juHashMapCreate.jar-obl-10__p4900_safety_0.smt2 : 1530 ms.
--------------------------------------------------
Number of variables: 114933
Number of clauses: 572752
unsat in 2 bits.
Number of variables: 203841
Number of clauses: 1046607
sat
real sat
../New_SAT_split/QF_NIA_2_4/20170427-VeryMax/ITS/From_AProVE_2014__juHashMapCreate.jar-obl-10__p4901_safety_0.smt2 : 11655 ms.
--------------------------------------------------
Number of variables: 190212
Number of clauses: 950021
unsat in 2 bits.
Number of variables: 359808
Number of clauses: 1851176
sat
real sat
../New_SAT_split/QF_NIA_2_4/20170427-VeryMax/ITS/From_AProVE_2014__juHashMapCreate.jar-obl-10__p4902_safety_0.smt2 : 42967 ms.
--------------------------------------------------
Number of variables: 62643
Number of clauses: 294162
unsat in 2 bits.
Number of variables: 145059
Number of clauses: 722743
unsat in 4 bits.
Number of variables: 429343
Number of clauses: 2336319
sat
real sat
../New_SAT_split/QF_NIA_2_4/20170427-VeryMax/ITS/From_AProVE_2014__juHashMapCreate.jar-obl-10__p4907_safety_0.smt2 : 67851 ms.
--------------------------------------------------
Number of variables: 148617
Number of clauses: 767570
unsat in 2 bits.
Number of variables: 313467
Number of clauses: 1632305
unsat in 4 bits.
Number of variables: 880775
Number of clauses: 4871216
unsat in 8 bits.
Number of variables: 2955927
Number of clauses: 17306680
unsat in 16 bits.
Number of variables: 10866363
Number of clauses: 65991768
../New_SAT_split/QF_NIA_2_4/20170427-VeryMax/ITS/From_AProVE_2014__juHashMapCreate.jar-obl-10__p4910_safety_0.smt2 : 2401165 ms.
--------------------------------------------------
Number of variables: 36786
Number of clauses: 171946
unsat in 2 bits.
Number of variables: 78498
Number of clauses: 387533
unsat in 4 bits.
Number of variables: 217922
Number of clauses: 1173345
sat
real sat
../New_SAT_split/QF_NIA_2_4/20170427-VeryMax/ITS/From_AProVE_2014__juHashMapCreate.jar-obl-10__p4914_safety_0.smt2 : 4694 ms.
--------------------------------------------------
Number of variables: 61982
Number of clauses: 291238
unsat in 2 bits.
Number of variables: 139070
Number of clauses: 691883
unsat in 4 bits.
Number of variables: 401406
Number of clauses: 2178211
sat
real sat
../New_SAT_split/QF_NIA_2_4/20170427-VeryMax/ITS/From_AProVE_2014__juHashMapCreate.jar-obl-10__p4915_safety_0.smt2 : 49703 ms.
--------------------------------------------------
Number of variables: 60571
Number of clauses: 285719
unsat in 2 bits.
Number of variables: 142639
Number of clauses: 711656
unsat in 4 bits.
Number of variables: 426239
Number of clauses: 2320042
sat
real sat
../New_SAT_split/QF_NIA_2_4/20170427-VeryMax/ITS/From_AProVE_2014__juHashMapCreate.jar-obl-10__p4920_safety_0.smt2 : 37731 ms.
--------------------------------------------------
Number of variables: 34738
Number of clauses: 163551
unsat in 2 bits.
Number of variables: 76142
Number of clauses: 376800
unsat in 4 bits.
Number of variables: 214958
Number of clauses: 1158002
sat
real sat
../New_SAT_split/QF_NIA_2_4/20170427-VeryMax/ITS/From_AProVE_2014__juHashMapCreate.jar-obl-10__p4929_safety_0.smt2 : 3431 ms.
--------------------------------------------------
Number of variables: 60023
Number of clauses: 283613
unsat in 2 bits.
Number of variables: 136775
Number of clauses: 681750
unsat in 4 bits.
Number of variables: 398451
Number of clauses: 2163160
sat
real sat
../New_SAT_split/QF_NIA_2_4/20170427-VeryMax/ITS/From_AProVE_2014__juHashMapCreate.jar-obl-10__p4930_safety_0.smt2 : 17536 ms.
--------------------------------------------------
Number of variables: 60135
Number of clauses: 303213
unsat in 2 bits.
Number of variables: 93351
Number of clauses: 481569
sat
real sat
../New_SAT_split/QF_NIA_2_4/20170427-VeryMax/ITS/From_AProVE_2014__juHashMapCreate.jar-obl-10__p4936_safety_0.smt2 : 11446 ms.
--------------------------------------------------
Number of variables: 120411
Number of clauses: 606495
unsat in 2 bits.
Number of variables: 208263
Number of clauses: 1075563
sat
real sat
../New_SAT_split/QF_NIA_2_4/20170427-VeryMax/ITS/From_AProVE_2014__juHashMapCreate.jar-obl-10__p4937_safety_0.smt2 : 16792 ms.
--------------------------------------------------
Number of variables: 198624
Number of clauses: 1001431
unsat in 2 bits.
Number of variables: 366532
Number of clauses: 1894427
sat
real sat
../New_SAT_split/QF_NIA_2_4/20170427-VeryMax/ITS/From_AProVE_2014__juHashMapCreate.jar-obl-10__p4938_safety_0.smt2 : 12858 ms.
--------------------------------------------------
Number of variables: 58047
Number of clauses: 272879
unsat in 2 bits.
Number of variables: 132979
Number of clauses: 662654
unsat in 4 bits.
Number of variables: 391031
Number of clauses: 2127452
sat
real sat
../New_SAT_split/QF_NIA_2_4/20170427-VeryMax/ITS/From_AProVE_2014__juHashMapCreate.jar-obl-10__p4943_safety_0.smt2 : 18396 ms.
--------------------------------------------------
Number of variables: 85007
Number of clauses: 444284
unsat in 2 bits.
Number of variables: 168675
Number of clauses: 882547
unsat in 4 bits.
Number of variables: 449927
Number of clauses: 2482920
unsat in 8 bits.
Number of variables: 1463119
Number of clauses: 8538504
unsat in 16 bits.
Number of variables: 5291233
Number of clauses: 32060624
../New_SAT_split/QF_NIA_2_4/20170427-VeryMax/ITS/From_AProVE_2014__juHashMapCreate.jar-obl-10__p4945_safety_0.smt2 : 2401075 ms.
--------------------------------------------------
Number of variables: 149555
Number of clauses: 775829
unsat in 2 bits.
Number of variables: 311851
Number of clauses: 1627568
unsat in 4 bits.
Number of variables: 868423
Number of clauses: 4804871
unsat in 8 bits.
Number of variables: 2899639
Number of clauses: 16974847
unsat in 16 bits.
Number of variables: 10632345
Number of clauses: 64559863
../New_SAT_split/QF_NIA_2_4/20170427-VeryMax/ITS/From_AProVE_2014__juHashMapCreate.jar-obl-10__p4946_safety_0.smt2 : 2401136 ms.
--------------------------------------------------
Number of variables: 16816
Number of clauses: 78853
unsat in 2 bits.
Number of variables: 31824
Number of clauses: 155338
unsat in 4 bits.
Number of variables: 79918
Number of clauses: 422796
sat
real sat
../New_SAT_split/QF_NIA_2_4/20170427-VeryMax/ITS/From_AProVE_2014__juHashMapCreate.jar-obl-10__p4947_safety_0.smt2 : 1881 ms.
--------------------------------------------------
Number of variables: 34012
Number of clauses: 159324
unsat in 2 bits.
Number of variables: 72522
Number of clauses: 358467
unsat in 4 bits.
Number of variables: 201788
Number of clauses: 1087705
sat
real sat
../New_SAT_split/QF_NIA_2_4/20170427-VeryMax/ITS/From_AProVE_2014__juHashMapCreate.jar-obl-10__p4948_safety_0.smt2 : 15750 ms.
--------------------------------------------------
Number of variables: 57867
Number of clauses: 272353
unsat in 2 bits.
Number of variables: 130175
Number of clauses: 648426
unsat in 4 bits.
Number of variables: 377333
Number of clauses: 2050132
sat
real sat
../New_SAT_split/QF_NIA_2_4/20170427-VeryMax/ITS/From_AProVE_2014__juHashMapCreate.jar-obl-10__p4949_safety_0.smt2 : 13867 ms.
--------------------------------------------------
Number of variables: 54759
Number of clauses: 256904
unsat in 2 bits.
Number of variables: 129071
Number of clauses: 642391
unsat in 4 bits.
Number of variables: 385891
Number of clauses: 2098697
sat
real sat
../New_SAT_split/QF_NIA_2_4/20170427-VeryMax/ITS/From_AProVE_2014__juHashMapCreate.jar-obl-10__p4957_safety_0.smt2 : 17190 ms.
--------------------------------------------------
Number of variables: 30848
Number of clauses: 144127
unsat in 2 bits.
Number of variables: 68778
Number of clauses: 339266
unsat in 4 bits.
Number of variables: 196888
Number of clauses: 1060548
sat
real sat
../New_SAT_split/QF_NIA_2_4/20170427-VeryMax/ITS/From_AProVE_2014__juHashMapCreate.jar-obl-10__p4959_safety_0.smt2 : 16259 ms.
--------------------------------------------------
Number of variables: 54351
Number of clauses: 255019
unsat in 2 bits.
Number of variables: 125963
Number of clauses: 626338
unsat in 4 bits.
Number of variables: 371737
Number of clauses: 2018620
sat
real sat
../New_SAT_split/QF_NIA_2_4/20170427-VeryMax/ITS/From_AProVE_2014__juHashMapCreate.jar-obl-10__p4960_safety_0.smt2 : 49616 ms.
--------------------------------------------------
Number of variables: 31258
Number of clauses: 147105
unsat in 2 bits.
Number of variables: 69236
Number of clauses: 342628
unsat in 4 bits.
Number of variables: 197442
Number of clauses: 1064678
sat
real sat
../New_SAT_split/QF_NIA_2_4/20170427-VeryMax/ITS/From_AProVE_2014__juHashMapCreate.jar-obl-10__p4962_safety_0.smt2 : 4859 ms.
--------------------------------------------------
Number of variables: 54958
Number of clauses: 259455
unsat in 2 bits.
Number of variables: 126638
Number of clauses: 631318
unsat in 4 bits.
Number of variables: 372548
Number of clauses: 2024688
sat
real sat
../New_SAT_split/QF_NIA_2_4/20170427-VeryMax/ITS/From_AProVE_2014__juHashMapCreate.jar-obl-10__p4963_safety_0.smt2 : 13146 ms.
--------------------------------------------------
Number of variables: 852675
Number of clauses: 3957595
unsat in 2 bits.
Number of variables: 2001149
Number of clauses: 9886746
sat
real sat
../New_SAT_split/QF_NIA_2_4/20170427-VeryMax/ITS/From_AProVE_2014__juHashMapCreate.jar-obl-10__p5393_edge_closing_0.smt2 : 1305483 ms.
