--------------------------------------------------
../QF_NIA_split/QF_NIA_6//LassoRanker/4NestedWith3Variables_true-termination.c_Iteration1_Loop+nonterminationTemplate_0.smt2 : 301010 ms.
--------------------------------------------------
unsat
../QF_NIA_split/QF_NIA_6//LassoRanker/aaron3_true-termination.c_Iteration1_Loop+nonterminationTemplate_0.smt2 : 143 ms.
--------------------------------------------------
unsat
../QF_NIA_split/QF_NIA_6//LassoRanker/Ackermann01_true-termination.c_Iteration9_Loop+nonterminationTemplate_0.smt2 : 129 ms.
--------------------------------------------------
unsat
../QF_NIA_split/QF_NIA_6//LassoRanker/AliasDarteFeautrierGonnord-SAS2010-aaron3_true-termination.c_Iteration1_Loop+nonterminationTemplate_0.smt2 : 89 ms.
--------------------------------------------------
unsat
../QF_NIA_split/QF_NIA_6//LassoRanker/AliasDarteFeautrierGonnord-SAS2010-exmini_true-termination.c_Iteration1_Loop+nonterminationTemplate_0.smt2 : 39 ms.
--------------------------------------------------
unsat
../QF_NIA_split/QF_NIA_6//LassoRanker/AliasDarteFeautrierGonnord-SAS2010-nestedLoop_true-termination.c_Iteration8_Loop+nonterminationTemplate_0.smt2 : 251 ms.
--------------------------------------------------
unsat
../QF_NIA_split/QF_NIA_6//LassoRanker/AliasDarteFeautrierGonnord-SAS2010-nestedLoop_true-termination.c_Iteration9_Loop+nonterminationTemplate_0.smt2 : 1438 ms.
--------------------------------------------------
unknown
../QF_NIA_split/QF_NIA_6//LassoRanker/AliasDarteFeautrierGonnord-SAS2010-rsd_true-termination.c_Iteration4_Loop+nonterminationTemplate_0.smt2 : 300132 ms.
--------------------------------------------------
unsat
../QF_NIA_split/QF_NIA_6//LassoRanker/AliasDarteFeautrierGonnord-SAS2010-terminate_true-termination.c_Iteration1_Loop+nonterminationTemplate_0.smt2 : 40 ms.
--------------------------------------------------
unsat
../QF_NIA_split/QF_NIA_6//LassoRanker/b.04_true-termination.c_Iteration1_Loop+nonterminationTemplate_0.smt2 : 31 ms.
--------------------------------------------------
unknown
../QF_NIA_split/QF_NIA_6//LassoRanker/Benghazi_nondet_true-termination.c_Iteration1_Loop+nonterminationTemplate_0.smt2 : 300121 ms.
--------------------------------------------------
unknown
../QF_NIA_split/QF_NIA_6//LassoRanker/BradleyMannaSipma-ICALP2005-Fig1_true-termination.c_Iteration4_Lasso+nonterminationTemplate_0.smt2 : 300206 ms.
--------------------------------------------------
unsat
../QF_NIA_split/QF_NIA_6//LassoRanker/ChawdharyCookGulwaniSagivYang-ESOP2008-aaron12_true-termination.c_Iteration1_Loop+nonterminationTemplate_0.smt2 : 56 ms.
--------------------------------------------------
unsat
../QF_NIA_split/QF_NIA_6//LassoRanker/ChawdharyCookGulwaniSagivYang-ESOP2008-aaron12_true-termination.c_Iteration2_Loop+nonterminationTemplate_0.smt2 : 56 ms.
--------------------------------------------------
unsat
../QF_NIA_split/QF_NIA_6//LassoRanker/ChawdharyCookGulwaniSagivYang-ESOP2008-aaron12_true-termination.c_Iteration3_Loop+nonterminationTemplate_0.smt2 : 56 ms.
--------------------------------------------------
unsat
../QF_NIA_split/QF_NIA_6//LassoRanker/ChawdharyCookGulwaniSagivYang-ESOP2008-aaron4_true-termination.c_Iteration1_Loop+nonterminationTemplate_0.smt2 : 277 ms.
--------------------------------------------------
../QF_NIA_split/QF_NIA_6//LassoRanker/ChenFlurMukhopadhyay-SAS2012-Ex2.06_false-termination.c_Iteration1_Lasso+nonterminationTemplate_0.smt2 : 301005 ms.
--------------------------------------------------
unknown
../QF_NIA_split/QF_NIA_6//LassoRanker/ChenFlurMukhopadhyay-SAS2012-Ex2.06_false-termination.c_Iteration1_Loop+nonterminationTemplate_0.smt2 : 300181 ms.
--------------------------------------------------
unsat
../QF_NIA_split/QF_NIA_6//LassoRanker/ChenFlurMukhopadhyay-SAS2012-Ex2.07_true-termination.c_Iteration1_Loop+nonterminationTemplate_0.smt2 : 34 ms.
--------------------------------------------------
unknown
../QF_NIA_split/QF_NIA_6//LassoRanker/ChenFlurMukhopadhyay-SAS2012-Ex2.11_false-termination.c_Iteration1_Loop+nonterminationTemplate_0.smt2 : 300114 ms.
--------------------------------------------------
unsat
../QF_NIA_split/QF_NIA_6//LassoRanker/ChenFlurMukhopadhyay-SAS2012-Ex2.13_true-termination.c_Iteration1_Loop+nonterminationTemplate_0.smt2 : 53 ms.
--------------------------------------------------
unsat
../QF_NIA_split/QF_NIA_6//LassoRanker/ChenFlurMukhopadhyay-SAS2012-Ex2.19_true-termination.c_Iteration1_Loop+nonterminationTemplate_0.smt2 : 99 ms.
--------------------------------------------------
unsat
../QF_NIA_split/QF_NIA_6//LassoRanker/ChenFlurMukhopadhyay-SAS2012-Ex3.01_true-termination.c_Iteration1_Loop+nonterminationTemplate_0.smt2 : 974 ms.
--------------------------------------------------
unsat
../QF_NIA_split/QF_NIA_6//LassoRanker/ChenFlurMukhopadhyay-SAS2012-Ex3.04_true-termination.c_Iteration1_Loop+nonterminationTemplate_0.smt2 : 652 ms.
--------------------------------------------------
unsat
../QF_NIA_split/QF_NIA_6//LassoRanker/ChenFlurMukhopadhyay-SAS2012-Ex3.05_true-termination.c_Iteration1_Loop+nonterminationTemplate_0.smt2 : 439 ms.
--------------------------------------------------
unsat
../QF_NIA_split/QF_NIA_6//LassoRanker/ChenFlurMukhopadhyay-SAS2012-Ex3.08_true-termination.c_Iteration1_Loop+nonterminationTemplate_0.smt2 : 168451 ms.
--------------------------------------------------
unsat
../QF_NIA_split/QF_NIA_6//LassoRanker/ChenFlurMukhopadhyay-SAS2012-Ex3.09_true-termination.c_Iteration1_Loop+nonterminationTemplate_0.smt2 : 75 ms.
--------------------------------------------------
unsat
../QF_NIA_split/QF_NIA_6//LassoRanker/ChenFlurMukhopadhyay-SAS2012-Ex3.10_true-termination.c_Iteration1_Loop+nonterminationTemplate_0.smt2 : 29 ms.
--------------------------------------------------
unknown
../QF_NIA_split/QF_NIA_6//LassoRanker/ChenFlurMukhopadhyay-SAS2012-Ex4.01_true-termination.c_Iteration1_Loop+nonterminationTemplate_0.smt2 : 300140 ms.
--------------------------------------------------
unknown
../QF_NIA_split/QF_NIA_6//LassoRanker/ChooseLife_false-termination.c_Iteration1_Lasso+nonterminationTemplate_0.smt2 : 300061 ms.
--------------------------------------------------
unsat
../QF_NIA_split/QF_NIA_6//LassoRanker/Collatz_unknown-termination.c_Iteration4_Lasso+nonterminationTemplate_0.smt2 : 61 ms.
--------------------------------------------------
unsat
../QF_NIA_split/QF_NIA_6//LassoRanker/ColonSipma-TACAS2001-Fig1_true-termination.c_Iteration1_Loop+nonterminationTemplate_0.smt2 : 40 ms.
--------------------------------------------------
../QF_NIA_split/QF_NIA_6//LassoRanker/Copenhagen_disj_true-termination.c_Iteration1_Lasso+nonterminationTemplate_0.smt2 : 301005 ms.
--------------------------------------------------
unsat
../QF_NIA_split/QF_NIA_6//LassoRanker/Et1_true-termination.c_Iteration1_Loop+nonterminationTemplate_0.smt2 : 80 ms.
--------------------------------------------------
unsat
../QF_NIA_split/QF_NIA_6//LassoRanker/Et1_true_true-termination.c_Iteration1_Loop+nonterminationTemplate_0.smt2 : 52 ms.
--------------------------------------------------
sat
../QF_NIA_split/QF_NIA_6//LassoRanker/Et4_false-termination.c_Iteration1_Lasso+nonterminationTemplate_0.smt2 : 30 ms.
--------------------------------------------------
sat
../QF_NIA_split/QF_NIA_6//LassoRanker/Et4_false-termination.c_Iteration1_Loop+nonterminationTemplate_0.smt2 : 29 ms.
--------------------------------------------------
unsat
../QF_NIA_split/QF_NIA_6//LassoRanker/Et4_true_true-termination.c_Iteration1_Loop+nonterminationTemplate_0.smt2 : 66 ms.
--------------------------------------------------
unsat
../QF_NIA_split/QF_NIA_6//LassoRanker/Et4_true_true-termination.c_Iteration2_Loop+nonterminationTemplate_0.smt2 : 60 ms.
--------------------------------------------------
unsat
../QF_NIA_split/QF_NIA_6//LassoRanker/Et4_true_true-termination.c_Iteration3_Loop+nonterminationTemplate_0.smt2 : 52 ms.
--------------------------------------------------
unsat
../QF_NIA_split/QF_NIA_6//LassoRanker/Et4_true_true-termination.c_Iteration4_Loop+nonterminationTemplate_0.smt2 : 37 ms.
--------------------------------------------------
unsat
../QF_NIA_split/QF_NIA_6//LassoRanker/EvenOdd01_true-termination.c_Iteration1_Lasso+nonterminationTemplate_0.smt2 : 26 ms.
--------------------------------------------------
unsat
../QF_NIA_split/QF_NIA_6//LassoRanker/GCD4_true-termination.c_Iteration2_Loop+nonterminationTemplate_0.smt2 : 37 ms.
--------------------------------------------------
unsat
../QF_NIA_split/QF_NIA_6//LassoRanker/Gothenburg_true-termination.c_Iteration1_Lasso+nonterminationTemplate_0.smt2 : 34 ms.
--------------------------------------------------
unsat
../QF_NIA_split/QF_NIA_6//LassoRanker/Gothenburg_v2_true-termination.c_Iteration1_Lasso+nonterminationTemplate_0.smt2 : 30 ms.
--------------------------------------------------
../QF_NIA_split/QF_NIA_6//LassoRanker/Hanoi_plus_false-termination.c_Iteration1_Lasso+nonterminationTemplate_0.smt2 : 301006 ms.
--------------------------------------------------
unknown
../QF_NIA_split/QF_NIA_6//LassoRanker/Hanoi_plus_false-termination.c_Iteration1_Loop+nonterminationTemplate_0.smt2 : 300223 ms.
--------------------------------------------------
unsat
../QF_NIA_split/QF_NIA_6//LassoRanker/HarrisLalNoriRajamani-SAS2010-Fig1_true-termination.c_Iteration1_Lasso+nonterminationTemplate_0.smt2 : 76 ms.
--------------------------------------------------
unsat
../QF_NIA_split/QF_NIA_6//LassoRanker/HarrisLalNoriRajamani-SAS2010-Fig1_true-termination.c_Iteration2_Lasso+nonterminationTemplate_0.smt2 : 119 ms.
--------------------------------------------------
unknown
../QF_NIA_split/QF_NIA_6//LassoRanker/HeizmannHoenickeLeikePodelski-ATVA2013-Fig2_true-termination.c_Iteration1_Lasso+nonterminationTemplate_0.smt2 : 300145 ms.
--------------------------------------------------
unsat
../QF_NIA_split/QF_NIA_6//LassoRanker/LarrazOliverasRodriguez-CarbonellRubio-FMCAD2013-Fig1_true-termination.c_Iteration1_Loop+nonterminationTemplate_0.smt2 : 43 ms.
--------------------------------------------------
unsat
../QF_NIA_split/QF_NIA_6//LassoRanker/LarrazOliverasRodriguez-CarbonellRubio-FMCAD2013-Fig1_true-termination.c_Iteration3_Loop+nonterminationTemplate_0.smt2 : 44 ms.
--------------------------------------------------
unsat
../QF_NIA_split/QF_NIA_6//LassoRanker/LarrazOliverasRodriguez-CarbonellRubio-FMCAD2013-Fig1_true-termination.c_Iteration6_Loop+nonterminationTemplate_0.smt2 : 45 ms.
--------------------------------------------------
unsat
../QF_NIA_split/QF_NIA_6//LassoRanker/LeeJonesBen-Amram-POPL2001-Ex2_true-termination.c_Iteration1_Lasso+nonterminationTemplate_0.smt2 : 77 ms.
--------------------------------------------------
sat
../QF_NIA_split/QF_NIA_6//LassoRanker/LeeJonesBen-Amram-POPL2001-Ex2_true-termination.c_Iteration1_Loop+nonterminationTemplate_0.smt2 : 227 ms.
--------------------------------------------------
unknown
../QF_NIA_split/QF_NIA_6//LassoRanker/LeikeHeizmann-WST2014-Ex5_false-termination.c_Iteration1_Lasso+nonterminationTemplate_0.smt2 : 300162 ms.
--------------------------------------------------
unsat
../QF_NIA_split/QF_NIA_6//LassoRanker/McCarthy91_Recursion_true-termination.c_Iteration2_Loop+nonterminationTemplate_0.smt2 : 157 ms.
--------------------------------------------------
unsat
../QF_NIA_split/QF_NIA_6//LassoRanker/McCarthy91_Recursion_true-termination.c_Iteration5_Loop+nonterminationTemplate_0.smt2 : 59 ms.
--------------------------------------------------
unsat
../QF_NIA_split/QF_NIA_6//LassoRanker/min_rf_true-termination.c_Iteration8_Loop+nonterminationTemplate_0.smt2 : 63 ms.
--------------------------------------------------
unsat
../QF_NIA_split/QF_NIA_6//LassoRanker/MinusBuiltIn_true-termination.c_Iteration1_Loop+nonterminationTemplate_0.smt2 : 63 ms.
--------------------------------------------------
unsat
../QF_NIA_split/QF_NIA_6//LassoRanker/MutualRecursion_1a_false-termination.c_Iteration1_Loop+nonterminationTemplate_0.smt2 : 69 ms.
--------------------------------------------------
unsat
../QF_NIA_split/QF_NIA_6//LassoRanker/MutualRecursion_1b_true-termination.c_Iteration1_Loop+nonterminationTemplate_0.smt2 : 82 ms.
--------------------------------------------------
unsat
../QF_NIA_split/QF_NIA_6//LassoRanker/MutualRecursion_1b_true-termination.c_Iteration3_Loop+nonterminationTemplate_0.smt2 : 45 ms.
--------------------------------------------------
unsat
../QF_NIA_split/QF_NIA_6//LassoRanker/MutualRecursion_1b_true-termination.c_Iteration6_Loop+nonterminationTemplate_0.smt2 : 48 ms.
--------------------------------------------------
unknown
../QF_NIA_split/QF_NIA_6//LassoRanker/Mysore_true-termination.c_Iteration1_Loop+nonterminationTemplate_0.smt2 : 300236 ms.
--------------------------------------------------
unsat
../QF_NIA_split/QF_NIA_6//LassoRanker/Parts_true-termination.c_Iteration22_Loop+nonterminationTemplate_0.smt2 : 31 ms.
--------------------------------------------------
unsat
../QF_NIA_split/QF_NIA_6//LassoRanker/PastaA6_true-termination.c_Iteration1_Loop+nonterminationTemplate_0.smt2 : 282 ms.
--------------------------------------------------
unsat
../QF_NIA_split/QF_NIA_6//LassoRanker/PastaB4_true-termination.c_Iteration1_Loop+nonterminationTemplate_0.smt2 : 32 ms.
--------------------------------------------------
unsat
../QF_NIA_split/QF_NIA_6//LassoRanker/PastaC7_true-termination.c_Iteration1_Loop+nonterminationTemplate_0.smt2 : 30 ms.
--------------------------------------------------
unsat
../QF_NIA_split/QF_NIA_6//LassoRanker/PodelskiRybalchenko-LICS2004-Fig2-TACAS2011-Fig3_true-termination.c_Iteration10_Loop+nonterminationTemplate_0.smt2 : 40 ms.
--------------------------------------------------
unsat
../QF_NIA_split/QF_NIA_6//LassoRanker/PodelskiRybalchenko-LICS2004-Fig2-TACAS2011-Fig3_true-termination.c_Iteration11_Loop+nonterminationTemplate_0.smt2 : 124 ms.
--------------------------------------------------
unsat
../QF_NIA_split/QF_NIA_6//LassoRanker/PodelskiRybalchenko-LICS2004-Fig2-TACAS2011-Fig3_true-termination.c_Iteration12_Loop+nonterminationTemplate_0.smt2 : 79 ms.
--------------------------------------------------
unsat
../QF_NIA_split/QF_NIA_6//LassoRanker/PodelskiRybalchenko-LICS2004-Fig2-TACAS2011-Fig3_true-termination.c_Iteration3_Loop+nonterminationTemplate_0.smt2 : 15042 ms.
--------------------------------------------------
unsat
../QF_NIA_split/QF_NIA_6//LassoRanker/PodelskiRybalchenko-LICS2004-Fig2-TACAS2011-Fig3_true-termination.c_Iteration4_Loop+nonterminationTemplate_0.smt2 : 33851 ms.
--------------------------------------------------
unsat
../QF_NIA_split/QF_NIA_6//LassoRanker/PodelskiRybalchenko-LICS2004-Fig2-TACAS2011-Fig3_true-termination.c_Iteration5_Loop+nonterminationTemplate_0.smt2 : 40 ms.
--------------------------------------------------
unsat
../QF_NIA_split/QF_NIA_6//LassoRanker/PodelskiRybalchenko-LICS2004-Fig2-TACAS2011-Fig3_true-termination.c_Iteration6_Loop+nonterminationTemplate_0.smt2 : 50 ms.
--------------------------------------------------
unsat
../QF_NIA_split/QF_NIA_6//LassoRanker/PodelskiRybalchenko-LICS2004-Fig2-TACAS2011-Fig3_true-termination.c_Iteration7_Loop+nonterminationTemplate_0.smt2 : 119 ms.
--------------------------------------------------
unsat
../QF_NIA_split/QF_NIA_6//LassoRanker/PodelskiRybalchenko-LICS2004-Fig2-TACAS2011-Fig3_true-termination.c_Iteration8_Loop+nonterminationTemplate_0.smt2 : 43 ms.
--------------------------------------------------
unsat
../QF_NIA_split/QF_NIA_6//LassoRanker/PodelskiRybalchenko-LICS2004-Fig2-TACAS2011-Fig3_true-termination.c_Iteration9_Loop+nonterminationTemplate_0.smt2 : 160 ms.
--------------------------------------------------
unsat
../QF_NIA_split/QF_NIA_6//LassoRanker/PodelskiRybalchenko-LICS2004-Fig2_true-termination.c_Iteration10_Loop+nonterminationTemplate_0.smt2 : 38 ms.
--------------------------------------------------
unsat
../QF_NIA_split/QF_NIA_6//LassoRanker/PodelskiRybalchenko-LICS2004-Fig2_true-termination.c_Iteration11_Loop+nonterminationTemplate_0.smt2 : 62 ms.
--------------------------------------------------
unsat
../QF_NIA_split/QF_NIA_6//LassoRanker/PodelskiRybalchenko-LICS2004-Fig2_true-termination.c_Iteration12_Loop+nonterminationTemplate_0.smt2 : 48 ms.
--------------------------------------------------
unsat
../QF_NIA_split/QF_NIA_6//LassoRanker/PodelskiRybalchenko-LICS2004-Fig2_true-termination.c_Iteration13_Loop+nonterminationTemplate_0.smt2 : 204 ms.
--------------------------------------------------
unsat
../QF_NIA_split/QF_NIA_6//LassoRanker/PodelskiRybalchenko-LICS2004-Fig2_true-termination.c_Iteration2_Loop+nonterminationTemplate_0.smt2 : 40 ms.
--------------------------------------------------
unsat
../QF_NIA_split/QF_NIA_6//LassoRanker/PodelskiRybalchenko-LICS2004-Fig2_true-termination.c_Iteration3_Loop+nonterminationTemplate_0.smt2 : 15510 ms.
--------------------------------------------------
unsat
../QF_NIA_split/QF_NIA_6//LassoRanker/PodelskiRybalchenko-LICS2004-Fig2_true-termination.c_Iteration4_Loop+nonterminationTemplate_0.smt2 : 17885 ms.
--------------------------------------------------
unsat
../QF_NIA_split/QF_NIA_6//LassoRanker/PodelskiRybalchenko-LICS2004-Fig2_true-termination.c_Iteration6_Loop+nonterminationTemplate_0.smt2 : 81 ms.
--------------------------------------------------
unsat
../QF_NIA_split/QF_NIA_6//LassoRanker/PodelskiRybalchenko-LICS2004-Fig2_true-termination.c_Iteration7_Loop+nonterminationTemplate_0.smt2 : 58 ms.
--------------------------------------------------
unsat
../QF_NIA_split/QF_NIA_6//LassoRanker/PodelskiRybalchenko-LICS2004-Fig2_true-termination.c_Iteration9_Loop+nonterminationTemplate_0.smt2 : 42 ms.
--------------------------------------------------
unsat
../QF_NIA_split/QF_NIA_6//LassoRanker/PodelskiRybalchenko-VMCAI2004-Ex1_true-termination.c_Iteration1_Loop+nonterminationTemplate_0.smt2 : 33 ms.
--------------------------------------------------
unsat
../QF_NIA_split/QF_NIA_6//LassoRanker/PodelskiRybalchenko-VMCAI2004-Ex1_true-termination.c_Iteration2_Loop+nonterminationTemplate_0.smt2 : 269 ms.
--------------------------------------------------
unsat
../QF_NIA_split/QF_NIA_6//LassoRanker/PodelskiRybalchenko-VMCAI2004-Ex1_true-termination.c_Iteration3_Loop+nonterminationTemplate_0.smt2 : 33 ms.
--------------------------------------------------
unsat
../QF_NIA_split/QF_NIA_6//LassoRanker/PodelskiRybalchenko-VMCAI2004-Ex1_true-termination.c_Iteration4_Loop+nonterminationTemplate_0.smt2 : 244 ms.
--------------------------------------------------
unsat
../QF_NIA_split/QF_NIA_6//LassoRanker/PodelskiRybalchenko-VMCAI2004-Ex1_true-termination.c_Iteration5_Loop+nonterminationTemplate_0.smt2 : 85 ms.
--------------------------------------------------
unsat
../QF_NIA_split/QF_NIA_6//LassoRanker/PodelskiRybalchenko-VMCAI2004-Ex1_true-termination.c_Iteration6_Loop+nonterminationTemplate_0.smt2 : 84 ms.
--------------------------------------------------
unsat
../QF_NIA_split/QF_NIA_6//LassoRanker/PodelskiRybalchenko-VMCAI2004-Ex1_true-termination.c_Iteration7_Loop+nonterminationTemplate_0.smt2 : 166 ms.
--------------------------------------------------
unsat
../QF_NIA_split/QF_NIA_6//LassoRanker/PodelskiRybalchenko-VMCAI2004-Ex1_true-termination.c_Iteration8_Loop+nonterminationTemplate_0.smt2 : 113 ms.
--------------------------------------------------
unsat
../QF_NIA_split/QF_NIA_6//LassoRanker/Pure3Phase_true-termination.c_Iteration1_Loop+nonterminationTemplate_0.smt2 : 104 ms.
--------------------------------------------------
unsat
../QF_NIA_split/QF_NIA_6//LassoRanker/Pure3Phase_true-termination.c_Iteration4_Loop+nonterminationTemplate_0.smt2 : 58 ms.
--------------------------------------------------
unsat
../QF_NIA_split/QF_NIA_6//LassoRanker/Pure3Phase_true-termination.c_Iteration5_Loop+nonterminationTemplate_0.smt2 : 45 ms.
--------------------------------------------------
unknown
../QF_NIA_split/QF_NIA_6//LassoRanker/Pure3Phase_true-termination.c_Iteration6_Loop+nonterminationTemplate_0.smt2 : 300059 ms.
--------------------------------------------------
unsat
../QF_NIA_split/QF_NIA_6//LassoRanker/Pure3Phase_true-termination.c_Iteration7_Loop+nonterminationTemplate_0.smt2 : 13319 ms.
--------------------------------------------------
unsat
../QF_NIA_split/QF_NIA_6//LassoRanker/Pure3Phase_true-termination.c_Iteration8_Loop+nonterminationTemplate_0.smt2 : 9501 ms.
--------------------------------------------------
unsat
../QF_NIA_split/QF_NIA_6//LassoRanker/Stockholm_true-termination.c_Iteration1_Lasso+nonterminationTemplate_0.smt2 : 25 ms.
--------------------------------------------------
../QF_NIA_split/QF_NIA_6//LassoRanker/Swingers_false-termination.c_Iteration1_Lasso+nonterminationTemplate_0.smt2 : 301005 ms.
--------------------------------------------------
sat
../QF_NIA_split/QF_NIA_6//LassoRanker/Swingers_false-termination.c_Iteration1_Loop+nonterminationTemplate_0.smt2 : 13 ms.
