--------------------------------------------------
sat
../QF_NIA_split/QF_NIA_2_26//20170427-VeryMax/ITS/From_T2__fun10b.t2_fixed__p32762_terminationG_0.smt2 : 47 ms.
--------------------------------------------------
sat
../QF_NIA_split/QF_NIA_2_26//20170427-VeryMax/ITS/From_T2__fun10b.t2__p326_terminationG_0.smt2 : 968 ms.
--------------------------------------------------
unknown
../QF_NIA_split/QF_NIA_2_26//20170427-VeryMax/ITS/From_T2__fun10b.t2__p339_terminationG_0.smt2 : 10033 ms.
--------------------------------------------------
../QF_NIA_split/QF_NIA_2_26//20170427-VeryMax/ITS/From_T2__fun10b.t2__p340_terminationG_0.smt2 : 11006 ms.
--------------------------------------------------
sat
../QF_NIA_split/QF_NIA_2_26//20170427-VeryMax/ITS/From_T2__fun10b.t2__p343_edge_closing_0.smt2 : 49 ms.
--------------------------------------------------
unknown
../QF_NIA_split/QF_NIA_2_26//20170427-VeryMax/ITS/From_T2__fun10b.t2__p344_edge_closing_0.smt2 : 10046 ms.
--------------------------------------------------
sat
../QF_NIA_split/QF_NIA_2_26//20170427-VeryMax/ITS/From_T2__fun10b.t2__p345_edge_closing_0.smt2 : 92 ms.
--------------------------------------------------
unknown
../QF_NIA_split/QF_NIA_2_26//20170427-VeryMax/ITS/From_T2__fun10b.t2__p350_edge_closing_0.smt2 : 10035 ms.
--------------------------------------------------
unknown
../QF_NIA_split/QF_NIA_2_26//20170427-VeryMax/ITS/From_T2__fun10b.t2__p351_edge_closing_0.smt2 : 10048 ms.
--------------------------------------------------
sat
../QF_NIA_split/QF_NIA_2_26//20170427-VeryMax/ITS/From_T2__fun10.t2__p405_terminationG_0.smt2 : 1017 ms.
--------------------------------------------------
unknown
../QF_NIA_split/QF_NIA_2_26//20170427-VeryMax/ITS/From_T2__fun10.t2__p415_terminationG_0.smt2 : 10034 ms.
--------------------------------------------------
../QF_NIA_split/QF_NIA_2_26//20170427-VeryMax/ITS/From_T2__fun10.t2__p416_terminationG_0.smt2 : 11006 ms.
--------------------------------------------------
sat
../QF_NIA_split/QF_NIA_2_26//20170427-VeryMax/ITS/From_T2__fun10.t2__p419_edge_closing_0.smt2 : 53 ms.
--------------------------------------------------
unknown
../QF_NIA_split/QF_NIA_2_26//20170427-VeryMax/ITS/From_T2__fun10.t2__p420_edge_closing_0.smt2 : 10043 ms.
--------------------------------------------------
sat
../QF_NIA_split/QF_NIA_2_26//20170427-VeryMax/ITS/From_T2__fun10.t2__p421_edge_closing_0.smt2 : 96 ms.
--------------------------------------------------
unknown
../QF_NIA_split/QF_NIA_2_26//20170427-VeryMax/ITS/From_T2__fun10.t2__p426_edge_closing_0.smt2 : 10046 ms.
--------------------------------------------------
unknown
../QF_NIA_split/QF_NIA_2_26//20170427-VeryMax/ITS/From_T2__fun10.t2__p427_edge_closing_0.smt2 : 10046 ms.
--------------------------------------------------
unsat
../QF_NIA_split/QF_NIA_2_26//20170427-VeryMax/ITS/From_T2__fun11.t2_fixed__p437_terminationG_0.smt2 : 48 ms.
--------------------------------------------------
unsat
../QF_NIA_split/QF_NIA_2_26//20170427-VeryMax/ITS/From_T2__fun11.t2_fixed__p438_terminationG_0.smt2 : 281 ms.
--------------------------------------------------
unsat
../QF_NIA_split/QF_NIA_2_26//20170427-VeryMax/ITS/From_T2__fun11.t2_fixed__p439_terminationG_0.smt2 : 7124 ms.
--------------------------------------------------
unsat
../QF_NIA_split/QF_NIA_2_26//20170427-VeryMax/ITS/From_T2__fun11.t2_fixed__p442_terminationG_0.smt2 : 46 ms.
--------------------------------------------------
unsat
../QF_NIA_split/QF_NIA_2_26//20170427-VeryMax/ITS/From_T2__fun11.t2_fixed__p443_terminationG_0.smt2 : 404 ms.
--------------------------------------------------
unsat
../QF_NIA_split/QF_NIA_2_26//20170427-VeryMax/ITS/From_T2__fun11.t2_fixed__p444_terminationG_0.smt2 : 7029 ms.
--------------------------------------------------
sat
../QF_NIA_split/QF_NIA_2_26//20170427-VeryMax/ITS/From_T2__fun11.t2_fixed__p454_edge_closing_0.smt2 : 732 ms.
--------------------------------------------------
unsat
../QF_NIA_split/QF_NIA_2_26//20170427-VeryMax/ITS/From_T2__fun11.t2__p462_terminationG_0.smt2 : 36 ms.
--------------------------------------------------
unsat
../QF_NIA_split/QF_NIA_2_26//20170427-VeryMax/ITS/From_T2__fun11.t2__p463_terminationG_0.smt2 : 1742 ms.
--------------------------------------------------
unknown
../QF_NIA_split/QF_NIA_2_26//20170427-VeryMax/ITS/From_T2__fun11.t2__p464_terminationG_0.smt2 : 10030 ms.
--------------------------------------------------
unsat
../QF_NIA_split/QF_NIA_2_26//20170427-VeryMax/ITS/From_T2__fun11.t2__p467_terminationG_0.smt2 : 36 ms.
--------------------------------------------------
unknown
../QF_NIA_split/QF_NIA_2_26//20170427-VeryMax/ITS/From_T2__fun11.t2__p468_terminationG_0.smt2 : 10060 ms.
--------------------------------------------------
unknown
../QF_NIA_split/QF_NIA_2_26//20170427-VeryMax/ITS/From_T2__fun11.t2__p469_terminationG_0.smt2 : 10029 ms.
--------------------------------------------------
unsat
../QF_NIA_split/QF_NIA_2_26//20170427-VeryMax/ITS/From_T2__fun11.t2__p472_terminationG_0.smt2 : 42 ms.
--------------------------------------------------
unsat
../QF_NIA_split/QF_NIA_2_26//20170427-VeryMax/ITS/From_T2__fun11.t2__p473_terminationG_0.smt2 : 1377 ms.
--------------------------------------------------
../QF_NIA_split/QF_NIA_2_26//20170427-VeryMax/ITS/From_T2__fun11.t2__p474_terminationG_0.smt2 : 11008 ms.
--------------------------------------------------
unsat
../QF_NIA_split/QF_NIA_2_26//20170427-VeryMax/ITS/From_T2__fun11.t2__p477_terminationG_0.smt2 : 40 ms.
--------------------------------------------------
unsat
../QF_NIA_split/QF_NIA_2_26//20170427-VeryMax/ITS/From_T2__fun11.t2__p478_terminationG_0.smt2 : 1403 ms.
--------------------------------------------------
unknown
../QF_NIA_split/QF_NIA_2_26//20170427-VeryMax/ITS/From_T2__fun11.t2__p479_terminationG_0.smt2 : 10029 ms.
--------------------------------------------------
sat
../QF_NIA_split/QF_NIA_2_26//20170427-VeryMax/ITS/From_T2__fun11.t2__p487_edge_closing_0.smt2 : 350 ms.
--------------------------------------------------
sat
../QF_NIA_split/QF_NIA_2_26//20170427-VeryMax/ITS/From_T2__fun9.t2__p1194_terminationG_0.smt2 : 412 ms.
--------------------------------------------------
sat
../QF_NIA_split/QF_NIA_2_26//20170427-VeryMax/ITS/From_T2__fun9.t2__p1195_terminationG_0.smt2 : 6558 ms.
--------------------------------------------------
unknown
../QF_NIA_split/QF_NIA_2_26//20170427-VeryMax/ITS/From_T2__fun9.t2__p1196_terminationG_0.smt2 : 10056 ms.
--------------------------------------------------
unknown
../QF_NIA_split/QF_NIA_2_26//20170427-VeryMax/ITS/From_T2__fun9.t2__p1201_terminationG_0.smt2 : 10041 ms.
--------------------------------------------------
unknown
../QF_NIA_split/QF_NIA_2_26//20170427-VeryMax/ITS/From_T2__fun9.t2__p1202_terminationG_0.smt2 : 10047 ms.
--------------------------------------------------
sat
../QF_NIA_split/QF_NIA_2_26//20170427-VeryMax/ITS/From_T2__fun9.t2__p1219_terminationG_0.smt2 : 6624 ms.
--------------------------------------------------
unknown
../QF_NIA_split/QF_NIA_2_26//20170427-VeryMax/ITS/From_T2__fun9.t2__p1220_terminationG_0.smt2 : 10054 ms.
--------------------------------------------------
unknown
../QF_NIA_split/QF_NIA_2_26//20170427-VeryMax/ITS/From_T2__fun9.t2__p1222_terminationG_0.smt2 : 10091 ms.
--------------------------------------------------
unknown
../QF_NIA_split/QF_NIA_2_26//20170427-VeryMax/ITS/From_T2__fun9.t2__p1224_terminationG_0.smt2 : 10036 ms.
--------------------------------------------------
unknown
../QF_NIA_split/QF_NIA_2_26//20170427-VeryMax/ITS/From_T2__fun9.t2__p1225_terminationG_0.smt2 : 10046 ms.
--------------------------------------------------
unknown
../QF_NIA_split/QF_NIA_2_26//20170427-VeryMax/ITS/From_T2__fun9.t2__p1230_edge_closing_0.smt2 : 10081 ms.
--------------------------------------------------
unknown
../QF_NIA_split/QF_NIA_2_26//20170427-VeryMax/ITS/From_T2__fun9.t2__p1231_edge_closing_0.smt2 : 10086 ms.
--------------------------------------------------
unknown
../QF_NIA_split/QF_NIA_2_26//20170427-VeryMax/ITS/From_T2__fun9.t2__p1232_edge_closing_0.smt2 : 10071 ms.
--------------------------------------------------
unknown
../QF_NIA_split/QF_NIA_2_26//20170427-VeryMax/ITS/From_T2__fun9.t2__p1233_edge_closing_0.smt2 : 10081 ms.
--------------------------------------------------
sat
../QF_NIA_split/QF_NIA_2_26//20170427-VeryMax/ITS/From_T2__fun9.t2__p1236_edge_closing_0.smt2 : 69 ms.
--------------------------------------------------
../QF_NIA_split/QF_NIA_2_26//20170427-VeryMax/ITS/From_T2__fun9.t2__p1239_edge_closing_0.smt2 : 11006 ms.
--------------------------------------------------
sat
../QF_NIA_split/QF_NIA_2_26//20170427-VeryMax/ITS/From_T2__fun9.t2__p1240_edge_closing_0.smt2 : 2112 ms.
--------------------------------------------------
unknown
../QF_NIA_split/QF_NIA_2_26//20170427-VeryMax/ITS/From_T2__fun9.t2__p1241_edge_closing_0.smt2 : 10040 ms.
--------------------------------------------------
unknown
../QF_NIA_split/QF_NIA_2_26//20170427-VeryMax/ITS/From_T2__fun9.t2__p1242_edge_closing_0.smt2 : 10410 ms.
--------------------------------------------------
sat
../QF_NIA_split/QF_NIA_2_26//20170427-VeryMax/ITS/From_T2__fun9.t2__p1244_edge_closing_0.smt2 : 78 ms.
--------------------------------------------------
sat
../QF_NIA_split/QF_NIA_2_26//20170427-VeryMax/ITS/From_T2__fun9.t2__p1245_edge_closing_0.smt2 : 63 ms.
--------------------------------------------------
sat
../QF_NIA_split/QF_NIA_2_26//20170427-VeryMax/ITS/From_T2__fun9.t2__p1247_edge_closing_0.smt2 : 328 ms.
--------------------------------------------------
../QF_NIA_split/QF_NIA_2_26//20170427-VeryMax/ITS/From_T2__fun9.t2__p1248_edge_closing_0.smt2 : 11007 ms.
--------------------------------------------------
unknown
../QF_NIA_split/QF_NIA_2_26//20170427-VeryMax/ITS/From_T2__fun9.t2__p1249_edge_closing_0.smt2 : 10051 ms.
--------------------------------------------------
sat
../QF_NIA_split/QF_NIA_2_26//20170427-VeryMax/ITS/From_T2__fun9.t2__p1250_edge_closing_0.smt2 : 1022 ms.
--------------------------------------------------
unknown
../QF_NIA_split/QF_NIA_2_26//20170427-VeryMax/ITS/From_T2__fun9.t2__p1251_edge_closing_0.smt2 : 10047 ms.
--------------------------------------------------
unknown
../QF_NIA_split/QF_NIA_2_26//20170427-VeryMax/ITS/From_T2__fun9.t2__p1252_edge_closing_0.smt2 : 10634 ms.
--------------------------------------------------
sat
../QF_NIA_split/QF_NIA_2_26//20170427-VeryMax/ITS/From_T2__fun9.t2__p1253_edge_closing_0.smt2 : 524 ms.
--------------------------------------------------
unknown
../QF_NIA_split/QF_NIA_2_26//20170427-VeryMax/ITS/From_T2__fun9.t2__p1254_edge_closing_0.smt2 : 10047 ms.
--------------------------------------------------
unknown
../QF_NIA_split/QF_NIA_2_26//20170427-VeryMax/ITS/From_T2__fun9.t2__p1255_edge_closing_0.smt2 : 10065 ms.
--------------------------------------------------
sat
../QF_NIA_split/QF_NIA_2_26//20170427-VeryMax/ITS/From_T2__fun9.t2__p1256_edge_closing_0.smt2 : 709 ms.
--------------------------------------------------
sat
../QF_NIA_split/QF_NIA_2_26//20170427-VeryMax/ITS/From_T2__fun9.t2__p1257_edge_closing_0.smt2 : 284 ms.
--------------------------------------------------
unknown
../QF_NIA_split/QF_NIA_2_26//20170427-VeryMax/ITS/From_T2__fun9.t2__p1258_edge_closing_0.smt2 : 10043 ms.
--------------------------------------------------
unknown
../QF_NIA_split/QF_NIA_2_26//20170427-VeryMax/ITS/From_T2__fun9.t2__p1260_edge_closing_0.smt2 : 10046 ms.
--------------------------------------------------
unknown
../QF_NIA_split/QF_NIA_2_26//20170427-VeryMax/ITS/From_T2__fun9.t2__p1261_edge_closing_0.smt2 : 10038 ms.
--------------------------------------------------
sat
../QF_NIA_split/QF_NIA_2_26//20170427-VeryMax/ITS/From_T2__fun9.t2__p1262_edge_closing_0.smt2 : 70 ms.
--------------------------------------------------
unknown
../QF_NIA_split/QF_NIA_2_26//20170427-VeryMax/ITS/From_T2__fun9.t2__p1263_edge_closing_0.smt2 : 10032 ms.
--------------------------------------------------
unknown
../QF_NIA_split/QF_NIA_2_26//20170427-VeryMax/ITS/From_T2__fun9.t2__p1264_edge_closing_0.smt2 : 10047 ms.
--------------------------------------------------
sat
../QF_NIA_split/QF_NIA_2_26//20170427-VeryMax/ITS/From_T2__fun9.t2__p1266_edge_closing_0.smt2 : 92 ms.
--------------------------------------------------
../QF_NIA_split/QF_NIA_2_26//20170427-VeryMax/ITS/From_T2__fun9.t2__p1267_edge_closing_0.smt2 : 11007 ms.
--------------------------------------------------
sat
../QF_NIA_split/QF_NIA_2_26//20170427-VeryMax/ITS/From_T2__fun9.t2__p1268_edge_closing_0.smt2 : 3176 ms.
--------------------------------------------------
unknown
../QF_NIA_split/QF_NIA_2_26//20170427-VeryMax/ITS/From_T2__fun9.t2__p1269_edge_closing_0.smt2 : 10043 ms.
--------------------------------------------------
unknown
../QF_NIA_split/QF_NIA_2_26//20170427-VeryMax/ITS/From_T2__fun9.t2__p1270_edge_closing_0.smt2 : 10061 ms.
--------------------------------------------------
sat
../QF_NIA_split/QF_NIA_2_26//20170427-VeryMax/ITS/From_T2__fun9.t2__p1271_edge_closing_0.smt2 : 55 ms.
--------------------------------------------------
unknown
../QF_NIA_split/QF_NIA_2_26//20170427-VeryMax/ITS/From_T2__fun9.t2__p1272_edge_closing_0.smt2 : 10044 ms.
--------------------------------------------------
unknown
../QF_NIA_split/QF_NIA_2_26//20170427-VeryMax/ITS/From_T2__fun9.t2__p1273_edge_closing_0.smt2 : 10042 ms.
--------------------------------------------------
sat
../QF_NIA_split/QF_NIA_2_26//20170427-VeryMax/ITS/From_T2__fun9.t2__p1274_edge_closing_0.smt2 : 69 ms.
--------------------------------------------------
unknown
../QF_NIA_split/QF_NIA_2_26//20170427-VeryMax/ITS/From_T2__fun9.t2__p1275_edge_closing_0.smt2 : 10040 ms.
--------------------------------------------------
unknown
../QF_NIA_split/QF_NIA_2_26//20170427-VeryMax/ITS/From_T2__fun9.t2__p1276_edge_closing_0.smt2 : 10045 ms.
--------------------------------------------------
sat
../QF_NIA_split/QF_NIA_2_26//20170427-VeryMax/ITS/From_T2__fun9.t2__p1277_edge_closing_0.smt2 : 6010 ms.
--------------------------------------------------
unknown
../QF_NIA_split/QF_NIA_2_26//20170427-VeryMax/ITS/From_T2__fun9.t2__p1278_edge_closing_0.smt2 : 10048 ms.
--------------------------------------------------
../QF_NIA_split/QF_NIA_2_26//20170427-VeryMax/ITS/From_T2__fun9.t2__p1279_edge_closing_0.smt2 : 11008 ms.
--------------------------------------------------
sat
../QF_NIA_split/QF_NIA_2_26//20170427-VeryMax/ITS/From_T2__fun9.t2__p1280_edge_closing_0.smt2 : 651 ms.
--------------------------------------------------
sat
../QF_NIA_split/QF_NIA_2_26//20170427-VeryMax/ITS/From_T2__fun9.t2__p1281_edge_closing_0.smt2 : 7770 ms.
--------------------------------------------------
unknown
../QF_NIA_split/QF_NIA_2_26//20170427-VeryMax/ITS/From_T2__fun9.t2__p1282_edge_closing_0.smt2 : 10051 ms.
--------------------------------------------------
sat
../QF_NIA_split/QF_NIA_2_26//20170427-VeryMax/ITS/From_T2__fun9.t2__p1285_edge_closing_0.smt2 : 5408 ms.
--------------------------------------------------
sat
../QF_NIA_split/QF_NIA_2_26//20170427-VeryMax/ITS/From_T2__fun9.t2__p1286_edge_closing_0.smt2 : 82 ms.
--------------------------------------------------
sat
../QF_NIA_split/QF_NIA_2_26//20170427-VeryMax/ITS/From_T2__fun9.t2__p1287_edge_closing_0.smt2 : 1822 ms.
--------------------------------------------------
sat
../QF_NIA_split/QF_NIA_2_26//20170427-VeryMax/ITS/From_T2__fun9.t2__p1288_edge_closing_0.smt2 : 72 ms.
--------------------------------------------------
unknown
../QF_NIA_split/QF_NIA_2_26//20170427-VeryMax/ITS/From_T2__fun9.t2__p1289_edge_closing_0.smt2 : 10053 ms.
--------------------------------------------------
unknown
../QF_NIA_split/QF_NIA_2_26//20170427-VeryMax/ITS/From_T2__fun9.t2__p1290_edge_closing_0.smt2 : 10051 ms.
--------------------------------------------------
unknown
../QF_NIA_split/QF_NIA_2_26//20170427-VeryMax/ITS/From_T2__fun9.t2__p1291_edge_closing_0.smt2 : 10050 ms.
--------------------------------------------------
../QF_NIA_split/QF_NIA_2_26//20170427-VeryMax/ITS/From_T2__fun9.t2__p1292_edge_closing_0.smt2 : 11007 ms.
--------------------------------------------------
unknown
../QF_NIA_split/QF_NIA_2_26//20170427-VeryMax/ITS/From_T2__fun9.t2__p1293_edge_closing_0.smt2 : 10055 ms.
--------------------------------------------------
unknown
../QF_NIA_split/QF_NIA_2_26//20170427-VeryMax/ITS/From_T2__fun9.t2__p1294_edge_closing_0.smt2 : 10029 ms.
--------------------------------------------------
../QF_NIA_split/QF_NIA_2_26//20170427-VeryMax/ITS/From_T2__fun9.t2__p1295_edge_closing_0.smt2 : 11004 ms.
--------------------------------------------------
sat
../QF_NIA_split/QF_NIA_2_26//20170427-VeryMax/ITS/From_T2__fun9.t2__p1296_edge_closing_0.smt2 : 648 ms.
--------------------------------------------------
unknown
../QF_NIA_split/QF_NIA_2_26//20170427-VeryMax/ITS/From_T2__fun9.t2__p1297_edge_closing_0.smt2 : 10041 ms.
--------------------------------------------------
unknown
../QF_NIA_split/QF_NIA_2_26//20170427-VeryMax/ITS/From_T2__fun9.t2__p1298_edge_closing_0.smt2 : 10041 ms.
--------------------------------------------------
sat
../QF_NIA_split/QF_NIA_2_26//20170427-VeryMax/ITS/From_T2__fun9.t2__p1299_edge_closing_0.smt2 : 622 ms.
--------------------------------------------------
unknown
../QF_NIA_split/QF_NIA_2_26//20170427-VeryMax/ITS/From_T2__fun9.t2__p1300_edge_closing_0.smt2 : 10041 ms.
--------------------------------------------------
unknown
../QF_NIA_split/QF_NIA_2_26//20170427-VeryMax/ITS/From_T2__fun9.t2__p1301_edge_closing_0.smt2 : 10038 ms.
--------------------------------------------------
sat
../QF_NIA_split/QF_NIA_2_26//20170427-VeryMax/ITS/From_T2__fun9.t2__p1302_edge_closing_0.smt2 : 55 ms.
--------------------------------------------------
unknown
../QF_NIA_split/QF_NIA_2_26//20170427-VeryMax/ITS/From_T2__fun9.t2__p1303_edge_closing_0.smt2 : 10054 ms.
--------------------------------------------------
unknown
../QF_NIA_split/QF_NIA_2_26//20170427-VeryMax/ITS/From_T2__fun9.t2__p1306_edge_closing_0.smt2 : 10041 ms.
--------------------------------------------------
sat
../QF_NIA_split/QF_NIA_2_26//20170427-VeryMax/ITS/From_T2__fun9.t2__p1307_edge_closing_0.smt2 : 1020 ms.
--------------------------------------------------
unknown
../QF_NIA_split/QF_NIA_2_26//20170427-VeryMax/ITS/From_T2__fun9.t2__p1308_edge_closing_0.smt2 : 10049 ms.
--------------------------------------------------
../QF_NIA_split/QF_NIA_2_26//20170427-VeryMax/ITS/From_T2__fun9.t2__p1309_edge_closing_0.smt2 : 11008 ms.
--------------------------------------------------
unknown
../QF_NIA_split/QF_NIA_2_26//20170427-VeryMax/ITS/From_T2__fun9.t2__p1310_edge_closing_0.smt2 : 10046 ms.
--------------------------------------------------
sat
../QF_NIA_split/QF_NIA_2_26//20170427-VeryMax/ITS/From_T2__fun9.t2__p1311_edge_closing_0.smt2 : 2636 ms.
--------------------------------------------------
unknown
../QF_NIA_split/QF_NIA_2_26//20170427-VeryMax/ITS/From_T2__fun9.t2__p1312_edge_closing_0.smt2 : 10045 ms.
--------------------------------------------------
sat
../QF_NIA_split/QF_NIA_2_26//20170427-VeryMax/ITS/From_T2__fun9.t2__p1313_edge_closing_0.smt2 : 785 ms.
--------------------------------------------------
unknown
../QF_NIA_split/QF_NIA_2_26//20170427-VeryMax/ITS/From_T2__fun9.t2__p1314_edge_closing_0.smt2 : 10046 ms.
--------------------------------------------------
unknown
../QF_NIA_split/QF_NIA_2_26//20170427-VeryMax/ITS/From_T2__fun9.t2__p1315_edge_closing_0.smt2 : 10051 ms.
--------------------------------------------------
sat
../QF_NIA_split/QF_NIA_2_26//20170427-VeryMax/ITS/From_T2__fun9.t2__p1316_edge_closing_0.smt2 : 8234 ms.
--------------------------------------------------
unknown
../QF_NIA_split/QF_NIA_2_26//20170427-VeryMax/ITS/From_T2__fun9.t2__p1317_edge_closing_0.smt2 : 10045 ms.
--------------------------------------------------
unknown
../QF_NIA_split/QF_NIA_2_26//20170427-VeryMax/ITS/From_T2__fun9.t2__p1318_edge_closing_0.smt2 : 10066 ms.
--------------------------------------------------
sat
../QF_NIA_split/QF_NIA_2_26//20170427-VeryMax/ITS/From_T2__fun9.t2__p1319_edge_closing_0.smt2 : 6132 ms.
--------------------------------------------------
unknown
../QF_NIA_split/QF_NIA_2_26//20170427-VeryMax/ITS/From_T2__fun9.t2__p1320_edge_closing_0.smt2 : 10052 ms.
--------------------------------------------------
unknown
../QF_NIA_split/QF_NIA_2_26//20170427-VeryMax/ITS/From_T2__fun9.t2__p1321_edge_closing_0.smt2 : 10052 ms.
--------------------------------------------------
sat
../QF_NIA_split/QF_NIA_2_26//20170427-VeryMax/ITS/From_T2__fun9.t2__p1322_edge_closing_0.smt2 : 2241 ms.
--------------------------------------------------
unknown
../QF_NIA_split/QF_NIA_2_26//20170427-VeryMax/ITS/From_T2__fun9.t2__p1323_edge_closing_0.smt2 : 10051 ms.
--------------------------------------------------
unknown
../QF_NIA_split/QF_NIA_2_26//20170427-VeryMax/ITS/From_T2__fun9.t2__p1324_edge_closing_0.smt2 : 10055 ms.
--------------------------------------------------
unknown
../QF_NIA_split/QF_NIA_2_26//20170427-VeryMax/ITS/From_T2__fun9.t2__p1325_edge_closing_0.smt2 : 10057 ms.
--------------------------------------------------
unknown
../QF_NIA_split/QF_NIA_2_26//20170427-VeryMax/ITS/From_T2__fun9.t2__p1326_edge_closing_0.smt2 : 10050 ms.
--------------------------------------------------
../QF_NIA_split/QF_NIA_2_26//20170427-VeryMax/ITS/From_T2__fun9.t2__p1327_edge_closing_0.smt2 : 11004 ms.
--------------------------------------------------
sat
../QF_NIA_split/QF_NIA_2_26//20170427-VeryMax/ITS/From_T2__fun9.t2__p1328_edge_closing_0.smt2 : 1530 ms.
--------------------------------------------------
unknown
../QF_NIA_split/QF_NIA_2_26//20170427-VeryMax/ITS/From_T2__fun9.t2__p1329_edge_closing_0.smt2 : 10053 ms.
--------------------------------------------------
unknown
../QF_NIA_split/QF_NIA_2_26//20170427-VeryMax/ITS/From_T2__fun9.t2__p1330_edge_closing_0.smt2 : 10052 ms.
--------------------------------------------------
unknown
../QF_NIA_split/QF_NIA_2_26//20170427-VeryMax/ITS/From_T2__fun9.t2__p1331_edge_closing_0.smt2 : 10042 ms.
--------------------------------------------------
sat
../QF_NIA_split/QF_NIA_2_26//20170427-VeryMax/ITS/From_T2__fun9.t2__p1332_edge_closing_0.smt2 : 130 ms.
--------------------------------------------------
unknown
../QF_NIA_split/QF_NIA_2_26//20170427-VeryMax/ITS/From_T2__fun9.t2__p1333_edge_closing_0.smt2 : 10076 ms.
--------------------------------------------------
sat
../QF_NIA_split/QF_NIA_2_26//20170427-VeryMax/ITS/From_T2__fun9.t2__p1334_edge_closing_0.smt2 : 1872 ms.
--------------------------------------------------
sat
../QF_NIA_split/QF_NIA_2_26//20170427-VeryMax/ITS/From_T2__fun9.t2__p1335_edge_closing_0.smt2 : 725 ms.
--------------------------------------------------
unknown
../QF_NIA_split/QF_NIA_2_26//20170427-VeryMax/ITS/From_T2__fun9.t2__p1336_edge_closing_0.smt2 : 10068 ms.
--------------------------------------------------
unknown
../QF_NIA_split/QF_NIA_2_26//20170427-VeryMax/ITS/From_T2__fun9.t2__p1338_edge_closing_0.smt2 : 10061 ms.
--------------------------------------------------
unknown
../QF_NIA_split/QF_NIA_2_26//20170427-VeryMax/ITS/From_T2__fun9.t2__p1339_edge_closing_0.smt2 : 10080 ms.
--------------------------------------------------
unknown
../QF_NIA_split/QF_NIA_2_26//20170427-VeryMax/ITS/From_T2__fun9.t2__p1341_edge_closing_0.smt2 : 10062 ms.
--------------------------------------------------
sat
../QF_NIA_split/QF_NIA_2_26//20170427-VeryMax/ITS/From_T2__fun9.t2__p1342_edge_closing_0.smt2 : 301 ms.
--------------------------------------------------
sat
../QF_NIA_split/QF_NIA_2_26//20170427-VeryMax/ITS/From_T2__fun9.t2__p1343_edge_closing_0.smt2 : 539 ms.
--------------------------------------------------
unknown
../QF_NIA_split/QF_NIA_2_26//20170427-VeryMax/ITS/From_T2__fun9.t2__p1344_edge_closing_0.smt2 : 10059 ms.
--------------------------------------------------
unknown
../QF_NIA_split/QF_NIA_2_26//20170427-VeryMax/ITS/From_T2__fun9.t2__p1345_edge_closing_0.smt2 : 10051 ms.
--------------------------------------------------
sat
../QF_NIA_split/QF_NIA_2_26//20170427-VeryMax/ITS/From_T2__fun9.t2__p1346_edge_closing_0.smt2 : 1789 ms.
--------------------------------------------------
unknown
../QF_NIA_split/QF_NIA_2_26//20170427-VeryMax/ITS/From_T2__fun9.t2__p1347_edge_closing_0.smt2 : 10045 ms.
--------------------------------------------------
sat
../QF_NIA_split/QF_NIA_2_26//20170427-VeryMax/ITS/From_T2__fun9.t2__p1348_edge_closing_0.smt2 : 149 ms.
--------------------------------------------------
sat
../QF_NIA_split/QF_NIA_2_26//20170427-VeryMax/ITS/From_T2__fun9.t2__p1349_edge_closing_0.smt2 : 957 ms.
--------------------------------------------------
unknown
../QF_NIA_split/QF_NIA_2_26//20170427-VeryMax/ITS/From_T2__fun9.t2__p1350_edge_closing_0.smt2 : 10051 ms.
--------------------------------------------------
unknown
../QF_NIA_split/QF_NIA_2_26//20170427-VeryMax/ITS/From_T2__fun9.t2__p1351_edge_closing_0.smt2 : 10070 ms.
--------------------------------------------------
sat
../QF_NIA_split/QF_NIA_2_26//20170427-VeryMax/ITS/From_T2__fun9.t2__p1352_edge_closing_0.smt2 : 4214 ms.
--------------------------------------------------
sat
../QF_NIA_split/QF_NIA_2_26//20170427-VeryMax/ITS/From_T2__fun9.t2__p1353_edge_closing_0.smt2 : 311 ms.
--------------------------------------------------
unknown
../QF_NIA_split/QF_NIA_2_26//20170427-VeryMax/ITS/From_T2__fun9.t2__p1354_edge_closing_0.smt2 : 10059 ms.
--------------------------------------------------
unknown
../QF_NIA_split/QF_NIA_2_26//20170427-VeryMax/ITS/From_T2__fun9.t2__p1355_edge_closing_0.smt2 : 10047 ms.
--------------------------------------------------
unknown
../QF_NIA_split/QF_NIA_2_26//20170427-VeryMax/ITS/From_T2__fun9.t2__p1356_edge_closing_0.smt2 : 10053 ms.
--------------------------------------------------
unknown
../QF_NIA_split/QF_NIA_2_26//20170427-VeryMax/ITS/From_T2__fun9.t2__p1357_edge_closing_0.smt2 : 10081 ms.
--------------------------------------------------
unknown
../QF_NIA_split/QF_NIA_2_26//20170427-VeryMax/ITS/From_T2__fun9.t2__p1358_edge_closing_0.smt2 : 10048 ms.
--------------------------------------------------
unknown
../QF_NIA_split/QF_NIA_2_26//20170427-VeryMax/ITS/From_T2__fun9.t2__p1359_edge_closing_0.smt2 : 10057 ms.
--------------------------------------------------
unknown
../QF_NIA_split/QF_NIA_2_26//20170427-VeryMax/ITS/From_T2__fun9.t2__p1360_edge_closing_0.smt2 : 10062 ms.
--------------------------------------------------
sat
../QF_NIA_split/QF_NIA_2_26//20170427-VeryMax/ITS/From_T2__fun9.t2__p1361_edge_closing_0.smt2 : 3917 ms.
--------------------------------------------------
unknown
../QF_NIA_split/QF_NIA_2_26//20170427-VeryMax/ITS/From_T2__fun9.t2__p1362_edge_closing_0.smt2 : 10037 ms.
--------------------------------------------------
../QF_NIA_split/QF_NIA_2_26//20170427-VeryMax/ITS/From_T2__fun9.t2__p1363_edge_closing_0.smt2 : 11006 ms.
--------------------------------------------------
sat
../QF_NIA_split/QF_NIA_2_26//20170427-VeryMax/ITS/From_T2__fun9.t2__p1364_edge_closing_0.smt2 : 602 ms.
--------------------------------------------------
sat
../QF_NIA_split/QF_NIA_2_26//20170427-VeryMax/ITS/From_T2__fun9.t2__p1365_edge_closing_0.smt2 : 4991 ms.
--------------------------------------------------
unknown
../QF_NIA_split/QF_NIA_2_26//20170427-VeryMax/ITS/From_T2__fun9.t2__p1366_edge_closing_0.smt2 : 10076 ms.
--------------------------------------------------
sat
../QF_NIA_split/QF_NIA_2_26//20170427-VeryMax/ITS/From_T2__fun9.t2__p1367_edge_closing_0.smt2 : 9123 ms.
--------------------------------------------------
unknown
../QF_NIA_split/QF_NIA_2_26//20170427-VeryMax/ITS/From_T2__fun9.t2__p1368_edge_closing_0.smt2 : 10065 ms.
--------------------------------------------------
unknown
../QF_NIA_split/QF_NIA_2_26//20170427-VeryMax/ITS/From_T2__fun9.t2__p1369_edge_closing_0.smt2 : 10068 ms.
--------------------------------------------------
sat
../QF_NIA_split/QF_NIA_2_26//20170427-VeryMax/ITS/From_T2__fun9.t2__p1370_edge_closing_0.smt2 : 1525 ms.
--------------------------------------------------
unknown
../QF_NIA_split/QF_NIA_2_26//20170427-VeryMax/ITS/From_T2__fun9.t2__p1371_edge_closing_0.smt2 : 10066 ms.
--------------------------------------------------
unknown
../QF_NIA_split/QF_NIA_2_26//20170427-VeryMax/ITS/From_T2__fun9.t2__p1372_edge_closing_0.smt2 : 10058 ms.
--------------------------------------------------
sat
../QF_NIA_split/QF_NIA_2_26//20170427-VeryMax/ITS/From_T2__fun9.t2__p1373_edge_closing_0.smt2 : 151 ms.
--------------------------------------------------
unknown
../QF_NIA_split/QF_NIA_2_26//20170427-VeryMax/ITS/From_T2__fun9.t2__p1374_edge_closing_0.smt2 : 10052 ms.
--------------------------------------------------
unknown
../QF_NIA_split/QF_NIA_2_26//20170427-VeryMax/ITS/From_T2__fun9.t2__p1375_edge_closing_0.smt2 : 10055 ms.
--------------------------------------------------
sat
../QF_NIA_split/QF_NIA_2_26//20170427-VeryMax/ITS/From_T2__fun9.t2__p1376_edge_closing_0.smt2 : 3824 ms.
--------------------------------------------------
unknown
../QF_NIA_split/QF_NIA_2_26//20170427-VeryMax/ITS/From_T2__fun9.t2__p1377_edge_closing_0.smt2 : 10062 ms.
--------------------------------------------------
../QF_NIA_split/QF_NIA_2_26//20170427-VeryMax/ITS/From_T2__fun9.t2__p1378_edge_closing_0.smt2 : 11006 ms.
--------------------------------------------------
unknown
../QF_NIA_split/QF_NIA_2_26//20170427-VeryMax/ITS/From_T2__fun9.t2__p1379_edge_closing_0.smt2 : 10060 ms.
--------------------------------------------------
unknown
../QF_NIA_split/QF_NIA_2_26//20170427-VeryMax/ITS/From_T2__fun9.t2__p1380_edge_closing_0.smt2 : 10044 ms.
--------------------------------------------------
../QF_NIA_split/QF_NIA_2_26//20170427-VeryMax/ITS/From_T2__fun9.t2__p1381_edge_closing_0.smt2 : 11006 ms.
--------------------------------------------------
sat
../QF_NIA_split/QF_NIA_2_26//20170427-VeryMax/ITS/From_T2__fun9.t2__p1382_edge_closing_0.smt2 : 79 ms.
--------------------------------------------------
unknown
../QF_NIA_split/QF_NIA_2_26//20170427-VeryMax/ITS/From_T2__fun9.t2__p1383_edge_closing_0.smt2 : 10053 ms.
--------------------------------------------------
unknown
../QF_NIA_split/QF_NIA_2_26//20170427-VeryMax/ITS/From_T2__fun9.t2__p1384_edge_closing_0.smt2 : 10059 ms.
--------------------------------------------------
unknown
../QF_NIA_split/QF_NIA_2_26//20170427-VeryMax/ITS/From_T2__fun9.t2__p1385_edge_closing_0.smt2 : 10060 ms.
--------------------------------------------------
unknown
../QF_NIA_split/QF_NIA_2_26//20170427-VeryMax/ITS/From_T2__fun9.t2__p1386_edge_closing_0.smt2 : 10055 ms.
--------------------------------------------------
sat
../QF_NIA_split/QF_NIA_2_26//20170427-VeryMax/ITS/From_T2__fun9.t2__p1387_edge_closing_0.smt2 : 108 ms.
--------------------------------------------------
sat
../QF_NIA_split/QF_NIA_2_26//20170427-VeryMax/ITS/From_T2__fun9.t2__p1388_edge_closing_0.smt2 : 394 ms.
--------------------------------------------------
unknown
../QF_NIA_split/QF_NIA_2_26//20170427-VeryMax/ITS/From_T2__fun9.t2__p1389_edge_closing_0.smt2 : 10054 ms.
--------------------------------------------------
unknown
../QF_NIA_split/QF_NIA_2_26//20170427-VeryMax/ITS/From_T2__fun9.t2__p1390_edge_closing_0.smt2 : 10059 ms.
--------------------------------------------------
unknown
../QF_NIA_split/QF_NIA_2_26//20170427-VeryMax/ITS/From_T2__fun9.t2__p1391_edge_closing_0.smt2 : 10061 ms.
--------------------------------------------------
unknown
../QF_NIA_split/QF_NIA_2_26//20170427-VeryMax/ITS/From_T2__fun9.t2__p1392_edge_closing_0.smt2 : 10051 ms.
--------------------------------------------------
sat
../QF_NIA_split/QF_NIA_2_26//20170427-VeryMax/ITS/From_T2__fun9.t2__p1393_edge_closing_0.smt2 : 269 ms.
--------------------------------------------------
sat
../QF_NIA_split/QF_NIA_2_26//20170427-VeryMax/ITS/From_T2__fun9.t2__p1395_edge_closing_0.smt2 : 1696 ms.
--------------------------------------------------
unknown
../QF_NIA_split/QF_NIA_2_26//20170427-VeryMax/ITS/From_T2__fun9.t2__p1396_edge_closing_0.smt2 : 10050 ms.
--------------------------------------------------
unknown
../QF_NIA_split/QF_NIA_2_26//20170427-VeryMax/ITS/From_T2__fun9.t2__p1397_edge_closing_0.smt2 : 10069 ms.
--------------------------------------------------
sat
../QF_NIA_split/QF_NIA_2_26//20170427-VeryMax/ITS/From_T2__fun9.t2__p1398_edge_closing_0.smt2 : 2650 ms.
--------------------------------------------------
../QF_NIA_split/QF_NIA_2_26//20170427-VeryMax/ITS/From_T2__fun9.t2__p1399_edge_closing_0.smt2 : 11006 ms.
--------------------------------------------------
unknown
../QF_NIA_split/QF_NIA_2_26//20170427-VeryMax/ITS/From_T2__fun9.t2__p1400_edge_closing_0.smt2 : 10054 ms.
--------------------------------------------------
sat
../QF_NIA_split/QF_NIA_2_26//20170427-VeryMax/ITS/From_T2__fun9.t2__p1401_edge_closing_0.smt2 : 2228 ms.
--------------------------------------------------
unknown
../QF_NIA_split/QF_NIA_2_26//20170427-VeryMax/ITS/From_T2__fun9.t2__p1402_edge_closing_0.smt2 : 10047 ms.
--------------------------------------------------
unknown
../QF_NIA_split/QF_NIA_2_26//20170427-VeryMax/ITS/From_T2__fun9.t2__p1403_edge_closing_0.smt2 : 10048 ms.
--------------------------------------------------
sat
../QF_NIA_split/QF_NIA_2_26//20170427-VeryMax/ITS/From_T2__fun9.t2__p1404_edge_closing_0.smt2 : 293 ms.
--------------------------------------------------
unknown
../QF_NIA_split/QF_NIA_2_26//20170427-VeryMax/ITS/From_T2__fun9.t2__p1405_edge_closing_0.smt2 : 10056 ms.
--------------------------------------------------
unknown
../QF_NIA_split/QF_NIA_2_26//20170427-VeryMax/ITS/From_T2__fun9.t2__p1406_edge_closing_0.smt2 : 10053 ms.
--------------------------------------------------
unknown
../QF_NIA_split/QF_NIA_2_26//20170427-VeryMax/ITS/From_T2__fun9.t2__p1407_edge_closing_0.smt2 : 10051 ms.
--------------------------------------------------
unknown
../QF_NIA_split/QF_NIA_2_26//20170427-VeryMax/ITS/From_T2__fun9.t2__p1408_edge_closing_0.smt2 : 10066 ms.
--------------------------------------------------
unknown
../QF_NIA_split/QF_NIA_2_26//20170427-VeryMax/ITS/From_T2__fun9.t2__p1409_edge_closing_0.smt2 : 10066 ms.
--------------------------------------------------
sat
../QF_NIA_split/QF_NIA_2_26//20170427-VeryMax/ITS/From_T2__fun9.t2__p1410_edge_closing_0.smt2 : 1389 ms.
--------------------------------------------------
unknown
../QF_NIA_split/QF_NIA_2_26//20170427-VeryMax/ITS/From_T2__fun9.t2__p1412_edge_closing_0.smt2 : 10048 ms.
--------------------------------------------------
unknown
../QF_NIA_split/QF_NIA_2_26//20170427-VeryMax/ITS/From_T2__fun9.t2__p1413_edge_closing_0.smt2 : 10055 ms.
--------------------------------------------------
sat
../QF_NIA_split/QF_NIA_2_26//20170427-VeryMax/ITS/From_T2__fun9.t2__p1414_edge_closing_0.smt2 : 1134 ms.
--------------------------------------------------
unknown
../QF_NIA_split/QF_NIA_2_26//20170427-VeryMax/ITS/From_T2__fun9.t2__p1415_edge_closing_0.smt2 : 10077 ms.
--------------------------------------------------
sat
../QF_NIA_split/QF_NIA_2_26//20170427-VeryMax/ITS/From_T2__fun9.t2__p1418_edge_closing_0.smt2 : 185 ms.
--------------------------------------------------
sat
../QF_NIA_split/QF_NIA_2_26//20170427-VeryMax/ITS/From_T2__fun9.t2__p1419_edge_closing_0.smt2 : 129 ms.
--------------------------------------------------
unknown
../QF_NIA_split/QF_NIA_2_26//20170427-VeryMax/ITS/From_T2__fun9.t2__p1420_edge_closing_0.smt2 : 10053 ms.
--------------------------------------------------
unknown
../QF_NIA_split/QF_NIA_2_26//20170427-VeryMax/ITS/From_T2__fun9.t2__p1421_edge_closing_0.smt2 : 10064 ms.
--------------------------------------------------
sat
../QF_NIA_split/QF_NIA_2_26//20170427-VeryMax/ITS/From_T2__fun9.t2__p1422_edge_closing_0.smt2 : 9997 ms.
--------------------------------------------------
unknown
../QF_NIA_split/QF_NIA_2_26//20170427-VeryMax/ITS/From_T2__fun9.t2__p1423_edge_closing_0.smt2 : 10099 ms.
--------------------------------------------------
unknown
../QF_NIA_split/QF_NIA_2_26//20170427-VeryMax/ITS/From_T2__fun9.t2__p1424_edge_closing_0.smt2 : 10055 ms.
--------------------------------------------------
sat
../QF_NIA_split/QF_NIA_2_26//20170427-VeryMax/ITS/From_T2__fun9.t2__p1425_edge_closing_0.smt2 : 8672 ms.
--------------------------------------------------
../QF_NIA_split/QF_NIA_2_26//20170427-VeryMax/ITS/From_T2__fun9.t2__p1426_edge_closing_0.smt2 : 11005 ms.
--------------------------------------------------
../QF_NIA_split/QF_NIA_2_26//20170427-VeryMax/ITS/From_T2__fun9.t2__p1427_edge_closing_0.smt2 : 11006 ms.
--------------------------------------------------
sat
../QF_NIA_split/QF_NIA_2_26//20170427-VeryMax/ITS/From_T2__fun9.t2__p1428_edge_closing_0.smt2 : 5413 ms.
--------------------------------------------------
unknown
../QF_NIA_split/QF_NIA_2_26//20170427-VeryMax/ITS/From_T2__fun9.t2__p1429_edge_closing_0.smt2 : 10165 ms.
--------------------------------------------------
unknown
../QF_NIA_split/QF_NIA_2_26//20170427-VeryMax/ITS/From_T2__fun9.t2__p1430_edge_closing_0.smt2 : 10057 ms.
--------------------------------------------------
sat
../QF_NIA_split/QF_NIA_2_26//20170427-VeryMax/ITS/From_T2__fun9.t2__p1432_edge_closing_0.smt2 : 873 ms.
--------------------------------------------------
unknown
../QF_NIA_split/QF_NIA_2_26//20170427-VeryMax/ITS/From_T2__fun9.t2__p1433_edge_closing_0.smt2 : 10051 ms.
--------------------------------------------------
unknown
../QF_NIA_split/QF_NIA_2_26//20170427-VeryMax/ITS/From_T2__fun9.t2__p1434_edge_closing_0.smt2 : 10047 ms.
--------------------------------------------------
unknown
../QF_NIA_split/QF_NIA_2_26//20170427-VeryMax/ITS/From_T2__fun9.t2__p1436_edge_closing_0.smt2 : 10053 ms.
--------------------------------------------------
unknown
../QF_NIA_split/QF_NIA_2_26//20170427-VeryMax/ITS/From_T2__fun9.t2__p1437_edge_closing_0.smt2 : 10050 ms.
--------------------------------------------------
unknown
../QF_NIA_split/QF_NIA_2_26//20170427-VeryMax/ITS/From_T2__fun9.t2__p1438_edge_closing_0.smt2 : 10068 ms.
--------------------------------------------------
unknown
../QF_NIA_split/QF_NIA_2_26//20170427-VeryMax/ITS/From_T2__fun9.t2__p1439_edge_closing_0.smt2 : 10047 ms.
--------------------------------------------------
unknown
../QF_NIA_split/QF_NIA_2_26//20170427-VeryMax/ITS/From_T2__fun9.t2__p1440_edge_closing_0.smt2 : 10080 ms.
--------------------------------------------------
unknown
../QF_NIA_split/QF_NIA_2_26//20170427-VeryMax/ITS/From_T2__fun9.t2__p1441_edge_closing_0.smt2 : 10054 ms.
--------------------------------------------------
unknown
../QF_NIA_split/QF_NIA_2_26//20170427-VeryMax/ITS/From_T2__fun9.t2__p1442_edge_closing_0.smt2 : 10041 ms.
--------------------------------------------------
unknown
../QF_NIA_split/QF_NIA_2_26//20170427-VeryMax/ITS/From_T2__fun9.t2__p1443_edge_closing_0.smt2 : 10056 ms.
--------------------------------------------------
unknown
../QF_NIA_split/QF_NIA_2_26//20170427-VeryMax/ITS/From_T2__fun9.t2__p1444_edge_closing_0.smt2 : 10052 ms.
--------------------------------------------------
unknown
../QF_NIA_split/QF_NIA_2_26//20170427-VeryMax/ITS/From_T2__fun9.t2__p1445_edge_closing_0.smt2 : 10098 ms.
--------------------------------------------------
unknown
../QF_NIA_split/QF_NIA_2_26//20170427-VeryMax/ITS/From_T2__fun9.t2__p1446_edge_closing_0.smt2 : 10057 ms.
--------------------------------------------------
sat
../QF_NIA_split/QF_NIA_2_26//20170427-VeryMax/ITS/From_T2__fun9.t2__p1447_edge_closing_0.smt2 : 4624 ms.
--------------------------------------------------
unknown
../QF_NIA_split/QF_NIA_2_26//20170427-VeryMax/ITS/From_T2__fun9.t2__p1448_edge_closing_0.smt2 : 10048 ms.
--------------------------------------------------
unknown
../QF_NIA_split/QF_NIA_2_26//20170427-VeryMax/ITS/From_T2__fun9.t2__p1449_edge_closing_0.smt2 : 10455 ms.
--------------------------------------------------
sat
../QF_NIA_split/QF_NIA_2_26//20170427-VeryMax/ITS/From_T2__fun9.t2__p1450_edge_closing_0.smt2 : 369 ms.
--------------------------------------------------
unknown
../QF_NIA_split/QF_NIA_2_26//20170427-VeryMax/ITS/From_T2__fun9.t2__p1451_edge_closing_0.smt2 : 10075 ms.
--------------------------------------------------
../QF_NIA_split/QF_NIA_2_26//20170427-VeryMax/ITS/From_T2__fun9.t2__p1452_edge_closing_0.smt2 : 11006 ms.
--------------------------------------------------
sat
../QF_NIA_split/QF_NIA_2_26//20170427-VeryMax/ITS/From_T2__fun9.t2__p1453_edge_closing_0.smt2 : 453 ms.
--------------------------------------------------
unknown
../QF_NIA_split/QF_NIA_2_26//20170427-VeryMax/ITS/From_T2__fun9.t2__p1454_edge_closing_0.smt2 : 10046 ms.
--------------------------------------------------
unknown
../QF_NIA_split/QF_NIA_2_26//20170427-VeryMax/ITS/From_T2__fun9.t2__p1455_edge_closing_0.smt2 : 10048 ms.
--------------------------------------------------
unknown
../QF_NIA_split/QF_NIA_2_26//20170427-VeryMax/ITS/From_T2__fun9.t2__p1456_edge_closing_0.smt2 : 10057 ms.
--------------------------------------------------
sat
../QF_NIA_split/QF_NIA_2_26//20170427-VeryMax/ITS/From_T2__fun9.t2__p1457_edge_closing_0.smt2 : 140 ms.
--------------------------------------------------
unknown
../QF_NIA_split/QF_NIA_2_26//20170427-VeryMax/ITS/From_T2__fun9.t2__p1458_edge_closing_0.smt2 : 10092 ms.
--------------------------------------------------
sat
../QF_NIA_split/QF_NIA_2_26//20170427-VeryMax/ITS/From_T2__fun9.t2__p1459_edge_closing_0.smt2 : 1665 ms.
--------------------------------------------------
unknown
../QF_NIA_split/QF_NIA_2_26//20170427-VeryMax/ITS/From_T2__fun9.t2__p1460_edge_closing_0.smt2 : 10057 ms.
--------------------------------------------------
unknown
../QF_NIA_split/QF_NIA_2_26//20170427-VeryMax/ITS/From_T2__fun9.t2__p1461_edge_closing_0.smt2 : 10065 ms.
--------------------------------------------------
sat
../QF_NIA_split/QF_NIA_2_26//20170427-VeryMax/ITS/From_T2__fun9.t2__p1462_edge_closing_0.smt2 : 2255 ms.
--------------------------------------------------
unknown
../QF_NIA_split/QF_NIA_2_26//20170427-VeryMax/ITS/From_T2__fun9.t2__p1463_edge_closing_0.smt2 : 10054 ms.
--------------------------------------------------
unknown
../QF_NIA_split/QF_NIA_2_26//20170427-VeryMax/ITS/From_T2__fun9.t2__p1464_edge_closing_0.smt2 : 10064 ms.
--------------------------------------------------
unknown
../QF_NIA_split/QF_NIA_2_26//20170427-VeryMax/ITS/From_T2__fun9.t2__p1465_edge_closing_0.smt2 : 10050 ms.
--------------------------------------------------
unknown
../QF_NIA_split/QF_NIA_2_26//20170427-VeryMax/ITS/From_T2__fun9.t2__p1466_edge_closing_0.smt2 : 10053 ms.
--------------------------------------------------
unknown
../QF_NIA_split/QF_NIA_2_26//20170427-VeryMax/ITS/From_T2__fun9.t2__p1467_edge_closing_0.smt2 : 10047 ms.
--------------------------------------------------
unknown
../QF_NIA_split/QF_NIA_2_26//20170427-VeryMax/ITS/From_T2__fun9.t2__p1468_edge_closing_0.smt2 : 10056 ms.
--------------------------------------------------
unknown
../QF_NIA_split/QF_NIA_2_26//20170427-VeryMax/ITS/From_T2__fun9.t2__p1469_edge_closing_0.smt2 : 10051 ms.
--------------------------------------------------
../QF_NIA_split/QF_NIA_2_26//20170427-VeryMax/ITS/From_T2__fun9.t2__p1470_edge_closing_0.smt2 : 11005 ms.
--------------------------------------------------
sat
../QF_NIA_split/QF_NIA_2_26//20170427-VeryMax/ITS/From_T2__fun9.t2__p1471_edge_closing_0.smt2 : 223 ms.
--------------------------------------------------
unknown
../QF_NIA_split/QF_NIA_2_26//20170427-VeryMax/ITS/From_T2__fun9.t2__p1472_edge_closing_0.smt2 : 10063 ms.
--------------------------------------------------
unknown
../QF_NIA_split/QF_NIA_2_26//20170427-VeryMax/ITS/From_T2__fun9.t2__p1473_edge_closing_0.smt2 : 10087 ms.
--------------------------------------------------
sat
../QF_NIA_split/QF_NIA_2_26//20170427-VeryMax/ITS/From_T2__fun9.t2__p1475_edge_closing_0.smt2 : 49 ms.
--------------------------------------------------
unknown
../QF_NIA_split/QF_NIA_2_26//20170427-VeryMax/ITS/From_T2__fun9.t2__p1476_edge_closing_0.smt2 : 10116 ms.
--------------------------------------------------
sat
../QF_NIA_split/QF_NIA_2_26//20170427-VeryMax/ITS/From_T2__fun9.t2__p1477_edge_closing_0.smt2 : 1032 ms.
--------------------------------------------------
sat
../QF_NIA_split/QF_NIA_2_26//20170427-VeryMax/ITS/From_T2__fun9.t2__p1478_edge_closing_0.smt2 : 81 ms.
--------------------------------------------------
unknown
../QF_NIA_split/QF_NIA_2_26//20170427-VeryMax/ITS/From_T2__fun9.t2__p1479_edge_closing_0.smt2 : 10037 ms.
--------------------------------------------------
sat
../QF_NIA_split/QF_NIA_2_26//20170427-VeryMax/ITS/From_T2__fun9.t2__p1480_edge_closing_0.smt2 : 1478 ms.
--------------------------------------------------
unknown
../QF_NIA_split/QF_NIA_2_26//20170427-VeryMax/ITS/From_T2__fun9.t2__p1481_edge_closing_0.smt2 : 10041 ms.
--------------------------------------------------
sat
../QF_NIA_split/QF_NIA_2_26//20170427-VeryMax/ITS/From_T2__fun9.t2__p1482_edge_closing_0.smt2 : 233 ms.
--------------------------------------------------
sat
../QF_NIA_split/QF_NIA_2_26//20170427-VeryMax/ITS/From_T2__fun9.t2__p1483_edge_closing_0.smt2 : 93 ms.
--------------------------------------------------
unknown
../QF_NIA_split/QF_NIA_2_26//20170427-VeryMax/ITS/From_T2__fun9.t2__p1484_edge_closing_0.smt2 : 10046 ms.
--------------------------------------------------
unknown
../QF_NIA_split/QF_NIA_2_26//20170427-VeryMax/ITS/From_T2__fun9.t2__p1485_edge_closing_0.smt2 : 10080 ms.
--------------------------------------------------
unsat
../QF_NIA_split/QF_NIA_2_26//20170427-VeryMax/ITS/From_T2__fun9.t2__terminationQ_0_0.smt2 : 470 ms.
--------------------------------------------------
sat
../QF_NIA_split/QF_NIA_2_26//20170427-VeryMax/ITS/From_T2__fun9.t2__term_unfeasibility_0_0.smt2 : 1615 ms.
--------------------------------------------------
unsat
../QF_NIA_split/QF_NIA_2_26//20170427-VeryMax/ITS/From_T2__fun9.t2__term_unfeasibility_1_0.smt2 : 1077 ms.
--------------------------------------------------
unsat
../QF_NIA_split/QF_NIA_2_26//20170427-VeryMax/ITS/From_T2__graycode.t2_fixed__term_unfeasibility_2_0.smt2 : 56 ms.
--------------------------------------------------
unsat
../QF_NIA_split/QF_NIA_2_26//20170427-VeryMax/ITS/From_T2__graycode.t2__term_unfeasibility_2_0.smt2 : 59 ms.
--------------------------------------------------
unsat
../QF_NIA_split/QF_NIA_2_26//20170427-VeryMax/ITS/From_T2__hand7.t2__p1501_terminationG_0.smt2 : 41 ms.
--------------------------------------------------
unsat
../QF_NIA_split/QF_NIA_2_26//20170427-VeryMax/ITS/From_T2__hand7.t2__p1502_terminationG_0.smt2 : 293 ms.
--------------------------------------------------
unsat
../QF_NIA_split/QF_NIA_2_26//20170427-VeryMax/ITS/From_T2__hand7.t2__p1503_terminationG_0.smt2 : 3550 ms.
--------------------------------------------------
unsat
../QF_NIA_split/QF_NIA_2_26//20170427-VeryMax/ITS/From_T2__hand7.t2__p1506_terminationG_0.smt2 : 79 ms.
--------------------------------------------------
unsat
../QF_NIA_split/QF_NIA_2_26//20170427-VeryMax/ITS/From_T2__hand7.t2__p1507_terminationG_0.smt2 : 599 ms.
--------------------------------------------------
unsat
../QF_NIA_split/QF_NIA_2_26//20170427-VeryMax/ITS/From_T2__hand7.t2__p1508_terminationG_0.smt2 : 9902 ms.
--------------------------------------------------
sat
../QF_NIA_split/QF_NIA_2_26//20170427-VeryMax/ITS/From_T2__hand7.t2__p1513_edge_closing_0.smt2 : 172 ms.
--------------------------------------------------
unsat
../QF_NIA_split/QF_NIA_2_26//20170427-VeryMax/ITS/From_T2__heidy1.t2__p1524_terminationG_0.smt2 : 22 ms.
--------------------------------------------------
unsat
../QF_NIA_split/QF_NIA_2_26//20170427-VeryMax/ITS/From_T2__heidy1.t2__p1525_terminationG_0.smt2 : 88 ms.
--------------------------------------------------
unsat
../QF_NIA_split/QF_NIA_2_26//20170427-VeryMax/ITS/From_T2__heidy1.t2__p1526_terminationG_0.smt2 : 3677 ms.
--------------------------------------------------
unsat
../QF_NIA_split/QF_NIA_2_26//20170427-VeryMax/ITS/From_T2__heidy1.t2__p1529_terminationG_0.smt2 : 32 ms.
--------------------------------------------------
unsat
../QF_NIA_split/QF_NIA_2_26//20170427-VeryMax/ITS/From_T2__heidy1.t2__p1530_terminationG_0.smt2 : 224 ms.
--------------------------------------------------
unsat
../QF_NIA_split/QF_NIA_2_26//20170427-VeryMax/ITS/From_T2__heidy1.t2__p1531_terminationG_0.smt2 : 2335 ms.
--------------------------------------------------
unsat
../QF_NIA_split/QF_NIA_2_26//20170427-VeryMax/ITS/From_T2__heidy1.t2__terminationQ_1_0.smt2 : 28 ms.
--------------------------------------------------
unsat
../QF_NIA_split/QF_NIA_2_26//20170427-VeryMax/ITS/From_T2__heidy2.t2__p1541_terminationG_0.smt2 : 242 ms.
--------------------------------------------------
unknown
../QF_NIA_split/QF_NIA_2_26//20170427-VeryMax/ITS/From_T2__heidy2.t2__p1542_terminationG_0.smt2 : 10031 ms.
--------------------------------------------------
unsat
../QF_NIA_split/QF_NIA_2_26//20170427-VeryMax/ITS/From_T2__heidy6.t2__p1559_terminationG_0.smt2 : 28 ms.
--------------------------------------------------
unsat
../QF_NIA_split/QF_NIA_2_26//20170427-VeryMax/ITS/From_T2__heidy6.t2__p1560_terminationG_0.smt2 : 77 ms.
--------------------------------------------------
unsat
../QF_NIA_split/QF_NIA_2_26//20170427-VeryMax/ITS/From_T2__heidy6.t2__p1561_terminationG_0.smt2 : 580 ms.
--------------------------------------------------
unsat
../QF_NIA_split/QF_NIA_2_26//20170427-VeryMax/ITS/From_T2__heidy6.t2__p1564_terminationG_0.smt2 : 30 ms.
--------------------------------------------------
unsat
../QF_NIA_split/QF_NIA_2_26//20170427-VeryMax/ITS/From_T2__heidy6.t2__p1565_terminationG_0.smt2 : 80 ms.
--------------------------------------------------
unknown
../QF_NIA_split/QF_NIA_2_26//20170427-VeryMax/ITS/From_T2__heidy6.t2__p1566_terminationG_0.smt2 : 10214 ms.
--------------------------------------------------
unsat
../QF_NIA_split/QF_NIA_2_26//20170427-VeryMax/ITS/From_T2__heidy6.t2__terminationQ_1_0.smt2 : 34 ms.
--------------------------------------------------
unknown
../QF_NIA_split/QF_NIA_2_26//20170427-VeryMax/ITS/From_T2__hqr.c.i.hqr.pl.t2.fixed.t2_fixed__p1607_terminationG_0.smt2 : 10184 ms.
--------------------------------------------------
unknown
../QF_NIA_split/QF_NIA_2_26//20170427-VeryMax/ITS/From_T2__hqr.c.i.hqr.pl.t2.fixed.t2_fixed__p1608_terminationG_0.smt2 : 10268 ms.
--------------------------------------------------
unknown
../QF_NIA_split/QF_NIA_2_26//20170427-VeryMax/ITS/From_T2__hqr.c.i.hqr.pl.t2.fixed.t2_fixed__p1609_terminationG_0.smt2 : 10389 ms.
--------------------------------------------------
unknown
../QF_NIA_split/QF_NIA_2_26//20170427-VeryMax/ITS/From_T2__hqr.c.i.hqr.pl.t2.fixed.t2_fixed__p1613_terminationG_0.smt2 : 10141 ms.
--------------------------------------------------
unknown
../QF_NIA_split/QF_NIA_2_26//20170427-VeryMax/ITS/From_T2__hqr.c.i.hqr.pl.t2.fixed.t2_fixed__p1614_terminationG_0.smt2 : 10282 ms.
--------------------------------------------------
unknown
../QF_NIA_split/QF_NIA_2_26//20170427-VeryMax/ITS/From_T2__hqr.c.i.hqr.pl.t2.fixed.t2_fixed__p1615_terminationG_0.smt2 : 10453 ms.
--------------------------------------------------
unknown
../QF_NIA_split/QF_NIA_2_26//20170427-VeryMax/ITS/From_T2__hqr.c.i.hqr.pl.t2.fixed.t2_fixed__p1618_terminationG_0.smt2 : 10145 ms.
--------------------------------------------------
unknown
../QF_NIA_split/QF_NIA_2_26//20170427-VeryMax/ITS/From_T2__hqr.c.i.hqr.pl.t2.fixed.t2_fixed__p1619_terminationG_0.smt2 : 10339 ms.
--------------------------------------------------
../QF_NIA_split/QF_NIA_2_26//20170427-VeryMax/ITS/From_T2__hqr.c.i.hqr.pl.t2.fixed.t2_fixed__p1620_terminationG_0.smt2 : 11005 ms.
--------------------------------------------------
unknown
../QF_NIA_split/QF_NIA_2_26//20170427-VeryMax/ITS/From_T2__hqr.c.i.hqr.pl.t2.fixed.t2_fixed__p1622_edge_closing_0.smt2 : 10172 ms.
--------------------------------------------------
unknown
../QF_NIA_split/QF_NIA_2_26//20170427-VeryMax/ITS/From_T2__hqr.c.i.hqr.pl.t2.fixed.t2_fixed__p1623_edge_closing_0.smt2 : 10352 ms.
--------------------------------------------------
unknown
../QF_NIA_split/QF_NIA_2_26//20170427-VeryMax/ITS/From_T2__hqr.c.i.hqr.pl.t2.fixed.t2_fixed__p1624_edge_closing_0.smt2 : 10576 ms.
--------------------------------------------------
unknown
../QF_NIA_split/QF_NIA_2_26//20170427-VeryMax/ITS/From_T2__hqr.c.i.hqr.pl.t2.fixed.t2_fixed__p1626_edge_closing_0.smt2 : 10179 ms.
--------------------------------------------------
unknown
../QF_NIA_split/QF_NIA_2_26//20170427-VeryMax/ITS/From_T2__hqr.c.i.hqr.pl.t2.fixed.t2_fixed__p1627_edge_closing_0.smt2 : 10315 ms.
--------------------------------------------------
unknown
../QF_NIA_split/QF_NIA_2_26//20170427-VeryMax/ITS/From_T2__hqr.c.i.hqr.pl.t2.fixed.t2_fixed__p1628_edge_closing_0.smt2 : 10428 ms.
--------------------------------------------------
unsat
../QF_NIA_split/QF_NIA_2_26//20170427-VeryMax/ITS/From_T2__hqr.c.i.hqr.pl.t2.fixed.t2_fixed__terminationS_11_0.smt2 : 99 ms.
--------------------------------------------------
unsat
../QF_NIA_split/QF_NIA_2_26//20170427-VeryMax/ITS/From_T2__hqr.c.i.hqr.pl.t2.fixed.t2_fixed__terminationS_18_0.smt2 : 297 ms.
--------------------------------------------------
unsat
../QF_NIA_split/QF_NIA_2_26//20170427-VeryMax/ITS/From_T2__hqr.c.i.hqr.pl.t2.fixed.t2_fixed__terminationS_19_0.smt2 : 420 ms.
--------------------------------------------------
unsat
../QF_NIA_split/QF_NIA_2_26//20170427-VeryMax/ITS/From_T2__hqr.c.i.hqr.pl.t2.fixed.t2_fixed__terminationS_20_0.smt2 : 178 ms.
--------------------------------------------------
unsat
../QF_NIA_split/QF_NIA_2_26//20170427-VeryMax/ITS/From_T2__hqr.c.i.hqr.pl.t2.fixed.t2_fixed__terminationS_21_0.smt2 : 177 ms.
--------------------------------------------------
unsat
../QF_NIA_split/QF_NIA_2_26//20170427-VeryMax/ITS/From_T2__hqr.c.i.hqr.pl.t2.fixed.t2_fixed__terminationS_22_0.smt2 : 133 ms.
--------------------------------------------------
unsat
../QF_NIA_split/QF_NIA_2_26//20170427-VeryMax/ITS/From_T2__hqr.c.i.hqr.pl.t2.fixed.t2_fixed__terminationS_23_0.smt2 : 168 ms.
--------------------------------------------------
unsat
../QF_NIA_split/QF_NIA_2_26//20170427-VeryMax/ITS/From_T2__hqr.c.i.hqr.pl.t2.fixed.t2_fixed__terminationS_24_0.smt2 : 291 ms.
--------------------------------------------------
unsat
../QF_NIA_split/QF_NIA_2_26//20170427-VeryMax/ITS/From_T2__hqr.c.i.hqr.pl.t2.fixed.t2_fixed__terminationS_25_0.smt2 : 673 ms.
--------------------------------------------------
unsat
../QF_NIA_split/QF_NIA_2_26//20170427-VeryMax/ITS/From_T2__hqr.c.i.hqr.pl.t2.fixed.t2_fixed__terminationS_26_0.smt2 : 208 ms.
--------------------------------------------------
unsat
../QF_NIA_split/QF_NIA_2_26//20170427-VeryMax/ITS/From_T2__hqr.c.i.hqr.pl.t2.fixed.t2_fixed__terminationS_27_0.smt2 : 174 ms.
--------------------------------------------------
unknown
../QF_NIA_split/QF_NIA_2_26//20170427-VeryMax/ITS/From_T2__hqr.c.i.hqr.pl.t2.fixed.t2_fixed__terminationS_28_0.smt2 : 10095 ms.
--------------------------------------------------
unsat
../QF_NIA_split/QF_NIA_2_26//20170427-VeryMax/ITS/From_T2__hqr.c.i.hqr.pl.t2.fixed.t2_fixed__terminationS_31_0.smt2 : 116 ms.
--------------------------------------------------
unsat
../QF_NIA_split/QF_NIA_2_26//20170427-VeryMax/ITS/From_T2__hqr.c.i.hqr.pl.t2.fixed.t2_fixed__terminationS_33_0.smt2 : 124 ms.
--------------------------------------------------
unsat
../QF_NIA_split/QF_NIA_2_26//20170427-VeryMax/ITS/From_T2__hqr.c.i.hqr.pl.t2.fixed.t2_fixed__terminationS_35_0.smt2 : 96 ms.
--------------------------------------------------
unsat
../QF_NIA_split/QF_NIA_2_26//20170427-VeryMax/ITS/From_T2__hqr.c.i.hqr.pl.t2.fixed.t2_fixed__terminationS_36_0.smt2 : 147 ms.
--------------------------------------------------
unsat
../QF_NIA_split/QF_NIA_2_26//20170427-VeryMax/ITS/From_T2__hqr.c.i.hqr.pl.t2.fixed.t2_fixed__terminationS_37_0.smt2 : 179 ms.
--------------------------------------------------
unknown
../QF_NIA_split/QF_NIA_2_26//20170427-VeryMax/ITS/From_T2__hqr.c.i.hqr.pl.t2.fixed.t2_fixed__terminationS_38_0.smt2 : 10080 ms.
--------------------------------------------------
unsat
../QF_NIA_split/QF_NIA_2_26//20170427-VeryMax/ITS/From_T2__hqr.c.i.hqr.pl.t2.fixed.t2_fixed__terminationS_39_0.smt2 : 215 ms.
--------------------------------------------------
unsat
../QF_NIA_split/QF_NIA_2_26//20170427-VeryMax/ITS/From_T2__hqr.c.i.hqr.pl.t2.fixed.t2_fixed__terminationS_40_0.smt2 : 205 ms.
--------------------------------------------------
unsat
../QF_NIA_split/QF_NIA_2_26//20170427-VeryMax/ITS/From_T2__hqr.c.i.hqr.pl.t2.fixed.t2_fixed__terminationS_42_0.smt2 : 3232 ms.
--------------------------------------------------
unknown
../QF_NIA_split/QF_NIA_2_26//20170427-VeryMax/ITS/From_T2__hqr.c.i.hqr.pl.t2.fixed.t2_fixed__terminationS_43_0.smt2 : 10065 ms.
--------------------------------------------------
unknown
../QF_NIA_split/QF_NIA_2_26//20170427-VeryMax/ITS/From_T2__hqr.c.i.hqr.pl.t2.fixed.t2_fixed__terminationS_44_0.smt2 : 10068 ms.
--------------------------------------------------
unknown
../QF_NIA_split/QF_NIA_2_26//20170427-VeryMax/ITS/From_T2__hqr.c.i.hqr.pl.t2.fixed.t2_fixed__terminationS_45_0.smt2 : 10075 ms.
--------------------------------------------------
unsat
../QF_NIA_split/QF_NIA_2_26//20170427-VeryMax/ITS/From_T2__hqr.c.i.hqr.pl.t2.fixed.t2_fixed__terminationS_46_0.smt2 : 196 ms.
--------------------------------------------------
unsat
../QF_NIA_split/QF_NIA_2_26//20170427-VeryMax/ITS/From_T2__hqr.c.i.hqr.pl.t2.fixed.t2_fixed__terminationS_47_0.smt2 : 3824 ms.
--------------------------------------------------
unknown
../QF_NIA_split/QF_NIA_2_26//20170427-VeryMax/ITS/From_T2__hqr.c.i.hqr.pl.t2.fixed.t2_fixed__terminationS_48_0.smt2 : 10090 ms.
--------------------------------------------------
../QF_NIA_split/QF_NIA_2_26//20170427-VeryMax/ITS/From_T2__hqr.c.i.hqr.pl.t2.fixed.t2_fixed__terminationS_49_0.smt2 : 11005 ms.
--------------------------------------------------
unknown
../QF_NIA_split/QF_NIA_2_26//20170427-VeryMax/ITS/From_T2__hqr.c.i.hqr.pl.t2.fixed.t2_fixed__terminationS_50_0.smt2 : 10064 ms.
--------------------------------------------------
unsat
../QF_NIA_split/QF_NIA_2_26//20170427-VeryMax/ITS/From_T2__hqr.c.i.hqr.pl.t2.fixed.t2_fixed__terminationS_5_0.smt2 : 111 ms.
--------------------------------------------------
unsat
../QF_NIA_split/QF_NIA_2_26//20170427-VeryMax/ITS/From_T2__hqr.c.i.hqr.pl.t2.fixed.t2_fixed__terminationS_51_0.smt2 : 2312 ms.
--------------------------------------------------
unsat
../QF_NIA_split/QF_NIA_2_26//20170427-VeryMax/ITS/From_T2__hqr.c.i.hqr.pl.t2.fixed.t2_fixed__terminationS_52_0.smt2 : 6381 ms.
--------------------------------------------------
unsat
../QF_NIA_split/QF_NIA_2_26//20170427-VeryMax/ITS/From_T2__hqr.c.i.hqr.pl.t2.fixed.t2_fixed__terminationS_53_0.smt2 : 2264 ms.
--------------------------------------------------
../QF_NIA_split/QF_NIA_2_26//20170427-VeryMax/ITS/From_T2__hqr.c.i.hqr.pl.t2.fixed.t2_fixed__terminationS_54_0.smt2 : 11006 ms.
--------------------------------------------------
unsat
../QF_NIA_split/QF_NIA_2_26//20170427-VeryMax/ITS/From_T2__hqr.c.i.hqr.pl.t2.fixed.t2_fixed__terminationS_55_0.smt2 : 1908 ms.
--------------------------------------------------
unsat
../QF_NIA_split/QF_NIA_2_26//20170427-VeryMax/ITS/From_T2__hqr.c.i.hqr.pl.t2.fixed.t2_fixed__terminationS_56_0.smt2 : 134 ms.
--------------------------------------------------
unsat
../QF_NIA_split/QF_NIA_2_26//20170427-VeryMax/ITS/From_T2__hqr.c.i.hqr.pl.t2.fixed.t2_fixed__terminationS_57_0.smt2 : 1439 ms.
--------------------------------------------------
unsat
../QF_NIA_split/QF_NIA_2_26//20170427-VeryMax/ITS/From_T2__hqr.c.i.hqr.pl.t2.fixed.t2_fixed__terminationS_58_0.smt2 : 6745 ms.
--------------------------------------------------
unsat
../QF_NIA_split/QF_NIA_2_26//20170427-VeryMax/ITS/From_T2__hqr.c.i.hqr.pl.t2.fixed.t2_fixed__terminationS_59_0.smt2 : 1714 ms.
--------------------------------------------------
unknown
../QF_NIA_split/QF_NIA_2_26//20170427-VeryMax/ITS/From_T2__hqr.c.i.hqr.pl.t2.fixed.t2_fixed__terminationS_60_0.smt2 : 10076 ms.
--------------------------------------------------
unsat
../QF_NIA_split/QF_NIA_2_26//20170427-VeryMax/ITS/From_T2__hqr.c.i.hqr.pl.t2.fixed.t2_fixed__terminationS_8_0.smt2 : 78 ms.
--------------------------------------------------
unknown
../QF_NIA_split/QF_NIA_2_26//20170427-VeryMax/ITS/From_T2__hqr.c.i.hqr.pl.t2.fixed.t2_fixed__term_unfeasibility_1_0.smt2 : 10106 ms.
--------------------------------------------------
unknown
../QF_NIA_split/QF_NIA_2_26//20170427-VeryMax/ITS/From_T2__hqr.c.i.hqr.pl.t2.fixed.t2__p1635_terminationG_0.smt2 : 10223 ms.
--------------------------------------------------
unknown
../QF_NIA_split/QF_NIA_2_26//20170427-VeryMax/ITS/From_T2__hqr.c.i.hqr.pl.t2.fixed.t2__p1636_terminationG_0.smt2 : 10506 ms.
--------------------------------------------------
unknown
../QF_NIA_split/QF_NIA_2_26//20170427-VeryMax/ITS/From_T2__hqr.c.i.hqr.pl.t2.fixed.t2__p1637_terminationG_0.smt2 : 10680 ms.
--------------------------------------------------
unknown
../QF_NIA_split/QF_NIA_2_26//20170427-VeryMax/ITS/From_T2__hqr.c.i.hqr.pl.t2.fixed.t2__p1641_terminationG_0.smt2 : 10205 ms.
--------------------------------------------------
unknown
../QF_NIA_split/QF_NIA_2_26//20170427-VeryMax/ITS/From_T2__hqr.c.i.hqr.pl.t2.fixed.t2__p1642_terminationG_0.smt2 : 10317 ms.
--------------------------------------------------
unknown
../QF_NIA_split/QF_NIA_2_26//20170427-VeryMax/ITS/From_T2__hqr.c.i.hqr.pl.t2.fixed.t2__p1643_terminationG_0.smt2 : 10590 ms.
--------------------------------------------------
unknown
../QF_NIA_split/QF_NIA_2_26//20170427-VeryMax/ITS/From_T2__hqr.c.i.hqr.pl.t2.fixed.t2__p1646_terminationG_0.smt2 : 10206 ms.
--------------------------------------------------
unknown
../QF_NIA_split/QF_NIA_2_26//20170427-VeryMax/ITS/From_T2__hqr.c.i.hqr.pl.t2.fixed.t2__p1647_terminationG_0.smt2 : 10369 ms.
--------------------------------------------------
unknown
../QF_NIA_split/QF_NIA_2_26//20170427-VeryMax/ITS/From_T2__hqr.c.i.hqr.pl.t2.fixed.t2__p1648_terminationG_0.smt2 : 10704 ms.
--------------------------------------------------
unknown
../QF_NIA_split/QF_NIA_2_26//20170427-VeryMax/ITS/From_T2__hqr.c.i.hqr.pl.t2.fixed.t2__p1650_edge_closing_0.smt2 : 10268 ms.
--------------------------------------------------
unknown
../QF_NIA_split/QF_NIA_2_26//20170427-VeryMax/ITS/From_T2__hqr.c.i.hqr.pl.t2.fixed.t2__p1651_edge_closing_0.smt2 : 10338 ms.
--------------------------------------------------
unknown
../QF_NIA_split/QF_NIA_2_26//20170427-VeryMax/ITS/From_T2__hqr.c.i.hqr.pl.t2.fixed.t2__p1652_edge_closing_0.smt2 : 10533 ms.
--------------------------------------------------
unknown
../QF_NIA_split/QF_NIA_2_26//20170427-VeryMax/ITS/From_T2__hqr.c.i.hqr.pl.t2.fixed.t2__p1654_edge_closing_0.smt2 : 10349 ms.
--------------------------------------------------
unknown
../QF_NIA_split/QF_NIA_2_26//20170427-VeryMax/ITS/From_T2__hqr.c.i.hqr.pl.t2.fixed.t2__p1655_edge_closing_0.smt2 : 10438 ms.
--------------------------------------------------
unknown
../QF_NIA_split/QF_NIA_2_26//20170427-VeryMax/ITS/From_T2__hqr.c.i.hqr.pl.t2.fixed.t2__p1656_edge_closing_0.smt2 : 10636 ms.
--------------------------------------------------
unsat
../QF_NIA_split/QF_NIA_2_26//20170427-VeryMax/ITS/From_T2__hqr.c.i.hqr.pl.t2.fixed.t2__terminationS_0_0.smt2 : 189 ms.
--------------------------------------------------
unsat
../QF_NIA_split/QF_NIA_2_26//20170427-VeryMax/ITS/From_T2__hqr.c.i.hqr.pl.t2.fixed.t2__terminationS_10_0.smt2 : 282 ms.
--------------------------------------------------
unsat
../QF_NIA_split/QF_NIA_2_26//20170427-VeryMax/ITS/From_T2__hqr.c.i.hqr.pl.t2.fixed.t2__terminationS_1_0.smt2 : 273 ms.
--------------------------------------------------
unsat
../QF_NIA_split/QF_NIA_2_26//20170427-VeryMax/ITS/From_T2__hqr.c.i.hqr.pl.t2.fixed.t2__terminationS_11_0.smt2 : 206 ms.
--------------------------------------------------
unsat
../QF_NIA_split/QF_NIA_2_26//20170427-VeryMax/ITS/From_T2__hqr.c.i.hqr.pl.t2.fixed.t2__terminationS_14_0.smt2 : 93 ms.
--------------------------------------------------
unsat
../QF_NIA_split/QF_NIA_2_26//20170427-VeryMax/ITS/From_T2__hqr.c.i.hqr.pl.t2.fixed.t2__terminationS_16_0.smt2 : 189 ms.
--------------------------------------------------
unsat
../QF_NIA_split/QF_NIA_2_26//20170427-VeryMax/ITS/From_T2__hqr.c.i.hqr.pl.t2.fixed.t2__terminationS_17_0.smt2 : 100 ms.
--------------------------------------------------
unsat
../QF_NIA_split/QF_NIA_2_26//20170427-VeryMax/ITS/From_T2__hqr.c.i.hqr.pl.t2.fixed.t2__terminationS_18_0.smt2 : 210 ms.
--------------------------------------------------
unsat
../QF_NIA_split/QF_NIA_2_26//20170427-VeryMax/ITS/From_T2__hqr.c.i.hqr.pl.t2.fixed.t2__terminationS_19_0.smt2 : 244 ms.
--------------------------------------------------
unsat
../QF_NIA_split/QF_NIA_2_26//20170427-VeryMax/ITS/From_T2__hqr.c.i.hqr.pl.t2.fixed.t2__terminationS_20_0.smt2 : 351 ms.
--------------------------------------------------
unsat
../QF_NIA_split/QF_NIA_2_26//20170427-VeryMax/ITS/From_T2__hqr.c.i.hqr.pl.t2.fixed.t2__terminationS_2_0.smt2 : 96 ms.
--------------------------------------------------
unsat
../QF_NIA_split/QF_NIA_2_26//20170427-VeryMax/ITS/From_T2__hqr.c.i.hqr.pl.t2.fixed.t2__terminationS_21_0.smt2 : 473 ms.
--------------------------------------------------
unsat
../QF_NIA_split/QF_NIA_2_26//20170427-VeryMax/ITS/From_T2__hqr.c.i.hqr.pl.t2.fixed.t2__terminationS_22_0.smt2 : 289 ms.
--------------------------------------------------
unsat
../QF_NIA_split/QF_NIA_2_26//20170427-VeryMax/ITS/From_T2__hqr.c.i.hqr.pl.t2.fixed.t2__terminationS_23_0.smt2 : 594 ms.
--------------------------------------------------
unsat
../QF_NIA_split/QF_NIA_2_26//20170427-VeryMax/ITS/From_T2__hqr.c.i.hqr.pl.t2.fixed.t2__terminationS_24_0.smt2 : 304 ms.
--------------------------------------------------
unsat
../QF_NIA_split/QF_NIA_2_26//20170427-VeryMax/ITS/From_T2__hqr.c.i.hqr.pl.t2.fixed.t2__terminationS_25_0.smt2 : 2260 ms.
--------------------------------------------------
unsat
../QF_NIA_split/QF_NIA_2_26//20170427-VeryMax/ITS/From_T2__hqr.c.i.hqr.pl.t2.fixed.t2__terminationS_26_0.smt2 : 2170 ms.
--------------------------------------------------
unsat
../QF_NIA_split/QF_NIA_2_26//20170427-VeryMax/ITS/From_T2__hqr.c.i.hqr.pl.t2.fixed.t2__terminationS_27_0.smt2 : 906 ms.
--------------------------------------------------
unsat
../QF_NIA_split/QF_NIA_2_26//20170427-VeryMax/ITS/From_T2__hqr.c.i.hqr.pl.t2.fixed.t2__terminationS_28_0.smt2 : 1896 ms.
--------------------------------------------------
unsat
../QF_NIA_split/QF_NIA_2_26//20170427-VeryMax/ITS/From_T2__hqr.c.i.hqr.pl.t2.fixed.t2__terminationS_29_0.smt2 : 88 ms.
--------------------------------------------------
unsat
../QF_NIA_split/QF_NIA_2_26//20170427-VeryMax/ITS/From_T2__hqr.c.i.hqr.pl.t2.fixed.t2__terminationS_30_0.smt2 : 308 ms.
--------------------------------------------------
unsat
../QF_NIA_split/QF_NIA_2_26//20170427-VeryMax/ITS/From_T2__hqr.c.i.hqr.pl.t2.fixed.t2__terminationS_3_0.smt2 : 288 ms.
--------------------------------------------------
unsat
../QF_NIA_split/QF_NIA_2_26//20170427-VeryMax/ITS/From_T2__hqr.c.i.hqr.pl.t2.fixed.t2__terminationS_31_0.smt2 : 546 ms.
--------------------------------------------------
unsat
../QF_NIA_split/QF_NIA_2_26//20170427-VeryMax/ITS/From_T2__hqr.c.i.hqr.pl.t2.fixed.t2__terminationS_32_0.smt2 : 217 ms.
--------------------------------------------------
unsat
../QF_NIA_split/QF_NIA_2_26//20170427-VeryMax/ITS/From_T2__hqr.c.i.hqr.pl.t2.fixed.t2__terminationS_33_0.smt2 : 335 ms.
--------------------------------------------------
unsat
../QF_NIA_split/QF_NIA_2_26//20170427-VeryMax/ITS/From_T2__hqr.c.i.hqr.pl.t2.fixed.t2__terminationS_34_0.smt2 : 125 ms.
--------------------------------------------------
unsat
../QF_NIA_split/QF_NIA_2_26//20170427-VeryMax/ITS/From_T2__hqr.c.i.hqr.pl.t2.fixed.t2__terminationS_35_0.smt2 : 143 ms.
--------------------------------------------------
unsat
../QF_NIA_split/QF_NIA_2_26//20170427-VeryMax/ITS/From_T2__hqr.c.i.hqr.pl.t2.fixed.t2__terminationS_36_0.smt2 : 272 ms.
--------------------------------------------------
unsat
../QF_NIA_split/QF_NIA_2_26//20170427-VeryMax/ITS/From_T2__hqr.c.i.hqr.pl.t2.fixed.t2__terminationS_37_0.smt2 : 275 ms.
--------------------------------------------------
unsat
../QF_NIA_split/QF_NIA_2_26//20170427-VeryMax/ITS/From_T2__hqr.c.i.hqr.pl.t2.fixed.t2__terminationS_38_0.smt2 : 803 ms.
--------------------------------------------------
unsat
../QF_NIA_split/QF_NIA_2_26//20170427-VeryMax/ITS/From_T2__hqr.c.i.hqr.pl.t2.fixed.t2__terminationS_39_0.smt2 : 305 ms.
--------------------------------------------------
unsat
../QF_NIA_split/QF_NIA_2_26//20170427-VeryMax/ITS/From_T2__hqr.c.i.hqr.pl.t2.fixed.t2__terminationS_40_0.smt2 : 421 ms.
--------------------------------------------------
unsat
../QF_NIA_split/QF_NIA_2_26//20170427-VeryMax/ITS/From_T2__hqr.c.i.hqr.pl.t2.fixed.t2__terminationS_4_0.smt2 : 292 ms.
--------------------------------------------------
unsat
../QF_NIA_split/QF_NIA_2_26//20170427-VeryMax/ITS/From_T2__hqr.c.i.hqr.pl.t2.fixed.t2__terminationS_41_0.smt2 : 232 ms.
--------------------------------------------------
unsat
../QF_NIA_split/QF_NIA_2_26//20170427-VeryMax/ITS/From_T2__hqr.c.i.hqr.pl.t2.fixed.t2__terminationS_42_0.smt2 : 695 ms.
--------------------------------------------------
unknown
../QF_NIA_split/QF_NIA_2_26//20170427-VeryMax/ITS/From_T2__hqr.c.i.hqr.pl.t2.fixed.t2__terminationS_43_0.smt2 : 10099 ms.
--------------------------------------------------
unsat
../QF_NIA_split/QF_NIA_2_26//20170427-VeryMax/ITS/From_T2__hqr.c.i.hqr.pl.t2.fixed.t2__terminationS_44_0.smt2 : 6607 ms.
--------------------------------------------------
unsat
../QF_NIA_split/QF_NIA_2_26//20170427-VeryMax/ITS/From_T2__hqr.c.i.hqr.pl.t2.fixed.t2__terminationS_45_0.smt2 : 6733 ms.
--------------------------------------------------
unsat
../QF_NIA_split/QF_NIA_2_26//20170427-VeryMax/ITS/From_T2__hqr.c.i.hqr.pl.t2.fixed.t2__terminationS_46_0.smt2 : 5105 ms.
--------------------------------------------------
unsat
../QF_NIA_split/QF_NIA_2_26//20170427-VeryMax/ITS/From_T2__hqr.c.i.hqr.pl.t2.fixed.t2__terminationS_47_0.smt2 : 449 ms.
--------------------------------------------------
unsat
../QF_NIA_split/QF_NIA_2_26//20170427-VeryMax/ITS/From_T2__hqr.c.i.hqr.pl.t2.fixed.t2__terminationS_48_0.smt2 : 311 ms.
--------------------------------------------------
unknown
../QF_NIA_split/QF_NIA_2_26//20170427-VeryMax/ITS/From_T2__hqr.c.i.hqr.pl.t2.fixed.t2__terminationS_49_0.smt2 : 10108 ms.
--------------------------------------------------
unknown
../QF_NIA_split/QF_NIA_2_26//20170427-VeryMax/ITS/From_T2__hqr.c.i.hqr.pl.t2.fixed.t2__terminationS_50_0.smt2 : 10110 ms.
--------------------------------------------------
unsat
../QF_NIA_split/QF_NIA_2_26//20170427-VeryMax/ITS/From_T2__hqr.c.i.hqr.pl.t2.fixed.t2__terminationS_5_0.smt2 : 229 ms.
--------------------------------------------------
unsat
../QF_NIA_split/QF_NIA_2_26//20170427-VeryMax/ITS/From_T2__hqr.c.i.hqr.pl.t2.fixed.t2__terminationS_8_0.smt2 : 102 ms.
--------------------------------------------------
unsat
../QF_NIA_split/QF_NIA_2_26//20170427-VeryMax/ITS/From_T2__hqr.c.i.hqr.pl.t2.fixed.t2__terminationS_9_0.smt2 : 183 ms.
--------------------------------------------------
unknown
../QF_NIA_split/QF_NIA_2_26//20170427-VeryMax/ITS/From_T2__hqr.c.i.hqr.pl.t2.fixed.t2__term_unfeasibility_1_0.smt2 : 10120 ms.
--------------------------------------------------
unknown
../QF_NIA_split/QF_NIA_2_26//20170427-VeryMax/ITS/From_T2__hqr.c.i.hqr.pl.t2.nor.t2.rlgfixed.t2_fixed__p1663_terminationG_0.smt2 : 10172 ms.
--------------------------------------------------
unknown
../QF_NIA_split/QF_NIA_2_26//20170427-VeryMax/ITS/From_T2__hqr.c.i.hqr.pl.t2.nor.t2.rlgfixed.t2_fixed__p1664_terminationG_0.smt2 : 10371 ms.
--------------------------------------------------
unknown
../QF_NIA_split/QF_NIA_2_26//20170427-VeryMax/ITS/From_T2__hqr.c.i.hqr.pl.t2.nor.t2.rlgfixed.t2_fixed__p1665_terminationG_0.smt2 : 10603 ms.
--------------------------------------------------
unknown
../QF_NIA_split/QF_NIA_2_26//20170427-VeryMax/ITS/From_T2__hqr.c.i.hqr.pl.t2.nor.t2.rlgfixed.t2_fixed__p1668_terminationG_0.smt2 : 10179 ms.
--------------------------------------------------
unknown
../QF_NIA_split/QF_NIA_2_26//20170427-VeryMax/ITS/From_T2__hqr.c.i.hqr.pl.t2.nor.t2.rlgfixed.t2_fixed__p1669_terminationG_0.smt2 : 10303 ms.
--------------------------------------------------
unknown
../QF_NIA_split/QF_NIA_2_26//20170427-VeryMax/ITS/From_T2__hqr.c.i.hqr.pl.t2.nor.t2.rlgfixed.t2_fixed__p1670_terminationG_0.smt2 : 10373 ms.
--------------------------------------------------
unknown
../QF_NIA_split/QF_NIA_2_26//20170427-VeryMax/ITS/From_T2__hqr.c.i.hqr.pl.t2.nor.t2.rlgfixed.t2_fixed__p1680_edge_closing_0.smt2 : 10172 ms.
--------------------------------------------------
unknown
../QF_NIA_split/QF_NIA_2_26//20170427-VeryMax/ITS/From_T2__hqr.c.i.hqr.pl.t2.nor.t2.rlgfixed.t2_fixed__p1681_edge_closing_0.smt2 : 10317 ms.
--------------------------------------------------
unknown
../QF_NIA_split/QF_NIA_2_26//20170427-VeryMax/ITS/From_T2__hqr.c.i.hqr.pl.t2.nor.t2.rlgfixed.t2_fixed__p1682_edge_closing_0.smt2 : 10567 ms.
--------------------------------------------------
unknown
../QF_NIA_split/QF_NIA_2_26//20170427-VeryMax/ITS/From_T2__hqr.c.i.hqr.pl.t2.nor.t2.rlgfixed.t2_fixed__p1685_edge_closing_0.smt2 : 10164 ms.
--------------------------------------------------
unknown
../QF_NIA_split/QF_NIA_2_26//20170427-VeryMax/ITS/From_T2__hqr.c.i.hqr.pl.t2.nor.t2.rlgfixed.t2_fixed__p1688_edge_closing_0.smt2 : 10243 ms.
--------------------------------------------------
unknown
../QF_NIA_split/QF_NIA_2_26//20170427-VeryMax/ITS/From_T2__hqr.c.i.hqr.pl.t2.nor.t2.rlgfixed.t2_fixed__p1689_edge_closing_0.smt2 : 10359 ms.
--------------------------------------------------
unknown
../QF_NIA_split/QF_NIA_2_26//20170427-VeryMax/ITS/From_T2__hqr.c.i.hqr.pl.t2.nor.t2.rlgfixed.t2_fixed__terminationQ_0_0.smt2 : 10185 ms.
--------------------------------------------------
unsat
../QF_NIA_split/QF_NIA_2_26//20170427-VeryMax/ITS/From_T2__hqr.c.i.hqr.pl.t2.nor.t2.rlgfixed.t2_fixed__terminationS_1_0.smt2 : 92 ms.
--------------------------------------------------
unsat
../QF_NIA_split/QF_NIA_2_26//20170427-VeryMax/ITS/From_T2__hqr.c.i.hqr.pl.t2.nor.t2.rlgfixed.t2_fixed__terminationS_18_0.smt2 : 305 ms.
--------------------------------------------------
unsat
../QF_NIA_split/QF_NIA_2_26//20170427-VeryMax/ITS/From_T2__hqr.c.i.hqr.pl.t2.nor.t2.rlgfixed.t2_fixed__terminationS_19_0.smt2 : 694 ms.
--------------------------------------------------
unsat
../QF_NIA_split/QF_NIA_2_26//20170427-VeryMax/ITS/From_T2__hqr.c.i.hqr.pl.t2.nor.t2.rlgfixed.t2_fixed__terminationS_20_0.smt2 : 288 ms.
--------------------------------------------------
unsat
../QF_NIA_split/QF_NIA_2_26//20170427-VeryMax/ITS/From_T2__hqr.c.i.hqr.pl.t2.nor.t2.rlgfixed.t2_fixed__terminationS_21_0.smt2 : 469 ms.
--------------------------------------------------
unsat
../QF_NIA_split/QF_NIA_2_26//20170427-VeryMax/ITS/From_T2__hqr.c.i.hqr.pl.t2.nor.t2.rlgfixed.t2_fixed__terminationS_22_0.smt2 : 221 ms.
--------------------------------------------------
unsat
../QF_NIA_split/QF_NIA_2_26//20170427-VeryMax/ITS/From_T2__hqr.c.i.hqr.pl.t2.nor.t2.rlgfixed.t2_fixed__terminationS_23_0.smt2 : 189 ms.
--------------------------------------------------
unsat
../QF_NIA_split/QF_NIA_2_26//20170427-VeryMax/ITS/From_T2__hqr.c.i.hqr.pl.t2.nor.t2.rlgfixed.t2_fixed__terminationS_24_0.smt2 : 194 ms.
--------------------------------------------------
unsat
../QF_NIA_split/QF_NIA_2_26//20170427-VeryMax/ITS/From_T2__hqr.c.i.hqr.pl.t2.nor.t2.rlgfixed.t2_fixed__terminationS_25_0.smt2 : 271 ms.
--------------------------------------------------
unsat
../QF_NIA_split/QF_NIA_2_26//20170427-VeryMax/ITS/From_T2__hqr.c.i.hqr.pl.t2.nor.t2.rlgfixed.t2_fixed__terminationS_26_0.smt2 : 189 ms.
--------------------------------------------------
unsat
../QF_NIA_split/QF_NIA_2_26//20170427-VeryMax/ITS/From_T2__hqr.c.i.hqr.pl.t2.nor.t2.rlgfixed.t2_fixed__terminationS_27_0.smt2 : 258 ms.
--------------------------------------------------
unknown
../QF_NIA_split/QF_NIA_2_26//20170427-VeryMax/ITS/From_T2__hqr.c.i.hqr.pl.t2.nor.t2.rlgfixed.t2_fixed__terminationS_28_0.smt2 : 10123 ms.
--------------------------------------------------
unsat
../QF_NIA_split/QF_NIA_2_26//20170427-VeryMax/ITS/From_T2__hqr.c.i.hqr.pl.t2.nor.t2.rlgfixed.t2_fixed__terminationS_30_0.smt2 : 125 ms.
--------------------------------------------------
unsat
../QF_NIA_split/QF_NIA_2_26//20170427-VeryMax/ITS/From_T2__hqr.c.i.hqr.pl.t2.nor.t2.rlgfixed.t2_fixed__terminationS_31_0.smt2 : 492 ms.
--------------------------------------------------
unsat
../QF_NIA_split/QF_NIA_2_26//20170427-VeryMax/ITS/From_T2__hqr.c.i.hqr.pl.t2.nor.t2.rlgfixed.t2_fixed__terminationS_32_0.smt2 : 120 ms.
--------------------------------------------------
unsat
../QF_NIA_split/QF_NIA_2_26//20170427-VeryMax/ITS/From_T2__hqr.c.i.hqr.pl.t2.nor.t2.rlgfixed.t2_fixed__terminationS_33_0.smt2 : 258 ms.
--------------------------------------------------
unsat
../QF_NIA_split/QF_NIA_2_26//20170427-VeryMax/ITS/From_T2__hqr.c.i.hqr.pl.t2.nor.t2.rlgfixed.t2_fixed__terminationS_35_0.smt2 : 90 ms.
--------------------------------------------------
unsat
../QF_NIA_split/QF_NIA_2_26//20170427-VeryMax/ITS/From_T2__hqr.c.i.hqr.pl.t2.nor.t2.rlgfixed.t2_fixed__terminationS_36_0.smt2 : 220 ms.
--------------------------------------------------
unsat
../QF_NIA_split/QF_NIA_2_26//20170427-VeryMax/ITS/From_T2__hqr.c.i.hqr.pl.t2.nor.t2.rlgfixed.t2_fixed__terminationS_37_0.smt2 : 215 ms.
--------------------------------------------------
unsat
../QF_NIA_split/QF_NIA_2_26//20170427-VeryMax/ITS/From_T2__hqr.c.i.hqr.pl.t2.nor.t2.rlgfixed.t2_fixed__terminationS_38_0.smt2 : 1083 ms.
--------------------------------------------------
unsat
../QF_NIA_split/QF_NIA_2_26//20170427-VeryMax/ITS/From_T2__hqr.c.i.hqr.pl.t2.nor.t2.rlgfixed.t2_fixed__terminationS_39_0.smt2 : 1334 ms.
--------------------------------------------------
unsat
../QF_NIA_split/QF_NIA_2_26//20170427-VeryMax/ITS/From_T2__hqr.c.i.hqr.pl.t2.nor.t2.rlgfixed.t2_fixed__terminationS_40_0.smt2 : 3706 ms.
--------------------------------------------------
unsat
../QF_NIA_split/QF_NIA_2_26//20170427-VeryMax/ITS/From_T2__hqr.c.i.hqr.pl.t2.nor.t2.rlgfixed.t2_fixed__terminationS_42_0.smt2 : 3160 ms.
--------------------------------------------------
unknown
../QF_NIA_split/QF_NIA_2_26//20170427-VeryMax/ITS/From_T2__hqr.c.i.hqr.pl.t2.nor.t2.rlgfixed.t2_fixed__terminationS_43_0.smt2 : 10754 ms.
--------------------------------------------------
../QF_NIA_split/QF_NIA_2_26//20170427-VeryMax/ITS/From_T2__hqr.c.i.hqr.pl.t2.nor.t2.rlgfixed.t2_fixed__terminationS_44_0.smt2 : 11006 ms.
--------------------------------------------------
../QF_NIA_split/QF_NIA_2_26//20170427-VeryMax/ITS/From_T2__hqr.c.i.hqr.pl.t2.nor.t2.rlgfixed.t2_fixed__terminationS_45_0.smt2 : 11005 ms.
--------------------------------------------------
unknown
../QF_NIA_split/QF_NIA_2_26//20170427-VeryMax/ITS/From_T2__hqr.c.i.hqr.pl.t2.nor.t2.rlgfixed.t2_fixed__terminationS_46_0.smt2 : 10087 ms.
--------------------------------------------------
unsat
../QF_NIA_split/QF_NIA_2_26//20170427-VeryMax/ITS/From_T2__hqr.c.i.hqr.pl.t2.nor.t2.rlgfixed.t2_fixed__terminationS_47_0.smt2 : 2651 ms.
--------------------------------------------------
unsat
../QF_NIA_split/QF_NIA_2_26//20170427-VeryMax/ITS/From_T2__hqr.c.i.hqr.pl.t2.nor.t2.rlgfixed.t2_fixed__terminationS_48_0.smt2 : 3138 ms.
--------------------------------------------------
unsat
../QF_NIA_split/QF_NIA_2_26//20170427-VeryMax/ITS/From_T2__hqr.c.i.hqr.pl.t2.nor.t2.rlgfixed.t2_fixed__terminationS_49_0.smt2 : 7332 ms.
--------------------------------------------------
unsat
../QF_NIA_split/QF_NIA_2_26//20170427-VeryMax/ITS/From_T2__hqr.c.i.hqr.pl.t2.nor.t2.rlgfixed.t2_fixed__terminationS_50_0.smt2 : 2551 ms.
--------------------------------------------------
unknown
../QF_NIA_split/QF_NIA_2_26//20170427-VeryMax/ITS/From_T2__hqr.c.i.hqr.pl.t2.nor.t2.rlgfixed.t2_fixed__terminationS_51_0.smt2 : 10067 ms.
--------------------------------------------------
unsat
../QF_NIA_split/QF_NIA_2_26//20170427-VeryMax/ITS/From_T2__hqr.c.i.hqr.pl.t2.nor.t2.rlgfixed.t2_fixed__terminationS_52_0.smt2 : 2945 ms.
--------------------------------------------------
unknown
../QF_NIA_split/QF_NIA_2_26//20170427-VeryMax/ITS/From_T2__hqr.c.i.hqr.pl.t2.nor.t2.rlgfixed.t2_fixed__terminationS_53_0.smt2 : 10098 ms.
--------------------------------------------------
unknown
../QF_NIA_split/QF_NIA_2_26//20170427-VeryMax/ITS/From_T2__hqr.c.i.hqr.pl.t2.nor.t2.rlgfixed.t2_fixed__terminationS_54_0.smt2 : 10072 ms.
--------------------------------------------------
unknown
../QF_NIA_split/QF_NIA_2_26//20170427-VeryMax/ITS/From_T2__hqr.c.i.hqr.pl.t2.nor.t2.rlgfixed.t2_fixed__terminationS_55_0.smt2 : 10055 ms.
--------------------------------------------------
unsat
../QF_NIA_split/QF_NIA_2_26//20170427-VeryMax/ITS/From_T2__hqr.c.i.hqr.pl.t2.nor.t2.rlgfixed.t2_fixed__terminationS_56_0.smt2 : 91 ms.
--------------------------------------------------
unsat
../QF_NIA_split/QF_NIA_2_26//20170427-VeryMax/ITS/From_T2__hqr.c.i.hqr.pl.t2.nor.t2.rlgfixed.t2_fixed__terminationS_57_0.smt2 : 1344 ms.
--------------------------------------------------
unknown
../QF_NIA_split/QF_NIA_2_26//20170427-VeryMax/ITS/From_T2__hqr.c.i.hqr.pl.t2.nor.t2.rlgfixed.t2_fixed__terminationS_58_0.smt2 : 10068 ms.
--------------------------------------------------
../QF_NIA_split/QF_NIA_2_26//20170427-VeryMax/ITS/From_T2__hqr.c.i.hqr.pl.t2.nor.t2.rlgfixed.t2_fixed__terminationS_59_0.smt2 : 11005 ms.
--------------------------------------------------
unknown
../QF_NIA_split/QF_NIA_2_26//20170427-VeryMax/ITS/From_T2__hqr.c.i.hqr.pl.t2.nor.t2.rlgfixed.t2_fixed__terminationS_60_0.smt2 : 10074 ms.
--------------------------------------------------
unsat
../QF_NIA_split/QF_NIA_2_26//20170427-VeryMax/ITS/From_T2__hqr.c.i.hqr.pl.t2.nor.t2.rlgfixed.t2_fixed__terminationS_61_0.smt2 : 2890 ms.
--------------------------------------------------
unsat
../QF_NIA_split/QF_NIA_2_26//20170427-VeryMax/ITS/From_T2__hqr.c.i.hqr.pl.t2.nor.t2.rlgfixed.t2_fixed__terminationS_62_0.smt2 : 4421 ms.
--------------------------------------------------
unsat
../QF_NIA_split/QF_NIA_2_26//20170427-VeryMax/ITS/From_T2__hqr.c.i.hqr.pl.t2.nor.t2.rlgfixed.t2_fixed__terminationS_63_0.smt2 : 87 ms.
--------------------------------------------------
unsat
../QF_NIA_split/QF_NIA_2_26//20170427-VeryMax/ITS/From_T2__hqr.c.i.hqr.pl.t2.nor.t2.rlgfixed.t2_fixed__terminationS_64_0.smt2 : 92 ms.
--------------------------------------------------
unsat
../QF_NIA_split/QF_NIA_2_26//20170427-VeryMax/ITS/From_T2__hqr.c.i.hqr.pl.t2.nor.t2.rlgfixed.t2_fixed__terminationS_65_0.smt2 : 155 ms.
--------------------------------------------------
unknown
../QF_NIA_split/QF_NIA_2_26//20170427-VeryMax/ITS/From_T2__hqr.c.i.hqr.pl.t2.nor.t2.rlgfixed.t2_fixed__term_unfeasibility_1_0.smt2 : 10076 ms.
--------------------------------------------------
unknown
../QF_NIA_split/QF_NIA_2_26//20170427-VeryMax/ITS/From_T2__hqr.c.i.hqr.pl.t2.nor.t2.rlgfixed.t2__p1697_terminationG_0.smt2 : 10207 ms.
--------------------------------------------------
unknown
../QF_NIA_split/QF_NIA_2_26//20170427-VeryMax/ITS/From_T2__hqr.c.i.hqr.pl.t2.nor.t2.rlgfixed.t2__p1698_terminationG_0.smt2 : 10356 ms.
--------------------------------------------------
unknown
../QF_NIA_split/QF_NIA_2_26//20170427-VeryMax/ITS/From_T2__hqr.c.i.hqr.pl.t2.nor.t2.rlgfixed.t2__p1699_terminationG_0.smt2 : 10584 ms.
--------------------------------------------------
unknown
../QF_NIA_split/QF_NIA_2_26//20170427-VeryMax/ITS/From_T2__hqr.c.i.hqr.pl.t2.nor.t2.rlgfixed.t2__p1706_terminationG_0.smt2 : 10212 ms.
--------------------------------------------------
unknown
../QF_NIA_split/QF_NIA_2_26//20170427-VeryMax/ITS/From_T2__hqr.c.i.hqr.pl.t2.nor.t2.rlgfixed.t2__p1707_terminationG_0.smt2 : 10419 ms.
--------------------------------------------------
unknown
../QF_NIA_split/QF_NIA_2_26//20170427-VeryMax/ITS/From_T2__hqr.c.i.hqr.pl.t2.nor.t2.rlgfixed.t2__p1708_terminationG_0.smt2 : 10525 ms.
--------------------------------------------------
unknown
../QF_NIA_split/QF_NIA_2_26//20170427-VeryMax/ITS/From_T2__hqr.c.i.hqr.pl.t2.nor.t2.rlgfixed.t2__p1711_terminationG_0.smt2 : 10281 ms.
--------------------------------------------------
unknown
../QF_NIA_split/QF_NIA_2_26//20170427-VeryMax/ITS/From_T2__hqr.c.i.hqr.pl.t2.nor.t2.rlgfixed.t2__p1712_terminationG_0.smt2 : 10345 ms.
--------------------------------------------------
unknown
../QF_NIA_split/QF_NIA_2_26//20170427-VeryMax/ITS/From_T2__hqr.c.i.hqr.pl.t2.nor.t2.rlgfixed.t2__p1713_terminationG_0.smt2 : 10501 ms.
--------------------------------------------------
unknown
../QF_NIA_split/QF_NIA_2_26//20170427-VeryMax/ITS/From_T2__hqr.c.i.hqr.pl.t2.nor.t2.rlgfixed.t2__p1717_edge_closing_0.smt2 : 10203 ms.
--------------------------------------------------
unknown
../QF_NIA_split/QF_NIA_2_26//20170427-VeryMax/ITS/From_T2__hqr.c.i.hqr.pl.t2.nor.t2.rlgfixed.t2__p1718_edge_closing_0.smt2 : 10423 ms.
--------------------------------------------------
unknown
../QF_NIA_split/QF_NIA_2_26//20170427-VeryMax/ITS/From_T2__hqr.c.i.hqr.pl.t2.nor.t2.rlgfixed.t2__p1719_edge_closing_0.smt2 : 10485 ms.
--------------------------------------------------
unknown
../QF_NIA_split/QF_NIA_2_26//20170427-VeryMax/ITS/From_T2__hqr.c.i.hqr.pl.t2.nor.t2.rlgfixed.t2__p1721_edge_closing_0.smt2 : 10306 ms.
--------------------------------------------------
unknown
../QF_NIA_split/QF_NIA_2_26//20170427-VeryMax/ITS/From_T2__hqr.c.i.hqr.pl.t2.nor.t2.rlgfixed.t2__p1722_edge_closing_0.smt2 : 10389 ms.
--------------------------------------------------
unknown
../QF_NIA_split/QF_NIA_2_26//20170427-VeryMax/ITS/From_T2__hqr.c.i.hqr.pl.t2.nor.t2.rlgfixed.t2__p1723_edge_closing_0.smt2 : 10526 ms.
--------------------------------------------------
unsat
../QF_NIA_split/QF_NIA_2_26//20170427-VeryMax/ITS/From_T2__hqr.c.i.hqr.pl.t2.nor.t2.rlgfixed.t2__terminationS_0_0.smt2 : 125 ms.
--------------------------------------------------
unsat
../QF_NIA_split/QF_NIA_2_26//20170427-VeryMax/ITS/From_T2__hqr.c.i.hqr.pl.t2.nor.t2.rlgfixed.t2__terminationS_1_0.smt2 : 140 ms.
--------------------------------------------------
unsat
../QF_NIA_split/QF_NIA_2_26//20170427-VeryMax/ITS/From_T2__hqr.c.i.hqr.pl.t2.nor.t2.rlgfixed.t2__terminationS_11_0.smt2 : 279 ms.
--------------------------------------------------
unsat
../QF_NIA_split/QF_NIA_2_26//20170427-VeryMax/ITS/From_T2__hqr.c.i.hqr.pl.t2.nor.t2.rlgfixed.t2__terminationS_14_0.smt2 : 82 ms.
--------------------------------------------------
unsat
../QF_NIA_split/QF_NIA_2_26//20170427-VeryMax/ITS/From_T2__hqr.c.i.hqr.pl.t2.nor.t2.rlgfixed.t2__terminationS_17_0.smt2 : 113 ms.
--------------------------------------------------
unsat
../QF_NIA_split/QF_NIA_2_26//20170427-VeryMax/ITS/From_T2__hqr.c.i.hqr.pl.t2.nor.t2.rlgfixed.t2__terminationS_18_0.smt2 : 3072 ms.
--------------------------------------------------
unsat
../QF_NIA_split/QF_NIA_2_26//20170427-VeryMax/ITS/From_T2__hqr.c.i.hqr.pl.t2.nor.t2.rlgfixed.t2__terminationS_19_0.smt2 : 1893 ms.
--------------------------------------------------
unsat
../QF_NIA_split/QF_NIA_2_26//20170427-VeryMax/ITS/From_T2__hqr.c.i.hqr.pl.t2.nor.t2.rlgfixed.t2__terminationS_20_0.smt2 : 1940 ms.
--------------------------------------------------
unsat
../QF_NIA_split/QF_NIA_2_26//20170427-VeryMax/ITS/From_T2__hqr.c.i.hqr.pl.t2.nor.t2.rlgfixed.t2__terminationS_2_0.smt2 : 107 ms.
--------------------------------------------------
unsat
../QF_NIA_split/QF_NIA_2_26//20170427-VeryMax/ITS/From_T2__hqr.c.i.hqr.pl.t2.nor.t2.rlgfixed.t2__terminationS_21_0.smt2 : 1552 ms.
--------------------------------------------------
unsat
../QF_NIA_split/QF_NIA_2_26//20170427-VeryMax/ITS/From_T2__hqr.c.i.hqr.pl.t2.nor.t2.rlgfixed.t2__terminationS_22_0.smt2 : 2920 ms.
--------------------------------------------------
unsat
../QF_NIA_split/QF_NIA_2_26//20170427-VeryMax/ITS/From_T2__hqr.c.i.hqr.pl.t2.nor.t2.rlgfixed.t2__terminationS_23_0.smt2 : 492 ms.
--------------------------------------------------
unsat
../QF_NIA_split/QF_NIA_2_26//20170427-VeryMax/ITS/From_T2__hqr.c.i.hqr.pl.t2.nor.t2.rlgfixed.t2__terminationS_24_0.smt2 : 380 ms.
--------------------------------------------------
unsat
../QF_NIA_split/QF_NIA_2_26//20170427-VeryMax/ITS/From_T2__hqr.c.i.hqr.pl.t2.nor.t2.rlgfixed.t2__terminationS_25_0.smt2 : 447 ms.
--------------------------------------------------
unsat
../QF_NIA_split/QF_NIA_2_26//20170427-VeryMax/ITS/From_T2__hqr.c.i.hqr.pl.t2.nor.t2.rlgfixed.t2__terminationS_26_0.smt2 : 249 ms.
--------------------------------------------------
unsat
../QF_NIA_split/QF_NIA_2_26//20170427-VeryMax/ITS/From_T2__hqr.c.i.hqr.pl.t2.nor.t2.rlgfixed.t2__terminationS_27_0.smt2 : 303 ms.
--------------------------------------------------
unsat
../QF_NIA_split/QF_NIA_2_26//20170427-VeryMax/ITS/From_T2__hqr.c.i.hqr.pl.t2.nor.t2.rlgfixed.t2__terminationS_28_0.smt2 : 1126 ms.
--------------------------------------------------
unsat
../QF_NIA_split/QF_NIA_2_26//20170427-VeryMax/ITS/From_T2__hqr.c.i.hqr.pl.t2.nor.t2.rlgfixed.t2__terminationS_29_0.smt2 : 86 ms.
--------------------------------------------------
unsat
../QF_NIA_split/QF_NIA_2_26//20170427-VeryMax/ITS/From_T2__hqr.c.i.hqr.pl.t2.nor.t2.rlgfixed.t2__terminationS_30_0.smt2 : 235 ms.
--------------------------------------------------
unsat
../QF_NIA_split/QF_NIA_2_26//20170427-VeryMax/ITS/From_T2__hqr.c.i.hqr.pl.t2.nor.t2.rlgfixed.t2__terminationS_31_0.smt2 : 661 ms.
--------------------------------------------------
unsat
../QF_NIA_split/QF_NIA_2_26//20170427-VeryMax/ITS/From_T2__hqr.c.i.hqr.pl.t2.nor.t2.rlgfixed.t2__terminationS_32_0.smt2 : 219 ms.
--------------------------------------------------
unsat
../QF_NIA_split/QF_NIA_2_26//20170427-VeryMax/ITS/From_T2__hqr.c.i.hqr.pl.t2.nor.t2.rlgfixed.t2__terminationS_33_0.smt2 : 264 ms.
--------------------------------------------------
unsat
../QF_NIA_split/QF_NIA_2_26//20170427-VeryMax/ITS/From_T2__hqr.c.i.hqr.pl.t2.nor.t2.rlgfixed.t2__terminationS_34_0.smt2 : 120 ms.
--------------------------------------------------
unsat
../QF_NIA_split/QF_NIA_2_26//20170427-VeryMax/ITS/From_T2__hqr.c.i.hqr.pl.t2.nor.t2.rlgfixed.t2__terminationS_35_0.smt2 : 151 ms.
--------------------------------------------------
unsat
../QF_NIA_split/QF_NIA_2_26//20170427-VeryMax/ITS/From_T2__hqr.c.i.hqr.pl.t2.nor.t2.rlgfixed.t2__terminationS_36_0.smt2 : 304 ms.
--------------------------------------------------
unsat
../QF_NIA_split/QF_NIA_2_26//20170427-VeryMax/ITS/From_T2__hqr.c.i.hqr.pl.t2.nor.t2.rlgfixed.t2__terminationS_37_0.smt2 : 284 ms.
--------------------------------------------------
unsat
../QF_NIA_split/QF_NIA_2_26//20170427-VeryMax/ITS/From_T2__hqr.c.i.hqr.pl.t2.nor.t2.rlgfixed.t2__terminationS_38_0.smt2 : 972 ms.
--------------------------------------------------
unsat
../QF_NIA_split/QF_NIA_2_26//20170427-VeryMax/ITS/From_T2__hqr.c.i.hqr.pl.t2.nor.t2.rlgfixed.t2__terminationS_39_0.smt2 : 296 ms.
--------------------------------------------------
unsat
../QF_NIA_split/QF_NIA_2_26//20170427-VeryMax/ITS/From_T2__hqr.c.i.hqr.pl.t2.nor.t2.rlgfixed.t2__terminationS_40_0.smt2 : 281 ms.
--------------------------------------------------
unsat
../QF_NIA_split/QF_NIA_2_26//20170427-VeryMax/ITS/From_T2__hqr.c.i.hqr.pl.t2.nor.t2.rlgfixed.t2__terminationS_4_0.smt2 : 129 ms.
--------------------------------------------------
unsat
../QF_NIA_split/QF_NIA_2_26//20170427-VeryMax/ITS/From_T2__hqr.c.i.hqr.pl.t2.nor.t2.rlgfixed.t2__terminationS_41_0.smt2 : 148 ms.
--------------------------------------------------
unsat
../QF_NIA_split/QF_NIA_2_26//20170427-VeryMax/ITS/From_T2__hqr.c.i.hqr.pl.t2.nor.t2.rlgfixed.t2__terminationS_42_0.smt2 : 624 ms.
--------------------------------------------------
unknown
../QF_NIA_split/QF_NIA_2_26//20170427-VeryMax/ITS/From_T2__hqr.c.i.hqr.pl.t2.nor.t2.rlgfixed.t2__terminationS_43_0.smt2 : 10097 ms.
--------------------------------------------------
unknown
../QF_NIA_split/QF_NIA_2_26//20170427-VeryMax/ITS/From_T2__hqr.c.i.hqr.pl.t2.nor.t2.rlgfixed.t2__terminationS_44_0.smt2 : 10122 ms.
--------------------------------------------------
unknown
../QF_NIA_split/QF_NIA_2_26//20170427-VeryMax/ITS/From_T2__hqr.c.i.hqr.pl.t2.nor.t2.rlgfixed.t2__terminationS_45_0.smt2 : 10099 ms.
--------------------------------------------------
unsat
../QF_NIA_split/QF_NIA_2_26//20170427-VeryMax/ITS/From_T2__hqr.c.i.hqr.pl.t2.nor.t2.rlgfixed.t2__terminationS_46_0.smt2 : 9938 ms.
--------------------------------------------------
unknown
../QF_NIA_split/QF_NIA_2_26//20170427-VeryMax/ITS/From_T2__hqr.c.i.hqr.pl.t2.nor.t2.rlgfixed.t2__terminationS_47_0.smt2 : 10090 ms.
--------------------------------------------------
unknown
../QF_NIA_split/QF_NIA_2_26//20170427-VeryMax/ITS/From_T2__hqr.c.i.hqr.pl.t2.nor.t2.rlgfixed.t2__terminationS_48_0.smt2 : 10166 ms.
--------------------------------------------------
../QF_NIA_split/QF_NIA_2_26//20170427-VeryMax/ITS/From_T2__hqr.c.i.hqr.pl.t2.nor.t2.rlgfixed.t2__terminationS_49_0.smt2 : 11005 ms.
--------------------------------------------------
unknown
../QF_NIA_split/QF_NIA_2_26//20170427-VeryMax/ITS/From_T2__hqr.c.i.hqr.pl.t2.nor.t2.rlgfixed.t2__terminationS_50_0.smt2 : 10107 ms.
--------------------------------------------------
unsat
../QF_NIA_split/QF_NIA_2_26//20170427-VeryMax/ITS/From_T2__hqr.c.i.hqr.pl.t2.nor.t2.rlgfixed.t2__terminationS_5_0.smt2 : 192 ms.
--------------------------------------------------
unknown
../QF_NIA_split/QF_NIA_2_26//20170427-VeryMax/ITS/From_T2__hqr.c.i.hqr.pl.t2.nor.t2.rlgfixed.t2__terminationS_51_0.smt2 : 10112 ms.
--------------------------------------------------
unknown
../QF_NIA_split/QF_NIA_2_26//20170427-VeryMax/ITS/From_T2__hqr.c.i.hqr.pl.t2.nor.t2.rlgfixed.t2__terminationS_52_0.smt2 : 10085 ms.
--------------------------------------------------
unsat
../QF_NIA_split/QF_NIA_2_26//20170427-VeryMax/ITS/From_T2__hqr.c.i.hqr.pl.t2.nor.t2.rlgfixed.t2__terminationS_6_0.smt2 : 148 ms.
--------------------------------------------------
unsat
../QF_NIA_split/QF_NIA_2_26//20170427-VeryMax/ITS/From_T2__hqr.c.i.hqr.pl.t2.nor.t2.rlgfixed.t2__terminationS_7_0.smt2 : 211 ms.
--------------------------------------------------
unsat
../QF_NIA_split/QF_NIA_2_26//20170427-VeryMax/ITS/From_T2__hqr.c.i.hqr.pl.t2.nor.t2.rlgfixed.t2__terminationS_8_0.smt2 : 110 ms.
--------------------------------------------------
unknown
../QF_NIA_split/QF_NIA_2_26//20170427-VeryMax/ITS/From_T2__hqr.c.i.hqr.pl.t2.nor.t2.rlgfixed.t2__term_unfeasibility_1_0.smt2 : 10098 ms.
--------------------------------------------------
unknown
../QF_NIA_split/QF_NIA_2_26//20170427-VeryMax/ITS/From_T2__hqr.t2__p1763_terminationG_0.smt2 : 10180 ms.
--------------------------------------------------
unknown
../QF_NIA_split/QF_NIA_2_26//20170427-VeryMax/ITS/From_T2__hqr.t2__p1764_terminationG_0.smt2 : 10341 ms.
--------------------------------------------------
unknown
../QF_NIA_split/QF_NIA_2_26//20170427-VeryMax/ITS/From_T2__hqr.t2__p1765_terminationG_0.smt2 : 10451 ms.
--------------------------------------------------
unknown
../QF_NIA_split/QF_NIA_2_26//20170427-VeryMax/ITS/From_T2__hqr.t2__p1768_terminationG_0.smt2 : 10203 ms.
--------------------------------------------------
unknown
../QF_NIA_split/QF_NIA_2_26//20170427-VeryMax/ITS/From_T2__hqr.t2__p1770_terminationG_0.smt2 : 10329 ms.
--------------------------------------------------
unknown
../QF_NIA_split/QF_NIA_2_26//20170427-VeryMax/ITS/From_T2__hqr.t2__p1771_terminationG_0.smt2 : 10560 ms.
--------------------------------------------------
unknown
../QF_NIA_split/QF_NIA_2_26//20170427-VeryMax/ITS/From_T2__hqr.t2__p1774_terminationG_0.smt2 : 10185 ms.
--------------------------------------------------
unknown
../QF_NIA_split/QF_NIA_2_26//20170427-VeryMax/ITS/From_T2__hqr.t2__p1775_terminationG_0.smt2 : 10314 ms.
--------------------------------------------------
unknown
../QF_NIA_split/QF_NIA_2_26//20170427-VeryMax/ITS/From_T2__hqr.t2__p1776_terminationG_0.smt2 : 10483 ms.
--------------------------------------------------
unknown
../QF_NIA_split/QF_NIA_2_26//20170427-VeryMax/ITS/From_T2__hqr.t2__p1783_edge_closing_0.smt2 : 10192 ms.
--------------------------------------------------
unknown
../QF_NIA_split/QF_NIA_2_26//20170427-VeryMax/ITS/From_T2__hqr.t2__p1784_edge_closing_0.smt2 : 10374 ms.
--------------------------------------------------
unknown
../QF_NIA_split/QF_NIA_2_26//20170427-VeryMax/ITS/From_T2__hqr.t2__p1785_edge_closing_0.smt2 : 10482 ms.
--------------------------------------------------
unknown
../QF_NIA_split/QF_NIA_2_26//20170427-VeryMax/ITS/From_T2__hqr.t2__p1788_edge_closing_0.smt2 : 10247 ms.
--------------------------------------------------
unknown
../QF_NIA_split/QF_NIA_2_26//20170427-VeryMax/ITS/From_T2__hqr.t2__p1789_edge_closing_0.smt2 : 10315 ms.
--------------------------------------------------
../QF_NIA_split/QF_NIA_2_26//20170427-VeryMax/ITS/From_T2__hqr.t2__p1792_edge_closing_0.smt2 : 11005 ms.
--------------------------------------------------
unknown
../QF_NIA_split/QF_NIA_2_26//20170427-VeryMax/ITS/From_T2__hqr.t2__term_unfeasibility_1_0.smt2 : 10120 ms.
