--------------------------------------------------
First to ismt, cur time 0 s.
Final to yices2, cur time 0 s.
final yices2: sat
../../QF_NIA_split/QF_NIA_2_25//20170427-VeryMax/ITS/From_T2__fast_poll.t2_fixed__term_unfeasibility_0_0.smt2 : 131 ms.
--------------------------------------------------
First to ismt, cur time 0 s.
Final to yices2, cur time 0 s.
final yices2: unsat
../../QF_NIA_split/QF_NIA_2_25//20170427-VeryMax/ITS/From_T2__fast_poll.t2_fixed__term_unfeasibility_2_0.smt2 : 916 ms.
--------------------------------------------------
First to ismt, cur time 0 s.
Final to yices2, cur time 0 s.
final yices2: sat
../../QF_NIA_split/QF_NIA_2_25//20170427-VeryMax/ITS/From_T2__fast_poll.t2__term_unfeasibility_0_0.smt2 : 140 ms.
--------------------------------------------------
First to ismt, cur time 0 s.
Final to yices2, cur time 0 s.
final yices2: sat
../../QF_NIA_split/QF_NIA_2_25//20170427-VeryMax/ITS/From_T2__fast_poll.t2__term_unfeasibility_1_0.smt2 : 139 ms.
--------------------------------------------------
First to ismt, cur time 0 s.
Final to yices2, cur time 0 s.
../../QF_NIA_split/QF_NIA_2_25//20170427-VeryMax/ITS/From_T2__fast_poll.t2__term_unfeasibility_2_0.smt2 : 1200030 ms.
--------------------------------------------------
First to ismt, cur time 0 s.
Final to yices2, cur time 0 s.
../../QF_NIA_split/QF_NIA_2_25//20170427-VeryMax/ITS/From_T2__firewire.t2__p32277_terminationG_0.smt2 : 1200033 ms.
--------------------------------------------------
First to ismt, cur time 0 s.
Final to yices2, cur time 0 s.
../../QF_NIA_split/QF_NIA_2_25//20170427-VeryMax/ITS/From_T2__firewire.t2__p32278_terminationG_0.smt2 : 1200044 ms.
--------------------------------------------------
First to ismt, cur time 0 s.
Final to yices2, cur time 0 s.
../../QF_NIA_split/QF_NIA_2_25//20170427-VeryMax/ITS/From_T2__firewire.t2__p32279_terminationG_0.smt2 : 1200051 ms.
--------------------------------------------------
First to ismt, cur time 0 s.
Final to yices2, cur time 0 s.
../../QF_NIA_split/QF_NIA_2_25//20170427-VeryMax/ITS/From_T2__firewire.t2__p32282_terminationG_0.smt2 : 1200052 ms.
--------------------------------------------------
First to ismt, cur time 0 s.
Final to yices2, cur time 0 s.
../../QF_NIA_split/QF_NIA_2_25//20170427-VeryMax/ITS/From_T2__firewire.t2__p32283_terminationG_0.smt2 : 1200033 ms.
--------------------------------------------------
First to ismt, cur time 0 s.
Final to yices2, cur time 0 s.
../../QF_NIA_split/QF_NIA_2_25//20170427-VeryMax/ITS/From_T2__firewire.t2__p32284_terminationG_0.smt2 : 1200040 ms.
--------------------------------------------------
First to ismt, cur time 0 s.
Final to yices2, cur time 0 s.
../../QF_NIA_split/QF_NIA_2_25//20170427-VeryMax/ITS/From_T2__firewire.t2__p32287_terminationG_0.smt2 : 1200043 ms.
--------------------------------------------------
First to ismt, cur time 0 s.
Final to yices2, cur time 0 s.
../../QF_NIA_split/QF_NIA_2_25//20170427-VeryMax/ITS/From_T2__firewire.t2__p32288_terminationG_0.smt2 : 1200041 ms.
--------------------------------------------------
First to ismt, cur time 0 s.
Final to yices2, cur time 0 s.
../../QF_NIA_split/QF_NIA_2_25//20170427-VeryMax/ITS/From_T2__firewire.t2__p32289_terminationG_0.smt2 : 1200063 ms.
--------------------------------------------------
First to ismt, cur time 0 s.
Final to yices2, cur time 0 s.
../../QF_NIA_split/QF_NIA_2_25//20170427-VeryMax/ITS/From_T2__firewire.t2__p32293_terminationG_0.smt2 : 1200051 ms.
--------------------------------------------------
First to ismt, cur time 0 s.
Final to yices2, cur time 0 s.
../../QF_NIA_split/QF_NIA_2_25//20170427-VeryMax/ITS/From_T2__firewire.t2__p32294_terminationG_0.smt2 : 1200066 ms.
--------------------------------------------------
First to ismt, cur time 0 s.
Final to yices2, cur time 0 s.
../../QF_NIA_split/QF_NIA_2_25//20170427-VeryMax/ITS/From_T2__firewire.t2__p32295_terminationG_0.smt2 : 1200039 ms.
--------------------------------------------------
First to ismt, cur time 0 s.
Final to yices2, cur time 0 s.
../../QF_NIA_split/QF_NIA_2_25//20170427-VeryMax/ITS/From_T2__firewire.t2__p32297_edge_closing_0.smt2 : 1200034 ms.
--------------------------------------------------
First to ismt, cur time 0 s.
Final to yices2, cur time 0 s.
../../QF_NIA_split/QF_NIA_2_25//20170427-VeryMax/ITS/From_T2__firewire.t2__p32298_edge_closing_0.smt2 : 1200034 ms.
--------------------------------------------------
First to ismt, cur time 0 s.
Final to yices2, cur time 0 s.
../../QF_NIA_split/QF_NIA_2_25//20170427-VeryMax/ITS/From_T2__firewire.t2__p32299_edge_closing_0.smt2 : 1200038 ms.
--------------------------------------------------
First to ismt, cur time 0 s.
Final to yices2, cur time 0 s.
../../QF_NIA_split/QF_NIA_2_25//20170427-VeryMax/ITS/From_T2__firewire.t2__p32301_edge_closing_0.smt2 : 1200035 ms.
--------------------------------------------------
First to ismt, cur time 0 s.
Final to yices2, cur time 0 s.
../../QF_NIA_split/QF_NIA_2_25//20170427-VeryMax/ITS/From_T2__firewire.t2__p32302_edge_closing_0.smt2 : 1200026 ms.
--------------------------------------------------
First to ismt, cur time 0 s.
Final to yices2, cur time 0 s.
../../QF_NIA_split/QF_NIA_2_25//20170427-VeryMax/ITS/From_T2__firewire.t2__p32303_edge_closing_0.smt2 : 1200047 ms.
--------------------------------------------------
First to ismt, cur time 0 s.
Final to yices2, cur time 0 s.
final yices2: sat
../../QF_NIA_split/QF_NIA_2_25//20170427-VeryMax/ITS/From_T2__firewire.t2__terminationQ_0_0.smt2 : 761 ms.
--------------------------------------------------
First to ismt, cur time 0 s.
Final to yices2, cur time 0 s.
final yices2: sat
../../QF_NIA_split/QF_NIA_2_25//20170427-VeryMax/ITS/From_T2__firewire.t2__terminationQ_1_0.smt2 : 2811 ms.
--------------------------------------------------
First to ismt, cur time 0 s.
Final to yices2, cur time 0 s.
final yices2: unsat
../../QF_NIA_split/QF_NIA_2_25//20170427-VeryMax/ITS/From_T2__firewire.t2__terminationS_0_0.smt2 : 6246 ms.
--------------------------------------------------
First to ismt, cur time 0 s.
Final to yices2, cur time 0 s.
final yices2: unsat
../../QF_NIA_split/QF_NIA_2_25//20170427-VeryMax/ITS/From_T2__firewire.t2__terminationS_10_0.smt2 : 4966 ms.
--------------------------------------------------
First to ismt, cur time 0 s.
Final to yices2, cur time 0 s.
final yices2: unsat
../../QF_NIA_split/QF_NIA_2_25//20170427-VeryMax/ITS/From_T2__firewire.t2__terminationS_1_0.smt2 : 1696 ms.
--------------------------------------------------
First to ismt, cur time 0 s.
Final to yices2, cur time 0 s.
../../QF_NIA_split/QF_NIA_2_25//20170427-VeryMax/ITS/From_T2__firewire.t2__terminationS_11_0.smt2 : 1200034 ms.
--------------------------------------------------
First to ismt, cur time 0 s.
Final to yices2, cur time 0 s.
../../QF_NIA_split/QF_NIA_2_25//20170427-VeryMax/ITS/From_T2__firewire.t2__terminationS_12_0.smt2 : 1200032 ms.
--------------------------------------------------
First to ismt, cur time 0 s.
Final to yices2, cur time 0 s.
../../QF_NIA_split/QF_NIA_2_25//20170427-VeryMax/ITS/From_T2__firewire.t2__terminationS_13_0.smt2 : 1200043 ms.
--------------------------------------------------
First to ismt, cur time 0 s.
Final to yices2, cur time 0 s.
final yices2: unsat
../../QF_NIA_split/QF_NIA_2_25//20170427-VeryMax/ITS/From_T2__firewire.t2__terminationS_14_0.smt2 : 54805 ms.
--------------------------------------------------
First to ismt, cur time 0 s.
Final to yices2, cur time 0 s.
final yices2: unsat
../../QF_NIA_split/QF_NIA_2_25//20170427-VeryMax/ITS/From_T2__firewire.t2__terminationS_15_0.smt2 : 27911 ms.
--------------------------------------------------
First to ismt, cur time 0 s.
Final to yices2, cur time 0 s.
final yices2: unsat
../../QF_NIA_split/QF_NIA_2_25//20170427-VeryMax/ITS/From_T2__firewire.t2__terminationS_16_0.smt2 : 9995 ms.
--------------------------------------------------
First to ismt, cur time 0 s.
Final to yices2, cur time 0 s.
../../QF_NIA_split/QF_NIA_2_25//20170427-VeryMax/ITS/From_T2__firewire.t2__terminationS_17_0.smt2 : 1200040 ms.
--------------------------------------------------
First to ismt, cur time 0 s.
Final to yices2, cur time 0 s.
final yices2: unsat
../../QF_NIA_split/QF_NIA_2_25//20170427-VeryMax/ITS/From_T2__firewire.t2__terminationS_18_0.smt2 : 13384 ms.
--------------------------------------------------
First to ismt, cur time 0 s.
Final to yices2, cur time 0 s.
../../QF_NIA_split/QF_NIA_2_25//20170427-VeryMax/ITS/From_T2__firewire.t2__terminationS_19_0.smt2 : 1200041 ms.
--------------------------------------------------
First to ismt, cur time 0 s.
Final to yices2, cur time 0 s.
../../QF_NIA_split/QF_NIA_2_25//20170427-VeryMax/ITS/From_T2__firewire.t2__terminationS_20_0.smt2 : 1200033 ms.
--------------------------------------------------
First to ismt, cur time 0 s.
Final to yices2, cur time 0 s.
final yices2: unsat
../../QF_NIA_split/QF_NIA_2_25//20170427-VeryMax/ITS/From_T2__firewire.t2__terminationS_2_0.smt2 : 6196 ms.
--------------------------------------------------
First to ismt, cur time 0 s.
Final to yices2, cur time 0 s.
final yices2: unsat
../../QF_NIA_split/QF_NIA_2_25//20170427-VeryMax/ITS/From_T2__firewire.t2__terminationS_21_0.smt2 : 590 ms.
--------------------------------------------------
First to ismt, cur time 0 s.
Final to yices2, cur time 0 s.
final yices2: unsat
../../QF_NIA_split/QF_NIA_2_25//20170427-VeryMax/ITS/From_T2__firewire.t2__terminationS_22_0.smt2 : 745 ms.
--------------------------------------------------
First to ismt, cur time 0 s.
Final to yices2, cur time 0 s.
../../QF_NIA_split/QF_NIA_2_25//20170427-VeryMax/ITS/From_T2__firewire.t2__terminationS_23_0.smt2 : 1200039 ms.
--------------------------------------------------
First to ismt, cur time 0 s.
Final to yices2, cur time 0 s.
final yices2: unsat
../../QF_NIA_split/QF_NIA_2_25//20170427-VeryMax/ITS/From_T2__firewire.t2__terminationS_24_0.smt2 : 964 ms.
--------------------------------------------------
First to ismt, cur time 0 s.
Final to yices2, cur time 0 s.
final yices2: unsat
../../QF_NIA_split/QF_NIA_2_25//20170427-VeryMax/ITS/From_T2__firewire.t2__terminationS_25_0.smt2 : 4765 ms.
--------------------------------------------------
First to ismt, cur time 0 s.
Final to yices2, cur time 0 s.
final yices2: unsat
../../QF_NIA_split/QF_NIA_2_25//20170427-VeryMax/ITS/From_T2__firewire.t2__terminationS_26_0.smt2 : 1287 ms.
--------------------------------------------------
First to ismt, cur time 0 s.
Final to yices2, cur time 0 s.
final yices2: unsat
../../QF_NIA_split/QF_NIA_2_25//20170427-VeryMax/ITS/From_T2__firewire.t2__terminationS_27_0.smt2 : 1034 ms.
--------------------------------------------------
First to ismt, cur time 0 s.
Final to yices2, cur time 0 s.
final yices2: unsat
../../QF_NIA_split/QF_NIA_2_25//20170427-VeryMax/ITS/From_T2__firewire.t2__terminationS_28_0.smt2 : 2028 ms.
--------------------------------------------------
First to ismt, cur time 0 s.
Final to yices2, cur time 0 s.
final yices2: unsat
../../QF_NIA_split/QF_NIA_2_25//20170427-VeryMax/ITS/From_T2__firewire.t2__terminationS_29_0.smt2 : 1311 ms.
--------------------------------------------------
First to ismt, cur time 0 s.
Final to yices2, cur time 0 s.
final yices2: unsat
../../QF_NIA_split/QF_NIA_2_25//20170427-VeryMax/ITS/From_T2__firewire.t2__terminationS_3_0.smt2 : 12234 ms.
--------------------------------------------------
First to ismt, cur time 0 s.
Final to yices2, cur time 0 s.
final yices2: unsat
../../QF_NIA_split/QF_NIA_2_25//20170427-VeryMax/ITS/From_T2__firewire.t2__terminationS_4_0.smt2 : 12039 ms.
--------------------------------------------------
First to ismt, cur time 0 s.
Final to yices2, cur time 0 s.
final yices2: unsat
../../QF_NIA_split/QF_NIA_2_25//20170427-VeryMax/ITS/From_T2__firewire.t2__terminationS_5_0.smt2 : 5386 ms.
--------------------------------------------------
First to ismt, cur time 0 s.
Final to yices2, cur time 0 s.
final yices2: unsat
../../QF_NIA_split/QF_NIA_2_25//20170427-VeryMax/ITS/From_T2__firewire.t2__terminationS_6_0.smt2 : 9217 ms.
--------------------------------------------------
First to ismt, cur time 0 s.
Final to yices2, cur time 0 s.
../../QF_NIA_split/QF_NIA_2_25//20170427-VeryMax/ITS/From_T2__firewire.t2__terminationS_7_0.smt2 : 1200053 ms.
--------------------------------------------------
First to ismt, cur time 0 s.
Final to yices2, cur time 0 s.
final yices2: unsat
../../QF_NIA_split/QF_NIA_2_25//20170427-VeryMax/ITS/From_T2__firewire.t2__terminationS_8_0.smt2 : 3838 ms.
--------------------------------------------------
First to ismt, cur time 0 s.
Final to yices2, cur time 0 s.
final yices2: unsat
../../QF_NIA_split/QF_NIA_2_25//20170427-VeryMax/ITS/From_T2__firewire.t2__terminationS_9_0.smt2 : 18224 ms.
--------------------------------------------------
First to ismt, cur time 0 s.
Final to yices2, cur time 0 s.
final yices2: unsat
../../QF_NIA_split/QF_NIA_2_25//20170427-VeryMax/ITS/From_T2__firewire.t2__term_unfeasibility_1_0.smt2 : 2855 ms.
--------------------------------------------------
First to ismt, cur time 0 s.
Final to yices2, cur time 0 s.
final yices2: unsat
../../QF_NIA_split/QF_NIA_2_25//20170427-VeryMax/ITS/From_T2__flipflop.t2__p32330_terminationG_0.smt2 : 3983 ms.
--------------------------------------------------
First to ismt, cur time 0 s.
Final to yices2, cur time 0 s.
final yices2: sat
../../QF_NIA_split/QF_NIA_2_25//20170427-VeryMax/ITS/From_T2__florian_new_ex.t2__p32352_terminationG_0.smt2 : 3058 ms.
--------------------------------------------------
First to ismt, cur time 0 s.
Final to yices2, cur time 0 s.
final yices2: sat
../../QF_NIA_split/QF_NIA_2_25//20170427-VeryMax/ITS/From_T2__florian_new_ex.t2__p32353_terminationG_0.smt2 : 11153 ms.
--------------------------------------------------
First to ismt, cur time 0 s.
Final to yices2, cur time 0 s.
../../QF_NIA_split/QF_NIA_2_25//20170427-VeryMax/ITS/From_T2__florian_sas2.t2__p32368_terminationG_0.smt2 : 1200046 ms.
--------------------------------------------------
First to ismt, cur time 0 s.
Final to yices2, cur time 0 s.
../../QF_NIA_split/QF_NIA_2_25//20170427-VeryMax/ITS/From_T2__florian_sas2.t2__p32369_terminationG_0.smt2 : 1200084 ms.
--------------------------------------------------
First to ismt, cur time 0 s.
Final to yices2, cur time 0 s.
../../QF_NIA_split/QF_NIA_2_25//20170427-VeryMax/ITS/From_T2__florian_sas2.t2__p32370_terminationG_0.smt2 : 1200049 ms.
--------------------------------------------------
First to ismt, cur time 0 s.
Final to yices2, cur time 0 s.
final yices2: sat
../../QF_NIA_split/QF_NIA_2_25//20170427-VeryMax/ITS/From_T2__florian_sas2.t2__p32373_terminationG_0.smt2 : 3944 ms.
--------------------------------------------------
First to ismt, cur time 0 s.
Final to yices2, cur time 0 s.
../../QF_NIA_split/QF_NIA_2_25//20170427-VeryMax/ITS/From_T2__florian_sas2.t2__p32374_terminationG_0.smt2 : 1200047 ms.
--------------------------------------------------
First to ismt, cur time 0 s.
Final to yices2, cur time 0 s.
../../QF_NIA_split/QF_NIA_2_25//20170427-VeryMax/ITS/From_T2__florian_sas2.t2__p32375_terminationG_0.smt2 : 1200036 ms.
--------------------------------------------------
First to ismt, cur time 0 s.
Final to yices2, cur time 0 s.
../../QF_NIA_split/QF_NIA_2_25//20170427-VeryMax/ITS/From_T2__florian_sas2.t2__p32378_terminationG_0.smt2 : 1200050 ms.
--------------------------------------------------
First to ismt, cur time 0 s.
Final to yices2, cur time 0 s.
../../QF_NIA_split/QF_NIA_2_25//20170427-VeryMax/ITS/From_T2__florian_sas2.t2__p32379_terminationG_0.smt2 : 1200035 ms.
--------------------------------------------------
First to ismt, cur time 0 s.
Final to yices2, cur time 0 s.
../../QF_NIA_split/QF_NIA_2_25//20170427-VeryMax/ITS/From_T2__florian_sas2.t2__p32380_terminationG_0.smt2 : 1200026 ms.
--------------------------------------------------
First to ismt, cur time 0 s.
Final to yices2, cur time 0 s.
../../QF_NIA_split/QF_NIA_2_25//20170427-VeryMax/ITS/From_T2__florian_sas2.t2__p32383_terminationG_0.smt2 : 1200035 ms.
--------------------------------------------------
First to ismt, cur time 0 s.
Final to yices2, cur time 0 s.
../../QF_NIA_split/QF_NIA_2_25//20170427-VeryMax/ITS/From_T2__florian_sas2.t2__p32384_terminationG_0.smt2 : 1200041 ms.
--------------------------------------------------
First to ismt, cur time 0 s.
Final to yices2, cur time 0 s.
../../QF_NIA_split/QF_NIA_2_25//20170427-VeryMax/ITS/From_T2__florian_sas2.t2__p32385_terminationG_0.smt2 : 1200048 ms.
--------------------------------------------------
First to ismt, cur time 0 s.
Final to yices2, cur time 0 s.
../../QF_NIA_split/QF_NIA_2_25//20170427-VeryMax/ITS/From_T2__florian_sas2.t2__p32388_terminationG_0.smt2 : 1200036 ms.
--------------------------------------------------
First to ismt, cur time 0 s.
Final to yices2, cur time 0 s.
../../QF_NIA_split/QF_NIA_2_25//20170427-VeryMax/ITS/From_T2__florian_sas2.t2__p32389_terminationG_0.smt2 : 1200051 ms.
--------------------------------------------------
First to ismt, cur time 0 s.
Final to yices2, cur time 0 s.
../../QF_NIA_split/QF_NIA_2_25//20170427-VeryMax/ITS/From_T2__florian_sas2.t2__p32390_terminationG_0.smt2 : 1200036 ms.
--------------------------------------------------
First to ismt, cur time 0 s.
Final to yices2, cur time 0 s.
final yices2: sat
../../QF_NIA_split/QF_NIA_2_25//20170427-VeryMax/ITS/From_T2__florian_sas2.t2__p32392_terminationG_0.smt2 : 12652 ms.
--------------------------------------------------
First to ismt, cur time 0 s.
Final to yices2, cur time 0 s.
../../QF_NIA_split/QF_NIA_2_25//20170427-VeryMax/ITS/From_T2__florian_sas2.t2__p32394_terminationG_0.smt2 : 1200040 ms.
--------------------------------------------------
First to ismt, cur time 0 s.
Final to yices2, cur time 0 s.
../../QF_NIA_split/QF_NIA_2_25//20170427-VeryMax/ITS/From_T2__florian_sas2.t2__p32395_terminationG_0.smt2 : 1200044 ms.
--------------------------------------------------
First to ismt, cur time 0 s.
Final to yices2, cur time 0 s.
../../QF_NIA_split/QF_NIA_2_25//20170427-VeryMax/ITS/From_T2__florian_sas2.t2__p32398_terminationG_0.smt2 : 1200044 ms.
--------------------------------------------------
First to ismt, cur time 0 s.
Final to yices2, cur time 0 s.
../../QF_NIA_split/QF_NIA_2_25//20170427-VeryMax/ITS/From_T2__florian_sas2.t2__p32399_terminationG_0.smt2 : 1200031 ms.
--------------------------------------------------
First to ismt, cur time 0 s.
Final to yices2, cur time 0 s.
../../QF_NIA_split/QF_NIA_2_25//20170427-VeryMax/ITS/From_T2__florian_sas2.t2__p32400_terminationG_0.smt2 : 1200049 ms.
--------------------------------------------------
First to ismt, cur time 0 s.
Final to yices2, cur time 0 s.
final yices2: sat
../../QF_NIA_split/QF_NIA_2_25//20170427-VeryMax/ITS/From_T2__florian_sas2.t2__p32403_terminationG_0.smt2 : 217020 ms.
--------------------------------------------------
First to ismt, cur time 0 s.
Final to yices2, cur time 0 s.
../../QF_NIA_split/QF_NIA_2_25//20170427-VeryMax/ITS/From_T2__florian_sas2.t2__p32404_terminationG_0.smt2 : 1200043 ms.
--------------------------------------------------
First to ismt, cur time 0 s.
Final to yices2, cur time 0 s.
../../QF_NIA_split/QF_NIA_2_25//20170427-VeryMax/ITS/From_T2__florian_sas2.t2__p32405_terminationG_0.smt2 : 1200033 ms.
--------------------------------------------------
First to ismt, cur time 0 s.
Final to yices2, cur time 0 s.
final yices2: sat
../../QF_NIA_split/QF_NIA_2_25//20170427-VeryMax/ITS/From_T2__florian_sas2.t2__p32408_terminationG_0.smt2 : 60960 ms.
--------------------------------------------------
First to ismt, cur time 0 s.
Final to yices2, cur time 0 s.
../../QF_NIA_split/QF_NIA_2_25//20170427-VeryMax/ITS/From_T2__florian_sas2.t2__p32409_terminationG_0.smt2 : 1200050 ms.
--------------------------------------------------
First to ismt, cur time 0 s.
Final to yices2, cur time 0 s.
../../QF_NIA_split/QF_NIA_2_25//20170427-VeryMax/ITS/From_T2__florian_sas2.t2__p32410_terminationG_0.smt2 : 1200032 ms.
--------------------------------------------------
First to ismt, cur time 0 s.
Final to yices2, cur time 0 s.
final yices2: sat
../../QF_NIA_split/QF_NIA_2_25//20170427-VeryMax/ITS/From_T2__florian_sas2.t2__terminationQ_2_0.smt2 : 2425 ms.
--------------------------------------------------
First to ismt, cur time 0 s.
Final to yices2, cur time 0 s.
final yices2: sat
../../QF_NIA_split/QF_NIA_2_25//20170427-VeryMax/ITS/From_T2__florian_sas2.t2__terminationQ_3_0.smt2 : 2655 ms.
--------------------------------------------------
First to ismt, cur time 0 s.
Final to yices2, cur time 0 s.
final yices2: sat
../../QF_NIA_split/QF_NIA_2_25//20170427-VeryMax/ITS/From_T2__florian_sas2.t2__terminationQ_4_0.smt2 : 2270 ms.
--------------------------------------------------
First to ismt, cur time 0 s.
Final to yices2, cur time 0 s.
final yices2: sat
../../QF_NIA_split/QF_NIA_2_25//20170427-VeryMax/ITS/From_T2__florian_sas2.t2__terminationQ_5_0.smt2 : 10124 ms.
--------------------------------------------------
First to ismt, cur time 0 s.
Final to yices2, cur time 0 s.
final yices2: sat
../../QF_NIA_split/QF_NIA_2_25//20170427-VeryMax/ITS/From_T2__florian_sas2.t2__terminationQ_6_0.smt2 : 10678 ms.
--------------------------------------------------
First to ismt, cur time 0 s.
Final to yices2, cur time 0 s.
final yices2: unsat
../../QF_NIA_split/QF_NIA_2_25//20170427-VeryMax/ITS/From_T2__florian_sas2.t2__terminationS_0_0.smt2 : 1697 ms.
--------------------------------------------------
First to ismt, cur time 0 s.
Final to yices2, cur time 0 s.
final yices2: unsat
../../QF_NIA_split/QF_NIA_2_25//20170427-VeryMax/ITS/From_T2__florian_sas2.t2__terminationS_2_0.smt2 : 807 ms.
--------------------------------------------------
First to ismt, cur time 0 s.
Final to yices2, cur time 0 s.
final yices2: unsat
../../QF_NIA_split/QF_NIA_2_25//20170427-VeryMax/ITS/From_T2__florian_sas2.t2__terminationS_3_0.smt2 : 360 ms.
--------------------------------------------------
First to ismt, cur time 0 s.
Final to yices2, cur time 0 s.
../../QF_NIA_split/QF_NIA_2_25//20170427-VeryMax/ITS/From_T2__florian_sas2.t2__terminationS_4_0.smt2 : 1200057 ms.
--------------------------------------------------
First to ismt, cur time 0 s.
Final to yices2, cur time 0 s.
final yices2: unsat
../../QF_NIA_split/QF_NIA_2_25//20170427-VeryMax/ITS/From_T2__florian_sas2.t2__terminationS_5_0.smt2 : 10221 ms.
--------------------------------------------------
First to ismt, cur time 0 s.
Final to yices2, cur time 0 s.
final yices2: unsat
../../QF_NIA_split/QF_NIA_2_25//20170427-VeryMax/ITS/From_T2__florian_sas2.t2__terminationS_6_0.smt2 : 4811 ms.
--------------------------------------------------
First to ismt, cur time 0 s.
Final to yices2, cur time 0 s.
final yices2: unsat
../../QF_NIA_split/QF_NIA_2_25//20170427-VeryMax/ITS/From_T2__florian_sas2.t2__terminationS_7_0.smt2 : 454 ms.
--------------------------------------------------
First to ismt, cur time 0 s.
Final to yices2, cur time 0 s.
final yices2: sat
../../QF_NIA_split/QF_NIA_2_25//20170427-VeryMax/ITS/From_T2__florian_sas2.t2__term_unfeasibility_0_0.smt2 : 3977 ms.
--------------------------------------------------
First to ismt, cur time 0 s.
Final to yices2, cur time 0 s.
final yices2: sat
../../QF_NIA_split/QF_NIA_2_25//20170427-VeryMax/ITS/From_T2__florian_sas2.t2__term_unfeasibility_1_0.smt2 : 1128 ms.
--------------------------------------------------
First to ismt, cur time 0 s.
Final to yices2, cur time 0 s.
../../QF_NIA_split/QF_NIA_2_25//20170427-VeryMax/ITS/From_T2__florian_sas2.t2__term_unfeasibility_2_0.smt2 : 1200051 ms.
--------------------------------------------------
First to ismt, cur time 0 s.
Final to yices2, cur time 0 s.
final yices2: sat
../../QF_NIA_split/QF_NIA_2_25//20170427-VeryMax/ITS/From_T2__florian_sumit.t2__p32417_terminationG_0.smt2 : 3004 ms.
--------------------------------------------------
First to ismt, cur time 0 s.
Final to yices2, cur time 0 s.
final yices2: sat
../../QF_NIA_split/QF_NIA_2_25//20170427-VeryMax/ITS/From_T2__florian_sumit.t2__p32418_terminationG_0.smt2 : 11206 ms.
--------------------------------------------------
First to ismt, cur time 0 s.
Final to yices2, cur time 0 s.
../../QF_NIA_split/QF_NIA_2_25//20170427-VeryMax/ITS/From_T2__florian_sumit.t2__p32419_terminationG_0.smt2 : 1200056 ms.
--------------------------------------------------
First to ismt, cur time 0 s.
Final to yices2, cur time 0 s.
final yices2: sat
../../QF_NIA_split/QF_NIA_2_25//20170427-VeryMax/ITS/From_T2__florian_sumit.t2__p32423_terminationG_0.smt2 : 54244 ms.
--------------------------------------------------
First to ismt, cur time 0 s.
Final to yices2, cur time 0 s.
final yices2: sat
../../QF_NIA_split/QF_NIA_2_25//20170427-VeryMax/ITS/From_T2__florian_sumit.t2__p32424_terminationG_0.smt2 : 48302 ms.
--------------------------------------------------
First to ismt, cur time 0 s.
Final to yices2, cur time 0 s.
final yices2: sat
../../QF_NIA_split/QF_NIA_2_25//20170427-VeryMax/ITS/From_T2__florian_sumit.t2__p32428_terminationG_0.smt2 : 2294 ms.
--------------------------------------------------
First to ismt, cur time 0 s.
Final to yices2, cur time 0 s.
../../QF_NIA_split/QF_NIA_2_25//20170427-VeryMax/ITS/From_T2__florian_sumit.t2__p32429_terminationG_0.smt2 : 1200056 ms.
--------------------------------------------------
First to ismt, cur time 0 s.
Final to yices2, cur time 0 s.
final yices2: unsat
../../QF_NIA_split/QF_NIA_2_25//20170427-VeryMax/ITS/From_T2__florian_sumit.t2__p32432_terminationG_0.smt2 : 52894 ms.
--------------------------------------------------
First to ismt, cur time 0 s.
Final to yices2, cur time 0 s.
../../QF_NIA_split/QF_NIA_2_25//20170427-VeryMax/ITS/From_T2__florian_sumit.t2__p32433_terminationG_0.smt2 : 1200046 ms.
--------------------------------------------------
First to ismt, cur time 0 s.
Final to yices2, cur time 0 s.
../../QF_NIA_split/QF_NIA_2_25//20170427-VeryMax/ITS/From_T2__florian_sumit.t2__p32434_terminationG_0.smt2 : 1200059 ms.
--------------------------------------------------
First to ismt, cur time 0 s.
Final to yices2, cur time 0 s.
final yices2: unsat
../../QF_NIA_split/QF_NIA_2_25//20170427-VeryMax/ITS/From_T2__florian_sumit.t2__p32437_terminationG_0.smt2 : 9107 ms.
--------------------------------------------------
First to ismt, cur time 0 s.
Final to yices2, cur time 0 s.
../../QF_NIA_split/QF_NIA_2_25//20170427-VeryMax/ITS/From_T2__florian_sumit.t2__p32438_terminationG_0.smt2 : 1208357 ms.
--------------------------------------------------
First to ismt, cur time 0 s.
Final to yices2, cur time 0 s.
../../QF_NIA_split/QF_NIA_2_25//20170427-VeryMax/ITS/From_T2__florian_sumit.t2__p32439_terminationG_0.smt2 : 1209853 ms.
--------------------------------------------------
First to ismt, cur time 0 s.
Final to yices2, cur time 0 s.
final yices2: sat
../../QF_NIA_split/QF_NIA_2_25//20170427-VeryMax/ITS/From_T2__florian_sumit.t2__p32441_edge_closing_0.smt2 : 16223 ms.
--------------------------------------------------
First to ismt, cur time 0 s.
Final to yices2, cur time 0 s.
final yices2: sat
../../QF_NIA_split/QF_NIA_2_25//20170427-VeryMax/ITS/From_T2__florian_sumit.t2__p32442_edge_closing_0.smt2 : 23191 ms.
--------------------------------------------------
First to ismt, cur time 0 s.
Final to yices2, cur time 0 s.
final yices2: sat
../../QF_NIA_split/QF_NIA_2_25//20170427-VeryMax/ITS/From_T2__florian_sumit.t2__p32443_edge_closing_0.smt2 : 43097 ms.
--------------------------------------------------
First to ismt, cur time 0 s.
Final to yices2, cur time 0 s.
../../QF_NIA_split/QF_NIA_2_25//20170427-VeryMax/ITS/From_T2__florian_sumit.t2__p32446_edge_closing_0.smt2 : 1200055 ms.
--------------------------------------------------
First to ismt, cur time 0 s.
Final to yices2, cur time 0 s.
final yices2: sat
../../QF_NIA_split/QF_NIA_2_25//20170427-VeryMax/ITS/From_T2__florian_sumit.t2__p32447_edge_closing_0.smt2 : 80610 ms.
--------------------------------------------------
First to ismt, cur time 0 s.
Final to yices2, cur time 0 s.
final yices2: unsat
../../QF_NIA_split/QF_NIA_2_25//20170427-VeryMax/ITS/From_T2__florian_sumit.t2__p32448_edge_closing_0.smt2 : 847 ms.
--------------------------------------------------
First to ismt, cur time 0 s.
Final to yices2, cur time 0 s.
final yices2: sat
../../QF_NIA_split/QF_NIA_2_25//20170427-VeryMax/ITS/From_T2__florian_sumit.t2__p32449_edge_closing_0.smt2 : 3259 ms.
--------------------------------------------------
First to ismt, cur time 0 s.
Final to yices2, cur time 0 s.
../../QF_NIA_split/QF_NIA_2_25//20170427-VeryMax/ITS/From_T2__florian_sumit.t2__p32450_edge_closing_0.smt2 : 1200056 ms.
--------------------------------------------------
First to ismt, cur time 0 s.
Final to yices2, cur time 0 s.
final yices2: unsat
../../QF_NIA_split/QF_NIA_2_25//20170427-VeryMax/ITS/From_T2__florian_sumit.t2__p32451_edge_closing_0.smt2 : 3673 ms.
--------------------------------------------------
First to ismt, cur time 0 s.
Final to yices2, cur time 0 s.
final yices2: sat
../../QF_NIA_split/QF_NIA_2_25//20170427-VeryMax/ITS/From_T2__florian_sumit.t2__p32452_edge_closing_0.smt2 : 82790 ms.
--------------------------------------------------
First to ismt, cur time 0 s.
Final to yices2, cur time 0 s.
../../QF_NIA_split/QF_NIA_2_25//20170427-VeryMax/ITS/From_T2__florian_sumit.t2__p32453_edge_closing_0.smt2 : 1200457 ms.
--------------------------------------------------
First to ismt, cur time 0 s.
Final to yices2, cur time 0 s.
../../QF_NIA_split/QF_NIA_2_25//20170427-VeryMax/ITS/From_T2__florian_sumit.t2__terminationQ_0_0.smt2 : 1209009 ms.
--------------------------------------------------
First to ismt, cur time 0 s.
Final to yices2, cur time 0 s.
final yices2: unsat
../../QF_NIA_split/QF_NIA_2_25//20170427-VeryMax/ITS/From_T2__florian_sumit.t2__terminationS_1_0.smt2 : 23575 ms.
--------------------------------------------------
First to ismt, cur time 0 s.
Final to yices2, cur time 0 s.
final yices2: unsat
../../QF_NIA_split/QF_NIA_2_25//20170427-VeryMax/ITS/From_T2__florian_sumit.t2__terminationS_3_0.smt2 : 9444 ms.
--------------------------------------------------
First to ismt, cur time 0 s.
Final to yices2, cur time 0 s.
../../QF_NIA_split/QF_NIA_2_25//20170427-VeryMax/ITS/From_T2__foo.t2__p32572_terminationG_0.smt2 : 1201897 ms.
--------------------------------------------------
First to ismt, cur time 0 s.
Final to yices2, cur time 0 s.
../../QF_NIA_split/QF_NIA_2_25//20170427-VeryMax/ITS/From_T2__foo.t2__p32573_terminationG_0.smt2 : 1200061 ms.
--------------------------------------------------
First to ismt, cur time 0 s.
Final to yices2, cur time 0 s.
../../QF_NIA_split/QF_NIA_2_25//20170427-VeryMax/ITS/From_T2__foo.t2__p32574_terminationG_0.smt2 : 1200050 ms.
--------------------------------------------------
First to ismt, cur time 0 s.
Final to yices2, cur time 0 s.
final yices2: unsat
../../QF_NIA_split/QF_NIA_2_25//20170427-VeryMax/ITS/From_T2__foo.t2__terminationS_0_0.smt2 : 1480 ms.
--------------------------------------------------
First to ismt, cur time 0 s.
Final to yices2, cur time 0 s.
final yices2: unsat
../../QF_NIA_split/QF_NIA_2_25//20170427-VeryMax/ITS/From_T2__foo.t2__terminationS_10_0.smt2 : 1250 ms.
--------------------------------------------------
First to ismt, cur time 0 s.
Final to yices2, cur time 0 s.
final yices2: unsat
../../QF_NIA_split/QF_NIA_2_25//20170427-VeryMax/ITS/From_T2__foo.t2__terminationS_1_0.smt2 : 1428 ms.
--------------------------------------------------
First to ismt, cur time 0 s.
Final to yices2, cur time 0 s.
final yices2: unsat
../../QF_NIA_split/QF_NIA_2_25//20170427-VeryMax/ITS/From_T2__foo.t2__terminationS_11_0.smt2 : 4715 ms.
--------------------------------------------------
First to ismt, cur time 0 s.
Final to yices2, cur time 0 s.
final yices2: unsat
../../QF_NIA_split/QF_NIA_2_25//20170427-VeryMax/ITS/From_T2__foo.t2__terminationS_12_0.smt2 : 1547 ms.
--------------------------------------------------
First to ismt, cur time 0 s.
Final to yices2, cur time 0 s.
../../QF_NIA_split/QF_NIA_2_25//20170427-VeryMax/ITS/From_T2__foo.t2__terminationS_13_0.smt2 : 1200367 ms.
--------------------------------------------------
First to ismt, cur time 0 s.
Final to yices2, cur time 0 s.
../../QF_NIA_split/QF_NIA_2_25//20170427-VeryMax/ITS/From_T2__foo.t2__terminationS_14_0.smt2 : 1207278 ms.
--------------------------------------------------
First to ismt, cur time 0 s.
Final to yices2, cur time 0 s.
../../QF_NIA_split/QF_NIA_2_25//20170427-VeryMax/ITS/From_T2__foo.t2__terminationS_15_0.smt2 : 1203532 ms.
--------------------------------------------------
First to ismt, cur time 0 s.
Final to yices2, cur time 0 s.
../../QF_NIA_split/QF_NIA_2_25//20170427-VeryMax/ITS/From_T2__foo.t2__terminationS_16_0.smt2 : 1221094 ms.
--------------------------------------------------
First to ismt, cur time 0 s.
Final to yices2, cur time 0 s.
../../QF_NIA_split/QF_NIA_2_25//20170427-VeryMax/ITS/From_T2__foo.t2__terminationS_17_0.smt2 : 1200028 ms.
--------------------------------------------------
First to ismt, cur time 0 s.
Final to yices2, cur time 0 s.
../../QF_NIA_split/QF_NIA_2_25//20170427-VeryMax/ITS/From_T2__foo.t2__terminationS_18_0.smt2 : 1200050 ms.
--------------------------------------------------
First to ismt, cur time 0 s.
Final to yices2, cur time 0 s.
../../QF_NIA_split/QF_NIA_2_25//20170427-VeryMax/ITS/From_T2__foo.t2__terminationS_19_0.smt2 : 1202247 ms.
--------------------------------------------------
First to ismt, cur time 0 s.
Final to yices2, cur time 0 s.
../../QF_NIA_split/QF_NIA_2_25//20170427-VeryMax/ITS/From_T2__foo.t2__terminationS_20_0.smt2 : 1203013 ms.
--------------------------------------------------
First to ismt, cur time 0 s.
Final to yices2, cur time 0 s.
../../QF_NIA_split/QF_NIA_2_25//20170427-VeryMax/ITS/From_T2__foo.t2__terminationS_2_0.smt2 : 1204276 ms.
--------------------------------------------------
First to ismt, cur time 0 s.
Final to yices2, cur time 0 s.
unknown
../../QF_NIA_split/QF_NIA_2_25//20170427-VeryMax/ITS/From_T2__foo.t2__terminationS_21_0.smt2 : 1229531 ms.
--------------------------------------------------
First to ismt, cur time 0 s.
Final to yices2, cur time 0 s.
../../QF_NIA_split/QF_NIA_2_25//20170427-VeryMax/ITS/From_T2__foo.t2__terminationS_22_0.smt2 : 1207066 ms.
--------------------------------------------------
First to ismt, cur time 0 s.
Final to yices2, cur time 0 s.
../../QF_NIA_split/QF_NIA_2_25//20170427-VeryMax/ITS/From_T2__foo.t2__terminationS_23_0.smt2 : 1200057 ms.
--------------------------------------------------
First to ismt, cur time 0 s.
Final to yices2, cur time 0 s.
../../QF_NIA_split/QF_NIA_2_25//20170427-VeryMax/ITS/From_T2__foo.t2__terminationS_24_0.smt2 : 1200062 ms.
--------------------------------------------------
First to ismt, cur time 0 s.
Final to yices2, cur time 0 s.
../../QF_NIA_split/QF_NIA_2_25//20170427-VeryMax/ITS/From_T2__foo.t2__terminationS_25_0.smt2 : 1200050 ms.
--------------------------------------------------
First to ismt, cur time 0 s.
Final to yices2, cur time 0 s.
../../QF_NIA_split/QF_NIA_2_25//20170427-VeryMax/ITS/From_T2__foo.t2__terminationS_26_0.smt2 : 1200058 ms.
--------------------------------------------------
First to ismt, cur time 0 s.
Final to yices2, cur time 0 s.
../../QF_NIA_split/QF_NIA_2_25//20170427-VeryMax/ITS/From_T2__foo.t2__terminationS_27_0.smt2 : 1200046 ms.
--------------------------------------------------
First to ismt, cur time 0 s.
Final to yices2, cur time 0 s.
final yices2: unsat
../../QF_NIA_split/QF_NIA_2_25//20170427-VeryMax/ITS/From_T2__foo.t2__terminationS_28_0.smt2 : 477245 ms.
--------------------------------------------------
First to ismt, cur time 0 s.
Final to yices2, cur time 0 s.
final yices2: unsat
../../QF_NIA_split/QF_NIA_2_25//20170427-VeryMax/ITS/From_T2__foo.t2__terminationS_29_0.smt2 : 473688 ms.
--------------------------------------------------
First to ismt, cur time 0 s.
Final to yices2, cur time 0 s.
final yices2: unsat
../../QF_NIA_split/QF_NIA_2_25//20170427-VeryMax/ITS/From_T2__foo.t2__terminationS_30_0.smt2 : 461795 ms.
--------------------------------------------------
First to ismt, cur time 0 s.
Final to yices2, cur time 0 s.
../../QF_NIA_split/QF_NIA_2_25//20170427-VeryMax/ITS/From_T2__foo.t2__terminationS_3_0.smt2 : 1200411 ms.
--------------------------------------------------
First to ismt, cur time 0 s.
Final to yices2, cur time 0 s.
../../QF_NIA_split/QF_NIA_2_25//20170427-VeryMax/ITS/From_T2__foo.t2__terminationS_31_0.smt2 : 1210364 ms.
--------------------------------------------------
First to ismt, cur time 0 s.
Final to yices2, cur time 0 s.
../../QF_NIA_split/QF_NIA_2_25//20170427-VeryMax/ITS/From_T2__foo.t2__terminationS_32_0.smt2 : 1207815 ms.
--------------------------------------------------
First to ismt, cur time 0 s.
Final to yices2, cur time 0 s.
../../QF_NIA_split/QF_NIA_2_25//20170427-VeryMax/ITS/From_T2__foo.t2__terminationS_4_0.smt2 : 1200252 ms.
--------------------------------------------------
First to ismt, cur time 0 s.
Final to yices2, cur time 0 s.
../../QF_NIA_split/QF_NIA_2_25//20170427-VeryMax/ITS/From_T2__foo.t2__terminationS_5_0.smt2 : 1202879 ms.
--------------------------------------------------
First to ismt, cur time 0 s.
Final to yices2, cur time 0 s.
../../QF_NIA_split/QF_NIA_2_25//20170427-VeryMax/ITS/From_T2__foo.t2__terminationS_6_0.smt2 : 1200051 ms.
--------------------------------------------------
First to ismt, cur time 0 s.
Final to yices2, cur time 0 s.
../../QF_NIA_split/QF_NIA_2_25//20170427-VeryMax/ITS/From_T2__foo.t2__terminationS_7_0.smt2 : 1200025 ms.
--------------------------------------------------
First to ismt, cur time 0 s.
Final to yices2, cur time 0 s.
final yices2: unsat
../../QF_NIA_split/QF_NIA_2_25//20170427-VeryMax/ITS/From_T2__foo.t2__terminationS_8_0.smt2 : 287940 ms.
--------------------------------------------------
First to ismt, cur time 0 s.
Final to yices2, cur time 0 s.
../../QF_NIA_split/QF_NIA_2_25//20170427-VeryMax/ITS/From_T2__foo.t2__terminationS_9_0.smt2 : 1200049 ms.
--------------------------------------------------
First to ismt, cur time 0 s.
Final to yices2, cur time 0 s.
../../QF_NIA_split/QF_NIA_2_25//20170427-VeryMax/ITS/From_T2__foo.t2__term_unfeasibility_0_0.smt2 : 1200037 ms.
--------------------------------------------------
First to ismt, cur time 0 s.
Final to yices2, cur time 0 s.
final yices2: sat
../../QF_NIA_split/QF_NIA_2_25//20170427-VeryMax/ITS/From_T2__fourn.c.i.fourn.pl.t2.fixed.t2__p32585_terminationG_0.smt2 : 306591 ms.
--------------------------------------------------
First to ismt, cur time 0 s.
Final to yices2, cur time 0 s.
../../QF_NIA_split/QF_NIA_2_25//20170427-VeryMax/ITS/From_T2__fourn.c.i.fourn.pl.t2.fixed.t2__p32586_terminationG_0.smt2 : 1200043 ms.
--------------------------------------------------
First to ismt, cur time 0 s.
Final to yices2, cur time 0 s.
../../QF_NIA_split/QF_NIA_2_25//20170427-VeryMax/ITS/From_T2__fourn.c.i.fourn.pl.t2.fixed.t2__p32587_terminationG_0.smt2 : 1200052 ms.
--------------------------------------------------
First to ismt, cur time 0 s.
Final to yices2, cur time 0 s.
../../QF_NIA_split/QF_NIA_2_25//20170427-VeryMax/ITS/From_T2__fourn.c.i.fourn.pl.t2.fixed.t2__p32590_terminationG_0.smt2 : 1200039 ms.
--------------------------------------------------
First to ismt, cur time 0 s.
Final to yices2, cur time 0 s.
../../QF_NIA_split/QF_NIA_2_25//20170427-VeryMax/ITS/From_T2__fourn.c.i.fourn.pl.t2.fixed.t2__p32591_terminationG_0.smt2 : 1200045 ms.
--------------------------------------------------
First to ismt, cur time 0 s.
Final to yices2, cur time 0 s.
../../QF_NIA_split/QF_NIA_2_25//20170427-VeryMax/ITS/From_T2__fourn.c.i.fourn.pl.t2.fixed.t2__p32592_terminationG_0.smt2 : 1200040 ms.
--------------------------------------------------
First to ismt, cur time 0 s.
Final to yices2, cur time 0 s.
final yices2: sat
../../QF_NIA_split/QF_NIA_2_25//20170427-VeryMax/ITS/From_T2__fourn.c.i.fourn.pl.t2.fixed.t2__p32595_terminationG_0.smt2 : 177293 ms.
--------------------------------------------------
First to ismt, cur time 0 s.
Final to yices2, cur time 0 s.
../../QF_NIA_split/QF_NIA_2_25//20170427-VeryMax/ITS/From_T2__fourn.c.i.fourn.pl.t2.fixed.t2__p32596_terminationG_0.smt2 : 1200058 ms.
--------------------------------------------------
First to ismt, cur time 0 s.
Final to yices2, cur time 0 s.
../../QF_NIA_split/QF_NIA_2_25//20170427-VeryMax/ITS/From_T2__fourn.c.i.fourn.pl.t2.fixed.t2__p32597_terminationG_0.smt2 : 1200061 ms.
--------------------------------------------------
First to ismt, cur time 0 s.
Final to yices2, cur time 0 s.
final yices2: sat
../../QF_NIA_split/QF_NIA_2_25//20170427-VeryMax/ITS/From_T2__fourn.c.i.fourn.pl.t2.fixed.t2__p32600_terminationG_0.smt2 : 533595 ms.
--------------------------------------------------
First to ismt, cur time 0 s.
Final to yices2, cur time 0 s.
../../QF_NIA_split/QF_NIA_2_25//20170427-VeryMax/ITS/From_T2__fourn.c.i.fourn.pl.t2.fixed.t2__p32601_terminationG_0.smt2 : 1200687 ms.
--------------------------------------------------
First to ismt, cur time 0 s.
Final to yices2, cur time 0 s.
../../QF_NIA_split/QF_NIA_2_25//20170427-VeryMax/ITS/From_T2__fourn.c.i.fourn.pl.t2.fixed.t2__p32602_terminationG_0.smt2 : 1200781 ms.
--------------------------------------------------
First to ismt, cur time 0 s.
Final to yices2, cur time 0 s.
final yices2: unsat
../../QF_NIA_split/QF_NIA_2_25//20170427-VeryMax/ITS/From_T2__fourn.c.i.fourn.pl.t2.fixed.t2__p32605_terminationG_0.smt2 : 465772 ms.
--------------------------------------------------
First to ismt, cur time 0 s.
Final to yices2, cur time 0 s.
../../QF_NIA_split/QF_NIA_2_25//20170427-VeryMax/ITS/From_T2__fourn.c.i.fourn.pl.t2.fixed.t2__p32606_terminationG_0.smt2 : 1205684 ms.
--------------------------------------------------
First to ismt, cur time 0 s.
Final to yices2, cur time 0 s.
../../QF_NIA_split/QF_NIA_2_25//20170427-VeryMax/ITS/From_T2__fourn.c.i.fourn.pl.t2.fixed.t2__p32607_terminationG_0.smt2 : 1200563 ms.
--------------------------------------------------
First to ismt, cur time 0 s.
Final to yices2, cur time 0 s.
final yices2: unsat
../../QF_NIA_split/QF_NIA_2_25//20170427-VeryMax/ITS/From_T2__fourn.c.i.fourn.pl.t2.fixed.t2__p32613_safety_0.smt2 : 322 ms.
--------------------------------------------------
First to ismt, cur time 0 s.
Final to yices2, cur time 0 s.
final yices2: sat
../../QF_NIA_split/QF_NIA_2_25//20170427-VeryMax/ITS/From_T2__fourn.c.i.fourn.pl.t2.fixed.t2__p32614_safety_0.smt2 : 1281 ms.
--------------------------------------------------
First to ismt, cur time 0 s.
Final to yices2, cur time 0 s.
final yices2: sat
../../QF_NIA_split/QF_NIA_2_25//20170427-VeryMax/ITS/From_T2__fourn.c.i.fourn.pl.t2.fixed.t2__p32615_safety_0.smt2 : 14998 ms.
--------------------------------------------------
First to ismt, cur time 0 s.
Final to yices2, cur time 0 s.
final yices2: unsat
../../QF_NIA_split/QF_NIA_2_25//20170427-VeryMax/ITS/From_T2__fourn.c.i.fourn.pl.t2.fixed.t2__p32619_safety_0.smt2 : 294 ms.
--------------------------------------------------
First to ismt, cur time 0 s.
Final to yices2, cur time 0 s.
../../QF_NIA_split/QF_NIA_2_25//20170427-VeryMax/ITS/From_T2__fourn.c.i.fourn.pl.t2.fixed.t2__p32620_safety_0.smt2 : 1200044 ms.
--------------------------------------------------
First to ismt, cur time 0 s.
Final to yices2, cur time 0 s.
../../QF_NIA_split/QF_NIA_2_25//20170427-VeryMax/ITS/From_T2__fourn.c.i.fourn.pl.t2.fixed.t2__p32621_safety_0.smt2 : 1200056 ms.
--------------------------------------------------
First to ismt, cur time 0 s.
Final to yices2, cur time 0 s.
final yices2: sat
../../QF_NIA_split/QF_NIA_2_25//20170427-VeryMax/ITS/From_T2__fourn.c.i.fourn.pl.t2.fixed.t2__p32623_edge_closing_0.smt2 : 865384 ms.
--------------------------------------------------
First to ismt, cur time 0 s.
Final to yices2, cur time 0 s.
../../QF_NIA_split/QF_NIA_2_25//20170427-VeryMax/ITS/From_T2__fourn.c.i.fourn.pl.t2.fixed.t2__p32624_edge_closing_0.smt2 : 1200058 ms.
--------------------------------------------------
First to ismt, cur time 0 s.
Final to yices2, cur time 0 s.
../../QF_NIA_split/QF_NIA_2_25//20170427-VeryMax/ITS/From_T2__fourn.c.i.fourn.pl.t2.fixed.t2__p32626_edge_closing_0.smt2 : 1215808 ms.
--------------------------------------------------
First to ismt, cur time 0 s.
Final to yices2, cur time 0 s.
../../QF_NIA_split/QF_NIA_2_25//20170427-VeryMax/ITS/From_T2__fourn.c.i.fourn.pl.t2.fixed.t2__p32628_edge_closing_0.smt2 : 1203266 ms.
--------------------------------------------------
First to ismt, cur time 0 s.
Final to yices2, cur time 0 s.
../../QF_NIA_split/QF_NIA_2_25//20170427-VeryMax/ITS/From_T2__fourn.c.i.fourn.pl.t2.fixed.t2__p32629_edge_closing_0.smt2 : 1200039 ms.
--------------------------------------------------
First to ismt, cur time 0 s.
Final to yices2, cur time 0 s.
../../QF_NIA_split/QF_NIA_2_25//20170427-VeryMax/ITS/From_T2__fourn.c.i.fourn.pl.t2.fixed.t2__p32636_edge_closing_0.smt2 : 1200037 ms.
--------------------------------------------------
First to ismt, cur time 0 s.
Final to yices2, cur time 0 s.
../../QF_NIA_split/QF_NIA_2_25//20170427-VeryMax/ITS/From_T2__fourn.c.i.fourn.pl.t2.fixed.t2__p32637_edge_closing_0.smt2 : 1208241 ms.
--------------------------------------------------
First to ismt, cur time 0 s.
Final to yices2, cur time 0 s.
../../QF_NIA_split/QF_NIA_2_25//20170427-VeryMax/ITS/From_T2__fourn.c.i.fourn.pl.t2.fixed.t2__p32638_edge_closing_0.smt2 : 1200491 ms.
--------------------------------------------------
First to ismt, cur time 0 s.
Final to yices2, cur time 0 s.
../../QF_NIA_split/QF_NIA_2_25//20170427-VeryMax/ITS/From_T2__fourn.c.i.fourn.pl.t2.fixed.t2__p32639_edge_closing_0.smt2 : 1204745 ms.
--------------------------------------------------
First to ismt, cur time 0 s.
Final to yices2, cur time 0 s.
../../QF_NIA_split/QF_NIA_2_25//20170427-VeryMax/ITS/From_T2__fourn.c.i.fourn.pl.t2.fixed.t2__p32640_edge_closing_0.smt2 : 1200108 ms.
--------------------------------------------------
First to ismt, cur time 0 s.
Final to yices2, cur time 0 s.
final yices2: unsat
../../QF_NIA_split/QF_NIA_2_25//20170427-VeryMax/ITS/From_T2__fourn.c.i.fourn.pl.t2.fixed.t2__terminationQ_0_0.smt2 : 2611 ms.
--------------------------------------------------
First to ismt, cur time 0 s.
Final to yices2, cur time 0 s.
../../QF_NIA_split/QF_NIA_2_25//20170427-VeryMax/ITS/From_T2__fourn.c.i.fourn.pl.t2.fixed.t2__term_unfeasibility_1_0.smt2 : 1200051 ms.
--------------------------------------------------
First to ismt, cur time 0 s.
Final to yices2, cur time 0 s.
../../QF_NIA_split/QF_NIA_2_25//20170427-VeryMax/ITS/From_T2__fourn.c.i.fourn.pl.t2.nor.t2.rlgfixed.t2__p32647_terminationG_0.smt2 : 1200056 ms.
--------------------------------------------------
First to ismt, cur time 0 s.
Final to yices2, cur time 0 s.
../../QF_NIA_split/QF_NIA_2_25//20170427-VeryMax/ITS/From_T2__fourn.c.i.fourn.pl.t2.nor.t2.rlgfixed.t2__p32648_terminationG_0.smt2 : 1200591 ms.
--------------------------------------------------
First to ismt, cur time 0 s.
Final to yices2, cur time 0 s.
../../QF_NIA_split/QF_NIA_2_25//20170427-VeryMax/ITS/From_T2__fourn.c.i.fourn.pl.t2.nor.t2.rlgfixed.t2__p32649_terminationG_0.smt2 : 1200401 ms.
--------------------------------------------------
First to ismt, cur time 0 s.
Final to yices2, cur time 0 s.
../../QF_NIA_split/QF_NIA_2_25//20170427-VeryMax/ITS/From_T2__fourn.c.i.fourn.pl.t2.nor.t2.rlgfixed.t2__p32652_terminationG_0.smt2 : 1200742 ms.
--------------------------------------------------
First to ismt, cur time 0 s.
Final to yices2, cur time 0 s.
../../QF_NIA_split/QF_NIA_2_25//20170427-VeryMax/ITS/From_T2__fourn.c.i.fourn.pl.t2.nor.t2.rlgfixed.t2__p32653_terminationG_0.smt2 : 1200219 ms.
--------------------------------------------------
First to ismt, cur time 0 s.
Final to yices2, cur time 0 s.
../../QF_NIA_split/QF_NIA_2_25//20170427-VeryMax/ITS/From_T2__fourn.c.i.fourn.pl.t2.nor.t2.rlgfixed.t2__p32654_terminationG_0.smt2 : 1212542 ms.
--------------------------------------------------
First to ismt, cur time 0 s.
Final to yices2, cur time 0 s.
final yices2: sat
../../QF_NIA_split/QF_NIA_2_25//20170427-VeryMax/ITS/From_T2__fourn.c.i.fourn.pl.t2.nor.t2.rlgfixed.t2__p32659_terminationG_0.smt2 : 448500 ms.
--------------------------------------------------
First to ismt, cur time 0 s.
Final to yices2, cur time 0 s.
../../QF_NIA_split/QF_NIA_2_25//20170427-VeryMax/ITS/From_T2__fourn.c.i.fourn.pl.t2.nor.t2.rlgfixed.t2__p32660_terminationG_0.smt2 : 1200047 ms.
--------------------------------------------------
First to ismt, cur time 0 s.
Final to yices2, cur time 0 s.
../../QF_NIA_split/QF_NIA_2_25//20170427-VeryMax/ITS/From_T2__fourn.c.i.fourn.pl.t2.nor.t2.rlgfixed.t2__p32661_terminationG_0.smt2 : 1200055 ms.
--------------------------------------------------
First to ismt, cur time 0 s.
Final to yices2, cur time 0 s.
../../QF_NIA_split/QF_NIA_2_25//20170427-VeryMax/ITS/From_T2__fourn.c.i.fourn.pl.t2.nor.t2.rlgfixed.t2__p32664_terminationG_0.smt2 : 1200054 ms.
--------------------------------------------------
First to ismt, cur time 0 s.
Final to yices2, cur time 0 s.
../../QF_NIA_split/QF_NIA_2_25//20170427-VeryMax/ITS/From_T2__fourn.c.i.fourn.pl.t2.nor.t2.rlgfixed.t2__p32665_terminationG_0.smt2 : 1200051 ms.
--------------------------------------------------
First to ismt, cur time 0 s.
Final to yices2, cur time 0 s.
../../QF_NIA_split/QF_NIA_2_25//20170427-VeryMax/ITS/From_T2__fourn.c.i.fourn.pl.t2.nor.t2.rlgfixed.t2__p32666_terminationG_0.smt2 : 1200031 ms.
--------------------------------------------------
First to ismt, cur time 0 s.
Final to yices2, cur time 0 s.
../../QF_NIA_split/QF_NIA_2_25//20170427-VeryMax/ITS/From_T2__fourn.c.i.fourn.pl.t2.nor.t2.rlgfixed.t2__p32669_terminationG_0.smt2 : 1200022 ms.
--------------------------------------------------
First to ismt, cur time 0 s.
Final to yices2, cur time 0 s.
../../QF_NIA_split/QF_NIA_2_25//20170427-VeryMax/ITS/From_T2__fourn.c.i.fourn.pl.t2.nor.t2.rlgfixed.t2__p32670_terminationG_0.smt2 : 1200059 ms.
--------------------------------------------------
First to ismt, cur time 0 s.
Final to yices2, cur time 0 s.
../../QF_NIA_split/QF_NIA_2_25//20170427-VeryMax/ITS/From_T2__fourn.c.i.fourn.pl.t2.nor.t2.rlgfixed.t2__p32671_terminationG_0.smt2 : 1200064 ms.
--------------------------------------------------
First to ismt, cur time 0 s.
Final to yices2, cur time 0 s.
final yices2: unsat
../../QF_NIA_split/QF_NIA_2_25//20170427-VeryMax/ITS/From_T2__fourn.c.i.fourn.pl.t2.nor.t2.rlgfixed.t2__p32677_safety_0.smt2 : 263 ms.
--------------------------------------------------
First to ismt, cur time 0 s.
Final to yices2, cur time 0 s.
final yices2: unsat
../../QF_NIA_split/QF_NIA_2_25//20170427-VeryMax/ITS/From_T2__fourn.c.i.fourn.pl.t2.nor.t2.rlgfixed.t2__p32683_safety_0.smt2 : 271 ms.
--------------------------------------------------
First to ismt, cur time 0 s.
Final to yices2, cur time 0 s.
../../QF_NIA_split/QF_NIA_2_25//20170427-VeryMax/ITS/From_T2__fourn.c.i.fourn.pl.t2.nor.t2.rlgfixed.t2__p32684_safety_0.smt2 : 1200042 ms.
--------------------------------------------------
First to ismt, cur time 0 s.
Final to yices2, cur time 0 s.
../../QF_NIA_split/QF_NIA_2_25//20170427-VeryMax/ITS/From_T2__fourn.c.i.fourn.pl.t2.nor.t2.rlgfixed.t2__p32685_safety_0.smt2 : 1200073 ms.
--------------------------------------------------
First to ismt, cur time 0 s.
Final to yices2, cur time 0 s.
final yices2: sat
../../QF_NIA_split/QF_NIA_2_25//20170427-VeryMax/ITS/From_T2__fourn.c.i.fourn.pl.t2.nor.t2.rlgfixed.t2__p32687_edge_closing_0.smt2 : 11172 ms.
--------------------------------------------------
First to ismt, cur time 0 s.
Final to yices2, cur time 0 s.
../../QF_NIA_split/QF_NIA_2_25//20170427-VeryMax/ITS/From_T2__fourn.c.i.fourn.pl.t2.nor.t2.rlgfixed.t2__p32689_edge_closing_0.smt2 : 1201691 ms.
--------------------------------------------------
First to ismt, cur time 0 s.
Final to yices2, cur time 0 s.
../../QF_NIA_split/QF_NIA_2_25//20170427-VeryMax/ITS/From_T2__fourn.c.i.fourn.pl.t2.nor.t2.rlgfixed.t2__p32691_edge_closing_0.smt2 : 1201795 ms.
--------------------------------------------------
First to ismt, cur time 0 s.
Final to yices2, cur time 0 s.
final yices2: sat
../../QF_NIA_split/QF_NIA_2_25//20170427-VeryMax/ITS/From_T2__fourn.c.i.fourn.pl.t2.nor.t2.rlgfixed.t2__p32697_edge_closing_0.smt2 : 9031 ms.
--------------------------------------------------
First to ismt, cur time 0 s.
Final to yices2, cur time 0 s.
../../QF_NIA_split/QF_NIA_2_25//20170427-VeryMax/ITS/From_T2__fourn.c.i.fourn.pl.t2.nor.t2.rlgfixed.t2__p32698_edge_closing_0.smt2 : 1200062 ms.
--------------------------------------------------
First to ismt, cur time 0 s.
Final to yices2, cur time 0 s.
../../QF_NIA_split/QF_NIA_2_25//20170427-VeryMax/ITS/From_T2__fourn.c.i.fourn.pl.t2.nor.t2.rlgfixed.t2__p32699_edge_closing_0.smt2 : 1200116 ms.
--------------------------------------------------
First to ismt, cur time 0 s.
Final to yices2, cur time 0 s.
final yices2: sat
../../QF_NIA_split/QF_NIA_2_25//20170427-VeryMax/ITS/From_T2__fourn.c.i.fourn.pl.t2.nor.t2.rlgfixed.t2__terminationQ_0_0.smt2 : 2018 ms.
--------------------------------------------------
First to ismt, cur time 0 s.
Final to yices2, cur time 0 s.
final yices2: unsat
../../QF_NIA_split/QF_NIA_2_25//20170427-VeryMax/ITS/From_T2__fourn.c.i.fourn.pl.t2.nor.t2.rlgfixed.t2__terminationQ_1_0.smt2 : 1276 ms.
--------------------------------------------------
First to ismt, cur time 0 s.
Final to yices2, cur time 0 s.
../../QF_NIA_split/QF_NIA_2_25//20170427-VeryMax/ITS/From_T2__fourn.c.i.fourn.pl.t2.nor.t2.rlgfixed.t2__term_unfeasibility_1_0.smt2 : 1200044 ms.
--------------------------------------------------
First to ismt, cur time 0 s.
Final to yices2, cur time 0 s.
../../QF_NIA_split/QF_NIA_2_25//20170427-VeryMax/ITS/From_T2__fourn.t2__p32706_terminationG_0.smt2 : 1200045 ms.
--------------------------------------------------
First to ismt, cur time 0 s.
Final to yices2, cur time 0 s.
../../QF_NIA_split/QF_NIA_2_25//20170427-VeryMax/ITS/From_T2__fourn.t2__p32707_terminationG_0.smt2 : 1200054 ms.
--------------------------------------------------
First to ismt, cur time 0 s.
Final to yices2, cur time 0 s.
../../QF_NIA_split/QF_NIA_2_25//20170427-VeryMax/ITS/From_T2__fourn.t2__p32708_terminationG_0.smt2 : 1200025 ms.
--------------------------------------------------
First to ismt, cur time 0 s.
Final to yices2, cur time 0 s.
../../QF_NIA_split/QF_NIA_2_25//20170427-VeryMax/ITS/From_T2__fourn.t2__p32711_terminationG_0.smt2 : 1200042 ms.
--------------------------------------------------
First to ismt, cur time 0 s.
Final to yices2, cur time 0 s.
../../QF_NIA_split/QF_NIA_2_25//20170427-VeryMax/ITS/From_T2__fourn.t2__p32712_terminationG_0.smt2 : 1200047 ms.
--------------------------------------------------
First to ismt, cur time 0 s.
Final to yices2, cur time 0 s.
../../QF_NIA_split/QF_NIA_2_25//20170427-VeryMax/ITS/From_T2__fourn.t2__p32713_terminationG_0.smt2 : 1200061 ms.
--------------------------------------------------
First to ismt, cur time 0 s.
Final to yices2, cur time 0 s.
final yices2: sat
../../QF_NIA_split/QF_NIA_2_25//20170427-VeryMax/ITS/From_T2__fourn.t2__p32731_safety_0.smt2 : 6416 ms.
--------------------------------------------------
First to ismt, cur time 0 s.
Final to yices2, cur time 0 s.
../../QF_NIA_split/QF_NIA_2_25//20170427-VeryMax/ITS/From_T2__fourn.t2__p32734_edge_closing_0.smt2 : 1200042 ms.
--------------------------------------------------
First to ismt, cur time 0 s.
Final to yices2, cur time 0 s.
final yices2: sat
../../QF_NIA_split/QF_NIA_2_25//20170427-VeryMax/ITS/From_T2__fourn.t2__p32735_edge_closing_0.smt2 : 6257 ms.
--------------------------------------------------
First to ismt, cur time 0 s.
Final to yices2, cur time 0 s.
../../QF_NIA_split/QF_NIA_2_25//20170427-VeryMax/ITS/From_T2__fourn.t2__p32736_edge_closing_0.smt2 : 1200042 ms.
--------------------------------------------------
First to ismt, cur time 0 s.
Final to yices2, cur time 0 s.
../../QF_NIA_split/QF_NIA_2_25//20170427-VeryMax/ITS/From_T2__fourn.t2__p32737_edge_closing_0.smt2 : 1200028 ms.
--------------------------------------------------
First to ismt, cur time 0 s.
Final to yices2, cur time 0 s.
../../QF_NIA_split/QF_NIA_2_25//20170427-VeryMax/ITS/From_T2__fourn.t2__p32738_edge_closing_0.smt2 : 1200047 ms.
--------------------------------------------------
First to ismt, cur time 0 s.
Final to yices2, cur time 0 s.
../../QF_NIA_split/QF_NIA_2_25//20170427-VeryMax/ITS/From_T2__fourn.t2__p32739_edge_closing_0.smt2 : 1200041 ms.
--------------------------------------------------
First to ismt, cur time 0 s.
Final to yices2, cur time 0 s.
../../QF_NIA_split/QF_NIA_2_25//20170427-VeryMax/ITS/From_T2__fourn.t2__term_unfeasibility_1_0.smt2 : 1200032 ms.
--------------------------------------------------
First to ismt, cur time 0 s.
Final to yices2, cur time 0 s.
final yices2: sat
../../QF_NIA_split/QF_NIA_2_25//20170427-VeryMax/ITS/From_T2__fun1b.t2_fixed__p494_terminationG_0.smt2 : 84795 ms.
--------------------------------------------------
First to ismt, cur time 0 s.
Final to yices2, cur time 0 s.
final yices2: sat
../../QF_NIA_split/QF_NIA_2_25//20170427-VeryMax/ITS/From_T2__fun1b.t2_fixed__p495_terminationG_0.smt2 : 15979 ms.
--------------------------------------------------
First to ismt, cur time 0 s.
Final to yices2, cur time 0 s.
../../QF_NIA_split/QF_NIA_2_25//20170427-VeryMax/ITS/From_T2__fun1b.t2_fixed__p496_terminationG_0.smt2 : 1203866 ms.
--------------------------------------------------
First to ismt, cur time 0 s.
Final to yices2, cur time 0 s.
final yices2: sat
../../QF_NIA_split/QF_NIA_2_25//20170427-VeryMax/ITS/From_T2__fun1b.t2_fixed__p502_terminationG_0.smt2 : 33474 ms.
--------------------------------------------------
First to ismt, cur time 0 s.
Final to yices2, cur time 0 s.
../../QF_NIA_split/QF_NIA_2_25//20170427-VeryMax/ITS/From_T2__fun1b.t2_fixed__p503_terminationG_0.smt2 : 1200800 ms.
--------------------------------------------------
First to ismt, cur time 0 s.
Final to yices2, cur time 0 s.
../../QF_NIA_split/QF_NIA_2_25//20170427-VeryMax/ITS/From_T2__fun1b.t2_fixed__p504_terminationG_0.smt2 : 1200286 ms.
--------------------------------------------------
First to ismt, cur time 0 s.
Final to yices2, cur time 0 s.
final yices2: sat
../../QF_NIA_split/QF_NIA_2_25//20170427-VeryMax/ITS/From_T2__fun1b.t2_fixed__p510_terminationG_0.smt2 : 183758 ms.
--------------------------------------------------
First to ismt, cur time 0 s.
Final to yices2, cur time 0 s.
../../QF_NIA_split/QF_NIA_2_25//20170427-VeryMax/ITS/From_T2__fun1b.t2_fixed__p511_terminationG_0.smt2 : 1200034 ms.
--------------------------------------------------
First to ismt, cur time 0 s.
Final to yices2, cur time 0 s.
../../QF_NIA_split/QF_NIA_2_25//20170427-VeryMax/ITS/From_T2__fun1b.t2_fixed__p512_terminationG_0.smt2 : 1200043 ms.
--------------------------------------------------
First to ismt, cur time 0 s.
Final to yices2, cur time 0 s.
../../QF_NIA_split/QF_NIA_2_25//20170427-VeryMax/ITS/From_T2__fun1b.t2_fixed__p518_terminationG_0.smt2 : 1200044 ms.
--------------------------------------------------
First to ismt, cur time 0 s.
Final to yices2, cur time 0 s.
../../QF_NIA_split/QF_NIA_2_25//20170427-VeryMax/ITS/From_T2__fun1b.t2_fixed__p519_terminationG_0.smt2 : 1200045 ms.
--------------------------------------------------
First to ismt, cur time 0 s.
Final to yices2, cur time 0 s.
../../QF_NIA_split/QF_NIA_2_25//20170427-VeryMax/ITS/From_T2__fun1b.t2_fixed__p520_terminationG_0.smt2 : 1207217 ms.
--------------------------------------------------
First to ismt, cur time 0 s.
Final to yices2, cur time 0 s.
../../QF_NIA_split/QF_NIA_2_25//20170427-VeryMax/ITS/From_T2__fun1b.t2_fixed__p526_terminationG_0.smt2 : 1200019 ms.
--------------------------------------------------
First to ismt, cur time 0 s.
Final to yices2, cur time 0 s.
../../QF_NIA_split/QF_NIA_2_25//20170427-VeryMax/ITS/From_T2__fun1b.t2_fixed__p527_terminationG_0.smt2 : 1200032 ms.
--------------------------------------------------
First to ismt, cur time 0 s.
Final to yices2, cur time 0 s.
../../QF_NIA_split/QF_NIA_2_25//20170427-VeryMax/ITS/From_T2__fun1b.t2_fixed__p528_terminationG_0.smt2 : 1204944 ms.
--------------------------------------------------
First to ismt, cur time 0 s.
Final to yices2, cur time 0 s.
../../QF_NIA_split/QF_NIA_2_25//20170427-VeryMax/ITS/From_T2__fun1b.t2_fixed__p534_terminationG_0.smt2 : 1200224 ms.
--------------------------------------------------
First to ismt, cur time 0 s.
Final to yices2, cur time 0 s.
../../QF_NIA_split/QF_NIA_2_25//20170427-VeryMax/ITS/From_T2__fun1b.t2_fixed__p535_terminationG_0.smt2 : 1200066 ms.
--------------------------------------------------
First to ismt, cur time 0 s.
Final to yices2, cur time 0 s.
../../QF_NIA_split/QF_NIA_2_25//20170427-VeryMax/ITS/From_T2__fun1b.t2_fixed__p536_terminationG_0.smt2 : 1200027 ms.
--------------------------------------------------
First to ismt, cur time 0 s.
Final to yices2, cur time 0 s.
../../QF_NIA_split/QF_NIA_2_25//20170427-VeryMax/ITS/From_T2__fun1b.t2_fixed__p542_terminationG_0.smt2 : 1200036 ms.
--------------------------------------------------
First to ismt, cur time 0 s.
Final to yices2, cur time 0 s.
../../QF_NIA_split/QF_NIA_2_25//20170427-VeryMax/ITS/From_T2__fun1b.t2_fixed__p543_terminationG_0.smt2 : 1200056 ms.
--------------------------------------------------
First to ismt, cur time 0 s.
Final to yices2, cur time 0 s.
../../QF_NIA_split/QF_NIA_2_25//20170427-VeryMax/ITS/From_T2__fun1b.t2_fixed__p544_terminationG_0.smt2 : 1200687 ms.
--------------------------------------------------
First to ismt, cur time 0 s.
Final to yices2, cur time 0 s.
../../QF_NIA_split/QF_NIA_2_25//20170427-VeryMax/ITS/From_T2__fun1b.t2_fixed__p550_terminationG_0.smt2 : 1200040 ms.
--------------------------------------------------
First to ismt, cur time 0 s.
Final to yices2, cur time 0 s.
../../QF_NIA_split/QF_NIA_2_25//20170427-VeryMax/ITS/From_T2__fun1b.t2_fixed__p551_terminationG_0.smt2 : 1200331 ms.
--------------------------------------------------
First to ismt, cur time 0 s.
Final to yices2, cur time 0 s.
../../QF_NIA_split/QF_NIA_2_25//20170427-VeryMax/ITS/From_T2__fun1b.t2_fixed__p553_terminationG_0.smt2 : 1201149 ms.
--------------------------------------------------
First to ismt, cur time 0 s.
Final to yices2, cur time 0 s.
../../QF_NIA_split/QF_NIA_2_25//20170427-VeryMax/ITS/From_T2__fun1b.t2_fixed__p561_terminationG_0.smt2 : 1203358 ms.
--------------------------------------------------
First to ismt, cur time 0 s.
Final to yices2, cur time 0 s.
../../QF_NIA_split/QF_NIA_2_25//20170427-VeryMax/ITS/From_T2__fun1b.t2_fixed__p562_terminationG_0.smt2 : 1202100 ms.
--------------------------------------------------
First to ismt, cur time 0 s.
Final to yices2, cur time 0 s.
final yices2: sat
../../QF_NIA_split/QF_NIA_2_25//20170427-VeryMax/ITS/From_T2__fun1b.t2_fixed__p563_terminationG_0.smt2 : 55854 ms.
--------------------------------------------------
First to ismt, cur time 0 s.
Final to yices2, cur time 0 s.
../../QF_NIA_split/QF_NIA_2_25//20170427-VeryMax/ITS/From_T2__fun1b.t2_fixed__p569_terminationG_0.smt2 : 1200059 ms.
--------------------------------------------------
First to ismt, cur time 0 s.
Final to yices2, cur time 0 s.
../../QF_NIA_split/QF_NIA_2_25//20170427-VeryMax/ITS/From_T2__fun1b.t2_fixed__p570_terminationG_0.smt2 : 1200044 ms.
--------------------------------------------------
First to ismt, cur time 0 s.
Final to yices2, cur time 0 s.
../../QF_NIA_split/QF_NIA_2_25//20170427-VeryMax/ITS/From_T2__fun1b.t2_fixed__p571_terminationG_0.smt2 : 1200236 ms.
--------------------------------------------------
First to ismt, cur time 0 s.
Final to yices2, cur time 0 s.
../../QF_NIA_split/QF_NIA_2_25//20170427-VeryMax/ITS/From_T2__fun1b.t2_fixed__p577_terminationG_0.smt2 : 1200207 ms.
--------------------------------------------------
First to ismt, cur time 0 s.
Final to yices2, cur time 0 s.
../../QF_NIA_split/QF_NIA_2_25//20170427-VeryMax/ITS/From_T2__fun1b.t2_fixed__p578_terminationG_0.smt2 : 1200067 ms.
--------------------------------------------------
First to ismt, cur time 0 s.
Final to yices2, cur time 0 s.
../../QF_NIA_split/QF_NIA_2_25//20170427-VeryMax/ITS/From_T2__fun1b.t2_fixed__p579_terminationG_0.smt2 : 1200055 ms.
--------------------------------------------------
First to ismt, cur time 0 s.
Final to yices2, cur time 0 s.
../../QF_NIA_split/QF_NIA_2_25//20170427-VeryMax/ITS/From_T2__fun1b.t2_fixed__terminationQ_0_0.smt2 : 1200045 ms.
--------------------------------------------------
First to ismt, cur time 0 s.
Final to yices2, cur time 0 s.
final yices2: unsat
../../QF_NIA_split/QF_NIA_2_25//20170427-VeryMax/ITS/From_T2__fun1b.t2_fixed__term_unfeasibility_0_0.smt2 : 37120 ms.
--------------------------------------------------
First to ismt, cur time 0 s.
Final to yices2, cur time 0 s.
final yices2: sat
../../QF_NIA_split/QF_NIA_2_25//20170427-VeryMax/ITS/From_T2__fun1b.t2__p588_terminationG_0.smt2 : 757215 ms.
--------------------------------------------------
First to ismt, cur time 0 s.
Final to yices2, cur time 0 s.
../../QF_NIA_split/QF_NIA_2_25//20170427-VeryMax/ITS/From_T2__fun1b.t2__p589_terminationG_0.smt2 : 1200134 ms.
--------------------------------------------------
First to ismt, cur time 0 s.
Final to yices2, cur time 0 s.
../../QF_NIA_split/QF_NIA_2_25//20170427-VeryMax/ITS/From_T2__fun1b.t2__p590_terminationG_0.smt2 : 1200055 ms.
--------------------------------------------------
First to ismt, cur time 0 s.
Final to yices2, cur time 0 s.
final yices2: sat
../../QF_NIA_split/QF_NIA_2_25//20170427-VeryMax/ITS/From_T2__fun1b.t2__p596_terminationG_0.smt2 : 436709 ms.
--------------------------------------------------
First to ismt, cur time 0 s.
Final to yices2, cur time 0 s.
../../QF_NIA_split/QF_NIA_2_25//20170427-VeryMax/ITS/From_T2__fun1b.t2__p597_terminationG_0.smt2 : 1200060 ms.
--------------------------------------------------
First to ismt, cur time 0 s.
Final to yices2, cur time 0 s.
../../QF_NIA_split/QF_NIA_2_25//20170427-VeryMax/ITS/From_T2__fun1b.t2__p598_terminationG_0.smt2 : 1200050 ms.
--------------------------------------------------
First to ismt, cur time 0 s.
Final to yices2, cur time 0 s.
final yices2: sat
../../QF_NIA_split/QF_NIA_2_25//20170427-VeryMax/ITS/From_T2__fun1b.t2__p601_terminationG_0.smt2 : 641296 ms.
--------------------------------------------------
First to ismt, cur time 0 s.
Final to yices2, cur time 0 s.
../../QF_NIA_split/QF_NIA_2_25//20170427-VeryMax/ITS/From_T2__fun1b.t2__p602_terminationG_0.smt2 : 1200035 ms.
--------------------------------------------------
First to ismt, cur time 0 s.
Final to yices2, cur time 0 s.
../../QF_NIA_split/QF_NIA_2_25//20170427-VeryMax/ITS/From_T2__fun1b.t2__p603_terminationG_0.smt2 : 1200049 ms.
--------------------------------------------------
First to ismt, cur time 0 s.
Final to yices2, cur time 0 s.
final yices2: sat
../../QF_NIA_split/QF_NIA_2_25//20170427-VeryMax/ITS/From_T2__fun1b.t2__p610_terminationG_0.smt2 : 270577 ms.
--------------------------------------------------
First to ismt, cur time 0 s.
Final to yices2, cur time 0 s.
../../QF_NIA_split/QF_NIA_2_25//20170427-VeryMax/ITS/From_T2__fun1b.t2__p611_terminationG_0.smt2 : 1200046 ms.
--------------------------------------------------
First to ismt, cur time 0 s.
Final to yices2, cur time 0 s.
../../QF_NIA_split/QF_NIA_2_25//20170427-VeryMax/ITS/From_T2__fun1b.t2__p612_terminationG_0.smt2 : 1200056 ms.
--------------------------------------------------
First to ismt, cur time 0 s.
Final to yices2, cur time 0 s.
final yices2: sat
../../QF_NIA_split/QF_NIA_2_25//20170427-VeryMax/ITS/From_T2__fun1b.t2__p615_terminationG_0.smt2 : 1170928 ms.
--------------------------------------------------
First to ismt, cur time 0 s.
Final to yices2, cur time 0 s.
../../QF_NIA_split/QF_NIA_2_25//20170427-VeryMax/ITS/From_T2__fun1b.t2__p616_terminationG_0.smt2 : 1200051 ms.
--------------------------------------------------
First to ismt, cur time 0 s.
Final to yices2, cur time 0 s.
../../QF_NIA_split/QF_NIA_2_25//20170427-VeryMax/ITS/From_T2__fun1b.t2__p617_terminationG_0.smt2 : 1200586 ms.
--------------------------------------------------
First to ismt, cur time 0 s.
Final to yices2, cur time 0 s.
final yices2: sat
../../QF_NIA_split/QF_NIA_2_25//20170427-VeryMax/ITS/From_T2__fun1b.t2__p624_terminationG_0.smt2 : 210608 ms.
--------------------------------------------------
First to ismt, cur time 0 s.
Final to yices2, cur time 0 s.
../../QF_NIA_split/QF_NIA_2_25//20170427-VeryMax/ITS/From_T2__fun1b.t2__p625_terminationG_0.smt2 : 1200203 ms.
--------------------------------------------------
First to ismt, cur time 0 s.
Final to yices2, cur time 0 s.
../../QF_NIA_split/QF_NIA_2_25//20170427-VeryMax/ITS/From_T2__fun1b.t2__p626_terminationG_0.smt2 : 1206646 ms.
--------------------------------------------------
First to ismt, cur time 0 s.
Final to yices2, cur time 0 s.
final yices2: sat
../../QF_NIA_split/QF_NIA_2_25//20170427-VeryMax/ITS/From_T2__fun1b.t2__p629_terminationG_0.smt2 : 1173399 ms.
--------------------------------------------------
First to ismt, cur time 0 s.
Final to yices2, cur time 0 s.
../../QF_NIA_split/QF_NIA_2_25//20170427-VeryMax/ITS/From_T2__fun1b.t2__p630_terminationG_0.smt2 : 1200049 ms.
--------------------------------------------------
First to ismt, cur time 0 s.
Final to yices2, cur time 0 s.
../../QF_NIA_split/QF_NIA_2_25//20170427-VeryMax/ITS/From_T2__fun1b.t2__p631_terminationG_0.smt2 : 1209420 ms.
--------------------------------------------------
First to ismt, cur time 0 s.
Final to yices2, cur time 0 s.
../../QF_NIA_split/QF_NIA_2_25//20170427-VeryMax/ITS/From_T2__fun1b.t2__p637_terminationG_0.smt2 : 1209585 ms.
--------------------------------------------------
First to ismt, cur time 0 s.
Final to yices2, cur time 0 s.
../../QF_NIA_split/QF_NIA_2_25//20170427-VeryMax/ITS/From_T2__fun1b.t2__p638_terminationG_0.smt2 : 1250791 ms.
--------------------------------------------------
First to ismt, cur time 0 s.
Final to yices2, cur time 0 s.
../../QF_NIA_split/QF_NIA_2_25//20170427-VeryMax/ITS/From_T2__fun1b.t2__p639_terminationG_0.smt2 : 1200197 ms.
--------------------------------------------------
First to ismt, cur time 0 s.
Final to yices2, cur time 0 s.
../../QF_NIA_split/QF_NIA_2_25//20170427-VeryMax/ITS/From_T2__fun1b.t2__p643_terminationG_0.smt2 : 1216097 ms.
--------------------------------------------------
First to ismt, cur time 0 s.
Final to yices2, cur time 0 s.
../../QF_NIA_split/QF_NIA_2_25//20170427-VeryMax/ITS/From_T2__fun1b.t2__p644_terminationG_0.smt2 : 1200064 ms.
--------------------------------------------------
First to ismt, cur time 0 s.
Final to yices2, cur time 0 s.
../../QF_NIA_split/QF_NIA_2_25//20170427-VeryMax/ITS/From_T2__fun1b.t2__p645_terminationG_0.smt2 : 1200065 ms.
--------------------------------------------------
First to ismt, cur time 0 s.
Final to yices2, cur time 0 s.
../../QF_NIA_split/QF_NIA_2_25//20170427-VeryMax/ITS/From_T2__fun1b.t2__p653_terminationG_0.smt2 : 1201021 ms.
--------------------------------------------------
First to ismt, cur time 0 s.
Final to yices2, cur time 0 s.
../../QF_NIA_split/QF_NIA_2_25//20170427-VeryMax/ITS/From_T2__fun1b.t2__p654_terminationG_0.smt2 : 1201168 ms.
--------------------------------------------------
First to ismt, cur time 0 s.
Final to yices2, cur time 0 s.
../../QF_NIA_split/QF_NIA_2_25//20170427-VeryMax/ITS/From_T2__fun1b.t2__p655_terminationG_0.smt2 : 1200108 ms.
--------------------------------------------------
First to ismt, cur time 0 s.
Final to yices2, cur time 0 s.
final yices2: sat
../../QF_NIA_split/QF_NIA_2_25//20170427-VeryMax/ITS/From_T2__fun1b.t2__p658_terminationG_0.smt2 : 179934 ms.
--------------------------------------------------
First to ismt, cur time 0 s.
Final to yices2, cur time 0 s.
../../QF_NIA_split/QF_NIA_2_25//20170427-VeryMax/ITS/From_T2__fun1b.t2__p659_terminationG_0.smt2 : 1210272 ms.
--------------------------------------------------
First to ismt, cur time 0 s.
Final to yices2, cur time 0 s.
