--------------------------------------------------
unknown
../QF_NIA_split/QF_NIA_2_23//20170427-VeryMax/ITS/From_T2__ex36.t2_fixed__p22541_terminationG_0.smt2 : 601006 ms.
--------------------------------------------------
../QF_NIA_split/QF_NIA_2_23//20170427-VeryMax/ITS/From_T2__ex36.t2_fixed__p22542_terminationG_0.smt2 : 601007 ms.
--------------------------------------------------
../QF_NIA_split/QF_NIA_2_23//20170427-VeryMax/ITS/From_T2__ex36.t2_fixed__p22543_terminationG_0.smt2 : 601006 ms.
--------------------------------------------------
unknown
../QF_NIA_split/QF_NIA_2_23//20170427-VeryMax/ITS/From_T2__ex36.t2_fixed__p22547_terminationG_0.smt2 : 600601 ms.
--------------------------------------------------
../QF_NIA_split/QF_NIA_2_23//20170427-VeryMax/ITS/From_T2__ex36.t2_fixed__p22548_terminationG_0.smt2 : 601006 ms.
--------------------------------------------------
../QF_NIA_split/QF_NIA_2_23//20170427-VeryMax/ITS/From_T2__ex36.t2_fixed__p22549_terminationG_0.smt2 : 601006 ms.
--------------------------------------------------
sat
../QF_NIA_split/QF_NIA_2_23//20170427-VeryMax/ITS/From_T2__ex36.t2_fixed__p22589_safety_0.smt2 : 221 ms.
--------------------------------------------------
sat
../QF_NIA_split/QF_NIA_2_23//20170427-VeryMax/ITS/From_T2__ex36.t2_fixed__p22598_safety_0.smt2 : 58 ms.
--------------------------------------------------
sat
../QF_NIA_split/QF_NIA_2_23//20170427-VeryMax/ITS/From_T2__ex36.t2_fixed__p22599_safety_0.smt2 : 310 ms.
--------------------------------------------------
sat
../QF_NIA_split/QF_NIA_2_23//20170427-VeryMax/ITS/From_T2__ex36.t2_fixed__p22604_safety_0.smt2 : 57 ms.
--------------------------------------------------
sat
../QF_NIA_split/QF_NIA_2_23//20170427-VeryMax/ITS/From_T2__ex36.t2_fixed__p22605_safety_0.smt2 : 313 ms.
--------------------------------------------------
sat
../QF_NIA_split/QF_NIA_2_23//20170427-VeryMax/ITS/From_T2__ex36.t2_fixed__p22607_safety_0.smt2 : 845 ms.
--------------------------------------------------
sat
../QF_NIA_split/QF_NIA_2_23//20170427-VeryMax/ITS/From_T2__ex36.t2_fixed__p22608_safety_0.smt2 : 64 ms.
--------------------------------------------------
sat
../QF_NIA_split/QF_NIA_2_23//20170427-VeryMax/ITS/From_T2__ex36.t2_fixed__p22611_safety_0.smt2 : 364 ms.
--------------------------------------------------
sat
../QF_NIA_split/QF_NIA_2_23//20170427-VeryMax/ITS/From_T2__ex36.t2_fixed__p22625_safety_0.smt2 : 73 ms.
--------------------------------------------------
sat
../QF_NIA_split/QF_NIA_2_23//20170427-VeryMax/ITS/From_T2__ex36.t2_fixed__p22632_safety_0.smt2 : 74 ms.
--------------------------------------------------
sat
../QF_NIA_split/QF_NIA_2_23//20170427-VeryMax/ITS/From_T2__ex36.t2_fixed__p22633_safety_0.smt2 : 1741 ms.
--------------------------------------------------
sat
../QF_NIA_split/QF_NIA_2_23//20170427-VeryMax/ITS/From_T2__ex36.t2_fixed__p22649_safety_0.smt2 : 118 ms.
--------------------------------------------------
sat
../QF_NIA_split/QF_NIA_2_23//20170427-VeryMax/ITS/From_T2__ex36.t2_fixed__p22658_safety_0.smt2 : 86 ms.
--------------------------------------------------
sat
../QF_NIA_split/QF_NIA_2_23//20170427-VeryMax/ITS/From_T2__ex36.t2_fixed__p22659_safety_0.smt2 : 69 ms.
--------------------------------------------------
sat
../QF_NIA_split/QF_NIA_2_23//20170427-VeryMax/ITS/From_T2__ex36.t2_fixed__p22696_safety_0.smt2 : 8905 ms.
--------------------------------------------------
sat
../QF_NIA_split/QF_NIA_2_23//20170427-VeryMax/ITS/From_T2__ex36.t2_fixed__p22714_safety_0.smt2 : 54 ms.
--------------------------------------------------
sat
../QF_NIA_split/QF_NIA_2_23//20170427-VeryMax/ITS/From_T2__ex36.t2_fixed__p22715_safety_0.smt2 : 417 ms.
--------------------------------------------------
sat
../QF_NIA_split/QF_NIA_2_23//20170427-VeryMax/ITS/From_T2__ex36.t2_fixed__p22718_safety_0.smt2 : 68 ms.
--------------------------------------------------
sat
../QF_NIA_split/QF_NIA_2_23//20170427-VeryMax/ITS/From_T2__ex36.t2_fixed__p22719_safety_0.smt2 : 1098 ms.
--------------------------------------------------
sat
../QF_NIA_split/QF_NIA_2_23//20170427-VeryMax/ITS/From_T2__ex36.t2_fixed__p22776_safety_0.smt2 : 59 ms.
--------------------------------------------------
sat
../QF_NIA_split/QF_NIA_2_23//20170427-VeryMax/ITS/From_T2__ex36.t2_fixed__p22777_safety_0.smt2 : 235 ms.
--------------------------------------------------
sat
../QF_NIA_split/QF_NIA_2_23//20170427-VeryMax/ITS/From_T2__ex36.t2_fixed__p22816_safety_0.smt2 : 69 ms.
--------------------------------------------------
sat
../QF_NIA_split/QF_NIA_2_23//20170427-VeryMax/ITS/From_T2__ex36.t2_fixed__p22817_safety_0.smt2 : 197 ms.
--------------------------------------------------
sat
../QF_NIA_split/QF_NIA_2_23//20170427-VeryMax/ITS/From_T2__ex36.t2_fixed__p22825_safety_0.smt2 : 995 ms.
--------------------------------------------------
../QF_NIA_split/QF_NIA_2_23//20170427-VeryMax/ITS/From_T2__ex36.t2_fixed__p22827_safety_0.smt2 : 601005 ms.
--------------------------------------------------
sat
../QF_NIA_split/QF_NIA_2_23//20170427-VeryMax/ITS/From_T2__ex36.t2_fixed__p22846_safety_0.smt2 : 49 ms.
--------------------------------------------------
sat
../QF_NIA_split/QF_NIA_2_23//20170427-VeryMax/ITS/From_T2__ex36.t2_fixed__p22847_safety_0.smt2 : 195 ms.
--------------------------------------------------
sat
../QF_NIA_split/QF_NIA_2_23//20170427-VeryMax/ITS/From_T2__ex36.t2_fixed__p22848_safety_0.smt2 : 97 ms.
--------------------------------------------------
sat
../QF_NIA_split/QF_NIA_2_23//20170427-VeryMax/ITS/From_T2__ex36.t2_fixed__p22849_safety_0.smt2 : 493 ms.
--------------------------------------------------
sat
../QF_NIA_split/QF_NIA_2_23//20170427-VeryMax/ITS/From_T2__ex36.t2_fixed__p22876_safety_0.smt2 : 217 ms.
--------------------------------------------------
sat
../QF_NIA_split/QF_NIA_2_23//20170427-VeryMax/ITS/From_T2__ex36.t2_fixed__p22940_safety_0.smt2 : 79 ms.
--------------------------------------------------
sat
../QF_NIA_split/QF_NIA_2_23//20170427-VeryMax/ITS/From_T2__ex36.t2_fixed__p22941_safety_0.smt2 : 1491 ms.
--------------------------------------------------
sat
../QF_NIA_split/QF_NIA_2_23//20170427-VeryMax/ITS/From_T2__ex36.t2_fixed__p22960_safety_0.smt2 : 76 ms.
--------------------------------------------------
sat
../QF_NIA_split/QF_NIA_2_23//20170427-VeryMax/ITS/From_T2__ex36.t2_fixed__p22961_safety_0.smt2 : 87 ms.
--------------------------------------------------
sat
../QF_NIA_split/QF_NIA_2_23//20170427-VeryMax/ITS/From_T2__ex36.t2_fixed__p22963_safety_0.smt2 : 375 ms.
--------------------------------------------------
sat
../QF_NIA_split/QF_NIA_2_23//20170427-VeryMax/ITS/From_T2__ex36.t2_fixed__p23058_safety_0.smt2 : 1601 ms.
--------------------------------------------------
sat
../QF_NIA_split/QF_NIA_2_23//20170427-VeryMax/ITS/From_T2__ex36.t2_fixed__p23070_safety_0.smt2 : 94 ms.
--------------------------------------------------
sat
../QF_NIA_split/QF_NIA_2_23//20170427-VeryMax/ITS/From_T2__ex36.t2_fixed__p23071_safety_0.smt2 : 449 ms.
--------------------------------------------------
sat
../QF_NIA_split/QF_NIA_2_23//20170427-VeryMax/ITS/From_T2__ex36.t2_fixed__p23075_safety_0.smt2 : 681 ms.
--------------------------------------------------
sat
../QF_NIA_split/QF_NIA_2_23//20170427-VeryMax/ITS/From_T2__ex36.t2_fixed__p23079_safety_0.smt2 : 854 ms.
--------------------------------------------------
sat
../QF_NIA_split/QF_NIA_2_23//20170427-VeryMax/ITS/From_T2__ex36.t2_fixed__p23123_safety_0.smt2 : 581 ms.
--------------------------------------------------
unsat
../QF_NIA_split/QF_NIA_2_23//20170427-VeryMax/ITS/From_T2__ex36.t2_fixed__p23140_safety_0.smt2 : 252 ms.
--------------------------------------------------
../QF_NIA_split/QF_NIA_2_23//20170427-VeryMax/ITS/From_T2__ex36.t2_fixed__p23141_safety_0.smt2 : 601005 ms.
--------------------------------------------------
sat
../QF_NIA_split/QF_NIA_2_23//20170427-VeryMax/ITS/From_T2__ex36.t2_fixed__p23159_safety_0.smt2 : 133 ms.
--------------------------------------------------
sat
../QF_NIA_split/QF_NIA_2_23//20170427-VeryMax/ITS/From_T2__ex36.t2_fixed__p23162_safety_0.smt2 : 96 ms.
--------------------------------------------------
sat
../QF_NIA_split/QF_NIA_2_23//20170427-VeryMax/ITS/From_T2__ex36.t2_fixed__p23163_safety_0.smt2 : 599 ms.
--------------------------------------------------
sat
../QF_NIA_split/QF_NIA_2_23//20170427-VeryMax/ITS/From_T2__ex36.t2_fixed__p23171_safety_0.smt2 : 676 ms.
--------------------------------------------------
sat
../QF_NIA_split/QF_NIA_2_23//20170427-VeryMax/ITS/From_T2__ex36.t2_fixed__p23187_safety_0.smt2 : 953 ms.
--------------------------------------------------
sat
../QF_NIA_split/QF_NIA_2_23//20170427-VeryMax/ITS/From_T2__ex36.t2_fixed__p23206_safety_0.smt2 : 39 ms.
--------------------------------------------------
sat
../QF_NIA_split/QF_NIA_2_23//20170427-VeryMax/ITS/From_T2__ex36.t2_fixed__p23207_safety_0.smt2 : 218 ms.
--------------------------------------------------
sat
../QF_NIA_split/QF_NIA_2_23//20170427-VeryMax/ITS/From_T2__ex36.t2_fixed__p23213_safety_0.smt2 : 646 ms.
--------------------------------------------------
sat
../QF_NIA_split/QF_NIA_2_23//20170427-VeryMax/ITS/From_T2__ex36.t2_fixed__p23228_safety_0.smt2 : 89 ms.
--------------------------------------------------
sat
../QF_NIA_split/QF_NIA_2_23//20170427-VeryMax/ITS/From_T2__ex36.t2_fixed__p23230_safety_0.smt2 : 56 ms.
--------------------------------------------------
sat
../QF_NIA_split/QF_NIA_2_23//20170427-VeryMax/ITS/From_T2__ex36.t2_fixed__p23231_safety_0.smt2 : 2698 ms.
--------------------------------------------------
sat
../QF_NIA_split/QF_NIA_2_23//20170427-VeryMax/ITS/From_T2__ex36.t2_fixed__p23235_safety_0.smt2 : 481 ms.
--------------------------------------------------
sat
../QF_NIA_split/QF_NIA_2_23//20170427-VeryMax/ITS/From_T2__ex36.t2_fixed__p23238_safety_0.smt2 : 107 ms.
--------------------------------------------------
sat
../QF_NIA_split/QF_NIA_2_23//20170427-VeryMax/ITS/From_T2__ex36.t2_fixed__p23239_safety_0.smt2 : 388 ms.
--------------------------------------------------
sat
../QF_NIA_split/QF_NIA_2_23//20170427-VeryMax/ITS/From_T2__ex36.t2_fixed__p23260_safety_0.smt2 : 100 ms.
--------------------------------------------------
sat
../QF_NIA_split/QF_NIA_2_23//20170427-VeryMax/ITS/From_T2__ex36.t2_fixed__p23261_safety_0.smt2 : 626 ms.
--------------------------------------------------
sat
../QF_NIA_split/QF_NIA_2_23//20170427-VeryMax/ITS/From_T2__ex36.t2_fixed__p23292_safety_0.smt2 : 73 ms.
--------------------------------------------------
sat
../QF_NIA_split/QF_NIA_2_23//20170427-VeryMax/ITS/From_T2__ex36.t2_fixed__p23293_safety_0.smt2 : 115 ms.
--------------------------------------------------
sat
../QF_NIA_split/QF_NIA_2_23//20170427-VeryMax/ITS/From_T2__ex36.t2_fixed__p23294_safety_0.smt2 : 92 ms.
--------------------------------------------------
sat
../QF_NIA_split/QF_NIA_2_23//20170427-VeryMax/ITS/From_T2__ex36.t2_fixed__p23295_safety_0.smt2 : 792 ms.
--------------------------------------------------
unsat
../QF_NIA_split/QF_NIA_2_23//20170427-VeryMax/ITS/From_T2__ex36.t2_fixed__p23298_safety_0.smt2 : 40 ms.
--------------------------------------------------
unsat
../QF_NIA_split/QF_NIA_2_23//20170427-VeryMax/ITS/From_T2__ex36.t2_fixed__p23299_safety_0.smt2 : 185 ms.
--------------------------------------------------
sat
../QF_NIA_split/QF_NIA_2_23//20170427-VeryMax/ITS/From_T2__ex36.t2_fixed__p23300_safety_0.smt2 : 70 ms.
--------------------------------------------------
sat
../QF_NIA_split/QF_NIA_2_23//20170427-VeryMax/ITS/From_T2__ex36.t2_fixed__p23301_safety_0.smt2 : 658 ms.
--------------------------------------------------
sat
../QF_NIA_split/QF_NIA_2_23//20170427-VeryMax/ITS/From_T2__ex36.t2_fixed__p23302_safety_0.smt2 : 80 ms.
--------------------------------------------------
sat
../QF_NIA_split/QF_NIA_2_23//20170427-VeryMax/ITS/From_T2__ex36.t2_fixed__p23303_safety_0.smt2 : 81 ms.
--------------------------------------------------
sat
../QF_NIA_split/QF_NIA_2_23//20170427-VeryMax/ITS/From_T2__ex36.t2_fixed__p23304_safety_0.smt2 : 47 ms.
--------------------------------------------------
sat
../QF_NIA_split/QF_NIA_2_23//20170427-VeryMax/ITS/From_T2__ex36.t2_fixed__p23305_safety_0.smt2 : 62 ms.
--------------------------------------------------
sat
../QF_NIA_split/QF_NIA_2_23//20170427-VeryMax/ITS/From_T2__ex36.t2_fixed__p23313_safety_0.smt2 : 690 ms.
--------------------------------------------------
sat
../QF_NIA_split/QF_NIA_2_23//20170427-VeryMax/ITS/From_T2__ex36.t2_fixed__p23329_safety_0.smt2 : 1060 ms.
--------------------------------------------------
sat
../QF_NIA_split/QF_NIA_2_23//20170427-VeryMax/ITS/From_T2__ex36.t2_fixed__p23396_safety_0.smt2 : 108 ms.
--------------------------------------------------
../QF_NIA_split/QF_NIA_2_23//20170427-VeryMax/ITS/From_T2__ex36.t2_fixed__p23397_safety_0.smt2 : 601006 ms.
--------------------------------------------------
sat
../QF_NIA_split/QF_NIA_2_23//20170427-VeryMax/ITS/From_T2__ex36.t2_fixed__p23460_safety_0.smt2 : 921 ms.
--------------------------------------------------
sat
../QF_NIA_split/QF_NIA_2_23//20170427-VeryMax/ITS/From_T2__ex36.t2_fixed__p23482_safety_0.smt2 : 107 ms.
--------------------------------------------------
sat
../QF_NIA_split/QF_NIA_2_23//20170427-VeryMax/ITS/From_T2__ex36.t2_fixed__p23504_safety_0.smt2 : 168 ms.
--------------------------------------------------
sat
../QF_NIA_split/QF_NIA_2_23//20170427-VeryMax/ITS/From_T2__ex36.t2_fixed__p23505_safety_0.smt2 : 282 ms.
--------------------------------------------------
sat
../QF_NIA_split/QF_NIA_2_23//20170427-VeryMax/ITS/From_T2__ex36.t2_fixed__p23521_safety_0.smt2 : 78 ms.
--------------------------------------------------
sat
../QF_NIA_split/QF_NIA_2_23//20170427-VeryMax/ITS/From_T2__ex36.t2_fixed__p23522_safety_0.smt2 : 174 ms.
--------------------------------------------------
sat
../QF_NIA_split/QF_NIA_2_23//20170427-VeryMax/ITS/From_T2__ex36.t2_fixed__p23523_safety_0.smt2 : 74 ms.
--------------------------------------------------
sat
../QF_NIA_split/QF_NIA_2_23//20170427-VeryMax/ITS/From_T2__ex36.t2_fixed__p23524_safety_0.smt2 : 653 ms.
--------------------------------------------------
sat
../QF_NIA_split/QF_NIA_2_23//20170427-VeryMax/ITS/From_T2__ex36.t2_fixed__p23530_safety_0.smt2 : 472 ms.
--------------------------------------------------
sat
../QF_NIA_split/QF_NIA_2_23//20170427-VeryMax/ITS/From_T2__ex36.t2_fixed__p23560_safety_0.smt2 : 711 ms.
--------------------------------------------------
sat
../QF_NIA_split/QF_NIA_2_23//20170427-VeryMax/ITS/From_T2__ex36.t2_fixed__p23563_safety_0.smt2 : 76 ms.
--------------------------------------------------
sat
../QF_NIA_split/QF_NIA_2_23//20170427-VeryMax/ITS/From_T2__ex36.t2_fixed__p23564_safety_0.smt2 : 1162 ms.
--------------------------------------------------
sat
../QF_NIA_split/QF_NIA_2_23//20170427-VeryMax/ITS/From_T2__ex36.t2_fixed__p23573_safety_0.smt2 : 90 ms.
--------------------------------------------------
sat
../QF_NIA_split/QF_NIA_2_23//20170427-VeryMax/ITS/From_T2__ex36.t2_fixed__p23574_safety_0.smt2 : 94 ms.
--------------------------------------------------
sat
../QF_NIA_split/QF_NIA_2_23//20170427-VeryMax/ITS/From_T2__ex36.t2_fixed__p23575_safety_0.smt2 : 56 ms.
--------------------------------------------------
sat
../QF_NIA_split/QF_NIA_2_23//20170427-VeryMax/ITS/From_T2__ex36.t2_fixed__p23576_safety_0.smt2 : 3919 ms.
--------------------------------------------------
sat
../QF_NIA_split/QF_NIA_2_23//20170427-VeryMax/ITS/From_T2__ex36.t2_fixed__p23578_safety_0.smt2 : 10897 ms.
--------------------------------------------------
sat
../QF_NIA_split/QF_NIA_2_23//20170427-VeryMax/ITS/From_T2__ex36.t2_fixed__p23587_safety_0.smt2 : 404 ms.
--------------------------------------------------
sat
../QF_NIA_split/QF_NIA_2_23//20170427-VeryMax/ITS/From_T2__ex36.t2_fixed__p23591_safety_0.smt2 : 225 ms.
--------------------------------------------------
sat
../QF_NIA_split/QF_NIA_2_23//20170427-VeryMax/ITS/From_T2__ex36.t2_fixed__p23592_safety_0.smt2 : 1139 ms.
--------------------------------------------------
sat
../QF_NIA_split/QF_NIA_2_23//20170427-VeryMax/ITS/From_T2__ex36.t2_fixed__p23608_safety_0.smt2 : 549 ms.
--------------------------------------------------
sat
../QF_NIA_split/QF_NIA_2_23//20170427-VeryMax/ITS/From_T2__ex36.t2_fixed__p23611_safety_0.smt2 : 120 ms.
--------------------------------------------------
sat
../QF_NIA_split/QF_NIA_2_23//20170427-VeryMax/ITS/From_T2__ex36.t2_fixed__p23612_safety_0.smt2 : 357 ms.
--------------------------------------------------
sat
../QF_NIA_split/QF_NIA_2_23//20170427-VeryMax/ITS/From_T2__ex36.t2_fixed__p23627_safety_0.smt2 : 99 ms.
--------------------------------------------------
sat
../QF_NIA_split/QF_NIA_2_23//20170427-VeryMax/ITS/From_T2__ex36.t2_fixed__p23628_safety_0.smt2 : 165 ms.
--------------------------------------------------
sat
../QF_NIA_split/QF_NIA_2_23//20170427-VeryMax/ITS/From_T2__ex36.t2_fixed__p23634_safety_0.smt2 : 851 ms.
--------------------------------------------------
sat
../QF_NIA_split/QF_NIA_2_23//20170427-VeryMax/ITS/From_T2__ex36.t2_fixed__p23641_safety_0.smt2 : 118 ms.
--------------------------------------------------
sat
../QF_NIA_split/QF_NIA_2_23//20170427-VeryMax/ITS/From_T2__ex36.t2_fixed__p23642_safety_0.smt2 : 174 ms.
--------------------------------------------------
sat
../QF_NIA_split/QF_NIA_2_23//20170427-VeryMax/ITS/From_T2__ex36.t2_fixed__p23647_safety_0.smt2 : 70 ms.
--------------------------------------------------
sat
../QF_NIA_split/QF_NIA_2_23//20170427-VeryMax/ITS/From_T2__ex36.t2_fixed__p23648_safety_0.smt2 : 189 ms.
--------------------------------------------------
sat
../QF_NIA_split/QF_NIA_2_23//20170427-VeryMax/ITS/From_T2__ex36.t2_fixed__p23670_safety_0.smt2 : 742 ms.
--------------------------------------------------
sat
../QF_NIA_split/QF_NIA_2_23//20170427-VeryMax/ITS/From_T2__ex36.t2_fixed__p23678_safety_0.smt2 : 312 ms.
--------------------------------------------------
sat
../QF_NIA_split/QF_NIA_2_23//20170427-VeryMax/ITS/From_T2__ex36.t2_fixed__p23679_safety_0.smt2 : 747 ms.
--------------------------------------------------
sat
../QF_NIA_split/QF_NIA_2_23//20170427-VeryMax/ITS/From_T2__ex36.t2_fixed__p23683_safety_0.smt2 : 759 ms.
--------------------------------------------------
sat
../QF_NIA_split/QF_NIA_2_23//20170427-VeryMax/ITS/From_T2__ex36.t2_fixed__p23684_safety_0.smt2 : 324 ms.
--------------------------------------------------
sat
../QF_NIA_split/QF_NIA_2_23//20170427-VeryMax/ITS/From_T2__ex36.t2_fixed__p23685_safety_0.smt2 : 11679 ms.
--------------------------------------------------
unsat
../QF_NIA_split/QF_NIA_2_23//20170427-VeryMax/ITS/From_T2__ex36.t2_fixed__p23686_safety_0.smt2 : 106 ms.
--------------------------------------------------
../QF_NIA_split/QF_NIA_2_23//20170427-VeryMax/ITS/From_T2__ex36.t2_fixed__p23687_safety_0.smt2 : 601009 ms.
--------------------------------------------------
sat
../QF_NIA_split/QF_NIA_2_23//20170427-VeryMax/ITS/From_T2__ex36.t2_fixed__p23700_safety_0.smt2 : 132 ms.
--------------------------------------------------
sat
../QF_NIA_split/QF_NIA_2_23//20170427-VeryMax/ITS/From_T2__ex36.t2_fixed__p23701_safety_0.smt2 : 154 ms.
--------------------------------------------------
unsat
../QF_NIA_split/QF_NIA_2_23//20170427-VeryMax/ITS/From_T2__ex36.t2_fixed__p23702_safety_0.smt2 : 122 ms.
--------------------------------------------------
../QF_NIA_split/QF_NIA_2_23//20170427-VeryMax/ITS/From_T2__ex36.t2_fixed__p23703_safety_0.smt2 : 601006 ms.
--------------------------------------------------
sat
../QF_NIA_split/QF_NIA_2_23//20170427-VeryMax/ITS/From_T2__ex36.t2_fixed__p23746_safety_0.smt2 : 93 ms.
--------------------------------------------------
sat
../QF_NIA_split/QF_NIA_2_23//20170427-VeryMax/ITS/From_T2__ex36.t2_fixed__p23747_safety_0.smt2 : 404 ms.
--------------------------------------------------
sat
../QF_NIA_split/QF_NIA_2_23//20170427-VeryMax/ITS/From_T2__ex36.t2_fixed__p23789_safety_0.smt2 : 530 ms.
--------------------------------------------------
sat
../QF_NIA_split/QF_NIA_2_23//20170427-VeryMax/ITS/From_T2__ex36.t2_fixed__p23817_safety_0.smt2 : 767 ms.
--------------------------------------------------
sat
../QF_NIA_split/QF_NIA_2_23//20170427-VeryMax/ITS/From_T2__ex36.t2_fixed__p23822_safety_0.smt2 : 79 ms.
--------------------------------------------------
sat
../QF_NIA_split/QF_NIA_2_23//20170427-VeryMax/ITS/From_T2__ex36.t2_fixed__p23823_safety_0.smt2 : 287 ms.
--------------------------------------------------
sat
../QF_NIA_split/QF_NIA_2_23//20170427-VeryMax/ITS/From_T2__ex36.t2_fixed__p23854_safety_0.smt2 : 59 ms.
--------------------------------------------------
sat
../QF_NIA_split/QF_NIA_2_23//20170427-VeryMax/ITS/From_T2__ex36.t2_fixed__p23855_safety_0.smt2 : 686 ms.
--------------------------------------------------
sat
../QF_NIA_split/QF_NIA_2_23//20170427-VeryMax/ITS/From_T2__ex36.t2_fixed__p23874_safety_0.smt2 : 100 ms.
--------------------------------------------------
sat
../QF_NIA_split/QF_NIA_2_23//20170427-VeryMax/ITS/From_T2__ex36.t2_fixed__p23875_safety_0.smt2 : 290 ms.
--------------------------------------------------
sat
../QF_NIA_split/QF_NIA_2_23//20170427-VeryMax/ITS/From_T2__ex36.t2_fixed__p23881_safety_0.smt2 : 706 ms.
--------------------------------------------------
sat
../QF_NIA_split/QF_NIA_2_23//20170427-VeryMax/ITS/From_T2__ex36.t2_fixed__p23886_safety_0.smt2 : 96 ms.
--------------------------------------------------
sat
../QF_NIA_split/QF_NIA_2_23//20170427-VeryMax/ITS/From_T2__ex36.t2_fixed__p23887_safety_0.smt2 : 228 ms.
--------------------------------------------------
sat
../QF_NIA_split/QF_NIA_2_23//20170427-VeryMax/ITS/From_T2__ex36.t2_fixed__p23896_safety_0.smt2 : 99 ms.
--------------------------------------------------
sat
../QF_NIA_split/QF_NIA_2_23//20170427-VeryMax/ITS/From_T2__ex36.t2_fixed__p23897_safety_0.smt2 : 1818 ms.
--------------------------------------------------
sat
../QF_NIA_split/QF_NIA_2_23//20170427-VeryMax/ITS/From_T2__ex36.t2_fixed__p23910_safety_0.smt2 : 53 ms.
--------------------------------------------------
sat
../QF_NIA_split/QF_NIA_2_23//20170427-VeryMax/ITS/From_T2__ex36.t2_fixed__p23911_safety_0.smt2 : 788 ms.
--------------------------------------------------
sat
../QF_NIA_split/QF_NIA_2_23//20170427-VeryMax/ITS/From_T2__ex36.t2_fixed__p23912_safety_0.smt2 : 143 ms.
--------------------------------------------------
sat
../QF_NIA_split/QF_NIA_2_23//20170427-VeryMax/ITS/From_T2__ex36.t2_fixed__p23913_safety_0.smt2 : 1782 ms.
--------------------------------------------------
sat
../QF_NIA_split/QF_NIA_2_23//20170427-VeryMax/ITS/From_T2__ex36.t2_fixed__p24099_safety_0.smt2 : 690 ms.
--------------------------------------------------
sat
../QF_NIA_split/QF_NIA_2_23//20170427-VeryMax/ITS/From_T2__ex36.t2_fixed__p24107_safety_0.smt2 : 429 ms.
--------------------------------------------------
sat
../QF_NIA_split/QF_NIA_2_23//20170427-VeryMax/ITS/From_T2__ex36.t2_fixed__p24130_safety_0.smt2 : 45 ms.
--------------------------------------------------
sat
../QF_NIA_split/QF_NIA_2_23//20170427-VeryMax/ITS/From_T2__ex36.t2_fixed__p24131_safety_0.smt2 : 215 ms.
--------------------------------------------------
sat
../QF_NIA_split/QF_NIA_2_23//20170427-VeryMax/ITS/From_T2__ex36.t2_fixed__p24136_safety_0.smt2 : 110 ms.
--------------------------------------------------
sat
../QF_NIA_split/QF_NIA_2_23//20170427-VeryMax/ITS/From_T2__ex36.t2_fixed__p24143_safety_0.smt2 : 46 ms.
--------------------------------------------------
sat
../QF_NIA_split/QF_NIA_2_23//20170427-VeryMax/ITS/From_T2__ex36.t2_fixed__p24144_safety_0.smt2 : 218 ms.
--------------------------------------------------
sat
../QF_NIA_split/QF_NIA_2_23//20170427-VeryMax/ITS/From_T2__ex36.t2_fixed__p24152_safety_0.smt2 : 43 ms.
--------------------------------------------------
sat
../QF_NIA_split/QF_NIA_2_23//20170427-VeryMax/ITS/From_T2__ex36.t2_fixed__p24153_safety_0.smt2 : 212 ms.
--------------------------------------------------
sat
../QF_NIA_split/QF_NIA_2_23//20170427-VeryMax/ITS/From_T2__ex36.t2_fixed__p24177_safety_0.smt2 : 233 ms.
--------------------------------------------------
sat
../QF_NIA_split/QF_NIA_2_23//20170427-VeryMax/ITS/From_T2__ex36.t2_fixed__p24178_safety_0.smt2 : 89 ms.
--------------------------------------------------
sat
../QF_NIA_split/QF_NIA_2_23//20170427-VeryMax/ITS/From_T2__ex36.t2_fixed__p24259_safety_0.smt2 : 237 ms.
--------------------------------------------------
sat
../QF_NIA_split/QF_NIA_2_23//20170427-VeryMax/ITS/From_T2__ex36.t2_fixed__p24313_safety_0.smt2 : 54 ms.
--------------------------------------------------
sat
../QF_NIA_split/QF_NIA_2_23//20170427-VeryMax/ITS/From_T2__ex36.t2_fixed__p24315_safety_0.smt2 : 465 ms.
--------------------------------------------------
sat
../QF_NIA_split/QF_NIA_2_23//20170427-VeryMax/ITS/From_T2__ex36.t2_fixed__p24316_safety_0.smt2 : 57 ms.
--------------------------------------------------
sat
../QF_NIA_split/QF_NIA_2_23//20170427-VeryMax/ITS/From_T2__ex36.t2_fixed__p24317_safety_0.smt2 : 431 ms.
--------------------------------------------------
sat
../QF_NIA_split/QF_NIA_2_23//20170427-VeryMax/ITS/From_T2__ex36.t2_fixed__p24373_safety_0.smt2 : 893 ms.
--------------------------------------------------
sat
../QF_NIA_split/QF_NIA_2_23//20170427-VeryMax/ITS/From_T2__ex36.t2_fixed__p24453_safety_0.smt2 : 1224 ms.
--------------------------------------------------
sat
../QF_NIA_split/QF_NIA_2_23//20170427-VeryMax/ITS/From_T2__ex36.t2_fixed__p24462_safety_0.smt2 : 59 ms.
--------------------------------------------------
sat
../QF_NIA_split/QF_NIA_2_23//20170427-VeryMax/ITS/From_T2__ex36.t2_fixed__p24463_safety_0.smt2 : 292 ms.
--------------------------------------------------
sat
../QF_NIA_split/QF_NIA_2_23//20170427-VeryMax/ITS/From_T2__ex36.t2_fixed__p24468_safety_0.smt2 : 65 ms.
--------------------------------------------------
sat
../QF_NIA_split/QF_NIA_2_23//20170427-VeryMax/ITS/From_T2__ex36.t2_fixed__p24469_safety_0.smt2 : 355 ms.
--------------------------------------------------
sat
../QF_NIA_split/QF_NIA_2_23//20170427-VeryMax/ITS/From_T2__ex36.t2_fixed__p24544_safety_0.smt2 : 47 ms.
--------------------------------------------------
sat
../QF_NIA_split/QF_NIA_2_23//20170427-VeryMax/ITS/From_T2__ex36.t2_fixed__p24545_safety_0.smt2 : 158 ms.
--------------------------------------------------
sat
../QF_NIA_split/QF_NIA_2_23//20170427-VeryMax/ITS/From_T2__ex36.t2_fixed__p24550_safety_0.smt2 : 46 ms.
--------------------------------------------------
sat
../QF_NIA_split/QF_NIA_2_23//20170427-VeryMax/ITS/From_T2__ex36.t2_fixed__p24552_safety_0.smt2 : 154 ms.
--------------------------------------------------
sat
../QF_NIA_split/QF_NIA_2_23//20170427-VeryMax/ITS/From_T2__ex36.t2_fixed__p24553_safety_0.smt2 : 45 ms.
--------------------------------------------------
sat
../QF_NIA_split/QF_NIA_2_23//20170427-VeryMax/ITS/From_T2__ex36.t2_fixed__p24554_safety_0.smt2 : 156 ms.
--------------------------------------------------
sat
../QF_NIA_split/QF_NIA_2_23//20170427-VeryMax/ITS/From_T2__ex36.t2_fixed__p24562_safety_0.smt2 : 46 ms.
--------------------------------------------------
sat
../QF_NIA_split/QF_NIA_2_23//20170427-VeryMax/ITS/From_T2__ex36.t2_fixed__p24563_safety_0.smt2 : 155 ms.
--------------------------------------------------
sat
../QF_NIA_split/QF_NIA_2_23//20170427-VeryMax/ITS/From_T2__ex36.t2_fixed__p24577_safety_0.smt2 : 1256 ms.
--------------------------------------------------
sat
../QF_NIA_split/QF_NIA_2_23//20170427-VeryMax/ITS/From_T2__ex36.t2_fixed__p24595_safety_0.smt2 : 1208 ms.
--------------------------------------------------
sat
../QF_NIA_split/QF_NIA_2_23//20170427-VeryMax/ITS/From_T2__ex36.t2_fixed__p24611_safety_0.smt2 : 3695 ms.
--------------------------------------------------
sat
../QF_NIA_split/QF_NIA_2_23//20170427-VeryMax/ITS/From_T2__ex36.t2_fixed__p24615_safety_0.smt2 : 481 ms.
--------------------------------------------------
sat
../QF_NIA_split/QF_NIA_2_23//20170427-VeryMax/ITS/From_T2__ex36.t2_fixed__p24618_safety_0.smt2 : 136 ms.
--------------------------------------------------
sat
../QF_NIA_split/QF_NIA_2_23//20170427-VeryMax/ITS/From_T2__ex36.t2_fixed__p24619_safety_0.smt2 : 358 ms.
--------------------------------------------------
sat
../QF_NIA_split/QF_NIA_2_23//20170427-VeryMax/ITS/From_T2__ex36.t2_fixed__p24622_safety_0.smt2 : 127 ms.
--------------------------------------------------
sat
../QF_NIA_split/QF_NIA_2_23//20170427-VeryMax/ITS/From_T2__ex36.t2_fixed__p24623_safety_0.smt2 : 353 ms.
--------------------------------------------------
../QF_NIA_split/QF_NIA_2_23//20170427-VeryMax/ITS/From_T2__ex36.t2__p30251_safety_0.smt2 : 601007 ms.
--------------------------------------------------
../QF_NIA_split/QF_NIA_2_23//20170427-VeryMax/ITS/From_T2__ex36.t2__p30264_safety_0.smt2 : 601006 ms.
--------------------------------------------------
../QF_NIA_split/QF_NIA_2_23//20170427-VeryMax/ITS/From_T2__ex36.t2__p30265_safety_0.smt2 : 601006 ms.
--------------------------------------------------
sat
../QF_NIA_split/QF_NIA_2_23//20170427-VeryMax/ITS/From_T2__ex36.t2__p30280_safety_0.smt2 : 2209 ms.
--------------------------------------------------
sat
../QF_NIA_split/QF_NIA_2_23//20170427-VeryMax/ITS/From_T2__ex36.t2__p30283_safety_0.smt2 : 1093 ms.
--------------------------------------------------
sat
../QF_NIA_split/QF_NIA_2_23//20170427-VeryMax/ITS/From_T2__ex36.t2__p30285_safety_0.smt2 : 5036 ms.
--------------------------------------------------
sat
../QF_NIA_split/QF_NIA_2_23//20170427-VeryMax/ITS/From_T2__ex36.t2__p30295_safety_0.smt2 : 22492 ms.
--------------------------------------------------
sat
../QF_NIA_split/QF_NIA_2_23//20170427-VeryMax/ITS/From_T2__ex36.t2__p30317_safety_0.smt2 : 2830 ms.
--------------------------------------------------
sat
../QF_NIA_split/QF_NIA_2_23//20170427-VeryMax/ITS/From_T2__ex36.t2__p30325_safety_0.smt2 : 2238 ms.
--------------------------------------------------
sat
../QF_NIA_split/QF_NIA_2_23//20170427-VeryMax/ITS/From_T2__ex36.t2__p30330_safety_0.smt2 : 939 ms.
--------------------------------------------------
../QF_NIA_split/QF_NIA_2_23//20170427-VeryMax/ITS/From_T2__ex36.t2__p30332_safety_0.smt2 : 601006 ms.
--------------------------------------------------
sat
../QF_NIA_split/QF_NIA_2_23//20170427-VeryMax/ITS/From_T2__ex36.t2__p30335_safety_0.smt2 : 1829 ms.
--------------------------------------------------
sat
../QF_NIA_split/QF_NIA_2_23//20170427-VeryMax/ITS/From_T2__ex36.t2__p30337_safety_0.smt2 : 6521 ms.
--------------------------------------------------
sat
../QF_NIA_split/QF_NIA_2_23//20170427-VeryMax/ITS/From_T2__ex36.t2__p30340_safety_0.smt2 : 2564 ms.
--------------------------------------------------
sat
../QF_NIA_split/QF_NIA_2_23//20170427-VeryMax/ITS/From_T2__ex36.t2__p30341_safety_0.smt2 : 1471 ms.
--------------------------------------------------
sat
../QF_NIA_split/QF_NIA_2_23//20170427-VeryMax/ITS/From_T2__ex36.t2__p30343_safety_0.smt2 : 721 ms.
--------------------------------------------------
sat
../QF_NIA_split/QF_NIA_2_23//20170427-VeryMax/ITS/From_T2__ex36.t2__p30346_safety_0.smt2 : 10029 ms.
--------------------------------------------------
sat
../QF_NIA_split/QF_NIA_2_23//20170427-VeryMax/ITS/From_T2__ex36.t2__p30353_safety_0.smt2 : 543 ms.
--------------------------------------------------
sat
../QF_NIA_split/QF_NIA_2_23//20170427-VeryMax/ITS/From_T2__ex36.t2__p30355_safety_0.smt2 : 7761 ms.
--------------------------------------------------
sat
../QF_NIA_split/QF_NIA_2_23//20170427-VeryMax/ITS/From_T2__ex36.t2__p30356_safety_0.smt2 : 1777 ms.
--------------------------------------------------
sat
../QF_NIA_split/QF_NIA_2_23//20170427-VeryMax/ITS/From_T2__ex36.t2__p30360_safety_0.smt2 : 3669 ms.
--------------------------------------------------
sat
../QF_NIA_split/QF_NIA_2_23//20170427-VeryMax/ITS/From_T2__ex36.t2__p30361_safety_0.smt2 : 499 ms.
--------------------------------------------------
sat
../QF_NIA_split/QF_NIA_2_23//20170427-VeryMax/ITS/From_T2__ex36.t2__p30367_safety_0.smt2 : 3729 ms.
--------------------------------------------------
sat
../QF_NIA_split/QF_NIA_2_23//20170427-VeryMax/ITS/From_T2__ex36.t2__p30373_safety_0.smt2 : 5542 ms.
--------------------------------------------------
sat
../QF_NIA_split/QF_NIA_2_23//20170427-VeryMax/ITS/From_T2__ex36.t2__p30378_safety_0.smt2 : 1839 ms.
--------------------------------------------------
sat
../QF_NIA_split/QF_NIA_2_23//20170427-VeryMax/ITS/From_T2__ex36.t2__p30379_safety_0.smt2 : 2019 ms.
--------------------------------------------------
sat
../QF_NIA_split/QF_NIA_2_23//20170427-VeryMax/ITS/From_T2__ex36.t2__p30384_safety_0.smt2 : 543 ms.
--------------------------------------------------
sat
../QF_NIA_split/QF_NIA_2_23//20170427-VeryMax/ITS/From_T2__ex36.t2__p30392_safety_0.smt2 : 750 ms.
--------------------------------------------------
sat
../QF_NIA_split/QF_NIA_2_23//20170427-VeryMax/ITS/From_T2__ex36.t2__p30396_safety_0.smt2 : 3989 ms.
--------------------------------------------------
sat
../QF_NIA_split/QF_NIA_2_23//20170427-VeryMax/ITS/From_T2__ex36.t2__p30403_safety_0.smt2 : 518 ms.
--------------------------------------------------
sat
../QF_NIA_split/QF_NIA_2_23//20170427-VeryMax/ITS/From_T2__ex36.t2__p30427_safety_0.smt2 : 7237 ms.
--------------------------------------------------
sat
../QF_NIA_split/QF_NIA_2_23//20170427-VeryMax/ITS/From_T2__ex36.t2__p30439_safety_0.smt2 : 5565 ms.
--------------------------------------------------
../QF_NIA_split/QF_NIA_2_23//20170427-VeryMax/ITS/From_T2__ex36.t2__p30441_safety_0.smt2 : 601006 ms.
--------------------------------------------------
sat
../QF_NIA_split/QF_NIA_2_23//20170427-VeryMax/ITS/From_T2__ex36.t2__p30449_safety_0.smt2 : 25957 ms.
--------------------------------------------------
sat
../QF_NIA_split/QF_NIA_2_23//20170427-VeryMax/ITS/From_T2__ex36.t2__p30450_safety_0.smt2 : 992 ms.
--------------------------------------------------
sat
../QF_NIA_split/QF_NIA_2_23//20170427-VeryMax/ITS/From_T2__ex36.t2__p30451_safety_0.smt2 : 2854 ms.
--------------------------------------------------
sat
../QF_NIA_split/QF_NIA_2_23//20170427-VeryMax/ITS/From_T2__ex36.t2__p30453_safety_0.smt2 : 7808 ms.
--------------------------------------------------
sat
../QF_NIA_split/QF_NIA_2_23//20170427-VeryMax/ITS/From_T2__ex36.t2__p30462_safety_0.smt2 : 1703 ms.
--------------------------------------------------
sat
../QF_NIA_split/QF_NIA_2_23//20170427-VeryMax/ITS/From_T2__ex36.t2__p30467_safety_0.smt2 : 242851 ms.
--------------------------------------------------
unsat
../QF_NIA_split/QF_NIA_2_23//20170427-VeryMax/ITS/From_T2__ex36.t2__p30469_safety_0.smt2 : 441 ms.
--------------------------------------------------
../QF_NIA_split/QF_NIA_2_23//20170427-VeryMax/ITS/From_T2__ex36.t2__p30470_safety_0.smt2 : 601005 ms.
--------------------------------------------------
sat
../QF_NIA_split/QF_NIA_2_23//20170427-VeryMax/ITS/From_T2__ex36.t2__p30475_safety_0.smt2 : 6747 ms.
--------------------------------------------------
sat
../QF_NIA_split/QF_NIA_2_23//20170427-VeryMax/ITS/From_T2__ex36.t2__p30477_safety_0.smt2 : 24706 ms.
--------------------------------------------------
sat
../QF_NIA_split/QF_NIA_2_23//20170427-VeryMax/ITS/From_T2__ex36.t2__p30485_safety_0.smt2 : 1810 ms.
--------------------------------------------------
sat
../QF_NIA_split/QF_NIA_2_23//20170427-VeryMax/ITS/From_T2__ex36.t2__p30487_safety_0.smt2 : 8079 ms.
--------------------------------------------------
../QF_NIA_split/QF_NIA_2_23//20170427-VeryMax/ITS/From_T2__ex36.t2__p30489_safety_0.smt2 : 601006 ms.
--------------------------------------------------
../QF_NIA_split/QF_NIA_2_23//20170427-VeryMax/ITS/From_T2__ex36.t2__p30497_safety_0.smt2 : 601007 ms.
--------------------------------------------------
../QF_NIA_split/QF_NIA_2_23//20170427-VeryMax/ITS/From_T2__ex36.t2__p30515_safety_0.smt2 : 601009 ms.
--------------------------------------------------
sat
../QF_NIA_split/QF_NIA_2_23//20170427-VeryMax/ITS/From_T2__ex36.t2__p30518_safety_0.smt2 : 6848 ms.
--------------------------------------------------
sat
../QF_NIA_split/QF_NIA_2_23//20170427-VeryMax/ITS/From_T2__ex36.t2__p30519_safety_0.smt2 : 578 ms.
--------------------------------------------------
sat
../QF_NIA_split/QF_NIA_2_23//20170427-VeryMax/ITS/From_T2__ex36.t2__p30523_safety_0.smt2 : 3158 ms.
--------------------------------------------------
../QF_NIA_split/QF_NIA_2_23//20170427-VeryMax/ITS/From_T2__ex36.t2__p30525_safety_0.smt2 : 601006 ms.
--------------------------------------------------
sat
../QF_NIA_split/QF_NIA_2_23//20170427-VeryMax/ITS/From_T2__ex36.t2__p30529_safety_0.smt2 : 1206 ms.
--------------------------------------------------
sat
../QF_NIA_split/QF_NIA_2_23//20170427-VeryMax/ITS/From_T2__ex36.t2__p30533_safety_0.smt2 : 1971 ms.
--------------------------------------------------
../QF_NIA_split/QF_NIA_2_23//20170427-VeryMax/ITS/From_T2__ex36.t2__p30570_safety_0.smt2 : 601006 ms.
--------------------------------------------------
../QF_NIA_split/QF_NIA_2_23//20170427-VeryMax/ITS/From_T2__ex36.t2__p30571_safety_0.smt2 : 601007 ms.
--------------------------------------------------
sat
../QF_NIA_split/QF_NIA_2_23//20170427-VeryMax/ITS/From_T2__ex36.t2__p30575_safety_0.smt2 : 4599 ms.
--------------------------------------------------
sat
../QF_NIA_split/QF_NIA_2_23//20170427-VeryMax/ITS/From_T2__ex36.t2__p30602_safety_0.smt2 : 1894 ms.
--------------------------------------------------
sat
../QF_NIA_split/QF_NIA_2_23//20170427-VeryMax/ITS/From_T2__ex36.t2__p30603_safety_0.smt2 : 5121 ms.
--------------------------------------------------
sat
../QF_NIA_split/QF_NIA_2_23//20170427-VeryMax/ITS/From_T2__ex36.t2__p30605_safety_0.smt2 : 4600 ms.
--------------------------------------------------
sat
../QF_NIA_split/QF_NIA_2_23//20170427-VeryMax/ITS/From_T2__ex36.t2__p30618_safety_0.smt2 : 2402 ms.
--------------------------------------------------
sat
../QF_NIA_split/QF_NIA_2_23//20170427-VeryMax/ITS/From_T2__ex36.t2__p30619_safety_0.smt2 : 321442 ms.
--------------------------------------------------
sat
../QF_NIA_split/QF_NIA_2_23//20170427-VeryMax/ITS/From_T2__ex36.t2__p30627_safety_0.smt2 : 582 ms.
--------------------------------------------------
sat
../QF_NIA_split/QF_NIA_2_23//20170427-VeryMax/ITS/From_T2__ex36.t2__p30645_safety_0.smt2 : 15436 ms.
--------------------------------------------------
sat
../QF_NIA_split/QF_NIA_2_23//20170427-VeryMax/ITS/From_T2__ex36.t2__p30669_safety_0.smt2 : 20216 ms.
--------------------------------------------------
sat
../QF_NIA_split/QF_NIA_2_23//20170427-VeryMax/ITS/From_T2__ex36.t2__p30688_safety_0.smt2 : 2502 ms.
--------------------------------------------------
../QF_NIA_split/QF_NIA_2_23//20170427-VeryMax/ITS/From_T2__ex36.t2__p30699_safety_0.smt2 : 601006 ms.
--------------------------------------------------
sat
../QF_NIA_split/QF_NIA_2_23//20170427-VeryMax/ITS/From_T2__ex36.t2__p30719_safety_0.smt2 : 6796 ms.
--------------------------------------------------
sat
../QF_NIA_split/QF_NIA_2_23//20170427-VeryMax/ITS/From_T2__ex36.t2__p30720_safety_0.smt2 : 1703 ms.
--------------------------------------------------
sat
../QF_NIA_split/QF_NIA_2_23//20170427-VeryMax/ITS/From_T2__ex36.t2__p30729_safety_0.smt2 : 889 ms.
--------------------------------------------------
sat
../QF_NIA_split/QF_NIA_2_23//20170427-VeryMax/ITS/From_T2__ex36.t2__p30731_safety_0.smt2 : 590 ms.
--------------------------------------------------
sat
../QF_NIA_split/QF_NIA_2_23//20170427-VeryMax/ITS/From_T2__ex36.t2__p30733_safety_0.smt2 : 9211 ms.
--------------------------------------------------
../QF_NIA_split/QF_NIA_2_23//20170427-VeryMax/ITS/From_T2__ex36.t2__p30737_safety_0.smt2 : 601006 ms.
--------------------------------------------------
../QF_NIA_split/QF_NIA_2_23//20170427-VeryMax/ITS/From_T2__ex36.t2__p30741_safety_0.smt2 : 601006 ms.
--------------------------------------------------
sat
../QF_NIA_split/QF_NIA_2_23//20170427-VeryMax/ITS/From_T2__ex36.t2__p30759_safety_0.smt2 : 2165 ms.
--------------------------------------------------
unknown
../QF_NIA_split/QF_NIA_2_23//20170427-VeryMax/ITS/From_T2__ex36.t2__p30764_safety_0.smt2 : 600595 ms.
--------------------------------------------------
../QF_NIA_split/QF_NIA_2_23//20170427-VeryMax/ITS/From_T2__ex36.t2__p30765_safety_0.smt2 : 601005 ms.
--------------------------------------------------
sat
../QF_NIA_split/QF_NIA_2_23//20170427-VeryMax/ITS/From_T2__ex36.t2__p30773_safety_0.smt2 : 4397 ms.
--------------------------------------------------
sat
../QF_NIA_split/QF_NIA_2_23//20170427-VeryMax/ITS/From_T2__ex36.t2__p30785_safety_0.smt2 : 835 ms.
--------------------------------------------------
sat
../QF_NIA_split/QF_NIA_2_23//20170427-VeryMax/ITS/From_T2__ex36.t2__p30825_safety_0.smt2 : 1862 ms.
--------------------------------------------------
../QF_NIA_split/QF_NIA_2_23//20170427-VeryMax/ITS/From_T2__ex36.t2__p30833_safety_0.smt2 : 601006 ms.
--------------------------------------------------
sat
../QF_NIA_split/QF_NIA_2_23//20170427-VeryMax/ITS/From_T2__ex36.t2__p30839_safety_0.smt2 : 3790 ms.
--------------------------------------------------
sat
../QF_NIA_split/QF_NIA_2_23//20170427-VeryMax/ITS/From_T2__ex36.t2__p30843_safety_0.smt2 : 542 ms.
--------------------------------------------------
sat
../QF_NIA_split/QF_NIA_2_23//20170427-VeryMax/ITS/From_T2__ex36.t2__p30847_safety_0.smt2 : 1132 ms.
--------------------------------------------------
sat
../QF_NIA_split/QF_NIA_2_23//20170427-VeryMax/ITS/From_T2__ex36.t2__p30852_safety_0.smt2 : 818 ms.
--------------------------------------------------
sat
../QF_NIA_split/QF_NIA_2_23//20170427-VeryMax/ITS/From_T2__ex36.t2__p30853_safety_0.smt2 : 1172 ms.
--------------------------------------------------
sat
../QF_NIA_split/QF_NIA_2_23//20170427-VeryMax/ITS/From_T2__ex36.t2__p30855_safety_0.smt2 : 1089 ms.
--------------------------------------------------
sat
../QF_NIA_split/QF_NIA_2_23//20170427-VeryMax/ITS/From_T2__ex36.t2__p30861_safety_0.smt2 : 750 ms.
--------------------------------------------------
sat
../QF_NIA_split/QF_NIA_2_23//20170427-VeryMax/ITS/From_T2__ex36.t2__p30871_safety_0.smt2 : 1092 ms.
--------------------------------------------------
sat
../QF_NIA_split/QF_NIA_2_23//20170427-VeryMax/ITS/From_T2__ex36.t2__p30875_safety_0.smt2 : 546 ms.
--------------------------------------------------
sat
../QF_NIA_split/QF_NIA_2_23//20170427-VeryMax/ITS/From_T2__ex36.t2__p30885_safety_0.smt2 : 599 ms.
--------------------------------------------------
sat
../QF_NIA_split/QF_NIA_2_23//20170427-VeryMax/ITS/From_T2__ex36.t2__p30887_safety_0.smt2 : 62471 ms.
--------------------------------------------------
sat
../QF_NIA_split/QF_NIA_2_23//20170427-VeryMax/ITS/From_T2__ex36.t2__p30889_safety_0.smt2 : 3497 ms.
--------------------------------------------------
sat
../QF_NIA_split/QF_NIA_2_23//20170427-VeryMax/ITS/From_T2__ex36.t2__p30905_safety_0.smt2 : 480 ms.
--------------------------------------------------
sat
../QF_NIA_split/QF_NIA_2_23//20170427-VeryMax/ITS/From_T2__ex36.t2__p30909_safety_0.smt2 : 1091 ms.
--------------------------------------------------
sat
../QF_NIA_split/QF_NIA_2_23//20170427-VeryMax/ITS/From_T2__ex36.t2__p30917_safety_0.smt2 : 75263 ms.
--------------------------------------------------
sat
../QF_NIA_split/QF_NIA_2_23//20170427-VeryMax/ITS/From_T2__ex36.t2__p30927_safety_0.smt2 : 783 ms.
--------------------------------------------------
../QF_NIA_split/QF_NIA_2_23//20170427-VeryMax/ITS/From_T2__ex36.t2__p30951_safety_0.smt2 : 601005 ms.
--------------------------------------------------
sat
../QF_NIA_split/QF_NIA_2_23//20170427-VeryMax/ITS/From_T2__ex36.t2__p30959_safety_0.smt2 : 13787 ms.
--------------------------------------------------
sat
../QF_NIA_split/QF_NIA_2_23//20170427-VeryMax/ITS/From_T2__ex36.t2__p30963_safety_0.smt2 : 489 ms.
--------------------------------------------------
sat
../QF_NIA_split/QF_NIA_2_23//20170427-VeryMax/ITS/From_T2__ex36.t2__p30973_safety_0.smt2 : 629 ms.
--------------------------------------------------
sat
../QF_NIA_split/QF_NIA_2_23//20170427-VeryMax/ITS/From_T2__ex36.t2__p30979_safety_0.smt2 : 1281 ms.
--------------------------------------------------
sat
../QF_NIA_split/QF_NIA_2_23//20170427-VeryMax/ITS/From_T2__ex36.t2__p30982_safety_0.smt2 : 567 ms.
--------------------------------------------------
sat
../QF_NIA_split/QF_NIA_2_23//20170427-VeryMax/ITS/From_T2__ex36.t2__p31053_safety_0.smt2 : 1160 ms.
--------------------------------------------------
sat
../QF_NIA_split/QF_NIA_2_23//20170427-VeryMax/ITS/From_T2__ex36.t2__p31057_safety_0.smt2 : 1545 ms.
--------------------------------------------------
sat
../QF_NIA_split/QF_NIA_2_23//20170427-VeryMax/ITS/From_T2__ex36.t2__p31071_safety_0.smt2 : 442 ms.
--------------------------------------------------
unsat
../QF_NIA_split/QF_NIA_2_23//20170427-VeryMax/ITS/From_T2__ex36.t2__p31090_safety_0.smt2 : 98 ms.
--------------------------------------------------
../QF_NIA_split/QF_NIA_2_23//20170427-VeryMax/ITS/From_T2__ex36.t2__p31091_safety_0.smt2 : 601006 ms.
--------------------------------------------------
sat
../QF_NIA_split/QF_NIA_2_23//20170427-VeryMax/ITS/From_T2__ex36.t2__p31135_safety_0.smt2 : 1865 ms.
--------------------------------------------------
sat
../QF_NIA_split/QF_NIA_2_23//20170427-VeryMax/ITS/From_T2__ex36.t2__p31137_safety_0.smt2 : 6373 ms.
--------------------------------------------------
sat
../QF_NIA_split/QF_NIA_2_23//20170427-VeryMax/ITS/From_T2__ex36.t2__p31139_safety_0.smt2 : 8199 ms.
--------------------------------------------------
sat
../QF_NIA_split/QF_NIA_2_23//20170427-VeryMax/ITS/From_T2__ex36.t2__p31141_safety_0.smt2 : 205901 ms.
--------------------------------------------------
sat
../QF_NIA_split/QF_NIA_2_23//20170427-VeryMax/ITS/From_T2__ex36.t2__p31149_safety_0.smt2 : 10839 ms.
--------------------------------------------------
unsat
../QF_NIA_split/QF_NIA_2_23//20170427-VeryMax/ITS/From_T2__ex36.t2__p31188_safety_0.smt2 : 9561 ms.
--------------------------------------------------
../QF_NIA_split/QF_NIA_2_23//20170427-VeryMax/ITS/From_T2__ex36.t2__p31189_safety_0.smt2 : 601005 ms.
--------------------------------------------------
../QF_NIA_split/QF_NIA_2_23//20170427-VeryMax/ITS/From_T2__ex36.t2__p31203_safety_0.smt2 : 601006 ms.
--------------------------------------------------
sat
../QF_NIA_split/QF_NIA_2_23//20170427-VeryMax/ITS/From_T2__ex36.t2__p31204_safety_0.smt2 : 4092 ms.
--------------------------------------------------
sat
../QF_NIA_split/QF_NIA_2_23//20170427-VeryMax/ITS/From_T2__ex36.t2__p31213_safety_0.smt2 : 2104 ms.
--------------------------------------------------
unsat
../QF_NIA_split/QF_NIA_2_23//20170427-VeryMax/ITS/From_T2__ex36.t2__p31220_safety_0.smt2 : 1084 ms.
--------------------------------------------------
../QF_NIA_split/QF_NIA_2_23//20170427-VeryMax/ITS/From_T2__ex36.t2__p31223_safety_0.smt2 : 601006 ms.
--------------------------------------------------
sat
../QF_NIA_split/QF_NIA_2_23//20170427-VeryMax/ITS/From_T2__ex36.t2__p31231_safety_0.smt2 : 985 ms.
--------------------------------------------------
unknown
../QF_NIA_split/QF_NIA_2_23//20170427-VeryMax/ITS/From_T2__ex36.t2__p31254_safety_0.smt2 : 600950 ms.
--------------------------------------------------
../QF_NIA_split/QF_NIA_2_23//20170427-VeryMax/ITS/From_T2__ex36.t2__p31255_safety_0.smt2 : 601005 ms.
--------------------------------------------------
sat
../QF_NIA_split/QF_NIA_2_23//20170427-VeryMax/ITS/From_T2__ex36.t2__p31281_safety_0.smt2 : 720 ms.
--------------------------------------------------
sat
../QF_NIA_split/QF_NIA_2_23//20170427-VeryMax/ITS/From_T2__ex36.t2__p31283_safety_0.smt2 : 6125 ms.
--------------------------------------------------
sat
../QF_NIA_split/QF_NIA_2_23//20170427-VeryMax/ITS/From_T2__ex36.t2__p31307_safety_0.smt2 : 1006 ms.
--------------------------------------------------
sat
../QF_NIA_split/QF_NIA_2_23//20170427-VeryMax/ITS/From_T2__ex36.t2__p31323_safety_0.smt2 : 869 ms.
--------------------------------------------------
sat
../QF_NIA_split/QF_NIA_2_23//20170427-VeryMax/ITS/From_T2__ex36.t2__p31325_safety_0.smt2 : 16541 ms.
--------------------------------------------------
../QF_NIA_split/QF_NIA_2_23//20170427-VeryMax/ITS/From_T2__ex36.t2__p31332_safety_0.smt2 : 601008 ms.
--------------------------------------------------
sat
../QF_NIA_split/QF_NIA_2_23//20170427-VeryMax/ITS/From_T2__ex36.t2__p31333_safety_0.smt2 : 584 ms.
--------------------------------------------------
sat
../QF_NIA_split/QF_NIA_2_23//20170427-VeryMax/ITS/From_T2__ex36.t2__p31335_safety_0.smt2 : 669 ms.
--------------------------------------------------
sat
../QF_NIA_split/QF_NIA_2_23//20170427-VeryMax/ITS/From_T2__ex36.t2__p31351_safety_0.smt2 : 1545 ms.
--------------------------------------------------
sat
../QF_NIA_split/QF_NIA_2_23//20170427-VeryMax/ITS/From_T2__ex36.t2__p31368_safety_0.smt2 : 15075 ms.
--------------------------------------------------
unsat
../QF_NIA_split/QF_NIA_2_23//20170427-VeryMax/ITS/From_T2__ex36.t2__p31372_safety_0.smt2 : 83302 ms.
--------------------------------------------------
../QF_NIA_split/QF_NIA_2_23//20170427-VeryMax/ITS/From_T2__ex36.t2__p31375_safety_0.smt2 : 601006 ms.
--------------------------------------------------
sat
../QF_NIA_split/QF_NIA_2_23//20170427-VeryMax/ITS/From_T2__ex36.t2__p31377_safety_0.smt2 : 4473 ms.
--------------------------------------------------
sat
../QF_NIA_split/QF_NIA_2_23//20170427-VeryMax/ITS/From_T2__ex36.t2__p31381_safety_0.smt2 : 491 ms.
--------------------------------------------------
sat
../QF_NIA_split/QF_NIA_2_23//20170427-VeryMax/ITS/From_T2__ex36.t2__p31385_safety_0.smt2 : 1845 ms.
--------------------------------------------------
sat
../QF_NIA_split/QF_NIA_2_23//20170427-VeryMax/ITS/From_T2__ex36.t2__p31387_safety_0.smt2 : 2082 ms.
--------------------------------------------------
../QF_NIA_split/QF_NIA_2_23//20170427-VeryMax/ITS/From_T2__ex36.t2__p31391_safety_0.smt2 : 601006 ms.
--------------------------------------------------
sat
../QF_NIA_split/QF_NIA_2_23//20170427-VeryMax/ITS/From_T2__ex36.t2__p31394_safety_0.smt2 : 518 ms.
--------------------------------------------------
../QF_NIA_split/QF_NIA_2_23//20170427-VeryMax/ITS/From_T2__ex36.t2__p31395_safety_0.smt2 : 601007 ms.
--------------------------------------------------
sat
../QF_NIA_split/QF_NIA_2_23//20170427-VeryMax/ITS/From_T2__ex36.t2__p31397_safety_0.smt2 : 1400 ms.
--------------------------------------------------
sat
../QF_NIA_split/QF_NIA_2_23//20170427-VeryMax/ITS/From_T2__ex36.t2__p31410_safety_0.smt2 : 878 ms.
--------------------------------------------------
sat
../QF_NIA_split/QF_NIA_2_23//20170427-VeryMax/ITS/From_T2__ex36.t2__p31417_safety_0.smt2 : 690 ms.
--------------------------------------------------
sat
../QF_NIA_split/QF_NIA_2_23//20170427-VeryMax/ITS/From_T2__ex36.t2__p31420_safety_0.smt2 : 365 ms.
--------------------------------------------------
unsat
../QF_NIA_split/QF_NIA_2_23//20170427-VeryMax/ITS/From_T2__ex36.t2__p31426_safety_0.smt2 : 426 ms.
--------------------------------------------------
../QF_NIA_split/QF_NIA_2_23//20170427-VeryMax/ITS/From_T2__ex36.t2__p31427_safety_0.smt2 : 601005 ms.
--------------------------------------------------
sat
../QF_NIA_split/QF_NIA_2_23//20170427-VeryMax/ITS/From_T2__ex36.t2__p31428_safety_0.smt2 : 533 ms.
--------------------------------------------------
sat
../QF_NIA_split/QF_NIA_2_23//20170427-VeryMax/ITS/From_T2__ex36.t2__p31431_safety_0.smt2 : 1729 ms.
--------------------------------------------------
sat
../QF_NIA_split/QF_NIA_2_23//20170427-VeryMax/ITS/From_T2__ex36.t2__p31445_safety_0.smt2 : 12443 ms.
--------------------------------------------------
sat
../QF_NIA_split/QF_NIA_2_23//20170427-VeryMax/ITS/From_T2__ex36.t2__p31456_safety_0.smt2 : 2630 ms.
--------------------------------------------------
sat
../QF_NIA_split/QF_NIA_2_23//20170427-VeryMax/ITS/From_T2__ex36.t2__p31461_safety_0.smt2 : 2225 ms.
--------------------------------------------------
sat
../QF_NIA_split/QF_NIA_2_23//20170427-VeryMax/ITS/From_T2__ex36.t2__p31474_safety_0.smt2 : 466 ms.
--------------------------------------------------
sat
../QF_NIA_split/QF_NIA_2_23//20170427-VeryMax/ITS/From_T2__ex36.t2__p31483_safety_0.smt2 : 963 ms.
--------------------------------------------------
sat
../QF_NIA_split/QF_NIA_2_23//20170427-VeryMax/ITS/From_T2__ex36.t2__p31491_safety_0.smt2 : 940 ms.
--------------------------------------------------
sat
../QF_NIA_split/QF_NIA_2_23//20170427-VeryMax/ITS/From_T2__ex36.t2__p31503_safety_0.smt2 : 449 ms.
--------------------------------------------------
sat
../QF_NIA_split/QF_NIA_2_23//20170427-VeryMax/ITS/From_T2__ex36.t2__p31505_safety_0.smt2 : 782 ms.
--------------------------------------------------
sat
../QF_NIA_split/QF_NIA_2_23//20170427-VeryMax/ITS/From_T2__ex36.t2__p31509_safety_0.smt2 : 2828 ms.
--------------------------------------------------
sat
../QF_NIA_split/QF_NIA_2_23//20170427-VeryMax/ITS/From_T2__ex36.t2__p31511_safety_0.smt2 : 25943 ms.
--------------------------------------------------
sat
../QF_NIA_split/QF_NIA_2_23//20170427-VeryMax/ITS/From_T2__ex36.t2__p31516_safety_0.smt2 : 584 ms.
--------------------------------------------------
sat
../QF_NIA_split/QF_NIA_2_23//20170427-VeryMax/ITS/From_T2__ex36.t2__p31526_safety_0.smt2 : 763 ms.
--------------------------------------------------
../QF_NIA_split/QF_NIA_2_23//20170427-VeryMax/ITS/From_T2__ex36.t2__p31529_safety_0.smt2 : 601005 ms.
--------------------------------------------------
sat
../QF_NIA_split/QF_NIA_2_23//20170427-VeryMax/ITS/From_T2__ex36.t2__p31533_safety_0.smt2 : 702 ms.
--------------------------------------------------
sat
../QF_NIA_split/QF_NIA_2_23//20170427-VeryMax/ITS/From_T2__ex36.t2__p31535_safety_0.smt2 : 4590 ms.
--------------------------------------------------
../QF_NIA_split/QF_NIA_2_23//20170427-VeryMax/ITS/From_T2__ex36.t2__p31537_safety_0.smt2 : 601007 ms.
--------------------------------------------------
sat
../QF_NIA_split/QF_NIA_2_23//20170427-VeryMax/ITS/From_T2__ex36.t2__p31539_safety_0.smt2 : 610 ms.
--------------------------------------------------
sat
../QF_NIA_split/QF_NIA_2_23//20170427-VeryMax/ITS/From_T2__ex36.t2__p31551_safety_0.smt2 : 732 ms.
--------------------------------------------------
sat
../QF_NIA_split/QF_NIA_2_23//20170427-VeryMax/ITS/From_T2__ex36.t2__p31561_safety_0.smt2 : 2170 ms.
--------------------------------------------------
sat
../QF_NIA_split/QF_NIA_2_23//20170427-VeryMax/ITS/From_T2__ex36.t2__p31563_safety_0.smt2 : 2608 ms.
--------------------------------------------------
sat
../QF_NIA_split/QF_NIA_2_23//20170427-VeryMax/ITS/From_T2__ex36.t2__p31569_safety_0.smt2 : 3683 ms.
--------------------------------------------------
../QF_NIA_split/QF_NIA_2_23//20170427-VeryMax/ITS/From_T2__ex36.t2__p31579_safety_0.smt2 : 601005 ms.
--------------------------------------------------
unknown
../QF_NIA_split/QF_NIA_2_23//20170427-VeryMax/ITS/From_T2__ex36.t2__p31590_safety_0.smt2 : 601006 ms.
--------------------------------------------------
../QF_NIA_split/QF_NIA_2_23//20170427-VeryMax/ITS/From_T2__ex36.t2__p31591_safety_0.smt2 : 601006 ms.
--------------------------------------------------
unsat
../QF_NIA_split/QF_NIA_2_23//20170427-VeryMax/ITS/From_T2__ex36.t2__p31596_safety_0.smt2 : 40010 ms.
--------------------------------------------------
../QF_NIA_split/QF_NIA_2_23//20170427-VeryMax/ITS/From_T2__ex36.t2__p31597_safety_0.smt2 : 601005 ms.
--------------------------------------------------
../QF_NIA_split/QF_NIA_2_23//20170427-VeryMax/ITS/From_T2__ex36.t2__p31598_safety_0.smt2 : 601005 ms.
--------------------------------------------------
../QF_NIA_split/QF_NIA_2_23//20170427-VeryMax/ITS/From_T2__ex36.t2__p31599_safety_0.smt2 : 601005 ms.
--------------------------------------------------
sat
../QF_NIA_split/QF_NIA_2_23//20170427-VeryMax/ITS/From_T2__ex36.t2__p31601_safety_0.smt2 : 958 ms.
--------------------------------------------------
sat
../QF_NIA_split/QF_NIA_2_23//20170427-VeryMax/ITS/From_T2__ex36.t2__p31611_safety_0.smt2 : 872 ms.
--------------------------------------------------
sat
../QF_NIA_split/QF_NIA_2_23//20170427-VeryMax/ITS/From_T2__ex36.t2__p31623_safety_0.smt2 : 464 ms.
--------------------------------------------------
unsat
../QF_NIA_split/QF_NIA_2_23//20170427-VeryMax/ITS/From_T2__ex36.t2__p31644_safety_0.smt2 : 7494 ms.
--------------------------------------------------
../QF_NIA_split/QF_NIA_2_23//20170427-VeryMax/ITS/From_T2__ex36.t2__p31646_safety_0.smt2 : 601005 ms.
--------------------------------------------------
unknown
../QF_NIA_split/QF_NIA_2_23//20170427-VeryMax/ITS/From_T2__ex36.t2__p31648_safety_0.smt2 : 600601 ms.
--------------------------------------------------
../QF_NIA_split/QF_NIA_2_23//20170427-VeryMax/ITS/From_T2__ex36.t2__p31649_safety_0.smt2 : 601005 ms.
--------------------------------------------------
sat
../QF_NIA_split/QF_NIA_2_23//20170427-VeryMax/ITS/From_T2__ex36.t2__p31653_safety_0.smt2 : 732 ms.
--------------------------------------------------
sat
../QF_NIA_split/QF_NIA_2_23//20170427-VeryMax/ITS/From_T2__ex36.t2__p31659_safety_0.smt2 : 909 ms.
--------------------------------------------------
../QF_NIA_split/QF_NIA_2_23//20170427-VeryMax/ITS/From_T2__ex36.t2__p31667_safety_0.smt2 : 601005 ms.
--------------------------------------------------
sat
../QF_NIA_split/QF_NIA_2_23//20170427-VeryMax/ITS/From_T2__ex36.t2__p31669_safety_0.smt2 : 14230 ms.
--------------------------------------------------
sat
../QF_NIA_split/QF_NIA_2_23//20170427-VeryMax/ITS/From_T2__ex36.t2__p31685_safety_0.smt2 : 687 ms.
--------------------------------------------------
unknown
../QF_NIA_split/QF_NIA_2_23//20170427-VeryMax/ITS/From_T2__ex36.t2__p31696_safety_0.smt2 : 600795 ms.
--------------------------------------------------
../QF_NIA_split/QF_NIA_2_23//20170427-VeryMax/ITS/From_T2__ex36.t2__p31698_safety_0.smt2 : 601005 ms.
--------------------------------------------------
unsat
../QF_NIA_split/QF_NIA_2_23//20170427-VeryMax/ITS/From_T2__ex36.t2__p31700_safety_0.smt2 : 75840 ms.
--------------------------------------------------
../QF_NIA_split/QF_NIA_2_23//20170427-VeryMax/ITS/From_T2__ex36.t2__p31701_safety_0.smt2 : 601006 ms.
--------------------------------------------------
sat
../QF_NIA_split/QF_NIA_2_23//20170427-VeryMax/ITS/From_T2__ex36.t2__p31717_safety_0.smt2 : 13261 ms.
--------------------------------------------------
unsat
../QF_NIA_split/QF_NIA_2_23//20170427-VeryMax/ITS/From_T2__ex36.t2__p31718_safety_0.smt2 : 14685 ms.
--------------------------------------------------
../QF_NIA_split/QF_NIA_2_23//20170427-VeryMax/ITS/From_T2__ex36.t2__p31719_safety_0.smt2 : 601006 ms.
--------------------------------------------------
../QF_NIA_split/QF_NIA_2_23//20170427-VeryMax/ITS/From_T2__ex36.t2__p31721_safety_0.smt2 : 601005 ms.
--------------------------------------------------
sat
../QF_NIA_split/QF_NIA_2_23//20170427-VeryMax/ITS/From_T2__ex36.t2__p31725_safety_0.smt2 : 464 ms.
--------------------------------------------------
../QF_NIA_split/QF_NIA_2_23//20170427-VeryMax/ITS/From_T2__ex36.t2__p31733_safety_0.smt2 : 601006 ms.
--------------------------------------------------
sat
../QF_NIA_split/QF_NIA_2_23//20170427-VeryMax/ITS/From_T2__ex36.t2__p31735_safety_0.smt2 : 469 ms.
--------------------------------------------------
sat
../QF_NIA_split/QF_NIA_2_23//20170427-VeryMax/ITS/From_T2__ex36.t2__p31743_safety_0.smt2 : 54303 ms.
--------------------------------------------------
sat
../QF_NIA_split/QF_NIA_2_23//20170427-VeryMax/ITS/From_T2__ex36.t2__p31751_safety_0.smt2 : 654 ms.
--------------------------------------------------
sat
../QF_NIA_split/QF_NIA_2_23//20170427-VeryMax/ITS/From_T2__ex36.t2__p31767_safety_0.smt2 : 1898 ms.
--------------------------------------------------
../QF_NIA_split/QF_NIA_2_23//20170427-VeryMax/ITS/From_T2__ex36.t2__p31769_safety_0.smt2 : 601006 ms.
--------------------------------------------------
unsat
../QF_NIA_split/QF_NIA_2_23//20170427-VeryMax/ITS/From_T2__ex36.t2__p31784_safety_0.smt2 : 166 ms.
--------------------------------------------------
../QF_NIA_split/QF_NIA_2_23//20170427-VeryMax/ITS/From_T2__ex36.t2__p31786_safety_0.smt2 : 601007 ms.
--------------------------------------------------
sat
../QF_NIA_split/QF_NIA_2_23//20170427-VeryMax/ITS/From_T2__ex36.t2__p31787_safety_0.smt2 : 9926 ms.
--------------------------------------------------
sat
../QF_NIA_split/QF_NIA_2_23//20170427-VeryMax/ITS/From_T2__ex36.t2__p31805_safety_0.smt2 : 1397 ms.
--------------------------------------------------
sat
../QF_NIA_split/QF_NIA_2_23//20170427-VeryMax/ITS/From_T2__ex36.t2__p31809_safety_0.smt2 : 6650 ms.
--------------------------------------------------
../QF_NIA_split/QF_NIA_2_23//20170427-VeryMax/ITS/From_T2__ex36.t2__p31815_safety_0.smt2 : 601005 ms.
--------------------------------------------------
../QF_NIA_split/QF_NIA_2_23//20170427-VeryMax/ITS/From_T2__ex36.t2__p31818_safety_0.smt2 : 601005 ms.
--------------------------------------------------
sat
../QF_NIA_split/QF_NIA_2_23//20170427-VeryMax/ITS/From_T2__ex36.t2__p31821_safety_0.smt2 : 13585 ms.
--------------------------------------------------
unknown
../QF_NIA_split/QF_NIA_2_23//20170427-VeryMax/ITS/From_T2__ex36.t2__p31823_safety_0.smt2 : 600609 ms.
--------------------------------------------------
../QF_NIA_split/QF_NIA_2_23//20170427-VeryMax/ITS/From_T2__ex36.t2__p31824_safety_0.smt2 : 601005 ms.
--------------------------------------------------
../QF_NIA_split/QF_NIA_2_23//20170427-VeryMax/ITS/From_T2__ex36.t2__p31825_safety_0.smt2 : 601005 ms.
--------------------------------------------------
sat
../QF_NIA_split/QF_NIA_2_23//20170427-VeryMax/ITS/From_T2__ex36.t2__p31837_safety_0.smt2 : 1052 ms.
--------------------------------------------------
../QF_NIA_split/QF_NIA_2_23//20170427-VeryMax/ITS/From_T2__ex36.t2__p31839_safety_0.smt2 : 601005 ms.
--------------------------------------------------
sat
../QF_NIA_split/QF_NIA_2_23//20170427-VeryMax/ITS/From_T2__ex36.t2__p31841_safety_0.smt2 : 753 ms.
--------------------------------------------------
../QF_NIA_split/QF_NIA_2_23//20170427-VeryMax/ITS/From_T2__ex36.t2__p31843_safety_0.smt2 : 601005 ms.
--------------------------------------------------
sat
../QF_NIA_split/QF_NIA_2_23//20170427-VeryMax/ITS/From_T2__ex36.t2__p31845_safety_0.smt2 : 474 ms.
--------------------------------------------------
unsat
../QF_NIA_split/QF_NIA_2_23//20170427-VeryMax/ITS/From_T2__ex36.t2__p31852_safety_0.smt2 : 76 ms.
--------------------------------------------------
../QF_NIA_split/QF_NIA_2_23//20170427-VeryMax/ITS/From_T2__ex36.t2__p31853_safety_0.smt2 : 601007 ms.
--------------------------------------------------
sat
../QF_NIA_split/QF_NIA_2_23//20170427-VeryMax/ITS/From_T2__ex36.t2__p31863_safety_0.smt2 : 13332 ms.
--------------------------------------------------
sat
../QF_NIA_split/QF_NIA_2_23//20170427-VeryMax/ITS/From_T2__ex36.t2__p31869_safety_0.smt2 : 529 ms.
--------------------------------------------------
sat
../QF_NIA_split/QF_NIA_2_23//20170427-VeryMax/ITS/From_T2__ex36.t2__p31877_safety_0.smt2 : 1058 ms.
--------------------------------------------------
sat
../QF_NIA_split/QF_NIA_2_23//20170427-VeryMax/ITS/From_T2__ex36.t2__p31906_safety_0.smt2 : 991 ms.
--------------------------------------------------
sat
../QF_NIA_split/QF_NIA_2_23//20170427-VeryMax/ITS/From_T2__ex36.t2__p31909_safety_0.smt2 : 496 ms.
--------------------------------------------------
sat
../QF_NIA_split/QF_NIA_2_23//20170427-VeryMax/ITS/From_T2__ex36.t2__p31913_safety_0.smt2 : 416 ms.
--------------------------------------------------
sat
../QF_NIA_split/QF_NIA_2_23//20170427-VeryMax/ITS/From_T2__ex36.t2__p31917_safety_0.smt2 : 1042 ms.
--------------------------------------------------
unsat
../QF_NIA_split/QF_NIA_2_23//20170427-VeryMax/ITS/From_T2__ex36.t2__p31925_safety_0.smt2 : 3988 ms.
--------------------------------------------------
sat
../QF_NIA_split/QF_NIA_2_23//20170427-VeryMax/ITS/From_T2__ex36.t2__p31926_safety_0.smt2 : 1345 ms.
--------------------------------------------------
../QF_NIA_split/QF_NIA_2_23//20170427-VeryMax/ITS/From_T2__ex36.t2__p31927_safety_0.smt2 : 601005 ms.
--------------------------------------------------
sat
../QF_NIA_split/QF_NIA_2_23//20170427-VeryMax/ITS/From_T2__ex36.t2__p31929_safety_0.smt2 : 768 ms.
--------------------------------------------------
unsat
../QF_NIA_split/QF_NIA_2_23//20170427-VeryMax/ITS/From_T2__ex36.t2__p31932_safety_0.smt2 : 6958 ms.
--------------------------------------------------
../QF_NIA_split/QF_NIA_2_23//20170427-VeryMax/ITS/From_T2__ex36.t2__p31933_safety_0.smt2 : 601005 ms.
--------------------------------------------------
sat
../QF_NIA_split/QF_NIA_2_23//20170427-VeryMax/ITS/From_T2__ex36.t2__p31939_safety_0.smt2 : 1848 ms.
--------------------------------------------------
sat
../QF_NIA_split/QF_NIA_2_23//20170427-VeryMax/ITS/From_T2__ex36.t2__p31940_safety_0.smt2 : 1606 ms.
--------------------------------------------------
../QF_NIA_split/QF_NIA_2_23//20170427-VeryMax/ITS/From_T2__ex36.t2__p31941_safety_0.smt2 : 601005 ms.
--------------------------------------------------
../QF_NIA_split/QF_NIA_2_23//20170427-VeryMax/ITS/From_T2__ex36.t2__p31955_safety_0.smt2 : 601006 ms.
--------------------------------------------------
unsat
../QF_NIA_split/QF_NIA_2_23//20170427-VeryMax/ITS/From_T2__ex36.t2__p31956_safety_0.smt2 : 13443 ms.
--------------------------------------------------
../QF_NIA_split/QF_NIA_2_23//20170427-VeryMax/ITS/From_T2__ex36.t2__p31957_safety_0.smt2 : 601005 ms.
--------------------------------------------------
sat
../QF_NIA_split/QF_NIA_2_23//20170427-VeryMax/ITS/From_T2__ex36.t2__p31961_safety_0.smt2 : 3855 ms.
--------------------------------------------------
sat
../QF_NIA_split/QF_NIA_2_23//20170427-VeryMax/ITS/From_T2__ex36.t2__p31963_safety_0.smt2 : 922 ms.
--------------------------------------------------
unknown
../QF_NIA_split/QF_NIA_2_23//20170427-VeryMax/ITS/From_T2__ex36.t2__p31964_safety_0.smt2 : 600355 ms.
--------------------------------------------------
../QF_NIA_split/QF_NIA_2_23//20170427-VeryMax/ITS/From_T2__ex36.t2__p31965_safety_0.smt2 : 601005 ms.
--------------------------------------------------
unsat
../QF_NIA_split/QF_NIA_2_23//20170427-VeryMax/ITS/From_T2__ex36.t2__p31966_safety_0.smt2 : 73 ms.
--------------------------------------------------
../QF_NIA_split/QF_NIA_2_23//20170427-VeryMax/ITS/From_T2__ex36.t2__p31967_safety_0.smt2 : 601005 ms.
--------------------------------------------------
sat
../QF_NIA_split/QF_NIA_2_23//20170427-VeryMax/ITS/From_T2__ex36.t2__p31969_safety_0.smt2 : 4332 ms.
--------------------------------------------------
sat
../QF_NIA_split/QF_NIA_2_23//20170427-VeryMax/ITS/From_T2__ex36.t2__p31995_safety_0.smt2 : 423 ms.
--------------------------------------------------
sat
../QF_NIA_split/QF_NIA_2_23//20170427-VeryMax/ITS/From_T2__ex36.t2__p32000_safety_0.smt2 : 492 ms.
--------------------------------------------------
sat
../QF_NIA_split/QF_NIA_2_23//20170427-VeryMax/ITS/From_T2__ex36.t2__p32007_safety_0.smt2 : 4087 ms.
--------------------------------------------------
sat
../QF_NIA_split/QF_NIA_2_23//20170427-VeryMax/ITS/From_T2__ex36.t2__p32014_safety_0.smt2 : 3012 ms.
--------------------------------------------------
sat
../QF_NIA_split/QF_NIA_2_23//20170427-VeryMax/ITS/From_T2__ex36.t2__p32020_safety_0.smt2 : 794 ms.
--------------------------------------------------
unsat
../QF_NIA_split/QF_NIA_2_23//20170427-VeryMax/ITS/From_T2__ex36.t2__p32037_safety_0.smt2 : 131 ms.
--------------------------------------------------
../QF_NIA_split/QF_NIA_2_23//20170427-VeryMax/ITS/From_T2__ex36.t2__p32038_safety_0.smt2 : 601005 ms.
--------------------------------------------------
../QF_NIA_split/QF_NIA_2_23//20170427-VeryMax/ITS/From_T2__ex36.t2__p32047_safety_0.smt2 : 601006 ms.
--------------------------------------------------
sat
../QF_NIA_split/QF_NIA_2_23//20170427-VeryMax/ITS/From_T2__ex36.t2__p32048_safety_0.smt2 : 1919 ms.
--------------------------------------------------
sat
../QF_NIA_split/QF_NIA_2_23//20170427-VeryMax/ITS/From_T2__ex36.t2__p32067_safety_0.smt2 : 843 ms.
--------------------------------------------------
unknown
../QF_NIA_split/QF_NIA_2_23//20170427-VeryMax/ITS/From_T2__ex36.t2__p32070_safety_0.smt2 : 601005 ms.
--------------------------------------------------
../QF_NIA_split/QF_NIA_2_23//20170427-VeryMax/ITS/From_T2__ex36.t2__p32071_safety_0.smt2 : 601005 ms.
--------------------------------------------------
sat
../QF_NIA_split/QF_NIA_2_23//20170427-VeryMax/ITS/From_T2__ex36.t2__p32075_safety_0.smt2 : 13308 ms.
--------------------------------------------------
sat
../QF_NIA_split/QF_NIA_2_23//20170427-VeryMax/ITS/From_T2__ex36.t2__p32081_safety_0.smt2 : 1961 ms.
--------------------------------------------------
sat
../QF_NIA_split/QF_NIA_2_23//20170427-VeryMax/ITS/From_T2__ex36.t2__p32105_safety_0.smt2 : 2181 ms.
--------------------------------------------------
sat
../QF_NIA_split/QF_NIA_2_23//20170427-VeryMax/ITS/From_T2__ex36.t2__p32131_safety_0.smt2 : 16398 ms.
--------------------------------------------------
sat
../QF_NIA_split/QF_NIA_2_23//20170427-VeryMax/ITS/From_T2__ex36.t2__p32147_safety_0.smt2 : 620 ms.
--------------------------------------------------
sat
../QF_NIA_split/QF_NIA_2_23//20170427-VeryMax/ITS/From_T2__ex36.t2__p32150_safety_0.smt2 : 607 ms.
--------------------------------------------------
sat
../QF_NIA_split/QF_NIA_2_23//20170427-VeryMax/ITS/From_T2__ex36.t2__p32151_safety_0.smt2 : 5823 ms.
--------------------------------------------------
sat
../QF_NIA_split/QF_NIA_2_23//20170427-VeryMax/ITS/From_T2__ex36.t2__p32162_safety_0.smt2 : 1188 ms.
--------------------------------------------------
sat
../QF_NIA_split/QF_NIA_2_23//20170427-VeryMax/ITS/From_T2__ex36.t2__p32163_safety_0.smt2 : 9882 ms.
--------------------------------------------------
sat
../QF_NIA_split/QF_NIA_2_23//20170427-VeryMax/ITS/From_T2__ex36.t2__p32166_safety_0.smt2 : 694 ms.
--------------------------------------------------
unsat
../QF_NIA_split/QF_NIA_2_23//20170427-VeryMax/ITS/From_T2__ex40.t2__p32191_terminationG_0.smt2 : 23 ms.
--------------------------------------------------
unsat
../QF_NIA_split/QF_NIA_2_23//20170427-VeryMax/ITS/From_T2__ex40.t2__p32192_terminationG_0.smt2 : 73 ms.
--------------------------------------------------
unsat
../QF_NIA_split/QF_NIA_2_23//20170427-VeryMax/ITS/From_T2__ex40.t2__p32193_terminationG_0.smt2 : 901 ms.
--------------------------------------------------
unsat
../QF_NIA_split/QF_NIA_2_23//20170427-VeryMax/ITS/From_T2__ex40.t2__p32196_terminationG_0.smt2 : 35 ms.
--------------------------------------------------
unsat
../QF_NIA_split/QF_NIA_2_23//20170427-VeryMax/ITS/From_T2__ex40.t2__p32197_terminationG_0.smt2 : 147 ms.
--------------------------------------------------
unsat
../QF_NIA_split/QF_NIA_2_23//20170427-VeryMax/ITS/From_T2__ex40.t2__p32198_terminationG_0.smt2 : 1005 ms.
--------------------------------------------------
sat
../QF_NIA_split/QF_NIA_2_23//20170427-VeryMax/ITS/From_T2__ex40.t2__p32201_edge_closing_0.smt2 : 26 ms.
--------------------------------------------------
unsat
../QF_NIA_split/QF_NIA_2_23//20170427-VeryMax/ITS/From_T2__ex40.t2__terminationQ_1_0.smt2 : 43 ms.
