--------------------------------------------------
First to ismt, cur time 0 s.
../../QF_NIA_split/QF_NIA_2_22//20170427-VeryMax/ITS/From_T2__db2.t2_fixed__p18719_terminationG_0.smt2 : 1200055 ms.
--------------------------------------------------
First to ismt, cur time 0 s.
../../QF_NIA_split/QF_NIA_2_22//20170427-VeryMax/ITS/From_T2__db2.t2_fixed__p18720_terminationG_0.smt2 : 1200031 ms.
--------------------------------------------------
First to ismt, cur time 0 s.
../../QF_NIA_split/QF_NIA_2_22//20170427-VeryMax/ITS/From_T2__db2.t2_fixed__p18721_terminationG_0.smt2 : 1200061 ms.
--------------------------------------------------
First to ismt, cur time 0 s.
../../QF_NIA_split/QF_NIA_2_22//20170427-VeryMax/ITS/From_T2__db2.t2_fixed__p18724_edge_closing_0.smt2 : 1200051 ms.
--------------------------------------------------
First to ismt, cur time 0 s.
../../QF_NIA_split/QF_NIA_2_22//20170427-VeryMax/ITS/From_T2__db2.t2_fixed__p18725_edge_closing_0.smt2 : 1200040 ms.
--------------------------------------------------
First to ismt, cur time 0 s.
../../QF_NIA_split/QF_NIA_2_22//20170427-VeryMax/ITS/From_T2__db2.t2_fixed__p18726_edge_closing_0.smt2 : 1200040 ms.
--------------------------------------------------
First to ismt, cur time 0 s.
ismt: sat (2 bits).
../../QF_NIA_split/QF_NIA_2_22//20170427-VeryMax/ITS/From_T2__db2.t2_fixed__p18728_edge_closing_0.smt2 : 1029724 ms.
--------------------------------------------------
First to ismt, cur time 0 s.
../../QF_NIA_split/QF_NIA_2_22//20170427-VeryMax/ITS/From_T2__db2.t2_fixed__p18729_edge_closing_0.smt2 : 1200015 ms.
--------------------------------------------------
First to ismt, cur time 0 s.
../../QF_NIA_split/QF_NIA_2_22//20170427-VeryMax/ITS/From_T2__db2.t2_fixed__p18730_edge_closing_0.smt2 : 1200031 ms.
--------------------------------------------------
First to ismt, cur time 0 s.
../../QF_NIA_split/QF_NIA_2_22//20170427-VeryMax/ITS/From_T2__db2.t2_fixed__terminationQ_0_0.smt2 : 1200050 ms.
--------------------------------------------------
First to ismt, cur time 0 s.
../../QF_NIA_split/QF_NIA_2_22//20170427-VeryMax/ITS/From_T2__db2.t2_fixed__terminationS_0_0.smt2 : 1200039 ms.
--------------------------------------------------
First to ismt, cur time 0 s.
../../QF_NIA_split/QF_NIA_2_22//20170427-VeryMax/ITS/From_T2__db2.t2_fixed__terminationS_10_0.smt2 : 1200030 ms.
--------------------------------------------------
First to ismt, cur time 0 s.
../../QF_NIA_split/QF_NIA_2_22//20170427-VeryMax/ITS/From_T2__db2.t2_fixed__terminationS_1_0.smt2 : 1200037 ms.
--------------------------------------------------
First to ismt, cur time 0 s.
../../QF_NIA_split/QF_NIA_2_22//20170427-VeryMax/ITS/From_T2__db2.t2_fixed__terminationS_13_0.smt2 : 1200052 ms.
--------------------------------------------------
First to ismt, cur time 0 s.
../../QF_NIA_split/QF_NIA_2_22//20170427-VeryMax/ITS/From_T2__db2.t2_fixed__terminationS_14_0.smt2 : 1200045 ms.
--------------------------------------------------
First to ismt, cur time 0 s.
../../QF_NIA_split/QF_NIA_2_22//20170427-VeryMax/ITS/From_T2__db2.t2_fixed__terminationS_15_0.smt2 : 1200059 ms.
--------------------------------------------------
First to ismt, cur time 0 s.
../../QF_NIA_split/QF_NIA_2_22//20170427-VeryMax/ITS/From_T2__db2.t2_fixed__terminationS_17_0.smt2 : 1200024 ms.
--------------------------------------------------
First to ismt, cur time 0 s.
../../QF_NIA_split/QF_NIA_2_22//20170427-VeryMax/ITS/From_T2__db2.t2_fixed__terminationS_18_0.smt2 : 1200039 ms.
--------------------------------------------------
First to ismt, cur time 0 s.
../../QF_NIA_split/QF_NIA_2_22//20170427-VeryMax/ITS/From_T2__db2.t2_fixed__terminationS_19_0.smt2 : 1200030 ms.
--------------------------------------------------
First to ismt, cur time 0 s.
../../QF_NIA_split/QF_NIA_2_22//20170427-VeryMax/ITS/From_T2__db2.t2_fixed__terminationS_20_0.smt2 : 1200023 ms.
--------------------------------------------------
First to ismt, cur time 0 s.
../../QF_NIA_split/QF_NIA_2_22//20170427-VeryMax/ITS/From_T2__db2.t2_fixed__terminationS_2_0.smt2 : 1200024 ms.
--------------------------------------------------
First to ismt, cur time 0 s.
../../QF_NIA_split/QF_NIA_2_22//20170427-VeryMax/ITS/From_T2__db2.t2_fixed__terminationS_21_0.smt2 : 1200044 ms.
--------------------------------------------------
First to ismt, cur time 0 s.
../../QF_NIA_split/QF_NIA_2_22//20170427-VeryMax/ITS/From_T2__db2.t2_fixed__terminationS_23_0.smt2 : 1200026 ms.
--------------------------------------------------
First to ismt, cur time 0 s.
../../QF_NIA_split/QF_NIA_2_22//20170427-VeryMax/ITS/From_T2__db2.t2_fixed__terminationS_24_0.smt2 : 1200042 ms.
--------------------------------------------------
First to ismt, cur time 0 s.
../../QF_NIA_split/QF_NIA_2_22//20170427-VeryMax/ITS/From_T2__db2.t2_fixed__terminationS_25_0.smt2 : 1200068 ms.
--------------------------------------------------
First to ismt, cur time 0 s.
../../QF_NIA_split/QF_NIA_2_22//20170427-VeryMax/ITS/From_T2__db2.t2_fixed__terminationS_26_0.smt2 : 1200034 ms.
--------------------------------------------------
First to ismt, cur time 0 s.
../../QF_NIA_split/QF_NIA_2_22//20170427-VeryMax/ITS/From_T2__db2.t2_fixed__terminationS_27_0.smt2 : 1200043 ms.
--------------------------------------------------
First to ismt, cur time 0 s.
../../QF_NIA_split/QF_NIA_2_22//20170427-VeryMax/ITS/From_T2__db2.t2_fixed__terminationS_28_0.smt2 : 1200044 ms.
--------------------------------------------------
First to ismt, cur time 0 s.
../../QF_NIA_split/QF_NIA_2_22//20170427-VeryMax/ITS/From_T2__db2.t2_fixed__terminationS_29_0.smt2 : 1200046 ms.
--------------------------------------------------
First to ismt, cur time 0 s.
Final to yices2, cur time 341 s.
final yices2: unsat
../../QF_NIA_split/QF_NIA_2_22//20170427-VeryMax/ITS/From_T2__db2.t2_fixed__terminationS_30_0.smt2 : 341475 ms.
--------------------------------------------------
First to ismt, cur time 0 s.
../../QF_NIA_split/QF_NIA_2_22//20170427-VeryMax/ITS/From_T2__db2.t2_fixed__terminationS_3_0.smt2 : 1200045 ms.
--------------------------------------------------
First to ismt, cur time 0 s.
../../QF_NIA_split/QF_NIA_2_22//20170427-VeryMax/ITS/From_T2__db2.t2_fixed__terminationS_4_0.smt2 : 1200043 ms.
--------------------------------------------------
First to ismt, cur time 0 s.
../../QF_NIA_split/QF_NIA_2_22//20170427-VeryMax/ITS/From_T2__db2.t2_fixed__terminationS_5_0.smt2 : 1200053 ms.
--------------------------------------------------
First to ismt, cur time 0 s.
../../QF_NIA_split/QF_NIA_2_22//20170427-VeryMax/ITS/From_T2__db2.t2_fixed__terminationS_7_0.smt2 : 1200041 ms.
--------------------------------------------------
First to ismt, cur time 0 s.
Final to yices2, cur time 656 s.
final yices2: unsat
../../QF_NIA_split/QF_NIA_2_22//20170427-VeryMax/ITS/From_T2__db2.t2_fixed__terminationS_8_0.smt2 : 657050 ms.
--------------------------------------------------
First to ismt, cur time 0 s.
../../QF_NIA_split/QF_NIA_2_22//20170427-VeryMax/ITS/From_T2__db2.t2_fixed__terminationS_9_0.smt2 : 1200033 ms.
--------------------------------------------------
First to ismt, cur time 0 s.
../../QF_NIA_split/QF_NIA_2_22//20170427-VeryMax/ITS/From_T2__db2.t2_fixed__term_unfeasibility_0_0.smt2 : 1200044 ms.
--------------------------------------------------
First to ismt, cur time 0 s.
ismt: sat (2 bits).
../../QF_NIA_split/QF_NIA_2_22//20170427-VeryMax/ITS/From_T2__db2.t2__p18737_terminationG_0.smt2 : 821564 ms.
--------------------------------------------------
First to ismt, cur time 0 s.
../../QF_NIA_split/QF_NIA_2_22//20170427-VeryMax/ITS/From_T2__db2.t2__p18738_terminationG_0.smt2 : 1200045 ms.
--------------------------------------------------
First to ismt, cur time 0 s.
../../QF_NIA_split/QF_NIA_2_22//20170427-VeryMax/ITS/From_T2__db2.t2__p18739_terminationG_0.smt2 : 1200046 ms.
--------------------------------------------------
First to ismt, cur time 0 s.
../../QF_NIA_split/QF_NIA_2_22//20170427-VeryMax/ITS/From_T2__db2.t2__p18741_edge_closing_0.smt2 : 1200056 ms.
--------------------------------------------------
First to ismt, cur time 0 s.
../../QF_NIA_split/QF_NIA_2_22//20170427-VeryMax/ITS/From_T2__db2.t2__p18742_edge_closing_0.smt2 : 1200043 ms.
--------------------------------------------------
First to ismt, cur time 0 s.
../../QF_NIA_split/QF_NIA_2_22//20170427-VeryMax/ITS/From_T2__db2.t2__p18743_edge_closing_0.smt2 : 1200053 ms.
--------------------------------------------------
First to ismt, cur time 0 s.
../../QF_NIA_split/QF_NIA_2_22//20170427-VeryMax/ITS/From_T2__db2.t2__p18745_edge_closing_0.smt2 : 1200053 ms.
--------------------------------------------------
First to ismt, cur time 0 s.
../../QF_NIA_split/QF_NIA_2_22//20170427-VeryMax/ITS/From_T2__db2.t2__p18746_edge_closing_0.smt2 : 1200044 ms.
--------------------------------------------------
First to ismt, cur time 0 s.
../../QF_NIA_split/QF_NIA_2_22//20170427-VeryMax/ITS/From_T2__db2.t2__p18747_edge_closing_0.smt2 : 1200079 ms.
--------------------------------------------------
First to ismt, cur time 0 s.
../../QF_NIA_split/QF_NIA_2_22//20170427-VeryMax/ITS/From_T2__db2.t2__terminationQ_0_0.smt2 : 1200058 ms.
--------------------------------------------------
First to ismt, cur time 0 s.
../../QF_NIA_split/QF_NIA_2_22//20170427-VeryMax/ITS/From_T2__db2.t2__terminationS_0_0.smt2 : 1200036 ms.
--------------------------------------------------
First to ismt, cur time 0 s.
../../QF_NIA_split/QF_NIA_2_22//20170427-VeryMax/ITS/From_T2__db2.t2__terminationS_10_0.smt2 : 1200055 ms.
--------------------------------------------------
First to ismt, cur time 0 s.
../../QF_NIA_split/QF_NIA_2_22//20170427-VeryMax/ITS/From_T2__db2.t2__terminationS_11_0.smt2 : 1200045 ms.
--------------------------------------------------
First to ismt, cur time 0 s.
../../QF_NIA_split/QF_NIA_2_22//20170427-VeryMax/ITS/From_T2__db2.t2__terminationS_14_0.smt2 : 1200042 ms.
--------------------------------------------------
First to ismt, cur time 0 s.
../../QF_NIA_split/QF_NIA_2_22//20170427-VeryMax/ITS/From_T2__db2.t2__terminationS_15_0.smt2 : 1200063 ms.
--------------------------------------------------
First to ismt, cur time 0 s.
../../QF_NIA_split/QF_NIA_2_22//20170427-VeryMax/ITS/From_T2__db2.t2__terminationS_18_0.smt2 : 1200039 ms.
--------------------------------------------------
First to ismt, cur time 0 s.
../../QF_NIA_split/QF_NIA_2_22//20170427-VeryMax/ITS/From_T2__db2.t2__terminationS_20_0.smt2 : 1200061 ms.
--------------------------------------------------
First to ismt, cur time 0 s.
../../QF_NIA_split/QF_NIA_2_22//20170427-VeryMax/ITS/From_T2__db2.t2__terminationS_2_0.smt2 : 1200043 ms.
--------------------------------------------------
First to ismt, cur time 0 s.
../../QF_NIA_split/QF_NIA_2_22//20170427-VeryMax/ITS/From_T2__db2.t2__terminationS_23_0.smt2 : 1200053 ms.
--------------------------------------------------
First to ismt, cur time 0 s.
../../QF_NIA_split/QF_NIA_2_22//20170427-VeryMax/ITS/From_T2__db2.t2__terminationS_24_0.smt2 : 1200042 ms.
--------------------------------------------------
First to ismt, cur time 0 s.
../../QF_NIA_split/QF_NIA_2_22//20170427-VeryMax/ITS/From_T2__db2.t2__terminationS_25_0.smt2 : 1200054 ms.
--------------------------------------------------
First to ismt, cur time 0 s.
../../QF_NIA_split/QF_NIA_2_22//20170427-VeryMax/ITS/From_T2__db2.t2__terminationS_26_0.smt2 : 1200967 ms.
--------------------------------------------------
First to ismt, cur time 0 s.
../../QF_NIA_split/QF_NIA_2_22//20170427-VeryMax/ITS/From_T2__db2.t2__terminationS_27_0.smt2 : 1224886 ms.
--------------------------------------------------
First to ismt, cur time 0 s.
../../QF_NIA_split/QF_NIA_2_22//20170427-VeryMax/ITS/From_T2__db2.t2__terminationS_28_0.smt2 : 1200111 ms.
--------------------------------------------------
First to ismt, cur time 0 s.
terminate called after throwing an instance of 'std::bad_alloc'
  what():  std::bad_alloc
timeout: the monitored command dumped core
Final to yices2, cur time 1028 s.
final yices2: unsat
../../QF_NIA_split/QF_NIA_2_22//20170427-VeryMax/ITS/From_T2__db2.t2__terminationS_29_0.smt2 : 1028123 ms.
--------------------------------------------------
First to ismt, cur time 0 s.
../../QF_NIA_split/QF_NIA_2_22//20170427-VeryMax/ITS/From_T2__db2.t2__terminationS_31_0.smt2 : 1200055 ms.
--------------------------------------------------
First to ismt, cur time 0 s.
../../QF_NIA_split/QF_NIA_2_22//20170427-VeryMax/ITS/From_T2__db2.t2__terminationS_33_0.smt2 : 1200051 ms.
--------------------------------------------------
First to ismt, cur time 0 s.
terminate called after throwing an instance of 'std::bad_alloc'
  what():  std::bad_alloc
timeout: the monitored command dumped core
../../QF_NIA_split/QF_NIA_2_22//20170427-VeryMax/ITS/From_T2__db2.t2__terminationS_34_0.smt2 : 1202978 ms.
--------------------------------------------------
First to ismt, cur time 0 s.
../../QF_NIA_split/QF_NIA_2_22//20170427-VeryMax/ITS/From_T2__db2.t2__terminationS_38_0.smt2 : 1201391 ms.
--------------------------------------------------
First to ismt, cur time 0 s.
../../QF_NIA_split/QF_NIA_2_22//20170427-VeryMax/ITS/From_T2__db2.t2__terminationS_39_0.smt2 : 1201794 ms.
--------------------------------------------------
First to ismt, cur time 0 s.
../../QF_NIA_split/QF_NIA_2_22//20170427-VeryMax/ITS/From_T2__db2.t2__terminationS_40_0.smt2 : 1200083 ms.
--------------------------------------------------
First to ismt, cur time 0 s.
terminate called after throwing an instance of 'std::bad_alloc'
  what():  std::bad_alloc
timeout: the monitored command dumped core
Final to yices2, cur time 803 s.
final yices2: unsat
../../QF_NIA_split/QF_NIA_2_22//20170427-VeryMax/ITS/From_T2__db2.t2__terminationS_4_0.smt2 : 807570 ms.
--------------------------------------------------
First to ismt, cur time 0 s.
terminate called after throwing an instance of 'std::bad_alloc'
  what():  std::bad_alloc
timeout: the monitored command dumped core
terminate called after throwing an instance of 'std::bad_alloc'
  what():  std::bad_alloc
Final to yices2, cur time 910 s.
final yices2: unsat
../../QF_NIA_split/QF_NIA_2_22//20170427-VeryMax/ITS/From_T2__db2.t2__terminationS_42_0.smt2 : 919300 ms.
--------------------------------------------------
First to ismt, cur time 0 s.
../../QF_NIA_split/QF_NIA_2_22//20170427-VeryMax/ITS/From_T2__db2.t2__terminationS_43_0.smt2 : 1229084 ms.
--------------------------------------------------
First to ismt, cur time 0 s.
../../QF_NIA_split/QF_NIA_2_22//20170427-VeryMax/ITS/From_T2__db2.t2__terminationS_44_0.smt2 : 1200148 ms.
--------------------------------------------------
First to ismt, cur time 0 s.
../../QF_NIA_split/QF_NIA_2_22//20170427-VeryMax/ITS/From_T2__db2.t2__terminationS_46_0.smt2 : 1200047 ms.
--------------------------------------------------
First to ismt, cur time 0 s.
../../QF_NIA_split/QF_NIA_2_22//20170427-VeryMax/ITS/From_T2__db2.t2__terminationS_6_0.smt2 : 1200063 ms.
--------------------------------------------------
First to ismt, cur time 0 s.
../../QF_NIA_split/QF_NIA_2_22//20170427-VeryMax/ITS/From_T2__db2.t2__terminationS_7_0.smt2 : 1200154 ms.
--------------------------------------------------
First to ismt, cur time 0 s.
terminate called after throwing an instance of 'std::bad_alloc'
  what():  std::bad_alloc
../../QF_NIA_split/QF_NIA_2_22//20170427-VeryMax/ITS/From_T2__db2.t2__terminationS_8_0.smt2 : 1203813 ms.
--------------------------------------------------
First to ismt, cur time 0 s.
../../QF_NIA_split/QF_NIA_2_22//20170427-VeryMax/ITS/From_T2__db2.t2__term_unfeasibility_0_0.smt2 : 1223378 ms.
--------------------------------------------------
First to ismt, cur time 0 s.
../../QF_NIA_split/QF_NIA_2_22//20170427-VeryMax/ITS/From_T2__db3.t2_fixed__p18754_terminationG_0.smt2 : 1201389 ms.
--------------------------------------------------
First to ismt, cur time 0 s.
terminate called after throwing an instance of 'std::bad_alloc'
  what():  std::bad_alloc
timeout: the monitored command dumped core
../../QF_NIA_split/QF_NIA_2_22//20170427-VeryMax/ITS/From_T2__db3.t2_fixed__p18755_terminationG_0.smt2 : 1203621 ms.
--------------------------------------------------
First to ismt, cur time 0 s.
../../QF_NIA_split/QF_NIA_2_22//20170427-VeryMax/ITS/From_T2__db3.t2_fixed__p18756_terminationG_0.smt2 : 1202441 ms.
--------------------------------------------------
First to ismt, cur time 0 s.
../../QF_NIA_split/QF_NIA_2_22//20170427-VeryMax/ITS/From_T2__db3.t2_fixed__p18759_edge_closing_0.smt2 : 1200086 ms.
--------------------------------------------------
First to ismt, cur time 0 s.
../../QF_NIA_split/QF_NIA_2_22//20170427-VeryMax/ITS/From_T2__db3.t2_fixed__p18760_edge_closing_0.smt2 : 1200051 ms.
--------------------------------------------------
First to ismt, cur time 0 s.
terminate called after throwing an instance of 'std::bad_alloc'
  what():  std::bad_alloc
timeout: the monitored command dumped core
../../QF_NIA_split/QF_NIA_2_22//20170427-VeryMax/ITS/From_T2__db3.t2_fixed__p18761_edge_closing_0.smt2 : 1200057 ms.
--------------------------------------------------
First to ismt, cur time 0 s.
../../QF_NIA_split/QF_NIA_2_22//20170427-VeryMax/ITS/From_T2__db3.t2_fixed__p18763_edge_closing_0.smt2 : 1200042 ms.
--------------------------------------------------
First to ismt, cur time 0 s.
../../QF_NIA_split/QF_NIA_2_22//20170427-VeryMax/ITS/From_T2__db3.t2_fixed__p18764_edge_closing_0.smt2 : 1200045 ms.
--------------------------------------------------
First to ismt, cur time 0 s.
terminate called after throwing an instance of 'std::bad_alloc'
  what():  std::bad_alloc
timeout: the monitored command dumped core
../../QF_NIA_split/QF_NIA_2_22//20170427-VeryMax/ITS/From_T2__db3.t2_fixed__p18765_edge_closing_0.smt2 : 1200039 ms.
--------------------------------------------------
First to ismt, cur time 0 s.
../../QF_NIA_split/QF_NIA_2_22//20170427-VeryMax/ITS/From_T2__db3.t2_fixed__terminationQ_0_0.smt2 : 1200051 ms.
--------------------------------------------------
First to ismt, cur time 0 s.
../../QF_NIA_split/QF_NIA_2_22//20170427-VeryMax/ITS/From_T2__db3.t2_fixed__terminationS_0_0.smt2 : 1204773 ms.
--------------------------------------------------
First to ismt, cur time 0 s.
../../QF_NIA_split/QF_NIA_2_22//20170427-VeryMax/ITS/From_T2__db3.t2_fixed__terminationS_10_0.smt2 : 1200375 ms.
--------------------------------------------------
First to ismt, cur time 0 s.
terminate called after throwing an instance of 'std::bad_alloc'
  what():  std::bad_alloc
timeout: the monitored command dumped core
Final to yices2, cur time 1137 s.
final yices2: unsat
../../QF_NIA_split/QF_NIA_2_22//20170427-VeryMax/ITS/From_T2__db3.t2_fixed__terminationS_1_0.smt2 : 1138583 ms.
--------------------------------------------------
First to ismt, cur time 0 s.
../../QF_NIA_split/QF_NIA_2_22//20170427-VeryMax/ITS/From_T2__db3.t2_fixed__terminationS_13_0.smt2 : 1200116 ms.
--------------------------------------------------
First to ismt, cur time 0 s.
../../QF_NIA_split/QF_NIA_2_22//20170427-VeryMax/ITS/From_T2__db3.t2_fixed__terminationS_14_0.smt2 : 1200042 ms.
--------------------------------------------------
First to ismt, cur time 0 s.
../../QF_NIA_split/QF_NIA_2_22//20170427-VeryMax/ITS/From_T2__db3.t2_fixed__terminationS_15_0.smt2 : 1200057 ms.
--------------------------------------------------
First to ismt, cur time 0 s.
../../QF_NIA_split/QF_NIA_2_22//20170427-VeryMax/ITS/From_T2__db3.t2_fixed__terminationS_17_0.smt2 : 1200064 ms.
--------------------------------------------------
First to ismt, cur time 0 s.
../../QF_NIA_split/QF_NIA_2_22//20170427-VeryMax/ITS/From_T2__db3.t2_fixed__terminationS_18_0.smt2 : 1200027 ms.
--------------------------------------------------
First to ismt, cur time 0 s.
../../QF_NIA_split/QF_NIA_2_22//20170427-VeryMax/ITS/From_T2__db3.t2_fixed__terminationS_19_0.smt2 : 1200053 ms.
--------------------------------------------------
First to ismt, cur time 0 s.
../../QF_NIA_split/QF_NIA_2_22//20170427-VeryMax/ITS/From_T2__db3.t2_fixed__terminationS_20_0.smt2 : 1200049 ms.
--------------------------------------------------
First to ismt, cur time 0 s.
../../QF_NIA_split/QF_NIA_2_22//20170427-VeryMax/ITS/From_T2__db3.t2_fixed__terminationS_2_0.smt2 : 1200049 ms.
--------------------------------------------------
First to ismt, cur time 0 s.
../../QF_NIA_split/QF_NIA_2_22//20170427-VeryMax/ITS/From_T2__db3.t2_fixed__terminationS_21_0.smt2 : 1200062 ms.
--------------------------------------------------
First to ismt, cur time 0 s.
../../QF_NIA_split/QF_NIA_2_22//20170427-VeryMax/ITS/From_T2__db3.t2_fixed__terminationS_23_0.smt2 : 1200048 ms.
--------------------------------------------------
First to ismt, cur time 0 s.
../../QF_NIA_split/QF_NIA_2_22//20170427-VeryMax/ITS/From_T2__db3.t2_fixed__terminationS_24_0.smt2 : 1200062 ms.
--------------------------------------------------
First to ismt, cur time 0 s.
../../QF_NIA_split/QF_NIA_2_22//20170427-VeryMax/ITS/From_T2__db3.t2_fixed__terminationS_25_0.smt2 : 1200046 ms.
--------------------------------------------------
First to ismt, cur time 0 s.
../../QF_NIA_split/QF_NIA_2_22//20170427-VeryMax/ITS/From_T2__db3.t2_fixed__terminationS_26_0.smt2 : 1200042 ms.
--------------------------------------------------
First to ismt, cur time 0 s.
../../QF_NIA_split/QF_NIA_2_22//20170427-VeryMax/ITS/From_T2__db3.t2_fixed__terminationS_27_0.smt2 : 1200057 ms.
--------------------------------------------------
First to ismt, cur time 0 s.
../../QF_NIA_split/QF_NIA_2_22//20170427-VeryMax/ITS/From_T2__db3.t2_fixed__terminationS_28_0.smt2 : 1202558 ms.
--------------------------------------------------
First to ismt, cur time 0 s.
../../QF_NIA_split/QF_NIA_2_22//20170427-VeryMax/ITS/From_T2__db3.t2_fixed__terminationS_29_0.smt2 : 1248296 ms.
--------------------------------------------------
First to ismt, cur time 0 s.
../../QF_NIA_split/QF_NIA_2_22//20170427-VeryMax/ITS/From_T2__db3.t2_fixed__terminationS_3_0.smt2 : 1200615 ms.
--------------------------------------------------
First to ismt, cur time 0 s.
../../QF_NIA_split/QF_NIA_2_22//20170427-VeryMax/ITS/From_T2__db3.t2_fixed__terminationS_31_0.smt2 : 1200042 ms.
--------------------------------------------------
First to ismt, cur time 0 s.
../../QF_NIA_split/QF_NIA_2_22//20170427-VeryMax/ITS/From_T2__db3.t2_fixed__terminationS_4_0.smt2 : 1200047 ms.
--------------------------------------------------
First to ismt, cur time 0 s.
../../QF_NIA_split/QF_NIA_2_22//20170427-VeryMax/ITS/From_T2__db3.t2_fixed__terminationS_5_0.smt2 : 1212440 ms.
--------------------------------------------------
First to ismt, cur time 0 s.
../../QF_NIA_split/QF_NIA_2_22//20170427-VeryMax/ITS/From_T2__db3.t2_fixed__terminationS_7_0.smt2 : 1200876 ms.
--------------------------------------------------
First to ismt, cur time 0 s.
terminate called after throwing an instance of 'std::bad_alloc'
  what():  std::bad_alloc
timeout: the monitored command dumped core
terminate called after throwing an instance of 'std::bad_alloc'
  what():  std::bad_alloc
timeout: the monitored command dumped core
Final to yices2, cur time 698 s.
final yices2: unsat
../../QF_NIA_split/QF_NIA_2_22//20170427-VeryMax/ITS/From_T2__db3.t2_fixed__terminationS_8_0.smt2 : 698707 ms.
--------------------------------------------------
First to ismt, cur time 0 s.
../../QF_NIA_split/QF_NIA_2_22//20170427-VeryMax/ITS/From_T2__db3.t2_fixed__terminationS_9_0.smt2 : 1200042 ms.
--------------------------------------------------
First to ismt, cur time 0 s.
../../QF_NIA_split/QF_NIA_2_22//20170427-VeryMax/ITS/From_T2__db3.t2_fixed__term_unfeasibility_0_0.smt2 : 1200071 ms.
--------------------------------------------------
First to ismt, cur time 0 s.
ismt: sat (2 bits).
../../QF_NIA_split/QF_NIA_2_22//20170427-VeryMax/ITS/From_T2__db3.t2__p18773_terminationG_0.smt2 : 881329 ms.
--------------------------------------------------
First to ismt, cur time 0 s.
../../QF_NIA_split/QF_NIA_2_22//20170427-VeryMax/ITS/From_T2__db3.t2__p18774_terminationG_0.smt2 : 1200102 ms.
--------------------------------------------------
First to ismt, cur time 0 s.
terminate called after throwing an instance of 'std::bad_alloc'
  what():  std::bad_alloc
timeout: the monitored command dumped core
../../QF_NIA_split/QF_NIA_2_22//20170427-VeryMax/ITS/From_T2__db3.t2__p18775_terminationG_0.smt2 : 1200048 ms.
--------------------------------------------------
First to ismt, cur time 0 s.
../../QF_NIA_split/QF_NIA_2_22//20170427-VeryMax/ITS/From_T2__db3.t2__p18777_edge_closing_0.smt2 : 1200057 ms.
--------------------------------------------------
First to ismt, cur time 0 s.
terminate called after throwing an instance of 'std::bad_alloc'
  what():  std::bad_alloc
timeout: the monitored command dumped core
terminate called after throwing an instance of 'std::bad_alloc'
  what():  std::bad_alloc
../../QF_NIA_split/QF_NIA_2_22//20170427-VeryMax/ITS/From_T2__db3.t2__p18778_edge_closing_0.smt2 : 1200042 ms.
--------------------------------------------------
First to ismt, cur time 0 s.
timeout: the monitored command dumped core
../../QF_NIA_split/QF_NIA_2_22//20170427-VeryMax/ITS/From_T2__db3.t2__p18779_edge_closing_0.smt2 : 1200044 ms.
--------------------------------------------------
First to ismt, cur time 0 s.
../../QF_NIA_split/QF_NIA_2_22//20170427-VeryMax/ITS/From_T2__db3.t2__p18781_edge_closing_0.smt2 : 1200047 ms.
--------------------------------------------------
First to ismt, cur time 0 s.
../../QF_NIA_split/QF_NIA_2_22//20170427-VeryMax/ITS/From_T2__db3.t2__p18782_edge_closing_0.smt2 : 1200051 ms.
--------------------------------------------------
First to ismt, cur time 0 s.
terminate called after throwing an instance of 'std::bad_alloc'
  what():  std::bad_alloc
timeout: the monitored command dumped core
../../QF_NIA_split/QF_NIA_2_22//20170427-VeryMax/ITS/From_T2__db3.t2__p18783_edge_closing_0.smt2 : 1200070 ms.
--------------------------------------------------
First to ismt, cur time 0 s.
../../QF_NIA_split/QF_NIA_2_22//20170427-VeryMax/ITS/From_T2__db3.t2__terminationQ_0_0.smt2 : 1200042 ms.
--------------------------------------------------
First to ismt, cur time 0 s.
../../QF_NIA_split/QF_NIA_2_22//20170427-VeryMax/ITS/From_T2__db3.t2__terminationS_0_0.smt2 : 1200035 ms.
--------------------------------------------------
First to ismt, cur time 0 s.
../../QF_NIA_split/QF_NIA_2_22//20170427-VeryMax/ITS/From_T2__db3.t2__terminationS_10_0.smt2 : 1200034 ms.
--------------------------------------------------
First to ismt, cur time 0 s.
terminate called after throwing an instance of 'std::bad_alloc'
  what():  std::bad_alloc
timeout: the monitored command dumped core
Final to yices2, cur time 807 s.
final yices2: unsat
../../QF_NIA_split/QF_NIA_2_22//20170427-VeryMax/ITS/From_T2__db3.t2__terminationS_11_0.smt2 : 807547 ms.
--------------------------------------------------
First to ismt, cur time 0 s.
../../QF_NIA_split/QF_NIA_2_22//20170427-VeryMax/ITS/From_T2__db3.t2__terminationS_14_0.smt2 : 1200078 ms.
--------------------------------------------------
First to ismt, cur time 0 s.
terminate called after throwing an instance of 'std::bad_alloc'
  what():  std::bad_alloc
timeout: the monitored command dumped core
../../QF_NIA_split/QF_NIA_2_22//20170427-VeryMax/ITS/From_T2__db3.t2__terminationS_15_0.smt2 : 1200072 ms.
--------------------------------------------------
First to ismt, cur time 0 s.
../../QF_NIA_split/QF_NIA_2_22//20170427-VeryMax/ITS/From_T2__db3.t2__terminationS_18_0.smt2 : 1200047 ms.
--------------------------------------------------
First to ismt, cur time 0 s.
../../QF_NIA_split/QF_NIA_2_22//20170427-VeryMax/ITS/From_T2__db3.t2__terminationS_23_0.smt2 : 1200041 ms.
--------------------------------------------------
First to ismt, cur time 0 s.
../../QF_NIA_split/QF_NIA_2_22//20170427-VeryMax/ITS/From_T2__db3.t2__terminationS_24_0.smt2 : 1200043 ms.
--------------------------------------------------
First to ismt, cur time 0 s.
../../QF_NIA_split/QF_NIA_2_22//20170427-VeryMax/ITS/From_T2__db3.t2__terminationS_25_0.smt2 : 1200053 ms.
--------------------------------------------------
First to ismt, cur time 0 s.
../../QF_NIA_split/QF_NIA_2_22//20170427-VeryMax/ITS/From_T2__db3.t2__terminationS_26_0.smt2 : 1200047 ms.
--------------------------------------------------
First to ismt, cur time 0 s.
../../QF_NIA_split/QF_NIA_2_22//20170427-VeryMax/ITS/From_T2__db3.t2__terminationS_27_0.smt2 : 1200064 ms.
--------------------------------------------------
First to ismt, cur time 0 s.
../../QF_NIA_split/QF_NIA_2_22//20170427-VeryMax/ITS/From_T2__db3.t2__terminationS_28_0.smt2 : 1200050 ms.
--------------------------------------------------
First to ismt, cur time 0 s.
../../QF_NIA_split/QF_NIA_2_22//20170427-VeryMax/ITS/From_T2__db3.t2__terminationS_29_0.smt2 : 1203525 ms.
--------------------------------------------------
First to ismt, cur time 0 s.
../../QF_NIA_split/QF_NIA_2_22//20170427-VeryMax/ITS/From_T2__db3.t2__terminationS_31_0.smt2 : 1204245 ms.
--------------------------------------------------
First to ismt, cur time 0 s.
../../QF_NIA_split/QF_NIA_2_22//20170427-VeryMax/ITS/From_T2__db3.t2__terminationS_33_0.smt2 : 1201386 ms.
--------------------------------------------------
First to ismt, cur time 0 s.
../../QF_NIA_split/QF_NIA_2_22//20170427-VeryMax/ITS/From_T2__db3.t2__terminationS_34_0.smt2 : 1200033 ms.
--------------------------------------------------
First to ismt, cur time 0 s.
Final to yices2, cur time 980 s.
final yices2: unsat
../../QF_NIA_split/QF_NIA_2_22//20170427-VeryMax/ITS/From_T2__db3.t2__terminationS_35_0.smt2 : 980374 ms.
--------------------------------------------------
First to ismt, cur time 0 s.
../../QF_NIA_split/QF_NIA_2_22//20170427-VeryMax/ITS/From_T2__db3.t2__terminationS_38_0.smt2 : 1200035 ms.
--------------------------------------------------
First to ismt, cur time 0 s.
../../QF_NIA_split/QF_NIA_2_22//20170427-VeryMax/ITS/From_T2__db3.t2__terminationS_39_0.smt2 : 1200446 ms.
--------------------------------------------------
First to ismt, cur time 0 s.
../../QF_NIA_split/QF_NIA_2_22//20170427-VeryMax/ITS/From_T2__db3.t2__terminationS_40_0.smt2 : 1200287 ms.
--------------------------------------------------
First to ismt, cur time 0 s.
../../QF_NIA_split/QF_NIA_2_22//20170427-VeryMax/ITS/From_T2__db3.t2__terminationS_4_0.smt2 : 1200041 ms.
--------------------------------------------------
First to ismt, cur time 0 s.
../../QF_NIA_split/QF_NIA_2_22//20170427-VeryMax/ITS/From_T2__db3.t2__terminationS_42_0.smt2 : 1200075 ms.
--------------------------------------------------
First to ismt, cur time 0 s.
../../QF_NIA_split/QF_NIA_2_22//20170427-VeryMax/ITS/From_T2__db3.t2__terminationS_43_0.smt2 : 1200037 ms.
--------------------------------------------------
First to ismt, cur time 0 s.
../../QF_NIA_split/QF_NIA_2_22//20170427-VeryMax/ITS/From_T2__db3.t2__terminationS_44_0.smt2 : 1200048 ms.
--------------------------------------------------
First to ismt, cur time 0 s.
../../QF_NIA_split/QF_NIA_2_22//20170427-VeryMax/ITS/From_T2__db3.t2__terminationS_46_0.smt2 : 1200055 ms.
--------------------------------------------------
First to ismt, cur time 0 s.
../../QF_NIA_split/QF_NIA_2_22//20170427-VeryMax/ITS/From_T2__db3.t2__terminationS_6_0.smt2 : 1200397 ms.
--------------------------------------------------
First to ismt, cur time 0 s.
../../QF_NIA_split/QF_NIA_2_22//20170427-VeryMax/ITS/From_T2__db3.t2__terminationS_7_0.smt2 : 1208115 ms.
--------------------------------------------------
First to ismt, cur time 0 s.
../../QF_NIA_split/QF_NIA_2_22//20170427-VeryMax/ITS/From_T2__db3.t2__terminationS_8_0.smt2 : 1200140 ms.
--------------------------------------------------
First to ismt, cur time 0 s.
../../QF_NIA_split/QF_NIA_2_22//20170427-VeryMax/ITS/From_T2__db3.t2__term_unfeasibility_0_0.smt2 : 1200059 ms.
--------------------------------------------------
First to ismt, cur time 0 s.
ismt: sat (2 bits).
../../QF_NIA_split/QF_NIA_2_22//20170427-VeryMax/ITS/From_T2__dead.neg-st88b-succeed.t2__p18795_terminationG_0.smt2 : 2342 ms.
--------------------------------------------------
First to ismt, cur time 0 s.
ismt: sat (2 bits).
../../QF_NIA_split/QF_NIA_2_22//20170427-VeryMax/ITS/From_T2__dead.neg-st88b-succeed.t2__p18796_terminationG_0.smt2 : 6977 ms.
--------------------------------------------------
First to ismt, cur time 0 s.
Final to yices2, cur time 1200 s.
../../QF_NIA_split/QF_NIA_2_22//20170427-VeryMax/ITS/From_T2__dead.neg-st88b-succeed.t2__p18800_terminationG_0.smt2 : 1200071 ms.
--------------------------------------------------
First to ismt, cur time 0 s.
Final to yices2, cur time 1200 s.
../../QF_NIA_split/QF_NIA_2_22//20170427-VeryMax/ITS/From_T2__dead.neg-st88b-succeed.t2__p18801_terminationG_0.smt2 : 1200022 ms.
--------------------------------------------------
First to ismt, cur time 0 s.
Final to yices2, cur time 1200 s.
../../QF_NIA_split/QF_NIA_2_22//20170427-VeryMax/ITS/From_T2__dead.neg-st88b-succeed.t2__p18802_terminationG_0.smt2 : 1200047 ms.
--------------------------------------------------
First to ismt, cur time 0 s.
../../QF_NIA_split/QF_NIA_2_22//20170427-VeryMax/ITS/From_T2__dead.neg-st88b-succeed.t2__p18805_terminationG_0.smt2 : 1200043 ms.
--------------------------------------------------
First to ismt, cur time 0 s.
../../QF_NIA_split/QF_NIA_2_22//20170427-VeryMax/ITS/From_T2__dead.neg-st88b-succeed.t2__p18806_terminationG_0.smt2 : 1200055 ms.
--------------------------------------------------
First to ismt, cur time 0 s.
../../QF_NIA_split/QF_NIA_2_22//20170427-VeryMax/ITS/From_T2__dead.neg-st88b-succeed.t2__p18807_terminationG_0.smt2 : 1200054 ms.
--------------------------------------------------
First to ismt, cur time 0 s.
../../QF_NIA_split/QF_NIA_2_22//20170427-VeryMax/ITS/From_T2__dead.neg-st88b-succeed.t2__p18810_terminationG_0.smt2 : 1200046 ms.
--------------------------------------------------
First to ismt, cur time 0 s.
../../QF_NIA_split/QF_NIA_2_22//20170427-VeryMax/ITS/From_T2__dead.neg-st88b-succeed.t2__p18811_terminationG_0.smt2 : 1200051 ms.
--------------------------------------------------
First to ismt, cur time 0 s.
Final to yices2, cur time 1200 s.
../../QF_NIA_split/QF_NIA_2_22//20170427-VeryMax/ITS/From_T2__dead.neg-st88b-succeed.t2__p18812_terminationG_0.smt2 : 1200043 ms.
--------------------------------------------------
First to ismt, cur time 0 s.
../../QF_NIA_split/QF_NIA_2_22//20170427-VeryMax/ITS/From_T2__dead.neg-st88b-succeed.t2__p18815_terminationG_0.smt2 : 1200037 ms.
--------------------------------------------------
First to ismt, cur time 0 s.
../../QF_NIA_split/QF_NIA_2_22//20170427-VeryMax/ITS/From_T2__dead.neg-st88b-succeed.t2__p18816_terminationG_0.smt2 : 1200051 ms.
--------------------------------------------------
First to ismt, cur time 0 s.
Final to yices2, cur time 1200 s.
../../QF_NIA_split/QF_NIA_2_22//20170427-VeryMax/ITS/From_T2__dead.neg-st88b-succeed.t2__p18817_terminationG_0.smt2 : 1200059 ms.
--------------------------------------------------
First to ismt, cur time 0 s.
ismt: sat (2 bits).
../../QF_NIA_split/QF_NIA_2_22//20170427-VeryMax/ITS/From_T2__destroy_seg_leak.t2_fixed__p18831_terminationG_0.smt2 : 30944 ms.
--------------------------------------------------
First to ismt, cur time 0 s.
ismt: sat (2 bits).
../../QF_NIA_split/QF_NIA_2_22//20170427-VeryMax/ITS/From_T2__destroy_seg_leak.t2_fixed__p18832_terminationG_0.smt2 : 68646 ms.
--------------------------------------------------
First to ismt, cur time 0 s.
../../QF_NIA_split/QF_NIA_2_22//20170427-VeryMax/ITS/From_T2__destroy_seg_leak.t2_fixed__p18836_terminationG_0.smt2 : 1200091 ms.
--------------------------------------------------
First to ismt, cur time 0 s.
../../QF_NIA_split/QF_NIA_2_22//20170427-VeryMax/ITS/From_T2__destroy_seg_leak.t2_fixed__p18837_terminationG_0.smt2 : 1200041 ms.
--------------------------------------------------
First to ismt, cur time 0 s.
ismt: sat (2 bits).
../../QF_NIA_split/QF_NIA_2_22//20170427-VeryMax/ITS/From_T2__destroy_seg_leak.t2_fixed__p18839_safety_0.smt2 : 2317 ms.
--------------------------------------------------
First to ismt, cur time 0 s.
ismt: sat (2 bits).
../../QF_NIA_split/QF_NIA_2_22//20170427-VeryMax/ITS/From_T2__destroy_seg_leak.t2_fixed__p18840_safety_0.smt2 : 16679 ms.
--------------------------------------------------
First to ismt, cur time 0 s.
Final to yices2, cur time 1200 s.
../../QF_NIA_split/QF_NIA_2_22//20170427-VeryMax/ITS/From_T2__destroy_seg_leak.t2_fixed__p18843_safety_0.smt2 : 1200044 ms.
--------------------------------------------------
First to ismt, cur time 0 s.
ismt: sat (2 bits).
../../QF_NIA_split/QF_NIA_2_22//20170427-VeryMax/ITS/From_T2__destroy_seg_leak.t2_fixed__p18844_safety_0.smt2 : 30309 ms.
--------------------------------------------------
First to ismt, cur time 0 s.
ismt: sat (2 bits).
../../QF_NIA_split/QF_NIA_2_22//20170427-VeryMax/ITS/From_T2__destroy_seg_leak.t2_fixed__p18845_safety_0.smt2 : 20690 ms.
--------------------------------------------------
First to ismt, cur time 0 s.
Final to yices2, cur time 1200 s.
../../QF_NIA_split/QF_NIA_2_22//20170427-VeryMax/ITS/From_T2__destroy_seg_leak.t2_fixed__p18849_safety_0.smt2 : 1200048 ms.
--------------------------------------------------
First to ismt, cur time 0 s.
ismt: sat (2 bits).
../../QF_NIA_split/QF_NIA_2_22//20170427-VeryMax/ITS/From_T2__destroy_seg_leak.t2_fixed__p18850_safety_0.smt2 : 29739 ms.
--------------------------------------------------
First to ismt, cur time 0 s.
ismt: sat (2 bits).
../../QF_NIA_split/QF_NIA_2_22//20170427-VeryMax/ITS/From_T2__destroy_seg_leak.t2_fixed__p18851_safety_0.smt2 : 95700 ms.
--------------------------------------------------
First to ismt, cur time 0 s.
ismt: sat (2 bits).
../../QF_NIA_split/QF_NIA_2_22//20170427-VeryMax/ITS/From_T2__destroy_seg_leak.t2_fixed__p18856_edge_closing_0.smt2 : 9143 ms.
--------------------------------------------------
First to ismt, cur time 0 s.
ismt: sat (2 bits).
../../QF_NIA_split/QF_NIA_2_22//20170427-VeryMax/ITS/From_T2__destroy_seg_leak.t2_fixed__p18857_edge_closing_0.smt2 : 203568 ms.
--------------------------------------------------
First to ismt, cur time 0 s.
ismt: sat (2 bits).
../../QF_NIA_split/QF_NIA_2_22//20170427-VeryMax/ITS/From_T2__destroy_seg_leak.t2_fixed__p18858_edge_closing_0.smt2 : 494438 ms.
--------------------------------------------------
First to ismt, cur time 0 s.
../../QF_NIA_split/QF_NIA_2_22//20170427-VeryMax/ITS/From_T2__destroy_seg_leak.t2_fixed__terminationQ_0_0.smt2 : 1201938 ms.
--------------------------------------------------
First to ismt, cur time 0 s.
../../QF_NIA_split/QF_NIA_2_22//20170427-VeryMax/ITS/From_T2__destroy_seg_leak.t2__p18873_terminationG_0.smt2 : 1210929 ms.
--------------------------------------------------
First to ismt, cur time 0 s.
../../QF_NIA_split/QF_NIA_2_22//20170427-VeryMax/ITS/From_T2__destroy_seg_leak.t2__p18874_terminationG_0.smt2 : 1200448 ms.
--------------------------------------------------
First to ismt, cur time 0 s.
ismt: sat (2 bits).
../../QF_NIA_split/QF_NIA_2_22//20170427-VeryMax/ITS/From_T2__destroy_seg_leak.t2__p18876_safety_0.smt2 : 5186 ms.
--------------------------------------------------
First to ismt, cur time 0 s.
ismt: sat (2 bits).
../../QF_NIA_split/QF_NIA_2_22//20170427-VeryMax/ITS/From_T2__destroy_seg_leak.t2__p18877_safety_0.smt2 : 42851 ms.
--------------------------------------------------
First to ismt, cur time 0 s.
../../QF_NIA_split/QF_NIA_2_22//20170427-VeryMax/ITS/From_T2__disj_nightmare.t2_fixed__term_unfeasibility_0_0.smt2 : 1200060 ms.
--------------------------------------------------
First to ismt, cur time 0 s.
ismt: sat (2 bits).
../../QF_NIA_split/QF_NIA_2_22//20170427-VeryMax/ITS/From_T2__disj_nightmare.t2__p18920_terminationG_0.smt2 : 6363 ms.
--------------------------------------------------
First to ismt, cur time 0 s.
ismt: sat (2 bits).
../../QF_NIA_split/QF_NIA_2_22//20170427-VeryMax/ITS/From_T2__disj_nightmare.t2__p18925_terminationG_0.smt2 : 5432 ms.
--------------------------------------------------
First to ismt, cur time 0 s.
ismt: sat (2 bits).
../../QF_NIA_split/QF_NIA_2_22//20170427-VeryMax/ITS/From_T2__disj_nightmare.t2__p18930_terminationG_0.smt2 : 24337 ms.
--------------------------------------------------
First to ismt, cur time 0 s.
../../QF_NIA_split/QF_NIA_2_22//20170427-VeryMax/ITS/From_T2__disj_nightmare.t2__p18934_terminationG_0.smt2 : 1211092 ms.
--------------------------------------------------
First to ismt, cur time 0 s.
../../QF_NIA_split/QF_NIA_2_22//20170427-VeryMax/ITS/From_T2__disj_nightmare.t2__p18935_terminationG_0.smt2 : 1200078 ms.
--------------------------------------------------
First to ismt, cur time 0 s.
ismt: sat (2 bits).
../../QF_NIA_split/QF_NIA_2_22//20170427-VeryMax/ITS/From_T2__disj_nightmare.t2__p18938_edge_closing_0.smt2 : 14009 ms.
--------------------------------------------------
First to ismt, cur time 0 s.
ismt: sat (2 bits).
../../QF_NIA_split/QF_NIA_2_22//20170427-VeryMax/ITS/From_T2__disj_nightmare.t2__p18939_edge_closing_0.smt2 : 18885 ms.
--------------------------------------------------
First to ismt, cur time 0 s.
ismt: sat (2 bits).
../../QF_NIA_split/QF_NIA_2_22//20170427-VeryMax/ITS/From_T2__disj_nightmare.t2__p18940_edge_closing_0.smt2 : 96002 ms.
--------------------------------------------------
First to ismt, cur time 0 s.
ismt: sat (2 bits).
../../QF_NIA_split/QF_NIA_2_22//20170427-VeryMax/ITS/From_T2__disj_nightmare.t2__p18944_edge_closing_0.smt2 : 23603 ms.
--------------------------------------------------
First to ismt, cur time 0 s.
ismt: sat (2 bits).
../../QF_NIA_split/QF_NIA_2_22//20170427-VeryMax/ITS/From_T2__disj_nightmare.t2__p18945_edge_closing_0.smt2 : 14084 ms.
--------------------------------------------------
First to ismt, cur time 0 s.
ismt: sat (2 bits).
../../QF_NIA_split/QF_NIA_2_22//20170427-VeryMax/ITS/From_T2__disj_nightmare.t2__p18946_edge_closing_0.smt2 : 25618 ms.
--------------------------------------------------
First to ismt, cur time 0 s.
ismt: sat (2 bits).
../../QF_NIA_split/QF_NIA_2_22//20170427-VeryMax/ITS/From_T2__disj_nightmare.t2__p18950_edge_closing_0.smt2 : 4502 ms.
--------------------------------------------------
First to ismt, cur time 0 s.
ismt: sat (2 bits).
../../QF_NIA_split/QF_NIA_2_22//20170427-VeryMax/ITS/From_T2__disj_nightmare.t2__p18951_edge_closing_0.smt2 : 10992 ms.
--------------------------------------------------
First to ismt, cur time 0 s.
ismt: sat (2 bits).
../../QF_NIA_split/QF_NIA_2_22//20170427-VeryMax/ITS/From_T2__disj_nightmare.t2__p18952_edge_closing_0.smt2 : 218729 ms.
--------------------------------------------------
First to ismt, cur time 0 s.
../../QF_NIA_split/QF_NIA_2_22//20170427-VeryMax/ITS/From_T2__d.t2__p19042_terminationG_0.smt2 : 1247621 ms.
--------------------------------------------------
First to ismt, cur time 0 s.
Final to yices2, cur time 1200 s.
../../QF_NIA_split/QF_NIA_2_22//20170427-VeryMax/ITS/From_T2__d.t2__p19043_terminationG_0.smt2 : 1200199 ms.
--------------------------------------------------
First to ismt, cur time 0 s.
ismt: sat (2 bits).
../../QF_NIA_split/QF_NIA_2_22//20170427-VeryMax/ITS/From_T2__d.t2__p19057_edge_closing_0.smt2 : 2798 ms.
--------------------------------------------------
First to ismt, cur time 0 s.
ismt: sat (2 bits).
../../QF_NIA_split/QF_NIA_2_22//20170427-VeryMax/ITS/From_T2__d.t2__p19065_edge_closing_0.smt2 : 5106 ms.
--------------------------------------------------
First to ismt, cur time 0 s.
../../QF_NIA_split/QF_NIA_2_22//20170427-VeryMax/ITS/From_T2__dummy.t2__p19091_terminationG_0.smt2 : 1200060 ms.
--------------------------------------------------
First to ismt, cur time 0 s.
Final to yices2, cur time 1200 s.
../../QF_NIA_split/QF_NIA_2_22//20170427-VeryMax/ITS/From_T2__dummy.t2__p19092_terminationG_0.smt2 : 1201452 ms.
--------------------------------------------------
First to ismt, cur time 0 s.
../../QF_NIA_split/QF_NIA_2_22//20170427-VeryMax/ITS/From_T2__dummy.t2__p19093_terminationG_0.smt2 : 1204687 ms.
--------------------------------------------------
First to ismt, cur time 0 s.
../../QF_NIA_split/QF_NIA_2_22//20170427-VeryMax/ITS/From_T2__dummy.t2__p19096_terminationG_0.smt2 : 1200081 ms.
--------------------------------------------------
First to ismt, cur time 0 s.
../../QF_NIA_split/QF_NIA_2_22//20170427-VeryMax/ITS/From_T2__dummy.t2__p19097_terminationG_0.smt2 : 1200043 ms.
--------------------------------------------------
First to ismt, cur time 0 s.
Final to yices2, cur time 1200 s.
../../QF_NIA_split/QF_NIA_2_22//20170427-VeryMax/ITS/From_T2__dummy.t2__p19098_terminationG_0.smt2 : 1200061 ms.
--------------------------------------------------
First to ismt, cur time 0 s.
../../QF_NIA_split/QF_NIA_2_22//20170427-VeryMax/ITS/From_T2__dummy.t2__p19104_terminationG_0.smt2 : 1200058 ms.
--------------------------------------------------
First to ismt, cur time 0 s.
../../QF_NIA_split/QF_NIA_2_22//20170427-VeryMax/ITS/From_T2__dummy.t2__p19105_terminationG_0.smt2 : 1200040 ms.
--------------------------------------------------
First to ismt, cur time 0 s.
../../QF_NIA_split/QF_NIA_2_22//20170427-VeryMax/ITS/From_T2__dummy.t2__p19106_terminationG_0.smt2 : 1200676 ms.
--------------------------------------------------
First to ismt, cur time 0 s.
../../QF_NIA_split/QF_NIA_2_22//20170427-VeryMax/ITS/From_T2__dummy.t2__p19109_terminationG_0.smt2 : 1200045 ms.
--------------------------------------------------
First to ismt, cur time 0 s.
../../QF_NIA_split/QF_NIA_2_22//20170427-VeryMax/ITS/From_T2__dummy.t2__p19110_terminationG_0.smt2 : 1200027 ms.
--------------------------------------------------
First to ismt, cur time 0 s.
Final to yices2, cur time 1200 s.
../../QF_NIA_split/QF_NIA_2_22//20170427-VeryMax/ITS/From_T2__dummy.t2__p19111_terminationG_0.smt2 : 1200050 ms.
--------------------------------------------------
First to ismt, cur time 0 s.
ismt: sat (2 bits).
../../QF_NIA_split/QF_NIA_2_22//20170427-VeryMax/ITS/From_T2__dummy.t2__p19119_edge_closing_0.smt2 : 767 ms.
--------------------------------------------------
First to ismt, cur time 0 s.
../../QF_NIA_split/QF_NIA_2_22//20170427-VeryMax/ITS/From_T2__dummy.t2__p19125_edge_closing_0.smt2 : 1200049 ms.
--------------------------------------------------
First to ismt, cur time 0 s.
ismt: sat (2 bits).
../../QF_NIA_split/QF_NIA_2_22//20170427-VeryMax/ITS/From_T2__dumper.t2__p19132_terminationG_0.smt2 : 237628 ms.
--------------------------------------------------
First to ismt, cur time 0 s.
ismt: sat (2 bits).
../../QF_NIA_split/QF_NIA_2_22//20170427-VeryMax/ITS/From_T2__dumper.t2__p19133_terminationG_0.smt2 : 596735 ms.
--------------------------------------------------
First to ismt, cur time 0 s.
../../QF_NIA_split/QF_NIA_2_22//20170427-VeryMax/ITS/From_T2__dumper.t2__p19134_terminationG_0.smt2 : 1200051 ms.
--------------------------------------------------
First to ismt, cur time 0 s.
terminate called after throwing an instance of 'std::bad_alloc'
  what():  std::bad_alloc
timeout: the monitored command dumped core
../../QF_NIA_split/QF_NIA_2_22//20170427-VeryMax/ITS/From_T2__dumper.t2__p19136_edge_closing_0.smt2 : 1200096 ms.
--------------------------------------------------
First to ismt, cur time 0 s.
terminate called after throwing an instance of 'std::bad_alloc'
  what():  std::bad_alloc
timeout: the monitored command dumped core
../../QF_NIA_split/QF_NIA_2_22//20170427-VeryMax/ITS/From_T2__dumper.t2__p19137_edge_closing_0.smt2 : 1200066 ms.
--------------------------------------------------
First to ismt, cur time 0 s.
../../QF_NIA_split/QF_NIA_2_22//20170427-VeryMax/ITS/From_T2__dumper.t2__p19138_edge_closing_0.smt2 : 1200172 ms.
--------------------------------------------------
First to ismt, cur time 0 s.
terminate called after throwing an instance of 'std::bad_alloc'
  what():  std::bad_alloc
timeout: the monitored command dumped core
terminate called after throwing an instance of 'std::bad_alloc'
  what():  std::bad_alloc
timeout: the monitored command dumped core
../../QF_NIA_split/QF_NIA_2_22//20170427-VeryMax/ITS/From_T2__dumper.t2__p19140_edge_closing_0.smt2 : 1200416 ms.
--------------------------------------------------
First to ismt, cur time 0 s.
../../QF_NIA_split/QF_NIA_2_22//20170427-VeryMax/ITS/From_T2__dumper.t2__p19141_edge_closing_0.smt2 : 1200052 ms.
--------------------------------------------------
First to ismt, cur time 0 s.
terminate called after throwing an instance of 'std::bad_alloc'
  what():  std::bad_alloc
timeout: the monitored command dumped core
../../QF_NIA_split/QF_NIA_2_22//20170427-VeryMax/ITS/From_T2__dumper.t2__p19142_edge_closing_0.smt2 : 1200038 ms.
--------------------------------------------------
First to ismt, cur time 0 s.
../../QF_NIA_split/QF_NIA_2_22//20170427-VeryMax/ITS/From_T2__dumper.t2__terminationQ_0_0.smt2 : 1200049 ms.
--------------------------------------------------
First to ismt, cur time 0 s.
../../QF_NIA_split/QF_NIA_2_22//20170427-VeryMax/ITS/From_T2__dumper.t2__terminationS_1_0.smt2 : 1200054 ms.
--------------------------------------------------
First to ismt, cur time 0 s.
terminate called after throwing an instance of 'std::bad_alloc'
  what():  std::bad_alloc
../../QF_NIA_split/QF_NIA_2_22//20170427-VeryMax/ITS/From_T2__dumper.t2__terminationS_2_0.smt2 : 1202577 ms.
--------------------------------------------------
First to ismt, cur time 0 s.
timeout: the monitored command dumped core
Final to yices2, cur time 319 s.
final yices2: unsat
../../QF_NIA_split/QF_NIA_2_22//20170427-VeryMax/ITS/From_T2__dumper.t2__terminationS_9_0.smt2 : 331930 ms.
--------------------------------------------------
First to ismt, cur time 0 s.
../../QF_NIA_split/QF_NIA_2_22//20170427-VeryMax/ITS/From_T2__dumper.t2__term_unfeasibility_0_0.smt2 : 1201299 ms.
--------------------------------------------------
First to ismt, cur time 0 s.
ismt: sat (2 bits).
../../QF_NIA_split/QF_NIA_2_22//20170427-VeryMax/ITS/From_T2__e-1394complete-fail.t2__p19267_safety_0.smt2 : 6558 ms.
--------------------------------------------------
First to ismt, cur time 0 s.
ismt: sat (2 bits).
../../QF_NIA_split/QF_NIA_2_22//20170427-VeryMax/ITS/From_T2__e-1394complete-fail.t2__p19268_safety_0.smt2 : 4564 ms.
--------------------------------------------------
First to ismt, cur time 0 s.
ismt: sat (2 bits).
../../QF_NIA_split/QF_NIA_2_22//20170427-VeryMax/ITS/From_T2__e-1394complete-fail.t2__p19270_safety_0.smt2 : 2280 ms.
--------------------------------------------------
First to ismt, cur time 0 s.
ismt: sat (2 bits).
../../QF_NIA_split/QF_NIA_2_22//20170427-VeryMax/ITS/From_T2__e-1394-fail.t2__p19494_safety_0.smt2 : 2234 ms.
--------------------------------------------------
First to ismt, cur time 0 s.
ismt: sat (2 bits).
../../QF_NIA_split/QF_NIA_2_22//20170427-VeryMax/ITS/From_T2__e-1394-fail.t2__p19495_safety_0.smt2 : 5547 ms.
--------------------------------------------------
First to ismt, cur time 0 s.
../../QF_NIA_split/QF_NIA_2_22//20170427-VeryMax/ITS/From_T2__e-acqrel-fail.t2__p19580_safety_0.smt2 : 1200045 ms.
--------------------------------------------------
First to ismt, cur time 0 s.
Final to yices2, cur time 1200 s.
../../QF_NIA_split/QF_NIA_2_22//20170427-VeryMax/ITS/From_T2__e-acqrel-fail.t2__p19581_safety_0.smt2 : 1200030 ms.
--------------------------------------------------
First to ismt, cur time 0 s.
../../QF_NIA_split/QF_NIA_2_22//20170427-VeryMax/ITS/From_T2__e-acqrel-succeed.t2__p19620_safety_0.smt2 : 1200025 ms.
--------------------------------------------------
First to ismt, cur time 0 s.
../../QF_NIA_split/QF_NIA_2_22//20170427-VeryMax/ITS/From_T2__e-acqrel-succeed.t2__p19621_safety_0.smt2 : 1200026 ms.
--------------------------------------------------
First to ismt, cur time 0 s.
Final to yices2, cur time 138 s.
final yices2: unsat
../../QF_NIA_split/QF_NIA_2_22//20170427-VeryMax/ITS/From_T2__edn.t2_fixed__term_unfeasibility_2_0.smt2 : 142212 ms.
--------------------------------------------------
First to ismt, cur time 0 s.
../../QF_NIA_split/QF_NIA_2_22//20170427-VeryMax/ITS/From_T2__edn.t2_fixed__term_unfeasibility_6_0.smt2 : 1200058 ms.
--------------------------------------------------
First to ismt, cur time 0 s.
ismt: sat (2 bits).
../../QF_NIA_split/QF_NIA_2_22//20170427-VeryMax/ITS/From_T2__edn.t2__p19634_terminationG_0.smt2 : 4722 ms.
--------------------------------------------------
First to ismt, cur time 0 s.
ismt: sat (2 bits).
../../QF_NIA_split/QF_NIA_2_22//20170427-VeryMax/ITS/From_T2__edn.t2__p19635_terminationG_0.smt2 : 39762 ms.
--------------------------------------------------
First to ismt, cur time 0 s.
ismt: sat (2 bits).
../../QF_NIA_split/QF_NIA_2_22//20170427-VeryMax/ITS/From_T2__edn.t2__p19636_terminationG_0.smt2 : 108402 ms.
--------------------------------------------------
First to ismt, cur time 0 s.
ismt: sat (2 bits).
../../QF_NIA_split/QF_NIA_2_22//20170427-VeryMax/ITS/From_T2__edn.t2__p19651_safety_0.smt2 : 1440 ms.
--------------------------------------------------
First to ismt, cur time 0 s.
ismt: sat (2 bits).
../../QF_NIA_split/QF_NIA_2_22//20170427-VeryMax/ITS/From_T2__edn.t2__p19659_safety_0.smt2 : 19650 ms.
--------------------------------------------------
First to ismt, cur time 0 s.
ismt: sat (2 bits).
../../QF_NIA_split/QF_NIA_2_22//20170427-VeryMax/ITS/From_T2__edn.t2__p19661_safety_0.smt2 : 25796 ms.
--------------------------------------------------
First to ismt, cur time 0 s.
ismt: sat (2 bits).
../../QF_NIA_split/QF_NIA_2_22//20170427-VeryMax/ITS/From_T2__edn.t2__p19665_safety_0.smt2 : 4895 ms.
--------------------------------------------------
First to ismt, cur time 0 s.
Final to yices2, cur time 1006 s.
final yices2: unsat
../../QF_NIA_split/QF_NIA_2_22//20170427-VeryMax/ITS/From_T2__edn.t2__p19668_safety_0.smt2 : 1007826 ms.
--------------------------------------------------
First to ismt, cur time 0 s.
../../QF_NIA_split/QF_NIA_2_22//20170427-VeryMax/ITS/From_T2__edn.t2__p19669_safety_0.smt2 : 1200068 ms.
--------------------------------------------------
First to ismt, cur time 0 s.
ismt: sat (2 bits).
../../QF_NIA_split/QF_NIA_2_22//20170427-VeryMax/ITS/From_T2__edn.t2__p19673_safety_0.smt2 : 2265 ms.
--------------------------------------------------
First to ismt, cur time 0 s.
ismt: sat (2 bits).
../../QF_NIA_split/QF_NIA_2_22//20170427-VeryMax/ITS/From_T2__edn.t2__p19677_safety_0.smt2 : 10727 ms.
--------------------------------------------------
First to ismt, cur time 0 s.
ismt: sat (2 bits).
../../QF_NIA_split/QF_NIA_2_22//20170427-VeryMax/ITS/From_T2__edn.t2__p19693_safety_0.smt2 : 532 ms.
--------------------------------------------------
First to ismt, cur time 0 s.
ismt: sat (2 bits).
../../QF_NIA_split/QF_NIA_2_22//20170427-VeryMax/ITS/From_T2__edn.t2__p19695_safety_0.smt2 : 3176 ms.
--------------------------------------------------
First to ismt, cur time 0 s.
ismt: sat (2 bits).
../../QF_NIA_split/QF_NIA_2_22//20170427-VeryMax/ITS/From_T2__edn.t2__p19731_safety_0.smt2 : 689 ms.
--------------------------------------------------
First to ismt, cur time 0 s.
ismt: sat (2 bits).
../../QF_NIA_split/QF_NIA_2_22//20170427-VeryMax/ITS/From_T2__edn.t2__p19747_safety_0.smt2 : 3938 ms.
--------------------------------------------------
First to ismt, cur time 0 s.
ismt: sat (2 bits).
../../QF_NIA_split/QF_NIA_2_22//20170427-VeryMax/ITS/From_T2__edn.t2__p19767_safety_0.smt2 : 5694 ms.
--------------------------------------------------
First to ismt, cur time 0 s.
ismt: sat (2 bits).
../../QF_NIA_split/QF_NIA_2_22//20170427-VeryMax/ITS/From_T2__edn.t2__p19785_safety_0.smt2 : 1703 ms.
--------------------------------------------------
First to ismt, cur time 0 s.
ismt: sat (2 bits).
../../QF_NIA_split/QF_NIA_2_22//20170427-VeryMax/ITS/From_T2__edn.t2__p19792_safety_0.smt2 : 1361 ms.
--------------------------------------------------
First to ismt, cur time 0 s.
ismt: sat (2 bits).
../../QF_NIA_split/QF_NIA_2_22//20170427-VeryMax/ITS/From_T2__edn.t2__p19793_safety_0.smt2 : 5685 ms.
--------------------------------------------------
First to ismt, cur time 0 s.
ismt: sat (2 bits).
../../QF_NIA_split/QF_NIA_2_22//20170427-VeryMax/ITS/From_T2__edn.t2__p19806_safety_0.smt2 : 3196 ms.
--------------------------------------------------
First to ismt, cur time 0 s.
ismt: sat (2 bits).
../../QF_NIA_split/QF_NIA_2_22//20170427-VeryMax/ITS/From_T2__edn.t2__p19810_safety_0.smt2 : 761 ms.
--------------------------------------------------
First to ismt, cur time 0 s.
ismt: sat (2 bits).
../../QF_NIA_split/QF_NIA_2_22//20170427-VeryMax/ITS/From_T2__edn.t2__p19814_safety_0.smt2 : 1408 ms.
--------------------------------------------------
First to ismt, cur time 0 s.
ismt: sat (2 bits).
../../QF_NIA_split/QF_NIA_2_22//20170427-VeryMax/ITS/From_T2__edn.t2__p19816_safety_0.smt2 : 2202 ms.
--------------------------------------------------
First to ismt, cur time 0 s.
ismt: sat (2 bits).
../../QF_NIA_split/QF_NIA_2_22//20170427-VeryMax/ITS/From_T2__edn.t2__p19825_safety_0.smt2 : 2524 ms.
--------------------------------------------------
First to ismt, cur time 0 s.
ismt: sat (2 bits).
../../QF_NIA_split/QF_NIA_2_22//20170427-VeryMax/ITS/From_T2__edn.t2__p19829_safety_0.smt2 : 1011 ms.
--------------------------------------------------
First to ismt, cur time 0 s.
ismt: sat (4 bits).
../../QF_NIA_split/QF_NIA_2_22//20170427-VeryMax/ITS/From_T2__edn.t2__p19833_safety_0.smt2 : 44240 ms.
--------------------------------------------------
First to ismt, cur time 0 s.
ismt: sat (2 bits).
../../QF_NIA_split/QF_NIA_2_22//20170427-VeryMax/ITS/From_T2__edn.t2__p19837_safety_0.smt2 : 6990 ms.
--------------------------------------------------
First to ismt, cur time 0 s.
ismt: sat (4 bits).
../../QF_NIA_split/QF_NIA_2_22//20170427-VeryMax/ITS/From_T2__edn.t2__p19839_safety_0.smt2 : 56825 ms.
--------------------------------------------------
First to ismt, cur time 0 s.
Final to yices2, cur time 727 s.
final yices2: unsat
../../QF_NIA_split/QF_NIA_2_22//20170427-VeryMax/ITS/From_T2__edn.t2__p19844_safety_0.smt2 : 729308 ms.
--------------------------------------------------
First to ismt, cur time 0 s.
../../QF_NIA_split/QF_NIA_2_22//20170427-VeryMax/ITS/From_T2__edn.t2__p19845_safety_0.smt2 : 1200047 ms.
--------------------------------------------------
First to ismt, cur time 0 s.
ismt: sat (2 bits).
../../QF_NIA_split/QF_NIA_2_22//20170427-VeryMax/ITS/From_T2__edn.t2__p19855_safety_0.smt2 : 822 ms.
--------------------------------------------------
First to ismt, cur time 0 s.
ismt: sat (2 bits).
../../QF_NIA_split/QF_NIA_2_22//20170427-VeryMax/ITS/From_T2__edn.t2__p19863_safety_0.smt2 : 904 ms.
--------------------------------------------------
First to ismt, cur time 0 s.
ismt: sat (2 bits).
../../QF_NIA_split/QF_NIA_2_22//20170427-VeryMax/ITS/From_T2__edn.t2__p19865_safety_0.smt2 : 1088 ms.
--------------------------------------------------
First to ismt, cur time 0 s.
Final to yices2, cur time 252 s.
final yices2: unsat
../../QF_NIA_split/QF_NIA_2_22//20170427-VeryMax/ITS/From_T2__edn.t2__p19866_safety_0.smt2 : 252842 ms.
--------------------------------------------------
First to ismt, cur time 0 s.
