--------------------------------------------------
Number of variables: 353258
Number of clauses: 2018395
sat
real sat
../New_SAT_split/QF_NIA_2_17/20170427-VeryMax/ITS/From_T2__fun1b.t2_fixed__p562_terminationG_0.smt2 : 585133 ms.
--------------------------------------------------
Number of variables: 538562
Number of clauses: 3022002
sat
real sat
../New_SAT_split/QF_NIA_2_17/20170427-VeryMax/ITS/From_T2__fun1b.t2_fixed__p563_terminationG_0.smt2 : 1835115 ms.
--------------------------------------------------
Number of variables: 211663
Number of clauses: 1246752
sat
real sat
../New_SAT_split/QF_NIA_2_17/20170427-VeryMax/ITS/From_T2__fun1b.t2_fixed__p569_terminationG_0.smt2 : 152206 ms.
--------------------------------------------------
Number of variables: 357607
Number of clauses: 2052197
sat
real sat
../New_SAT_split/QF_NIA_2_17/20170427-VeryMax/ITS/From_T2__fun1b.t2_fixed__p570_terminationG_0.smt2 : 659175 ms.
--------------------------------------------------
Number of variables: 545315
Number of clauses: 3074478
../New_SAT_split/QF_NIA_2_17/20170427-VeryMax/ITS/From_T2__fun1b.t2_fixed__p571_terminationG_0.smt2 : 2401077 ms.
--------------------------------------------------
Number of variables: 370811
Number of clauses: 2147278
sat
real sat
../New_SAT_split/QF_NIA_2_17/20170427-VeryMax/ITS/From_T2__fun1b.t2_fixed__p578_terminationG_0.smt2 : 685388 ms.
--------------------------------------------------
Number of variables: 563512
Number of clauses: 3206017
../New_SAT_split/QF_NIA_2_17/20170427-VeryMax/ITS/From_T2__fun1b.t2_fixed__p579_terminationG_0.smt2 : 2401024 ms.
--------------------------------------------------
Number of variables: 15534
Number of clauses: 71368
sat
real sat
../New_SAT_split/QF_NIA_2_17/20170427-VeryMax/ITS/From_T2__fun4-alt.t2__p885_terminationG_0.smt2 : 287 ms.
--------------------------------------------------
Number of variables: 14760
Number of clauses: 68286
sat
real sat
../New_SAT_split/QF_NIA_2_17/20170427-VeryMax/ITS/From_T2__fun4-alt.t2__p891_terminationG_0.smt2 : 266 ms.
--------------------------------------------------
Number of variables: 10308
Number of clauses: 47746
sat
real sat
../New_SAT_split/QF_NIA_2_17/20170427-VeryMax/ITS/From_T2__fun4-alt.t2__p896_terminationG_0.smt2 : 843 ms.
--------------------------------------------------
Number of variables: 17297
Number of clauses: 80813
sat
real sat
../New_SAT_split/QF_NIA_2_17/20170427-VeryMax/ITS/From_T2__fun4-alt.t2__p897_terminationG_0.smt2 : 1581 ms.
--------------------------------------------------
Number of variables: 16458
Number of clauses: 77124
sat
real sat
../New_SAT_split/QF_NIA_2_17/20170427-VeryMax/ITS/From_T2__fun4-alt.t2__p909_terminationG_0.smt2 : 262 ms.
--------------------------------------------------
Number of variables: 11627
Number of clauses: 54461
sat
real sat
../New_SAT_split/QF_NIA_2_17/20170427-VeryMax/ITS/From_T2__fun4-alt.t2__p915_terminationG_0.smt2 : 2945 ms.
--------------------------------------------------
Number of variables: 18978
Number of clauses: 89488
sat
real sat
../New_SAT_split/QF_NIA_2_17/20170427-VeryMax/ITS/From_T2__fun4-alt.t2__p916_terminationG_0.smt2 : 4908 ms.
--------------------------------------------------
Number of variables: 15534
Number of clauses: 71368
sat
real sat
../New_SAT_split/QF_NIA_2_17/20170427-VeryMax/ITS/From_T2__fun4.t2_fixed__p939_terminationG_0.smt2 : 291 ms.
--------------------------------------------------
Number of variables: 24994
Number of clauses: 116659
sat
real sat
../New_SAT_split/QF_NIA_2_17/20170427-VeryMax/ITS/From_T2__fun4.t2_fixed__p947_terminationG_0.smt2 : 1720 ms.
--------------------------------------------------
Number of variables: 10308
Number of clauses: 47746
sat
real sat
../New_SAT_split/QF_NIA_2_17/20170427-VeryMax/ITS/From_T2__fun4.t2_fixed__p951_terminationG_0.smt2 : 845 ms.
--------------------------------------------------
Number of variables: 17297
Number of clauses: 80813
sat
real sat
../New_SAT_split/QF_NIA_2_17/20170427-VeryMax/ITS/From_T2__fun4.t2_fixed__p952_terminationG_0.smt2 : 1634 ms.
--------------------------------------------------
Number of variables: 11627
Number of clauses: 54461
sat
real sat
../New_SAT_split/QF_NIA_2_17/20170427-VeryMax/ITS/From_T2__fun4.t2_fixed__p970_terminationG_0.smt2 : 2439 ms.
--------------------------------------------------
Number of variables: 18978
Number of clauses: 89488
sat
real sat
../New_SAT_split/QF_NIA_2_17/20170427-VeryMax/ITS/From_T2__fun4.t2_fixed__p971_terminationG_0.smt2 : 3753 ms.
--------------------------------------------------
Number of variables: 26135
Number of clauses: 122992
sat
real sat
../New_SAT_split/QF_NIA_2_17/20170427-VeryMax/ITS/From_T2__fun4.t2_fixed__p975_terminationG_0.smt2 : 416 ms.
--------------------------------------------------
Number of variables: 31562
Number of clauses: 146178
sat
real sat
../New_SAT_split/QF_NIA_2_17/20170427-VeryMax/ITS/From_T2__fun4.t2__p990_terminationG_0.smt2 : 5701 ms.
--------------------------------------------------
Number of variables: 345538
Number of clauses: 1600495
../New_SAT_split/QF_NIA_2_17/20170427-VeryMax/ITS/From_T2__fun5.t2_fixed__p1007_terminationG_0.smt2 : 2401022 ms.
--------------------------------------------------
Number of variables: 568948
Number of clauses: 2655364
sat
real sat
../New_SAT_split/QF_NIA_2_17/20170427-VeryMax/ITS/From_T2__fun5.t2__p1028_terminationG_0.smt2 : 548923 ms.
--------------------------------------------------
Number of variables: 73501
Number of clauses: 316533
sat
real sat
../New_SAT_split/QF_NIA_2_17/20170427-VeryMax/ITS/From_T2__fun6.t2_fixed__p1043_terminationG_0.smt2 : 2154 ms.
--------------------------------------------------
Number of variables: 177957
Number of clauses: 790652
sat
real sat
../New_SAT_split/QF_NIA_2_17/20170427-VeryMax/ITS/From_T2__fun6.t2_fixed__p1045_terminationG_0.smt2 : 14129 ms.
--------------------------------------------------
Number of variables: 325021
Number of clauses: 1473543
sat
real sat
../New_SAT_split/QF_NIA_2_17/20170427-VeryMax/ITS/From_T2__fun6.t2_fixed__p1046_terminationG_0.smt2 : 23650 ms.
--------------------------------------------------
Number of variables: 73805
Number of clauses: 317911
sat
real sat
../New_SAT_split/QF_NIA_2_17/20170427-VeryMax/ITS/From_T2__fun6.t2_fixed__p1051_terminationG_0.smt2 : 948 ms.
--------------------------------------------------
Number of variables: 178389
Number of clauses: 792779
sat
real sat
../New_SAT_split/QF_NIA_2_17/20170427-VeryMax/ITS/From_T2__fun6.t2_fixed__p1052_terminationG_0.smt2 : 20530 ms.
--------------------------------------------------
Number of variables: 325602
Number of clauses: 1476577
sat
real sat
../New_SAT_split/QF_NIA_2_17/20170427-VeryMax/ITS/From_T2__fun6.t2_fixed__p1055_terminationG_0.smt2 : 26917 ms.
--------------------------------------------------
Number of variables: 104669
Number of clauses: 466023
sat
real sat
../New_SAT_split/QF_NIA_2_17/20170427-VeryMax/ITS/From_T2__fun6.t2_fixed__p1064_edge_closing_0.smt2 : 2299 ms.
--------------------------------------------------
Number of variables: 217523
Number of clauses: 981349
sat
real sat
../New_SAT_split/QF_NIA_2_17/20170427-VeryMax/ITS/From_T2__fun6.t2_fixed__p1065_edge_closing_0.smt2 : 16982 ms.
--------------------------------------------------
Number of variables: 373469
Number of clauses: 1709282
sat
real sat
../New_SAT_split/QF_NIA_2_17/20170427-VeryMax/ITS/From_T2__fun6.t2_fixed__p1066_edge_closing_0.smt2 : 52426 ms.
--------------------------------------------------
Number of variables: 107583
Number of clauses: 485556
sat
real sat
../New_SAT_split/QF_NIA_2_17/20170427-VeryMax/ITS/From_T2__fun6.t2_fixed__p1071_edge_closing_0.smt2 : 1830 ms.
--------------------------------------------------
Number of variables: 217407
Number of clauses: 987385
sat
real sat
../New_SAT_split/QF_NIA_2_17/20170427-VeryMax/ITS/From_T2__fun6.t2_fixed__p1072_edge_closing_0.smt2 : 101089 ms.
--------------------------------------------------
Number of variables: 370274
Number of clauses: 1701389
sat
real sat
../New_SAT_split/QF_NIA_2_17/20170427-VeryMax/ITS/From_T2__fun6.t2_fixed__p1073_edge_closing_0.smt2 : 43908 ms.
--------------------------------------------------
Number of variables: 109666
Number of clauses: 492102
sat
real sat
../New_SAT_split/QF_NIA_2_17/20170427-VeryMax/ITS/From_T2__fun6.t2_fixed__p1074_edge_closing_0.smt2 : 1630 ms.
--------------------------------------------------
Number of variables: 222731
Number of clauses: 1008773
sat
real sat
../New_SAT_split/QF_NIA_2_17/20170427-VeryMax/ITS/From_T2__fun6.t2_fixed__p1075_edge_closing_0.smt2 : 37171 ms.
--------------------------------------------------
Number of variables: 378915
Number of clauses: 1738238
sat
real sat
../New_SAT_split/QF_NIA_2_17/20170427-VeryMax/ITS/From_T2__fun6.t2_fixed__p1076_edge_closing_0.smt2 : 525125 ms.
--------------------------------------------------
Number of variables: 70344
Number of clauses: 302800
sat
real sat
../New_SAT_split/QF_NIA_2_17/20170427-VeryMax/ITS/From_T2__fun6.t2__p1083_terminationG_0.smt2 : 1189 ms.
--------------------------------------------------
Number of variables: 171038
Number of clauses: 759754
sat
real sat
../New_SAT_split/QF_NIA_2_17/20170427-VeryMax/ITS/From_T2__fun6.t2__p1084_terminationG_0.smt2 : 5076 ms.
--------------------------------------------------
Number of variables: 312833
Number of clauses: 1418050
sat
real sat
../New_SAT_split/QF_NIA_2_17/20170427-VeryMax/ITS/From_T2__fun6.t2__p1085_terminationG_0.smt2 : 24552 ms.
--------------------------------------------------
Number of variables: 70648
Number of clauses: 304178
sat
real sat
../New_SAT_split/QF_NIA_2_17/20170427-VeryMax/ITS/From_T2__fun6.t2__p1091_terminationG_0.smt2 : 1743 ms.
--------------------------------------------------
Number of variables: 171470
Number of clauses: 761881
sat
real sat
../New_SAT_split/QF_NIA_2_17/20170427-VeryMax/ITS/From_T2__fun6.t2__p1092_terminationG_0.smt2 : 6768 ms.
--------------------------------------------------
Number of variables: 313414
Number of clauses: 1421084
sat
real sat
../New_SAT_split/QF_NIA_2_17/20170427-VeryMax/ITS/From_T2__fun6.t2__p1093_terminationG_0.smt2 : 116479 ms.
--------------------------------------------------
Number of variables: 91728
Number of clauses: 403938
sat
real sat
../New_SAT_split/QF_NIA_2_17/20170427-VeryMax/ITS/From_T2__fun6.t2__p1102_edge_closing_0.smt2 : 1010 ms.
--------------------------------------------------
Number of variables: 197580
Number of clauses: 887660
sat
real sat
../New_SAT_split/QF_NIA_2_17/20170427-VeryMax/ITS/From_T2__fun6.t2__p1103_edge_closing_0.smt2 : 4789 ms.
--------------------------------------------------
Number of variables: 344885
Number of clauses: 1575478
sat
real sat
../New_SAT_split/QF_NIA_2_17/20170427-VeryMax/ITS/From_T2__fun6.t2__p1105_edge_closing_0.smt2 : 492811 ms.
--------------------------------------------------
Number of variables: 66798
Number of clauses: 294565
sat
real sat
../New_SAT_split/QF_NIA_2_17/20170427-VeryMax/ITS/From_T2__fun7.t2_fixed__p1116_terminationG_0.smt2 : 6795 ms.
--------------------------------------------------
Number of variables: 118466
Number of clauses: 533928
sat
real sat
../New_SAT_split/QF_NIA_2_17/20170427-VeryMax/ITS/From_T2__fun7.t2_fixed__p1117_terminationG_0.smt2 : 34794 ms.
--------------------------------------------------
Number of variables: 163234
Number of clauses: 794763
sat
real sat
../New_SAT_split/QF_NIA_2_17/20170427-VeryMax/ITS/From_T2__fun7.t2_fixed__p1127_edge_closing_0.smt2 : 2493 ms.
--------------------------------------------------
Number of variables: 238130
Number of clauses: 1135251
sat
real sat
../New_SAT_split/QF_NIA_2_17/20170427-VeryMax/ITS/From_T2__fun7.t2_fixed__p1128_edge_closing_0.smt2 : 235058 ms.
--------------------------------------------------
Number of variables: 330636
Number of clauses: 1564340
sat
real sat
../New_SAT_split/QF_NIA_2_17/20170427-VeryMax/ITS/From_T2__fun7.t2_fixed__p1129_edge_closing_0.smt2 : 429761 ms.
--------------------------------------------------
Number of variables: 52484
Number of clauses: 231595
sat
real sat
../New_SAT_split/QF_NIA_2_17/20170427-VeryMax/ITS/From_T2__fun7.t2__p1141_terminationG_0.smt2 : 6077 ms.
--------------------------------------------------
Number of variables: 94195
Number of clauses: 424805
sat
real sat
../New_SAT_split/QF_NIA_2_17/20170427-VeryMax/ITS/From_T2__fun7.t2__p1142_terminationG_0.smt2 : 26295 ms.
--------------------------------------------------
Number of variables: 107418
Number of clauses: 480406
sat
real sat
../New_SAT_split/QF_NIA_2_17/20170427-VeryMax/ITS/From_T2__fun7.t2__p1151_terminationG_0.smt2 : 14580 ms.
--------------------------------------------------
Number of variables: 191436
Number of clauses: 872180
sat
real sat
../New_SAT_split/QF_NIA_2_17/20170427-VeryMax/ITS/From_T2__fun7.t2__p1152_terminationG_0.smt2 : 41504 ms.
--------------------------------------------------
Number of variables: 263237
Number of clauses: 1257271
sat
real sat
../New_SAT_split/QF_NIA_2_17/20170427-VeryMax/ITS/From_T2__fun7.t2__p1164_edge_closing_0.smt2 : 25813 ms.
--------------------------------------------------
Number of variables: 403655
Number of clauses: 1898460
sat
real sat
../New_SAT_split/QF_NIA_2_17/20170427-VeryMax/ITS/From_T2__fun7.t2__p1165_edge_closing_0.smt2 : 163052 ms.
--------------------------------------------------
Number of variables: 577025
Number of clauses: 2705884
sat
real sat
../New_SAT_split/QF_NIA_2_17/20170427-VeryMax/ITS/From_T2__fun7.t2__p1167_edge_closing_0.smt2 : 1715181 ms.
