--------------------------------------------------
First to ismt, cur time 0 s.
ismt: sat (2 bits).
../../QF_NIA_split/QF_NIA_2_19//20170427-VeryMax/ITS/From_AProVE_2014__Test11.jar-obl-8__p12654_terminationG_0.smt2 : 1538 ms.
--------------------------------------------------
First to ismt, cur time 0 s.
ismt: sat (2 bits).
../../QF_NIA_split/QF_NIA_2_19//20170427-VeryMax/ITS/From_AProVE_2014__Test11.jar-obl-8__p12655_terminationG_0.smt2 : 3972 ms.
--------------------------------------------------
First to ismt, cur time 0 s.
ismt: sat (2 bits).
../../QF_NIA_split/QF_NIA_2_19//20170427-VeryMax/ITS/From_AProVE_2014__Test12.jar-obl-8__p12664_terminationG_0.smt2 : 1506 ms.
--------------------------------------------------
First to ismt, cur time 0 s.
ismt: sat (2 bits).
../../QF_NIA_split/QF_NIA_2_19//20170427-VeryMax/ITS/From_AProVE_2014__Test13Loops.jar-obl-10__p12672_terminationG_0.smt2 : 24255 ms.
--------------------------------------------------
First to ismt, cur time 0 s.
ismt: sat (2 bits).
../../QF_NIA_split/QF_NIA_2_19//20170427-VeryMax/ITS/From_AProVE_2014__Test13Loops.jar-obl-10__p12673_terminationG_0.smt2 : 80694 ms.
--------------------------------------------------
First to ismt, cur time 0 s.
Final to yices2, cur time 496 s.
final yices2: unsat
../../QF_NIA_split/QF_NIA_2_19//20170427-VeryMax/ITS/From_AProVE_2014__Test13Loops.jar-obl-10__p12676_terminationG_0.smt2 : 496328 ms.
--------------------------------------------------
First to ismt, cur time 0 s.
Final to yices2, cur time 1080 s.
../../QF_NIA_split/QF_NIA_2_19//20170427-VeryMax/ITS/From_AProVE_2014__Test13Loops.jar-obl-10__p12677_terminationG_0.smt2 : 1200026 ms.
--------------------------------------------------
First to ismt, cur time 0 s.
Final to yices2, cur time 1080 s.
../../QF_NIA_split/QF_NIA_2_19//20170427-VeryMax/ITS/From_AProVE_2014__Test13Loops.jar-obl-10__p12678_terminationG_0.smt2 : 1200045 ms.
--------------------------------------------------
First to ismt, cur time 0 s.
Final to yices2, cur time 901 s.
final yices2: unsat
../../QF_NIA_split/QF_NIA_2_19//20170427-VeryMax/ITS/From_AProVE_2014__Test13Loops.jar-obl-10__p12681_terminationG_0.smt2 : 901279 ms.
--------------------------------------------------
First to ismt, cur time 0 s.
Final to yices2, cur time 1080 s.
unknown
../../QF_NIA_split/QF_NIA_2_19//20170427-VeryMax/ITS/From_AProVE_2014__Test13Loops.jar-obl-10__p12682_terminationG_0.smt2 : 1199670 ms.
--------------------------------------------------
First to ismt, cur time 0 s.
Final to yices2, cur time 1080 s.
../../QF_NIA_split/QF_NIA_2_19//20170427-VeryMax/ITS/From_AProVE_2014__Test13Loops.jar-obl-10__p12683_terminationG_0.smt2 : 1200036 ms.
--------------------------------------------------
First to ismt, cur time 0 s.
Final to yices2, cur time 1080 s.
final yices2: unsat
../../QF_NIA_split/QF_NIA_2_19//20170427-VeryMax/ITS/From_AProVE_2014__Test13Loops.jar-obl-10__p12686_terminationG_0.smt2 : 1080703 ms.
--------------------------------------------------
First to ismt, cur time 0 s.
Final to yices2, cur time 1080 s.
unknown
../../QF_NIA_split/QF_NIA_2_19//20170427-VeryMax/ITS/From_AProVE_2014__Test13Loops.jar-obl-10__p12687_terminationG_0.smt2 : 1199468 ms.
--------------------------------------------------
First to ismt, cur time 0 s.
Final to yices2, cur time 1080 s.
../../QF_NIA_split/QF_NIA_2_19//20170427-VeryMax/ITS/From_AProVE_2014__Test13Loops.jar-obl-10__p12688_terminationG_0.smt2 : 1200050 ms.
--------------------------------------------------
First to ismt, cur time 0 s.
ismt: sat (2 bits).
../../QF_NIA_split/QF_NIA_2_19//20170427-VeryMax/ITS/From_AProVE_2014__Test13Loops.jar-obl-10__p12690_safety_0.smt2 : 27092 ms.
--------------------------------------------------
First to ismt, cur time 0 s.
ismt: sat (2 bits).
../../QF_NIA_split/QF_NIA_2_19//20170427-VeryMax/ITS/From_AProVE_2014__Test13Loops.jar-obl-10__p12691_safety_0.smt2 : 38893 ms.
--------------------------------------------------
First to ismt, cur time 0 s.
ismt: sat (2 bits).
../../QF_NIA_split/QF_NIA_2_19//20170427-VeryMax/ITS/From_AProVE_2014__Test13Loops.jar-obl-10__p12696_edge_closing_0.smt2 : 1188 ms.
--------------------------------------------------
First to ismt, cur time 0 s.
ismt: sat (16 bits).
../../QF_NIA_split/QF_NIA_2_19//20170427-VeryMax/ITS/From_AProVE_2014__Test13Loops.jar-obl-10__p12698_edge_closing_0.smt2 : 267412 ms.
--------------------------------------------------
First to ismt, cur time 0 s.
ismt: sat (16 bits).
../../QF_NIA_split/QF_NIA_2_19//20170427-VeryMax/ITS/From_AProVE_2014__Test13Loops.jar-obl-10__p12699_edge_closing_0.smt2 : 1030930 ms.
--------------------------------------------------
First to ismt, cur time 0 s.
ismt: sat (2 bits).
../../QF_NIA_split/QF_NIA_2_19//20170427-VeryMax/ITS/From_AProVE_2014__Test13Loops.jar-obl-10__p12700_edge_closing_0.smt2 : 800 ms.
--------------------------------------------------
First to ismt, cur time 0 s.
ismt: sat (2 bits).
../../QF_NIA_split/QF_NIA_2_19//20170427-VeryMax/ITS/From_AProVE_2014__Test13Loops.jar-obl-10__p12701_edge_closing_0.smt2 : 2094 ms.
--------------------------------------------------
First to ismt, cur time 0 s.
ismt: sat (2 bits).
../../QF_NIA_split/QF_NIA_2_19//20170427-VeryMax/ITS/From_AProVE_2014__Test13Loops.jar-obl-10__p12702_edge_closing_0.smt2 : 2566 ms.
--------------------------------------------------
First to ismt, cur time 0 s.
Final to yices2, cur time 1080 s.
final yices2: sat
../../QF_NIA_split/QF_NIA_2_19//20170427-VeryMax/ITS/From_AProVE_2014__Test13Loops.jar-obl-10__p12704_edge_closing_0.smt2 : 1111152 ms.
--------------------------------------------------
First to ismt, cur time 0 s.
Final to yices2, cur time 1080 s.
unknown
../../QF_NIA_split/QF_NIA_2_19//20170427-VeryMax/ITS/From_AProVE_2014__Test13Loops.jar-obl-10__p12705_edge_closing_0.smt2 : 1199888 ms.
--------------------------------------------------
First to ismt, cur time 0 s.
ismt: sat (2 bits).
../../QF_NIA_split/QF_NIA_2_19//20170427-VeryMax/ITS/From_AProVE_2014__Test13Loops.jar-obl-10__p12706_edge_closing_0.smt2 : 847 ms.
--------------------------------------------------
First to ismt, cur time 0 s.
ismt: sat (2 bits).
../../QF_NIA_split/QF_NIA_2_19//20170427-VeryMax/ITS/From_AProVE_2014__Test13Loops.jar-obl-10__p12707_edge_closing_0.smt2 : 8630 ms.
--------------------------------------------------
First to ismt, cur time 0 s.
ismt: sat (2 bits).
../../QF_NIA_split/QF_NIA_2_19//20170427-VeryMax/ITS/From_AProVE_2014__Test13Loops.jar-obl-10__p12708_edge_closing_0.smt2 : 2933 ms.
--------------------------------------------------
First to ismt, cur time 0 s.
ismt: sat (2 bits).
../../QF_NIA_split/QF_NIA_2_19//20170427-VeryMax/ITS/From_AProVE_2014__Test13Loops.jar-obl-10__p12710_edge_closing_0.smt2 : 1245 ms.
--------------------------------------------------
First to ismt, cur time 0 s.
ismt: sat (2 bits).
../../QF_NIA_split/QF_NIA_2_19//20170427-VeryMax/ITS/From_AProVE_2014__Test13Loops.jar-obl-10__p12711_edge_closing_0.smt2 : 2825 ms.
--------------------------------------------------
First to ismt, cur time 0 s.
Final to yices2, cur time 1080 s.
../../QF_NIA_split/QF_NIA_2_19//20170427-VeryMax/ITS/From_AProVE_2014__Test13Loops.jar-obl-10__p12713_edge_closing_0.smt2 : 1200032 ms.
--------------------------------------------------
First to ismt, cur time 0 s.
Final to yices2, cur time 1080 s.
unknown
../../QF_NIA_split/QF_NIA_2_19//20170427-VeryMax/ITS/From_AProVE_2014__Test13Loops.jar-obl-10__p12714_edge_closing_0.smt2 : 1199754 ms.
--------------------------------------------------
First to ismt, cur time 0 s.
Final to yices2, cur time 1080 s.
final yices2: sat
../../QF_NIA_split/QF_NIA_2_19//20170427-VeryMax/ITS/From_AProVE_2014__Test13Loops.jar-obl-10__p12717_edge_closing_0.smt2 : 1081114 ms.
--------------------------------------------------
First to ismt, cur time 0 s.
ismt: sat (2 bits).
../../QF_NIA_split/QF_NIA_2_19//20170427-VeryMax/ITS/From_AProVE_2014__Test13Loops.jar-obl-10__p12727_edge_closing_0.smt2 : 654 ms.
--------------------------------------------------
First to ismt, cur time 0 s.
ismt: sat (2 bits).
../../QF_NIA_split/QF_NIA_2_19//20170427-VeryMax/ITS/From_AProVE_2014__Test13Loops.jar-obl-10__p12728_edge_closing_0.smt2 : 2255 ms.
--------------------------------------------------
First to ismt, cur time 0 s.
ismt: sat (2 bits).
../../QF_NIA_split/QF_NIA_2_19//20170427-VeryMax/ITS/From_AProVE_2014__Test13Loops.jar-obl-10__p12729_edge_closing_0.smt2 : 16411 ms.
--------------------------------------------------
First to ismt, cur time 0 s.
ismt: sat (2 bits).
../../QF_NIA_split/QF_NIA_2_19//20170427-VeryMax/ITS/From_AProVE_2014__Test13Loops.jar-obl-10__p12734_edge_closing_0.smt2 : 1905 ms.
--------------------------------------------------
First to ismt, cur time 0 s.
ismt: sat (2 bits).
../../QF_NIA_split/QF_NIA_2_19//20170427-VeryMax/ITS/From_AProVE_2014__Test13Loops.jar-obl-10__p12735_edge_closing_0.smt2 : 14307 ms.
--------------------------------------------------
First to ismt, cur time 0 s.
ismt: sat (2 bits).
../../QF_NIA_split/QF_NIA_2_19//20170427-VeryMax/ITS/From_AProVE_2014__Test13Loops.jar-obl-10__p12736_edge_closing_0.smt2 : 641 ms.
--------------------------------------------------
First to ismt, cur time 0 s.
ismt: sat (2 bits).
../../QF_NIA_split/QF_NIA_2_19//20170427-VeryMax/ITS/From_AProVE_2014__Test13Loops.jar-obl-10__p12737_edge_closing_0.smt2 : 2640 ms.
--------------------------------------------------
First to ismt, cur time 0 s.
ismt: sat (2 bits).
../../QF_NIA_split/QF_NIA_2_19//20170427-VeryMax/ITS/From_AProVE_2014__Test13Loops.jar-obl-10__p12738_edge_closing_0.smt2 : 2289 ms.
--------------------------------------------------
First to ismt, cur time 0 s.
ismt: sat (2 bits).
../../QF_NIA_split/QF_NIA_2_19//20170427-VeryMax/ITS/From_AProVE_2014__Test13Loops.jar-obl-10__p12742_edge_closing_0.smt2 : 1381 ms.
--------------------------------------------------
First to ismt, cur time 0 s.
ismt: sat (2 bits).
../../QF_NIA_split/QF_NIA_2_19//20170427-VeryMax/ITS/From_AProVE_2014__Test13Loops.jar-obl-10__p12743_edge_closing_0.smt2 : 16012 ms.
--------------------------------------------------
First to ismt, cur time 0 s.
ismt: sat (2 bits).
../../QF_NIA_split/QF_NIA_2_19//20170427-VeryMax/ITS/From_AProVE_2014__Test13Loops.jar-obl-10__p12744_edge_closing_0.smt2 : 22421 ms.
--------------------------------------------------
First to ismt, cur time 0 s.
ismt: sat (2 bits).
../../QF_NIA_split/QF_NIA_2_19//20170427-VeryMax/ITS/From_AProVE_2014__Test13Loops.jar-obl-10__p12748_edge_closing_0.smt2 : 2767 ms.
--------------------------------------------------
First to ismt, cur time 0 s.
ismt: sat (2 bits).
../../QF_NIA_split/QF_NIA_2_19//20170427-VeryMax/ITS/From_AProVE_2014__Test13Loops.jar-obl-10__p12749_edge_closing_0.smt2 : 17117 ms.
--------------------------------------------------
First to ismt, cur time 0 s.
ismt: sat (2 bits).
../../QF_NIA_split/QF_NIA_2_19//20170427-VeryMax/ITS/From_AProVE_2014__Test13Loops.jar-obl-10__p12750_edge_closing_0.smt2 : 25026 ms.
--------------------------------------------------
First to ismt, cur time 0 s.
ismt: sat (2 bits).
../../QF_NIA_split/QF_NIA_2_19//20170427-VeryMax/ITS/From_AProVE_2014__Test13Loops.jar-obl-10__p12757_edge_closing_0.smt2 : 1081 ms.
--------------------------------------------------
First to ismt, cur time 0 s.
ismt: sat (2 bits).
../../QF_NIA_split/QF_NIA_2_19//20170427-VeryMax/ITS/From_AProVE_2014__Test13Loops.jar-obl-10__p12758_edge_closing_0.smt2 : 14899 ms.
--------------------------------------------------
First to ismt, cur time 0 s.
ismt: sat (2 bits).
../../QF_NIA_split/QF_NIA_2_19//20170427-VeryMax/ITS/From_AProVE_2014__Test13Loops.jar-obl-10__p12759_edge_closing_0.smt2 : 3788 ms.
--------------------------------------------------
First to ismt, cur time 0 s.
ismt: sat (2 bits).
../../QF_NIA_split/QF_NIA_2_19//20170427-VeryMax/ITS/From_AProVE_2014__Test13Loops.jar-obl-10__p12769_edge_closing_0.smt2 : 970 ms.
--------------------------------------------------
First to ismt, cur time 0 s.
ismt: sat (2 bits).
../../QF_NIA_split/QF_NIA_2_19//20170427-VeryMax/ITS/From_AProVE_2014__Test13Loops.jar-obl-10__p12770_edge_closing_0.smt2 : 25645 ms.
--------------------------------------------------
First to ismt, cur time 0 s.
ismt: sat (2 bits).
../../QF_NIA_split/QF_NIA_2_19//20170427-VeryMax/ITS/From_AProVE_2014__Test13Loops.jar-obl-10__p12771_edge_closing_0.smt2 : 112275 ms.
--------------------------------------------------
First to ismt, cur time 0 s.
ismt: sat (2 bits).
../../QF_NIA_split/QF_NIA_2_19//20170427-VeryMax/ITS/From_AProVE_2014__Test13Loops.jar-obl-10__p12773_edge_closing_0.smt2 : 22882 ms.
--------------------------------------------------
First to ismt, cur time 0 s.
ismt: sat (2 bits).
../../QF_NIA_split/QF_NIA_2_19//20170427-VeryMax/ITS/From_AProVE_2014__Test13Loops.jar-obl-10__p12774_edge_closing_0.smt2 : 38570 ms.
--------------------------------------------------
First to ismt, cur time 0 s.
ismt: sat (4 bits).
../../QF_NIA_split/QF_NIA_2_19//20170427-VeryMax/ITS/From_AProVE_2014__Test13Loops.jar-obl-10__p12778_edge_closing_0.smt2 : 6003 ms.
--------------------------------------------------
First to ismt, cur time 0 s.
ismt: sat (2 bits).
../../QF_NIA_split/QF_NIA_2_19//20170427-VeryMax/ITS/From_AProVE_2014__Test13Loops.jar-obl-10__p12779_edge_closing_0.smt2 : 10130 ms.
--------------------------------------------------
First to ismt, cur time 0 s.
ismt: sat (2 bits).
../../QF_NIA_split/QF_NIA_2_19//20170427-VeryMax/ITS/From_AProVE_2014__Test13Loops.jar-obl-10__p12780_edge_closing_0.smt2 : 16249 ms.
--------------------------------------------------
First to ismt, cur time 0 s.
ismt: sat (2 bits).
../../QF_NIA_split/QF_NIA_2_19//20170427-VeryMax/ITS/From_AProVE_2014__Test13Loops.jar-obl-10__p12784_terminationG_0.smt2 : 8109 ms.
--------------------------------------------------
First to ismt, cur time 0 s.
ismt: sat (2 bits).
../../QF_NIA_split/QF_NIA_2_19//20170427-VeryMax/ITS/From_AProVE_2014__Test13Loops.jar-obl-10__p12785_terminationG_0.smt2 : 22254 ms.
--------------------------------------------------
First to ismt, cur time 0 s.
Final to yices2, cur time 161 s.
final yices2: unsat
../../QF_NIA_split/QF_NIA_2_19//20170427-VeryMax/ITS/From_AProVE_2014__Test13Loops.jar-obl-10__terminationQ_2_0.smt2 : 161058 ms.
--------------------------------------------------
First to ismt, cur time 0 s.
ismt: sat (2 bits).
../../QF_NIA_split/QF_NIA_2_19//20170427-VeryMax/ITS/From_AProVE_2014__Test1.jar-obl-8__p12793_terminationG_0.smt2 : 2868 ms.
--------------------------------------------------
First to ismt, cur time 0 s.
ismt: sat (2 bits).
../../QF_NIA_split/QF_NIA_2_19//20170427-VeryMax/ITS/From_AProVE_2014__Test1.jar-obl-8__p12794_terminationG_0.smt2 : 4141 ms.
--------------------------------------------------
First to ismt, cur time 0 s.
ismt: sat (4 bits).
../../QF_NIA_split/QF_NIA_2_19//20170427-VeryMax/ITS/From_AProVE_2014__Test1.jar-obl-8__p12799_terminationG_0.smt2 : 24188 ms.
--------------------------------------------------
First to ismt, cur time 0 s.
ismt: sat (4 bits).
../../QF_NIA_split/QF_NIA_2_19//20170427-VeryMax/ITS/From_AProVE_2014__Test1.jar-obl-8__p12800_terminationG_0.smt2 : 267558 ms.
--------------------------------------------------
First to ismt, cur time 0 s.
Final to yices2, cur time 1080 s.
unknown
../../QF_NIA_split/QF_NIA_2_19//20170427-VeryMax/ITS/From_AProVE_2014__Test1.jar-obl-8__p12801_terminationG_0.smt2 : 1199827 ms.
--------------------------------------------------
First to ismt, cur time 0 s.
Final to yices2, cur time 917 s.
final yices2: unsat
../../QF_NIA_split/QF_NIA_2_19//20170427-VeryMax/ITS/From_AProVE_2014__Test1.jar-obl-8__terminationS_0_0.smt2 : 918015 ms.
--------------------------------------------------
First to ismt, cur time 0 s.
Final to yices2, cur time 1080 s.
final yices2: unsat
../../QF_NIA_split/QF_NIA_2_19//20170427-VeryMax/ITS/From_AProVE_2014__Test1.jar-obl-8__terminationS_1_0.smt2 : 1081723 ms.
--------------------------------------------------
First to ismt, cur time 0 s.
ismt: sat (2 bits).
../../QF_NIA_split/QF_NIA_2_19//20170427-VeryMax/ITS/From_AProVE_2014__Test2.jar-obl-8__p12808_terminationG_0.smt2 : 2764 ms.
--------------------------------------------------
First to ismt, cur time 0 s.
ismt: sat (2 bits).
../../QF_NIA_split/QF_NIA_2_19//20170427-VeryMax/ITS/From_AProVE_2014__Test2.jar-obl-8__p12809_terminationG_0.smt2 : 9006 ms.
--------------------------------------------------
First to ismt, cur time 0 s.
ismt: sat (2 bits).
../../QF_NIA_split/QF_NIA_2_19//20170427-VeryMax/ITS/From_AProVE_2014__Test2.jar-obl-8__p12810_terminationG_0.smt2 : 49159 ms.
--------------------------------------------------
First to ismt, cur time 0 s.
Final to yices2, cur time 1080 s.
final yices2: unsat
../../QF_NIA_split/QF_NIA_2_19//20170427-VeryMax/ITS/From_AProVE_2014__Test2.jar-obl-8__terminationS_0_0.smt2 : 1080490 ms.
--------------------------------------------------
First to ismt, cur time 0 s.
Final to yices2, cur time 916 s.
final yices2: unsat
../../QF_NIA_split/QF_NIA_2_19//20170427-VeryMax/ITS/From_AProVE_2014__Test2.jar-obl-8__terminationS_1_0.smt2 : 916423 ms.
--------------------------------------------------
First to ismt, cur time 0 s.
Final to yices2, cur time 799 s.
final yices2: unsat
../../QF_NIA_split/QF_NIA_2_19//20170427-VeryMax/ITS/From_AProVE_2014__Test2.jar-obl-8__term_unfeasibility_0_0.smt2 : 799919 ms.
--------------------------------------------------
First to ismt, cur time 0 s.
ismt: sat (2 bits).
../../QF_NIA_split/QF_NIA_2_19//20170427-VeryMax/ITS/From_AProVE_2014__Test3.jar-obl-10__p12821_terminationG_0.smt2 : 697 ms.
--------------------------------------------------
First to ismt, cur time 0 s.
Final to yices2, cur time 1080 s.
../../QF_NIA_split/QF_NIA_2_19//20170427-VeryMax/ITS/From_AProVE_2014__Test4.jar-obl-10__p12830_terminationG_0.smt2 : 1200040 ms.
--------------------------------------------------
First to ismt, cur time 0 s.
Final to yices2, cur time 1081 s.
unknown
../../QF_NIA_split/QF_NIA_2_19//20170427-VeryMax/ITS/From_AProVE_2014__Test4.jar-obl-10__p12831_terminationG_0.smt2 : 1199522 ms.
--------------------------------------------------
First to ismt, cur time 0 s.
Final to yices2, cur time 1081 s.
unknown
../../QF_NIA_split/QF_NIA_2_19//20170427-VeryMax/ITS/From_AProVE_2014__Test4.jar-obl-10__p12832_terminationG_0.smt2 : 1199673 ms.
--------------------------------------------------
First to ismt, cur time 0 s.
Final to yices2, cur time 1080 s.
../../QF_NIA_split/QF_NIA_2_19//20170427-VeryMax/ITS/From_AProVE_2014__Test4.jar-obl-10__terminationQ_0_0.smt2 : 1200038 ms.
--------------------------------------------------
First to ismt, cur time 0 s.
Final to yices2, cur time 1081 s.
final yices2: unsat
../../QF_NIA_split/QF_NIA_2_19//20170427-VeryMax/ITS/From_AProVE_2014__Test4.jar-obl-10__terminationS_0_0.smt2 : 1083031 ms.
--------------------------------------------------
First to ismt, cur time 0 s.
Final to yices2, cur time 1081 s.
final yices2: unsat
../../QF_NIA_split/QF_NIA_2_19//20170427-VeryMax/ITS/From_AProVE_2014__Test4.jar-obl-10__terminationS_10_0.smt2 : 1112725 ms.
--------------------------------------------------
First to ismt, cur time 0 s.
Final to yices2, cur time 1081 s.
final yices2: unsat
../../QF_NIA_split/QF_NIA_2_19//20170427-VeryMax/ITS/From_AProVE_2014__Test4.jar-obl-10__terminationS_1_0.smt2 : 1099411 ms.
--------------------------------------------------
First to ismt, cur time 0 s.
Final to yices2, cur time 1080 s.
final yices2: unsat
../../QF_NIA_split/QF_NIA_2_19//20170427-VeryMax/ITS/From_AProVE_2014__Test4.jar-obl-10__terminationS_11_0.smt2 : 1111315 ms.
--------------------------------------------------
First to ismt, cur time 0 s.
Final to yices2, cur time 1081 s.
final yices2: unsat
../../QF_NIA_split/QF_NIA_2_19//20170427-VeryMax/ITS/From_AProVE_2014__Test4.jar-obl-10__terminationS_12_0.smt2 : 1087922 ms.
--------------------------------------------------
First to ismt, cur time 0 s.
Final to yices2, cur time 1081 s.
final yices2: unsat
../../QF_NIA_split/QF_NIA_2_19//20170427-VeryMax/ITS/From_AProVE_2014__Test4.jar-obl-10__terminationS_13_0.smt2 : 1103631 ms.
--------------------------------------------------
First to ismt, cur time 0 s.
Final to yices2, cur time 1081 s.
final yices2: unsat
../../QF_NIA_split/QF_NIA_2_19//20170427-VeryMax/ITS/From_AProVE_2014__Test4.jar-obl-10__terminationS_14_0.smt2 : 1098540 ms.
--------------------------------------------------
First to ismt, cur time 0 s.
Final to yices2, cur time 1080 s.
final yices2: unsat
../../QF_NIA_split/QF_NIA_2_19//20170427-VeryMax/ITS/From_AProVE_2014__Test4.jar-obl-10__terminationS_15_0.smt2 : 1140649 ms.
--------------------------------------------------
First to ismt, cur time 0 s.
Final to yices2, cur time 1081 s.
final yices2: unsat
../../QF_NIA_split/QF_NIA_2_19//20170427-VeryMax/ITS/From_AProVE_2014__Test4.jar-obl-10__terminationS_16_0.smt2 : 1148238 ms.
--------------------------------------------------
First to ismt, cur time 0 s.
Final to yices2, cur time 1080 s.
final yices2: unsat
../../QF_NIA_split/QF_NIA_2_19//20170427-VeryMax/ITS/From_AProVE_2014__Test4.jar-obl-10__terminationS_17_0.smt2 : 1178339 ms.
--------------------------------------------------
First to ismt, cur time 0 s.
Final to yices2, cur time 1081 s.
final yices2: unsat
../../QF_NIA_split/QF_NIA_2_19//20170427-VeryMax/ITS/From_AProVE_2014__Test4.jar-obl-10__terminationS_18_0.smt2 : 1090748 ms.
--------------------------------------------------
First to ismt, cur time 0 s.
Final to yices2, cur time 1081 s.
final yices2: unsat
../../QF_NIA_split/QF_NIA_2_19//20170427-VeryMax/ITS/From_AProVE_2014__Test4.jar-obl-10__terminationS_19_0.smt2 : 1116072 ms.
--------------------------------------------------
First to ismt, cur time 0 s.
Final to yices2, cur time 1081 s.
final yices2: unsat
../../QF_NIA_split/QF_NIA_2_19//20170427-VeryMax/ITS/From_AProVE_2014__Test4.jar-obl-10__terminationS_20_0.smt2 : 1101280 ms.
--------------------------------------------------
First to ismt, cur time 0 s.
Final to yices2, cur time 1081 s.
final yices2: unsat
../../QF_NIA_split/QF_NIA_2_19//20170427-VeryMax/ITS/From_AProVE_2014__Test4.jar-obl-10__terminationS_2_0.smt2 : 1084197 ms.
--------------------------------------------------
First to ismt, cur time 0 s.
Final to yices2, cur time 1081 s.
final yices2: unsat
../../QF_NIA_split/QF_NIA_2_19//20170427-VeryMax/ITS/From_AProVE_2014__Test4.jar-obl-10__terminationS_21_0.smt2 : 1167260 ms.
--------------------------------------------------
First to ismt, cur time 0 s.
Final to yices2, cur time 1081 s.
final yices2: unsat
../../QF_NIA_split/QF_NIA_2_19//20170427-VeryMax/ITS/From_AProVE_2014__Test4.jar-obl-10__terminationS_22_0.smt2 : 1104073 ms.
--------------------------------------------------
First to ismt, cur time 0 s.
Final to yices2, cur time 1081 s.
final yices2: unsat
../../QF_NIA_split/QF_NIA_2_19//20170427-VeryMax/ITS/From_AProVE_2014__Test4.jar-obl-10__terminationS_23_0.smt2 : 1089543 ms.
--------------------------------------------------
First to ismt, cur time 0 s.
Final to yices2, cur time 1081 s.
final yices2: unsat
../../QF_NIA_split/QF_NIA_2_19//20170427-VeryMax/ITS/From_AProVE_2014__Test4.jar-obl-10__terminationS_24_0.smt2 : 1086970 ms.
--------------------------------------------------
First to ismt, cur time 0 s.
Final to yices2, cur time 1082 s.
final yices2: unsat
../../QF_NIA_split/QF_NIA_2_19//20170427-VeryMax/ITS/From_AProVE_2014__Test4.jar-obl-10__terminationS_25_0.smt2 : 1098198 ms.
--------------------------------------------------
First to ismt, cur time 0 s.
Final to yices2, cur time 1083 s.
final yices2: unsat
../../QF_NIA_split/QF_NIA_2_19//20170427-VeryMax/ITS/From_AProVE_2014__Test4.jar-obl-10__terminationS_26_0.smt2 : 1097156 ms.
--------------------------------------------------
First to ismt, cur time 0 s.
Final to yices2, cur time 1083 s.
final yices2: unsat
../../QF_NIA_split/QF_NIA_2_19//20170427-VeryMax/ITS/From_AProVE_2014__Test4.jar-obl-10__terminationS_27_0.smt2 : 1094319 ms.
--------------------------------------------------
First to ismt, cur time 0 s.
Final to yices2, cur time 1081 s.
final yices2: unsat
../../QF_NIA_split/QF_NIA_2_19//20170427-VeryMax/ITS/From_AProVE_2014__Test4.jar-obl-10__terminationS_28_0.smt2 : 1100233 ms.
--------------------------------------------------
First to ismt, cur time 0 s.
Final to yices2, cur time 1081 s.
final yices2: unsat
../../QF_NIA_split/QF_NIA_2_19//20170427-VeryMax/ITS/From_AProVE_2014__Test4.jar-obl-10__terminationS_29_0.smt2 : 1089294 ms.
--------------------------------------------------
First to ismt, cur time 0 s.
Final to yices2, cur time 1081 s.
final yices2: unsat
../../QF_NIA_split/QF_NIA_2_19//20170427-VeryMax/ITS/From_AProVE_2014__Test4.jar-obl-10__terminationS_30_0.smt2 : 1093658 ms.
--------------------------------------------------
First to ismt, cur time 0 s.
Final to yices2, cur time 1080 s.
final yices2: unsat
../../QF_NIA_split/QF_NIA_2_19//20170427-VeryMax/ITS/From_AProVE_2014__Test4.jar-obl-10__terminationS_3_0.smt2 : 1101847 ms.
--------------------------------------------------
First to ismt, cur time 0 s.
Final to yices2, cur time 1082 s.
final yices2: unsat
../../QF_NIA_split/QF_NIA_2_19//20170427-VeryMax/ITS/From_AProVE_2014__Test4.jar-obl-10__terminationS_31_0.smt2 : 1087634 ms.
--------------------------------------------------
First to ismt, cur time 0 s.
Final to yices2, cur time 1084 s.
final yices2: unsat
../../QF_NIA_split/QF_NIA_2_19//20170427-VeryMax/ITS/From_AProVE_2014__Test4.jar-obl-10__terminationS_32_0.smt2 : 1101636 ms.
--------------------------------------------------
First to ismt, cur time 0 s.
Final to yices2, cur time 1082 s.
final yices2: unsat
../../QF_NIA_split/QF_NIA_2_19//20170427-VeryMax/ITS/From_AProVE_2014__Test4.jar-obl-10__terminationS_33_0.smt2 : 1128736 ms.
--------------------------------------------------
First to ismt, cur time 0 s.
Final to yices2, cur time 1080 s.
final yices2: unsat
../../QF_NIA_split/QF_NIA_2_19//20170427-VeryMax/ITS/From_AProVE_2014__Test4.jar-obl-10__terminationS_34_0.smt2 : 1088907 ms.
--------------------------------------------------
First to ismt, cur time 0 s.
Final to yices2, cur time 1081 s.
final yices2: unsat
../../QF_NIA_split/QF_NIA_2_19//20170427-VeryMax/ITS/From_AProVE_2014__Test4.jar-obl-10__terminationS_35_0.smt2 : 1093394 ms.
--------------------------------------------------
First to ismt, cur time 0 s.
Final to yices2, cur time 1081 s.
final yices2: unsat
../../QF_NIA_split/QF_NIA_2_19//20170427-VeryMax/ITS/From_AProVE_2014__Test4.jar-obl-10__terminationS_36_0.smt2 : 1088845 ms.
--------------------------------------------------
First to ismt, cur time 0 s.
Final to yices2, cur time 1080 s.
final yices2: unsat
../../QF_NIA_split/QF_NIA_2_19//20170427-VeryMax/ITS/From_AProVE_2014__Test4.jar-obl-10__terminationS_37_0.smt2 : 1085656 ms.
--------------------------------------------------
First to ismt, cur time 0 s.
Final to yices2, cur time 1080 s.
final yices2: unsat
../../QF_NIA_split/QF_NIA_2_19//20170427-VeryMax/ITS/From_AProVE_2014__Test4.jar-obl-10__terminationS_38_0.smt2 : 1103764 ms.
--------------------------------------------------
First to ismt, cur time 0 s.
Final to yices2, cur time 1082 s.
final yices2: unsat
../../QF_NIA_split/QF_NIA_2_19//20170427-VeryMax/ITS/From_AProVE_2014__Test4.jar-obl-10__terminationS_39_0.smt2 : 1084969 ms.
--------------------------------------------------
First to ismt, cur time 0 s.
Final to yices2, cur time 1082 s.
final yices2: unsat
../../QF_NIA_split/QF_NIA_2_19//20170427-VeryMax/ITS/From_AProVE_2014__Test4.jar-obl-10__terminationS_40_0.smt2 : 1146654 ms.
--------------------------------------------------
First to ismt, cur time 0 s.
Final to yices2, cur time 1081 s.
unknown
../../QF_NIA_split/QF_NIA_2_19//20170427-VeryMax/ITS/From_AProVE_2014__Test4.jar-obl-10__terminationS_4_0.smt2 : 1199913 ms.
--------------------------------------------------
First to ismt, cur time 0 s.
Final to yices2, cur time 1081 s.
final yices2: unsat
../../QF_NIA_split/QF_NIA_2_19//20170427-VeryMax/ITS/From_AProVE_2014__Test4.jar-obl-10__terminationS_41_0.smt2 : 1086230 ms.
--------------------------------------------------
First to ismt, cur time 0 s.
Final to yices2, cur time 1083 s.
final yices2: unsat
../../QF_NIA_split/QF_NIA_2_19//20170427-VeryMax/ITS/From_AProVE_2014__Test4.jar-obl-10__terminationS_42_0.smt2 : 1085847 ms.
--------------------------------------------------
First to ismt, cur time 0 s.
Final to yices2, cur time 1081 s.
final yices2: unsat
../../QF_NIA_split/QF_NIA_2_19//20170427-VeryMax/ITS/From_AProVE_2014__Test4.jar-obl-10__terminationS_43_0.smt2 : 1099378 ms.
--------------------------------------------------
First to ismt, cur time 0 s.
Final to yices2, cur time 779 s.
final yices2: unsat
../../QF_NIA_split/QF_NIA_2_19//20170427-VeryMax/ITS/From_AProVE_2014__Test4.jar-obl-10__terminationS_44_0.smt2 : 786546 ms.
--------------------------------------------------
First to ismt, cur time 0 s.
Final to yices2, cur time 1081 s.
../../QF_NIA_split/QF_NIA_2_19//20170427-VeryMax/ITS/From_AProVE_2014__Test4.jar-obl-10__terminationS_5_0.smt2 : 1200083 ms.
--------------------------------------------------
First to ismt, cur time 0 s.
Final to yices2, cur time 1081 s.
final yices2: unsat
../../QF_NIA_split/QF_NIA_2_19//20170427-VeryMax/ITS/From_AProVE_2014__Test4.jar-obl-10__terminationS_6_0.smt2 : 1162861 ms.
--------------------------------------------------
First to ismt, cur time 0 s.
Final to yices2, cur time 1081 s.
../../QF_NIA_split/QF_NIA_2_19//20170427-VeryMax/ITS/From_AProVE_2014__Test4.jar-obl-10__terminationS_7_0.smt2 : 1208988 ms.
--------------------------------------------------
First to ismt, cur time 0 s.
Final to yices2, cur time 1082 s.
final yices2: unsat
../../QF_NIA_split/QF_NIA_2_19//20170427-VeryMax/ITS/From_AProVE_2014__Test4.jar-obl-10__terminationS_8_0.smt2 : 1154648 ms.
--------------------------------------------------
First to ismt, cur time 0 s.
Final to yices2, cur time 1081 s.
final yices2: unsat
../../QF_NIA_split/QF_NIA_2_19//20170427-VeryMax/ITS/From_AProVE_2014__Test4.jar-obl-10__terminationS_9_0.smt2 : 1191277 ms.
--------------------------------------------------
First to ismt, cur time 0 s.
Final to yices2, cur time 1080 s.
../../QF_NIA_split/QF_NIA_2_19//20170427-VeryMax/ITS/From_AProVE_2014__Test4.jar-obl-10__term_unfeasibility_1_0.smt2 : 1201154 ms.
--------------------------------------------------
First to ismt, cur time 0 s.
ismt: sat (2 bits).
../../QF_NIA_split/QF_NIA_2_19//20170427-VeryMax/ITS/From_AProVE_2014__Test5.jar-obl-11__p12845_terminationG_0.smt2 : 4583 ms.
--------------------------------------------------
First to ismt, cur time 0 s.
Final to yices2, cur time 1081 s.
final yices2: unsat
../../QF_NIA_split/QF_NIA_2_19//20170427-VeryMax/ITS/From_AProVE_2014__Test5.jar-obl-11__term_unfeasibility_1_0.smt2 : 1082377 ms.
--------------------------------------------------
First to ismt, cur time 0 s.
ismt: sat (2 bits).
../../QF_NIA_split/QF_NIA_2_19//20170427-VeryMax/ITS/From_AProVE_2014__Test6.jar-obl-13__p12854_terminationG_0.smt2 : 29418 ms.
--------------------------------------------------
First to ismt, cur time 0 s.
ismt: sat (2 bits).
../../QF_NIA_split/QF_NIA_2_19//20170427-VeryMax/ITS/From_AProVE_2014__Test6.jar-obl-13__p12858_terminationG_0.smt2 : 11108 ms.
--------------------------------------------------
First to ismt, cur time 0 s.
ismt: sat (2 bits).
../../QF_NIA_split/QF_NIA_2_19//20170427-VeryMax/ITS/From_AProVE_2014__Test6.jar-obl-13__p12859_terminationG_0.smt2 : 27570 ms.
--------------------------------------------------
First to ismt, cur time 0 s.
ismt: sat (2 bits).
../../QF_NIA_split/QF_NIA_2_19//20170427-VeryMax/ITS/From_AProVE_2014__Test6.jar-obl-13__p12863_terminationG_0.smt2 : 10940 ms.
--------------------------------------------------
First to ismt, cur time 0 s.
ismt: sat (2 bits).
../../QF_NIA_split/QF_NIA_2_19//20170427-VeryMax/ITS/From_AProVE_2014__Test6.jar-obl-13__p12864_terminationG_0.smt2 : 73652 ms.
--------------------------------------------------
First to ismt, cur time 0 s.
ismt: sat (2 bits).
../../QF_NIA_split/QF_NIA_2_19//20170427-VeryMax/ITS/From_AProVE_2014__Test6.jar-obl-13__p12867_terminationG_0.smt2 : 255495 ms.
--------------------------------------------------
First to ismt, cur time 0 s.
Final to yices2, cur time 1081 s.
../../QF_NIA_split/QF_NIA_2_19//20170427-VeryMax/ITS/From_AProVE_2014__Test6.jar-obl-13__p12868_terminationG_0.smt2 : 1218173 ms.
--------------------------------------------------
First to ismt, cur time 0 s.
ismt: sat (2 bits).
../../QF_NIA_split/QF_NIA_2_19//20170427-VeryMax/ITS/From_AProVE_2014__Test6.jar-obl-13__p12869_terminationG_0.smt2 : 798626 ms.
--------------------------------------------------
First to ismt, cur time 0 s.
ismt: sat (2 bits).
../../QF_NIA_split/QF_NIA_2_19//20170427-VeryMax/ITS/From_AProVE_2014__Test6.jar-obl-13__p12871_safety_0.smt2 : 4409 ms.
--------------------------------------------------
First to ismt, cur time 0 s.
Final to yices2, cur time 1080 s.
unknown
../../QF_NIA_split/QF_NIA_2_19//20170427-VeryMax/ITS/From_AProVE_2014__Test6.jar-obl-13__p12873_safety_0.smt2 : 1199698 ms.
--------------------------------------------------
First to ismt, cur time 0 s.
Final to yices2, cur time 1080 s.
../../QF_NIA_split/QF_NIA_2_19//20170427-VeryMax/ITS/From_AProVE_2014__Test6.jar-obl-13__p12874_safety_0.smt2 : 1200053 ms.
--------------------------------------------------
First to ismt, cur time 0 s.
Final to yices2, cur time 1080 s.
unknown
../../QF_NIA_split/QF_NIA_2_19//20170427-VeryMax/ITS/From_AProVE_2014__Test6.jar-obl-13__p12876_safety_0.smt2 : 1200128 ms.
--------------------------------------------------
First to ismt, cur time 0 s.
Final to yices2, cur time 1080 s.
../../QF_NIA_split/QF_NIA_2_19//20170427-VeryMax/ITS/From_AProVE_2014__Test6.jar-obl-13__p12877_safety_0.smt2 : 1204093 ms.
--------------------------------------------------
First to ismt, cur time 0 s.
Final to yices2, cur time 1099 s.
../../QF_NIA_split/QF_NIA_2_19//20170427-VeryMax/ITS/From_AProVE_2014__Test6.jar-obl-13__terminationQ_0_0.smt2 : 1205579 ms.
--------------------------------------------------
First to ismt, cur time 0 s.
Final to yices2, cur time 1080 s.
../../QF_NIA_split/QF_NIA_2_19//20170427-VeryMax/ITS/From_AProVE_2014__Test6.jar-obl-13__terminationS_0_0.smt2 : 1200061 ms.
--------------------------------------------------
First to ismt, cur time 0 s.
Final to yices2, cur time 1080 s.
final yices2: unsat
../../QF_NIA_split/QF_NIA_2_19//20170427-VeryMax/ITS/From_AProVE_2014__Test6.jar-obl-13__terminationS_10_0.smt2 : 1102235 ms.
--------------------------------------------------
First to ismt, cur time 0 s.
Final to yices2, cur time 1081 s.
unknown
../../QF_NIA_split/QF_NIA_2_19//20170427-VeryMax/ITS/From_AProVE_2014__Test6.jar-obl-13__terminationS_1_0.smt2 : 1199472 ms.
--------------------------------------------------
First to ismt, cur time 0 s.
Final to yices2, cur time 1081 s.
final yices2: unsat
../../QF_NIA_split/QF_NIA_2_19//20170427-VeryMax/ITS/From_AProVE_2014__Test6.jar-obl-13__terminationS_11_0.smt2 : 1106161 ms.
--------------------------------------------------
First to ismt, cur time 0 s.
Final to yices2, cur time 1081 s.
final yices2: unsat
../../QF_NIA_split/QF_NIA_2_19//20170427-VeryMax/ITS/From_AProVE_2014__Test6.jar-obl-13__terminationS_12_0.smt2 : 1178298 ms.
--------------------------------------------------
First to ismt, cur time 0 s.
Final to yices2, cur time 1081 s.
final yices2: unsat
../../QF_NIA_split/QF_NIA_2_19//20170427-VeryMax/ITS/From_AProVE_2014__Test6.jar-obl-13__terminationS_13_0.smt2 : 1105414 ms.
--------------------------------------------------
First to ismt, cur time 0 s.
Final to yices2, cur time 1081 s.
../../QF_NIA_split/QF_NIA_2_19//20170427-VeryMax/ITS/From_AProVE_2014__Test6.jar-obl-13__terminationS_14_0.smt2 : 1200059 ms.
--------------------------------------------------
First to ismt, cur time 0 s.
Final to yices2, cur time 1081 s.
../../QF_NIA_split/QF_NIA_2_19//20170427-VeryMax/ITS/From_AProVE_2014__Test6.jar-obl-13__terminationS_15_0.smt2 : 1200083 ms.
--------------------------------------------------
First to ismt, cur time 0 s.
Final to yices2, cur time 1081 s.
final yices2: unsat
../../QF_NIA_split/QF_NIA_2_19//20170427-VeryMax/ITS/From_AProVE_2014__Test6.jar-obl-13__terminationS_16_0.smt2 : 1191070 ms.
--------------------------------------------------
First to ismt, cur time 0 s.
terminate called after throwing an instance of 'std::bad_alloc'
  what():  std::bad_alloc
timeout: the monitored command dumped core
terminate called after throwing an instance of 'std::bad_alloc'
  what():  std::bad_alloc
timeout: the monitored command dumped core
Final to yices2, cur time 613 s.
final yices2: unsat
../../QF_NIA_split/QF_NIA_2_19//20170427-VeryMax/ITS/From_AProVE_2014__Test6.jar-obl-13__terminationS_17_0.smt2 : 615392 ms.
--------------------------------------------------
First to ismt, cur time 0 s.
Final to yices2, cur time 1081 s.
final yices2: unsat
../../QF_NIA_split/QF_NIA_2_19//20170427-VeryMax/ITS/From_AProVE_2014__Test6.jar-obl-13__terminationS_18_0.smt2 : 1106546 ms.
--------------------------------------------------
First to ismt, cur time 0 s.
Final to yices2, cur time 1082 s.
final yices2: unsat
../../QF_NIA_split/QF_NIA_2_19//20170427-VeryMax/ITS/From_AProVE_2014__Test6.jar-obl-13__terminationS_19_0.smt2 : 1093612 ms.
--------------------------------------------------
First to ismt, cur time 0 s.
Final to yices2, cur time 1081 s.
final yices2: unsat
../../QF_NIA_split/QF_NIA_2_19//20170427-VeryMax/ITS/From_AProVE_2014__Test6.jar-obl-13__terminationS_20_0.smt2 : 1109773 ms.
--------------------------------------------------
First to ismt, cur time 0 s.
Final to yices2, cur time 1081 s.
final yices2: unsat
../../QF_NIA_split/QF_NIA_2_19//20170427-VeryMax/ITS/From_AProVE_2014__Test6.jar-obl-13__terminationS_2_0.smt2 : 1131255 ms.
--------------------------------------------------
First to ismt, cur time 0 s.
Final to yices2, cur time 1151 s.
final yices2: unsat
../../QF_NIA_split/QF_NIA_2_19//20170427-VeryMax/ITS/From_AProVE_2014__Test6.jar-obl-13__terminationS_21_0.smt2 : 1161410 ms.
--------------------------------------------------
First to ismt, cur time 0 s.
Final to yices2, cur time 1081 s.
../../QF_NIA_split/QF_NIA_2_19//20170427-VeryMax/ITS/From_AProVE_2014__Test6.jar-obl-13__terminationS_22_0.smt2 : 1200041 ms.
--------------------------------------------------
First to ismt, cur time 0 s.
Final to yices2, cur time 1081 s.
final yices2: unsat
../../QF_NIA_split/QF_NIA_2_19//20170427-VeryMax/ITS/From_AProVE_2014__Test6.jar-obl-13__terminationS_23_0.smt2 : 1091359 ms.
--------------------------------------------------
First to ismt, cur time 0 s.
Final to yices2, cur time 1080 s.
final yices2: unsat
../../QF_NIA_split/QF_NIA_2_19//20170427-VeryMax/ITS/From_AProVE_2014__Test6.jar-obl-13__terminationS_24_0.smt2 : 1116368 ms.
--------------------------------------------------
First to ismt, cur time 0 s.
Final to yices2, cur time 1080 s.
final yices2: unsat
../../QF_NIA_split/QF_NIA_2_19//20170427-VeryMax/ITS/From_AProVE_2014__Test6.jar-obl-13__terminationS_25_0.smt2 : 1106852 ms.
--------------------------------------------------
First to ismt, cur time 0 s.
Final to yices2, cur time 1081 s.
final yices2: unsat
../../QF_NIA_split/QF_NIA_2_19//20170427-VeryMax/ITS/From_AProVE_2014__Test6.jar-obl-13__terminationS_26_0.smt2 : 1114088 ms.
--------------------------------------------------
First to ismt, cur time 0 s.
Final to yices2, cur time 1083 s.
final yices2: unsat
../../QF_NIA_split/QF_NIA_2_19//20170427-VeryMax/ITS/From_AProVE_2014__Test6.jar-obl-13__terminationS_27_0.smt2 : 1098617 ms.
--------------------------------------------------
First to ismt, cur time 0 s.
Final to yices2, cur time 1081 s.
final yices2: unsat
../../QF_NIA_split/QF_NIA_2_19//20170427-VeryMax/ITS/From_AProVE_2014__Test6.jar-obl-13__terminationS_28_0.smt2 : 1095158 ms.
--------------------------------------------------
First to ismt, cur time 0 s.
Final to yices2, cur time 1082 s.
final yices2: unsat
../../QF_NIA_split/QF_NIA_2_19//20170427-VeryMax/ITS/From_AProVE_2014__Test6.jar-obl-13__terminationS_29_0.smt2 : 1156496 ms.
--------------------------------------------------
First to ismt, cur time 0 s.
Final to yices2, cur time 1081 s.
final yices2: unsat
../../QF_NIA_split/QF_NIA_2_19//20170427-VeryMax/ITS/From_AProVE_2014__Test6.jar-obl-13__terminationS_30_0.smt2 : 1137039 ms.
--------------------------------------------------
First to ismt, cur time 0 s.
Final to yices2, cur time 1081 s.
final yices2: unsat
../../QF_NIA_split/QF_NIA_2_19//20170427-VeryMax/ITS/From_AProVE_2014__Test6.jar-obl-13__terminationS_3_0.smt2 : 1134542 ms.
--------------------------------------------------
First to ismt, cur time 0 s.
Final to yices2, cur time 1081 s.
final yices2: unsat
../../QF_NIA_split/QF_NIA_2_19//20170427-VeryMax/ITS/From_AProVE_2014__Test6.jar-obl-13__terminationS_31_0.smt2 : 1103630 ms.
--------------------------------------------------
First to ismt, cur time 0 s.
Final to yices2, cur time 1081 s.
unknown
../../QF_NIA_split/QF_NIA_2_19//20170427-VeryMax/ITS/From_AProVE_2014__Test6.jar-obl-13__terminationS_32_0.smt2 : 1199788 ms.
--------------------------------------------------
First to ismt, cur time 0 s.
Final to yices2, cur time 1081 s.
unknown
../../QF_NIA_split/QF_NIA_2_19//20170427-VeryMax/ITS/From_AProVE_2014__Test6.jar-obl-13__terminationS_33_0.smt2 : 1200051 ms.
--------------------------------------------------
First to ismt, cur time 0 s.
Final to yices2, cur time 1081 s.
final yices2: unsat
../../QF_NIA_split/QF_NIA_2_19//20170427-VeryMax/ITS/From_AProVE_2014__Test6.jar-obl-13__terminationS_34_0.smt2 : 1114548 ms.
--------------------------------------------------
First to ismt, cur time 0 s.
Final to yices2, cur time 1081 s.
../../QF_NIA_split/QF_NIA_2_19//20170427-VeryMax/ITS/From_AProVE_2014__Test6.jar-obl-13__terminationS_35_0.smt2 : 1201317 ms.
--------------------------------------------------
First to ismt, cur time 0 s.
Final to yices2, cur time 1081 s.
final yices2: unsat
../../QF_NIA_split/QF_NIA_2_19//20170427-VeryMax/ITS/From_AProVE_2014__Test6.jar-obl-13__terminationS_36_0.smt2 : 1139991 ms.
--------------------------------------------------
First to ismt, cur time 0 s.
Final to yices2, cur time 1080 s.
final yices2: unsat
../../QF_NIA_split/QF_NIA_2_19//20170427-VeryMax/ITS/From_AProVE_2014__Test6.jar-obl-13__terminationS_37_0.smt2 : 1106590 ms.
--------------------------------------------------
First to ismt, cur time 0 s.
Final to yices2, cur time 1080 s.
final yices2: unsat
../../QF_NIA_split/QF_NIA_2_19//20170427-VeryMax/ITS/From_AProVE_2014__Test6.jar-obl-13__terminationS_38_0.smt2 : 1100465 ms.
--------------------------------------------------
First to ismt, cur time 0 s.
Final to yices2, cur time 1082 s.
final yices2: unsat
../../QF_NIA_split/QF_NIA_2_19//20170427-VeryMax/ITS/From_AProVE_2014__Test6.jar-obl-13__terminationS_39_0.smt2 : 1102662 ms.
--------------------------------------------------
First to ismt, cur time 0 s.
Final to yices2, cur time 1081 s.
final yices2: unsat
../../QF_NIA_split/QF_NIA_2_19//20170427-VeryMax/ITS/From_AProVE_2014__Test6.jar-obl-13__terminationS_40_0.smt2 : 1120993 ms.
--------------------------------------------------
First to ismt, cur time 0 s.
Final to yices2, cur time 1092 s.
final yices2: unsat
../../QF_NIA_split/QF_NIA_2_19//20170427-VeryMax/ITS/From_AProVE_2014__Test6.jar-obl-13__terminationS_4_0.smt2 : 1144991 ms.
--------------------------------------------------
First to ismt, cur time 0 s.
Final to yices2, cur time 1081 s.
final yices2: unsat
../../QF_NIA_split/QF_NIA_2_19//20170427-VeryMax/ITS/From_AProVE_2014__Test6.jar-obl-13__terminationS_41_0.smt2 : 1097986 ms.
--------------------------------------------------
First to ismt, cur time 0 s.
Final to yices2, cur time 1081 s.
final yices2: unsat
../../QF_NIA_split/QF_NIA_2_19//20170427-VeryMax/ITS/From_AProVE_2014__Test6.jar-obl-13__terminationS_42_0.smt2 : 1094467 ms.
--------------------------------------------------
First to ismt, cur time 0 s.
Final to yices2, cur time 1081 s.
final yices2: unsat
../../QF_NIA_split/QF_NIA_2_19//20170427-VeryMax/ITS/From_AProVE_2014__Test6.jar-obl-13__terminationS_43_0.smt2 : 1090258 ms.
--------------------------------------------------
First to ismt, cur time 0 s.
Final to yices2, cur time 1082 s.
final yices2: unsat
../../QF_NIA_split/QF_NIA_2_19//20170427-VeryMax/ITS/From_AProVE_2014__Test6.jar-obl-13__terminationS_44_0.smt2 : 1123567 ms.
--------------------------------------------------
First to ismt, cur time 0 s.
Final to yices2, cur time 1081 s.
final yices2: unsat
../../QF_NIA_split/QF_NIA_2_19//20170427-VeryMax/ITS/From_AProVE_2014__Test6.jar-obl-13__terminationS_45_0.smt2 : 1134593 ms.
--------------------------------------------------
First to ismt, cur time 0 s.
Final to yices2, cur time 1081 s.
final yices2: unsat
../../QF_NIA_split/QF_NIA_2_19//20170427-VeryMax/ITS/From_AProVE_2014__Test6.jar-obl-13__terminationS_46_0.smt2 : 1099340 ms.
--------------------------------------------------
First to ismt, cur time 0 s.
Final to yices2, cur time 1080 s.
final yices2: unsat
../../QF_NIA_split/QF_NIA_2_19//20170427-VeryMax/ITS/From_AProVE_2014__Test6.jar-obl-13__terminationS_5_0.smt2 : 1103076 ms.
--------------------------------------------------
First to ismt, cur time 0 s.
Final to yices2, cur time 1081 s.
final yices2: unsat
../../QF_NIA_split/QF_NIA_2_19//20170427-VeryMax/ITS/From_AProVE_2014__Test6.jar-obl-13__terminationS_6_0.smt2 : 1169774 ms.
--------------------------------------------------
First to ismt, cur time 0 s.
Final to yices2, cur time 1081 s.
final yices2: unsat
../../QF_NIA_split/QF_NIA_2_19//20170427-VeryMax/ITS/From_AProVE_2014__Test6.jar-obl-13__terminationS_7_0.smt2 : 1124326 ms.
--------------------------------------------------
First to ismt, cur time 0 s.
Final to yices2, cur time 1082 s.
../../QF_NIA_split/QF_NIA_2_19//20170427-VeryMax/ITS/From_AProVE_2014__Test6.jar-obl-13__terminationS_8_0.smt2 : 1200052 ms.
--------------------------------------------------
First to ismt, cur time 0 s.
Final to yices2, cur time 1081 s.
final yices2: unsat
../../QF_NIA_split/QF_NIA_2_19//20170427-VeryMax/ITS/From_AProVE_2014__Test6.jar-obl-13__terminationS_9_0.smt2 : 1094661 ms.
--------------------------------------------------
First to ismt, cur time 0 s.
ismt: sat (2 bits).
../../QF_NIA_split/QF_NIA_2_19//20170427-VeryMax/ITS/From_AProVE_2014__Test6.jar-obl-13__term_unfeasibility_3_0.smt2 : 94482 ms.
--------------------------------------------------
First to ismt, cur time 0 s.
ismt: sat (2 bits).
../../QF_NIA_split/QF_NIA_2_19//20170427-VeryMax/ITS/From_AProVE_2014__Test6.jar-obl-13__term_unfeasibility_4_0.smt2 : 106236 ms.
--------------------------------------------------
First to ismt, cur time 0 s.
Final to yices2, cur time 1081 s.
../../QF_NIA_split/QF_NIA_2_19//20170427-VeryMax/ITS/From_AProVE_2014__Test6.jar-obl-13__term_unfeasibility_5_0.smt2 : 1208726 ms.
--------------------------------------------------
First to ismt, cur time 0 s.
ismt: sat (2 bits).
../../QF_NIA_split/QF_NIA_2_19//20170427-VeryMax/ITS/From_AProVE_2014__Test7.jar-obl-11__p12888_terminationG_0.smt2 : 33024 ms.
--------------------------------------------------
First to ismt, cur time 0 s.
Final to yices2, cur time 44 s.
final yices2: unsat
../../QF_NIA_split/QF_NIA_2_19//20170427-VeryMax/ITS/From_AProVE_2014__Test7.jar-obl-11__p12894_safety_0.smt2 : 50694 ms.
--------------------------------------------------
First to ismt, cur time 0 s.
Final to yices2, cur time 1080 s.
final yices2: unsat
../../QF_NIA_split/QF_NIA_2_19//20170427-VeryMax/ITS/From_AProVE_2014__Test7.jar-obl-11__p12895_safety_0.smt2 : 1112179 ms.
--------------------------------------------------
First to ismt, cur time 0 s.
Final to yices2, cur time 1080 s.
../../QF_NIA_split/QF_NIA_2_19//20170427-VeryMax/ITS/From_AProVE_2014__Test7.jar-obl-11__p12896_safety_0.smt2 : 1209139 ms.
--------------------------------------------------
First to ismt, cur time 0 s.
Final to yices2, cur time 135 s.
final yices2: unsat
../../QF_NIA_split/QF_NIA_2_19//20170427-VeryMax/ITS/From_AProVE_2014__Test7.jar-obl-11__p12902_safety_0.smt2 : 136616 ms.
--------------------------------------------------
First to ismt, cur time 0 s.
Final to yices2, cur time 1080 s.
../../QF_NIA_split/QF_NIA_2_19//20170427-VeryMax/ITS/From_AProVE_2014__Test7.jar-obl-11__p12903_safety_0.smt2 : 1200042 ms.
--------------------------------------------------
First to ismt, cur time 0 s.
Final to yices2, cur time 1080 s.
../../QF_NIA_split/QF_NIA_2_19//20170427-VeryMax/ITS/From_AProVE_2014__Test7.jar-obl-11__p12904_safety_0.smt2 : 1204167 ms.
--------------------------------------------------
First to ismt, cur time 0 s.
Final to yices2, cur time 77 s.
final yices2: unsat
../../QF_NIA_split/QF_NIA_2_19//20170427-VeryMax/ITS/From_AProVE_2014__Test7.jar-obl-11__p12911_safety_0.smt2 : 88817 ms.
--------------------------------------------------
First to ismt, cur time 0 s.
Final to yices2, cur time 1080 s.
unknown
../../QF_NIA_split/QF_NIA_2_19//20170427-VeryMax/ITS/From_AProVE_2014__Test7.jar-obl-11__p12912_safety_0.smt2 : 1199767 ms.
--------------------------------------------------
First to ismt, cur time 0 s.
Final to yices2, cur time 1080 s.
../../QF_NIA_split/QF_NIA_2_19//20170427-VeryMax/ITS/From_AProVE_2014__Test7.jar-obl-11__p12913_safety_0.smt2 : 1200033 ms.
--------------------------------------------------
First to ismt, cur time 0 s.
Final to yices2, cur time 102 s.
final yices2: unsat
../../QF_NIA_split/QF_NIA_2_19//20170427-VeryMax/ITS/From_AProVE_2014__Test7.jar-obl-11__p12919_safety_0.smt2 : 102236 ms.
--------------------------------------------------
First to ismt, cur time 0 s.
Final to yices2, cur time 1080 s.
unknown
../../QF_NIA_split/QF_NIA_2_19//20170427-VeryMax/ITS/From_AProVE_2014__Test7.jar-obl-11__p12920_safety_0.smt2 : 1199718 ms.
--------------------------------------------------
First to ismt, cur time 0 s.
Final to yices2, cur time 1080 s.
unknown
../../QF_NIA_split/QF_NIA_2_19//20170427-VeryMax/ITS/From_AProVE_2014__Test7.jar-obl-11__p12921_safety_0.smt2 : 1200014 ms.
--------------------------------------------------
First to ismt, cur time 0 s.
ismt: sat (2 bits).
../../QF_NIA_split/QF_NIA_2_19//20170427-VeryMax/ITS/From_AProVE_2014__Test7.jar-obl-11__p12926_terminationG_0.smt2 : 16668 ms.
--------------------------------------------------
First to ismt, cur time 0 s.
Final to yices2, cur time 108 s.
final yices2: unsat
../../QF_NIA_split/QF_NIA_2_19//20170427-VeryMax/ITS/From_AProVE_2014__Test7.jar-obl-11__p12927_safety_0.smt2 : 108384 ms.
--------------------------------------------------
First to ismt, cur time 0 s.
Final to yices2, cur time 1080 s.
unknown
../../QF_NIA_split/QF_NIA_2_19//20170427-VeryMax/ITS/From_AProVE_2014__Test7.jar-obl-11__p12928_safety_0.smt2 : 1199522 ms.
--------------------------------------------------
First to ismt, cur time 0 s.
Final to yices2, cur time 1080 s.
../../QF_NIA_split/QF_NIA_2_19//20170427-VeryMax/ITS/From_AProVE_2014__Test7.jar-obl-11__p12929_safety_0.smt2 : 1200041 ms.
--------------------------------------------------
First to ismt, cur time 0 s.
Final to yices2, cur time 1080 s.
../../QF_NIA_split/QF_NIA_2_19//20170427-VeryMax/ITS/From_AProVE_2014__Test7.jar-obl-11__p12933_terminationG_0.smt2 : 1200059 ms.
--------------------------------------------------
First to ismt, cur time 0 s.
Final to yices2, cur time 1080 s.
../../QF_NIA_split/QF_NIA_2_19//20170427-VeryMax/ITS/From_AProVE_2014__Test7.jar-obl-11__p12934_terminationG_0.smt2 : 1200058 ms.
--------------------------------------------------
First to ismt, cur time 0 s.
ismt: sat (2 bits).
../../QF_NIA_split/QF_NIA_2_19//20170427-VeryMax/ITS/From_AProVE_2014__Test7.jar-obl-11__p12937_edge_closing_0.smt2 : 12518 ms.
--------------------------------------------------
First to ismt, cur time 0 s.
ismt: sat (2 bits).
../../QF_NIA_split/QF_NIA_2_19//20170427-VeryMax/ITS/From_AProVE_2014__Test7.jar-obl-11__p12938_edge_closing_0.smt2 : 99006 ms.
--------------------------------------------------
First to ismt, cur time 0 s.
ismt: sat (2 bits).
../../QF_NIA_split/QF_NIA_2_19//20170427-VeryMax/ITS/From_AProVE_2014__Test7.jar-obl-11__p12939_edge_closing_0.smt2 : 249235 ms.
--------------------------------------------------
First to ismt, cur time 0 s.
ismt: sat (2 bits).
../../QF_NIA_split/QF_NIA_2_19//20170427-VeryMax/ITS/From_AProVE_2014__Test7.jar-obl-11__p12940_edge_closing_0.smt2 : 2067 ms.
--------------------------------------------------
First to ismt, cur time 0 s.
ismt: sat (2 bits).
../../QF_NIA_split/QF_NIA_2_19//20170427-VeryMax/ITS/From_AProVE_2014__Test7.jar-obl-11__p12941_edge_closing_0.smt2 : 41289 ms.
--------------------------------------------------
First to ismt, cur time 0 s.
ismt: sat (2 bits).
../../QF_NIA_split/QF_NIA_2_19//20170427-VeryMax/ITS/From_AProVE_2014__Test7.jar-obl-11__p12942_edge_closing_0.smt2 : 396563 ms.
--------------------------------------------------
First to ismt, cur time 0 s.
Final to yices2, cur time 1080 s.
../../QF_NIA_split/QF_NIA_2_19//20170427-VeryMax/ITS/From_AProVE_2014__Test7.jar-obl-11__p12943_edge_closing_0.smt2 : 1200037 ms.
--------------------------------------------------
First to ismt, cur time 0 s.
Final to yices2, cur time 1080 s.
../../QF_NIA_split/QF_NIA_2_19//20170427-VeryMax/ITS/From_AProVE_2014__Test7.jar-obl-11__p12944_edge_closing_0.smt2 : 1205834 ms.
--------------------------------------------------
First to ismt, cur time 0 s.
Final to yices2, cur time 1120 s.
../../QF_NIA_split/QF_NIA_2_19//20170427-VeryMax/ITS/From_AProVE_2014__Test7.jar-obl-11__p12945_edge_closing_0.smt2 : 1211857 ms.
--------------------------------------------------
First to ismt, cur time 0 s.
ismt: sat (2 bits).
../../QF_NIA_split/QF_NIA_2_19//20170427-VeryMax/ITS/From_AProVE_2014__Test8.jar-obl-12__p12954_terminationG_0.smt2 : 13366 ms.
--------------------------------------------------
First to ismt, cur time 0 s.
Final to yices2, cur time 1080 s.
final yices2: unsat
../../QF_NIA_split/QF_NIA_2_19//20170427-VeryMax/ITS/From_AProVE_2014__TestJulia7.jar-obl-8__p12985_terminationG_0.smt2 : 1088964 ms.
--------------------------------------------------
First to ismt, cur time 0 s.
Final to yices2, cur time 1080 s.
final yices2: unsat
../../QF_NIA_split/QF_NIA_2_19//20170427-VeryMax/ITS/From_AProVE_2014__TestJulia7.jar-obl-8__p12986_terminationG_0.smt2 : 1095113 ms.
--------------------------------------------------
First to ismt, cur time 0 s.
ismt: sat (2 bits).
../../QF_NIA_split/QF_NIA_2_19//20170427-VeryMax/ITS/From_AProVE_2014__TestJulia7.jar-obl-8__p12990_edge_closing_0.smt2 : 483 ms.
--------------------------------------------------
First to ismt, cur time 0 s.
Final to yices2, cur time 1080 s.
final yices2: unsat
../../QF_NIA_split/QF_NIA_2_19//20170427-VeryMax/ITS/From_AProVE_2014__TriTas.jar-obl-12__p13013_terminationG_0.smt2 : 1080224 ms.
--------------------------------------------------
First to ismt, cur time 0 s.
Final to yices2, cur time 1080 s.
../../QF_NIA_split/QF_NIA_2_19//20170427-VeryMax/ITS/From_AProVE_2014__TriTas.jar-obl-12__p13014_terminationG_0.smt2 : 1200034 ms.
--------------------------------------------------
First to ismt, cur time 0 s.
Final to yices2, cur time 1080 s.
../../QF_NIA_split/QF_NIA_2_19//20170427-VeryMax/ITS/From_AProVE_2014__TriTas.jar-obl-12__p13015_terminationG_0.smt2 : 1200040 ms.
--------------------------------------------------
First to ismt, cur time 0 s.
Final to yices2, cur time 1080 s.
final yices2: unsat
../../QF_NIA_split/QF_NIA_2_19//20170427-VeryMax/ITS/From_AProVE_2014__TriTas.jar-obl-12__p13018_terminationG_0.smt2 : 1080272 ms.
--------------------------------------------------
First to ismt, cur time 0 s.
Final to yices2, cur time 1080 s.
unknown
../../QF_NIA_split/QF_NIA_2_19//20170427-VeryMax/ITS/From_AProVE_2014__TriTas.jar-obl-12__p13019_terminationG_0.smt2 : 1199902 ms.
--------------------------------------------------
First to ismt, cur time 0 s.
Final to yices2, cur time 1080 s.
unknown
../../QF_NIA_split/QF_NIA_2_19//20170427-VeryMax/ITS/From_AProVE_2014__TriTas.jar-obl-12__p13020_terminationG_0.smt2 : 1199791 ms.
--------------------------------------------------
First to ismt, cur time 0 s.
Final to yices2, cur time 1080 s.
final yices2: unsat
../../QF_NIA_split/QF_NIA_2_19//20170427-VeryMax/ITS/From_AProVE_2014__TriTas.jar-obl-12__p13023_terminationG_0.smt2 : 1080840 ms.
--------------------------------------------------
First to ismt, cur time 0 s.
Final to yices2, cur time 1080 s.
../../QF_NIA_split/QF_NIA_2_19//20170427-VeryMax/ITS/From_AProVE_2014__TriTas.jar-obl-12__p13024_terminationG_0.smt2 : 1200037 ms.
--------------------------------------------------
First to ismt, cur time 0 s.
Final to yices2, cur time 1080 s.
../../QF_NIA_split/QF_NIA_2_19//20170427-VeryMax/ITS/From_AProVE_2014__TriTas.jar-obl-12__p13025_terminationG_0.smt2 : 1200046 ms.
--------------------------------------------------
First to ismt, cur time 0 s.
Final to yices2, cur time 1081 s.
final yices2: unsat
../../QF_NIA_split/QF_NIA_2_19//20170427-VeryMax/ITS/From_AProVE_2014__TriTas.jar-obl-12__p13028_terminationG_0.smt2 : 1090168 ms.
--------------------------------------------------
First to ismt, cur time 0 s.
Final to yices2, cur time 1080 s.
../../QF_NIA_split/QF_NIA_2_19//20170427-VeryMax/ITS/From_AProVE_2014__TriTas.jar-obl-12__p13029_terminationG_0.smt2 : 1200056 ms.
--------------------------------------------------
First to ismt, cur time 0 s.
Final to yices2, cur time 1080 s.
../../QF_NIA_split/QF_NIA_2_19//20170427-VeryMax/ITS/From_AProVE_2014__TriTas.jar-obl-12__p13030_terminationG_0.smt2 : 1200072 ms.
--------------------------------------------------
First to ismt, cur time 0 s.
Final to yices2, cur time 1080 s.
final yices2: unsat
../../QF_NIA_split/QF_NIA_2_19//20170427-VeryMax/ITS/From_AProVE_2014__TriTas.jar-obl-12__p13033_terminationG_0.smt2 : 1080717 ms.
--------------------------------------------------
First to ismt, cur time 0 s.
Final to yices2, cur time 1080 s.
final yices2: unsat
../../QF_NIA_split/QF_NIA_2_19//20170427-VeryMax/ITS/From_AProVE_2014__TriTas.jar-obl-12__p13034_terminationG_0.smt2 : 1118352 ms.
--------------------------------------------------
First to ismt, cur time 0 s.
Final to yices2, cur time 1080 s.
../../QF_NIA_split/QF_NIA_2_19//20170427-VeryMax/ITS/From_AProVE_2014__TriTas.jar-obl-12__p13035_terminationG_0.smt2 : 1200051 ms.
--------------------------------------------------
First to ismt, cur time 0 s.
Final to yices2, cur time 1081 s.
final yices2: unsat
../../QF_NIA_split/QF_NIA_2_19//20170427-VeryMax/ITS/From_AProVE_2014__TriTas.jar-obl-12__p13038_terminationG_0.smt2 : 1081539 ms.
--------------------------------------------------
First to ismt, cur time 0 s.
Final to yices2, cur time 1080 s.
unknown
../../QF_NIA_split/QF_NIA_2_19//20170427-VeryMax/ITS/From_AProVE_2014__TriTas.jar-obl-12__p13039_terminationG_0.smt2 : 1199563 ms.
--------------------------------------------------
First to ismt, cur time 0 s.
Final to yices2, cur time 1080 s.
../../QF_NIA_split/QF_NIA_2_19//20170427-VeryMax/ITS/From_AProVE_2014__TriTas.jar-obl-12__p13040_terminationG_0.smt2 : 1200035 ms.
--------------------------------------------------
First to ismt, cur time 0 s.
ismt: sat (2 bits).
../../QF_NIA_split/QF_NIA_2_19//20170427-VeryMax/ITS/From_AProVE_2014__TriTas.jar-obl-12__p13043_edge_closing_0.smt2 : 2545 ms.
--------------------------------------------------
First to ismt, cur time 0 s.
Final to yices2, cur time 1080 s.
unknown
../../QF_NIA_split/QF_NIA_2_19//20170427-VeryMax/ITS/From_AProVE_2014__TriTas.jar-obl-12__p13048_edge_closing_0.smt2 : 1199782 ms.
--------------------------------------------------
First to ismt, cur time 0 s.
Final to yices2, cur time 1080 s.
final yices2: unsat
../../QF_NIA_split/QF_NIA_2_19//20170427-VeryMax/ITS/From_AProVE_2014__TriTas.jar-obl-12__terminationQ_5_0.smt2 : 1080824 ms.
--------------------------------------------------
First to ismt, cur time 0 s.
Final to yices2, cur time 1080 s.
unknown
../../QF_NIA_split/QF_NIA_2_19//20170427-VeryMax/ITS/From_AProVE_2014__TypeSwitch.jar-obl-8__p13081_terminationG_0.smt2 : 1199722 ms.
--------------------------------------------------
First to ismt, cur time 0 s.
Final to yices2, cur time 1082 s.
../../QF_NIA_split/QF_NIA_2_19//20170427-VeryMax/ITS/From_AProVE_2014__TypeSwitch.jar-obl-8__p13082_terminationG_0.smt2 : 1200983 ms.
--------------------------------------------------
First to ismt, cur time 0 s.
ismt: sat (2 bits).
../../QF_NIA_split/QF_NIA_2_19//20170427-VeryMax/ITS/From_AProVE_2014__TypeSwitch.jar-obl-8__p13086_edge_closing_0.smt2 : 16736 ms.
--------------------------------------------------
First to ismt, cur time 0 s.
ismt: sat (2 bits).
../../QF_NIA_split/QF_NIA_2_19//20170427-VeryMax/ITS/From_AProVE_2014__TypeSwitch.jar-obl-8__p13087_edge_closing_0.smt2 : 41354 ms.
--------------------------------------------------
First to ismt, cur time 0 s.
ismt: sat (4 bits).
../../QF_NIA_split/QF_NIA_2_19//20170427-VeryMax/ITS/From_AProVE_2014__upAndDownIneq_rec.jar-obl-8__p13097_terminationG_0.smt2 : 66439 ms.
--------------------------------------------------
First to ismt, cur time 0 s.
ismt: sat (4 bits).
../../QF_NIA_split/QF_NIA_2_19//20170427-VeryMax/ITS/From_AProVE_2014__upAndDownIneq_rec.jar-obl-8__p13098_terminationG_0.smt2 : 641505 ms.
--------------------------------------------------
First to ismt, cur time 0 s.
Final to yices2, cur time 1080 s.
../../QF_NIA_split/QF_NIA_2_19//20170427-VeryMax/ITS/From_AProVE_2014__upAndDownIneq_rec.jar-obl-8__p13099_terminationG_0.smt2 : 1200044 ms.
--------------------------------------------------
First to ismt, cur time 0 s.
ismt: sat (2 bits).
../../QF_NIA_split/QF_NIA_2_19//20170427-VeryMax/ITS/From_AProVE_2014__upAndDownIneq_rec.jar-obl-8__p13104_edge_closing_0.smt2 : 621941 ms.
--------------------------------------------------
First to ismt, cur time 0 s.
ismt: sat (2 bits).
../../QF_NIA_split/QF_NIA_2_19//20170427-VeryMax/ITS/From_AProVE_2014__upAndDownIneq_rec.jar-obl-8__p13111_edge_closing_0.smt2 : 68437 ms.
--------------------------------------------------
First to ismt, cur time 0 s.
ismt: sat (2 bits).
../../QF_NIA_split/QF_NIA_2_19//20170427-VeryMax/ITS/From_AProVE_2014__upAndDownIneq_rec.jar-obl-8__p13113_edge_closing_0.smt2 : 78687 ms.
--------------------------------------------------
First to ismt, cur time 0 s.
ismt: sat (2 bits).
../../QF_NIA_split/QF_NIA_2_19//20170427-VeryMax/ITS/From_AProVE_2014__upAndDownIneq_rec.jar-obl-8__p13117_edge_closing_0.smt2 : 105389 ms.
--------------------------------------------------
First to ismt, cur time 0 s.
Final to yices2, cur time 1080 s.
final yices2: sat
../../QF_NIA_split/QF_NIA_2_19//20170427-VeryMax/ITS/From_AProVE_2014__upAndDownIneq_rec.jar-obl-8__p13119_edge_closing_0.smt2 : 1080962 ms.
--------------------------------------------------
First to ismt, cur time 0 s.
ismt: sat (2 bits).
../../QF_NIA_split/QF_NIA_2_19//20170427-VeryMax/ITS/From_AProVE_2014__upAndDownIneq_rec.jar-obl-8__p13122_edge_closing_0.smt2 : 79181 ms.
--------------------------------------------------
First to ismt, cur time 0 s.
ismt: sat (2 bits).
../../QF_NIA_split/QF_NIA_2_19//20170427-VeryMax/ITS/From_AProVE_2014__upAndDownIneq_rec.jar-obl-8__p13123_edge_closing_0.smt2 : 52232 ms.
--------------------------------------------------
First to ismt, cur time 0 s.
ismt: sat (2 bits).
../../QF_NIA_split/QF_NIA_2_19//20170427-VeryMax/ITS/From_AProVE_2014__upAndDownIneq_rec.jar-obl-8__p13128_edge_closing_0.smt2 : 31519 ms.
--------------------------------------------------
First to ismt, cur time 0 s.
ismt: sat (2 bits).
../../QF_NIA_split/QF_NIA_2_19//20170427-VeryMax/ITS/From_AProVE_2014__upAndDownIneq_rec.jar-obl-8__p13129_edge_closing_0.smt2 : 341422 ms.
--------------------------------------------------
First to ismt, cur time 0 s.
Final to yices2, cur time 1080 s.
final yices2: unsat
../../QF_NIA_split/QF_NIA_2_19//20170427-VeryMax/ITS/From_AProVE_2014__upAndDownIneq_rec.jar-obl-8__terminationQ_0_0.smt2 : 1086150 ms.
--------------------------------------------------
First to ismt, cur time 0 s.
Final to yices2, cur time 1080 s.
final yices2: unsat
../../QF_NIA_split/QF_NIA_2_19//20170427-VeryMax/ITS/From_AProVE_2014__upAndDownIneq_rec.jar-obl-8__terminationS_0_0.smt2 : 1081123 ms.
--------------------------------------------------
First to ismt, cur time 0 s.
Final to yices2, cur time 1080 s.
final yices2: unsat
../../QF_NIA_split/QF_NIA_2_19//20170427-VeryMax/ITS/From_AProVE_2014__upAndDownIneq_rec.jar-obl-8__terminationS_1_0.smt2 : 1085631 ms.
--------------------------------------------------
First to ismt, cur time 0 s.
Final to yices2, cur time 1080 s.
final yices2: unsat
../../QF_NIA_split/QF_NIA_2_19//20170427-VeryMax/ITS/From_AProVE_2014__upAndDownIneq_rec.jar-obl-8__terminationS_2_0.smt2 : 1094963 ms.
--------------------------------------------------
First to ismt, cur time 0 s.
Final to yices2, cur time 1080 s.
final yices2: unsat
../../QF_NIA_split/QF_NIA_2_19//20170427-VeryMax/ITS/From_AProVE_2014__upAndDownIneq_rec.jar-obl-8__terminationS_3_0.smt2 : 1085322 ms.
--------------------------------------------------
First to ismt, cur time 0 s.
Final to yices2, cur time 1082 s.
final yices2: unsat
../../QF_NIA_split/QF_NIA_2_19//20170427-VeryMax/ITS/From_AProVE_2014__upAndDownIneq_rec.jar-obl-8__terminationS_4_0.smt2 : 1092227 ms.
--------------------------------------------------
First to ismt, cur time 0 s.
Final to yices2, cur time 1083 s.
final yices2: unsat
../../QF_NIA_split/QF_NIA_2_19//20170427-VeryMax/ITS/From_AProVE_2014__upAndDownIneq_rec.jar-obl-8__terminationS_5_0.smt2 : 1113909 ms.
--------------------------------------------------
First to ismt, cur time 0 s.
Final to yices2, cur time 1080 s.
final yices2: unsat
../../QF_NIA_split/QF_NIA_2_19//20170427-VeryMax/ITS/From_AProVE_2014__upAndDownIneq_rec.jar-obl-8__terminationS_6_0.smt2 : 1082198 ms.
--------------------------------------------------
First to ismt, cur time 0 s.
Final to yices2, cur time 1085 s.
final yices2: unsat
../../QF_NIA_split/QF_NIA_2_19//20170427-VeryMax/ITS/From_AProVE_2014__upAndDownIneq_rec.jar-obl-8__terminationS_7_0.smt2 : 1088232 ms.
--------------------------------------------------
First to ismt, cur time 0 s.
Final to yices2, cur time 1082 s.
final yices2: unsat
../../QF_NIA_split/QF_NIA_2_19//20170427-VeryMax/ITS/From_AProVE_2014__upAndDownIneq_rec.jar-obl-8__term_unfeasibility_0_0.smt2 : 1112808 ms.
--------------------------------------------------
First to ismt, cur time 0 s.
ismt: sat (4 bits).
../../QF_NIA_split/QF_NIA_2_19//20170427-VeryMax/ITS/From_AProVE_2014__upAndDown_rec.jar-obl-8__p13136_terminationG_0.smt2 : 28619 ms.
--------------------------------------------------
First to ismt, cur time 0 s.
Final to yices2, cur time 1080 s.
final yices2: sat
../../QF_NIA_split/QF_NIA_2_19//20170427-VeryMax/ITS/From_AProVE_2014__upAndDown_rec.jar-obl-8__p13137_terminationG_0.smt2 : 1081320 ms.
--------------------------------------------------
First to ismt, cur time 0 s.
Final to yices2, cur time 1080 s.
final yices2: sat
../../QF_NIA_split/QF_NIA_2_19//20170427-VeryMax/ITS/From_AProVE_2014__upAndDown_rec.jar-obl-8__p13138_terminationG_0.smt2 : 1145603 ms.
--------------------------------------------------
First to ismt, cur time 0 s.
ismt: sat (2 bits).
../../QF_NIA_split/QF_NIA_2_19//20170427-VeryMax/ITS/From_AProVE_2014__upAndDown_rec.jar-obl-8__p13145_edge_closing_0.smt2 : 26211 ms.
--------------------------------------------------
First to ismt, cur time 0 s.
ismt: sat (2 bits).
../../QF_NIA_split/QF_NIA_2_19//20170427-VeryMax/ITS/From_AProVE_2014__upAndDown_rec.jar-obl-8__p13148_edge_closing_0.smt2 : 56725 ms.
--------------------------------------------------
First to ismt, cur time 0 s.
ismt: sat (2 bits).
../../QF_NIA_split/QF_NIA_2_19//20170427-VeryMax/ITS/From_AProVE_2014__upAndDown_rec.jar-obl-8__p13149_edge_closing_0.smt2 : 131658 ms.
--------------------------------------------------
First to ismt, cur time 0 s.
ismt: sat (2 bits).
../../QF_NIA_split/QF_NIA_2_19//20170427-VeryMax/ITS/From_AProVE_2014__upAndDown_rec.jar-obl-8__p13155_edge_closing_0.smt2 : 118163 ms.
--------------------------------------------------
First to ismt, cur time 0 s.
ismt: sat (2 bits).
../../QF_NIA_split/QF_NIA_2_19//20170427-VeryMax/ITS/From_AProVE_2014__upAndDown_rec.jar-obl-8__p13161_edge_closing_0.smt2 : 304548 ms.
--------------------------------------------------
First to ismt, cur time 0 s.
ismt: sat (4 bits).
../../QF_NIA_split/QF_NIA_2_19//20170427-VeryMax/ITS/From_AProVE_2014__upAndDown_rec.jar-obl-8__p13165_edge_closing_0.smt2 : 56999 ms.
--------------------------------------------------
First to ismt, cur time 0 s.
Final to yices2, cur time 1080 s.
final yices2: sat
../../QF_NIA_split/QF_NIA_2_19//20170427-VeryMax/ITS/From_AProVE_2014__upAndDown_rec.jar-obl-8__p13166_edge_closing_0.smt2 : 1184995 ms.
--------------------------------------------------
First to ismt, cur time 0 s.
Final to yices2, cur time 1080 s.
../../QF_NIA_split/QF_NIA_2_19//20170427-VeryMax/ITS/From_AProVE_2014__upAndDown_rec.jar-obl-8__p13167_edge_closing_0.smt2 : 1200067 ms.
--------------------------------------------------
First to ismt, cur time 0 s.
Final to yices2, cur time 1080 s.
../../QF_NIA_split/QF_NIA_2_19//20170427-VeryMax/ITS/From_AProVE_2014__upAndDown_rec.jar-obl-8__terminationQ_0_0.smt2 : 1200053 ms.
--------------------------------------------------
First to ismt, cur time 0 s.
Final to yices2, cur time 1082 s.
final yices2: unsat
../../QF_NIA_split/QF_NIA_2_19//20170427-VeryMax/ITS/From_AProVE_2014__upAndDown_rec.jar-obl-8__terminationS_0_0.smt2 : 1090693 ms.
--------------------------------------------------
First to ismt, cur time 0 s.
Final to yices2, cur time 1080 s.
final yices2: unsat
../../QF_NIA_split/QF_NIA_2_19//20170427-VeryMax/ITS/From_AProVE_2014__upAndDown_rec.jar-obl-8__terminationS_1_0.smt2 : 1119632 ms.
--------------------------------------------------
First to ismt, cur time 0 s.
Final to yices2, cur time 1080 s.
unknown
../../QF_NIA_split/QF_NIA_2_19//20170427-VeryMax/ITS/From_AProVE_2014__upAndDown_rec.jar-obl-8__terminationS_2_0.smt2 : 1199890 ms.
--------------------------------------------------
First to ismt, cur time 0 s.
Final to yices2, cur time 1080 s.
unknown
../../QF_NIA_split/QF_NIA_2_19//20170427-VeryMax/ITS/From_AProVE_2014__upAndDown_rec.jar-obl-8__terminationS_3_0.smt2 : 1199804 ms.
--------------------------------------------------
First to ismt, cur time 0 s.
Final to yices2, cur time 1080 s.
final yices2: unsat
../../QF_NIA_split/QF_NIA_2_19//20170427-VeryMax/ITS/From_AProVE_2014__upAndDown_rec.jar-obl-8__term_unfeasibility_0_0.smt2 : 1125254 ms.
--------------------------------------------------
First to ismt, cur time 0 s.
Final to yices2, cur time 1080 s.
final yices2: unsat
../../QF_NIA_split/QF_NIA_2_19//20170427-VeryMax/ITS/From_AProVE_2014__Velroyen08-alternatingIncr.jar-obl-8__p13182_terminationG_0.smt2 : 1080314 ms.
--------------------------------------------------
First to ismt, cur time 0 s.
Final to yices2, cur time 1080 s.
../../QF_NIA_split/QF_NIA_2_19//20170427-VeryMax/ITS/From_AProVE_2014__Velroyen08-alternatingIncr.jar-obl-8__p13183_terminationG_0.smt2 : 1200090 ms.
--------------------------------------------------
First to ismt, cur time 0 s.
Final to yices2, cur time 1080 s.
../../QF_NIA_split/QF_NIA_2_19//20170427-VeryMax/ITS/From_AProVE_2014__Velroyen08-alternatingIncr.jar-obl-8__p13184_terminationG_0.smt2 : 1205502 ms.
--------------------------------------------------
First to ismt, cur time 0 s.
Final to yices2, cur time 1080 s.
final yices2: unsat
../../QF_NIA_split/QF_NIA_2_19//20170427-VeryMax/ITS/From_AProVE_2014__Velroyen08-alternDiv.jar-obl-8__p13199_terminationG_0.smt2 : 1083780 ms.
--------------------------------------------------
First to ismt, cur time 0 s.
Final to yices2, cur time 1080 s.
../../QF_NIA_split/QF_NIA_2_19//20170427-VeryMax/ITS/From_AProVE_2014__Velroyen08-alternDiv.jar-obl-8__p13200_terminationG_0.smt2 : 1200040 ms.
--------------------------------------------------
First to ismt, cur time 0 s.
Final to yices2, cur time 1080 s.
final yices2: unsat
../../QF_NIA_split/QF_NIA_2_19//20170427-VeryMax/ITS/From_AProVE_2014__Velroyen08-alternDiv.jar-obl-8__p13203_edge_closing_0.smt2 : 1080330 ms.
--------------------------------------------------
First to ismt, cur time 0 s.
Final to yices2, cur time 1081 s.
../../QF_NIA_split/QF_NIA_2_19//20170427-VeryMax/ITS/From_AProVE_2014__Velroyen08-alternDiv.jar-obl-8__p13204_edge_closing_0.smt2 : 1200987 ms.
--------------------------------------------------
First to ismt, cur time 0 s.
ismt: sat (2 bits).
../../QF_NIA_split/QF_NIA_2_19//20170427-VeryMax/ITS/From_AProVE_2014__Velroyen08-alternDivWide.jar-obl-8__p13217_terminationG_0.smt2 : 14073 ms.
--------------------------------------------------
First to ismt, cur time 0 s.
Final to yices2, cur time 1090 s.
final yices2: unsat
../../QF_NIA_split/QF_NIA_2_19//20170427-VeryMax/ITS/From_AProVE_2014__Velroyen08-alternDivWidening.jar-obl-8__p13229_terminationG_0.smt2 : 1091206 ms.
--------------------------------------------------
First to ismt, cur time 0 s.
ismt: sat (4 bits).
../../QF_NIA_split/QF_NIA_2_19//20170427-VeryMax/ITS/From_AProVE_2014__Velroyen08-alternDivWidening.jar-obl-8__p13230_terminationG_0.smt2 : 49028 ms.
--------------------------------------------------
First to ismt, cur time 0 s.
ismt: sat (4 bits).
../../QF_NIA_split/QF_NIA_2_19//20170427-VeryMax/ITS/From_AProVE_2014__Velroyen08-alternDivWidening.jar-obl-8__p13231_terminationG_0.smt2 : 50787 ms.
--------------------------------------------------
First to ismt, cur time 0 s.
Final to yices2, cur time 447 s.
final yices2: unsat
../../QF_NIA_split/QF_NIA_2_19//20170427-VeryMax/ITS/From_AProVE_2014__Velroyen08-alternDivWidening.jar-obl-8__p13234_terminationG_0.smt2 : 447947 ms.
--------------------------------------------------
First to ismt, cur time 0 s.
ismt: sat (4 bits).
../../QF_NIA_split/QF_NIA_2_19//20170427-VeryMax/ITS/From_AProVE_2014__Velroyen08-alternDivWidening.jar-obl-8__p13236_terminationG_0.smt2 : 19668 ms.
--------------------------------------------------
First to ismt, cur time 0 s.
Final to yices2, cur time 1080 s.
final yices2: unsat
../../QF_NIA_split/QF_NIA_2_19//20170427-VeryMax/ITS/From_AProVE_2014__Velroyen08-alternDivWidening.jar-obl-8__p13239_terminationG_0.smt2 : 1081331 ms.
--------------------------------------------------
First to ismt, cur time 0 s.
ismt: sat (4 bits).
../../QF_NIA_split/QF_NIA_2_19//20170427-VeryMax/ITS/From_AProVE_2014__Velroyen08-alternDivWidening.jar-obl-8__p13241_terminationG_0.smt2 : 45060 ms.
--------------------------------------------------
First to ismt, cur time 0 s.
Final to yices2, cur time 1080 s.
final yices2: unsat
../../QF_NIA_split/QF_NIA_2_19//20170427-VeryMax/ITS/From_AProVE_2014__Velroyen08-alternDivWidening.jar-obl-8__p13245_terminationG_0.smt2 : 1080703 ms.
--------------------------------------------------
First to ismt, cur time 0 s.
Final to yices2, cur time 1080 s.
../../QF_NIA_split/QF_NIA_2_19//20170427-VeryMax/ITS/From_AProVE_2014__Velroyen08-alternDivWidening.jar-obl-8__p13246_terminationG_0.smt2 : 1209896 ms.
--------------------------------------------------
First to ismt, cur time 0 s.
Final to yices2, cur time 1082 s.
../../QF_NIA_split/QF_NIA_2_19//20170427-VeryMax/ITS/From_AProVE_2014__Velroyen08-alternDivWidening.jar-obl-8__p13247_terminationG_0.smt2 : 1200045 ms.
--------------------------------------------------
First to ismt, cur time 0 s.
Final to yices2, cur time 917 s.
final yices2: unsat
../../QF_NIA_split/QF_NIA_2_19//20170427-VeryMax/ITS/From_AProVE_2014__Velroyen08-alternDivWidening.jar-obl-8__p13250_terminationG_0.smt2 : 917770 ms.
--------------------------------------------------
First to ismt, cur time 0 s.
Final to yices2, cur time 1080 s.
../../QF_NIA_split/QF_NIA_2_19//20170427-VeryMax/ITS/From_AProVE_2014__Velroyen08-alternDivWidening.jar-obl-8__p13251_terminationG_0.smt2 : 1200034 ms.
--------------------------------------------------
First to ismt, cur time 0 s.
Final to yices2, cur time 1080 s.
../../QF_NIA_split/QF_NIA_2_19//20170427-VeryMax/ITS/From_AProVE_2014__Velroyen08-alternDivWidening.jar-obl-8__p13252_terminationG_0.smt2 : 1202972 ms.
--------------------------------------------------
First to ismt, cur time 0 s.
ismt: sat (2 bits).
../../QF_NIA_split/QF_NIA_2_19//20170427-VeryMax/ITS/From_AProVE_2014__Velroyen08-alternDivWidening.jar-obl-8__p13255_edge_closing_0.smt2 : 2378 ms.
--------------------------------------------------
First to ismt, cur time 0 s.
ismt: sat (2 bits).
../../QF_NIA_split/QF_NIA_2_19//20170427-VeryMax/ITS/From_AProVE_2014__Velroyen08-alternDivWidening.jar-obl-8__p13256_edge_closing_0.smt2 : 30184 ms.
--------------------------------------------------
First to ismt, cur time 0 s.
Final to yices2, cur time 1080 s.
../../QF_NIA_split/QF_NIA_2_19//20170427-VeryMax/ITS/From_AProVE_2014__Velroyen08-alternDivWidening.jar-obl-8__p13262_edge_closing_0.smt2 : 1202357 ms.
--------------------------------------------------
First to ismt, cur time 0 s.
Final to yices2, cur time 1080 s.
unknown
../../QF_NIA_split/QF_NIA_2_19//20170427-VeryMax/ITS/From_AProVE_2014__Velroyen08-alternDivWidening.jar-obl-8__p13263_edge_closing_0.smt2 : 1221518 ms.
--------------------------------------------------
First to ismt, cur time 0 s.
Final to yices2, cur time 1080 s.
final yices2: sat
../../QF_NIA_split/QF_NIA_2_19//20170427-VeryMax/ITS/From_AProVE_2014__Velroyen08-alternDivWidening.jar-obl-8__p13265_edge_closing_0.smt2 : 1085228 ms.
--------------------------------------------------
First to ismt, cur time 0 s.
Final to yices2, cur time 1081 s.
../../QF_NIA_split/QF_NIA_2_19//20170427-VeryMax/ITS/From_AProVE_2014__Velroyen08-alternDivWidening.jar-obl-8__p13266_edge_closing_0.smt2 : 1200898 ms.
--------------------------------------------------
First to ismt, cur time 0 s.
Final to yices2, cur time 1080 s.
final yices2: unsat
../../QF_NIA_split/QF_NIA_2_19//20170427-VeryMax/ITS/From_AProVE_2014__Velroyen08-alternDivWidening.jar-obl-8__terminationQ_1_0.smt2 : 1085507 ms.
--------------------------------------------------
First to ismt, cur time 0 s.
Final to yices2, cur time 1080 s.
final yices2: unsat
../../QF_NIA_split/QF_NIA_2_19//20170427-VeryMax/ITS/From_AProVE_2014__Velroyen08-alternKonv.jar-obl-8__p13283_terminationG_0.smt2 : 1080562 ms.
--------------------------------------------------
First to ismt, cur time 0 s.
Final to yices2, cur time 1080 s.
final yices2: unsat
../../QF_NIA_split/QF_NIA_2_19//20170427-VeryMax/ITS/From_AProVE_2014__Velroyen08-alternKonv.jar-obl-8__p13293_terminationG_0.smt2 : 1079811 ms.
--------------------------------------------------
First to ismt, cur time 0 s.
Final to yices2, cur time 1080 s.
final yices2: unsat
../../QF_NIA_split/QF_NIA_2_19//20170427-VeryMax/ITS/From_AProVE_2014__Velroyen08-alternKonv.jar-obl-8__p13294_terminationG_0.smt2 : 1080469 ms.
--------------------------------------------------
First to ismt, cur time 0 s.
Final to yices2, cur time 1080 s.
final yices2: unsat
../../QF_NIA_split/QF_NIA_2_19//20170427-VeryMax/ITS/From_AProVE_2014__Velroyen08-alternKonv.jar-obl-8__p13295_terminationG_0.smt2 : 1090364 ms.
--------------------------------------------------
First to ismt, cur time 0 s.
Final to yices2, cur time 1081 s.
../../QF_NIA_split/QF_NIA_2_19//20170427-VeryMax/ITS/From_AProVE_2014__Velroyen08-alternKonv.jar-obl-8__p13298_edge_closing_0.smt2 : 1200052 ms.
--------------------------------------------------
First to ismt, cur time 0 s.
Final to yices2, cur time 1081 s.
unknown
../../QF_NIA_split/QF_NIA_2_19//20170427-VeryMax/ITS/From_AProVE_2014__Velroyen08-alternKonv.jar-obl-8__p13299_edge_closing_0.smt2 : 1199339 ms.
--------------------------------------------------
First to ismt, cur time 0 s.
Final to yices2, cur time 1085 s.
final yices2: unsat
../../QF_NIA_split/QF_NIA_2_19//20170427-VeryMax/ITS/From_AProVE_2014__Velroyen08-alternKonv.jar-obl-8__terminationQ_0_0.smt2 : 1085235 ms.
--------------------------------------------------
First to ismt, cur time 0 s.
Final to yices2, cur time 1081 s.
final yices2: unsat
../../QF_NIA_split/QF_NIA_2_19//20170427-VeryMax/ITS/From_AProVE_2014__Velroyen08-alternKonv.jar-obl-8__terminationS_1_0.smt2 : 1081794 ms.
--------------------------------------------------
First to ismt, cur time 0 s.
