--------------------------------------------------
First to ismt, cur time 0 s.
ismt: sat (2 bits).
../../QF_NIA_split/QF_NIA_2_29//20170427-VeryMax/ITS/From_T2__n-40.t2_fixed__p4230_terminationG_0.smt2 : 18269 ms.
--------------------------------------------------
First to ismt, cur time 0 s.
Final to yices2, cur time 1080 s.
final yices2: unsat
../../QF_NIA_split/QF_NIA_2_29//20170427-VeryMax/ITS/From_T2__n-40.t2_fixed__p4233_terminationG_0.smt2 : 1081257 ms.
--------------------------------------------------
First to ismt, cur time 0 s.
Final to yices2, cur time 1080 s.
../../QF_NIA_split/QF_NIA_2_29//20170427-VeryMax/ITS/From_T2__n-40.t2_fixed__p4234_terminationG_0.smt2 : 1200038 ms.
--------------------------------------------------
First to ismt, cur time 0 s.
Final to yices2, cur time 1080 s.
../../QF_NIA_split/QF_NIA_2_29//20170427-VeryMax/ITS/From_T2__n-40.t2_fixed__p4235_terminationG_0.smt2 : 1200044 ms.
--------------------------------------------------
First to ismt, cur time 0 s.
Final to yices2, cur time 1080 s.
final yices2: unsat
../../QF_NIA_split/QF_NIA_2_29//20170427-VeryMax/ITS/From_T2__n-40.t2_fixed__p4238_terminationG_0.smt2 : 1080733 ms.
--------------------------------------------------
First to ismt, cur time 0 s.
Final to yices2, cur time 1080 s.
../../QF_NIA_split/QF_NIA_2_29//20170427-VeryMax/ITS/From_T2__n-40.t2_fixed__p4239_terminationG_0.smt2 : 1200039 ms.
--------------------------------------------------
First to ismt, cur time 0 s.
Final to yices2, cur time 1080 s.
../../QF_NIA_split/QF_NIA_2_29//20170427-VeryMax/ITS/From_T2__n-40.t2_fixed__p4240_terminationG_0.smt2 : 1200045 ms.
--------------------------------------------------
First to ismt, cur time 0 s.
Final to yices2, cur time 1080 s.
final yices2: unsat
../../QF_NIA_split/QF_NIA_2_29//20170427-VeryMax/ITS/From_T2__n-40.t2_fixed__p4243_terminationG_0.smt2 : 1080303 ms.
--------------------------------------------------
First to ismt, cur time 0 s.
Final to yices2, cur time 1080 s.
unknown
../../QF_NIA_split/QF_NIA_2_29//20170427-VeryMax/ITS/From_T2__n-40.t2_fixed__p4244_terminationG_0.smt2 : 1199724 ms.
--------------------------------------------------
First to ismt, cur time 0 s.
Final to yices2, cur time 1081 s.
unknown
../../QF_NIA_split/QF_NIA_2_29//20170427-VeryMax/ITS/From_T2__n-40.t2_fixed__p4245_terminationG_0.smt2 : 1199783 ms.
--------------------------------------------------
First to ismt, cur time 0 s.
Final to yices2, cur time 1080 s.
final yices2: unsat
../../QF_NIA_split/QF_NIA_2_29//20170427-VeryMax/ITS/From_T2__n-40.t2_fixed__p4248_terminationG_0.smt2 : 1081114 ms.
--------------------------------------------------
First to ismt, cur time 0 s.
Final to yices2, cur time 1080 s.
../../QF_NIA_split/QF_NIA_2_29//20170427-VeryMax/ITS/From_T2__n-40.t2_fixed__p4249_terminationG_0.smt2 : 1200038 ms.
--------------------------------------------------
First to ismt, cur time 0 s.
Final to yices2, cur time 1080 s.
../../QF_NIA_split/QF_NIA_2_29//20170427-VeryMax/ITS/From_T2__n-40.t2_fixed__p4250_terminationG_0.smt2 : 1200037 ms.
--------------------------------------------------
First to ismt, cur time 0 s.
ismt: sat (2 bits).
../../QF_NIA_split/QF_NIA_2_29//20170427-VeryMax/ITS/From_T2__n-40.t2__p4263_terminationG_0.smt2 : 8460 ms.
--------------------------------------------------
First to ismt, cur time 0 s.
ismt: sat (2 bits).
../../QF_NIA_split/QF_NIA_2_29//20170427-VeryMax/ITS/From_T2__n-40.t2__p4264_terminationG_0.smt2 : 36485 ms.
--------------------------------------------------
First to ismt, cur time 0 s.
Final to yices2, cur time 1080 s.
final yices2: unsat
../../QF_NIA_split/QF_NIA_2_29//20170427-VeryMax/ITS/From_T2__n-40.t2__p4267_terminationG_0.smt2 : 1080833 ms.
--------------------------------------------------
First to ismt, cur time 0 s.
Final to yices2, cur time 1080 s.
../../QF_NIA_split/QF_NIA_2_29//20170427-VeryMax/ITS/From_T2__n-40.t2__p4268_terminationG_0.smt2 : 1200054 ms.
--------------------------------------------------
First to ismt, cur time 0 s.
Final to yices2, cur time 1080 s.
../../QF_NIA_split/QF_NIA_2_29//20170427-VeryMax/ITS/From_T2__n-40.t2__p4269_terminationG_0.smt2 : 1200043 ms.
--------------------------------------------------
First to ismt, cur time 0 s.
Final to yices2, cur time 1080 s.
final yices2: unsat
../../QF_NIA_split/QF_NIA_2_29//20170427-VeryMax/ITS/From_T2__n-40.t2__p4272_terminationG_0.smt2 : 1080855 ms.
--------------------------------------------------
First to ismt, cur time 0 s.
Final to yices2, cur time 1080 s.
../../QF_NIA_split/QF_NIA_2_29//20170427-VeryMax/ITS/From_T2__n-40.t2__p4273_terminationG_0.smt2 : 1200035 ms.
--------------------------------------------------
First to ismt, cur time 0 s.
Final to yices2, cur time 1080 s.
../../QF_NIA_split/QF_NIA_2_29//20170427-VeryMax/ITS/From_T2__n-40.t2__p4274_terminationG_0.smt2 : 1200032 ms.
--------------------------------------------------
First to ismt, cur time 0 s.
Final to yices2, cur time 1081 s.
final yices2: unsat
../../QF_NIA_split/QF_NIA_2_29//20170427-VeryMax/ITS/From_T2__n-40.t2__p4277_terminationG_0.smt2 : 1081133 ms.
--------------------------------------------------
First to ismt, cur time 0 s.
Final to yices2, cur time 1080 s.
../../QF_NIA_split/QF_NIA_2_29//20170427-VeryMax/ITS/From_T2__n-40.t2__p4278_terminationG_0.smt2 : 1200038 ms.
--------------------------------------------------
First to ismt, cur time 0 s.
Final to yices2, cur time 1080 s.
../../QF_NIA_split/QF_NIA_2_29//20170427-VeryMax/ITS/From_T2__n-40.t2__p4279_terminationG_0.smt2 : 1200054 ms.
--------------------------------------------------
First to ismt, cur time 0 s.
Final to yices2, cur time 1080 s.
final yices2: unsat
../../QF_NIA_split/QF_NIA_2_29//20170427-VeryMax/ITS/From_T2__n-40.t2__p4287_terminationG_0.smt2 : 1080634 ms.
--------------------------------------------------
First to ismt, cur time 0 s.
Final to yices2, cur time 1080 s.
../../QF_NIA_split/QF_NIA_2_29//20170427-VeryMax/ITS/From_T2__n-40.t2__p4288_terminationG_0.smt2 : 1200042 ms.
--------------------------------------------------
First to ismt, cur time 0 s.
Final to yices2, cur time 1080 s.
../../QF_NIA_split/QF_NIA_2_29//20170427-VeryMax/ITS/From_T2__n-40.t2__p4289_terminationG_0.smt2 : 1200046 ms.
--------------------------------------------------
First to ismt, cur time 0 s.
Final to yices2, cur time 1080 s.
final yices2: unsat
../../QF_NIA_split/QF_NIA_2_29//20170427-VeryMax/ITS/From_T2__n-40.t2__p4292_terminationG_0.smt2 : 1080894 ms.
--------------------------------------------------
First to ismt, cur time 0 s.
Final to yices2, cur time 1080 s.
../../QF_NIA_split/QF_NIA_2_29//20170427-VeryMax/ITS/From_T2__n-40.t2__p4293_terminationG_0.smt2 : 1200055 ms.
--------------------------------------------------
First to ismt, cur time 0 s.
Final to yices2, cur time 1080 s.
../../QF_NIA_split/QF_NIA_2_29//20170427-VeryMax/ITS/From_T2__n-40.t2__p4294_terminationG_0.smt2 : 1200041 ms.
--------------------------------------------------
First to ismt, cur time 0 s.
Final to yices2, cur time 1080 s.
final yices2: unsat
../../QF_NIA_split/QF_NIA_2_29//20170427-VeryMax/ITS/From_T2__n-40.t2__p4297_terminationG_0.smt2 : 1080340 ms.
--------------------------------------------------
First to ismt, cur time 0 s.
Final to yices2, cur time 1080 s.
unknown
../../QF_NIA_split/QF_NIA_2_29//20170427-VeryMax/ITS/From_T2__n-40.t2__p4298_terminationG_0.smt2 : 1199502 ms.
--------------------------------------------------
First to ismt, cur time 0 s.
Final to yices2, cur time 1080 s.
../../QF_NIA_split/QF_NIA_2_29//20170427-VeryMax/ITS/From_T2__n-40.t2__p4299_terminationG_0.smt2 : 1200063 ms.
--------------------------------------------------
First to ismt, cur time 0 s.
Final to yices2, cur time 1081 s.
final yices2: unsat
../../QF_NIA_split/QF_NIA_2_29//20170427-VeryMax/ITS/From_T2__n-40.t2__p4302_terminationG_0.smt2 : 1081456 ms.
--------------------------------------------------
First to ismt, cur time 0 s.
Final to yices2, cur time 1080 s.
../../QF_NIA_split/QF_NIA_2_29//20170427-VeryMax/ITS/From_T2__n-40.t2__p4303_terminationG_0.smt2 : 1200031 ms.
--------------------------------------------------
First to ismt, cur time 0 s.
Final to yices2, cur time 1080 s.
../../QF_NIA_split/QF_NIA_2_29//20170427-VeryMax/ITS/From_T2__n-40.t2__p4304_terminationG_0.smt2 : 1200048 ms.
--------------------------------------------------
First to ismt, cur time 0 s.
Final to yices2, cur time 1080 s.
final yices2: unsat
../../QF_NIA_split/QF_NIA_2_29//20170427-VeryMax/ITS/From_T2__n-40.t2__p4307_terminationG_0.smt2 : 1081031 ms.
--------------------------------------------------
First to ismt, cur time 0 s.
Final to yices2, cur time 1080 s.
../../QF_NIA_split/QF_NIA_2_29//20170427-VeryMax/ITS/From_T2__n-40.t2__p4308_terminationG_0.smt2 : 1200056 ms.
--------------------------------------------------
First to ismt, cur time 0 s.
Final to yices2, cur time 1080 s.
../../QF_NIA_split/QF_NIA_2_29//20170427-VeryMax/ITS/From_T2__n-40.t2__p4309_terminationG_0.smt2 : 1200036 ms.
--------------------------------------------------
First to ismt, cur time 0 s.
Final to yices2, cur time 1080 s.
final yices2: unsat
../../QF_NIA_split/QF_NIA_2_29//20170427-VeryMax/ITS/From_T2__n-40.t2__p4312_terminationG_0.smt2 : 1081758 ms.
--------------------------------------------------
First to ismt, cur time 0 s.
Final to yices2, cur time 1080 s.
../../QF_NIA_split/QF_NIA_2_29//20170427-VeryMax/ITS/From_T2__n-40.t2__p4313_terminationG_0.smt2 : 1200050 ms.
--------------------------------------------------
First to ismt, cur time 0 s.
Final to yices2, cur time 1080 s.
../../QF_NIA_split/QF_NIA_2_29//20170427-VeryMax/ITS/From_T2__n-40.t2__p4314_terminationG_0.smt2 : 1200052 ms.
--------------------------------------------------
First to ismt, cur time 0 s.
Final to yices2, cur time 1080 s.
final yices2: unsat
../../QF_NIA_split/QF_NIA_2_29//20170427-VeryMax/ITS/From_T2__n-40.t2__p4317_terminationG_0.smt2 : 1081719 ms.
--------------------------------------------------
First to ismt, cur time 0 s.
Final to yices2, cur time 1080 s.
unknown
../../QF_NIA_split/QF_NIA_2_29//20170427-VeryMax/ITS/From_T2__n-40.t2__p4318_terminationG_0.smt2 : 1199632 ms.
--------------------------------------------------
First to ismt, cur time 0 s.
Final to yices2, cur time 1080 s.
../../QF_NIA_split/QF_NIA_2_29//20170427-VeryMax/ITS/From_T2__n-40.t2__p4319_terminationG_0.smt2 : 1200045 ms.
--------------------------------------------------
First to ismt, cur time 0 s.
ismt: sat (16 bits).
../../QF_NIA_split/QF_NIA_2_29//20170427-VeryMax/ITS/From_T2__n-40.t2__p4322_edge_closing_0.smt2 : 1077933 ms.
--------------------------------------------------
First to ismt, cur time 0 s.
Final to yices2, cur time 1081 s.
final yices2: sat
../../QF_NIA_split/QF_NIA_2_29//20170427-VeryMax/ITS/From_T2__n-40.t2__p4323_edge_closing_0.smt2 : 1090525 ms.
--------------------------------------------------
First to ismt, cur time 0 s.
Final to yices2, cur time 1080 s.
final yices2: sat
../../QF_NIA_split/QF_NIA_2_29//20170427-VeryMax/ITS/From_T2__n-40.t2__p4324_edge_closing_0.smt2 : 1087085 ms.
--------------------------------------------------
First to ismt, cur time 0 s.
ismt: sat (16 bits).
../../QF_NIA_split/QF_NIA_2_29//20170427-VeryMax/ITS/From_T2__n-40.t2__p4325_edge_closing_0.smt2 : 175089 ms.
--------------------------------------------------
First to ismt, cur time 0 s.
Final to yices2, cur time 1081 s.
final yices2: sat
../../QF_NIA_split/QF_NIA_2_29//20170427-VeryMax/ITS/From_T2__n-40.t2__p4326_edge_closing_0.smt2 : 1083155 ms.
--------------------------------------------------
First to ismt, cur time 0 s.
Final to yices2, cur time 1080 s.
../../QF_NIA_split/QF_NIA_2_29//20170427-VeryMax/ITS/From_T2__n-40.t2__p4327_edge_closing_0.smt2 : 1200072 ms.
--------------------------------------------------
First to ismt, cur time 0 s.
Final to yices2, cur time 1080 s.
final yices2: sat
../../QF_NIA_split/QF_NIA_2_29//20170427-VeryMax/ITS/From_T2__n-40.t2__p4330_edge_closing_0.smt2 : 1082820 ms.
--------------------------------------------------
First to ismt, cur time 0 s.
Final to yices2, cur time 1080 s.
final yices2: sat
../../QF_NIA_split/QF_NIA_2_29//20170427-VeryMax/ITS/From_T2__n-40.t2__p4332_edge_closing_0.smt2 : 1081709 ms.
--------------------------------------------------
First to ismt, cur time 0 s.
Final to yices2, cur time 1081 s.
final yices2: sat
../../QF_NIA_split/QF_NIA_2_29//20170427-VeryMax/ITS/From_T2__n-40.t2__p4333_edge_closing_0.smt2 : 1081692 ms.
--------------------------------------------------
First to ismt, cur time 0 s.
Final to yices2, cur time 1080 s.
final yices2: unsat
../../QF_NIA_split/QF_NIA_2_29//20170427-VeryMax/ITS/From_T2__n-46.t2__p4340_terminationG_0.smt2 : 1079463 ms.
--------------------------------------------------
First to ismt, cur time 0 s.
Final to yices2, cur time 1080 s.
../../QF_NIA_split/QF_NIA_2_29//20170427-VeryMax/ITS/From_T2__n-46.t2__p4341_terminationG_0.smt2 : 1200048 ms.
--------------------------------------------------
First to ismt, cur time 0 s.
Final to yices2, cur time 1080 s.
../../QF_NIA_split/QF_NIA_2_29//20170427-VeryMax/ITS/From_T2__n-46.t2__p4342_terminationG_0.smt2 : 1200034 ms.
--------------------------------------------------
First to ismt, cur time 0 s.
Final to yices2, cur time 1080 s.
final yices2: unsat
../../QF_NIA_split/QF_NIA_2_29//20170427-VeryMax/ITS/From_T2__n-46.t2__p4345_terminationG_0.smt2 : 1080328 ms.
--------------------------------------------------
First to ismt, cur time 0 s.
Final to yices2, cur time 1081 s.
unknown
../../QF_NIA_split/QF_NIA_2_29//20170427-VeryMax/ITS/From_T2__n-46.t2__p4346_terminationG_0.smt2 : 1199177 ms.
--------------------------------------------------
First to ismt, cur time 0 s.
Final to yices2, cur time 1080 s.
../../QF_NIA_split/QF_NIA_2_29//20170427-VeryMax/ITS/From_T2__n-46.t2__p4347_terminationG_0.smt2 : 1200070 ms.
--------------------------------------------------
First to ismt, cur time 0 s.
Final to yices2, cur time 1080 s.
final yices2: unsat
../../QF_NIA_split/QF_NIA_2_29//20170427-VeryMax/ITS/From_T2__n-46.t2__p4350_terminationG_0.smt2 : 1081325 ms.
--------------------------------------------------
First to ismt, cur time 0 s.
Final to yices2, cur time 1080 s.
../../QF_NIA_split/QF_NIA_2_29//20170427-VeryMax/ITS/From_T2__n-46.t2__p4351_terminationG_0.smt2 : 1200046 ms.
--------------------------------------------------
First to ismt, cur time 0 s.
Final to yices2, cur time 1080 s.
unknown
../../QF_NIA_split/QF_NIA_2_29//20170427-VeryMax/ITS/From_T2__n-46.t2__p4352_terminationG_0.smt2 : 1200114 ms.
--------------------------------------------------
First to ismt, cur time 0 s.
Final to yices2, cur time 1080 s.
final yices2: unsat
../../QF_NIA_split/QF_NIA_2_29//20170427-VeryMax/ITS/From_T2__n-46.t2__p4355_terminationG_0.smt2 : 1080635 ms.
--------------------------------------------------
First to ismt, cur time 0 s.
Final to yices2, cur time 1095 s.
../../QF_NIA_split/QF_NIA_2_29//20170427-VeryMax/ITS/From_T2__n-46.t2__p4356_terminationG_0.smt2 : 1210807 ms.
--------------------------------------------------
First to ismt, cur time 0 s.
Final to yices2, cur time 1080 s.
unknown
../../QF_NIA_split/QF_NIA_2_29//20170427-VeryMax/ITS/From_T2__n-46.t2__p4357_terminationG_0.smt2 : 1199941 ms.
--------------------------------------------------
First to ismt, cur time 0 s.
Final to yices2, cur time 1080 s.
final yices2: unsat
../../QF_NIA_split/QF_NIA_2_29//20170427-VeryMax/ITS/From_T2__n-46.t2__p4360_terminationG_0.smt2 : 1081211 ms.
--------------------------------------------------
First to ismt, cur time 0 s.
Final to yices2, cur time 1080 s.
unknown
../../QF_NIA_split/QF_NIA_2_29//20170427-VeryMax/ITS/From_T2__n-46.t2__p4361_terminationG_0.smt2 : 1199892 ms.
--------------------------------------------------
First to ismt, cur time 0 s.
Final to yices2, cur time 1081 s.
../../QF_NIA_split/QF_NIA_2_29//20170427-VeryMax/ITS/From_T2__n-46.t2__p4362_terminationG_0.smt2 : 1206526 ms.
--------------------------------------------------
First to ismt, cur time 0 s.
Final to yices2, cur time 1081 s.
final yices2: unsat
../../QF_NIA_split/QF_NIA_2_29//20170427-VeryMax/ITS/From_T2__n-46.t2__p4365_terminationG_0.smt2 : 1088050 ms.
--------------------------------------------------
First to ismt, cur time 0 s.
Final to yices2, cur time 1091 s.
../../QF_NIA_split/QF_NIA_2_29//20170427-VeryMax/ITS/From_T2__n-46.t2__p4366_terminationG_0.smt2 : 1200060 ms.
--------------------------------------------------
First to ismt, cur time 0 s.
Final to yices2, cur time 1081 s.
../../QF_NIA_split/QF_NIA_2_29//20170427-VeryMax/ITS/From_T2__n-46.t2__p4367_terminationG_0.smt2 : 1200041 ms.
--------------------------------------------------
First to ismt, cur time 0 s.
Final to yices2, cur time 1080 s.
final yices2: unsat
../../QF_NIA_split/QF_NIA_2_29//20170427-VeryMax/ITS/From_T2__n-46.t2__p4370_terminationG_0.smt2 : 1081577 ms.
--------------------------------------------------
First to ismt, cur time 0 s.
Final to yices2, cur time 1101 s.
../../QF_NIA_split/QF_NIA_2_29//20170427-VeryMax/ITS/From_T2__n-46.t2__p4371_terminationG_0.smt2 : 1200450 ms.
--------------------------------------------------
First to ismt, cur time 0 s.
Final to yices2, cur time 1080 s.
../../QF_NIA_split/QF_NIA_2_29//20170427-VeryMax/ITS/From_T2__n-46.t2__p4372_terminationG_0.smt2 : 1200260 ms.
--------------------------------------------------
First to ismt, cur time 0 s.
Final to yices2, cur time 1080 s.
final yices2: unsat
../../QF_NIA_split/QF_NIA_2_29//20170427-VeryMax/ITS/From_T2__n-46.t2__p4375_terminationG_0.smt2 : 1082235 ms.
--------------------------------------------------
First to ismt, cur time 0 s.
Final to yices2, cur time 1080 s.
../../QF_NIA_split/QF_NIA_2_29//20170427-VeryMax/ITS/From_T2__n-46.t2__p4376_terminationG_0.smt2 : 1200058 ms.
--------------------------------------------------
First to ismt, cur time 0 s.
Final to yices2, cur time 1080 s.
../../QF_NIA_split/QF_NIA_2_29//20170427-VeryMax/ITS/From_T2__n-46.t2__p4377_terminationG_0.smt2 : 1200074 ms.
--------------------------------------------------
First to ismt, cur time 0 s.
Final to yices2, cur time 1080 s.
final yices2: unsat
../../QF_NIA_split/QF_NIA_2_29//20170427-VeryMax/ITS/From_T2__n-46.t2__p4380_terminationG_0.smt2 : 1081445 ms.
--------------------------------------------------
First to ismt, cur time 0 s.
Final to yices2, cur time 1081 s.
../../QF_NIA_split/QF_NIA_2_29//20170427-VeryMax/ITS/From_T2__n-46.t2__p4381_terminationG_0.smt2 : 1208007 ms.
--------------------------------------------------
First to ismt, cur time 0 s.
Final to yices2, cur time 1100 s.
../../QF_NIA_split/QF_NIA_2_29//20170427-VeryMax/ITS/From_T2__n-46.t2__p4382_terminationG_0.smt2 : 1217521 ms.
--------------------------------------------------
First to ismt, cur time 0 s.
Final to yices2, cur time 1080 s.
final yices2: unsat
../../QF_NIA_split/QF_NIA_2_29//20170427-VeryMax/ITS/From_T2__n-46.t2__p4385_terminationG_0.smt2 : 1093938 ms.
--------------------------------------------------
First to ismt, cur time 0 s.
Final to yices2, cur time 1080 s.
../../QF_NIA_split/QF_NIA_2_29//20170427-VeryMax/ITS/From_T2__n-46.t2__p4386_terminationG_0.smt2 : 1200059 ms.
--------------------------------------------------
First to ismt, cur time 0 s.
Final to yices2, cur time 1080 s.
../../QF_NIA_split/QF_NIA_2_29//20170427-VeryMax/ITS/From_T2__n-46.t2__p4387_terminationG_0.smt2 : 1200047 ms.
--------------------------------------------------
First to ismt, cur time 0 s.
Final to yices2, cur time 1080 s.
final yices2: unsat
../../QF_NIA_split/QF_NIA_2_29//20170427-VeryMax/ITS/From_T2__n-46.t2__p4390_terminationG_0.smt2 : 1081287 ms.
--------------------------------------------------
First to ismt, cur time 0 s.
Final to yices2, cur time 1080 s.
unknown
../../QF_NIA_split/QF_NIA_2_29//20170427-VeryMax/ITS/From_T2__n-46.t2__p4391_terminationG_0.smt2 : 1199617 ms.
--------------------------------------------------
First to ismt, cur time 0 s.
Final to yices2, cur time 1080 s.
../../QF_NIA_split/QF_NIA_2_29//20170427-VeryMax/ITS/From_T2__n-46.t2__p4392_terminationG_0.smt2 : 1200037 ms.
--------------------------------------------------
First to ismt, cur time 0 s.
Final to yices2, cur time 1080 s.
final yices2: unsat
../../QF_NIA_split/QF_NIA_2_29//20170427-VeryMax/ITS/From_T2__n-46.t2__p4396_terminationG_0.smt2 : 1081134 ms.
--------------------------------------------------
First to ismt, cur time 0 s.
Final to yices2, cur time 1081 s.
../../QF_NIA_split/QF_NIA_2_29//20170427-VeryMax/ITS/From_T2__n-46.t2__p4397_terminationG_0.smt2 : 1200053 ms.
--------------------------------------------------
First to ismt, cur time 0 s.
Final to yices2, cur time 1080 s.
../../QF_NIA_split/QF_NIA_2_29//20170427-VeryMax/ITS/From_T2__n-46.t2__p4398_terminationG_0.smt2 : 1200064 ms.
--------------------------------------------------
First to ismt, cur time 0 s.
Final to yices2, cur time 1080 s.
final yices2: unsat
../../QF_NIA_split/QF_NIA_2_29//20170427-VeryMax/ITS/From_T2__n-46.t2__p4401_terminationG_0.smt2 : 1081948 ms.
--------------------------------------------------
First to ismt, cur time 0 s.
Final to yices2, cur time 1080 s.
../../QF_NIA_split/QF_NIA_2_29//20170427-VeryMax/ITS/From_T2__n-46.t2__p4402_terminationG_0.smt2 : 1200344 ms.
--------------------------------------------------
First to ismt, cur time 0 s.
Final to yices2, cur time 1086 s.
../../QF_NIA_split/QF_NIA_2_29//20170427-VeryMax/ITS/From_T2__n-46.t2__p4403_terminationG_0.smt2 : 1200054 ms.
--------------------------------------------------
First to ismt, cur time 0 s.
Final to yices2, cur time 1080 s.
final yices2: unsat
../../QF_NIA_split/QF_NIA_2_29//20170427-VeryMax/ITS/From_T2__n-46.t2__p4406_terminationG_0.smt2 : 1081570 ms.
--------------------------------------------------
First to ismt, cur time 0 s.
Final to yices2, cur time 1080 s.
../../QF_NIA_split/QF_NIA_2_29//20170427-VeryMax/ITS/From_T2__n-46.t2__p4407_terminationG_0.smt2 : 1206215 ms.
--------------------------------------------------
First to ismt, cur time 0 s.
Final to yices2, cur time 1083 s.
unknown
../../QF_NIA_split/QF_NIA_2_29//20170427-VeryMax/ITS/From_T2__n-46.t2__p4408_terminationG_0.smt2 : 1199995 ms.
--------------------------------------------------
First to ismt, cur time 0 s.
Final to yices2, cur time 1080 s.
final yices2: unsat
../../QF_NIA_split/QF_NIA_2_29//20170427-VeryMax/ITS/From_T2__n-46.t2__p4411_terminationG_0.smt2 : 1080817 ms.
--------------------------------------------------
First to ismt, cur time 0 s.
Final to yices2, cur time 1080 s.
../../QF_NIA_split/QF_NIA_2_29//20170427-VeryMax/ITS/From_T2__n-46.t2__p4412_terminationG_0.smt2 : 1200047 ms.
--------------------------------------------------
First to ismt, cur time 0 s.
Final to yices2, cur time 1080 s.
../../QF_NIA_split/QF_NIA_2_29//20170427-VeryMax/ITS/From_T2__n-46.t2__p4413_terminationG_0.smt2 : 1200053 ms.
--------------------------------------------------
First to ismt, cur time 0 s.
Final to yices2, cur time 1080 s.
final yices2: unsat
../../QF_NIA_split/QF_NIA_2_29//20170427-VeryMax/ITS/From_T2__n-46.t2__p4416_terminationG_0.smt2 : 1091262 ms.
--------------------------------------------------
First to ismt, cur time 0 s.
Final to yices2, cur time 1080 s.
../../QF_NIA_split/QF_NIA_2_29//20170427-VeryMax/ITS/From_T2__n-46.t2__p4417_terminationG_0.smt2 : 1200028 ms.
--------------------------------------------------
First to ismt, cur time 0 s.
Final to yices2, cur time 1080 s.
../../QF_NIA_split/QF_NIA_2_29//20170427-VeryMax/ITS/From_T2__n-46.t2__p4418_terminationG_0.smt2 : 1200054 ms.
--------------------------------------------------
First to ismt, cur time 0 s.
Final to yices2, cur time 1080 s.
final yices2: unsat
../../QF_NIA_split/QF_NIA_2_29//20170427-VeryMax/ITS/From_T2__n-46.t2__p4421_terminationG_0.smt2 : 1080678 ms.
--------------------------------------------------
First to ismt, cur time 0 s.
Final to yices2, cur time 1080 s.
unknown
../../QF_NIA_split/QF_NIA_2_29//20170427-VeryMax/ITS/From_T2__n-46.t2__p4422_terminationG_0.smt2 : 1199742 ms.
--------------------------------------------------
First to ismt, cur time 0 s.
Final to yices2, cur time 1080 s.
../../QF_NIA_split/QF_NIA_2_29//20170427-VeryMax/ITS/From_T2__n-46.t2__p4423_terminationG_0.smt2 : 1200037 ms.
--------------------------------------------------
First to ismt, cur time 0 s.
Final to yices2, cur time 1080 s.
final yices2: unsat
../../QF_NIA_split/QF_NIA_2_29//20170427-VeryMax/ITS/From_T2__n-46.t2__p4426_terminationG_0.smt2 : 1080641 ms.
--------------------------------------------------
First to ismt, cur time 0 s.
Final to yices2, cur time 1080 s.
../../QF_NIA_split/QF_NIA_2_29//20170427-VeryMax/ITS/From_T2__n-46.t2__p4427_terminationG_0.smt2 : 1200047 ms.
--------------------------------------------------
First to ismt, cur time 0 s.
Final to yices2, cur time 1080 s.
../../QF_NIA_split/QF_NIA_2_29//20170427-VeryMax/ITS/From_T2__n-46.t2__p4428_terminationG_0.smt2 : 1200059 ms.
--------------------------------------------------
First to ismt, cur time 0 s.
Final to yices2, cur time 1080 s.
final yices2: unsat
../../QF_NIA_split/QF_NIA_2_29//20170427-VeryMax/ITS/From_T2__n-46.t2__p4431_terminationG_0.smt2 : 1082708 ms.
--------------------------------------------------
First to ismt, cur time 0 s.
Final to yices2, cur time 1080 s.
../../QF_NIA_split/QF_NIA_2_29//20170427-VeryMax/ITS/From_T2__n-46.t2__p4432_terminationG_0.smt2 : 1201102 ms.
--------------------------------------------------
First to ismt, cur time 0 s.
Final to yices2, cur time 1081 s.
../../QF_NIA_split/QF_NIA_2_29//20170427-VeryMax/ITS/From_T2__n-46.t2__p4433_terminationG_0.smt2 : 1200777 ms.
--------------------------------------------------
First to ismt, cur time 0 s.
Final to yices2, cur time 1083 s.
final yices2: unsat
../../QF_NIA_split/QF_NIA_2_29//20170427-VeryMax/ITS/From_T2__n-46.t2__p4436_terminationG_0.smt2 : 1114974 ms.
--------------------------------------------------
First to ismt, cur time 0 s.
Final to yices2, cur time 1080 s.
../../QF_NIA_split/QF_NIA_2_29//20170427-VeryMax/ITS/From_T2__n-46.t2__p4437_terminationG_0.smt2 : 1200060 ms.
--------------------------------------------------
First to ismt, cur time 0 s.
Final to yices2, cur time 1080 s.
../../QF_NIA_split/QF_NIA_2_29//20170427-VeryMax/ITS/From_T2__n-46.t2__p4438_terminationG_0.smt2 : 1200060 ms.
--------------------------------------------------
First to ismt, cur time 0 s.
Final to yices2, cur time 1080 s.
final yices2: unsat
../../QF_NIA_split/QF_NIA_2_29//20170427-VeryMax/ITS/From_T2__n-46.t2__terminationQ_19_0.smt2 : 1086324 ms.
--------------------------------------------------
First to ismt, cur time 0 s.
ismt: sat (2 bits).
../../QF_NIA_split/QF_NIA_2_29//20170427-VeryMax/ITS/From_T2__n-48.t2__p4486_terminationG_0.smt2 : 591 ms.
--------------------------------------------------
First to ismt, cur time 0 s.
Final to yices2, cur time 1080 s.
../../QF_NIA_split/QF_NIA_2_29//20170427-VeryMax/ITS/From_T2__n-48.t2__p4490_terminationG_0.smt2 : 1202115 ms.
--------------------------------------------------
First to ismt, cur time 0 s.
Final to yices2, cur time 1081 s.
../../QF_NIA_split/QF_NIA_2_29//20170427-VeryMax/ITS/From_T2__n-48.t2__p4491_terminationG_0.smt2 : 1210191 ms.
--------------------------------------------------
First to ismt, cur time 0 s.
Final to yices2, cur time 1080 s.
final yices2: unsat
../../QF_NIA_split/QF_NIA_2_29//20170427-VeryMax/ITS/From_T2__n-48.t2__p4494_terminationG_0.smt2 : 1080643 ms.
--------------------------------------------------
First to ismt, cur time 0 s.
Final to yices2, cur time 1080 s.
../../QF_NIA_split/QF_NIA_2_29//20170427-VeryMax/ITS/From_T2__n-48.t2__p4495_terminationG_0.smt2 : 1200053 ms.
--------------------------------------------------
First to ismt, cur time 0 s.
Final to yices2, cur time 1080 s.
../../QF_NIA_split/QF_NIA_2_29//20170427-VeryMax/ITS/From_T2__n-48.t2__p4496_terminationG_0.smt2 : 1200057 ms.
--------------------------------------------------
First to ismt, cur time 0 s.
Final to yices2, cur time 1081 s.
final yices2: unsat
../../QF_NIA_split/QF_NIA_2_29//20170427-VeryMax/ITS/From_T2__n-48.t2__p4499_terminationG_0.smt2 : 1087282 ms.
--------------------------------------------------
First to ismt, cur time 0 s.
Final to yices2, cur time 1082 s.
unknown
../../QF_NIA_split/QF_NIA_2_29//20170427-VeryMax/ITS/From_T2__n-48.t2__p4500_terminationG_0.smt2 : 1199572 ms.
--------------------------------------------------
First to ismt, cur time 0 s.
Final to yices2, cur time 1080 s.
../../QF_NIA_split/QF_NIA_2_29//20170427-VeryMax/ITS/From_T2__n-48.t2__p4501_terminationG_0.smt2 : 1200061 ms.
--------------------------------------------------
First to ismt, cur time 0 s.
Final to yices2, cur time 1087 s.
final yices2: unsat
../../QF_NIA_split/QF_NIA_2_29//20170427-VeryMax/ITS/From_T2__n-48.t2__p4504_terminationG_0.smt2 : 1088019 ms.
--------------------------------------------------
First to ismt, cur time 0 s.
Final to yices2, cur time 1081 s.
../../QF_NIA_split/QF_NIA_2_29//20170427-VeryMax/ITS/From_T2__n-48.t2__p4505_terminationG_0.smt2 : 1200063 ms.
--------------------------------------------------
First to ismt, cur time 0 s.
Final to yices2, cur time 1080 s.
../../QF_NIA_split/QF_NIA_2_29//20170427-VeryMax/ITS/From_T2__n-48.t2__p4506_terminationG_0.smt2 : 1200054 ms.
--------------------------------------------------
First to ismt, cur time 0 s.
ismt: sat (2 bits).
../../QF_NIA_split/QF_NIA_2_29//20170427-VeryMax/ITS/From_T2__n-48.t2__p4513_edge_closing_0.smt2 : 496 ms.
--------------------------------------------------
First to ismt, cur time 0 s.
ismt: sat (2 bits).
../../QF_NIA_split/QF_NIA_2_29//20170427-VeryMax/ITS/From_T2__n-48.t2__p4514_edge_closing_0.smt2 : 1104 ms.
--------------------------------------------------
First to ismt, cur time 0 s.
ismt: sat (2 bits).
../../QF_NIA_split/QF_NIA_2_29//20170427-VeryMax/ITS/From_T2__nakata.t2__p5294_terminationG_0.smt2 : 165079 ms.
--------------------------------------------------
First to ismt, cur time 0 s.
ismt: sat (2 bits).
../../QF_NIA_split/QF_NIA_2_29//20170427-VeryMax/ITS/From_T2__nakata.t2__p5295_terminationG_0.smt2 : 322575 ms.
--------------------------------------------------
First to ismt, cur time 0 s.
ismt: sat (2 bits).
../../QF_NIA_split/QF_NIA_2_29//20170427-VeryMax/ITS/From_T2__nakata.t2__p5296_terminationG_0.smt2 : 135231 ms.
--------------------------------------------------
First to ismt, cur time 0 s.
ismt: sat (2 bits).
../../QF_NIA_split/QF_NIA_2_29//20170427-VeryMax/ITS/From_T2__nakata.t2__p5299_terminationG_0.smt2 : 73187 ms.
--------------------------------------------------
First to ismt, cur time 0 s.
ismt: sat (2 bits).
../../QF_NIA_split/QF_NIA_2_29//20170427-VeryMax/ITS/From_T2__nakata.t2__p5300_terminationG_0.smt2 : 32077 ms.
--------------------------------------------------
First to ismt, cur time 0 s.
Final to yices2, cur time 1080 s.
../../QF_NIA_split/QF_NIA_2_29//20170427-VeryMax/ITS/From_T2__nakata.t2__p5301_terminationG_0.smt2 : 1209218 ms.
--------------------------------------------------
First to ismt, cur time 0 s.
ismt: sat (2 bits).
../../QF_NIA_split/QF_NIA_2_29//20170427-VeryMax/ITS/From_T2__nakata.t2__p5304_terminationG_0.smt2 : 142469 ms.
--------------------------------------------------
First to ismt, cur time 0 s.
ismt: sat (2 bits).
../../QF_NIA_split/QF_NIA_2_29//20170427-VeryMax/ITS/From_T2__nakata.t2__p5305_terminationG_0.smt2 : 165930 ms.
--------------------------------------------------
First to ismt, cur time 0 s.
ismt: sat (2 bits).
../../QF_NIA_split/QF_NIA_2_29//20170427-VeryMax/ITS/From_T2__nakata.t2__p5306_terminationG_0.smt2 : 473143 ms.
--------------------------------------------------
First to ismt, cur time 0 s.
Final to yices2, cur time 1087 s.
../../QF_NIA_split/QF_NIA_2_29//20170427-VeryMax/ITS/From_T2__nakata.t2__p5309_terminationG_0.smt2 : 1201025 ms.
--------------------------------------------------
First to ismt, cur time 0 s.
ismt: sat (2 bits).
../../QF_NIA_split/QF_NIA_2_29//20170427-VeryMax/ITS/From_T2__nakata.t2__p5310_terminationG_0.smt2 : 919433 ms.
--------------------------------------------------
First to ismt, cur time 0 s.
Final to yices2, cur time 1080 s.
../../QF_NIA_split/QF_NIA_2_29//20170427-VeryMax/ITS/From_T2__nakata.t2__p5311_terminationG_0.smt2 : 1200040 ms.
--------------------------------------------------
First to ismt, cur time 0 s.
Final to yices2, cur time 1080 s.
../../QF_NIA_split/QF_NIA_2_29//20170427-VeryMax/ITS/From_T2__nakata.t2__p5314_terminationG_0.smt2 : 1200048 ms.
--------------------------------------------------
First to ismt, cur time 0 s.
Final to yices2, cur time 1080 s.
../../QF_NIA_split/QF_NIA_2_29//20170427-VeryMax/ITS/From_T2__nakata.t2__p5315_terminationG_0.smt2 : 1200043 ms.
--------------------------------------------------
First to ismt, cur time 0 s.
Final to yices2, cur time 1080 s.
../../QF_NIA_split/QF_NIA_2_29//20170427-VeryMax/ITS/From_T2__nakata.t2__p5316_terminationG_0.smt2 : 1200050 ms.
--------------------------------------------------
First to ismt, cur time 0 s.
Final to yices2, cur time 1080 s.
../../QF_NIA_split/QF_NIA_2_29//20170427-VeryMax/ITS/From_T2__nakata.t2__p5319_terminationG_0.smt2 : 1200052 ms.
--------------------------------------------------
First to ismt, cur time 0 s.
ismt: sat (2 bits).
../../QF_NIA_split/QF_NIA_2_29//20170427-VeryMax/ITS/From_T2__nakata.t2__p5320_terminationG_0.smt2 : 1060405 ms.
--------------------------------------------------
First to ismt, cur time 0 s.
Final to yices2, cur time 1080 s.
../../QF_NIA_split/QF_NIA_2_29//20170427-VeryMax/ITS/From_T2__nakata.t2__p5321_terminationG_0.smt2 : 1200058 ms.
--------------------------------------------------
First to ismt, cur time 0 s.
Final to yices2, cur time 1081 s.
unknown
../../QF_NIA_split/QF_NIA_2_29//20170427-VeryMax/ITS/From_T2__nakata.t2__p5324_terminationG_0.smt2 : 1200039 ms.
--------------------------------------------------
First to ismt, cur time 0 s.
Final to yices2, cur time 1080 s.
../../QF_NIA_split/QF_NIA_2_29//20170427-VeryMax/ITS/From_T2__nakata.t2__p5325_terminationG_0.smt2 : 1200044 ms.
--------------------------------------------------
First to ismt, cur time 0 s.
Final to yices2, cur time 1080 s.
../../QF_NIA_split/QF_NIA_2_29//20170427-VeryMax/ITS/From_T2__nakata.t2__p5326_terminationG_0.smt2 : 1200059 ms.
--------------------------------------------------
First to ismt, cur time 0 s.
Final to yices2, cur time 1081 s.
unknown
../../QF_NIA_split/QF_NIA_2_29//20170427-VeryMax/ITS/From_T2__nakata.t2__p5328_terminationG_0.smt2 : 1199779 ms.
--------------------------------------------------
First to ismt, cur time 0 s.
ismt: sat (2 bits).
../../QF_NIA_split/QF_NIA_2_29//20170427-VeryMax/ITS/From_T2__nakata.t2__p5330_terminationG_0.smt2 : 738565 ms.
--------------------------------------------------
First to ismt, cur time 0 s.
Final to yices2, cur time 1087 s.
../../QF_NIA_split/QF_NIA_2_29//20170427-VeryMax/ITS/From_T2__nakata.t2__p5331_terminationG_0.smt2 : 1200045 ms.
--------------------------------------------------
First to ismt, cur time 0 s.
Final to yices2, cur time 1082 s.
../../QF_NIA_split/QF_NIA_2_29//20170427-VeryMax/ITS/From_T2__nakata.t2__p5334_terminationG_0.smt2 : 1200043 ms.
--------------------------------------------------
First to ismt, cur time 0 s.
Final to yices2, cur time 1080 s.
../../QF_NIA_split/QF_NIA_2_29//20170427-VeryMax/ITS/From_T2__nakata.t2__p5335_terminationG_0.smt2 : 1200041 ms.
--------------------------------------------------
First to ismt, cur time 0 s.
Final to yices2, cur time 1080 s.
../../QF_NIA_split/QF_NIA_2_29//20170427-VeryMax/ITS/From_T2__nakata.t2__p5336_terminationG_0.smt2 : 1200031 ms.
--------------------------------------------------
First to ismt, cur time 0 s.
ismt: sat (2 bits).
../../QF_NIA_split/QF_NIA_2_29//20170427-VeryMax/ITS/From_T2__nakata.t2__p5340_terminationG_0.smt2 : 209859 ms.
--------------------------------------------------
First to ismt, cur time 0 s.
Final to yices2, cur time 1080 s.
../../QF_NIA_split/QF_NIA_2_29//20170427-VeryMax/ITS/From_T2__nakata.t2__p5341_terminationG_0.smt2 : 1200039 ms.
--------------------------------------------------
First to ismt, cur time 0 s.
Final to yices2, cur time 1080 s.
../../QF_NIA_split/QF_NIA_2_29//20170427-VeryMax/ITS/From_T2__nakata.t2__p5342_terminationG_0.smt2 : 1200038 ms.
--------------------------------------------------
First to ismt, cur time 0 s.
ismt: sat (2 bits).
../../QF_NIA_split/QF_NIA_2_29//20170427-VeryMax/ITS/From_T2__nakata.t2__p5344_edge_closing_0.smt2 : 59249 ms.
--------------------------------------------------
First to ismt, cur time 0 s.
ismt: sat (2 bits).
../../QF_NIA_split/QF_NIA_2_29//20170427-VeryMax/ITS/From_T2__nakata.t2__p5345_edge_closing_0.smt2 : 515328 ms.
--------------------------------------------------
First to ismt, cur time 0 s.
Final to yices2, cur time 1080 s.
../../QF_NIA_split/QF_NIA_2_29//20170427-VeryMax/ITS/From_T2__nakata.t2__p5346_edge_closing_0.smt2 : 1200115 ms.
--------------------------------------------------
First to ismt, cur time 0 s.
ismt: sat (2 bits).
../../QF_NIA_split/QF_NIA_2_29//20170427-VeryMax/ITS/From_T2__nakata.t2__p5347_edge_closing_0.smt2 : 50042 ms.
--------------------------------------------------
First to ismt, cur time 0 s.
ismt: sat (2 bits).
../../QF_NIA_split/QF_NIA_2_29//20170427-VeryMax/ITS/From_T2__nakata.t2__p5348_edge_closing_0.smt2 : 157472 ms.
--------------------------------------------------
First to ismt, cur time 0 s.
ismt: sat (2 bits).
../../QF_NIA_split/QF_NIA_2_29//20170427-VeryMax/ITS/From_T2__nakata.t2__p5349_edge_closing_0.smt2 : 704509 ms.
--------------------------------------------------
First to ismt, cur time 0 s.
ismt: sat (2 bits).
../../QF_NIA_split/QF_NIA_2_29//20170427-VeryMax/ITS/From_T2__nakata.t2__p5351_edge_closing_0.smt2 : 626602 ms.
--------------------------------------------------
First to ismt, cur time 0 s.
Final to yices2, cur time 1081 s.
unknown
../../QF_NIA_split/QF_NIA_2_29//20170427-VeryMax/ITS/From_T2__nakata.t2__p5352_edge_closing_0.smt2 : 1199969 ms.
--------------------------------------------------
First to ismt, cur time 0 s.
Final to yices2, cur time 1082 s.
../../QF_NIA_split/QF_NIA_2_29//20170427-VeryMax/ITS/From_T2__nakata.t2__p5353_edge_closing_0.smt2 : 1200037 ms.
--------------------------------------------------
First to ismt, cur time 0 s.
ismt: sat (2 bits).
../../QF_NIA_split/QF_NIA_2_29//20170427-VeryMax/ITS/From_T2__nakata.t2__terminationQ_0_0.smt2 : 23165 ms.
--------------------------------------------------
First to ismt, cur time 0 s.
ismt: sat (2 bits).
../../QF_NIA_split/QF_NIA_2_29//20170427-VeryMax/ITS/From_T2__nakata.t2__terminationQ_1_0.smt2 : 72185 ms.
--------------------------------------------------
First to ismt, cur time 0 s.
ismt: sat (2 bits).
../../QF_NIA_split/QF_NIA_2_29//20170427-VeryMax/ITS/From_T2__nakata.t2__terminationQ_2_0.smt2 : 15530 ms.
--------------------------------------------------
First to ismt, cur time 0 s.
ismt: sat (2 bits).
../../QF_NIA_split/QF_NIA_2_29//20170427-VeryMax/ITS/From_T2__nakata.t2__terminationQ_3_0.smt2 : 50589 ms.
--------------------------------------------------
First to ismt, cur time 0 s.
ismt: sat (2 bits).
../../QF_NIA_split/QF_NIA_2_29//20170427-VeryMax/ITS/From_T2__nakata.t2__terminationQ_4_0.smt2 : 18215 ms.
--------------------------------------------------
First to ismt, cur time 0 s.
ismt: sat (2 bits).
../../QF_NIA_split/QF_NIA_2_29//20170427-VeryMax/ITS/From_T2__nakata.t2__terminationQ_5_0.smt2 : 73579 ms.
--------------------------------------------------
First to ismt, cur time 0 s.
ismt: sat (2 bits).
../../QF_NIA_split/QF_NIA_2_29//20170427-VeryMax/ITS/From_T2__nakata.t2__terminationQ_6_0.smt2 : 56010 ms.
--------------------------------------------------
First to ismt, cur time 0 s.
ismt: sat (2 bits).
../../QF_NIA_split/QF_NIA_2_29//20170427-VeryMax/ITS/From_T2__nakata.t2__terminationQ_7_0.smt2 : 60794 ms.
--------------------------------------------------
First to ismt, cur time 0 s.
Final to yices2, cur time 1080 s.
../../QF_NIA_split/QF_NIA_2_29//20170427-VeryMax/ITS/From_T2__nakata.t2__terminationS_0_0.smt2 : 1200061 ms.
--------------------------------------------------
First to ismt, cur time 0 s.
Final to yices2, cur time 1080 s.
../../QF_NIA_split/QF_NIA_2_29//20170427-VeryMax/ITS/From_T2__nakata.t2__terminationS_10_0.smt2 : 1216217 ms.
--------------------------------------------------
First to ismt, cur time 0 s.
Final to yices2, cur time 1083 s.
../../QF_NIA_split/QF_NIA_2_29//20170427-VeryMax/ITS/From_T2__nakata.t2__terminationS_1_0.smt2 : 1218655 ms.
--------------------------------------------------
First to ismt, cur time 0 s.
Final to yices2, cur time 1085 s.
final yices2: unsat
../../QF_NIA_split/QF_NIA_2_29//20170427-VeryMax/ITS/From_T2__nakata.t2__terminationS_11_0.smt2 : 1095669 ms.
--------------------------------------------------
First to ismt, cur time 0 s.
Final to yices2, cur time 1080 s.
unknown
../../QF_NIA_split/QF_NIA_2_29//20170427-VeryMax/ITS/From_T2__nakata.t2__terminationS_12_0.smt2 : 1199822 ms.
--------------------------------------------------
First to ismt, cur time 0 s.
Final to yices2, cur time 1080 s.
final yices2: unsat
../../QF_NIA_split/QF_NIA_2_29//20170427-VeryMax/ITS/From_T2__nakata.t2__terminationS_13_0.smt2 : 1182175 ms.
--------------------------------------------------
First to ismt, cur time 0 s.
Final to yices2, cur time 1083 s.
final yices2: unsat
../../QF_NIA_split/QF_NIA_2_29//20170427-VeryMax/ITS/From_T2__nakata.t2__terminationS_14_0.smt2 : 1089360 ms.
--------------------------------------------------
First to ismt, cur time 0 s.
Final to yices2, cur time 1082 s.
../../QF_NIA_split/QF_NIA_2_29//20170427-VeryMax/ITS/From_T2__nakata.t2__terminationS_2_0.smt2 : 1200023 ms.
--------------------------------------------------
First to ismt, cur time 0 s.
Final to yices2, cur time 1080 s.
../../QF_NIA_split/QF_NIA_2_29//20170427-VeryMax/ITS/From_T2__nakata.t2__terminationS_3_0.smt2 : 1200058 ms.
--------------------------------------------------
First to ismt, cur time 0 s.
Final to yices2, cur time 1080 s.
../../QF_NIA_split/QF_NIA_2_29//20170427-VeryMax/ITS/From_T2__nakata.t2__terminationS_4_0.smt2 : 1200031 ms.
--------------------------------------------------
First to ismt, cur time 0 s.
Final to yices2, cur time 1080 s.
unknown
../../QF_NIA_split/QF_NIA_2_29//20170427-VeryMax/ITS/From_T2__nakata.t2__terminationS_5_0.smt2 : 1199993 ms.
--------------------------------------------------
First to ismt, cur time 0 s.
Final to yices2, cur time 1081 s.
unknown
../../QF_NIA_split/QF_NIA_2_29//20170427-VeryMax/ITS/From_T2__nakata.t2__terminationS_6_0.smt2 : 1199886 ms.
--------------------------------------------------
First to ismt, cur time 0 s.
Final to yices2, cur time 1080 s.
final yices2: unsat
../../QF_NIA_split/QF_NIA_2_29//20170427-VeryMax/ITS/From_T2__nakata.t2__terminationS_7_0.smt2 : 1103390 ms.
--------------------------------------------------
First to ismt, cur time 0 s.
Final to yices2, cur time 1081 s.
final yices2: unsat
../../QF_NIA_split/QF_NIA_2_29//20170427-VeryMax/ITS/From_T2__nakata.t2__terminationS_8_0.smt2 : 1089308 ms.
--------------------------------------------------
First to ismt, cur time 0 s.
Final to yices2, cur time 1081 s.
final yices2: unsat
../../QF_NIA_split/QF_NIA_2_29//20170427-VeryMax/ITS/From_T2__nakata.t2__terminationS_9_0.smt2 : 1093727 ms.
--------------------------------------------------
First to ismt, cur time 0 s.
ismt: sat (2 bits).
../../QF_NIA_split/QF_NIA_2_29//20170427-VeryMax/ITS/From_T2__nakata.t2__term_unfeasibility_0_0.smt2 : 13383 ms.
--------------------------------------------------
First to ismt, cur time 0 s.
ismt: sat (2 bits).
../../QF_NIA_split/QF_NIA_2_29//20170427-VeryMax/ITS/From_T2__nakata.t2__term_unfeasibility_1_0.smt2 : 21450 ms.
--------------------------------------------------
First to ismt, cur time 0 s.
Final to yices2, cur time 1080 s.
unknown
../../QF_NIA_split/QF_NIA_2_29//20170427-VeryMax/ITS/From_T2__nakata.t2__term_unfeasibility_2_0.smt2 : 1199842 ms.
--------------------------------------------------
First to ismt, cur time 0 s.
ismt: sat (2 bits).
../../QF_NIA_split/QF_NIA_2_29//20170427-VeryMax/ITS/From_T2__nakata_withassume.t2__term_unfeasibility_0_0.smt2 : 5374 ms.
--------------------------------------------------
First to ismt, cur time 0 s.
ismt: sat (2 bits).
../../QF_NIA_split/QF_NIA_2_29//20170427-VeryMax/ITS/From_T2__nakata_withassume.t2__term_unfeasibility_1_0.smt2 : 22282 ms.
--------------------------------------------------
First to ismt, cur time 0 s.
Final to yices2, cur time 1081 s.
unknown
../../QF_NIA_split/QF_NIA_2_29//20170427-VeryMax/ITS/From_T2__nakata_withassume.t2__term_unfeasibility_2_0.smt2 : 1199937 ms.
--------------------------------------------------
First to ismt, cur time 0 s.
ismt: sat (2 bits).
../../QF_NIA_split/QF_NIA_2_29//20170427-VeryMax/ITS/From_T2__ndes.t2_fixed__p5364_terminationG_0.smt2 : 70133 ms.
--------------------------------------------------
First to ismt, cur time 0 s.
Final to yices2, cur time 1081 s.
../../QF_NIA_split/QF_NIA_2_29//20170427-VeryMax/ITS/From_T2__ndes.t2_fixed__p5365_terminationG_0.smt2 : 1217917 ms.
--------------------------------------------------
First to ismt, cur time 0 s.
Final to yices2, cur time 1081 s.
../../QF_NIA_split/QF_NIA_2_29//20170427-VeryMax/ITS/From_T2__ndes.t2_fixed__p5366_terminationG_0.smt2 : 1200057 ms.
--------------------------------------------------
First to ismt, cur time 0 s.
terminate called after throwing an instance of 'std::bad_alloc'
  what():  std::bad_alloc
timeout: the monitored command dumped core
Final to yices2, cur time 451 s.
final yices2: unsat
../../QF_NIA_split/QF_NIA_2_29//20170427-VeryMax/ITS/From_T2__ndes.t2_fixed__terminationS_2_0.smt2 : 456654 ms.
--------------------------------------------------
First to ismt, cur time 0 s.
Final to yices2, cur time 596 s.
final yices2: unsat
../../QF_NIA_split/QF_NIA_2_29//20170427-VeryMax/ITS/From_T2__ndes.t2_fixed__terminationS_3_0.smt2 : 601302 ms.
--------------------------------------------------
First to ismt, cur time 0 s.
ismt: sat (2 bits).
../../QF_NIA_split/QF_NIA_2_29//20170427-VeryMax/ITS/From_T2__ndes.t2_fixed__term_unfeasibility_2_0.smt2 : 19146 ms.
--------------------------------------------------
First to ismt, cur time 0 s.
ismt: sat (8 bits).
../../QF_NIA_split/QF_NIA_2_29//20170427-VeryMax/ITS/From_T2__ndes.t2_fixed__term_unfeasibility_3_0.smt2 : 1036887 ms.
--------------------------------------------------
First to ismt, cur time 0 s.
Final to yices2, cur time 1080 s.
../../QF_NIA_split/QF_NIA_2_29//20170427-VeryMax/ITS/From_T2__ndes.t2_fixed__term_unfeasibility_5_0.smt2 : 1200039 ms.
--------------------------------------------------
First to ismt, cur time 0 s.
ismt: sat (2 bits).
../../QF_NIA_split/QF_NIA_2_29//20170427-VeryMax/ITS/From_T2__ndes.t2__p5373_terminationG_0.smt2 : 172584 ms.
--------------------------------------------------
First to ismt, cur time 0 s.
ismt: sat (2 bits).
../../QF_NIA_split/QF_NIA_2_29//20170427-VeryMax/ITS/From_T2__ndes.t2__p5374_terminationG_0.smt2 : 510335 ms.
--------------------------------------------------
First to ismt, cur time 0 s.
Final to yices2, cur time 1080 s.
../../QF_NIA_split/QF_NIA_2_29//20170427-VeryMax/ITS/From_T2__ndes.t2__p5375_terminationG_0.smt2 : 1200120 ms.
--------------------------------------------------
First to ismt, cur time 0 s.
ismt: sat (2 bits).
../../QF_NIA_split/QF_NIA_2_29//20170427-VeryMax/ITS/From_T2__ndes.t2__term_unfeasibility_2_0.smt2 : 51763 ms.
--------------------------------------------------
First to ismt, cur time 0 s.
ismt: sat (2 bits).
../../QF_NIA_split/QF_NIA_2_29//20170427-VeryMax/ITS/From_T2__ndes.t2__term_unfeasibility_3_0.smt2 : 61532 ms.
--------------------------------------------------
First to ismt, cur time 0 s.
Final to yices2, cur time 1088 s.
../../QF_NIA_split/QF_NIA_2_29//20170427-VeryMax/ITS/From_T2__ndes.t2__term_unfeasibility_4_0.smt2 : 1200429 ms.
--------------------------------------------------
First to ismt, cur time 0 s.
Final to yices2, cur time 1080 s.
final yices2: unsat
../../QF_NIA_split/QF_NIA_2_29//20170427-VeryMax/ITS/From_T2__ndes.t2__term_unfeasibility_6_0.smt2 : 1104734 ms.
--------------------------------------------------
First to ismt, cur time 0 s.
ismt: sat (2 bits).
../../QF_NIA_split/QF_NIA_2_29//20170427-VeryMax/ITS/From_T2__neg-1394complete-succeed.t2__p5508_safety_0.smt2 : 23967 ms.
--------------------------------------------------
First to ismt, cur time 0 s.
ismt: sat (2 bits).
../../QF_NIA_split/QF_NIA_2_29//20170427-VeryMax/ITS/From_T2__neg-1394complete-succeed.t2__p5509_safety_0.smt2 : 25310 ms.
--------------------------------------------------
First to ismt, cur time 0 s.
ismt: sat (2 bits).
../../QF_NIA_split/QF_NIA_2_29//20170427-VeryMax/ITS/From_T2__neg-1394complete-succeed.t2__p5511_safety_0.smt2 : 3862 ms.
--------------------------------------------------
First to ismt, cur time 0 s.
Final to yices2, cur time 102 s.
final yices2: unsat
../../QF_NIA_split/QF_NIA_2_29//20170427-VeryMax/ITS/From_T2__neg-acqrel-fail.t2__p5618_terminationG_0.smt2 : 103303 ms.
--------------------------------------------------
First to ismt, cur time 0 s.
Final to yices2, cur time 1080 s.
final yices2: unsat
../../QF_NIA_split/QF_NIA_2_29//20170427-VeryMax/ITS/From_T2__neg-acqrel-fail.t2__p5619_terminationG_0.smt2 : 1081007 ms.
--------------------------------------------------
First to ismt, cur time 0 s.
Final to yices2, cur time 1086 s.
../../QF_NIA_split/QF_NIA_2_29//20170427-VeryMax/ITS/From_T2__neg-acqrel-fail.t2__p5620_terminationG_0.smt2 : 1200036 ms.
--------------------------------------------------
First to ismt, cur time 0 s.
ismt: sat (2 bits).
../../QF_NIA_split/QF_NIA_2_29//20170427-VeryMax/ITS/From_T2__neg-e-1394complete-fail.t2__p5758_safety_0.smt2 : 2227 ms.
--------------------------------------------------
First to ismt, cur time 0 s.
ismt: sat (2 bits).
../../QF_NIA_split/QF_NIA_2_29//20170427-VeryMax/ITS/From_T2__neg-e-1394complete-fail.t2__p5764_safety_0.smt2 : 2118 ms.
--------------------------------------------------
First to ismt, cur time 0 s.
ismt: sat (2 bits).
../../QF_NIA_split/QF_NIA_2_29//20170427-VeryMax/ITS/From_T2__neg-e-1394complete-fail.t2__p5765_safety_0.smt2 : 4010 ms.
--------------------------------------------------
First to ismt, cur time 0 s.
Final to yices2, cur time 1085 s.
final yices2: unsat
../../QF_NIA_split/QF_NIA_2_29//20170427-VeryMax/ITS/From_T2__neg-e-acqrel-fail.t2__p6038_safety_0.smt2 : 1087771 ms.
--------------------------------------------------
First to ismt, cur time 0 s.
Final to yices2, cur time 1080 s.
../../QF_NIA_split/QF_NIA_2_29//20170427-VeryMax/ITS/From_T2__neg-e-acqrel-fail.t2__p6039_safety_0.smt2 : 1200247 ms.
--------------------------------------------------
First to ismt, cur time 0 s.
Final to yices2, cur time 1080 s.
final yices2: unsat
../../QF_NIA_split/QF_NIA_2_29//20170427-VeryMax/ITS/From_T2__neg-e-acqrel-succeed.t2__p6056_safety_0.smt2 : 1081812 ms.
--------------------------------------------------
First to ismt, cur time 0 s.
Final to yices2, cur time 1080 s.
final yices2: unsat
../../QF_NIA_split/QF_NIA_2_29//20170427-VeryMax/ITS/From_T2__neg-e-acqrel-succeed.t2__p6057_safety_0.smt2 : 1135641 ms.
--------------------------------------------------
First to ismt, cur time 0 s.
ismt: sat (2 bits).
../../QF_NIA_split/QF_NIA_2_29//20170427-VeryMax/ITS/From_T2__neg-st88b-fail.t2__p6140_terminationG_0.smt2 : 15238 ms.
--------------------------------------------------
First to ismt, cur time 0 s.
Final to yices2, cur time 117 s.
final yices2: unsat
../../QF_NIA_split/QF_NIA_2_29//20170427-VeryMax/ITS/From_T2__nested2.t2_fixed__term_unfeasibility_0_0.smt2 : 121841 ms.
--------------------------------------------------
First to ismt, cur time 0 s.
Final to yices2, cur time 1080 s.
final yices2: unsat
../../QF_NIA_split/QF_NIA_2_29//20170427-VeryMax/ITS/From_T2__non_term.t2__p6235_terminationG_0.smt2 : 1083076 ms.
--------------------------------------------------
First to ismt, cur time 0 s.
Final to yices2, cur time 1080 s.
unknown
../../QF_NIA_split/QF_NIA_2_29//20170427-VeryMax/ITS/From_T2__non_term.t2__p6236_terminationG_0.smt2 : 1199720 ms.
--------------------------------------------------
First to ismt, cur time 0 s.
Final to yices2, cur time 1080 s.
final yices2: unsat
../../QF_NIA_split/QF_NIA_2_29//20170427-VeryMax/ITS/From_T2__non_term.t2__p6239_terminationG_0.smt2 : 1080718 ms.
--------------------------------------------------
First to ismt, cur time 0 s.
Final to yices2, cur time 1080 s.
final yices2: unsat
../../QF_NIA_split/QF_NIA_2_29//20170427-VeryMax/ITS/From_T2__non_term.t2__p6240_terminationG_0.smt2 : 1087729 ms.
--------------------------------------------------
First to ismt, cur time 0 s.
Final to yices2, cur time 1080 s.
../../QF_NIA_split/QF_NIA_2_29//20170427-VeryMax/ITS/From_T2__non_term.t2__p6241_terminationG_0.smt2 : 1200048 ms.
--------------------------------------------------
First to ismt, cur time 0 s.
Final to yices2, cur time 1080 s.
final yices2: unsat
../../QF_NIA_split/QF_NIA_2_29//20170427-VeryMax/ITS/From_T2__non_term.t2__p6244_terminationG_0.smt2 : 1080335 ms.
--------------------------------------------------
First to ismt, cur time 0 s.
Final to yices2, cur time 1080 s.
final yices2: unsat
../../QF_NIA_split/QF_NIA_2_29//20170427-VeryMax/ITS/From_T2__non_term.t2__p6245_terminationG_0.smt2 : 1084915 ms.
--------------------------------------------------
First to ismt, cur time 0 s.
Final to yices2, cur time 1080 s.
../../QF_NIA_split/QF_NIA_2_29//20170427-VeryMax/ITS/From_T2__non_term.t2__p6246_terminationG_0.smt2 : 1200043 ms.
--------------------------------------------------
First to ismt, cur time 0 s.
Final to yices2, cur time 1095 s.
final yices2: unsat
../../QF_NIA_split/QF_NIA_2_29//20170427-VeryMax/ITS/From_T2__non_term.t2__p6249_terminationG_0.smt2 : 1111522 ms.
--------------------------------------------------
First to ismt, cur time 0 s.
Final to yices2, cur time 1080 s.
final yices2: unsat
../../QF_NIA_split/QF_NIA_2_29//20170427-VeryMax/ITS/From_T2__non_term.t2__p6250_terminationG_0.smt2 : 1096891 ms.
--------------------------------------------------
First to ismt, cur time 0 s.
Final to yices2, cur time 1080 s.
unknown
../../QF_NIA_split/QF_NIA_2_29//20170427-VeryMax/ITS/From_T2__non_term.t2__p6251_terminationG_0.smt2 : 1199549 ms.
--------------------------------------------------
First to ismt, cur time 0 s.
ismt: sat (4 bits).
../../QF_NIA_split/QF_NIA_2_29//20170427-VeryMax/ITS/From_T2__ns.t2_fixed__p6267_terminationG_0.smt2 : 72741 ms.
--------------------------------------------------
First to ismt, cur time 0 s.
ismt: sat (4 bits).
../../QF_NIA_split/QF_NIA_2_29//20170427-VeryMax/ITS/From_T2__ns.t2_fixed__p6268_terminationG_0.smt2 : 200481 ms.
--------------------------------------------------
First to ismt, cur time 0 s.
Final to yices2, cur time 1080 s.
final yices2: unsat
../../QF_NIA_split/QF_NIA_2_29//20170427-VeryMax/ITS/From_T2__ns.t2_fixed__term_unfeasibility_0_0.smt2 : 1080400 ms.
--------------------------------------------------
First to ismt, cur time 0 s.
ismt: sat (2 bits).
../../QF_NIA_split/QF_NIA_2_29//20170427-VeryMax/ITS/From_T2__ns.t2__p6275_terminationG_0.smt2 : 2070 ms.
--------------------------------------------------
First to ismt, cur time 0 s.
ismt: sat (2 bits).
../../QF_NIA_split/QF_NIA_2_29//20170427-VeryMax/ITS/From_T2__ns.t2__p6276_terminationG_0.smt2 : 6523 ms.
--------------------------------------------------
First to ismt, cur time 0 s.
ismt: sat (2 bits).
../../QF_NIA_split/QF_NIA_2_29//20170427-VeryMax/ITS/From_T2__ns.t2__p6277_terminationG_0.smt2 : 7510 ms.
--------------------------------------------------
First to ismt, cur time 0 s.
ismt: sat (2 bits).
../../QF_NIA_split/QF_NIA_2_29//20170427-VeryMax/ITS/From_T2__ns.t2__p6282_terminationG_0.smt2 : 4478 ms.
--------------------------------------------------
First to ismt, cur time 0 s.
Final to yices2, cur time 1081 s.
final yices2: unsat
../../QF_NIA_split/QF_NIA_2_29//20170427-VeryMax/ITS/From_T2__oct_vs_subpoly.t2__p6289_terminationG_0.smt2 : 1080378 ms.
--------------------------------------------------
First to ismt, cur time 0 s.
Final to yices2, cur time 1080 s.
unknown
../../QF_NIA_split/QF_NIA_2_29//20170427-VeryMax/ITS/From_T2__oct_vs_subpoly.t2__p6290_terminationG_0.smt2 : 1210502 ms.
--------------------------------------------------
First to ismt, cur time 0 s.
Final to yices2, cur time 1080 s.
../../QF_NIA_split/QF_NIA_2_29//20170427-VeryMax/ITS/From_T2__oct_vs_subpoly.t2__p6291_terminationG_0.smt2 : 1200319 ms.
--------------------------------------------------
First to ismt, cur time 0 s.
Final to yices2, cur time 1085 s.
final yices2: unsat
../../QF_NIA_split/QF_NIA_2_29//20170427-VeryMax/ITS/From_T2__oct_vs_subpoly.t2__p6294_terminationG_0.smt2 : 1091402 ms.
--------------------------------------------------
First to ismt, cur time 0 s.
Final to yices2, cur time 1080 s.
final yices2: unsat
../../QF_NIA_split/QF_NIA_2_29//20170427-VeryMax/ITS/From_T2__oct_vs_subpoly.t2__p6295_terminationG_0.smt2 : 1081443 ms.
--------------------------------------------------
First to ismt, cur time 0 s.
Final to yices2, cur time 1100 s.
../../QF_NIA_split/QF_NIA_2_29//20170427-VeryMax/ITS/From_T2__oct_vs_subpoly.t2__p6296_terminationG_0.smt2 : 1214810 ms.
--------------------------------------------------
First to ismt, cur time 0 s.
Final to yices2, cur time 1080 s.
final yices2: unsat
../../QF_NIA_split/QF_NIA_2_29//20170427-VeryMax/ITS/From_T2__oct_vs_subpoly.t2__p6299_terminationG_0.smt2 : 1080480 ms.
--------------------------------------------------
First to ismt, cur time 0 s.
Final to yices2, cur time 1080 s.
final yices2: unsat
../../QF_NIA_split/QF_NIA_2_29//20170427-VeryMax/ITS/From_T2__oct_vs_subpoly.t2__p6300_terminationG_0.smt2 : 1085102 ms.
--------------------------------------------------
First to ismt, cur time 0 s.
Final to yices2, cur time 1083 s.
unknown
../../QF_NIA_split/QF_NIA_2_29//20170427-VeryMax/ITS/From_T2__oct_vs_subpoly.t2__p6301_terminationG_0.smt2 : 1199351 ms.
--------------------------------------------------
First to ismt, cur time 0 s.
Final to yices2, cur time 1080 s.
final yices2: unsat
../../QF_NIA_split/QF_NIA_2_29//20170427-VeryMax/ITS/From_T2__oct_vs_subpoly.t2__p6304_terminationG_0.smt2 : 1080972 ms.
--------------------------------------------------
First to ismt, cur time 0 s.
Final to yices2, cur time 1080 s.
../../QF_NIA_split/QF_NIA_2_29//20170427-VeryMax/ITS/From_T2__oct_vs_subpoly.t2__p6305_terminationG_0.smt2 : 1200041 ms.
--------------------------------------------------
First to ismt, cur time 0 s.
Final to yices2, cur time 1080 s.
../../QF_NIA_split/QF_NIA_2_29//20170427-VeryMax/ITS/From_T2__oct_vs_subpoly.t2__p6306_terminationG_0.smt2 : 1200081 ms.
--------------------------------------------------
First to ismt, cur time 0 s.
Final to yices2, cur time 1080 s.
final yices2: unsat
../../QF_NIA_split/QF_NIA_2_29//20170427-VeryMax/ITS/From_T2__oct_vs_subpoly.t2__p6309_terminationG_0.smt2 : 1080082 ms.
--------------------------------------------------
First to ismt, cur time 0 s.
Final to yices2, cur time 1080 s.
final yices2: unsat
../../QF_NIA_split/QF_NIA_2_29//20170427-VeryMax/ITS/From_T2__oct_vs_subpoly.t2__p6310_terminationG_0.smt2 : 1089311 ms.
--------------------------------------------------
First to ismt, cur time 0 s.
Final to yices2, cur time 1080 s.
../../QF_NIA_split/QF_NIA_2_29//20170427-VeryMax/ITS/From_T2__oct_vs_subpoly.t2__p6311_terminationG_0.smt2 : 1200082 ms.
--------------------------------------------------
First to ismt, cur time 0 s.
Final to yices2, cur time 1080 s.
final yices2: unsat
../../QF_NIA_split/QF_NIA_2_29//20170427-VeryMax/ITS/From_T2__oct_vs_subpoly.t2__p6314_terminationG_0.smt2 : 1080896 ms.
--------------------------------------------------
First to ismt, cur time 0 s.
Final to yices2, cur time 1080 s.
final yices2: unsat
../../QF_NIA_split/QF_NIA_2_29//20170427-VeryMax/ITS/From_T2__oct_vs_subpoly.t2__p6315_terminationG_0.smt2 : 1080747 ms.
--------------------------------------------------
First to ismt, cur time 0 s.
Final to yices2, cur time 1080 s.
../../QF_NIA_split/QF_NIA_2_29//20170427-VeryMax/ITS/From_T2__oct_vs_subpoly.t2__p6316_terminationG_0.smt2 : 1207754 ms.
--------------------------------------------------
First to ismt, cur time 0 s.
Final to yices2, cur time 1080 s.
final yices2: unsat
../../QF_NIA_split/QF_NIA_2_29//20170427-VeryMax/ITS/From_T2__oct_vs_subpoly.t2__terminationQ_5_0.smt2 : 1080583 ms.
--------------------------------------------------
First to ismt, cur time 0 s.
ismt: sat (2 bits).
../../QF_NIA_split/QF_NIA_2_29//20170427-VeryMax/ITS/From_T2__opt-tree.c.t2__p6327_terminationG_0.smt2 : 7652 ms.
--------------------------------------------------
First to ismt, cur time 0 s.
ismt: sat (2 bits).
../../QF_NIA_split/QF_NIA_2_29//20170427-VeryMax/ITS/From_T2__opt-tree.c.t2__p6333_terminationG_0.smt2 : 636 ms.
--------------------------------------------------
First to ismt, cur time 0 s.
ismt: sat (2 bits).
../../QF_NIA_split/QF_NIA_2_29//20170427-VeryMax/ITS/From_T2__opt-tree.c.t2__p6335_terminationG_0.smt2 : 6088 ms.
--------------------------------------------------
First to ismt, cur time 0 s.
ismt: sat (2 bits).
../../QF_NIA_split/QF_NIA_2_29//20170427-VeryMax/ITS/From_T2__opt-tree.c.t2__p6338_terminationG_0.smt2 : 13930 ms.
--------------------------------------------------
First to ismt, cur time 0 s.
ismt: sat (2 bits).
../../QF_NIA_split/QF_NIA_2_29//20170427-VeryMax/ITS/From_T2__opt-tree.c.t2__p6339_terminationG_0.smt2 : 22647 ms.
--------------------------------------------------
First to ismt, cur time 0 s.
ismt: sat (2 bits).
../../QF_NIA_split/QF_NIA_2_29//20170427-VeryMax/ITS/From_T2__opt-tree.c.t2__p6340_terminationG_0.smt2 : 104947 ms.
--------------------------------------------------
First to ismt, cur time 0 s.
ismt: sat (2 bits).
../../QF_NIA_split/QF_NIA_2_29//20170427-VeryMax/ITS/From_T2__opt-tree.c.t2__p6343_terminationG_0.smt2 : 5358 ms.
--------------------------------------------------
First to ismt, cur time 0 s.
ismt: sat (2 bits).
../../QF_NIA_split/QF_NIA_2_29//20170427-VeryMax/ITS/From_T2__opt-tree.c.t2__p6344_terminationG_0.smt2 : 8811 ms.
--------------------------------------------------
First to ismt, cur time 0 s.
ismt: sat (2 bits).
../../QF_NIA_split/QF_NIA_2_29//20170427-VeryMax/ITS/From_T2__opt-tree.c.t2__p6345_terminationG_0.smt2 : 181162 ms.
--------------------------------------------------
First to ismt, cur time 0 s.
ismt: sat (4 bits).
../../QF_NIA_split/QF_NIA_2_29//20170427-VeryMax/ITS/From_T2__opt-tree.c.t2__p6366_terminationG_0.smt2 : 129968 ms.
--------------------------------------------------
First to ismt, cur time 0 s.
ismt: sat (4 bits).
../../QF_NIA_split/QF_NIA_2_29//20170427-VeryMax/ITS/From_T2__opt-tree.c.t2__p6367_terminationG_0.smt2 : 46508 ms.
--------------------------------------------------
First to ismt, cur time 0 s.
ismt: sat (4 bits).
../../QF_NIA_split/QF_NIA_2_29//20170427-VeryMax/ITS/From_T2__opt-tree.c.t2__p6368_terminationG_0.smt2 : 361847 ms.
--------------------------------------------------
First to ismt, cur time 0 s.
Final to yices2, cur time 1081 s.
../../QF_NIA_split/QF_NIA_2_29//20170427-VeryMax/ITS/From_T2__opt-tree.c.t2__terminationS_0_0.smt2 : 1200420 ms.
--------------------------------------------------
First to ismt, cur time 0 s.
Final to yices2, cur time 1081 s.
final yices2: unsat
../../QF_NIA_split/QF_NIA_2_29//20170427-VeryMax/ITS/From_T2__opt-tree.c.t2__terminationS_1_0.smt2 : 1087038 ms.
--------------------------------------------------
First to ismt, cur time 0 s.
Final to yices2, cur time 1081 s.
../../QF_NIA_split/QF_NIA_2_29//20170427-VeryMax/ITS/From_T2__opt-tree.c.t2__terminationS_2_0.smt2 : 1200058 ms.
--------------------------------------------------
First to ismt, cur time 0 s.
