--------------------------------------------------
Number of variables: 336410
Number of clauses: 1932531
sat
real sat
../New_SAT_split/QF_NIA_2_17/20170427-VeryMax/ITS/From_T2__fun1b.t2_fixed__p562_terminationG_0.smt2 : 336038 ms.
--------------------------------------------------
Number of variables: 501240
Number of clauses: 2835981
sat
real sat
../New_SAT_split/QF_NIA_2_17/20170427-VeryMax/ITS/From_T2__fun1b.t2_fixed__p563_terminationG_0.smt2 : 875487 ms.
--------------------------------------------------
Number of variables: 208062
Number of clauses: 1225993
sat
real sat
../New_SAT_split/QF_NIA_2_17/20170427-VeryMax/ITS/From_T2__fun1b.t2_fixed__p569_terminationG_0.smt2 : 261567 ms.
--------------------------------------------------
Number of variables: 340756
Number of clauses: 1966321
sat
real sat
../New_SAT_split/QF_NIA_2_17/20170427-VeryMax/ITS/From_T2__fun1b.t2_fixed__p570_terminationG_0.smt2 : 1309448 ms.
--------------------------------------------------
Number of variables: 507990
Number of clauses: 2888445
../New_SAT_split/QF_NIA_2_17/20170427-VeryMax/ITS/From_T2__fun1b.t2_fixed__p571_terminationG_0.smt2 : 2401049 ms.
--------------------------------------------------
Number of variables: 354594
Number of clauses: 2066033
../New_SAT_split/QF_NIA_2_17/20170427-VeryMax/ITS/From_T2__fun1b.t2_fixed__p578_terminationG_0.smt2 : 2401078 ms.
--------------------------------------------------
Number of variables: 527338
Number of clauses: 3028628
../New_SAT_split/QF_NIA_2_17/20170427-VeryMax/ITS/From_T2__fun1b.t2_fixed__p579_terminationG_0.smt2 : 2401093 ms.
--------------------------------------------------
Number of variables: 13177
Number of clauses: 59203
sat
real sat
../New_SAT_split/QF_NIA_2_17/20170427-VeryMax/ITS/From_T2__fun4-alt.t2__p885_terminationG_0.smt2 : 1987 ms.
--------------------------------------------------
Number of variables: 12849
Number of clauses: 58246
sat
real sat
../New_SAT_split/QF_NIA_2_17/20170427-VeryMax/ITS/From_T2__fun4-alt.t2__p891_terminationG_0.smt2 : 896 ms.
--------------------------------------------------
Number of variables: 9006
Number of clauses: 40834
sat
real sat
../New_SAT_split/QF_NIA_2_17/20170427-VeryMax/ITS/From_T2__fun4-alt.t2__p896_terminationG_0.smt2 : 1313 ms.
--------------------------------------------------
Number of variables: 14900
Number of clauses: 68259
sat
real sat
../New_SAT_split/QF_NIA_2_17/20170427-VeryMax/ITS/From_T2__fun4-alt.t2__p897_terminationG_0.smt2 : 2666 ms.
--------------------------------------------------
Number of variables: 14588
Number of clauses: 67204
sat
real sat
../New_SAT_split/QF_NIA_2_17/20170427-VeryMax/ITS/From_T2__fun4-alt.t2__p909_terminationG_0.smt2 : 1357 ms.
--------------------------------------------------
Number of variables: 10317
Number of clauses: 47297
sat
real sat
../New_SAT_split/QF_NIA_2_17/20170427-VeryMax/ITS/From_T2__fun4-alt.t2__p915_terminationG_0.smt2 : 1967 ms.
--------------------------------------------------
Number of variables: 16563
Number of clauses: 76533
sat
real sat
../New_SAT_split/QF_NIA_2_17/20170427-VeryMax/ITS/From_T2__fun4-alt.t2__p916_terminationG_0.smt2 : 3259 ms.
--------------------------------------------------
Number of variables: 13177
Number of clauses: 59203
sat
real sat
../New_SAT_split/QF_NIA_2_17/20170427-VeryMax/ITS/From_T2__fun4.t2_fixed__p939_terminationG_0.smt2 : 3743 ms.
--------------------------------------------------
Number of variables: 21463
Number of clauses: 98325
sat
real sat
../New_SAT_split/QF_NIA_2_17/20170427-VeryMax/ITS/From_T2__fun4.t2_fixed__p947_terminationG_0.smt2 : 4437 ms.
--------------------------------------------------
Number of variables: 9006
Number of clauses: 40834
sat
real sat
../New_SAT_split/QF_NIA_2_17/20170427-VeryMax/ITS/From_T2__fun4.t2_fixed__p951_terminationG_0.smt2 : 1102 ms.
--------------------------------------------------
Number of variables: 14900
Number of clauses: 68259
sat
real sat
../New_SAT_split/QF_NIA_2_17/20170427-VeryMax/ITS/From_T2__fun4.t2_fixed__p952_terminationG_0.smt2 : 2664 ms.
--------------------------------------------------
Number of variables: 10317
Number of clauses: 47297
sat
real sat
../New_SAT_split/QF_NIA_2_17/20170427-VeryMax/ITS/From_T2__fun4.t2_fixed__p970_terminationG_0.smt2 : 1548 ms.
--------------------------------------------------
Number of variables: 16563
Number of clauses: 76533
sat
real sat
../New_SAT_split/QF_NIA_2_17/20170427-VeryMax/ITS/From_T2__fun4.t2_fixed__p971_terminationG_0.smt2 : 1804 ms.
--------------------------------------------------
Number of variables: 23046
Number of clauses: 106816
sat
real sat
../New_SAT_split/QF_NIA_2_17/20170427-VeryMax/ITS/From_T2__fun4.t2_fixed__p975_terminationG_0.smt2 : 900 ms.
--------------------------------------------------
Number of variables: 26307
Number of clauses: 119290
sat
real sat
../New_SAT_split/QF_NIA_2_17/20170427-VeryMax/ITS/From_T2__fun4.t2__p990_terminationG_0.smt2 : 10873 ms.
--------------------------------------------------
Number of variables: 277189
Number of clauses: 1256341
../New_SAT_split/QF_NIA_2_17/20170427-VeryMax/ITS/From_T2__fun5.t2_fixed__p1007_terminationG_0.smt2 : 2401185 ms.
--------------------------------------------------
Number of variables: 458594
Number of clauses: 2097528
sat
real sat
../New_SAT_split/QF_NIA_2_17/20170427-VeryMax/ITS/From_T2__fun5.t2__p1028_terminationG_0.smt2 : 428038 ms.
--------------------------------------------------
Number of variables: 59281
Number of clauses: 246553
sat
real sat
../New_SAT_split/QF_NIA_2_17/20170427-VeryMax/ITS/From_T2__fun6.t2_fixed__p1043_terminationG_0.smt2 : 6491 ms.
--------------------------------------------------
Number of variables: 139681
Number of clauses: 600972
sat
real sat
../New_SAT_split/QF_NIA_2_17/20170427-VeryMax/ITS/From_T2__fun6.t2_fixed__p1045_terminationG_0.smt2 : 96174 ms.
--------------------------------------------------
Number of variables: 253085
Number of clauses: 1115819
sat
real sat
../New_SAT_split/QF_NIA_2_17/20170427-VeryMax/ITS/From_T2__fun6.t2_fixed__p1046_terminationG_0.smt2 : 101338 ms.
--------------------------------------------------
Number of variables: 59603
Number of clauses: 247904
sat
real sat
../New_SAT_split/QF_NIA_2_17/20170427-VeryMax/ITS/From_T2__fun6.t2_fixed__p1051_terminationG_0.smt2 : 8498 ms.
--------------------------------------------------
Number of variables: 140136
Number of clauses: 603042
sat
real sat
../New_SAT_split/QF_NIA_2_17/20170427-VeryMax/ITS/From_T2__fun6.t2_fixed__p1052_terminationG_0.smt2 : 63827 ms.
--------------------------------------------------
Number of variables: 253694
Number of clauses: 1118762
sat
real sat
../New_SAT_split/QF_NIA_2_17/20170427-VeryMax/ITS/From_T2__fun6.t2_fixed__p1055_terminationG_0.smt2 : 200801 ms.
--------------------------------------------------
Number of variables: 91915
Number of clauses: 402841
sat
real sat
../New_SAT_split/QF_NIA_2_17/20170427-VeryMax/ITS/From_T2__fun6.t2_fixed__p1064_edge_closing_0.smt2 : 15492 ms.
--------------------------------------------------
Number of variables: 181880
Number of clauses: 804255
sat
real sat
../New_SAT_split/QF_NIA_2_17/20170427-VeryMax/ITS/From_T2__fun6.t2_fixed__p1065_edge_closing_0.smt2 : 89722 ms.
--------------------------------------------------
Number of variables: 305417
Number of clauses: 1370487
sat
real sat
../New_SAT_split/QF_NIA_2_17/20170427-VeryMax/ITS/From_T2__fun6.t2_fixed__p1066_edge_closing_0.smt2 : 2146856 ms.
--------------------------------------------------
Number of variables: 95523
Number of clauses: 425585
sat
real sat
../New_SAT_split/QF_NIA_2_17/20170427-VeryMax/ITS/From_T2__fun6.t2_fixed__p1071_edge_closing_0.smt2 : 25509 ms.
--------------------------------------------------
Number of variables: 183198
Number of clauses: 817198
sat
real sat
../New_SAT_split/QF_NIA_2_17/20170427-VeryMax/ITS/From_T2__fun6.t2_fixed__p1072_edge_closing_0.smt2 : 359165 ms.
--------------------------------------------------
Number of variables: 304396
Number of clauses: 1373163
sat
real sat
../New_SAT_split/QF_NIA_2_17/20170427-VeryMax/ITS/From_T2__fun6.t2_fixed__p1073_edge_closing_0.smt2 : 893261 ms.
--------------------------------------------------
Number of variables: 96902
Number of clauses: 428706
sat
real sat
../New_SAT_split/QF_NIA_2_17/20170427-VeryMax/ITS/From_T2__fun6.t2_fixed__p1074_edge_closing_0.smt2 : 7297 ms.
--------------------------------------------------
Number of variables: 187060
Number of clauses: 831327
sat
real sat
../New_SAT_split/QF_NIA_2_17/20170427-VeryMax/ITS/From_T2__fun6.t2_fixed__p1075_edge_closing_0.smt2 : 148005 ms.
--------------------------------------------------
Number of variables: 310837
Number of clauses: 1399099
sat
real sat
../New_SAT_split/QF_NIA_2_17/20170427-VeryMax/ITS/From_T2__fun6.t2_fixed__p1076_edge_closing_0.smt2 : 1354237 ms.
--------------------------------------------------
Number of variables: 56584
Number of clauses: 235162
sat
real sat
../New_SAT_split/QF_NIA_2_17/20170427-VeryMax/ITS/From_T2__fun6.t2__p1083_terminationG_0.smt2 : 7216 ms.
--------------------------------------------------
Number of variables: 133983
Number of clauses: 576201
sat
real sat
../New_SAT_split/QF_NIA_2_17/20170427-VeryMax/ITS/From_T2__fun6.t2__p1084_terminationG_0.smt2 : 17405 ms.
--------------------------------------------------
Number of variables: 243173
Number of clauses: 1071721
sat
real sat
../New_SAT_split/QF_NIA_2_17/20170427-VeryMax/ITS/From_T2__fun6.t2__p1085_terminationG_0.smt2 : 260298 ms.
--------------------------------------------------
Number of variables: 56906
Number of clauses: 236513
sat
real sat
../New_SAT_split/QF_NIA_2_17/20170427-VeryMax/ITS/From_T2__fun6.t2__p1091_terminationG_0.smt2 : 4643 ms.
--------------------------------------------------
Number of variables: 134438
Number of clauses: 578271
sat
real sat
../New_SAT_split/QF_NIA_2_17/20170427-VeryMax/ITS/From_T2__fun6.t2__p1092_terminationG_0.smt2 : 94089 ms.
--------------------------------------------------
Number of variables: 243782
Number of clauses: 1074664
sat
real sat
../New_SAT_split/QF_NIA_2_17/20170427-VeryMax/ITS/From_T2__fun6.t2__p1093_terminationG_0.smt2 : 200178 ms.
--------------------------------------------------
Number of variables: 79752
Number of clauses: 344586
sat
real sat
../New_SAT_split/QF_NIA_2_17/20170427-VeryMax/ITS/From_T2__fun6.t2__p1102_edge_closing_0.smt2 : 7125 ms.
--------------------------------------------------
Number of variables: 163827
Number of clauses: 719892
sat
real sat
../New_SAT_split/QF_NIA_2_17/20170427-VeryMax/ITS/From_T2__fun6.t2__p1103_edge_closing_0.smt2 : 149782 ms.
--------------------------------------------------
Number of variables: 280137
Number of clauses: 1253064
sat
real sat
../New_SAT_split/QF_NIA_2_17/20170427-VeryMax/ITS/From_T2__fun6.t2__p1105_edge_closing_0.smt2 : 433084 ms.
--------------------------------------------------
Number of variables: 54959
Number of clauses: 235186
sat
real sat
../New_SAT_split/QF_NIA_2_17/20170427-VeryMax/ITS/From_T2__fun7.t2_fixed__p1116_terminationG_0.smt2 : 41402 ms.
--------------------------------------------------
Number of variables: 95961
Number of clauses: 421172
sat
real sat
../New_SAT_split/QF_NIA_2_17/20170427-VeryMax/ITS/From_T2__fun7.t2_fixed__p1117_terminationG_0.smt2 : 74005 ms.
--------------------------------------------------
Number of variables: 154208
Number of clauses: 748736
sat
real sat
../New_SAT_split/QF_NIA_2_17/20170427-VeryMax/ITS/From_T2__fun7.t2_fixed__p1127_edge_closing_0.smt2 : 12642 ms.
--------------------------------------------------
Number of variables: 216168
Number of clauses: 1025404
sat
real sat
../New_SAT_split/QF_NIA_2_17/20170427-VeryMax/ITS/From_T2__fun7.t2_fixed__p1128_edge_closing_0.smt2 : 187122 ms.
--------------------------------------------------
Number of variables: 292354
Number of clauses: 1374040
sat
real sat
../New_SAT_split/QF_NIA_2_17/20170427-VeryMax/ITS/From_T2__fun7.t2_fixed__p1129_edge_closing_0.smt2 : 820566 ms.
--------------------------------------------------
Number of variables: 42692
Number of clauses: 182583
sat
real sat
../New_SAT_split/QF_NIA_2_17/20170427-VeryMax/ITS/From_T2__fun7.t2__p1141_terminationG_0.smt2 : 14726 ms.
--------------------------------------------------
Number of variables: 75570
Number of clauses: 331589
sat
real sat
../New_SAT_split/QF_NIA_2_17/20170427-VeryMax/ITS/From_T2__fun7.t2__p1142_terminationG_0.smt2 : 34481 ms.
--------------------------------------------------
Number of variables: 87804
Number of clauses: 381767
sat
real sat
../New_SAT_split/QF_NIA_2_17/20170427-VeryMax/ITS/From_T2__fun7.t2__p1151_terminationG_0.smt2 : 67963 ms.
--------------------------------------------------
Number of variables: 154140
Number of clauses: 684901
sat
real sat
../New_SAT_split/QF_NIA_2_17/20170427-VeryMax/ITS/From_T2__fun7.t2__p1152_terminationG_0.smt2 : 110007 ms.
--------------------------------------------------
Number of variables: 245352
Number of clauses: 1166144
sat
real sat
../New_SAT_split/QF_NIA_2_17/20170427-VeryMax/ITS/From_T2__fun7.t2__p1164_edge_closing_0.smt2 : 97645 ms.
--------------------------------------------------
Number of variables: 360587
Number of clauses: 1683214
sat
real sat
../New_SAT_split/QF_NIA_2_17/20170427-VeryMax/ITS/From_T2__fun7.t2__p1165_edge_closing_0.smt2 : 737631 ms.
--------------------------------------------------
Number of variables: 502386
Number of clauses: 2335224
sat
real sat
../New_SAT_split/QF_NIA_2_17/20170427-VeryMax/ITS/From_T2__fun7.t2__p1167_edge_closing_0.smt2 : 1373433 ms.
