--------------------------------------------------
Number of variables: 34510
Number of clauses: 168784
unsat in 2 bits.
Number of variables: 54530
Number of clauses: 273910
unsat in 4 bits.
Number of variables: 111366
Number of clauses: 590924
sat
real sat
../New_SAT_split/QF_NIA_2_13/20170427-VeryMax/ITS/From_AProVE_2014__mirrorInterv_rec.jar-obl-8__p10931_terminationG_0.smt2 : 71348 ms.
--------------------------------------------------
Number of variables: 53461
Number of clauses: 260420
unsat in 2 bits.
Number of variables: 87292
Number of clauses: 437453
unsat in 4 bits.
Number of variables: 186306
Number of clauses: 990880
sat
real sat
../New_SAT_split/QF_NIA_2_13/20170427-VeryMax/ITS/From_AProVE_2014__mirrorInterv_rec.jar-obl-8__p10932_terminationG_0.smt2 : 1189256 ms.
--------------------------------------------------
Number of variables: 37893
Number of clauses: 188966
unsat in 2 bits.
Number of variables: 58629
Number of clauses: 298599
unsat in 4 bits.
Number of variables: 116897
Number of clauses: 624636
sat
real sat
../New_SAT_split/QF_NIA_2_13/20170427-VeryMax/ITS/From_AProVE_2014__mirrorInterv_rec.jar-obl-8__p10936_terminationG_0.smt2 : 202962 ms.
--------------------------------------------------
Number of variables: 57256
Number of clauses: 283578
unsat in 2 bits.
Number of variables: 91859
Number of clauses: 465437
unsat in 4 bits.
Number of variables: 192401
Number of clauses: 1028404
sat
real sat
../New_SAT_split/QF_NIA_2_13/20170427-VeryMax/ITS/From_AProVE_2014__mirrorInterv_rec.jar-obl-8__p10937_terminationG_0.smt2 : 351525 ms.
--------------------------------------------------
Number of variables: 39670
Number of clauses: 198356
unsat in 2 bits.
Number of variables: 60610
Number of clauses: 309587
unsat in 4 bits.
Number of variables: 119286
Number of clauses: 638820
sat
real sat
../New_SAT_split/QF_NIA_2_13/20170427-VeryMax/ITS/From_AProVE_2014__mirrorInterv_rec.jar-obl-8__p10941_terminationG_0.smt2 : 262157 ms.
--------------------------------------------------
Number of variables: 59065
Number of clauses: 293224
unsat in 2 bits.
Number of variables: 93872
Number of clauses: 476681
unsat in 4 bits.
Number of variables: 194822
Number of clauses: 1042844
sat
real sat
../New_SAT_split/QF_NIA_2_13/20170427-VeryMax/ITS/From_AProVE_2014__mirrorInterv_rec.jar-obl-8__p10942_terminationG_0.smt2 : 1230703 ms.
--------------------------------------------------
Number of variables: 21343
Number of clauses: 99686
sat
real sat
../New_SAT_split/QF_NIA_2_13/20170427-VeryMax/ITS/From_AProVE_2014__mirrorInterv_rec.jar-obl-8__p10945_edge_closing_0.smt2 : 356 ms.
--------------------------------------------------
Number of variables: 38183
Number of clauses: 180030
sat
real sat
../New_SAT_split/QF_NIA_2_13/20170427-VeryMax/ITS/From_AProVE_2014__mirrorInterv_rec.jar-obl-8__p10946_edge_closing_0.smt2 : 692 ms.
--------------------------------------------------
Number of variables: 81872
Number of clauses: 431751
sat
real sat
../New_SAT_split/QF_NIA_2_13/20170427-VeryMax/ITS/From_AProVE_2014__mirrorInterv_rec.jar-obl-8__p10948_edge_closing_0.smt2 : 4598 ms.
--------------------------------------------------
Number of variables: 112298
Number of clauses: 584342
sat
real sat
../New_SAT_split/QF_NIA_2_13/20170427-VeryMax/ITS/From_AProVE_2014__mirrorInterv_rec.jar-obl-8__p10949_edge_closing_0.smt2 : 7963 ms.
--------------------------------------------------
Number of variables: 148226
Number of clauses: 766233
sat
real sat
../New_SAT_split/QF_NIA_2_13/20170427-VeryMax/ITS/From_AProVE_2014__mirrorInterv_rec.jar-obl-8__p10950_edge_closing_0.smt2 : 19804 ms.
--------------------------------------------------
Number of variables: 16733
Number of clauses: 79885
unsat in 2 bits.
Number of variables: 27599
Number of clauses: 136477
sat
real sat
../New_SAT_split/QF_NIA_2_13/20170427-VeryMax/ITS/From_AProVE_2014__mirrorInterv_rec.jar-obl-8__p10955_edge_closing_0.smt2 : 2979 ms.
--------------------------------------------------
Number of variables: 31717
Number of clauses: 152526
unsat in 2 bits.
Number of variables: 53249
Number of clauses: 264962
sat
real sat
../New_SAT_split/QF_NIA_2_13/20170427-VeryMax/ITS/From_AProVE_2014__mirrorInterv_rec.jar-obl-8__p10956_edge_closing_0.smt2 : 17159 ms.
--------------------------------------------------
Number of variables: 23773
Number of clauses: 121385
unsat in 2 bits.
Number of variables: 36278
Number of clauses: 188408
unsat in 4 bits.
Number of variables: 73568
Number of clauses: 400578
sat
real sat
../New_SAT_split/QF_NIA_2_13/20170427-VeryMax/ITS/From_AProVE_2014__mirrorIntervSim_rec.jar-obl-8__p10965_terminationG_0.smt2 : 6860 ms.
--------------------------------------------------
Number of variables: 12143
Number of clauses: 61963
unsat in 2 bits.
Number of variables: 18192
Number of clauses: 94450
unsat in 4 bits.
Number of variables: 35904
Number of clauses: 195080
sat
real sat
../New_SAT_split/QF_NIA_2_13/20170427-VeryMax/ITS/From_AProVE_2014__mirrorIntervSim_rec.jar-obl-8__p10970_terminationG_0.smt2 : 10447 ms.
--------------------------------------------------
Number of variables: 9094
Number of clauses: 46212
unsat in 2 bits.
Number of variables: 13473
Number of clauses: 69853
unsat in 4 bits.
Number of variables: 26319
Number of clauses: 143084
sat
real sat
../New_SAT_split/QF_NIA_2_13/20170427-VeryMax/ITS/From_AProVE_2014__mirrorIntervSim_rec.jar-obl-8__p10987_edge_closing_0.smt2 : 10074 ms.
--------------------------------------------------
Number of variables: 23392
Number of clauses: 110315
unsat in 2 bits.
Number of variables: 37962
Number of clauses: 184807
unsat in 4 bits.
Number of variables: 78266
Number of clauses: 404629
sat
real sat
../New_SAT_split/QF_NIA_2_13/20170427-VeryMax/ITS/From_AProVE_2014__narrowing_rec.jar-obl-8__p11055_terminationG_0.smt2 : 11858 ms.
--------------------------------------------------
Number of variables: 54015
Number of clauses: 255823
unsat in 2 bits.
Number of variables: 89453
Number of clauses: 440440
unsat in 4 bits.
Number of variables: 191623
Number of clauses: 1007972
sat
real sat
../New_SAT_split/QF_NIA_2_13/20170427-VeryMax/ITS/From_AProVE_2014__narrowing_rec.jar-obl-8__p11056_terminationG_0.smt2 : 16610 ms.
--------------------------------------------------
Number of variables: 97758
Number of clauses: 466726
unsat in 2 bits.
Number of variables: 163070
Number of clauses: 809541
unsat in 4 bits.
Number of variables: 354250
Number of clauses: 1878863
sat
real sat
../New_SAT_split/QF_NIA_2_13/20170427-VeryMax/ITS/From_AProVE_2014__narrowing_rec.jar-obl-8__p11057_terminationG_0.smt2 : 28305 ms.
--------------------------------------------------
Number of variables: 23838
Number of clauses: 112608
unsat in 2 bits.
Number of variables: 38672
Number of clauses: 188450
unsat in 4 bits.
Number of variables: 79504
Number of clauses: 410972
sat
real sat
../New_SAT_split/QF_NIA_2_13/20170427-VeryMax/ITS/From_AProVE_2014__narrowing_rec.jar-obl-8__p11059_terminationG_0.smt2 : 19094 ms.
--------------------------------------------------
Number of variables: 54627
Number of clauses: 259021
unsat in 2 bits.
Number of variables: 90419
Number of clauses: 445498
unsat in 4 bits.
Number of variables: 193297
Number of clauses: 1016750
sat
real sat
../New_SAT_split/QF_NIA_2_13/20170427-VeryMax/ITS/From_AProVE_2014__narrowing_rec.jar-obl-8__p11061_terminationG_0.smt2 : 358583 ms.
--------------------------------------------------
Number of variables: 98536
Number of clauses: 470829
unsat in 2 bits.
Number of variables: 164292
Number of clauses: 816014
unsat in 4 bits.
Number of variables: 356360
Number of clauses: 1890076
sat
real sat
../New_SAT_split/QF_NIA_2_13/20170427-VeryMax/ITS/From_AProVE_2014__narrowing_rec.jar-obl-8__p11062_terminationG_0.smt2 : 2008749 ms.
--------------------------------------------------
Number of variables: 43372
Number of clauses: 204255
sat
real sat
../New_SAT_split/QF_NIA_2_13/20170427-VeryMax/ITS/From_AProVE_2014__narrowing_rec.jar-obl-8__p11070_edge_closing_0.smt2 : 1432 ms.
--------------------------------------------------
Number of variables: 83149
Number of clauses: 396203
sat
real sat
../New_SAT_split/QF_NIA_2_13/20170427-VeryMax/ITS/From_AProVE_2014__narrowing_rec.jar-obl-8__p11071_edge_closing_0.smt2 : 19203 ms.
--------------------------------------------------
Number of variables: 80612
Number of clauses: 372270
sat
real sat
../New_SAT_split/QF_NIA_2_13/20170427-VeryMax/ITS/From_AProVE_2014__narrowing_rec.jar-obl-8__p11075_edge_closing_0.smt2 : 1194 ms.
--------------------------------------------------
Number of variables: 37866
Number of clauses: 179628
sat
real sat
../New_SAT_split/QF_NIA_2_13/20170427-VeryMax/ITS/From_AProVE_2014__narrowing_rec.jar-obl-8__p11077_edge_closing_0.smt2 : 4274 ms.
--------------------------------------------------
Number of variables: 75179
Number of clauses: 360371
sat
real sat
../New_SAT_split/QF_NIA_2_13/20170427-VeryMax/ITS/From_AProVE_2014__narrowing_rec.jar-obl-8__p11078_edge_closing_0.smt2 : 22452 ms.
--------------------------------------------------
Number of variables: 9092
Number of clauses: 41844
sat
real sat
../New_SAT_split/QF_NIA_2_13/20170427-VeryMax/ITS/From_AProVE_2014__NestedLoop.jar-obl-10__p11151_terminationG_0.smt2 : 183 ms.
--------------------------------------------------
Number of variables: 15163
Number of clauses: 70474
sat
real sat
../New_SAT_split/QF_NIA_2_13/20170427-VeryMax/ITS/From_AProVE_2014__NestedLoop.jar-obl-10__p11152_terminationG_0.smt2 : 232 ms.
--------------------------------------------------
Number of variables: 15723
Number of clauses: 72002
unsat in 2 bits.
Number of variables: 27477
Number of clauses: 132108
sat
real sat
../New_SAT_split/QF_NIA_2_13/20170427-VeryMax/ITS/From_AProVE_2014__NO_05.jar-obl-9__p11200_terminationG_0.smt2 : 6768 ms.
--------------------------------------------------
Number of variables: 28089
Number of clauses: 130433
unsat in 2 bits.
Number of variables: 49762
Number of clauses: 241730
sat
real sat
../New_SAT_split/QF_NIA_2_13/20170427-VeryMax/ITS/From_AProVE_2014__NO_05.jar-obl-9__p11201_terminationG_0.smt2 : 12733 ms.
--------------------------------------------------
Number of variables: 7985
Number of clauses: 35608
unsat in 2 bits.
Number of variables: 14625
Number of clauses: 69694
unsat in 4 bits.
Number of variables: 35817
Number of clauses: 188226
sat
real sat
../New_SAT_split/QF_NIA_2_13/20170427-VeryMax/ITS/From_AProVE_2014__NO_05.jar-obl-9__p11225_edge_closing_0.smt2 : 6741 ms.
--------------------------------------------------
Number of variables: 14372
Number of clauses: 65499
unsat in 2 bits.
Number of variables: 26469
Number of clauses: 128000
unsat in 4 bits.
Number of variables: 65223
Number of clauses: 345838
sat
real sat
../New_SAT_split/QF_NIA_2_13/20170427-VeryMax/ITS/From_AProVE_2014__NO_05.jar-obl-9__p11226_edge_closing_0.smt2 : 16595 ms.
--------------------------------------------------
Number of variables: 10780
Number of clauses: 48713
unsat in 2 bits.
Number of variables: 20202
Number of clauses: 97321
unsat in 4 bits.
Number of variables: 50652
Number of clauses: 268331
sat
real sat
../New_SAT_split/QF_NIA_2_13/20170427-VeryMax/ITS/From_AProVE_2014__NO_05.jar-obl-9__p11237_edge_closing_0.smt2 : 5811 ms.
--------------------------------------------------
Number of variables: 19914
Number of clauses: 91951
unsat in 2 bits.
Number of variables: 37307
Number of clauses: 182264
unsat in 4 bits.
Number of variables: 93521
Number of clauses: 499353
sat
real sat
../New_SAT_split/QF_NIA_2_13/20170427-VeryMax/ITS/From_AProVE_2014__NO_05.jar-obl-9__p11238_edge_closing_0.smt2 : 60556 ms.
--------------------------------------------------
Number of variables: 9582
Number of clauses: 43118
unsat in 2 bits.
Number of variables: 17410
Number of clauses: 83390
unsat in 4 bits.
Number of variables: 42378
Number of clauses: 223206
sat
real sat
../New_SAT_split/QF_NIA_2_13/20170427-VeryMax/ITS/From_AProVE_2014__NO_05.jar-obl-9__p11249_edge_closing_0.smt2 : 8904 ms.
--------------------------------------------------
Number of variables: 18072
Number of clauses: 83056
unsat in 2 bits.
Number of variables: 33055
Number of clauses: 160581
unsat in 4 bits.
Number of variables: 81025
Number of clauses: 430427
sat
real sat
../New_SAT_split/QF_NIA_2_13/20170427-VeryMax/ITS/From_AProVE_2014__NO_05.jar-obl-9__p11250_edge_closing_0.smt2 : 15871 ms.
--------------------------------------------------
Number of variables: 12376
Number of clauses: 56221
unsat in 2 bits.
Number of variables: 22986
Number of clauses: 111015
unsat in 4 bits.
Number of variables: 57212
Number of clauses: 303309
sat
real sat
../New_SAT_split/QF_NIA_2_13/20170427-VeryMax/ITS/From_AProVE_2014__NO_05.jar-obl-9__p11261_edge_closing_0.smt2 : 28249 ms.
--------------------------------------------------
Number of variables: 23613
Number of clauses: 109506
unsat in 2 bits.
Number of variables: 43892
Number of clauses: 214843
unsat in 4 bits.
Number of variables: 109322
Number of clauses: 583940
sat
real sat
../New_SAT_split/QF_NIA_2_13/20170427-VeryMax/ITS/From_AProVE_2014__NO_05.jar-obl-9__p11262_edge_closing_0.smt2 : 55146 ms.
--------------------------------------------------
Number of variables: 10461
Number of clauses: 48212
sat
real sat
../New_SAT_split/QF_NIA_2_13/20170427-VeryMax/ITS/From_AProVE_2014__NO_11.jar-obl-8__p11355_edge_closing_0.smt2 : 177 ms.
--------------------------------------------------
Number of variables: 5898
Number of clauses: 27957
unsat in 2 bits.
Number of variables: 9592
Number of clauses: 47213
unsat in 4 bits.
Number of variables: 20438
Number of clauses: 107557
sat
real sat
../New_SAT_split/QF_NIA_2_13/20170427-VeryMax/ITS/From_AProVE_2014__NO_13.jar-obl-8__p11427_edge_closing_0.smt2 : 6723 ms.
--------------------------------------------------
Number of variables: 9817
Number of clauses: 47056
unsat in 2 bits.
Number of variables: 16308
Number of clauses: 80889
unsat in 4 bits.
Number of variables: 35758
Number of clauses: 189451
sat
real sat
../New_SAT_split/QF_NIA_2_13/20170427-VeryMax/ITS/From_AProVE_2014__NO_13.jar-obl-8__p11428_edge_closing_0.smt2 : 29365 ms.
--------------------------------------------------
Number of variables: 5407
Number of clauses: 25622
unsat in 2 bits.
Number of variables: 8685
Number of clauses: 42724
unsat in 4 bits.
Number of variables: 18267
Number of clauses: 95992
sat
real sat
../New_SAT_split/QF_NIA_2_13/20170427-VeryMax/ITS/From_AProVE_2014__NO_13.jar-obl-8__p11433_edge_closing_0.smt2 : 11004 ms.
--------------------------------------------------
Number of variables: 9093
Number of clauses: 43627
unsat in 2 bits.
Number of variables: 14978
Number of clauses: 74342
unsat in 4 bits.
Number of variables: 32564
Number of clauses: 172500
sat
real sat
../New_SAT_split/QF_NIA_2_13/20170427-VeryMax/ITS/From_AProVE_2014__NO_13.jar-obl-8__p11434_edge_closing_0.smt2 : 97463 ms.
--------------------------------------------------
Number of variables: 8181
Number of clauses: 39431
unsat in 2 bits.
Number of variables: 13255
Number of clauses: 66041
unsat in 4 bits.
Number of variables: 28199
Number of clauses: 149525
sat
real sat
../New_SAT_split/QF_NIA_2_13/20170427-VeryMax/ITS/From_AProVE_2014__NO_13.jar-obl-8__p11445_edge_closing_0.smt2 : 8879 ms.
--------------------------------------------------
Number of variables: 14665
Number of clauses: 71400
unsat in 2 bits.
Number of variables: 24344
Number of clauses: 122129
unsat in 4 bits.
Number of variables: 53468
Number of clauses: 285319
sat
real sat
../New_SAT_split/QF_NIA_2_13/20170427-VeryMax/ITS/From_AProVE_2014__NO_13.jar-obl-8__p11446_edge_closing_0.smt2 : 47757 ms.
--------------------------------------------------
Number of variables: 7893
Number of clauses: 38184
unsat in 2 bits.
Number of variables: 12613
Number of clauses: 62944
unsat in 4 bits.
Number of variables: 26421
Number of clauses: 139976
sat
real sat
../New_SAT_split/QF_NIA_2_13/20170427-VeryMax/ITS/From_AProVE_2014__NO_13.jar-obl-8__p11451_edge_closing_0.smt2 : 74404 ms.
--------------------------------------------------
Number of variables: 14262
Number of clauses: 69765
unsat in 2 bits.
Number of variables: 23427
Number of clauses: 117850
unsat in 4 bits.
Number of variables: 50875
Number of clauses: 271600
sat
real sat
../New_SAT_split/QF_NIA_2_13/20170427-VeryMax/ITS/From_AProVE_2014__NO_13.jar-obl-8__p11452_edge_closing_0.smt2 : 105761 ms.
--------------------------------------------------
Number of variables: 4386
Number of clauses: 20744
unsat in 2 bits.
Number of variables: 7468
Number of clauses: 36684
unsat in 4 bits.
Number of variables: 17128
Number of clauses: 90672
sat
real sat
../New_SAT_split/QF_NIA_2_13/20170427-VeryMax/ITS/From_AProVE_2014__NO_22.jar-obl-8__p11485_edge_closing_0.smt2 : 3787 ms.
--------------------------------------------------
Number of variables: 8275
Number of clauses: 39768
unsat in 2 bits.
Number of variables: 14514
Number of clauses: 72075
unsat in 4 bits.
Number of variables: 34414
Number of clauses: 183699
sat
real sat
../New_SAT_split/QF_NIA_2_13/20170427-VeryMax/ITS/From_AProVE_2014__NO_22.jar-obl-8__p11487_edge_closing_0.smt2 : 176586 ms.
--------------------------------------------------
Number of variables: 8017
Number of clauses: 35956
sat
real sat
../New_SAT_split/QF_NIA_2_13/20170427-VeryMax/ITS/From_AProVE_2014__NO_24.jar-obl-8__p11514_edge_closing_0.smt2 : 336 ms.
--------------------------------------------------
Number of variables: 13815
Number of clauses: 64618
sat
real sat
../New_SAT_split/QF_NIA_2_13/20170427-VeryMax/ITS/From_AProVE_2014__NonPeriodicNonterm2.jar-obl-8__p11549_edge_closing_0.smt2 : 1325 ms.
--------------------------------------------------
Number of variables: 51493
Number of clauses: 238164
sat
real sat
../New_SAT_split/QF_NIA_2_13/20170427-VeryMax/ITS/From_AProVE_2014__Norm.jar-obl-9__p11556_terminationG_0.smt2 : 876 ms.
--------------------------------------------------
Number of variables: 98056
Number of clauses: 456110
sat
real sat
../New_SAT_split/QF_NIA_2_13/20170427-VeryMax/ITS/From_AProVE_2014__Norm.jar-obl-9__p11557_terminationG_0.smt2 : 6278 ms.
--------------------------------------------------
Number of variables: 160189
Number of clauses: 750828
sat
real sat
../New_SAT_split/QF_NIA_2_13/20170427-VeryMax/ITS/From_AProVE_2014__Norm.jar-obl-9__p11558_terminationG_0.smt2 : 9329 ms.
--------------------------------------------------
Number of variables: 51431
Number of clauses: 237974
sat
real sat
../New_SAT_split/QF_NIA_2_13/20170427-VeryMax/ITS/From_AProVE_2014__Norm.jar-obl-9__p11571_terminationG_0.smt2 : 4411 ms.
--------------------------------------------------
Number of variables: 97994
Number of clauses: 455920
sat
real sat
../New_SAT_split/QF_NIA_2_13/20170427-VeryMax/ITS/From_AProVE_2014__Norm.jar-obl-9__p11572_terminationG_0.smt2 : 9993 ms.
--------------------------------------------------
Number of variables: 160127
Number of clauses: 750638
sat
real sat
../New_SAT_split/QF_NIA_2_13/20170427-VeryMax/ITS/From_AProVE_2014__Norm.jar-obl-9__p11573_terminationG_0.smt2 : 12712 ms.
--------------------------------------------------
Number of variables: 8949
Number of clauses: 40855
sat
real sat
../New_SAT_split/QF_NIA_2_13/20170427-VeryMax/ITS/From_AProVE_2014__PastaA10.jar-obl-8__p11616_terminationG_0.smt2 : 122 ms.
--------------------------------------------------
Number of variables: 7859
Number of clauses: 36466
sat
real sat
../New_SAT_split/QF_NIA_2_13/20170427-VeryMax/ITS/From_AProVE_2014__PastaA5.jar-obl-8__p11633_terminationG_0.smt2 : 107 ms.
--------------------------------------------------
Number of variables: 21903
Number of clauses: 103250
sat
real sat
../New_SAT_split/QF_NIA_2_13/20170427-VeryMax/ITS/From_AProVE_2014__PastaB11.jar-obl-8__p11667_terminationG_0.smt2 : 344 ms.
--------------------------------------------------
Number of variables: 38110
Number of clauses: 180939
sat
real sat
../New_SAT_split/QF_NIA_2_13/20170427-VeryMax/ITS/From_AProVE_2014__PastaB11.jar-obl-8__p11668_terminationG_0.smt2 : 567 ms.
--------------------------------------------------
Number of variables: 18441
Number of clauses: 86377
sat
real sat
../New_SAT_split/QF_NIA_2_13/20170427-VeryMax/ITS/From_AProVE_2014__PastaC10.jar-obl-8__p11737_terminationG_0.smt2 : 282 ms.
--------------------------------------------------
Number of variables: 48553
Number of clauses: 229624
sat
real sat
../New_SAT_split/QF_NIA_2_13/20170427-VeryMax/ITS/From_AProVE_2014__Power.jar-obl-10__p11781_terminationG_0.smt2 : 856 ms.
--------------------------------------------------
Number of variables: 95892
Number of clauses: 453054
sat
real sat
../New_SAT_split/QF_NIA_2_13/20170427-VeryMax/ITS/From_AProVE_2014__Power.jar-obl-10__p11782_terminationG_0.smt2 : 7901 ms.
--------------------------------------------------
Number of variables: 160110
Number of clauses: 760529
sat
real sat
../New_SAT_split/QF_NIA_2_13/20170427-VeryMax/ITS/From_AProVE_2014__Power.jar-obl-10__p11783_terminationG_0.smt2 : 10731 ms.
--------------------------------------------------
Number of variables: 52468
Number of clauses: 251849
sat
real sat
../New_SAT_split/QF_NIA_2_13/20170427-VeryMax/ITS/From_AProVE_2014__Power.jar-obl-10__p11786_terminationG_0.smt2 : 800 ms.
--------------------------------------------------
Number of variables: 101205
Number of clauses: 483723
sat
real sat
../New_SAT_split/QF_NIA_2_13/20170427-VeryMax/ITS/From_AProVE_2014__Power.jar-obl-10__p11787_terminationG_0.smt2 : 10931 ms.
--------------------------------------------------
Number of variables: 166893
Number of clauses: 800218
sat
real sat
../New_SAT_split/QF_NIA_2_13/20170427-VeryMax/ITS/From_AProVE_2014__Power.jar-obl-10__p11788_terminationG_0.smt2 : 11393 ms.
--------------------------------------------------
Number of variables: 101259
Number of clauses: 483804
sat
real sat
../New_SAT_split/QF_NIA_2_13/20170427-VeryMax/ITS/From_AProVE_2014__Power.jar-obl-10__p11792_terminationG_0.smt2 : 20133 ms.
--------------------------------------------------
Number of variables: 166954
Number of clauses: 800310
sat
real sat
../New_SAT_split/QF_NIA_2_13/20170427-VeryMax/ITS/From_AProVE_2014__Power.jar-obl-10__p11793_terminationG_0.smt2 : 170643 ms.
--------------------------------------------------
Number of variables: 62530
Number of clauses: 300798
sat
real sat
../New_SAT_split/QF_NIA_2_13/20170427-VeryMax/ITS/From_AProVE_2014__Power.jar-obl-10__p11796_terminationG_0.smt2 : 1737 ms.
--------------------------------------------------
Number of variables: 120269
Number of clauses: 575793
sat
real sat
../New_SAT_split/QF_NIA_2_13/20170427-VeryMax/ITS/From_AProVE_2014__Power.jar-obl-10__p11797_terminationG_0.smt2 : 17131 ms.
--------------------------------------------------
Number of variables: 198063
Number of clauses: 950961
sat
real sat
../New_SAT_split/QF_NIA_2_13/20170427-VeryMax/ITS/From_AProVE_2014__Power.jar-obl-10__p11798_terminationG_0.smt2 : 196446 ms.
--------------------------------------------------
Number of variables: 105822
Number of clauses: 485335
sat
real sat
../New_SAT_split/QF_NIA_2_13/20170427-VeryMax/ITS/From_AProVE_2014__RandomHard.jar-obl-10__p11826_terminationG_0.smt2 : 560 ms.
--------------------------------------------------
Number of variables: 191214
Number of clauses: 890778
sat
real sat
../New_SAT_split/QF_NIA_2_13/20170427-VeryMax/ITS/From_AProVE_2014__RandomHard.jar-obl-10__p11827_terminationG_0.smt2 : 3358 ms.
--------------------------------------------------
Number of variables: 22624
Number of clauses: 110656
sat
real sat
../New_SAT_split/QF_NIA_2_13/20170427-VeryMax/ITS/From_AProVE_2014__RandomHard.jar-obl-10__p11831_safety_0.smt2 : 2496 ms.
--------------------------------------------------
Number of variables: 40336
Number of clauses: 197799
sat
real sat
../New_SAT_split/QF_NIA_2_13/20170427-VeryMax/ITS/From_AProVE_2014__RandomHard.jar-obl-10__p11832_safety_0.smt2 : 5258 ms.
--------------------------------------------------
Number of variables: 24072
Number of clauses: 119719
sat
real sat
../New_SAT_split/QF_NIA_2_13/20170427-VeryMax/ITS/From_AProVE_2014__RandomHard.jar-obl-10__p11834_safety_0.smt2 : 2465 ms.
--------------------------------------------------
Number of variables: 42539
Number of clauses: 211457
sat
real sat
../New_SAT_split/QF_NIA_2_13/20170427-VeryMax/ITS/From_AProVE_2014__RandomHard.jar-obl-10__p11835_safety_0.smt2 : 5645 ms.
--------------------------------------------------
Number of variables: 25285
Number of clauses: 127574
sat
real sat
../New_SAT_split/QF_NIA_2_13/20170427-VeryMax/ITS/From_AProVE_2014__RandomHard.jar-obl-10__p11837_safety_0.smt2 : 1950 ms.
--------------------------------------------------
Number of variables: 44292
Number of clauses: 222925
sat
real sat
../New_SAT_split/QF_NIA_2_13/20170427-VeryMax/ITS/From_AProVE_2014__RandomHard.jar-obl-10__p11838_safety_0.smt2 : 4393 ms.
--------------------------------------------------
Number of variables: 26961
Number of clauses: 138261
sat
real sat
../New_SAT_split/QF_NIA_2_13/20170427-VeryMax/ITS/From_AProVE_2014__RandomHard.jar-obl-10__p11840_safety_0.smt2 : 6626 ms.
--------------------------------------------------
Number of variables: 46723
Number of clauses: 238590
sat
real sat
../New_SAT_split/QF_NIA_2_13/20170427-VeryMax/ITS/From_AProVE_2014__RandomHard.jar-obl-10__p11841_safety_0.smt2 : 5782 ms.
--------------------------------------------------
Number of variables: 110300
Number of clauses: 513015
sat
real sat
../New_SAT_split/QF_NIA_2_13/20170427-VeryMax/ITS/From_AProVE_2014__RandomHard.jar-obl-10__p11845_terminationG_0.smt2 : 24404 ms.
--------------------------------------------------
Number of variables: 197063
Number of clauses: 927534
sat
real sat
../New_SAT_split/QF_NIA_2_13/20170427-VeryMax/ITS/From_AProVE_2014__RandomHard.jar-obl-10__p11846_terminationG_0.smt2 : 356485 ms.
--------------------------------------------------
Number of variables: 114586
Number of clauses: 535976
sat
real sat
../New_SAT_split/QF_NIA_2_13/20170427-VeryMax/ITS/From_AProVE_2014__RandomHard.jar-obl-10__p11850_terminationG_0.smt2 : 33002 ms.
--------------------------------------------------
Number of variables: 202193
Number of clauses: 955291
sat
real sat
../New_SAT_split/QF_NIA_2_13/20170427-VeryMax/ITS/From_AProVE_2014__RandomHard.jar-obl-10__p11851_terminationG_0.smt2 : 789288 ms.
--------------------------------------------------
Number of variables: 11091
Number of clauses: 52493
sat
real sat
../New_SAT_split/QF_NIA_2_13/20170427-VeryMax/ITS/From_AProVE_2014__Round3.jar-obl-8__p11884_terminationG_0.smt2 : 818 ms.
--------------------------------------------------
Number of variables: 99227
Number of clauses: 520828
unsat in 2 bits.
Number of variables: 128905
Number of clauses: 688730
unsat in 4 bits.
Number of variables: 200941
Number of clauses: 1104858
sat
real sat
../New_SAT_split/QF_NIA_2_13/20170427-VeryMax/ITS/From_AProVE_2014__RSA.jar-obl-17__p11914_terminationG_0.smt2 : 95850 ms.
--------------------------------------------------
Number of variables: 176255
Number of clauses: 929015
unsat in 2 bits.
Number of variables: 229327
Number of clauses: 1230915
unsat in 4 bits.
Number of variables: 359015
Number of clauses: 1983827
sat
real sat
../New_SAT_split/QF_NIA_2_13/20170427-VeryMax/ITS/From_AProVE_2014__RSA.jar-obl-17__p11915_terminationG_0.smt2 : 200440 ms.
--------------------------------------------------
Number of variables: 42907
Number of clauses: 224116
unsat in 2 bits.
Number of variables: 55831
Number of clauses: 296172
unsat in 4 bits.
Number of variables: 86511
Number of clauses: 470904
sat
real sat
../New_SAT_split/QF_NIA_2_13/20170427-VeryMax/ITS/From_AProVE_2014__RSA.jar-obl-17__p11918_terminationG_0.smt2 : 55318 ms.
--------------------------------------------------
Number of variables: 99987
Number of clauses: 524964
unsat in 2 bits.
Number of variables: 130039
Number of clauses: 695010
unsat in 4 bits.
Number of variables: 202823
Number of clauses: 1115426
sat
real sat
../New_SAT_split/QF_NIA_2_13/20170427-VeryMax/ITS/From_AProVE_2014__RSA.jar-obl-17__p11919_terminationG_0.smt2 : 1396619 ms.
--------------------------------------------------
Number of variables: 177195
Number of clauses: 934150
unsat in 2 bits.
Number of variables: 230727
Number of clauses: 1238704
unsat in 4 bits.
Number of variables: 361335
Number of clauses: 1996924
../New_SAT_split/QF_NIA_2_13/20170427-VeryMax/ITS/From_AProVE_2014__RSA.jar-obl-17__p11920_terminationG_0.smt2 : 2401042 ms.
--------------------------------------------------
Number of variables: 17926
Number of clauses: 80564
sat
real sat
../New_SAT_split/QF_NIA_2_13/20170427-VeryMax/ITS/From_AProVE_2014__Samefringe.jar-obl-10__p11956_terminationG_0.smt2 : 243 ms.
--------------------------------------------------
Number of variables: 11040
Number of clauses: 50619
sat
real sat
../New_SAT_split/QF_NIA_2_13/20170427-VeryMax/ITS/From_AProVE_2014__Samefringe.jar-obl-10__p11981_edge_closing_0.smt2 : 194 ms.
--------------------------------------------------
Number of variables: 17131
Number of clauses: 79091
sat
real sat
../New_SAT_split/QF_NIA_2_13/20170427-VeryMax/ITS/From_AProVE_2014__Samefringe.jar-obl-10__p11982_edge_closing_0.smt2 : 406 ms.
--------------------------------------------------
Number of variables: 40943
Number of clauses: 190071
unsat in 2 bits.
Number of variables: 75814
Number of clauses: 370932
sat
real sat
../New_SAT_split/QF_NIA_2_13/20170427-VeryMax/ITS/From_AProVE_2014__SharingPair.jar-obl-8__p12024_edge_closing_0.smt2 : 42578 ms.
--------------------------------------------------
Number of variables: 26101
Number of clauses: 119528
unsat in 2 bits.
Number of variables: 48525
Number of clauses: 234874
sat
real sat
../New_SAT_split/QF_NIA_2_13/20170427-VeryMax/ITS/From_AProVE_2014__SharingPair.jar-obl-8__p12026_edge_closing_0.smt2 : 4394 ms.
--------------------------------------------------
Number of variables: 24943
Number of clauses: 114542
unsat in 2 bits.
Number of variables: 46383
Number of clauses: 224936
sat
real sat
../New_SAT_split/QF_NIA_2_13/20170427-VeryMax/ITS/From_AProVE_2014__SharingPair.jar-obl-8__p12029_edge_closing_0.smt2 : 6908 ms.
--------------------------------------------------
Number of variables: 39183
Number of clauses: 182335
unsat in 2 bits.
Number of variables: 72588
Number of clauses: 355762
sat
real sat
../New_SAT_split/QF_NIA_2_13/20170427-VeryMax/ITS/From_AProVE_2014__SharingPair.jar-obl-8__p12030_edge_closing_0.smt2 : 5226 ms.
--------------------------------------------------
Number of variables: 23702
Number of clauses: 109072
unsat in 2 bits.
Number of variables: 44118
Number of clauses: 214298
sat
real sat
../New_SAT_split/QF_NIA_2_13/20170427-VeryMax/ITS/From_AProVE_2014__SharingPair.jar-obl-8__p12035_edge_closing_0.smt2 : 692 ms.
--------------------------------------------------
Number of variables: 37334
Number of clauses: 174067
unsat in 2 bits.
Number of variables: 69233
Number of clauses: 339844
sat
real sat
../New_SAT_split/QF_NIA_2_13/20170427-VeryMax/ITS/From_AProVE_2014__SharingPair.jar-obl-8__p12036_edge_closing_0.smt2 : 5510 ms.
--------------------------------------------------
Number of variables: 19845
Number of clauses: 95443
sat
real sat
../New_SAT_split/QF_NIA_2_13/20170427-VeryMax/ITS/From_AProVE_2014__Shuffle.jar-obl-10__p12053_terminationG_0.smt2 : 251 ms.
--------------------------------------------------
Number of variables: 43857
Number of clauses: 216017
sat
real sat
../New_SAT_split/QF_NIA_2_13/20170427-VeryMax/ITS/From_AProVE_2014__SortCount.jar-obl-10__p12085_terminationG_0.smt2 : 4307 ms.
--------------------------------------------------
Number of variables: 70611
Number of clauses: 347035
sat
real sat
../New_SAT_split/QF_NIA_2_13/20170427-VeryMax/ITS/From_AProVE_2014__SortCount.jar-obl-10__p12086_terminationG_0.smt2 : 5255 ms.
--------------------------------------------------
Number of variables: 29710
Number of clauses: 146956
sat
real sat
../New_SAT_split/QF_NIA_2_13/20170427-VeryMax/ITS/From_AProVE_2014__SortCount.jar-obl-10__p12090_terminationG_0.smt2 : 3020 ms.
--------------------------------------------------
Number of variables: 52502
Number of clauses: 260080
sat
real sat
../New_SAT_split/QF_NIA_2_13/20170427-VeryMax/ITS/From_AProVE_2014__SortCount.jar-obl-10__p12091_terminationG_0.smt2 : 31396 ms.
--------------------------------------------------
Number of variables: 46429
Number of clauses: 239157
sat
real sat
../New_SAT_split/QF_NIA_2_13/20170427-VeryMax/ITS/From_AProVE_2014__SortCount.jar-obl-10__p12094_terminationG_0.smt2 : 2993 ms.
--------------------------------------------------
Number of variables: 86045
Number of clauses: 435932
sat
real sat
../New_SAT_split/QF_NIA_2_13/20170427-VeryMax/ITS/From_AProVE_2014__SortCount.jar-obl-10__p12095_terminationG_0.smt2 : 5602 ms.
--------------------------------------------------
Number of variables: 138977
Number of clauses: 699935
sat
real sat
../New_SAT_split/QF_NIA_2_13/20170427-VeryMax/ITS/From_AProVE_2014__SortCount.jar-obl-10__p12096_terminationG_0.smt2 : 26083 ms.
--------------------------------------------------
Number of variables: 47616
Number of clauses: 239158
sat
real sat
../New_SAT_split/QF_NIA_2_13/20170427-VeryMax/ITS/From_AProVE_2014__SortCount.jar-obl-10__p12100_terminationG_0.smt2 : 20936 ms.
--------------------------------------------------
Number of variables: 75471
Number of clauses: 377351
sat
real sat
../New_SAT_split/QF_NIA_2_13/20170427-VeryMax/ITS/From_AProVE_2014__SortCount.jar-obl-10__p12101_terminationG_0.smt2 : 17158 ms.
--------------------------------------------------
Number of variables: 92300
Number of clauses: 474020
sat
real sat
../New_SAT_split/QF_NIA_2_13/20170427-VeryMax/ITS/From_AProVE_2014__SortCount.jar-obl-10__p12110_terminationG_0.smt2 : 57220 ms.
--------------------------------------------------
Number of variables: 147271
Number of clauses: 750988
sat
real sat
../New_SAT_split/QF_NIA_2_13/20170427-VeryMax/ITS/From_AProVE_2014__SortCount.jar-obl-10__p12111_terminationG_0.smt2 : 156642 ms.
--------------------------------------------------
Number of variables: 86323
Number of clauses: 446581
sat
real sat
../New_SAT_split/QF_NIA_2_13/20170427-VeryMax/ITS/From_AProVE_2014__SortCount.jar-obl-10__p12120_terminationG_0.smt2 : 53323 ms.
--------------------------------------------------
Number of variables: 134860
Number of clauses: 692239
sat
real sat
../New_SAT_split/QF_NIA_2_13/20170427-VeryMax/ITS/From_AProVE_2014__SortCount.jar-obl-10__p12121_terminationG_0.smt2 : 155018 ms.
--------------------------------------------------
Number of variables: 92881
Number of clauses: 487450
sat
real sat
../New_SAT_split/QF_NIA_2_13/20170427-VeryMax/ITS/From_AProVE_2014__SortCount.jar-obl-10__p12127_terminationG_0.smt2 : 52175 ms.
--------------------------------------------------
Number of variables: 143088
Number of clauses: 744366
sat
real sat
../New_SAT_split/QF_NIA_2_13/20170427-VeryMax/ITS/From_AProVE_2014__SortCount.jar-obl-10__p12128_terminationG_0.smt2 : 54673 ms.
--------------------------------------------------
Number of variables: 108387
Number of clauses: 585558
sat
real sat
../New_SAT_split/QF_NIA_2_13/20170427-VeryMax/ITS/From_AProVE_2014__SortCount.jar-obl-10__p12136_terminationG_0.smt2 : 9254 ms.
--------------------------------------------------
Number of variables: 186406
Number of clauses: 987399
sat
real sat
../New_SAT_split/QF_NIA_2_13/20170427-VeryMax/ITS/From_AProVE_2014__SortCount.jar-obl-10__p12137_terminationG_0.smt2 : 75446 ms.
--------------------------------------------------
Number of variables: 287373
Number of clauses: 1507324
sat
real sat
../New_SAT_split/QF_NIA_2_13/20170427-VeryMax/ITS/From_AProVE_2014__SortCount.jar-obl-10__p12138_terminationG_0.smt2 : 117455 ms.
--------------------------------------------------
Number of variables: 70474
Number of clauses: 378137
sat
real sat
../New_SAT_split/QF_NIA_2_13/20170427-VeryMax/ITS/From_AProVE_2014__SortCount.jar-obl-10__p12141_terminationG_0.smt2 : 777 ms.
--------------------------------------------------
Number of variables: 136973
Number of clauses: 724123
sat
real sat
../New_SAT_split/QF_NIA_2_13/20170427-VeryMax/ITS/From_AProVE_2014__SortCount.jar-obl-10__p12142_terminationG_0.smt2 : 47745 ms.
--------------------------------------------------
Number of variables: 226140
Number of clauses: 1185953
sat
real sat
../New_SAT_split/QF_NIA_2_13/20170427-VeryMax/ITS/From_AProVE_2014__SortCount.jar-obl-10__p12143_terminationG_0.smt2 : 81980 ms.
--------------------------------------------------
Number of variables: 48772
Number of clauses: 258825
sat
real sat
../New_SAT_split/QF_NIA_2_13/20170427-VeryMax/ITS/From_AProVE_2014__SortCount.jar-obl-10__p12146_terminationG_0.smt2 : 4593 ms.
--------------------------------------------------
Number of variables: 99894
Number of clauses: 524998
sat
real sat
../New_SAT_split/QF_NIA_2_13/20170427-VeryMax/ITS/From_AProVE_2014__SortCount.jar-obl-10__p12147_terminationG_0.smt2 : 35280 ms.
--------------------------------------------------
Number of variables: 169100
Number of clauses: 883443
sat
real sat
../New_SAT_split/QF_NIA_2_13/20170427-VeryMax/ITS/From_AProVE_2014__SortCount.jar-obl-10__p12148_terminationG_0.smt2 : 169246 ms.
--------------------------------------------------
Number of variables: 53416
Number of clauses: 275087
sat
real sat
../New_SAT_split/QF_NIA_2_13/20170427-VeryMax/ITS/From_AProVE_2014__SortCount.jar-obl-10__p12154_terminationG_0.smt2 : 23621 ms.
--------------------------------------------------
Number of variables: 82960
Number of clauses: 424352
sat
real sat
../New_SAT_split/QF_NIA_2_13/20170427-VeryMax/ITS/From_AProVE_2014__SortCount.jar-obl-10__p12155_terminationG_0.smt2 : 157835 ms.
--------------------------------------------------
Number of variables: 66297
Number of clauses: 354215
sat
real sat
../New_SAT_split/QF_NIA_2_13/20170427-VeryMax/ITS/From_AProVE_2014__SortCount.jar-obl-10__p12162_terminationG_0.smt2 : 17455 ms.
--------------------------------------------------
Number of variables: 113620
Number of clauses: 596644
sat
real sat
../New_SAT_split/QF_NIA_2_13/20170427-VeryMax/ITS/From_AProVE_2014__SortCount.jar-obl-10__p12163_terminationG_0.smt2 : 20675 ms.
--------------------------------------------------
Number of variables: 174691
Number of clauses: 909757
sat
real sat
../New_SAT_split/QF_NIA_2_13/20170427-VeryMax/ITS/From_AProVE_2014__SortCount.jar-obl-10__p12164_terminationG_0.smt2 : 178280 ms.
--------------------------------------------------
Number of variables: 93053
Number of clauses: 484884
sat
real sat
../New_SAT_split/QF_NIA_2_13/20170427-VeryMax/ITS/From_AProVE_2014__SortCount.jar-obl-10__p12170_terminationG_0.smt2 : 108079 ms.
--------------------------------------------------
Number of variables: 143479
Number of clauses: 742074
sat
real sat
../New_SAT_split/QF_NIA_2_13/20170427-VeryMax/ITS/From_AProVE_2014__SortCount.jar-obl-10__p12171_terminationG_0.smt2 : 541048 ms.
--------------------------------------------------
Number of variables: 182018
Number of clauses: 981543
sat
real sat
../New_SAT_split/QF_NIA_2_13/20170427-VeryMax/ITS/From_AProVE_2014__SortCount.jar-obl-10__p12182_terminationG_0.smt2 : 60326 ms.
--------------------------------------------------
Number of variables: 310095
Number of clauses: 1642955
sat
real sat
../New_SAT_split/QF_NIA_2_13/20170427-VeryMax/ITS/From_AProVE_2014__SortCount.jar-obl-10__p12183_terminationG_0.smt2 : 149074 ms.
--------------------------------------------------
Number of variables: 475084
Number of clauses: 2494863
sat
real sat
../New_SAT_split/QF_NIA_2_13/20170427-VeryMax/ITS/From_AProVE_2014__SortCount.jar-obl-10__p12184_terminationG_0.smt2 : 1078046 ms.
--------------------------------------------------
Number of variables: 141855
Number of clauses: 761748
sat
real sat
../New_SAT_split/QF_NIA_2_13/20170427-VeryMax/ITS/From_AProVE_2014__SortCount.jar-obl-10__p12187_terminationG_0.smt2 : 50988 ms.
--------------------------------------------------
Number of variables: 258316
Number of clauses: 1366537
sat
real sat
../New_SAT_split/QF_NIA_2_13/20170427-VeryMax/ITS/From_AProVE_2014__SortCount.jar-obl-10__p12188_terminationG_0.smt2 : 86815 ms.
--------------------------------------------------
Number of variables: 411409
Number of clauses: 2159582
sat
real sat
../New_SAT_split/QF_NIA_2_13/20170427-VeryMax/ITS/From_AProVE_2014__SortCount.jar-obl-10__p12189_terminationG_0.smt2 : 479267 ms.
--------------------------------------------------
Number of variables: 76696
Number of clauses: 412522
sat
real sat
../New_SAT_split/QF_NIA_2_13/20170427-VeryMax/ITS/From_AProVE_2014__SortCount.jar-obl-10__p12195_terminationG_0.smt2 : 13884 ms.
--------------------------------------------------
Number of variables: 146613
Number of clauses: 778405
sat
real sat
../New_SAT_split/QF_NIA_2_13/20170427-VeryMax/ITS/From_AProVE_2014__SortCount.jar-obl-10__p12196_terminationG_0.smt2 : 55010 ms.
--------------------------------------------------
Number of variables: 239414
Number of clauses: 1261860
sat
real sat
../New_SAT_split/QF_NIA_2_13/20170427-VeryMax/ITS/From_AProVE_2014__SortCount.jar-obl-10__p12197_terminationG_0.smt2 : 241427 ms.
--------------------------------------------------
Number of variables: 122891
Number of clauses: 658890
sat
real sat
../New_SAT_split/QF_NIA_2_13/20170427-VeryMax/ITS/From_AProVE_2014__SortCount.jar-obl-10__p12208_terminationG_0.smt2 : 8807 ms.
--------------------------------------------------
Number of variables: 210159
Number of clauses: 1107460
sat
real sat
../New_SAT_split/QF_NIA_2_13/20170427-VeryMax/ITS/From_AProVE_2014__SortCount.jar-obl-10__p12209_terminationG_0.smt2 : 84853 ms.
--------------------------------------------------
Number of variables: 322705
Number of clauses: 1686204
sat
real sat
../New_SAT_split/QF_NIA_2_13/20170427-VeryMax/ITS/From_AProVE_2014__SortCount.jar-obl-10__p12210_terminationG_0.smt2 : 158878 ms.
--------------------------------------------------
Number of variables: 98445
Number of clauses: 519290
sat
real sat
../New_SAT_split/QF_NIA_2_13/20170427-VeryMax/ITS/From_AProVE_2014__SortCount.jar-obl-10__p12216_terminationG_0.smt2 : 365889 ms.
--------------------------------------------------
Number of variables: 106077
Number of clauses: 567352
sat
real sat
../New_SAT_split/QF_NIA_2_13/20170427-VeryMax/ITS/From_AProVE_2014__SortCount.jar-obl-10__p12223_terminationG_0.smt2 : 132829 ms.
--------------------------------------------------
Number of variables: 114247
Number of clauses: 618344
sat
real sat
../New_SAT_split/QF_NIA_2_13/20170427-VeryMax/ITS/From_AProVE_2014__SortCount.jar-obl-10__p12232_terminationG_0.smt2 : 145749 ms.
--------------------------------------------------
Number of variables: 119171
Number of clauses: 647581
sat
real sat
../New_SAT_split/QF_NIA_2_13/20170427-VeryMax/ITS/From_AProVE_2014__SortCount.jar-obl-10__p12240_terminationG_0.smt2 : 173377 ms.
--------------------------------------------------
Number of variables: 129275
Number of clauses: 713133
sat
real sat
../New_SAT_split/QF_NIA_2_13/20170427-VeryMax/ITS/From_AProVE_2014__SortCount.jar-obl-10__p12247_terminationG_0.smt2 : 443231 ms.
--------------------------------------------------
Number of variables: 134463
Number of clauses: 744210
sat
real sat
../New_SAT_split/QF_NIA_2_13/20170427-VeryMax/ITS/From_AProVE_2014__SortCount.jar-obl-10__p12256_terminationG_0.smt2 : 472788 ms.
--------------------------------------------------
Number of variables: 136271
Number of clauses: 753848
sat
real sat
../New_SAT_split/QF_NIA_2_13/20170427-VeryMax/ITS/From_AProVE_2014__SortCount.jar-obl-10__p12263_terminationG_0.smt2 : 243080 ms.
--------------------------------------------------
Number of variables: 57295
Number of clauses: 308329
sat
real sat
../New_SAT_split/QF_NIA_2_13/20170427-VeryMax/ITS/From_AProVE_2014__SortCount.jar-obl-10__terminationQ_1_0.smt2 : 4393 ms.
--------------------------------------------------
Number of variables: 69685
Number of clauses: 384742
sat
real sat
../New_SAT_split/QF_NIA_2_13/20170427-VeryMax/ITS/From_AProVE_2014__SortCount.jar-obl-10__terminationQ_3_0.smt2 : 14562 ms.
--------------------------------------------------
Number of variables: 73811
Number of clauses: 408767
sat
real sat
../New_SAT_split/QF_NIA_2_13/20170427-VeryMax/ITS/From_AProVE_2014__SortCount.jar-obl-10__terminationQ_4_0.smt2 : 6904 ms.
--------------------------------------------------
Number of variables: 81602
Number of clauses: 458646
sat
real sat
../New_SAT_split/QF_NIA_2_13/20170427-VeryMax/ITS/From_AProVE_2014__SortCount.jar-obl-10__terminationQ_5_0.smt2 : 20903 ms.
--------------------------------------------------
Number of variables: 85951
Number of clauses: 484188
sat
real sat
../New_SAT_split/QF_NIA_2_13/20170427-VeryMax/ITS/From_AProVE_2014__SortCount.jar-obl-10__terminationQ_6_0.smt2 : 21544 ms.
--------------------------------------------------
Number of variables: 16956
Number of clauses: 84769
unsat in 2 bits.
Number of variables: 26156
Number of clauses: 133631
unsat in 4 bits.
Number of variables: 53662
Number of clauses: 289415
sat
real sat
../New_SAT_split/QF_NIA_2_13/20170427-VeryMax/ITS/From_AProVE_2014__sunset_rec.jar-obl-8__p12391_terminationG_0.smt2 : 13558 ms.
--------------------------------------------------
Number of variables: 30573
Number of clauses: 153749
unsat in 2 bits.
Number of variables: 47934
Number of clauses: 246098
unsat in 4 bits.
Number of variables: 100750
Number of clauses: 546204
sat
real sat
../New_SAT_split/QF_NIA_2_13/20170427-VeryMax/ITS/From_AProVE_2014__sunset_rec.jar-obl-8__p12392_terminationG_0.smt2 : 12141 ms.
--------------------------------------------------
Number of variables: 25272
Number of clauses: 126965
unsat in 2 bits.
Number of variables: 39543
Number of clauses: 202800
unsat in 4 bits.
Number of variables: 82789
Number of clauses: 448191
sat
real sat
../New_SAT_split/QF_NIA_2_13/20170427-VeryMax/ITS/From_AProVE_2014__sunset_rec.jar-obl-8__p12397_terminationG_0.smt2 : 8219 ms.
--------------------------------------------------
Number of variables: 25338
Number of clauses: 127385
unsat in 2 bits.
Number of variables: 39633
Number of clauses: 203412
unsat in 4 bits.
Number of variables: 82927
Number of clauses: 449187
sat
real sat
../New_SAT_split/QF_NIA_2_13/20170427-VeryMax/ITS/From_AProVE_2014__sunset_rec.jar-obl-8__p12402_terminationG_0.smt2 : 47964 ms.
--------------------------------------------------
Number of variables: 19681
Number of clauses: 98656
unsat in 2 bits.
Number of variables: 30766
Number of clauses: 157447
unsat in 4 bits.
Number of variables: 64286
Number of clauses: 347414
sat
real sat
../New_SAT_split/QF_NIA_2_13/20170427-VeryMax/ITS/From_AProVE_2014__sunset_rec.jar-obl-8__p12407_terminationG_0.smt2 : 4678 ms.
--------------------------------------------------
Number of variables: 14116
Number of clauses: 70651
unsat in 2 bits.
Number of variables: 21902
Number of clauses: 112175
unsat in 4 bits.
Number of variables: 45586
Number of clauses: 246886
sat
real sat
../New_SAT_split/QF_NIA_2_13/20170427-VeryMax/ITS/From_AProVE_2014__sunset_rec.jar-obl-8__p12417_edge_closing_0.smt2 : 4607 ms.
--------------------------------------------------
Number of variables: 13281
Number of clauses: 66569
unsat in 2 bits.
Number of variables: 20536
Number of clauses: 105306
unsat in 4 bits.
Number of variables: 42600
Number of clauses: 230879
sat
real sat
../New_SAT_split/QF_NIA_2_13/20170427-VeryMax/ITS/From_AProVE_2014__sunset_rec.jar-obl-8__p12424_edge_closing_0.smt2 : 30757 ms.
--------------------------------------------------
Number of variables: 54589
Number of clauses: 258092
sat
real sat
../New_SAT_split/QF_NIA_2_13/20170427-VeryMax/ITS/From_AProVE_2014__TaylorSeriesIte.jar-obl-13__p12466_terminationG_0.smt2 : 611 ms.
--------------------------------------------------
Number of variables: 109920
Number of clauses: 518741
sat
real sat
../New_SAT_split/QF_NIA_2_13/20170427-VeryMax/ITS/From_AProVE_2014__TaylorSeriesIte.jar-obl-13__p12467_terminationG_0.smt2 : 6646 ms.
--------------------------------------------------
Number of variables: 185230
Number of clauses: 878967
sat
real sat
../New_SAT_split/QF_NIA_2_13/20170427-VeryMax/ITS/From_AProVE_2014__TaylorSeriesIte.jar-obl-13__p12468_terminationG_0.smt2 : 12501 ms.
--------------------------------------------------
Number of variables: 55208
Number of clauses: 261901
sat
real sat
../New_SAT_split/QF_NIA_2_13/20170427-VeryMax/ITS/From_AProVE_2014__TaylorSeriesIte.jar-obl-13__p12471_terminationG_0.smt2 : 4397 ms.
--------------------------------------------------
Number of variables: 110775
Number of clauses: 524120
sat
real sat
../New_SAT_split/QF_NIA_2_13/20170427-VeryMax/ITS/From_AProVE_2014__TaylorSeriesIte.jar-obl-13__p12472_terminationG_0.smt2 : 19197 ms.
--------------------------------------------------
Number of variables: 186351
Number of clauses: 886150
sat
real sat
../New_SAT_split/QF_NIA_2_13/20170427-VeryMax/ITS/From_AProVE_2014__TaylorSeriesIte.jar-obl-13__p12473_terminationG_0.smt2 : 338440 ms.
--------------------------------------------------
Number of variables: 56034
Number of clauses: 266154
sat
real sat
../New_SAT_split/QF_NIA_2_13/20170427-VeryMax/ITS/From_AProVE_2014__TaylorSeriesIte.jar-obl-13__p12476_terminationG_0.smt2 : 5007 ms.
--------------------------------------------------
Number of variables: 111893
Number of clauses: 530014
sat
real sat
../New_SAT_split/QF_NIA_2_13/20170427-VeryMax/ITS/From_AProVE_2014__TaylorSeriesIte.jar-obl-13__p12477_terminationG_0.smt2 : 9739 ms.
--------------------------------------------------
Number of variables: 187777
Number of clauses: 893813
sat
real sat
../New_SAT_split/QF_NIA_2_13/20170427-VeryMax/ITS/From_AProVE_2014__TaylorSeriesIte.jar-obl-13__p12478_terminationG_0.smt2 : 170919 ms.
--------------------------------------------------
Number of variables: 81920
Number of clauses: 417096
sat
real sat
../New_SAT_split/QF_NIA_2_13/20170427-VeryMax/ITS/From_AProVE_2014__TaylorSeriesIte.jar-obl-13__p12481_terminationG_0.smt2 : 10976 ms.
--------------------------------------------------
Number of variables: 140761
Number of clauses: 702028
sat
real sat
../New_SAT_split/QF_NIA_2_13/20170427-VeryMax/ITS/From_AProVE_2014__TaylorSeriesIte.jar-obl-13__p12482_terminationG_0.smt2 : 60606 ms.
--------------------------------------------------
Number of variables: 219755
Number of clauses: 1087923
sat
real sat
../New_SAT_split/QF_NIA_2_13/20170427-VeryMax/ITS/From_AProVE_2014__TaylorSeriesIte.jar-obl-13__p12483_terminationG_0.smt2 : 89629 ms.
--------------------------------------------------
Number of variables: 94252
Number of clauses: 483371
sat
real sat
../New_SAT_split/QF_NIA_2_13/20170427-VeryMax/ITS/From_AProVE_2014__TaylorSeriesIte.jar-obl-13__p12486_terminationG_0.smt2 : 17475 ms.
--------------------------------------------------
Number of variables: 154091
Number of clauses: 774693
sat
real sat
../New_SAT_split/QF_NIA_2_13/20170427-VeryMax/ITS/From_AProVE_2014__TaylorSeriesIte.jar-obl-13__p12487_terminationG_0.smt2 : 63302 ms.
--------------------------------------------------
Number of variables: 234139
Number of clauses: 1167426
sat
real sat
../New_SAT_split/QF_NIA_2_13/20170427-VeryMax/ITS/From_AProVE_2014__TaylorSeriesIte.jar-obl-13__p12488_terminationG_0.smt2 : 217651 ms.
--------------------------------------------------
Number of variables: 55977
Number of clauses: 266090
sat
real sat
../New_SAT_split/QF_NIA_2_13/20170427-VeryMax/ITS/From_AProVE_2014__TaylorSeriesIte.jar-obl-13__terminationQ_0_0.smt2 : 1007 ms.
--------------------------------------------------
Number of variables: 81868
Number of clauses: 417052
sat
real sat
../New_SAT_split/QF_NIA_2_13/20170427-VeryMax/ITS/From_AProVE_2014__TaylorSeriesIte.jar-obl-13__terminationQ_1_0.smt2 : 6345 ms.
--------------------------------------------------
Number of variables: 65697
Number of clauses: 321255
sat
real sat
../New_SAT_split/QF_NIA_2_13/20170427-VeryMax/ITS/From_AProVE_2014__TaylorSeriesRec.jar-obl-13__p12559_terminationG_0.smt2 : 5455 ms.
--------------------------------------------------
Number of variables: 123844
Number of clauses: 596362
sat
real sat
../New_SAT_split/QF_NIA_2_13/20170427-VeryMax/ITS/From_AProVE_2014__TaylorSeriesRec.jar-obl-13__p12561_terminationG_0.smt2 : 8392 ms.
--------------------------------------------------
Number of variables: 203438
Number of clauses: 978154
sat
real sat
../New_SAT_split/QF_NIA_2_13/20170427-VeryMax/ITS/From_AProVE_2014__TaylorSeriesRec.jar-obl-13__p12562_terminationG_0.smt2 : 17077 ms.
--------------------------------------------------
Number of variables: 66656
Number of clauses: 326717
sat
real sat
../New_SAT_split/QF_NIA_2_13/20170427-VeryMax/ITS/From_AProVE_2014__TaylorSeriesRec.jar-obl-13__p12565_terminationG_0.smt2 : 8353 ms.
--------------------------------------------------
Number of variables: 125223
Number of clauses: 604374
sat
real sat
../New_SAT_split/QF_NIA_2_13/20170427-VeryMax/ITS/From_AProVE_2014__TaylorSeriesRec.jar-obl-13__p12566_terminationG_0.smt2 : 54541 ms.
--------------------------------------------------
Number of variables: 205275
Number of clauses: 989014
sat
real sat
../New_SAT_split/QF_NIA_2_13/20170427-VeryMax/ITS/From_AProVE_2014__TaylorSeriesRec.jar-obl-13__p12567_terminationG_0.smt2 : 135457 ms.
--------------------------------------------------
Number of variables: 68858
Number of clauses: 338253
unsat in 2 bits.
Number of variables: 108233
Number of clauses: 537782
unsat in 4 bits.
Number of variables: 210271
Number of clauses: 1084294
sat
real sat
../New_SAT_split/QF_NIA_2_13/20170427-VeryMax/ITS/From_AProVE_2014__TaylorSeriesRec.jar-obl-13__p12570_terminationG_0.smt2 : 270211 ms.
--------------------------------------------------
Number of variables: 82867
Number of clauses: 419200
unsat in 2 bits.
Number of variables: 124270
Number of clauses: 632649
unsat in 4 bits.
Number of variables: 230332
Number of clauses: 1206755
sat
real sat
../New_SAT_split/QF_NIA_2_13/20170427-VeryMax/ITS/From_AProVE_2014__TaylorSeriesRec.jar-obl-13__p12575_terminationG_0.smt2 : 110299 ms.
--------------------------------------------------
Number of variables: 94585
Number of clauses: 481237
unsat in 2 bits.
Number of variables: 138236
Number of clauses: 709164
unsat in 4 bits.
Number of variables: 248794
Number of clauses: 1312226
sat
real sat
../New_SAT_split/QF_NIA_2_13/20170427-VeryMax/ITS/From_AProVE_2014__TaylorSeriesRec.jar-obl-13__p12580_terminationG_0.smt2 : 264495 ms.
--------------------------------------------------
Number of variables: 68809
Number of clauses: 338244
sat
real sat
../New_SAT_split/QF_NIA_2_13/20170427-VeryMax/ITS/From_AProVE_2014__TaylorSeriesRec.jar-obl-13__terminationQ_0_0.smt2 : 1040 ms.
--------------------------------------------------
Number of variables: 82815
Number of clauses: 419184
sat
real sat
../New_SAT_split/QF_NIA_2_13/20170427-VeryMax/ITS/From_AProVE_2014__TaylorSeriesRec.jar-obl-13__terminationQ_1_0.smt2 : 5657 ms.
