--------------------------------------------------
Number of variables: 98614
Number of clauses: 666066
unsat in 2 bits.
Number of variables: 113943
Number of clauses: 753669
unsat in 4 bits.
Number of variables: 149115
Number of clauses: 957119
sat
real sat
../New_SAT_split/QF_NIA_2_55/20170427-VeryMax/SAT14/1301.smt2 : 526868 ms.
--------------------------------------------------
Number of variables: 100237
Number of clauses: 678014
unsat in 2 bits.
Number of variables: 115690
Number of clauses: 766383
unsat in 4 bits.
Number of variables: 151114
Number of clauses: 971381
sat
real sat
../New_SAT_split/QF_NIA_2_55/20170427-VeryMax/SAT14/1302.smt2 : 311291 ms.
--------------------------------------------------
Number of variables: 101920
Number of clauses: 690370
unsat in 2 bits.
Number of variables: 117513
Number of clauses: 779633
unsat in 4 bits.
Number of variables: 153221
Number of clauses: 986435
sat
real sat
../New_SAT_split/QF_NIA_2_55/20170427-VeryMax/SAT14/1303.smt2 : 435937 ms.
--------------------------------------------------
Number of variables: 103463
Number of clauses: 701918
unsat in 2 bits.
Number of variables: 119148
Number of clauses: 791691
unsat in 4 bits.
Number of variables: 155044
Number of clauses: 999529
sat
real sat
../New_SAT_split/QF_NIA_2_55/20170427-VeryMax/SAT14/1304.smt2 : 404801 ms.
--------------------------------------------------
Number of variables: 105090
Number of clauses: 713994
unsat in 2 bits.
Number of variables: 120883
Number of clauses: 804405
unsat in 4 bits.
Number of variables: 156999
Number of clauses: 1013535
sat
real sat
../New_SAT_split/QF_NIA_2_55/20170427-VeryMax/SAT14/1305.smt2 : 324257 ms.
--------------------------------------------------
Number of variables: 106733
Number of clauses: 726186
unsat in 2 bits.
Number of variables: 122634
Number of clauses: 817235
unsat in 4 bits.
Number of variables: 158970
Number of clauses: 1027657
sat
real sat
../New_SAT_split/QF_NIA_2_55/20170427-VeryMax/SAT14/1306.smt2 : 580373 ms.
--------------------------------------------------
Number of variables: 108436
Number of clauses: 738786
unsat in 2 bits.
Number of variables: 124461
Number of clauses: 830601
unsat in 4 bits.
Number of variables: 161049
Number of clauses: 1042571
sat
real sat
../New_SAT_split/QF_NIA_2_55/20170427-VeryMax/SAT14/1307.smt2 : 439589 ms.
--------------------------------------------------
Number of variables: 110111
Number of clauses: 751222
unsat in 2 bits.
Number of variables: 126244
Number of clauses: 843675
unsat in 4 bits.
Number of variables: 163052
Number of clauses: 1056937
sat
real sat
../New_SAT_split/QF_NIA_2_55/20170427-VeryMax/SAT14/1308.smt2 : 412249 ms.
--------------------------------------------------
Number of variables: 111854
Number of clauses: 764106
unsat in 2 bits.
Number of variables: 128111
Number of clauses: 857325
unsat in 4 bits.
Number of variables: 165171
Number of clauses: 1072135
sat
real sat
../New_SAT_split/QF_NIA_2_55/20170427-VeryMax/SAT14/1309.smt2 : 587521 ms.
--------------------------------------------------
Number of variables: 113613
Number of clauses: 777106
unsat in 2 bits.
Number of variables: 129994
Number of clauses: 871091
unsat in 4 bits.
Number of variables: 167306
Number of clauses: 1087449
sat
real sat
../New_SAT_split/QF_NIA_2_55/20170427-VeryMax/SAT14/1310.smt2 : 483559 ms.
--------------------------------------------------
Number of variables: 115432
Number of clauses: 790514
unsat in 2 bits.
Number of variables: 131953
Number of clauses: 885393
unsat in 4 bits.
Number of variables: 169549
Number of clauses: 1103555
sat
real sat
../New_SAT_split/QF_NIA_2_55/20170427-VeryMax/SAT14/1311.smt2 : 403876 ms.
--------------------------------------------------
Number of variables: 117171
Number of clauses: 803450
unsat in 2 bits.
Number of variables: 133800
Number of clauses: 898967
unsat in 4 bits.
Number of variables: 171616
Number of clauses: 1118421
sat
real sat
../New_SAT_split/QF_NIA_2_55/20170427-VeryMax/SAT14/1312.smt2 : 574145 ms.
--------------------------------------------------
Number of variables: 118986
Number of clauses: 816874
unsat in 2 bits.
Number of variables: 135739
Number of clauses: 913157
unsat in 4 bits.
Number of variables: 173807
Number of clauses: 1134159
sat
real sat
../New_SAT_split/QF_NIA_2_55/20170427-VeryMax/SAT14/1313.smt2 : 524305 ms.
--------------------------------------------------
Number of variables: 120817
Number of clauses: 830414
unsat in 2 bits.
Number of variables: 137694
Number of clauses: 927463
unsat in 4 bits.
Number of variables: 176014
Number of clauses: 1150013
sat
real sat
../New_SAT_split/QF_NIA_2_55/20170427-VeryMax/SAT14/1314.smt2 : 581059 ms.
--------------------------------------------------
Number of variables: 122708
Number of clauses: 844362
unsat in 2 bits.
Number of variables: 139725
Number of clauses: 942305
unsat in 4 bits.
Number of variables: 178329
Number of clauses: 1166659
sat
real sat
../New_SAT_split/QF_NIA_2_55/20170427-VeryMax/SAT14/1315.smt2 : 499103 ms.
--------------------------------------------------
Number of variables: 124571
Number of clauses: 858146
unsat in 2 bits.
Number of variables: 141712
Number of clauses: 956855
unsat in 4 bits.
Number of variables: 180568
Number of clauses: 1182757
sat
real sat
../New_SAT_split/QF_NIA_2_55/20170427-VeryMax/SAT14/1316.smt2 : 518942 ms.
--------------------------------------------------
Number of variables: 126502
Number of clauses: 872378
unsat in 2 bits.
Number of variables: 143783
Number of clauses: 971981
unsat in 4 bits.
Number of variables: 182923
Number of clauses: 1199687
sat
real sat
../New_SAT_split/QF_NIA_2_55/20170427-VeryMax/SAT14/1317.smt2 : 593141 ms.
--------------------------------------------------
Number of variables: 128449
Number of clauses: 886726
unsat in 2 bits.
Number of variables: 145870
Number of clauses: 987223
unsat in 4 bits.
Number of variables: 185294
Number of clauses: 1216733
sat
real sat
../New_SAT_split/QF_NIA_2_55/20170427-VeryMax/SAT14/1318.smt2 : 429462 ms.
--------------------------------------------------
Number of variables: 130456
Number of clauses: 901482
unsat in 2 bits.
Number of variables: 148033
Number of clauses: 1003001
unsat in 4 bits.
Number of variables: 187773
Number of clauses: 1234571
sat
real sat
../New_SAT_split/QF_NIA_2_55/20170427-VeryMax/SAT14/1319.smt2 : 381253 ms.
--------------------------------------------------
Number of variables: 132181
Number of clauses: 914594
unsat in 2 bits.
Number of variables: 149834
Number of clauses: 1016495
unsat in 4 bits.
Number of variables: 189728
Number of clauses: 1248837
sat
real sat
../New_SAT_split/QF_NIA_2_55/20170427-VeryMax/SAT14/1320.smt2 : 392517 ms.
--------------------------------------------------
Number of variables: 134006
Number of clauses: 928402
unsat in 2 bits.
Number of variables: 151751
Number of clauses: 1030813
unsat in 4 bits.
Number of variables: 191831
Number of clauses: 1264183
sat
real sat
../New_SAT_split/QF_NIA_2_55/20170427-VeryMax/SAT14/1321.smt2 : 419840 ms.
--------------------------------------------------
Number of variables: 135847
Number of clauses: 942326
unsat in 2 bits.
Number of variables: 153684
Number of clauses: 1045247
unsat in 4 bits.
Number of variables: 193950
Number of clauses: 1279645
sat
real sat
../New_SAT_split/QF_NIA_2_55/20170427-VeryMax/SAT14/1322.smt2 : 730324 ms.
--------------------------------------------------
Number of variables: 137748
Number of clauses: 956658
unsat in 2 bits.
Number of variables: 155693
Number of clauses: 1060217
unsat in 4 bits.
Number of variables: 196177
Number of clauses: 1295899
sat
real sat
../New_SAT_split/QF_NIA_2_55/20170427-VeryMax/SAT14/1323.smt2 : 404917 ms.
--------------------------------------------------
Number of variables: 139621
Number of clauses: 970826
unsat in 2 bits.
Number of variables: 157658
Number of clauses: 1074895
unsat in 4 bits.
Number of variables: 198328
Number of clauses: 1311605
sat
real sat
../New_SAT_split/QF_NIA_2_55/20170427-VeryMax/SAT14/1324.smt2 : 467695 ms.
--------------------------------------------------
Number of variables: 141562
Number of clauses: 985442
unsat in 2 bits.
Number of variables: 159707
Number of clauses: 1090149
unsat in 4 bits.
Number of variables: 200595
Number of clauses: 1328143
sat
real sat
../New_SAT_split/QF_NIA_2_55/20170427-VeryMax/SAT14/1325.smt2 : 553697 ms.
--------------------------------------------------
Number of variables: 143519
Number of clauses: 1000174
unsat in 2 bits.
Number of variables: 161772
Number of clauses: 1105519
unsat in 4 bits.
Number of variables: 202878
Number of clauses: 1344797
sat
real sat
../New_SAT_split/QF_NIA_2_55/20170427-VeryMax/SAT14/1326.smt2 : 410497 ms.
--------------------------------------------------
Number of variables: 145536
Number of clauses: 1015314
unsat in 2 bits.
Number of variables: 163913
Number of clauses: 1121425
unsat in 4 bits.
Number of variables: 205269
Number of clauses: 1362243
sat
real sat
../New_SAT_split/QF_NIA_2_55/20170427-VeryMax/SAT14/1327.smt2 : 718570 ms.
--------------------------------------------------
Number of variables: 147473
Number of clauses: 1029982
unsat in 2 bits.
Number of variables: 165942
Number of clauses: 1136603
unsat in 4 bits.
Number of variables: 207484
Number of clauses: 1378449
sat
real sat
../New_SAT_split/QF_NIA_2_55/20170427-VeryMax/SAT14/1328.smt2 : 529375 ms.
--------------------------------------------------
Number of variables: 149486
Number of clauses: 1045138
unsat in 2 bits.
Number of variables: 168063
Number of clauses: 1152397
unsat in 4 bits.
Number of variables: 209823
Number of clauses: 1395527
sat
real sat
../New_SAT_split/QF_NIA_2_55/20170427-VeryMax/SAT14/1329.smt2 : 603500 ms.
--------------------------------------------------
Number of variables: 161681
Number of clauses: 1142868
unsat in 2 bits.
Number of variables: 183019
Number of clauses: 1265638
unsat in 4 bits.
Number of variables: 232221
Number of clauses: 1551844
sat
real sat
../New_SAT_split/QF_NIA_2_55/20170427-VeryMax/SAT14/1330.smt2 : 241879 ms.
--------------------------------------------------
Number of variables: 164187
Number of clauses: 1161956
unsat in 2 bits.
Number of variables: 185637
Number of clauses: 1285396
unsat in 4 bits.
Number of variables: 235065
Number of clauses: 1572950
sat
real sat
../New_SAT_split/QF_NIA_2_55/20170427-VeryMax/SAT14/1331.smt2 : 319367 ms.
--------------------------------------------------
Number of variables: 166793
Number of clauses: 1181676
unsat in 2 bits.
Number of variables: 188371
Number of clauses: 1305914
unsat in 4 bits.
Number of variables: 238057
Number of clauses: 1595072
sat
real sat
../New_SAT_split/QF_NIA_2_55/20170427-VeryMax/SAT14/1332.smt2 : 252809 ms.
--------------------------------------------------
Number of variables: 169423
Number of clauses: 1201576
unsat in 2 bits.
Number of variables: 191129
Number of clauses: 1326612
unsat in 4 bits.
Number of variables: 241073
Number of clauses: 1617374
sat
real sat
../New_SAT_split/QF_NIA_2_55/20170427-VeryMax/SAT14/1333.smt2 : 341456 ms.
--------------------------------------------------
Number of variables: 172232
Number of clauses: 1222426
unsat in 2 bits.
Number of variables: 194118
Number of clauses: 1348586
unsat in 4 bits.
Number of variables: 244424
Number of clauses: 1641604
sat
real sat
../New_SAT_split/QF_NIA_2_55/20170427-VeryMax/SAT14/1334.smt2 : 324867 ms.
--------------------------------------------------
Number of variables: 175109
Number of clauses: 1243748
unsat in 2 bits.
Number of variables: 197191
Number of clauses: 1371160
unsat in 4 bits.
Number of variables: 247891
Number of clauses: 1666690
sat
real sat
../New_SAT_split/QF_NIA_2_55/20170427-VeryMax/SAT14/1335.smt2 : 363045 ms.
--------------------------------------------------
Number of variables: 177914
Number of clauses: 1264662
unsat in 2 bits.
Number of variables: 200160
Number of clauses: 1393070
unsat in 4 bits.
Number of variables: 251190
Number of clauses: 1690600
sat
real sat
../New_SAT_split/QF_NIA_2_55/20170427-VeryMax/SAT14/1336.smt2 : 336655 ms.
--------------------------------------------------
Number of variables: 180803
Number of clauses: 1286128
unsat in 2 bits.
Number of variables: 203229
Number of clauses: 1415660
unsat in 4 bits.
Number of variables: 254621
Number of clauses: 1715446
sat
real sat
../New_SAT_split/QF_NIA_2_55/20170427-VeryMax/SAT14/1337.smt2 : 437263 ms.
--------------------------------------------------
Number of variables: 183597
Number of clauses: 1307268
unsat in 2 bits.
Number of variables: 206167
Number of clauses: 1437726
unsat in 4 bits.
Number of variables: 257849
Number of clauses: 1739372
sat
real sat
../New_SAT_split/QF_NIA_2_55/20170427-VeryMax/SAT14/1338.smt2 : 377772 ms.
--------------------------------------------------
Number of variables: 185868
Number of clauses: 1324012
unsat in 2 bits.
Number of variables: 208578
Number of clauses: 1455364
unsat in 4 bits.
Number of variables: 260540
Number of clauses: 1758798
sat
real sat
../New_SAT_split/QF_NIA_2_55/20170427-VeryMax/SAT14/1339.smt2 : 329239 ms.
--------------------------------------------------
Number of variables: 189127
Number of clauses: 1348808
unsat in 2 bits.
Number of variables: 212001
Number of clauses: 1481246
unsat in 4 bits.
Number of variables: 264295
Number of clauses: 1786868
sat
real sat
../New_SAT_split/QF_NIA_2_55/20170427-VeryMax/SAT14/1340.smt2 : 308294 ms.
--------------------------------------------------
Number of variables: 191474
Number of clauses: 1366088
unsat in 2 bits.
Number of variables: 214504
Number of clauses: 1499548
unsat in 4 bits.
Number of variables: 267110
Number of clauses: 1807214
sat
real sat
../New_SAT_split/QF_NIA_2_55/20170427-VeryMax/SAT14/1341.smt2 : 396946 ms.
--------------------------------------------------
Number of variables: 194737
Number of clauses: 1390976
unsat in 2 bits.
Number of variables: 217915
Number of clauses: 1525394
unsat in 4 bits.
Number of variables: 270821
Number of clauses: 1834992
sat
real sat
../New_SAT_split/QF_NIA_2_55/20170427-VeryMax/SAT14/1342.smt2 : 412273 ms.
--------------------------------------------------
Number of variables: 197072
Number of clauses: 1408220
unsat in 2 bits.
Number of variables: 220390
Number of clauses: 1543532
unsat in 4 bits.
Number of variables: 273576
Number of clauses: 1854918
sat
real sat
../New_SAT_split/QF_NIA_2_55/20170427-VeryMax/SAT14/1343.smt2 : 340220 ms.
--------------------------------------------------
Number of variables: 200435
Number of clauses: 1433812
unsat in 2 bits.
Number of variables: 223917
Number of clauses: 1570210
unsat in 4 bits.
Number of variables: 277435
Number of clauses: 1883784
sat
real sat
../New_SAT_split/QF_NIA_2_55/20170427-VeryMax/SAT14/1344.smt2 : 326548 ms.
--------------------------------------------------
Number of variables: 202854
Number of clauses: 1451632
unsat in 2 bits.
Number of variables: 226492
Number of clauses: 1589052
unsat in 4 bits.
Number of variables: 280322
Number of clauses: 1904670
sat
real sat
../New_SAT_split/QF_NIA_2_55/20170427-VeryMax/SAT14/1345.smt2 : 314230 ms.
--------------------------------------------------
Number of variables: 206265
Number of clauses: 1477596
unsat in 2 bits.
Number of variables: 230067
Number of clauses: 1616102
unsat in 4 bits.
Number of variables: 284229
Number of clauses: 1933908
sat
real sat
../New_SAT_split/QF_NIA_2_55/20170427-VeryMax/SAT14/1346.smt2 : 368437 ms.
--------------------------------------------------
Number of variables: 208716
Number of clauses: 1495660
unsat in 2 bits.
Number of variables: 232674
Number of clauses: 1635188
unsat in 4 bits.
Number of variables: 287148
Number of clauses: 1955038
sat
real sat
../New_SAT_split/QF_NIA_2_55/20170427-VeryMax/SAT14/1347.smt2 : 453741 ms.
--------------------------------------------------
Number of variables: 212219
Number of clauses: 1522288
unsat in 2 bits.
Number of variables: 236357
Number of clauses: 1663030
unsat in 4 bits.
Number of variables: 291195
Number of clauses: 1985324
sat
real sat
../New_SAT_split/QF_NIA_2_55/20170427-VeryMax/SAT14/1348.smt2 : 530418 ms.
--------------------------------------------------
Number of variables: 214746
Number of clauses: 1540888
unsat in 2 bits.
Number of variables: 239056
Number of clauses: 1682780
unsat in 4 bits.
Number of variables: 294238
Number of clauses: 2007374
sat
real sat
../New_SAT_split/QF_NIA_2_55/20170427-VeryMax/SAT14/1349.smt2 : 363508 ms.
--------------------------------------------------
Number of variables: 218201
Number of clauses: 1567300
unsat in 2 bits.
Number of variables: 242659
Number of clauses: 1710150
unsat in 4 bits.
Number of variables: 298141
Number of clauses: 2036676
sat
real sat
../New_SAT_split/QF_NIA_2_55/20170427-VeryMax/SAT14/1350.smt2 : 495022 ms.
--------------------------------------------------
Number of variables: 220460
Number of clauses: 1584464
unsat in 2 bits.
Number of variables: 245010
Number of clauses: 1727824
unsat in 4 bits.
Number of variables: 300676
Number of clauses: 2055370
sat
real sat
../New_SAT_split/QF_NIA_2_55/20170427-VeryMax/SAT14/1351.smt2 : 547529 ms.
--------------------------------------------------
Number of variables: 224023
Number of clauses: 1611620
unsat in 2 bits.
Number of variables: 248737
Number of clauses: 1756066
unsat in 4 bits.
Number of variables: 304735
Number of clauses: 2085800
sat
real sat
../New_SAT_split/QF_NIA_2_55/20170427-VeryMax/SAT14/1352.smt2 : 390255 ms.
--------------------------------------------------
Number of variables: 226398
Number of clauses: 1629520
unsat in 2 bits.
Number of variables: 251220
Number of clauses: 1774604
unsat in 4 bits.
Number of variables: 307434
Number of clauses: 2105614
sat
real sat
../New_SAT_split/QF_NIA_2_55/20170427-VeryMax/SAT14/1353.smt2 : 415114 ms.
--------------------------------------------------
Number of variables: 230009
Number of clauses: 1657048
unsat in 2 bits.
Number of variables: 254995
Number of clauses: 1803218
unsat in 4 bits.
Number of variables: 311541
Number of clauses: 2136416
sat
real sat
../New_SAT_split/QF_NIA_2_55/20170427-VeryMax/SAT14/1354.smt2 : 427085 ms.
--------------------------------------------------
Number of variables: 232416
Number of clauses: 1675192
unsat in 2 bits.
Number of variables: 257510
Number of clauses: 1822000
unsat in 4 bits.
Number of variables: 314272
Number of clauses: 2156474
sat
real sat
../New_SAT_split/QF_NIA_2_55/20170427-VeryMax/SAT14/1355.smt2 : 505708 ms.
--------------------------------------------------
Number of variables: 236119
Number of clauses: 1703384
unsat in 2 bits.
Number of variables: 261393
Number of clauses: 1851406
unsat in 4 bits.
Number of variables: 318519
Number of clauses: 2188324
sat
real sat
../New_SAT_split/QF_NIA_2_55/20170427-VeryMax/SAT14/1356.smt2 : 357829 ms.
--------------------------------------------------
Number of variables: 238602
Number of clauses: 1722064
unsat in 2 bits.
Number of variables: 264000
Number of clauses: 1870852
unsat in 4 bits.
Number of variables: 321374
Number of clauses: 2209302
sat
real sat
../New_SAT_split/QF_NIA_2_55/20170427-VeryMax/SAT14/1357.smt2 : 395708 ms.
--------------------------------------------------
Number of variables: 241804
Number of clauses: 1746432
unsat in 2 bits.
Number of variables: 267346
Number of clauses: 1896146
unsat in 4 bits.
Number of variables: 325010
Number of clauses: 2236456
sat
real sat
../New_SAT_split/QF_NIA_2_55/20170427-VeryMax/SAT14/1358.smt2 : 612270 ms.
--------------------------------------------------
Number of variables: 245527
Number of clauses: 1774904
unsat in 2 bits.
Number of variables: 271233
Number of clauses: 1925704
unsat in 4 bits.
Number of variables: 329229
Number of clauses: 2268202
sat
real sat
../New_SAT_split/QF_NIA_2_55/20170427-VeryMax/SAT14/1359.smt2 : 484366 ms.
--------------------------------------------------
Number of variables: 248014
Number of clauses: 1793676
unsat in 2 bits.
Number of variables: 273828
Number of clauses: 1945114
unsat in 4 bits.
Number of variables: 332040
Number of clauses: 2288888
sat
real sat
../New_SAT_split/QF_NIA_2_55/20170427-VeryMax/SAT14/1360.smt2 : 407292 ms.
--------------------------------------------------
Number of variables: 251836
Number of clauses: 1822686
unsat in 2 bits.
Number of variables: 277834
Number of clauses: 1975280
unsat in 4 bits.
Number of variables: 336418
Number of clauses: 2321382
sat
real sat
../New_SAT_split/QF_NIA_2_55/20170427-VeryMax/SAT14/1361.smt2 : 475258 ms.
--------------------------------------------------
Number of variables: 254407
Number of clauses: 1842034
unsat in 2 bits.
Number of variables: 280529
Number of clauses: 1995394
unsat in 4 bits.
Number of variables: 339361
Number of clauses: 2343028
sat
real sat
../New_SAT_split/QF_NIA_2_55/20170427-VeryMax/SAT14/1362.smt2 : 508710 ms.
--------------------------------------------------
Number of variables: 256994
Number of clauses: 1861498
unsat in 2 bits.
Number of variables: 283240
Number of clauses: 2015624
unsat in 4 bits.
Number of variables: 342320
Number of clauses: 2364790
sat
real sat
../New_SAT_split/QF_NIA_2_55/20170427-VeryMax/SAT14/1363.smt2 : 610708 ms.
--------------------------------------------------
Number of variables: 259641
Number of clauses: 1881370
unsat in 2 bits.
Number of variables: 286027
Number of clauses: 2036390
unsat in 4 bits.
Number of variables: 345387
Number of clauses: 2387344
sat
real sat
../New_SAT_split/QF_NIA_2_55/20170427-VeryMax/SAT14/1364.smt2 : 506027 ms.
--------------------------------------------------
Number of variables: 262208
Number of clauses: 1900770
unsat in 2 bits.
Number of variables: 288702
Number of clauses: 2056428
unsat in 4 bits.
Number of variables: 348278
Number of clauses: 2408658
sat
real sat
../New_SAT_split/QF_NIA_2_55/20170427-VeryMax/SAT14/1365.smt2 : 669377 ms.
--------------------------------------------------
Number of variables: 264851
Number of clauses: 1920658
unsat in 2 bits.
Number of variables: 291469
Number of clauses: 2077082
unsat in 4 bits.
Number of variables: 351293
Number of clauses: 2430844
sat
real sat
../New_SAT_split/QF_NIA_2_55/20170427-VeryMax/SAT14/1366.smt2 : 706339 ms.
--------------------------------------------------
Number of variables: 268021
Number of clauses: 1944698
unsat in 2 bits.
Number of variables: 294783
Number of clauses: 2102048
unsat in 4 bits.
Number of variables: 354897
Number of clauses: 2457670
sat
real sat
../New_SAT_split/QF_NIA_2_55/20170427-VeryMax/SAT14/1367.smt2 : 1013177 ms.
--------------------------------------------------
Number of variables: 271835
Number of clauses: 1974004
unsat in 2 bits.
Number of variables: 298749
Number of clauses: 2132254
unsat in 4 bits.
Number of variables: 359171
Number of clauses: 2489692
sat
real sat
../New_SAT_split/QF_NIA_2_55/20170427-VeryMax/SAT14/1368.smt2 : 1033981 ms.
--------------------------------------------------
Number of variables: 275053
Number of clauses: 1998416
unsat in 2 bits.
Number of variables: 302111
Number of clauses: 2157592
unsat in 4 bits.
Number of variables: 362823
Number of clauses: 2516890
sat
real sat
../New_SAT_split/QF_NIA_2_55/20170427-VeryMax/SAT14/1369.smt2 : 1025850 ms.
--------------------------------------------------
Number of variables: 279007
Number of clauses: 2028626
unsat in 2 bits.
Number of variables: 306233
Number of clauses: 2188830
unsat in 4 bits.
Number of variables: 367285
Number of clauses: 2550200
sat
real sat
../New_SAT_split/QF_NIA_2_55/20170427-VeryMax/SAT14/1370.smt2 : 598591 ms.
--------------------------------------------------
Number of variables: 282993
Number of clauses: 2059080
unsat in 2 bits.
Number of variables: 310387
Number of clauses: 2220312
unsat in 4 bits.
Number of variables: 371779
Number of clauses: 2583754
sat
real sat
../New_SAT_split/QF_NIA_2_55/20170427-VeryMax/SAT14/1371.smt2 : 835860 ms.
--------------------------------------------------
Number of variables: 287036
Number of clauses: 2090040
unsat in 2 bits.
Number of variables: 314594
Number of clauses: 2252358
unsat in 4 bits.
Number of variables: 376318
Number of clauses: 2617988
sat
real sat
../New_SAT_split/QF_NIA_2_55/20170427-VeryMax/SAT14/1372.smt2 : 801287 ms.
--------------------------------------------------
Number of variables: 290585
Number of clauses: 2116930
unsat in 2 bits.
Number of variables: 318307
Number of clauses: 2280244
unsat in 4 bits.
Number of variables: 380361
Number of clauses: 2647874
sat
real sat
../New_SAT_split/QF_NIA_2_55/20170427-VeryMax/SAT14/1373.smt2 : 800066 ms.
--------------------------------------------------
Number of variables: 294684
Number of clauses: 2148326
unsat in 2 bits.
Number of variables: 322570
Number of clauses: 2312726
unsat in 4 bits.
Number of variables: 384956
Number of clauses: 2682544
sat
real sat
../New_SAT_split/QF_NIA_2_55/20170427-VeryMax/SAT14/1374.smt2 : 824369 ms.
--------------------------------------------------
Number of variables: 298850
Number of clauses: 2180088
unsat in 2 bits.
Number of variables: 326920
Number of clauses: 2345644
unsat in 4 bits.
Number of variables: 389678
Number of clauses: 2717790
sat
real sat
../New_SAT_split/QF_NIA_2_55/20170427-VeryMax/SAT14/1375.smt2 : 783755 ms.
--------------------------------------------------
Number of variables: 303092
Number of clauses: 2212386
unsat in 2 bits.
Number of variables: 331362
Number of clauses: 2379226
unsat in 4 bits.
Number of variables: 394524
Number of clauses: 2753956
sat
real sat
../New_SAT_split/QF_NIA_2_55/20170427-VeryMax/SAT14/1376.smt2 : 915075 ms.
--------------------------------------------------
Number of variables: 306538
Number of clauses: 2238550
unsat in 2 bits.
Number of variables: 334968
Number of clauses: 2406444
unsat in 4 bits.
Number of variables: 398452
Number of clauses: 2783290
sat
real sat
../New_SAT_split/QF_NIA_2_55/20170427-VeryMax/SAT14/1377.smt2 : 881619 ms.
--------------------------------------------------
Number of variables: 309395
Number of clauses: 2260166
unsat in 2 bits.
Number of variables: 337965
Number of clauses: 2428954
unsat in 4 bits.
Number of variables: 401729
Number of clauses: 2807588
../New_SAT_split/QF_NIA_2_55/20170427-VeryMax/SAT14/1378.smt2 : 2408130 ms.
--------------------------------------------------
Number of variables: 313674
Number of clauses: 2292930
unsat in 2 bits.
Number of variables: 342424
Number of clauses: 2462932
unsat in 4 bits.
Number of variables: 406552
Number of clauses: 2844010
../New_SAT_split/QF_NIA_2_55/20170427-VeryMax/SAT14/1379.smt2 : 2401115 ms.
--------------------------------------------------
Number of variables: 317571
Number of clauses: 2322064
unsat in 2 bits.
Number of variables: 346533
Number of clauses: 2493446
unsat in 4 bits.
Number of variables: 411087
Number of clauses: 2877292
../New_SAT_split/QF_NIA_2_55/20170427-VeryMax/SAT14/1380.smt2 : 2401089 ms.
--------------------------------------------------
Number of variables: 320320
Number of clauses: 2343128
unsat in 2 bits.
Number of variables: 349374
Number of clauses: 2515020
unsat in 4 bits.
Number of variables: 414112
Number of clauses: 2899886
unsat in 8 bits.
Number of variables: 569404
Number of clauses: 3830182
../New_SAT_split/QF_NIA_2_55/20170427-VeryMax/SAT14/1381.smt2 : 2401126 ms.
--------------------------------------------------
Number of variables: 323153
Number of clauses: 2364720
unsat in 2 bits.
Number of variables: 352315
Number of clauses: 2537250
unsat in 4 bits.
Number of variables: 417269
Number of clauses: 2923392
unsat in 8 bits.
Number of variables: 573007
Number of clauses: 3856296
sat
real sat
../New_SAT_split/QF_NIA_2_55/20170427-VeryMax/SAT14/1382.smt2 : 2322743 ms.
--------------------------------------------------
Number of variables: 326002
Number of clauses: 2386428
unsat in 2 bits.
Number of variables: 355272
Number of clauses: 2559596
unsat in 4 bits.
Number of variables: 420442
Number of clauses: 2947014
unsat in 8 bits.
Number of variables: 576626
Number of clauses: 3882526
sat
real sat
../New_SAT_split/QF_NIA_2_55/20170427-VeryMax/SAT14/1383.smt2 : 2090841 ms.
--------------------------------------------------
Number of variables: 328911
Number of clauses: 2408544
unsat in 2 bits.
Number of variables: 358305
Number of clauses: 2582478
unsat in 4 bits.
Number of variables: 423723
Number of clauses: 2971428
../New_SAT_split/QF_NIA_2_55/20170427-VeryMax/SAT14/1384.smt2 : 2401127 ms.
--------------------------------------------------
Number of variables: 332940
Number of clauses: 2438662
unsat in 2 bits.
Number of variables: 362562
Number of clauses: 2614104
unsat in 4 bits.
Number of variables: 428438
Number of clauses: 3006078
unsat in 8 bits.
Number of variables: 586060
Number of clauses: 3950806
../New_SAT_split/QF_NIA_2_55/20170427-VeryMax/SAT14/1385.smt2 : 2401113 ms.
--------------------------------------------------
Number of variables: 336519
Number of clauses: 2466284
unsat in 2 bits.
Number of variables: 366257
Number of clauses: 2642338
unsat in 4 bits.
Number of variables: 432365
Number of clauses: 3035536
../New_SAT_split/QF_NIA_2_55/20170427-VeryMax/SAT14/1386.smt2 : 2401105 ms.
--------------------------------------------------
Number of variables: 340222
Number of clauses: 2494794
unsat in 2 bits.
Number of variables: 370092
Number of clauses: 2671588
unsat in 4 bits.
Number of variables: 436464
Number of clauses: 3066266
unsat in 8 bits.
Number of variables: 595110
Number of clauses: 4016530
../New_SAT_split/QF_NIA_2_55/20170427-VeryMax/SAT14/1387.smt2 : 2401130 ms.
--------------------------------------------------
Number of variables: 343949
Number of clauses: 2523484
unsat in 2 bits.
Number of variables: 373951
Number of clauses: 2701018
unsat in 4 bits.
Number of variables: 440587
Number of clauses: 3097176
../New_SAT_split/QF_NIA_2_55/20170427-VeryMax/SAT14/1388.smt2 : 2401098 ms.
--------------------------------------------------
Number of variables: 347744
Number of clauses: 2552646
unsat in 2 bits.
Number of variables: 377894
Number of clauses: 2731048
unsat in 4 bits.
Number of variables: 444826
Number of clauses: 3128942
../New_SAT_split/QF_NIA_2_55/20170427-VeryMax/SAT14/1389.smt2 : 2401118 ms.
--------------------------------------------------
Number of variables: 351519
Number of clauses: 2581708
unsat in 2 bits.
Number of variables: 381801
Number of clauses: 2760850
unsat in 4 bits.
Number of variables: 448997
Number of clauses: 3160224
unsat in 8 bits.
Number of variables: 609339
Number of clauses: 4120072
../New_SAT_split/QF_NIA_2_55/20170427-VeryMax/SAT14/1390.smt2 : 2406038 ms.
--------------------------------------------------
Number of variables: 25767
Number of clauses: 146212
sat
real sat
../New_SAT_split/QF_NIA_2_55/20170427-VeryMax/SAT14/1391.smt2 : 3431 ms.
--------------------------------------------------
Number of variables: 26587
Number of clauses: 152232
sat
real sat
../New_SAT_split/QF_NIA_2_55/20170427-VeryMax/SAT14/1392.smt2 : 3441 ms.
--------------------------------------------------
Number of variables: 27605
Number of clauses: 159594
sat
real sat
../New_SAT_split/QF_NIA_2_55/20170427-VeryMax/SAT14/1393.smt2 : 3709 ms.
--------------------------------------------------
Number of variables: 28620
Number of clauses: 167102
sat
real sat
../New_SAT_split/QF_NIA_2_55/20170427-VeryMax/SAT14/1394.smt2 : 3759 ms.
--------------------------------------------------
Number of variables: 29449
Number of clauses: 172856
unsat in 2 bits.
Number of variables: 40149
Number of clauses: 228710
unsat in 4 bits.
Number of variables: 67825
Number of clauses: 380084
sat
real sat
../New_SAT_split/QF_NIA_2_55/20170427-VeryMax/SAT14/1395.smt2 : 32127 ms.
--------------------------------------------------
Number of variables: 30429
Number of clauses: 179724
unsat in 2 bits.
Number of variables: 41273
Number of clauses: 236504
unsat in 4 bits.
Number of variables: 69245
Number of clauses: 389762
sat
real sat
../New_SAT_split/QF_NIA_2_55/20170427-VeryMax/SAT14/1396.smt2 : 34276 ms.
--------------------------------------------------
Number of variables: 31337
Number of clauses: 186184
unsat in 2 bits.
Number of variables: 42293
Number of clauses: 243634
unsat in 4 bits.
Number of variables: 70497
Number of clauses: 398264
sat
real sat
../New_SAT_split/QF_NIA_2_55/20170427-VeryMax/SAT14/1397.smt2 : 41564 ms.
--------------------------------------------------
Number of variables: 32329
Number of clauses: 193196
unsat in 2 bits.
Number of variables: 43413
Number of clauses: 251444
unsat in 4 bits.
Number of variables: 71881
Number of clauses: 407702
sat
real sat
../New_SAT_split/QF_NIA_2_55/20170427-VeryMax/SAT14/1398.smt2 : 34784 ms.
--------------------------------------------------
Number of variables: 33345
Number of clauses: 200388
unsat in 2 bits.
Number of variables: 44557
Number of clauses: 259434
unsat in 4 bits.
Number of variables: 73289
Number of clauses: 417320
sat
real sat
../New_SAT_split/QF_NIA_2_55/20170427-VeryMax/SAT14/1399.smt2 : 40785 ms.
--------------------------------------------------
Number of variables: 34429
Number of clauses: 208052
unsat in 2 bits.
Number of variables: 45785
Number of clauses: 268024
unsat in 4 bits.
Number of variables: 74813
Number of clauses: 427794
sat
real sat
../New_SAT_split/QF_NIA_2_55/20170427-VeryMax/SAT14/1400.smt2 : 31930 ms.
--------------------------------------------------
Number of variables: 35545
Number of clauses: 215936
unsat in 2 bits.
Number of variables: 47045
Number of clauses: 276834
unsat in 4 bits.
Number of variables: 76369
Number of clauses: 438488
sat
real sat
../New_SAT_split/QF_NIA_2_55/20170427-VeryMax/SAT14/1401.smt2 : 35850 ms.
--------------------------------------------------
Number of variables: 36942
Number of clauses: 226004
unsat in 2 bits.
Number of variables: 48608
Number of clauses: 287996
unsat in 4 bits.
Number of variables: 78268
Number of clauses: 451854
sat
real sat
../New_SAT_split/QF_NIA_2_55/20170427-VeryMax/SAT14/1402.smt2 : 40195 ms.
--------------------------------------------------
Number of variables: 37713
Number of clauses: 231528
unsat in 2 bits.
Number of variables: 49455
Number of clauses: 293902
unsat in 4 bits.
Number of variables: 79271
Number of clauses: 458540
sat
real sat
../New_SAT_split/QF_NIA_2_55/20170427-VeryMax/SAT14/1403.smt2 : 42028 ms.
--------------------------------------------------
Number of variables: 39158
Number of clauses: 241968
unsat in 2 bits.
Number of variables: 51066
Number of clauses: 305436
unsat in 4 bits.
Number of variables: 81218
Number of clauses: 472278
sat
real sat
../New_SAT_split/QF_NIA_2_55/20170427-VeryMax/SAT14/1404.smt2 : 42651 ms.
--------------------------------------------------
Number of variables: 40047
Number of clauses: 248288
unsat in 2 bits.
Number of variables: 52047
Number of clauses: 312266
unsat in 4 bits.
Number of variables: 82385
Number of clauses: 480136
sat
real sat
../New_SAT_split/QF_NIA_2_55/20170427-VeryMax/SAT14/1405.smt2 : 42886 ms.
--------------------------------------------------
Number of variables: 41397
Number of clauses: 258146
unsat in 2 bits.
Number of variables: 53533
Number of clauses: 322896
unsat in 4 bits.
Number of variables: 84151
Number of clauses: 492342
sat
real sat
../New_SAT_split/QF_NIA_2_55/20170427-VeryMax/SAT14/1406.smt2 : 45043 ms.
--------------------------------------------------
Number of variables: 42430
Number of clauses: 265342
unsat in 2 bits.
Number of variables: 54690
Number of clauses: 330858
unsat in 4 bits.
Number of variables: 85558
Number of clauses: 501844
sat
real sat
../New_SAT_split/QF_NIA_2_55/20170427-VeryMax/SAT14/1407.smt2 : 40777 ms.
--------------------------------------------------
Number of variables: 43982
Number of clauses: 276464
unsat in 2 bits.
Number of variables: 56410
Number of clauses: 343008
unsat in 4 bits.
Number of variables: 87620
Number of clauses: 516074
sat
real sat
../New_SAT_split/QF_NIA_2_55/20170427-VeryMax/SAT14/1408.smt2 : 61097 ms.
--------------------------------------------------
Number of variables: 45599
Number of clauses: 288208
unsat in 2 bits.
Number of variables: 58209
Number of clauses: 355974
unsat in 4 bits.
Number of variables: 89787
Number of clauses: 531500
sat
real sat
../New_SAT_split/QF_NIA_2_55/20170427-VeryMax/SAT14/1409.smt2 : 51213 ms.
--------------------------------------------------
Number of variables: 46815
Number of clauses: 297068
unsat in 2 bits.
Number of variables: 59537
Number of clauses: 365504
unsat in 4 bits.
Number of variables: 91343
Number of clauses: 542386
sat
real sat
../New_SAT_split/QF_NIA_2_55/20170427-VeryMax/SAT14/1410.smt2 : 58771 ms.
--------------------------------------------------
Number of variables: 48387
Number of clauses: 308530
unsat in 2 bits.
Number of variables: 61261
Number of clauses: 377866
unsat in 4 bits.
Number of variables: 93377
Number of clauses: 556572
sat
real sat
../New_SAT_split/QF_NIA_2_55/20170427-VeryMax/SAT14/1411.smt2 : 56786 ms.
--------------------------------------------------
Number of variables: 50059
Number of clauses: 320600
unsat in 2 bits.
Number of variables: 63101
Number of clauses: 390964
unsat in 4 bits.
Number of variables: 95559
Number of clauses: 571750
sat
real sat
../New_SAT_split/QF_NIA_2_55/20170427-VeryMax/SAT14/1412.smt2 : 52943 ms.
--------------------------------------------------
Number of variables: 51204
Number of clauses: 328608
unsat in 2 bits.
Number of variables: 64370
Number of clauses: 399738
unsat in 4 bits.
Number of variables: 97078
Number of clauses: 582064
sat
real sat
../New_SAT_split/QF_NIA_2_55/20170427-VeryMax/SAT14/1413.smt2 : 53921 ms.
--------------------------------------------------
Number of variables: 53036
Number of clauses: 341694
unsat in 2 bits.
Number of variables: 66402
Number of clauses: 414108
unsat in 4 bits.
Number of variables: 99516
Number of clauses: 599026
sat
real sat
../New_SAT_split/QF_NIA_2_55/20170427-VeryMax/SAT14/1414.smt2 : 65992 ms.
--------------------------------------------------
Number of variables: 54840
Number of clauses: 354724
unsat in 2 bits.
Number of variables: 68390
Number of clauses: 428294
unsat in 4 bits.
Number of variables: 101878
Number of clauses: 615548
sat
real sat
../New_SAT_split/QF_NIA_2_55/20170427-VeryMax/SAT14/1415.smt2 : 51133 ms.
--------------------------------------------------
Number of variables: 56684
Number of clauses: 368038
unsat in 2 bits.
Number of variables: 70418
Number of clauses: 442764
unsat in 4 bits.
Number of variables: 104280
Number of clauses: 632354
sat
real sat
../New_SAT_split/QF_NIA_2_55/20170427-VeryMax/SAT14/1416.smt2 : 70241 ms.
--------------------------------------------------
Number of variables: 58171
Number of clauses: 378656
unsat in 2 bits.
Number of variables: 72053
Number of clauses: 454250
unsat in 4 bits.
Number of variables: 106215
Number of clauses: 645592
sat
real sat
../New_SAT_split/QF_NIA_2_55/20170427-VeryMax/SAT14/1417.smt2 : 60543 ms.
--------------------------------------------------
Number of variables: 59984
Number of clauses: 391988
unsat in 2 bits.
Number of variables: 74014
Number of clauses: 468540
unsat in 4 bits.
Number of variables: 108478
Number of clauses: 661822
sat
real sat
../New_SAT_split/QF_NIA_2_55/20170427-VeryMax/SAT14/1418.smt2 : 71824 ms.
--------------------------------------------------
Number of variables: 61864
Number of clauses: 405686
unsat in 2 bits.
Number of variables: 76062
Number of clauses: 483266
unsat in 4 bits.
Number of variables: 110868
Number of clauses: 678628
sat
real sat
../New_SAT_split/QF_NIA_2_55/20170427-VeryMax/SAT14/1419.smt2 : 66962 ms.
--------------------------------------------------
Number of variables: 63828
Number of clauses: 419960
unsat in 2 bits.
Number of variables: 78210
Number of clauses: 498696
unsat in 4 bits.
Number of variables: 113390
Number of clauses: 696394
sat
real sat
../New_SAT_split/QF_NIA_2_55/20170427-VeryMax/SAT14/1420.smt2 : 71455 ms.
--------------------------------------------------
Number of variables: 65789
Number of clauses: 434380
unsat in 2 bits.
Number of variables: 80335
Number of clauses: 514202
unsat in 4 bits.
Number of variables: 115849
Number of clauses: 714096
sat
real sat
../New_SAT_split/QF_NIA_2_55/20170427-VeryMax/SAT14/1421.smt2 : 75617 ms.
--------------------------------------------------
Number of variables: 67782
Number of clauses: 449044
unsat in 2 bits.
Number of variables: 82492
Number of clauses: 529952
unsat in 4 bits.
Number of variables: 118340
Number of clauses: 732042
sat
real sat
../New_SAT_split/QF_NIA_2_55/20170427-VeryMax/SAT14/1422.smt2 : 72250 ms.
--------------------------------------------------
Number of variables: 69842
Number of clauses: 464074
unsat in 2 bits.
Number of variables: 84736
Number of clauses: 546138
unsat in 4 bits.
Number of variables: 120958
Number of clauses: 750564
sat
real sat
../New_SAT_split/QF_NIA_2_55/20170427-VeryMax/SAT14/1423.smt2 : 63770 ms.
--------------------------------------------------
Number of variables: 71111
Number of clauses: 473170
unsat in 2 bits.
Number of variables: 86113
Number of clauses: 555872
unsat in 4 bits.
Number of variables: 122553
Number of clauses: 761582
sat
real sat
../New_SAT_split/QF_NIA_2_55/20170427-VeryMax/SAT14/1424.smt2 : 73534 ms.
--------------------------------------------------
Number of variables: 72456
Number of clauses: 482754
unsat in 2 bits.
Number of variables: 87582
Number of clauses: 566222
unsat in 4 bits.
Number of variables: 124272
Number of clauses: 773472
sat
real sat
../New_SAT_split/QF_NIA_2_55/20170427-VeryMax/SAT14/1425.smt2 : 97928 ms.
--------------------------------------------------
Number of variables: 73817
Number of clauses: 492454
unsat in 2 bits.
Number of variables: 89067
Number of clauses: 576688
unsat in 4 bits.
Number of variables: 126007
Number of clauses: 785478
sat
real sat
../New_SAT_split/QF_NIA_2_55/20170427-VeryMax/SAT14/1426.smt2 : 67243 ms.
--------------------------------------------------
Number of variables: 75238
Number of clauses: 502562
unsat in 2 bits.
Number of variables: 90628
Number of clauses: 587690
unsat in 4 bits.
Number of variables: 127850
Number of clauses: 798276
sat
real sat
../New_SAT_split/QF_NIA_2_55/20170427-VeryMax/SAT14/1427.smt2 : 99468 ms.
--------------------------------------------------
Number of variables: 76631
Number of clauses: 512506
unsat in 2 bits.
Number of variables: 92145
Number of clauses: 598400
unsat in 4 bits.
Number of variables: 129617
Number of clauses: 810526
sat
real sat
../New_SAT_split/QF_NIA_2_55/20170427-VeryMax/SAT14/1428.smt2 : 78520 ms.
--------------------------------------------------
Number of variables: 78092
Number of clauses: 522898
unsat in 2 bits.
Number of variables: 93746
Number of clauses: 609686
unsat in 4 bits.
Number of variables: 131500
Number of clauses: 823608
sat
real sat
../New_SAT_split/QF_NIA_2_55/20170427-VeryMax/SAT14/1429.smt2 : 98235 ms.
--------------------------------------------------
Number of variables: 79569
Number of clauses: 533406
unsat in 2 bits.
Number of variables: 95363
Number of clauses: 621088
unsat in 4 bits.
Number of variables: 133399
Number of clauses: 836806
sat
real sat
../New_SAT_split/QF_NIA_2_55/20170427-VeryMax/SAT14/1430.smt2 : 105098 ms.
--------------------------------------------------
Number of variables: 81106
Number of clauses: 544322
unsat in 2 bits.
Number of variables: 97056
Number of clauses: 633026
unsat in 4 bits.
Number of variables: 135406
Number of clauses: 850796
sat
real sat
../New_SAT_split/QF_NIA_2_55/20170427-VeryMax/SAT14/1431.smt2 : 113471 ms.
--------------------------------------------------
Number of variables: 82631
Number of clauses: 555154
unsat in 2 bits.
Number of variables: 98721
Number of clauses: 644752
unsat in 4 bits.
Number of variables: 137353
Number of clauses: 864318
sat
real sat
../New_SAT_split/QF_NIA_2_55/20170427-VeryMax/SAT14/1432.smt2 : 106929 ms.
--------------------------------------------------
Number of variables: 84172
Number of clauses: 566102
unsat in 2 bits.
Number of variables: 100402
Number of clauses: 656594
unsat in 4 bits.
Number of variables: 139316
Number of clauses: 877956
sat
real sat
../New_SAT_split/QF_NIA_2_55/20170427-VeryMax/SAT14/1433.smt2 : 117696 ms.
--------------------------------------------------
Number of variables: 85773
Number of clauses: 577458
unsat in 2 bits.
Number of variables: 102159
Number of clauses: 668972
unsat in 4 bits.
Number of variables: 141387
Number of clauses: 892386
sat
real sat
../New_SAT_split/QF_NIA_2_55/20170427-VeryMax/SAT14/1434.smt2 : 106403 ms.
--------------------------------------------------
Number of variables: 87346
Number of clauses: 588650
unsat in 2 bits.
Number of variables: 103872
Number of clauses: 681058
unsat in 4 bits.
Number of variables: 143382
Number of clauses: 906268
sat
real sat
../New_SAT_split/QF_NIA_2_55/20170427-VeryMax/SAT14/1435.smt2 : 141845 ms.
--------------------------------------------------
Number of variables: 88987
Number of clauses: 600290
unsat in 2 bits.
Number of variables: 105669
Number of clauses: 693720
unsat in 4 bits.
Number of variables: 145493
Number of clauses: 920982
sat
real sat
../New_SAT_split/QF_NIA_2_55/20170427-VeryMax/SAT14/1436.smt2 : 177930 ms.
--------------------------------------------------
Number of variables: 90398
Number of clauses: 610742
unsat in 2 bits.
Number of variables: 107172
Number of clauses: 704682
unsat in 4 bits.
Number of variables: 147180
Number of clauses: 932964
sat
real sat
../New_SAT_split/QF_NIA_2_55/20170427-VeryMax/SAT14/1437.smt2 : 107960 ms.
--------------------------------------------------
Number of variables: 91825
Number of clauses: 621310
unsat in 2 bits.
Number of variables: 108691
Number of clauses: 715760
unsat in 4 bits.
Number of variables: 148883
Number of clauses: 945062
sat
real sat
../New_SAT_split/QF_NIA_2_55/20170427-VeryMax/SAT14/1438.smt2 : 151723 ms.
--------------------------------------------------
Number of variables: 93312
Number of clauses: 632286
unsat in 2 bits.
Number of variables: 110286
Number of clauses: 727374
unsat in 4 bits.
Number of variables: 150694
Number of clauses: 957952
sat
real sat
../New_SAT_split/QF_NIA_2_55/20170427-VeryMax/SAT14/1439.smt2 : 169436 ms.
--------------------------------------------------
Number of variables: 94831
Number of clauses: 643446
unsat in 2 bits.
Number of variables: 111913
Number of clauses: 739172
unsat in 4 bits.
Number of variables: 152537
Number of clauses: 971026
sat
real sat
../New_SAT_split/QF_NIA_2_55/20170427-VeryMax/SAT14/1440.smt2 : 116419 ms.
--------------------------------------------------
Number of variables: 97204
Number of clauses: 661078
unsat in 2 bits.
Number of variables: 114466
Number of clauses: 758018
unsat in 4 bits.
Number of variables: 155456
Number of clauses: 992324
sat
real sat
../New_SAT_split/QF_NIA_2_55/20170427-VeryMax/SAT14/1441.smt2 : 144512 ms.
--------------------------------------------------
Number of variables: 98755
Number of clauses: 672482
unsat in 2 bits.
Number of variables: 116125
Number of clauses: 770060
unsat in 4 bits.
Number of variables: 157331
Number of clauses: 1005642
sat
real sat
../New_SAT_split/QF_NIA_2_55/20170427-VeryMax/SAT14/1442.smt2 : 121378 ms.
--------------------------------------------------
Number of variables: 100366
Number of clauses: 684294
unsat in 2 bits.
Number of variables: 117860
Number of clauses: 782638
unsat in 4 bits.
Number of variables: 159314
Number of clauses: 1019752
sat
real sat
../New_SAT_split/QF_NIA_2_55/20170427-VeryMax/SAT14/1443.smt2 : 111402 ms.
--------------------------------------------------
Number of variables: 102343
Number of clauses: 698884
unsat in 2 bits.
Number of variables: 119985
Number of clauses: 798096
unsat in 4 bits.
Number of variables: 161737
Number of clauses: 1036954
sat
real sat
../New_SAT_split/QF_NIA_2_55/20170427-VeryMax/SAT14/1444.smt2 : 171219 ms.
--------------------------------------------------
Number of variables: 104737
Number of clauses: 716746
unsat in 2 bits.
Number of variables: 122547
Number of clauses: 816986
unsat in 4 bits.
Number of variables: 164639
Number of clauses: 1057916
sat
real sat
../New_SAT_split/QF_NIA_2_55/20170427-VeryMax/SAT14/1445.smt2 : 141424 ms.
--------------------------------------------------
Number of variables: 107128
Number of clauses: 734754
unsat in 2 bits.
Number of variables: 125086
Number of clauses: 835952
unsat in 4 bits.
Number of variables: 167478
Number of clauses: 1078814
sat
real sat
../New_SAT_split/QF_NIA_2_55/20170427-VeryMax/SAT14/1446.smt2 : 139585 ms.
--------------------------------------------------
Number of variables: 109586
Number of clauses: 753116
unsat in 2 bits.
Number of variables: 127712
Number of clauses: 855342
unsat in 4 bits.
Number of variables: 170444
Number of clauses: 1100276
sat
real sat
../New_SAT_split/QF_NIA_2_55/20170427-VeryMax/SAT14/1447.smt2 : 173282 ms.
--------------------------------------------------
Number of variables: 112127
Number of clauses: 771888
unsat in 2 bits.
Number of variables: 130441
Number of clauses: 875212
unsat in 4 bits.
Number of variables: 173553
Number of clauses: 1122358
sat
real sat
../New_SAT_split/QF_NIA_2_55/20170427-VeryMax/SAT14/1448.smt2 : 144745 ms.
--------------------------------------------------
Number of variables: 114233
Number of clauses: 787596
unsat in 2 bits.
Number of variables: 132691
Number of clauses: 891846
unsat in 4 bits.
Number of variables: 176093
Number of clauses: 1140852
sat
real sat
../New_SAT_split/QF_NIA_2_55/20170427-VeryMax/SAT14/1449.smt2 : 163765 ms.
--------------------------------------------------
Number of variables: 116319
Number of clauses: 803204
unsat in 2 bits.
Number of variables: 134905
Number of clauses: 908252
unsat in 4 bits.
Number of variables: 178565
Number of clauses: 1158862
sat
real sat
../New_SAT_split/QF_NIA_2_55/20170427-VeryMax/SAT14/1450.smt2 : 170861 ms.
--------------------------------------------------
Number of variables: 118481
Number of clauses: 819324
unsat in 2 bits.
Number of variables: 137211
Number of clauses: 925298
unsat in 4 bits.
Number of variables: 181161
Number of clauses: 1177768
sat
real sat
../New_SAT_split/QF_NIA_2_55/20170427-VeryMax/SAT14/1451.smt2 : 148067 ms.
--------------------------------------------------
Number of variables: 120667
Number of clauses: 835624
unsat in 2 bits.
Number of variables: 139541
Number of clauses: 942524
unsat in 4 bits.
Number of variables: 183781
Number of clauses: 1196854
sat
real sat
../New_SAT_split/QF_NIA_2_55/20170427-VeryMax/SAT14/1452.smt2 : 146090 ms.
--------------------------------------------------
Number of variables: 122921
Number of clauses: 852396
unsat in 2 bits.
Number of variables: 141955
Number of clauses: 960350
unsat in 4 bits.
Number of variables: 186517
Number of clauses: 1216796
sat
real sat
../New_SAT_split/QF_NIA_2_55/20170427-VeryMax/SAT14/1453.smt2 : 169832 ms.
--------------------------------------------------
Number of variables: 125043
Number of clauses: 868424
unsat in 2 bits.
Number of variables: 144189
Number of clauses: 977048
unsat in 4 bits.
Number of variables: 188977
Number of clauses: 1234842
sat
real sat
../New_SAT_split/QF_NIA_2_55/20170427-VeryMax/SAT14/1454.smt2 : 256160 ms.
--------------------------------------------------
Number of variables: 127257
Number of clauses: 885044
unsat in 2 bits.
Number of variables: 146531
Number of clauses: 994466
unsat in 4 bits.
Number of variables: 191577
Number of clauses: 1253864
sat
real sat
../New_SAT_split/QF_NIA_2_55/20170427-VeryMax/SAT14/1455.smt2 : 164740 ms.
--------------------------------------------------
Number of variables: 129495
Number of clauses: 901844
unsat in 2 bits.
Number of variables: 148897
Number of clauses: 1012064
unsat in 4 bits.
Number of variables: 194201
Number of clauses: 1273066
sat
real sat
../New_SAT_split/QF_NIA_2_55/20170427-VeryMax/SAT14/1456.smt2 : 236675 ms.
--------------------------------------------------
Number of variables: 131801
Number of clauses: 919116
unsat in 2 bits.
Number of variables: 151347
Number of clauses: 1030262
unsat in 4 bits.
Number of variables: 196941
Number of clauses: 1293124
sat
real sat
../New_SAT_split/QF_NIA_2_55/20170427-VeryMax/SAT14/1457.smt2 : 201447 ms.
--------------------------------------------------
Number of variables: 134087
Number of clauses: 936288
unsat in 2 bits.
Number of variables: 153761
Number of clauses: 1048232
unsat in 4 bits.
Number of variables: 199613
Number of clauses: 1312698
sat
real sat
../New_SAT_split/QF_NIA_2_55/20170427-VeryMax/SAT14/1458.smt2 : 195828 ms.
--------------------------------------------------
Number of variables: 136449
Number of clauses: 953972
unsat in 2 bits.
Number of variables: 156267
Number of clauses: 1066842
unsat in 4 bits.
Number of variables: 202409
Number of clauses: 1333168
sat
real sat
../New_SAT_split/QF_NIA_2_55/20170427-VeryMax/SAT14/1459.smt2 : 209158 ms.
--------------------------------------------------
Number of variables: 138835
Number of clauses: 971836
unsat in 2 bits.
Number of variables: 158797
Number of clauses: 1085632
unsat in 4 bits.
Number of variables: 205229
Number of clauses: 1353818
sat
real sat
../New_SAT_split/QF_NIA_2_55/20170427-VeryMax/SAT14/1460.smt2 : 237698 ms.
