--------------------------------------------------
Number of variables: 693911
Number of clauses: 5255458
unsat in 2 bits.
Number of variables: 731110
Number of clauses: 5478893
../New_SAT_split/QF_NIA_2_28/20170427-VeryMax/SAT14/1228.smt2 : 2401096 ms.
--------------------------------------------------
Number of variables: 699955
Number of clauses: 5302480
unsat in 2 bits.
Number of variables: 737338
Number of clauses: 5527071
../New_SAT_split/QF_NIA_2_28/20170427-VeryMax/SAT14/1229.smt2 : 2401064 ms.
--------------------------------------------------
Number of variables: 705916
Number of clauses: 5349112
unsat in 2 bits.
Number of variables: 743475
Number of clauses: 5574689
../New_SAT_split/QF_NIA_2_28/20170427-VeryMax/SAT14/1230.smt2 : 2401094 ms.
--------------------------------------------------
Number of variables: 712125
Number of clauses: 5397088
unsat in 2 bits.
Number of variables: 749904
Number of clauses: 5624019
../New_SAT_split/QF_NIA_2_28/20170427-VeryMax/SAT14/1231.smt2 : 2401097 ms.
--------------------------------------------------
Number of variables: 716916
Number of clauses: 5434270
unsat in 2 bits.
Number of variables: 754843
Number of clauses: 5662069
unsat in 4 bits.
Number of variables: 835959
Number of clauses: 6148903
../New_SAT_split/QF_NIA_2_28/20170427-VeryMax/SAT14/1232.smt2 : 2401098 ms.
--------------------------------------------------
Number of variables: 722611
Number of clauses: 5478624
unsat in 2 bits.
Number of variables: 760686
Number of clauses: 5707291
../New_SAT_split/QF_NIA_2_28/20170427-VeryMax/SAT14/1233.smt2 : 2401101 ms.
--------------------------------------------------
Number of variables: 728790
Number of clauses: 5526616
unsat in 2 bits.
Number of variables: 767053
Number of clauses: 5756381
../New_SAT_split/QF_NIA_2_28/20170427-VeryMax/SAT14/1234.smt2 : 2401085 ms.
--------------------------------------------------
Number of variables: 734947
Number of clauses: 5574724
../New_SAT_split/QF_NIA_2_28/20170427-VeryMax/SAT14/1235.smt2 : 2401104 ms.
--------------------------------------------------
Number of variables: 739834
Number of clauses: 5612614
unsat in 2 bits.
Number of variables: 778393
Number of clauses: 5844205
../New_SAT_split/QF_NIA_2_28/20170427-VeryMax/SAT14/1236.smt2 : 2401090 ms.
--------------------------------------------------
Number of variables: 745685
Number of clauses: 5658036
unsat in 2 bits.
Number of variables: 784408
Number of clauses: 5890623
../New_SAT_split/QF_NIA_2_28/20170427-VeryMax/SAT14/1237.smt2 : 2401095 ms.
--------------------------------------------------
Number of variables: 751974
Number of clauses: 5707068
unsat in 2 bits.
Number of variables: 790861
Number of clauses: 5940741
../New_SAT_split/QF_NIA_2_28/20170427-VeryMax/SAT14/1238.smt2 : 2401083 ms.
--------------------------------------------------
Number of variables: 756977
Number of clauses: 5745790
unsat in 2 bits.
Number of variables: 796028
Number of clauses: 5980459
../New_SAT_split/QF_NIA_2_28/20170427-VeryMax/SAT14/1239.smt2 : 2401114 ms.
--------------------------------------------------
Number of variables: 762020
Number of clauses: 5784748
unsat in 2 bits.
Number of variables: 801235
Number of clauses: 6020413
../New_SAT_split/QF_NIA_2_28/20170427-VeryMax/SAT14/1240.smt2 : 2401119 ms.
--------------------------------------------------
Number of variables: 768459
Number of clauses: 5834628
unsat in 2 bits.
Number of variables: 807878
Number of clauses: 6071519
../New_SAT_split/QF_NIA_2_28/20170427-VeryMax/SAT14/1241.smt2 : 2404081 ms.
--------------------------------------------------
Number of variables: 774895
Number of clauses: 5884678
unsat in 2 bits.
Number of variables: 814498
Number of clauses: 6122725
../New_SAT_split/QF_NIA_2_28/20170427-VeryMax/SAT14/1242.smt2 : 2401168 ms.
--------------------------------------------------
Number of variables: 781363
Number of clauses: 5934972
../New_SAT_split/QF_NIA_2_28/20170427-VeryMax/SAT14/1243.smt2 : 2401166 ms.
--------------------------------------------------
Number of variables: 787907
Number of clauses: 5985802
unsat in 2 bits.
Number of variables: 827894
Number of clauses: 6226289
../New_SAT_split/QF_NIA_2_28/20170427-VeryMax/SAT14/1244.smt2 : 2407461 ms.
--------------------------------------------------
Number of variables: 794439
Number of clauses: 6036608
unsat in 2 bits.
Number of variables: 834610
Number of clauses: 6278251
../New_SAT_split/QF_NIA_2_28/20170427-VeryMax/SAT14/1245.smt2 : 2401245 ms.
--------------------------------------------------
Number of variables: 800935
Number of clauses: 6087306
../New_SAT_split/QF_NIA_2_28/20170427-VeryMax/SAT14/1246.smt2 : 2401251 ms.
--------------------------------------------------
Number of variables: 807618
Number of clauses: 6139042
unsat in 2 bits.
Number of variables: 848177
Number of clauses: 6383067
../New_SAT_split/QF_NIA_2_28/20170427-VeryMax/SAT14/1247.smt2 : 2401194 ms.
--------------------------------------------------
Number of variables: 814246
Number of clauses: 6190616
unsat in 2 bits.
Number of variables: 854989
Number of clauses: 6435797
../New_SAT_split/QF_NIA_2_28/20170427-VeryMax/SAT14/1248.smt2 : 2401213 ms.
--------------------------------------------------
Number of variables: 820993
Number of clauses: 6242852
unsat in 2 bits.
Number of variables: 861956
Number of clauses: 6489387
../New_SAT_split/QF_NIA_2_28/20170427-VeryMax/SAT14/1249.smt2 : 2401204 ms.
--------------------------------------------------
Number of variables: 827633
Number of clauses: 6294654
unsat in 2 bits.
Number of variables: 868764
Number of clauses: 6542217
../New_SAT_split/QF_NIA_2_28/20170427-VeryMax/SAT14/1250.smt2 : 2402192 ms.
--------------------------------------------------
Number of variables: 834305
Number of clauses: 6346700
unsat in 2 bits.
Number of variables: 875604
Number of clauses: 6595291
../New_SAT_split/QF_NIA_2_28/20170427-VeryMax/SAT14/1251.smt2 : 2401199 ms.
--------------------------------------------------
Number of variables: 841053
Number of clauses: 6399282
unsat in 2 bits.
Number of variables: 882536
Number of clauses: 6649029
../New_SAT_split/QF_NIA_2_28/20170427-VeryMax/SAT14/1252.smt2 : 2407033 ms.
--------------------------------------------------
Number of variables: 847789
Number of clauses: 6451828
unsat in 2 bits.
Number of variables: 889440
Number of clauses: 6702603
../New_SAT_split/QF_NIA_2_28/20170427-VeryMax/SAT14/1253.smt2 : 2401169 ms.
--------------------------------------------------
Number of variables: 854609
Number of clauses: 6504950
unsat in 2 bits.
Number of variables: 896444
Number of clauses: 6756881
../New_SAT_split/QF_NIA_2_28/20170427-VeryMax/SAT14/1254.smt2 : 2401185 ms.
--------------------------------------------------
Number of variables: 861461
Number of clauses: 6558316
unsat in 2 bits.
Number of variables: 903480
Number of clauses: 6811403
../New_SAT_split/QF_NIA_2_28/20170427-VeryMax/SAT14/1255.smt2 : 2401203 ms.
--------------------------------------------------
Number of variables: 868380
Number of clauses: 6612048
unsat in 2 bits.
Number of variables: 910603
Number of clauses: 6866361
../New_SAT_split/QF_NIA_2_28/20170427-VeryMax/SAT14/1256.smt2 : 2401210 ms.
--------------------------------------------------
Number of variables: 872987
Number of clauses: 6648172
unsat in 2 bits.
Number of variables: 915286
Number of clauses: 6902867
../New_SAT_split/QF_NIA_2_28/20170427-VeryMax/SAT14/1257.smt2 : 2407857 ms.
--------------------------------------------------
Number of variables: 877846
Number of clauses: 6685776
unsat in 2 bits.
Number of variables: 920269
Number of clauses: 6941237
../New_SAT_split/QF_NIA_2_28/20170427-VeryMax/SAT14/1258.smt2 : 2401191 ms.
--------------------------------------------------
Number of variables: 884202
Number of clauses: 6735336
unsat in 2 bits.
Number of variables: 926785
Number of clauses: 6991851
../New_SAT_split/QF_NIA_2_28/20170427-VeryMax/SAT14/1259.smt2 : 2401182 ms.
--------------------------------------------------
Number of variables: 888949
Number of clauses: 6772404
unsat in 2 bits.
Number of variables: 931624
Number of clauses: 7029429
../New_SAT_split/QF_NIA_2_28/20170427-VeryMax/SAT14/1260.smt2 : 2401207 ms.
--------------------------------------------------
Number of variables: 895249
Number of clauses: 6821684
unsat in 2 bits.
Number of variables: 938052
Number of clauses: 7079507
../New_SAT_split/QF_NIA_2_28/20170427-VeryMax/SAT14/1261.smt2 : 2419117 ms.
--------------------------------------------------
Number of variables: 900208
Number of clauses: 6860052
unsat in 2 bits.
Number of variables: 943151
Number of clauses: 7118769
../New_SAT_split/QF_NIA_2_28/20170427-VeryMax/SAT14/1262.smt2 : 2401198 ms.
--------------------------------------------------
Number of variables: 906608
Number of clauses: 6910012
unsat in 2 bits.
Number of variables: 949695
Number of clauses: 7169655
../New_SAT_split/QF_NIA_2_28/20170427-VeryMax/SAT14/1263.smt2 : 2401207 ms.
--------------------------------------------------
Number of variables: 911563
Number of clauses: 6948384
unsat in 2 bits.
Number of variables: 954774
Number of clauses: 7208793
../New_SAT_split/QF_NIA_2_28/20170427-VeryMax/SAT14/1264.smt2 : 2401181 ms.
--------------------------------------------------
Number of variables: 918003
Number of clauses: 6998652
unsat in 2 bits.
Number of variables: 961358
Number of clauses: 7259987
../New_SAT_split/QF_NIA_2_28/20170427-VeryMax/SAT14/1265.smt2 : 2401179 ms.
--------------------------------------------------
Number of variables: 923633
Number of clauses: 7042288
unsat in 2 bits.
Number of variables: 967148
Number of clauses: 7304677
../New_SAT_split/QF_NIA_2_28/20170427-VeryMax/SAT14/1266.smt2 : 2401179 ms.
--------------------------------------------------
Number of variables: 52357
Number of clauses: 324042
sat
real sat
../New_SAT_split/QF_NIA_2_28/20170427-VeryMax/SAT14/1267.smt2 : 5404 ms.
--------------------------------------------------
Number of variables: 53240
Number of clauses: 330638
sat
real sat
../New_SAT_split/QF_NIA_2_28/20170427-VeryMax/SAT14/1268.smt2 : 5830 ms.
--------------------------------------------------
Number of variables: 54468
Number of clauses: 339922
sat
real sat
../New_SAT_split/QF_NIA_2_28/20170427-VeryMax/SAT14/1269.smt2 : 6910 ms.
--------------------------------------------------
Number of variables: 55755
Number of clauses: 349508
sat
real sat
../New_SAT_split/QF_NIA_2_28/20170427-VeryMax/SAT14/1270.smt2 : 5194 ms.
--------------------------------------------------
Number of variables: 57349
Number of clauses: 361478
sat
real sat
../New_SAT_split/QF_NIA_2_28/20170427-VeryMax/SAT14/1271.smt2 : 4548 ms.
--------------------------------------------------
Number of variables: 58340
Number of clauses: 368834
sat
real sat
../New_SAT_split/QF_NIA_2_28/20170427-VeryMax/SAT14/1272.smt2 : 6700 ms.
--------------------------------------------------
Number of variables: 60017
Number of clauses: 381298
sat
real sat
../New_SAT_split/QF_NIA_2_28/20170427-VeryMax/SAT14/1273.smt2 : 7661 ms.
--------------------------------------------------
Number of variables: 61328
Number of clauses: 391076
sat
real sat
../New_SAT_split/QF_NIA_2_28/20170427-VeryMax/SAT14/1274.smt2 : 6654 ms.
--------------------------------------------------
Number of variables: 63026
Number of clauses: 403878
sat
real sat
../New_SAT_split/QF_NIA_2_28/20170427-VeryMax/SAT14/1275.smt2 : 4594 ms.
--------------------------------------------------
Number of variables: 64721
Number of clauses: 416826
sat
real sat
../New_SAT_split/QF_NIA_2_28/20170427-VeryMax/SAT14/1276.smt2 : 3798 ms.
--------------------------------------------------
Number of variables: 65874
Number of clauses: 425226
unsat in 2 bits.
Number of variables: 78579
Number of clauses: 497261
unsat in 4 bits.
Number of variables: 108387
Number of clauses: 669111
sat
real sat
../New_SAT_split/QF_NIA_2_28/20170427-VeryMax/SAT14/1277.smt2 : 232052 ms.
--------------------------------------------------
Number of variables: 67043
Number of clauses: 433742
unsat in 2 bits.
Number of variables: 79856
Number of clauses: 506415
unsat in 4 bits.
Number of variables: 109886
Number of clauses: 679565
sat
real sat
../New_SAT_split/QF_NIA_2_28/20170427-VeryMax/SAT14/1278.smt2 : 339480 ms.
--------------------------------------------------
Number of variables: 68272
Number of clauses: 442666
unsat in 2 bits.
Number of variables: 81209
Number of clauses: 516105
unsat in 4 bits.
Number of variables: 111493
Number of clauses: 690811
sat
real sat
../New_SAT_split/QF_NIA_2_28/20170427-VeryMax/SAT14/1279.smt2 : 305736 ms.
--------------------------------------------------
Number of variables: 69421
Number of clauses: 451118
unsat in 2 bits.
Number of variables: 82450
Number of clauses: 525067
unsat in 4 bits.
Number of variables: 112924
Number of clauses: 700817
sat
real sat
../New_SAT_split/QF_NIA_2_28/20170427-VeryMax/SAT14/1280.smt2 : 400257 ms.
--------------------------------------------------
Number of variables: 70646
Number of clauses: 460058
unsat in 2 bits.
Number of variables: 83783
Number of clauses: 534645
unsat in 4 bits.
Number of variables: 114479
Number of clauses: 711695
sat
real sat
../New_SAT_split/QF_NIA_2_28/20170427-VeryMax/SAT14/1281.smt2 : 372148 ms.
--------------------------------------------------
Number of variables: 71887
Number of clauses: 469114
unsat in 2 bits.
Number of variables: 85132
Number of clauses: 544339
unsat in 4 bits.
Number of variables: 116050
Number of clauses: 722689
sat
real sat
../New_SAT_split/QF_NIA_2_28/20170427-VeryMax/SAT14/1282.smt2 : 324017 ms.
--------------------------------------------------
Number of variables: 73188
Number of clauses: 478578
unsat in 2 bits.
Number of variables: 86557
Number of clauses: 554569
unsat in 4 bits.
Number of variables: 117729
Number of clauses: 734475
sat
real sat
../New_SAT_split/QF_NIA_2_28/20170427-VeryMax/SAT14/1283.smt2 : 351642 ms.
--------------------------------------------------
Number of variables: 74461
Number of clauses: 487878
unsat in 2 bits.
Number of variables: 87938
Number of clauses: 564507
unsat in 4 bits.
Number of variables: 119332
Number of clauses: 745713
sat
real sat
../New_SAT_split/QF_NIA_2_28/20170427-VeryMax/SAT14/1284.smt2 : 445075 ms.
--------------------------------------------------
Number of variables: 75802
Number of clauses: 497626
unsat in 2 bits.
Number of variables: 89403
Number of clauses: 575021
unsat in 4 bits.
Number of variables: 121051
Number of clauses: 757783
sat
real sat
../New_SAT_split/QF_NIA_2_28/20170427-VeryMax/SAT14/1285.smt2 : 304280 ms.
--------------------------------------------------
Number of variables: 77159
Number of clauses: 507490
unsat in 2 bits.
Number of variables: 90884
Number of clauses: 585651
unsat in 4 bits.
Number of variables: 122786
Number of clauses: 769969
sat
real sat
../New_SAT_split/QF_NIA_2_28/20170427-VeryMax/SAT14/1286.smt2 : 326462 ms.
--------------------------------------------------
Number of variables: 78576
Number of clauses: 517762
unsat in 2 bits.
Number of variables: 92441
Number of clauses: 596817
unsat in 4 bits.
Number of variables: 124629
Number of clauses: 782947
sat
real sat
../New_SAT_split/QF_NIA_2_28/20170427-VeryMax/SAT14/1287.smt2 : 357927 ms.
--------------------------------------------------
Number of variables: 79787
Number of clauses: 526806
unsat in 2 bits.
Number of variables: 93728
Number of clauses: 606243
unsat in 4 bits.
Number of variables: 126072
Number of clauses: 793153
sat
real sat
../New_SAT_split/QF_NIA_2_28/20170427-VeryMax/SAT14/1288.smt2 : 333729 ms.
--------------------------------------------------
Number of variables: 81090
Number of clauses: 536482
unsat in 2 bits.
Number of variables: 95123
Number of clauses: 616429
unsat in 4 bits.
Number of variables: 127655
Number of clauses: 804375
sat
real sat
../New_SAT_split/QF_NIA_2_28/20170427-VeryMax/SAT14/1289.smt2 : 420668 ms.
--------------------------------------------------
Number of variables: 82409
Number of clauses: 546274
unsat in 2 bits.
Number of variables: 96534
Number of clauses: 626731
unsat in 4 bits.
Number of variables: 129254
Number of clauses: 815713
sat
real sat
../New_SAT_split/QF_NIA_2_28/20170427-VeryMax/SAT14/1290.smt2 : 347223 ms.
--------------------------------------------------
Number of variables: 83788
Number of clauses: 556474
unsat in 2 bits.
Number of variables: 98021
Number of clauses: 637569
unsat in 4 bits.
Number of variables: 130961
Number of clauses: 827843
sat
real sat
../New_SAT_split/QF_NIA_2_28/20170427-VeryMax/SAT14/1291.smt2 : 517420 ms.
--------------------------------------------------
Number of variables: 85139
Number of clauses: 566510
unsat in 2 bits.
Number of variables: 99464
Number of clauses: 648115
unsat in 4 bits.
Number of variables: 132592
Number of clauses: 839425
sat
real sat
../New_SAT_split/QF_NIA_2_28/20170427-VeryMax/SAT14/1292.smt2 : 420856 ms.
--------------------------------------------------
Number of variables: 86558
Number of clauses: 576994
unsat in 2 bits.
Number of variables: 100991
Number of clauses: 659237
unsat in 4 bits.
Number of variables: 134339
Number of clauses: 851839
sat
real sat
../New_SAT_split/QF_NIA_2_28/20170427-VeryMax/SAT14/1293.smt2 : 385458 ms.
--------------------------------------------------
Number of variables: 87993
Number of clauses: 587594
unsat in 2 bits.
Number of variables: 102534
Number of clauses: 670475
unsat in 4 bits.
Number of variables: 136102
Number of clauses: 864369
sat
real sat
../New_SAT_split/QF_NIA_2_28/20170427-VeryMax/SAT14/1294.smt2 : 296917 ms.
--------------------------------------------------
Number of variables: 89488
Number of clauses: 598602
unsat in 2 bits.
Number of variables: 104153
Number of clauses: 682249
unsat in 4 bits.
Number of variables: 137973
Number of clauses: 877691
sat
real sat
../New_SAT_split/QF_NIA_2_28/20170427-VeryMax/SAT14/1295.smt2 : 370249 ms.
--------------------------------------------------
Number of variables: 90903
Number of clauses: 609138
unsat in 2 bits.
Number of variables: 105660
Number of clauses: 693295
unsat in 4 bits.
Number of variables: 139668
Number of clauses: 889773
sat
real sat
../New_SAT_split/QF_NIA_2_28/20170427-VeryMax/SAT14/1296.smt2 : 373526 ms.
--------------------------------------------------
Number of variables: 92394
Number of clauses: 620162
unsat in 2 bits.
Number of variables: 107259
Number of clauses: 704957
unsat in 4 bits.
Number of variables: 141487
Number of clauses: 902727
sat
real sat
../New_SAT_split/QF_NIA_2_28/20170427-VeryMax/SAT14/1297.smt2 : 348354 ms.
--------------------------------------------------
Number of variables: 93901
Number of clauses: 631302
unsat in 2 bits.
Number of variables: 108874
Number of clauses: 716735
unsat in 4 bits.
Number of variables: 143322
Number of clauses: 915797
sat
real sat
../New_SAT_split/QF_NIA_2_28/20170427-VeryMax/SAT14/1298.smt2 : 439140 ms.
--------------------------------------------------
Number of variables: 95468
Number of clauses: 642850
unsat in 2 bits.
Number of variables: 110565
Number of clauses: 729049
unsat in 4 bits.
Number of variables: 145265
Number of clauses: 929659
sat
real sat
../New_SAT_split/QF_NIA_2_28/20170427-VeryMax/SAT14/1299.smt2 : 460137 ms.
--------------------------------------------------
Number of variables: 97007
Number of clauses: 654234
unsat in 2 bits.
Number of variables: 112212
Number of clauses: 741071
unsat in 4 bits.
Number of variables: 147132
Number of clauses: 942973
sat
real sat
../New_SAT_split/QF_NIA_2_28/20170427-VeryMax/SAT14/1300.smt2 : 372895 ms.
