--------------------------------------------------
Number of variables: 81149
Number of clauses: 389925
unsat in 2 bits.
Number of variables: 123618
Number of clauses: 615057
sat
real sat
../New_SAT_split/QF_NIA_2_57/20170427-VeryMax/ITS/From_AProVE_2014__juHashMapCreateIteratorEntryLoop.jar-obl-12__p3352_safety_0.smt2 : 34192 ms.
--------------------------------------------------
Number of variables: 472883
Number of clauses: 2230207
unsat in 2 bits.
Number of variables: 787724
Number of clauses: 3841322
sat
real sat
../New_SAT_split/QF_NIA_2_57/20170427-VeryMax/ITS/From_AProVE_2014__juHashMapCreateIteratorEntryLoop.jar-obl-12__p3362_edge_closing_0.smt2 : 389263 ms.
--------------------------------------------------
Number of variables: 830428
Number of clauses: 3899841
unsat in 2 bits.
Number of variables: 1385084
Number of clauses: 6761186
../New_SAT_split/QF_NIA_2_57/20170427-VeryMax/ITS/From_AProVE_2014__juHashMapCreateIteratorEntryLoop.jar-obl-12__p3363_edge_closing_0.smt2 : 2401071 ms.
--------------------------------------------------
Number of variables: 46248
Number of clauses: 221175
unsat in 2 bits.
Number of variables: 69598
Number of clauses: 344471
sat
real sat
../New_SAT_split/QF_NIA_2_57/20170427-VeryMax/ITS/From_AProVE_2014__juHashMapCreateIteratorKeyLoop.jar-obl-12__p3434_safety_0.smt2 : 2251 ms.
--------------------------------------------------
Number of variables: 83028
Number of clauses: 400823
unsat in 2 bits.
Number of variables: 126502
Number of clauses: 631679
sat
real sat
../New_SAT_split/QF_NIA_2_57/20170427-VeryMax/ITS/From_AProVE_2014__juHashMapCreateIteratorKeyLoop.jar-obl-12__p3435_safety_0.smt2 : 16047 ms.
--------------------------------------------------
Number of variables: 59978
Number of clauses: 287912
unsat in 2 bits.
Number of variables: 84750
Number of clauses: 420766
unsat in 4 bits.
Number of variables: 150834
Number of clauses: 791762
unsat in 8 bits.
Number of variables: 347514
Number of clauses: 1942874
unsat in 16 bits.
Number of variables: 996730
Number of clauses: 5865552
sat
real sat
../New_SAT_split/QF_NIA_2_57/20170427-VeryMax/ITS/From_AProVE_2014__juHashMapCreateIteratorKeyLoop.jar-obl-12__p3439_safety_0.smt2 : 1580305 ms.
--------------------------------------------------
Number of variables: 50528
Number of clauses: 244892
unsat in 2 bits.
Number of variables: 74980
Number of clauses: 374006
sat
real sat
../New_SAT_split/QF_NIA_2_57/20170427-VeryMax/ITS/From_AProVE_2014__juHashMapCreateIteratorKeyLoop.jar-obl-12__p3696_safety_0.smt2 : 9895 ms.
--------------------------------------------------
Number of variables: 89095
Number of clauses: 434311
unsat in 2 bits.
Number of variables: 134103
Number of clauses: 673202
sat
real sat
../New_SAT_split/QF_NIA_2_57/20170427-VeryMax/ITS/From_AProVE_2014__juHashMapCreateIteratorKeyLoop.jar-obl-12__p3697_safety_0.smt2 : 37975 ms.
--------------------------------------------------
Number of variables: 50580
Number of clauses: 245204
unsat in 2 bits.
Number of variables: 75048
Number of clauses: 374446
sat
real sat
../New_SAT_split/QF_NIA_2_57/20170427-VeryMax/ITS/From_AProVE_2014__juHashMapCreateIteratorKeyLoop.jar-obl-12__p3701_safety_0.smt2 : 9026 ms.
--------------------------------------------------
Number of variables: 89173
Number of clauses: 434779
unsat in 2 bits.
Number of variables: 134205
Number of clauses: 673862
sat
real sat
../New_SAT_split/QF_NIA_2_57/20170427-VeryMax/ITS/From_AProVE_2014__juHashMapCreateIteratorKeyLoop.jar-obl-12__p3702_safety_0.smt2 : 16383 ms.
--------------------------------------------------
Number of variables: 50724
Number of clauses: 245433
unsat in 2 bits.
Number of variables: 75856
Number of clauses: 377997
sat
real sat
../New_SAT_split/QF_NIA_2_57/20170427-VeryMax/ITS/From_AProVE_2014__juHashMapCreateIteratorKeyLoop.jar-obl-12__p3821_safety_0.smt2 : 7393 ms.
--------------------------------------------------
Number of variables: 137945
Number of clauses: 676850
unsat in 2 bits.
Number of variables: 194587
Number of clauses: 989134
sat
real sat
../New_SAT_split/QF_NIA_2_57/20170427-VeryMax/ITS/From_AProVE_2014__juHashMapCreateIteratorValueLoop.jar-obl-12__p4107_safety_0.smt2 : 17086 ms.
--------------------------------------------------
Number of variables: 48889
Number of clauses: 234827
unsat in 2 bits.
Number of variables: 72907
Number of clauses: 361395
sat
real sat
../New_SAT_split/QF_NIA_2_57/20170427-VeryMax/ITS/From_AProVE_2014__juHashMapCreateIteratorValueLoop.jar-obl-12__p4315_safety_0.smt2 : 7568 ms.
--------------------------------------------------
Number of variables: 62586
Number of clauses: 325118
unsat in 2 bits.
Number of variables: 93876
Number of clauses: 485428
sat
real sat
../New_SAT_split/QF_NIA_2_57/20170427-VeryMax/ITS/From_AProVE_2014__juHashMapCreatePut.jar-obl-10__p5405_terminationG_0.smt2 : 8818 ms.
--------------------------------------------------
Number of variables: 117834
Number of clauses: 598170
unsat in 2 bits.
Number of variables: 181098
Number of clauses: 926772
sat
real sat
../New_SAT_split/QF_NIA_2_57/20170427-VeryMax/ITS/From_AProVE_2014__juHashMapCreatePut.jar-obl-10__p5406_terminationG_0.smt2 : 38461 ms.
--------------------------------------------------
Number of variables: 190956
Number of clauses: 961284
unsat in 2 bits.
Number of variables: 297218
Number of clauses: 1516278
sat
real sat
../New_SAT_split/QF_NIA_2_57/20170427-VeryMax/ITS/From_AProVE_2014__juHashMapCreatePut.jar-obl-10__p5407_terminationG_0.smt2 : 75864 ms.
--------------------------------------------------
Number of variables: 87734
Number of clauses: 428301
unsat in 2 bits.
Number of variables: 133784
Number of clauses: 671569
sat
real sat
../New_SAT_split/QF_NIA_2_57/20170427-VeryMax/ITS/From_AProVE_2014__juHashMapCreatePut.jar-obl-10__p5420_safety_0.smt2 : 12587 ms.
--------------------------------------------------
Number of variables: 47605
Number of clauses: 230453
unsat in 2 bits.
Number of variables: 71705
Number of clauses: 356489
sat
real sat
../New_SAT_split/QF_NIA_2_57/20170427-VeryMax/ITS/From_AProVE_2014__juHashMapCreatePut.jar-obl-10__p5427_safety_0.smt2 : 4106 ms.
--------------------------------------------------
Number of variables: 85997
Number of clauses: 418624
unsat in 2 bits.
Number of variables: 130649
Number of clauses: 654221
sat
real sat
../New_SAT_split/QF_NIA_2_57/20170427-VeryMax/ITS/From_AProVE_2014__juHashMapCreatePut.jar-obl-10__p5428_safety_0.smt2 : 14275 ms.
--------------------------------------------------
Number of variables: 87665
Number of clauses: 424167
unsat in 2 bits.
Number of variables: 132545
Number of clauses: 661484
sat
real sat
../New_SAT_split/QF_NIA_2_57/20170427-VeryMax/ITS/From_AProVE_2014__juHashMapCreatePut.jar-obl-10__p5433_safety_0.smt2 : 50652 ms.
--------------------------------------------------
Number of variables: 47625
Number of clauses: 230643
unsat in 2 bits.
Number of variables: 71733
Number of clauses: 356779
sat
real sat
../New_SAT_split/QF_NIA_2_57/20170427-VeryMax/ITS/From_AProVE_2014__juHashMapCreatePut.jar-obl-10__p5439_safety_0.smt2 : 8125 ms.
--------------------------------------------------
Number of variables: 86035
Number of clauses: 418934
unsat in 2 bits.
Number of variables: 130703
Number of clauses: 654695
sat
real sat
../New_SAT_split/QF_NIA_2_57/20170427-VeryMax/ITS/From_AProVE_2014__juHashMapCreatePut.jar-obl-10__p5440_safety_0.smt2 : 18740 ms.
--------------------------------------------------
Number of variables: 50603
Number of clauses: 244309
unsat in 2 bits.
Number of variables: 75371
Number of clauses: 374719
sat
real sat
../New_SAT_split/QF_NIA_2_57/20170427-VeryMax/ITS/From_AProVE_2014__juHashMapCreatePut.jar-obl-10__p5442_safety_0.smt2 : 10668 ms.
--------------------------------------------------
Number of variables: 89311
Number of clauses: 434205
unsat in 2 bits.
Number of variables: 134801
Number of clauses: 675189
sat
real sat
../New_SAT_split/QF_NIA_2_57/20170427-VeryMax/ITS/From_AProVE_2014__juHashMapCreatePut.jar-obl-10__p5443_safety_0.smt2 : 40519 ms.
--------------------------------------------------
Number of variables: 50659
Number of clauses: 244803
unsat in 2 bits.
Number of variables: 75419
Number of clauses: 375185
sat
real sat
../New_SAT_split/QF_NIA_2_57/20170427-VeryMax/ITS/From_AProVE_2014__juHashMapCreatePut.jar-obl-10__p5447_safety_0.smt2 : 7472 ms.
--------------------------------------------------
Number of variables: 89403
Number of clauses: 434971
unsat in 2 bits.
Number of variables: 134885
Number of clauses: 675927
sat
real sat
../New_SAT_split/QF_NIA_2_57/20170427-VeryMax/ITS/From_AProVE_2014__juHashMapCreatePut.jar-obl-10__p5448_safety_0.smt2 : 30123 ms.
--------------------------------------------------
Number of variables: 209241
Number of clauses: 1018104
unsat in 2 bits.
Number of variables: 308636
Number of clauses: 1553193
sat
real sat
../New_SAT_split/QF_NIA_2_57/20170427-VeryMax/ITS/From_AProVE_2014__juHashMapCreatePut.jar-obl-10__p5458_safety_0.smt2 : 33993 ms.
--------------------------------------------------
Number of variables: 90814
Number of clauses: 442940
unsat in 2 bits.
Number of variables: 137470
Number of clauses: 690262
sat
real sat
../New_SAT_split/QF_NIA_2_57/20170427-VeryMax/ITS/From_AProVE_2014__juHashMapCreatePut.jar-obl-10__p5465_safety_0.smt2 : 6302 ms.
--------------------------------------------------
Number of variables: 88539
Number of clauses: 429126
unsat in 2 bits.
Number of variables: 133769
Number of clauses: 668515
sat
real sat
../New_SAT_split/QF_NIA_2_57/20170427-VeryMax/ITS/From_AProVE_2014__juHashMapCreatePut.jar-obl-10__p5470_safety_0.smt2 : 4476 ms.
--------------------------------------------------
Number of variables: 88683
Number of clauses: 430122
unsat in 2 bits.
Number of variables: 133949
Number of clauses: 669805
sat
real sat
../New_SAT_split/QF_NIA_2_57/20170427-VeryMax/ITS/From_AProVE_2014__juHashMapCreatePut.jar-obl-10__p5475_safety_0.smt2 : 21697 ms.
--------------------------------------------------
Number of variables: 92662
Number of clauses: 462357
unsat in 2 bits.
Number of variables: 142972
Number of clauses: 726663
unsat in 4 bits.
Number of variables: 280448
Number of clauses: 1488547
unsat in 8 bits.
Number of variables: 702568
Number of clauses: 3944379
unsat in 16 bits.
Number of variables: 2135488
Number of clauses: 12584331
sat
real sat
../New_SAT_split/QF_NIA_2_57/20170427-VeryMax/ITS/From_AProVE_2014__juHashMapCreatePut.jar-obl-10__p5482_safety_0.smt2 : 1604821 ms.
--------------------------------------------------
Number of variables: 168268
Number of clauses: 840660
unsat in 2 bits.
Number of variables: 262927
Number of clauses: 1339339
unsat in 4 bits.
Number of variables: 525857
Number of clauses: 2802757
unsat in 8 bits.
Number of variables: 1345909
Number of clauses: 7592809
unsat in 16 bits.
Number of variables: 4162789
Number of clauses: 24625809
../New_SAT_split/QF_NIA_2_57/20170427-VeryMax/ITS/From_AProVE_2014__juHashMapCreatePut.jar-obl-10__p5483_safety_0.smt2 : 2401296 ms.
--------------------------------------------------
Number of variables: 61687
Number of clauses: 298426
unsat in 2 bits.
Number of variables: 83764
Number of clauses: 419389
sat
real sat
../New_SAT_split/QF_NIA_2_57/20170427-VeryMax/ITS/From_AProVE_2014__juHashMapCreatePut.jar-obl-10__p5484_safety_0.smt2 : 5285 ms.
--------------------------------------------------
Number of variables: 129916
Number of clauses: 632799
unsat in 2 bits.
Number of variables: 184130
Number of clauses: 927633
sat
real sat
../New_SAT_split/QF_NIA_2_57/20170427-VeryMax/ITS/From_AProVE_2014__juHashMapCreatePut.jar-obl-10__p5485_safety_0.smt2 : 15391 ms.
--------------------------------------------------
Number of variables: 220445
Number of clauses: 1079466
unsat in 2 bits.
Number of variables: 320576
Number of clauses: 1620683
sat
real sat
../New_SAT_split/QF_NIA_2_57/20170427-VeryMax/ITS/From_AProVE_2014__juHashMapCreatePut.jar-obl-10__p5486_safety_0.smt2 : 186716 ms.
--------------------------------------------------
Number of variables: 50085
Number of clauses: 244210
unsat in 2 bits.
Number of variables: 75421
Number of clauses: 377374
unsat in 4 bits.
Number of variables: 144041
Number of clauses: 757878
sat
real sat
../New_SAT_split/QF_NIA_2_57/20170427-VeryMax/ITS/From_AProVE_2014__juHashMapCreatePut.jar-obl-10__p5492_safety_0.smt2 : 14473 ms.
--------------------------------------------------
Number of variables: 89335
Number of clauses: 437500
unsat in 2 bits.
Number of variables: 135729
Number of clauses: 683210
unsat in 4 bits.
Number of variables: 262737
Number of clauses: 1392222
sat
real sat
../New_SAT_split/QF_NIA_2_57/20170427-VeryMax/ITS/From_AProVE_2014__juHashMapCreatePut.jar-obl-10__p5493_safety_0.smt2 : 82326 ms.
--------------------------------------------------
Number of variables: 48581
Number of clauses: 235350
unsat in 2 bits.
Number of variables: 72947
Number of clauses: 363304
unsat in 4 bits.
Number of variables: 138245
Number of clauses: 724640
sat
real sat
../New_SAT_split/QF_NIA_2_57/20170427-VeryMax/ITS/From_AProVE_2014__juHashMapCreatePut.jar-obl-10__p5497_safety_0.smt2 : 33850 ms.
--------------------------------------------------
Number of variables: 87305
Number of clauses: 425075
unsat in 2 bits.
Number of variables: 132317
Number of clauses: 663296
unsat in 4 bits.
Number of variables: 254511
Number of clauses: 1344300
sat
real sat
../New_SAT_split/QF_NIA_2_57/20170427-VeryMax/ITS/From_AProVE_2014__juHashMapCreatePut.jar-obl-10__p5498_safety_0.smt2 : 109167 ms.
--------------------------------------------------
Number of variables: 84180
Number of clauses: 407718
unsat in 2 bits.
Number of variables: 128112
Number of clauses: 640846
sat
real sat
../New_SAT_split/QF_NIA_2_57/20170427-VeryMax/ITS/From_AProVE_2014__juHashMapCreatePut.jar-obl-10__p5505_safety_0.smt2 : 15204 ms.
--------------------------------------------------
Number of variables: 46724
Number of clauses: 224595
unsat in 2 bits.
Number of variables: 69988
Number of clauses: 347283
sat
real sat
../New_SAT_split/QF_NIA_2_57/20170427-VeryMax/ITS/From_AProVE_2014__juHashMapCreatePut.jar-obl-10__p5512_safety_0.smt2 : 3345 ms.
--------------------------------------------------
Number of variables: 46731
Number of clauses: 224680
unsat in 2 bits.
Number of variables: 69999
Number of clauses: 347416
sat
real sat
../New_SAT_split/QF_NIA_2_57/20170427-VeryMax/ITS/From_AProVE_2014__juHashMapCreatePut.jar-obl-10__p5515_safety_0.smt2 : 2682 ms.
--------------------------------------------------
Number of variables: 83479
Number of clauses: 404220
unsat in 2 bits.
Number of variables: 126722
Number of clauses: 633618
sat
real sat
../New_SAT_split/QF_NIA_2_57/20170427-VeryMax/ITS/From_AProVE_2014__juHashMapCreatePut.jar-obl-10__p5516_safety_0.smt2 : 30499 ms.
--------------------------------------------------
Number of variables: 97606
Number of clauses: 496896
unsat in 2 bits.
Number of variables: 147926
Number of clauses: 761946
unsat in 4 bits.
Number of variables: 283562
Number of clauses: 1513654
unsat in 8 bits.
Number of variables: 694522
Number of clauses: 3901742
unsat in 16 bits.
Number of variables: 2075166
Number of clauses: 12216494
../New_SAT_split/QF_NIA_2_57/20170427-VeryMax/ITS/From_AProVE_2014__juHashMapCreatePut.jar-obl-10__p5521_safety_0.smt2 : 2401143 ms.
--------------------------------------------------
Number of variables: 175859
Number of clauses: 892650
unsat in 2 bits.
Number of variables: 270610
Number of clauses: 1392647
unsat in 4 bits.
Number of variables: 530944
Number of clauses: 2841245
unsat in 8 bits.
Number of variables: 1334580
Number of clauses: 7530553
unsat in 16 bits.
Number of variables: 4073696
Number of clauses: 24077505
../New_SAT_split/QF_NIA_2_57/20170427-VeryMax/ITS/From_AProVE_2014__juHashMapCreatePut.jar-obl-10__p5522_safety_0.smt2 : 2401239 ms.
--------------------------------------------------
Number of variables: 49102
Number of clauses: 238806
unsat in 2 bits.
Number of variables: 74276
Number of clauses: 370854
sat
real sat
../New_SAT_split/QF_NIA_2_57/20170427-VeryMax/ITS/From_AProVE_2014__juHashMapCreatePut.jar-obl-10__p5528_safety_0.smt2 : 1749 ms.
--------------------------------------------------
Number of variables: 87820
Number of clauses: 428898
unsat in 2 bits.
Number of variables: 133964
Number of clauses: 672894
sat
real sat
../New_SAT_split/QF_NIA_2_57/20170427-VeryMax/ITS/From_AProVE_2014__juHashMapCreatePut.jar-obl-10__p5529_safety_0.smt2 : 4579 ms.
--------------------------------------------------
Number of variables: 63485
Number of clauses: 310165
unsat in 2 bits.
Number of variables: 86078
Number of clauses: 434170
sat
real sat
../New_SAT_split/QF_NIA_2_57/20170427-VeryMax/ITS/From_AProVE_2014__juHashMapCreatePut.jar-obl-10__p5530_safety_0.smt2 : 12005 ms.
--------------------------------------------------
Number of variables: 132988
Number of clauses: 653071
unsat in 2 bits.
Number of variables: 188052
Number of clauses: 952951
sat
real sat
../New_SAT_split/QF_NIA_2_57/20170427-VeryMax/ITS/From_AProVE_2014__juHashMapCreatePut.jar-obl-10__p5531_safety_0.smt2 : 13996 ms.
--------------------------------------------------
Number of variables: 224847
Number of clauses: 1108719
unsat in 2 bits.
Number of variables: 326162
Number of clauses: 1656986
sat
real sat
../New_SAT_split/QF_NIA_2_57/20170427-VeryMax/ITS/From_AProVE_2014__juHashMapCreatePut.jar-obl-10__p5532_safety_0.smt2 : 198030 ms.
--------------------------------------------------
Number of variables: 47380
Number of clauses: 228791
unsat in 2 bits.
Number of variables: 71524
Number of clauses: 355175
sat
real sat
../New_SAT_split/QF_NIA_2_57/20170427-VeryMax/ITS/From_AProVE_2014__juHashMapCreatePut.jar-obl-10__p5536_safety_0.smt2 : 5814 ms.
--------------------------------------------------
Number of variables: 85442
Number of clauses: 414644
unsat in 2 bits.
Number of variables: 130112
Number of clauses: 650455
sat
real sat
../New_SAT_split/QF_NIA_2_57/20170427-VeryMax/ITS/From_AProVE_2014__juHashMapCreatePut.jar-obl-10__p5537_safety_0.smt2 : 11001 ms.
--------------------------------------------------
Number of variables: 47714
Number of clauses: 231251
unsat in 2 bits.
Number of variables: 71890
Number of clauses: 357927
sat
real sat
../New_SAT_split/QF_NIA_2_57/20170427-VeryMax/ITS/From_AProVE_2014__juHashMapCreatePut.jar-obl-10__p5548_safety_0.smt2 : 14305 ms.
--------------------------------------------------
Number of variables: 85944
Number of clauses: 418332
unsat in 2 bits.
Number of variables: 130662
Number of clauses: 654563
sat
real sat
../New_SAT_split/QF_NIA_2_57/20170427-VeryMax/ITS/From_AProVE_2014__juHashMapCreatePut.jar-obl-10__p5549_safety_0.smt2 : 34671 ms.
--------------------------------------------------
Number of variables: 46651
Number of clauses: 223915
unsat in 2 bits.
Number of variables: 69895
Number of clauses: 346465
sat
real sat
../New_SAT_split/QF_NIA_2_57/20170427-VeryMax/ITS/From_AProVE_2014__juHashMapCreatePut.jar-obl-10__p5551_safety_0.smt2 : 7051 ms.
--------------------------------------------------
Number of variables: 83268
Number of clauses: 402509
unsat in 2 bits.
Number of variables: 126449
Number of clauses: 631489
sat
real sat
../New_SAT_split/QF_NIA_2_57/20170427-VeryMax/ITS/From_AProVE_2014__juHashMapCreatePut.jar-obl-10__p5552_safety_0.smt2 : 19243 ms.
--------------------------------------------------
Number of variables: 46658
Number of clauses: 224000
unsat in 2 bits.
Number of variables: 69906
Number of clauses: 346598
sat
real sat
../New_SAT_split/QF_NIA_2_57/20170427-VeryMax/ITS/From_AProVE_2014__juHashMapCreatePut.jar-obl-10__p5559_safety_0.smt2 : 7174 ms.
--------------------------------------------------
Number of variables: 83283
Number of clauses: 402651
unsat in 2 bits.
Number of variables: 126472
Number of clauses: 631711
sat
real sat
../New_SAT_split/QF_NIA_2_57/20170427-VeryMax/ITS/From_AProVE_2014__juHashMapCreatePut.jar-obl-10__p5560_safety_0.smt2 : 12050 ms.
--------------------------------------------------
Number of variables: 97964
Number of clauses: 499288
unsat in 2 bits.
Number of variables: 148388
Number of clauses: 764930
unsat in 4 bits.
Number of variables: 284232
Number of clauses: 1517822
unsat in 8 bits.
Number of variables: 695608
Number of clauses: 3908278
unsat in 16 bits.
Number of variables: 2077084
Number of clauses: 12227766
../New_SAT_split/QF_NIA_2_57/20170427-VeryMax/ITS/From_AProVE_2014__juHashMapCreatePut.jar-obl-10__p5565_safety_0.smt2 : 2401144 ms.
--------------------------------------------------
Number of variables: 176379
Number of clauses: 896150
unsat in 2 bits.
Number of variables: 271278
Number of clauses: 1396987
unsat in 4 bits.
Number of variables: 531908
Number of clauses: 2847265
unsat in 8 bits.
Number of variables: 1336136
Number of clauses: 7539933
unsat in 16 bits.
Number of variables: 4076436
Number of clauses: 24093605
../New_SAT_split/QF_NIA_2_57/20170427-VeryMax/ITS/From_AProVE_2014__juHashMapCreatePut.jar-obl-10__p5566_safety_0.smt2 : 2401288 ms.
--------------------------------------------------
Number of variables: 81422
Number of clauses: 394724
unsat in 2 bits.
Number of variables: 124930
Number of clauses: 624888
sat
real sat
../New_SAT_split/QF_NIA_2_57/20170427-VeryMax/ITS/From_AProVE_2014__juHashMapCreatePut.jar-obl-10__p5573_safety_0.smt2 : 3672 ms.
--------------------------------------------------
Number of variables: 43752
Number of clauses: 210016
unsat in 2 bits.
Number of variables: 66572
Number of clauses: 329594
sat
real sat
../New_SAT_split/QF_NIA_2_57/20170427-VeryMax/ITS/From_AProVE_2014__juHashMapCreatePut.jar-obl-10__p5575_safety_0.smt2 : 7594 ms.
--------------------------------------------------
Number of variables: 80027
Number of clauses: 386360
unsat in 2 bits.
Number of variables: 122724
Number of clauses: 611994
sat
real sat
../New_SAT_split/QF_NIA_2_57/20170427-VeryMax/ITS/From_AProVE_2014__juHashMapCreatePut.jar-obl-10__p5576_safety_0.smt2 : 4563 ms.
--------------------------------------------------
Number of variables: 43744
Number of clauses: 209973
unsat in 2 bits.
Number of variables: 66560
Number of clauses: 329537
sat
real sat
../New_SAT_split/QF_NIA_2_57/20170427-VeryMax/ITS/From_AProVE_2014__juHashMapCreatePut.jar-obl-10__p5578_safety_0.smt2 : 14598 ms.
--------------------------------------------------
Number of variables: 80019
Number of clauses: 386308
unsat in 2 bits.
Number of variables: 122712
Number of clauses: 611928
sat
real sat
../New_SAT_split/QF_NIA_2_57/20170427-VeryMax/ITS/From_AProVE_2014__juHashMapCreatePut.jar-obl-10__p5579_safety_0.smt2 : 38118 ms.
--------------------------------------------------
Number of variables: 64044
Number of clauses: 334764
unsat in 2 bits.
Number of variables: 95718
Number of clauses: 497242
sat
real sat
../New_SAT_split/QF_NIA_2_57/20170427-VeryMax/ITS/From_AProVE_2014__juHashMapCreatePut.jar-obl-10__p5585_terminationG_0.smt2 : 7061 ms.
--------------------------------------------------
Number of variables: 119824
Number of clauses: 611516
unsat in 2 bits.
Number of variables: 183580
Number of clauses: 942934
sat
real sat
../New_SAT_split/QF_NIA_2_57/20170427-VeryMax/ITS/From_AProVE_2014__juHashMapCreatePut.jar-obl-10__p5586_terminationG_0.smt2 : 16889 ms.
--------------------------------------------------
Number of variables: 193520
Number of clauses: 978664
unsat in 2 bits.
Number of variables: 300382
Number of clauses: 1537126
sat
real sat
../New_SAT_split/QF_NIA_2_57/20170427-VeryMax/ITS/From_AProVE_2014__juHashMapCreatePut.jar-obl-10__p5587_terminationG_0.smt2 : 161032 ms.
--------------------------------------------------
Number of variables: 90784
Number of clauses: 443014
unsat in 2 bits.
Number of variables: 137324
Number of clauses: 689698
sat
real sat
../New_SAT_split/QF_NIA_2_57/20170427-VeryMax/ITS/From_AProVE_2014__juHashMapCreatePut.jar-obl-10__p5603_safety_0.smt2 : 13591 ms.
--------------------------------------------------
Number of variables: 47874
Number of clauses: 231526
unsat in 2 bits.
Number of variables: 72140
Number of clauses: 358526
sat
real sat
../New_SAT_split/QF_NIA_2_57/20170427-VeryMax/ITS/From_AProVE_2014__juHashMapCreatePut.jar-obl-10__p5607_safety_0.smt2 : 7368 ms.
--------------------------------------------------
Number of variables: 86297
Number of clauses: 419631
unsat in 2 bits.
Number of variables: 131161
Number of clauses: 656473
sat
real sat
../New_SAT_split/QF_NIA_2_57/20170427-VeryMax/ITS/From_AProVE_2014__juHashMapCreatePut.jar-obl-10__p5608_safety_0.smt2 : 11312 ms.
--------------------------------------------------
Number of variables: 50096
Number of clauses: 241184
unsat in 2 bits.
Number of variables: 74606
Number of clauses: 370032
sat
real sat
../New_SAT_split/QF_NIA_2_57/20170427-VeryMax/ITS/From_AProVE_2014__juHashMapCreatePut.jar-obl-10__p5612_safety_0.smt2 : 1970 ms.
--------------------------------------------------
Number of variables: 88515
Number of clauses: 429264
unsat in 2 bits.
Number of variables: 133615
Number of clauses: 667890
sat
real sat
../New_SAT_split/QF_NIA_2_57/20170427-VeryMax/ITS/From_AProVE_2014__juHashMapCreatePut.jar-obl-10__p5613_safety_0.smt2 : 3817 ms.
--------------------------------------------------
Number of variables: 47894
Number of clauses: 231730
unsat in 2 bits.
Number of variables: 72152
Number of clauses: 358702
sat
real sat
../New_SAT_split/QF_NIA_2_57/20170427-VeryMax/ITS/From_AProVE_2014__juHashMapCreatePut.jar-obl-10__p5617_safety_0.smt2 : 6414 ms.
--------------------------------------------------
Number of variables: 86335
Number of clauses: 419962
unsat in 2 bits.
Number of variables: 131191
Number of clauses: 656776
sat
real sat
../New_SAT_split/QF_NIA_2_57/20170427-VeryMax/ITS/From_AProVE_2014__juHashMapCreatePut.jar-obl-10__p5618_safety_0.smt2 : 63057 ms.
--------------------------------------------------
Number of variables: 50116
Number of clauses: 241374
unsat in 2 bits.
Number of variables: 74634
Number of clauses: 370322
sat
real sat
../New_SAT_split/QF_NIA_2_57/20170427-VeryMax/ITS/From_AProVE_2014__juHashMapCreatePut.jar-obl-10__p5624_safety_0.smt2 : 6010 ms.
--------------------------------------------------
Number of variables: 88553
Number of clauses: 429574
unsat in 2 bits.
Number of variables: 133669
Number of clauses: 668364
sat
real sat
../New_SAT_split/QF_NIA_2_57/20170427-VeryMax/ITS/From_AProVE_2014__juHashMapCreatePut.jar-obl-10__p5625_safety_0.smt2 : 12712 ms.
--------------------------------------------------
Number of variables: 95354
Number of clauses: 478963
unsat in 2 bits.
Number of variables: 146566
Number of clauses: 748817
unsat in 4 bits.
Number of variables: 285846
Number of clauses: 1521797
unsat in 8 bits.
Number of variables: 711574
Number of clauses: 3999821
unsat in 16 bits.
Number of variables: 2151710
Number of clauses: 12684157
sat
real sat
../New_SAT_split/QF_NIA_2_57/20170427-VeryMax/ITS/From_AProVE_2014__juHashMapCreatePut.jar-obl-10__p5635_safety_0.smt2 : 325813 ms.
--------------------------------------------------
Number of variables: 171908
Number of clauses: 863216
unsat in 2 bits.
Number of variables: 267779
Number of clauses: 1369393
unsat in 4 bits.
Number of variables: 533133
Number of clauses: 2847807
unsat in 8 bits.
Number of variables: 1358033
Number of clauses: 7667851
unsat in 16 bits.
Number of variables: 4184609
Number of clauses: 24760835
../New_SAT_split/QF_NIA_2_57/20170427-VeryMax/ITS/From_AProVE_2014__juHashMapCreatePut.jar-obl-10__p5636_safety_0.smt2 : 2401202 ms.
--------------------------------------------------
Number of variables: 125423
Number of clauses: 609745
unsat in 2 bits.
Number of variables: 180101
Number of clauses: 906199
sat
real sat
../New_SAT_split/QF_NIA_2_57/20170427-VeryMax/ITS/From_AProVE_2014__juHashMapCreatePut.jar-obl-10__p5638_safety_0.smt2 : 32346 ms.
--------------------------------------------------
Number of variables: 213025
Number of clauses: 1041812
unsat in 2 bits.
Number of variables: 313632
Number of clauses: 1584399
sat
real sat
../New_SAT_split/QF_NIA_2_57/20170427-VeryMax/ITS/From_AProVE_2014__juHashMapCreatePut.jar-obl-10__p5640_safety_0.smt2 : 24720 ms.
--------------------------------------------------
Number of variables: 44772
Number of clauses: 216098
unsat in 2 bits.
Number of variables: 68144
Number of clauses: 338714
sat
real sat
../New_SAT_split/QF_NIA_2_57/20170427-VeryMax/ITS/From_AProVE_2014__juHashMapCreatePut.jar-obl-10__p5645_safety_0.smt2 : 6094 ms.
--------------------------------------------------
Number of variables: 81604
Number of clauses: 396100
unsat in 2 bits.
Number of variables: 125116
Number of clauses: 626274
sat
real sat
../New_SAT_split/QF_NIA_2_57/20170427-VeryMax/ITS/From_AProVE_2014__juHashMapCreatePut.jar-obl-10__p5646_safety_0.smt2 : 10887 ms.
--------------------------------------------------
Number of variables: 44133
Number of clauses: 212864
unsat in 2 bits.
Number of variables: 66973
Number of clauses: 332618
sat
real sat
../New_SAT_split/QF_NIA_2_57/20170427-VeryMax/ITS/From_AProVE_2014__juHashMapCreatePut.jar-obl-10__p5648_safety_0.smt2 : 6996 ms.
--------------------------------------------------
Number of variables: 80732
Number of clauses: 391558
unsat in 2 bits.
Number of variables: 123477
Number of clauses: 617556
sat
real sat
../New_SAT_split/QF_NIA_2_57/20170427-VeryMax/ITS/From_AProVE_2014__juHashMapCreatePut.jar-obl-10__p5651_safety_0.smt2 : 16622 ms.
--------------------------------------------------
Number of variables: 46906
Number of clauses: 224827
unsat in 2 bits.
Number of variables: 70610
Number of clauses: 349891
sat
real sat
../New_SAT_split/QF_NIA_2_57/20170427-VeryMax/ITS/From_AProVE_2014__juHashMapCreatePut.jar-obl-10__p5655_safety_0.smt2 : 9005 ms.
--------------------------------------------------
Number of variables: 44140
Number of clauses: 212949
unsat in 2 bits.
Number of variables: 66984
Number of clauses: 332751
sat
real sat
../New_SAT_split/QF_NIA_2_57/20170427-VeryMax/ITS/From_AProVE_2014__juHashMapCreatePut.jar-obl-10__p5658_safety_0.smt2 : 5883 ms.
--------------------------------------------------
Number of variables: 80747
Number of clauses: 391700
unsat in 2 bits.
Number of variables: 123500
Number of clauses: 617778
sat
real sat
../New_SAT_split/QF_NIA_2_57/20170427-VeryMax/ITS/From_AProVE_2014__juHashMapCreatePut.jar-obl-10__p5659_safety_0.smt2 : 27663 ms.
--------------------------------------------------
Number of variables: 82369
Number of clauses: 396233
unsat in 2 bits.
Number of variables: 125488
Number of clauses: 624767
sat
real sat
../New_SAT_split/QF_NIA_2_57/20170427-VeryMax/ITS/From_AProVE_2014__juHashMapCreatePut.jar-obl-10__p5662_safety_0.smt2 : 13638 ms.
--------------------------------------------------
Number of variables: 46023
Number of clauses: 219601
unsat in 2 bits.
Number of variables: 69211
Number of clauses: 341789
sat
real sat
../New_SAT_split/QF_NIA_2_57/20170427-VeryMax/ITS/From_AProVE_2014__juHashMapCreatePut.jar-obl-10__p5664_safety_0.smt2 : 9782 ms.
--------------------------------------------------
Number of variables: 82432
Number of clauses: 396659
unsat in 2 bits.
Number of variables: 125563
Number of clauses: 625289
sat
real sat
../New_SAT_split/QF_NIA_2_57/20170427-VeryMax/ITS/From_AProVE_2014__juHashMapCreatePut.jar-obl-10__p5665_safety_0.smt2 : 11923 ms.
--------------------------------------------------
Number of variables: 40743
Number of clauses: 207299
unsat in 2 bits.
Number of variables: 60468
Number of clauses: 310036
unsat in 4 bits.
Number of variables: 111306
Number of clauses: 587594
unsat in 8 bits.
Number of variables: 258342
Number of clauses: 1429990
unsat in 16 bits.
Number of variables: 733858
Number of clauses: 4263918
../New_SAT_split/QF_NIA_2_57/20170427-VeryMax/ITS/From_AProVE_2014__juHashMapCreatePut.jar-obl-10__p5672_safety_0.smt2 : 2401051 ms.
--------------------------------------------------
Number of variables: 95710
Number of clauses: 483911
unsat in 2 bits.
Number of variables: 146082
Number of clauses: 748947
unsat in 4 bits.
Number of variables: 281810
Number of clauses: 1500579
unsat in 8 bits.
Number of variables: 692946
Number of clauses: 3888483
unsat in 16 bits.
Number of variables: 2073942
Number of clauses: 12202867
../New_SAT_split/QF_NIA_2_57/20170427-VeryMax/ITS/From_AProVE_2014__juHashMapCreatePut.jar-obl-10__p5673_safety_0.smt2 : 2401141 ms.
--------------------------------------------------
Number of variables: 172977
Number of clauses: 872817
unsat in 2 bits.
Number of variables: 267776
Number of clauses: 1372664
unsat in 4 bits.
Number of variables: 528194
Number of clauses: 2820914
unsat in 8 bits.
Number of variables: 1331990
Number of clauses: 7509494
unsat in 16 bits.
Number of variables: 4071426
Number of clauses: 24054990
../New_SAT_split/QF_NIA_2_57/20170427-VeryMax/ITS/From_AProVE_2014__juHashMapCreatePut.jar-obl-10__p5674_safety_0.smt2 : 2401403 ms.
--------------------------------------------------
Number of variables: 63474
Number of clauses: 309915
unsat in 2 bits.
Number of variables: 86087
Number of clauses: 434028
sat
real sat
../New_SAT_split/QF_NIA_2_57/20170427-VeryMax/ITS/From_AProVE_2014__juHashMapCreatePut.jar-obl-10__p5675_safety_0.smt2 : 8480 ms.
--------------------------------------------------
Number of variables: 132865
Number of clauses: 651856
unsat in 2 bits.
Number of variables: 187945
Number of clauses: 951810
sat
real sat
../New_SAT_split/QF_NIA_2_57/20170427-VeryMax/ITS/From_AProVE_2014__juHashMapCreatePut.jar-obl-10__p5676_safety_0.smt2 : 137644 ms.
--------------------------------------------------
Number of variables: 224572
Number of clauses: 1106219
unsat in 2 bits.
Number of variables: 325899
Number of clauses: 1654526
sat
real sat
../New_SAT_split/QF_NIA_2_57/20170427-VeryMax/ITS/From_AProVE_2014__juHashMapCreatePut.jar-obl-10__p5677_safety_0.smt2 : 89901 ms.
--------------------------------------------------
Number of variables: 51268
Number of clauses: 248239
unsat in 2 bits.
Number of variables: 76738
Number of clauses: 382393
sat
real sat
../New_SAT_split/QF_NIA_2_57/20170427-VeryMax/ITS/From_AProVE_2014__juHashMapCreatePut.jar-obl-10__p5683_safety_0.smt2 : 9087 ms.
--------------------------------------------------
Number of variables: 89958
Number of clauses: 438140
unsat in 2 bits.
Number of variables: 136390
Number of clauses: 684178
sat
real sat
../New_SAT_split/QF_NIA_2_57/20170427-VeryMax/ITS/From_AProVE_2014__juHashMapCreatePut.jar-obl-10__p5684_safety_0.smt2 : 19246 ms.
--------------------------------------------------
Number of variables: 49497
Number of clauses: 237925
unsat in 2 bits.
Number of variables: 73925
Number of clauses: 366337
sat
real sat
../New_SAT_split/QF_NIA_2_57/20170427-VeryMax/ITS/From_AProVE_2014__juHashMapCreatePut.jar-obl-10__p5695_safety_0.smt2 : 9664 ms.
--------------------------------------------------
Number of variables: 48765
Number of clauses: 236798
unsat in 2 bits.
Number of variables: 73391
Number of clauses: 365928
sat
real sat
../New_SAT_split/QF_NIA_2_57/20170427-VeryMax/ITS/From_AProVE_2014__juHashMapCreatePut.jar-obl-10__p5700_safety_0.smt2 : 3486 ms.
--------------------------------------------------
Number of variables: 87368
Number of clauses: 425915
unsat in 2 bits.
Number of variables: 132674
Number of clauses: 665378
sat
real sat
../New_SAT_split/QF_NIA_2_57/20170427-VeryMax/ITS/From_AProVE_2014__juHashMapCreatePut.jar-obl-10__p5701_safety_0.smt2 : 7304 ms.
--------------------------------------------------
Number of variables: 49859
Number of clauses: 240609
unsat in 2 bits.
Number of variables: 74323
Number of clauses: 369347
sat
real sat
../New_SAT_split/QF_NIA_2_57/20170427-VeryMax/ITS/From_AProVE_2014__juHashMapCreatePut.jar-obl-10__p5705_safety_0.smt2 : 2453 ms.
--------------------------------------------------
Number of variables: 88056
Number of clauses: 427480
unsat in 2 bits.
Number of variables: 133052
Number of clauses: 665694
sat
real sat
../New_SAT_split/QF_NIA_2_57/20170427-VeryMax/ITS/From_AProVE_2014__juHashMapCreatePut.jar-obl-10__p5706_safety_0.smt2 : 19500 ms.
--------------------------------------------------
Number of variables: 48861
Number of clauses: 237462
unsat in 2 bits.
Number of variables: 73511
Number of clauses: 366788
sat
real sat
../New_SAT_split/QF_NIA_2_57/20170427-VeryMax/ITS/From_AProVE_2014__juHashMapCreatePut.jar-obl-10__p5710_safety_0.smt2 : 3285 ms.
--------------------------------------------------
Number of variables: 87512
Number of clauses: 426911
unsat in 2 bits.
Number of variables: 132854
Number of clauses: 666668
sat
real sat
../New_SAT_split/QF_NIA_2_57/20170427-VeryMax/ITS/From_AProVE_2014__juHashMapCreatePut.jar-obl-10__p5711_safety_0.smt2 : 5713 ms.
--------------------------------------------------
Number of variables: 63616
Number of clauses: 310689
unsat in 2 bits.
Number of variables: 86289
Number of clauses: 435110
sat
real sat
../New_SAT_split/QF_NIA_2_57/20170427-VeryMax/ITS/From_AProVE_2014__juHashMapCreatePut.jar-obl-10__p5722_safety_0.smt2 : 12227 ms.
--------------------------------------------------
Number of variables: 224886
Number of clauses: 1108041
unsat in 2 bits.
Number of variables: 326345
Number of clauses: 1657024
sat
real sat
../New_SAT_split/QF_NIA_2_57/20170427-VeryMax/ITS/From_AProVE_2014__juHashMapCreatePut.jar-obl-10__p5724_safety_0.smt2 : 309851 ms.
--------------------------------------------------
Number of variables: 43060
Number of clauses: 221905
unsat in 2 bits.
Number of variables: 63533
Number of clauses: 329200
unsat in 4 bits.
Number of variables: 115851
Number of clauses: 615738
unsat in 8 bits.
Number of variables: 265847
Number of clauses: 1476094
unsat in 16 bits.
Number of variables: 747283
Number of clauses: 4345942
sat
real sat
../New_SAT_split/QF_NIA_2_57/20170427-VeryMax/ITS/From_AProVE_2014__juHashMapCreatePut.jar-obl-10__p5725_safety_0.smt2 : 1551125 ms.
--------------------------------------------------
Number of variables: 99617
Number of clauses: 508776
unsat in 2 bits.
Number of variables: 151219
Number of clauses: 781344
unsat in 4 bits.
Number of variables: 289375
Number of clauses: 1547768
unsat in 8 bits.
Number of variables: 705367
Number of clauses: 3965256
unsat in 16 bits.
Number of variables: 2096075
Number of clauses: 12338808
../New_SAT_split/QF_NIA_2_57/20170427-VeryMax/ITS/From_AProVE_2014__juHashMapCreatePut.jar-obl-10__p5726_safety_0.smt2 : 2401351 ms.
--------------------------------------------------
Number of variables: 178530
Number of clauses: 908389
unsat in 2 bits.
Number of variables: 275041
Number of clauses: 1418742
unsat in 4 bits.
Number of variables: 538835
Number of clauses: 2887596
unsat in 8 bits.
Number of variables: 1349383
Number of clauses: 7617384
unsat in 16 bits.
Number of variables: 4102323
Number of clauses: 24245296
../New_SAT_split/QF_NIA_2_57/20170427-VeryMax/ITS/From_AProVE_2014__juHashMapCreatePut.jar-obl-10__p5727_safety_0.smt2 : 2413967 ms.
--------------------------------------------------
Number of variables: 46624
Number of clauses: 223555
unsat in 2 bits.
Number of variables: 69944
Number of clauses: 346447
sat
real sat
../New_SAT_split/QF_NIA_2_57/20170427-VeryMax/ITS/From_AProVE_2014__juHashMapCreatePut.jar-obl-10__p5736_safety_0.smt2 : 4506 ms.
--------------------------------------------------
Number of variables: 83188
Number of clauses: 401728
unsat in 2 bits.
Number of variables: 126463
Number of clauses: 631122
sat
real sat
../New_SAT_split/QF_NIA_2_57/20170427-VeryMax/ITS/From_AProVE_2014__juHashMapCreatePut.jar-obl-10__p5737_safety_0.smt2 : 15662 ms.
--------------------------------------------------
Number of variables: 46670
Number of clauses: 223871
unsat in 2 bits.
Number of variables: 70002
Number of clauses: 346861
sat
real sat
../New_SAT_split/QF_NIA_2_57/20170427-VeryMax/ITS/From_AProVE_2014__juHashMapCreatePut.jar-obl-10__p5739_safety_0.smt2 : 11857 ms.
--------------------------------------------------
Number of variables: 83257
Number of clauses: 402202
unsat in 2 bits.
Number of variables: 126550
Number of clauses: 631743
sat
real sat
../New_SAT_split/QF_NIA_2_57/20170427-VeryMax/ITS/From_AProVE_2014__juHashMapCreatePut.jar-obl-10__p5740_safety_0.smt2 : 18747 ms.
--------------------------------------------------
Number of variables: 48359
Number of clauses: 235201
unsat in 2 bits.
Number of variables: 72735
Number of clauses: 363055
sat
real sat
../New_SAT_split/QF_NIA_2_57/20170427-VeryMax/ITS/From_AProVE_2014__juHashMapCreatePut.jar-obl-10__p5754_safety_0.smt2 : 17432 ms.
--------------------------------------------------
Number of variables: 86758
Number of clauses: 423353
unsat in 2 bits.
Number of variables: 131706
Number of clauses: 660967
sat
real sat
../New_SAT_split/QF_NIA_2_57/20170427-VeryMax/ITS/From_AProVE_2014__juHashMapCreatePut.jar-obl-10__p5755_safety_0.smt2 : 4510 ms.
--------------------------------------------------
Number of variables: 65410
Number of clauses: 343174
unsat in 2 bits.
Number of variables: 97596
Number of clauses: 508432
sat
real sat
../New_SAT_split/QF_NIA_2_57/20170427-VeryMax/ITS/From_AProVE_2014__juHashMapCreatePut.jar-obl-10__p5763_terminationG_0.smt2 : 9429 ms.
--------------------------------------------------
Number of variables: 121662
Number of clauses: 623044
unsat in 2 bits.
Number of variables: 186066
Number of clauses: 958050
sat
real sat
../New_SAT_split/QF_NIA_2_57/20170427-VeryMax/ITS/From_AProVE_2014__juHashMapCreatePut.jar-obl-10__p5764_terminationG_0.smt2 : 111997 ms.
--------------------------------------------------
Number of variables: 195862
Number of clauses: 993566
unsat in 2 bits.
Number of variables: 303508
Number of clauses: 1556424
sat
real sat
../New_SAT_split/QF_NIA_2_57/20170427-VeryMax/ITS/From_AProVE_2014__juHashMapCreatePut.jar-obl-10__p5765_terminationG_0.smt2 : 155781 ms.
--------------------------------------------------
Number of variables: 90656
Number of clauses: 442554
unsat in 2 bits.
Number of variables: 137150
Number of clauses: 688962
sat
real sat
../New_SAT_split/QF_NIA_2_57/20170427-VeryMax/ITS/From_AProVE_2014__juHashMapCreatePut.jar-obl-10__p5781_safety_0.smt2 : 4602 ms.
--------------------------------------------------
Number of variables: 85999
Number of clauses: 418236
unsat in 2 bits.
Number of variables: 130759
Number of clauses: 654415
sat
real sat
../New_SAT_split/QF_NIA_2_57/20170427-VeryMax/ITS/From_AProVE_2014__juHashMapCreatePut.jar-obl-10__p5788_safety_0.smt2 : 16071 ms.
--------------------------------------------------
Number of variables: 50007
Number of clauses: 240989
unsat in 2 bits.
Number of variables: 74487
Number of clauses: 369685
sat
real sat
../New_SAT_split/QF_NIA_2_57/20170427-VeryMax/ITS/From_AProVE_2014__juHashMapCreatePut.jar-obl-10__p5790_safety_0.smt2 : 5838 ms.
--------------------------------------------------
Number of variables: 88315
Number of clauses: 428494
unsat in 2 bits.
Number of variables: 133347
Number of clauses: 666751
sat
real sat
../New_SAT_split/QF_NIA_2_57/20170427-VeryMax/ITS/From_AProVE_2014__juHashMapCreatePut.jar-obl-10__p5791_safety_0.smt2 : 6291 ms.
--------------------------------------------------
Number of variables: 48897
Number of clauses: 238097
unsat in 2 bits.
Number of variables: 73545
Number of clauses: 367373
sat
real sat
../New_SAT_split/QF_NIA_2_57/20170427-VeryMax/ITS/From_AProVE_2014__juHashMapCreatePut.jar-obl-10__p5800_safety_0.smt2 : 8038 ms.
--------------------------------------------------
Number of variables: 87689
Number of clauses: 428626
unsat in 2 bits.
Number of variables: 133065
Number of clauses: 668523
sat
real sat
../New_SAT_split/QF_NIA_2_57/20170427-VeryMax/ITS/From_AProVE_2014__juHashMapCreatePut.jar-obl-10__p5801_safety_0.smt2 : 32308 ms.
--------------------------------------------------
Number of variables: 61699
Number of clauses: 299949
unsat in 2 bits.
Number of variables: 84716
Number of clauses: 425746
sat
real sat
../New_SAT_split/QF_NIA_2_57/20170427-VeryMax/ITS/From_AProVE_2014__juHashMapCreatePut.jar-obl-10__p5807_safety_0.smt2 : 6521 ms.
--------------------------------------------------
Number of variables: 216371
Number of clauses: 1063625
unsat in 2 bits.
Number of variables: 317926
Number of clauses: 1612156
sat
real sat
../New_SAT_split/QF_NIA_2_57/20170427-VeryMax/ITS/From_AProVE_2014__juHashMapCreatePut.jar-obl-10__p5809_safety_0.smt2 : 101260 ms.
--------------------------------------------------
Number of variables: 42680
Number of clauses: 216997
unsat in 2 bits.
Number of variables: 63501
Number of clauses: 326004
unsat in 4 bits.
Number of variables: 117483
Number of clauses: 622022
unsat in 8 bits.
Number of variables: 274551
Number of clauses: 1525050
unsat in 16 bits.
Number of variables: 785111
Number of clauses: 4575106
sat
real sat
../New_SAT_split/QF_NIA_2_57/20170427-VeryMax/ITS/From_AProVE_2014__juHashMapCreatePut.jar-obl-10__p5810_safety_0.smt2 : 110728 ms.
--------------------------------------------------
Number of variables: 97774
Number of clauses: 494522
unsat in 2 bits.
Number of variables: 149704
Number of clauses: 768830
unsat in 4 bits.
Number of variables: 290420
Number of clauses: 1550718
unsat in 8 bits.
Number of variables: 719020
Number of clauses: 4046558
unsat in 16 bits.
Number of variables: 2164900
Number of clauses: 12766526
sat
real sat
../New_SAT_split/QF_NIA_2_57/20170427-VeryMax/ITS/From_AProVE_2014__juHashMapCreatePut.jar-obl-10__p5811_safety_0.smt2 : 730639 ms.
--------------------------------------------------
Number of variables: 175176
Number of clauses: 884405
unsat in 2 bits.
Number of variables: 271995
Number of clauses: 1396526
unsat in 4 bits.
Number of variables: 539245
Number of clauses: 2886828
unsat in 8 bits.
Number of variables: 1367937
Number of clauses: 7730648
unsat in 16 bits.
Number of variables: 4202097
Number of clauses: 24871184
../New_SAT_split/QF_NIA_2_57/20170427-VeryMax/ITS/From_AProVE_2014__juHashMapCreatePut.jar-obl-10__p5812_safety_0.smt2 : 2401689 ms.
--------------------------------------------------
Number of variables: 50025
Number of clauses: 241301
unsat in 2 bits.
Number of variables: 74529
Number of clauses: 370251
sat
real sat
../New_SAT_split/QF_NIA_2_57/20170427-VeryMax/ITS/From_AProVE_2014__juHashMapCreatePut.jar-obl-10__p5825_safety_0.smt2 : 17706 ms.
--------------------------------------------------
Number of variables: 88262
Number of clauses: 428376
unsat in 2 bits.
Number of variables: 133314
Number of clauses: 666894
sat
real sat
../New_SAT_split/QF_NIA_2_57/20170427-VeryMax/ITS/From_AProVE_2014__juHashMapCreatePut.jar-obl-10__p5826_safety_0.smt2 : 15740 ms.
--------------------------------------------------
Number of variables: 88246
Number of clauses: 431272
unsat in 2 bits.
Number of variables: 134622
Number of clauses: 676666
sat
real sat
../New_SAT_split/QF_NIA_2_57/20170427-VeryMax/ITS/From_AProVE_2014__juHashMapCreatePut.jar-obl-10__p5831_safety_0.smt2 : 12422 ms.
--------------------------------------------------
Number of variables: 47771
Number of clauses: 230822
unsat in 2 bits.
Number of variables: 72141
Number of clauses: 358492
sat
real sat
../New_SAT_split/QF_NIA_2_57/20170427-VeryMax/ITS/From_AProVE_2014__juHashMapCreatePut.jar-obl-10__p5837_safety_0.smt2 : 3140 ms.
--------------------------------------------------
Number of variables: 85963
Number of clauses: 417317
unsat in 2 bits.
Number of variables: 130927
Number of clauses: 654797
sat
real sat
../New_SAT_split/QF_NIA_2_57/20170427-VeryMax/ITS/From_AProVE_2014__juHashMapCreatePut.jar-obl-10__p5838_safety_0.smt2 : 14456 ms.
--------------------------------------------------
Number of variables: 50037
Number of clauses: 241439
unsat in 2 bits.
Number of variables: 74537
Number of clauses: 370395
sat
real sat
../New_SAT_split/QF_NIA_2_57/20170427-VeryMax/ITS/From_AProVE_2014__juHashMapCreatePut.jar-obl-10__p5840_safety_0.smt2 : 7526 ms.
--------------------------------------------------
Number of variables: 88288
Number of clauses: 428608
unsat in 2 bits.
Number of variables: 133338
Number of clauses: 667149
sat
real sat
../New_SAT_split/QF_NIA_2_57/20170427-VeryMax/ITS/From_AProVE_2014__juHashMapCreatePut.jar-obl-10__p5841_safety_0.smt2 : 13850 ms.
--------------------------------------------------
Number of variables: 47863
Number of clauses: 231454
unsat in 2 bits.
Number of variables: 72257
Number of clauses: 359320
sat
real sat
../New_SAT_split/QF_NIA_2_57/20170427-VeryMax/ITS/From_AProVE_2014__juHashMapCreatePut.jar-obl-10__p5847_safety_0.smt2 : 2702 ms.
--------------------------------------------------
Number of variables: 86101
Number of clauses: 418265
unsat in 2 bits.
Number of variables: 131101
Number of clauses: 656039
sat
real sat
../New_SAT_split/QF_NIA_2_57/20170427-VeryMax/ITS/From_AProVE_2014__juHashMapCreatePut.jar-obl-10__p5848_safety_0.smt2 : 14184 ms.
--------------------------------------------------
Number of variables: 63688
Number of clauses: 310966
unsat in 2 bits.
Number of variables: 86369
Number of clauses: 435561
sat
real sat
../New_SAT_split/QF_NIA_2_57/20170427-VeryMax/ITS/From_AProVE_2014__juHashMapCreatePut.jar-obl-10__p5857_safety_0.smt2 : 10409 ms.
--------------------------------------------------
Number of variables: 133039
Number of clauses: 652520
unsat in 2 bits.
Number of variables: 188179
Number of clauses: 953002
sat
real sat
../New_SAT_split/QF_NIA_2_57/20170427-VeryMax/ITS/From_AProVE_2014__juHashMapCreatePut.jar-obl-10__p5858_safety_0.smt2 : 93950 ms.
--------------------------------------------------
Number of variables: 224658
Number of clauses: 1106112
unsat in 2 bits.
Number of variables: 326037
Number of clauses: 1654993
sat
real sat
../New_SAT_split/QF_NIA_2_57/20170427-VeryMax/ITS/From_AProVE_2014__juHashMapCreatePut.jar-obl-10__p5859_safety_0.smt2 : 669614 ms.
--------------------------------------------------
Number of variables: 43955
Number of clauses: 228398
unsat in 2 bits.
Number of variables: 64628
Number of clauses: 336901
unsat in 4 bits.
Number of variables: 117354
Number of clauses: 625923
unsat in 8 bits.
Number of variables: 268166
Number of clauses: 1491247
unsat in 16 bits.
Number of variables: 751234
Number of clauses: 4371031
sat
real sat
../New_SAT_split/QF_NIA_2_57/20170427-VeryMax/ITS/From_AProVE_2014__juHashMapCreatePut.jar-obl-10__p5864_safety_0.smt2 : 288314 ms.
--------------------------------------------------
Number of variables: 101034
Number of clauses: 519149
unsat in 2 bits.
Number of variables: 152926
Number of clauses: 793509
unsat in 4 bits.
Number of variables: 291678
Number of clauses: 1563653
unsat in 8 bits.
Number of variables: 708862
Number of clauses: 3988581
unsat in 16 bits.
Number of variables: 2101954
Number of clauses: 12377013
../New_SAT_split/QF_NIA_2_57/20170427-VeryMax/ITS/From_AProVE_2014__juHashMapCreatePut.jar-obl-10__p5865_safety_0.smt2 : 2401413 ms.
--------------------------------------------------
Number of variables: 180477
Number of clauses: 922706
unsat in 2 bits.
Number of variables: 277368
Number of clauses: 1435435
unsat in 4 bits.
Number of variables: 541946
Number of clauses: 2909245
unsat in 8 bits.
Number of variables: 1354062
Number of clauses: 7648945
unsat in 16 bits.
Number of variables: 4110138
Number of clauses: 24296681
../New_SAT_split/QF_NIA_2_57/20170427-VeryMax/ITS/From_AProVE_2014__juHashMapCreatePut.jar-obl-10__p5867_safety_0.smt2 : 2401660 ms.
--------------------------------------------------
Number of variables: 46219
Number of clauses: 221706
unsat in 2 bits.
Number of variables: 69351
Number of clauses: 343592
sat
real sat
../New_SAT_split/QF_NIA_2_57/20170427-VeryMax/ITS/From_AProVE_2014__juHashMapCreatePut.jar-obl-10__p5878_safety_0.smt2 : 11734 ms.
--------------------------------------------------
Number of variables: 82622
Number of clauses: 399007
unsat in 2 bits.
Number of variables: 125635
Number of clauses: 626981
sat
real sat
../New_SAT_split/QF_NIA_2_57/20170427-VeryMax/ITS/From_AProVE_2014__juHashMapCreatePut.jar-obl-10__p5879_safety_0.smt2 : 11379 ms.
--------------------------------------------------
Number of variables: 44152
Number of clauses: 212267
unsat in 2 bits.
Number of variables: 67192
Number of clauses: 333129
sat
real sat
../New_SAT_split/QF_NIA_2_57/20170427-VeryMax/ITS/From_AProVE_2014__juHashMapCreatePut.jar-obl-10__p5881_safety_0.smt2 : 7486 ms.
--------------------------------------------------
Number of variables: 47244
Number of clauses: 228065
unsat in 2 bits.
Number of variables: 70732
Number of clauses: 352085
sat
real sat
../New_SAT_split/QF_NIA_2_57/20170427-VeryMax/ITS/From_AProVE_2014__juHashMapCreatePut.jar-obl-10__p5883_safety_0.smt2 : 6944 ms.
--------------------------------------------------
Number of variables: 80564
Number of clauses: 389377
unsat in 2 bits.
Number of variables: 123547
Number of clauses: 616681
sat
real sat
../New_SAT_split/QF_NIA_2_57/20170427-VeryMax/ITS/From_AProVE_2014__juHashMapCreatePut.jar-obl-10__p5884_safety_0.smt2 : 34500 ms.
--------------------------------------------------
Number of variables: 84091
Number of clauses: 408189
unsat in 2 bits.
Number of variables: 127604
Number of clauses: 639170
sat
real sat
../New_SAT_split/QF_NIA_2_57/20170427-VeryMax/ITS/From_AProVE_2014__juHashMapCreatePut.jar-obl-10__p5885_safety_0.smt2 : 35167 ms.
--------------------------------------------------
Number of variables: 44494
Number of clauses: 214770
unsat in 2 bits.
Number of variables: 67570
Number of clauses: 335938
sat
real sat
../New_SAT_split/QF_NIA_2_57/20170427-VeryMax/ITS/From_AProVE_2014__juHashMapCreatePut.jar-obl-10__p5887_safety_0.smt2 : 9149 ms.
--------------------------------------------------
Number of variables: 81074
Number of clauses: 393117
unsat in 2 bits.
Number of variables: 124109
Number of clauses: 620855
sat
real sat
../New_SAT_split/QF_NIA_2_57/20170427-VeryMax/ITS/From_AProVE_2014__juHashMapCreatePut.jar-obl-10__p5888_safety_0.smt2 : 37447 ms.
--------------------------------------------------
Number of variables: 47251
Number of clauses: 228150
unsat in 2 bits.
Number of variables: 70743
Number of clauses: 352218
sat
real sat
../New_SAT_split/QF_NIA_2_57/20170427-VeryMax/ITS/From_AProVE_2014__juHashMapCreatePut.jar-obl-10__p5890_safety_0.smt2 : 10238 ms.
--------------------------------------------------
Number of variables: 84106
Number of clauses: 408331
unsat in 2 bits.
Number of variables: 127627
Number of clauses: 639392
sat
real sat
../New_SAT_split/QF_NIA_2_57/20170427-VeryMax/ITS/From_AProVE_2014__juHashMapCreatePut.jar-obl-10__p5891_safety_0.smt2 : 41236 ms.
--------------------------------------------------
Number of variables: 63834
Number of clauses: 311772
unsat in 2 bits.
Number of variables: 86575
Number of clauses: 436675
sat
real sat
../New_SAT_split/QF_NIA_2_57/20170427-VeryMax/ITS/From_AProVE_2014__juHashMapCreatePut.jar-obl-10__p5895_safety_0.smt2 : 7849 ms.
--------------------------------------------------
Number of variables: 133275
Number of clauses: 653882
unsat in 2 bits.
Number of variables: 188511
Number of clauses: 954856
sat
real sat
../New_SAT_split/QF_NIA_2_57/20170427-VeryMax/ITS/From_AProVE_2014__juHashMapCreatePut.jar-obl-10__p5896_safety_0.smt2 : 36324 ms.
--------------------------------------------------
Number of variables: 224984
Number of clauses: 1108030
unsat in 2 bits.
Number of variables: 326495
Number of clauses: 1657587
sat
real sat
../New_SAT_split/QF_NIA_2_57/20170427-VeryMax/ITS/From_AProVE_2014__juHashMapCreatePut.jar-obl-10__p5897_safety_0.smt2 : 191491 ms.
--------------------------------------------------
Number of variables: 51436
Number of clauses: 249437
unsat in 2 bits.
Number of variables: 76466
Number of clauses: 381489
sat
real sat
../New_SAT_split/QF_NIA_2_57/20170427-VeryMax/ITS/From_AProVE_2014__juHashMapCreatePut.jar-obl-10__p5908_safety_0.smt2 : 13036 ms.
--------------------------------------------------
Number of variables: 90113
Number of clauses: 439074
unsat in 2 bits.
Number of variables: 135849
Number of clauses: 681668
sat
real sat
../New_SAT_split/QF_NIA_2_57/20170427-VeryMax/ITS/From_AProVE_2014__juHashMapCreatePut.jar-obl-10__p5909_safety_0.smt2 : 14935 ms.
--------------------------------------------------
Number of variables: 51836
Number of clauses: 252427
unsat in 2 bits.
Number of variables: 76898
Number of clauses: 384771
sat
real sat
../New_SAT_split/QF_NIA_2_57/20170427-VeryMax/ITS/From_AProVE_2014__juHashMapCreatePut.jar-obl-10__p5913_safety_0.smt2 : 8799 ms.
--------------------------------------------------
Number of variables: 90711
Number of clauses: 443533
unsat in 2 bits.
Number of variables: 136495
Number of clauses: 686547
sat
real sat
../New_SAT_split/QF_NIA_2_57/20170427-VeryMax/ITS/From_AProVE_2014__juHashMapCreatePut.jar-obl-10__p5914_safety_0.smt2 : 35793 ms.
--------------------------------------------------
Number of variables: 45877
Number of clauses: 241422
unsat in 2 bits.
Number of variables: 67054
Number of clauses: 352905
unsat in 4 bits.
Number of variables: 120788
Number of clauses: 647887
unsat in 8 bits.
Number of variables: 273616
Number of clauses: 1525131
unsat in 16 bits.
Number of variables: 760716
Number of clauses: 4428755
sat
real sat
../New_SAT_split/QF_NIA_2_57/20170427-VeryMax/ITS/From_AProVE_2014__juHashMapCreatePut.jar-obl-10__p5921_safety_0.smt2 : 1002331 ms.
--------------------------------------------------
Number of variables: 104398
Number of clauses: 542172
unsat in 2 bits.
Number of variables: 157124
Number of clauses: 821482
unsat in 4 bits.
Number of variables: 297544
Number of clauses: 1601526
unsat in 8 bits.
Number of variables: 718064
Number of clauses: 4046254
unsat in 16 bits.
Number of variables: 2117828
Number of clauses: 12474286
../New_SAT_split/QF_NIA_2_57/20170427-VeryMax/ITS/From_AProVE_2014__juHashMapCreatePut.jar-obl-10__p5922_safety_0.smt2 : 2401421 ms.
--------------------------------------------------
Number of variables: 185387
Number of clauses: 956560
unsat in 2 bits.
Number of variables: 283442
Number of clauses: 1476209
unsat in 4 bits.
Number of variables: 550348
Number of clauses: 2963859
unsat in 8 bits.
Number of variables: 1367120
Number of clauses: 7731239
unsat in 16 bits.
Number of variables: 4132508
Number of clauses: 24434335
../New_SAT_split/QF_NIA_2_57/20170427-VeryMax/ITS/From_AProVE_2014__juHashMapCreatePut.jar-obl-10__p5923_safety_0.smt2 : 2401653 ms.
--------------------------------------------------
Number of variables: 60462
Number of clauses: 294881
unsat in 2 bits.
Number of variables: 86778
Number of clauses: 435361
unsat in 4 bits.
Number of variables: 157338
Number of clauses: 830417
unsat in 8 bits.
Number of variables: 368346
Number of clauses: 2064465
unsat in 16 bits.
Number of variables: 1066976
Number of clauses: 6284431
../New_SAT_split/QF_NIA_2_57/20170427-VeryMax/ITS/From_AProVE_2014__juHashMapCreatePut.jar-obl-10__p5929_safety_0.smt2 : 2401214 ms.
--------------------------------------------------
Number of variables: 103986
Number of clauses: 510391
unsat in 2 bits.
Number of variables: 151656
Number of clauses: 765785
unsat in 4 bits.
Number of variables: 281196
Number of clauses: 1494085
unsat in 8 bits.
Number of variables: 674484
Number of clauses: 3802637
unsat in 16 bits.
Number of variables: 1993496
Number of clauses: 11791926
sat
real sat
../New_SAT_split/QF_NIA_2_57/20170427-VeryMax/ITS/From_AProVE_2014__juHashMapCreatePut.jar-obl-10__p5930_safety_0.smt2 : 1009935 ms.
--------------------------------------------------
Number of variables: 63198
Number of clauses: 306951
unsat in 2 bits.
Number of variables: 89216
Number of clauses: 446695
unsat in 4 bits.
Number of variables: 157768
Number of clauses: 831231
unsat in 8 bits.
Number of variables: 359384
Number of clauses: 2009423
unsat in 16 bits.
Number of variables: 1018472
Number of clauses: 5986261
sat
real sat
../New_SAT_split/QF_NIA_2_57/20170427-VeryMax/ITS/From_AProVE_2014__juHashMapCreatePut.jar-obl-10__p5934_safety_0.smt2 : 690683 ms.
--------------------------------------------------
Number of variables: 108275
Number of clauses: 529024
unsat in 2 bits.
Number of variables: 155529
Number of clauses: 783408
unsat in 4 bits.
Number of variables: 282137
Number of clauses: 1496188
unsat in 8 bits.
Number of variables: 661497
Number of clauses: 3721476
unsat in 16 bits.
Number of variables: 1921527
Number of clauses: 11347157
sat
real sat
../New_SAT_split/QF_NIA_2_57/20170427-VeryMax/ITS/From_AProVE_2014__juHashMapCreatePut.jar-obl-10__p5935_safety_0.smt2 : 1654254 ms.
