--------------------------------------------------
Number of variables: 24836
Number of clauses: 115182
sat
real sat
../New_SAT_split/QF_NIA_2_18/20170427-VeryMax/ITS/From_T2__fun10b.t2_fixed__p32762_terminationG_0.smt2 : 557 ms.
--------------------------------------------------
Number of variables: 14564
Number of clauses: 66147
sat
real sat
../New_SAT_split/QF_NIA_2_18/20170427-VeryMax/ITS/From_T2__fun10b.t2__p326_terminationG_0.smt2 : 124 ms.
--------------------------------------------------
Number of variables: 30440
Number of clauses: 137387
sat
real sat
../New_SAT_split/QF_NIA_2_18/20170427-VeryMax/ITS/From_T2__fun10b.t2__p343_edge_closing_0.smt2 : 374 ms.
--------------------------------------------------
Number of variables: 51883
Number of clauses: 236045
sat
real sat
../New_SAT_split/QF_NIA_2_18/20170427-VeryMax/ITS/From_T2__fun10b.t2__p344_edge_closing_0.smt2 : 626 ms.
--------------------------------------------------
Number of variables: 76104
Number of clauses: 349449
sat
real sat
../New_SAT_split/QF_NIA_2_18/20170427-VeryMax/ITS/From_T2__fun10b.t2__p345_edge_closing_0.smt2 : 937 ms.
--------------------------------------------------
Number of variables: 49474
Number of clauses: 225563
sat
real sat
../New_SAT_split/QF_NIA_2_18/20170427-VeryMax/ITS/From_T2__fun10b.t2__p350_edge_closing_0.smt2 : 792 ms.
--------------------------------------------------
Number of variables: 72471
Number of clauses: 333345
sat
real sat
../New_SAT_split/QF_NIA_2_18/20170427-VeryMax/ITS/From_T2__fun10b.t2__p351_edge_closing_0.smt2 : 910 ms.
--------------------------------------------------
Number of variables: 14564
Number of clauses: 66147
sat
real sat
../New_SAT_split/QF_NIA_2_18/20170427-VeryMax/ITS/From_T2__fun10.t2__p405_terminationG_0.smt2 : 127 ms.
--------------------------------------------------
Number of variables: 30440
Number of clauses: 137387
sat
real sat
../New_SAT_split/QF_NIA_2_18/20170427-VeryMax/ITS/From_T2__fun10.t2__p419_edge_closing_0.smt2 : 345 ms.
--------------------------------------------------
Number of variables: 51883
Number of clauses: 236045
sat
real sat
../New_SAT_split/QF_NIA_2_18/20170427-VeryMax/ITS/From_T2__fun10.t2__p420_edge_closing_0.smt2 : 619 ms.
--------------------------------------------------
Number of variables: 76104
Number of clauses: 349449
sat
real sat
../New_SAT_split/QF_NIA_2_18/20170427-VeryMax/ITS/From_T2__fun10.t2__p421_edge_closing_0.smt2 : 1342 ms.
--------------------------------------------------
Number of variables: 49474
Number of clauses: 225563
sat
real sat
../New_SAT_split/QF_NIA_2_18/20170427-VeryMax/ITS/From_T2__fun10.t2__p426_edge_closing_0.smt2 : 761 ms.
--------------------------------------------------
Number of variables: 72471
Number of clauses: 333345
sat
real sat
../New_SAT_split/QF_NIA_2_18/20170427-VeryMax/ITS/From_T2__fun10.t2__p427_edge_closing_0.smt2 : 1256 ms.
--------------------------------------------------
Number of variables: 14308
Number of clauses: 72053
unsat in 2 bits.
Number of variables: 25429
Number of clauses: 130520
unsat in 4 bits.
Number of variables: 61891
Number of clauses: 337418
unsat in 8 bits.
Number of variables: 191407
Number of clauses: 1109630
sat
real sat
../New_SAT_split/QF_NIA_2_18/20170427-VeryMax/ITS/From_T2__fun11.t2_fixed__p454_edge_closing_0.smt2 : 90941 ms.
--------------------------------------------------
Number of variables: 22012
Number of clauses: 108909
unsat in 2 bits.
Number of variables: 34494
Number of clauses: 175771
unsat in 4 bits.
Number of variables: 72250
Number of clauses: 390489
unsat in 8 bits.
Number of variables: 198750
Number of clauses: 1142857
sat
real sat
../New_SAT_split/QF_NIA_2_18/20170427-VeryMax/ITS/From_T2__fun11.t2__p487_edge_closing_0.smt2 : 103205 ms.
--------------------------------------------------
Number of variables: 33469
Number of clauses: 151532
sat
real sat
../New_SAT_split/QF_NIA_2_18/20170427-VeryMax/ITS/From_T2__fun9.t2__p1194_terminationG_0.smt2 : 492 ms.
--------------------------------------------------
Number of variables: 98287
Number of clauses: 454446
sat
real sat
../New_SAT_split/QF_NIA_2_18/20170427-VeryMax/ITS/From_T2__fun9.t2__p1195_terminationG_0.smt2 : 1699 ms.
--------------------------------------------------
Number of variables: 198601
Number of clauses: 930067
sat
real sat
../New_SAT_split/QF_NIA_2_18/20170427-VeryMax/ITS/From_T2__fun9.t2__p1196_terminationG_0.smt2 : 14715 ms.
--------------------------------------------------
Number of variables: 61145
Number of clauses: 284811
sat
real sat
../New_SAT_split/QF_NIA_2_18/20170427-VeryMax/ITS/From_T2__fun9.t2__p1201_terminationG_0.smt2 : 4212 ms.
--------------------------------------------------
Number of variables: 121431
Number of clauses: 571941
sat
real sat
../New_SAT_split/QF_NIA_2_18/20170427-VeryMax/ITS/From_T2__fun9.t2__p1202_terminationG_0.smt2 : 25949 ms.
--------------------------------------------------
Number of variables: 88463
Number of clauses: 414304
sat
real sat
../New_SAT_split/QF_NIA_2_18/20170427-VeryMax/ITS/From_T2__fun9.t2__p1219_terminationG_0.smt2 : 5671 ms.
--------------------------------------------------
Number of variables: 175201
Number of clauses: 828649
sat
real sat
../New_SAT_split/QF_NIA_2_18/20170427-VeryMax/ITS/From_T2__fun9.t2__p1220_terminationG_0.smt2 : 12992 ms.
--------------------------------------------------
Number of variables: 35104
Number of clauses: 159474
sat
real sat
../New_SAT_split/QF_NIA_2_18/20170427-VeryMax/ITS/From_T2__fun9.t2__p1230_edge_closing_0.smt2 : 790 ms.
--------------------------------------------------
Number of variables: 128614
Number of clauses: 581524
sat
real sat
../New_SAT_split/QF_NIA_2_18/20170427-VeryMax/ITS/From_T2__fun9.t2__p1231_edge_closing_0.smt2 : 13653 ms.
--------------------------------------------------
Number of variables: 240863
Number of clauses: 1103858
sat
real sat
../New_SAT_split/QF_NIA_2_18/20170427-VeryMax/ITS/From_T2__fun9.t2__p1232_edge_closing_0.smt2 : 91306 ms.
--------------------------------------------------
Number of variables: 384271
Number of clauses: 1782766
sat
real sat
../New_SAT_split/QF_NIA_2_18/20170427-VeryMax/ITS/From_T2__fun9.t2__p1233_edge_closing_0.smt2 : 358815 ms.
--------------------------------------------------
Number of variables: 34930
Number of clauses: 159455
sat
real sat
../New_SAT_split/QF_NIA_2_18/20170427-VeryMax/ITS/From_T2__fun9.t2__p1236_edge_closing_0.smt2 : 425 ms.
--------------------------------------------------
Number of variables: 18999
Number of clauses: 86915
sat
real sat
../New_SAT_split/QF_NIA_2_18/20170427-VeryMax/ITS/From_T2__fun9.t2__p1239_edge_closing_0.smt2 : 2882 ms.
--------------------------------------------------
Number of variables: 21306
Number of clauses: 95452
sat
real sat
../New_SAT_split/QF_NIA_2_18/20170427-VeryMax/ITS/From_T2__fun9.t2__p1240_edge_closing_0.smt2 : 382 ms.
--------------------------------------------------
Number of variables: 38690
Number of clauses: 176734
sat
real sat
../New_SAT_split/QF_NIA_2_18/20170427-VeryMax/ITS/From_T2__fun9.t2__p1241_edge_closing_0.smt2 : 618 ms.
--------------------------------------------------
Number of variables: 59270
Number of clauses: 274346
sat
real sat
../New_SAT_split/QF_NIA_2_18/20170427-VeryMax/ITS/From_T2__fun9.t2__p1242_edge_closing_0.smt2 : 9275 ms.
--------------------------------------------------
Number of variables: 35819
Number of clauses: 164183
sat
real sat
../New_SAT_split/QF_NIA_2_18/20170427-VeryMax/ITS/From_T2__fun9.t2__p1244_edge_closing_0.smt2 : 2801 ms.
--------------------------------------------------
Number of variables: 54883
Number of clauses: 254851
sat
real sat
../New_SAT_split/QF_NIA_2_18/20170427-VeryMax/ITS/From_T2__fun9.t2__p1245_edge_closing_0.smt2 : 5118 ms.
--------------------------------------------------
Number of variables: 21898
Number of clauses: 98079
sat
real sat
../New_SAT_split/QF_NIA_2_18/20170427-VeryMax/ITS/From_T2__fun9.t2__p1247_edge_closing_0.smt2 : 1586 ms.
--------------------------------------------------
Number of variables: 39613
Number of clauses: 180751
sat
real sat
../New_SAT_split/QF_NIA_2_18/20170427-VeryMax/ITS/From_T2__fun9.t2__p1248_edge_closing_0.smt2 : 6186 ms.
--------------------------------------------------
Number of variables: 60526
Number of clauses: 279769
sat
real sat
../New_SAT_split/QF_NIA_2_18/20170427-VeryMax/ITS/From_T2__fun9.t2__p1249_edge_closing_0.smt2 : 726 ms.
--------------------------------------------------
Number of variables: 26806
Number of clauses: 119847
sat
real sat
../New_SAT_split/QF_NIA_2_18/20170427-VeryMax/ITS/From_T2__fun9.t2__p1250_edge_closing_0.smt2 : 2474 ms.
--------------------------------------------------
Number of variables: 49319
Number of clauses: 224819
sat
real sat
../New_SAT_split/QF_NIA_2_18/20170427-VeryMax/ITS/From_T2__fun9.t2__p1251_edge_closing_0.smt2 : 5925 ms.
--------------------------------------------------
Number of variables: 76570
Number of clauses: 353823
sat
real sat
../New_SAT_split/QF_NIA_2_18/20170427-VeryMax/ITS/From_T2__fun9.t2__p1252_edge_closing_0.smt2 : 5700 ms.
--------------------------------------------------
Number of variables: 25418
Number of clauses: 113969
sat
real sat
../New_SAT_split/QF_NIA_2_18/20170427-VeryMax/ITS/From_T2__fun9.t2__p1253_edge_closing_0.smt2 : 1463 ms.
--------------------------------------------------
Number of variables: 46448
Number of clauses: 212268
sat
real sat
../New_SAT_split/QF_NIA_2_18/20170427-VeryMax/ITS/From_T2__fun9.t2__p1254_edge_closing_0.smt2 : 9708 ms.
--------------------------------------------------
Number of variables: 72183
Number of clauses: 334328
sat
real sat
../New_SAT_split/QF_NIA_2_18/20170427-VeryMax/ITS/From_T2__fun9.t2__p1255_edge_closing_0.smt2 : 11779 ms.
--------------------------------------------------
Number of variables: 21846
Number of clauses: 97761
sat
real sat
../New_SAT_split/QF_NIA_2_18/20170427-VeryMax/ITS/From_T2__fun9.t2__p1256_edge_closing_0.smt2 : 1248 ms.
--------------------------------------------------
Number of variables: 39561
Number of clauses: 180433
sat
real sat
../New_SAT_split/QF_NIA_2_18/20170427-VeryMax/ITS/From_T2__fun9.t2__p1257_edge_closing_0.smt2 : 4115 ms.
--------------------------------------------------
Number of variables: 60474
Number of clauses: 279451
sat
real sat
../New_SAT_split/QF_NIA_2_18/20170427-VeryMax/ITS/From_T2__fun9.t2__p1258_edge_closing_0.smt2 : 4245 ms.
--------------------------------------------------
Number of variables: 36690
Number of clauses: 167882
sat
real sat
../New_SAT_split/QF_NIA_2_18/20170427-VeryMax/ITS/From_T2__fun9.t2__p1260_edge_closing_0.smt2 : 715 ms.
--------------------------------------------------
Number of variables: 56087
Number of clauses: 259956
sat
real sat
../New_SAT_split/QF_NIA_2_18/20170427-VeryMax/ITS/From_T2__fun9.t2__p1261_edge_closing_0.smt2 : 16072 ms.
--------------------------------------------------
Number of variables: 20093
Number of clauses: 90388
sat
real sat
../New_SAT_split/QF_NIA_2_18/20170427-VeryMax/ITS/From_T2__fun9.t2__p1262_edge_closing_0.smt2 : 324 ms.
--------------------------------------------------
Number of variables: 35954
Number of clauses: 164717
sat
real sat
../New_SAT_split/QF_NIA_2_18/20170427-VeryMax/ITS/From_T2__fun9.t2__p1263_edge_closing_0.smt2 : 2640 ms.
--------------------------------------------------
Number of variables: 54972
Number of clauses: 255055
sat
real sat
../New_SAT_split/QF_NIA_2_18/20170427-VeryMax/ITS/From_T2__fun9.t2__p1264_edge_closing_0.smt2 : 10748 ms.
--------------------------------------------------
Number of variables: 49267
Number of clauses: 224501
sat
real sat
../New_SAT_split/QF_NIA_2_18/20170427-VeryMax/ITS/From_T2__fun9.t2__p1266_edge_closing_0.smt2 : 3968 ms.
--------------------------------------------------
Number of variables: 76518
Number of clauses: 353505
sat
real sat
../New_SAT_split/QF_NIA_2_18/20170427-VeryMax/ITS/From_T2__fun9.t2__p1267_edge_closing_0.smt2 : 20441 ms.
--------------------------------------------------
Number of variables: 25366
Number of clauses: 113651
sat
real sat
../New_SAT_split/QF_NIA_2_18/20170427-VeryMax/ITS/From_T2__fun9.t2__p1268_edge_closing_0.smt2 : 2813 ms.
--------------------------------------------------
Number of variables: 46396
Number of clauses: 211950
sat
real sat
../New_SAT_split/QF_NIA_2_18/20170427-VeryMax/ITS/From_T2__fun9.t2__p1269_edge_closing_0.smt2 : 9868 ms.
--------------------------------------------------
Number of variables: 72131
Number of clauses: 334010
sat
real sat
../New_SAT_split/QF_NIA_2_18/20170427-VeryMax/ITS/From_T2__fun9.t2__p1270_edge_closing_0.smt2 : 29531 ms.
--------------------------------------------------
Number of variables: 27346
Number of clauses: 122156
sat
real sat
../New_SAT_split/QF_NIA_2_18/20170427-VeryMax/ITS/From_T2__fun9.t2__p1271_edge_closing_0.smt2 : 318 ms.
--------------------------------------------------
Number of variables: 50190
Number of clauses: 228518
sat
real sat
../New_SAT_split/QF_NIA_2_18/20170427-VeryMax/ITS/From_T2__fun9.t2__p1272_edge_closing_0.smt2 : 8490 ms.
--------------------------------------------------
Number of variables: 77774
Number of clauses: 358928
sat
real sat
../New_SAT_split/QF_NIA_2_18/20170427-VeryMax/ITS/From_T2__fun9.t2__p1273_edge_closing_0.smt2 : 1033 ms.
--------------------------------------------------
Number of variables: 25958
Number of clauses: 116278
sat
real sat
../New_SAT_split/QF_NIA_2_18/20170427-VeryMax/ITS/From_T2__fun9.t2__p1274_edge_closing_0.smt2 : 1366 ms.
--------------------------------------------------
Number of variables: 47319
Number of clauses: 215967
sat
real sat
../New_SAT_split/QF_NIA_2_18/20170427-VeryMax/ITS/From_T2__fun9.t2__p1275_edge_closing_0.smt2 : 7039 ms.
--------------------------------------------------
Number of variables: 73387
Number of clauses: 339433
sat
real sat
../New_SAT_split/QF_NIA_2_18/20170427-VeryMax/ITS/From_T2__fun9.t2__p1276_edge_closing_0.smt2 : 40429 ms.
--------------------------------------------------
Number of variables: 32253
Number of clauses: 143922
sat
real sat
../New_SAT_split/QF_NIA_2_18/20170427-VeryMax/ITS/From_T2__fun9.t2__p1277_edge_closing_0.smt2 : 3006 ms.
--------------------------------------------------
Number of variables: 59895
Number of clauses: 272584
sat
real sat
../New_SAT_split/QF_NIA_2_18/20170427-VeryMax/ITS/From_T2__fun9.t2__p1278_edge_closing_0.smt2 : 4774 ms.
--------------------------------------------------
Number of variables: 93817
Number of clauses: 432980
sat
real sat
../New_SAT_split/QF_NIA_2_18/20170427-VeryMax/ITS/From_T2__fun9.t2__p1279_edge_closing_0.smt2 : 21253 ms.
--------------------------------------------------
Number of variables: 22454
Number of clauses: 100509
sat
real sat
../New_SAT_split/QF_NIA_2_18/20170427-VeryMax/ITS/From_T2__fun9.t2__p1280_edge_closing_0.smt2 : 376 ms.
--------------------------------------------------
Number of variables: 40524
Number of clauses: 184756
sat
real sat
../New_SAT_split/QF_NIA_2_18/20170427-VeryMax/ITS/From_T2__fun9.t2__p1281_edge_closing_0.smt2 : 3269 ms.
--------------------------------------------------
Number of variables: 61802
Number of clauses: 285429
sat
real sat
../New_SAT_split/QF_NIA_2_18/20170427-VeryMax/ITS/From_T2__fun9.t2__p1282_edge_closing_0.smt2 : 9961 ms.
--------------------------------------------------
Number of variables: 37653
Number of clauses: 172205
sat
real sat
../New_SAT_split/QF_NIA_2_18/20170427-VeryMax/ITS/From_T2__fun9.t2__p1285_edge_closing_0.smt2 : 7947 ms.
--------------------------------------------------
Number of variables: 57415
Number of clauses: 265934
sat
real sat
../New_SAT_split/QF_NIA_2_18/20170427-VeryMax/ITS/From_T2__fun9.t2__p1286_edge_closing_0.smt2 : 11402 ms.
--------------------------------------------------
Number of variables: 20701
Number of clauses: 93136
sat
real sat
../New_SAT_split/QF_NIA_2_18/20170427-VeryMax/ITS/From_T2__fun9.t2__p1287_edge_closing_0.smt2 : 2858 ms.
--------------------------------------------------
Number of variables: 36917
Number of clauses: 169040
sat
real sat
../New_SAT_split/QF_NIA_2_18/20170427-VeryMax/ITS/From_T2__fun9.t2__p1288_edge_closing_0.smt2 : 4723 ms.
--------------------------------------------------
Number of variables: 56300
Number of clauses: 261033
sat
real sat
../New_SAT_split/QF_NIA_2_18/20170427-VeryMax/ITS/From_T2__fun9.t2__p1289_edge_closing_0.smt2 : 19927 ms.
--------------------------------------------------
Number of variables: 22151
Number of clauses: 100672
unsat in 2 bits.
Number of variables: 39067
Number of clauses: 186677
sat
real sat
../New_SAT_split/QF_NIA_2_18/20170427-VeryMax/ITS/From_T2__fun9.t2__p1290_edge_closing_0.smt2 : 37379 ms.
--------------------------------------------------
Number of variables: 38703
Number of clauses: 178689
sat
real sat
../New_SAT_split/QF_NIA_2_18/20170427-VeryMax/ITS/From_T2__fun9.t2__p1291_edge_closing_0.smt2 : 24820 ms.
--------------------------------------------------
Number of variables: 58438
Number of clauses: 272920
sat
real sat
../New_SAT_split/QF_NIA_2_18/20170427-VeryMax/ITS/From_T2__fun9.t2__p1292_edge_closing_0.smt2 : 30348 ms.
--------------------------------------------------
Number of variables: 27362
Number of clauses: 122277
sat
real sat
../New_SAT_split/QF_NIA_2_18/20170427-VeryMax/ITS/From_T2__fun9.t2__p1296_edge_closing_0.smt2 : 1191 ms.
--------------------------------------------------
Number of variables: 50230
Number of clauses: 228824
sat
real sat
../New_SAT_split/QF_NIA_2_18/20170427-VeryMax/ITS/From_T2__fun9.t2__p1297_edge_closing_0.smt2 : 4861 ms.
--------------------------------------------------
Number of variables: 77846
Number of clauses: 359483
sat
real sat
../New_SAT_split/QF_NIA_2_18/20170427-VeryMax/ITS/From_T2__fun9.t2__p1298_edge_closing_0.smt2 : 33077 ms.
--------------------------------------------------
Number of variables: 25974
Number of clauses: 116399
sat
real sat
../New_SAT_split/QF_NIA_2_18/20170427-VeryMax/ITS/From_T2__fun9.t2__p1299_edge_closing_0.smt2 : 519 ms.
--------------------------------------------------
Number of variables: 47359
Number of clauses: 216273
sat
real sat
../New_SAT_split/QF_NIA_2_18/20170427-VeryMax/ITS/From_T2__fun9.t2__p1300_edge_closing_0.smt2 : 7410 ms.
--------------------------------------------------
Number of variables: 73459
Number of clauses: 339988
sat
real sat
../New_SAT_split/QF_NIA_2_18/20170427-VeryMax/ITS/From_T2__fun9.t2__p1301_edge_closing_0.smt2 : 13030 ms.
--------------------------------------------------
Number of variables: 27954
Number of clauses: 124904
sat
real sat
../New_SAT_split/QF_NIA_2_18/20170427-VeryMax/ITS/From_T2__fun9.t2__p1302_edge_closing_0.smt2 : 328 ms.
--------------------------------------------------
Number of variables: 51153
Number of clauses: 232841
sat
real sat
../New_SAT_split/QF_NIA_2_18/20170427-VeryMax/ITS/From_T2__fun9.t2__p1303_edge_closing_0.smt2 : 9779 ms.
--------------------------------------------------
Number of variables: 79102
Number of clauses: 364906
sat
real sat
../New_SAT_split/QF_NIA_2_18/20170427-VeryMax/ITS/From_T2__fun9.t2__p1306_edge_closing_0.smt2 : 43131 ms.
--------------------------------------------------
Number of variables: 32861
Number of clauses: 146670
sat
real sat
../New_SAT_split/QF_NIA_2_18/20170427-VeryMax/ITS/From_T2__fun9.t2__p1307_edge_closing_0.smt2 : 3177 ms.
--------------------------------------------------
Number of variables: 60858
Number of clauses: 276907
sat
real sat
../New_SAT_split/QF_NIA_2_18/20170427-VeryMax/ITS/From_T2__fun9.t2__p1308_edge_closing_0.smt2 : 4815 ms.
--------------------------------------------------
Number of variables: 95145
Number of clauses: 438958
sat
real sat
../New_SAT_split/QF_NIA_2_18/20170427-VeryMax/ITS/From_T2__fun9.t2__p1309_edge_closing_0.smt2 : 38543 ms.
--------------------------------------------------
Number of variables: 27902
Number of clauses: 124586
sat
real sat
../New_SAT_split/QF_NIA_2_18/20170427-VeryMax/ITS/From_T2__fun9.t2__p1310_edge_closing_0.smt2 : 327 ms.
--------------------------------------------------
Number of variables: 51101
Number of clauses: 232523
sat
real sat
../New_SAT_split/QF_NIA_2_18/20170427-VeryMax/ITS/From_T2__fun9.t2__p1311_edge_closing_0.smt2 : 9974 ms.
--------------------------------------------------
Number of variables: 79050
Number of clauses: 364588
sat
real sat
../New_SAT_split/QF_NIA_2_18/20170427-VeryMax/ITS/From_T2__fun9.t2__p1312_edge_closing_0.smt2 : 9514 ms.
--------------------------------------------------
Number of variables: 26514
Number of clauses: 118708
sat
real sat
../New_SAT_split/QF_NIA_2_18/20170427-VeryMax/ITS/From_T2__fun9.t2__p1313_edge_closing_0.smt2 : 2665 ms.
--------------------------------------------------
Number of variables: 48230
Number of clauses: 219972
sat
real sat
../New_SAT_split/QF_NIA_2_18/20170427-VeryMax/ITS/From_T2__fun9.t2__p1314_edge_closing_0.smt2 : 767 ms.
--------------------------------------------------
Number of variables: 74663
Number of clauses: 345093
sat
real sat
../New_SAT_split/QF_NIA_2_18/20170427-VeryMax/ITS/From_T2__fun9.t2__p1315_edge_closing_0.smt2 : 89238 ms.
--------------------------------------------------
Number of variables: 26149
Number of clauses: 117213
sat
real sat
../New_SAT_split/QF_NIA_2_18/20170427-VeryMax/ITS/From_T2__fun9.t2__p1316_edge_closing_0.smt2 : 3782 ms.
--------------------------------------------------
Number of variables: 47494
Number of clauses: 216807
sat
real sat
../New_SAT_split/QF_NIA_2_18/20170427-VeryMax/ITS/From_T2__fun9.t2__p1317_edge_closing_0.smt2 : 6312 ms.
--------------------------------------------------
Number of variables: 73548
Number of clauses: 340192
sat
real sat
../New_SAT_split/QF_NIA_2_18/20170427-VeryMax/ITS/From_T2__fun9.t2__p1318_edge_closing_0.smt2 : 51532 ms.
--------------------------------------------------
Number of variables: 27654
Number of clauses: 125135
../New_SAT_split/QF_NIA_2_18/20170427-VeryMax/ITS/From_T2__fun9.t2__p1319_edge_closing_0.smt2 : 2401008 ms.
--------------------------------------------------
Number of variables: 49264
Number of clauses: 226324
sat
real sat
../New_SAT_split/QF_NIA_2_18/20170427-VeryMax/ITS/From_T2__fun9.t2__p1320_edge_closing_0.smt2 : 7791 ms.
--------------------------------------------------
Number of variables: 75582
Number of clauses: 351291
sat
real sat
../New_SAT_split/QF_NIA_2_18/20170427-VeryMax/ITS/From_T2__fun9.t2__p1321_edge_closing_0.smt2 : 32083 ms.
--------------------------------------------------
Number of variables: 32809
Number of clauses: 146352
sat
real sat
../New_SAT_split/QF_NIA_2_18/20170427-VeryMax/ITS/From_T2__fun9.t2__p1322_edge_closing_0.smt2 : 3010 ms.
--------------------------------------------------
Number of variables: 60806
Number of clauses: 276589
sat
real sat
../New_SAT_split/QF_NIA_2_18/20170427-VeryMax/ITS/From_T2__fun9.t2__p1323_edge_closing_0.smt2 : 12920 ms.
--------------------------------------------------
Number of variables: 95093
Number of clauses: 438640
sat
real sat
../New_SAT_split/QF_NIA_2_18/20170427-VeryMax/ITS/From_T2__fun9.t2__p1324_edge_closing_0.smt2 : 38994 ms.
--------------------------------------------------
Number of variables: 33401
Number of clauses: 148979
sat
real sat
../New_SAT_split/QF_NIA_2_18/20170427-VeryMax/ITS/From_T2__fun9.t2__p1325_edge_closing_0.smt2 : 3899 ms.
--------------------------------------------------
Number of variables: 61729
Number of clauses: 280606
sat
real sat
../New_SAT_split/QF_NIA_2_18/20170427-VeryMax/ITS/From_T2__fun9.t2__p1326_edge_closing_0.smt2 : 5758 ms.
--------------------------------------------------
Number of variables: 96349
Number of clauses: 444063
sat
real sat
../New_SAT_split/QF_NIA_2_18/20170427-VeryMax/ITS/From_T2__fun9.t2__p1327_edge_closing_0.smt2 : 47767 ms.
--------------------------------------------------
Number of variables: 32013
Number of clauses: 143101
sat
real sat
../New_SAT_split/QF_NIA_2_18/20170427-VeryMax/ITS/From_T2__fun9.t2__p1328_edge_closing_0.smt2 : 2659 ms.
--------------------------------------------------
Number of variables: 58858
Number of clauses: 268055
sat
real sat
../New_SAT_split/QF_NIA_2_18/20170427-VeryMax/ITS/From_T2__fun9.t2__p1329_edge_closing_0.smt2 : 18933 ms.
--------------------------------------------------
Number of variables: 91962
Number of clauses: 424568
sat
real sat
../New_SAT_split/QF_NIA_2_18/20170427-VeryMax/ITS/From_T2__fun9.t2__p1330_edge_closing_0.smt2 : 20750 ms.
--------------------------------------------------
Number of variables: 38308
Number of clauses: 170745
sat
real sat
../New_SAT_split/QF_NIA_2_18/20170427-VeryMax/ITS/From_T2__fun9.t2__p1331_edge_closing_0.smt2 : 3634 ms.
--------------------------------------------------
Number of variables: 71434
Number of clauses: 324672
sat
real sat
../New_SAT_split/QF_NIA_2_18/20170427-VeryMax/ITS/From_T2__fun9.t2__p1332_edge_closing_0.smt2 : 15240 ms.
--------------------------------------------------
Number of variables: 112392
Number of clauses: 518115
sat
real sat
../New_SAT_split/QF_NIA_2_18/20170427-VeryMax/ITS/From_T2__fun9.t2__p1333_edge_closing_0.smt2 : 23299 ms.
--------------------------------------------------
Number of variables: 21987
Number of clauses: 98536
sat
real sat
../New_SAT_split/QF_NIA_2_18/20170427-VeryMax/ITS/From_T2__fun9.t2__p1334_edge_closing_0.smt2 : 1327 ms.
--------------------------------------------------
Number of variables: 39694
Number of clauses: 181144
sat
real sat
../New_SAT_split/QF_NIA_2_18/20170427-VeryMax/ITS/From_T2__fun9.t2__p1335_edge_closing_0.smt2 : 4910 ms.
--------------------------------------------------
Number of variables: 60599
Number of clauses: 280098
sat
real sat
../New_SAT_split/QF_NIA_2_18/20170427-VeryMax/ITS/From_T2__fun9.t2__p1336_edge_closing_0.smt2 : 10550 ms.
--------------------------------------------------
Number of variables: 40617
Number of clauses: 185161
sat
real sat
../New_SAT_split/QF_NIA_2_18/20170427-VeryMax/ITS/From_T2__fun9.t2__p1338_edge_closing_0.smt2 : 3459 ms.
--------------------------------------------------
Number of variables: 61855
Number of clauses: 285521
sat
real sat
../New_SAT_split/QF_NIA_2_18/20170427-VeryMax/ITS/From_T2__fun9.t2__p1339_edge_closing_0.smt2 : 10666 ms.
--------------------------------------------------
Number of variables: 50323
Number of clauses: 229229
sat
real sat
../New_SAT_split/QF_NIA_2_18/20170427-VeryMax/ITS/From_T2__fun9.t2__p1341_edge_closing_0.smt2 : 10524 ms.
--------------------------------------------------
Number of variables: 77899
Number of clauses: 359575
sat
real sat
../New_SAT_split/QF_NIA_2_18/20170427-VeryMax/ITS/From_T2__fun9.t2__p1342_edge_closing_0.smt2 : 6994 ms.
--------------------------------------------------
Number of variables: 22527
Number of clauses: 100845
sat
real sat
../New_SAT_split/QF_NIA_2_18/20170427-VeryMax/ITS/From_T2__fun9.t2__p1343_edge_closing_0.smt2 : 255 ms.
--------------------------------------------------
Number of variables: 40565
Number of clauses: 184843
sat
real sat
../New_SAT_split/QF_NIA_2_18/20170427-VeryMax/ITS/From_T2__fun9.t2__p1344_edge_closing_0.smt2 : 3625 ms.
--------------------------------------------------
Number of variables: 61803
Number of clauses: 285203
sat
real sat
../New_SAT_split/QF_NIA_2_18/20170427-VeryMax/ITS/From_T2__fun9.t2__p1345_edge_closing_0.smt2 : 11255 ms.
--------------------------------------------------
Number of variables: 27435
Number of clauses: 122613
sat
real sat
../New_SAT_split/QF_NIA_2_18/20170427-VeryMax/ITS/From_T2__fun9.t2__p1346_edge_closing_0.smt2 : 1803 ms.
--------------------------------------------------
Number of variables: 50271
Number of clauses: 228911
sat
real sat
../New_SAT_split/QF_NIA_2_18/20170427-VeryMax/ITS/From_T2__fun9.t2__p1347_edge_closing_0.smt2 : 11822 ms.
--------------------------------------------------
Number of variables: 77847
Number of clauses: 359257
sat
real sat
../New_SAT_split/QF_NIA_2_18/20170427-VeryMax/ITS/From_T2__fun9.t2__p1348_edge_closing_0.smt2 : 39129 ms.
--------------------------------------------------
Number of variables: 28027
Number of clauses: 125240
sat
real sat
../New_SAT_split/QF_NIA_2_18/20170427-VeryMax/ITS/From_T2__fun9.t2__p1349_edge_closing_0.smt2 : 380 ms.
--------------------------------------------------
Number of variables: 51194
Number of clauses: 232928
sat
real sat
../New_SAT_split/QF_NIA_2_18/20170427-VeryMax/ITS/From_T2__fun9.t2__p1350_edge_closing_0.smt2 : 4556 ms.
--------------------------------------------------
Number of variables: 79103
Number of clauses: 364680
sat
real sat
../New_SAT_split/QF_NIA_2_18/20170427-VeryMax/ITS/From_T2__fun9.t2__p1351_edge_closing_0.smt2 : 17022 ms.
--------------------------------------------------
Number of variables: 26639
Number of clauses: 119362
sat
real sat
../New_SAT_split/QF_NIA_2_18/20170427-VeryMax/ITS/From_T2__fun9.t2__p1352_edge_closing_0.smt2 : 2273 ms.
--------------------------------------------------
Number of variables: 48323
Number of clauses: 220377
sat
real sat
../New_SAT_split/QF_NIA_2_18/20170427-VeryMax/ITS/From_T2__fun9.t2__p1353_edge_closing_0.smt2 : 11125 ms.
--------------------------------------------------
Number of variables: 74716
Number of clauses: 345185
sat
real sat
../New_SAT_split/QF_NIA_2_18/20170427-VeryMax/ITS/From_T2__fun9.t2__p1354_edge_closing_0.smt2 : 39994 ms.
--------------------------------------------------
Number of variables: 30164
Number of clauses: 138916
../New_SAT_split/QF_NIA_2_18/20170427-VeryMax/ITS/From_T2__fun9.t2__p1355_edge_closing_0.smt2 : 2401013 ms.
--------------------------------------------------
Number of variables: 51740
Number of clauses: 240669
sat
real sat
../New_SAT_split/QF_NIA_2_18/20170427-VeryMax/ITS/From_T2__fun9.t2__p1356_edge_closing_0.smt2 : 103192 ms.
--------------------------------------------------
Number of variables: 78051
Number of clauses: 366414
sat
real sat
../New_SAT_split/QF_NIA_2_18/20170427-VeryMax/ITS/From_T2__fun9.t2__p1357_edge_closing_0.smt2 : 51853 ms.
--------------------------------------------------
Number of variables: 32934
Number of clauses: 147006
sat
real sat
../New_SAT_split/QF_NIA_2_18/20170427-VeryMax/ITS/From_T2__fun9.t2__p1358_edge_closing_0.smt2 : 2881 ms.
--------------------------------------------------
Number of variables: 60899
Number of clauses: 276994
sat
real sat
../New_SAT_split/QF_NIA_2_18/20170427-VeryMax/ITS/From_T2__fun9.t2__p1359_edge_closing_0.smt2 : 9867 ms.
--------------------------------------------------
Number of variables: 95146
Number of clauses: 438732
sat
real sat
../New_SAT_split/QF_NIA_2_18/20170427-VeryMax/ITS/From_T2__fun9.t2__p1360_edge_closing_0.smt2 : 8457 ms.
--------------------------------------------------
Number of variables: 23135
Number of clauses: 103593
sat
real sat
../New_SAT_split/QF_NIA_2_18/20170427-VeryMax/ITS/From_T2__fun9.t2__p1361_edge_closing_0.smt2 : 600 ms.
--------------------------------------------------
Number of variables: 41528
Number of clauses: 189166
sat
real sat
../New_SAT_split/QF_NIA_2_18/20170427-VeryMax/ITS/From_T2__fun9.t2__p1362_edge_closing_0.smt2 : 2616 ms.
--------------------------------------------------
Number of variables: 63131
Number of clauses: 291181
sat
real sat
../New_SAT_split/QF_NIA_2_18/20170427-VeryMax/ITS/From_T2__fun9.t2__p1363_edge_closing_0.smt2 : 9248 ms.
--------------------------------------------------
Number of variables: 21747
Number of clauses: 97715
sat
real sat
../New_SAT_split/QF_NIA_2_18/20170427-VeryMax/ITS/From_T2__fun9.t2__p1364_edge_closing_0.smt2 : 256 ms.
--------------------------------------------------
Number of variables: 38657
Number of clauses: 176615
sat
real sat
../New_SAT_split/QF_NIA_2_18/20170427-VeryMax/ITS/From_T2__fun9.t2__p1365_edge_closing_0.smt2 : 6257 ms.
--------------------------------------------------
Number of variables: 58744
Number of clauses: 271686
sat
real sat
../New_SAT_split/QF_NIA_2_18/20170427-VeryMax/ITS/From_T2__fun9.t2__p1366_edge_closing_0.smt2 : 13121 ms.
--------------------------------------------------
Number of variables: 28043
Number of clauses: 125361
sat
real sat
../New_SAT_split/QF_NIA_2_18/20170427-VeryMax/ITS/From_T2__fun9.t2__p1367_edge_closing_0.smt2 : 2222 ms.
--------------------------------------------------
Number of variables: 51234
Number of clauses: 233234
sat
real sat
../New_SAT_split/QF_NIA_2_18/20170427-VeryMax/ITS/From_T2__fun9.t2__p1368_edge_closing_0.smt2 : 3752 ms.
--------------------------------------------------
Number of variables: 79175
Number of clauses: 365235
sat
real sat
../New_SAT_split/QF_NIA_2_18/20170427-VeryMax/ITS/From_T2__fun9.t2__p1369_edge_closing_0.smt2 : 15450 ms.
--------------------------------------------------
Number of variables: 28635
Number of clauses: 127988
sat
real sat
../New_SAT_split/QF_NIA_2_18/20170427-VeryMax/ITS/From_T2__fun9.t2__p1370_edge_closing_0.smt2 : 324 ms.
--------------------------------------------------
Number of variables: 52157
Number of clauses: 237251
sat
real sat
../New_SAT_split/QF_NIA_2_18/20170427-VeryMax/ITS/From_T2__fun9.t2__p1371_edge_closing_0.smt2 : 9212 ms.
--------------------------------------------------
Number of variables: 80431
Number of clauses: 370658
sat
real sat
../New_SAT_split/QF_NIA_2_18/20170427-VeryMax/ITS/From_T2__fun9.t2__p1372_edge_closing_0.smt2 : 31155 ms.
--------------------------------------------------
Number of variables: 33542
Number of clauses: 149754
sat
real sat
../New_SAT_split/QF_NIA_2_18/20170427-VeryMax/ITS/From_T2__fun9.t2__p1373_edge_closing_0.smt2 : 2770 ms.
--------------------------------------------------
Number of variables: 61862
Number of clauses: 281317
sat
real sat
../New_SAT_split/QF_NIA_2_18/20170427-VeryMax/ITS/From_T2__fun9.t2__p1374_edge_closing_0.smt2 : 11680 ms.
--------------------------------------------------
Number of variables: 96474
Number of clauses: 444710
sat
real sat
../New_SAT_split/QF_NIA_2_18/20170427-VeryMax/ITS/From_T2__fun9.t2__p1375_edge_closing_0.smt2 : 44772 ms.
--------------------------------------------------
Number of variables: 28583
Number of clauses: 127670
sat
real sat
../New_SAT_split/QF_NIA_2_18/20170427-VeryMax/ITS/From_T2__fun9.t2__p1376_edge_closing_0.smt2 : 333 ms.
--------------------------------------------------
Number of variables: 52105
Number of clauses: 236933
sat
real sat
../New_SAT_split/QF_NIA_2_18/20170427-VeryMax/ITS/From_T2__fun9.t2__p1377_edge_closing_0.smt2 : 9384 ms.
--------------------------------------------------
Number of variables: 80379
Number of clauses: 370340
sat
real sat
../New_SAT_split/QF_NIA_2_18/20170427-VeryMax/ITS/From_T2__fun9.t2__p1378_edge_closing_0.smt2 : 6486 ms.
--------------------------------------------------
Number of variables: 26828
Number of clauses: 120276
sat
real sat
../New_SAT_split/QF_NIA_2_18/20170427-VeryMax/ITS/From_T2__fun9.t2__p1379_edge_closing_0.smt2 : 9399 ms.
--------------------------------------------------
Number of variables: 48496
Number of clauses: 221192
sat
real sat
../New_SAT_split/QF_NIA_2_18/20170427-VeryMax/ITS/From_T2__fun9.t2__p1380_edge_closing_0.smt2 : 11239 ms.
--------------------------------------------------
Number of variables: 74875
Number of clauses: 345915
sat
real sat
../New_SAT_split/QF_NIA_2_18/20170427-VeryMax/ITS/From_T2__fun9.t2__p1381_edge_closing_0.smt2 : 38619 ms.
--------------------------------------------------
Number of variables: 33490
Number of clauses: 149436
sat
real sat
../New_SAT_split/QF_NIA_2_18/20170427-VeryMax/ITS/From_T2__fun9.t2__p1382_edge_closing_0.smt2 : 2818 ms.
--------------------------------------------------
Number of variables: 61810
Number of clauses: 280999
sat
real sat
../New_SAT_split/QF_NIA_2_18/20170427-VeryMax/ITS/From_T2__fun9.t2__p1383_edge_closing_0.smt2 : 9170 ms.
--------------------------------------------------
Number of variables: 96422
Number of clauses: 444392
sat
real sat
../New_SAT_split/QF_NIA_2_18/20170427-VeryMax/ITS/From_T2__fun9.t2__p1384_edge_closing_0.smt2 : 44085 ms.
--------------------------------------------------
Number of variables: 32102
Number of clauses: 143558
sat
real sat
../New_SAT_split/QF_NIA_2_18/20170427-VeryMax/ITS/From_T2__fun9.t2__p1385_edge_closing_0.smt2 : 3157 ms.
--------------------------------------------------
Number of variables: 58939
Number of clauses: 268448
sat
real sat
../New_SAT_split/QF_NIA_2_18/20170427-VeryMax/ITS/From_T2__fun9.t2__p1386_edge_closing_0.smt2 : 5224 ms.
--------------------------------------------------
Number of variables: 92035
Number of clauses: 424897
sat
real sat
../New_SAT_split/QF_NIA_2_18/20170427-VeryMax/ITS/From_T2__fun9.t2__p1387_edge_closing_0.smt2 : 51483 ms.
--------------------------------------------------
Number of variables: 34082
Number of clauses: 152063
sat
real sat
../New_SAT_split/QF_NIA_2_18/20170427-VeryMax/ITS/From_T2__fun9.t2__p1388_edge_closing_0.smt2 : 3827 ms.
--------------------------------------------------
Number of variables: 62733
Number of clauses: 285016
sat
real sat
../New_SAT_split/QF_NIA_2_18/20170427-VeryMax/ITS/From_T2__fun9.t2__p1389_edge_closing_0.smt2 : 5593 ms.
--------------------------------------------------
Number of variables: 97678
Number of clauses: 449815
sat
real sat
../New_SAT_split/QF_NIA_2_18/20170427-VeryMax/ITS/From_T2__fun9.t2__p1390_edge_closing_0.smt2 : 18646 ms.
--------------------------------------------------
Number of variables: 32694
Number of clauses: 146185
sat
real sat
../New_SAT_split/QF_NIA_2_18/20170427-VeryMax/ITS/From_T2__fun9.t2__p1391_edge_closing_0.smt2 : 1996 ms.
--------------------------------------------------
Number of variables: 59862
Number of clauses: 272465
sat
real sat
../New_SAT_split/QF_NIA_2_18/20170427-VeryMax/ITS/From_T2__fun9.t2__p1392_edge_closing_0.smt2 : 9865 ms.
--------------------------------------------------
Number of variables: 93291
Number of clauses: 430320
sat
real sat
../New_SAT_split/QF_NIA_2_18/20170427-VeryMax/ITS/From_T2__fun9.t2__p1393_edge_closing_0.smt2 : 125717 ms.
--------------------------------------------------
Number of variables: 38989
Number of clauses: 173829
sat
real sat
../New_SAT_split/QF_NIA_2_18/20170427-VeryMax/ITS/From_T2__fun9.t2__p1395_edge_closing_0.smt2 : 5199 ms.
--------------------------------------------------
Number of variables: 72438
Number of clauses: 329082
sat
real sat
../New_SAT_split/QF_NIA_2_18/20170427-VeryMax/ITS/From_T2__fun9.t2__p1396_edge_closing_0.smt2 : 11859 ms.
--------------------------------------------------
Number of variables: 113721
Number of clauses: 523867
sat
real sat
../New_SAT_split/QF_NIA_2_18/20170427-VeryMax/ITS/From_T2__fun9.t2__p1397_edge_closing_0.smt2 : 55938 ms.
--------------------------------------------------
Number of variables: 37601
Number of clauses: 167951
sat
real sat
../New_SAT_split/QF_NIA_2_18/20170427-VeryMax/ITS/From_T2__fun9.t2__p1398_edge_closing_0.smt2 : 3983 ms.
--------------------------------------------------
Number of variables: 69567
Number of clauses: 316531
sat
real sat
../New_SAT_split/QF_NIA_2_18/20170427-VeryMax/ITS/From_T2__fun9.t2__p1399_edge_closing_0.smt2 : 8150 ms.
--------------------------------------------------
Number of variables: 109334
Number of clauses: 504372
sat
real sat
../New_SAT_split/QF_NIA_2_18/20170427-VeryMax/ITS/From_T2__fun9.t2__p1400_edge_closing_0.smt2 : 47841 ms.
--------------------------------------------------
Number of variables: 29583
Number of clauses: 133293
sat
real sat
../New_SAT_split/QF_NIA_2_18/20170427-VeryMax/ITS/From_T2__fun9.t2__p1401_edge_closing_0.smt2 : 1655 ms.
--------------------------------------------------
Number of variables: 53271
Number of clauses: 244186
sat
real sat
../New_SAT_split/QF_NIA_2_18/20170427-VeryMax/ITS/From_T2__fun9.t2__p1402_edge_closing_0.smt2 : 3621 ms.
--------------------------------------------------
Number of variables: 81748
Number of clauses: 379519
sat
real sat
../New_SAT_split/QF_NIA_2_18/20170427-VeryMax/ITS/From_T2__fun9.t2__p1403_edge_closing_0.smt2 : 12179 ms.
--------------------------------------------------
Number of variables: 30175
Number of clauses: 135920
sat
real sat
../New_SAT_split/QF_NIA_2_18/20170427-VeryMax/ITS/From_T2__fun9.t2__p1404_edge_closing_0.smt2 : 410 ms.
--------------------------------------------------
Number of variables: 54194
Number of clauses: 248203
sat
real sat
../New_SAT_split/QF_NIA_2_18/20170427-VeryMax/ITS/From_T2__fun9.t2__p1405_edge_closing_0.smt2 : 3753 ms.
--------------------------------------------------
Number of variables: 83004
Number of clauses: 384942
sat
real sat
../New_SAT_split/QF_NIA_2_18/20170427-VeryMax/ITS/From_T2__fun9.t2__p1406_edge_closing_0.smt2 : 5723 ms.
--------------------------------------------------
Number of variables: 35083
Number of clauses: 157688
sat
real sat
../New_SAT_split/QF_NIA_2_18/20170427-VeryMax/ITS/From_T2__fun9.t2__p1407_edge_closing_0.smt2 : 490 ms.
--------------------------------------------------
Number of variables: 63900
Number of clauses: 292271
sat
real sat
../New_SAT_split/QF_NIA_2_18/20170427-VeryMax/ITS/From_T2__fun9.t2__p1408_edge_closing_0.smt2 : 7472 ms.
--------------------------------------------------
Number of variables: 99048
Number of clauses: 458996
sat
real sat
../New_SAT_split/QF_NIA_2_18/20170427-VeryMax/ITS/From_T2__fun9.t2__p1409_edge_closing_0.smt2 : 18769 ms.
--------------------------------------------------
Number of variables: 30123
Number of clauses: 135602
sat
real sat
../New_SAT_split/QF_NIA_2_18/20170427-VeryMax/ITS/From_T2__fun9.t2__p1410_edge_closing_0.smt2 : 570 ms.
--------------------------------------------------
Number of variables: 54142
Number of clauses: 247885
sat
real sat
../New_SAT_split/QF_NIA_2_18/20170427-VeryMax/ITS/From_T2__fun9.t2__p1412_edge_closing_0.smt2 : 10038 ms.
--------------------------------------------------
Number of variables: 82952
Number of clauses: 384624
sat
real sat
../New_SAT_split/QF_NIA_2_18/20170427-VeryMax/ITS/From_T2__fun9.t2__p1413_edge_closing_0.smt2 : 17605 ms.
--------------------------------------------------
Number of variables: 28735
Number of clauses: 129724
sat
real sat
../New_SAT_split/QF_NIA_2_18/20170427-VeryMax/ITS/From_T2__fun9.t2__p1414_edge_closing_0.smt2 : 2374 ms.
--------------------------------------------------
Number of variables: 51271
Number of clauses: 235334
sat
real sat
../New_SAT_split/QF_NIA_2_18/20170427-VeryMax/ITS/From_T2__fun9.t2__p1415_edge_closing_0.smt2 : 8163 ms.
--------------------------------------------------
Number of variables: 78565
Number of clauses: 365129
sat
real sat
../New_SAT_split/QF_NIA_2_18/20170427-VeryMax/ITS/From_T2__fun9.t2__p1418_edge_closing_0.smt2 : 30845 ms.
--------------------------------------------------
Number of variables: 35031
Number of clauses: 157370
sat
real sat
../New_SAT_split/QF_NIA_2_18/20170427-VeryMax/ITS/From_T2__fun9.t2__p1419_edge_closing_0.smt2 : 2646 ms.
--------------------------------------------------
Number of variables: 63848
Number of clauses: 291953
sat
real sat
../New_SAT_split/QF_NIA_2_18/20170427-VeryMax/ITS/From_T2__fun9.t2__p1420_edge_closing_0.smt2 : 11292 ms.
--------------------------------------------------
Number of variables: 98996
Number of clauses: 458678
sat
real sat
../New_SAT_split/QF_NIA_2_18/20170427-VeryMax/ITS/From_T2__fun9.t2__p1421_edge_closing_0.smt2 : 41793 ms.
--------------------------------------------------
Number of variables: 33643
Number of clauses: 151492
sat
real sat
../New_SAT_split/QF_NIA_2_18/20170427-VeryMax/ITS/From_T2__fun9.t2__p1422_edge_closing_0.smt2 : 1957 ms.
--------------------------------------------------
Number of variables: 60977
Number of clauses: 279402
sat
real sat
../New_SAT_split/QF_NIA_2_18/20170427-VeryMax/ITS/From_T2__fun9.t2__p1423_edge_closing_0.smt2 : 5573 ms.
--------------------------------------------------
Number of variables: 94609
Number of clauses: 439183
sat
real sat
../New_SAT_split/QF_NIA_2_18/20170427-VeryMax/ITS/From_T2__fun9.t2__p1424_edge_closing_0.smt2 : 46413 ms.
--------------------------------------------------
Number of variables: 35623
Number of clauses: 159997
sat
real sat
../New_SAT_split/QF_NIA_2_18/20170427-VeryMax/ITS/From_T2__fun9.t2__p1425_edge_closing_0.smt2 : 5571 ms.
--------------------------------------------------
Number of variables: 64771
Number of clauses: 295970
sat
real sat
../New_SAT_split/QF_NIA_2_18/20170427-VeryMax/ITS/From_T2__fun9.t2__p1426_edge_closing_0.smt2 : 10361 ms.
--------------------------------------------------
Number of variables: 100252
Number of clauses: 464101
sat
real sat
../New_SAT_split/QF_NIA_2_18/20170427-VeryMax/ITS/From_T2__fun9.t2__p1427_edge_closing_0.smt2 : 47540 ms.
--------------------------------------------------
Number of variables: 40530
Number of clauses: 181763
sat
real sat
../New_SAT_split/QF_NIA_2_18/20170427-VeryMax/ITS/From_T2__fun9.t2__p1428_edge_closing_0.smt2 : 6838 ms.
--------------------------------------------------
Number of variables: 74476
Number of clauses: 340036
sat
real sat
../New_SAT_split/QF_NIA_2_18/20170427-VeryMax/ITS/From_T2__fun9.t2__p1429_edge_closing_0.smt2 : 11157 ms.
--------------------------------------------------
Number of variables: 116295
Number of clauses: 538153
sat
real sat
../New_SAT_split/QF_NIA_2_18/20170427-VeryMax/ITS/From_T2__fun9.t2__p1430_edge_closing_0.smt2 : 43961 ms.
--------------------------------------------------
Number of variables: 30731
Number of clauses: 138350
sat
real sat
../New_SAT_split/QF_NIA_2_18/20170427-VeryMax/ITS/From_T2__fun9.t2__p1432_edge_closing_0.smt2 : 2606 ms.
--------------------------------------------------
Number of variables: 55105
Number of clauses: 252208
sat
real sat
../New_SAT_split/QF_NIA_2_18/20170427-VeryMax/ITS/From_T2__fun9.t2__p1433_edge_closing_0.smt2 : 6991 ms.
--------------------------------------------------
Number of variables: 84280
Number of clauses: 390602
sat
real sat
../New_SAT_split/QF_NIA_2_18/20170427-VeryMax/ITS/From_T2__fun9.t2__p1434_edge_closing_0.smt2 : 7082 ms.
--------------------------------------------------
Number of variables: 52234
Number of clauses: 239657
sat
real sat
../New_SAT_split/QF_NIA_2_18/20170427-VeryMax/ITS/From_T2__fun9.t2__p1436_edge_closing_0.smt2 : 14199 ms.
--------------------------------------------------
Number of variables: 79893
Number of clauses: 371107
sat
real sat
../New_SAT_split/QF_NIA_2_18/20170427-VeryMax/ITS/From_T2__fun9.t2__p1437_edge_closing_0.smt2 : 11988 ms.
--------------------------------------------------
Number of variables: 28977
Number of clauses: 130966
sat
real sat
../New_SAT_split/QF_NIA_2_18/20170427-VeryMax/ITS/From_T2__fun9.t2__p1438_edge_closing_0.smt2 : 5823 ms.
--------------------------------------------------
Number of variables: 51497
Number of clauses: 236479
sat
real sat
../New_SAT_split/QF_NIA_2_18/20170427-VeryMax/ITS/From_T2__fun9.t2__p1439_edge_closing_0.smt2 : 11946 ms.
--------------------------------------------------
Number of variables: 78777
Number of clauses: 366191
sat
real sat
../New_SAT_split/QF_NIA_2_18/20170427-VeryMax/ITS/From_T2__fun9.t2__p1440_edge_closing_0.smt2 : 12514 ms.
--------------------------------------------------
Number of variables: 29946
Number of clauses: 135559
unsat in 2 bits.
Number of variables: 53682
Number of clauses: 255930
sat
real sat
../New_SAT_split/QF_NIA_2_18/20170427-VeryMax/ITS/From_T2__fun9.t2__p1441_edge_closing_0.smt2 : 160998 ms.
--------------------------------------------------
Number of variables: 52223
Number of clauses: 240170
sat
real sat
../New_SAT_split/QF_NIA_2_18/20170427-VeryMax/ITS/From_T2__fun9.t2__p1442_edge_closing_0.smt2 : 15285 ms.
--------------------------------------------------
Number of variables: 79250
Number of clauses: 368897
sat
real sat
../New_SAT_split/QF_NIA_2_18/20170427-VeryMax/ITS/From_T2__fun9.t2__p1443_edge_closing_0.smt2 : 105073 ms.
--------------------------------------------------
Number of variables: 35639
Number of clauses: 160118
sat
real sat
../New_SAT_split/QF_NIA_2_18/20170427-VeryMax/ITS/From_T2__fun9.t2__p1447_edge_closing_0.smt2 : 2324 ms.
--------------------------------------------------
Number of variables: 64811
Number of clauses: 296276
sat
real sat
../New_SAT_split/QF_NIA_2_18/20170427-VeryMax/ITS/From_T2__fun9.t2__p1448_edge_closing_0.smt2 : 5640 ms.
--------------------------------------------------
Number of variables: 100324
Number of clauses: 464656
sat
real sat
../New_SAT_split/QF_NIA_2_18/20170427-VeryMax/ITS/From_T2__fun9.t2__p1449_edge_closing_0.smt2 : 43714 ms.
--------------------------------------------------
Number of variables: 36231
Number of clauses: 162745
sat
real sat
../New_SAT_split/QF_NIA_2_18/20170427-VeryMax/ITS/From_T2__fun9.t2__p1450_edge_closing_0.smt2 : 415 ms.
--------------------------------------------------
Number of variables: 65734
Number of clauses: 300293
sat
real sat
../New_SAT_split/QF_NIA_2_18/20170427-VeryMax/ITS/From_T2__fun9.t2__p1451_edge_closing_0.smt2 : 9175 ms.
--------------------------------------------------
Number of variables: 101580
Number of clauses: 470079
sat
real sat
../New_SAT_split/QF_NIA_2_18/20170427-VeryMax/ITS/From_T2__fun9.t2__p1452_edge_closing_0.smt2 : 7319 ms.
--------------------------------------------------
Number of variables: 34843
Number of clauses: 156867
sat
real sat
../New_SAT_split/QF_NIA_2_18/20170427-VeryMax/ITS/From_T2__fun9.t2__p1453_edge_closing_0.smt2 : 3061 ms.
--------------------------------------------------
Number of variables: 62863
Number of clauses: 287742
sat
real sat
../New_SAT_split/QF_NIA_2_18/20170427-VeryMax/ITS/From_T2__fun9.t2__p1454_edge_closing_0.smt2 : 4190 ms.
--------------------------------------------------
Number of variables: 97193
Number of clauses: 450584
sat
real sat
../New_SAT_split/QF_NIA_2_18/20170427-VeryMax/ITS/From_T2__fun9.t2__p1455_edge_closing_0.smt2 : 43450 ms.
--------------------------------------------------
Number of variables: 41138
Number of clauses: 184511
sat
real sat
../New_SAT_split/QF_NIA_2_18/20170427-VeryMax/ITS/From_T2__fun9.t2__p1456_edge_closing_0.smt2 : 2490 ms.
--------------------------------------------------
Number of variables: 75439
Number of clauses: 344359
sat
real sat
../New_SAT_split/QF_NIA_2_18/20170427-VeryMax/ITS/From_T2__fun9.t2__p1457_edge_closing_0.smt2 : 11898 ms.
--------------------------------------------------
Number of variables: 117623
Number of clauses: 544131
sat
real sat
../New_SAT_split/QF_NIA_2_18/20170427-VeryMax/ITS/From_T2__fun9.t2__p1458_edge_closing_0.smt2 : 19686 ms.
--------------------------------------------------
Number of variables: 36179
Number of clauses: 162427
sat
real sat
../New_SAT_split/QF_NIA_2_18/20170427-VeryMax/ITS/From_T2__fun9.t2__p1459_edge_closing_0.smt2 : 413 ms.
--------------------------------------------------
Number of variables: 65682
Number of clauses: 299975
sat
real sat
../New_SAT_split/QF_NIA_2_18/20170427-VeryMax/ITS/From_T2__fun9.t2__p1460_edge_closing_0.smt2 : 10601 ms.
--------------------------------------------------
Number of variables: 101528
Number of clauses: 469761
sat
real sat
../New_SAT_split/QF_NIA_2_18/20170427-VeryMax/ITS/From_T2__fun9.t2__p1461_edge_closing_0.smt2 : 38859 ms.
--------------------------------------------------
Number of variables: 41086
Number of clauses: 184193
sat
real sat
../New_SAT_split/QF_NIA_2_18/20170427-VeryMax/ITS/From_T2__fun9.t2__p1462_edge_closing_0.smt2 : 5775 ms.
--------------------------------------------------
Number of variables: 75387
Number of clauses: 344041
sat
real sat
../New_SAT_split/QF_NIA_2_18/20170427-VeryMax/ITS/From_T2__fun9.t2__p1463_edge_closing_0.smt2 : 10894 ms.
--------------------------------------------------
Number of variables: 117571
Number of clauses: 543813
sat
real sat
../New_SAT_split/QF_NIA_2_18/20170427-VeryMax/ITS/From_T2__fun9.t2__p1464_edge_closing_0.smt2 : 9474 ms.
--------------------------------------------------
Number of variables: 39698
Number of clauses: 178315
sat
real sat
../New_SAT_split/QF_NIA_2_18/20170427-VeryMax/ITS/From_T2__fun9.t2__p1465_edge_closing_0.smt2 : 3387 ms.
--------------------------------------------------
Number of variables: 72516
Number of clauses: 331490
sat
real sat
../New_SAT_split/QF_NIA_2_18/20170427-VeryMax/ITS/From_T2__fun9.t2__p1466_edge_closing_0.smt2 : 8000 ms.
--------------------------------------------------
Number of variables: 113184
Number of clauses: 524318
sat
real sat
../New_SAT_split/QF_NIA_2_18/20170427-VeryMax/ITS/From_T2__fun9.t2__p1467_edge_closing_0.smt2 : 46593 ms.
--------------------------------------------------
Number of variables: 41678
Number of clauses: 186820
sat
real sat
../New_SAT_split/QF_NIA_2_18/20170427-VeryMax/ITS/From_T2__fun9.t2__p1468_edge_closing_0.smt2 : 3127 ms.
--------------------------------------------------
Number of variables: 76310
Number of clauses: 348058
sat
real sat
../New_SAT_split/QF_NIA_2_18/20170427-VeryMax/ITS/From_T2__fun9.t2__p1469_edge_closing_0.smt2 : 12493 ms.
--------------------------------------------------
Number of variables: 118827
Number of clauses: 549236
sat
real sat
../New_SAT_split/QF_NIA_2_18/20170427-VeryMax/ITS/From_T2__fun9.t2__p1470_edge_closing_0.smt2 : 20150 ms.
--------------------------------------------------
Number of variables: 46585
Number of clauses: 208586
sat
real sat
../New_SAT_split/QF_NIA_2_18/20170427-VeryMax/ITS/From_T2__fun9.t2__p1471_edge_closing_0.smt2 : 3228 ms.
--------------------------------------------------
Number of variables: 86015
Number of clauses: 392124
sat
real sat
../New_SAT_split/QF_NIA_2_18/20170427-VeryMax/ITS/From_T2__fun9.t2__p1472_edge_closing_0.smt2 : 13171 ms.
--------------------------------------------------
Number of variables: 134870
Number of clauses: 623288
sat
real sat
../New_SAT_split/QF_NIA_2_18/20170427-VeryMax/ITS/From_T2__fun9.t2__p1473_edge_closing_0.smt2 : 51907 ms.
--------------------------------------------------
Number of variables: 38009
Number of clauses: 172924
sat
real sat
../New_SAT_split/QF_NIA_2_18/20170427-VeryMax/ITS/From_T2__fun9.t2__p1475_edge_closing_0.smt2 : 2613 ms.
--------------------------------------------------
Number of variables: 58397
Number of clauses: 269304
sat
real sat
../New_SAT_split/QF_NIA_2_18/20170427-VeryMax/ITS/From_T2__fun9.t2__p1476_edge_closing_0.smt2 : 3966 ms.
--------------------------------------------------
Number of variables: 21392
Number of clauses: 95366
sat
real sat
../New_SAT_split/QF_NIA_2_18/20170427-VeryMax/ITS/From_T2__fun9.t2__p1477_edge_closing_0.smt2 : 1311 ms.
--------------------------------------------------
Number of variables: 38932
Number of clauses: 176941
sat
real sat
../New_SAT_split/QF_NIA_2_18/20170427-VeryMax/ITS/From_T2__fun9.t2__p1478_edge_closing_0.smt2 : 3027 ms.
--------------------------------------------------
Number of variables: 59653
Number of clauses: 274727
sat
real sat
../New_SAT_split/QF_NIA_2_18/20170427-VeryMax/ITS/From_T2__fun9.t2__p1479_edge_closing_0.smt2 : 10567 ms.
--------------------------------------------------
Number of variables: 19997
Number of clauses: 89438
sat
real sat
../New_SAT_split/QF_NIA_2_18/20170427-VeryMax/ITS/From_T2__fun9.t2__p1480_edge_closing_0.smt2 : 1212 ms.
--------------------------------------------------
Number of variables: 36052
Number of clauses: 164322
sat
real sat
../New_SAT_split/QF_NIA_2_18/20170427-VeryMax/ITS/From_T2__fun9.t2__p1481_edge_closing_0.smt2 : 2326 ms.
--------------------------------------------------
Number of variables: 55255
Number of clauses: 255146
sat
real sat
../New_SAT_split/QF_NIA_2_18/20170427-VeryMax/ITS/From_T2__fun9.t2__p1482_edge_closing_0.smt2 : 22890 ms.
--------------------------------------------------
Number of variables: 26300
Number of clauses: 117134
sat
real sat
../New_SAT_split/QF_NIA_2_18/20170427-VeryMax/ITS/From_T2__fun9.t2__p1483_edge_closing_0.smt2 : 391 ms.
--------------------------------------------------
Number of variables: 48638
Number of clauses: 221009
sat
real sat
../New_SAT_split/QF_NIA_2_18/20170427-VeryMax/ITS/From_T2__fun9.t2__p1484_edge_closing_0.smt2 : 7708 ms.
--------------------------------------------------
Number of variables: 75697
Number of clauses: 348781
sat
real sat
../New_SAT_split/QF_NIA_2_18/20170427-VeryMax/ITS/From_T2__fun9.t2__p1485_edge_closing_0.smt2 : 18426 ms.
--------------------------------------------------
Number of variables: 42680
Number of clauses: 195682
sat
real sat
../New_SAT_split/QF_NIA_2_18/20170427-VeryMax/ITS/From_T2__fun9.t2__term_unfeasibility_0_0.smt2 : 534 ms.
--------------------------------------------------
Number of variables: 17277
Number of clauses: 87151
unsat in 2 bits.
Number of variables: 28110
Number of clauses: 144286
unsat in 4 bits.
Number of variables: 62148
Number of clauses: 336886
unsat in 8 bits.
Number of variables: 179968
Number of clauses: 1036288
sat
real sat
../New_SAT_split/QF_NIA_2_18/20170427-VeryMax/ITS/From_T2__hand7.t2__p1513_edge_closing_0.smt2 : 90439 ms.
--------------------------------------------------
Number of variables: 819039
Number of clauses: 3699906
sat
real sat
../New_SAT_split/QF_NIA_2_18/20170427-VeryMax/ITS/From_T2__hqr.c.i.hqr.pl.t2.fixed.t2_fixed__p1607_terminationG_0.smt2 : 92493 ms.
--------------------------------------------------
Number of variables: 2074605
Number of clauses: 9588941
sat
real sat
../New_SAT_split/QF_NIA_2_18/20170427-VeryMax/ITS/From_T2__hqr.c.i.hqr.pl.t2.fixed.t2_fixed__p1608_terminationG_0.smt2 : 1034610 ms.
--------------------------------------------------
Number of variables: 811686
Number of clauses: 3666347
sat
real sat
../New_SAT_split/QF_NIA_2_18/20170427-VeryMax/ITS/From_T2__hqr.c.i.hqr.pl.t2.fixed.t2_fixed__p1613_terminationG_0.smt2 : 91484 ms.
--------------------------------------------------
Number of variables: 2061051
Number of clauses: 9526285
../New_SAT_split/QF_NIA_2_18/20170427-VeryMax/ITS/From_T2__hqr.c.i.hqr.pl.t2.fixed.t2_fixed__p1614_terminationG_0.smt2 : 2401172 ms.
--------------------------------------------------
Number of variables: 804277
Number of clauses: 3632399
sat
real sat
../New_SAT_split/QF_NIA_2_18/20170427-VeryMax/ITS/From_T2__hqr.c.i.hqr.pl.t2.fixed.t2_fixed__p1618_terminationG_0.smt2 : 136660 ms.
--------------------------------------------------
Number of variables: 2047431
Number of clauses: 9463159
../New_SAT_split/QF_NIA_2_18/20170427-VeryMax/ITS/From_T2__hqr.c.i.hqr.pl.t2.fixed.t2_fixed__p1619_terminationG_0.smt2 : 2401145 ms.
--------------------------------------------------
Number of variables: 1273574
Number of clauses: 6216150
sat
real sat
../New_SAT_split/QF_NIA_2_18/20170427-VeryMax/ITS/From_T2__hqr.c.i.hqr.pl.t2.fixed.t2_fixed__p1622_edge_closing_0.smt2 : 14572 ms.
--------------------------------------------------
Number of variables: 1146100
Number of clauses: 5637261
sat
real sat
../New_SAT_split/QF_NIA_2_18/20170427-VeryMax/ITS/From_T2__hqr.c.i.hqr.pl.t2.fixed.t2_fixed__p1626_edge_closing_0.smt2 : 611391 ms.
--------------------------------------------------
Number of variables: 407819
Number of clauses: 1806766
sat
real sat
../New_SAT_split/QF_NIA_2_18/20170427-VeryMax/ITS/From_T2__hqr.c.i.hqr.pl.t2.fixed.t2_fixed__term_unfeasibility_1_0.smt2 : 13045 ms.
--------------------------------------------------
Number of variables: 1230581
Number of clauses: 5580105
sat
real sat
../New_SAT_split/QF_NIA_2_18/20170427-VeryMax/ITS/From_T2__hqr.c.i.hqr.pl.t2.fixed.t2__p1635_terminationG_0.smt2 : 119717 ms.
--------------------------------------------------
Number of variables: 1221914
Number of clauses: 5540639
sat
real sat
../New_SAT_split/QF_NIA_2_18/20170427-VeryMax/ITS/From_T2__hqr.c.i.hqr.pl.t2.fixed.t2__p1641_terminationG_0.smt2 : 147971 ms.
--------------------------------------------------
Number of variables: 1213191
Number of clauses: 5500784
sat
real sat
../New_SAT_split/QF_NIA_2_18/20170427-VeryMax/ITS/From_T2__hqr.c.i.hqr.pl.t2.fixed.t2__p1646_terminationG_0.smt2 : 146897 ms.
--------------------------------------------------
Number of variables: 1528569
Number of clauses: 7546293
sat
real sat
../New_SAT_split/QF_NIA_2_18/20170427-VeryMax/ITS/From_T2__hqr.c.i.hqr.pl.t2.fixed.t2__p1650_edge_closing_0.smt2 : 230364 ms.
--------------------------------------------------
Number of variables: 2003342
Number of clauses: 9713266
sat
real sat
../New_SAT_split/QF_NIA_2_18/20170427-VeryMax/ITS/From_T2__hqr.c.i.hqr.pl.t2.fixed.t2__p1654_edge_closing_0.smt2 : 1024123 ms.
--------------------------------------------------
Number of variables: 487583
Number of clauses: 2151698
sat
real sat
../New_SAT_split/QF_NIA_2_18/20170427-VeryMax/ITS/From_T2__hqr.c.i.hqr.pl.t2.fixed.t2__term_unfeasibility_1_0.smt2 : 39240 ms.
--------------------------------------------------
Number of variables: 817276
Number of clauses: 3691736
sat
real sat
../New_SAT_split/QF_NIA_2_18/20170427-VeryMax/ITS/From_T2__hqr.c.i.hqr.pl.t2.nor.t2.rlgfixed.t2_fixed__p1663_terminationG_0.smt2 : 79947 ms.
--------------------------------------------------
Number of variables: 802514
Number of clauses: 3624229
sat
real sat
../New_SAT_split/QF_NIA_2_18/20170427-VeryMax/ITS/From_T2__hqr.c.i.hqr.pl.t2.nor.t2.rlgfixed.t2_fixed__p1668_terminationG_0.smt2 : 158398 ms.
--------------------------------------------------
Number of variables: 2045360
Number of clauses: 9453485
sat
real sat
../New_SAT_split/QF_NIA_2_18/20170427-VeryMax/ITS/From_T2__hqr.c.i.hqr.pl.t2.nor.t2.rlgfixed.t2_fixed__p1669_terminationG_0.smt2 : 408114 ms.
--------------------------------------------------
Number of variables: 1207163
Number of clauses: 5917081
sat
real sat
../New_SAT_split/QF_NIA_2_18/20170427-VeryMax/ITS/From_T2__hqr.c.i.hqr.pl.t2.nor.t2.rlgfixed.t2_fixed__p1680_edge_closing_0.smt2 : 99951 ms.
--------------------------------------------------
Number of variables: 1048276
Number of clauses: 5184468
sat
real sat
../New_SAT_split/QF_NIA_2_18/20170427-VeryMax/ITS/From_T2__hqr.c.i.hqr.pl.t2.nor.t2.rlgfixed.t2_fixed__p1685_edge_closing_0.smt2 : 361883 ms.
--------------------------------------------------
Number of variables: 800000
Number of clauses: 3611377
sat
real sat
../New_SAT_split/QF_NIA_2_18/20170427-VeryMax/ITS/From_T2__hqr.c.i.hqr.pl.t2.nor.t2.rlgfixed.t2_fixed__terminationQ_0_0.smt2 : 89903 ms.
--------------------------------------------------
Number of variables: 407346
Number of clauses: 1804479
sat
real sat
../New_SAT_split/QF_NIA_2_18/20170427-VeryMax/ITS/From_T2__hqr.c.i.hqr.pl.t2.nor.t2.rlgfixed.t2_fixed__term_unfeasibility_1_0.smt2 : 8174 ms.
--------------------------------------------------
Number of variables: 1223770
Number of clauses: 5548414
sat
real sat
../New_SAT_split/QF_NIA_2_18/20170427-VeryMax/ITS/From_T2__hqr.c.i.hqr.pl.t2.nor.t2.rlgfixed.t2__p1697_terminationG_0.smt2 : 28129 ms.
--------------------------------------------------
Number of variables: 1215103
Number of clauses: 5508948
sat
real sat
../New_SAT_split/QF_NIA_2_18/20170427-VeryMax/ITS/From_T2__hqr.c.i.hqr.pl.t2.nor.t2.rlgfixed.t2__p1706_terminationG_0.smt2 : 140561 ms.
--------------------------------------------------
Number of variables: 1206380
Number of clauses: 5469093
sat
real sat
../New_SAT_split/QF_NIA_2_18/20170427-VeryMax/ITS/From_T2__hqr.c.i.hqr.pl.t2.nor.t2.rlgfixed.t2__p1711_terminationG_0.smt2 : 141434 ms.
--------------------------------------------------
Number of variables: 1450943
Number of clauses: 7197823
sat
real sat
../New_SAT_split/QF_NIA_2_18/20170427-VeryMax/ITS/From_T2__hqr.c.i.hqr.pl.t2.nor.t2.rlgfixed.t2__p1717_edge_closing_0.smt2 : 220114 ms.
--------------------------------------------------
Number of variables: 1479868
Number of clauses: 7285499
sat
real sat
../New_SAT_split/QF_NIA_2_18/20170427-VeryMax/ITS/From_T2__hqr.c.i.hqr.pl.t2.nor.t2.rlgfixed.t2__p1721_edge_closing_0.smt2 : 237789 ms.
--------------------------------------------------
Number of variables: 486930
Number of clauses: 2148046
sat
real sat
../New_SAT_split/QF_NIA_2_18/20170427-VeryMax/ITS/From_T2__hqr.c.i.hqr.pl.t2.nor.t2.rlgfixed.t2__term_unfeasibility_1_0.smt2 : 9913 ms.
--------------------------------------------------
Number of variables: 817276
Number of clauses: 3691736
sat
real sat
../New_SAT_split/QF_NIA_2_18/20170427-VeryMax/ITS/From_T2__hqr.t2_fixed__p1730_terminationG_0.smt2 : 107976 ms.
--------------------------------------------------
Number of variables: 2072534
Number of clauses: 9579267
../New_SAT_split/QF_NIA_2_18/20170427-VeryMax/ITS/From_T2__hqr.t2_fixed__p1731_terminationG_0.smt2 : 2401131 ms.
--------------------------------------------------
Number of variables: 809923
Number of clauses: 3658177
sat
real sat
../New_SAT_split/QF_NIA_2_18/20170427-VeryMax/ITS/From_T2__hqr.t2_fixed__p1735_terminationG_0.smt2 : 81738 ms.
--------------------------------------------------
Number of variables: 2058980
Number of clauses: 9516611
sat
real sat
../New_SAT_split/QF_NIA_2_18/20170427-VeryMax/ITS/From_T2__hqr.t2_fixed__p1736_terminationG_0.smt2 : 999879 ms.
--------------------------------------------------
Number of variables: 802514
Number of clauses: 3624229
sat
real sat
../New_SAT_split/QF_NIA_2_18/20170427-VeryMax/ITS/From_T2__hqr.t2_fixed__p1740_terminationG_0.smt2 : 85310 ms.
--------------------------------------------------
Number of variables: 1207163
Number of clauses: 5917081
sat
real sat
../New_SAT_split/QF_NIA_2_18/20170427-VeryMax/ITS/From_T2__hqr.t2_fixed__p1750_edge_closing_0.smt2 : 208610 ms.
--------------------------------------------------
Number of variables: 1048276
Number of clauses: 5184468
sat
real sat
../New_SAT_split/QF_NIA_2_18/20170427-VeryMax/ITS/From_T2__hqr.t2_fixed__p1754_edge_closing_0.smt2 : 359758 ms.
--------------------------------------------------
Number of variables: 407346
Number of clauses: 1804479
sat
real sat
../New_SAT_split/QF_NIA_2_18/20170427-VeryMax/ITS/From_T2__hqr.t2_fixed__term_unfeasibility_1_0.smt2 : 7904 ms.
--------------------------------------------------
Number of variables: 1022877
Number of clauses: 4598234
sat
real sat
../New_SAT_split/QF_NIA_2_18/20170427-VeryMax/ITS/From_T2__hqr.t2__p1763_terminationG_0.smt2 : 100086 ms.
--------------------------------------------------
Number of variables: 2586622
Number of clauses: 11925335
../New_SAT_split/QF_NIA_2_18/20170427-VeryMax/ITS/From_T2__hqr.t2__p1764_terminationG_0.smt2 : 2401144 ms.
--------------------------------------------------
Number of variables: 1014210
Number of clauses: 4558768
sat
real sat
../New_SAT_split/QF_NIA_2_18/20170427-VeryMax/ITS/From_T2__hqr.t2__p1768_terminationG_0.smt2 : 96988 ms.
--------------------------------------------------
Number of variables: 1005487
Number of clauses: 4518913
sat
real sat
../New_SAT_split/QF_NIA_2_18/20170427-VeryMax/ITS/From_T2__hqr.t2__p1774_terminationG_0.smt2 : 102494 ms.
--------------------------------------------------
Number of variables: 1450943
Number of clauses: 7197823
sat
real sat
../New_SAT_split/QF_NIA_2_18/20170427-VeryMax/ITS/From_T2__hqr.t2__p1783_edge_closing_0.smt2 : 217141 ms.
--------------------------------------------------
Number of variables: 1797818
Number of clauses: 9233395
sat
real sat
../New_SAT_split/QF_NIA_2_18/20170427-VeryMax/ITS/From_T2__hqr.t2__p1788_edge_closing_0.smt2 : 324984 ms.
--------------------------------------------------
Number of variables: 1002239
Number of clauses: 4502038
sat
real sat
../New_SAT_split/QF_NIA_2_18/20170427-VeryMax/ITS/From_T2__hqr.t2__terminationQ_0_0.smt2 : 22477 ms.
--------------------------------------------------
Number of variables: 486930
Number of clauses: 2148046
sat
real sat
../New_SAT_split/QF_NIA_2_18/20170427-VeryMax/ITS/From_T2__hqr.t2__term_unfeasibility_1_0.smt2 : 9831 ms.
--------------------------------------------------
Number of variables: 12839
Number of clauses: 58129
sat
real sat
../New_SAT_split/QF_NIA_2_18/20170427-VeryMax/ITS/From_T2__intSqRoot.t2__p1926_edge_closing_0.smt2 : 265 ms.
--------------------------------------------------
Number of variables: 11235
Number of clauses: 53030
unsat in 2 bits.
Number of variables: 20449
Number of clauses: 101248
sat
real sat
../New_SAT_split/QF_NIA_2_18/20170427-VeryMax/ITS/From_T2__janne_complex.t2_fixed__p2006_edge_closing_0.smt2 : 389 ms.
--------------------------------------------------
Number of variables: 26657
Number of clauses: 129796
unsat in 2 bits.
Number of variables: 45693
Number of clauses: 230664
sat
real sat
../New_SAT_split/QF_NIA_2_18/20170427-VeryMax/ITS/From_T2__janne_complex.t2_fixed__p2008_edge_closing_0.smt2 : 42342 ms.
--------------------------------------------------
Number of variables: 49515
Number of clauses: 244689
../New_SAT_split/QF_NIA_2_18/20170427-VeryMax/ITS/From_T2__janne_complex.t2_fixed__p2009_edge_closing_0.smt2 : 2401007 ms.
--------------------------------------------------
Number of variables: 30126
Number of clauses: 150732
unsat in 2 bits.
Number of variables: 48892
Number of clauses: 251102
unsat in 4 bits.
Number of variables: 107632
Number of clauses: 586334
unsat in 8 bits.
Number of variables: 307928
Number of clauses: 1781446
sat
real sat
../New_SAT_split/QF_NIA_2_18/20170427-VeryMax/ITS/From_T2__janne_complex.t2_fixed__p2011_edge_closing_0.smt2 : 482469 ms.
--------------------------------------------------
Number of variables: 39082
Number of clauses: 184642
sat
real sat
../New_SAT_split/QF_NIA_2_18/20170427-VeryMax/ITS/From_T2__janne_complex.t2__p2019_terminationG_0.smt2 : 1995 ms.
--------------------------------------------------
Number of variables: 87841
Number of clauses: 416265
sat
real sat
../New_SAT_split/QF_NIA_2_18/20170427-VeryMax/ITS/From_T2__janne_complex.t2__p2020_terminationG_0.smt2 : 21487 ms.
--------------------------------------------------
Number of variables: 155280
Number of clauses: 741488
sat
real sat
../New_SAT_split/QF_NIA_2_18/20170427-VeryMax/ITS/From_T2__janne_complex.t2__p2021_terminationG_0.smt2 : 17531 ms.
--------------------------------------------------
Number of variables: 35618
Number of clauses: 167643
sat
real sat
../New_SAT_split/QF_NIA_2_18/20170427-VeryMax/ITS/From_T2__janne_complex.t2__p2024_terminationG_0.smt2 : 1115 ms.
--------------------------------------------------
Number of variables: 81989
Number of clauses: 388120
sat
real sat
../New_SAT_split/QF_NIA_2_18/20170427-VeryMax/ITS/From_T2__janne_complex.t2__p2025_terminationG_0.smt2 : 3855 ms.
--------------------------------------------------
Number of variables: 146976
Number of clauses: 701684
sat
real sat
../New_SAT_split/QF_NIA_2_18/20170427-VeryMax/ITS/From_T2__janne_complex.t2__p2026_terminationG_0.smt2 : 31199 ms.
--------------------------------------------------
Number of variables: 25349
Number of clauses: 120362
sat
real sat
../New_SAT_split/QF_NIA_2_18/20170427-VeryMax/ITS/From_T2__janne_complex.t2__p2029_terminationG_0.smt2 : 1578 ms.
--------------------------------------------------
Number of variables: 58280
Number of clauses: 277672
sat
real sat
../New_SAT_split/QF_NIA_2_18/20170427-VeryMax/ITS/From_T2__janne_complex.t2__p2030_terminationG_0.smt2 : 14507 ms.
--------------------------------------------------
Number of variables: 104546
Number of clauses: 501777
sat
real sat
../New_SAT_split/QF_NIA_2_18/20170427-VeryMax/ITS/From_T2__janne_complex.t2__p2031_terminationG_0.smt2 : 18852 ms.
--------------------------------------------------
Number of variables: 86664
Number of clauses: 412538
sat
real sat
../New_SAT_split/QF_NIA_2_18/20170427-VeryMax/ITS/From_T2__janne_complex.t2__p2034_terminationG_0.smt2 : 2203 ms.
--------------------------------------------------
Number of variables: 192289
Number of clauses: 916447
sat
real sat
../New_SAT_split/QF_NIA_2_18/20170427-VeryMax/ITS/From_T2__janne_complex.t2__p2035_terminationG_0.smt2 : 31635 ms.
--------------------------------------------------
Number of variables: 338024
Number of clauses: 1621582
sat
real sat
../New_SAT_split/QF_NIA_2_18/20170427-VeryMax/ITS/From_T2__janne_complex.t2__p2036_terminationG_0.smt2 : 57280 ms.
--------------------------------------------------
Number of variables: 38899
Number of clauses: 183564
sat
real sat
../New_SAT_split/QF_NIA_2_18/20170427-VeryMax/ITS/From_T2__janne_complex.t2__p2039_terminationG_0.smt2 : 4646 ms.
--------------------------------------------------
Number of variables: 90798
Number of clauses: 431137
sat
real sat
../New_SAT_split/QF_NIA_2_18/20170427-VeryMax/ITS/From_T2__janne_complex.t2__p2040_terminationG_0.smt2 : 2109 ms.
--------------------------------------------------
Number of variables: 163949
Number of clauses: 784908
sat
real sat
../New_SAT_split/QF_NIA_2_18/20170427-VeryMax/ITS/From_T2__janne_complex.t2__p2041_terminationG_0.smt2 : 36632 ms.
--------------------------------------------------
Number of variables: 26894
Number of clauses: 128043
sat
real sat
../New_SAT_split/QF_NIA_2_18/20170427-VeryMax/ITS/From_T2__janne_complex.t2__p2044_terminationG_0.smt2 : 729 ms.
--------------------------------------------------
Number of variables: 61069
Number of clauses: 291770
sat
real sat
../New_SAT_split/QF_NIA_2_18/20170427-VeryMax/ITS/From_T2__janne_complex.t2__p2047_terminationG_0.smt2 : 26165 ms.
--------------------------------------------------
Number of variables: 108579
Number of clauses: 522292
sat
real sat
../New_SAT_split/QF_NIA_2_18/20170427-VeryMax/ITS/From_T2__janne_complex.t2__p2051_terminationG_0.smt2 : 42443 ms.
--------------------------------------------------
Number of variables: 86692
Number of clauses: 412663
sat
real sat
../New_SAT_split/QF_NIA_2_18/20170427-VeryMax/ITS/From_T2__janne_complex.t2__p2084_terminationG_0.smt2 : 1845 ms.
--------------------------------------------------
Number of variables: 192317
Number of clauses: 916572
sat
real sat
../New_SAT_split/QF_NIA_2_18/20170427-VeryMax/ITS/From_T2__janne_complex.t2__p2085_terminationG_0.smt2 : 30526 ms.
--------------------------------------------------
Number of variables: 338052
Number of clauses: 1621707
sat
real sat
../New_SAT_split/QF_NIA_2_18/20170427-VeryMax/ITS/From_T2__janne_complex.t2__p2089_terminationG_0.smt2 : 38484 ms.
--------------------------------------------------
Number of variables: 78868
Number of clauses: 375306
sat
real sat
../New_SAT_split/QF_NIA_2_18/20170427-VeryMax/ITS/From_T2__janne_complex.t2__p2094_terminationG_0.smt2 : 1881 ms.
--------------------------------------------------
Number of variables: 179161
Number of clauses: 854108
sat
real sat
../New_SAT_split/QF_NIA_2_18/20170427-VeryMax/ITS/From_T2__janne_complex.t2__p2096_terminationG_0.smt2 : 18872 ms.
--------------------------------------------------
Number of variables: 319450
Number of clauses: 1533222
sat
real sat
../New_SAT_split/QF_NIA_2_18/20170427-VeryMax/ITS/From_T2__janne_complex.t2__p2099_terminationG_0.smt2 : 33576 ms.
--------------------------------------------------
Number of variables: 38927
Number of clauses: 183689
sat
real sat
../New_SAT_split/QF_NIA_2_18/20170427-VeryMax/ITS/From_T2__janne_complex.t2__p2104_terminationG_0.smt2 : 2043 ms.
--------------------------------------------------
Number of variables: 90826
Number of clauses: 431262
sat
real sat
../New_SAT_split/QF_NIA_2_18/20170427-VeryMax/ITS/From_T2__janne_complex.t2__p2106_terminationG_0.smt2 : 2833 ms.
--------------------------------------------------
Number of variables: 163977
Number of clauses: 785033
sat
real sat
../New_SAT_split/QF_NIA_2_18/20170427-VeryMax/ITS/From_T2__janne_complex.t2__p2108_terminationG_0.smt2 : 111612 ms.
--------------------------------------------------
Number of variables: 26922
Number of clauses: 128168
sat
real sat
../New_SAT_split/QF_NIA_2_18/20170427-VeryMax/ITS/From_T2__janne_complex.t2__p2113_terminationG_0.smt2 : 719 ms.
--------------------------------------------------
Number of variables: 61097
Number of clauses: 291895
sat
real sat
../New_SAT_split/QF_NIA_2_18/20170427-VeryMax/ITS/From_T2__janne_complex.t2__p2116_terminationG_0.smt2 : 21395 ms.
--------------------------------------------------
Number of variables: 108607
Number of clauses: 522417
sat
real sat
../New_SAT_split/QF_NIA_2_18/20170427-VeryMax/ITS/From_T2__janne_complex.t2__p2117_terminationG_0.smt2 : 34178 ms.
--------------------------------------------------
Number of variables: 50732
Number of clauses: 244919
unsat in 2 bits.
Number of variables: 80034
Number of clauses: 399480
sat
real sat
../New_SAT_split/QF_NIA_2_18/20170427-VeryMax/ITS/From_T2__janne_complex.t2__p2127_terminationG_0.smt2 : 103486 ms.
--------------------------------------------------
Number of variables: 89321
Number of clauses: 433351
unsat in 2 bits.
Number of variables: 141599
Number of clauses: 710462
sat
real sat
../New_SAT_split/QF_NIA_2_18/20170427-VeryMax/ITS/From_T2__janne_complex.t2__p2128_terminationG_0.smt2 : 42591 ms.
--------------------------------------------------
Number of variables: 56268
Number of clauses: 276787
unsat in 2 bits.
Number of variables: 86826
Number of clauses: 438811
sat
real sat
../New_SAT_split/QF_NIA_2_18/20170427-VeryMax/ITS/From_T2__janne_complex.t2__p2135_terminationG_0.smt2 : 125038 ms.
--------------------------------------------------
Number of variables: 95669
Number of clauses: 470762
unsat in 2 bits.
Number of variables: 149355
Number of clauses: 756135
sat
real sat
../New_SAT_split/QF_NIA_2_18/20170427-VeryMax/ITS/From_T2__janne_complex.t2__p2137_terminationG_0.smt2 : 135877 ms.
--------------------------------------------------
Number of variables: 60970
Number of clauses: 302908
unsat in 2 bits.
Number of variables: 92728
Number of clauses: 472270
sat
real sat
../New_SAT_split/QF_NIA_2_18/20170427-VeryMax/ITS/From_T2__janne_complex.t2__p2144_terminationG_0.smt2 : 25553 ms.
--------------------------------------------------
Number of variables: 100803
Number of clauses: 499747
unsat in 2 bits.
Number of variables: 155809
Number of clauses: 793138
sat
real sat
../New_SAT_split/QF_NIA_2_18/20170427-VeryMax/ITS/From_T2__janne_complex.t2__p2145_terminationG_0.smt2 : 142607 ms.
--------------------------------------------------
Number of variables: 64720
Number of clauses: 323321
unsat in 2 bits.
Number of variables: 97246
Number of clauses: 497669
sat
real sat
../New_SAT_split/QF_NIA_2_18/20170427-VeryMax/ITS/From_T2__janne_complex.t2__p2149_terminationG_0.smt2 : 243351 ms.
--------------------------------------------------
Number of variables: 104609
Number of clauses: 520608
unsat in 2 bits.
Number of variables: 160383
Number of clauses: 818985
sat
real sat
../New_SAT_split/QF_NIA_2_18/20170427-VeryMax/ITS/From_T2__janne_complex.t2__p2150_terminationG_0.smt2 : 183871 ms.
--------------------------------------------------
Number of variables: 68218
Number of clauses: 342518
unsat in 2 bits.
Number of variables: 101392
Number of clauses: 521210
sat
real sat
../New_SAT_split/QF_NIA_2_18/20170427-VeryMax/ITS/From_T2__janne_complex.t2__p2157_terminationG_0.smt2 : 362703 ms.
--------------------------------------------------
Number of variables: 108155
Number of clauses: 540189
unsat in 2 bits.
Number of variables: 164577
Number of clauses: 842910
sat
real sat
../New_SAT_split/QF_NIA_2_18/20170427-VeryMax/ITS/From_T2__janne_complex.t2__p2158_terminationG_0.smt2 : 490406 ms.
--------------------------------------------------
Number of variables: 72165
Number of clauses: 365481
unsat in 2 bits.
Number of variables: 105999
Number of clauses: 548781
sat
real sat
../New_SAT_split/QF_NIA_2_18/20170427-VeryMax/ITS/From_T2__janne_complex.t2__p2165_terminationG_0.smt2 : 323083 ms.
--------------------------------------------------
Number of variables: 112222
Number of clauses: 564112
unsat in 2 bits.
Number of variables: 169304
Number of clauses: 871441
sat
real sat
../New_SAT_split/QF_NIA_2_18/20170427-VeryMax/ITS/From_T2__janne_complex.t2__p2166_terminationG_0.smt2 : 153928 ms.
--------------------------------------------------
Number of variables: 76343
Number of clauses: 389758
unsat in 2 bits.
Number of variables: 110897
Number of clauses: 577876
sat
real sat
../New_SAT_split/QF_NIA_2_18/20170427-VeryMax/ITS/From_T2__janne_complex.t2__p2173_terminationG_0.smt2 : 341056 ms.
--------------------------------------------------
Number of variables: 116520
Number of clauses: 589349
unsat in 2 bits.
Number of variables: 174322
Number of clauses: 901496
sat
real sat
../New_SAT_split/QF_NIA_2_18/20170427-VeryMax/ITS/From_T2__janne_complex.t2__p2176_terminationG_0.smt2 : 1180741 ms.
--------------------------------------------------
Number of variables: 80725
Number of clauses: 415259
unsat in 2 bits.
Number of variables: 116047
Number of clauses: 608363
sat
real sat
../New_SAT_split/QF_NIA_2_18/20170427-VeryMax/ITS/From_T2__janne_complex.t2__p2181_terminationG_0.smt2 : 115637 ms.
--------------------------------------------------
Number of variables: 121022
Number of clauses: 615810
unsat in 2 bits.
Number of variables: 179592
Number of clauses: 932943
sat
real sat
../New_SAT_split/QF_NIA_2_18/20170427-VeryMax/ITS/From_T2__janne_complex.t2__p2182_terminationG_0.smt2 : 159662 ms.
--------------------------------------------------
Number of variables: 85332
Number of clauses: 442143
unsat in 2 bits.
Number of variables: 121482
Number of clauses: 640497
sat
real sat
../New_SAT_split/QF_NIA_2_18/20170427-VeryMax/ITS/From_T2__janne_complex.t2__p2193_terminationG_0.smt2 : 303144 ms.
--------------------------------------------------
Number of variables: 125749
Number of clauses: 643654
unsat in 2 bits.
Number of variables: 185147
Number of clauses: 966037
sat
real sat
../New_SAT_split/QF_NIA_2_18/20170427-VeryMax/ITS/From_T2__janne_complex.t2__p2194_terminationG_0.smt2 : 138992 ms.
--------------------------------------------------
Number of variables: 89870
Number of clauses: 469300
unsat in 2 bits.
Number of variables: 126740
Number of clauses: 672472
sat
real sat
../New_SAT_split/QF_NIA_2_18/20170427-VeryMax/ITS/From_T2__janne_complex.t2__p2199_terminationG_0.smt2 : 15635 ms.
--------------------------------------------------
Number of variables: 130407
Number of clauses: 671771
unsat in 2 bits.
Number of variables: 190525
Number of clauses: 998972
sat
real sat
../New_SAT_split/QF_NIA_2_18/20170427-VeryMax/ITS/From_T2__janne_complex.t2__p2200_terminationG_0.smt2 : 130566 ms.
--------------------------------------------------
Number of variables: 94633
Number of clauses: 497840
unsat in 2 bits.
Number of variables: 132283
Number of clauses: 706094
sat
real sat
../New_SAT_split/QF_NIA_2_18/20170427-VeryMax/ITS/From_T2__janne_complex.t2__p2207_terminationG_0.smt2 : 28499 ms.
--------------------------------------------------
Number of variables: 135290
Number of clauses: 701271
unsat in 2 bits.
Number of variables: 196188
Number of clauses: 1033554
sat
real sat
../New_SAT_split/QF_NIA_2_18/20170427-VeryMax/ITS/From_T2__janne_complex.t2__p2211_terminationG_0.smt2 : 504726 ms.
--------------------------------------------------
Number of variables: 99018
Number of clauses: 523896
unsat in 2 bits.
Number of variables: 137352
Number of clauses: 736680
sat
real sat
../New_SAT_split/QF_NIA_2_18/20170427-VeryMax/ITS/From_T2__janne_complex.t2__p2215_terminationG_0.smt2 : 84077 ms.
--------------------------------------------------
Number of variables: 139771
Number of clauses: 728095
unsat in 2 bits.
Number of variables: 201353
Number of clauses: 1064908
sat
real sat
../New_SAT_split/QF_NIA_2_18/20170427-VeryMax/ITS/From_T2__janne_complex.t2__p2216_terminationG_0.smt2 : 491075 ms.
--------------------------------------------------
Number of variables: 103394
Number of clauses: 550297
unsat in 2 bits.
Number of variables: 142352
Number of clauses: 767347
sat
real sat
../New_SAT_split/QF_NIA_2_18/20170427-VeryMax/ITS/From_T2__janne_complex.t2__p2220_terminationG_0.smt2 : 109640 ms.
--------------------------------------------------
Number of variables: 144243
Number of clauses: 755264
unsat in 2 bits.
Number of variables: 206449
Number of clauses: 1096343
sat
real sat
../New_SAT_split/QF_NIA_2_18/20170427-VeryMax/ITS/From_T2__janne_complex.t2__p2221_terminationG_0.smt2 : 417104 ms.
--------------------------------------------------
Number of variables: 108034
Number of clauses: 577994
unsat in 2 bits.
Number of variables: 147712
Number of clauses: 799646
sat
real sat
../New_SAT_split/QF_NIA_2_18/20170427-VeryMax/ITS/From_T2__janne_complex.t2__p2225_terminationG_0.smt2 : 80036 ms.
--------------------------------------------------
Number of variables: 148979
Number of clauses: 783729
unsat in 2 bits.
Number of variables: 211905
Number of clauses: 1129410
sat
real sat
../New_SAT_split/QF_NIA_2_18/20170427-VeryMax/ITS/From_T2__janne_complex.t2__p2226_terminationG_0.smt2 : 137461 ms.
--------------------------------------------------
Number of variables: 112632
Number of clauses: 606015
unsat in 2 bits.
Number of variables: 152958
Number of clauses: 832011
sat
real sat
../New_SAT_split/QF_NIA_2_18/20170427-VeryMax/ITS/From_T2__janne_complex.t2__p2230_terminationG_0.smt2 : 103691 ms.
--------------------------------------------------
Number of variables: 153673
Number of clauses: 812518
unsat in 2 bits.
Number of variables: 217247
Number of clauses: 1162543
sat
real sat
../New_SAT_split/QF_NIA_2_18/20170427-VeryMax/ITS/From_T2__janne_complex.t2__p2231_terminationG_0.smt2 : 436675 ms.
--------------------------------------------------
Number of variables: 116816
Number of clauses: 630856
unsat in 2 bits.
Number of variables: 157742
Number of clauses: 860812
sat
real sat
../New_SAT_split/QF_NIA_2_18/20170427-VeryMax/ITS/From_T2__janne_complex.t2__p2235_terminationG_0.smt2 : 96282 ms.
--------------------------------------------------
Number of variables: 157929
Number of clauses: 837935
unsat in 2 bits.
Number of variables: 222103
Number of clauses: 1191920
sat
real sat
../New_SAT_split/QF_NIA_2_18/20170427-VeryMax/ITS/From_T2__janne_complex.t2__p2236_terminationG_0.smt2 : 155913 ms.
--------------------------------------------------
Number of variables: 121148
Number of clauses: 656467
unsat in 2 bits.
Number of variables: 162722
Number of clauses: 890611
sat
real sat
../New_SAT_split/QF_NIA_2_18/20170427-VeryMax/ITS/From_T2__janne_complex.t2__p2241_terminationG_0.smt2 : 278699 ms.
--------------------------------------------------
Number of variables: 162333
Number of clauses: 864122
unsat in 2 bits.
Number of variables: 227155
Number of clauses: 1222295
sat
real sat
../New_SAT_split/QF_NIA_2_18/20170427-VeryMax/ITS/From_T2__janne_complex.t2__p2242_terminationG_0.smt2 : 401698 ms.
--------------------------------------------------
Number of variables: 125920
Number of clauses: 685628
unsat in 2 bits.
Number of variables: 168166
Number of clauses: 924206
sat
real sat
../New_SAT_split/QF_NIA_2_18/20170427-VeryMax/ITS/From_T2__janne_complex.t2__p2253_terminationG_0.smt2 : 241897 ms.
--------------------------------------------------
Number of variables: 167201
Number of clauses: 894051
unsat in 2 bits.
Number of variables: 232695
Number of clauses: 1256658
sat
real sat
../New_SAT_split/QF_NIA_2_18/20170427-VeryMax/ITS/From_T2__janne_complex.t2__p2254_terminationG_0.smt2 : 407164 ms.
--------------------------------------------------
Number of variables: 130845
Number of clauses: 715731
unsat in 2 bits.
Number of variables: 173799
Number of clauses: 958869
sat
real sat
../New_SAT_split/QF_NIA_2_18/20170427-VeryMax/ITS/From_T2__janne_complex.t2__p2258_terminationG_0.smt2 : 85978 ms.
--------------------------------------------------
Number of variables: 172222
Number of clauses: 924922
unsat in 2 bits.
Number of variables: 238424
Number of clauses: 1292089
sat
real sat
../New_SAT_split/QF_NIA_2_18/20170427-VeryMax/ITS/From_T2__janne_complex.t2__p2259_terminationG_0.smt2 : 463032 ms.
--------------------------------------------------
Number of variables: 133613
Number of clauses: 730780
unsat in 2 bits.
Number of variables: 176855
Number of clauses: 976222
sat
real sat
../New_SAT_split/QF_NIA_2_18/20170427-VeryMax/ITS/From_T2__janne_complex.t2__p2263_terminationG_0.smt2 : 309827 ms.
--------------------------------------------------
Number of variables: 175014
Number of clauses: 940163
unsat in 2 bits.
Number of variables: 241504
Number of clauses: 1309634
sat
real sat
../New_SAT_split/QF_NIA_2_18/20170427-VeryMax/ITS/From_T2__janne_complex.t2__p2265_terminationG_0.smt2 : 497680 ms.
--------------------------------------------------
Number of variables: 138463
Number of clauses: 761225
unsat in 2 bits.
Number of variables: 182305
Number of clauses: 1010843
sat
real sat
../New_SAT_split/QF_NIA_2_18/20170427-VeryMax/ITS/From_T2__janne_complex.t2__p2272_terminationG_0.smt2 : 99126 ms.
--------------------------------------------------
Number of variables: 179960
Number of clauses: 971376
unsat in 2 bits.
Number of variables: 247050
Number of clauses: 1345023
sat
real sat
../New_SAT_split/QF_NIA_2_18/20170427-VeryMax/ITS/From_T2__janne_complex.t2__p2273_terminationG_0.smt2 : 130970 ms.
--------------------------------------------------
Number of variables: 143547
Number of clauses: 792882
unsat in 2 bits.
Number of variables: 188061
Number of clauses: 1046934
sat
real sat
../New_SAT_split/QF_NIA_2_18/20170427-VeryMax/ITS/From_T2__janne_complex.t2__p2277_terminationG_0.smt2 : 93494 ms.
--------------------------------------------------
Number of variables: 185140
Number of clauses: 1003801
unsat in 2 bits.
Number of variables: 252902
Number of clauses: 1381882
sat
real sat
../New_SAT_split/QF_NIA_2_18/20170427-VeryMax/ITS/From_T2__janne_complex.t2__p2278_terminationG_0.smt2 : 167807 ms.
--------------------------------------------------
Number of variables: 56249
Number of clauses: 256404
sat
real sat
../New_SAT_split/QF_NIA_2_18/20170427-VeryMax/ITS/From_T2__java_AProVEMath.c.t2__p2303_terminationG_0.smt2 : 4083 ms.
--------------------------------------------------
Number of variables: 21810
Number of clauses: 97681
sat
real sat
../New_SAT_split/QF_NIA_2_18/20170427-VeryMax/ITS/From_T2__java_AProVEMathRecursive.c.t2__p2313_terminationG_0.smt2 : 176 ms.
--------------------------------------------------
Number of variables: 42783
Number of clauses: 193725
sat
real sat
../New_SAT_split/QF_NIA_2_18/20170427-VeryMax/ITS/From_T2__java_AProVEMathRecursive.c.t2__p2314_terminationG_0.smt2 : 423 ms.
--------------------------------------------------
Number of variables: 70851
Number of clauses: 324740
sat
real sat
../New_SAT_split/QF_NIA_2_18/20170427-VeryMax/ITS/From_T2__java_AProVEMathRecursive.c.t2__p2315_terminationG_0.smt2 : 1554 ms.
--------------------------------------------------
Number of variables: 25316
Number of clauses: 119604
sat
real sat
../New_SAT_split/QF_NIA_2_18/20170427-VeryMax/ITS/From_T2__java_Avg.c.t2__p2324_terminationG_0.smt2 : 610 ms.
--------------------------------------------------
Number of variables: 34186
Number of clauses: 157995
sat
real sat
../New_SAT_split/QF_NIA_2_18/20170427-VeryMax/ITS/From_T2__java_DivMinus2.c.t2__p2414_terminationG_0.smt2 : 1002 ms.
--------------------------------------------------
Number of variables: 56489
Number of clauses: 263518
sat
real sat
../New_SAT_split/QF_NIA_2_18/20170427-VeryMax/ITS/From_T2__java_DivMinus2.c.t2__p2415_terminationG_0.smt2 : 1016 ms.
--------------------------------------------------
Number of variables: 24708
Number of clauses: 111996
sat
real sat
../New_SAT_split/QF_NIA_2_18/20170427-VeryMax/ITS/From_T2__java_DivWithoutMinus.c.t2__p2422_terminationG_0.smt2 : 239 ms.
--------------------------------------------------
Number of variables: 48253
Number of clauses: 220867
sat
real sat
../New_SAT_split/QF_NIA_2_18/20170427-VeryMax/ITS/From_T2__java_DivWithoutMinus.c.t2__p2423_terminationG_0.smt2 : 700 ms.
--------------------------------------------------
Number of variables: 79378
Number of clauses: 367219
sat
real sat
../New_SAT_split/QF_NIA_2_18/20170427-VeryMax/ITS/From_T2__java_DivWithoutMinus.c.t2__p2424_terminationG_0.smt2 : 6862 ms.
--------------------------------------------------
Number of variables: 18365
Number of clauses: 84150
sat
real sat
../New_SAT_split/QF_NIA_2_18/20170427-VeryMax/ITS/From_T2__java_Double1.c.t2__p2435_terminationG_0.smt2 : 234 ms.
--------------------------------------------------
Number of variables: 14211
Number of clauses: 65471
sat
real sat
../New_SAT_split/QF_NIA_2_18/20170427-VeryMax/ITS/From_T2__java_PlusSwap.c.t2__p2506_terminationG_0.smt2 : 172 ms.
--------------------------------------------------
Number of variables: 19894
Number of clauses: 88229
sat
real sat
../New_SAT_split/QF_NIA_2_18/20170427-VeryMax/ITS/From_T2__java_Recursions.c.t2__p2519_terminationG_0.smt2 : 204 ms.
--------------------------------------------------
Number of variables: 33234
Number of clauses: 148860
sat
real sat
../New_SAT_split/QF_NIA_2_18/20170427-VeryMax/ITS/From_T2__java_Recursions.c.t2__p2525_terminationG_0.smt2 : 4100 ms.
--------------------------------------------------
Number of variables: 19229
Number of clauses: 84468
sat
real sat
../New_SAT_split/QF_NIA_2_18/20170427-VeryMax/ITS/From_T2__java_Recursions.c.t2__p2529_terminationG_0.smt2 : 109 ms.
--------------------------------------------------
Number of variables: 33304
Number of clauses: 149080
sat
real sat
../New_SAT_split/QF_NIA_2_18/20170427-VeryMax/ITS/From_T2__java_Recursions.c.t2__p2530_terminationG_0.smt2 : 718 ms.
--------------------------------------------------
Number of variables: 10305
Number of clauses: 45755
sat
real sat
../New_SAT_split/QF_NIA_2_18/20170427-VeryMax/ITS/From_T2__java_Recursions.c.t2__p2534_terminationG_0.smt2 : 109 ms.
--------------------------------------------------
Number of variables: 21336
Number of clauses: 96103
sat
real sat
../New_SAT_split/QF_NIA_2_18/20170427-VeryMax/ITS/From_T2__java_Recursions.c.t2__p2535_terminationG_0.smt2 : 247 ms.
--------------------------------------------------
Number of variables: 36015
Number of clauses: 164460
sat
real sat
../New_SAT_split/QF_NIA_2_18/20170427-VeryMax/ITS/From_T2__java_Recursions.c.t2__p2536_terminationG_0.smt2 : 505 ms.
