--------------------------------------------------
First to ismt, cur time 0 s.
ismt: sat (2 bits).
../../QF_NIA_split/QF_NIA_2_7//20170427-VeryMax/ITS/From_AProVE_2014__Alternate.jar-obl-10__p27466_terminationG_0.smt2 : 34438 ms.
--------------------------------------------------
First to ismt, cur time 0 s.
ismt: sat (2 bits).
../../QF_NIA_split/QF_NIA_2_7//20170427-VeryMax/ITS/From_AProVE_2014__Alternate.jar-obl-10__p27467_terminationG_0.smt2 : 69951 ms.
--------------------------------------------------
First to ismt, cur time 0 s.
ismt: sat (2 bits).
../../QF_NIA_split/QF_NIA_2_7//20170427-VeryMax/ITS/From_AProVE_2014__Alternate.jar-obl-10__p27468_terminationG_0.smt2 : 276448 ms.
--------------------------------------------------
First to ismt, cur time 0 s.
Final to yices2, cur time 840 s.
../../QF_NIA_split/QF_NIA_2_7//20170427-VeryMax/ITS/From_AProVE_2014__Alternate.jar-obl-10__p27479_terminationG_0.smt2 : 1200036 ms.
--------------------------------------------------
First to ismt, cur time 0 s.
Final to yices2, cur time 840 s.
../../QF_NIA_split/QF_NIA_2_7//20170427-VeryMax/ITS/From_AProVE_2014__Alternate.jar-obl-10__p27480_terminationG_0.smt2 : 1200056 ms.
--------------------------------------------------
First to ismt, cur time 0 s.
Final to yices2, cur time 840 s.
../../QF_NIA_split/QF_NIA_2_7//20170427-VeryMax/ITS/From_AProVE_2014__Alternate.jar-obl-10__p27481_terminationG_0.smt2 : 1200032 ms.
--------------------------------------------------
First to ismt, cur time 0 s.
Final to yices2, cur time 840 s.
../../QF_NIA_split/QF_NIA_2_7//20170427-VeryMax/ITS/From_AProVE_2014__Alternate.jar-obl-10__terminationQ_0_0.smt2 : 1200050 ms.
--------------------------------------------------
First to ismt, cur time 0 s.
Final to yices2, cur time 840 s.
final yices2: unsat
../../QF_NIA_split/QF_NIA_2_7//20170427-VeryMax/ITS/From_AProVE_2014__Alternate.jar-obl-10__terminationS_0_0.smt2 : 847130 ms.
--------------------------------------------------
First to ismt, cur time 0 s.
Final to yices2, cur time 841 s.
final yices2: unsat
../../QF_NIA_split/QF_NIA_2_7//20170427-VeryMax/ITS/From_AProVE_2014__Alternate.jar-obl-10__terminationS_10_0.smt2 : 842733 ms.
--------------------------------------------------
First to ismt, cur time 0 s.
Final to yices2, cur time 840 s.
final yices2: unsat
../../QF_NIA_split/QF_NIA_2_7//20170427-VeryMax/ITS/From_AProVE_2014__Alternate.jar-obl-10__terminationS_2_0.smt2 : 843063 ms.
--------------------------------------------------
First to ismt, cur time 0 s.
Final to yices2, cur time 840 s.
final yices2: unsat
../../QF_NIA_split/QF_NIA_2_7//20170427-VeryMax/ITS/From_AProVE_2014__Alternate.jar-obl-10__terminationS_5_0.smt2 : 846613 ms.
--------------------------------------------------
First to ismt, cur time 0 s.
Final to yices2, cur time 841 s.
final yices2: unsat
../../QF_NIA_split/QF_NIA_2_7//20170427-VeryMax/ITS/From_AProVE_2014__Alternate.jar-obl-10__terminationS_6_0.smt2 : 843937 ms.
--------------------------------------------------
First to ismt, cur time 0 s.
Final to yices2, cur time 840 s.
final yices2: unsat
../../QF_NIA_split/QF_NIA_2_7//20170427-VeryMax/ITS/From_AProVE_2014__Alternate.jar-obl-10__terminationS_7_0.smt2 : 849147 ms.
--------------------------------------------------
First to ismt, cur time 0 s.
Final to yices2, cur time 841 s.
final yices2: unsat
../../QF_NIA_split/QF_NIA_2_7//20170427-VeryMax/ITS/From_AProVE_2014__Alternate.jar-obl-10__terminationS_8_0.smt2 : 843625 ms.
--------------------------------------------------
First to ismt, cur time 0 s.
Final to yices2, cur time 841 s.
final yices2: unsat
../../QF_NIA_split/QF_NIA_2_7//20170427-VeryMax/ITS/From_AProVE_2014__Alternate.jar-obl-10__terminationS_9_0.smt2 : 845087 ms.
--------------------------------------------------
First to ismt, cur time 0 s.
Final to yices2, cur time 840 s.
final yices2: unsat
../../QF_NIA_split/QF_NIA_2_7//20170427-VeryMax/ITS/From_AProVE_2014__Alternate.jar-obl-10__term_unfeasibility_0_0.smt2 : 860428 ms.
--------------------------------------------------
First to ismt, cur time 0 s.
ismt: sat (2 bits).
../../QF_NIA_split/QF_NIA_2_7//20170427-VeryMax/ITS/From_AProVE_2014__AlternatingGrowReduce2.jar-obl-9__p27492_terminationG_0.smt2 : 1096 ms.
--------------------------------------------------
First to ismt, cur time 0 s.
ismt: sat (2 bits).
../../QF_NIA_split/QF_NIA_2_7//20170427-VeryMax/ITS/From_AProVE_2014__AlternatingGrowReduce2.jar-obl-9__p27493_terminationG_0.smt2 : 9284 ms.
--------------------------------------------------
First to ismt, cur time 0 s.
Final to yices2, cur time 840 s.
final yices2: unsat
../../QF_NIA_split/QF_NIA_2_7//20170427-VeryMax/ITS/From_AProVE_2014__AlternatingGrowReduce2.jar-obl-9__p27496_terminationG_0.smt2 : 840816 ms.
--------------------------------------------------
First to ismt, cur time 0 s.
Final to yices2, cur time 840 s.
final yices2: unsat
../../QF_NIA_split/QF_NIA_2_7//20170427-VeryMax/ITS/From_AProVE_2014__AlternatingGrowReduce2.jar-obl-9__p27497_terminationG_0.smt2 : 1055613 ms.
--------------------------------------------------
First to ismt, cur time 0 s.
Final to yices2, cur time 840 s.
../../QF_NIA_split/QF_NIA_2_7//20170427-VeryMax/ITS/From_AProVE_2014__AlternatingGrowReduce2.jar-obl-9__p27498_terminationG_0.smt2 : 1200055 ms.
--------------------------------------------------
First to ismt, cur time 0 s.
Final to yices2, cur time 840 s.
final yices2: unsat
../../QF_NIA_split/QF_NIA_2_7//20170427-VeryMax/ITS/From_AProVE_2014__AlternatingGrowReduce2.jar-obl-9__terminationQ_0_0.smt2 : 841111 ms.
--------------------------------------------------
First to ismt, cur time 0 s.
Final to yices2, cur time 840 s.
final yices2: unsat
../../QF_NIA_split/QF_NIA_2_7//20170427-VeryMax/ITS/From_AProVE_2014__AlternatingGrowReduce2.jar-obl-9__terminationS_1_0.smt2 : 840373 ms.
--------------------------------------------------
First to ismt, cur time 0 s.
Final to yices2, cur time 840 s.
final yices2: unsat
../../QF_NIA_split/QF_NIA_2_7//20170427-VeryMax/ITS/From_AProVE_2014__AlternatingGrowReduce2.jar-obl-9__terminationS_2_0.smt2 : 840226 ms.
--------------------------------------------------
First to ismt, cur time 0 s.
Final to yices2, cur time 529 s.
final yices2: unsat
../../QF_NIA_split/QF_NIA_2_7//20170427-VeryMax/ITS/From_AProVE_2014__AlternatingGrowReduce2.jar-obl-9__term_unfeasibility_1_0.smt2 : 529281 ms.
--------------------------------------------------
First to ismt, cur time 0 s.
Final to yices2, cur time 598 s.
final yices2: unsat
../../QF_NIA_split/QF_NIA_2_7//20170427-VeryMax/ITS/From_AProVE_2014__AlternatingGrowReduce.jar-obl-9__term_unfeasibility_1_0.smt2 : 598213 ms.
--------------------------------------------------
First to ismt, cur time 0 s.
ismt: sat (2 bits).
../../QF_NIA_split/QF_NIA_2_7//20170427-VeryMax/ITS/From_AProVE_2014__AlternatingGrowReduceRec2.jar-obl-9__p27518_terminationG_0.smt2 : 1330 ms.
--------------------------------------------------
First to ismt, cur time 0 s.
ismt: sat (2 bits).
../../QF_NIA_split/QF_NIA_2_7//20170427-VeryMax/ITS/From_AProVE_2014__AlternatingGrowReduceRec2.jar-obl-9__p27519_terminationG_0.smt2 : 1387 ms.
--------------------------------------------------
First to ismt, cur time 0 s.
Final to yices2, cur time 840 s.
final yices2: unsat
../../QF_NIA_split/QF_NIA_2_7//20170427-VeryMax/ITS/From_AProVE_2014__AlternatingGrowReduceRec2.jar-obl-9__p27524_terminationG_0.smt2 : 840679 ms.
--------------------------------------------------
First to ismt, cur time 0 s.
Final to yices2, cur time 840 s.
final yices2: unsat
../../QF_NIA_split/QF_NIA_2_7//20170427-VeryMax/ITS/From_AProVE_2014__AlternatingGrowReduceRec2.jar-obl-9__p27525_terminationG_0.smt2 : 913300 ms.
--------------------------------------------------
First to ismt, cur time 0 s.
Final to yices2, cur time 840 s.
../../QF_NIA_split/QF_NIA_2_7//20170427-VeryMax/ITS/From_AProVE_2014__AlternatingGrowReduceRec2.jar-obl-9__p27526_terminationG_0.smt2 : 1200053 ms.
--------------------------------------------------
First to ismt, cur time 0 s.
ismt: sat (2 bits).
../../QF_NIA_split/QF_NIA_2_7//20170427-VeryMax/ITS/From_AProVE_2014__AlternatingGrowReduceRec2.jar-obl-9__p27529_edge_closing_0.smt2 : 20535 ms.
--------------------------------------------------
First to ismt, cur time 0 s.
ismt: sat (2 bits).
../../QF_NIA_split/QF_NIA_2_7//20170427-VeryMax/ITS/From_AProVE_2014__AlternatingGrowReduceRec2.jar-obl-9__p27530_edge_closing_0.smt2 : 33042 ms.
--------------------------------------------------
First to ismt, cur time 0 s.
Final to yices2, cur time 840 s.
final yices2: unsat
../../QF_NIA_split/QF_NIA_2_7//20170427-VeryMax/ITS/From_AProVE_2014__AlternatingGrowReduceRec2.jar-obl-9__terminationQ_0_0.smt2 : 840757 ms.
--------------------------------------------------
First to ismt, cur time 0 s.
Final to yices2, cur time 840 s.
final yices2: unsat
../../QF_NIA_split/QF_NIA_2_7//20170427-VeryMax/ITS/From_AProVE_2014__AlternatingGrowReduceRec2.jar-obl-9__terminationS_2_0.smt2 : 840264 ms.
--------------------------------------------------
First to ismt, cur time 0 s.
Final to yices2, cur time 616 s.
final yices2: unsat
../../QF_NIA_split/QF_NIA_2_7//20170427-VeryMax/ITS/From_AProVE_2014__AlternatingGrowReduceRec2.jar-obl-9__term_unfeasibility_1_0.smt2 : 616886 ms.
--------------------------------------------------
First to ismt, cur time 0 s.
Final to yices2, cur time 715 s.
final yices2: unsat
../../QF_NIA_split/QF_NIA_2_7//20170427-VeryMax/ITS/From_AProVE_2014__AlternatingGrowReduceRec.jar-obl-9__term_unfeasibility_1_0.smt2 : 715062 ms.
--------------------------------------------------
First to ismt, cur time 0 s.
Final to yices2, cur time 840 s.
final yices2: unsat
../../QF_NIA_split/QF_NIA_2_7//20170427-VeryMax/ITS/From_AProVE_2014__alternDivWidening_rec.jar-obl-8__p27567_terminationG_0.smt2 : 841596 ms.
--------------------------------------------------
First to ismt, cur time 0 s.
ismt: sat (2 bits).
../../QF_NIA_split/QF_NIA_2_7//20170427-VeryMax/ITS/From_AProVE_2014__alternDivWidening_rec.jar-obl-8__p27568_terminationG_0.smt2 : 2426 ms.
--------------------------------------------------
First to ismt, cur time 0 s.
ismt: sat (2 bits).
../../QF_NIA_split/QF_NIA_2_7//20170427-VeryMax/ITS/From_AProVE_2014__alternDivWidening_rec.jar-obl-8__p27569_terminationG_0.smt2 : 14527 ms.
--------------------------------------------------
First to ismt, cur time 0 s.
Final to yices2, cur time 840 s.
final yices2: unsat
../../QF_NIA_split/QF_NIA_2_7//20170427-VeryMax/ITS/From_AProVE_2014__alternDivWidening_rec.jar-obl-8__p27572_terminationG_0.smt2 : 889998 ms.
--------------------------------------------------
First to ismt, cur time 0 s.
ismt: sat (2 bits).
../../QF_NIA_split/QF_NIA_2_7//20170427-VeryMax/ITS/From_AProVE_2014__alternDivWidening_rec.jar-obl-8__p27573_terminationG_0.smt2 : 14207 ms.
--------------------------------------------------
First to ismt, cur time 0 s.
ismt: sat (2 bits).
../../QF_NIA_split/QF_NIA_2_7//20170427-VeryMax/ITS/From_AProVE_2014__alternDivWidening_rec.jar-obl-8__p27574_terminationG_0.smt2 : 18914 ms.
--------------------------------------------------
First to ismt, cur time 0 s.
ismt: sat (2 bits).
../../QF_NIA_split/QF_NIA_2_7//20170427-VeryMax/ITS/From_AProVE_2014__alternDivWidening_rec.jar-obl-8__p27577_terminationG_0.smt2 : 669 ms.
--------------------------------------------------
First to ismt, cur time 0 s.
ismt: sat (2 bits).
../../QF_NIA_split/QF_NIA_2_7//20170427-VeryMax/ITS/From_AProVE_2014__alternDivWidening_rec.jar-obl-8__p27578_terminationG_0.smt2 : 1404 ms.
--------------------------------------------------
First to ismt, cur time 0 s.
ismt: sat (2 bits).
../../QF_NIA_split/QF_NIA_2_7//20170427-VeryMax/ITS/From_AProVE_2014__alternDivWidening_rec.jar-obl-8__p27579_terminationG_0.smt2 : 25305 ms.
--------------------------------------------------
First to ismt, cur time 0 s.
ismt: sat (2 bits).
../../QF_NIA_split/QF_NIA_2_7//20170427-VeryMax/ITS/From_AProVE_2014__alternDivWide_rec.jar-obl-8__p27598_terminationG_0.smt2 : 4992 ms.
--------------------------------------------------
First to ismt, cur time 0 s.
Final to yices2, cur time 840 s.
final yices2: unsat
../../QF_NIA_split/QF_NIA_2_7//20170427-VeryMax/ITS/From_AProVE_2014__alternDivWide_rec.jar-obl-8__p27602_terminationG_0.smt2 : 845853 ms.
--------------------------------------------------
First to ismt, cur time 0 s.
Final to yices2, cur time 840 s.
../../QF_NIA_split/QF_NIA_2_7//20170427-VeryMax/ITS/From_AProVE_2014__alternDivWide_rec.jar-obl-8__p27603_terminationG_0.smt2 : 1200044 ms.
--------------------------------------------------
First to ismt, cur time 0 s.
Final to yices2, cur time 840 s.
final yices2: unsat
../../QF_NIA_split/QF_NIA_2_7//20170427-VeryMax/ITS/From_AProVE_2014__alternDivWide_rec.jar-obl-8__p27606_edge_closing_0.smt2 : 841905 ms.
--------------------------------------------------
First to ismt, cur time 0 s.
Final to yices2, cur time 840 s.
final yices2: unsat
../../QF_NIA_split/QF_NIA_2_7//20170427-VeryMax/ITS/From_AProVE_2014__alternDivWide_rec.jar-obl-8__p27607_edge_closing_0.smt2 : 1183245 ms.
--------------------------------------------------
First to ismt, cur time 0 s.
Final to yices2, cur time 840 s.
final yices2: unsat
../../QF_NIA_split/QF_NIA_2_7//20170427-VeryMax/ITS/From_AProVE_2014__alternKonv_rec.jar-obl-8__p27624_terminationG_0.smt2 : 840520 ms.
--------------------------------------------------
First to ismt, cur time 0 s.
ismt: sat (2 bits).
../../QF_NIA_split/QF_NIA_2_7//20170427-VeryMax/ITS/From_AProVE_2014__alternKonv_rec.jar-obl-8__p27631_terminationG_0.smt2 : 1189 ms.
--------------------------------------------------
First to ismt, cur time 0 s.
Final to yices2, cur time 840 s.
final yices2: unsat
../../QF_NIA_split/QF_NIA_2_7//20170427-VeryMax/ITS/From_AProVE_2014__alternKonv_rec.jar-obl-8__p27639_edge_closing_0.smt2 : 843876 ms.
--------------------------------------------------
First to ismt, cur time 0 s.
Final to yices2, cur time 840 s.
../../QF_NIA_split/QF_NIA_2_7//20170427-VeryMax/ITS/From_AProVE_2014__alternKonv_rec.jar-obl-8__p27640_edge_closing_0.smt2 : 1200026 ms.
--------------------------------------------------
First to ismt, cur time 0 s.
ismt: sat (2 bits).
../../QF_NIA_split/QF_NIA_2_7//20170427-VeryMax/ITS/From_AProVE_2014__AProVE12-cyclic-Iterate.jar-obl-9__p27657_terminationG_0.smt2 : 1055 ms.
--------------------------------------------------
First to ismt, cur time 0 s.
ismt: sat (2 bits).
../../QF_NIA_split/QF_NIA_2_7//20170427-VeryMax/ITS/From_AProVE_2014__AProVE12-cyclic-Length.jar-obl-9__p27666_terminationG_0.smt2 : 1257 ms.
--------------------------------------------------
First to ismt, cur time 0 s.
ismt: sat (2 bits).
../../QF_NIA_split/QF_NIA_2_7//20170427-VeryMax/ITS/From_AProVE_2014__AProVE12-cyclic-Visit.jar-obl-9__p27675_terminationG_0.smt2 : 1115 ms.
--------------------------------------------------
First to ismt, cur time 0 s.
Final to yices2, cur time 840 s.
../../QF_NIA_split/QF_NIA_2_7//20170427-VeryMax/ITS/From_AProVE_2014__AProVE12-cyclic-Visit.jar-obl-9__p27679_terminationG_0.smt2 : 1200042 ms.
--------------------------------------------------
First to ismt, cur time 0 s.
Final to yices2, cur time 840 s.
unknown
../../QF_NIA_split/QF_NIA_2_7//20170427-VeryMax/ITS/From_AProVE_2014__AProVE12-cyclic-Visit.jar-obl-9__p27680_terminationG_0.smt2 : 1199650 ms.
--------------------------------------------------
First to ismt, cur time 0 s.
ismt: sat (2 bits).
../../QF_NIA_split/QF_NIA_2_7//20170427-VeryMax/ITS/From_AProVE_2014__AProVE12-cyclic-Visit.jar-obl-9__p27683_safety_0.smt2 : 1028 ms.
--------------------------------------------------
First to ismt, cur time 0 s.
ismt: sat (2 bits).
../../QF_NIA_split/QF_NIA_2_7//20170427-VeryMax/ITS/From_AProVE_2014__AProVE12-cyclic-Visit.jar-obl-9__p27686_edge_closing_0.smt2 : 688 ms.
--------------------------------------------------
First to ismt, cur time 0 s.
ismt: sat (2 bits).
../../QF_NIA_split/QF_NIA_2_7//20170427-VeryMax/ITS/From_AProVE_2014__AProVE12-cyclic-Visit.jar-obl-9__p27687_edge_closing_0.smt2 : 597 ms.
--------------------------------------------------
First to ismt, cur time 0 s.
Final to yices2, cur time 841 s.
final yices2: unsat
../../QF_NIA_split/QF_NIA_2_7//20170427-VeryMax/ITS/From_AProVE_2014__BinarySearch.jar-obl-9__term_unfeasibility_1_0.smt2 : 857342 ms.
--------------------------------------------------
First to ismt, cur time 0 s.
Final to yices2, cur time 840 s.
../../QF_NIA_split/QF_NIA_2_7//20170427-VeryMax/ITS/From_AProVE_2014__Binomial.jar-obl-9__term_unfeasibility_0_0.smt2 : 1200014 ms.
--------------------------------------------------
First to ismt, cur time 0 s.
ismt: sat (2 bits).
../../QF_NIA_split/QF_NIA_2_7//20170427-VeryMax/ITS/From_AProVE_2014__BinTreeChanger.jar-obl-10__p27723_terminationG_0.smt2 : 4509 ms.
--------------------------------------------------
First to ismt, cur time 0 s.
ismt: sat (2 bits).
../../QF_NIA_split/QF_NIA_2_7//20170427-VeryMax/ITS/From_AProVE_2014__BinTreeChanger.jar-obl-10__p27729_terminationG_0.smt2 : 51878 ms.
--------------------------------------------------
First to ismt, cur time 0 s.
ismt: sat (2 bits).
../../QF_NIA_split/QF_NIA_2_7//20170427-VeryMax/ITS/From_AProVE_2014__BinTreeChanger.jar-obl-10__p27732_terminationG_0.smt2 : 3885 ms.
--------------------------------------------------
First to ismt, cur time 0 s.
ismt: sat (2 bits).
../../QF_NIA_split/QF_NIA_2_7//20170427-VeryMax/ITS/From_AProVE_2014__BinTreeChanger.jar-obl-10__p27733_terminationG_0.smt2 : 29644 ms.
--------------------------------------------------
First to ismt, cur time 0 s.
ismt: sat (2 bits).
../../QF_NIA_split/QF_NIA_2_7//20170427-VeryMax/ITS/From_AProVE_2014__BinTreeChanger.jar-obl-10__p27734_terminationG_0.smt2 : 50582 ms.
--------------------------------------------------
First to ismt, cur time 0 s.
ismt: sat (2 bits).
../../QF_NIA_split/QF_NIA_2_7//20170427-VeryMax/ITS/From_AProVE_2014__BMOG_CAV_12_MarkingGraphVisitor.jar-obl-11__p27743_terminationG_0.smt2 : 951 ms.
--------------------------------------------------
First to ismt, cur time 0 s.
ismt: sat (2 bits).
../../QF_NIA_split/QF_NIA_2_7//20170427-VeryMax/ITS/From_AProVE_2014__BMOG_CAV_12_MarkingGraphVisitor.jar-obl-11__p27745_terminationG_0.smt2 : 5110 ms.
--------------------------------------------------
First to ismt, cur time 0 s.
ismt: sat (2 bits).
../../QF_NIA_split/QF_NIA_2_7//20170427-VeryMax/ITS/From_AProVE_2014__BMOG_CAV_12_MarkingGraphVisitor.jar-obl-11__p27750_terminationG_0.smt2 : 2016 ms.
--------------------------------------------------
First to ismt, cur time 0 s.
ismt: sat (2 bits).
../../QF_NIA_split/QF_NIA_2_7//20170427-VeryMax/ITS/From_AProVE_2014__BMOG_CAV_12_MarkingGraphVisitor.jar-obl-11__p27754_safety_0.smt2 : 1869 ms.
--------------------------------------------------
First to ismt, cur time 0 s.
ismt: sat (2 bits).
../../QF_NIA_split/QF_NIA_2_7//20170427-VeryMax/ITS/From_AProVE_2014__BMOG_CAV_12_MarkingGraphVisitor.jar-obl-11__p27755_safety_0.smt2 : 2694 ms.
--------------------------------------------------
First to ismt, cur time 0 s.
Final to yices2, cur time 840 s.
unknown
../../QF_NIA_split/QF_NIA_2_7//20170427-VeryMax/ITS/From_AProVE_2014__BMOG_CAV_12_MarkingGraphVisitor.jar-obl-11__p27759_safety_0.smt2 : 1199934 ms.
--------------------------------------------------
First to ismt, cur time 0 s.
Final to yices2, cur time 840 s.
../../QF_NIA_split/QF_NIA_2_7//20170427-VeryMax/ITS/From_AProVE_2014__BMOG_CAV_12_MarkingGraphVisitor.jar-obl-11__p27760_safety_0.smt2 : 1200047 ms.
--------------------------------------------------
First to ismt, cur time 0 s.
Final to yices2, cur time 840 s.
../../QF_NIA_split/QF_NIA_2_7//20170427-VeryMax/ITS/From_AProVE_2014__BMOG_CAV_12_MarkingGraphVisitor.jar-obl-11__p27764_terminationG_0.smt2 : 1200068 ms.
--------------------------------------------------
First to ismt, cur time 0 s.
Final to yices2, cur time 840 s.
../../QF_NIA_split/QF_NIA_2_7//20170427-VeryMax/ITS/From_AProVE_2014__BMOG_CAV_12_MarkingGraphVisitor.jar-obl-11__p27765_terminationG_0.smt2 : 1200039 ms.
--------------------------------------------------
First to ismt, cur time 0 s.
Final to yices2, cur time 840 s.
final yices2: unsat
../../QF_NIA_split/QF_NIA_2_7//20170427-VeryMax/ITS/From_AProVE_2014__BubbleSort.jar-obl-8__term_unfeasibility_0_0.smt2 : 844217 ms.
--------------------------------------------------
First to ismt, cur time 0 s.
Final to yices2, cur time 840 s.
final yices2: unsat
../../QF_NIA_split/QF_NIA_2_7//20170427-VeryMax/ITS/From_AProVE_2014__Choose.jar-obl-8__p27802_terminationG_0.smt2 : 840000 ms.
--------------------------------------------------
First to ismt, cur time 0 s.
Final to yices2, cur time 840 s.
final yices2: unsat
../../QF_NIA_split/QF_NIA_2_7//20170427-VeryMax/ITS/From_AProVE_2014__Choose.jar-obl-8__p27803_terminationG_0.smt2 : 846717 ms.
--------------------------------------------------
First to ismt, cur time 0 s.
Final to yices2, cur time 840 s.
unknown
../../QF_NIA_split/QF_NIA_2_7//20170427-VeryMax/ITS/From_AProVE_2014__Choose.jar-obl-8__p27804_terminationG_0.smt2 : 1199730 ms.
--------------------------------------------------
First to ismt, cur time 0 s.
Final to yices2, cur time 840 s.
final yices2: unsat
../../QF_NIA_split/QF_NIA_2_7//20170427-VeryMax/ITS/From_AProVE_2014__Choose.jar-obl-8__p27807_terminationG_0.smt2 : 840703 ms.
--------------------------------------------------
First to ismt, cur time 0 s.
Final to yices2, cur time 840 s.
final yices2: unsat
../../QF_NIA_split/QF_NIA_2_7//20170427-VeryMax/ITS/From_AProVE_2014__Choose.jar-obl-8__p27808_terminationG_0.smt2 : 845640 ms.
--------------------------------------------------
First to ismt, cur time 0 s.
Final to yices2, cur time 840 s.
unknown
../../QF_NIA_split/QF_NIA_2_7//20170427-VeryMax/ITS/From_AProVE_2014__Choose.jar-obl-8__p27809_terminationG_0.smt2 : 1199680 ms.
--------------------------------------------------
First to ismt, cur time 0 s.
ismt: sat (2 bits).
../../QF_NIA_split/QF_NIA_2_7//20170427-VeryMax/ITS/From_AProVE_2014__Choose.jar-obl-8__p27814_edge_closing_0.smt2 : 1075 ms.
--------------------------------------------------
First to ismt, cur time 0 s.
Final to yices2, cur time 840 s.
final yices2: unsat
../../QF_NIA_split/QF_NIA_2_7//20170427-VeryMax/ITS/From_AProVE_2014__Choose.jar-obl-8__terminationQ_1_0.smt2 : 839779 ms.
--------------------------------------------------
First to ismt, cur time 0 s.
Final to yices2, cur time 840 s.
final yices2: unsat
../../QF_NIA_split/QF_NIA_2_7//20170427-VeryMax/ITS/From_AProVE_2014__Choose.jar-obl-8__term_unfeasibility_0_0.smt2 : 840609 ms.
--------------------------------------------------
First to ismt, cur time 0 s.
Final to yices2, cur time 840 s.
final yices2: unsat
../../QF_NIA_split/QF_NIA_2_7//20170427-VeryMax/ITS/From_AProVE_2014__ChooseLife.jar-obl-8__p27824_terminationG_0.smt2 : 840870 ms.
--------------------------------------------------
First to ismt, cur time 0 s.
Final to yices2, cur time 840 s.
../../QF_NIA_split/QF_NIA_2_7//20170427-VeryMax/ITS/From_AProVE_2014__ChooseLife.jar-obl-8__p27825_terminationG_0.smt2 : 1200040 ms.
--------------------------------------------------
First to ismt, cur time 0 s.
Final to yices2, cur time 840 s.
../../QF_NIA_split/QF_NIA_2_7//20170427-VeryMax/ITS/From_AProVE_2014__ChooseLife.jar-obl-8__p27826_terminationG_0.smt2 : 1200051 ms.
--------------------------------------------------
First to ismt, cur time 0 s.
ismt: sat (2 bits).
../../QF_NIA_split/QF_NIA_2_7//20170427-VeryMax/ITS/From_AProVE_2014__ChooseLife.jar-obl-8__p27837_edge_closing_0.smt2 : 1706 ms.
--------------------------------------------------
First to ismt, cur time 0 s.
Final to yices2, cur time 840 s.
final yices2: unsat
../../QF_NIA_split/QF_NIA_2_7//20170427-VeryMax/ITS/From_AProVE_2014__ChooseLife.jar-obl-8__terminationQ_0_0.smt2 : 840563 ms.
--------------------------------------------------
First to ismt, cur time 0 s.
Final to yices2, cur time 840 s.
final yices2: unsat
../../QF_NIA_split/QF_NIA_2_7//20170427-VeryMax/ITS/From_AProVE_2014__ChooseLife.jar-obl-8__term_unfeasibility_0_0.smt2 : 840350 ms.
--------------------------------------------------
First to ismt, cur time 0 s.
Final to yices2, cur time 840 s.
final yices2: unsat
../../QF_NIA_split/QF_NIA_2_7//20170427-VeryMax/ITS/From_AProVE_2014__Collatz.jar-obl-8__p27862_terminationG_0.smt2 : 840237 ms.
--------------------------------------------------
First to ismt, cur time 0 s.
Final to yices2, cur time 840 s.
../../QF_NIA_split/QF_NIA_2_7//20170427-VeryMax/ITS/From_AProVE_2014__Collatz.jar-obl-8__p27863_terminationG_0.smt2 : 1200042 ms.
--------------------------------------------------
First to ismt, cur time 0 s.
Final to yices2, cur time 840 s.
../../QF_NIA_split/QF_NIA_2_7//20170427-VeryMax/ITS/From_AProVE_2014__Collatz.jar-obl-8__p27864_terminationG_0.smt2 : 1200064 ms.
--------------------------------------------------
First to ismt, cur time 0 s.
ismt: sat (2 bits).
../../QF_NIA_split/QF_NIA_2_7//20170427-VeryMax/ITS/From_AProVE_2014__complxStruc_rec.jar-obl-8__p27925_terminationG_0.smt2 : 992 ms.
--------------------------------------------------
First to ismt, cur time 0 s.
ismt: sat (2 bits).
../../QF_NIA_split/QF_NIA_2_7//20170427-VeryMax/ITS/From_AProVE_2014__complxStruc_rec.jar-obl-8__p27926_terminationG_0.smt2 : 2408 ms.
--------------------------------------------------
First to ismt, cur time 0 s.
ismt: sat (2 bits).
../../QF_NIA_split/QF_NIA_2_7//20170427-VeryMax/ITS/From_AProVE_2014__complxStruc_rec.jar-obl-8__p27927_terminationG_0.smt2 : 19324 ms.
--------------------------------------------------
First to ismt, cur time 0 s.
ismt: sat (2 bits).
../../QF_NIA_split/QF_NIA_2_7//20170427-VeryMax/ITS/From_AProVE_2014__complxStruc_rec.jar-obl-8__p27944_edge_closing_0.smt2 : 44256 ms.
--------------------------------------------------
First to ismt, cur time 0 s.
ismt: sat (2 bits).
../../QF_NIA_split/QF_NIA_2_7//20170427-VeryMax/ITS/From_AProVE_2014__complxStruc_rec.jar-obl-8__p27949_edge_closing_0.smt2 : 20953 ms.
--------------------------------------------------
First to ismt, cur time 0 s.
ismt: sat (2 bits).
../../QF_NIA_split/QF_NIA_2_7//20170427-VeryMax/ITS/From_AProVE_2014__complxStruc_rec.jar-obl-8__p27950_edge_closing_0.smt2 : 76956 ms.
--------------------------------------------------
First to ismt, cur time 0 s.
Final to yices2, cur time 840 s.
../../QF_NIA_split/QF_NIA_2_7//20170427-VeryMax/ITS/From_AProVE_2014__complxStruc_rec.jar-obl-8__terminationQ_0_0.smt2 : 1200039 ms.
--------------------------------------------------
First to ismt, cur time 0 s.
Final to yices2, cur time 840 s.
../../QF_NIA_split/QF_NIA_2_7//20170427-VeryMax/ITS/From_AProVE_2014__complxStruc_rec.jar-obl-8__terminationS_0_0.smt2 : 1200038 ms.
--------------------------------------------------
First to ismt, cur time 0 s.
Final to yices2, cur time 840 s.
../../QF_NIA_split/QF_NIA_2_7//20170427-VeryMax/ITS/From_AProVE_2014__complxStruc_rec.jar-obl-8__terminationS_1_0.smt2 : 1200047 ms.
--------------------------------------------------
First to ismt, cur time 0 s.
Final to yices2, cur time 840 s.
../../QF_NIA_split/QF_NIA_2_7//20170427-VeryMax/ITS/From_AProVE_2014__complxStruc_rec.jar-obl-8__terminationS_2_0.smt2 : 1200040 ms.
--------------------------------------------------
First to ismt, cur time 0 s.
Final to yices2, cur time 840 s.
final yices2: unsat
../../QF_NIA_split/QF_NIA_2_7//20170427-VeryMax/ITS/From_AProVE_2014__complxStruc_rec.jar-obl-8__term_unfeasibility_1_0.smt2 : 841055 ms.
--------------------------------------------------
First to ismt, cur time 0 s.
Final to yices2, cur time 840 s.
../../QF_NIA_split/QF_NIA_2_7//20170427-VeryMax/ITS/From_AProVE_2014__Convert.jar-obl-9__p27971_terminationG_0.smt2 : 1200037 ms.
--------------------------------------------------
First to ismt, cur time 0 s.
Final to yices2, cur time 840 s.
unknown
../../QF_NIA_split/QF_NIA_2_7//20170427-VeryMax/ITS/From_AProVE_2014__Convert.jar-obl-9__p27972_terminationG_0.smt2 : 1199948 ms.
--------------------------------------------------
First to ismt, cur time 0 s.
Final to yices2, cur time 841 s.
../../QF_NIA_split/QF_NIA_2_7//20170427-VeryMax/ITS/From_AProVE_2014__Convert.jar-obl-9__p27975_edge_closing_0.smt2 : 1201795 ms.
--------------------------------------------------
First to ismt, cur time 0 s.
ismt: sat (2 bits).
../../QF_NIA_split/QF_NIA_2_7//20170427-VeryMax/ITS/From_AProVE_2014__Convert.jar-obl-9__p27976_edge_closing_0.smt2 : 27154 ms.
--------------------------------------------------
First to ismt, cur time 0 s.
Final to yices2, cur time 860 s.
../../QF_NIA_split/QF_NIA_2_7//20170427-VeryMax/ITS/From_AProVE_2014__ConvertRec.jar-obl-9__p28010_safety_0.smt2 : 1200082 ms.
--------------------------------------------------
First to ismt, cur time 0 s.
Final to yices2, cur time 840 s.
../../QF_NIA_split/QF_NIA_2_7//20170427-VeryMax/ITS/From_AProVE_2014__ConvertRec.jar-obl-9__p28011_safety_0.smt2 : 1205321 ms.
--------------------------------------------------
First to ismt, cur time 0 s.
Final to yices2, cur time 840 s.
../../QF_NIA_split/QF_NIA_2_7//20170427-VeryMax/ITS/From_AProVE_2014__ConvertRec.jar-obl-9__p28029_safety_0.smt2 : 1200094 ms.
--------------------------------------------------
First to ismt, cur time 0 s.
Final to yices2, cur time 840 s.
unknown
../../QF_NIA_split/QF_NIA_2_7//20170427-VeryMax/ITS/From_AProVE_2014__ConvertRec.jar-obl-9__p28030_safety_0.smt2 : 1200480 ms.
--------------------------------------------------
First to ismt, cur time 0 s.
Final to yices2, cur time 840 s.
../../QF_NIA_split/QF_NIA_2_7//20170427-VeryMax/ITS/From_AProVE_2014__ConvertRec.jar-obl-9__p28032_safety_0.smt2 : 1200464 ms.
--------------------------------------------------
First to ismt, cur time 0 s.
Final to yices2, cur time 859 s.
../../QF_NIA_split/QF_NIA_2_7//20170427-VeryMax/ITS/From_AProVE_2014__ConvertRec.jar-obl-9__p28033_safety_0.smt2 : 1200193 ms.
--------------------------------------------------
First to ismt, cur time 0 s.
Final to yices2, cur time 841 s.
../../QF_NIA_split/QF_NIA_2_7//20170427-VeryMax/ITS/From_AProVE_2014__ConvertRec.jar-obl-9__p28037_terminationG_0.smt2 : 1201840 ms.
--------------------------------------------------
First to ismt, cur time 0 s.
Final to yices2, cur time 852 s.
../../QF_NIA_split/QF_NIA_2_7//20170427-VeryMax/ITS/From_AProVE_2014__ConvertRec.jar-obl-9__p28038_terminationG_0.smt2 : 1200042 ms.
--------------------------------------------------
First to ismt, cur time 0 s.
Final to yices2, cur time 840 s.
unknown
../../QF_NIA_split/QF_NIA_2_7//20170427-VeryMax/ITS/From_AProVE_2014__ConvertRec.jar-obl-9__p28041_edge_closing_0.smt2 : 1199744 ms.
--------------------------------------------------
First to ismt, cur time 0 s.
Final to yices2, cur time 840 s.
../../QF_NIA_split/QF_NIA_2_7//20170427-VeryMax/ITS/From_AProVE_2014__ConvertRec.jar-obl-9__p28042_edge_closing_0.smt2 : 1200056 ms.
--------------------------------------------------
First to ismt, cur time 0 s.
Final to yices2, cur time 841 s.
../../QF_NIA_split/QF_NIA_2_7//20170427-VeryMax/ITS/From_AProVE_2014__ConvertRec.jar-obl-9__p28043_edge_closing_0.smt2 : 1200779 ms.
--------------------------------------------------
First to ismt, cur time 0 s.
ismt: sat (2 bits).
../../QF_NIA_split/QF_NIA_2_7//20170427-VeryMax/ITS/From_AProVE_2014__ConvertRec.jar-obl-9__p28045_edge_closing_0.smt2 : 13473 ms.
--------------------------------------------------
First to ismt, cur time 0 s.
ismt: sat (2 bits).
../../QF_NIA_split/QF_NIA_2_7//20170427-VeryMax/ITS/From_AProVE_2014__ConvertRec.jar-obl-9__p28046_edge_closing_0.smt2 : 15460 ms.
--------------------------------------------------
First to ismt, cur time 0 s.
ismt: sat (2 bits).
../../QF_NIA_split/QF_NIA_2_7//20170427-VeryMax/ITS/From_AProVE_2014__convLower_rec.jar-obl-8__p28054_terminationG_0.smt2 : 24625 ms.
--------------------------------------------------
First to ismt, cur time 0 s.
ismt: sat (4 bits).
../../QF_NIA_split/QF_NIA_2_7//20170427-VeryMax/ITS/From_AProVE_2014__convLower_rec.jar-obl-8__p28063_terminationG_0.smt2 : 4040 ms.
--------------------------------------------------
First to ismt, cur time 0 s.
ismt: sat (4 bits).
../../QF_NIA_split/QF_NIA_2_7//20170427-VeryMax/ITS/From_AProVE_2014__convLower_rec.jar-obl-8__p28064_terminationG_0.smt2 : 16283 ms.
--------------------------------------------------
First to ismt, cur time 0 s.
ismt: sat (4 bits).
../../QF_NIA_split/QF_NIA_2_7//20170427-VeryMax/ITS/From_AProVE_2014__convLower_rec.jar-obl-8__p28065_terminationG_0.smt2 : 65735 ms.
--------------------------------------------------
First to ismt, cur time 0 s.
Final to yices2, cur time 146 s.
final yices2: unsat
../../QF_NIA_split/QF_NIA_2_7//20170427-VeryMax/ITS/From_AProVE_2014__costa09-example_4.jar-obl-8__term_unfeasibility_0_0.smt2 : 146876 ms.
--------------------------------------------------
First to ismt, cur time 0 s.
ismt: sat (2 bits).
../../QF_NIA_split/QF_NIA_2_7//20170427-VeryMax/ITS/From_AProVE_2014__Count.jar-obl-10-2__p28113_terminationG_0.smt2 : 162739 ms.
--------------------------------------------------
First to ismt, cur time 0 s.
ismt: sat (2 bits).
../../QF_NIA_split/QF_NIA_2_7//20170427-VeryMax/ITS/From_AProVE_2014__Count.jar-obl-10-2__p28114_terminationG_0.smt2 : 275130 ms.
--------------------------------------------------
First to ismt, cur time 0 s.
ismt: sat (2 bits).
../../QF_NIA_split/QF_NIA_2_7//20170427-VeryMax/ITS/From_AProVE_2014__Count.jar-obl-10-2__p28115_terminationG_0.smt2 : 219136 ms.
--------------------------------------------------
First to ismt, cur time 0 s.
Final to yices2, cur time 840 s.
../../QF_NIA_split/QF_NIA_2_7//20170427-VeryMax/ITS/From_AProVE_2014__Count.jar-obl-10-2__p28120_terminationG_0.smt2 : 1200047 ms.
--------------------------------------------------
First to ismt, cur time 0 s.
Final to yices2, cur time 840 s.
../../QF_NIA_split/QF_NIA_2_7//20170427-VeryMax/ITS/From_AProVE_2014__Count.jar-obl-10-2__p28121_terminationG_0.smt2 : 1200055 ms.
--------------------------------------------------
First to ismt, cur time 0 s.
Final to yices2, cur time 841 s.
../../QF_NIA_split/QF_NIA_2_7//20170427-VeryMax/ITS/From_AProVE_2014__Count.jar-obl-10-2__p28122_terminationG_0.smt2 : 1215528 ms.
--------------------------------------------------
First to ismt, cur time 0 s.
Final to yices2, cur time 841 s.
../../QF_NIA_split/QF_NIA_2_7//20170427-VeryMax/ITS/From_AProVE_2014__Count.jar-obl-10-2__terminationQ_0_0.smt2 : 1227732 ms.
--------------------------------------------------
First to ismt, cur time 0 s.
Final to yices2, cur time 841 s.
final yices2: unsat
../../QF_NIA_split/QF_NIA_2_7//20170427-VeryMax/ITS/From_AProVE_2014__Count.jar-obl-10-2__terminationS_0_0.smt2 : 856526 ms.
--------------------------------------------------
First to ismt, cur time 0 s.
Final to yices2, cur time 841 s.
final yices2: unsat
../../QF_NIA_split/QF_NIA_2_7//20170427-VeryMax/ITS/From_AProVE_2014__Count.jar-obl-10-2__terminationS_10_0.smt2 : 846819 ms.
--------------------------------------------------
First to ismt, cur time 0 s.
Final to yices2, cur time 840 s.
final yices2: unsat
../../QF_NIA_split/QF_NIA_2_7//20170427-VeryMax/ITS/From_AProVE_2014__Count.jar-obl-10-2__terminationS_2_0.smt2 : 857344 ms.
--------------------------------------------------
First to ismt, cur time 0 s.
Final to yices2, cur time 840 s.
final yices2: unsat
../../QF_NIA_split/QF_NIA_2_7//20170427-VeryMax/ITS/From_AProVE_2014__Count.jar-obl-10-2__terminationS_5_0.smt2 : 862864 ms.
--------------------------------------------------
First to ismt, cur time 0 s.
Final to yices2, cur time 842 s.
final yices2: unsat
../../QF_NIA_split/QF_NIA_2_7//20170427-VeryMax/ITS/From_AProVE_2014__Count.jar-obl-10-2__terminationS_6_0.smt2 : 846424 ms.
--------------------------------------------------
First to ismt, cur time 0 s.
Final to yices2, cur time 841 s.
final yices2: unsat
../../QF_NIA_split/QF_NIA_2_7//20170427-VeryMax/ITS/From_AProVE_2014__Count.jar-obl-10-2__terminationS_7_0.smt2 : 853448 ms.
--------------------------------------------------
First to ismt, cur time 0 s.
Final to yices2, cur time 841 s.
final yices2: unsat
../../QF_NIA_split/QF_NIA_2_7//20170427-VeryMax/ITS/From_AProVE_2014__Count.jar-obl-10-2__terminationS_8_0.smt2 : 844239 ms.
--------------------------------------------------
First to ismt, cur time 0 s.
Final to yices2, cur time 841 s.
final yices2: unsat
../../QF_NIA_split/QF_NIA_2_7//20170427-VeryMax/ITS/From_AProVE_2014__Count.jar-obl-10-2__terminationS_9_0.smt2 : 846815 ms.
--------------------------------------------------
First to ismt, cur time 0 s.
Final to yices2, cur time 841 s.
final yices2: unsat
../../QF_NIA_split/QF_NIA_2_7//20170427-VeryMax/ITS/From_AProVE_2014__Count.jar-obl-10-2__term_unfeasibility_0_0.smt2 : 860395 ms.
--------------------------------------------------
First to ismt, cur time 0 s.
ismt: sat (2 bits).
../../QF_NIA_split/QF_NIA_2_7//20170427-VeryMax/ITS/From_AProVE_2014__Count.jar-obl-10__p28147_terminationG_0.smt2 : 3752 ms.
--------------------------------------------------
First to ismt, cur time 0 s.
ismt: sat (2 bits).
../../QF_NIA_split/QF_NIA_2_7//20170427-VeryMax/ITS/From_AProVE_2014__Count.jar-obl-10__p28153_terminationG_0.smt2 : 2309 ms.
--------------------------------------------------
First to ismt, cur time 0 s.
ismt: sat (2 bits).
../../QF_NIA_split/QF_NIA_2_7//20170427-VeryMax/ITS/From_AProVE_2014__Count.jar-obl-10__p28154_terminationG_0.smt2 : 30543 ms.
--------------------------------------------------
First to ismt, cur time 0 s.
ismt: sat (2 bits).
../../QF_NIA_split/QF_NIA_2_7//20170427-VeryMax/ITS/From_AProVE_2014__Count.jar-obl-10__p28160_terminationG_0.smt2 : 11568 ms.
--------------------------------------------------
First to ismt, cur time 0 s.
ismt: sat (2 bits).
../../QF_NIA_split/QF_NIA_2_7//20170427-VeryMax/ITS/From_AProVE_2014__Count.jar-obl-10__p28161_terminationG_0.smt2 : 7881 ms.
--------------------------------------------------
First to ismt, cur time 0 s.
Final to yices2, cur time 840 s.
unknown
../../QF_NIA_split/QF_NIA_2_7//20170427-VeryMax/ITS/From_AProVE_2014__Count.jar-obl-10__p28167_terminationG_0.smt2 : 1199906 ms.
--------------------------------------------------
First to ismt, cur time 0 s.
Final to yices2, cur time 840 s.
unknown
../../QF_NIA_split/QF_NIA_2_7//20170427-VeryMax/ITS/From_AProVE_2014__Count.jar-obl-10__p28168_terminationG_0.smt2 : 1200637 ms.
--------------------------------------------------
First to ismt, cur time 0 s.
ismt: sat (2 bits).
../../QF_NIA_split/QF_NIA_2_7//20170427-VeryMax/ITS/From_AProVE_2014__Count.jar-obl-10__p28172_edge_closing_0.smt2 : 41784 ms.
--------------------------------------------------
First to ismt, cur time 0 s.
ismt: sat (2 bits).
../../QF_NIA_split/QF_NIA_2_7//20170427-VeryMax/ITS/From_AProVE_2014__Count.jar-obl-10__p28173_edge_closing_0.smt2 : 86735 ms.
--------------------------------------------------
First to ismt, cur time 0 s.
Final to yices2, cur time 840 s.
../../QF_NIA_split/QF_NIA_2_7//20170427-VeryMax/ITS/From_AProVE_2014__Count.jar-obl-10__p28177_edge_closing_0.smt2 : 1200053 ms.
--------------------------------------------------
First to ismt, cur time 0 s.
Final to yices2, cur time 848 s.
../../QF_NIA_split/QF_NIA_2_7//20170427-VeryMax/ITS/From_AProVE_2014__Count.jar-obl-10__p28178_edge_closing_0.smt2 : 1200046 ms.
--------------------------------------------------
First to ismt, cur time 0 s.
Final to yices2, cur time 840 s.
../../QF_NIA_split/QF_NIA_2_7//20170427-VeryMax/ITS/From_AProVE_2014__Count.jar-obl-10__p28179_edge_closing_0.smt2 : 1200049 ms.
--------------------------------------------------
First to ismt, cur time 0 s.
ismt: sat (2 bits).
../../QF_NIA_split/QF_NIA_2_7//20170427-VeryMax/ITS/From_AProVE_2014__CountMetaList.jar-obl-9__p28196_terminationG_0.smt2 : 48507 ms.
--------------------------------------------------
First to ismt, cur time 0 s.
Final to yices2, cur time 843 s.
final yices2: unsat
../../QF_NIA_split/QF_NIA_2_7//20170427-VeryMax/ITS/From_AProVE_2014__CountMetaList.jar-obl-9__p28200_terminationG_0.smt2 : 1066952 ms.
--------------------------------------------------
First to ismt, cur time 0 s.
Final to yices2, cur time 846 s.
unknown
../../QF_NIA_split/QF_NIA_2_7//20170427-VeryMax/ITS/From_AProVE_2014__CountMetaList.jar-obl-9__p28201_terminationG_0.smt2 : 1199651 ms.
--------------------------------------------------
First to ismt, cur time 0 s.
Final to yices2, cur time 841 s.
unknown
../../QF_NIA_split/QF_NIA_2_7//20170427-VeryMax/ITS/From_AProVE_2014__CountMetaList.jar-obl-9__p28204_edge_closing_0.smt2 : 1200033 ms.
--------------------------------------------------
First to ismt, cur time 0 s.
Final to yices2, cur time 840 s.
../../QF_NIA_split/QF_NIA_2_7//20170427-VeryMax/ITS/From_AProVE_2014__CountMetaList.jar-obl-9__p28205_edge_closing_0.smt2 : 1200055 ms.
--------------------------------------------------
First to ismt, cur time 0 s.
Final to yices2, cur time 840 s.
../../QF_NIA_split/QF_NIA_2_7//20170427-VeryMax/ITS/From_AProVE_2014__CountMetaList.jar-obl-9__p28206_edge_closing_0.smt2 : 1200043 ms.
--------------------------------------------------
First to ismt, cur time 0 s.
ismt: sat (2 bits).
../../QF_NIA_split/QF_NIA_2_7//20170427-VeryMax/ITS/From_AProVE_2014__CountMetaList.jar-obl-9__p28208_edge_closing_0.smt2 : 926 ms.
--------------------------------------------------
First to ismt, cur time 0 s.
ismt: sat (2 bits).
../../QF_NIA_split/QF_NIA_2_7//20170427-VeryMax/ITS/From_AProVE_2014__CountMetaList.jar-obl-9__p28209_edge_closing_0.smt2 : 6686 ms.
--------------------------------------------------
First to ismt, cur time 0 s.
ismt: sat (2 bits).
../../QF_NIA_split/QF_NIA_2_7//20170427-VeryMax/ITS/From_AProVE_2014__CountMetaListRec.jar-obl-9__p28222_terminationG_0.smt2 : 4546 ms.
--------------------------------------------------
First to ismt, cur time 0 s.
ismt: sat (2 bits).
../../QF_NIA_split/QF_NIA_2_7//20170427-VeryMax/ITS/From_AProVE_2014__CountMetaListRec.jar-obl-9__p28223_terminationG_0.smt2 : 2020 ms.
--------------------------------------------------
First to ismt, cur time 0 s.
Final to yices2, cur time 840 s.
unknown
../../QF_NIA_split/QF_NIA_2_7//20170427-VeryMax/ITS/From_AProVE_2014__CountMetaListRec.jar-obl-9__p28227_terminationG_0.smt2 : 1199647 ms.
--------------------------------------------------
First to ismt, cur time 0 s.
Final to yices2, cur time 840 s.
../../QF_NIA_split/QF_NIA_2_7//20170427-VeryMax/ITS/From_AProVE_2014__CountMetaListRec.jar-obl-9__p28228_terminationG_0.smt2 : 1200041 ms.
--------------------------------------------------
First to ismt, cur time 0 s.
Final to yices2, cur time 840 s.
unknown
../../QF_NIA_split/QF_NIA_2_7//20170427-VeryMax/ITS/From_AProVE_2014__CountMetaListRec.jar-obl-9__p28231_edge_closing_0.smt2 : 1200020 ms.
--------------------------------------------------
First to ismt, cur time 0 s.
Final to yices2, cur time 841 s.
unknown
../../QF_NIA_split/QF_NIA_2_7//20170427-VeryMax/ITS/From_AProVE_2014__CountMetaListRec.jar-obl-9__p28232_edge_closing_0.smt2 : 1199723 ms.
--------------------------------------------------
First to ismt, cur time 0 s.
Final to yices2, cur time 840 s.
../../QF_NIA_split/QF_NIA_2_7//20170427-VeryMax/ITS/From_AProVE_2014__CountMetaListRec.jar-obl-9__p28233_edge_closing_0.smt2 : 1200042 ms.
--------------------------------------------------
First to ismt, cur time 0 s.
ismt: sat (2 bits).
../../QF_NIA_split/QF_NIA_2_7//20170427-VeryMax/ITS/From_AProVE_2014__CountMetaListRec.jar-obl-9__p28235_edge_closing_0.smt2 : 5557 ms.
--------------------------------------------------
First to ismt, cur time 0 s.
ismt: sat (2 bits).
../../QF_NIA_split/QF_NIA_2_7//20170427-VeryMax/ITS/From_AProVE_2014__CountMetaListRec.jar-obl-9__p28236_edge_closing_0.smt2 : 1548 ms.
--------------------------------------------------
First to ismt, cur time 0 s.
Final to yices2, cur time 840 s.
../../QF_NIA_split/QF_NIA_2_7//20170427-VeryMax/ITS/From_AProVE_2014__cousot_rec.jar-obl-8__p28247_terminationG_0.smt2 : 1200050 ms.
--------------------------------------------------
First to ismt, cur time 0 s.
Final to yices2, cur time 840 s.
../../QF_NIA_split/QF_NIA_2_7//20170427-VeryMax/ITS/From_AProVE_2014__cousot_rec.jar-obl-8__p28248_terminationG_0.smt2 : 1200033 ms.
--------------------------------------------------
First to ismt, cur time 0 s.
Final to yices2, cur time 840 s.
../../QF_NIA_split/QF_NIA_2_7//20170427-VeryMax/ITS/From_AProVE_2014__cousot_rec.jar-obl-8__p28249_terminationG_0.smt2 : 1200062 ms.
--------------------------------------------------
First to ismt, cur time 0 s.
Final to yices2, cur time 840 s.
final yices2: unsat
../../QF_NIA_split/QF_NIA_2_7//20170427-VeryMax/ITS/From_AProVE_2014__cousot_rec.jar-obl-8__p28252_terminationG_0.smt2 : 844567 ms.
--------------------------------------------------
First to ismt, cur time 0 s.
Final to yices2, cur time 840 s.
../../QF_NIA_split/QF_NIA_2_7//20170427-VeryMax/ITS/From_AProVE_2014__cousot_rec.jar-obl-8__p28253_terminationG_0.smt2 : 1200053 ms.
--------------------------------------------------
First to ismt, cur time 0 s.
Final to yices2, cur time 840 s.
../../QF_NIA_split/QF_NIA_2_7//20170427-VeryMax/ITS/From_AProVE_2014__cousot_rec.jar-obl-8__p28254_terminationG_0.smt2 : 1200056 ms.
--------------------------------------------------
First to ismt, cur time 0 s.
Final to yices2, cur time 840 s.
final yices2: unsat
../../QF_NIA_split/QF_NIA_2_7//20170427-VeryMax/ITS/From_AProVE_2014__cousot_rec.jar-obl-8__p28257_terminationG_0.smt2 : 855435 ms.
--------------------------------------------------
First to ismt, cur time 0 s.
Final to yices2, cur time 846 s.
../../QF_NIA_split/QF_NIA_2_7//20170427-VeryMax/ITS/From_AProVE_2014__cousot_rec.jar-obl-8__p28258_terminationG_0.smt2 : 1200048 ms.
--------------------------------------------------
First to ismt, cur time 0 s.
Final to yices2, cur time 840 s.
../../QF_NIA_split/QF_NIA_2_7//20170427-VeryMax/ITS/From_AProVE_2014__cousot_rec.jar-obl-8__p28259_terminationG_0.smt2 : 1200033 ms.
--------------------------------------------------
First to ismt, cur time 0 s.
Final to yices2, cur time 840 s.
final yices2: unsat
../../QF_NIA_split/QF_NIA_2_7//20170427-VeryMax/ITS/From_AProVE_2014__cousot_rec.jar-obl-8__p28262_terminationG_0.smt2 : 846596 ms.
--------------------------------------------------
First to ismt, cur time 0 s.
Final to yices2, cur time 840 s.
../../QF_NIA_split/QF_NIA_2_7//20170427-VeryMax/ITS/From_AProVE_2014__cousot_rec.jar-obl-8__p28263_terminationG_0.smt2 : 1200057 ms.
--------------------------------------------------
First to ismt, cur time 0 s.
Final to yices2, cur time 840 s.
../../QF_NIA_split/QF_NIA_2_7//20170427-VeryMax/ITS/From_AProVE_2014__cousot_rec.jar-obl-8__p28264_terminationG_0.smt2 : 1200051 ms.
--------------------------------------------------
First to ismt, cur time 0 s.
Final to yices2, cur time 840 s.
final yices2: unsat
../../QF_NIA_split/QF_NIA_2_7//20170427-VeryMax/ITS/From_AProVE_2014__cousot_rec.jar-obl-8__p28267_terminationG_0.smt2 : 851314 ms.
--------------------------------------------------
First to ismt, cur time 0 s.
Final to yices2, cur time 840 s.
../../QF_NIA_split/QF_NIA_2_7//20170427-VeryMax/ITS/From_AProVE_2014__cousot_rec.jar-obl-8__p28268_terminationG_0.smt2 : 1200044 ms.
--------------------------------------------------
First to ismt, cur time 0 s.
Final to yices2, cur time 840 s.
../../QF_NIA_split/QF_NIA_2_7//20170427-VeryMax/ITS/From_AProVE_2014__cousot_rec.jar-obl-8__p28269_terminationG_0.smt2 : 1200119 ms.
--------------------------------------------------
First to ismt, cur time 0 s.
Final to yices2, cur time 840 s.
unknown
../../QF_NIA_split/QF_NIA_2_7//20170427-VeryMax/ITS/From_AProVE_2014__cousot_rec.jar-obl-8__p28272_terminationG_0.smt2 : 1199936 ms.
--------------------------------------------------
First to ismt, cur time 0 s.
Final to yices2, cur time 840 s.
../../QF_NIA_split/QF_NIA_2_7//20170427-VeryMax/ITS/From_AProVE_2014__cousot_rec.jar-obl-8__p28273_terminationG_0.smt2 : 1200045 ms.
--------------------------------------------------
First to ismt, cur time 0 s.
Final to yices2, cur time 840 s.
../../QF_NIA_split/QF_NIA_2_7//20170427-VeryMax/ITS/From_AProVE_2014__cousot_rec.jar-obl-8__p28274_terminationG_0.smt2 : 1200062 ms.
--------------------------------------------------
First to ismt, cur time 0 s.
Final to yices2, cur time 841 s.
final yices2: unsat
../../QF_NIA_split/QF_NIA_2_7//20170427-VeryMax/ITS/From_AProVE_2014__cousot_rec.jar-obl-8__p28277_terminationG_0.smt2 : 857227 ms.
--------------------------------------------------
First to ismt, cur time 0 s.
Final to yices2, cur time 850 s.
../../QF_NIA_split/QF_NIA_2_7//20170427-VeryMax/ITS/From_AProVE_2014__cousot_rec.jar-obl-8__p28278_terminationG_0.smt2 : 1200635 ms.
--------------------------------------------------
First to ismt, cur time 0 s.
Final to yices2, cur time 840 s.
../../QF_NIA_split/QF_NIA_2_7//20170427-VeryMax/ITS/From_AProVE_2014__cousot_rec.jar-obl-8__p28279_terminationG_0.smt2 : 1200057 ms.
--------------------------------------------------
First to ismt, cur time 0 s.
Final to yices2, cur time 840 s.
final yices2: unsat
../../QF_NIA_split/QF_NIA_2_7//20170427-VeryMax/ITS/From_AProVE_2014__cousot_rec.jar-obl-8__p28282_terminationG_0.smt2 : 1128736 ms.
--------------------------------------------------
First to ismt, cur time 0 s.
Final to yices2, cur time 840 s.
../../QF_NIA_split/QF_NIA_2_7//20170427-VeryMax/ITS/From_AProVE_2014__cousot_rec.jar-obl-8__p28283_terminationG_0.smt2 : 1200475 ms.
--------------------------------------------------
First to ismt, cur time 0 s.
Final to yices2, cur time 840 s.
../../QF_NIA_split/QF_NIA_2_7//20170427-VeryMax/ITS/From_AProVE_2014__cousot_rec.jar-obl-8__p28284_terminationG_0.smt2 : 1200049 ms.
--------------------------------------------------
First to ismt, cur time 0 s.
Final to yices2, cur time 840 s.
final yices2: unsat
../../QF_NIA_split/QF_NIA_2_7//20170427-VeryMax/ITS/From_AProVE_2014__cousot_rec.jar-obl-8__p28287_terminationG_0.smt2 : 843794 ms.
--------------------------------------------------
First to ismt, cur time 0 s.
Final to yices2, cur time 841 s.
../../QF_NIA_split/QF_NIA_2_7//20170427-VeryMax/ITS/From_AProVE_2014__cousot_rec.jar-obl-8__p28288_terminationG_0.smt2 : 1203510 ms.
--------------------------------------------------
First to ismt, cur time 0 s.
Final to yices2, cur time 841 s.
unknown
../../QF_NIA_split/QF_NIA_2_7//20170427-VeryMax/ITS/From_AProVE_2014__cousot_rec.jar-obl-8__p28289_terminationG_0.smt2 : 1199284 ms.
--------------------------------------------------
First to ismt, cur time 0 s.
Final to yices2, cur time 840 s.
../../QF_NIA_split/QF_NIA_2_7//20170427-VeryMax/ITS/From_AProVE_2014__cousot_rec.jar-obl-8__p28292_terminationG_0.smt2 : 1208366 ms.
--------------------------------------------------
First to ismt, cur time 0 s.
Final to yices2, cur time 845 s.
../../QF_NIA_split/QF_NIA_2_7//20170427-VeryMax/ITS/From_AProVE_2014__cousot_rec.jar-obl-8__p28293_terminationG_0.smt2 : 1202561 ms.
--------------------------------------------------
First to ismt, cur time 0 s.
Final to yices2, cur time 840 s.
../../QF_NIA_split/QF_NIA_2_7//20170427-VeryMax/ITS/From_AProVE_2014__cousot_rec.jar-obl-8__p28294_terminationG_0.smt2 : 1200063 ms.
--------------------------------------------------
First to ismt, cur time 0 s.
Final to yices2, cur time 840 s.
final yices2: unsat
../../QF_NIA_split/QF_NIA_2_7//20170427-VeryMax/ITS/From_AProVE_2014__cousot_rec.jar-obl-8__p28297_terminationG_0.smt2 : 844879 ms.
--------------------------------------------------
First to ismt, cur time 0 s.
Final to yices2, cur time 840 s.
../../QF_NIA_split/QF_NIA_2_7//20170427-VeryMax/ITS/From_AProVE_2014__cousot_rec.jar-obl-8__p28298_terminationG_0.smt2 : 1200067 ms.
--------------------------------------------------
First to ismt, cur time 0 s.
Final to yices2, cur time 840 s.
../../QF_NIA_split/QF_NIA_2_7//20170427-VeryMax/ITS/From_AProVE_2014__cousot_rec.jar-obl-8__p28299_terminationG_0.smt2 : 1200038 ms.
--------------------------------------------------
First to ismt, cur time 0 s.
Final to yices2, cur time 840 s.
final yices2: unsat
../../QF_NIA_split/QF_NIA_2_7//20170427-VeryMax/ITS/From_AProVE_2014__cousot_rec.jar-obl-8__p28302_terminationG_0.smt2 : 1000552 ms.
--------------------------------------------------
First to ismt, cur time 0 s.
Final to yices2, cur time 840 s.
../../QF_NIA_split/QF_NIA_2_7//20170427-VeryMax/ITS/From_AProVE_2014__cousot_rec.jar-obl-8__p28303_terminationG_0.smt2 : 1200053 ms.
--------------------------------------------------
First to ismt, cur time 0 s.
Final to yices2, cur time 840 s.
../../QF_NIA_split/QF_NIA_2_7//20170427-VeryMax/ITS/From_AProVE_2014__cousot_rec.jar-obl-8__p28304_terminationG_0.smt2 : 1200071 ms.
--------------------------------------------------
First to ismt, cur time 0 s.
Final to yices2, cur time 840 s.
final yices2: unsat
../../QF_NIA_split/QF_NIA_2_7//20170427-VeryMax/ITS/From_AProVE_2014__cousot_rec.jar-obl-8__p28307_terminationG_0.smt2 : 848351 ms.
--------------------------------------------------
First to ismt, cur time 0 s.
Final to yices2, cur time 841 s.
../../QF_NIA_split/QF_NIA_2_7//20170427-VeryMax/ITS/From_AProVE_2014__cousot_rec.jar-obl-8__p28308_terminationG_0.smt2 : 1200043 ms.
--------------------------------------------------
First to ismt, cur time 0 s.
Final to yices2, cur time 841 s.
unknown
../../QF_NIA_split/QF_NIA_2_7//20170427-VeryMax/ITS/From_AProVE_2014__cousot_rec.jar-obl-8__p28309_terminationG_0.smt2 : 1199282 ms.
--------------------------------------------------
First to ismt, cur time 0 s.
Final to yices2, cur time 840 s.
final yices2: unsat
../../QF_NIA_split/QF_NIA_2_7//20170427-VeryMax/ITS/From_AProVE_2014__cousot_rec.jar-obl-8__p28312_terminationG_0.smt2 : 847579 ms.
--------------------------------------------------
First to ismt, cur time 0 s.
Final to yices2, cur time 840 s.
../../QF_NIA_split/QF_NIA_2_7//20170427-VeryMax/ITS/From_AProVE_2014__cousot_rec.jar-obl-8__p28313_terminationG_0.smt2 : 1200559 ms.
--------------------------------------------------
First to ismt, cur time 0 s.
Final to yices2, cur time 840 s.
../../QF_NIA_split/QF_NIA_2_7//20170427-VeryMax/ITS/From_AProVE_2014__cousot_rec.jar-obl-8__p28314_terminationG_0.smt2 : 1209256 ms.
--------------------------------------------------
First to ismt, cur time 0 s.
Final to yices2, cur time 841 s.
../../QF_NIA_split/QF_NIA_2_7//20170427-VeryMax/ITS/From_AProVE_2014__cousot_rec.jar-obl-8__p28317_terminationG_0.smt2 : 1206470 ms.
--------------------------------------------------
First to ismt, cur time 0 s.
Final to yices2, cur time 840 s.
../../QF_NIA_split/QF_NIA_2_7//20170427-VeryMax/ITS/From_AProVE_2014__cousot_rec.jar-obl-8__p28318_terminationG_0.smt2 : 1200066 ms.
--------------------------------------------------
First to ismt, cur time 0 s.
Final to yices2, cur time 840 s.
../../QF_NIA_split/QF_NIA_2_7//20170427-VeryMax/ITS/From_AProVE_2014__cousot_rec.jar-obl-8__p28319_terminationG_0.smt2 : 1200026 ms.
--------------------------------------------------
First to ismt, cur time 0 s.
Final to yices2, cur time 840 s.
../../QF_NIA_split/QF_NIA_2_7//20170427-VeryMax/ITS/From_AProVE_2014__cousot_rec.jar-obl-8__p28322_terminationG_0.smt2 : 1200049 ms.
--------------------------------------------------
First to ismt, cur time 0 s.
Final to yices2, cur time 840 s.
../../QF_NIA_split/QF_NIA_2_7//20170427-VeryMax/ITS/From_AProVE_2014__cousot_rec.jar-obl-8__p28323_terminationG_0.smt2 : 1200072 ms.
--------------------------------------------------
First to ismt, cur time 0 s.
Final to yices2, cur time 841 s.
unknown
../../QF_NIA_split/QF_NIA_2_7//20170427-VeryMax/ITS/From_AProVE_2014__cousot_rec.jar-obl-8__p28324_terminationG_0.smt2 : 1199290 ms.
--------------------------------------------------
First to ismt, cur time 0 s.
Final to yices2, cur time 840 s.
../../QF_NIA_split/QF_NIA_2_7//20170427-VeryMax/ITS/From_AProVE_2014__cousot_rec.jar-obl-8__p28327_terminationG_0.smt2 : 1200032 ms.
--------------------------------------------------
First to ismt, cur time 0 s.
Final to yices2, cur time 840 s.
../../QF_NIA_split/QF_NIA_2_7//20170427-VeryMax/ITS/From_AProVE_2014__cousot_rec.jar-obl-8__p28328_terminationG_0.smt2 : 1200055 ms.
--------------------------------------------------
First to ismt, cur time 0 s.
Final to yices2, cur time 840 s.
../../QF_NIA_split/QF_NIA_2_7//20170427-VeryMax/ITS/From_AProVE_2014__cousot_rec.jar-obl-8__p28329_terminationG_0.smt2 : 1200056 ms.
--------------------------------------------------
First to ismt, cur time 0 s.
Final to yices2, cur time 840 s.
../../QF_NIA_split/QF_NIA_2_7//20170427-VeryMax/ITS/From_AProVE_2014__cousot_rec.jar-obl-8__p28332_terminationG_0.smt2 : 1200031 ms.
--------------------------------------------------
First to ismt, cur time 0 s.
Final to yices2, cur time 840 s.
../../QF_NIA_split/QF_NIA_2_7//20170427-VeryMax/ITS/From_AProVE_2014__cousot_rec.jar-obl-8__p28333_terminationG_0.smt2 : 1200042 ms.
--------------------------------------------------
First to ismt, cur time 0 s.
Final to yices2, cur time 840 s.
../../QF_NIA_split/QF_NIA_2_7//20170427-VeryMax/ITS/From_AProVE_2014__cousot_rec.jar-obl-8__p28334_terminationG_0.smt2 : 1216497 ms.
--------------------------------------------------
First to ismt, cur time 0 s.
Final to yices2, cur time 847 s.
../../QF_NIA_split/QF_NIA_2_7//20170427-VeryMax/ITS/From_AProVE_2014__cousot_rec.jar-obl-8__p28337_terminationG_0.smt2 : 1224626 ms.
--------------------------------------------------
First to ismt, cur time 0 s.
Final to yices2, cur time 858 s.
unknown
../../QF_NIA_split/QF_NIA_2_7//20170427-VeryMax/ITS/From_AProVE_2014__cousot_rec.jar-obl-8__p28338_terminationG_0.smt2 : 1200272 ms.
--------------------------------------------------
First to ismt, cur time 0 s.
Final to yices2, cur time 840 s.
../../QF_NIA_split/QF_NIA_2_7//20170427-VeryMax/ITS/From_AProVE_2014__cousot_rec.jar-obl-8__p28339_terminationG_0.smt2 : 1219465 ms.
--------------------------------------------------
First to ismt, cur time 0 s.
Final to yices2, cur time 840 s.
../../QF_NIA_split/QF_NIA_2_7//20170427-VeryMax/ITS/From_AProVE_2014__cousot_rec.jar-obl-8__p28342_terminationG_0.smt2 : 1200261 ms.
--------------------------------------------------
First to ismt, cur time 0 s.
Final to yices2, cur time 840 s.
../../QF_NIA_split/QF_NIA_2_7//20170427-VeryMax/ITS/From_AProVE_2014__cousot_rec.jar-obl-8__p28343_terminationG_0.smt2 : 1201260 ms.
--------------------------------------------------
First to ismt, cur time 0 s.
Final to yices2, cur time 840 s.
../../QF_NIA_split/QF_NIA_2_7//20170427-VeryMax/ITS/From_AProVE_2014__cousot_rec.jar-obl-8__p28344_terminationG_0.smt2 : 1206969 ms.
--------------------------------------------------
First to ismt, cur time 0 s.
Final to yices2, cur time 840 s.
../../QF_NIA_split/QF_NIA_2_7//20170427-VeryMax/ITS/From_AProVE_2014__cousot_rec.jar-obl-8__p28347_terminationG_0.smt2 : 1200022 ms.
--------------------------------------------------
First to ismt, cur time 0 s.
Final to yices2, cur time 840 s.
../../QF_NIA_split/QF_NIA_2_7//20170427-VeryMax/ITS/From_AProVE_2014__cousot_rec.jar-obl-8__p28348_terminationG_0.smt2 : 1200047 ms.
--------------------------------------------------
First to ismt, cur time 0 s.
Final to yices2, cur time 841 s.
unknown
../../QF_NIA_split/QF_NIA_2_7//20170427-VeryMax/ITS/From_AProVE_2014__cousot_rec.jar-obl-8__p28349_terminationG_0.smt2 : 1199204 ms.
--------------------------------------------------
First to ismt, cur time 0 s.
Final to yices2, cur time 840 s.
../../QF_NIA_split/QF_NIA_2_7//20170427-VeryMax/ITS/From_AProVE_2014__cousot_rec.jar-obl-8__p28352_terminationG_0.smt2 : 1200045 ms.
--------------------------------------------------
First to ismt, cur time 0 s.
Final to yices2, cur time 840 s.
../../QF_NIA_split/QF_NIA_2_7//20170427-VeryMax/ITS/From_AProVE_2014__cousot_rec.jar-obl-8__p28353_terminationG_0.smt2 : 1200047 ms.
--------------------------------------------------
First to ismt, cur time 0 s.
Final to yices2, cur time 846 s.
../../QF_NIA_split/QF_NIA_2_7//20170427-VeryMax/ITS/From_AProVE_2014__cousot_rec.jar-obl-8__p28354_terminationG_0.smt2 : 1200058 ms.
--------------------------------------------------
First to ismt, cur time 0 s.
Final to yices2, cur time 840 s.
../../QF_NIA_split/QF_NIA_2_7//20170427-VeryMax/ITS/From_AProVE_2014__cousot_rec.jar-obl-8__p28357_terminationG_0.smt2 : 1214225 ms.
--------------------------------------------------
First to ismt, cur time 0 s.
Final to yices2, cur time 842 s.
../../QF_NIA_split/QF_NIA_2_7//20170427-VeryMax/ITS/From_AProVE_2014__cousot_rec.jar-obl-8__p28358_terminationG_0.smt2 : 1200037 ms.
--------------------------------------------------
First to ismt, cur time 0 s.
Final to yices2, cur time 841 s.
unknown
../../QF_NIA_split/QF_NIA_2_7//20170427-VeryMax/ITS/From_AProVE_2014__cousot_rec.jar-obl-8__p28359_terminationG_0.smt2 : 1199549 ms.
--------------------------------------------------
First to ismt, cur time 0 s.
Final to yices2, cur time 851 s.
../../QF_NIA_split/QF_NIA_2_7//20170427-VeryMax/ITS/From_AProVE_2014__cousot_rec.jar-obl-8__p28362_terminationG_0.smt2 : 1200058 ms.
--------------------------------------------------
First to ismt, cur time 0 s.
Final to yices2, cur time 840 s.
../../QF_NIA_split/QF_NIA_2_7//20170427-VeryMax/ITS/From_AProVE_2014__cousot_rec.jar-obl-8__p28363_terminationG_0.smt2 : 1200066 ms.
--------------------------------------------------
First to ismt, cur time 0 s.
Final to yices2, cur time 840 s.
../../QF_NIA_split/QF_NIA_2_7//20170427-VeryMax/ITS/From_AProVE_2014__cousot_rec.jar-obl-8__p28364_terminationG_0.smt2 : 1200040 ms.
--------------------------------------------------
First to ismt, cur time 0 s.
Final to yices2, cur time 840 s.
../../QF_NIA_split/QF_NIA_2_7//20170427-VeryMax/ITS/From_AProVE_2014__cousot_rec.jar-obl-8__p28367_terminationG_0.smt2 : 1200038 ms.
--------------------------------------------------
First to ismt, cur time 0 s.
Final to yices2, cur time 840 s.
../../QF_NIA_split/QF_NIA_2_7//20170427-VeryMax/ITS/From_AProVE_2014__cousot_rec.jar-obl-8__p28368_terminationG_0.smt2 : 1200051 ms.
--------------------------------------------------
First to ismt, cur time 0 s.
Final to yices2, cur time 841 s.
unknown
../../QF_NIA_split/QF_NIA_2_7//20170427-VeryMax/ITS/From_AProVE_2014__cousot_rec.jar-obl-8__p28369_terminationG_0.smt2 : 1199352 ms.
--------------------------------------------------
First to ismt, cur time 0 s.
Final to yices2, cur time 840 s.
../../QF_NIA_split/QF_NIA_2_7//20170427-VeryMax/ITS/From_AProVE_2014__cousot_rec.jar-obl-8__p28372_terminationG_0.smt2 : 1200036 ms.
--------------------------------------------------
First to ismt, cur time 0 s.
Final to yices2, cur time 840 s.
../../QF_NIA_split/QF_NIA_2_7//20170427-VeryMax/ITS/From_AProVE_2014__cousot_rec.jar-obl-8__p28373_terminationG_0.smt2 : 1200059 ms.
--------------------------------------------------
First to ismt, cur time 0 s.
Final to yices2, cur time 840 s.
../../QF_NIA_split/QF_NIA_2_7//20170427-VeryMax/ITS/From_AProVE_2014__cousot_rec.jar-obl-8__p28374_terminationG_0.smt2 : 1200044 ms.
--------------------------------------------------
First to ismt, cur time 0 s.
Final to yices2, cur time 841 s.
../../QF_NIA_split/QF_NIA_2_7//20170427-VeryMax/ITS/From_AProVE_2014__cousot_rec.jar-obl-8__p28377_terminationG_0.smt2 : 1201022 ms.
--------------------------------------------------
First to ismt, cur time 0 s.
Final to yices2, cur time 840 s.
../../QF_NIA_split/QF_NIA_2_7//20170427-VeryMax/ITS/From_AProVE_2014__cousot_rec.jar-obl-8__p28378_terminationG_0.smt2 : 1200053 ms.
--------------------------------------------------
First to ismt, cur time 0 s.
Final to yices2, cur time 840 s.
../../QF_NIA_split/QF_NIA_2_7//20170427-VeryMax/ITS/From_AProVE_2014__cousot_rec.jar-obl-8__p28379_terminationG_0.smt2 : 1200492 ms.
--------------------------------------------------
First to ismt, cur time 0 s.
Final to yices2, cur time 842 s.
../../QF_NIA_split/QF_NIA_2_7//20170427-VeryMax/ITS/From_AProVE_2014__cousot_rec.jar-obl-8__p28382_terminationG_0.smt2 : 1200149 ms.
--------------------------------------------------
First to ismt, cur time 0 s.
Final to yices2, cur time 840 s.
../../QF_NIA_split/QF_NIA_2_7//20170427-VeryMax/ITS/From_AProVE_2014__cousot_rec.jar-obl-8__p28383_terminationG_0.smt2 : 1200056 ms.
--------------------------------------------------
First to ismt, cur time 0 s.
Final to yices2, cur time 840 s.
../../QF_NIA_split/QF_NIA_2_7//20170427-VeryMax/ITS/From_AProVE_2014__cousot_rec.jar-obl-8__p28384_terminationG_0.smt2 : 1200083 ms.
--------------------------------------------------
First to ismt, cur time 0 s.
Final to yices2, cur time 840 s.
../../QF_NIA_split/QF_NIA_2_7//20170427-VeryMax/ITS/From_AProVE_2014__cousot_rec.jar-obl-8__p28387_terminationG_0.smt2 : 1200044 ms.
--------------------------------------------------
First to ismt, cur time 0 s.
Final to yices2, cur time 840 s.
../../QF_NIA_split/QF_NIA_2_7//20170427-VeryMax/ITS/From_AProVE_2014__cousot_rec.jar-obl-8__p28388_terminationG_0.smt2 : 1213983 ms.
--------------------------------------------------
First to ismt, cur time 0 s.
Final to yices2, cur time 841 s.
../../QF_NIA_split/QF_NIA_2_7//20170427-VeryMax/ITS/From_AProVE_2014__cousot_rec.jar-obl-8__p28389_terminationG_0.smt2 : 1200241 ms.
--------------------------------------------------
First to ismt, cur time 0 s.
ismt: sat (2 bits).
../../QF_NIA_split/QF_NIA_2_7//20170427-VeryMax/ITS/From_AProVE_2014__cousot_rec.jar-obl-8__p28393_edge_closing_0.smt2 : 38155 ms.
--------------------------------------------------
First to ismt, cur time 0 s.
ismt: sat (2 bits).
../../QF_NIA_split/QF_NIA_2_7//20170427-VeryMax/ITS/From_AProVE_2014__cousot_rec.jar-obl-8__p28395_edge_closing_0.smt2 : 8412 ms.
--------------------------------------------------
First to ismt, cur time 0 s.
ismt: sat (2 bits).
../../QF_NIA_split/QF_NIA_2_7//20170427-VeryMax/ITS/From_AProVE_2014__cousot_rec.jar-obl-8__terminationQ_25_0.smt2 : 186818 ms.
--------------------------------------------------
First to ismt, cur time 0 s.
Final to yices2, cur time 840 s.
../../QF_NIA_split/QF_NIA_2_7//20170427-VeryMax/ITS/From_AProVE_2014__cousot_rec.jar-obl-8__terminationS_0_0.smt2 : 1200039 ms.
--------------------------------------------------
First to ismt, cur time 0 s.
Final to yices2, cur time 840 s.
final yices2: unsat
../../QF_NIA_split/QF_NIA_2_7//20170427-VeryMax/ITS/From_AProVE_2014__cousot_rec.jar-obl-8__term_unfeasibility_1_0.smt2 : 840273 ms.
--------------------------------------------------
First to ismt, cur time 0 s.
ismt: sat (2 bits).
../../QF_NIA_split/QF_NIA_2_7//20170427-VeryMax/ITS/From_AProVE_2014__CyclicalListDuplicate.jar-obl-9__p28410_terminationG_0.smt2 : 3312 ms.
--------------------------------------------------
First to ismt, cur time 0 s.
Final to yices2, cur time 840 s.
final yices2: unsat
../../QF_NIA_split/QF_NIA_2_7//20170427-VeryMax/ITS/From_AProVE_2014__CyclicalListDuplicate.jar-obl-9__p28413_terminationG_0.smt2 : 841349 ms.
--------------------------------------------------
First to ismt, cur time 0 s.
Final to yices2, cur time 841 s.
../../QF_NIA_split/QF_NIA_2_7//20170427-VeryMax/ITS/From_AProVE_2014__CyclicalListDuplicate.jar-obl-9__p28414_terminationG_0.smt2 : 1200059 ms.
--------------------------------------------------
First to ismt, cur time 0 s.
Final to yices2, cur time 840 s.
../../QF_NIA_split/QF_NIA_2_7//20170427-VeryMax/ITS/From_AProVE_2014__CyclicalListDuplicate.jar-obl-9__p28415_terminationG_0.smt2 : 1200043 ms.
--------------------------------------------------
First to ismt, cur time 0 s.
ismt: sat (2 bits).
../../QF_NIA_split/QF_NIA_2_7//20170427-VeryMax/ITS/From_AProVE_2014__CyclicalListDuplicate.jar-obl-9__p28418_safety_0.smt2 : 3839 ms.
--------------------------------------------------
First to ismt, cur time 0 s.
ismt: sat (2 bits).
../../QF_NIA_split/QF_NIA_2_7//20170427-VeryMax/ITS/From_AProVE_2014__CyclicalListDuplicate.jar-obl-9__p28421_safety_0.smt2 : 7118 ms.
--------------------------------------------------
First to ismt, cur time 0 s.
Final to yices2, cur time 846 s.
../../QF_NIA_split/QF_NIA_2_7//20170427-VeryMax/ITS/From_AProVE_2014__CyclicalListDuplicate.jar-obl-9__p28423_safety_0.smt2 : 1200043 ms.
--------------------------------------------------
First to ismt, cur time 0 s.
Final to yices2, cur time 840 s.
../../QF_NIA_split/QF_NIA_2_7//20170427-VeryMax/ITS/From_AProVE_2014__CyclicalListDuplicate.jar-obl-9__p28424_safety_0.smt2 : 1200038 ms.
--------------------------------------------------
First to ismt, cur time 0 s.
Final to yices2, cur time 840 s.
final yices2: unsat
../../QF_NIA_split/QF_NIA_2_7//20170427-VeryMax/ITS/From_AProVE_2014__CyclicalListDuplicate.jar-obl-9__terminationQ_0_0.smt2 : 840384 ms.
--------------------------------------------------
First to ismt, cur time 0 s.
Final to yices2, cur time 840 s.
final yices2: unsat
../../QF_NIA_split/QF_NIA_2_7//20170427-VeryMax/ITS/From_AProVE_2014__Diff.jar-obl-8__term_unfeasibility_1_0.smt2 : 840626 ms.
--------------------------------------------------
First to ismt, cur time 0 s.
ismt: sat (2 bits).
../../QF_NIA_split/QF_NIA_2_7//20170427-VeryMax/ITS/From_AProVE_2014__Distances.jar-obl-19__p28453_terminationG_0.smt2 : 207880 ms.
--------------------------------------------------
First to ismt, cur time 0 s.
Final to yices2, cur time 841 s.
../../QF_NIA_split/QF_NIA_2_7//20170427-VeryMax/ITS/From_AProVE_2014__Distances.jar-obl-19__p28454_terminationG_0.smt2 : 1200040 ms.
--------------------------------------------------
First to ismt, cur time 0 s.
Final to yices2, cur time 841 s.
../../QF_NIA_split/QF_NIA_2_7//20170427-VeryMax/ITS/From_AProVE_2014__Distances.jar-obl-19__p28455_terminationG_0.smt2 : 1200035 ms.
--------------------------------------------------
First to ismt, cur time 0 s.
ismt: sat (2 bits).
../../QF_NIA_split/QF_NIA_2_7//20170427-VeryMax/ITS/From_AProVE_2014__Distances.jar-obl-19__p28458_terminationG_0.smt2 : 288446 ms.
--------------------------------------------------
First to ismt, cur time 0 s.
Final to yices2, cur time 841 s.
unknown
../../QF_NIA_split/QF_NIA_2_7//20170427-VeryMax/ITS/From_AProVE_2014__Distances.jar-obl-19__p28459_terminationG_0.smt2 : 1200027 ms.
--------------------------------------------------
First to ismt, cur time 0 s.
Final to yices2, cur time 841 s.
../../QF_NIA_split/QF_NIA_2_7//20170427-VeryMax/ITS/From_AProVE_2014__Distances.jar-obl-19__p28460_terminationG_0.smt2 : 1208571 ms.
--------------------------------------------------
First to ismt, cur time 0 s.
ismt: sat (2 bits).
../../QF_NIA_split/QF_NIA_2_7//20170427-VeryMax/ITS/From_AProVE_2014__Distances.jar-obl-19__terminationQ_0_0.smt2 : 42787 ms.
--------------------------------------------------
First to ismt, cur time 0 s.
ismt: sat (2 bits).
../../QF_NIA_split/QF_NIA_2_7//20170427-VeryMax/ITS/From_AProVE_2014__Distances.jar-obl-19__terminationQ_1_0.smt2 : 148747 ms.
--------------------------------------------------
First to ismt, cur time 0 s.
Final to yices2, cur time 842 s.
final yices2: unsat
../../QF_NIA_split/QF_NIA_2_7//20170427-VeryMax/ITS/From_AProVE_2014__Distances.jar-obl-19__terminationS_0_0.smt2 : 853078 ms.
--------------------------------------------------
First to ismt, cur time 0 s.
Final to yices2, cur time 871 s.
final yices2: unsat
../../QF_NIA_split/QF_NIA_2_7//20170427-VeryMax/ITS/From_AProVE_2014__Distances.jar-obl-19__terminationS_1_0.smt2 : 875849 ms.
--------------------------------------------------
First to ismt, cur time 0 s.
Final to yices2, cur time 843 s.
final yices2: unsat
../../QF_NIA_split/QF_NIA_2_7//20170427-VeryMax/ITS/From_AProVE_2014__Distances.jar-obl-19__terminationS_12_0.smt2 : 847204 ms.
--------------------------------------------------
First to ismt, cur time 0 s.
Final to yices2, cur time 843 s.
final yices2: unsat
../../QF_NIA_split/QF_NIA_2_7//20170427-VeryMax/ITS/From_AProVE_2014__Distances.jar-obl-19__terminationS_15_0.smt2 : 851436 ms.
--------------------------------------------------
First to ismt, cur time 0 s.
Final to yices2, cur time 844 s.
final yices2: unsat
../../QF_NIA_split/QF_NIA_2_7//20170427-VeryMax/ITS/From_AProVE_2014__Distances.jar-obl-19__terminationS_16_0.smt2 : 845694 ms.
--------------------------------------------------
First to ismt, cur time 0 s.
Final to yices2, cur time 843 s.
final yices2: unsat
../../QF_NIA_split/QF_NIA_2_7//20170427-VeryMax/ITS/From_AProVE_2014__Distances.jar-obl-19__terminationS_18_0.smt2 : 853467 ms.
--------------------------------------------------
First to ismt, cur time 0 s.
Final to yices2, cur time 842 s.
final yices2: unsat
../../QF_NIA_split/QF_NIA_2_7//20170427-VeryMax/ITS/From_AProVE_2014__Distances.jar-obl-19__terminationS_19_0.smt2 : 844121 ms.
--------------------------------------------------
First to ismt, cur time 0 s.
Final to yices2, cur time 841 s.
final yices2: unsat
../../QF_NIA_split/QF_NIA_2_7//20170427-VeryMax/ITS/From_AProVE_2014__Distances.jar-obl-19__terminationS_2_0.smt2 : 849832 ms.
--------------------------------------------------
First to ismt, cur time 0 s.
Final to yices2, cur time 842 s.
final yices2: unsat
../../QF_NIA_split/QF_NIA_2_7//20170427-VeryMax/ITS/From_AProVE_2014__Distances.jar-obl-19__terminationS_22_0.smt2 : 847163 ms.
--------------------------------------------------
First to ismt, cur time 0 s.
Final to yices2, cur time 842 s.
final yices2: unsat
../../QF_NIA_split/QF_NIA_2_7//20170427-VeryMax/ITS/From_AProVE_2014__Distances.jar-obl-19__terminationS_23_0.smt2 : 844717 ms.
--------------------------------------------------
First to ismt, cur time 0 s.
Final to yices2, cur time 852 s.
final yices2: unsat
../../QF_NIA_split/QF_NIA_2_7//20170427-VeryMax/ITS/From_AProVE_2014__Distances.jar-obl-19__terminationS_3_0.smt2 : 855027 ms.
--------------------------------------------------
First to ismt, cur time 0 s.
Final to yices2, cur time 845 s.
final yices2: unsat
../../QF_NIA_split/QF_NIA_2_7//20170427-VeryMax/ITS/From_AProVE_2014__Distances.jar-obl-19__terminationS_4_0.smt2 : 847827 ms.
--------------------------------------------------
First to ismt, cur time 0 s.
Final to yices2, cur time 841 s.
final yices2: unsat
../../QF_NIA_split/QF_NIA_2_7//20170427-VeryMax/ITS/From_AProVE_2014__Distances.jar-obl-19__terminationS_5_0.smt2 : 843957 ms.
--------------------------------------------------
First to ismt, cur time 0 s.
Final to yices2, cur time 841 s.
final yices2: unsat
../../QF_NIA_split/QF_NIA_2_7//20170427-VeryMax/ITS/From_AProVE_2014__Distances.jar-obl-19__terminationS_6_0.smt2 : 881922 ms.
--------------------------------------------------
First to ismt, cur time 0 s.
Final to yices2, cur time 844 s.
final yices2: unsat
../../QF_NIA_split/QF_NIA_2_7//20170427-VeryMax/ITS/From_AProVE_2014__Distances.jar-obl-19__terminationS_7_0.smt2 : 846354 ms.
--------------------------------------------------
First to ismt, cur time 0 s.
Final to yices2, cur time 841 s.
final yices2: unsat
../../QF_NIA_split/QF_NIA_2_7//20170427-VeryMax/ITS/From_AProVE_2014__Distances.jar-obl-19__terminationS_8_0.smt2 : 843626 ms.
--------------------------------------------------
First to ismt, cur time 0 s.
Final to yices2, cur time 840 s.
final yices2: unsat
../../QF_NIA_split/QF_NIA_2_7//20170427-VeryMax/ITS/From_AProVE_2014__Distances.jar-obl-19__term_unfeasibility_0_0.smt2 : 854858 ms.
--------------------------------------------------
First to ismt, cur time 0 s.
ismt: sat (2 bits).
../../QF_NIA_split/QF_NIA_2_7//20170427-VeryMax/ITS/From_AProVE_2014__DivMinus.jar-obl-11__p28474_terminationG_0.smt2 : 2872 ms.
--------------------------------------------------
First to ismt, cur time 0 s.
ismt: sat (2 bits).
../../QF_NIA_split/QF_NIA_2_7//20170427-VeryMax/ITS/From_AProVE_2014__DivMinus.jar-obl-11__p28475_terminationG_0.smt2 : 6399 ms.
--------------------------------------------------
First to ismt, cur time 0 s.
ismt: sat (2 bits).
../../QF_NIA_split/QF_NIA_2_7//20170427-VeryMax/ITS/From_AProVE_2014__DivMinus.jar-obl-11__p28476_terminationG_0.smt2 : 45549 ms.
--------------------------------------------------
First to ismt, cur time 0 s.
ismt: sat (2 bits).
../../QF_NIA_split/QF_NIA_2_7//20170427-VeryMax/ITS/From_AProVE_2014__DivMinus.jar-obl-11__p28483_terminationG_0.smt2 : 3928 ms.
--------------------------------------------------
First to ismt, cur time 0 s.
ismt: sat (2 bits).
../../QF_NIA_split/QF_NIA_2_7//20170427-VeryMax/ITS/From_AProVE_2014__DivMinus.jar-obl-11__p28484_terminationG_0.smt2 : 4378 ms.
--------------------------------------------------
First to ismt, cur time 0 s.
ismt: sat (2 bits).
../../QF_NIA_split/QF_NIA_2_7//20170427-VeryMax/ITS/From_AProVE_2014__DivMinus.jar-obl-11__p28485_terminationG_0.smt2 : 61120 ms.
--------------------------------------------------
First to ismt, cur time 0 s.
ismt: sat (2 bits).
../../QF_NIA_split/QF_NIA_2_7//20170427-VeryMax/ITS/From_AProVE_2014__DivMinus.jar-obl-11__p28492_terminationG_0.smt2 : 6628 ms.
--------------------------------------------------
First to ismt, cur time 0 s.
ismt: sat (2 bits).
../../QF_NIA_split/QF_NIA_2_7//20170427-VeryMax/ITS/From_AProVE_2014__DivMinus.jar-obl-11__p28493_terminationG_0.smt2 : 34507 ms.
--------------------------------------------------
First to ismt, cur time 0 s.
ismt: sat (2 bits).
../../QF_NIA_split/QF_NIA_2_7//20170427-VeryMax/ITS/From_AProVE_2014__DivMinus.jar-obl-11__p28494_terminationG_0.smt2 : 62647 ms.
--------------------------------------------------
First to ismt, cur time 0 s.
ismt: sat (2 bits).
../../QF_NIA_split/QF_NIA_2_7//20170427-VeryMax/ITS/From_AProVE_2014__DivMinus.jar-obl-11__p28501_terminationG_0.smt2 : 6822 ms.
--------------------------------------------------
First to ismt, cur time 0 s.
ismt: sat (2 bits).
../../QF_NIA_split/QF_NIA_2_7//20170427-VeryMax/ITS/From_AProVE_2014__DivMinus.jar-obl-11__p28502_terminationG_0.smt2 : 37890 ms.
--------------------------------------------------
First to ismt, cur time 0 s.
ismt: sat (2 bits).
../../QF_NIA_split/QF_NIA_2_7//20170427-VeryMax/ITS/From_AProVE_2014__DivMinus.jar-obl-11__p28503_terminationG_0.smt2 : 49142 ms.
--------------------------------------------------
First to ismt, cur time 0 s.
ismt: sat (2 bits).
../../QF_NIA_split/QF_NIA_2_7//20170427-VeryMax/ITS/From_AProVE_2014__DivMinus.jar-obl-11__p28510_terminationG_0.smt2 : 5628 ms.
--------------------------------------------------
First to ismt, cur time 0 s.
ismt: sat (2 bits).
../../QF_NIA_split/QF_NIA_2_7//20170427-VeryMax/ITS/From_AProVE_2014__DivMinus.jar-obl-11__p28511_terminationG_0.smt2 : 8957 ms.
--------------------------------------------------
First to ismt, cur time 0 s.
ismt: sat (2 bits).
../../QF_NIA_split/QF_NIA_2_7//20170427-VeryMax/ITS/From_AProVE_2014__DivMinus.jar-obl-11__p28512_terminationG_0.smt2 : 90834 ms.
--------------------------------------------------
First to ismt, cur time 0 s.
ismt: sat (2 bits).
../../QF_NIA_split/QF_NIA_2_7//20170427-VeryMax/ITS/From_AProVE_2014__DivMinus.jar-obl-11__p28519_terminationG_0.smt2 : 20032 ms.
--------------------------------------------------
First to ismt, cur time 0 s.
ismt: sat (2 bits).
../../QF_NIA_split/QF_NIA_2_7//20170427-VeryMax/ITS/From_AProVE_2014__DivMinus.jar-obl-11__p28520_terminationG_0.smt2 : 7447 ms.
--------------------------------------------------
First to ismt, cur time 0 s.
ismt: sat (2 bits).
../../QF_NIA_split/QF_NIA_2_7//20170427-VeryMax/ITS/From_AProVE_2014__DivMinus.jar-obl-11__p28521_terminationG_0.smt2 : 45213 ms.
--------------------------------------------------
First to ismt, cur time 0 s.
ismt: sat (4 bits).
../../QF_NIA_split/QF_NIA_2_7//20170427-VeryMax/ITS/From_AProVE_2014__DivMinus.jar-obl-11__p28528_terminationG_0.smt2 : 49246 ms.
--------------------------------------------------
First to ismt, cur time 0 s.
ismt: sat (4 bits).
../../QF_NIA_split/QF_NIA_2_7//20170427-VeryMax/ITS/From_AProVE_2014__DivMinus.jar-obl-11__p28529_terminationG_0.smt2 : 63090 ms.
--------------------------------------------------
First to ismt, cur time 0 s.
ismt: sat (4 bits).
../../QF_NIA_split/QF_NIA_2_7//20170427-VeryMax/ITS/From_AProVE_2014__DivMinus.jar-obl-11__p28530_terminationG_0.smt2 : 486013 ms.
--------------------------------------------------
First to ismt, cur time 0 s.
ismt: sat (4 bits).
../../QF_NIA_split/QF_NIA_2_7//20170427-VeryMax/ITS/From_AProVE_2014__DivMinus.jar-obl-11__p28537_terminationG_0.smt2 : 40424 ms.
--------------------------------------------------
First to ismt, cur time 0 s.
ismt: sat (4 bits).
../../QF_NIA_split/QF_NIA_2_7//20170427-VeryMax/ITS/From_AProVE_2014__DivMinus.jar-obl-11__p28538_terminationG_0.smt2 : 199837 ms.
--------------------------------------------------
First to ismt, cur time 0 s.
ismt: sat (4 bits).
../../QF_NIA_split/QF_NIA_2_7//20170427-VeryMax/ITS/From_AProVE_2014__DivMinus.jar-obl-11__p28539_terminationG_0.smt2 : 612368 ms.
--------------------------------------------------
First to ismt, cur time 0 s.
Final to yices2, cur time 847 s.
../../QF_NIA_split/QF_NIA_2_7//20170427-VeryMax/ITS/From_AProVE_2014__DivMinus.jar-obl-11__p28546_terminationG_0.smt2 : 1200029 ms.
--------------------------------------------------
First to ismt, cur time 0 s.
Final to yices2, cur time 840 s.
../../QF_NIA_split/QF_NIA_2_7//20170427-VeryMax/ITS/From_AProVE_2014__DivMinus.jar-obl-11__p28547_terminationG_0.smt2 : 1200038 ms.
--------------------------------------------------
First to ismt, cur time 0 s.
Final to yices2, cur time 840 s.
../../QF_NIA_split/QF_NIA_2_7//20170427-VeryMax/ITS/From_AProVE_2014__DivMinus.jar-obl-11__p28548_terminationG_0.smt2 : 1200069 ms.
--------------------------------------------------
First to ismt, cur time 0 s.
ismt: sat (4 bits).
../../QF_NIA_split/QF_NIA_2_7//20170427-VeryMax/ITS/From_AProVE_2014__DivMinus.jar-obl-11__p28550_edge_closing_0.smt2 : 256425 ms.
--------------------------------------------------
First to ismt, cur time 0 s.
