--------------------------------------------------
sat
../New_SAT_split/QF_NIA_2_47/20170427-VeryMax/ITS/From_T2__ex36.t2_fixed__p22589_safety_0.smt2 : 1593 ms.
--------------------------------------------------
sat
../New_SAT_split/QF_NIA_2_47/20170427-VeryMax/ITS/From_T2__ex36.t2_fixed__p22598_safety_0.smt2 : 1367 ms.
--------------------------------------------------
sat
../New_SAT_split/QF_NIA_2_47/20170427-VeryMax/ITS/From_T2__ex36.t2_fixed__p22599_safety_0.smt2 : 20553 ms.
--------------------------------------------------
sat
../New_SAT_split/QF_NIA_2_47/20170427-VeryMax/ITS/From_T2__ex36.t2_fixed__p22604_safety_0.smt2 : 1621 ms.
--------------------------------------------------
sat
../New_SAT_split/QF_NIA_2_47/20170427-VeryMax/ITS/From_T2__ex36.t2_fixed__p22605_safety_0.smt2 : 2720 ms.
--------------------------------------------------
sat
../New_SAT_split/QF_NIA_2_47/20170427-VeryMax/ITS/From_T2__ex36.t2_fixed__p22607_safety_0.smt2 : 548 ms.
--------------------------------------------------
sat
../New_SAT_split/QF_NIA_2_47/20170427-VeryMax/ITS/From_T2__ex36.t2_fixed__p22608_safety_0.smt2 : 661 ms.
--------------------------------------------------
sat
../New_SAT_split/QF_NIA_2_47/20170427-VeryMax/ITS/From_T2__ex36.t2_fixed__p22611_safety_0.smt2 : 4620 ms.
--------------------------------------------------
sat
../New_SAT_split/QF_NIA_2_47/20170427-VeryMax/ITS/From_T2__ex36.t2_fixed__p22625_safety_0.smt2 : 622 ms.
--------------------------------------------------
sat
../New_SAT_split/QF_NIA_2_47/20170427-VeryMax/ITS/From_T2__ex36.t2_fixed__p22632_safety_0.smt2 : 688 ms.
--------------------------------------------------
sat
../New_SAT_split/QF_NIA_2_47/20170427-VeryMax/ITS/From_T2__ex36.t2_fixed__p22633_safety_0.smt2 : 15004 ms.
--------------------------------------------------
sat
../New_SAT_split/QF_NIA_2_47/20170427-VeryMax/ITS/From_T2__ex36.t2_fixed__p22649_safety_0.smt2 : 67923 ms.
--------------------------------------------------
sat
../New_SAT_split/QF_NIA_2_47/20170427-VeryMax/ITS/From_T2__ex36.t2_fixed__p22658_safety_0.smt2 : 845 ms.
--------------------------------------------------
sat
../New_SAT_split/QF_NIA_2_47/20170427-VeryMax/ITS/From_T2__ex36.t2_fixed__p22659_safety_0.smt2 : 36661 ms.
--------------------------------------------------
sat
../New_SAT_split/QF_NIA_2_47/20170427-VeryMax/ITS/From_T2__ex36.t2_fixed__p22696_safety_0.smt2 : 29537 ms.
--------------------------------------------------
sat
../New_SAT_split/QF_NIA_2_47/20170427-VeryMax/ITS/From_T2__ex36.t2_fixed__p22714_safety_0.smt2 : 1136 ms.
--------------------------------------------------
sat
../New_SAT_split/QF_NIA_2_47/20170427-VeryMax/ITS/From_T2__ex36.t2_fixed__p22715_safety_0.smt2 : 29283 ms.
--------------------------------------------------
sat
../New_SAT_split/QF_NIA_2_47/20170427-VeryMax/ITS/From_T2__ex36.t2_fixed__p22718_safety_0.smt2 : 2004 ms.
--------------------------------------------------
sat
../New_SAT_split/QF_NIA_2_47/20170427-VeryMax/ITS/From_T2__ex36.t2_fixed__p22719_safety_0.smt2 : 28223 ms.
--------------------------------------------------
sat
../New_SAT_split/QF_NIA_2_47/20170427-VeryMax/ITS/From_T2__ex36.t2_fixed__p22776_safety_0.smt2 : 974 ms.
--------------------------------------------------
sat
../New_SAT_split/QF_NIA_2_47/20170427-VeryMax/ITS/From_T2__ex36.t2_fixed__p22777_safety_0.smt2 : 10591 ms.
--------------------------------------------------
sat
../New_SAT_split/QF_NIA_2_47/20170427-VeryMax/ITS/From_T2__ex36.t2_fixed__p22816_safety_0.smt2 : 226 ms.
--------------------------------------------------
sat
../New_SAT_split/QF_NIA_2_47/20170427-VeryMax/ITS/From_T2__ex36.t2_fixed__p22817_safety_0.smt2 : 7034 ms.
--------------------------------------------------
sat
../New_SAT_split/QF_NIA_2_47/20170427-VeryMax/ITS/From_T2__ex36.t2_fixed__p22825_safety_0.smt2 : 47847 ms.
--------------------------------------------------
sat
../New_SAT_split/QF_NIA_2_47/20170427-VeryMax/ITS/From_T2__ex36.t2_fixed__p22827_safety_0.smt2 : 1293 ms.
--------------------------------------------------
sat
../New_SAT_split/QF_NIA_2_47/20170427-VeryMax/ITS/From_T2__ex36.t2_fixed__p22846_safety_0.smt2 : 358 ms.
--------------------------------------------------
sat
../New_SAT_split/QF_NIA_2_47/20170427-VeryMax/ITS/From_T2__ex36.t2_fixed__p22847_safety_0.smt2 : 2429 ms.
--------------------------------------------------
sat
../New_SAT_split/QF_NIA_2_47/20170427-VeryMax/ITS/From_T2__ex36.t2_fixed__p22848_safety_0.smt2 : 1027 ms.
--------------------------------------------------
sat
../New_SAT_split/QF_NIA_2_47/20170427-VeryMax/ITS/From_T2__ex36.t2_fixed__p22849_safety_0.smt2 : 16764 ms.
--------------------------------------------------
sat
../New_SAT_split/QF_NIA_2_47/20170427-VeryMax/ITS/From_T2__ex36.t2_fixed__p22876_safety_0.smt2 : 4331 ms.
--------------------------------------------------
sat
../New_SAT_split/QF_NIA_2_47/20170427-VeryMax/ITS/From_T2__ex36.t2_fixed__p22940_safety_0.smt2 : 2228 ms.
--------------------------------------------------
sat
../New_SAT_split/QF_NIA_2_47/20170427-VeryMax/ITS/From_T2__ex36.t2_fixed__p22941_safety_0.smt2 : 3239 ms.
--------------------------------------------------
sat
../New_SAT_split/QF_NIA_2_47/20170427-VeryMax/ITS/From_T2__ex36.t2_fixed__p22960_safety_0.smt2 : 314 ms.
--------------------------------------------------
sat
../New_SAT_split/QF_NIA_2_47/20170427-VeryMax/ITS/From_T2__ex36.t2_fixed__p22961_safety_0.smt2 : 1702 ms.
--------------------------------------------------
sat
../New_SAT_split/QF_NIA_2_47/20170427-VeryMax/ITS/From_T2__ex36.t2_fixed__p22963_safety_0.smt2 : 2929 ms.
--------------------------------------------------
sat
../New_SAT_split/QF_NIA_2_47/20170427-VeryMax/ITS/From_T2__ex36.t2_fixed__p23058_safety_0.smt2 : 2164 ms.
--------------------------------------------------
sat
../New_SAT_split/QF_NIA_2_47/20170427-VeryMax/ITS/From_T2__ex36.t2_fixed__p23070_safety_0.smt2 : 1034 ms.
--------------------------------------------------
sat
../New_SAT_split/QF_NIA_2_47/20170427-VeryMax/ITS/From_T2__ex36.t2_fixed__p23071_safety_0.smt2 : 3365 ms.
--------------------------------------------------
sat
../New_SAT_split/QF_NIA_2_47/20170427-VeryMax/ITS/From_T2__ex36.t2_fixed__p23075_safety_0.smt2 : 2146 ms.
--------------------------------------------------
sat
../New_SAT_split/QF_NIA_2_47/20170427-VeryMax/ITS/From_T2__ex36.t2_fixed__p23079_safety_0.smt2 : 3570 ms.
--------------------------------------------------
sat
../New_SAT_split/QF_NIA_2_47/20170427-VeryMax/ITS/From_T2__ex36.t2_fixed__p23123_safety_0.smt2 : 46073 ms.
--------------------------------------------------
sat
../New_SAT_split/QF_NIA_2_47/20170427-VeryMax/ITS/From_T2__ex36.t2_fixed__p23159_safety_0.smt2 : 33225 ms.
--------------------------------------------------
sat
../New_SAT_split/QF_NIA_2_47/20170427-VeryMax/ITS/From_T2__ex36.t2_fixed__p23162_safety_0.smt2 : 851 ms.
--------------------------------------------------
sat
../New_SAT_split/QF_NIA_2_47/20170427-VeryMax/ITS/From_T2__ex36.t2_fixed__p23163_safety_0.smt2 : 130246 ms.
--------------------------------------------------
sat
../New_SAT_split/QF_NIA_2_47/20170427-VeryMax/ITS/From_T2__ex36.t2_fixed__p23171_safety_0.smt2 : 2482 ms.
--------------------------------------------------
sat
../New_SAT_split/QF_NIA_2_47/20170427-VeryMax/ITS/From_T2__ex36.t2_fixed__p23187_safety_0.smt2 : 64536 ms.
--------------------------------------------------
sat
../New_SAT_split/QF_NIA_2_47/20170427-VeryMax/ITS/From_T2__ex36.t2_fixed__p23206_safety_0.smt2 : 937 ms.
--------------------------------------------------
sat
../New_SAT_split/QF_NIA_2_47/20170427-VeryMax/ITS/From_T2__ex36.t2_fixed__p23207_safety_0.smt2 : 28974 ms.
--------------------------------------------------
sat
../New_SAT_split/QF_NIA_2_47/20170427-VeryMax/ITS/From_T2__ex36.t2_fixed__p23213_safety_0.smt2 : 43087 ms.
--------------------------------------------------
sat
../New_SAT_split/QF_NIA_2_47/20170427-VeryMax/ITS/From_T2__ex36.t2_fixed__p23228_safety_0.smt2 : 3444 ms.
--------------------------------------------------
sat
../New_SAT_split/QF_NIA_2_47/20170427-VeryMax/ITS/From_T2__ex36.t2_fixed__p23230_safety_0.smt2 : 4285 ms.
--------------------------------------------------
sat
../New_SAT_split/QF_NIA_2_47/20170427-VeryMax/ITS/From_T2__ex36.t2_fixed__p23231_safety_0.smt2 : 130494 ms.
--------------------------------------------------
sat
../New_SAT_split/QF_NIA_2_47/20170427-VeryMax/ITS/From_T2__ex36.t2_fixed__p23235_safety_0.smt2 : 18997 ms.
--------------------------------------------------
sat
../New_SAT_split/QF_NIA_2_47/20170427-VeryMax/ITS/From_T2__ex36.t2_fixed__p23238_safety_0.smt2 : 13441 ms.
--------------------------------------------------
sat
../New_SAT_split/QF_NIA_2_47/20170427-VeryMax/ITS/From_T2__ex36.t2_fixed__p23239_safety_0.smt2 : 81821 ms.
--------------------------------------------------
sat
../New_SAT_split/QF_NIA_2_47/20170427-VeryMax/ITS/From_T2__ex36.t2_fixed__p23260_safety_0.smt2 : 8105 ms.
--------------------------------------------------
sat
../New_SAT_split/QF_NIA_2_47/20170427-VeryMax/ITS/From_T2__ex36.t2_fixed__p23261_safety_0.smt2 : 134778 ms.
--------------------------------------------------
sat
../New_SAT_split/QF_NIA_2_47/20170427-VeryMax/ITS/From_T2__ex36.t2_fixed__p23292_safety_0.smt2 : 6436 ms.
--------------------------------------------------
sat
../New_SAT_split/QF_NIA_2_47/20170427-VeryMax/ITS/From_T2__ex36.t2_fixed__p23293_safety_0.smt2 : 19633 ms.
--------------------------------------------------
sat
../New_SAT_split/QF_NIA_2_47/20170427-VeryMax/ITS/From_T2__ex36.t2_fixed__p23294_safety_0.smt2 : 1370 ms.
--------------------------------------------------
sat
../New_SAT_split/QF_NIA_2_47/20170427-VeryMax/ITS/From_T2__ex36.t2_fixed__p23295_safety_0.smt2 : 10463 ms.
--------------------------------------------------
sat
../New_SAT_split/QF_NIA_2_47/20170427-VeryMax/ITS/From_T2__ex36.t2_fixed__p23300_safety_0.smt2 : 5667 ms.
--------------------------------------------------
sat
../New_SAT_split/QF_NIA_2_47/20170427-VeryMax/ITS/From_T2__ex36.t2_fixed__p23301_safety_0.smt2 : 123376 ms.
--------------------------------------------------
sat
../New_SAT_split/QF_NIA_2_47/20170427-VeryMax/ITS/From_T2__ex36.t2_fixed__p23302_safety_0.smt2 : 7281 ms.
--------------------------------------------------
sat
../New_SAT_split/QF_NIA_2_47/20170427-VeryMax/ITS/From_T2__ex36.t2_fixed__p23303_safety_0.smt2 : 17334 ms.
--------------------------------------------------
sat
../New_SAT_split/QF_NIA_2_47/20170427-VeryMax/ITS/From_T2__ex36.t2_fixed__p23304_safety_0.smt2 : 531 ms.
--------------------------------------------------
sat
../New_SAT_split/QF_NIA_2_47/20170427-VeryMax/ITS/From_T2__ex36.t2_fixed__p23305_safety_0.smt2 : 490 ms.
--------------------------------------------------
sat
../New_SAT_split/QF_NIA_2_47/20170427-VeryMax/ITS/From_T2__ex36.t2_fixed__p23313_safety_0.smt2 : 4622 ms.
--------------------------------------------------
sat
../New_SAT_split/QF_NIA_2_47/20170427-VeryMax/ITS/From_T2__ex36.t2_fixed__p23329_safety_0.smt2 : 1742 ms.
--------------------------------------------------
sat
../New_SAT_split/QF_NIA_2_47/20170427-VeryMax/ITS/From_T2__ex36.t2_fixed__p23396_safety_0.smt2 : 1502 ms.
--------------------------------------------------
sat
../New_SAT_split/QF_NIA_2_47/20170427-VeryMax/ITS/From_T2__ex36.t2_fixed__p23397_safety_0.smt2 : 4513 ms.
--------------------------------------------------
sat
../New_SAT_split/QF_NIA_2_47/20170427-VeryMax/ITS/From_T2__ex36.t2_fixed__p23460_safety_0.smt2 : 1952 ms.
--------------------------------------------------
sat
../New_SAT_split/QF_NIA_2_47/20170427-VeryMax/ITS/From_T2__ex36.t2_fixed__p23482_safety_0.smt2 : 6896 ms.
--------------------------------------------------
sat
../New_SAT_split/QF_NIA_2_47/20170427-VeryMax/ITS/From_T2__ex36.t2_fixed__p23504_safety_0.smt2 : 4241 ms.
--------------------------------------------------
sat
../New_SAT_split/QF_NIA_2_47/20170427-VeryMax/ITS/From_T2__ex36.t2_fixed__p23505_safety_0.smt2 : 53414 ms.
--------------------------------------------------
sat
../New_SAT_split/QF_NIA_2_47/20170427-VeryMax/ITS/From_T2__ex36.t2_fixed__p23521_safety_0.smt2 : 9446 ms.
--------------------------------------------------
sat
../New_SAT_split/QF_NIA_2_47/20170427-VeryMax/ITS/From_T2__ex36.t2_fixed__p23522_safety_0.smt2 : 8827 ms.
--------------------------------------------------
sat
../New_SAT_split/QF_NIA_2_47/20170427-VeryMax/ITS/From_T2__ex36.t2_fixed__p23523_safety_0.smt2 : 2564 ms.
--------------------------------------------------
sat
../New_SAT_split/QF_NIA_2_47/20170427-VeryMax/ITS/From_T2__ex36.t2_fixed__p23524_safety_0.smt2 : 33507 ms.
--------------------------------------------------
sat
../New_SAT_split/QF_NIA_2_47/20170427-VeryMax/ITS/From_T2__ex36.t2_fixed__p23530_safety_0.smt2 : 2095 ms.
--------------------------------------------------
sat
../New_SAT_split/QF_NIA_2_47/20170427-VeryMax/ITS/From_T2__ex36.t2_fixed__p23560_safety_0.smt2 : 10009 ms.
--------------------------------------------------
sat
../New_SAT_split/QF_NIA_2_47/20170427-VeryMax/ITS/From_T2__ex36.t2_fixed__p23563_safety_0.smt2 : 852 ms.
--------------------------------------------------
sat
../New_SAT_split/QF_NIA_2_47/20170427-VeryMax/ITS/From_T2__ex36.t2_fixed__p23564_safety_0.smt2 : 23018 ms.
--------------------------------------------------
sat
../New_SAT_split/QF_NIA_2_47/20170427-VeryMax/ITS/From_T2__ex36.t2_fixed__p23573_safety_0.smt2 : 998 ms.
--------------------------------------------------
sat
../New_SAT_split/QF_NIA_2_47/20170427-VeryMax/ITS/From_T2__ex36.t2_fixed__p23574_safety_0.smt2 : 2468 ms.
--------------------------------------------------
sat
../New_SAT_split/QF_NIA_2_47/20170427-VeryMax/ITS/From_T2__ex36.t2_fixed__p23575_safety_0.smt2 : 1545 ms.
--------------------------------------------------
sat
../New_SAT_split/QF_NIA_2_47/20170427-VeryMax/ITS/From_T2__ex36.t2_fixed__p23576_safety_0.smt2 : 3465 ms.
--------------------------------------------------
sat
../New_SAT_split/QF_NIA_2_47/20170427-VeryMax/ITS/From_T2__ex36.t2_fixed__p23578_safety_0.smt2 : 61188 ms.
--------------------------------------------------
sat
../New_SAT_split/QF_NIA_2_47/20170427-VeryMax/ITS/From_T2__ex36.t2_fixed__p23587_safety_0.smt2 : 20819 ms.
--------------------------------------------------
sat
../New_SAT_split/QF_NIA_2_47/20170427-VeryMax/ITS/From_T2__ex36.t2_fixed__p23591_safety_0.smt2 : 92733 ms.
--------------------------------------------------
sat
../New_SAT_split/QF_NIA_2_47/20170427-VeryMax/ITS/From_T2__ex36.t2_fixed__p23592_safety_0.smt2 : 57088 ms.
--------------------------------------------------
sat
../New_SAT_split/QF_NIA_2_47/20170427-VeryMax/ITS/From_T2__ex36.t2_fixed__p23608_safety_0.smt2 : 234560 ms.
--------------------------------------------------
sat
../New_SAT_split/QF_NIA_2_47/20170427-VeryMax/ITS/From_T2__ex36.t2_fixed__p23611_safety_0.smt2 : 3167 ms.
--------------------------------------------------
sat
../New_SAT_split/QF_NIA_2_47/20170427-VeryMax/ITS/From_T2__ex36.t2_fixed__p23612_safety_0.smt2 : 2704 ms.
--------------------------------------------------
sat
../New_SAT_split/QF_NIA_2_47/20170427-VeryMax/ITS/From_T2__ex36.t2_fixed__p23627_safety_0.smt2 : 5774 ms.
--------------------------------------------------
sat
../New_SAT_split/QF_NIA_2_47/20170427-VeryMax/ITS/From_T2__ex36.t2_fixed__p23628_safety_0.smt2 : 9550 ms.
--------------------------------------------------
sat
../New_SAT_split/QF_NIA_2_47/20170427-VeryMax/ITS/From_T2__ex36.t2_fixed__p23634_safety_0.smt2 : 45146 ms.
--------------------------------------------------
sat
../New_SAT_split/QF_NIA_2_47/20170427-VeryMax/ITS/From_T2__ex36.t2_fixed__p23641_safety_0.smt2 : 1292 ms.
--------------------------------------------------
sat
../New_SAT_split/QF_NIA_2_47/20170427-VeryMax/ITS/From_T2__ex36.t2_fixed__p23642_safety_0.smt2 : 24541 ms.
--------------------------------------------------
sat
../New_SAT_split/QF_NIA_2_47/20170427-VeryMax/ITS/From_T2__ex36.t2_fixed__p23647_safety_0.smt2 : 3436 ms.
--------------------------------------------------
sat
../New_SAT_split/QF_NIA_2_47/20170427-VeryMax/ITS/From_T2__ex36.t2_fixed__p23648_safety_0.smt2 : 6291 ms.
--------------------------------------------------
sat
../New_SAT_split/QF_NIA_2_47/20170427-VeryMax/ITS/From_T2__ex36.t2_fixed__p23670_safety_0.smt2 : 3942 ms.
--------------------------------------------------
sat
../New_SAT_split/QF_NIA_2_47/20170427-VeryMax/ITS/From_T2__ex36.t2_fixed__p23678_safety_0.smt2 : 77535 ms.
--------------------------------------------------
sat
../New_SAT_split/QF_NIA_2_47/20170427-VeryMax/ITS/From_T2__ex36.t2_fixed__p23679_safety_0.smt2 : 21586 ms.
--------------------------------------------------
sat
../New_SAT_split/QF_NIA_2_47/20170427-VeryMax/ITS/From_T2__ex36.t2_fixed__p23683_safety_0.smt2 : 110561 ms.
--------------------------------------------------
sat
../New_SAT_split/QF_NIA_2_47/20170427-VeryMax/ITS/From_T2__ex36.t2_fixed__p23684_safety_0.smt2 : 8642 ms.
--------------------------------------------------
sat
../New_SAT_split/QF_NIA_2_47/20170427-VeryMax/ITS/From_T2__ex36.t2_fixed__p23685_safety_0.smt2 : 12922 ms.
--------------------------------------------------
sat
../New_SAT_split/QF_NIA_2_47/20170427-VeryMax/ITS/From_T2__ex36.t2_fixed__p23700_safety_0.smt2 : 4972 ms.
--------------------------------------------------
sat
../New_SAT_split/QF_NIA_2_47/20170427-VeryMax/ITS/From_T2__ex36.t2_fixed__p23701_safety_0.smt2 : 159258 ms.
--------------------------------------------------
sat
../New_SAT_split/QF_NIA_2_47/20170427-VeryMax/ITS/From_T2__ex36.t2_fixed__p23746_safety_0.smt2 : 776 ms.
--------------------------------------------------
sat
../New_SAT_split/QF_NIA_2_47/20170427-VeryMax/ITS/From_T2__ex36.t2_fixed__p23747_safety_0.smt2 : 7579 ms.
--------------------------------------------------
sat
../New_SAT_split/QF_NIA_2_47/20170427-VeryMax/ITS/From_T2__ex36.t2_fixed__p23789_safety_0.smt2 : 3501 ms.
--------------------------------------------------
sat
../New_SAT_split/QF_NIA_2_47/20170427-VeryMax/ITS/From_T2__ex36.t2_fixed__p23817_safety_0.smt2 : 3711 ms.
--------------------------------------------------
sat
../New_SAT_split/QF_NIA_2_47/20170427-VeryMax/ITS/From_T2__ex36.t2_fixed__p23822_safety_0.smt2 : 9329 ms.
--------------------------------------------------
sat
../New_SAT_split/QF_NIA_2_47/20170427-VeryMax/ITS/From_T2__ex36.t2_fixed__p23823_safety_0.smt2 : 38226 ms.
--------------------------------------------------
sat
../New_SAT_split/QF_NIA_2_47/20170427-VeryMax/ITS/From_T2__ex36.t2_fixed__p23854_safety_0.smt2 : 691 ms.
--------------------------------------------------
sat
../New_SAT_split/QF_NIA_2_47/20170427-VeryMax/ITS/From_T2__ex36.t2_fixed__p23855_safety_0.smt2 : 4009 ms.
--------------------------------------------------
sat
../New_SAT_split/QF_NIA_2_47/20170427-VeryMax/ITS/From_T2__ex36.t2_fixed__p23874_safety_0.smt2 : 1306 ms.
--------------------------------------------------
sat
../New_SAT_split/QF_NIA_2_47/20170427-VeryMax/ITS/From_T2__ex36.t2_fixed__p23875_safety_0.smt2 : 26489 ms.
--------------------------------------------------
sat
../New_SAT_split/QF_NIA_2_47/20170427-VeryMax/ITS/From_T2__ex36.t2_fixed__p23881_safety_0.smt2 : 58238 ms.
--------------------------------------------------
sat
../New_SAT_split/QF_NIA_2_47/20170427-VeryMax/ITS/From_T2__ex36.t2_fixed__p23886_safety_0.smt2 : 7800 ms.
--------------------------------------------------
sat
../New_SAT_split/QF_NIA_2_47/20170427-VeryMax/ITS/From_T2__ex36.t2_fixed__p23887_safety_0.smt2 : 65760 ms.
--------------------------------------------------
sat
../New_SAT_split/QF_NIA_2_47/20170427-VeryMax/ITS/From_T2__ex36.t2_fixed__p23896_safety_0.smt2 : 1673 ms.
--------------------------------------------------
sat
../New_SAT_split/QF_NIA_2_47/20170427-VeryMax/ITS/From_T2__ex36.t2_fixed__p23897_safety_0.smt2 : 12974 ms.
--------------------------------------------------
sat
../New_SAT_split/QF_NIA_2_47/20170427-VeryMax/ITS/From_T2__ex36.t2_fixed__p23910_safety_0.smt2 : 3716 ms.
--------------------------------------------------
sat
../New_SAT_split/QF_NIA_2_47/20170427-VeryMax/ITS/From_T2__ex36.t2_fixed__p23911_safety_0.smt2 : 57381 ms.
--------------------------------------------------
sat
../New_SAT_split/QF_NIA_2_47/20170427-VeryMax/ITS/From_T2__ex36.t2_fixed__p23912_safety_0.smt2 : 8456 ms.
--------------------------------------------------
sat
../New_SAT_split/QF_NIA_2_47/20170427-VeryMax/ITS/From_T2__ex36.t2_fixed__p23913_safety_0.smt2 : 8012 ms.
--------------------------------------------------
sat
../New_SAT_split/QF_NIA_2_47/20170427-VeryMax/ITS/From_T2__ex36.t2_fixed__p24099_safety_0.smt2 : 479 ms.
--------------------------------------------------
sat
../New_SAT_split/QF_NIA_2_47/20170427-VeryMax/ITS/From_T2__ex36.t2_fixed__p24107_safety_0.smt2 : 539 ms.
--------------------------------------------------
sat
../New_SAT_split/QF_NIA_2_47/20170427-VeryMax/ITS/From_T2__ex36.t2_fixed__p24130_safety_0.smt2 : 876 ms.
--------------------------------------------------
sat
../New_SAT_split/QF_NIA_2_47/20170427-VeryMax/ITS/From_T2__ex36.t2_fixed__p24131_safety_0.smt2 : 8182 ms.
--------------------------------------------------
sat
../New_SAT_split/QF_NIA_2_47/20170427-VeryMax/ITS/From_T2__ex36.t2_fixed__p24136_safety_0.smt2 : 536 ms.
--------------------------------------------------
sat
../New_SAT_split/QF_NIA_2_47/20170427-VeryMax/ITS/From_T2__ex36.t2_fixed__p24143_safety_0.smt2 : 725 ms.
--------------------------------------------------
sat
../New_SAT_split/QF_NIA_2_47/20170427-VeryMax/ITS/From_T2__ex36.t2_fixed__p24144_safety_0.smt2 : 4975 ms.
--------------------------------------------------
sat
../New_SAT_split/QF_NIA_2_47/20170427-VeryMax/ITS/From_T2__ex36.t2_fixed__p24152_safety_0.smt2 : 437 ms.
--------------------------------------------------
sat
../New_SAT_split/QF_NIA_2_47/20170427-VeryMax/ITS/From_T2__ex36.t2_fixed__p24153_safety_0.smt2 : 6781 ms.
--------------------------------------------------
sat
../New_SAT_split/QF_NIA_2_47/20170427-VeryMax/ITS/From_T2__ex36.t2_fixed__p24177_safety_0.smt2 : 19080 ms.
--------------------------------------------------
sat
../New_SAT_split/QF_NIA_2_47/20170427-VeryMax/ITS/From_T2__ex36.t2_fixed__p24178_safety_0.smt2 : 359 ms.
--------------------------------------------------
sat
../New_SAT_split/QF_NIA_2_47/20170427-VeryMax/ITS/From_T2__ex36.t2_fixed__p24259_safety_0.smt2 : 25790 ms.
--------------------------------------------------
sat
../New_SAT_split/QF_NIA_2_47/20170427-VeryMax/ITS/From_T2__ex36.t2_fixed__p24313_safety_0.smt2 : 650 ms.
--------------------------------------------------
sat
../New_SAT_split/QF_NIA_2_47/20170427-VeryMax/ITS/From_T2__ex36.t2_fixed__p24315_safety_0.smt2 : 2194 ms.
--------------------------------------------------
sat
../New_SAT_split/QF_NIA_2_47/20170427-VeryMax/ITS/From_T2__ex36.t2_fixed__p24316_safety_0.smt2 : 598 ms.
--------------------------------------------------
sat
../New_SAT_split/QF_NIA_2_47/20170427-VeryMax/ITS/From_T2__ex36.t2_fixed__p24317_safety_0.smt2 : 28159 ms.
--------------------------------------------------
sat
../New_SAT_split/QF_NIA_2_47/20170427-VeryMax/ITS/From_T2__ex36.t2_fixed__p24373_safety_0.smt2 : 101122 ms.
--------------------------------------------------
sat
../New_SAT_split/QF_NIA_2_47/20170427-VeryMax/ITS/From_T2__ex36.t2_fixed__p24453_safety_0.smt2 : 11006 ms.
--------------------------------------------------
sat
../New_SAT_split/QF_NIA_2_47/20170427-VeryMax/ITS/From_T2__ex36.t2_fixed__p24462_safety_0.smt2 : 629 ms.
--------------------------------------------------
sat
../New_SAT_split/QF_NIA_2_47/20170427-VeryMax/ITS/From_T2__ex36.t2_fixed__p24463_safety_0.smt2 : 4886 ms.
--------------------------------------------------
sat
../New_SAT_split/QF_NIA_2_47/20170427-VeryMax/ITS/From_T2__ex36.t2_fixed__p24468_safety_0.smt2 : 10983 ms.
--------------------------------------------------
sat
../New_SAT_split/QF_NIA_2_47/20170427-VeryMax/ITS/From_T2__ex36.t2_fixed__p24469_safety_0.smt2 : 4780 ms.
--------------------------------------------------
sat
../New_SAT_split/QF_NIA_2_47/20170427-VeryMax/ITS/From_T2__ex36.t2_fixed__p24544_safety_0.smt2 : 949 ms.
--------------------------------------------------
sat
../New_SAT_split/QF_NIA_2_47/20170427-VeryMax/ITS/From_T2__ex36.t2_fixed__p24545_safety_0.smt2 : 32465 ms.
--------------------------------------------------
sat
../New_SAT_split/QF_NIA_2_47/20170427-VeryMax/ITS/From_T2__ex36.t2_fixed__p24550_safety_0.smt2 : 1135 ms.
--------------------------------------------------
sat
../New_SAT_split/QF_NIA_2_47/20170427-VeryMax/ITS/From_T2__ex36.t2_fixed__p24552_safety_0.smt2 : 7049 ms.
--------------------------------------------------
sat
../New_SAT_split/QF_NIA_2_47/20170427-VeryMax/ITS/From_T2__ex36.t2_fixed__p24553_safety_0.smt2 : 645 ms.
--------------------------------------------------
sat
../New_SAT_split/QF_NIA_2_47/20170427-VeryMax/ITS/From_T2__ex36.t2_fixed__p24554_safety_0.smt2 : 18111 ms.
--------------------------------------------------
sat
../New_SAT_split/QF_NIA_2_47/20170427-VeryMax/ITS/From_T2__ex36.t2_fixed__p24562_safety_0.smt2 : 3768 ms.
--------------------------------------------------
sat
../New_SAT_split/QF_NIA_2_47/20170427-VeryMax/ITS/From_T2__ex36.t2_fixed__p24563_safety_0.smt2 : 26296 ms.
--------------------------------------------------
sat
../New_SAT_split/QF_NIA_2_47/20170427-VeryMax/ITS/From_T2__ex36.t2_fixed__p24577_safety_0.smt2 : 22236 ms.
--------------------------------------------------
sat
../New_SAT_split/QF_NIA_2_47/20170427-VeryMax/ITS/From_T2__ex36.t2_fixed__p24595_safety_0.smt2 : 6700 ms.
--------------------------------------------------
sat
../New_SAT_split/QF_NIA_2_47/20170427-VeryMax/ITS/From_T2__ex36.t2_fixed__p24611_safety_0.smt2 : 75830 ms.
--------------------------------------------------
sat
../New_SAT_split/QF_NIA_2_47/20170427-VeryMax/ITS/From_T2__ex36.t2_fixed__p24615_safety_0.smt2 : 10844 ms.
--------------------------------------------------
sat
../New_SAT_split/QF_NIA_2_47/20170427-VeryMax/ITS/From_T2__ex36.t2_fixed__p24618_safety_0.smt2 : 1297 ms.
--------------------------------------------------
sat
../New_SAT_split/QF_NIA_2_47/20170427-VeryMax/ITS/From_T2__ex36.t2_fixed__p24619_safety_0.smt2 : 3866 ms.
--------------------------------------------------
sat
../New_SAT_split/QF_NIA_2_47/20170427-VeryMax/ITS/From_T2__ex36.t2_fixed__p24622_safety_0.smt2 : 1625 ms.
--------------------------------------------------
sat
../New_SAT_split/QF_NIA_2_47/20170427-VeryMax/ITS/From_T2__ex36.t2_fixed__p24623_safety_0.smt2 : 70617 ms.
--------------------------------------------------
sat
../New_SAT_split/QF_NIA_2_47/20170427-VeryMax/ITS/From_T2__ex40.t2__p32201_edge_closing_0.smt2 : 729 ms.
--------------------------------------------------
sat
../New_SAT_split/QF_NIA_2_47/20170427-VeryMax/ITS/From_T2__fast_poll.t2_fixed__term_unfeasibility_0_0.smt2 : 9219 ms.
--------------------------------------------------
sat
../New_SAT_split/QF_NIA_2_47/20170427-VeryMax/ITS/From_T2__fast_poll.t2__term_unfeasibility_0_0.smt2 : 3517 ms.
--------------------------------------------------
sat
../New_SAT_split/QF_NIA_2_47/20170427-VeryMax/ITS/From_T2__fast_poll.t2__term_unfeasibility_1_0.smt2 : 2447 ms.
--------------------------------------------------
sat
../New_SAT_split/QF_NIA_2_47/20170427-VeryMax/ITS/From_T2__firewire.t2__p32282_terminationG_0.smt2 : 75603 ms.
--------------------------------------------------
timeout
../New_SAT_split/QF_NIA_2_47/20170427-VeryMax/ITS/From_T2__firewire.t2__p32283_terminationG_0.smt2 : 2400083 ms.
--------------------------------------------------
timeout
../New_SAT_split/QF_NIA_2_47/20170427-VeryMax/ITS/From_T2__firewire.t2__p32284_terminationG_0.smt2 : 2400096 ms.
--------------------------------------------------
timeout
../New_SAT_split/QF_NIA_2_47/20170427-VeryMax/ITS/From_T2__firewire.t2__p32301_edge_closing_0.smt2 : 2400086 ms.
--------------------------------------------------
timeout
../New_SAT_split/QF_NIA_2_47/20170427-VeryMax/ITS/From_T2__firewire.t2__p32302_edge_closing_0.smt2 : 2400132 ms.
--------------------------------------------------
timeout
../New_SAT_split/QF_NIA_2_47/20170427-VeryMax/ITS/From_T2__firewire.t2__p32303_edge_closing_0.smt2 : 2400095 ms.
--------------------------------------------------
sat
../New_SAT_split/QF_NIA_2_47/20170427-VeryMax/ITS/From_T2__firewire.t2__terminationQ_0_0.smt2 : 5531 ms.
--------------------------------------------------
sat
../New_SAT_split/QF_NIA_2_47/20170427-VeryMax/ITS/From_T2__firewire.t2__terminationQ_1_0.smt2 : 21662 ms.
--------------------------------------------------
sat
../New_SAT_split/QF_NIA_2_47/20170427-VeryMax/ITS/From_T2__florian_new_ex.t2__p32352_terminationG_0.smt2 : 1660 ms.
--------------------------------------------------
sat
../New_SAT_split/QF_NIA_2_47/20170427-VeryMax/ITS/From_T2__florian_new_ex.t2__p32353_terminationG_0.smt2 : 7704 ms.
--------------------------------------------------
sat
../New_SAT_split/QF_NIA_2_47/20170427-VeryMax/ITS/From_T2__florian_sas2.t2__p32369_terminationG_0.smt2 : 772180 ms.
--------------------------------------------------
timeout
../New_SAT_split/QF_NIA_2_47/20170427-VeryMax/ITS/From_T2__florian_sas2.t2__p32370_terminationG_0.smt2 : 2400064 ms.
--------------------------------------------------
sat
../New_SAT_split/QF_NIA_2_47/20170427-VeryMax/ITS/From_T2__florian_sas2.t2__p32373_terminationG_0.smt2 : 2988 ms.
--------------------------------------------------
timeout
../New_SAT_split/QF_NIA_2_47/20170427-VeryMax/ITS/From_T2__florian_sas2.t2__p32374_terminationG_0.smt2 : 2400100 ms.
--------------------------------------------------
timeout
../New_SAT_split/QF_NIA_2_47/20170427-VeryMax/ITS/From_T2__florian_sas2.t2__p32375_terminationG_0.smt2 : 2400116 ms.
--------------------------------------------------
sat
../New_SAT_split/QF_NIA_2_47/20170427-VeryMax/ITS/From_T2__florian_sas2.t2__p32378_terminationG_0.smt2 : 3007 ms.
--------------------------------------------------
timeout
../New_SAT_split/QF_NIA_2_47/20170427-VeryMax/ITS/From_T2__florian_sas2.t2__p32379_terminationG_0.smt2 : 2400110 ms.
--------------------------------------------------
timeout
../New_SAT_split/QF_NIA_2_47/20170427-VeryMax/ITS/From_T2__florian_sas2.t2__p32380_terminationG_0.smt2 : 2400113 ms.
--------------------------------------------------
sat
../New_SAT_split/QF_NIA_2_47/20170427-VeryMax/ITS/From_T2__florian_sas2.t2__p32383_terminationG_0.smt2 : 84227 ms.
--------------------------------------------------
timeout
../New_SAT_split/QF_NIA_2_47/20170427-VeryMax/ITS/From_T2__florian_sas2.t2__p32384_terminationG_0.smt2 : 2400096 ms.
--------------------------------------------------
timeout
../New_SAT_split/QF_NIA_2_47/20170427-VeryMax/ITS/From_T2__florian_sas2.t2__p32385_terminationG_0.smt2 : 2400105 ms.
--------------------------------------------------
sat
../New_SAT_split/QF_NIA_2_47/20170427-VeryMax/ITS/From_T2__florian_sas2.t2__p32388_terminationG_0.smt2 : 18077 ms.
--------------------------------------------------
timeout
../New_SAT_split/QF_NIA_2_47/20170427-VeryMax/ITS/From_T2__florian_sas2.t2__p32389_terminationG_0.smt2 : 2400103 ms.
--------------------------------------------------
timeout
../New_SAT_split/QF_NIA_2_47/20170427-VeryMax/ITS/From_T2__florian_sas2.t2__p32390_terminationG_0.smt2 : 2400107 ms.
--------------------------------------------------
sat
../New_SAT_split/QF_NIA_2_47/20170427-VeryMax/ITS/From_T2__florian_sas2.t2__p32392_terminationG_0.smt2 : 3447 ms.
--------------------------------------------------
timeout
../New_SAT_split/QF_NIA_2_47/20170427-VeryMax/ITS/From_T2__florian_sas2.t2__p32394_terminationG_0.smt2 : 2400102 ms.
--------------------------------------------------
timeout
../New_SAT_split/QF_NIA_2_47/20170427-VeryMax/ITS/From_T2__florian_sas2.t2__p32395_terminationG_0.smt2 : 2400094 ms.
--------------------------------------------------
sat
../New_SAT_split/QF_NIA_2_47/20170427-VeryMax/ITS/From_T2__florian_sas2.t2__p32398_terminationG_0.smt2 : 105610 ms.
--------------------------------------------------
timeout
../New_SAT_split/QF_NIA_2_47/20170427-VeryMax/ITS/From_T2__florian_sas2.t2__p32399_terminationG_0.smt2 : 2400099 ms.
--------------------------------------------------
timeout
../New_SAT_split/QF_NIA_2_47/20170427-VeryMax/ITS/From_T2__florian_sas2.t2__p32400_terminationG_0.smt2 : 2400094 ms.
--------------------------------------------------
sat
../New_SAT_split/QF_NIA_2_47/20170427-VeryMax/ITS/From_T2__florian_sas2.t2__p32403_terminationG_0.smt2 : 5447 ms.
--------------------------------------------------
sat
../New_SAT_split/QF_NIA_2_47/20170427-VeryMax/ITS/From_T2__florian_sas2.t2__p32404_terminationG_0.smt2 : 63162 ms.
--------------------------------------------------
timeout
../New_SAT_split/QF_NIA_2_47/20170427-VeryMax/ITS/From_T2__florian_sas2.t2__p32405_terminationG_0.smt2 : 2400103 ms.
--------------------------------------------------
sat
../New_SAT_split/QF_NIA_2_47/20170427-VeryMax/ITS/From_T2__florian_sas2.t2__p32408_terminationG_0.smt2 : 12426 ms.
--------------------------------------------------
sat
../New_SAT_split/QF_NIA_2_47/20170427-VeryMax/ITS/From_T2__florian_sas2.t2__p32409_terminationG_0.smt2 : 58224 ms.
--------------------------------------------------
timeout
../New_SAT_split/QF_NIA_2_47/20170427-VeryMax/ITS/From_T2__florian_sas2.t2__p32410_terminationG_0.smt2 : 2400115 ms.
--------------------------------------------------
sat
../New_SAT_split/QF_NIA_2_47/20170427-VeryMax/ITS/From_T2__florian_sas2.t2__terminationQ_2_0.smt2 : 3043 ms.
--------------------------------------------------
sat
../New_SAT_split/QF_NIA_2_47/20170427-VeryMax/ITS/From_T2__florian_sas2.t2__terminationQ_3_0.smt2 : 18404 ms.
--------------------------------------------------
sat
../New_SAT_split/QF_NIA_2_47/20170427-VeryMax/ITS/From_T2__florian_sas2.t2__terminationQ_4_0.smt2 : 9803 ms.
--------------------------------------------------
sat
../New_SAT_split/QF_NIA_2_47/20170427-VeryMax/ITS/From_T2__florian_sas2.t2__terminationQ_5_0.smt2 : 15255 ms.
--------------------------------------------------
sat
../New_SAT_split/QF_NIA_2_47/20170427-VeryMax/ITS/From_T2__florian_sas2.t2__terminationQ_6_0.smt2 : 13863 ms.
--------------------------------------------------
sat
../New_SAT_split/QF_NIA_2_47/20170427-VeryMax/ITS/From_T2__florian_sas2.t2__term_unfeasibility_0_0.smt2 : 3026 ms.
--------------------------------------------------
sat
../New_SAT_split/QF_NIA_2_47/20170427-VeryMax/ITS/From_T2__florian_sas2.t2__term_unfeasibility_1_0.smt2 : 2985 ms.
--------------------------------------------------
sat
../New_SAT_split/QF_NIA_2_47/20170427-VeryMax/ITS/From_T2__florian_sumit.t2__p32417_terminationG_0.smt2 : 1108 ms.
--------------------------------------------------
sat
../New_SAT_split/QF_NIA_2_47/20170427-VeryMax/ITS/From_T2__florian_sumit.t2__p32418_terminationG_0.smt2 : 4535 ms.
--------------------------------------------------
sat
../New_SAT_split/QF_NIA_2_47/20170427-VeryMax/ITS/From_T2__florian_sumit.t2__p32419_terminationG_0.smt2 : 19481 ms.
--------------------------------------------------
sat
../New_SAT_split/QF_NIA_2_47/20170427-VeryMax/ITS/From_T2__florian_sumit.t2__p32423_terminationG_0.smt2 : 29648 ms.
--------------------------------------------------
sat
../New_SAT_split/QF_NIA_2_47/20170427-VeryMax/ITS/From_T2__florian_sumit.t2__p32424_terminationG_0.smt2 : 27882 ms.
--------------------------------------------------
sat
../New_SAT_split/QF_NIA_2_47/20170427-VeryMax/ITS/From_T2__florian_sumit.t2__p32428_terminationG_0.smt2 : 4774 ms.
--------------------------------------------------
sat
../New_SAT_split/QF_NIA_2_47/20170427-VeryMax/ITS/From_T2__florian_sumit.t2__p32429_terminationG_0.smt2 : 18939 ms.
--------------------------------------------------
sat
../New_SAT_split/QF_NIA_2_47/20170427-VeryMax/ITS/From_T2__florian_sumit.t2__p32433_terminationG_0.smt2 : 12501 ms.
--------------------------------------------------
sat
../New_SAT_split/QF_NIA_2_47/20170427-VeryMax/ITS/From_T2__florian_sumit.t2__p32434_terminationG_0.smt2 : 811117 ms.
--------------------------------------------------
sat
../New_SAT_split/QF_NIA_2_47/20170427-VeryMax/ITS/From_T2__florian_sumit.t2__p32441_edge_closing_0.smt2 : 1305 ms.
--------------------------------------------------
sat
../New_SAT_split/QF_NIA_2_47/20170427-VeryMax/ITS/From_T2__florian_sumit.t2__p32442_edge_closing_0.smt2 : 5687 ms.
--------------------------------------------------
sat
../New_SAT_split/QF_NIA_2_47/20170427-VeryMax/ITS/From_T2__florian_sumit.t2__p32443_edge_closing_0.smt2 : 5949 ms.
--------------------------------------------------
sat
../New_SAT_split/QF_NIA_2_47/20170427-VeryMax/ITS/From_T2__florian_sumit.t2__p32446_edge_closing_0.smt2 : 4793 ms.
--------------------------------------------------
sat
../New_SAT_split/QF_NIA_2_47/20170427-VeryMax/ITS/From_T2__florian_sumit.t2__p32447_edge_closing_0.smt2 : 14414 ms.
--------------------------------------------------
sat
../New_SAT_split/QF_NIA_2_47/20170427-VeryMax/ITS/From_T2__florian_sumit.t2__p32449_edge_closing_0.smt2 : 14293 ms.
--------------------------------------------------
sat
../New_SAT_split/QF_NIA_2_47/20170427-VeryMax/ITS/From_T2__florian_sumit.t2__p32450_edge_closing_0.smt2 : 23819 ms.
--------------------------------------------------
sat
../New_SAT_split/QF_NIA_2_47/20170427-VeryMax/ITS/From_T2__florian_sumit.t2__p32452_edge_closing_0.smt2 : 85237 ms.
--------------------------------------------------
sat
../New_SAT_split/QF_NIA_2_47/20170427-VeryMax/ITS/From_T2__florian_sumit.t2__p32453_edge_closing_0.smt2 : 44651 ms.
--------------------------------------------------
sat
../New_SAT_split/QF_NIA_2_47/20170427-VeryMax/ITS/From_T2__foo.t2__p32572_terminationG_0.smt2 : 1689539 ms.
--------------------------------------------------
timeout
../New_SAT_split/QF_NIA_2_47/20170427-VeryMax/ITS/From_T2__foo.t2__p32573_terminationG_0.smt2 : 2400054 ms.
--------------------------------------------------
sat
../New_SAT_split/QF_NIA_2_47/20170427-VeryMax/ITS/From_T2__foo.t2__terminationS_21_0.smt2 : 1646587 ms.
--------------------------------------------------
sat
../New_SAT_split/QF_NIA_2_47/20170427-VeryMax/ITS/From_T2__foo.t2__terminationS_23_0.smt2 : 1682051 ms.
--------------------------------------------------
sat
../New_SAT_split/QF_NIA_2_47/20170427-VeryMax/ITS/From_T2__foo.t2__terminationS_25_0.smt2 : 1964933 ms.
--------------------------------------------------
sat
../New_SAT_split/QF_NIA_2_47/20170427-VeryMax/ITS/From_T2__foo.t2__terminationS_27_0.smt2 : 154525 ms.
--------------------------------------------------
sat
../New_SAT_split/QF_NIA_2_47/20170427-VeryMax/ITS/From_T2__fourn.c.i.fourn.pl.t2.fixed.t2__p32585_terminationG_0.smt2 : 12299 ms.
--------------------------------------------------
timeout
../New_SAT_split/QF_NIA_2_47/20170427-VeryMax/ITS/From_T2__fourn.c.i.fourn.pl.t2.fixed.t2__p32586_terminationG_0.smt2 : 2400129 ms.
--------------------------------------------------
timeout
../New_SAT_split/QF_NIA_2_47/20170427-VeryMax/ITS/From_T2__fourn.c.i.fourn.pl.t2.fixed.t2__p32587_terminationG_0.smt2 : 2400127 ms.
