--------------------------------------------------
Number of variables: 158957
Number of clauses: 812565
sat
real sat
../New_SAT_split/QF_NIA_2_34/20170427-VeryMax/ITS/From_AProVE_2014__juHashMapCreateContainsKey.jar-obl-11__p31250_safety_0.smt2 : 41469 ms.
--------------------------------------------------
Number of variables: 71995
Number of clauses: 380855
unsat in 4 bits.
Number of variables: 157561
Number of clauses: 865391
unsat in 10 bits.
Number of variables: 322385
Number of clauses: 1832767
unsat in 18 bits.
Number of variables: 826197
Number of clauses: 4870606
sat
real sat
../New_SAT_split/QF_NIA_2_34/20170427-VeryMax/ITS/From_AProVE_2014__juHashMapCreateContainsKey.jar-obl-11__p31253_safety_0.smt2 : 639379 ms.
--------------------------------------------------
Number of variables: 175315
Number of clauses: 921777
unsat in 4 bits.
Number of variables: 409393
Number of clauses: 2257215
unsat in 10 bits.
Number of variables: 880089
Number of clauses: 5042215
unsat in 18 bits.
Number of variables: 2365719
Number of clauses: 14059469
../New_SAT_split/QF_NIA_2_34/20170427-VeryMax/ITS/From_AProVE_2014__juHashMapCreateContainsKey.jar-obl-11__p31254_safety_0.smt2 : 2401142 ms.
--------------------------------------------------
Number of variables: 323277
Number of clauses: 1694655
unsat in 4 bits.
Number of variables: 777807
Number of clauses: 4292517
unsat in 10 bits.
Number of variables: 1707415
Number of clauses: 9805597
unsat in 18 bits.
Number of variables: 4676903
Number of clauses: 27864458
../New_SAT_split/QF_NIA_2_34/20170427-VeryMax/ITS/From_AProVE_2014__juHashMapCreateContainsKey.jar-obl-11__p31255_safety_0.smt2 : 2401292 ms.
--------------------------------------------------
Number of variables: 159701
Number of clauses: 814472
sat
real sat
../New_SAT_split/QF_NIA_2_34/20170427-VeryMax/ITS/From_AProVE_2014__juHashMapCreateContainsKey.jar-obl-11__p31260_safety_0.smt2 : 18311 ms.
--------------------------------------------------
Number of variables: 84455
Number of clauses: 426999
sat
real sat
../New_SAT_split/QF_NIA_2_34/20170427-VeryMax/ITS/From_AProVE_2014__juHashMapCreateContainsKey.jar-obl-11__p31264_safety_0.smt2 : 8065 ms.
--------------------------------------------------
Number of variables: 154937
Number of clauses: 788437
sat
real sat
../New_SAT_split/QF_NIA_2_34/20170427-VeryMax/ITS/From_AProVE_2014__juHashMapCreateContainsKey.jar-obl-11__p31265_safety_0.smt2 : 4840 ms.
--------------------------------------------------
Number of variables: 35677
Number of clauses: 179203
sat
real sat
../New_SAT_split/QF_NIA_2_34/20170427-VeryMax/ITS/From_AProVE_2014__juHashMapCreateContainsKey.jar-obl-11__p31268_safety_0.smt2 : 917 ms.
--------------------------------------------------
Number of variables: 86271
Number of clauses: 438029
sat
real sat
../New_SAT_split/QF_NIA_2_34/20170427-VeryMax/ITS/From_AProVE_2014__juHashMapCreateContainsKey.jar-obl-11__p31269_safety_0.smt2 : 8210 ms.
--------------------------------------------------
Number of variables: 157525
Number of clauses: 804243
sat
real sat
../New_SAT_split/QF_NIA_2_34/20170427-VeryMax/ITS/From_AProVE_2014__juHashMapCreateContainsKey.jar-obl-11__p31270_safety_0.smt2 : 42402 ms.
--------------------------------------------------
Number of variables: 86319
Number of clauses: 438307
sat
real sat
../New_SAT_split/QF_NIA_2_34/20170427-VeryMax/ITS/From_AProVE_2014__juHashMapCreateContainsKey.jar-obl-11__p31274_safety_0.smt2 : 17816 ms.
--------------------------------------------------
Number of variables: 157597
Number of clauses: 804660
sat
real sat
../New_SAT_split/QF_NIA_2_34/20170427-VeryMax/ITS/From_AProVE_2014__juHashMapCreateContainsKey.jar-obl-11__p31275_safety_0.smt2 : 37904 ms.
--------------------------------------------------
Number of variables: 72150
Number of clauses: 381768
unsat in 4 bits.
Number of variables: 157818
Number of clauses: 866874
unsat in 10 bits.
Number of variables: 322778
Number of clauses: 1835010
unsat in 18 bits.
Number of variables: 826862
Number of clauses: 4874369
sat
real sat
../New_SAT_split/QF_NIA_2_34/20170427-VeryMax/ITS/From_AProVE_2014__juHashMapCreateContainsKey.jar-obl-11__p31278_safety_0.smt2 : 797037 ms.
--------------------------------------------------
Number of variables: 175579
Number of clauses: 923385
unsat in 4 bits.
Number of variables: 409825
Number of clauses: 2259777
unsat in 10 bits.
Number of variables: 880745
Number of clauses: 5046049
unsat in 18 bits.
Number of variables: 2366823
Number of clauses: 14065847
../New_SAT_split/QF_NIA_2_34/20170427-VeryMax/ITS/From_AProVE_2014__juHashMapCreateContainsKey.jar-obl-11__p31279_safety_0.smt2 : 2401170 ms.
--------------------------------------------------
Number of variables: 323650
Number of clauses: 1696958
unsat in 4 bits.
Number of variables: 778414
Number of clauses: 4296158
unsat in 10 bits.
Number of variables: 1708334
Number of clauses: 9811022
unsat in 18 bits.
Number of variables: 4678446
Number of clauses: 27873451
../New_SAT_split/QF_NIA_2_34/20170427-VeryMax/ITS/From_AProVE_2014__juHashMapCreateContainsKey.jar-obl-11__p31280_safety_0.smt2 : 2401387 ms.
--------------------------------------------------
Number of variables: 91982
Number of clauses: 470569
unsat in 4 bits.
Number of variables: 211720
Number of clauses: 1151991
unsat in 10 bits.
Number of variables: 452288
Number of clauses: 2573503
unsat in 18 bits.
Number of variables: 1210226
Number of clauses: 7169637
sat
real sat
../New_SAT_split/QF_NIA_2_34/20170427-VeryMax/ITS/From_AProVE_2014__juHashMapCreateContainsKey.jar-obl-11__p31284_safety_0.smt2 : 142652 ms.
--------------------------------------------------
Number of variables: 165933
Number of clauses: 854066
unsat in 4 bits.
Number of variables: 389109
Number of clauses: 2129858
unsat in 10 bits.
Number of variables: 842325
Number of clauses: 4817394
unsat in 18 bits.
Number of variables: 2281497
Number of clauses: 13566791
sat
real sat
../New_SAT_split/QF_NIA_2_34/20170427-VeryMax/ITS/From_AProVE_2014__juHashMapCreateContainsKey.jar-obl-11__p31285_safety_0.smt2 : 1671771 ms.
--------------------------------------------------
Number of variables: 93304
Number of clauses: 475197
unsat in 4 bits.
Number of variables: 207394
Number of clauses: 1125863
unsat in 10 bits.
Number of variables: 434330
Number of clauses: 2467439
unsat in 18 bits.
Number of variables: 1144230
Number of clauses: 6772221
sat
real sat
../New_SAT_split/QF_NIA_2_34/20170427-VeryMax/ITS/From_AProVE_2014__juHashMapCreateContainsKey.jar-obl-11__p31289_safety_0.smt2 : 794883 ms.
--------------------------------------------------
Number of variables: 168263
Number of clauses: 862380
unsat in 4 bits.
Number of variables: 383165
Number of clauses: 2092890
unsat in 10 bits.
Number of variables: 816197
Number of clauses: 4661658
unsat in 18 bits.
Number of variables: 2183859
Number of clauses: 12976375
../New_SAT_split/QF_NIA_2_34/20170427-VeryMax/ITS/From_AProVE_2014__juHashMapCreateContainsKey.jar-obl-11__p31290_safety_0.smt2 : 2401172 ms.
--------------------------------------------------
Number of variables: 93336
Number of clauses: 475537
unsat in 4 bits.
Number of variables: 207450
Number of clauses: 1126503
unsat in 10 bits.
Number of variables: 434418
Number of clauses: 2468479
unsat in 18 bits.
Number of variables: 1144382
Number of clauses: 6774061
../New_SAT_split/QF_NIA_2_34/20170427-VeryMax/ITS/From_AProVE_2014__juHashMapCreateContainsKey.jar-obl-11__p31294_safety_0.smt2 : 2401087 ms.
--------------------------------------------------
Number of variables: 168325
Number of clauses: 862936
unsat in 4 bits.
Number of variables: 383275
Number of clauses: 2093938
unsat in 10 bits.
Number of variables: 816371
Number of clauses: 4663362
unsat in 18 bits.
Number of variables: 2184161
Number of clauses: 12979391
../New_SAT_split/QF_NIA_2_34/20170427-VeryMax/ITS/From_AProVE_2014__juHashMapCreateContainsKey.jar-obl-11__p31295_safety_0.smt2 : 2401245 ms.
--------------------------------------------------
Number of variables: 208526
Number of clauses: 1074752
sat
real sat
../New_SAT_split/QF_NIA_2_34/20170427-VeryMax/ITS/From_AProVE_2014__juHashMapCreateContainsKey.jar-obl-11__p31302_safety_0.smt2 : 49214 ms.
--------------------------------------------------
Number of variables: 368774
Number of clauses: 1903314
sat
real sat
../New_SAT_split/QF_NIA_2_34/20170427-VeryMax/ITS/From_AProVE_2014__juHashMapCreateContainsKey.jar-obl-11__p31303_safety_0.smt2 : 267505 ms.
--------------------------------------------------
Number of variables: 152330
Number of clauses: 774227
sat
real sat
../New_SAT_split/QF_NIA_2_34/20170427-VeryMax/ITS/From_AProVE_2014__juHashMapCreateContainsKey.jar-obl-11__p31308_safety_0.smt2 : 12622 ms.
--------------------------------------------------
Number of variables: 81474
Number of clauses: 409743
sat
real sat
../New_SAT_split/QF_NIA_2_34/20170427-VeryMax/ITS/From_AProVE_2014__juHashMapCreateContainsKey.jar-obl-11__p31310_safety_0.smt2 : 9099 ms.
--------------------------------------------------
Number of variables: 149314
Number of clauses: 756935
sat
real sat
../New_SAT_split/QF_NIA_2_34/20170427-VeryMax/ITS/From_AProVE_2014__juHashMapCreateContainsKey.jar-obl-11__p31311_safety_0.smt2 : 15235 ms.
--------------------------------------------------
Number of variables: 81516
Number of clauses: 410027
sat
real sat
../New_SAT_split/QF_NIA_2_34/20170427-VeryMax/ITS/From_AProVE_2014__juHashMapCreateContainsKey.jar-obl-11__p31313_safety_0.smt2 : 11102 ms.
--------------------------------------------------
Number of variables: 149377
Number of clauses: 757361
sat
real sat
../New_SAT_split/QF_NIA_2_34/20170427-VeryMax/ITS/From_AProVE_2014__juHashMapCreateContainsKey.jar-obl-11__p31314_safety_0.smt2 : 19509 ms.
--------------------------------------------------
Number of variables: 95578
Number of clauses: 495210
sat
real sat
../New_SAT_split/QF_NIA_2_34/20170427-VeryMax/ITS/From_AProVE_2014__juHashMapCreateContainsKey.jar-obl-11__p31318_safety_0.smt2 : 9529 ms.
--------------------------------------------------
Number of variables: 213303
Number of clauses: 1106113
sat
real sat
../New_SAT_split/QF_NIA_2_34/20170427-VeryMax/ITS/From_AProVE_2014__juHashMapCreateContainsKey.jar-obl-11__p31319_safety_0.smt2 : 45831 ms.
--------------------------------------------------
Number of variables: 375670
Number of clauses: 1948972
sat
real sat
../New_SAT_split/QF_NIA_2_34/20170427-VeryMax/ITS/From_AProVE_2014__juHashMapCreateContainsKey.jar-obl-11__p31320_safety_0.smt2 : 78698 ms.
--------------------------------------------------
Number of variables: 164155
Number of clauses: 837509
sat
real sat
../New_SAT_split/QF_NIA_2_34/20170427-VeryMax/ITS/From_AProVE_2014__juHashMapCreateContainsKey.jar-obl-11__p31325_safety_0.smt2 : 18488 ms.
--------------------------------------------------
Number of variables: 88328
Number of clauses: 445912
sat
real sat
../New_SAT_split/QF_NIA_2_34/20170427-VeryMax/ITS/From_AProVE_2014__juHashMapCreateContainsKey.jar-obl-11__p31329_safety_0.smt2 : 11202 ms.
--------------------------------------------------
Number of variables: 159131
Number of clauses: 808776
sat
real sat
../New_SAT_split/QF_NIA_2_34/20170427-VeryMax/ITS/From_AProVE_2014__juHashMapCreateContainsKey.jar-obl-11__p31330_safety_0.smt2 : 15239 ms.
--------------------------------------------------
Number of variables: 38155
Number of clauses: 190304
sat
real sat
../New_SAT_split/QF_NIA_2_34/20170427-VeryMax/ITS/From_AProVE_2014__juHashMapCreateContainsKey.jar-obl-11__p31333_safety_0.smt2 : 1848 ms.
--------------------------------------------------
Number of variables: 88360
Number of clauses: 446252
sat
real sat
../New_SAT_split/QF_NIA_2_34/20170427-VeryMax/ITS/From_AProVE_2014__juHashMapCreateContainsKey.jar-obl-11__p31334_safety_0.smt2 : 21049 ms.
--------------------------------------------------
Number of variables: 159193
Number of clauses: 809332
sat
real sat
../New_SAT_split/QF_NIA_2_34/20170427-VeryMax/ITS/From_AProVE_2014__juHashMapCreateContainsKey.jar-obl-11__p31335_safety_0.smt2 : 33200 ms.
--------------------------------------------------
Number of variables: 118226
Number of clauses: 622595
sat
real sat
../New_SAT_split/QF_NIA_2_34/20170427-VeryMax/ITS/From_AProVE_2014__juHashMapCreateContainsKey.jar-obl-11__p31343_terminationG_0.smt2 : 22069 ms.
--------------------------------------------------
Number of variables: 226868
Number of clauses: 1183695
sat
real sat
../New_SAT_split/QF_NIA_2_34/20170427-VeryMax/ITS/From_AProVE_2014__juHashMapCreateContainsKey.jar-obl-11__p31344_terminationG_0.smt2 : 40669 ms.
--------------------------------------------------
Number of variables: 371266
Number of clauses: 1930771
sat
real sat
../New_SAT_split/QF_NIA_2_34/20170427-VeryMax/ITS/From_AProVE_2014__juHashMapCreateContainsKey.jar-obl-11__p31345_terminationG_0.smt2 : 26571 ms.
--------------------------------------------------
Number of variables: 88080
Number of clauses: 446140
sat
real sat
../New_SAT_split/QF_NIA_2_34/20170427-VeryMax/ITS/From_AProVE_2014__juHashMapCreateContainsKey.jar-obl-11__p31353_safety_0.smt2 : 2269 ms.
--------------------------------------------------
Number of variables: 87336
Number of clauses: 440435
sat
real sat
../New_SAT_split/QF_NIA_2_34/20170427-VeryMax/ITS/From_AProVE_2014__juHashMapCreateContainsKey.jar-obl-11__p31361_safety_0.smt2 : 13875 ms.
--------------------------------------------------
Number of variables: 158025
Number of clauses: 802892
sat
real sat
../New_SAT_split/QF_NIA_2_34/20170427-VeryMax/ITS/From_AProVE_2014__juHashMapCreateContainsKey.jar-obl-11__p31362_safety_0.smt2 : 39312 ms.
--------------------------------------------------
Number of variables: 84724
Number of clauses: 427819
sat
real sat
../New_SAT_split/QF_NIA_2_34/20170427-VeryMax/ITS/From_AProVE_2014__juHashMapCreateContainsKey.jar-obl-11__p31366_safety_0.smt2 : 3120 ms.
--------------------------------------------------
Number of variables: 155417
Number of clauses: 790308
sat
real sat
../New_SAT_split/QF_NIA_2_34/20170427-VeryMax/ITS/From_AProVE_2014__juHashMapCreateContainsKey.jar-obl-11__p31367_safety_0.smt2 : 39302 ms.
--------------------------------------------------
Number of variables: 87420
Number of clauses: 441003
sat
real sat
../New_SAT_split/QF_NIA_2_34/20170427-VeryMax/ITS/From_AProVE_2014__juHashMapCreateContainsKey.jar-obl-11__p31371_safety_0.smt2 : 15733 ms.
--------------------------------------------------
Number of variables: 158151
Number of clauses: 803744
sat
real sat
../New_SAT_split/QF_NIA_2_34/20170427-VeryMax/ITS/From_AProVE_2014__juHashMapCreateContainsKey.jar-obl-11__p31372_safety_0.smt2 : 36219 ms.
--------------------------------------------------
Number of variables: 84756
Number of clauses: 428159
sat
real sat
../New_SAT_split/QF_NIA_2_34/20170427-VeryMax/ITS/From_AProVE_2014__juHashMapCreateContainsKey.jar-obl-11__p31376_safety_0.smt2 : 18479 ms.
--------------------------------------------------
Number of variables: 155479
Number of clauses: 790864
sat
real sat
../New_SAT_split/QF_NIA_2_34/20170427-VeryMax/ITS/From_AProVE_2014__juHashMapCreateContainsKey.jar-obl-11__p31377_safety_0.smt2 : 36366 ms.
--------------------------------------------------
Number of variables: 212271
Number of clauses: 1101966
sat
real sat
../New_SAT_split/QF_NIA_2_34/20170427-VeryMax/ITS/From_AProVE_2014__juHashMapCreateContainsKey.jar-obl-11__p31389_safety_0.smt2 : 40622 ms.
--------------------------------------------------
Number of variables: 373460
Number of clauses: 1939197
sat
real sat
../New_SAT_split/QF_NIA_2_34/20170427-VeryMax/ITS/From_AProVE_2014__juHashMapCreateContainsKey.jar-obl-11__p31390_safety_0.smt2 : 81813 ms.
--------------------------------------------------
Number of variables: 73410
Number of clauses: 388360
unsat in 4 bits.
Number of variables: 161169
Number of clauses: 885061
unsat in 10 bits.
Number of variables: 331101
Number of clauses: 1882489
unsat in 18 bits.
Number of variables: 852565
Number of clauses: 5027483
sat
real sat
../New_SAT_split/QF_NIA_2_34/20170427-VeryMax/ITS/From_AProVE_2014__juHashMapCreateContainsKey.jar-obl-11__p31392_safety_0.smt2 : 224382 ms.
--------------------------------------------------
Number of variables: 176991
Number of clauses: 930988
unsat in 4 bits.
Number of variables: 414783
Number of clauses: 2287540
unsat in 10 bits.
Number of variables: 894799
Number of clauses: 5128356
unsat in 18 bits.
Number of variables: 2413903
Number of clauses: 14351032
../New_SAT_split/QF_NIA_2_34/20170427-VeryMax/ITS/From_AProVE_2014__juHashMapCreateContainsKey.jar-obl-11__p31394_safety_0.smt2 : 2401230 ms.
--------------------------------------------------
Number of variables: 325215
Number of clauses: 1705574
unsat in 4 bits.
Number of variables: 784980
Number of clauses: 4333499
unsat in 10 bits.
Number of variables: 1728120
Number of clauses: 9928159
unsat in 18 bits.
Number of variables: 4746864
Number of clauses: 28290389
sat
real sat
../New_SAT_split/QF_NIA_2_34/20170427-VeryMax/ITS/From_AProVE_2014__juHashMapCreateContainsKey.jar-obl-11__p31395_safety_0.smt2 : 1009013 ms.
--------------------------------------------------
Number of variables: 90600
Number of clauses: 458545
sat
real sat
../New_SAT_split/QF_NIA_2_34/20170427-VeryMax/ITS/From_AProVE_2014__juHashMapCreateContainsKey.jar-obl-11__p31397_safety_0.smt2 : 1893 ms.
--------------------------------------------------
Number of variables: 87049
Number of clauses: 438669
sat
real sat
../New_SAT_split/QF_NIA_2_34/20170427-VeryMax/ITS/From_AProVE_2014__juHashMapCreateContainsKey.jar-obl-11__p31402_safety_0.smt2 : 8705 ms.
--------------------------------------------------
Number of variables: 157439
Number of clauses: 799054
sat
real sat
../New_SAT_split/QF_NIA_2_34/20170427-VeryMax/ITS/From_AProVE_2014__juHashMapCreateContainsKey.jar-obl-11__p31403_safety_0.smt2 : 20200 ms.
--------------------------------------------------
Number of variables: 87411
Number of clauses: 441407
sat
real sat
../New_SAT_split/QF_NIA_2_34/20170427-VeryMax/ITS/From_AProVE_2014__juHashMapCreateContainsKey.jar-obl-11__p31412_safety_0.smt2 : 7934 ms.
--------------------------------------------------
Number of variables: 157985
Number of clauses: 803148
sat
real sat
../New_SAT_split/QF_NIA_2_34/20170427-VeryMax/ITS/From_AProVE_2014__juHashMapCreateContainsKey.jar-obl-11__p31413_safety_0.smt2 : 15014 ms.
--------------------------------------------------
Number of variables: 85252
Number of clauses: 431497
sat
real sat
../New_SAT_split/QF_NIA_2_34/20170427-VeryMax/ITS/From_AProVE_2014__juHashMapCreateContainsKey.jar-obl-11__p31417_safety_0.smt2 : 8610 ms.
--------------------------------------------------
Number of variables: 156015
Number of clauses: 794461
sat
real sat
../New_SAT_split/QF_NIA_2_34/20170427-VeryMax/ITS/From_AProVE_2014__juHashMapCreateContainsKey.jar-obl-11__p31418_safety_0.smt2 : 34651 ms.
--------------------------------------------------
Number of variables: 35351
Number of clauses: 177496
sat
real sat
../New_SAT_split/QF_NIA_2_34/20170427-VeryMax/ITS/From_AProVE_2014__juHashMapCreateContainsKey.jar-obl-11__p31426_safety_0.smt2 : 1019 ms.
--------------------------------------------------
Number of variables: 85672
Number of clauses: 434701
sat
real sat
../New_SAT_split/QF_NIA_2_34/20170427-VeryMax/ITS/From_AProVE_2014__juHashMapCreateContainsKey.jar-obl-11__p31427_safety_0.smt2 : 2358 ms.
--------------------------------------------------
Number of variables: 156645
Number of clauses: 799230
sat
real sat
../New_SAT_split/QF_NIA_2_34/20170427-VeryMax/ITS/From_AProVE_2014__juHashMapCreateContainsKey.jar-obl-11__p31428_safety_0.smt2 : 51744 ms.
--------------------------------------------------
Number of variables: 98452
Number of clauses: 514225
sat
real sat
../New_SAT_split/QF_NIA_2_34/20170427-VeryMax/ITS/From_AProVE_2014__juHashMapCreateContainsKey.jar-obl-11__p31434_safety_0.smt2 : 8958 ms.
--------------------------------------------------
Number of variables: 217926
Number of clauses: 1136878
sat
real sat
../New_SAT_split/QF_NIA_2_34/20170427-VeryMax/ITS/From_AProVE_2014__juHashMapCreateContainsKey.jar-obl-11__p31435_safety_0.smt2 : 45600 ms.
--------------------------------------------------
Number of variables: 382058
Number of clauses: 1991615
sat
real sat
../New_SAT_split/QF_NIA_2_34/20170427-VeryMax/ITS/From_AProVE_2014__juHashMapCreateContainsKey.jar-obl-11__p31436_safety_0.smt2 : 74314 ms.
--------------------------------------------------
Number of variables: 75141
Number of clauses: 401359
unsat in 4 bits.
Number of variables: 162249
Number of clauses: 895123
unsat in 10 bits.
Number of variables: 329129
Number of clauses: 1874803
unsat in 18 bits.
Number of variables: 836993
Number of clauses: 4936845
sat
real sat
../New_SAT_split/QF_NIA_2_34/20170427-VeryMax/ITS/From_AProVE_2014__juHashMapCreateContainsKey.jar-obl-11__p31442_safety_0.smt2 : 2193793 ms.
--------------------------------------------------
Number of variables: 330487
Number of clauses: 1742345
unsat in 4 bits.
Number of variables: 788359
Number of clauses: 4360379
unsat in 10 bits.
Number of variables: 1722423
Number of clauses: 9900355
unsat in 18 bits.
Number of variables: 4700543
Number of clauses: 28010913
../New_SAT_split/QF_NIA_2_34/20170427-VeryMax/ITS/From_AProVE_2014__juHashMapCreateContainsKey.jar-obl-11__p31444_safety_0.smt2 : 2401371 ms.
--------------------------------------------------
Number of variables: 88126
Number of clauses: 445709
sat
real sat
../New_SAT_split/QF_NIA_2_34/20170427-VeryMax/ITS/From_AProVE_2014__juHashMapCreateContainsKey.jar-obl-11__p31448_safety_0.smt2 : 7235 ms.
--------------------------------------------------
Number of variables: 158885
Number of clauses: 808641
sat
real sat
../New_SAT_split/QF_NIA_2_34/20170427-VeryMax/ITS/From_AProVE_2014__juHashMapCreateContainsKey.jar-obl-11__p31449_safety_0.smt2 : 31072 ms.
--------------------------------------------------
Number of variables: 92488
Number of clauses: 473420
unsat in 4 bits.
Number of variables: 212586
Number of clauses: 1156816
unsat in 10 bits.
Number of variables: 453634
Number of clauses: 2580960
unsat in 18 bits.
Number of variables: 1212532
Number of clauses: 7182326
sat
real sat
../New_SAT_split/QF_NIA_2_34/20170427-VeryMax/ITS/From_AProVE_2014__juHashMapCreateContainsKey.jar-obl-11__p31453_safety_0.smt2 : 400506 ms.
--------------------------------------------------
Number of variables: 166517
Number of clauses: 857309
unsat in 4 bits.
Number of variables: 390125
Number of clauses: 2135435
unsat in 10 bits.
Number of variables: 843917
Number of clauses: 4826083
unsat in 18 bits.
Number of variables: 2284237
Number of clauses: 13581640
sat
real sat
../New_SAT_split/QF_NIA_2_34/20170427-VeryMax/ITS/From_AProVE_2014__juHashMapCreateContainsKey.jar-obl-11__p31454_safety_0.smt2 : 1116209 ms.
--------------------------------------------------
Number of variables: 88546
Number of clauses: 448913
sat
real sat
../New_SAT_split/QF_NIA_2_34/20170427-VeryMax/ITS/From_AProVE_2014__juHashMapCreateContainsKey.jar-obl-11__p31458_safety_0.smt2 : 9405 ms.
--------------------------------------------------
Number of variables: 159515
Number of clauses: 813410
sat
real sat
../New_SAT_split/QF_NIA_2_34/20170427-VeryMax/ITS/From_AProVE_2014__juHashMapCreateContainsKey.jar-obl-11__p31459_safety_0.smt2 : 45291 ms.
--------------------------------------------------
Number of variables: 94009
Number of clauses: 478693
unsat in 4 bits.
Number of variables: 208627
Number of clauses: 1132275
unsat in 10 bits.
Number of variables: 436267
Number of clauses: 2477739
unsat in 18 bits.
Number of variables: 1147569
Number of clauses: 6790241
sat
real sat
../New_SAT_split/QF_NIA_2_34/20170427-VeryMax/ITS/From_AProVE_2014__juHashMapCreateContainsKey.jar-obl-11__p31463_safety_0.smt2 : 245851 ms.
--------------------------------------------------
Number of variables: 169185
Number of clauses: 866821
unsat in 4 bits.
Number of variables: 384801
Number of clauses: 2101267
unsat in 10 bits.
Number of variables: 818785
Number of clauses: 4675283
unsat in 18 bits.
Number of variables: 2188341
Number of clauses: 13000408
../New_SAT_split/QF_NIA_2_34/20170427-VeryMax/ITS/From_AProVE_2014__juHashMapCreateContainsKey.jar-obl-11__p31464_safety_0.smt2 : 2401200 ms.
--------------------------------------------------
Number of variables: 98743
Number of clauses: 515906
sat
real sat
../New_SAT_split/QF_NIA_2_34/20170427-VeryMax/ITS/From_AProVE_2014__juHashMapCreateContainsKey.jar-obl-11__p31475_safety_0.smt2 : 11968 ms.
--------------------------------------------------
Number of variables: 218404
Number of clauses: 1139670
sat
real sat
../New_SAT_split/QF_NIA_2_34/20170427-VeryMax/ITS/From_AProVE_2014__juHashMapCreateContainsKey.jar-obl-11__p31476_safety_0.smt2 : 53784 ms.
--------------------------------------------------
Number of variables: 382723
Number of clauses: 1995518
sat
real sat
../New_SAT_split/QF_NIA_2_34/20170427-VeryMax/ITS/From_AProVE_2014__juHashMapCreateContainsKey.jar-obl-11__p31477_safety_0.smt2 : 248206 ms.
--------------------------------------------------
Number of variables: 80034
Number of clauses: 430780
unsat in 4 bits.
Number of variables: 169116
Number of clauses: 936700
unsat in 10 bits.
Number of variables: 338628
Number of clauses: 1932588
unsat in 18 bits.
Number of variables: 851712
Number of clauses: 5026705
sat
real sat
../New_SAT_split/QF_NIA_2_34/20170427-VeryMax/ITS/From_AProVE_2014__juHashMapCreateContainsKey.jar-obl-11__p31478_safety_0.smt2 : 1004316 ms.
--------------------------------------------------
Number of variables: 342394
Number of clauses: 1815278
unsat in 4 bits.
Number of variables: 804832
Number of clauses: 4461560
unsat in 10 bits.
Number of variables: 1744984
Number of clauses: 10039200
unsat in 18 bits.
Number of variables: 4735016
Number of clauses: 28223055
../New_SAT_split/QF_NIA_2_34/20170427-VeryMax/ITS/From_AProVE_2014__juHashMapCreateContainsKey.jar-obl-11__p31480_safety_0.smt2 : 2401451 ms.
--------------------------------------------------
Number of variables: 162634
Number of clauses: 831744
sat
real sat
../New_SAT_split/QF_NIA_2_34/20170427-VeryMax/ITS/From_AProVE_2014__juHashMapCreateContainsKey.jar-obl-11__p31490_safety_0.smt2 : 4033 ms.
--------------------------------------------------
Number of variables: 82730
Number of clauses: 417196
sat
real sat
../New_SAT_split/QF_NIA_2_34/20170427-VeryMax/ITS/From_AProVE_2014__juHashMapCreateContainsKey.jar-obl-11__p31492_safety_0.smt2 : 19617 ms.
--------------------------------------------------
Number of variables: 150895
Number of clauses: 766257
sat
real sat
../New_SAT_split/QF_NIA_2_34/20170427-VeryMax/ITS/From_AProVE_2014__juHashMapCreateContainsKey.jar-obl-11__p31493_safety_0.smt2 : 37527 ms.
--------------------------------------------------
Number of variables: 157598
Number of clauses: 802987
sat
real sat
../New_SAT_split/QF_NIA_2_34/20170427-VeryMax/ITS/From_AProVE_2014__juHashMapCreateContainsKey.jar-obl-11__p31498_safety_0.smt2 : 32712 ms.
--------------------------------------------------
Number of variables: 150881
Number of clauses: 766184
sat
real sat
../New_SAT_split/QF_NIA_2_34/20170427-VeryMax/ITS/From_AProVE_2014__juHashMapCreateContainsKey.jar-obl-11__p31501_safety_0.smt2 : 4689 ms.
--------------------------------------------------
Number of variables: 158186
Number of clauses: 807417
sat
real sat
../New_SAT_split/QF_NIA_2_34/20170427-VeryMax/ITS/From_AProVE_2014__juHashMapCreateContainsKey.jar-obl-11__p31509_safety_0.smt2 : 17258 ms.
--------------------------------------------------
Number of variables: 120132
Number of clauses: 634359
sat
real sat
../New_SAT_split/QF_NIA_2_34/20170427-VeryMax/ITS/From_AProVE_2014__juHashMapCreateContainsKey.jar-obl-11__p31518_terminationG_0.smt2 : 10567 ms.
--------------------------------------------------
Number of variables: 229400
Number of clauses: 1199561
sat
real sat
../New_SAT_split/QF_NIA_2_34/20170427-VeryMax/ITS/From_AProVE_2014__juHashMapCreateContainsKey.jar-obl-11__p31519_terminationG_0.smt2 : 171943 ms.
--------------------------------------------------
Number of variables: 374456
Number of clauses: 1950995
sat
real sat
../New_SAT_split/QF_NIA_2_34/20170427-VeryMax/ITS/From_AProVE_2014__juHashMapCreateContainsKey.jar-obl-11__p31520_terminationG_0.smt2 : 187805 ms.
--------------------------------------------------
Number of variables: 88482
Number of clauses: 448761
sat
real sat
../New_SAT_split/QF_NIA_2_34/20170427-VeryMax/ITS/From_AProVE_2014__juHashMapCreateContainsKey.jar-obl-11__p31530_safety_0.smt2 : 2277 ms.
--------------------------------------------------
Number of variables: 163167
Number of clauses: 831821
sat
real sat
../New_SAT_split/QF_NIA_2_34/20170427-VeryMax/ITS/From_AProVE_2014__juHashMapCreateContainsKey.jar-obl-11__p31532_safety_0.smt2 : 17505 ms.
--------------------------------------------------
Number of variables: 84766
Number of clauses: 427802
sat
real sat
../New_SAT_split/QF_NIA_2_34/20170427-VeryMax/ITS/From_AProVE_2014__juHashMapCreateContainsKey.jar-obl-11__p31538_safety_0.smt2 : 10700 ms.
--------------------------------------------------
Number of variables: 155297
Number of clauses: 789087
sat
real sat
../New_SAT_split/QF_NIA_2_34/20170427-VeryMax/ITS/From_AProVE_2014__juHashMapCreateContainsKey.jar-obl-11__p31539_safety_0.smt2 : 15303 ms.
--------------------------------------------------
Number of variables: 87374
Number of clauses: 440386
sat
real sat
../New_SAT_split/QF_NIA_2_34/20170427-VeryMax/ITS/From_AProVE_2014__juHashMapCreateContainsKey.jar-obl-11__p31541_safety_0.smt2 : 17142 ms.
--------------------------------------------------
Number of variables: 157901
Number of clauses: 801639
sat
real sat
../New_SAT_split/QF_NIA_2_34/20170427-VeryMax/ITS/From_AProVE_2014__juHashMapCreateContainsKey.jar-obl-11__p31542_safety_0.smt2 : 93428 ms.
--------------------------------------------------
Number of variables: 84738
Number of clauses: 427674
sat
real sat
../New_SAT_split/QF_NIA_2_34/20170427-VeryMax/ITS/From_AProVE_2014__juHashMapCreateContainsKey.jar-obl-11__p31548_safety_0.smt2 : 7046 ms.
--------------------------------------------------
Number of variables: 155269
Number of clauses: 788941
sat
real sat
../New_SAT_split/QF_NIA_2_34/20170427-VeryMax/ITS/From_AProVE_2014__juHashMapCreateContainsKey.jar-obl-11__p31549_safety_0.smt2 : 44208 ms.
--------------------------------------------------
Number of variables: 87766
Number of clauses: 443364
sat
real sat
../New_SAT_split/QF_NIA_2_34/20170427-VeryMax/ITS/From_AProVE_2014__juHashMapCreateContainsKey.jar-obl-11__p31551_safety_0.smt2 : 19075 ms.
--------------------------------------------------
Number of variables: 158489
Number of clauses: 806069
sat
real sat
../New_SAT_split/QF_NIA_2_34/20170427-VeryMax/ITS/From_AProVE_2014__juHashMapCreateContainsKey.jar-obl-11__p31552_safety_0.smt2 : 107973 ms.
--------------------------------------------------
Number of variables: 77025
Number of clauses: 412241
unsat in 4 bits.
Number of variables: 166548
Number of clauses: 919826
unsat in 10 bits.
Number of variables: 338832
Number of clauses: 1931766
unsat in 18 bits.
Number of variables: 864932
Number of clauses: 5105331
sat
real sat
../New_SAT_split/QF_NIA_2_34/20170427-VeryMax/ITS/From_AProVE_2014__juHashMapCreateContainsKey.jar-obl-11__p31563_safety_0.smt2 : 149382 ms.
--------------------------------------------------
Number of variables: 182723
Number of clauses: 969300
unsat in 4 bits.
Number of variables: 423209
Number of clauses: 2342646
unsat in 10 bits.
Number of variables: 906817
Number of clauses: 5205854
unsat in 18 bits.
Number of variables: 2432943
Number of clauses: 14472144
sat
real sat
../New_SAT_split/QF_NIA_2_34/20170427-VeryMax/ITS/From_AProVE_2014__juHashMapCreateContainsKey.jar-obl-11__p31564_safety_0.smt2 : 535389 ms.
--------------------------------------------------
Number of variables: 333144
Number of clauses: 1758957
unsat in 4 bits.
Number of variables: 796533
Number of clauses: 4409586
unsat in 10 bits.
Number of variables: 1744505
Number of clauses: 10034518
unsat in 18 bits.
Number of variables: 4772617
Number of clauses: 28455085
../New_SAT_split/QF_NIA_2_34/20170427-VeryMax/ITS/From_AProVE_2014__juHashMapCreateContainsKey.jar-obl-11__p31565_safety_0.smt2 : 2401401 ms.
--------------------------------------------------
Number of variables: 99266
Number of clauses: 519982
sat
real sat
../New_SAT_split/QF_NIA_2_34/20170427-VeryMax/ITS/From_AProVE_2014__juHashMapCreateContainsKey.jar-obl-11__p31566_safety_0.smt2 : 1688 ms.
--------------------------------------------------
Number of variables: 381315
Number of clauses: 1991988
sat
real sat
../New_SAT_split/QF_NIA_2_34/20170427-VeryMax/ITS/From_AProVE_2014__juHashMapCreateContainsKey.jar-obl-11__p31568_safety_0.smt2 : 30963 ms.
--------------------------------------------------
Number of variables: 86152
Number of clauses: 436492
sat
real sat
../New_SAT_split/QF_NIA_2_34/20170427-VeryMax/ITS/From_AProVE_2014__juHashMapCreateContainsKey.jar-obl-11__p31582_safety_0.smt2 : 2740 ms.
--------------------------------------------------
Number of variables: 157027
Number of clauses: 799943
sat
real sat
../New_SAT_split/QF_NIA_2_34/20170427-VeryMax/ITS/From_AProVE_2014__juHashMapCreateContainsKey.jar-obl-11__p31583_safety_0.smt2 : 18152 ms.
--------------------------------------------------
Number of variables: 148773
Number of clauses: 753449
sat
real sat
../New_SAT_split/QF_NIA_2_34/20170427-VeryMax/ITS/From_AProVE_2014__juHashMapCreateContainsKey.jar-obl-11__p31586_safety_0.smt2 : 15060 ms.
--------------------------------------------------
Number of variables: 86228
Number of clauses: 436996
sat
real sat
../New_SAT_split/QF_NIA_2_34/20170427-VeryMax/ITS/From_AProVE_2014__juHashMapCreateContainsKey.jar-obl-11__p31590_safety_0.smt2 : 17857 ms.
--------------------------------------------------
Number of variables: 157141
Number of clauses: 800699
sat
real sat
../New_SAT_split/QF_NIA_2_34/20170427-VeryMax/ITS/From_AProVE_2014__juHashMapCreateContainsKey.jar-obl-11__p31591_safety_0.smt2 : 40777 ms.
--------------------------------------------------
Number of variables: 81243
Number of clauses: 408419
sat
real sat
../New_SAT_split/QF_NIA_2_34/20170427-VeryMax/ITS/From_AProVE_2014__juHashMapCreateContainsKey.jar-obl-11__p31593_safety_0.smt2 : 24217 ms.
--------------------------------------------------
Number of variables: 148759
Number of clauses: 753376
sat
real sat
../New_SAT_split/QF_NIA_2_34/20170427-VeryMax/ITS/From_AProVE_2014__juHashMapCreateContainsKey.jar-obl-11__p31594_safety_0.smt2 : 39509 ms.
--------------------------------------------------
Number of variables: 101621
Number of clauses: 534620
sat
real sat
../New_SAT_split/QF_NIA_2_34/20170427-VeryMax/ITS/From_AProVE_2014__juHashMapCreateContainsKey.jar-obl-11__p31603_safety_0.smt2 : 12777 ms.
--------------------------------------------------
Number of variables: 223101
Number of clauses: 1170681
sat
real sat
../New_SAT_split/QF_NIA_2_34/20170427-VeryMax/ITS/From_AProVE_2014__juHashMapCreateContainsKey.jar-obl-11__p31604_safety_0.smt2 : 56280 ms.
--------------------------------------------------
Number of variables: 389383
Number of clauses: 2039978
sat
real sat
../New_SAT_split/QF_NIA_2_34/20170427-VeryMax/ITS/From_AProVE_2014__juHashMapCreateContainsKey.jar-obl-11__p31605_safety_0.smt2 : 90445 ms.
--------------------------------------------------
Number of variables: 79694
Number of clauses: 431238
unsat in 4 bits.
Number of variables: 169220
Number of clauses: 940158
unsat in 10 bits.
Number of variables: 339324
Number of clauses: 1940046
unsat in 18 bits.
Number of variables: 853568
Number of clauses: 5042051
sat
real sat
../New_SAT_split/QF_NIA_2_34/20170427-VeryMax/ITS/From_AProVE_2014__juHashMapCreateContainsKey.jar-obl-11__p31606_safety_0.smt2 : 249204 ms.
--------------------------------------------------
Number of variables: 187860
Number of clauses: 1004544
unsat in 4 bits.
Number of variables: 428226
Number of clauses: 2378940
unsat in 10 bits.
Number of variables: 907306
Number of clauses: 5215884
unsat in 18 bits.
Number of variables: 2409392
Number of clauses: 14334766
../New_SAT_split/QF_NIA_2_34/20170427-VeryMax/ITS/From_AProVE_2014__juHashMapCreateContainsKey.jar-obl-11__p31607_safety_0.smt2 : 2401186 ms.
--------------------------------------------------
Number of variables: 340804
Number of clauses: 1810894
unsat in 4 bits.
Number of variables: 803950
Number of clauses: 4462288
unsat in 10 bits.
Number of variables: 1745046
Number of clauses: 10046744
unsat in 18 bits.
Number of variables: 4736934
Number of clauses: 28244055
../New_SAT_split/QF_NIA_2_34/20170427-VeryMax/ITS/From_AProVE_2014__juHashMapCreateContainsKey.jar-obl-11__p31608_safety_0.smt2 : 2401314 ms.
--------------------------------------------------
Number of variables: 82323
Number of clauses: 415250
sat
real sat
../New_SAT_split/QF_NIA_2_34/20170427-VeryMax/ITS/From_AProVE_2014__juHashMapCreateContainsKey.jar-obl-11__p31615_safety_0.smt2 : 8908 ms.
--------------------------------------------------
Number of variables: 150193
Number of clauses: 762684
sat
real sat
../New_SAT_split/QF_NIA_2_34/20170427-VeryMax/ITS/From_AProVE_2014__juHashMapCreateContainsKey.jar-obl-11__p31616_safety_0.smt2 : 15144 ms.
--------------------------------------------------
Number of variables: 82309
Number of clauses: 415186
sat
real sat
../New_SAT_split/QF_NIA_2_34/20170427-VeryMax/ITS/From_AProVE_2014__juHashMapCreateContainsKey.jar-obl-11__p31618_safety_0.smt2 : 7724 ms.
--------------------------------------------------
Number of variables: 150179
Number of clauses: 762611
sat
real sat
../New_SAT_split/QF_NIA_2_34/20170427-VeryMax/ITS/From_AProVE_2014__juHashMapCreateContainsKey.jar-obl-11__p31619_safety_0.smt2 : 33297 ms.
--------------------------------------------------
Number of variables: 150412
Number of clauses: 765940
sat
real sat
../New_SAT_split/QF_NIA_2_34/20170427-VeryMax/ITS/From_AProVE_2014__juHashMapCreateContainsKey.jar-obl-11__p31624_safety_0.smt2 : 15397 ms.
--------------------------------------------------
Number of variables: 79836
Number of clauses: 403178
sat
real sat
../New_SAT_split/QF_NIA_2_34/20170427-VeryMax/ITS/From_AProVE_2014__juHashMapCreateContainsKey.jar-obl-11__p31629_safety_0.smt2 : 8134 ms.
--------------------------------------------------
Number of variables: 147674
Number of clauses: 750254
sat
real sat
../New_SAT_split/QF_NIA_2_34/20170427-VeryMax/ITS/From_AProVE_2014__juHashMapCreateContainsKey.jar-obl-11__p31630_safety_0.smt2 : 35305 ms.
--------------------------------------------------
Number of variables: 224827
Number of clauses: 1183220
sat
real sat
../New_SAT_split/QF_NIA_2_34/20170427-VeryMax/ITS/From_AProVE_2014__juHashMapCreateContainsKey.jar-obl-11__p31635_safety_0.smt2 : 43052 ms.
--------------------------------------------------
Number of variables: 391811
Number of clauses: 2057616
sat
real sat
../New_SAT_split/QF_NIA_2_34/20170427-VeryMax/ITS/From_AProVE_2014__juHashMapCreateContainsKey.jar-obl-11__p31636_safety_0.smt2 : 64778 ms.
--------------------------------------------------
Number of variables: 162537
Number of clauses: 828585
sat
real sat
../New_SAT_split/QF_NIA_2_34/20170427-VeryMax/ITS/From_AProVE_2014__juHashMapCreateContainsKey.jar-obl-11__p31641_safety_0.smt2 : 20522 ms.
--------------------------------------------------
Number of variables: 109729
Number of clauses: 600272
unsat in 4 bits.
Number of variables: 230971
Number of clauses: 1291292
unsat in 10 bits.
Number of variables: 460499
Number of clauses: 2642508
unsat in 18 bits.
Number of variables: 1152367
Number of clauses: 6819427
sat
real sat
../New_SAT_split/QF_NIA_2_34/20170427-VeryMax/ITS/From_AProVE_2014__juHashMapCreateContainsKey.jar-obl-11__p31642_safety_0.smt2 : 588958 ms.
--------------------------------------------------
Number of variables: 260205
Number of clauses: 1402868
unsat in 4 bits.
Number of variables: 589191
Number of clauses: 3286730
unsat in 10 bits.
Number of variables: 1243551
Number of clauses: 7164722
unsat in 18 bits.
Number of variables: 3292097
Number of clauses: 19606456
../New_SAT_split/QF_NIA_2_34/20170427-VeryMax/ITS/From_AProVE_2014__juHashMapCreateContainsKey.jar-obl-11__p31643_safety_0.smt2 : 2401322 ms.
--------------------------------------------------
Number of variables: 473585
Number of clauses: 2533464
unsat in 4 bits.
Number of variables: 1111031
Number of clauses: 6186366
unsat in 10 bits.
Number of variables: 2404479
Number of clauses: 13865862
unsat in 18 bits.
Number of variables: 6512447
Number of clauses: 38858763
../New_SAT_split/QF_NIA_2_34/20170427-VeryMax/ITS/From_AProVE_2014__juHashMapCreateContainsKey.jar-obl-11__p31644_safety_0.smt2 : 2401551 ms.
--------------------------------------------------
Number of variables: 87068
Number of clauses: 439366
sat
real sat
../New_SAT_split/QF_NIA_2_34/20170427-VeryMax/ITS/From_AProVE_2014__juHashMapCreateContainsKey.jar-obl-11__p31648_safety_0.smt2 : 9041 ms.
--------------------------------------------------
Number of variables: 157191
Number of clauses: 798255
sat
real sat
../New_SAT_split/QF_NIA_2_34/20170427-VeryMax/ITS/From_AProVE_2014__juHashMapCreateContainsKey.jar-obl-11__p31649_safety_0.smt2 : 42921 ms.
--------------------------------------------------
Number of variables: 87040
Number of clauses: 439238
sat
real sat
../New_SAT_split/QF_NIA_2_34/20170427-VeryMax/ITS/From_AProVE_2014__juHashMapCreateContainsKey.jar-obl-11__p31653_safety_0.smt2 : 8213 ms.
--------------------------------------------------
Number of variables: 157163
Number of clauses: 798109
sat
real sat
../New_SAT_split/QF_NIA_2_34/20170427-VeryMax/ITS/From_AProVE_2014__juHashMapCreateContainsKey.jar-obl-11__p31654_safety_0.smt2 : 36897 ms.
--------------------------------------------------
Number of variables: 84814
Number of clauses: 428939
sat
real sat
../New_SAT_split/QF_NIA_2_34/20170427-VeryMax/ITS/From_AProVE_2014__juHashMapCreateContainsKey.jar-obl-11__p31668_safety_0.smt2 : 8898 ms.
--------------------------------------------------
Number of variables: 154941
Number of clauses: 787860
sat
real sat
../New_SAT_split/QF_NIA_2_34/20170427-VeryMax/ITS/From_AProVE_2014__juHashMapCreateContainsKey.jar-obl-11__p31669_safety_0.smt2 : 70935 ms.
--------------------------------------------------
Number of variables: 84786
Number of clauses: 428811
sat
real sat
../New_SAT_split/QF_NIA_2_34/20170427-VeryMax/ITS/From_AProVE_2014__juHashMapCreateContainsKey.jar-obl-11__p31673_safety_0.smt2 : 18473 ms.
--------------------------------------------------
Number of variables: 123814
Number of clauses: 657427
sat
real sat
../New_SAT_split/QF_NIA_2_34/20170427-VeryMax/ITS/From_AProVE_2014__juHashMapCreateContainsKey.jar-obl-11__p31682_terminationG_0.smt2 : 66127 ms.
--------------------------------------------------
Number of variables: 234306
Number of clauses: 1230689
sat
real sat
../New_SAT_split/QF_NIA_2_34/20170427-VeryMax/ITS/From_AProVE_2014__juHashMapCreateContainsKey.jar-obl-11__p31683_terminationG_0.smt2 : 43702 ms.
--------------------------------------------------
Number of variables: 380634
Number of clauses: 1990567
sat
real sat
../New_SAT_split/QF_NIA_2_34/20170427-VeryMax/ITS/From_AProVE_2014__juHashMapCreateContainsKey.jar-obl-11__p31684_terminationG_0.smt2 : 757299 ms.
--------------------------------------------------
Number of variables: 91036
Number of clauses: 461444
sat
real sat
../New_SAT_split/QF_NIA_2_34/20170427-VeryMax/ITS/From_AProVE_2014__juHashMapCreateContainsKey.jar-obl-11__p31694_safety_0.smt2 : 1649 ms.
--------------------------------------------------
Number of variables: 160385
Number of clauses: 818724
sat
real sat
../New_SAT_split/QF_NIA_2_34/20170427-VeryMax/ITS/From_AProVE_2014__juHashMapCreateContainsKey.jar-obl-11__p31695_safety_0.smt2 : 17680 ms.
--------------------------------------------------
Number of variables: 162985
Number of clauses: 831244
sat
real sat
../New_SAT_split/QF_NIA_2_34/20170427-VeryMax/ITS/From_AProVE_2014__juHashMapCreateContainsKey.jar-obl-11__p31696_safety_0.smt2 : 45854 ms.
--------------------------------------------------
Number of variables: 84537
Number of clauses: 426797
sat
real sat
../New_SAT_split/QF_NIA_2_34/20170427-VeryMax/ITS/From_AProVE_2014__juHashMapCreateContainsKey.jar-obl-11__p31700_safety_0.smt2 : 20742 ms.
--------------------------------------------------
Number of variables: 154824
Number of clauses: 786656
sat
real sat
../New_SAT_split/QF_NIA_2_34/20170427-VeryMax/ITS/From_AProVE_2014__juHashMapCreateContainsKey.jar-obl-11__p31701_safety_0.smt2 : 5061 ms.
--------------------------------------------------
Number of variables: 87141
Number of clauses: 439349
sat
real sat
../New_SAT_split/QF_NIA_2_34/20170427-VeryMax/ITS/From_AProVE_2014__juHashMapCreateContainsKey.jar-obl-11__p31705_safety_0.smt2 : 2333 ms.
--------------------------------------------------
Number of variables: 157424
Number of clauses: 799176
sat
real sat
../New_SAT_split/QF_NIA_2_34/20170427-VeryMax/ITS/From_AProVE_2014__juHashMapCreateContainsKey.jar-obl-11__p31706_safety_0.smt2 : 43019 ms.
--------------------------------------------------
Number of variables: 87173
Number of clauses: 439689
sat
real sat
../New_SAT_split/QF_NIA_2_34/20170427-VeryMax/ITS/From_AProVE_2014__juHashMapCreateContainsKey.jar-obl-11__p31712_safety_0.smt2 : 8393 ms.
--------------------------------------------------
Number of variables: 157486
Number of clauses: 799732
sat
real sat
../New_SAT_split/QF_NIA_2_34/20170427-VeryMax/ITS/From_AProVE_2014__juHashMapCreateContainsKey.jar-obl-11__p31713_safety_0.smt2 : 57854 ms.
--------------------------------------------------
Number of variables: 155004
Number of clauses: 787946
sat
real sat
../New_SAT_split/QF_NIA_2_34/20170427-VeryMax/ITS/From_AProVE_2014__juHashMapCreateContainsKey.jar-obl-11__p31716_safety_0.smt2 : 85617 ms.
--------------------------------------------------
Number of variables: 182741
Number of clauses: 969232
unsat in 4 bits.
Number of variables: 423143
Number of clauses: 2341456
unsat in 10 bits.
Number of variables: 906639
Number of clauses: 5203168
unsat in 18 bits.
Number of variables: 2432529
Number of clauses: 14466386
sat
real sat
../New_SAT_split/QF_NIA_2_34/20170427-VeryMax/ITS/From_AProVE_2014__juHashMapCreateContainsKey.jar-obl-11__p31728_safety_0.smt2 : 1483325 ms.
--------------------------------------------------
Number of variables: 333000
Number of clauses: 1757763
unsat in 4 bits.
Number of variables: 796185
Number of clauses: 4406310
unsat in 10 bits.
Number of variables: 1743885
Number of clauses: 10028466
unsat in 18 bits.
Number of variables: 4771437
Number of clauses: 28443369
../New_SAT_split/QF_NIA_2_34/20170427-VeryMax/ITS/From_AProVE_2014__juHashMapCreateContainsKey.jar-obl-11__p31729_safety_0.smt2 : 2401336 ms.
--------------------------------------------------
Number of variables: 99442
Number of clauses: 521008
sat
real sat
../New_SAT_split/QF_NIA_2_34/20170427-VeryMax/ITS/From_AProVE_2014__juHashMapCreateContainsKey.jar-obl-11__p31730_safety_0.smt2 : 2105 ms.
--------------------------------------------------
Number of variables: 217963
Number of clauses: 1139746
sat
real sat
../New_SAT_split/QF_NIA_2_34/20170427-VeryMax/ITS/From_AProVE_2014__juHashMapCreateContainsKey.jar-obl-11__p31731_safety_0.smt2 : 15295 ms.
--------------------------------------------------
Number of variables: 381167
Number of clauses: 1990762
sat
real sat
../New_SAT_split/QF_NIA_2_34/20170427-VeryMax/ITS/From_AProVE_2014__juHashMapCreateContainsKey.jar-obl-11__p31732_safety_0.smt2 : 80873 ms.
--------------------------------------------------
Number of variables: 87933
Number of clauses: 443924
sat
real sat
../New_SAT_split/QF_NIA_2_34/20170427-VeryMax/ITS/From_AProVE_2014__juHashMapCreateContainsKey.jar-obl-11__p31741_safety_0.smt2 : 1536 ms.
--------------------------------------------------
Number of variables: 158501
Number of clauses: 805456
sat
real sat
../New_SAT_split/QF_NIA_2_34/20170427-VeryMax/ITS/From_AProVE_2014__juHashMapCreateContainsKey.jar-obl-11__p31742_safety_0.smt2 : 26691 ms.
--------------------------------------------------
Number of variables: 78801
Number of clauses: 396659
sat
real sat
../New_SAT_split/QF_NIA_2_34/20170427-VeryMax/ITS/From_AProVE_2014__juHashMapCreateContainsKey.jar-obl-11__p31754_safety_0.smt2 : 8093 ms.
--------------------------------------------------
Number of variables: 146392
Number of clauses: 742007
sat
real sat
../New_SAT_split/QF_NIA_2_34/20170427-VeryMax/ITS/From_AProVE_2014__juHashMapCreateContainsKey.jar-obl-11__p31755_safety_0.smt2 : 13948 ms.
--------------------------------------------------
Number of variables: 78814
Number of clauses: 396816
sat
real sat
../New_SAT_split/QF_NIA_2_34/20170427-VeryMax/ITS/From_AProVE_2014__juHashMapCreateContainsKey.jar-obl-11__p31757_safety_0.smt2 : 7827 ms.
--------------------------------------------------
Number of variables: 146419
Number of clauses: 742269
sat
real sat
../New_SAT_split/QF_NIA_2_34/20170427-VeryMax/ITS/From_AProVE_2014__juHashMapCreateContainsKey.jar-obl-11__p31758_safety_0.smt2 : 3688 ms.
--------------------------------------------------
Number of variables: 102667
Number of clauses: 542064
sat
real sat
../New_SAT_split/QF_NIA_2_34/20170427-VeryMax/ITS/From_AProVE_2014__juHashMapCreateContainsKey.jar-obl-11__p31762_safety_0.smt2 : 8963 ms.
--------------------------------------------------
Number of variables: 224520
Number of clauses: 1180926
sat
real sat
../New_SAT_split/QF_NIA_2_34/20170427-VeryMax/ITS/From_AProVE_2014__juHashMapCreateContainsKey.jar-obl-11__p31763_safety_0.smt2 : 42200 ms.
--------------------------------------------------
Number of variables: 391143
Number of clauses: 2052768
sat
real sat
../New_SAT_split/QF_NIA_2_34/20170427-VeryMax/ITS/From_AProVE_2014__juHashMapCreateContainsKey.jar-obl-11__p31764_safety_0.smt2 : 75731 ms.
--------------------------------------------------
Number of variables: 157751
Number of clauses: 801916
sat
real sat
../New_SAT_split/QF_NIA_2_34/20170427-VeryMax/ITS/From_AProVE_2014__juHashMapCreateContainsKey.jar-obl-11__p31774_safety_0.smt2 : 15330 ms.
--------------------------------------------------
Number of variables: 78167
Number of clauses: 420941
unsat in 4 bits.
Number of variables: 166709
Number of clauses: 922511
unsat in 10 bits.
Number of variables: 335501
Number of clauses: 1912599
unsat in 18 bits.
Number of variables: 847113
Number of clauses: 4994956
sat
real sat
../New_SAT_split/QF_NIA_2_34/20170427-VeryMax/ITS/From_AProVE_2014__juHashMapCreateContainsKey.jar-obl-11__p31780_safety_0.smt2 : 1545858 ms.
--------------------------------------------------
Number of variables: 185083
Number of clauses: 985892
unsat in 4 bits.
Number of variables: 423673
Number of clauses: 2347196
unsat in 10 bits.
Number of variables: 900385
Number of clauses: 5166684
unsat in 18 bits.
Number of variables: 2397723
Number of clauses: 14250574
../New_SAT_split/QF_NIA_2_34/20170427-VeryMax/ITS/From_AProVE_2014__juHashMapCreateContainsKey.jar-obl-11__p31781_safety_0.smt2 : 2401203 ms.
--------------------------------------------------
Number of variables: 336809
Number of clauses: 1784143
unsat in 4 bits.
Number of variables: 797387
Number of clauses: 4416703
unsat in 10 bits.
Number of variables: 1735059
Number of clauses: 9976047
unsat in 18 bits.
Number of variables: 4720083
Number of clauses: 28123022
../New_SAT_split/QF_NIA_2_34/20170427-VeryMax/ITS/From_AProVE_2014__juHashMapCreateContainsKey.jar-obl-11__p31782_safety_0.smt2 : 2401491 ms.
