--------------------------------------------------
Number of variables: 122160
Number of clauses: 802405
unsat in 4 bits.
Number of variables: 179367
Number of clauses: 1139884
sat
real sat
../New_SAT_split/QF_NIA_2_55/20170427-VeryMax/SAT14/1301.smt2 : 672805 ms.
--------------------------------------------------
Number of variables: 123969
Number of clauses: 815518
unsat in 4 bits.
Number of variables: 181558
Number of clauses: 1155383
sat
real sat
../New_SAT_split/QF_NIA_2_55/20170427-VeryMax/SAT14/1302.smt2 : 674107 ms.
--------------------------------------------------
Number of variables: 125862
Number of clauses: 829231
unsat in 4 bits.
Number of variables: 183881
Number of clauses: 1171866
sat
real sat
../New_SAT_split/QF_NIA_2_55/20170427-VeryMax/SAT14/1303.smt2 : 719571 ms.
--------------------------------------------------
Number of variables: 127543
Number of clauses: 841560
unsat in 4 bits.
Number of variables: 185848
Number of clauses: 1185813
sat
real sat
../New_SAT_split/QF_NIA_2_55/20170427-VeryMax/SAT14/1304.smt2 : 669298 ms.
--------------------------------------------------
Number of variables: 129332
Number of clauses: 854609
unsat in 4 bits.
Number of variables: 187971
Number of clauses: 1200864
sat
real sat
../New_SAT_split/QF_NIA_2_55/20170427-VeryMax/SAT14/1305.smt2 : 743964 ms.
--------------------------------------------------
Number of variables: 131137
Number of clauses: 867774
unsat in 4 bits.
Number of variables: 190110
Number of clauses: 1216031
sat
real sat
../New_SAT_split/QF_NIA_2_55/20170427-VeryMax/SAT14/1306.smt2 : 814739 ms.
--------------------------------------------------
Number of variables: 133026
Number of clauses: 881539
unsat in 4 bits.
Number of variables: 192381
Number of clauses: 1232182
sat
real sat
../New_SAT_split/QF_NIA_2_55/20170427-VeryMax/SAT14/1307.smt2 : 560090 ms.
--------------------------------------------------
Number of variables: 134863
Number of clauses: 894948
unsat in 4 bits.
Number of variables: 194552
Number of clauses: 1247593
sat
real sat
../New_SAT_split/QF_NIA_2_55/20170427-VeryMax/SAT14/1308.smt2 : 720412 ms.
--------------------------------------------------
Number of variables: 136792
Number of clauses: 908997
unsat in 4 bits.
Number of variables: 196863
Number of clauses: 1264028
sat
real sat
../New_SAT_split/QF_NIA_2_55/20170427-VeryMax/SAT14/1309.smt2 : 718013 ms.
--------------------------------------------------
Number of variables: 138737
Number of clauses: 923162
unsat in 4 bits.
Number of variables: 199190
Number of clauses: 1280579
sat
real sat
../New_SAT_split/QF_NIA_2_55/20170427-VeryMax/SAT14/1310.smt2 : 739785 ms.
--------------------------------------------------
Number of variables: 140766
Number of clauses: 937927
unsat in 4 bits.
Number of variables: 201649
Number of clauses: 1298114
sat
real sat
../New_SAT_split/QF_NIA_2_55/20170427-VeryMax/SAT14/1311.smt2 : 668483 ms.
--------------------------------------------------
Number of variables: 142667
Number of clauses: 951836
unsat in 4 bits.
Number of variables: 203884
Number of clauses: 1314025
sat
real sat
../New_SAT_split/QF_NIA_2_55/20170427-VeryMax/SAT14/1312.smt2 : 679313 ms.
--------------------------------------------------
Number of variables: 144668
Number of clauses: 966425
unsat in 4 bits.
Number of variables: 206267
Number of clauses: 1331000
sat
real sat
../New_SAT_split/QF_NIA_2_55/20170427-VeryMax/SAT14/1313.smt2 : 715781 ms.
--------------------------------------------------
Number of variables: 146685
Number of clauses: 981130
unsat in 4 bits.
Number of variables: 208666
Number of clauses: 1348091
sat
real sat
../New_SAT_split/QF_NIA_2_55/20170427-VeryMax/SAT14/1314.smt2 : 764294 ms.
--------------------------------------------------
Number of variables: 148786
Number of clauses: 996435
unsat in 4 bits.
Number of variables: 211197
Number of clauses: 1366166
sat
real sat
../New_SAT_split/QF_NIA_2_55/20170427-VeryMax/SAT14/1315.smt2 : 764911 ms.
--------------------------------------------------
Number of variables: 150835
Number of clauses: 1011384
unsat in 4 bits.
Number of variables: 213628
Number of clauses: 1383501
sat
real sat
../New_SAT_split/QF_NIA_2_55/20170427-VeryMax/SAT14/1316.smt2 : 691368 ms.
--------------------------------------------------
Number of variables: 152976
Number of clauses: 1026973
unsat in 4 bits.
Number of variables: 216199
Number of clauses: 1401860
sat
real sat
../New_SAT_split/QF_NIA_2_55/20170427-VeryMax/SAT14/1317.smt2 : 570958 ms.
--------------------------------------------------
Number of variables: 155133
Number of clauses: 1042678
unsat in 4 bits.
Number of variables: 218786
Number of clauses: 1420335
sat
real sat
../New_SAT_split/QF_NIA_2_55/20170427-VeryMax/SAT14/1318.smt2 : 795045 ms.
--------------------------------------------------
Number of variables: 157374
Number of clauses: 1058983
unsat in 4 bits.
Number of variables: 221505
Number of clauses: 1439794
sat
real sat
../New_SAT_split/QF_NIA_2_55/20170427-VeryMax/SAT14/1319.smt2 : 708383 ms.
--------------------------------------------------
Number of variables: 159213
Number of clauses: 1072684
unsat in 4 bits.
Number of variables: 223580
Number of clauses: 1454721
sat
real sat
../New_SAT_split/QF_NIA_2_55/20170427-VeryMax/SAT14/1320.smt2 : 843342 ms.
--------------------------------------------------
Number of variables: 161176
Number of clauses: 1087273
unsat in 4 bits.
Number of variables: 225827
Number of clauses: 1470920
sat
real sat
../New_SAT_split/QF_NIA_2_55/20170427-VeryMax/SAT14/1321.smt2 : 734502 ms.
--------------------------------------------------
Number of variables: 163155
Number of clauses: 1101978
unsat in 4 bits.
Number of variables: 228090
Number of clauses: 1487235
sat
real sat
../New_SAT_split/QF_NIA_2_55/20170427-VeryMax/SAT14/1322.smt2 : 927507 ms.
--------------------------------------------------
Number of variables: 165218
Number of clauses: 1117283
unsat in 4 bits.
Number of variables: 230485
Number of clauses: 1504534
sat
real sat
../New_SAT_split/QF_NIA_2_55/20170427-VeryMax/SAT14/1323.smt2 : 713412 ms.
--------------------------------------------------
Number of variables: 167229
Number of clauses: 1132232
unsat in 4 bits.
Number of variables: 232780
Number of clauses: 1521093
sat
real sat
../New_SAT_split/QF_NIA_2_55/20170427-VeryMax/SAT14/1324.smt2 : 799119 ms.
--------------------------------------------------
Number of variables: 169332
Number of clauses: 1147821
unsat in 4 bits.
Number of variables: 235215
Number of clauses: 1538676
sat
real sat
../New_SAT_split/QF_NIA_2_55/20170427-VeryMax/SAT14/1325.smt2 : 770804 ms.
--------------------------------------------------
Number of variables: 171451
Number of clauses: 1163526
unsat in 4 bits.
Number of variables: 237666
Number of clauses: 1556375
sat
real sat
../New_SAT_split/QF_NIA_2_55/20170427-VeryMax/SAT14/1326.smt2 : 742014 ms.
--------------------------------------------------
Number of variables: 173654
Number of clauses: 1179831
unsat in 4 bits.
Number of variables: 240249
Number of clauses: 1575058
sat
real sat
../New_SAT_split/QF_NIA_2_55/20170427-VeryMax/SAT14/1327.smt2 : 859083 ms.
--------------------------------------------------
Number of variables: 175729
Number of clauses: 1195280
unsat in 4 bits.
Number of variables: 242608
Number of clauses: 1592117
sat
real sat
../New_SAT_split/QF_NIA_2_55/20170427-VeryMax/SAT14/1328.smt2 : 752208 ms.
--------------------------------------------------
Number of variables: 177904
Number of clauses: 1211409
unsat in 4 bits.
Number of variables: 245115
Number of clauses: 1610240
sat
real sat
../New_SAT_split/QF_NIA_2_55/20170427-VeryMax/SAT14/1329.smt2 : 690147 ms.
--------------------------------------------------
Number of variables: 194497
Number of clauses: 1334236
unsat in 4 bits.
Number of variables: 274752
Number of clauses: 1810155
sat
real sat
../New_SAT_split/QF_NIA_2_55/20170427-VeryMax/SAT14/1330.smt2 : 337647 ms.
--------------------------------------------------
Number of variables: 197171
Number of clauses: 1354345
unsat in 4 bits.
Number of variables: 277770
Number of clauses: 1832354
sat
real sat
../New_SAT_split/QF_NIA_2_55/20170427-VeryMax/SAT14/1331.smt2 : 304952 ms.
--------------------------------------------------
Number of variables: 199969
Number of clauses: 1375278
unsat in 4 bits.
Number of variables: 280960
Number of clauses: 1855761
sat
real sat
../New_SAT_split/QF_NIA_2_55/20170427-VeryMax/SAT14/1332.smt2 : 297392 ms.
--------------------------------------------------
Number of variables: 202791
Number of clauses: 1396391
unsat in 4 bits.
Number of variables: 284174
Number of clauses: 1879348
sat
real sat
../New_SAT_split/QF_NIA_2_55/20170427-VeryMax/SAT14/1333.smt2 : 307053 ms.
--------------------------------------------------
Number of variables: 205870
Number of clauses: 1418943
unsat in 4 bits.
Number of variables: 287801
Number of clauses: 1905352
sat
real sat
../New_SAT_split/QF_NIA_2_55/20170427-VeryMax/SAT14/1334.smt2 : 360480 ms.
--------------------------------------------------
Number of variables: 209041
Number of clauses: 1442159
unsat in 4 bits.
Number of variables: 291568
Number of clauses: 1932404
sat
real sat
../New_SAT_split/QF_NIA_2_55/20170427-VeryMax/SAT14/1335.smt2 : 283706 ms.
--------------------------------------------------
Number of variables: 212092
Number of clauses: 1464583
unsat in 4 bits.
Number of variables: 295119
Number of clauses: 1957896
sat
real sat
../New_SAT_split/QF_NIA_2_55/20170427-VeryMax/SAT14/1336.smt2 : 294809 ms.
--------------------------------------------------
Number of variables: 215251
Number of clauses: 1487751
unsat in 4 bits.
Number of variables: 298826
Number of clauses: 1984516
sat
real sat
../New_SAT_split/QF_NIA_2_55/20170427-VeryMax/SAT14/1337.smt2 : 255383 ms.
--------------------------------------------------
Number of variables: 218261
Number of clauses: 1510296
unsat in 4 bits.
Number of variables: 302276
Number of clauses: 2009919
sat
real sat
../New_SAT_split/QF_NIA_2_55/20170427-VeryMax/SAT14/1338.smt2 : 416936 ms.
--------------------------------------------------
Number of variables: 220742
Number of clauses: 1528397
unsat in 4 bits.
Number of variables: 305183
Number of clauses: 2030774
sat
real sat
../New_SAT_split/QF_NIA_2_55/20170427-VeryMax/SAT14/1339.smt2 : 367647 ms.
--------------------------------------------------
Number of variables: 224247
Number of clauses: 1554838
unsat in 4 bits.
Number of variables: 309190
Number of clauses: 2060561
sat
real sat
../New_SAT_split/QF_NIA_2_55/20170427-VeryMax/SAT14/1340.smt2 : 472812 ms.
--------------------------------------------------
Number of variables: 226828
Number of clauses: 1573667
unsat in 4 bits.
Number of variables: 312245
Number of clauses: 2082528
sat
real sat
../New_SAT_split/QF_NIA_2_55/20170427-VeryMax/SAT14/1341.smt2 : 382264 ms.
--------------------------------------------------
Number of variables: 230313
Number of clauses: 1600008
unsat in 4 bits.
Number of variables: 316184
Number of clauses: 2111831
sat
real sat
../New_SAT_split/QF_NIA_2_55/20170427-VeryMax/SAT14/1342.smt2 : 350029 ms.
--------------------------------------------------
Number of variables: 232858
Number of clauses: 1618609
unsat in 4 bits.
Number of variables: 319155
Number of clauses: 2133186
sat
real sat
../New_SAT_split/QF_NIA_2_55/20170427-VeryMax/SAT14/1343.smt2 : 435368 ms.
--------------------------------------------------
Number of variables: 236467
Number of clauses: 1645846
unsat in 4 bits.
Number of variables: 323266
Number of clauses: 2163769
sat
real sat
../New_SAT_split/QF_NIA_2_55/20170427-VeryMax/SAT14/1344.smt2 : 388180 ms.
--------------------------------------------------
Number of variables: 239120
Number of clauses: 1665215
unsat in 4 bits.
Number of variables: 326393
Number of clauses: 2186276
sat
real sat
../New_SAT_split/QF_NIA_2_55/20170427-VeryMax/SAT14/1345.smt2 : 425018 ms.
--------------------------------------------------
Number of variables: 242777
Number of clauses: 1692824
unsat in 4 bits.
Number of variables: 330552
Number of clauses: 2217231
sat
real sat
../New_SAT_split/QF_NIA_2_55/20170427-VeryMax/SAT14/1346.smt2 : 338838 ms.
--------------------------------------------------
Number of variables: 245462
Number of clauses: 1712437
unsat in 4 bits.
Number of variables: 333711
Number of clauses: 2239982
sat
real sat
../New_SAT_split/QF_NIA_2_55/20170427-VeryMax/SAT14/1347.smt2 : 368396 ms.
--------------------------------------------------
Number of variables: 249235
Number of clauses: 1740902
unsat in 4 bits.
Number of variables: 338034
Number of clauses: 2272177
sat
real sat
../New_SAT_split/QF_NIA_2_55/20170427-VeryMax/SAT14/1348.smt2 : 330628 ms.
--------------------------------------------------
Number of variables: 252020
Number of clauses: 1761243
unsat in 4 bits.
Number of variables: 341341
Number of clauses: 2296040
sat
real sat
../New_SAT_split/QF_NIA_2_55/20170427-VeryMax/SAT14/1349.smt2 : 384491 ms.
--------------------------------------------------
Number of variables: 255697
Number of clauses: 1789108
unsat in 4 bits.
Number of variables: 345472
Number of clauses: 2326867
sat
real sat
../New_SAT_split/QF_NIA_2_55/20170427-VeryMax/SAT14/1350.smt2 : 520305 ms.
--------------------------------------------------
Number of variables: 258094
Number of clauses: 1807053
unsat in 4 bits.
Number of variables: 348151
Number of clauses: 2346414
sat
real sat
../New_SAT_split/QF_NIA_2_55/20170427-VeryMax/SAT14/1351.smt2 : 549843 ms.
--------------------------------------------------
Number of variables: 261903
Number of clauses: 1835854
unsat in 4 bits.
Number of variables: 352462
Number of clauses: 2378561
sat
real sat
../New_SAT_split/QF_NIA_2_55/20170427-VeryMax/SAT14/1352.smt2 : 464677 ms.
--------------------------------------------------
Number of variables: 264440
Number of clauses: 1854727
unsat in 4 bits.
Number of variables: 355329
Number of clauses: 2399420
sat
real sat
../New_SAT_split/QF_NIA_2_55/20170427-VeryMax/SAT14/1353.smt2 : 408444 ms.
--------------------------------------------------
Number of variables: 268297
Number of clauses: 1883900
unsat in 4 bits.
Number of variables: 359688
Number of clauses: 2431939
sat
real sat
../New_SAT_split/QF_NIA_2_55/20170427-VeryMax/SAT14/1354.smt2 : 410974 ms.
--------------------------------------------------
Number of variables: 270866
Number of clauses: 1903017
unsat in 4 bits.
Number of variables: 362587
Number of clauses: 2453042
sat
real sat
../New_SAT_split/QF_NIA_2_55/20170427-VeryMax/SAT14/1355.smt2 : 437757 ms.
--------------------------------------------------
Number of variables: 274839
Number of clauses: 1933046
unsat in 4 bits.
Number of variables: 367110
Number of clauses: 2486801
sat
real sat
../New_SAT_split/QF_NIA_2_55/20170427-VeryMax/SAT14/1356.smt2 : 382028 ms.
--------------------------------------------------
Number of variables: 277508
Number of clauses: 1952891
unsat in 4 bits.
Number of variables: 370157
Number of clauses: 2509016
sat
real sat
../New_SAT_split/QF_NIA_2_55/20170427-VeryMax/SAT14/1357.smt2 : 410740 ms.
--------------------------------------------------
Number of variables: 280926
Number of clauses: 1978664
unsat in 4 bits.
Number of variables: 374015
Number of clauses: 2537647
sat
real sat
../New_SAT_split/QF_NIA_2_55/20170427-VeryMax/SAT14/1358.smt2 : 481088 ms.
--------------------------------------------------
Number of variables: 284895
Number of clauses: 2008781
unsat in 4 bits.
Number of variables: 378486
Number of clauses: 2571110
sat
real sat
../New_SAT_split/QF_NIA_2_55/20170427-VeryMax/SAT14/1359.smt2 : 618569 ms.
--------------------------------------------------
Number of variables: 287544
Number of clauses: 2028526
unsat in 4 bits.
Number of variables: 381465
Number of clauses: 2592841
sat
real sat
../New_SAT_split/QF_NIA_2_55/20170427-VeryMax/SAT14/1360.smt2 : 397193 ms.
--------------------------------------------------
Number of variables: 291642
Number of clauses: 2059286
unsat in 4 bits.
Number of variables: 386125
Number of clauses: 2627157
sat
real sat
../New_SAT_split/QF_NIA_2_55/20170427-VeryMax/SAT14/1361.smt2 : 599145 ms.
--------------------------------------------------
Number of variables: 294399
Number of clauses: 2079799
unsat in 4 bits.
Number of variables: 389260
Number of clauses: 2650040
sat
real sat
../New_SAT_split/QF_NIA_2_55/20170427-VeryMax/SAT14/1362.smt2 : 679626 ms.
--------------------------------------------------
Number of variables: 297172
Number of clauses: 2100428
unsat in 4 bits.
Number of variables: 392411
Number of clauses: 2673039
sat
real sat
../New_SAT_split/QF_NIA_2_55/20170427-VeryMax/SAT14/1363.smt2 : 548246 ms.
--------------------------------------------------
Number of variables: 300029
Number of clauses: 2121657
unsat in 4 bits.
Number of variables: 395694
Number of clauses: 2697022
sat
real sat
../New_SAT_split/QF_NIA_2_55/20170427-VeryMax/SAT14/1364.smt2 : 629373 ms.
--------------------------------------------------
Number of variables: 302758
Number of clauses: 2142030
unsat in 4 bits.
Number of variables: 398753
Number of clauses: 2719381
sat
real sat
../New_SAT_split/QF_NIA_2_55/20170427-VeryMax/SAT14/1365.smt2 : 619444 ms.
--------------------------------------------------
Number of variables: 305587
Number of clauses: 2163083
unsat in 4 bits.
Number of variables: 401960
Number of clauses: 2742804
sat
real sat
../New_SAT_split/QF_NIA_2_55/20170427-VeryMax/SAT14/1366.smt2 : 603565 ms.
--------------------------------------------------
Number of variables: 308973
Number of clauses: 2188528
unsat in 4 bits.
Number of variables: 405786
Number of clauses: 2771107
sat
real sat
../New_SAT_split/QF_NIA_2_55/20170427-VeryMax/SAT14/1367.smt2 : 633598 ms.
--------------------------------------------------
Number of variables: 313015
Number of clauses: 2219200
unsat in 4 bits.
Number of variables: 410294
Number of clauses: 2804567
sat
real sat
../New_SAT_split/QF_NIA_2_55/20170427-VeryMax/SAT14/1368.smt2 : 583210 ms.
--------------------------------------------------
Number of variables: 316449
Number of clauses: 2245017
unsat in 4 bits.
Number of variables: 414168
Number of clauses: 2833242
sat
real sat
../New_SAT_split/QF_NIA_2_55/20170427-VeryMax/SAT14/1369.smt2 : 528775 ms.
--------------------------------------------------
Number of variables: 320655
Number of clauses: 2276785
unsat in 4 bits.
Number of variables: 418888
Number of clauses: 2868182
sat
real sat
../New_SAT_split/QF_NIA_2_55/20170427-VeryMax/SAT14/1370.smt2 : 607605 ms.
--------------------------------------------------
Number of variables: 324893
Number of clauses: 2308797
unsat in 4 bits.
Number of variables: 423640
Number of clauses: 2903366
sat
real sat
../New_SAT_split/QF_NIA_2_55/20170427-VeryMax/SAT14/1371.smt2 : 502382 ms.
--------------------------------------------------
Number of variables: 329182
Number of clauses: 2341402
unsat in 4 bits.
Number of variables: 428431
Number of clauses: 2939317
sat
real sat
../New_SAT_split/QF_NIA_2_55/20170427-VeryMax/SAT14/1372.smt2 : 835094 ms.
--------------------------------------------------
Number of variables: 332977
Number of clauses: 2369802
unsat in 4 bits.
Number of variables: 432726
Number of clauses: 2970785
sat
real sat
../New_SAT_split/QF_NIA_2_55/20170427-VeryMax/SAT14/1373.smt2 : 606955 ms.
--------------------------------------------------
Number of variables: 337322
Number of clauses: 2402843
unsat in 4 bits.
Number of variables: 437573
Number of clauses: 3007172
sat
real sat
../New_SAT_split/QF_NIA_2_55/20170427-VeryMax/SAT14/1374.smt2 : 621386 ms.
--------------------------------------------------
Number of variables: 341764
Number of clauses: 2436355
unsat in 4 bits.
Number of variables: 442577
Number of clauses: 3044240
sat
real sat
../New_SAT_split/QF_NIA_2_55/20170427-VeryMax/SAT14/1375.smt2 : 675396 ms.
--------------------------------------------------
Number of variables: 346306
Number of clauses: 2470595
unsat in 4 bits.
Number of variables: 447729
Number of clauses: 3082420
sat
real sat
../New_SAT_split/QF_NIA_2_55/20170427-VeryMax/SAT14/1376.smt2 : 861240 ms.
--------------------------------------------------
Number of variables: 349992
Number of clauses: 2498356
unsat in 4 bits.
Number of variables: 451903
Number of clauses: 3113423
sat
real sat
../New_SAT_split/QF_NIA_2_55/20170427-VeryMax/SAT14/1377.smt2 : 718077 ms.
--------------------------------------------------
Number of variables: 353059
Number of clauses: 2521329
unsat in 4 bits.
Number of variables: 455394
Number of clauses: 3139142
sat
real sat
../New_SAT_split/QF_NIA_2_55/20170427-VeryMax/SAT14/1378.smt2 : 1911372 ms.
--------------------------------------------------
Number of variables: 357608
Number of clauses: 2555930
unsat in 4 bits.
Number of variables: 460493
Number of clauses: 3177473
sat
real sat
../New_SAT_split/QF_NIA_2_55/20170427-VeryMax/SAT14/1379.smt2 : 2002827 ms.
--------------------------------------------------
Number of variables: 361823
Number of clauses: 2587150
unsat in 4 bits.
Number of variables: 465352
Number of clauses: 3212913
sat
real sat
../New_SAT_split/QF_NIA_2_55/20170427-VeryMax/SAT14/1380.smt2 : 1746953 ms.
--------------------------------------------------
Number of variables: 364710
Number of clauses: 2608995
unsat in 4 bits.
Number of variables: 468519
Number of clauses: 3236352
sat
real sat
../New_SAT_split/QF_NIA_2_55/20170427-VeryMax/SAT14/1381.smt2 : 1590328 ms.
--------------------------------------------------
Number of variables: 367705
Number of clauses: 2631560
unsat in 4 bits.
Number of variables: 471842
Number of clauses: 3260895
../New_SAT_split/QF_NIA_2_55/20170427-VeryMax/SAT14/1382.smt2 : 2401049 ms.
--------------------------------------------------
Number of variables: 370716
Number of clauses: 2654241
unsat in 4 bits.
Number of variables: 475181
Number of clauses: 3285554
../New_SAT_split/QF_NIA_2_55/20170427-VeryMax/SAT14/1383.smt2 : 2401052 ms.
--------------------------------------------------
Number of variables: 373811
Number of clauses: 2677522
unsat in 4 bits.
Number of variables: 478652
Number of clauses: 3311197
../New_SAT_split/QF_NIA_2_55/20170427-VeryMax/SAT14/1384.smt2 : 2401077 ms.
--------------------------------------------------
Number of variables: 378182
Number of clauses: 2709918
unsat in 4 bits.
Number of variables: 483715
Number of clauses: 3348197
../New_SAT_split/QF_NIA_2_55/20170427-VeryMax/SAT14/1385.smt2 : 2401069 ms.
--------------------------------------------------
Number of variables: 381935
Number of clauses: 2738474
unsat in 4 bits.
Number of variables: 487822
Number of clauses: 3378661
../New_SAT_split/QF_NIA_2_55/20170427-VeryMax/SAT14/1386.smt2 : 2401063 ms.
--------------------------------------------------
Number of variables: 385836
Number of clauses: 2768110
unsat in 4 bits.
Number of variables: 492125
Number of clauses: 3410589
../New_SAT_split/QF_NIA_2_55/20170427-VeryMax/SAT14/1387.smt2 : 2401069 ms.
--------------------------------------------------
Number of variables: 389761
Number of clauses: 2797926
unsat in 4 bits.
Number of variables: 496452
Number of clauses: 3442697
sat
real sat
../New_SAT_split/QF_NIA_2_55/20170427-VeryMax/SAT14/1388.smt2 : 2194225 ms.
--------------------------------------------------
Number of variables: 393778
Number of clauses: 2828406
unsat in 4 bits.
Number of variables: 500919
Number of clauses: 3475853
../New_SAT_split/QF_NIA_2_55/20170427-VeryMax/SAT14/1389.smt2 : 2401103 ms.
--------------------------------------------------
Number of variables: 397751
Number of clauses: 2858594
unsat in 4 bits.
Number of variables: 505294
Number of clauses: 3508333
../New_SAT_split/QF_NIA_2_55/20170427-VeryMax/SAT14/1390.smt2 : 2401071 ms.
--------------------------------------------------
Number of variables: 41895
Number of clauses: 231876
sat
real sat
../New_SAT_split/QF_NIA_2_55/20170427-VeryMax/SAT14/1391.smt2 : 3189 ms.
--------------------------------------------------
Number of variables: 42865
Number of clauses: 238749
sat
real sat
../New_SAT_split/QF_NIA_2_55/20170427-VeryMax/SAT14/1392.smt2 : 6785 ms.
--------------------------------------------------
Number of variables: 44093
Number of clauses: 247309
sat
real sat
../New_SAT_split/QF_NIA_2_55/20170427-VeryMax/SAT14/1393.smt2 : 4554 ms.
--------------------------------------------------
Number of variables: 45288
Number of clauses: 255910
sat
real sat
../New_SAT_split/QF_NIA_2_55/20170427-VeryMax/SAT14/1394.smt2 : 4215 ms.
--------------------------------------------------
Number of variables: 46291
Number of clauses: 262598
unsat in 4 bits.
Number of variables: 93964
Number of clauses: 531545
sat
real sat
../New_SAT_split/QF_NIA_2_55/20170427-VeryMax/SAT14/1395.smt2 : 35761 ms.
--------------------------------------------------
Number of variables: 47489
Number of clauses: 270879
unsat in 4 bits.
Number of variables: 95606
Number of clauses: 542700
sat
real sat
../New_SAT_split/QF_NIA_2_55/20170427-VeryMax/SAT14/1396.smt2 : 50564 ms.
--------------------------------------------------
Number of variables: 48567
Number of clauses: 278368
unsat in 4 bits.
Number of variables: 97032
Number of clauses: 552295
sat
real sat
../New_SAT_split/QF_NIA_2_55/20170427-VeryMax/SAT14/1397.smt2 : 49386 ms.
--------------------------------------------------
Number of variables: 49753
Number of clauses: 286601
unsat in 4 bits.
Number of variables: 98614
Number of clauses: 563018
sat
real sat
../New_SAT_split/QF_NIA_2_55/20170427-VeryMax/SAT14/1398.smt2 : 44480 ms.
--------------------------------------------------
Number of variables: 50963
Number of clauses: 295014
unsat in 4 bits.
Number of variables: 100220
Number of clauses: 573921
sat
real sat
../New_SAT_split/QF_NIA_2_55/20170427-VeryMax/SAT14/1399.smt2 : 56082 ms.
--------------------------------------------------
Number of variables: 52265
Number of clauses: 304091
unsat in 4 bits.
Number of variables: 101966
Number of clauses: 585872
sat
real sat
../New_SAT_split/QF_NIA_2_55/20170427-VeryMax/SAT14/1400.smt2 : 75151 ms.
--------------------------------------------------
Number of variables: 53599
Number of clauses: 313388
unsat in 4 bits.
Number of variables: 103744
Number of clauses: 598043
sat
real sat
../New_SAT_split/QF_NIA_2_55/20170427-VeryMax/SAT14/1401.smt2 : 54075 ms.
--------------------------------------------------
Number of variables: 55246
Number of clauses: 325117
unsat in 4 bits.
Number of variables: 105895
Number of clauses: 613126
sat
real sat
../New_SAT_split/QF_NIA_2_55/20170427-VeryMax/SAT14/1402.smt2 : 57109 ms.
--------------------------------------------------
Number of variables: 56131
Number of clauses: 331230
unsat in 4 bits.
Number of variables: 107018
Number of clauses: 620473
sat
real sat
../New_SAT_split/QF_NIA_2_55/20170427-VeryMax/SAT14/1403.smt2 : 33374 ms.
--------------------------------------------------
Number of variables: 57826
Number of clauses: 343331
unsat in 4 bits.
Number of variables: 109217
Number of clauses: 635928
sat
real sat
../New_SAT_split/QF_NIA_2_55/20170427-VeryMax/SAT14/1404.smt2 : 38286 ms.
--------------------------------------------------
Number of variables: 58853
Number of clauses: 350432
unsat in 4 bits.
Number of variables: 110528
Number of clauses: 644639
sat
real sat
../New_SAT_split/QF_NIA_2_55/20170427-VeryMax/SAT14/1405.smt2 : 45063 ms.
--------------------------------------------------
Number of variables: 60409
Number of clauses: 361472
unsat in 4 bits.
Number of variables: 112504
Number of clauses: 658091
sat
real sat
../New_SAT_split/QF_NIA_2_55/20170427-VeryMax/SAT14/1406.smt2 : 57564 ms.
--------------------------------------------------
Number of variables: 61628
Number of clauses: 369833
unsat in 4 bits.
Number of variables: 114103
Number of clauses: 668830
sat
real sat
../New_SAT_split/QF_NIA_2_55/20170427-VeryMax/SAT14/1407.smt2 : 45425 ms.
--------------------------------------------------
Number of variables: 63432
Number of clauses: 382513
unsat in 4 bits.
Number of variables: 116423
Number of clauses: 684690
sat
real sat
../New_SAT_split/QF_NIA_2_55/20170427-VeryMax/SAT14/1408.smt2 : 53090 ms.
--------------------------------------------------
Number of variables: 65323
Number of clauses: 396110
unsat in 4 bits.
Number of variables: 118866
Number of clauses: 702025
sat
real sat
../New_SAT_split/QF_NIA_2_55/20170427-VeryMax/SAT14/1409.smt2 : 53119 ms.
--------------------------------------------------
Number of variables: 66707
Number of clauses: 405991
unsat in 4 bits.
Number of variables: 120596
Number of clauses: 714004
sat
real sat
../New_SAT_split/QF_NIA_2_55/20170427-VeryMax/SAT14/1410.smt2 : 50494 ms.
--------------------------------------------------
Number of variables: 68507
Number of clauses: 418819
unsat in 4 bits.
Number of variables: 122864
Number of clauses: 729628
sat
real sat
../New_SAT_split/QF_NIA_2_55/20170427-VeryMax/SAT14/1411.smt2 : 55017 ms.
--------------------------------------------------
Number of variables: 70431
Number of clauses: 432447
unsat in 4 bits.
Number of variables: 125304
Number of clauses: 746436
sat
real sat
../New_SAT_split/QF_NIA_2_55/20170427-VeryMax/SAT14/1412.smt2 : 58502 ms.
--------------------------------------------------
Number of variables: 71762
Number of clauses: 441620
unsat in 4 bits.
Number of variables: 127015
Number of clauses: 757987
sat
real sat
../New_SAT_split/QF_NIA_2_55/20170427-VeryMax/SAT14/1413.smt2 : 57686 ms.
--------------------------------------------------
Number of variables: 73894
Number of clauses: 456648
unsat in 4 bits.
Number of variables: 129759
Number of clauses: 776963
sat
real sat
../New_SAT_split/QF_NIA_2_55/20170427-VeryMax/SAT14/1414.smt2 : 59678 ms.
--------------------------------------------------
Number of variables: 75974
Number of clauses: 471428
unsat in 4 bits.
Number of variables: 132403
Number of clauses: 795307
sat
real sat
../New_SAT_split/QF_NIA_2_55/20170427-VeryMax/SAT14/1415.smt2 : 68117 ms.
--------------------------------------------------
Number of variables: 78094
Number of clauses: 486492
unsat in 4 bits.
Number of variables: 135087
Number of clauses: 813935
sat
real sat
../New_SAT_split/QF_NIA_2_55/20170427-VeryMax/SAT14/1416.smt2 : 73224 ms.
--------------------------------------------------
Number of variables: 79803
Number of clauses: 498428
unsat in 4 bits.
Number of variables: 137250
Number of clauses: 828563
sat
real sat
../New_SAT_split/QF_NIA_2_55/20170427-VeryMax/SAT14/1417.smt2 : 52915 ms.
--------------------------------------------------
Number of variables: 81838
Number of clauses: 513213
unsat in 4 bits.
Number of variables: 139741
Number of clauses: 846318
sat
real sat
../New_SAT_split/QF_NIA_2_55/20170427-VeryMax/SAT14/1418.smt2 : 65642 ms.
--------------------------------------------------
Number of variables: 83970
Number of clauses: 528469
unsat in 4 bits.
Number of variables: 142389
Number of clauses: 864754
sat
real sat
../New_SAT_split/QF_NIA_2_55/20170427-VeryMax/SAT14/1419.smt2 : 65529 ms.
--------------------------------------------------
Number of variables: 86210
Number of clauses: 544493
unsat in 4 bits.
Number of variables: 145193
Number of clauses: 884342
sat
real sat
../New_SAT_split/QF_NIA_2_55/20170427-VeryMax/SAT14/1420.smt2 : 68467 ms.
--------------------------------------------------
Number of variables: 88417
Number of clauses: 560558
unsat in 4 bits.
Number of variables: 147904
Number of clauses: 903761
sat
real sat
../New_SAT_split/QF_NIA_2_55/20170427-VeryMax/SAT14/1421.smt2 : 63315 ms.
--------------------------------------------------
Number of variables: 90656
Number of clauses: 576867
unsat in 4 bits.
Number of variables: 150647
Number of clauses: 923424
sat
real sat
../New_SAT_split/QF_NIA_2_55/20170427-VeryMax/SAT14/1422.smt2 : 77779 ms.
--------------------------------------------------
Number of variables: 92992
Number of clauses: 593647
unsat in 4 bits.
Number of variables: 153547
Number of clauses: 943768
sat
real sat
../New_SAT_split/QF_NIA_2_55/20170427-VeryMax/SAT14/1423.smt2 : 84589 ms.
--------------------------------------------------
Number of variables: 94423
Number of clauses: 603716
unsat in 4 bits.
Number of variables: 155310
Number of clauses: 955831
sat
real sat
../New_SAT_split/QF_NIA_2_55/20170427-VeryMax/SAT14/1424.smt2 : 95246 ms.
--------------------------------------------------
Number of variables: 95954
Number of clauses: 614465
unsat in 4 bits.
Number of variables: 157221
Number of clauses: 968958
sat
real sat
../New_SAT_split/QF_NIA_2_55/20170427-VeryMax/SAT14/1425.smt2 : 87308 ms.
--------------------------------------------------
Number of variables: 97501
Number of clauses: 625330
unsat in 4 bits.
Number of variables: 159148
Number of clauses: 982201
sat
real sat
../New_SAT_split/QF_NIA_2_55/20170427-VeryMax/SAT14/1426.smt2 : 122021 ms.
--------------------------------------------------
Number of variables: 99132
Number of clauses: 636795
unsat in 4 bits.
Number of variables: 161207
Number of clauses: 996428
sat
real sat
../New_SAT_split/QF_NIA_2_55/20170427-VeryMax/SAT14/1427.smt2 : 83633 ms.
--------------------------------------------------
Number of variables: 100711
Number of clauses: 647904
unsat in 4 bits.
Number of variables: 163166
Number of clauses: 1009915
sat
real sat
../New_SAT_split/QF_NIA_2_55/20170427-VeryMax/SAT14/1428.smt2 : 99104 ms.
--------------------------------------------------
Number of variables: 102382
Number of clauses: 659653
unsat in 4 bits.
Number of variables: 165265
Number of clauses: 1024426
sat
real sat
../New_SAT_split/QF_NIA_2_55/20170427-VeryMax/SAT14/1429.smt2 : 79639 ms.
--------------------------------------------------
Number of variables: 104069
Number of clauses: 671518
unsat in 4 bits.
Number of variables: 167380
Number of clauses: 1039053
sat
real sat
../New_SAT_split/QF_NIA_2_55/20170427-VeryMax/SAT14/1430.smt2 : 77206 ms.
--------------------------------------------------
Number of variables: 105840
Number of clauses: 683983
unsat in 4 bits.
Number of variables: 169627
Number of clauses: 1054664
sat
real sat
../New_SAT_split/QF_NIA_2_55/20170427-VeryMax/SAT14/1431.smt2 : 88694 ms.
--------------------------------------------------
Number of variables: 107575
Number of clauses: 696172
unsat in 4 bits.
Number of variables: 171790
Number of clauses: 1069615
sat
real sat
../New_SAT_split/QF_NIA_2_55/20170427-VeryMax/SAT14/1432.smt2 : 112190 ms.
--------------------------------------------------
Number of variables: 109326
Number of clauses: 708477
unsat in 4 bits.
Number of variables: 173969
Number of clauses: 1084682
sat
real sat
../New_SAT_split/QF_NIA_2_55/20170427-VeryMax/SAT14/1433.smt2 : 113732 ms.
--------------------------------------------------
Number of variables: 111161
Number of clauses: 721382
unsat in 4 bits.
Number of variables: 176280
Number of clauses: 1100733
sat
real sat
../New_SAT_split/QF_NIA_2_55/20170427-VeryMax/SAT14/1434.smt2 : 99537 ms.
--------------------------------------------------
Number of variables: 112944
Number of clauses: 733931
unsat in 4 bits.
Number of variables: 178491
Number of clauses: 1116044
sat
real sat
../New_SAT_split/QF_NIA_2_55/20170427-VeryMax/SAT14/1435.smt2 : 106590 ms.
--------------------------------------------------
Number of variables: 114819
Number of clauses: 747120
unsat in 4 bits.
Number of variables: 180842
Number of clauses: 1132379
sat
real sat
../New_SAT_split/QF_NIA_2_55/20170427-VeryMax/SAT14/1436.smt2 : 104806 ms.
--------------------------------------------------
Number of variables: 116368
Number of clauses: 758353
unsat in 4 bits.
Number of variables: 182673
Number of clauses: 1145214
sat
real sat
../New_SAT_split/QF_NIA_2_55/20170427-VeryMax/SAT14/1437.smt2 : 117980 ms.
--------------------------------------------------
Number of variables: 117933
Number of clauses: 769702
unsat in 4 bits.
Number of variables: 184520
Number of clauses: 1158165
sat
real sat
../New_SAT_split/QF_NIA_2_55/20170427-VeryMax/SAT14/1438.smt2 : 165768 ms.
--------------------------------------------------
Number of variables: 119582
Number of clauses: 781651
unsat in 4 bits.
Number of variables: 186499
Number of clauses: 1172100
sat
real sat
../New_SAT_split/QF_NIA_2_55/20170427-VeryMax/SAT14/1439.smt2 : 125875 ms.
--------------------------------------------------
Number of variables: 121263
Number of clauses: 793784
unsat in 4 bits.
Number of variables: 188510
Number of clauses: 1186219
sat
real sat
../New_SAT_split/QF_NIA_2_55/20170427-VeryMax/SAT14/1440.smt2 : 125346 ms.
--------------------------------------------------
Number of variables: 123906
Number of clauses: 813253
unsat in 4 bits.
Number of variables: 191705
Number of clauses: 1209426
sat
real sat
../New_SAT_split/QF_NIA_2_55/20170427-VeryMax/SAT14/1441.smt2 : 129528 ms.
--------------------------------------------------
Number of variables: 125619
Number of clauses: 825630
unsat in 4 bits.
Number of variables: 193748
Number of clauses: 1223789
sat
real sat
../New_SAT_split/QF_NIA_2_55/20170427-VeryMax/SAT14/1442.smt2 : 107455 ms.
--------------------------------------------------
Number of variables: 127416
Number of clauses: 838607
unsat in 4 bits.
Number of variables: 195923
Number of clauses: 1239136
sat
real sat
../New_SAT_split/QF_NIA_2_55/20170427-VeryMax/SAT14/1443.smt2 : 137833 ms.
--------------------------------------------------
Number of variables: 129615
Number of clauses: 854515
unsat in 4 bits.
Number of variables: 198574
Number of clauses: 1257728
sat
real sat
../New_SAT_split/QF_NIA_2_55/20170427-VeryMax/SAT14/1444.smt2 : 150330 ms.
--------------------------------------------------
Number of variables: 132261
Number of clauses: 873935
unsat in 4 bits.
Number of variables: 201734
Number of clauses: 1280320
sat
real sat
../New_SAT_split/QF_NIA_2_55/20170427-VeryMax/SAT14/1445.smt2 : 166348 ms.
--------------------------------------------------
Number of variables: 134874
Number of clauses: 893396
unsat in 4 bits.
Number of variables: 204801
Number of clauses: 1302743
sat
real sat
../New_SAT_split/QF_NIA_2_55/20170427-VeryMax/SAT14/1446.smt2 : 124204 ms.
--------------------------------------------------
Number of variables: 137584
Number of clauses: 913316
unsat in 4 bits.
Number of variables: 208025
Number of clauses: 1325835
sat
real sat
../New_SAT_split/QF_NIA_2_55/20170427-VeryMax/SAT14/1447.smt2 : 165123 ms.
--------------------------------------------------
Number of variables: 140407
Number of clauses: 933751
unsat in 4 bits.
Number of variables: 211422
Number of clauses: 1349652
sat
real sat
../New_SAT_split/QF_NIA_2_55/20170427-VeryMax/SAT14/1448.smt2 : 208648 ms.
--------------------------------------------------
Number of variables: 142729
Number of clauses: 950864
unsat in 4 bits.
Number of variables: 214184
Number of clauses: 1369623
sat
real sat
../New_SAT_split/QF_NIA_2_55/20170427-VeryMax/SAT14/1449.smt2 : 210951 ms.
--------------------------------------------------
Number of variables: 145007
Number of clauses: 967685
unsat in 4 bits.
Number of variables: 216854
Number of clauses: 1388918
sat
real sat
../New_SAT_split/QF_NIA_2_55/20170427-VeryMax/SAT14/1450.smt2 : 232106 ms.
--------------------------------------------------
Number of variables: 147385
Number of clauses: 985210
unsat in 4 bits.
Number of variables: 219672
Number of clauses: 1409301
sat
real sat
../New_SAT_split/QF_NIA_2_55/20170427-VeryMax/SAT14/1451.smt2 : 178622 ms.
--------------------------------------------------
Number of variables: 149787
Number of clauses: 1002915
unsat in 4 bits.
Number of variables: 222514
Number of clauses: 1429864
sat
real sat
../New_SAT_split/QF_NIA_2_55/20170427-VeryMax/SAT14/1452.smt2 : 210517 ms.
--------------------------------------------------
Number of variables: 152281
Number of clauses: 1021284
unsat in 4 bits.
Number of variables: 225496
Number of clauses: 1451475
sat
real sat
../New_SAT_split/QF_NIA_2_55/20170427-VeryMax/SAT14/1453.smt2 : 160620 ms.
--------------------------------------------------
Number of variables: 154571
Number of clauses: 1038333
unsat in 4 bits.
Number of variables: 228130
Number of clauses: 1470614
sat
real sat
../New_SAT_split/QF_NIA_2_55/20170427-VeryMax/SAT14/1454.smt2 : 256698 ms.
--------------------------------------------------
Number of variables: 156977
Number of clauses: 1056166
unsat in 4 bits.
Number of variables: 230928
Number of clauses: 1490921
sat
real sat
../New_SAT_split/QF_NIA_2_55/20170427-VeryMax/SAT14/1455.smt2 : 187946 ms.
--------------------------------------------------
Number of variables: 159407
Number of clauses: 1074179
unsat in 4 bits.
Number of variables: 233750
Number of clauses: 1511408
sat
real sat
../New_SAT_split/QF_NIA_2_55/20170427-VeryMax/SAT14/1456.smt2 : 255947 ms.
--------------------------------------------------
Number of variables: 161929
Number of clauses: 1092856
unsat in 4 bits.
Number of variables: 236712
Number of clauses: 1532943
sat
real sat
../New_SAT_split/QF_NIA_2_55/20170427-VeryMax/SAT14/1457.smt2 : 206053 ms.
--------------------------------------------------
Number of variables: 164407
Number of clauses: 1111241
unsat in 4 bits.
Number of variables: 239582
Number of clauses: 1553802
sat
real sat
../New_SAT_split/QF_NIA_2_55/20170427-VeryMax/SAT14/1458.smt2 : 283949 ms.
--------------------------------------------------
Number of variables: 166985
Number of clauses: 1130330
unsat in 4 bits.
Number of variables: 242600
Number of clauses: 1575749
sat
real sat
../New_SAT_split/QF_NIA_2_55/20170427-VeryMax/SAT14/1459.smt2 : 276111 ms.
--------------------------------------------------
Number of variables: 169587
Number of clauses: 1149599
unsat in 4 bits.
Number of variables: 245642
Number of clauses: 1597876
sat
real sat
../New_SAT_split/QF_NIA_2_55/20170427-VeryMax/SAT14/1460.smt2 : 211830 ms.
