--------------------------------------------------
Number of variables: 50715
Number of clauses: 250607
sat
real sat
../New_SAT_split/QF_NIA_2_18/20170427-VeryMax/ITS/From_T2__fun10b.t2_fixed__p32762_terminationG_0.smt2 : 1129 ms.
--------------------------------------------------
Number of variables: 29699
Number of clauses: 144438
sat
real sat
../New_SAT_split/QF_NIA_2_18/20170427-VeryMax/ITS/From_T2__fun10b.t2__p326_terminationG_0.smt2 : 498 ms.
--------------------------------------------------
Number of variables: 72372
Number of clauses: 355500
sat
real sat
../New_SAT_split/QF_NIA_2_18/20170427-VeryMax/ITS/From_T2__fun10b.t2__p343_edge_closing_0.smt2 : 1012 ms.
--------------------------------------------------
Number of variables: 121218
Number of clauses: 600384
sat
real sat
../New_SAT_split/QF_NIA_2_18/20170427-VeryMax/ITS/From_T2__fun10b.t2__p344_edge_closing_0.smt2 : 9592 ms.
--------------------------------------------------
Number of variables: 175686
Number of clauses: 875604
sat
real sat
../New_SAT_split/QF_NIA_2_18/20170427-VeryMax/ITS/From_T2__fun10b.t2__p345_edge_closing_0.smt2 : 71880 ms.
--------------------------------------------------
Number of variables: 115944
Number of clauses: 575016
sat
real sat
../New_SAT_split/QF_NIA_2_18/20170427-VeryMax/ITS/From_T2__fun10b.t2__p350_edge_closing_0.smt2 : 21505 ms.
--------------------------------------------------
Number of variables: 167802
Number of clauses: 837316
sat
real sat
../New_SAT_split/QF_NIA_2_18/20170427-VeryMax/ITS/From_T2__fun10b.t2__p351_edge_closing_0.smt2 : 91168 ms.
--------------------------------------------------
Number of variables: 29699
Number of clauses: 144438
sat
real sat
../New_SAT_split/QF_NIA_2_18/20170427-VeryMax/ITS/From_T2__fun10.t2__p405_terminationG_0.smt2 : 476 ms.
--------------------------------------------------
Number of variables: 72372
Number of clauses: 355500
sat
real sat
../New_SAT_split/QF_NIA_2_18/20170427-VeryMax/ITS/From_T2__fun10.t2__p419_edge_closing_0.smt2 : 1024 ms.
--------------------------------------------------
Number of variables: 121218
Number of clauses: 600384
sat
real sat
../New_SAT_split/QF_NIA_2_18/20170427-VeryMax/ITS/From_T2__fun10.t2__p420_edge_closing_0.smt2 : 10007 ms.
--------------------------------------------------
Number of variables: 175686
Number of clauses: 875604
sat
real sat
../New_SAT_split/QF_NIA_2_18/20170427-VeryMax/ITS/From_T2__fun10.t2__p421_edge_closing_0.smt2 : 69148 ms.
--------------------------------------------------
Number of variables: 115944
Number of clauses: 575016
sat
real sat
../New_SAT_split/QF_NIA_2_18/20170427-VeryMax/ITS/From_T2__fun10.t2__p426_edge_closing_0.smt2 : 20756 ms.
--------------------------------------------------
Number of variables: 167802
Number of clauses: 837316
sat
real sat
../New_SAT_split/QF_NIA_2_18/20170427-VeryMax/ITS/From_T2__fun10.t2__p427_edge_closing_0.smt2 : 88823 ms.
--------------------------------------------------
Number of variables: 32776
Number of clauses: 171316
unsat in 4 bits.
Number of variables: 101617
Number of clauses: 572083
unsat in 10 bits.
Number of variables: 259705
Number of clauses: 1526643
sat
real sat
../New_SAT_split/QF_NIA_2_18/20170427-VeryMax/ITS/From_T2__fun11.t2_fixed__p454_edge_closing_0.smt2 : 399925 ms.
--------------------------------------------------
Number of variables: 42337
Number of clauses: 219684
unsat in 4 bits.
Number of variables: 111721
Number of clauses: 623568
unsat in 10 bits.
Number of variables: 263859
Number of clauses: 1539814
sat
real sat
../New_SAT_split/QF_NIA_2_18/20170427-VeryMax/ITS/From_T2__fun11.t2__p487_edge_closing_0.smt2 : 395889 ms.
--------------------------------------------------
Number of variables: 69872
Number of clauses: 338305
sat
real sat
../New_SAT_split/QF_NIA_2_18/20170427-VeryMax/ITS/From_T2__fun9.t2__p1194_terminationG_0.smt2 : 1602 ms.
--------------------------------------------------
Number of variables: 211618
Number of clauses: 1049692
sat
real sat
../New_SAT_split/QF_NIA_2_18/20170427-VeryMax/ITS/From_T2__fun9.t2__p1195_terminationG_0.smt2 : 4186 ms.
--------------------------------------------------
Number of variables: 432346
Number of clauses: 2166515
sat
real sat
../New_SAT_split/QF_NIA_2_18/20170427-VeryMax/ITS/From_T2__fun9.t2__p1196_terminationG_0.smt2 : 43215 ms.
--------------------------------------------------
Number of variables: 129776
Number of clauses: 646221
sat
real sat
../New_SAT_split/QF_NIA_2_18/20170427-VeryMax/ITS/From_T2__fun9.t2__p1201_terminationG_0.smt2 : 13444 ms.
--------------------------------------------------
Number of variables: 261372
Number of clauses: 1313516
sat
real sat
../New_SAT_split/QF_NIA_2_18/20170427-VeryMax/ITS/From_T2__fun9.t2__p1202_terminationG_0.smt2 : 77962 ms.
--------------------------------------------------
Number of variables: 187688
Number of clauses: 937588
sat
real sat
../New_SAT_split/QF_NIA_2_18/20170427-VeryMax/ITS/From_T2__fun9.t2__p1219_terminationG_0.smt2 : 3878 ms.
--------------------------------------------------
Number of variables: 376798
Number of clauses: 1898063
sat
real sat
../New_SAT_split/QF_NIA_2_18/20170427-VeryMax/ITS/From_T2__fun9.t2__p1220_terminationG_0.smt2 : 34288 ms.
--------------------------------------------------
Number of variables: 85121
Number of clauses: 425193
sat
real sat
../New_SAT_split/QF_NIA_2_18/20170427-VeryMax/ITS/From_T2__fun9.t2__p1230_edge_closing_0.smt2 : 1418 ms.
--------------------------------------------------
Number of variables: 317268
Number of clauses: 1567148
sat
real sat
../New_SAT_split/QF_NIA_2_18/20170427-VeryMax/ITS/From_T2__fun9.t2__p1231_edge_closing_0.smt2 : 75453 ms.
--------------------------------------------------
Number of variables: 592677
Number of clauses: 2966771
sat
real sat
../New_SAT_split/QF_NIA_2_18/20170427-VeryMax/ITS/From_T2__fun9.t2__p1232_edge_closing_0.smt2 : 1086480 ms.
--------------------------------------------------
Number of variables: 937189
Number of clauses: 4730602
sat
real sat
../New_SAT_split/QF_NIA_2_18/20170427-VeryMax/ITS/From_T2__fun9.t2__p1233_edge_closing_0.smt2 : 1651866 ms.
--------------------------------------------------
Number of variables: 84176
Number of clauses: 420893
sat
real sat
../New_SAT_split/QF_NIA_2_18/20170427-VeryMax/ITS/From_T2__fun9.t2__p1236_edge_closing_0.smt2 : 1710 ms.
--------------------------------------------------
Number of variables: 44804
Number of clauses: 223800
sat
real sat
../New_SAT_split/QF_NIA_2_18/20170427-VeryMax/ITS/From_T2__fun9.t2__p1239_edge_closing_0.smt2 : 754 ms.
--------------------------------------------------
Number of variables: 48768
Number of clauses: 238145
sat
real sat
../New_SAT_split/QF_NIA_2_18/20170427-VeryMax/ITS/From_T2__fun9.t2__p1240_edge_closing_0.smt2 : 1222 ms.
--------------------------------------------------
Number of variables: 88821
Number of clauses: 441034
sat
real sat
../New_SAT_split/QF_NIA_2_18/20170427-VeryMax/ITS/From_T2__fun9.t2__p1241_edge_closing_0.smt2 : 29244 ms.
--------------------------------------------------
Number of variables: 135832
Number of clauses: 680715
sat
real sat
../New_SAT_split/QF_NIA_2_18/20170427-VeryMax/ITS/From_T2__fun9.t2__p1242_edge_closing_0.smt2 : 152610 ms.
--------------------------------------------------
Number of variables: 82143
Number of clauses: 408706
sat
real sat
../New_SAT_split/QF_NIA_2_18/20170427-VeryMax/ITS/From_T2__fun9.t2__p1244_edge_closing_0.smt2 : 21109 ms.
--------------------------------------------------
Number of variables: 125766
Number of clauses: 631599
sat
real sat
../New_SAT_split/QF_NIA_2_18/20170427-VeryMax/ITS/From_T2__fun9.t2__p1245_edge_closing_0.smt2 : 107498 ms.
--------------------------------------------------
Number of variables: 50029
Number of clauses: 244252
sat
real sat
../New_SAT_split/QF_NIA_2_18/20170427-VeryMax/ITS/From_T2__fun9.t2__p1247_edge_closing_0.smt2 : 771 ms.
--------------------------------------------------
Number of variables: 90889
Number of clauses: 451049
sat
real sat
../New_SAT_split/QF_NIA_2_18/20170427-VeryMax/ITS/From_T2__fun9.t2__p1248_edge_closing_0.smt2 : 1760 ms.
--------------------------------------------------
Number of variables: 138717
Number of clauses: 694718
sat
real sat
../New_SAT_split/QF_NIA_2_18/20170427-VeryMax/ITS/From_T2__fun9.t2__p1249_edge_closing_0.smt2 : 11054 ms.
--------------------------------------------------
Number of variables: 62718
Number of clauses: 306774
sat
real sat
../New_SAT_split/QF_NIA_2_18/20170427-VeryMax/ITS/From_T2__fun9.t2__p1250_edge_closing_0.smt2 : 1228 ms.
--------------------------------------------------
Number of variables: 115540
Number of clauses: 574519
sat
real sat
../New_SAT_split/QF_NIA_2_18/20170427-VeryMax/ITS/From_T2__fun9.t2__p1251_edge_closing_0.smt2 : 28471 ms.
--------------------------------------------------
Number of variables: 178764
Number of clauses: 897174
sat
real sat
../New_SAT_split/QF_NIA_2_18/20170427-VeryMax/ITS/From_T2__fun9.t2__p1252_edge_closing_0.smt2 : 107094 ms.
--------------------------------------------------
Number of variables: 59395
Number of clauses: 290984
sat
real sat
../New_SAT_split/QF_NIA_2_18/20170427-VeryMax/ITS/From_T2__fun9.t2__p1253_edge_closing_0.smt2 : 7210 ms.
--------------------------------------------------
Number of variables: 108862
Number of clauses: 542191
sat
real sat
../New_SAT_split/QF_NIA_2_18/20170427-VeryMax/ITS/From_T2__fun9.t2__p1254_edge_closing_0.smt2 : 26684 ms.
--------------------------------------------------
Number of variables: 168698
Number of clauses: 848058
sat
real sat
../New_SAT_split/QF_NIA_2_18/20170427-VeryMax/ITS/From_T2__fun9.t2__p1255_edge_closing_0.smt2 : 108583 ms.
--------------------------------------------------
Number of variables: 49953
Number of clauses: 243715
sat
real sat
../New_SAT_split/QF_NIA_2_18/20170427-VeryMax/ITS/From_T2__fun9.t2__p1256_edge_closing_0.smt2 : 8900 ms.
--------------------------------------------------
Number of variables: 90813
Number of clauses: 450512
sat
real sat
../New_SAT_split/QF_NIA_2_18/20170427-VeryMax/ITS/From_T2__fun9.t2__p1257_edge_closing_0.smt2 : 19675 ms.
--------------------------------------------------
Number of variables: 138641
Number of clauses: 694181
sat
real sat
../New_SAT_split/QF_NIA_2_18/20170427-VeryMax/ITS/From_T2__fun9.t2__p1258_edge_closing_0.smt2 : 26650 ms.
--------------------------------------------------
Number of variables: 84135
Number of clauses: 418184
sat
real sat
../New_SAT_split/QF_NIA_2_18/20170427-VeryMax/ITS/From_T2__fun9.t2__p1260_edge_closing_0.smt2 : 1580 ms.
--------------------------------------------------
Number of variables: 128575
Number of clauses: 645065
sat
real sat
../New_SAT_split/QF_NIA_2_18/20170427-VeryMax/ITS/From_T2__fun9.t2__p1261_edge_closing_0.smt2 : 71425 ms.
--------------------------------------------------
Number of variables: 45773
Number of clauses: 223940
sat
real sat
../New_SAT_split/QF_NIA_2_18/20170427-VeryMax/ITS/From_T2__fun9.t2__p1262_edge_closing_0.smt2 : 3879 ms.
--------------------------------------------------
Number of variables: 82439
Number of clauses: 410062
sat
real sat
../New_SAT_split/QF_NIA_2_18/20170427-VeryMax/ITS/From_T2__fun9.t2__p1263_edge_closing_0.smt2 : 19897 ms.
--------------------------------------------------
Number of variables: 126032
Number of clauses: 632746
sat
real sat
../New_SAT_split/QF_NIA_2_18/20170427-VeryMax/ITS/From_T2__fun9.t2__p1264_edge_closing_0.smt2 : 70893 ms.
--------------------------------------------------
Number of variables: 115464
Number of clauses: 573982
sat
real sat
../New_SAT_split/QF_NIA_2_18/20170427-VeryMax/ITS/From_T2__fun9.t2__p1266_edge_closing_0.smt2 : 29977 ms.
--------------------------------------------------
Number of variables: 178688
Number of clauses: 896637
sat
real sat
../New_SAT_split/QF_NIA_2_18/20170427-VeryMax/ITS/From_T2__fun9.t2__p1267_edge_closing_0.smt2 : 39302 ms.
--------------------------------------------------
Number of variables: 59319
Number of clauses: 290447
sat
real sat
../New_SAT_split/QF_NIA_2_18/20170427-VeryMax/ITS/From_T2__fun9.t2__p1268_edge_closing_0.smt2 : 5314 ms.
--------------------------------------------------
Number of variables: 108786
Number of clauses: 541654
sat
real sat
../New_SAT_split/QF_NIA_2_18/20170427-VeryMax/ITS/From_T2__fun9.t2__p1269_edge_closing_0.smt2 : 31539 ms.
--------------------------------------------------
Number of variables: 168622
Number of clauses: 847521
sat
real sat
../New_SAT_split/QF_NIA_2_18/20170427-VeryMax/ITS/From_T2__fun9.t2__p1270_edge_closing_0.smt2 : 105266 ms.
--------------------------------------------------
Number of variables: 63903
Number of clauses: 312344
sat
real sat
../New_SAT_split/QF_NIA_2_18/20170427-VeryMax/ITS/From_T2__fun9.t2__p1271_edge_closing_0.smt2 : 9205 ms.
--------------------------------------------------
Number of variables: 117532
Number of clauses: 583997
sat
real sat
../New_SAT_split/QF_NIA_2_18/20170427-VeryMax/ITS/From_T2__fun9.t2__p1272_edge_closing_0.smt2 : 47985 ms.
--------------------------------------------------
Number of variables: 181573
Number of clauses: 910640
sat
real sat
../New_SAT_split/QF_NIA_2_18/20170427-VeryMax/ITS/From_T2__fun9.t2__p1273_edge_closing_0.smt2 : 221612 ms.
--------------------------------------------------
Number of variables: 60580
Number of clauses: 296554
sat
real sat
../New_SAT_split/QF_NIA_2_18/20170427-VeryMax/ITS/From_T2__fun9.t2__p1274_edge_closing_0.smt2 : 5664 ms.
--------------------------------------------------
Number of variables: 110854
Number of clauses: 551669
sat
real sat
../New_SAT_split/QF_NIA_2_18/20170427-VeryMax/ITS/From_T2__fun9.t2__p1275_edge_closing_0.smt2 : 67567 ms.
--------------------------------------------------
Number of variables: 171507
Number of clauses: 861524
sat
real sat
../New_SAT_split/QF_NIA_2_18/20170427-VeryMax/ITS/From_T2__fun9.t2__p1276_edge_closing_0.smt2 : 127465 ms.
--------------------------------------------------
Number of variables: 76591
Number of clauses: 374864
sat
real sat
../New_SAT_split/QF_NIA_2_18/20170427-VeryMax/ITS/From_T2__fun9.t2__p1277_edge_closing_0.smt2 : 10798 ms.
--------------------------------------------------
Number of variables: 142182
Number of clauses: 707465
sat
real sat
../New_SAT_split/QF_NIA_2_18/20170427-VeryMax/ITS/From_T2__fun9.t2__p1278_edge_closing_0.smt2 : 31271 ms.
--------------------------------------------------
Number of variables: 221619
Number of clauses: 1113094
sat
real sat
../New_SAT_split/QF_NIA_2_18/20170427-VeryMax/ITS/From_T2__fun9.t2__p1279_edge_closing_0.smt2 : 44645 ms.
--------------------------------------------------
Number of variables: 51218
Number of clauses: 249854
sat
real sat
../New_SAT_split/QF_NIA_2_18/20170427-VeryMax/ITS/From_T2__fun9.t2__p1280_edge_closing_0.smt2 : 1364 ms.
--------------------------------------------------
Number of variables: 92889
Number of clauses: 460591
sat
real sat
../New_SAT_split/QF_NIA_2_18/20170427-VeryMax/ITS/From_T2__fun9.t2__p1281_edge_closing_0.smt2 : 20431 ms.
--------------------------------------------------
Number of variables: 141538
Number of clauses: 708280
sat
real sat
../New_SAT_split/QF_NIA_2_18/20170427-VeryMax/ITS/From_T2__fun9.t2__p1282_edge_closing_0.smt2 : 31618 ms.
--------------------------------------------------
Number of variables: 86211
Number of clauses: 428263
sat
real sat
../New_SAT_split/QF_NIA_2_18/20170427-VeryMax/ITS/From_T2__fun9.t2__p1285_edge_closing_0.smt2 : 11593 ms.
--------------------------------------------------
Number of variables: 131472
Number of clauses: 659164
sat
real sat
../New_SAT_split/QF_NIA_2_18/20170427-VeryMax/ITS/From_T2__fun9.t2__p1286_edge_closing_0.smt2 : 78347 ms.
--------------------------------------------------
Number of variables: 47038
Number of clauses: 230079
sat
real sat
../New_SAT_split/QF_NIA_2_18/20170427-VeryMax/ITS/From_T2__fun9.t2__p1287_edge_closing_0.smt2 : 11292 ms.
--------------------------------------------------
Number of variables: 84515
Number of clauses: 420141
sat
real sat
../New_SAT_split/QF_NIA_2_18/20170427-VeryMax/ITS/From_T2__fun9.t2__p1288_edge_closing_0.smt2 : 40121 ms.
--------------------------------------------------
Number of variables: 128929
Number of clauses: 646845
sat
real sat
../New_SAT_split/QF_NIA_2_18/20170427-VeryMax/ITS/From_T2__fun9.t2__p1289_edge_closing_0.smt2 : 225174 ms.
--------------------------------------------------
Number of variables: 49433
Number of clauses: 242545
sat
real sat
../New_SAT_split/QF_NIA_2_18/20170427-VeryMax/ITS/From_T2__fun9.t2__p1290_edge_closing_0.smt2 : 76754 ms.
--------------------------------------------------
Number of variables: 87400
Number of clauses: 435579
sat
real sat
../New_SAT_split/QF_NIA_2_18/20170427-VeryMax/ITS/From_T2__fun9.t2__p1291_edge_closing_0.smt2 : 19881 ms.
--------------------------------------------------
Number of variables: 132314
Number of clauses: 665339
sat
real sat
../New_SAT_split/QF_NIA_2_18/20170427-VeryMax/ITS/From_T2__fun9.t2__p1292_edge_closing_0.smt2 : 79921 ms.
--------------------------------------------------
Number of variables: 63907
Number of clauses: 312376
sat
real sat
../New_SAT_split/QF_NIA_2_18/20170427-VeryMax/ITS/From_T2__fun9.t2__p1296_edge_closing_0.smt2 : 5960 ms.
--------------------------------------------------
Number of variables: 117540
Number of clauses: 584061
sat
real sat
../New_SAT_split/QF_NIA_2_18/20170427-VeryMax/ITS/From_T2__fun9.t2__p1297_edge_closing_0.smt2 : 10688 ms.
--------------------------------------------------
Number of variables: 181585
Number of clauses: 910736
sat
real sat
../New_SAT_split/QF_NIA_2_18/20170427-VeryMax/ITS/From_T2__fun9.t2__p1298_edge_closing_0.smt2 : 104775 ms.
--------------------------------------------------
Number of variables: 60584
Number of clauses: 296586
sat
real sat
../New_SAT_split/QF_NIA_2_18/20170427-VeryMax/ITS/From_T2__fun9.t2__p1299_edge_closing_0.smt2 : 5615 ms.
--------------------------------------------------
Number of variables: 110862
Number of clauses: 551733
sat
real sat
../New_SAT_split/QF_NIA_2_18/20170427-VeryMax/ITS/From_T2__fun9.t2__p1300_edge_closing_0.smt2 : 26004 ms.
--------------------------------------------------
Number of variables: 171519
Number of clauses: 861620
sat
real sat
../New_SAT_split/QF_NIA_2_18/20170427-VeryMax/ITS/From_T2__fun9.t2__p1301_edge_closing_0.smt2 : 95697 ms.
--------------------------------------------------
Number of variables: 65168
Number of clauses: 318483
sat
real sat
../New_SAT_split/QF_NIA_2_18/20170427-VeryMax/ITS/From_T2__fun9.t2__p1302_edge_closing_0.smt2 : 7955 ms.
--------------------------------------------------
Number of variables: 119608
Number of clauses: 594076
sat
real sat
../New_SAT_split/QF_NIA_2_18/20170427-VeryMax/ITS/From_T2__fun9.t2__p1303_edge_closing_0.smt2 : 23385 ms.
--------------------------------------------------
Number of variables: 184470
Number of clauses: 924739
sat
real sat
../New_SAT_split/QF_NIA_2_18/20170427-VeryMax/ITS/From_T2__fun9.t2__p1306_edge_closing_0.smt2 : 121949 ms.
--------------------------------------------------
Number of variables: 77856
Number of clauses: 381003
sat
real sat
../New_SAT_split/QF_NIA_2_18/20170427-VeryMax/ITS/From_T2__fun9.t2__p1307_edge_closing_0.smt2 : 12639 ms.
--------------------------------------------------
Number of variables: 144258
Number of clauses: 717544
sat
real sat
../New_SAT_split/QF_NIA_2_18/20170427-VeryMax/ITS/From_T2__fun9.t2__p1308_edge_closing_0.smt2 : 71486 ms.
--------------------------------------------------
Number of variables: 224516
Number of clauses: 1127193
sat
real sat
../New_SAT_split/QF_NIA_2_18/20170427-VeryMax/ITS/From_T2__fun9.t2__p1309_edge_closing_0.smt2 : 167562 ms.
--------------------------------------------------
Number of variables: 65092
Number of clauses: 317946
sat
real sat
../New_SAT_split/QF_NIA_2_18/20170427-VeryMax/ITS/From_T2__fun9.t2__p1310_edge_closing_0.smt2 : 5322 ms.
--------------------------------------------------
Number of variables: 119532
Number of clauses: 593539
sat
real sat
../New_SAT_split/QF_NIA_2_18/20170427-VeryMax/ITS/From_T2__fun9.t2__p1311_edge_closing_0.smt2 : 31080 ms.
--------------------------------------------------
Number of variables: 184394
Number of clauses: 924202
sat
real sat
../New_SAT_split/QF_NIA_2_18/20170427-VeryMax/ITS/From_T2__fun9.t2__p1312_edge_closing_0.smt2 : 13950 ms.
--------------------------------------------------
Number of variables: 61769
Number of clauses: 302156
sat
real sat
../New_SAT_split/QF_NIA_2_18/20170427-VeryMax/ITS/From_T2__fun9.t2__p1313_edge_closing_0.smt2 : 8785 ms.
--------------------------------------------------
Number of variables: 112854
Number of clauses: 561211
sat
real sat
../New_SAT_split/QF_NIA_2_18/20170427-VeryMax/ITS/From_T2__fun9.t2__p1314_edge_closing_0.smt2 : 29063 ms.
--------------------------------------------------
Number of variables: 174328
Number of clauses: 875086
sat
real sat
../New_SAT_split/QF_NIA_2_18/20170427-VeryMax/ITS/From_T2__fun9.t2__p1315_edge_closing_0.smt2 : 110654 ms.
--------------------------------------------------
Number of variables: 60912
Number of clauses: 298171
sat
real sat
../New_SAT_split/QF_NIA_2_18/20170427-VeryMax/ITS/From_T2__fun9.t2__p1316_edge_closing_0.smt2 : 15787 ms.
--------------------------------------------------
Number of variables: 111158
Number of clauses: 553089
sat
real sat
../New_SAT_split/QF_NIA_2_18/20170427-VeryMax/ITS/From_T2__fun9.t2__p1317_edge_closing_0.smt2 : 86364 ms.
--------------------------------------------------
Number of variables: 171785
Number of clauses: 862767
sat
real sat
../New_SAT_split/QF_NIA_2_18/20170427-VeryMax/ITS/From_T2__fun9.t2__p1318_edge_closing_0.smt2 : 170036 ms.
--------------------------------------------------
Number of variables: 63457
Number of clauses: 311624
sat
real sat
../New_SAT_split/QF_NIA_2_18/20170427-VeryMax/ITS/From_T2__fun9.t2__p1319_edge_closing_0.smt2 : 309003 ms.
--------------------------------------------------
Number of variables: 114133
Number of clauses: 569089
sat
real sat
../New_SAT_split/QF_NIA_2_18/20170427-VeryMax/ITS/From_T2__fun9.t2__p1320_edge_closing_0.smt2 : 30134 ms.
--------------------------------------------------
Number of variables: 175193
Number of clauses: 881344
sat
real sat
../New_SAT_split/QF_NIA_2_18/20170427-VeryMax/ITS/From_T2__fun9.t2__p1321_edge_closing_0.smt2 : 141964 ms.
--------------------------------------------------
Number of variables: 77780
Number of clauses: 380466
sat
real sat
../New_SAT_split/QF_NIA_2_18/20170427-VeryMax/ITS/From_T2__fun9.t2__p1322_edge_closing_0.smt2 : 12279 ms.
--------------------------------------------------
Number of variables: 144182
Number of clauses: 717007
sat
real sat
../New_SAT_split/QF_NIA_2_18/20170427-VeryMax/ITS/From_T2__fun9.t2__p1323_edge_closing_0.smt2 : 72994 ms.
--------------------------------------------------
Number of variables: 224440
Number of clauses: 1126656
sat
real sat
../New_SAT_split/QF_NIA_2_18/20170427-VeryMax/ITS/From_T2__fun9.t2__p1324_edge_closing_0.smt2 : 324395 ms.
--------------------------------------------------
Number of variables: 79041
Number of clauses: 386573
sat
real sat
../New_SAT_split/QF_NIA_2_18/20170427-VeryMax/ITS/From_T2__fun9.t2__p1325_edge_closing_0.smt2 : 6397 ms.
--------------------------------------------------
Number of variables: 146250
Number of clauses: 727022
sat
real sat
../New_SAT_split/QF_NIA_2_18/20170427-VeryMax/ITS/From_T2__fun9.t2__p1326_edge_closing_0.smt2 : 36320 ms.
--------------------------------------------------
Number of variables: 227325
Number of clauses: 1140659
sat
real sat
../New_SAT_split/QF_NIA_2_18/20170427-VeryMax/ITS/From_T2__fun9.t2__p1327_edge_closing_0.smt2 : 16838 ms.
--------------------------------------------------
Number of variables: 75718
Number of clauses: 370783
sat
real sat
../New_SAT_split/QF_NIA_2_18/20170427-VeryMax/ITS/From_T2__fun9.t2__p1328_edge_closing_0.smt2 : 10718 ms.
--------------------------------------------------
Number of variables: 139572
Number of clauses: 694694
sat
real sat
../New_SAT_split/QF_NIA_2_18/20170427-VeryMax/ITS/From_T2__fun9.t2__p1329_edge_closing_0.smt2 : 18625 ms.
--------------------------------------------------
Number of variables: 217259
Number of clauses: 1091543
sat
real sat
../New_SAT_split/QF_NIA_2_18/20170427-VeryMax/ITS/From_T2__fun9.t2__p1330_edge_closing_0.smt2 : 152506 ms.
--------------------------------------------------
Number of variables: 91729
Number of clauses: 449093
sat
real sat
../New_SAT_split/QF_NIA_2_18/20170427-VeryMax/ITS/From_T2__fun9.t2__p1331_edge_closing_0.smt2 : 12156 ms.
--------------------------------------------------
Number of variables: 170900
Number of clauses: 850490
sat
real sat
../New_SAT_split/QF_NIA_2_18/20170427-VeryMax/ITS/From_T2__fun9.t2__p1332_edge_closing_0.smt2 : 36663 ms.
--------------------------------------------------
Number of variables: 267371
Number of clauses: 1343113
sat
real sat
../New_SAT_split/QF_NIA_2_18/20170427-VeryMax/ITS/From_T2__fun9.t2__p1333_edge_closing_0.smt2 : 143108 ms.
--------------------------------------------------
Number of variables: 50174
Number of clauses: 244961
sat
real sat
../New_SAT_split/QF_NIA_2_18/20170427-VeryMax/ITS/From_T2__fun9.t2__p1334_edge_closing_0.smt2 : 5616 ms.
--------------------------------------------------
Number of variables: 91004
Number of clauses: 451525
sat
real sat
../New_SAT_split/QF_NIA_2_18/20170427-VeryMax/ITS/From_T2__fun9.t2__p1335_edge_closing_0.smt2 : 13229 ms.
--------------------------------------------------
Number of variables: 138794
Number of clauses: 694897
sat
real sat
../New_SAT_split/QF_NIA_2_18/20170427-VeryMax/ITS/From_T2__fun9.t2__p1336_edge_closing_0.smt2 : 64627 ms.
--------------------------------------------------
Number of variables: 93072
Number of clauses: 461540
sat
real sat
../New_SAT_split/QF_NIA_2_18/20170427-VeryMax/ITS/From_T2__fun9.t2__p1338_edge_closing_0.smt2 : 1381 ms.
--------------------------------------------------
Number of variables: 141679
Number of clauses: 708900
sat
real sat
../New_SAT_split/QF_NIA_2_18/20170427-VeryMax/ITS/From_T2__fun9.t2__p1339_edge_closing_0.smt2 : 30074 ms.
--------------------------------------------------
Number of variables: 117723
Number of clauses: 585010
sat
real sat
../New_SAT_split/QF_NIA_2_18/20170427-VeryMax/ITS/From_T2__fun9.t2__p1341_edge_closing_0.smt2 : 67993 ms.
--------------------------------------------------
Number of variables: 181726
Number of clauses: 911356
sat
real sat
../New_SAT_split/QF_NIA_2_18/20170427-VeryMax/ITS/From_T2__fun9.t2__p1342_edge_closing_0.smt2 : 33384 ms.
--------------------------------------------------
Number of variables: 51359
Number of clauses: 250531
sat
real sat
../New_SAT_split/QF_NIA_2_18/20170427-VeryMax/ITS/From_T2__fun9.t2__p1343_edge_closing_0.smt2 : 4877 ms.
--------------------------------------------------
Number of variables: 92996
Number of clauses: 461003
sat
real sat
../New_SAT_split/QF_NIA_2_18/20170427-VeryMax/ITS/From_T2__fun9.t2__p1344_edge_closing_0.smt2 : 10665 ms.
--------------------------------------------------
Number of variables: 141603
Number of clauses: 708363
sat
real sat
../New_SAT_split/QF_NIA_2_18/20170427-VeryMax/ITS/From_T2__fun9.t2__p1345_edge_closing_0.smt2 : 10999 ms.
--------------------------------------------------
Number of variables: 64048
Number of clauses: 313053
sat
real sat
../New_SAT_split/QF_NIA_2_18/20170427-VeryMax/ITS/From_T2__fun9.t2__p1346_edge_closing_0.smt2 : 5037 ms.
--------------------------------------------------
Number of variables: 117647
Number of clauses: 584473
sat
real sat
../New_SAT_split/QF_NIA_2_18/20170427-VeryMax/ITS/From_T2__fun9.t2__p1347_edge_closing_0.smt2 : 2096 ms.
--------------------------------------------------
Number of variables: 181650
Number of clauses: 910819
sat
real sat
../New_SAT_split/QF_NIA_2_18/20170427-VeryMax/ITS/From_T2__fun9.t2__p1348_edge_closing_0.smt2 : 33296 ms.
--------------------------------------------------
Number of variables: 65309
Number of clauses: 319160
sat
real sat
../New_SAT_split/QF_NIA_2_18/20170427-VeryMax/ITS/From_T2__fun9.t2__p1349_edge_closing_0.smt2 : 1334 ms.
--------------------------------------------------
Number of variables: 119715
Number of clauses: 594488
sat
real sat
../New_SAT_split/QF_NIA_2_18/20170427-VeryMax/ITS/From_T2__fun9.t2__p1350_edge_closing_0.smt2 : 26626 ms.
--------------------------------------------------
Number of variables: 184535
Number of clauses: 924822
sat
real sat
../New_SAT_split/QF_NIA_2_18/20170427-VeryMax/ITS/From_T2__fun9.t2__p1351_edge_closing_0.smt2 : 109201 ms.
--------------------------------------------------
Number of variables: 61986
Number of clauses: 303370
sat
real sat
../New_SAT_split/QF_NIA_2_18/20170427-VeryMax/ITS/From_T2__fun9.t2__p1352_edge_closing_0.smt2 : 13757 ms.
--------------------------------------------------
Number of variables: 113037
Number of clauses: 562160
sat
real sat
../New_SAT_split/QF_NIA_2_18/20170427-VeryMax/ITS/From_T2__fun9.t2__p1353_edge_closing_0.smt2 : 25206 ms.
--------------------------------------------------
Number of variables: 174469
Number of clauses: 875706
sat
real sat
../New_SAT_split/QF_NIA_2_18/20170427-VeryMax/ITS/From_T2__fun9.t2__p1354_edge_closing_0.smt2 : 123394 ms.
--------------------------------------------------
Number of variables: 67242
Number of clauses: 332513
../New_SAT_split/QF_NIA_2_18/20170427-VeryMax/ITS/From_T2__fun9.t2__p1355_edge_closing_0.smt2 : 2401010 ms.
--------------------------------------------------
Number of variables: 117479
Number of clauses: 588324
sat
real sat
../New_SAT_split/QF_NIA_2_18/20170427-VeryMax/ITS/From_T2__fun9.t2__p1356_edge_closing_0.smt2 : 240216 ms.
--------------------------------------------------
Number of variables: 178101
Number of clauses: 898939
sat
real sat
../New_SAT_split/QF_NIA_2_18/20170427-VeryMax/ITS/From_T2__fun9.t2__p1357_edge_closing_0.smt2 : 1288831 ms.
--------------------------------------------------
Number of variables: 77997
Number of clauses: 381680
sat
real sat
../New_SAT_split/QF_NIA_2_18/20170427-VeryMax/ITS/From_T2__fun9.t2__p1358_edge_closing_0.smt2 : 9594 ms.
--------------------------------------------------
Number of variables: 144365
Number of clauses: 717956
sat
real sat
../New_SAT_split/QF_NIA_2_18/20170427-VeryMax/ITS/From_T2__fun9.t2__p1359_edge_closing_0.smt2 : 29501 ms.
--------------------------------------------------
Number of variables: 224581
Number of clauses: 1127276
sat
real sat
../New_SAT_split/QF_NIA_2_18/20170427-VeryMax/ITS/From_T2__fun9.t2__p1360_edge_closing_0.smt2 : 376946 ms.
--------------------------------------------------
Number of variables: 52624
Number of clauses: 256670
sat
real sat
../New_SAT_split/QF_NIA_2_18/20170427-VeryMax/ITS/From_T2__fun9.t2__p1361_edge_closing_0.smt2 : 1170 ms.
--------------------------------------------------
Number of variables: 95072
Number of clauses: 471082
sat
real sat
../New_SAT_split/QF_NIA_2_18/20170427-VeryMax/ITS/From_T2__fun9.t2__p1362_edge_closing_0.smt2 : 8115 ms.
--------------------------------------------------
Number of variables: 144500
Number of clauses: 722462
sat
real sat
../New_SAT_split/QF_NIA_2_18/20170427-VeryMax/ITS/From_T2__fun9.t2__p1363_edge_closing_0.smt2 : 82176 ms.
--------------------------------------------------
Number of variables: 49301
Number of clauses: 240880
sat
real sat
../New_SAT_split/QF_NIA_2_18/20170427-VeryMax/ITS/From_T2__fun9.t2__p1364_edge_closing_0.smt2 : 4181 ms.
--------------------------------------------------
Number of variables: 88394
Number of clauses: 438754
sat
real sat
../New_SAT_split/QF_NIA_2_18/20170427-VeryMax/ITS/From_T2__fun9.t2__p1365_edge_closing_0.smt2 : 23653 ms.
--------------------------------------------------
Number of variables: 134434
Number of clauses: 673346
sat
real sat
../New_SAT_split/QF_NIA_2_18/20170427-VeryMax/ITS/From_T2__fun9.t2__p1366_edge_closing_0.smt2 : 26386 ms.
--------------------------------------------------
Number of variables: 65313
Number of clauses: 319192
sat
real sat
../New_SAT_split/QF_NIA_2_18/20170427-VeryMax/ITS/From_T2__fun9.t2__p1367_edge_closing_0.smt2 : 9437 ms.
--------------------------------------------------
Number of variables: 119723
Number of clauses: 594552
sat
real sat
../New_SAT_split/QF_NIA_2_18/20170427-VeryMax/ITS/From_T2__fun9.t2__p1368_edge_closing_0.smt2 : 26996 ms.
--------------------------------------------------
Number of variables: 184547
Number of clauses: 924918
sat
real sat
../New_SAT_split/QF_NIA_2_18/20170427-VeryMax/ITS/From_T2__fun9.t2__p1369_edge_closing_0.smt2 : 131728 ms.
--------------------------------------------------
Number of variables: 66574
Number of clauses: 325299
sat
real sat
../New_SAT_split/QF_NIA_2_18/20170427-VeryMax/ITS/From_T2__fun9.t2__p1370_edge_closing_0.smt2 : 12437 ms.
--------------------------------------------------
Number of variables: 121791
Number of clauses: 604567
sat
real sat
../New_SAT_split/QF_NIA_2_18/20170427-VeryMax/ITS/From_T2__fun9.t2__p1371_edge_closing_0.smt2 : 1867 ms.
--------------------------------------------------
Number of variables: 187432
Number of clauses: 938921
sat
real sat
../New_SAT_split/QF_NIA_2_18/20170427-VeryMax/ITS/From_T2__fun9.t2__p1372_edge_closing_0.smt2 : 109806 ms.
--------------------------------------------------
Number of variables: 79262
Number of clauses: 387819
sat
real sat
../New_SAT_split/QF_NIA_2_18/20170427-VeryMax/ITS/From_T2__fun9.t2__p1373_edge_closing_0.smt2 : 7514 ms.
--------------------------------------------------
Number of variables: 146441
Number of clauses: 728035
sat
real sat
../New_SAT_split/QF_NIA_2_18/20170427-VeryMax/ITS/From_T2__fun9.t2__p1374_edge_closing_0.smt2 : 32567 ms.
--------------------------------------------------
Number of variables: 227478
Number of clauses: 1141375
sat
real sat
../New_SAT_split/QF_NIA_2_18/20170427-VeryMax/ITS/From_T2__fun9.t2__p1375_edge_closing_0.smt2 : 137622 ms.
--------------------------------------------------
Number of variables: 66498
Number of clauses: 324762
sat
real sat
../New_SAT_split/QF_NIA_2_18/20170427-VeryMax/ITS/From_T2__fun9.t2__p1376_edge_closing_0.smt2 : 1511 ms.
--------------------------------------------------
Number of variables: 121715
Number of clauses: 604030
sat
real sat
../New_SAT_split/QF_NIA_2_18/20170427-VeryMax/ITS/From_T2__fun9.t2__p1377_edge_closing_0.smt2 : 55932 ms.
--------------------------------------------------
Number of variables: 187356
Number of clauses: 938384
sat
real sat
../New_SAT_split/QF_NIA_2_18/20170427-VeryMax/ITS/From_T2__fun9.t2__p1378_edge_closing_0.smt2 : 110713 ms.
--------------------------------------------------
Number of variables: 62316
Number of clauses: 304966
sat
real sat
../New_SAT_split/QF_NIA_2_18/20170427-VeryMax/ITS/From_T2__fun9.t2__p1379_edge_closing_0.smt2 : 5925 ms.
--------------------------------------------------
Number of variables: 113339
Number of clauses: 563555
sat
real sat
../New_SAT_split/QF_NIA_2_18/20170427-VeryMax/ITS/From_T2__fun9.t2__p1380_edge_closing_0.smt2 : 76745 ms.
--------------------------------------------------
Number of variables: 174745
Number of clauses: 876920
sat
real sat
../New_SAT_split/QF_NIA_2_18/20170427-VeryMax/ITS/From_T2__fun9.t2__p1381_edge_closing_0.smt2 : 77569 ms.
--------------------------------------------------
Number of variables: 79186
Number of clauses: 387282
sat
real sat
../New_SAT_split/QF_NIA_2_18/20170427-VeryMax/ITS/From_T2__fun9.t2__p1382_edge_closing_0.smt2 : 15332 ms.
--------------------------------------------------
Number of variables: 146365
Number of clauses: 727498
sat
real sat
../New_SAT_split/QF_NIA_2_18/20170427-VeryMax/ITS/From_T2__fun9.t2__p1383_edge_closing_0.smt2 : 32959 ms.
--------------------------------------------------
Number of variables: 227402
Number of clauses: 1140838
sat
real sat
../New_SAT_split/QF_NIA_2_18/20170427-VeryMax/ITS/From_T2__fun9.t2__p1384_edge_closing_0.smt2 : 22418 ms.
--------------------------------------------------
Number of variables: 75863
Number of clauses: 371492
sat
real sat
../New_SAT_split/QF_NIA_2_18/20170427-VeryMax/ITS/From_T2__fun9.t2__p1385_edge_closing_0.smt2 : 9838 ms.
--------------------------------------------------
Number of variables: 139687
Number of clauses: 695170
sat
real sat
../New_SAT_split/QF_NIA_2_18/20170427-VeryMax/ITS/From_T2__fun9.t2__p1386_edge_closing_0.smt2 : 13807 ms.
--------------------------------------------------
Number of variables: 217336
Number of clauses: 1091722
sat
real sat
../New_SAT_split/QF_NIA_2_18/20170427-VeryMax/ITS/From_T2__fun9.t2__p1387_edge_closing_0.smt2 : 126323 ms.
--------------------------------------------------
Number of variables: 80447
Number of clauses: 393389
sat
real sat
../New_SAT_split/QF_NIA_2_18/20170427-VeryMax/ITS/From_T2__fun9.t2__p1388_edge_closing_0.smt2 : 20517 ms.
--------------------------------------------------
Number of variables: 148433
Number of clauses: 737513
sat
real sat
../New_SAT_split/QF_NIA_2_18/20170427-VeryMax/ITS/From_T2__fun9.t2__p1389_edge_closing_0.smt2 : 10835 ms.
--------------------------------------------------
Number of variables: 230287
Number of clauses: 1154841
sat
real sat
../New_SAT_split/QF_NIA_2_18/20170427-VeryMax/ITS/From_T2__fun9.t2__p1390_edge_closing_0.smt2 : 120402 ms.
--------------------------------------------------
Number of variables: 77124
Number of clauses: 377599
sat
real sat
../New_SAT_split/QF_NIA_2_18/20170427-VeryMax/ITS/From_T2__fun9.t2__p1391_edge_closing_0.smt2 : 11335 ms.
--------------------------------------------------
Number of variables: 141755
Number of clauses: 705185
sat
real sat
../New_SAT_split/QF_NIA_2_18/20170427-VeryMax/ITS/From_T2__fun9.t2__p1392_edge_closing_0.smt2 : 31045 ms.
--------------------------------------------------
Number of variables: 220221
Number of clauses: 1105725
sat
real sat
../New_SAT_split/QF_NIA_2_18/20170427-VeryMax/ITS/From_T2__fun9.t2__p1393_edge_closing_0.smt2 : 518945 ms.
--------------------------------------------------
Number of variables: 93135
Number of clauses: 455909
sat
real sat
../New_SAT_split/QF_NIA_2_18/20170427-VeryMax/ITS/From_T2__fun9.t2__p1395_edge_closing_0.smt2 : 18825 ms.
--------------------------------------------------
Number of variables: 173083
Number of clauses: 860981
sat
real sat
../New_SAT_split/QF_NIA_2_18/20170427-VeryMax/ITS/From_T2__fun9.t2__p1396_edge_closing_0.smt2 : 155817 ms.
--------------------------------------------------
Number of variables: 270333
Number of clauses: 1357295
sat
real sat
../New_SAT_split/QF_NIA_2_18/20170427-VeryMax/ITS/From_T2__fun9.t2__p1397_edge_closing_0.smt2 : 58439 ms.
--------------------------------------------------
Number of variables: 89812
Number of clauses: 440119
sat
real sat
../New_SAT_split/QF_NIA_2_18/20170427-VeryMax/ITS/From_T2__fun9.t2__p1398_edge_closing_0.smt2 : 18849 ms.
--------------------------------------------------
Number of variables: 166405
Number of clauses: 828653
sat
real sat
../New_SAT_split/QF_NIA_2_18/20170427-VeryMax/ITS/From_T2__fun9.t2__p1399_edge_closing_0.smt2 : 100857 ms.
--------------------------------------------------
Number of variables: 260267
Number of clauses: 1308179
sat
real sat
../New_SAT_split/QF_NIA_2_18/20170427-VeryMax/ITS/From_T2__fun9.t2__p1400_edge_closing_0.smt2 : 546318 ms.
--------------------------------------------------
Number of variables: 68662
Number of clauses: 336345
sat
real sat
../New_SAT_split/QF_NIA_2_18/20170427-VeryMax/ITS/From_T2__fun9.t2__p1401_edge_closing_0.smt2 : 10401 ms.
--------------------------------------------------
Number of variables: 123980
Number of clauses: 616756
sat
real sat
../New_SAT_split/QF_NIA_2_18/20170427-VeryMax/ITS/From_T2__fun9.t2__p1402_edge_closing_0.smt2 : 20554 ms.
--------------------------------------------------
Number of variables: 189717
Number of clauses: 952215
sat
real sat
../New_SAT_split/QF_NIA_2_18/20170427-VeryMax/ITS/From_T2__fun9.t2__p1403_edge_closing_0.smt2 : 32093 ms.
--------------------------------------------------
Number of variables: 69923
Number of clauses: 342452
sat
real sat
../New_SAT_split/QF_NIA_2_18/20170427-VeryMax/ITS/From_T2__fun9.t2__p1404_edge_closing_0.smt2 : 6239 ms.
--------------------------------------------------
Number of variables: 126048
Number of clauses: 626771
sat
real sat
../New_SAT_split/QF_NIA_2_18/20170427-VeryMax/ITS/From_T2__fun9.t2__p1405_edge_closing_0.smt2 : 25649 ms.
--------------------------------------------------
Number of variables: 192602
Number of clauses: 966218
sat
real sat
../New_SAT_split/QF_NIA_2_18/20170427-VeryMax/ITS/From_T2__fun9.t2__p1406_edge_closing_0.smt2 : 91153 ms.
--------------------------------------------------
Number of variables: 82612
Number of clauses: 404974
sat
real sat
../New_SAT_split/QF_NIA_2_18/20170427-VeryMax/ITS/From_T2__fun9.t2__p1407_edge_closing_0.smt2 : 1271 ms.
--------------------------------------------------
Number of variables: 150699
Number of clauses: 750241
sat
real sat
../New_SAT_split/QF_NIA_2_18/20170427-VeryMax/ITS/From_T2__fun9.t2__p1408_edge_closing_0.smt2 : 22372 ms.
--------------------------------------------------
Number of variables: 232649
Number of clauses: 1168674
sat
real sat
../New_SAT_split/QF_NIA_2_18/20170427-VeryMax/ITS/From_T2__fun9.t2__p1409_edge_closing_0.smt2 : 110853 ms.
--------------------------------------------------
Number of variables: 69847
Number of clauses: 341915
sat
real sat
../New_SAT_split/QF_NIA_2_18/20170427-VeryMax/ITS/From_T2__fun9.t2__p1410_edge_closing_0.smt2 : 1016 ms.
--------------------------------------------------
Number of variables: 125972
Number of clauses: 626234
sat
real sat
../New_SAT_split/QF_NIA_2_18/20170427-VeryMax/ITS/From_T2__fun9.t2__p1412_edge_closing_0.smt2 : 22432 ms.
--------------------------------------------------
Number of variables: 192526
Number of clauses: 965681
sat
real sat
../New_SAT_split/QF_NIA_2_18/20170427-VeryMax/ITS/From_T2__fun9.t2__p1413_edge_closing_0.smt2 : 45556 ms.
--------------------------------------------------
Number of variables: 66524
Number of clauses: 326125
sat
real sat
../New_SAT_split/QF_NIA_2_18/20170427-VeryMax/ITS/From_T2__fun9.t2__p1414_edge_closing_0.smt2 : 910 ms.
--------------------------------------------------
Number of variables: 119294
Number of clauses: 593906
sat
real sat
../New_SAT_split/QF_NIA_2_18/20170427-VeryMax/ITS/From_T2__fun9.t2__p1415_edge_closing_0.smt2 : 9145 ms.
--------------------------------------------------
Number of variables: 182460
Number of clauses: 916565
sat
real sat
../New_SAT_split/QF_NIA_2_18/20170427-VeryMax/ITS/From_T2__fun9.t2__p1418_edge_closing_0.smt2 : 92935 ms.
--------------------------------------------------
Number of variables: 82536
Number of clauses: 404437
sat
real sat
../New_SAT_split/QF_NIA_2_18/20170427-VeryMax/ITS/From_T2__fun9.t2__p1419_edge_closing_0.smt2 : 12732 ms.
--------------------------------------------------
Number of variables: 150623
Number of clauses: 749704
sat
real sat
../New_SAT_split/QF_NIA_2_18/20170427-VeryMax/ITS/From_T2__fun9.t2__p1420_edge_closing_0.smt2 : 2193 ms.
--------------------------------------------------
Number of variables: 232573
Number of clauses: 1168137
sat
real sat
../New_SAT_split/QF_NIA_2_18/20170427-VeryMax/ITS/From_T2__fun9.t2__p1421_edge_closing_0.smt2 : 39970 ms.
--------------------------------------------------
Number of variables: 79213
Number of clauses: 388647
sat
real sat
../New_SAT_split/QF_NIA_2_18/20170427-VeryMax/ITS/From_T2__fun9.t2__p1422_edge_closing_0.smt2 : 6722 ms.
--------------------------------------------------
Number of variables: 143945
Number of clauses: 717376
sat
real sat
../New_SAT_split/QF_NIA_2_18/20170427-VeryMax/ITS/From_T2__fun9.t2__p1423_edge_closing_0.smt2 : 78479 ms.
--------------------------------------------------
Number of variables: 222507
Number of clauses: 1119021
sat
real sat
../New_SAT_split/QF_NIA_2_18/20170427-VeryMax/ITS/From_T2__fun9.t2__p1424_edge_closing_0.smt2 : 137200 ms.
--------------------------------------------------
Number of variables: 83797
Number of clauses: 410544
sat
real sat
../New_SAT_split/QF_NIA_2_18/20170427-VeryMax/ITS/From_T2__fun9.t2__p1425_edge_closing_0.smt2 : 2183 ms.
--------------------------------------------------
Number of variables: 152691
Number of clauses: 759719
sat
real sat
../New_SAT_split/QF_NIA_2_18/20170427-VeryMax/ITS/From_T2__fun9.t2__p1426_edge_closing_0.smt2 : 38406 ms.
--------------------------------------------------
Number of variables: 235458
Number of clauses: 1182140
sat
real sat
../New_SAT_split/QF_NIA_2_18/20170427-VeryMax/ITS/From_T2__fun9.t2__p1427_edge_closing_0.smt2 : 129946 ms.
--------------------------------------------------
Number of variables: 96485
Number of clauses: 473064
sat
real sat
../New_SAT_split/QF_NIA_2_18/20170427-VeryMax/ITS/From_T2__fun9.t2__p1428_edge_closing_0.smt2 : 1737 ms.
--------------------------------------------------
Number of variables: 177341
Number of clauses: 883187
sat
real sat
../New_SAT_split/QF_NIA_2_18/20170427-VeryMax/ITS/From_T2__fun9.t2__p1429_edge_closing_0.smt2 : 2632 ms.
--------------------------------------------------
Number of variables: 275504
Number of clauses: 1384594
sat
real sat
../New_SAT_split/QF_NIA_2_18/20170427-VeryMax/ITS/From_T2__fun9.t2__p1430_edge_closing_0.smt2 : 380962 ms.
--------------------------------------------------
Number of variables: 71112
Number of clauses: 348054
sat
real sat
../New_SAT_split/QF_NIA_2_18/20170427-VeryMax/ITS/From_T2__fun9.t2__p1432_edge_closing_0.smt2 : 5189 ms.
--------------------------------------------------
Number of variables: 128048
Number of clauses: 636313
sat
real sat
../New_SAT_split/QF_NIA_2_18/20170427-VeryMax/ITS/From_T2__fun9.t2__p1433_edge_closing_0.smt2 : 30819 ms.
--------------------------------------------------
Number of variables: 195423
Number of clauses: 979780
sat
real sat
../New_SAT_split/QF_NIA_2_18/20170427-VeryMax/ITS/From_T2__fun9.t2__p1434_edge_closing_0.smt2 : 32711 ms.
--------------------------------------------------
Number of variables: 121370
Number of clauses: 603985
sat
real sat
../New_SAT_split/QF_NIA_2_18/20170427-VeryMax/ITS/From_T2__fun9.t2__p1436_edge_closing_0.smt2 : 46533 ms.
--------------------------------------------------
Number of variables: 185357
Number of clauses: 930664
sat
real sat
../New_SAT_split/QF_NIA_2_18/20170427-VeryMax/ITS/From_T2__fun9.t2__p1437_edge_closing_0.smt2 : 91698 ms.
--------------------------------------------------
Number of variables: 66931
Number of clauses: 328268
sat
real sat
../New_SAT_split/QF_NIA_2_18/20170427-VeryMax/ITS/From_T2__fun9.t2__p1438_edge_closing_0.smt2 : 22203 ms.
--------------------------------------------------
Number of variables: 119673
Number of clauses: 595850
sat
real sat
../New_SAT_split/QF_NIA_2_18/20170427-VeryMax/ITS/From_T2__fun9.t2__p1439_edge_closing_0.smt2 : 45242 ms.
--------------------------------------------------
Number of variables: 182813
Number of clauses: 918330
sat
real sat
../New_SAT_split/QF_NIA_2_18/20170427-VeryMax/ITS/From_T2__fun9.t2__p1440_edge_closing_0.smt2 : 28334 ms.
--------------------------------------------------
Number of variables: 68317
Number of clauses: 334754
sat
real sat
../New_SAT_split/QF_NIA_2_18/20170427-VeryMax/ITS/From_T2__fun9.t2__p1441_edge_closing_0.smt2 : 204825 ms.
--------------------------------------------------
Number of variables: 120427
Number of clauses: 599443
sat
real sat
../New_SAT_split/QF_NIA_2_18/20170427-VeryMax/ITS/From_T2__fun9.t2__p1442_edge_closing_0.smt2 : 37551 ms.
--------------------------------------------------
Number of variables: 182927
Number of clauses: 918970
sat
real sat
../New_SAT_split/QF_NIA_2_18/20170427-VeryMax/ITS/From_T2__fun9.t2__p1443_edge_closing_0.smt2 : 319933 ms.
--------------------------------------------------
Number of variables: 83801
Number of clauses: 410576
sat
real sat
../New_SAT_split/QF_NIA_2_18/20170427-VeryMax/ITS/From_T2__fun9.t2__p1447_edge_closing_0.smt2 : 19376 ms.
--------------------------------------------------
Number of variables: 152699
Number of clauses: 759783
sat
real sat
../New_SAT_split/QF_NIA_2_18/20170427-VeryMax/ITS/From_T2__fun9.t2__p1448_edge_closing_0.smt2 : 2193 ms.
--------------------------------------------------
Number of variables: 235470
Number of clauses: 1182236
sat
real sat
../New_SAT_split/QF_NIA_2_18/20170427-VeryMax/ITS/From_T2__fun9.t2__p1449_edge_closing_0.smt2 : 38810 ms.
--------------------------------------------------
Number of variables: 85062
Number of clauses: 416683
sat
real sat
../New_SAT_split/QF_NIA_2_18/20170427-VeryMax/ITS/From_T2__fun9.t2__p1450_edge_closing_0.smt2 : 7234 ms.
--------------------------------------------------
Number of variables: 154767
Number of clauses: 769798
sat
real sat
../New_SAT_split/QF_NIA_2_18/20170427-VeryMax/ITS/From_T2__fun9.t2__p1451_edge_closing_0.smt2 : 2125 ms.
--------------------------------------------------
Number of variables: 238355
Number of clauses: 1196239
sat
real sat
../New_SAT_split/QF_NIA_2_18/20170427-VeryMax/ITS/From_T2__fun9.t2__p1452_edge_closing_0.smt2 : 47507 ms.
--------------------------------------------------
Number of variables: 81739
Number of clauses: 400893
sat
real sat
../New_SAT_split/QF_NIA_2_18/20170427-VeryMax/ITS/From_T2__fun9.t2__p1453_edge_closing_0.smt2 : 10982 ms.
--------------------------------------------------
Number of variables: 148089
Number of clauses: 737470
sat
real sat
../New_SAT_split/QF_NIA_2_18/20170427-VeryMax/ITS/From_T2__fun9.t2__p1454_edge_closing_0.smt2 : 36644 ms.
--------------------------------------------------
Number of variables: 228289
Number of clauses: 1147123
sat
real sat
../New_SAT_split/QF_NIA_2_18/20170427-VeryMax/ITS/From_T2__fun9.t2__p1455_edge_closing_0.smt2 : 343242 ms.
--------------------------------------------------
Number of variables: 97750
Number of clauses: 479203
sat
real sat
../New_SAT_split/QF_NIA_2_18/20170427-VeryMax/ITS/From_T2__fun9.t2__p1456_edge_closing_0.smt2 : 16007 ms.
--------------------------------------------------
Number of variables: 179417
Number of clauses: 893266
sat
real sat
../New_SAT_split/QF_NIA_2_18/20170427-VeryMax/ITS/From_T2__fun9.t2__p1457_edge_closing_0.smt2 : 95731 ms.
--------------------------------------------------
Number of variables: 278401
Number of clauses: 1398693
sat
real sat
../New_SAT_split/QF_NIA_2_18/20170427-VeryMax/ITS/From_T2__fun9.t2__p1458_edge_closing_0.smt2 : 55187 ms.
--------------------------------------------------
Number of variables: 84986
Number of clauses: 416146
sat
real sat
../New_SAT_split/QF_NIA_2_18/20170427-VeryMax/ITS/From_T2__fun9.t2__p1459_edge_closing_0.smt2 : 1209 ms.
--------------------------------------------------
Number of variables: 154691
Number of clauses: 769261
sat
real sat
../New_SAT_split/QF_NIA_2_18/20170427-VeryMax/ITS/From_T2__fun9.t2__p1460_edge_closing_0.smt2 : 53048 ms.
--------------------------------------------------
Number of variables: 238279
Number of clauses: 1195702
sat
real sat
../New_SAT_split/QF_NIA_2_18/20170427-VeryMax/ITS/From_T2__fun9.t2__p1461_edge_closing_0.smt2 : 92748 ms.
--------------------------------------------------
Number of variables: 97674
Number of clauses: 478666
sat
real sat
../New_SAT_split/QF_NIA_2_18/20170427-VeryMax/ITS/From_T2__fun9.t2__p1462_edge_closing_0.smt2 : 10479 ms.
--------------------------------------------------
Number of variables: 179341
Number of clauses: 892729
sat
real sat
../New_SAT_split/QF_NIA_2_18/20170427-VeryMax/ITS/From_T2__fun9.t2__p1463_edge_closing_0.smt2 : 2713 ms.
--------------------------------------------------
Number of variables: 278325
Number of clauses: 1398156
sat
real sat
../New_SAT_split/QF_NIA_2_18/20170427-VeryMax/ITS/From_T2__fun9.t2__p1464_edge_closing_0.smt2 : 470903 ms.
--------------------------------------------------
Number of variables: 94351
Number of clauses: 462876
sat
real sat
../New_SAT_split/QF_NIA_2_18/20170427-VeryMax/ITS/From_T2__fun9.t2__p1465_edge_closing_0.smt2 : 14394 ms.
--------------------------------------------------
Number of variables: 172663
Number of clauses: 860401
sat
real sat
../New_SAT_split/QF_NIA_2_18/20170427-VeryMax/ITS/From_T2__fun9.t2__p1466_edge_closing_0.smt2 : 93653 ms.
--------------------------------------------------
Number of variables: 268259
Number of clauses: 1349040
sat
real sat
../New_SAT_split/QF_NIA_2_18/20170427-VeryMax/ITS/From_T2__fun9.t2__p1467_edge_closing_0.smt2 : 407735 ms.
--------------------------------------------------
Number of variables: 98935
Number of clauses: 484773
sat
real sat
../New_SAT_split/QF_NIA_2_18/20170427-VeryMax/ITS/From_T2__fun9.t2__p1468_edge_closing_0.smt2 : 15693 ms.
--------------------------------------------------
Number of variables: 181409
Number of clauses: 902744
sat
real sat
../New_SAT_split/QF_NIA_2_18/20170427-VeryMax/ITS/From_T2__fun9.t2__p1469_edge_closing_0.smt2 : 31272 ms.
--------------------------------------------------
Number of variables: 281210
Number of clauses: 1412159
sat
real sat
../New_SAT_split/QF_NIA_2_18/20170427-VeryMax/ITS/From_T2__fun9.t2__p1470_edge_closing_0.smt2 : 159157 ms.
--------------------------------------------------
Number of variables: 111623
Number of clauses: 547293
sat
real sat
../New_SAT_split/QF_NIA_2_18/20170427-VeryMax/ITS/From_T2__fun9.t2__p1471_edge_closing_0.smt2 : 13561 ms.
--------------------------------------------------
Number of variables: 206059
Number of clauses: 1026212
sat
real sat
../New_SAT_split/QF_NIA_2_18/20170427-VeryMax/ITS/From_T2__fun9.t2__p1472_edge_closing_0.smt2 : 96953 ms.
--------------------------------------------------
Number of variables: 321256
Number of clauses: 1614613
sat
real sat
../New_SAT_split/QF_NIA_2_18/20170427-VeryMax/ITS/From_T2__fun9.t2__p1473_edge_closing_0.smt2 : 182404 ms.
--------------------------------------------------
Number of variables: 87766
Number of clauses: 435474
sat
real sat
../New_SAT_split/QF_NIA_2_18/20170427-VeryMax/ITS/From_T2__fun9.t2__p1475_edge_closing_0.smt2 : 18113 ms.
--------------------------------------------------
Number of variables: 134538
Number of clauses: 673758
sat
real sat
../New_SAT_split/QF_NIA_2_18/20170427-VeryMax/ITS/From_T2__fun9.t2__p1476_edge_closing_0.smt2 : 27964 ms.
--------------------------------------------------
Number of variables: 49204
Number of clauses: 240015
sat
real sat
../New_SAT_split/QF_NIA_2_18/20170427-VeryMax/ITS/From_T2__fun9.t2__p1477_edge_closing_0.smt2 : 1113 ms.
--------------------------------------------------
Number of variables: 89834
Number of clauses: 445489
sat
real sat
../New_SAT_split/QF_NIA_2_18/20170427-VeryMax/ITS/From_T2__fun9.t2__p1478_edge_closing_0.smt2 : 1490 ms.
--------------------------------------------------
Number of variables: 137423
Number of clauses: 687761
sat
real sat
../New_SAT_split/QF_NIA_2_18/20170427-VeryMax/ITS/From_T2__fun9.t2__p1479_edge_closing_0.smt2 : 50715 ms.
--------------------------------------------------
Number of variables: 45868
Number of clauses: 224127
sat
real sat
../New_SAT_split/QF_NIA_2_18/20170427-VeryMax/ITS/From_T2__fun9.t2__p1480_edge_closing_0.smt2 : 6868 ms.
--------------------------------------------------
Number of variables: 83141
Number of clauses: 413045
sat
real sat
../New_SAT_split/QF_NIA_2_18/20170427-VeryMax/ITS/From_T2__fun9.t2__p1481_edge_closing_0.smt2 : 17283 ms.
--------------------------------------------------
Number of variables: 127340
Number of clauses: 638511
sat
real sat
../New_SAT_split/QF_NIA_2_18/20170427-VeryMax/ITS/From_T2__fun9.t2__p1482_edge_closing_0.smt2 : 86826 ms.
--------------------------------------------------
Number of variables: 61893
Number of clauses: 302537
sat
real sat
../New_SAT_split/QF_NIA_2_18/20170427-VeryMax/ITS/From_T2__fun9.t2__p1483_edge_closing_0.smt2 : 6376 ms.
--------------------------------------------------
Number of variables: 114485
Number of clauses: 568959
sat
real sat
../New_SAT_split/QF_NIA_2_18/20170427-VeryMax/ITS/From_T2__fun9.t2__p1484_edge_closing_0.smt2 : 16196 ms.
--------------------------------------------------
Number of variables: 177470
Number of clauses: 890217
sat
real sat
../New_SAT_split/QF_NIA_2_18/20170427-VeryMax/ITS/From_T2__fun9.t2__p1485_edge_closing_0.smt2 : 34346 ms.
--------------------------------------------------
Number of variables: 90440
Number of clauses: 445038
sat
real sat
../New_SAT_split/QF_NIA_2_18/20170427-VeryMax/ITS/From_T2__fun9.t2__term_unfeasibility_0_0.smt2 : 1386 ms.
--------------------------------------------------
Number of variables: 35072
Number of clauses: 182994
unsat in 4 bits.
Number of variables: 98593
Number of clauses: 551595
unsat in 10 bits.
Number of variables: 241363
Number of clauses: 1410652
sat
real sat
../New_SAT_split/QF_NIA_2_18/20170427-VeryMax/ITS/From_T2__hand7.t2__p1513_edge_closing_0.smt2 : 311943 ms.
--------------------------------------------------
Number of variables: 1550335
Number of clauses: 7556118
sat
real sat
../New_SAT_split/QF_NIA_2_18/20170427-VeryMax/ITS/From_T2__hqr.c.i.hqr.pl.t2.fixed.t2_fixed__p1607_terminationG_0.smt2 : 173270 ms.
--------------------------------------------------
Number of variables: 3960431
Number of clauses: 19683367
../New_SAT_split/QF_NIA_2_18/20170427-VeryMax/ITS/From_T2__hqr.c.i.hqr.pl.t2.fixed.t2_fixed__p1608_terminationG_0.smt2 : 2401223 ms.
--------------------------------------------------
Number of variables: 1536346
Number of clauses: 7487705
sat
real sat
../New_SAT_split/QF_NIA_2_18/20170427-VeryMax/ITS/From_T2__hqr.c.i.hqr.pl.t2.fixed.t2_fixed__p1613_terminationG_0.smt2 : 187073 ms.
--------------------------------------------------
Number of variables: 3934525
Number of clauses: 19555102
sat
real sat
../New_SAT_split/QF_NIA_2_18/20170427-VeryMax/ITS/From_T2__hqr.c.i.hqr.pl.t2.fixed.t2_fixed__p1614_terminationG_0.smt2 : 1836930 ms.
--------------------------------------------------
Number of variables: 1522249
Number of clauses: 7418485
sat
real sat
../New_SAT_split/QF_NIA_2_18/20170427-VeryMax/ITS/From_T2__hqr.c.i.hqr.pl.t2.fixed.t2_fixed__p1618_terminationG_0.smt2 : 170762 ms.
--------------------------------------------------
Number of variables: 3908503
Number of clauses: 19425966
sat
real sat
../New_SAT_split/QF_NIA_2_18/20170427-VeryMax/ITS/From_T2__hqr.c.i.hqr.pl.t2.fixed.t2_fixed__p1619_terminationG_0.smt2 : 2194060 ms.
--------------------------------------------------
Number of variables: 3516229
Number of clauses: 18300182
sat
real sat
../New_SAT_split/QF_NIA_2_18/20170427-VeryMax/ITS/From_T2__hqr.c.i.hqr.pl.t2.fixed.t2_fixed__p1622_edge_closing_0.smt2 : 1331227 ms.
--------------------------------------------------
Number of variables: 3209959
Number of clauses: 16769123
sat
real sat
../New_SAT_split/QF_NIA_2_18/20170427-VeryMax/ITS/From_T2__hqr.c.i.hqr.pl.t2.fixed.t2_fixed__p1626_edge_closing_0.smt2 : 1073978 ms.
--------------------------------------------------
Number of variables: 789773
Number of clauses: 3840984
sat
real sat
../New_SAT_split/QF_NIA_2_18/20170427-VeryMax/ITS/From_T2__hqr.c.i.hqr.pl.t2.fixed.t2_fixed__term_unfeasibility_1_0.smt2 : 18675 ms.
--------------------------------------------------
Number of variables: 2324728
Number of clauses: 11353866
sat
real sat
../New_SAT_split/QF_NIA_2_18/20170427-VeryMax/ITS/From_T2__hqr.c.i.hqr.pl.t2.fixed.t2__p1635_terminationG_0.smt2 : 197726 ms.
--------------------------------------------------
Number of variables: 2308291
Number of clauses: 11273561
sat
real sat
../New_SAT_split/QF_NIA_2_18/20170427-VeryMax/ITS/From_T2__hqr.c.i.hqr.pl.t2.fixed.t2__p1641_terminationG_0.smt2 : 49384 ms.
--------------------------------------------------
Number of variables: 2291746
Number of clauses: 11192449
sat
real sat
../New_SAT_split/QF_NIA_2_18/20170427-VeryMax/ITS/From_T2__hqr.c.i.hqr.pl.t2.fixed.t2__p1646_terminationG_0.smt2 : 235206 ms.
--------------------------------------------------
Number of variables: 4161019
Number of clauses: 21730933
sat
real sat
../New_SAT_split/QF_NIA_2_18/20170427-VeryMax/ITS/From_T2__hqr.c.i.hqr.pl.t2.fixed.t2__p1650_edge_closing_0.smt2 : 1743681 ms.
--------------------------------------------------
Number of variables: 5241945
Number of clauses: 27102959
sat
real sat
../New_SAT_split/QF_NIA_2_18/20170427-VeryMax/ITS/From_T2__hqr.c.i.hqr.pl.t2.fixed.t2__p1654_edge_closing_0.smt2 : 1748010 ms.
--------------------------------------------------
Number of variables: 943423
Number of clauses: 4578660
sat
real sat
../New_SAT_split/QF_NIA_2_18/20170427-VeryMax/ITS/From_T2__hqr.c.i.hqr.pl.t2.fixed.t2__term_unfeasibility_1_0.smt2 : 23197 ms.
--------------------------------------------------
Number of variables: 1547114
Number of clauses: 7540772
sat
real sat
../New_SAT_split/QF_NIA_2_18/20170427-VeryMax/ITS/From_T2__hqr.c.i.hqr.pl.t2.nor.t2.rlgfixed.t2_fixed__p1663_terminationG_0.smt2 : 168601 ms.
--------------------------------------------------
Number of variables: 1519028
Number of clauses: 7403139
sat
real sat
../New_SAT_split/QF_NIA_2_18/20170427-VeryMax/ITS/From_T2__hqr.c.i.hqr.pl.t2.nor.t2.rlgfixed.t2_fixed__p1668_terminationG_0.smt2 : 179502 ms.
--------------------------------------------------
Number of variables: 3904722
Number of clauses: 19407727
../New_SAT_split/QF_NIA_2_18/20170427-VeryMax/ITS/From_T2__hqr.c.i.hqr.pl.t2.nor.t2.rlgfixed.t2_fixed__p1669_terminationG_0.smt2 : 2401271 ms.
--------------------------------------------------
Number of variables: 3366250
Number of clauses: 17560787
sat
real sat
../New_SAT_split/QF_NIA_2_18/20170427-VeryMax/ITS/From_T2__hqr.c.i.hqr.pl.t2.nor.t2.rlgfixed.t2_fixed__p1680_edge_closing_0.smt2 : 417103 ms.
--------------------------------------------------
Number of variables: 2994690
Number of clauses: 15695117
sat
real sat
../New_SAT_split/QF_NIA_2_18/20170427-VeryMax/ITS/From_T2__hqr.c.i.hqr.pl.t2.nor.t2.rlgfixed.t2_fixed__p1685_edge_closing_0.smt2 : 412941 ms.
--------------------------------------------------
Number of variables: 1514336
Number of clauses: 7378602
sat
real sat
../New_SAT_split/QF_NIA_2_18/20170427-VeryMax/ITS/From_T2__hqr.c.i.hqr.pl.t2.nor.t2.rlgfixed.t2_fixed__terminationQ_0_0.smt2 : 21857 ms.
--------------------------------------------------
Number of variables: 788904
Number of clauses: 3836573
sat
real sat
../New_SAT_split/QF_NIA_2_18/20170427-VeryMax/ITS/From_T2__hqr.c.i.hqr.pl.t2.nor.t2.rlgfixed.t2_fixed__term_unfeasibility_1_0.smt2 : 12223 ms.
--------------------------------------------------
Number of variables: 2312427
Number of clauses: 11295343
sat
real sat
../New_SAT_split/QF_NIA_2_18/20170427-VeryMax/ITS/From_T2__hqr.c.i.hqr.pl.t2.nor.t2.rlgfixed.t2__p1697_terminationG_0.smt2 : 267734 ms.
--------------------------------------------------
Number of variables: 2295990
Number of clauses: 11215038
sat
real sat
../New_SAT_split/QF_NIA_2_18/20170427-VeryMax/ITS/From_T2__hqr.c.i.hqr.pl.t2.nor.t2.rlgfixed.t2__p1706_terminationG_0.smt2 : 53503 ms.
--------------------------------------------------
Number of variables: 2279445
Number of clauses: 11133926
sat
real sat
../New_SAT_split/QF_NIA_2_18/20170427-VeryMax/ITS/From_T2__hqr.c.i.hqr.pl.t2.nor.t2.rlgfixed.t2__p1711_terminationG_0.smt2 : 240475 ms.
--------------------------------------------------
Number of variables: 3985199
Number of clauses: 20865430
sat
real sat
../New_SAT_split/QF_NIA_2_18/20170427-VeryMax/ITS/From_T2__hqr.c.i.hqr.pl.t2.nor.t2.rlgfixed.t2__p1717_edge_closing_0.smt2 : 418188 ms.
--------------------------------------------------
Number of variables: 4091014
Number of clauses: 21352127
sat
real sat
../New_SAT_split/QF_NIA_2_18/20170427-VeryMax/ITS/From_T2__hqr.c.i.hqr.pl.t2.nor.t2.rlgfixed.t2__p1721_edge_closing_0.smt2 : 1496965 ms.
--------------------------------------------------
Number of variables: 942374
Number of clauses: 4572884
sat
real sat
../New_SAT_split/QF_NIA_2_18/20170427-VeryMax/ITS/From_T2__hqr.c.i.hqr.pl.t2.nor.t2.rlgfixed.t2__term_unfeasibility_1_0.smt2 : 15572 ms.
--------------------------------------------------
Number of variables: 1547114
Number of clauses: 7540772
sat
real sat
../New_SAT_split/QF_NIA_2_18/20170427-VeryMax/ITS/From_T2__hqr.t2_fixed__p1730_terminationG_0.smt2 : 119831 ms.
--------------------------------------------------
Number of variables: 3956650
Number of clauses: 19665128
../New_SAT_split/QF_NIA_2_18/20170427-VeryMax/ITS/From_T2__hqr.t2_fixed__p1731_terminationG_0.smt2 : 2401225 ms.
--------------------------------------------------
Number of variables: 1533125
Number of clauses: 7472359
sat
real sat
../New_SAT_split/QF_NIA_2_18/20170427-VeryMax/ITS/From_T2__hqr.t2_fixed__p1735_terminationG_0.smt2 : 189591 ms.
--------------------------------------------------
Number of variables: 3930744
Number of clauses: 19536863
../New_SAT_split/QF_NIA_2_18/20170427-VeryMax/ITS/From_T2__hqr.t2_fixed__p1736_terminationG_0.smt2 : 2401415 ms.
--------------------------------------------------
Number of variables: 1519028
Number of clauses: 7403139
sat
real sat
../New_SAT_split/QF_NIA_2_18/20170427-VeryMax/ITS/From_T2__hqr.t2_fixed__p1740_terminationG_0.smt2 : 34874 ms.
--------------------------------------------------
Number of variables: 3366250
Number of clauses: 17560787
sat
real sat
../New_SAT_split/QF_NIA_2_18/20170427-VeryMax/ITS/From_T2__hqr.t2_fixed__p1750_edge_closing_0.smt2 : 311549 ms.
--------------------------------------------------
Number of variables: 2994690
Number of clauses: 15695117
sat
real sat
../New_SAT_split/QF_NIA_2_18/20170427-VeryMax/ITS/From_T2__hqr.t2_fixed__p1754_edge_closing_0.smt2 : 435591 ms.
--------------------------------------------------
Number of variables: 788904
Number of clauses: 3836573
sat
real sat
../New_SAT_split/QF_NIA_2_18/20170427-VeryMax/ITS/From_T2__hqr.t2_fixed__term_unfeasibility_1_0.smt2 : 15243 ms.
--------------------------------------------------
Number of variables: 1937545
Number of clauses: 9420470
sat
real sat
../New_SAT_split/QF_NIA_2_18/20170427-VeryMax/ITS/From_T2__hqr.t2__p1763_terminationG_0.smt2 : 285428 ms.
--------------------------------------------------
Number of variables: 4927190
Number of clauses: 24456813
../New_SAT_split/QF_NIA_2_18/20170427-VeryMax/ITS/From_T2__hqr.t2__p1764_terminationG_0.smt2 : 2401889 ms.
--------------------------------------------------
Number of variables: 1921108
Number of clauses: 9340165
sat
real sat
../New_SAT_split/QF_NIA_2_18/20170427-VeryMax/ITS/From_T2__hqr.t2__p1768_terminationG_0.smt2 : 177385 ms.
--------------------------------------------------
Number of variables: 1904563
Number of clauses: 9259053
sat
real sat
../New_SAT_split/QF_NIA_2_18/20170427-VeryMax/ITS/From_T2__hqr.t2__p1774_terminationG_0.smt2 : 235123 ms.
--------------------------------------------------
Number of variables: 3985199
Number of clauses: 20865430
sat
real sat
../New_SAT_split/QF_NIA_2_18/20170427-VeryMax/ITS/From_T2__hqr.t2__p1783_edge_closing_0.smt2 : 1298263 ms.
--------------------------------------------------
Number of variables: 5138872
Number of clauses: 27345327
sat
real sat
../New_SAT_split/QF_NIA_2_18/20170427-VeryMax/ITS/From_T2__hqr.t2__p1788_edge_closing_0.smt2 : 495680 ms.
--------------------------------------------------
Number of variables: 1898615
Number of clauses: 9227700
sat
real sat
../New_SAT_split/QF_NIA_2_18/20170427-VeryMax/ITS/From_T2__hqr.t2__terminationQ_0_0.smt2 : 24941 ms.
--------------------------------------------------
Number of variables: 942374
Number of clauses: 4572884
sat
real sat
../New_SAT_split/QF_NIA_2_18/20170427-VeryMax/ITS/From_T2__hqr.t2__term_unfeasibility_1_0.smt2 : 30435 ms.
--------------------------------------------------
Number of variables: 34493
Number of clauses: 174381
sat
real sat
../New_SAT_split/QF_NIA_2_18/20170427-VeryMax/ITS/From_T2__intSqRoot.t2__p1926_edge_closing_0.smt2 : 3141 ms.
--------------------------------------------------
Number of variables: 26509
Number of clauses: 134776
sat
real sat
../New_SAT_split/QF_NIA_2_18/20170427-VeryMax/ITS/From_T2__janne_complex.t2_fixed__p2006_edge_closing_0.smt2 : 713 ms.
--------------------------------------------------
Number of variables: 57969
Number of clauses: 298962
sat
real sat
../New_SAT_split/QF_NIA_2_18/20170427-VeryMax/ITS/From_T2__janne_complex.t2_fixed__p2008_edge_closing_0.smt2 : 81324 ms.
--------------------------------------------------
Number of variables: 103991
Number of clauses: 540267
../New_SAT_split/QF_NIA_2_18/20170427-VeryMax/ITS/From_T2__janne_complex.t2_fixed__p2009_edge_closing_0.smt2 : 2401009 ms.
--------------------------------------------------
Number of variables: 60902
Number of clauses: 318324
unsat in 4 bits.
Number of variables: 169858
Number of clauses: 954868
unsat in 10 bits.
Number of variables: 411650
Number of clauses: 2414948
sat
real sat
../New_SAT_split/QF_NIA_2_18/20170427-VeryMax/ITS/From_T2__janne_complex.t2_fixed__p2011_edge_closing_0.smt2 : 63135 ms.
--------------------------------------------------
Number of variables: 74976
Number of clauses: 374867
sat
real sat
../New_SAT_split/QF_NIA_2_18/20170427-VeryMax/ITS/From_T2__janne_complex.t2__p2019_terminationG_0.smt2 : 2188 ms.
--------------------------------------------------
Number of variables: 171974
Number of clauses: 866694
sat
real sat
../New_SAT_split/QF_NIA_2_18/20170427-VeryMax/ITS/From_T2__janne_complex.t2__p2020_terminationG_0.smt2 : 18912 ms.
--------------------------------------------------
Number of variables: 305978
Number of clauses: 1551757
sat
real sat
../New_SAT_split/QF_NIA_2_18/20170427-VeryMax/ITS/From_T2__janne_complex.t2__p2021_terminationG_0.smt2 : 38062 ms.
--------------------------------------------------
Number of variables: 68581
Number of clauses: 341534
sat
real sat
../New_SAT_split/QF_NIA_2_18/20170427-VeryMax/ITS/From_T2__janne_complex.t2__p2024_terminationG_0.smt2 : 2713 ms.
--------------------------------------------------
Number of variables: 160730
Number of clauses: 808984
sat
real sat
../New_SAT_split/QF_NIA_2_18/20170427-VeryMax/ITS/From_T2__janne_complex.t2__p2025_terminationG_0.smt2 : 19158 ms.
--------------------------------------------------
Number of variables: 289823
Number of clauses: 1469132
sat
real sat
../New_SAT_split/QF_NIA_2_18/20170427-VeryMax/ITS/From_T2__janne_complex.t2__p2026_terminationG_0.smt2 : 28773 ms.
--------------------------------------------------
Number of variables: 48462
Number of clauses: 242446
sat
real sat
../New_SAT_split/QF_NIA_2_18/20170427-VeryMax/ITS/From_T2__janne_complex.t2__p2029_terminationG_0.smt2 : 3154 ms.
--------------------------------------------------
Number of variables: 113506
Number of clauses: 573042
sat
real sat
../New_SAT_split/QF_NIA_2_18/20170427-VeryMax/ITS/From_T2__janne_complex.t2__p2030_terminationG_0.smt2 : 15001 ms.
--------------------------------------------------
Number of variables: 204945
Number of clauses: 1041345
sat
real sat
../New_SAT_split/QF_NIA_2_18/20170427-VeryMax/ITS/From_T2__janne_complex.t2__p2031_terminationG_0.smt2 : 79348 ms.
--------------------------------------------------
Number of variables: 165980
Number of clauses: 832954
sat
real sat
../New_SAT_split/QF_NIA_2_18/20170427-VeryMax/ITS/From_T2__janne_complex.t2__p2034_terminationG_0.smt2 : 4175 ms.
--------------------------------------------------
Number of variables: 375804
Number of clauses: 1899011
sat
real sat
../New_SAT_split/QF_NIA_2_18/20170427-VeryMax/ITS/From_T2__janne_complex.t2__p2035_terminationG_0.smt2 : 42519 ms.
--------------------------------------------------
Number of variables: 664964
Number of clauses: 3379466
sat
real sat
../New_SAT_split/QF_NIA_2_18/20170427-VeryMax/ITS/From_T2__janne_complex.t2__p2036_terminationG_0.smt2 : 207553 ms.
--------------------------------------------------
Number of variables: 74666
Number of clauses: 372554
sat
real sat
../New_SAT_split/QF_NIA_2_18/20170427-VeryMax/ITS/From_T2__janne_complex.t2__p2039_terminationG_0.smt2 : 1542 ms.
--------------------------------------------------
Number of variables: 177537
Number of clauses: 895416
sat
real sat
../New_SAT_split/QF_NIA_2_18/20170427-VeryMax/ITS/From_T2__janne_complex.t2__p2040_terminationG_0.smt2 : 18008 ms.
--------------------------------------------------
Number of variables: 322600
Number of clauses: 1638282
sat
real sat
../New_SAT_split/QF_NIA_2_18/20170427-VeryMax/ITS/From_T2__janne_complex.t2__p2041_terminationG_0.smt2 : 30047 ms.
--------------------------------------------------
Number of variables: 51255
Number of clauses: 256978
sat
real sat
../New_SAT_split/QF_NIA_2_18/20170427-VeryMax/ITS/From_T2__janne_complex.t2__p2044_terminationG_0.smt2 : 5615 ms.
--------------------------------------------------
Number of variables: 118596
Number of clauses: 599890
sat
real sat
../New_SAT_split/QF_NIA_2_18/20170427-VeryMax/ITS/From_T2__janne_complex.t2__p2047_terminationG_0.smt2 : 13317 ms.
--------------------------------------------------
Number of variables: 212332
Number of clauses: 1080509
sat
real sat
../New_SAT_split/QF_NIA_2_18/20170427-VeryMax/ITS/From_T2__janne_complex.t2__p2051_terminationG_0.smt2 : 24050 ms.
--------------------------------------------------
Number of variables: 166026
Number of clauses: 833172
sat
real sat
../New_SAT_split/QF_NIA_2_18/20170427-VeryMax/ITS/From_T2__janne_complex.t2__p2084_terminationG_0.smt2 : 3751 ms.
--------------------------------------------------
Number of variables: 375850
Number of clauses: 1899229
sat
real sat
../New_SAT_split/QF_NIA_2_18/20170427-VeryMax/ITS/From_T2__janne_complex.t2__p2085_terminationG_0.smt2 : 37927 ms.
--------------------------------------------------
Number of variables: 665010
Number of clauses: 3379684
sat
real sat
../New_SAT_split/QF_NIA_2_18/20170427-VeryMax/ITS/From_T2__janne_complex.t2__p2089_terminationG_0.smt2 : 56999 ms.
--------------------------------------------------
Number of variables: 151038
Number of clauses: 757928
sat
real sat
../New_SAT_split/QF_NIA_2_18/20170427-VeryMax/ITS/From_T2__janne_complex.t2__p2094_terminationG_0.smt2 : 3052 ms.
--------------------------------------------------
Number of variables: 350156
Number of clauses: 1770125
sat
real sat
../New_SAT_split/QF_NIA_2_18/20170427-VeryMax/ITS/From_T2__janne_complex.t2__p2096_terminationG_0.smt2 : 43933 ms.
--------------------------------------------------
Number of variables: 628500
Number of clauses: 3195846
sat
real sat
../New_SAT_split/QF_NIA_2_18/20170427-VeryMax/ITS/From_T2__janne_complex.t2__p2099_terminationG_0.smt2 : 60164 ms.
--------------------------------------------------
Number of variables: 74712
Number of clauses: 372772
sat
real sat
../New_SAT_split/QF_NIA_2_18/20170427-VeryMax/ITS/From_T2__janne_complex.t2__p2104_terminationG_0.smt2 : 1595 ms.
--------------------------------------------------
Number of variables: 177583
Number of clauses: 895634
sat
real sat
../New_SAT_split/QF_NIA_2_18/20170427-VeryMax/ITS/From_T2__janne_complex.t2__p2106_terminationG_0.smt2 : 20375 ms.
--------------------------------------------------
Number of variables: 322646
Number of clauses: 1638500
sat
real sat
../New_SAT_split/QF_NIA_2_18/20170427-VeryMax/ITS/From_T2__janne_complex.t2__p2108_terminationG_0.smt2 : 40628 ms.
--------------------------------------------------
Number of variables: 51301
Number of clauses: 257196
sat
real sat
../New_SAT_split/QF_NIA_2_18/20170427-VeryMax/ITS/From_T2__janne_complex.t2__p2113_terminationG_0.smt2 : 3026 ms.
--------------------------------------------------
Number of variables: 118642
Number of clauses: 600108
sat
real sat
../New_SAT_split/QF_NIA_2_18/20170427-VeryMax/ITS/From_T2__janne_complex.t2__p2116_terminationG_0.smt2 : 22612 ms.
--------------------------------------------------
Number of variables: 212378
Number of clauses: 1080727
sat
real sat
../New_SAT_split/QF_NIA_2_18/20170427-VeryMax/ITS/From_T2__janne_complex.t2__p2117_terminationG_0.smt2 : 23181 ms.
--------------------------------------------------
Number of variables: 97557
Number of clauses: 496056
sat
real sat
../New_SAT_split/QF_NIA_2_18/20170427-VeryMax/ITS/From_T2__janne_complex.t2__p2127_terminationG_0.smt2 : 3294 ms.
--------------------------------------------------
Number of variables: 173158
Number of clauses: 884849
sat
real sat
../New_SAT_split/QF_NIA_2_18/20170427-VeryMax/ITS/From_T2__janne_complex.t2__p2128_terminationG_0.smt2 : 58388 ms.
--------------------------------------------------
Number of variables: 104881
Number of clauses: 538528
sat
real sat
../New_SAT_split/QF_NIA_2_18/20170427-VeryMax/ITS/From_T2__janne_complex.t2__p2135_terminationG_0.smt2 : 42335 ms.
--------------------------------------------------
Number of variables: 181466
Number of clauses: 933641
sat
real sat
../New_SAT_split/QF_NIA_2_18/20170427-VeryMax/ITS/From_T2__janne_complex.t2__p2137_terminationG_0.smt2 : 70419 ms.
--------------------------------------------------
Number of variables: 111335
Number of clauses: 575444
sat
real sat
../New_SAT_split/QF_NIA_2_18/20170427-VeryMax/ITS/From_T2__janne_complex.t2__p2144_terminationG_0.smt2 : 39238 ms.
--------------------------------------------------
Number of variables: 188484
Number of clauses: 974087
sat
real sat
../New_SAT_split/QF_NIA_2_18/20170427-VeryMax/ITS/From_T2__janne_complex.t2__p2145_terminationG_0.smt2 : 15613 ms.
--------------------------------------------------
Number of variables: 116237
Number of clauses: 603384
sat
real sat
../New_SAT_split/QF_NIA_2_18/20170427-VeryMax/ITS/From_T2__janne_complex.t2__p2149_terminationG_0.smt2 : 12230 ms.
--------------------------------------------------
Number of variables: 193442
Number of clauses: 1002475
sat
real sat
../New_SAT_split/QF_NIA_2_18/20170427-VeryMax/ITS/From_T2__janne_complex.t2__p2150_terminationG_0.smt2 : 47684 ms.
--------------------------------------------------
Number of variables: 120707
Number of clauses: 629145
sat
real sat
../New_SAT_split/QF_NIA_2_18/20170427-VeryMax/ITS/From_T2__janne_complex.t2__p2157_terminationG_0.smt2 : 9845 ms.
--------------------------------------------------
Number of variables: 197960
Number of clauses: 1028620
sat
real sat
../New_SAT_split/QF_NIA_2_18/20170427-VeryMax/ITS/From_T2__janne_complex.t2__p2158_terminationG_0.smt2 : 245229 ms.
--------------------------------------------------
Number of variables: 125644
Number of clauses: 659068
sat
real sat
../New_SAT_split/QF_NIA_2_18/20170427-VeryMax/ITS/From_T2__janne_complex.t2__p2165_terminationG_0.smt2 : 13248 ms.
--------------------------------------------------
Number of variables: 203017
Number of clauses: 1059503
sat
real sat
../New_SAT_split/QF_NIA_2_18/20170427-VeryMax/ITS/From_T2__janne_complex.t2__p2166_terminationG_0.smt2 : 50770 ms.
--------------------------------------------------
Number of variables: 130902
Number of clauses: 690620
sat
real sat
../New_SAT_split/QF_NIA_2_18/20170427-VeryMax/ITS/From_T2__janne_complex.t2__p2173_terminationG_0.smt2 : 42465 ms.
--------------------------------------------------
Number of variables: 208395
Number of clauses: 1092015
sat
real sat
../New_SAT_split/QF_NIA_2_18/20170427-VeryMax/ITS/From_T2__janne_complex.t2__p2176_terminationG_0.smt2 : 18014 ms.
--------------------------------------------------
Number of variables: 136436
Number of clauses: 723648
sat
real sat
../New_SAT_split/QF_NIA_2_18/20170427-VeryMax/ITS/From_T2__janne_complex.t2__p2181_terminationG_0.smt2 : 112325 ms.
--------------------------------------------------
Number of variables: 214049
Number of clauses: 1126003
sat
real sat
../New_SAT_split/QF_NIA_2_18/20170427-VeryMax/ITS/From_T2__janne_complex.t2__p2182_terminationG_0.smt2 : 177316 ms.
--------------------------------------------------
Number of variables: 142285
Number of clauses: 758455
sat
real sat
../New_SAT_split/QF_NIA_2_18/20170427-VeryMax/ITS/From_T2__janne_complex.t2__p2193_terminationG_0.smt2 : 12832 ms.
--------------------------------------------------
Number of variables: 220018
Number of clauses: 1161770
sat
real sat
../New_SAT_split/QF_NIA_2_18/20170427-VeryMax/ITS/From_T2__janne_complex.t2__p2194_terminationG_0.smt2 : 186836 ms.
--------------------------------------------------
Number of variables: 147903
Number of clauses: 792887
sat
real sat
../New_SAT_split/QF_NIA_2_18/20170427-VeryMax/ITS/From_T2__janne_complex.t2__p2199_terminationG_0.smt2 : 116243 ms.
--------------------------------------------------
Number of variables: 225756
Number of clauses: 1197162
sat
real sat
../New_SAT_split/QF_NIA_2_18/20170427-VeryMax/ITS/From_T2__janne_complex.t2__p2200_terminationG_0.smt2 : 52975 ms.
--------------------------------------------------
Number of variables: 153836
Number of clauses: 829098
sat
real sat
../New_SAT_split/QF_NIA_2_18/20170427-VeryMax/ITS/From_T2__janne_complex.t2__p2207_terminationG_0.smt2 : 129929 ms.
--------------------------------------------------
Number of variables: 231809
Number of clauses: 1234333
sat
real sat
../New_SAT_split/QF_NIA_2_18/20170427-VeryMax/ITS/From_T2__janne_complex.t2__p2211_terminationG_0.smt2 : 217331 ms.
--------------------------------------------------
Number of variables: 159247
Number of clauses: 861997
sat
real sat
../New_SAT_split/QF_NIA_2_18/20170427-VeryMax/ITS/From_T2__janne_complex.t2__p2215_terminationG_0.smt2 : 15582 ms.
--------------------------------------------------
Number of variables: 237316
Number of clauses: 1268000
sat
real sat
../New_SAT_split/QF_NIA_2_18/20170427-VeryMax/ITS/From_T2__janne_complex.t2__p2216_terminationG_0.smt2 : 17343 ms.
--------------------------------------------------
Number of variables: 164559
Number of clauses: 894845
sat
real sat
../New_SAT_split/QF_NIA_2_18/20170427-VeryMax/ITS/From_T2__janne_complex.t2__p2220_terminationG_0.smt2 : 45130 ms.
--------------------------------------------------
Number of variables: 242724
Number of clauses: 1301616
sat
real sat
../New_SAT_split/QF_NIA_2_18/20170427-VeryMax/ITS/From_T2__janne_complex.t2__p2221_terminationG_0.smt2 : 172559 ms.
--------------------------------------------------
Number of variables: 170279
Number of clauses: 929493
sat
real sat
../New_SAT_split/QF_NIA_2_18/20170427-VeryMax/ITS/From_T2__janne_complex.t2__p2225_terminationG_0.smt2 : 37307 ms.
--------------------------------------------------
Number of variables: 248540
Number of clauses: 1337032
sat
real sat
../New_SAT_split/QF_NIA_2_18/20170427-VeryMax/ITS/From_T2__janne_complex.t2__p2226_terminationG_0.smt2 : 69132 ms.
--------------------------------------------------
Number of variables: 175849
Number of clauses: 964078
sat
real sat
../New_SAT_split/QF_NIA_2_18/20170427-VeryMax/ITS/From_T2__janne_complex.t2__p2230_terminationG_0.smt2 : 167063 ms.
--------------------------------------------------
Number of variables: 254206
Number of clauses: 1372385
sat
real sat
../New_SAT_split/QF_NIA_2_18/20170427-VeryMax/ITS/From_T2__janne_complex.t2__p2231_terminationG_0.smt2 : 153592 ms.
--------------------------------------------------
Number of variables: 180933
Number of clauses: 994907
sat
real sat
../New_SAT_split/QF_NIA_2_18/20170427-VeryMax/ITS/From_T2__janne_complex.t2__p2235_terminationG_0.smt2 : 143648 ms.
--------------------------------------------------
Number of variables: 259362
Number of clauses: 1403790
sat
real sat
../New_SAT_split/QF_NIA_2_18/20170427-VeryMax/ITS/From_T2__janne_complex.t2__p2236_terminationG_0.smt2 : 144383 ms.
--------------------------------------------------
Number of variables: 186237
Number of clauses: 1026848
sat
real sat
../New_SAT_split/QF_NIA_2_18/20170427-VeryMax/ITS/From_T2__janne_complex.t2__p2241_terminationG_0.smt2 : 131521 ms.
--------------------------------------------------
Number of variables: 264738
Number of clauses: 1436307
sat
real sat
../New_SAT_split/QF_NIA_2_18/20170427-VeryMax/ITS/From_T2__janne_complex.t2__p2242_terminationG_0.smt2 : 165934 ms.
--------------------------------------------------
Number of variables: 192017
Number of clauses: 1062708
sat
real sat
../New_SAT_split/QF_NIA_2_18/20170427-VeryMax/ITS/From_T2__janne_complex.t2__p2253_terminationG_0.smt2 : 114240 ms.
--------------------------------------------------
Number of variables: 270614
Number of clauses: 1472935
sat
real sat
../New_SAT_split/QF_NIA_2_18/20170427-VeryMax/ITS/From_T2__janne_complex.t2__p2254_terminationG_0.smt2 : 156934 ms.
--------------------------------------------------
Number of variables: 198004
Number of clauses: 1099699
sat
real sat
../New_SAT_split/QF_NIA_2_18/20170427-VeryMax/ITS/From_T2__janne_complex.t2__p2258_terminationG_0.smt2 : 110149 ms.
--------------------------------------------------
Number of variables: 276697
Number of clauses: 1510694
sat
real sat
../New_SAT_split/QF_NIA_2_18/20170427-VeryMax/ITS/From_T2__janne_complex.t2__p2259_terminationG_0.smt2 : 510236 ms.
--------------------------------------------------
Number of variables: 201204
Number of clauses: 1118204
sat
real sat
../New_SAT_split/QF_NIA_2_18/20170427-VeryMax/ITS/From_T2__janne_complex.t2__p2263_terminationG_0.smt2 : 118382 ms.
--------------------------------------------------
Number of variables: 279921
Number of clauses: 1529391
sat
real sat
../New_SAT_split/QF_NIA_2_18/20170427-VeryMax/ITS/From_T2__janne_complex.t2__p2265_terminationG_0.smt2 : 182332 ms.
--------------------------------------------------
Number of variables: 206954
Number of clauses: 1154961
sat
real sat
../New_SAT_split/QF_NIA_2_18/20170427-VeryMax/ITS/From_T2__janne_complex.t2__p2272_terminationG_0.smt2 : 143079 ms.
--------------------------------------------------
Number of variables: 285767
Number of clauses: 1566916
sat
real sat
../New_SAT_split/QF_NIA_2_18/20170427-VeryMax/ITS/From_T2__janne_complex.t2__p2273_terminationG_0.smt2 : 217821 ms.
--------------------------------------------------
Number of variables: 213046
Number of clauses: 1193317
sat
real sat
../New_SAT_split/QF_NIA_2_18/20170427-VeryMax/ITS/From_T2__janne_complex.t2__p2277_terminationG_0.smt2 : 114907 ms.
--------------------------------------------------
Number of variables: 291955
Number of clauses: 1606040
sat
real sat
../New_SAT_split/QF_NIA_2_18/20170427-VeryMax/ITS/From_T2__janne_complex.t2__p2278_terminationG_0.smt2 : 165644 ms.
--------------------------------------------------
Number of variables: 124412
Number of clauses: 612590
sat
real sat
../New_SAT_split/QF_NIA_2_18/20170427-VeryMax/ITS/From_T2__java_AProVEMath.c.t2__p2303_terminationG_0.smt2 : 4808 ms.
--------------------------------------------------
Number of variables: 46781
Number of clauses: 224066
sat
real sat
../New_SAT_split/QF_NIA_2_18/20170427-VeryMax/ITS/From_T2__java_AProVEMathRecursive.c.t2__p2313_terminationG_0.smt2 : 763 ms.
--------------------------------------------------
Number of variables: 95861
Number of clauses: 468388
sat
real sat
../New_SAT_split/QF_NIA_2_18/20170427-VeryMax/ITS/From_T2__java_AProVEMathRecursive.c.t2__p2314_terminationG_0.smt2 : 1611 ms.
--------------------------------------------------
Number of variables: 161866
Number of clauses: 800368
sat
real sat
../New_SAT_split/QF_NIA_2_18/20170427-VeryMax/ITS/From_T2__java_AProVEMathRecursive.c.t2__p2315_terminationG_0.smt2 : 11679 ms.
--------------------------------------------------
Number of variables: 52532
Number of clauses: 263563
sat
real sat
../New_SAT_split/QF_NIA_2_18/20170427-VeryMax/ITS/From_T2__java_Avg.c.t2__p2324_terminationG_0.smt2 : 895 ms.
--------------------------------------------------
Number of variables: 69749
Number of clauses: 342144
sat
real sat
../New_SAT_split/QF_NIA_2_18/20170427-VeryMax/ITS/From_T2__java_DivMinus2.c.t2__p2414_terminationG_0.smt2 : 14897 ms.
--------------------------------------------------
Number of variables: 116741
Number of clauses: 578911
sat
real sat
../New_SAT_split/QF_NIA_2_18/20170427-VeryMax/ITS/From_T2__java_DivMinus2.c.t2__p2415_terminationG_0.smt2 : 13423 ms.
--------------------------------------------------
Number of variables: 50293
Number of clauses: 240756
sat
real sat
../New_SAT_split/QF_NIA_2_18/20170427-VeryMax/ITS/From_T2__java_DivWithoutMinus.c.t2__p2422_terminationG_0.smt2 : 1416 ms.
--------------------------------------------------
Number of variables: 101074
Number of clauses: 493526
sat
real sat
../New_SAT_split/QF_NIA_2_18/20170427-VeryMax/ITS/From_T2__java_DivWithoutMinus.c.t2__p2423_terminationG_0.smt2 : 2941 ms.
--------------------------------------------------
Number of variables: 168503
Number of clauses: 832354
sat
real sat
../New_SAT_split/QF_NIA_2_18/20170427-VeryMax/ITS/From_T2__java_DivWithoutMinus.c.t2__p2424_terminationG_0.smt2 : 3637 ms.
--------------------------------------------------
Number of variables: 41975
Number of clauses: 208108
sat
real sat
../New_SAT_split/QF_NIA_2_18/20170427-VeryMax/ITS/From_T2__java_Double1.c.t2__p2435_terminationG_0.smt2 : 1018 ms.
--------------------------------------------------
Number of variables: 30606
Number of clauses: 151462
sat
real sat
../New_SAT_split/QF_NIA_2_18/20170427-VeryMax/ITS/From_T2__java_PlusSwap.c.t2__p2506_terminationG_0.smt2 : 554 ms.
--------------------------------------------------
Number of variables: 41850
Number of clauses: 201863
sat
real sat
../New_SAT_split/QF_NIA_2_18/20170427-VeryMax/ITS/From_T2__java_Recursions.c.t2__p2519_terminationG_0.smt2 : 284 ms.
--------------------------------------------------
Number of variables: 70959
Number of clauses: 346197
sat
real sat
../New_SAT_split/QF_NIA_2_18/20170427-VeryMax/ITS/From_T2__java_Recursions.c.t2__p2525_terminationG_0.smt2 : 2673 ms.
--------------------------------------------------
Number of variables: 40704
Number of clauses: 195641
sat
real sat
../New_SAT_split/QF_NIA_2_18/20170427-VeryMax/ITS/From_T2__java_Recursions.c.t2__p2529_terminationG_0.smt2 : 233 ms.
--------------------------------------------------
Number of variables: 71089
Number of clauses: 346627
sat
real sat
../New_SAT_split/QF_NIA_2_18/20170427-VeryMax/ITS/From_T2__java_Recursions.c.t2__p2530_terminationG_0.smt2 : 1980 ms.
--------------------------------------------------
Number of variables: 20922
Number of clauses: 99251
sat
real sat
../New_SAT_split/QF_NIA_2_18/20170427-VeryMax/ITS/From_T2__java_Recursions.c.t2__p2534_terminationG_0.smt2 : 120 ms.
--------------------------------------------------
Number of variables: 44350
Number of clauses: 214995
sat
real sat
../New_SAT_split/QF_NIA_2_18/20170427-VeryMax/ITS/From_T2__java_Recursions.c.t2__p2535_terminationG_0.smt2 : 1075 ms.
--------------------------------------------------
Number of variables: 75648
Number of clauses: 371391
sat
real sat
../New_SAT_split/QF_NIA_2_18/20170427-VeryMax/ITS/From_T2__java_Recursions.c.t2__p2536_terminationG_0.smt2 : 2394 ms.
