--------------------------------------------------
Number of variables: 12219
Number of clauses: 60243
sat
real sat
../New_SAT_split/QF_NIA_4_3/AProVE/aproveSMT4216031306594336126.smt2 : 113 ms.
--------------------------------------------------
Number of variables: 6398
Number of clauses: 31421
sat
real sat
../New_SAT_split/QF_NIA_4_3/AProVE/aproveSMT4216133860077412707.smt2 : 60 ms.
--------------------------------------------------
Number of variables: 1170107
Number of clauses: 6004732
sat
real sat
../New_SAT_split/QF_NIA_4_3/AProVE/aproveSMT4217905332346793587.smt2 : 17751 ms.
--------------------------------------------------
Number of variables: 19273
Number of clauses: 93088
sat
real sat
../New_SAT_split/QF_NIA_4_3/AProVE/aproveSMT4225308127115953119.smt2 : 159 ms.
--------------------------------------------------
Number of variables: 325243
Number of clauses: 1640530
sat
real sat
../New_SAT_split/QF_NIA_4_3/AProVE/aproveSMT4227710342142633119.smt2 : 5119 ms.
--------------------------------------------------
Number of variables: 648723
Number of clauses: 3355414
sat
real sat
../New_SAT_split/QF_NIA_4_3/AProVE/aproveSMT4235323793873676849.smt2 : 25772 ms.
--------------------------------------------------
Number of variables: 8622
Number of clauses: 41910
sat
real sat
../New_SAT_split/QF_NIA_4_3/AProVE/aproveSMT4237252436267773553.smt2 : 57 ms.
--------------------------------------------------
Number of variables: 19999
Number of clauses: 96607
sat
real sat
../New_SAT_split/QF_NIA_4_3/AProVE/aproveSMT4247871521466464188.smt2 : 108 ms.
--------------------------------------------------
Number of variables: 5405
Number of clauses: 26373
sat
real sat
../New_SAT_split/QF_NIA_4_3/AProVE/aproveSMT4248959283647504950.smt2 : 29 ms.
--------------------------------------------------
Number of variables: 50928
Number of clauses: 250831
sat
real sat
../New_SAT_split/QF_NIA_4_3/AProVE/aproveSMT4250379789501038100.smt2 : 830 ms.
--------------------------------------------------
Number of variables: 45738
Number of clauses: 235453
sat
real sat
../New_SAT_split/QF_NIA_4_3/AProVE/aproveSMT4251649996790149523.smt2 : 258 ms.
--------------------------------------------------
Number of variables: 10160
Number of clauses: 48917
sat
real sat
../New_SAT_split/QF_NIA_4_3/AProVE/aproveSMT4251680928083770746.smt2 : 58 ms.
--------------------------------------------------
Number of variables: 693025
Number of clauses: 3521702
sat
real sat
../New_SAT_split/QF_NIA_4_3/AProVE/aproveSMT4259130309889079457.smt2 : 12114 ms.
--------------------------------------------------
Number of variables: 4190
Number of clauses: 20217
sat
real sat
../New_SAT_split/QF_NIA_4_3/AProVE/aproveSMT4259480066631888296.smt2 : 41 ms.
--------------------------------------------------
Number of variables: 10603
Number of clauses: 51178
sat
real sat
../New_SAT_split/QF_NIA_4_3/AProVE/aproveSMT4260651954350823011.smt2 : 94 ms.
--------------------------------------------------
Number of variables: 1268
Number of clauses: 6079
sat
real sat
../New_SAT_split/QF_NIA_4_3/AProVE/aproveSMT4266338578977462315.smt2 : 17 ms.
--------------------------------------------------
Number of variables: 58251
Number of clauses: 284294
sat
real sat
../New_SAT_split/QF_NIA_4_3/AProVE/aproveSMT4272437343193188091.smt2 : 1339 ms.
--------------------------------------------------
Number of variables: 120307
Number of clauses: 603827
sat
real sat
../New_SAT_split/QF_NIA_4_3/AProVE/aproveSMT4288889373107089830.smt2 : 4475 ms.
--------------------------------------------------
Number of variables: 1417
Number of clauses: 6820
sat
real sat
../New_SAT_split/QF_NIA_4_3/AProVE/aproveSMT4290756995024336591.smt2 : 12 ms.
--------------------------------------------------
Number of variables: 714021
Number of clauses: 3630581
sat
real sat
../New_SAT_split/QF_NIA_4_3/AProVE/aproveSMT4293993713008672806.smt2 : 25588 ms.
--------------------------------------------------
Number of variables: 11756
Number of clauses: 56737
sat
real sat
../New_SAT_split/QF_NIA_4_3/AProVE/aproveSMT4295968521728082525.smt2 : 120 ms.
--------------------------------------------------
Number of variables: 19623
Number of clauses: 98633
sat
real sat
../New_SAT_split/QF_NIA_4_3/AProVE/aproveSMT4298134344156547378.smt2 : 136 ms.
--------------------------------------------------
Number of variables: 6510
Number of clauses: 31396
sat
real sat
../New_SAT_split/QF_NIA_4_3/AProVE/aproveSMT4303463896630355999.smt2 : 34 ms.
--------------------------------------------------
Number of variables: 298203
Number of clauses: 1519470
sat
real sat
../New_SAT_split/QF_NIA_4_3/AProVE/aproveSMT4306009639222315224.smt2 : 4365 ms.
--------------------------------------------------
Number of variables: 9524
Number of clauses: 47966
sat
real sat
../New_SAT_split/QF_NIA_4_3/AProVE/aproveSMT4309622252882227431.smt2 : 80 ms.
--------------------------------------------------
Number of variables: 1510
Number of clauses: 7252
sat
real sat
../New_SAT_split/QF_NIA_4_3/AProVE/aproveSMT4320561846839987710.smt2 : 17 ms.
--------------------------------------------------
Number of variables: 502926
Number of clauses: 2618315
sat
real sat
../New_SAT_split/QF_NIA_4_3/AProVE/aproveSMT4380061691498964684.smt2 : 7317 ms.
--------------------------------------------------
Number of variables: 14035
Number of clauses: 70427
sat
real sat
../New_SAT_split/QF_NIA_4_3/AProVE/aproveSMT4380906317150320166.smt2 : 167 ms.
--------------------------------------------------
Number of variables: 13720
Number of clauses: 65878
sat
real sat
../New_SAT_split/QF_NIA_4_3/AProVE/aproveSMT4385741763984018178.smt2 : 96 ms.
--------------------------------------------------
Number of variables: 600233
Number of clauses: 3090941
sat
real sat
../New_SAT_split/QF_NIA_4_3/AProVE/aproveSMT4392241843269917655.smt2 : 11883 ms.
--------------------------------------------------
Number of variables: 4002
Number of clauses: 19305
sat
real sat
../New_SAT_split/QF_NIA_4_3/AProVE/aproveSMT4397309444793921189.smt2 : 24 ms.
--------------------------------------------------
Number of variables: 15800
Number of clauses: 78666
sat
real sat
../New_SAT_split/QF_NIA_4_3/AProVE/aproveSMT4401932703037765287.smt2 : 118 ms.
--------------------------------------------------
Number of variables: 90147
Number of clauses: 465304
sat
real sat
../New_SAT_split/QF_NIA_4_3/AProVE/aproveSMT4403510186202603408.smt2 : 1389 ms.
--------------------------------------------------
Number of variables: 69172
Number of clauses: 334136
sat
real sat
../New_SAT_split/QF_NIA_4_3/AProVE/aproveSMT4408268044216253595.smt2 : 1553 ms.
--------------------------------------------------
Number of variables: 211100
Number of clauses: 1066405
sat
real sat
../New_SAT_split/QF_NIA_4_3/AProVE/aproveSMT4412250936998075275.smt2 : 3804 ms.
--------------------------------------------------
Number of variables: 90828
Number of clauses: 480079
sat
real sat
../New_SAT_split/QF_NIA_4_3/AProVE/aproveSMT4413029512574521705.smt2 : 544 ms.
--------------------------------------------------
Number of variables: 31923
Number of clauses: 157673
sat
real sat
../New_SAT_split/QF_NIA_4_3/AProVE/aproveSMT4417867168389734434.smt2 : 444 ms.
--------------------------------------------------
Number of variables: 156705
Number of clauses: 799837
sat
real sat
../New_SAT_split/QF_NIA_4_3/AProVE/aproveSMT4433454211500817981.smt2 : 2106 ms.
--------------------------------------------------
Number of variables: 224071
Number of clauses: 1133462
sat
real sat
../New_SAT_split/QF_NIA_4_3/AProVE/aproveSMT4436830641169349917.smt2 : 2669 ms.
--------------------------------------------------
Number of variables: 5119
Number of clauses: 24688
sat
real sat
../New_SAT_split/QF_NIA_4_3/AProVE/aproveSMT4439607947222714793.smt2 : 39 ms.
--------------------------------------------------
Number of variables: 89859
Number of clauses: 451115
sat
real sat
../New_SAT_split/QF_NIA_4_3/AProVE/aproveSMT4450322715131581923.smt2 : 1931 ms.
--------------------------------------------------
Number of variables: 684631
Number of clauses: 3469534
sat
real sat
../New_SAT_split/QF_NIA_4_3/AProVE/aproveSMT4470524607534238011.smt2 : 46195 ms.
--------------------------------------------------
Number of variables: 24500
Number of clauses: 122443
sat
real sat
../New_SAT_split/QF_NIA_4_3/AProVE/aproveSMT4485603514905989789.smt2 : 288 ms.
--------------------------------------------------
Number of variables: 201334
Number of clauses: 1029796
sat
real sat
../New_SAT_split/QF_NIA_4_3/AProVE/aproveSMT4489418056288466622.smt2 : 3587 ms.
--------------------------------------------------
Number of variables: 728525
Number of clauses: 3696586
sat
real sat
../New_SAT_split/QF_NIA_4_3/AProVE/aproveSMT4509663316934202337.smt2 : 17286 ms.
--------------------------------------------------
Number of variables: 17538
Number of clauses: 88350
sat
real sat
../New_SAT_split/QF_NIA_4_3/AProVE/aproveSMT4525776783561378911.smt2 : 129 ms.
--------------------------------------------------
Number of variables: 34648
Number of clauses: 183401
sat
real sat
../New_SAT_split/QF_NIA_4_3/AProVE/aproveSMT4525822285789498000.smt2 : 235 ms.
--------------------------------------------------
Number of variables: 5018
Number of clauses: 24187
sat
real sat
../New_SAT_split/QF_NIA_4_3/AProVE/aproveSMT4530572976794923426.smt2 : 28 ms.
--------------------------------------------------
Number of variables: 10168
Number of clauses: 50127
sat
real sat
../New_SAT_split/QF_NIA_4_3/AProVE/aproveSMT4533164393640558228.smt2 : 52 ms.
--------------------------------------------------
Number of variables: 5654
Number of clauses: 26630
sat
real sat
../New_SAT_split/QF_NIA_4_3/AProVE/aproveSMT4534655340371758448.smt2 : 37 ms.
--------------------------------------------------
Number of variables: 26305
Number of clauses: 130851
sat
real sat
../New_SAT_split/QF_NIA_4_3/AProVE/aproveSMT4536025173076546401.smt2 : 168 ms.
--------------------------------------------------
Number of variables: 60162
Number of clauses: 305238
sat
real sat
../New_SAT_split/QF_NIA_4_3/AProVE/aproveSMT4537442647257535701.smt2 : 436 ms.
--------------------------------------------------
Number of variables: 1744
Number of clauses: 8465
sat
real sat
../New_SAT_split/QF_NIA_4_3/AProVE/aproveSMT4539867941192981580.smt2 : 22 ms.
--------------------------------------------------
Number of variables: 231981
Number of clauses: 1188531
sat
real sat
../New_SAT_split/QF_NIA_4_3/AProVE/aproveSMT4548470846521243291.smt2 : 4920 ms.
--------------------------------------------------
Number of variables: 16100
Number of clauses: 79259
sat
real sat
../New_SAT_split/QF_NIA_4_3/AProVE/aproveSMT4550048332700395826.smt2 : 101 ms.
--------------------------------------------------
Number of variables: 6255
Number of clauses: 32387
sat
real sat
../New_SAT_split/QF_NIA_4_3/AProVE/aproveSMT4553505495713257009.smt2 : 48 ms.
--------------------------------------------------
Number of variables: 6547
Number of clauses: 32487
sat
real sat
../New_SAT_split/QF_NIA_4_3/AProVE/aproveSMT4553959812748268052.smt2 : 58 ms.
--------------------------------------------------
Number of variables: 25258
Number of clauses: 125107
sat
real sat
../New_SAT_split/QF_NIA_4_3/AProVE/aproveSMT4556648541890562734.smt2 : 414 ms.
--------------------------------------------------
Number of variables: 5042
Number of clauses: 25194
sat
real sat
../New_SAT_split/QF_NIA_4_3/AProVE/aproveSMT4558782002403801951.smt2 : 29 ms.
--------------------------------------------------
Number of variables: 530021
Number of clauses: 2727750
sat
real sat
../New_SAT_split/QF_NIA_4_3/AProVE/aproveSMT4565796912259463819.smt2 : 8282 ms.
--------------------------------------------------
Number of variables: 51510
Number of clauses: 256766
sat
real sat
../New_SAT_split/QF_NIA_4_3/AProVE/aproveSMT4589478066325636629.smt2 : 537 ms.
--------------------------------------------------
Number of variables: 185023
Number of clauses: 1006527
sat
real sat
../New_SAT_split/QF_NIA_4_3/AProVE/aproveSMT4597589697121038537.smt2 : 4640 ms.
--------------------------------------------------
Number of variables: 10148
Number of clauses: 50237
sat
real sat
../New_SAT_split/QF_NIA_4_3/AProVE/aproveSMT4606013414596055049.smt2 : 54 ms.
--------------------------------------------------
Number of variables: 559051
Number of clauses: 2945261
sat
real sat
../New_SAT_split/QF_NIA_4_3/AProVE/aproveSMT4608327375260687570.smt2 : 13307 ms.
--------------------------------------------------
Number of variables: 9952
Number of clauses: 49224
sat
real sat
../New_SAT_split/QF_NIA_4_3/AProVE/aproveSMT4610599926347927445.smt2 : 61 ms.
--------------------------------------------------
Number of variables: 31202
Number of clauses: 156295
sat
real sat
../New_SAT_split/QF_NIA_4_3/AProVE/aproveSMT4632124783423577147.smt2 : 187 ms.
--------------------------------------------------
Number of variables: 23799
Number of clauses: 119276
sat
real sat
../New_SAT_split/QF_NIA_4_3/AProVE/aproveSMT4636984771205011678.smt2 : 199 ms.
--------------------------------------------------
Number of variables: 36952
Number of clauses: 194418
sat
real sat
../New_SAT_split/QF_NIA_4_3/AProVE/aproveSMT4641534903093470300.smt2 : 217 ms.
--------------------------------------------------
Number of variables: 351372
Number of clauses: 1776248
sat
real sat
../New_SAT_split/QF_NIA_4_3/AProVE/aproveSMT4644073855082849560.smt2 : 6931 ms.
--------------------------------------------------
Number of variables: 44666
Number of clauses: 238745
sat
real sat
../New_SAT_split/QF_NIA_4_3/AProVE/aproveSMT4644584352607588091.smt2 : 412 ms.
--------------------------------------------------
Number of variables: 23233
Number of clauses: 112193
sat
real sat
../New_SAT_split/QF_NIA_4_3/AProVE/aproveSMT4647454689567721392.smt2 : 226 ms.
--------------------------------------------------
Number of variables: 199325
Number of clauses: 1000239
sat
real sat
../New_SAT_split/QF_NIA_4_3/AProVE/aproveSMT4661383629405003336.smt2 : 3509 ms.
--------------------------------------------------
Number of variables: 467483
Number of clauses: 2490155
sat
real sat
../New_SAT_split/QF_NIA_4_3/AProVE/aproveSMT4684036077521328725.smt2 : 11391 ms.
--------------------------------------------------
Number of variables: 2915
Number of clauses: 13694
sat
real sat
../New_SAT_split/QF_NIA_4_3/AProVE/aproveSMT4686445295307711570.smt2 : 19 ms.
--------------------------------------------------
Number of variables: 275697
Number of clauses: 1418986
sat
real sat
../New_SAT_split/QF_NIA_4_3/AProVE/aproveSMT4687862956544542597.smt2 : 4239 ms.
--------------------------------------------------
Number of variables: 4010
Number of clauses: 19324
sat
real sat
../New_SAT_split/QF_NIA_4_3/AProVE/aproveSMT4690580565576415378.smt2 : 26 ms.
--------------------------------------------------
Number of variables: 2377
Number of clauses: 11443
sat
real sat
../New_SAT_split/QF_NIA_4_3/AProVE/aproveSMT4707168130557868735.smt2 : 16 ms.
--------------------------------------------------
Number of variables: 6087
Number of clauses: 29380
sat
real sat
../New_SAT_split/QF_NIA_4_3/AProVE/aproveSMT4707665165973114200.smt2 : 39 ms.
--------------------------------------------------
Number of variables: 401711
Number of clauses: 2037437
sat
real sat
../New_SAT_split/QF_NIA_4_3/AProVE/aproveSMT4713932796278917822.smt2 : 4344 ms.
--------------------------------------------------
Number of variables: 77168
Number of clauses: 380158
sat
real sat
../New_SAT_split/QF_NIA_4_3/AProVE/aproveSMT4719734176024609806.smt2 : 675 ms.
--------------------------------------------------
Number of variables: 207188
Number of clauses: 1066697
sat
real sat
../New_SAT_split/QF_NIA_4_3/AProVE/aproveSMT4720046327817903595.smt2 : 2510 ms.
--------------------------------------------------
Number of variables: 713169
Number of clauses: 4088876
sat
real sat
../New_SAT_split/QF_NIA_4_3/AProVE/aproveSMT4726978537770776956.smt2 : 21648 ms.
--------------------------------------------------
Number of variables: 408233
Number of clauses: 2067448
sat
real sat
../New_SAT_split/QF_NIA_4_3/AProVE/aproveSMT4729793271623313925.smt2 : 5645 ms.
--------------------------------------------------
Number of variables: 980
Number of clauses: 4625
sat
real sat
../New_SAT_split/QF_NIA_4_3/AProVE/aproveSMT4734414423837611769.smt2 : 11 ms.
--------------------------------------------------
Number of variables: 512622
Number of clauses: 2606155
sat
real sat
../New_SAT_split/QF_NIA_4_3/AProVE/aproveSMT4737756797568039083.smt2 : 11492 ms.
--------------------------------------------------
Number of variables: 975
Number of clauses: 4588
sat
real sat
../New_SAT_split/QF_NIA_4_3/AProVE/aproveSMT4743674255292814967.smt2 : 11 ms.
--------------------------------------------------
Number of variables: 201555
Number of clauses: 1032203
sat
real sat
../New_SAT_split/QF_NIA_4_3/AProVE/aproveSMT4746857886097410566.smt2 : 3044 ms.
--------------------------------------------------
Number of variables: 761503
Number of clauses: 3966774
sat
real sat
../New_SAT_split/QF_NIA_4_3/AProVE/aproveSMT4755457668305660609.smt2 : 17483 ms.
--------------------------------------------------
Number of variables: 2377
Number of clauses: 11443
sat
real sat
../New_SAT_split/QF_NIA_4_3/AProVE/aproveSMT4758143464764004823.smt2 : 16 ms.
--------------------------------------------------
Number of variables: 3267
Number of clauses: 16181
sat
real sat
../New_SAT_split/QF_NIA_4_3/AProVE/aproveSMT4764278413219307912.smt2 : 22 ms.
--------------------------------------------------
Number of variables: 14414
Number of clauses: 71681
sat
real sat
../New_SAT_split/QF_NIA_4_3/AProVE/aproveSMT4768809126322436942.smt2 : 99 ms.
--------------------------------------------------
Number of variables: 8970
Number of clauses: 43297
sat
real sat
../New_SAT_split/QF_NIA_4_3/AProVE/aproveSMT4771973489260118271.smt2 : 61 ms.
--------------------------------------------------
Number of variables: 52827
Number of clauses: 285607
sat
real sat
../New_SAT_split/QF_NIA_4_3/AProVE/aproveSMT4772536271511377157.smt2 : 474 ms.
--------------------------------------------------
Number of variables: 47455
Number of clauses: 231324
sat
real sat
../New_SAT_split/QF_NIA_4_3/AProVE/aproveSMT4790304217385820014.smt2 : 575 ms.
--------------------------------------------------
Number of variables: 3096
Number of clauses: 15868
sat
real sat
../New_SAT_split/QF_NIA_4_3/AProVE/aproveSMT4798812222021332724.smt2 : 25 ms.
--------------------------------------------------
Number of variables: 10837
Number of clauses: 55333
sat
real sat
../New_SAT_split/QF_NIA_4_3/AProVE/aproveSMT4808260140301975594.smt2 : 53 ms.
--------------------------------------------------
Number of variables: 6510
Number of clauses: 31396
sat
real sat
../New_SAT_split/QF_NIA_4_3/AProVE/aproveSMT4811560557018751597.smt2 : 41 ms.
--------------------------------------------------
Number of variables: 5845
Number of clauses: 28207
sat
real sat
../New_SAT_split/QF_NIA_4_3/AProVE/aproveSMT4812740542900327077.smt2 : 45 ms.
--------------------------------------------------
Number of variables: 23483
Number of clauses: 125089
sat
real sat
../New_SAT_split/QF_NIA_4_3/AProVE/aproveSMT4813437491300000233.smt2 : 166 ms.
--------------------------------------------------
Number of variables: 8675
Number of clauses: 42925
sat
real sat
../New_SAT_split/QF_NIA_4_3/AProVE/aproveSMT4815723724230270654.smt2 : 79 ms.
--------------------------------------------------
Number of variables: 1133041
Number of clauses: 5819037
sat
real sat
../New_SAT_split/QF_NIA_4_3/AProVE/aproveSMT4816216387236289517.smt2 : 18556 ms.
--------------------------------------------------
Number of variables: 41391
Number of clauses: 206180
sat
real sat
../New_SAT_split/QF_NIA_4_3/AProVE/aproveSMT4817399800518468578.smt2 : 359 ms.
--------------------------------------------------
Number of variables: 216766
Number of clauses: 1135947
sat
real sat
../New_SAT_split/QF_NIA_4_3/AProVE/aproveSMT4817867052768704757.smt2 : 2481 ms.
--------------------------------------------------
Number of variables: 6513
Number of clauses: 34574
sat
real sat
../New_SAT_split/QF_NIA_4_3/AProVE/aproveSMT4820094958108550674.smt2 : 38 ms.
--------------------------------------------------
Number of variables: 10728
Number of clauses: 53094
sat
real sat
../New_SAT_split/QF_NIA_4_3/AProVE/aproveSMT4830702979511545177.smt2 : 66 ms.
--------------------------------------------------
Number of variables: 4252
Number of clauses: 20497
sat
real sat
../New_SAT_split/QF_NIA_4_3/AProVE/aproveSMT4839538600416367405.smt2 : 25 ms.
--------------------------------------------------
Number of variables: 67584
Number of clauses: 353826
sat
real sat
../New_SAT_split/QF_NIA_4_3/AProVE/aproveSMT4843513687534854491.smt2 : 2028 ms.
--------------------------------------------------
Number of variables: 3869
Number of clauses: 18652
sat
real sat
../New_SAT_split/QF_NIA_4_3/AProVE/aproveSMT4845954213556900862.smt2 : 33 ms.
--------------------------------------------------
Number of variables: 41815
Number of clauses: 202054
sat
real sat
../New_SAT_split/QF_NIA_4_3/AProVE/aproveSMT4856672075798863725.smt2 : 325 ms.
--------------------------------------------------
Number of variables: 287336
Number of clauses: 1471728
sat
real sat
../New_SAT_split/QF_NIA_4_3/AProVE/aproveSMT4870145291684036249.smt2 : 5770 ms.
--------------------------------------------------
Number of variables: 9696
Number of clauses: 46816
sat
real sat
../New_SAT_split/QF_NIA_4_3/AProVE/aproveSMT4870247597048872630.smt2 : 49 ms.
--------------------------------------------------
Number of variables: 27991
Number of clauses: 145037
sat
real sat
../New_SAT_split/QF_NIA_4_3/AProVE/aproveSMT4871253538664010446.smt2 : 192 ms.
--------------------------------------------------
Number of variables: 113689
Number of clauses: 574083
sat
real sat
../New_SAT_split/QF_NIA_4_3/AProVE/aproveSMT4877486825752510154.smt2 : 1028 ms.
--------------------------------------------------
Number of variables: 2976
Number of clauses: 14894
sat
real sat
../New_SAT_split/QF_NIA_4_3/AProVE/aproveSMT4880843025711816845.smt2 : 19 ms.
--------------------------------------------------
Number of variables: 274
Number of clauses: 1265
sat
real sat
../New_SAT_split/QF_NIA_4_3/AProVE/aproveSMT4882925442626262835.smt2 : 8 ms.
--------------------------------------------------
Number of variables: 5880
Number of clauses: 30439
sat
real sat
../New_SAT_split/QF_NIA_4_3/AProVE/aproveSMT4893698795184983942.smt2 : 34 ms.
--------------------------------------------------
Number of variables: 15550
Number of clauses: 82120
sat
real sat
../New_SAT_split/QF_NIA_4_3/AProVE/aproveSMT4894552965501289252.smt2 : 85 ms.
--------------------------------------------------
Number of variables: 83124
Number of clauses: 419144
sat
real sat
../New_SAT_split/QF_NIA_4_3/AProVE/aproveSMT4896792219442155241.smt2 : 1095 ms.
--------------------------------------------------
Number of variables: 23317
Number of clauses: 113997
sat
real sat
../New_SAT_split/QF_NIA_4_3/AProVE/aproveSMT4897408674330856845.smt2 : 137 ms.
--------------------------------------------------
Number of variables: 2135
Number of clauses: 10270
sat
real sat
../New_SAT_split/QF_NIA_4_3/AProVE/aproveSMT4897790530788596076.smt2 : 15 ms.
--------------------------------------------------
Number of variables: 12980
Number of clauses: 67871
sat
real sat
../New_SAT_split/QF_NIA_4_3/AProVE/aproveSMT4900120481243366587.smt2 : 75 ms.
--------------------------------------------------
Number of variables: 32456
Number of clauses: 171512
sat
real sat
../New_SAT_split/QF_NIA_4_3/AProVE/aproveSMT4901331814372425437.smt2 : 217 ms.
--------------------------------------------------
Number of variables: 8587
Number of clauses: 41452
sat
real sat
../New_SAT_split/QF_NIA_4_3/AProVE/aproveSMT4912140176678850913.smt2 : 47 ms.
--------------------------------------------------
Number of variables: 88996
Number of clauses: 473178
sat
real sat
../New_SAT_split/QF_NIA_4_3/AProVE/aproveSMT4920770991652102545.smt2 : 2632 ms.
--------------------------------------------------
Number of variables: 568427
Number of clauses: 2922302
sat
real sat
../New_SAT_split/QF_NIA_4_3/AProVE/aproveSMT4923797717533989601.smt2 : 11331 ms.
--------------------------------------------------
Number of variables: 2175454
Number of clauses: 11413110
sat
real sat
../New_SAT_split/QF_NIA_4_3/AProVE/aproveSMT4938273844420735009.smt2 : 71476 ms.
--------------------------------------------------
Number of variables: 4275
Number of clauses: 20030
sat
real sat
../New_SAT_split/QF_NIA_4_3/AProVE/aproveSMT4940364873027923219.smt2 : 36 ms.
--------------------------------------------------
Number of variables: 1752
Number of clauses: 8425
sat
real sat
../New_SAT_split/QF_NIA_4_3/AProVE/aproveSMT4949782947402450933.smt2 : 18 ms.
--------------------------------------------------
Number of variables: 10018
Number of clauses: 48331
sat
real sat
../New_SAT_split/QF_NIA_4_3/AProVE/aproveSMT4950460231808465195.smt2 : 70 ms.
--------------------------------------------------
Number of variables: 1960
Number of clauses: 9663
sat
real sat
../New_SAT_split/QF_NIA_4_3/AProVE/aproveSMT4963157098299963463.smt2 : 21 ms.
--------------------------------------------------
Number of variables: 29194
Number of clauses: 143855
sat
real sat
../New_SAT_split/QF_NIA_4_3/AProVE/aproveSMT4964124972977722519.smt2 : 313 ms.
--------------------------------------------------
Number of variables: 3310
Number of clauses: 16844
sat
real sat
../New_SAT_split/QF_NIA_4_3/AProVE/aproveSMT4971987903145913499.smt2 : 29 ms.
--------------------------------------------------
Number of variables: 6219
Number of clauses: 31506
sat
real sat
../New_SAT_split/QF_NIA_4_3/AProVE/aproveSMT4972425496508857728.smt2 : 58 ms.
--------------------------------------------------
Number of variables: 5603
Number of clauses: 27034
sat
real sat
../New_SAT_split/QF_NIA_4_3/AProVE/aproveSMT4976663565791505844.smt2 : 49 ms.
--------------------------------------------------
Number of variables: 1282
Number of clauses: 6117
sat
real sat
../New_SAT_split/QF_NIA_4_3/AProVE/aproveSMT4983773084414266762.smt2 : 17 ms.
--------------------------------------------------
Number of variables: 3731
Number of clauses: 17724
sat
real sat
../New_SAT_split/QF_NIA_4_3/AProVE/aproveSMT4985269365766814229.smt2 : 33 ms.
--------------------------------------------------
Number of variables: 4353
Number of clauses: 20998
sat
real sat
../New_SAT_split/QF_NIA_4_3/AProVE/aproveSMT4989001601799533846.smt2 : 39 ms.
--------------------------------------------------
Number of variables: 2837
Number of clauses: 14052
sat
real sat
../New_SAT_split/QF_NIA_4_3/AProVE/aproveSMT5000089815373147199.smt2 : 26 ms.
--------------------------------------------------
Number of variables: 608340
Number of clauses: 3124840
sat
real sat
../New_SAT_split/QF_NIA_4_3/AProVE/aproveSMT5009225426879778745.smt2 : 16701 ms.
--------------------------------------------------
Number of variables: 328543
Number of clauses: 1699139
sat
real sat
../New_SAT_split/QF_NIA_4_3/AProVE/aproveSMT5009803908992140726.smt2 : 7814 ms.
--------------------------------------------------
Number of variables: 972465
Number of clauses: 5618783
sat
real sat
../New_SAT_split/QF_NIA_4_3/AProVE/aproveSMT5009850482551563842.smt2 : 34344 ms.
--------------------------------------------------
Number of variables: 5733909
Number of clauses: 30657008
sat
real sat
../New_SAT_split/QF_NIA_4_3/AProVE/aproveSMT5012629543273716739.smt2 : 353991 ms.
--------------------------------------------------
Number of variables: 2835
Number of clauses: 13531
sat
real sat
../New_SAT_split/QF_NIA_4_3/AProVE/aproveSMT5018384772396136570.smt2 : 32 ms.
--------------------------------------------------
Number of variables: 8970
Number of clauses: 43297
sat
real sat
../New_SAT_split/QF_NIA_4_3/AProVE/aproveSMT5021075514137675652.smt2 : 71 ms.
--------------------------------------------------
Number of variables: 13258
Number of clauses: 68723
sat
real sat
../New_SAT_split/QF_NIA_4_3/AProVE/aproveSMT5030381978509316079.smt2 : 92 ms.
--------------------------------------------------
Number of variables: 21049
Number of clauses: 106293
sat
real sat
../New_SAT_split/QF_NIA_4_3/AProVE/aproveSMT5038173880269306850.smt2 : 160 ms.
--------------------------------------------------
Number of variables: 79102
Number of clauses: 411805
sat
real sat
../New_SAT_split/QF_NIA_4_3/AProVE/aproveSMT5038534473735104362.smt2 : 1353 ms.
--------------------------------------------------
Number of variables: 6270
Number of clauses: 30657
sat
real sat
../New_SAT_split/QF_NIA_4_3/AProVE/aproveSMT5046440760903487310.smt2 : 58 ms.
--------------------------------------------------
Number of variables: 17231
Number of clauses: 87403
sat
real sat
../New_SAT_split/QF_NIA_4_3/AProVE/aproveSMT5056627952338669338.smt2 : 301 ms.
--------------------------------------------------
Number of variables: 50671
Number of clauses: 247662
sat
real sat
../New_SAT_split/QF_NIA_4_3/AProVE/aproveSMT5058370377444373751.smt2 : 587 ms.
--------------------------------------------------
Number of variables: 8490
Number of clauses: 44626
sat
real sat
../New_SAT_split/QF_NIA_4_3/AProVE/aproveSMT5065506867014838150.smt2 : 56 ms.
--------------------------------------------------
Number of variables: 3071
Number of clauses: 15287
sat
real sat
../New_SAT_split/QF_NIA_4_3/AProVE/aproveSMT5072888812317581448.smt2 : 20 ms.
--------------------------------------------------
Number of variables: 128376
Number of clauses: 653375
sat
real sat
../New_SAT_split/QF_NIA_4_3/AProVE/aproveSMT5081480561387483523.smt2 : 1375 ms.
--------------------------------------------------
Number of variables: 126232
Number of clauses: 637219
sat
real sat
../New_SAT_split/QF_NIA_4_3/AProVE/aproveSMT5085968108155204852.smt2 : 1191 ms.
--------------------------------------------------
Number of variables: 4257
Number of clauses: 21525
sat
real sat
../New_SAT_split/QF_NIA_4_3/AProVE/aproveSMT5095036754259300873.smt2 : 28 ms.
--------------------------------------------------
Number of variables: 81736
Number of clauses: 389874
sat
real sat
../New_SAT_split/QF_NIA_4_3/AProVE/aproveSMT5097141745249355759.smt2 : 1171 ms.
--------------------------------------------------
Number of variables: 34539
Number of clauses: 171094
sat
real sat
../New_SAT_split/QF_NIA_4_3/AProVE/aproveSMT5104384701674299986.smt2 : 386 ms.
--------------------------------------------------
Number of variables: 823222
Number of clauses: 4174906
sat
real sat
../New_SAT_split/QF_NIA_4_3/AProVE/aproveSMT5106503996810876531.smt2 : 13380 ms.
--------------------------------------------------
Number of variables: 287858
Number of clauses: 1453672
sat
real sat
../New_SAT_split/QF_NIA_4_3/AProVE/aproveSMT5123565160277955021.smt2 : 7985 ms.
--------------------------------------------------
Number of variables: 1712
Number of clauses: 8215
sat
real sat
../New_SAT_split/QF_NIA_4_3/AProVE/aproveSMT5137730122040924586.smt2 : 13 ms.
--------------------------------------------------
Number of variables: 161611
Number of clauses: 824309
sat
real sat
../New_SAT_split/QF_NIA_4_3/AProVE/aproveSMT5138641643882415266.smt2 : 14570 ms.
--------------------------------------------------
Number of variables: 717689
Number of clauses: 3640135
sat
real sat
../New_SAT_split/QF_NIA_4_3/AProVE/aproveSMT5144935764086966608.smt2 : 18556 ms.
--------------------------------------------------
Number of variables: 1268
Number of clauses: 6079
sat
real sat
../New_SAT_split/QF_NIA_4_3/AProVE/aproveSMT5148478187633650808.smt2 : 16 ms.
--------------------------------------------------
Number of variables: 6626
Number of clauses: 34509
sat
real sat
../New_SAT_split/QF_NIA_4_3/AProVE/aproveSMT5155740697940846202.smt2 : 52 ms.
--------------------------------------------------
Number of variables: 14207
Number of clauses: 70795
sat
real sat
../New_SAT_split/QF_NIA_4_3/AProVE/aproveSMT5168761894050930068.smt2 : 168 ms.
--------------------------------------------------
Number of variables: 5018
Number of clauses: 24187
sat
real sat
../New_SAT_split/QF_NIA_4_3/AProVE/aproveSMT5185191418171082233.smt2 : 28 ms.
--------------------------------------------------
Number of variables: 723645
Number of clauses: 3671196
sat
real sat
../New_SAT_split/QF_NIA_4_3/AProVE/aproveSMT5191124969010518390.smt2 : 17127 ms.
--------------------------------------------------
Number of variables: 4187
Number of clauses: 20217
sat
real sat
../New_SAT_split/QF_NIA_4_3/AProVE/aproveSMT5196778858287198498.smt2 : 25 ms.
--------------------------------------------------
Number of variables: 313550
Number of clauses: 1604228
sat
real sat
../New_SAT_split/QF_NIA_4_3/AProVE/aproveSMT5201505199038023118.smt2 : 3967 ms.
--------------------------------------------------
Number of variables: 327
Number of clauses: 1543
sat
real sat
../New_SAT_split/QF_NIA_4_3/AProVE/aproveSMT5205173846890464046.smt2 : 8 ms.
--------------------------------------------------
Number of variables: 15866
Number of clauses: 78764
sat
real sat
../New_SAT_split/QF_NIA_4_3/AProVE/aproveSMT5206542593070437288.smt2 : 109 ms.
--------------------------------------------------
Number of variables: 3627
Number of clauses: 17479
sat
real sat
../New_SAT_split/QF_NIA_4_3/AProVE/aproveSMT5207358387649223587.smt2 : 33 ms.
--------------------------------------------------
Number of variables: 14763
Number of clauses: 73378
sat
real sat
../New_SAT_split/QF_NIA_4_3/AProVE/aproveSMT5210438168892578988.smt2 : 117 ms.
--------------------------------------------------
Number of variables: 18397
Number of clauses: 92900
sat
real sat
../New_SAT_split/QF_NIA_4_3/AProVE/aproveSMT5216096204184437722.smt2 : 220 ms.
--------------------------------------------------
Number of variables: 3816
Number of clauses: 19219
sat
real sat
../New_SAT_split/QF_NIA_4_3/AProVE/aproveSMT5219166816830477021.smt2 : 34 ms.
--------------------------------------------------
Number of variables: 52530
Number of clauses: 277512
sat
real sat
../New_SAT_split/QF_NIA_4_3/AProVE/aproveSMT5219933089216354552.smt2 : 451 ms.
--------------------------------------------------
Number of variables: 176099
Number of clauses: 965516
sat
real sat
../New_SAT_split/QF_NIA_4_3/AProVE/aproveSMT5225416935879635020.smt2 : 4419 ms.
--------------------------------------------------
Number of variables: 2478
Number of clauses: 12503
sat
real sat
../New_SAT_split/QF_NIA_4_3/AProVE/aproveSMT5236930360453082734.smt2 : 18 ms.
--------------------------------------------------
Number of variables: 50081
Number of clauses: 268427
sat
real sat
../New_SAT_split/QF_NIA_4_3/AProVE/aproveSMT5237543608429495819.smt2 : 272 ms.
--------------------------------------------------
Number of variables: 23956
Number of clauses: 121547
sat
real sat
../New_SAT_split/QF_NIA_4_3/AProVE/aproveSMT5237750648819934197.smt2 : 174 ms.
--------------------------------------------------
Number of variables: 4252
Number of clauses: 20497
sat
real sat
../New_SAT_split/QF_NIA_4_3/AProVE/aproveSMT5242066497492987770.smt2 : 25 ms.
--------------------------------------------------
Number of variables: 5380
Number of clauses: 26131
sat
real sat
../New_SAT_split/QF_NIA_4_3/AProVE/aproveSMT5242504619130156360.smt2 : 32 ms.
--------------------------------------------------
Number of variables: 3143
Number of clauses: 15133
sat
real sat
../New_SAT_split/QF_NIA_4_3/AProVE/aproveSMT5243438173434460961.smt2 : 32 ms.
--------------------------------------------------
Number of variables: 1490
Number of clauses: 6934
sat
real sat
../New_SAT_split/QF_NIA_4_3/AProVE/aproveSMT5247428627712766098.smt2 : 20 ms.
--------------------------------------------------
Number of variables: 45039
Number of clauses: 228102
sat
real sat
../New_SAT_split/QF_NIA_4_3/AProVE/aproveSMT5250556676289531762.smt2 : 446 ms.
--------------------------------------------------
Number of variables: 292546
Number of clauses: 1485928
sat
real sat
../New_SAT_split/QF_NIA_4_3/AProVE/aproveSMT5253344497217324135.smt2 : 4376 ms.
--------------------------------------------------
Number of variables: 752817
Number of clauses: 3921998
sat
real sat
../New_SAT_split/QF_NIA_4_3/AProVE/aproveSMT5256365135952592503.smt2 : 24285 ms.
--------------------------------------------------
Number of variables: 289187
Number of clauses: 1465405
sat
real sat
../New_SAT_split/QF_NIA_4_3/AProVE/aproveSMT5270191491307973489.smt2 : 4532 ms.
--------------------------------------------------
Number of variables: 11510
Number of clauses: 55540
sat
real sat
../New_SAT_split/QF_NIA_4_3/AProVE/aproveSMT5314984272846511848.smt2 : 61 ms.
--------------------------------------------------
Number of variables: 1142
Number of clauses: 5752
sat
real sat
../New_SAT_split/QF_NIA_4_3/AProVE/aproveSMT5316399017625384047.smt2 : 19 ms.
--------------------------------------------------
Number of variables: 3096
Number of clauses: 15868
sat
real sat
../New_SAT_split/QF_NIA_4_3/AProVE/aproveSMT5320948356537310443.smt2 : 32 ms.
--------------------------------------------------
Number of variables: 21576
Number of clauses: 106275
sat
real sat
../New_SAT_split/QF_NIA_4_3/AProVE/aproveSMT5327409965703970066.smt2 : 252 ms.
--------------------------------------------------
Number of variables: 102252
Number of clauses: 520318
sat
real sat
../New_SAT_split/QF_NIA_4_3/AProVE/aproveSMT5335778151184305698.smt2 : 1203 ms.
--------------------------------------------------
Number of variables: 48783
Number of clauses: 266635
sat
real sat
../New_SAT_split/QF_NIA_4_3/AProVE/aproveSMT5342189118783781243.smt2 : 370 ms.
--------------------------------------------------
Number of variables: 2485
Number of clauses: 11582
sat
real sat
../New_SAT_split/QF_NIA_4_3/AProVE/aproveSMT5348320449423401087.smt2 : 17 ms.
--------------------------------------------------
Number of variables: 41752
Number of clauses: 201577
sat
real sat
../New_SAT_split/QF_NIA_4_3/AProVE/aproveSMT5348558116252254778.smt2 : 311 ms.
--------------------------------------------------
Number of variables: 6682
Number of clauses: 35275
sat
real sat
../New_SAT_split/QF_NIA_4_3/AProVE/aproveSMT5354965569138347495.smt2 : 45 ms.
--------------------------------------------------
Number of variables: 5885
Number of clauses: 28378
sat
real sat
../New_SAT_split/QF_NIA_4_3/AProVE/aproveSMT5355583181119340465.smt2 : 32 ms.
--------------------------------------------------
Number of variables: 337851
Number of clauses: 1713258
sat
real sat
../New_SAT_split/QF_NIA_4_3/AProVE/aproveSMT5363433504710034581.smt2 : 15398 ms.
--------------------------------------------------
Number of variables: 17418
Number of clauses: 87389
sat
real sat
../New_SAT_split/QF_NIA_4_3/AProVE/aproveSMT5377303901948357350.smt2 : 151 ms.
--------------------------------------------------
Number of variables: 4638
Number of clauses: 23477
sat
real sat
../New_SAT_split/QF_NIA_4_3/AProVE/aproveSMT5380200690770361580.smt2 : 43 ms.
--------------------------------------------------
Number of variables: 30663
Number of clauses: 155602
sat
real sat
../New_SAT_split/QF_NIA_4_3/AProVE/aproveSMT5398540612004348618.smt2 : 358 ms.
--------------------------------------------------
Number of variables: 40318
Number of clauses: 201036
sat
real sat
../New_SAT_split/QF_NIA_4_3/AProVE/aproveSMT5439538007559848297.smt2 : 566 ms.
--------------------------------------------------
Number of variables: 700823
Number of clauses: 3607639
sat
real sat
../New_SAT_split/QF_NIA_4_3/AProVE/aproveSMT5467617607535383634.smt2 : 10352 ms.
--------------------------------------------------
Number of variables: 30470
Number of clauses: 149371
sat
real sat
../New_SAT_split/QF_NIA_4_3/AProVE/aproveSMT5476436532372645500.smt2 : 263 ms.
--------------------------------------------------
Number of variables: 5502
Number of clauses: 26533
sat
real sat
../New_SAT_split/QF_NIA_4_3/AProVE/aproveSMT5477522573344708392.smt2 : 46 ms.
--------------------------------------------------
Number of variables: 8181
Number of clauses: 40767
sat
real sat
../New_SAT_split/QF_NIA_4_3/AProVE/aproveSMT5478202504589687670.smt2 : 71 ms.
--------------------------------------------------
Number of variables: 13677
Number of clauses: 73707
sat
real sat
../New_SAT_split/QF_NIA_4_3/AProVE/aproveSMT5479381539249843197.smt2 : 103 ms.
--------------------------------------------------
Number of variables: 1164053
Number of clauses: 5975419
sat
real sat
../New_SAT_split/QF_NIA_4_3/AProVE/aproveSMT5485985936216059972.smt2 : 20171 ms.
--------------------------------------------------
Number of variables: 180591
Number of clauses: 980432
sat
real sat
../New_SAT_split/QF_NIA_4_3/AProVE/aproveSMT5495919566677881563.smt2 : 1388 ms.
--------------------------------------------------
Number of variables: 4085
Number of clauses: 20333
sat
real sat
../New_SAT_split/QF_NIA_4_3/AProVE/aproveSMT5496193900810121584.smt2 : 24 ms.
--------------------------------------------------
Number of variables: 272310
Number of clauses: 1402381
sat
real sat
../New_SAT_split/QF_NIA_4_3/AProVE/aproveSMT5498447987456991457.smt2 : 5167 ms.
--------------------------------------------------
Number of variables: 549736
Number of clauses: 2830048
sat
real sat
../New_SAT_split/QF_NIA_4_3/AProVE/aproveSMT5511013807619400851.smt2 : 7569 ms.
--------------------------------------------------
Number of variables: 6268
Number of clauses: 30223
sat
real sat
../New_SAT_split/QF_NIA_4_3/AProVE/aproveSMT5515501222096840428.smt2 : 57 ms.
--------------------------------------------------
Number of variables: 1035947
Number of clauses: 5238949
sat
real sat
../New_SAT_split/QF_NIA_4_3/AProVE/aproveSMT5515891920992911198.smt2 : 15289 ms.
--------------------------------------------------
Number of variables: 111185
Number of clauses: 559393
sat
real sat
../New_SAT_split/QF_NIA_4_3/AProVE/aproveSMT5519575624773299852.smt2 : 1646 ms.
--------------------------------------------------
Number of variables: 243036
Number of clauses: 1246693
sat
real sat
../New_SAT_split/QF_NIA_4_3/AProVE/aproveSMT5521985939949569030.smt2 : 5001 ms.
--------------------------------------------------
Number of variables: 5744
Number of clauses: 27706
sat
real sat
../New_SAT_split/QF_NIA_4_3/AProVE/aproveSMT5525510086610163285.smt2 : 32 ms.
--------------------------------------------------
Number of variables: 6268
Number of clauses: 30223
sat
real sat
../New_SAT_split/QF_NIA_4_3/AProVE/aproveSMT5541044923638316164.smt2 : 33 ms.
--------------------------------------------------
Number of variables: 33333
Number of clauses: 167023
sat
real sat
../New_SAT_split/QF_NIA_4_3/AProVE/aproveSMT5542807225071675557.smt2 : 202 ms.
--------------------------------------------------
Number of variables: 7701
Number of clauses: 39305
sat
real sat
../New_SAT_split/QF_NIA_4_3/AProVE/aproveSMT5553627764859143892.smt2 : 67 ms.
--------------------------------------------------
Number of variables: 104356
Number of clauses: 522082
sat
real sat
../New_SAT_split/QF_NIA_4_3/AProVE/aproveSMT5555859573725551605.smt2 : 2713 ms.
--------------------------------------------------
Number of variables: 119342
Number of clauses: 643445
sat
real sat
../New_SAT_split/QF_NIA_4_3/AProVE/aproveSMT5564722716412086299.smt2 : 778 ms.
--------------------------------------------------
Number of variables: 18682
Number of clauses: 93393
sat
real sat
../New_SAT_split/QF_NIA_4_3/AProVE/aproveSMT5567550071777006091.smt2 : 172 ms.
--------------------------------------------------
Number of variables: 10035
Number of clauses: 48650
sat
real sat
../New_SAT_split/QF_NIA_4_3/AProVE/aproveSMT5571781395528638069.smt2 : 57 ms.
--------------------------------------------------
Number of variables: 9855
Number of clauses: 51512
sat
real sat
../New_SAT_split/QF_NIA_4_3/AProVE/aproveSMT5572263950762726691.smt2 : 55 ms.
--------------------------------------------------
Number of variables: 3002
Number of clauses: 14461
sat
real sat
../New_SAT_split/QF_NIA_4_3/AProVE/aproveSMT5574705925609432224.smt2 : 19 ms.
--------------------------------------------------
Number of variables: 88743
Number of clauses: 479132
sat
real sat
../New_SAT_split/QF_NIA_4_3/AProVE/aproveSMT5581684104865805618.smt2 : 1313 ms.
--------------------------------------------------
Number of variables: 628214
Number of clauses: 3249616
sat
real sat
../New_SAT_split/QF_NIA_4_3/AProVE/aproveSMT5589107049597869630.smt2 : 45529 ms.
--------------------------------------------------
Number of variables: 70366
Number of clauses: 340020
sat
real sat
../New_SAT_split/QF_NIA_4_3/AProVE/aproveSMT5598217329789101375.smt2 : 1082 ms.
--------------------------------------------------
Number of variables: 3024
Number of clauses: 15061
sat
real sat
../New_SAT_split/QF_NIA_4_3/AProVE/aproveSMT5604072526367242296.smt2 : 22 ms.
--------------------------------------------------
Number of variables: 16687
Number of clauses: 82567
sat
real sat
../New_SAT_split/QF_NIA_4_3/AProVE/aproveSMT5606410117877393489.smt2 : 168 ms.
--------------------------------------------------
Number of variables: 9837
Number of clauses: 47488
sat
real sat
../New_SAT_split/QF_NIA_4_3/AProVE/aproveSMT5607323030192289438.smt2 : 53 ms.
--------------------------------------------------
Number of variables: 3143
Number of clauses: 15133
sat
real sat
../New_SAT_split/QF_NIA_4_3/AProVE/aproveSMT5619952650808291328.smt2 : 31 ms.
--------------------------------------------------
Number of variables: 282093
Number of clauses: 1452408
sat
real sat
../New_SAT_split/QF_NIA_4_3/AProVE/aproveSMT5624925244282621992.smt2 : 6633 ms.
--------------------------------------------------
Number of variables: 44246
Number of clauses: 235960
sat
real sat
../New_SAT_split/QF_NIA_4_3/AProVE/aproveSMT5625725354797588883.smt2 : 291 ms.
--------------------------------------------------
Number of variables: 433749
Number of clauses: 2219352
sat
real sat
../New_SAT_split/QF_NIA_4_3/AProVE/aproveSMT5627939386324447702.smt2 : 5120 ms.
--------------------------------------------------
Number of variables: 5744
Number of clauses: 27706
sat
real sat
../New_SAT_split/QF_NIA_4_3/AProVE/aproveSMT5630468850229151997.smt2 : 50 ms.
--------------------------------------------------
Number of variables: 95754
Number of clauses: 489205
sat
real sat
../New_SAT_split/QF_NIA_4_3/AProVE/aproveSMT5631852787791888154.smt2 : 3611 ms.
--------------------------------------------------
Number of variables: 1126146
Number of clauses: 5772398
sat
real sat
../New_SAT_split/QF_NIA_4_3/AProVE/aproveSMT5632571262905387609.smt2 : 18469 ms.
--------------------------------------------------
Number of variables: 636779
Number of clauses: 3267652
sat
real sat
../New_SAT_split/QF_NIA_4_3/AProVE/aproveSMT5647219877812729159.smt2 : 8848 ms.
--------------------------------------------------
Number of variables: 1133638
Number of clauses: 5821979
sat
real sat
../New_SAT_split/QF_NIA_4_3/AProVE/aproveSMT5649400133289666750.smt2 : 23107 ms.
--------------------------------------------------
Number of variables: 33480
Number of clauses: 170938
sat
real sat
../New_SAT_split/QF_NIA_4_3/AProVE/aproveSMT5656027015034503255.smt2 : 403 ms.
--------------------------------------------------
Number of variables: 1039
Number of clauses: 4936
sat
real sat
../New_SAT_split/QF_NIA_4_3/AProVE/aproveSMT5664002038362703120.smt2 : 17 ms.
--------------------------------------------------
Number of variables: 6313
Number of clauses: 31540
sat
real sat
../New_SAT_split/QF_NIA_4_3/AProVE/aproveSMT5682240689491884376.smt2 : 59 ms.
--------------------------------------------------
Number of variables: 3087
Number of clauses: 14981
sat
real sat
../New_SAT_split/QF_NIA_4_3/AProVE/aproveSMT5682786678142835495.smt2 : 19 ms.
--------------------------------------------------
Number of variables: 106612
Number of clauses: 544470
sat
real sat
../New_SAT_split/QF_NIA_4_3/AProVE/aproveSMT5685542204317358833.smt2 : 1965 ms.
--------------------------------------------------
Number of variables: 28296
Number of clauses: 137265
sat
real sat
../New_SAT_split/QF_NIA_4_3/AProVE/aproveSMT5686141049133771565.smt2 : 240 ms.
--------------------------------------------------
Number of variables: 995427
Number of clauses: 5043502
sat
real sat
../New_SAT_split/QF_NIA_4_3/AProVE/aproveSMT5695190253531580847.smt2 : 19024 ms.
--------------------------------------------------
Number of variables: 12922
Number of clauses: 62407
sat
real sat
../New_SAT_split/QF_NIA_4_3/AProVE/aproveSMT5697460246608014240.smt2 : 122 ms.
--------------------------------------------------
Number of variables: 8143
Number of clauses: 39277
sat
real sat
../New_SAT_split/QF_NIA_4_3/AProVE/aproveSMT5699608007696251078.smt2 : 64 ms.
--------------------------------------------------
Number of variables: 1994
Number of clauses: 9598
sat
real sat
../New_SAT_split/QF_NIA_4_3/AProVE/aproveSMT5711849267308885402.smt2 : 21 ms.
--------------------------------------------------
Number of variables: 177681
Number of clauses: 975089
sat
real sat
../New_SAT_split/QF_NIA_4_3/AProVE/aproveSMT5728057407813739547.smt2 : 4414 ms.
--------------------------------------------------
Number of variables: 13242
Number of clauses: 66388
sat
real sat
../New_SAT_split/QF_NIA_4_3/AProVE/aproveSMT5746633016225644512.smt2 : 85 ms.
--------------------------------------------------
Number of variables: 5018
Number of clauses: 24187
sat
real sat
../New_SAT_split/QF_NIA_4_3/AProVE/aproveSMT5749574667431559500.smt2 : 38 ms.
--------------------------------------------------
Number of variables: 745102
Number of clauses: 3782231
sat
real sat
../New_SAT_split/QF_NIA_4_3/AProVE/aproveSMT5756593761645016790.smt2 : 16110 ms.
--------------------------------------------------
Number of variables: 516
Number of clauses: 2438
sat
real sat
../New_SAT_split/QF_NIA_4_3/AProVE/aproveSMT5761700596795892574.smt2 : 13 ms.
--------------------------------------------------
Number of variables: 27090
Number of clauses: 141392
sat
real sat
../New_SAT_split/QF_NIA_4_3/AProVE/aproveSMT5769064152606239058.smt2 : 158 ms.
--------------------------------------------------
Number of variables: 1254
Number of clauses: 6041
sat
real sat
../New_SAT_split/QF_NIA_4_3/AProVE/aproveSMT5771518704033041168.smt2 : 12 ms.
--------------------------------------------------
Number of variables: 4539
Number of clauses: 23486
sat
real sat
../New_SAT_split/QF_NIA_4_3/AProVE/aproveSMT5775190440758349853.smt2 : 33 ms.
--------------------------------------------------
Number of variables: 687633
Number of clauses: 3493563
sat
real sat
../New_SAT_split/QF_NIA_4_3/AProVE/aproveSMT5778604184275136040.smt2 : 13139 ms.
--------------------------------------------------
Number of variables: 12539
Number of clauses: 60562
sat
real sat
../New_SAT_split/QF_NIA_4_3/AProVE/aproveSMT5782889201061079569.smt2 : 87 ms.
--------------------------------------------------
Number of variables: 22483
Number of clauses: 110848
sat
real sat
../New_SAT_split/QF_NIA_4_3/AProVE/aproveSMT5792017738524101266.smt2 : 141 ms.
--------------------------------------------------
Number of variables: 4010
Number of clauses: 19324
sat
real sat
../New_SAT_split/QF_NIA_4_3/AProVE/aproveSMT5798774124387979209.smt2 : 27 ms.
--------------------------------------------------
Number of variables: 8698
Number of clauses: 42022
sat
real sat
../New_SAT_split/QF_NIA_4_3/AProVE/aproveSMT5819424543523124227.smt2 : 49 ms.
--------------------------------------------------
Number of variables: 182899
Number of clauses: 953279
sat
real sat
../New_SAT_split/QF_NIA_4_3/AProVE/aproveSMT5821659214231056506.smt2 : 1973 ms.
--------------------------------------------------
Number of variables: 9424
Number of clauses: 47427
sat
real sat
../New_SAT_split/QF_NIA_4_3/AProVE/aproveSMT5829491630698138486.smt2 : 60 ms.
--------------------------------------------------
Number of variables: 3588
Number of clauses: 18205
sat
real sat
../New_SAT_split/QF_NIA_4_3/AProVE/aproveSMT5831571990189228163.smt2 : 22 ms.
--------------------------------------------------
Number of variables: 5186
Number of clauses: 24938
sat
real sat
../New_SAT_split/QF_NIA_4_3/AProVE/aproveSMT5831669580987709257.smt2 : 29 ms.
--------------------------------------------------
Number of variables: 42623
Number of clauses: 227902
sat
real sat
../New_SAT_split/QF_NIA_4_3/AProVE/aproveSMT5832674781230053049.smt2 : 437 ms.
--------------------------------------------------
Number of variables: 53090
Number of clauses: 264249
sat
real sat
../New_SAT_split/QF_NIA_4_3/AProVE/aproveSMT5856937012363628211.smt2 : 578 ms.
--------------------------------------------------
Number of variables: 82236
Number of clauses: 417502
sat
real sat
../New_SAT_split/QF_NIA_4_3/AProVE/aproveSMT5861469862635716138.smt2 : 691 ms.
--------------------------------------------------
Number of variables: 39061
Number of clauses: 191768
sat
real sat
../New_SAT_split/QF_NIA_4_3/AProVE/aproveSMT5864674135863705641.smt2 : 435 ms.
--------------------------------------------------
Number of variables: 6853
Number of clauses: 33070
sat
real sat
../New_SAT_split/QF_NIA_4_3/AProVE/aproveSMT5866176549257603189.smt2 : 42 ms.
--------------------------------------------------
Number of variables: 4494
Number of clauses: 21670
sat
real sat
../New_SAT_split/QF_NIA_4_3/AProVE/aproveSMT5873870852866503234.smt2 : 40 ms.
--------------------------------------------------
Number of variables: 3832
Number of clauses: 19072
sat
real sat
../New_SAT_split/QF_NIA_4_3/AProVE/aproveSMT5883031568189587794.smt2 : 33 ms.
--------------------------------------------------
Number of variables: 31150
Number of clauses: 152885
sat
real sat
../New_SAT_split/QF_NIA_4_3/AProVE/aproveSMT5887759592026015230.smt2 : 321 ms.
--------------------------------------------------
Number of variables: 95674
Number of clauses: 484216
sat
real sat
../New_SAT_split/QF_NIA_4_3/AProVE/aproveSMT5889197465032143917.smt2 : 916 ms.
--------------------------------------------------
Number of variables: 7581
Number of clauses: 38725
sat
real sat
../New_SAT_split/QF_NIA_4_3/AProVE/aproveSMT5889721094726673047.smt2 : 46 ms.
--------------------------------------------------
Number of variables: 21953
Number of clauses: 110062
sat
real sat
../New_SAT_split/QF_NIA_4_3/AProVE/aproveSMT5895626163914089029.smt2 : 348 ms.
--------------------------------------------------
Number of variables: 4845
Number of clauses: 24971
sat
real sat
../New_SAT_split/QF_NIA_4_3/AProVE/aproveSMT5897274588926694722.smt2 : 37 ms.
--------------------------------------------------
Number of variables: 2984
Number of clauses: 15231
sat
real sat
../New_SAT_split/QF_NIA_4_3/AProVE/aproveSMT5904831322138046805.smt2 : 19 ms.
--------------------------------------------------
Number of variables: 2476
Number of clauses: 12001
sat
real sat
../New_SAT_split/QF_NIA_4_3/AProVE/aproveSMT5908233543327899161.smt2 : 24 ms.
--------------------------------------------------
Number of variables: 67431
Number of clauses: 333466
sat
real sat
../New_SAT_split/QF_NIA_4_3/AProVE/aproveSMT5912413589283213006.smt2 : 1713 ms.
--------------------------------------------------
Number of variables: 14822
Number of clauses: 69643
sat
real sat
../New_SAT_split/QF_NIA_4_3/AProVE/aproveSMT5914114963768622778.smt2 : 93 ms.
--------------------------------------------------
Number of variables: 48892
Number of clauses: 236254
sat
real sat
../New_SAT_split/QF_NIA_4_3/AProVE/aproveSMT5914179814087655111.smt2 : 412 ms.
--------------------------------------------------
Number of variables: 526316
Number of clauses: 2735969
sat
real sat
../New_SAT_split/QF_NIA_4_3/AProVE/aproveSMT5914536809797795005.smt2 : 9320 ms.
--------------------------------------------------
Number of variables: 75205
Number of clauses: 403925
sat
real sat
../New_SAT_split/QF_NIA_4_3/AProVE/aproveSMT5934973720081873085.smt2 : 957 ms.
--------------------------------------------------
Number of variables: 191937
Number of clauses: 994674
sat
real sat
../New_SAT_split/QF_NIA_4_3/AProVE/aproveSMT5938292339798340831.smt2 : 3212 ms.
--------------------------------------------------
Number of variables: 764653
Number of clauses: 3985954
sat
real sat
../New_SAT_split/QF_NIA_4_3/AProVE/aproveSMT5946204959908618536.smt2 : 24155 ms.
--------------------------------------------------
Number of variables: 631365
Number of clauses: 3266222
sat
real sat
../New_SAT_split/QF_NIA_4_3/AProVE/aproveSMT5947299939066573031.smt2 : 15582 ms.
--------------------------------------------------
Number of variables: 604509
Number of clauses: 3105060
sat
real sat
../New_SAT_split/QF_NIA_4_3/AProVE/aproveSMT5951026840899664043.smt2 : 13561 ms.
--------------------------------------------------
Number of variables: 66850
Number of clauses: 335133
sat
real sat
../New_SAT_split/QF_NIA_4_3/AProVE/aproveSMT5955302688561138511.smt2 : 1038 ms.
--------------------------------------------------
Number of variables: 8514
Number of clauses: 44809
sat
real sat
../New_SAT_split/QF_NIA_4_3/AProVE/aproveSMT5956425087893278416.smt2 : 76 ms.
--------------------------------------------------
Number of variables: 20244
Number of clauses: 98906
sat
real sat
../New_SAT_split/QF_NIA_4_3/AProVE/aproveSMT5965076987875796554.smt2 : 130 ms.
--------------------------------------------------
Number of variables: 727368
Number of clauses: 3681403
sat
real sat
../New_SAT_split/QF_NIA_4_3/AProVE/aproveSMT5982082079747673997.smt2 : 13256 ms.
--------------------------------------------------
Number of variables: 636860
Number of clauses: 3277157
sat
real sat
../New_SAT_split/QF_NIA_4_3/AProVE/aproveSMT5983300911379758486.smt2 : 53079 ms.
--------------------------------------------------
Number of variables: 2463
Number of clauses: 12600
sat
real sat
../New_SAT_split/QF_NIA_4_3/AProVE/aproveSMT5985365676284742504.smt2 : 18 ms.
--------------------------------------------------
Number of variables: 54264
Number of clauses: 290688
sat
real sat
../New_SAT_split/QF_NIA_4_3/AProVE/aproveSMT5989375556804294526.smt2 : 342 ms.
--------------------------------------------------
Number of variables: 242490
Number of clauses: 1352640
sat
real sat
../New_SAT_split/QF_NIA_4_3/AProVE/aproveSMT5989587704234446991.smt2 : 1660 ms.
--------------------------------------------------
Number of variables: 1284475
Number of clauses: 6718289
sat
real sat
../New_SAT_split/QF_NIA_4_3/AProVE/aproveSMT5993207560670864593.smt2 : 43322 ms.
--------------------------------------------------
Number of variables: 4252
Number of clauses: 20497
sat
real sat
../New_SAT_split/QF_NIA_4_3/AProVE/aproveSMT5995593738700246954.smt2 : 25 ms.
--------------------------------------------------
Number of variables: 70748
Number of clauses: 359771
sat
real sat
../New_SAT_split/QF_NIA_4_3/AProVE/aproveSMT6007639960281434719.smt2 : 762 ms.
--------------------------------------------------
Number of variables: 1255525
Number of clauses: 6391503
sat
real sat
../New_SAT_split/QF_NIA_4_3/AProVE/aproveSMT6023062156836720896.smt2 : 34782 ms.
--------------------------------------------------
Number of variables: 6664
Number of clauses: 32862
sat
real sat
../New_SAT_split/QF_NIA_4_3/AProVE/aproveSMT6025886977398171379.smt2 : 37 ms.
--------------------------------------------------
Number of variables: 8014
Number of clauses: 40207
sat
real sat
../New_SAT_split/QF_NIA_4_3/AProVE/aproveSMT6027259421698118523.smt2 : 72 ms.
--------------------------------------------------
Number of variables: 735817
Number of clauses: 3743646
sat
real sat
../New_SAT_split/QF_NIA_4_3/AProVE/aproveSMT6033388866962201290.smt2 : 13350 ms.
--------------------------------------------------
Number of variables: 6330
Number of clauses: 30845
sat
real sat
../New_SAT_split/QF_NIA_4_3/AProVE/aproveSMT6036776388759637257.smt2 : 33 ms.
--------------------------------------------------
Number of variables: 11283
Number of clauses: 56261
sat
real sat
../New_SAT_split/QF_NIA_4_3/AProVE/aproveSMT6040021934948654394.smt2 : 105 ms.
--------------------------------------------------
Number of variables: 5119
Number of clauses: 24688
sat
real sat
../New_SAT_split/QF_NIA_4_3/AProVE/aproveSMT6048462349750793371.smt2 : 40 ms.
--------------------------------------------------
Number of variables: 34364
Number of clauses: 169883
sat
real sat
../New_SAT_split/QF_NIA_4_3/AProVE/aproveSMT6050824499879005821.smt2 : 216 ms.
--------------------------------------------------
Number of variables: 273764
Number of clauses: 1373993
sat
real sat
../New_SAT_split/QF_NIA_4_3/AProVE/aproveSMT6052830108522035817.smt2 : 1929 ms.
--------------------------------------------------
Number of variables: 4345962
Number of clauses: 23569981
sat
real sat
../New_SAT_split/QF_NIA_4_3/AProVE/aproveSMT6061013276766078350.smt2 : 356276 ms.
--------------------------------------------------
Number of variables: 31971
Number of clauses: 158867
sat
real sat
../New_SAT_split/QF_NIA_4_3/AProVE/aproveSMT6062171551710721128.smt2 : 165 ms.
--------------------------------------------------
Number of variables: 33097
Number of clauses: 165527
sat
real sat
../New_SAT_split/QF_NIA_4_3/AProVE/aproveSMT6064356008539010653.smt2 : 217 ms.
--------------------------------------------------
Number of variables: 239993
Number of clauses: 1229711
sat
real sat
../New_SAT_split/QF_NIA_4_3/AProVE/aproveSMT6071606564644554507.smt2 : 5333 ms.
--------------------------------------------------
Number of variables: 102096
Number of clauses: 520260
sat
real sat
../New_SAT_split/QF_NIA_4_3/AProVE/aproveSMT6074895540208640129.smt2 : 1000 ms.
--------------------------------------------------
Number of variables: 108793
Number of clauses: 579469
sat
real sat
../New_SAT_split/QF_NIA_4_3/AProVE/aproveSMT6080609584867838027.smt2 : 695 ms.
--------------------------------------------------
Number of variables: 69289
Number of clauses: 338509
sat
real sat
../New_SAT_split/QF_NIA_4_3/AProVE/aproveSMT6082588606867948522.smt2 : 1213 ms.
--------------------------------------------------
Number of variables: 5603
Number of clauses: 27034
sat
real sat
../New_SAT_split/QF_NIA_4_3/AProVE/aproveSMT6090681286470127413.smt2 : 31 ms.
--------------------------------------------------
Number of variables: 642
Number of clauses: 3059
sat
real sat
../New_SAT_split/QF_NIA_4_3/AProVE/aproveSMT6093404854574897258.smt2 : 10 ms.
--------------------------------------------------
Number of variables: 25019
Number of clauses: 128242
sat
real sat
../New_SAT_split/QF_NIA_4_3/AProVE/aproveSMT6099355561590939545.smt2 : 225 ms.
--------------------------------------------------
Number of variables: 150276
Number of clauses: 761379
sat
real sat
../New_SAT_split/QF_NIA_4_3/AProVE/aproveSMT6116422603960968616.smt2 : 3380 ms.
--------------------------------------------------
Number of variables: 27550
Number of clauses: 146249
sat
real sat
../New_SAT_split/QF_NIA_4_3/AProVE/aproveSMT6121498739803683748.smt2 : 138 ms.
--------------------------------------------------
Number of variables: 54830
Number of clauses: 284132
sat
real sat
../New_SAT_split/QF_NIA_4_3/AProVE/aproveSMT6123148674037616755.smt2 : 888 ms.
--------------------------------------------------
Number of variables: 182467
Number of clauses: 930120
sat
real sat
../New_SAT_split/QF_NIA_4_3/AProVE/aproveSMT6124754269890942946.smt2 : 1267 ms.
--------------------------------------------------
Number of variables: 65644
Number of clauses: 331190
sat
real sat
../New_SAT_split/QF_NIA_4_3/AProVE/aproveSMT6126510347246483790.smt2 : 552 ms.
--------------------------------------------------
Number of variables: 143802
Number of clauses: 726882
sat
real sat
../New_SAT_split/QF_NIA_4_3/AProVE/aproveSMT6131630519972000637.smt2 : 2408 ms.
--------------------------------------------------
Number of variables: 50551
Number of clauses: 253794
sat
real sat
../New_SAT_split/QF_NIA_4_3/AProVE/aproveSMT6144173014704356900.smt2 : 580 ms.
--------------------------------------------------
Number of variables: 11100
Number of clauses: 56803
sat
real sat
../New_SAT_split/QF_NIA_4_3/AProVE/aproveSMT6147226951704200412.smt2 : 88 ms.
--------------------------------------------------
Number of variables: 51063
Number of clauses: 256306
sat
real sat
../New_SAT_split/QF_NIA_4_3/AProVE/aproveSMT6150417374100282586.smt2 : 623 ms.
--------------------------------------------------
Number of variables: 15241
Number of clauses: 75624
sat
real sat
../New_SAT_split/QF_NIA_4_3/AProVE/aproveSMT6155317075733447430.smt2 : 74 ms.
--------------------------------------------------
Number of variables: 6268
Number of clauses: 30223
sat
real sat
../New_SAT_split/QF_NIA_4_3/AProVE/aproveSMT6156495846701797805.smt2 : 49 ms.
--------------------------------------------------
Number of variables: 5886
Number of clauses: 29977
sat
real sat
../New_SAT_split/QF_NIA_4_3/AProVE/aproveSMT6157688733168075530.smt2 : 54 ms.
--------------------------------------------------
Number of variables: 1893
Number of clauses: 9097
sat
real sat
../New_SAT_split/QF_NIA_4_3/AProVE/aproveSMT6158042957525089443.smt2 : 15 ms.
--------------------------------------------------
Number of variables: 3483
Number of clauses: 18150
sat
real sat
../New_SAT_split/QF_NIA_4_3/AProVE/aproveSMT6161864990598516732.smt2 : 27 ms.
--------------------------------------------------
Number of variables: 355087
Number of clauses: 1797425
sat
real sat
../New_SAT_split/QF_NIA_4_3/AProVE/aproveSMT6170045256016839772.smt2 : 6171 ms.
--------------------------------------------------
Number of variables: 28666
Number of clauses: 147296
sat
real sat
../New_SAT_split/QF_NIA_4_3/AProVE/aproveSMT6176707475228526095.smt2 : 470 ms.
--------------------------------------------------
Number of variables: 14315
Number of clauses: 69644
sat
real sat
../New_SAT_split/QF_NIA_4_3/AProVE/aproveSMT6189184823343974298.smt2 : 158 ms.
--------------------------------------------------
Number of variables: 3627
Number of clauses: 17479
sat
real sat
../New_SAT_split/QF_NIA_4_3/AProVE/aproveSMT6196291222741305778.smt2 : 23 ms.
--------------------------------------------------
Number of variables: 78941
Number of clauses: 403295
sat
real sat
../New_SAT_split/QF_NIA_4_3/AProVE/aproveSMT6198953902924862485.smt2 : 543 ms.
--------------------------------------------------
Number of variables: 116701
Number of clauses: 564142
sat
real sat
../New_SAT_split/QF_NIA_4_3/AProVE/aproveSMT6201299735749963496.smt2 : 1049 ms.
--------------------------------------------------
Number of variables: 2441
Number of clauses: 11525
sat
real sat
../New_SAT_split/QF_NIA_4_3/AProVE/aproveSMT6212352258689239272.smt2 : 28 ms.
--------------------------------------------------
Number of variables: 33549
Number of clauses: 162148
sat
real sat
../New_SAT_split/QF_NIA_4_3/AProVE/aproveSMT6213190012696920780.smt2 : 265 ms.
--------------------------------------------------
Number of variables: 44866
Number of clauses: 225433
sat
real sat
../New_SAT_split/QF_NIA_4_3/AProVE/aproveSMT6217744895904327208.smt2 : 304 ms.
--------------------------------------------------
Number of variables: 18247
Number of clauses: 88845
sat
real sat
../New_SAT_split/QF_NIA_4_3/AProVE/aproveSMT6228254552048430657.smt2 : 309 ms.
--------------------------------------------------
Number of variables: 6411
Number of clauses: 31326
sat
real sat
../New_SAT_split/QF_NIA_4_3/AProVE/aproveSMT6230253004616243956.smt2 : 63 ms.
--------------------------------------------------
Number of variables: 29589
Number of clauses: 148709
sat
real sat
../New_SAT_split/QF_NIA_4_3/AProVE/aproveSMT6233931651732505578.smt2 : 388 ms.
--------------------------------------------------
Number of variables: 10347
Number of clauses: 51291
sat
real sat
../New_SAT_split/QF_NIA_4_3/AProVE/aproveSMT6239097548321810275.smt2 : 100 ms.
--------------------------------------------------
Number of variables: 43979
Number of clauses: 234444
sat
real sat
../New_SAT_split/QF_NIA_4_3/AProVE/aproveSMT6239599986453263576.smt2 : 330 ms.
--------------------------------------------------
Number of variables: 2513905
Number of clauses: 12723869
sat
real sat
../New_SAT_split/QF_NIA_4_3/AProVE/aproveSMT6241732402686369294.smt2 : 53611 ms.
--------------------------------------------------
Number of variables: 1268
Number of clauses: 6079
sat
real sat
../New_SAT_split/QF_NIA_4_3/AProVE/aproveSMT6242888656932764676.smt2 : 16 ms.
--------------------------------------------------
Number of variables: 152018
Number of clauses: 819904
sat
real sat
../New_SAT_split/QF_NIA_4_3/AProVE/aproveSMT6245893760595760465.smt2 : 1044 ms.
--------------------------------------------------
Number of variables: 2760
Number of clauses: 13288
sat
real sat
../New_SAT_split/QF_NIA_4_3/AProVE/aproveSMT6252446787473651679.smt2 : 17 ms.
--------------------------------------------------
Number of variables: 15025
Number of clauses: 76832
sat
real sat
../New_SAT_split/QF_NIA_4_3/AProVE/aproveSMT6254306370400125865.smt2 : 89 ms.
--------------------------------------------------
Number of variables: 16029
Number of clauses: 82565
sat
real sat
../New_SAT_split/QF_NIA_4_3/AProVE/aproveSMT6257391920631347519.smt2 : 131 ms.
--------------------------------------------------
Number of variables: 9810
Number of clauses: 51497
sat
real sat
../New_SAT_split/QF_NIA_4_3/AProVE/aproveSMT6269370227523453827.smt2 : 80 ms.
--------------------------------------------------
Number of variables: 19374
Number of clauses: 93589
sat
real sat
../New_SAT_split/QF_NIA_4_3/AProVE/aproveSMT6290812316360154188.smt2 : 125 ms.
--------------------------------------------------
Number of variables: 98653
Number of clauses: 524479
sat
real sat
../New_SAT_split/QF_NIA_4_3/AProVE/aproveSMT6301725928280158574.smt2 : 3198 ms.
--------------------------------------------------
Number of variables: 4393
Number of clauses: 21169
sat
real sat
../New_SAT_split/QF_NIA_4_3/AProVE/aproveSMT6304815576362177237.smt2 : 30 ms.
--------------------------------------------------
Number of variables: 44818
Number of clauses: 217285
sat
real sat
../New_SAT_split/QF_NIA_4_3/AProVE/aproveSMT6309113961155049053.smt2 : 424 ms.
--------------------------------------------------
Number of variables: 2969
Number of clauses: 14975
sat
real sat
../New_SAT_split/QF_NIA_4_3/AProVE/aproveSMT6319847254437949313.smt2 : 24 ms.
--------------------------------------------------
Number of variables: 6769
Number of clauses: 33336
sat
real sat
../New_SAT_split/QF_NIA_4_3/AProVE/aproveSMT6322351010201522079.smt2 : 38 ms.
--------------------------------------------------
Number of variables: 34868
Number of clauses: 177506
sat
real sat
../New_SAT_split/QF_NIA_4_3/AProVE/aproveSMT6323646167757927939.smt2 : 401 ms.
--------------------------------------------------
Number of variables: 26511
Number of clauses: 134323
sat
real sat
../New_SAT_split/QF_NIA_4_3/AProVE/aproveSMT6324373108907774043.smt2 : 234 ms.
--------------------------------------------------
Number of variables: 88451
Number of clauses: 444933
sat
real sat
../New_SAT_split/QF_NIA_4_3/AProVE/aproveSMT6327267119218162900.smt2 : 1294 ms.
--------------------------------------------------
Number of variables: 21457
Number of clauses: 112406
sat
real sat
../New_SAT_split/QF_NIA_4_3/AProVE/aproveSMT6340624394327839557.smt2 : 102 ms.
--------------------------------------------------
Number of variables: 193455
Number of clauses: 1026521
sat
real sat
../New_SAT_split/QF_NIA_4_3/AProVE/aproveSMT6345108152878814127.smt2 : 3070 ms.
--------------------------------------------------
Number of variables: 1962
Number of clauses: 9678
sat
real sat
../New_SAT_split/QF_NIA_4_3/AProVE/aproveSMT6346075952632468151.smt2 : 15 ms.
--------------------------------------------------
Number of variables: 30218
Number of clauses: 159589
sat
real sat
../New_SAT_split/QF_NIA_4_3/AProVE/aproveSMT6348068839813170284.smt2 : 195 ms.
--------------------------------------------------
Number of variables: 21417
Number of clauses: 106710
sat
real sat
../New_SAT_split/QF_NIA_4_3/AProVE/aproveSMT6354057304382833232.smt2 : 350 ms.
--------------------------------------------------
Number of variables: 443699
Number of clauses: 2281426
sat
real sat
../New_SAT_split/QF_NIA_4_3/AProVE/aproveSMT6361688730163932134.smt2 : 32084 ms.
--------------------------------------------------
Number of variables: 157210
Number of clauses: 786712
sat
real sat
../New_SAT_split/QF_NIA_4_3/AProVE/aproveSMT6361781536878687594.smt2 : 2673 ms.
--------------------------------------------------
Number of variables: 34682
Number of clauses: 180206
sat
real sat
../New_SAT_split/QF_NIA_4_3/AProVE/aproveSMT6371981586610443730.smt2 : 203 ms.
--------------------------------------------------
Number of variables: 5119
Number of clauses: 24688
sat
real sat
../New_SAT_split/QF_NIA_4_3/AProVE/aproveSMT6373919175185661494.smt2 : 32 ms.
--------------------------------------------------
Number of variables: 1282
Number of clauses: 6117
sat
real sat
../New_SAT_split/QF_NIA_4_3/AProVE/aproveSMT6379473021632726718.smt2 : 12 ms.
--------------------------------------------------
Number of variables: 2158
Number of clauses: 10500
sat
real sat
../New_SAT_split/QF_NIA_4_3/AProVE/aproveSMT6381403245755278040.smt2 : 16 ms.
--------------------------------------------------
Number of variables: 4978
Number of clauses: 24016
sat
real sat
../New_SAT_split/QF_NIA_4_3/AProVE/aproveSMT6391238426024938953.smt2 : 30 ms.
--------------------------------------------------
Number of variables: 89304
Number of clauses: 446615
sat
real sat
../New_SAT_split/QF_NIA_4_3/AProVE/aproveSMT6392172509572662958.smt2 : 756 ms.
--------------------------------------------------
Number of variables: 631341
Number of clauses: 3252699
sat
real sat
../New_SAT_split/QF_NIA_4_3/AProVE/aproveSMT6396599548709664995.smt2 : 10965 ms.
--------------------------------------------------
Number of variables: 56725
Number of clauses: 286642
sat
real sat
../New_SAT_split/QF_NIA_4_3/AProVE/aproveSMT6405258831427788557.smt2 : 429 ms.
--------------------------------------------------
Number of variables: 402171
Number of clauses: 2040948
sat
real sat
../New_SAT_split/QF_NIA_4_3/AProVE/aproveSMT6423264120294870431.smt2 : 7566 ms.
--------------------------------------------------
Number of variables: 4747
Number of clauses: 22352
sat
real sat
../New_SAT_split/QF_NIA_4_3/AProVE/aproveSMT6428980027942532873.smt2 : 27 ms.
--------------------------------------------------
Number of variables: 8144
Number of clauses: 42407
sat
real sat
../New_SAT_split/QF_NIA_4_3/AProVE/aproveSMT6431910624073090519.smt2 : 68 ms.
--------------------------------------------------
Number of variables: 1074379
Number of clauses: 5436523
sat
real sat
../New_SAT_split/QF_NIA_4_3/AProVE/aproveSMT6442470908428310709.smt2 : 12957 ms.
--------------------------------------------------
Number of variables: 6521
Number of clauses: 34088
sat
real sat
../New_SAT_split/QF_NIA_4_3/AProVE/aproveSMT6448692446188177822.smt2 : 34 ms.
--------------------------------------------------
Number of variables: 10644
Number of clauses: 52396
sat
real sat
../New_SAT_split/QF_NIA_4_3/AProVE/aproveSMT6452811510990333431.smt2 : 78 ms.
--------------------------------------------------
Number of variables: 36815
Number of clauses: 177910
sat
real sat
../New_SAT_split/QF_NIA_4_3/AProVE/aproveSMT6455839577812966270.smt2 : 292 ms.
--------------------------------------------------
Number of variables: 10566
Number of clauses: 53211
sat
real sat
../New_SAT_split/QF_NIA_4_3/AProVE/aproveSMT6468399440372825592.smt2 : 73 ms.
--------------------------------------------------
Number of variables: 297928
Number of clauses: 1554615
sat
real sat
../New_SAT_split/QF_NIA_4_3/AProVE/aproveSMT6473098957007187923.smt2 : 3283 ms.
--------------------------------------------------
Number of variables: 219568
Number of clauses: 1126663
sat
real sat
../New_SAT_split/QF_NIA_4_3/AProVE/aproveSMT6476005426670933169.smt2 : 1599 ms.
--------------------------------------------------
Number of variables: 295236
Number of clauses: 1519965
sat
real sat
../New_SAT_split/QF_NIA_4_3/AProVE/aproveSMT6479348347179618760.smt2 : 6053 ms.
--------------------------------------------------
Number of variables: 10060
Number of clauses: 48986
sat
real sat
../New_SAT_split/QF_NIA_4_3/AProVE/aproveSMT6480637413796700401.smt2 : 63 ms.
--------------------------------------------------
Number of variables: 393786
Number of clauses: 1993202
sat
real sat
../New_SAT_split/QF_NIA_4_3/AProVE/aproveSMT6496769354783221590.smt2 : 6460 ms.
--------------------------------------------------
Number of variables: 31185
Number of clauses: 157299
sat
real sat
../New_SAT_split/QF_NIA_4_3/AProVE/aproveSMT6496922770019302775.smt2 : 255 ms.
--------------------------------------------------
Number of variables: 10845
Number of clauses: 52351
sat
real sat
../New_SAT_split/QF_NIA_4_3/AProVE/aproveSMT6498707549501463279.smt2 : 61 ms.
--------------------------------------------------
Number of variables: 85948
Number of clauses: 434855
sat
real sat
../New_SAT_split/QF_NIA_4_3/AProVE/aproveSMT6500048596873196244.smt2 : 932 ms.
--------------------------------------------------
Number of variables: 2760
Number of clauses: 13288
sat
real sat
../New_SAT_split/QF_NIA_4_3/AProVE/aproveSMT6505156367245070095.smt2 : 22 ms.
--------------------------------------------------
Number of variables: 10462
Number of clauses: 50506
sat
real sat
../New_SAT_split/QF_NIA_4_3/AProVE/aproveSMT6507604569655641607.smt2 : 80 ms.
--------------------------------------------------
Number of variables: 4111
Number of clauses: 19825
sat
real sat
../New_SAT_split/QF_NIA_4_3/AProVE/aproveSMT6531016310637292206.smt2 : 25 ms.
--------------------------------------------------
Number of variables: 326903
Number of clauses: 1656262
sat
real sat
../New_SAT_split/QF_NIA_4_3/AProVE/aproveSMT6533511104132266482.smt2 : 2604 ms.
--------------------------------------------------
Number of variables: 322179
Number of clauses: 1666390
sat
real sat
../New_SAT_split/QF_NIA_4_3/AProVE/aproveSMT6536208728045900925.smt2 : 6388 ms.
--------------------------------------------------
Number of variables: 10622
Number of clauses: 54717
sat
real sat
../New_SAT_split/QF_NIA_4_3/AProVE/aproveSMT6537031549865282904.smt2 : 55 ms.
--------------------------------------------------
Number of variables: 106131
Number of clauses: 545705
sat
real sat
../New_SAT_split/QF_NIA_4_3/AProVE/aproveSMT6542469200703339728.smt2 : 973 ms.
--------------------------------------------------
Number of variables: 5998
Number of clauses: 30544
sat
real sat
../New_SAT_split/QF_NIA_4_3/AProVE/aproveSMT6542524965778579111.smt2 : 34 ms.
--------------------------------------------------
Number of variables: 2377
Number of clauses: 11443
sat
real sat
../New_SAT_split/QF_NIA_4_3/AProVE/aproveSMT6546311798208977199.smt2 : 16 ms.
--------------------------------------------------
Number of variables: 41249
Number of clauses: 221414
sat
real sat
../New_SAT_split/QF_NIA_4_3/AProVE/aproveSMT6549179037310304786.smt2 : 217 ms.
--------------------------------------------------
Number of variables: 81475
Number of clauses: 415844
sat
real sat
../New_SAT_split/QF_NIA_4_3/AProVE/aproveSMT6552253217226682717.smt2 : 1587 ms.
--------------------------------------------------
Number of variables: 10018
Number of clauses: 48331
sat
real sat
../New_SAT_split/QF_NIA_4_3/AProVE/aproveSMT6559348280729064620.smt2 : 71 ms.
--------------------------------------------------
Number of variables: 59151
Number of clauses: 301063
sat
real sat
../New_SAT_split/QF_NIA_4_3/AProVE/aproveSMT6567073754254219632.smt2 : 504 ms.
--------------------------------------------------
Number of variables: 3143
Number of clauses: 15133
sat
real sat
../New_SAT_split/QF_NIA_4_3/AProVE/aproveSMT6567373429771087577.smt2 : 20 ms.
--------------------------------------------------
Number of variables: 145333
Number of clauses: 783254
sat
real sat
../New_SAT_split/QF_NIA_4_3/AProVE/aproveSMT6581701849051130495.smt2 : 852 ms.
--------------------------------------------------
Number of variables: 3143
Number of clauses: 15133
sat
real sat
../New_SAT_split/QF_NIA_4_3/AProVE/aproveSMT6586897524270320061.smt2 : 29 ms.
--------------------------------------------------
Number of variables: 47543
Number of clauses: 255825
sat
real sat
../New_SAT_split/QF_NIA_4_3/AProVE/aproveSMT6591086516212368179.smt2 : 299 ms.
--------------------------------------------------
Number of variables: 2779
Number of clauses: 13783
sat
real sat
../New_SAT_split/QF_NIA_4_3/AProVE/aproveSMT6607687384592547817.smt2 : 27 ms.
--------------------------------------------------
Number of variables: 376217
Number of clauses: 1905162
sat
real sat
../New_SAT_split/QF_NIA_4_3/AProVE/aproveSMT6609298696432134346.smt2 : 7554 ms.
--------------------------------------------------
Number of variables: 330635
Number of clauses: 1668669
sat
real sat
../New_SAT_split/QF_NIA_4_3/AProVE/aproveSMT6614712878547252644.smt2 : 7299 ms.
--------------------------------------------------
Number of variables: 18749589
Number of clauses: 102540067
sat
real sat
../New_SAT_split/QF_NIA_4_3/AProVE/aproveSMT6623173011989304652.smt2 : 244840 ms.
--------------------------------------------------
Number of variables: 699946
Number of clauses: 4015535
sat
real sat
../New_SAT_split/QF_NIA_4_3/AProVE/aproveSMT6629803701686405382.smt2 : 12168 ms.
--------------------------------------------------
Number of variables: 1510
Number of clauses: 7252
sat
real sat
../New_SAT_split/QF_NIA_4_3/AProVE/aproveSMT6636136541768468274.smt2 : 14 ms.
--------------------------------------------------
Number of variables: 37805
Number of clauses: 201699
sat
real sat
../New_SAT_split/QF_NIA_4_3/AProVE/aproveSMT6636436718623371909.smt2 : 199 ms.
--------------------------------------------------
Number of variables: 1157128
Number of clauses: 5933789
sat
real sat
../New_SAT_split/QF_NIA_4_3/AProVE/aproveSMT6647586385534524663.smt2 : 24076 ms.
--------------------------------------------------
Number of variables: 109781
Number of clauses: 567137
sat
real sat
../New_SAT_split/QF_NIA_4_3/AProVE/aproveSMT6653969526090475817.smt2 : 1474 ms.
--------------------------------------------------
Number of variables: 6268
Number of clauses: 30223
sat
real sat
../New_SAT_split/QF_NIA_4_3/AProVE/aproveSMT6654343795907978444.smt2 : 34 ms.
--------------------------------------------------
Number of variables: 22459
Number of clauses: 108508
sat
real sat
../New_SAT_split/QF_NIA_4_3/AProVE/aproveSMT6658278851923446624.smt2 : 119 ms.
--------------------------------------------------
Number of variables: 5260
Number of clauses: 25360
sat
real sat
../New_SAT_split/QF_NIA_4_3/AProVE/aproveSMT6666435012174813416.smt2 : 29 ms.
--------------------------------------------------
Number of variables: 3528
Number of clauses: 16613
sat
real sat
../New_SAT_split/QF_NIA_4_3/AProVE/aproveSMT6667139020534349883.smt2 : 21 ms.
--------------------------------------------------
Number of variables: 3087
Number of clauses: 14981
sat
real sat
../New_SAT_split/QF_NIA_4_3/AProVE/aproveSMT6667971631722750838.smt2 : 20 ms.
--------------------------------------------------
Number of variables: 6313
Number of clauses: 31540
sat
real sat
../New_SAT_split/QF_NIA_4_3/AProVE/aproveSMT6671289463830145770.smt2 : 39 ms.
--------------------------------------------------
Number of variables: 14576
Number of clauses: 72775
sat
real sat
../New_SAT_split/QF_NIA_4_3/AProVE/aproveSMT6674517555865140745.smt2 : 70 ms.
--------------------------------------------------
Number of variables: 1125921
Number of clauses: 5773469
sat
real sat
../New_SAT_split/QF_NIA_4_3/AProVE/aproveSMT6674842082078899004.smt2 : 35419 ms.
--------------------------------------------------
Number of variables: 597856
Number of clauses: 3083654
sat
real sat
../New_SAT_split/QF_NIA_4_3/AProVE/aproveSMT6675220523967870011.smt2 : 13340 ms.
--------------------------------------------------
Number of variables: 176587
Number of clauses: 891517
sat
real sat
../New_SAT_split/QF_NIA_4_3/AProVE/aproveSMT6675789420246686041.smt2 : 2685 ms.
--------------------------------------------------
Number of variables: 32086
Number of clauses: 163611
sat
real sat
../New_SAT_split/QF_NIA_4_3/AProVE/aproveSMT6685818860638499716.smt2 : 198 ms.
--------------------------------------------------
Number of variables: 5304
Number of clauses: 26792
sat
real sat
../New_SAT_split/QF_NIA_4_3/AProVE/aproveSMT6689436890205401473.smt2 : 49 ms.
--------------------------------------------------
Number of variables: 24319
Number of clauses: 122009
sat
real sat
../New_SAT_split/QF_NIA_4_3/AProVE/aproveSMT6694854243976845806.smt2 : 127 ms.
--------------------------------------------------
Number of variables: 16727
Number of clauses: 88940
sat
real sat
../New_SAT_split/QF_NIA_4_3/AProVE/aproveSMT6701484702908858892.smt2 : 91 ms.
--------------------------------------------------
Number of variables: 85117
Number of clauses: 428923
sat
real sat
../New_SAT_split/QF_NIA_4_3/AProVE/aproveSMT6702938145938592530.smt2 : 746 ms.
--------------------------------------------------
Number of variables: 33831
Number of clauses: 163492
sat
real sat
../New_SAT_split/QF_NIA_4_3/AProVE/aproveSMT6726712610953517760.smt2 : 245 ms.
--------------------------------------------------
Number of variables: 684034
Number of clauses: 3466592
sat
real sat
../New_SAT_split/QF_NIA_4_3/AProVE/aproveSMT6734154909679213437.smt2 : 58503 ms.
--------------------------------------------------
Number of variables: 79371
Number of clauses: 392040
sat
real sat
../New_SAT_split/QF_NIA_4_3/AProVE/aproveSMT6737450573629547153.smt2 : 2018 ms.
--------------------------------------------------
Number of variables: 126032
Number of clauses: 609285
sat
real sat
../New_SAT_split/QF_NIA_4_3/AProVE/aproveSMT6737918344290657286.smt2 : 2801 ms.
--------------------------------------------------
Number of variables: 3022
Number of clauses: 14221
sat
real sat
../New_SAT_split/QF_NIA_4_3/AProVE/aproveSMT6738362017415126972.smt2 : 29 ms.
--------------------------------------------------
Number of variables: 172611
Number of clauses: 885277
sat
real sat
../New_SAT_split/QF_NIA_4_3/AProVE/aproveSMT6744620754635880037.smt2 : 11692 ms.
--------------------------------------------------
Number of variables: 73049
Number of clauses: 367297
sat
real sat
../New_SAT_split/QF_NIA_4_3/AProVE/aproveSMT6744625072979146355.smt2 : 682 ms.
--------------------------------------------------
Number of variables: 8587
Number of clauses: 41452
sat
real sat
../New_SAT_split/QF_NIA_4_3/AProVE/aproveSMT6747993262789550013.smt2 : 68 ms.
--------------------------------------------------
Number of variables: 2323
Number of clauses: 10621
sat
real sat
../New_SAT_split/QF_NIA_4_3/AProVE/aproveSMT6753330551938377858.smt2 : 23 ms.
--------------------------------------------------
Number of variables: 395505
Number of clauses: 2001950
sat
real sat
../New_SAT_split/QF_NIA_4_3/AProVE/aproveSMT6756608908183398701.smt2 : 9712 ms.
--------------------------------------------------
Number of variables: 474419
Number of clauses: 2439703
sat
real sat
../New_SAT_split/QF_NIA_4_3/AProVE/aproveSMT6761189929823789229.smt2 : 17023 ms.
--------------------------------------------------
Number of variables: 23038
Number of clauses: 121459
sat
real sat
../New_SAT_split/QF_NIA_4_3/AProVE/aproveSMT6765991760844798690.smt2 : 134 ms.
--------------------------------------------------
Number of variables: 3768
Number of clauses: 18151
sat
real sat
../New_SAT_split/QF_NIA_4_3/AProVE/aproveSMT6770387682952120534.smt2 : 36 ms.
--------------------------------------------------
Number of variables: 3789
Number of clauses: 19485
sat
real sat
../New_SAT_split/QF_NIA_4_3/AProVE/aproveSMT6770927811129657027.smt2 : 34 ms.
--------------------------------------------------
Number of variables: 9659
Number of clauses: 47397
sat
real sat
../New_SAT_split/QF_NIA_4_3/AProVE/aproveSMT6773786676077304326.smt2 : 48 ms.
--------------------------------------------------
Number of variables: 9627
Number of clauses: 50773
sat
real sat
../New_SAT_split/QF_NIA_4_3/AProVE/aproveSMT6779688413494545017.smt2 : 59 ms.
--------------------------------------------------
Number of variables: 43009
Number of clauses: 212416
sat
real sat
../New_SAT_split/QF_NIA_4_3/AProVE/aproveSMT6798395773523323705.smt2 : 687 ms.
--------------------------------------------------
Number of variables: 1187401
Number of clauses: 6039141
sat
real sat
../New_SAT_split/QF_NIA_4_3/AProVE/aproveSMT6801073154424080658.smt2 : 35297 ms.
--------------------------------------------------
Number of variables: 107533
Number of clauses: 573230
sat
real sat
../New_SAT_split/QF_NIA_4_3/AProVE/aproveSMT6810898365998343605.smt2 : 605 ms.
--------------------------------------------------
Number of variables: 182736
Number of clauses: 926393
sat
real sat
../New_SAT_split/QF_NIA_4_3/AProVE/aproveSMT6811164301005344263.smt2 : 2753 ms.
--------------------------------------------------
Number of variables: 33001
Number of clauses: 162716
sat
real sat
../New_SAT_split/QF_NIA_4_3/AProVE/aproveSMT6816805841740754804.smt2 : 433 ms.
--------------------------------------------------
Number of variables: 1039
Number of clauses: 4936
sat
real sat
../New_SAT_split/QF_NIA_4_3/AProVE/aproveSMT6820024804494019970.smt2 : 10 ms.
--------------------------------------------------
Number of variables: 47220
Number of clauses: 236944
sat
real sat
../New_SAT_split/QF_NIA_4_3/AProVE/aproveSMT6830496058242121622.smt2 : 475 ms.
--------------------------------------------------
Number of variables: 1752
Number of clauses: 8501
sat
real sat
../New_SAT_split/QF_NIA_4_3/AProVE/aproveSMT6834371873006126735.smt2 : 13 ms.
--------------------------------------------------
Number of variables: 1263669
Number of clauses: 6453113
sat
real sat
../New_SAT_split/QF_NIA_4_3/AProVE/aproveSMT6838634978857808037.smt2 : 50055 ms.
--------------------------------------------------
Number of variables: 786946
Number of clauses: 4097756
sat
real sat
../New_SAT_split/QF_NIA_4_3/AProVE/aproveSMT6841026777878601546.smt2 : 14600 ms.
