--------------------------------------------------
Number of variables: 155903
Number of clauses: 777308
sat
real sat
../New_SAT_split/QF_NIA_2_15/20170427-VeryMax/ITS/From_T2__e-1394complete-fail.t2__p19268_safety_0.smt2 : 13232 ms.
--------------------------------------------------
Number of variables: 83298
Number of clauses: 413664
sat
real sat
../New_SAT_split/QF_NIA_2_15/20170427-VeryMax/ITS/From_T2__e-1394complete-fail.t2__p19270_safety_0.smt2 : 694 ms.
--------------------------------------------------
Number of variables: 83977
Number of clauses: 415253
sat
real sat
../New_SAT_split/QF_NIA_2_15/20170427-VeryMax/ITS/From_T2__e-1394-fail.t2__p19494_safety_0.smt2 : 726 ms.
--------------------------------------------------
Number of variables: 159198
Number of clauses: 797266
sat
real sat
../New_SAT_split/QF_NIA_2_15/20170427-VeryMax/ITS/From_T2__e-1394-fail.t2__p19495_safety_0.smt2 : 6428 ms.
--------------------------------------------------
Number of variables: 61539
Number of clauses: 300344
sat
real sat
../New_SAT_split/QF_NIA_2_15/20170427-VeryMax/ITS/From_T2__edn.t2__p19634_terminationG_0.smt2 : 427 ms.
--------------------------------------------------
Number of variables: 147787
Number of clauses: 733906
sat
real sat
../New_SAT_split/QF_NIA_2_15/20170427-VeryMax/ITS/From_T2__edn.t2__p19635_terminationG_0.smt2 : 9366 ms.
--------------------------------------------------
Number of variables: 267582
Number of clauses: 1341993
sat
real sat
../New_SAT_split/QF_NIA_2_15/20170427-VeryMax/ITS/From_T2__edn.t2__p19636_terminationG_0.smt2 : 5894 ms.
--------------------------------------------------
Number of variables: 23418
Number of clauses: 114663
sat
real sat
../New_SAT_split/QF_NIA_2_15/20170427-VeryMax/ITS/From_T2__edn.t2__p19651_safety_0.smt2 : 637 ms.
--------------------------------------------------
Number of variables: 32819
Number of clauses: 162695
sat
real sat
../New_SAT_split/QF_NIA_2_15/20170427-VeryMax/ITS/From_T2__edn.t2__p19659_safety_0.smt2 : 1299 ms.
--------------------------------------------------
Number of variables: 32256
Number of clauses: 159828
sat
real sat
../New_SAT_split/QF_NIA_2_15/20170427-VeryMax/ITS/From_T2__edn.t2__p19661_safety_0.smt2 : 1525 ms.
--------------------------------------------------
Number of variables: 23222
Number of clauses: 113305
sat
real sat
../New_SAT_split/QF_NIA_2_15/20170427-VeryMax/ITS/From_T2__edn.t2__p19665_safety_0.smt2 : 476 ms.
--------------------------------------------------
Number of variables: 21657
Number of clauses: 106661
sat
real sat
../New_SAT_split/QF_NIA_2_15/20170427-VeryMax/ITS/From_T2__edn.t2__p19673_safety_0.smt2 : 2819 ms.
--------------------------------------------------
Number of variables: 23806
Number of clauses: 116609
sat
real sat
../New_SAT_split/QF_NIA_2_15/20170427-VeryMax/ITS/From_T2__edn.t2__p19677_safety_0.smt2 : 1027 ms.
--------------------------------------------------
Number of variables: 21482
Number of clauses: 105386
sat
real sat
../New_SAT_split/QF_NIA_2_15/20170427-VeryMax/ITS/From_T2__edn.t2__p19693_safety_0.smt2 : 521 ms.
--------------------------------------------------
Number of variables: 32446
Number of clauses: 160776
sat
real sat
../New_SAT_split/QF_NIA_2_15/20170427-VeryMax/ITS/From_T2__edn.t2__p19695_safety_0.smt2 : 1076 ms.
--------------------------------------------------
Number of variables: 16873
Number of clauses: 83679
sat
real sat
../New_SAT_split/QF_NIA_2_15/20170427-VeryMax/ITS/From_T2__edn.t2__p19731_safety_0.smt2 : 123 ms.
--------------------------------------------------
Number of variables: 23814
Number of clauses: 116790
sat
real sat
../New_SAT_split/QF_NIA_2_15/20170427-VeryMax/ITS/From_T2__edn.t2__p19747_safety_0.smt2 : 432 ms.
--------------------------------------------------
Number of variables: 21632
Number of clauses: 106163
sat
real sat
../New_SAT_split/QF_NIA_2_15/20170427-VeryMax/ITS/From_T2__edn.t2__p19767_safety_0.smt2 : 467 ms.
--------------------------------------------------
Number of variables: 33020
Number of clauses: 163806
sat
real sat
../New_SAT_split/QF_NIA_2_15/20170427-VeryMax/ITS/From_T2__edn.t2__p19785_safety_0.smt2 : 794 ms.
--------------------------------------------------
Number of variables: 16654
Number of clauses: 82538
sat
real sat
../New_SAT_split/QF_NIA_2_15/20170427-VeryMax/ITS/From_T2__edn.t2__p19792_safety_0.smt2 : 470 ms.
--------------------------------------------------
Number of variables: 41709
Number of clauses: 210476
sat
real sat
../New_SAT_split/QF_NIA_2_15/20170427-VeryMax/ITS/From_T2__edn.t2__p19793_safety_0.smt2 : 1910 ms.
--------------------------------------------------
Number of variables: 36918
Number of clauses: 182176
sat
real sat
../New_SAT_split/QF_NIA_2_15/20170427-VeryMax/ITS/From_T2__edn.t2__p19806_safety_0.smt2 : 2067 ms.
--------------------------------------------------
Number of variables: 20480
Number of clauses: 99731
sat
real sat
../New_SAT_split/QF_NIA_2_15/20170427-VeryMax/ITS/From_T2__edn.t2__p19810_safety_0.smt2 : 177 ms.
--------------------------------------------------
Number of variables: 21107
Number of clauses: 103130
sat
real sat
../New_SAT_split/QF_NIA_2_15/20170427-VeryMax/ITS/From_T2__edn.t2__p19814_safety_0.smt2 : 631 ms.
--------------------------------------------------
Number of variables: 37081
Number of clauses: 183387
sat
real sat
../New_SAT_split/QF_NIA_2_15/20170427-VeryMax/ITS/From_T2__edn.t2__p19816_safety_0.smt2 : 992 ms.
--------------------------------------------------
Number of variables: 36056
Number of clauses: 177185
sat
real sat
../New_SAT_split/QF_NIA_2_15/20170427-VeryMax/ITS/From_T2__edn.t2__p19825_safety_0.smt2 : 797 ms.
--------------------------------------------------
Number of variables: 36277
Number of clauses: 178727
sat
real sat
../New_SAT_split/QF_NIA_2_15/20170427-VeryMax/ITS/From_T2__edn.t2__p19829_safety_0.smt2 : 376 ms.
--------------------------------------------------
Number of variables: 33164
Number of clauses: 164407
sat
real sat
../New_SAT_split/QF_NIA_2_15/20170427-VeryMax/ITS/From_T2__edn.t2__p19833_safety_0.smt2 : 28755 ms.
--------------------------------------------------
Number of variables: 37213
Number of clauses: 183788
sat
real sat
../New_SAT_split/QF_NIA_2_15/20170427-VeryMax/ITS/From_T2__edn.t2__p19837_safety_0.smt2 : 991 ms.
--------------------------------------------------
Number of variables: 33624
Number of clauses: 166564
sat
real sat
../New_SAT_split/QF_NIA_2_15/20170427-VeryMax/ITS/From_T2__edn.t2__p19839_safety_0.smt2 : 27093 ms.
--------------------------------------------------
Number of variables: 24339
Number of clauses: 119787
sat
real sat
../New_SAT_split/QF_NIA_2_15/20170427-VeryMax/ITS/From_T2__edn.t2__p19855_safety_0.smt2 : 551 ms.
--------------------------------------------------
Number of variables: 23327
Number of clauses: 113966
sat
real sat
../New_SAT_split/QF_NIA_2_15/20170427-VeryMax/ITS/From_T2__edn.t2__p19863_safety_0.smt2 : 576 ms.
--------------------------------------------------
Number of variables: 20635
Number of clauses: 100636
sat
real sat
../New_SAT_split/QF_NIA_2_15/20170427-VeryMax/ITS/From_T2__edn.t2__p19865_safety_0.smt2 : 780 ms.
--------------------------------------------------
Number of variables: 33300
Number of clauses: 165333
sat
real sat
../New_SAT_split/QF_NIA_2_15/20170427-VeryMax/ITS/From_T2__edn.t2__p19883_safety_0.smt2 : 1024 ms.
--------------------------------------------------
Number of variables: 32607
Number of clauses: 161749
sat
real sat
../New_SAT_split/QF_NIA_2_15/20170427-VeryMax/ITS/From_T2__edn.t2__p19889_safety_0.smt2 : 995 ms.
--------------------------------------------------
Number of variables: 24709
Number of clauses: 122019
sat
real sat
../New_SAT_split/QF_NIA_2_15/20170427-VeryMax/ITS/From_T2__edn.t2__p19891_safety_0.smt2 : 806 ms.
--------------------------------------------------
Number of variables: 33271
Number of clauses: 164313
sat
real sat
../New_SAT_split/QF_NIA_2_15/20170427-VeryMax/ITS/From_T2__edn.t2__p19893_safety_0.smt2 : 875 ms.
--------------------------------------------------
Number of variables: 24722
Number of clauses: 122217
sat
real sat
../New_SAT_split/QF_NIA_2_15/20170427-VeryMax/ITS/From_T2__edn.t2__p19905_safety_0.smt2 : 690 ms.
--------------------------------------------------
Number of variables: 21361
Number of clauses: 105033
sat
real sat
../New_SAT_split/QF_NIA_2_15/20170427-VeryMax/ITS/From_T2__edn.t2__p19915_safety_0.smt2 : 704 ms.
--------------------------------------------------
Number of variables: 18170
Number of clauses: 88674
sat
real sat
../New_SAT_split/QF_NIA_2_15/20170427-VeryMax/ITS/From_T2__edn.t2__p19923_safety_0.smt2 : 365 ms.
--------------------------------------------------
Number of variables: 42726
Number of clauses: 214750
sat
real sat
../New_SAT_split/QF_NIA_2_15/20170427-VeryMax/ITS/From_T2__edn.t2__p19931_safety_0.smt2 : 2057 ms.
--------------------------------------------------
Number of variables: 47120
Number of clauses: 238208
sat
real sat
../New_SAT_split/QF_NIA_2_15/20170427-VeryMax/ITS/From_T2__edn.t2__p19945_safety_0.smt2 : 796 ms.
--------------------------------------------------
Number of variables: 20456
Number of clauses: 99516
sat
real sat
../New_SAT_split/QF_NIA_2_15/20170427-VeryMax/ITS/From_T2__edn.t2__p19953_safety_0.smt2 : 339 ms.
--------------------------------------------------
Number of variables: 33619
Number of clauses: 167043
sat
real sat
../New_SAT_split/QF_NIA_2_15/20170427-VeryMax/ITS/From_T2__edn.t2__p19955_safety_0.smt2 : 808 ms.
--------------------------------------------------
Number of variables: 33339
Number of clauses: 165759
sat
real sat
../New_SAT_split/QF_NIA_2_15/20170427-VeryMax/ITS/From_T2__edn.t2__p19963_safety_0.smt2 : 5553 ms.
--------------------------------------------------
Number of variables: 21401
Number of clauses: 105272
sat
real sat
../New_SAT_split/QF_NIA_2_15/20170427-VeryMax/ITS/From_T2__edn.t2__p19967_safety_0.smt2 : 3189 ms.
--------------------------------------------------
Number of variables: 22256
Number of clauses: 110118
sat
real sat
../New_SAT_split/QF_NIA_2_15/20170427-VeryMax/ITS/From_T2__edn.t2__p19969_safety_0.smt2 : 781 ms.
--------------------------------------------------
Number of variables: 33225
Number of clauses: 164758
sat
real sat
../New_SAT_split/QF_NIA_2_15/20170427-VeryMax/ITS/From_T2__edn.t2__p19971_safety_0.smt2 : 1171 ms.
--------------------------------------------------
Number of variables: 34756
Number of clauses: 173477
sat
real sat
../New_SAT_split/QF_NIA_2_15/20170427-VeryMax/ITS/From_T2__edn.t2__p19973_safety_0.smt2 : 706 ms.
--------------------------------------------------
Number of variables: 42804
Number of clauses: 215182
sat
real sat
../New_SAT_split/QF_NIA_2_15/20170427-VeryMax/ITS/From_T2__edn.t2__p19995_safety_0.smt2 : 9102 ms.
--------------------------------------------------
Number of variables: 45590
Number of clauses: 228501
sat
real sat
../New_SAT_split/QF_NIA_2_15/20170427-VeryMax/ITS/From_T2__edn.t2__p20002_safety_0.smt2 : 1245 ms.
--------------------------------------------------
Number of variables: 33931
Number of clauses: 168698
sat
real sat
../New_SAT_split/QF_NIA_2_15/20170427-VeryMax/ITS/From_T2__edn.t2__p20014_safety_0.smt2 : 1663 ms.
--------------------------------------------------
Number of variables: 21872
Number of clauses: 107561
sat
real sat
../New_SAT_split/QF_NIA_2_15/20170427-VeryMax/ITS/From_T2__edn.t2__p20018_safety_0.smt2 : 400 ms.
--------------------------------------------------
Number of variables: 33490
Number of clauses: 166493
sat
real sat
../New_SAT_split/QF_NIA_2_15/20170427-VeryMax/ITS/From_T2__edn.t2__p20020_safety_0.smt2 : 5907 ms.
--------------------------------------------------
Number of variables: 43264
Number of clauses: 217339
sat
real sat
../New_SAT_split/QF_NIA_2_15/20170427-VeryMax/ITS/From_T2__edn.t2__p20042_safety_0.smt2 : 2074 ms.
--------------------------------------------------
Number of variables: 21360
Number of clauses: 104917
sat
real sat
../New_SAT_split/QF_NIA_2_15/20170427-VeryMax/ITS/From_T2__edn.t2__p20046_safety_0.smt2 : 537 ms.
--------------------------------------------------
Number of variables: 34216
Number of clauses: 170593
sat
real sat
../New_SAT_split/QF_NIA_2_15/20170427-VeryMax/ITS/From_T2__edn.t2__p20050_safety_0.smt2 : 5100 ms.
--------------------------------------------------
Number of variables: 32281
Number of clauses: 159391
sat
real sat
../New_SAT_split/QF_NIA_2_15/20170427-VeryMax/ITS/From_T2__edn.t2__p20109_safety_0.smt2 : 1735 ms.
--------------------------------------------------
Number of variables: 43492
Number of clauses: 218816
sat
real sat
../New_SAT_split/QF_NIA_2_15/20170427-VeryMax/ITS/From_T2__edn.t2__p20137_safety_0.smt2 : 1115 ms.
--------------------------------------------------
Number of variables: 32977
Number of clauses: 163350
sat
real sat
../New_SAT_split/QF_NIA_2_15/20170427-VeryMax/ITS/From_T2__edn.t2__p20147_safety_0.smt2 : 3138 ms.
--------------------------------------------------
Number of variables: 33088
Number of clauses: 163855
sat
real sat
../New_SAT_split/QF_NIA_2_15/20170427-VeryMax/ITS/From_T2__edn.t2__p20157_safety_0.smt2 : 2361 ms.
--------------------------------------------------
Number of variables: 33328
Number of clauses: 165271
sat
real sat
../New_SAT_split/QF_NIA_2_15/20170427-VeryMax/ITS/From_T2__edn.t2__p20167_safety_0.smt2 : 1171 ms.
--------------------------------------------------
Number of variables: 21661
Number of clauses: 106636
sat
real sat
../New_SAT_split/QF_NIA_2_15/20170427-VeryMax/ITS/From_T2__edn.t2__p20169_safety_0.smt2 : 599 ms.
--------------------------------------------------
Number of variables: 48059
Number of clauses: 242968
sat
real sat
../New_SAT_split/QF_NIA_2_15/20170427-VeryMax/ITS/From_T2__edn.t2__p20184_safety_0.smt2 : 5810 ms.
--------------------------------------------------
Number of variables: 21190
Number of clauses: 103401
sat
real sat
../New_SAT_split/QF_NIA_2_15/20170427-VeryMax/ITS/From_T2__edn.t2__p20204_safety_0.smt2 : 586 ms.
--------------------------------------------------
Number of variables: 23932
Number of clauses: 116820
sat
real sat
../New_SAT_split/QF_NIA_2_15/20170427-VeryMax/ITS/From_T2__edn.t2__p20206_safety_0.smt2 : 429 ms.
--------------------------------------------------
Number of variables: 21257
Number of clauses: 104307
sat
real sat
../New_SAT_split/QF_NIA_2_15/20170427-VeryMax/ITS/From_T2__edn.t2__p20208_safety_0.smt2 : 486 ms.
--------------------------------------------------
Number of variables: 32888
Number of clauses: 162578
sat
real sat
../New_SAT_split/QF_NIA_2_15/20170427-VeryMax/ITS/From_T2__edn.t2__p20212_safety_0.smt2 : 293 ms.
--------------------------------------------------
Number of variables: 21552
Number of clauses: 105726
sat
real sat
../New_SAT_split/QF_NIA_2_15/20170427-VeryMax/ITS/From_T2__edn.t2__p20214_safety_0.smt2 : 508 ms.
--------------------------------------------------
Number of variables: 33676
Number of clauses: 167396
sat
real sat
../New_SAT_split/QF_NIA_2_15/20170427-VeryMax/ITS/From_T2__edn.t2__p20218_safety_0.smt2 : 824 ms.
--------------------------------------------------
Number of variables: 21873
Number of clauses: 107805
sat
real sat
../New_SAT_split/QF_NIA_2_15/20170427-VeryMax/ITS/From_T2__edn.t2__p20222_safety_0.smt2 : 477 ms.
--------------------------------------------------
Number of variables: 22003
Number of clauses: 108271
sat
real sat
../New_SAT_split/QF_NIA_2_15/20170427-VeryMax/ITS/From_T2__edn.t2__p20224_safety_0.smt2 : 3422 ms.
--------------------------------------------------
Number of variables: 43613
Number of clauses: 219662
sat
real sat
../New_SAT_split/QF_NIA_2_15/20170427-VeryMax/ITS/From_T2__edn.t2__p20230_safety_0.smt2 : 1337 ms.
--------------------------------------------------
Number of variables: 33598
Number of clauses: 166716
sat
real sat
../New_SAT_split/QF_NIA_2_15/20170427-VeryMax/ITS/From_T2__edn.t2__p20238_safety_0.smt2 : 395 ms.
--------------------------------------------------
Number of variables: 46653
Number of clauses: 234141
sat
real sat
../New_SAT_split/QF_NIA_2_15/20170427-VeryMax/ITS/From_T2__edn.t2__p20248_safety_0.smt2 : 7483 ms.
--------------------------------------------------
Number of variables: 21558
Number of clauses: 105906
sat
real sat
../New_SAT_split/QF_NIA_2_15/20170427-VeryMax/ITS/From_T2__edn.t2__p20260_safety_0.smt2 : 614 ms.
--------------------------------------------------
Number of variables: 24264
Number of clauses: 118528
sat
real sat
../New_SAT_split/QF_NIA_2_15/20170427-VeryMax/ITS/From_T2__edn.t2__p20262_safety_0.smt2 : 487 ms.
--------------------------------------------------
Number of variables: 33133
Number of clauses: 164153
sat
real sat
../New_SAT_split/QF_NIA_2_15/20170427-VeryMax/ITS/From_T2__edn.t2__p20264_safety_0.smt2 : 1329 ms.
--------------------------------------------------
Number of variables: 34076
Number of clauses: 169134
sat
real sat
../New_SAT_split/QF_NIA_2_15/20170427-VeryMax/ITS/From_T2__edn.t2__p20268_safety_0.smt2 : 31915 ms.
--------------------------------------------------
Number of variables: 47689
Number of clauses: 240721
sat
real sat
../New_SAT_split/QF_NIA_2_15/20170427-VeryMax/ITS/From_T2__edn.t2__p20274_safety_0.smt2 : 1607 ms.
--------------------------------------------------
Number of variables: 24902
Number of clauses: 122490
sat
real sat
../New_SAT_split/QF_NIA_2_15/20170427-VeryMax/ITS/From_T2__edn.t2__p20284_safety_0.smt2 : 711 ms.
--------------------------------------------------
Number of variables: 34296
Number of clauses: 170514
sat
real sat
../New_SAT_split/QF_NIA_2_15/20170427-VeryMax/ITS/From_T2__edn.t2__p20290_safety_0.smt2 : 1174 ms.
--------------------------------------------------
Number of variables: 43670
Number of clauses: 219932
sat
real sat
../New_SAT_split/QF_NIA_2_15/20170427-VeryMax/ITS/From_T2__edn.t2__p20296_safety_0.smt2 : 6256 ms.
--------------------------------------------------
Number of variables: 20891
Number of clauses: 102003
sat
real sat
../New_SAT_split/QF_NIA_2_15/20170427-VeryMax/ITS/From_T2__edn.t2__p20300_safety_0.smt2 : 211 ms.
--------------------------------------------------
Number of variables: 34161
Number of clauses: 169799
sat
real sat
../New_SAT_split/QF_NIA_2_15/20170427-VeryMax/ITS/From_T2__edn.t2__p20304_safety_0.smt2 : 1551 ms.
--------------------------------------------------
Number of variables: 48279
Number of clauses: 243559
sat
real sat
../New_SAT_split/QF_NIA_2_15/20170427-VeryMax/ITS/From_T2__edn.t2__p20314_safety_0.smt2 : 11111 ms.
--------------------------------------------------
Number of variables: 24622
Number of clauses: 120937
sat
real sat
../New_SAT_split/QF_NIA_2_15/20170427-VeryMax/ITS/From_T2__edn.t2__p20322_safety_0.smt2 : 714 ms.
--------------------------------------------------
Number of variables: 25580
Number of clauses: 126435
sat
real sat
../New_SAT_split/QF_NIA_2_15/20170427-VeryMax/ITS/From_T2__edn.t2__p20326_safety_0.smt2 : 599 ms.
--------------------------------------------------
Number of variables: 9230
Number of clauses: 44486
sat
real sat
../New_SAT_split/QF_NIA_2_15/20170427-VeryMax/ITS/From_T2__edn.t2__p20327_safety_0.smt2 : 182 ms.
--------------------------------------------------
Number of variables: 34535
Number of clauses: 172041
sat
real sat
../New_SAT_split/QF_NIA_2_15/20170427-VeryMax/ITS/From_T2__edn.t2__p20330_safety_0.smt2 : 2778 ms.
--------------------------------------------------
Number of variables: 15369
Number of clauses: 75882
sat
real sat
../New_SAT_split/QF_NIA_2_15/20170427-VeryMax/ITS/From_T2__edn.t2__p20336_safety_0.smt2 : 107 ms.
--------------------------------------------------
Number of variables: 26685
Number of clauses: 131178
sat
real sat
../New_SAT_split/QF_NIA_2_15/20170427-VeryMax/ITS/From_T2__edn.t2__p20350_safety_0.smt2 : 1345 ms.
--------------------------------------------------
Number of variables: 32307
Number of clauses: 160123
sat
real sat
../New_SAT_split/QF_NIA_2_15/20170427-VeryMax/ITS/From_T2__edn.t2__p20377_safety_0.smt2 : 845 ms.
--------------------------------------------------
Number of variables: 21379
Number of clauses: 104880
sat
real sat
../New_SAT_split/QF_NIA_2_15/20170427-VeryMax/ITS/From_T2__edn.t2__p20383_safety_0.smt2 : 624 ms.
--------------------------------------------------
Number of variables: 36882
Number of clauses: 182814
sat
real sat
../New_SAT_split/QF_NIA_2_15/20170427-VeryMax/ITS/From_T2__edn.t2__p20397_safety_0.smt2 : 859 ms.
--------------------------------------------------
Number of variables: 32870
Number of clauses: 162990
sat
real sat
../New_SAT_split/QF_NIA_2_15/20170427-VeryMax/ITS/From_T2__edn.t2__p20401_safety_0.smt2 : 690 ms.
--------------------------------------------------
Number of variables: 23111
Number of clauses: 112717
sat
real sat
../New_SAT_split/QF_NIA_2_15/20170427-VeryMax/ITS/From_T2__edn.t2__p20403_safety_0.smt2 : 527 ms.
--------------------------------------------------
Number of variables: 32501
Number of clauses: 161106
sat
real sat
../New_SAT_split/QF_NIA_2_15/20170427-VeryMax/ITS/From_T2__edn.t2__p20431_safety_0.smt2 : 943 ms.
--------------------------------------------------
Number of variables: 20957
Number of clauses: 102831
sat
real sat
../New_SAT_split/QF_NIA_2_15/20170427-VeryMax/ITS/From_T2__edn.t2__p20433_safety_0.smt2 : 846 ms.
--------------------------------------------------
Number of variables: 47191
Number of clauses: 238350
sat
real sat
../New_SAT_split/QF_NIA_2_15/20170427-VeryMax/ITS/From_T2__edn.t2__p20441_safety_0.smt2 : 2528 ms.
--------------------------------------------------
Number of variables: 37048
Number of clauses: 183492
sat
real sat
../New_SAT_split/QF_NIA_2_15/20170427-VeryMax/ITS/From_T2__edn.t2__p20447_safety_0.smt2 : 991 ms.
--------------------------------------------------
Number of variables: 22920
Number of clauses: 111299
sat
real sat
../New_SAT_split/QF_NIA_2_15/20170427-VeryMax/ITS/From_T2__edn.t2__p20451_safety_0.smt2 : 542 ms.
--------------------------------------------------
Number of variables: 24550
Number of clauses: 120769
sat
real sat
../New_SAT_split/QF_NIA_2_15/20170427-VeryMax/ITS/From_T2__edn.t2__p20474_safety_0.smt2 : 591 ms.
--------------------------------------------------
Number of variables: 23365
Number of clauses: 114304
sat
real sat
../New_SAT_split/QF_NIA_2_15/20170427-VeryMax/ITS/From_T2__edn.t2__p20484_safety_0.smt2 : 613 ms.
--------------------------------------------------
Number of variables: 23785
Number of clauses: 116560
sat
real sat
../New_SAT_split/QF_NIA_2_15/20170427-VeryMax/ITS/From_T2__edn.t2__p20488_safety_0.smt2 : 770 ms.
--------------------------------------------------
Number of variables: 37117
Number of clauses: 184133
sat
real sat
../New_SAT_split/QF_NIA_2_15/20170427-VeryMax/ITS/From_T2__edn.t2__p20490_safety_0.smt2 : 969 ms.
--------------------------------------------------
Number of variables: 33638
Number of clauses: 167011
sat
real sat
../New_SAT_split/QF_NIA_2_15/20170427-VeryMax/ITS/From_T2__edn.t2__p20492_safety_0.smt2 : 876 ms.
--------------------------------------------------
Number of variables: 32448
Number of clauses: 160792
sat
real sat
../New_SAT_split/QF_NIA_2_15/20170427-VeryMax/ITS/From_T2__edn.t2__p20494_safety_0.smt2 : 654 ms.
--------------------------------------------------
Number of variables: 21808
Number of clauses: 107627
sat
real sat
../New_SAT_split/QF_NIA_2_15/20170427-VeryMax/ITS/From_T2__edn.t2__p20506_safety_0.smt2 : 1593 ms.
--------------------------------------------------
Number of variables: 42011
Number of clauses: 208381
sat
real sat
../New_SAT_split/QF_NIA_2_15/20170427-VeryMax/ITS/From_T2__edn.t2__p20510_safety_0.smt2 : 1208 ms.
--------------------------------------------------
Number of variables: 26022
Number of clauses: 126903
sat
real sat
../New_SAT_split/QF_NIA_2_15/20170427-VeryMax/ITS/From_T2__edn.t2__p20518_safety_0.smt2 : 606 ms.
--------------------------------------------------
Number of variables: 26317
Number of clauses: 128322
sat
real sat
../New_SAT_split/QF_NIA_2_15/20170427-VeryMax/ITS/From_T2__edn.t2__p20524_safety_0.smt2 : 647 ms.
--------------------------------------------------
Number of variables: 41810
Number of clauses: 211070
sat
real sat
../New_SAT_split/QF_NIA_2_15/20170427-VeryMax/ITS/From_T2__edn.t2__p20526_safety_0.smt2 : 1355 ms.
--------------------------------------------------
Number of variables: 20935
Number of clauses: 102700
sat
real sat
../New_SAT_split/QF_NIA_2_15/20170427-VeryMax/ITS/From_T2__edn.t2__p20530_safety_0.smt2 : 198 ms.
--------------------------------------------------
Number of variables: 22055
Number of clauses: 109011
sat
real sat
../New_SAT_split/QF_NIA_2_15/20170427-VeryMax/ITS/From_T2__edn.t2__p20534_safety_0.smt2 : 615 ms.
--------------------------------------------------
Number of variables: 37135
Number of clauses: 183874
sat
real sat
../New_SAT_split/QF_NIA_2_15/20170427-VeryMax/ITS/From_T2__edn.t2__p20550_safety_0.smt2 : 1052 ms.
--------------------------------------------------
Number of variables: 27450
Number of clauses: 135112
sat
real sat
../New_SAT_split/QF_NIA_2_15/20170427-VeryMax/ITS/From_T2__edn.t2__p20565_safety_0.smt2 : 455 ms.
--------------------------------------------------
Number of variables: 20581
Number of clauses: 100450
sat
real sat
../New_SAT_split/QF_NIA_2_15/20170427-VeryMax/ITS/From_T2__edn.t2__p20575_safety_0.smt2 : 631 ms.
--------------------------------------------------
Number of variables: 21208
Number of clauses: 103849
sat
real sat
../New_SAT_split/QF_NIA_2_15/20170427-VeryMax/ITS/From_T2__edn.t2__p20581_safety_0.smt2 : 837 ms.
--------------------------------------------------
Number of variables: 36403
Number of clauses: 179815
sat
real sat
../New_SAT_split/QF_NIA_2_15/20170427-VeryMax/ITS/From_T2__edn.t2__p20585_safety_0.smt2 : 1291 ms.
--------------------------------------------------
Number of variables: 25925
Number of clauses: 126636
sat
real sat
../New_SAT_split/QF_NIA_2_15/20170427-VeryMax/ITS/From_T2__edn.t2__p20612_safety_0.smt2 : 379 ms.
--------------------------------------------------
Number of variables: 26030
Number of clauses: 126985
sat
real sat
../New_SAT_split/QF_NIA_2_15/20170427-VeryMax/ITS/From_T2__edn.t2__p20616_safety_0.smt2 : 620 ms.
--------------------------------------------------
Number of variables: 36449
Number of clauses: 180020
sat
real sat
../New_SAT_split/QF_NIA_2_15/20170427-VeryMax/ITS/From_T2__edn.t2__p20618_safety_0.smt2 : 980 ms.
--------------------------------------------------
Number of variables: 38321
Number of clauses: 190061
sat
real sat
../New_SAT_split/QF_NIA_2_15/20170427-VeryMax/ITS/From_T2__edn.t2__p20622_safety_0.smt2 : 1259 ms.
--------------------------------------------------
Number of variables: 24037
Number of clauses: 118180
sat
real sat
../New_SAT_split/QF_NIA_2_15/20170427-VeryMax/ITS/From_T2__edn.t2__p20624_safety_0.smt2 : 361 ms.
--------------------------------------------------
Number of variables: 24014
Number of clauses: 117585
sat
real sat
../New_SAT_split/QF_NIA_2_15/20170427-VeryMax/ITS/From_T2__edn.t2__p20626_safety_0.smt2 : 823 ms.
--------------------------------------------------
Number of variables: 24540
Number of clauses: 120323
sat
real sat
../New_SAT_split/QF_NIA_2_15/20170427-VeryMax/ITS/From_T2__edn.t2__p20628_safety_0.smt2 : 320 ms.
--------------------------------------------------
Number of variables: 36589
Number of clauses: 180761
sat
real sat
../New_SAT_split/QF_NIA_2_15/20170427-VeryMax/ITS/From_T2__edn.t2__p20632_safety_0.smt2 : 957 ms.
--------------------------------------------------
Number of variables: 21234
Number of clauses: 103650
sat
real sat
../New_SAT_split/QF_NIA_2_15/20170427-VeryMax/ITS/From_T2__edn.t2__p20640_safety_0.smt2 : 252 ms.
--------------------------------------------------
Number of variables: 25328
Number of clauses: 124979
sat
real sat
../New_SAT_split/QF_NIA_2_15/20170427-VeryMax/ITS/From_T2__edn.t2__p20642_safety_0.smt2 : 343 ms.
--------------------------------------------------
Number of variables: 37263
Number of clauses: 184568
sat
real sat
../New_SAT_split/QF_NIA_2_15/20170427-VeryMax/ITS/From_T2__edn.t2__p20644_safety_0.smt2 : 5709 ms.
--------------------------------------------------
Number of variables: 24539
Number of clauses: 120493
sat
real sat
../New_SAT_split/QF_NIA_2_15/20170427-VeryMax/ITS/From_T2__edn.t2__p20648_safety_0.smt2 : 511 ms.
--------------------------------------------------
Number of variables: 48153
Number of clauses: 243048
sat
real sat
../New_SAT_split/QF_NIA_2_15/20170427-VeryMax/ITS/From_T2__edn.t2__p20654_safety_0.smt2 : 5390 ms.
--------------------------------------------------
Number of variables: 25846
Number of clauses: 126170
sat
real sat
../New_SAT_split/QF_NIA_2_15/20170427-VeryMax/ITS/From_T2__edn.t2__p20658_safety_0.smt2 : 553 ms.
--------------------------------------------------
Number of variables: 47861
Number of clauses: 241645
sat
real sat
../New_SAT_split/QF_NIA_2_15/20170427-VeryMax/ITS/From_T2__edn.t2__p20662_safety_0.smt2 : 5857 ms.
--------------------------------------------------
Number of variables: 21081
Number of clauses: 103229
sat
real sat
../New_SAT_split/QF_NIA_2_15/20170427-VeryMax/ITS/From_T2__edn.t2__p20670_safety_0.smt2 : 492 ms.
--------------------------------------------------
Number of variables: 26692
Number of clauses: 130697
sat
real sat
../New_SAT_split/QF_NIA_2_15/20170427-VeryMax/ITS/From_T2__edn.t2__p20672_safety_0.smt2 : 596 ms.
--------------------------------------------------
Number of variables: 21376
Number of clauses: 104648
sat
real sat
../New_SAT_split/QF_NIA_2_15/20170427-VeryMax/ITS/From_T2__edn.t2__p20674_safety_0.smt2 : 618 ms.
--------------------------------------------------
Number of variables: 37485
Number of clauses: 185487
sat
real sat
../New_SAT_split/QF_NIA_2_15/20170427-VeryMax/ITS/From_T2__edn.t2__p20676_safety_0.smt2 : 476 ms.
--------------------------------------------------
Number of variables: 24362
Number of clauses: 119445
sat
real sat
../New_SAT_split/QF_NIA_2_15/20170427-VeryMax/ITS/From_T2__edn.t2__p20680_safety_0.smt2 : 4896 ms.
--------------------------------------------------
Number of variables: 25066
Number of clauses: 123581
sat
real sat
../New_SAT_split/QF_NIA_2_15/20170427-VeryMax/ITS/From_T2__edn.t2__p20682_safety_0.smt2 : 439 ms.
--------------------------------------------------
Number of variables: 38367
Number of clauses: 190592
sat
real sat
../New_SAT_split/QF_NIA_2_15/20170427-VeryMax/ITS/From_T2__edn.t2__p20684_safety_0.smt2 : 722 ms.
--------------------------------------------------
Number of variables: 25684
Number of clauses: 127377
sat
real sat
../New_SAT_split/QF_NIA_2_15/20170427-VeryMax/ITS/From_T2__edn.t2__p20688_safety_0.smt2 : 567 ms.
--------------------------------------------------
Number of variables: 25658
Number of clauses: 124833
sat
real sat
../New_SAT_split/QF_NIA_2_15/20170427-VeryMax/ITS/From_T2__edn.t2__p20690_safety_0.smt2 : 653 ms.
--------------------------------------------------
Number of variables: 25800
Number of clauses: 128173
sat
real sat
../New_SAT_split/QF_NIA_2_15/20170427-VeryMax/ITS/From_T2__edn.t2__p20692_safety_0.smt2 : 4039 ms.
--------------------------------------------------
Number of variables: 26207
Number of clauses: 127986
sat
real sat
../New_SAT_split/QF_NIA_2_15/20170427-VeryMax/ITS/From_T2__edn.t2__p20694_safety_0.smt2 : 3418 ms.
--------------------------------------------------
Number of variables: 26147
Number of clauses: 130013
sat
real sat
../New_SAT_split/QF_NIA_2_15/20170427-VeryMax/ITS/From_T2__edn.t2__p20696_safety_0.smt2 : 554 ms.
--------------------------------------------------
Number of variables: 39579
Number of clauses: 197763
sat
real sat
../New_SAT_split/QF_NIA_2_15/20170427-VeryMax/ITS/From_T2__edn.t2__p20700_safety_0.smt2 : 878 ms.
--------------------------------------------------
Number of variables: 26104
Number of clauses: 129626
sat
real sat
../New_SAT_split/QF_NIA_2_15/20170427-VeryMax/ITS/From_T2__edn.t2__p20708_safety_0.smt2 : 3857 ms.
--------------------------------------------------
Number of variables: 26853
Number of clauses: 133981
sat
real sat
../New_SAT_split/QF_NIA_2_15/20170427-VeryMax/ITS/From_T2__edn.t2__p20710_safety_0.smt2 : 1168 ms.
--------------------------------------------------
Number of variables: 27251
Number of clauses: 134141
sat
real sat
../New_SAT_split/QF_NIA_2_15/20170427-VeryMax/ITS/From_T2__edn.t2__p20714_safety_0.smt2 : 496 ms.
--------------------------------------------------
Number of variables: 27468
Number of clauses: 135302
sat
real sat
../New_SAT_split/QF_NIA_2_15/20170427-VeryMax/ITS/From_T2__edn.t2__p20716_safety_0.smt2 : 3397 ms.
--------------------------------------------------
Number of variables: 41212
Number of clauses: 203828
sat
real sat
../New_SAT_split/QF_NIA_2_15/20170427-VeryMax/ITS/From_T2__edn.t2__p20724_safety_0.smt2 : 1256 ms.
--------------------------------------------------
Number of variables: 24095
Number of clauses: 118231
sat
real sat
../New_SAT_split/QF_NIA_2_15/20170427-VeryMax/ITS/From_T2__edn.t2__p20736_safety_0.smt2 : 783 ms.
--------------------------------------------------
Number of variables: 36494
Number of clauses: 180197
sat
real sat
../New_SAT_split/QF_NIA_2_15/20170427-VeryMax/ITS/From_T2__edn.t2__p20738_safety_0.smt2 : 897 ms.
--------------------------------------------------
Number of variables: 36558
Number of clauses: 180539
sat
real sat
../New_SAT_split/QF_NIA_2_15/20170427-VeryMax/ITS/From_T2__edn.t2__p20744_safety_0.smt2 : 801 ms.
--------------------------------------------------
Number of variables: 36723
Number of clauses: 181363
sat
real sat
../New_SAT_split/QF_NIA_2_15/20170427-VeryMax/ITS/From_T2__edn.t2__p20754_safety_0.smt2 : 2207 ms.
--------------------------------------------------
Number of variables: 24612
Number of clauses: 121163
sat
real sat
../New_SAT_split/QF_NIA_2_15/20170427-VeryMax/ITS/From_T2__edn.t2__p20758_safety_0.smt2 : 409 ms.
--------------------------------------------------
Number of variables: 25302
Number of clauses: 125187
sat
real sat
../New_SAT_split/QF_NIA_2_15/20170427-VeryMax/ITS/From_T2__edn.t2__p20760_safety_0.smt2 : 531 ms.
--------------------------------------------------
Number of variables: 37377
Number of clauses: 185010
sat
real sat
../New_SAT_split/QF_NIA_2_15/20170427-VeryMax/ITS/From_T2__edn.t2__p20762_safety_0.smt2 : 1494 ms.
--------------------------------------------------
Number of variables: 28179
Number of clauses: 139052
sat
real sat
../New_SAT_split/QF_NIA_2_15/20170427-VeryMax/ITS/From_T2__edn.t2__p20775_safety_0.smt2 : 357 ms.
--------------------------------------------------
Number of variables: 26696
Number of clauses: 131194
sat
real sat
../New_SAT_split/QF_NIA_2_15/20170427-VeryMax/ITS/From_T2__edn.t2__p20785_safety_0.smt2 : 33182 ms.
--------------------------------------------------
Number of variables: 23231
Number of clauses: 113442
sat
real sat
../New_SAT_split/QF_NIA_2_15/20170427-VeryMax/ITS/From_T2__edn.t2__p20787_safety_0.smt2 : 656 ms.
--------------------------------------------------
Number of variables: 27144
Number of clauses: 133674
sat
real sat
../New_SAT_split/QF_NIA_2_15/20170427-VeryMax/ITS/From_T2__edn.t2__p20789_safety_0.smt2 : 33655 ms.
--------------------------------------------------
Number of variables: 26625
Number of clauses: 130498
sat
real sat
../New_SAT_split/QF_NIA_2_15/20170427-VeryMax/ITS/From_T2__edn.t2__p20791_safety_0.smt2 : 846 ms.
--------------------------------------------------
Number of variables: 39297
Number of clauses: 195620
sat
real sat
../New_SAT_split/QF_NIA_2_15/20170427-VeryMax/ITS/From_T2__edn.t2__p20795_safety_0.smt2 : 1118 ms.
--------------------------------------------------
Number of variables: 27523
Number of clauses: 135838
sat
real sat
../New_SAT_split/QF_NIA_2_15/20170427-VeryMax/ITS/From_T2__edn.t2__p20799_safety_0.smt2 : 1092 ms.
--------------------------------------------------
Number of variables: 27971
Number of clauses: 138318
sat
real sat
../New_SAT_split/QF_NIA_2_15/20170427-VeryMax/ITS/From_T2__edn.t2__p20801_safety_0.smt2 : 944 ms.
--------------------------------------------------
Number of variables: 20753
Number of clauses: 101646
sat
real sat
../New_SAT_split/QF_NIA_2_15/20170427-VeryMax/ITS/From_T2__edn.t2__p20811_safety_0.smt2 : 337 ms.
--------------------------------------------------
Number of variables: 27625
Number of clauses: 136501
sat
real sat
../New_SAT_split/QF_NIA_2_15/20170427-VeryMax/ITS/From_T2__edn.t2__p20822_safety_0.smt2 : 892 ms.
--------------------------------------------------
Number of variables: 28188
Number of clauses: 139368
sat
real sat
../New_SAT_split/QF_NIA_2_15/20170427-VeryMax/ITS/From_T2__edn.t2__p20824_safety_0.smt2 : 798 ms.
--------------------------------------------------
Number of variables: 21143
Number of clauses: 103631
sat
real sat
../New_SAT_split/QF_NIA_2_15/20170427-VeryMax/ITS/From_T2__edn.t2__p20830_safety_0.smt2 : 248 ms.
--------------------------------------------------
Number of variables: 20411
Number of clauses: 99503
sat
real sat
../New_SAT_split/QF_NIA_2_15/20170427-VeryMax/ITS/From_T2__edn.t2__p20836_safety_0.smt2 : 407 ms.
--------------------------------------------------
Number of variables: 34616
Number of clauses: 174014
sat
real sat
../New_SAT_split/QF_NIA_2_15/20170427-VeryMax/ITS/From_T2__edn.t2__p20844_safety_0.smt2 : 578 ms.
--------------------------------------------------
Number of variables: 20968
Number of clauses: 102675
sat
real sat
../New_SAT_split/QF_NIA_2_15/20170427-VeryMax/ITS/From_T2__edn.t2__p20869_safety_0.smt2 : 275 ms.
--------------------------------------------------
Number of variables: 28005
Number of clauses: 138440
sat
real sat
../New_SAT_split/QF_NIA_2_15/20170427-VeryMax/ITS/From_T2__edn.t2__p20888_safety_0.smt2 : 1099 ms.
--------------------------------------------------
Number of variables: 14017
Number of clauses: 69073
sat
real sat
../New_SAT_split/QF_NIA_2_15/20170427-VeryMax/ITS/From_T2__edn.t2__p20899_safety_0.smt2 : 361 ms.
--------------------------------------------------
Number of variables: 35259
Number of clauses: 177303
sat
real sat
../New_SAT_split/QF_NIA_2_15/20170427-VeryMax/ITS/From_T2__edn.t2__p20900_safety_0.smt2 : 4726 ms.
--------------------------------------------------
Number of variables: 20744
Number of clauses: 101057
sat
real sat
../New_SAT_split/QF_NIA_2_15/20170427-VeryMax/ITS/From_T2__edn.t2__p20910_safety_0.smt2 : 473 ms.
--------------------------------------------------
Number of variables: 32853
Number of clauses: 162674
sat
real sat
../New_SAT_split/QF_NIA_2_15/20170427-VeryMax/ITS/From_T2__edn.t2__p20920_safety_0.smt2 : 2204 ms.
--------------------------------------------------
Number of variables: 28361
Number of clauses: 140561
sat
real sat
../New_SAT_split/QF_NIA_2_15/20170427-VeryMax/ITS/From_T2__edn.t2__p20924_safety_0.smt2 : 759 ms.
--------------------------------------------------
Number of variables: 33258
Number of clauses: 164781
sat
real sat
../New_SAT_split/QF_NIA_2_15/20170427-VeryMax/ITS/From_T2__edn.t2__p20938_safety_0.smt2 : 1110 ms.
--------------------------------------------------
Number of variables: 27911
Number of clauses: 138077
sat
real sat
../New_SAT_split/QF_NIA_2_15/20170427-VeryMax/ITS/From_T2__edn.t2__p21006_safety_0.smt2 : 707 ms.
--------------------------------------------------
Number of variables: 40668
Number of clauses: 204796
sat
real sat
../New_SAT_split/QF_NIA_2_15/20170427-VeryMax/ITS/From_T2__edn.t2__p21048_safety_0.smt2 : 719 ms.
--------------------------------------------------
Number of variables: 21014
Number of clauses: 102853
sat
real sat
../New_SAT_split/QF_NIA_2_15/20170427-VeryMax/ITS/From_T2__edn.t2__p21066_safety_0.smt2 : 1268 ms.
--------------------------------------------------
Number of variables: 21387
Number of clauses: 105006
sat
real sat
../New_SAT_split/QF_NIA_2_15/20170427-VeryMax/ITS/From_T2__edn.t2__p21080_safety_0.smt2 : 739 ms.
--------------------------------------------------
Number of variables: 32710
Number of clauses: 162004
sat
real sat
../New_SAT_split/QF_NIA_2_15/20170427-VeryMax/ITS/From_T2__edn.t2__p21084_safety_0.smt2 : 2238 ms.
--------------------------------------------------
Number of variables: 28474
Number of clauses: 140944
sat
real sat
../New_SAT_split/QF_NIA_2_15/20170427-VeryMax/ITS/From_T2__edn.t2__p21088_safety_0.smt2 : 859 ms.
--------------------------------------------------
Number of variables: 28008
Number of clauses: 138501
sat
real sat
../New_SAT_split/QF_NIA_2_15/20170427-VeryMax/ITS/From_T2__edn.t2__p21094_safety_0.smt2 : 808 ms.
--------------------------------------------------
Number of variables: 21682
Number of clauses: 106579
sat
real sat
../New_SAT_split/QF_NIA_2_15/20170427-VeryMax/ITS/From_T2__edn.t2__p21110_safety_0.smt2 : 459 ms.
--------------------------------------------------
Number of variables: 21905
Number of clauses: 108215
sat
real sat
../New_SAT_split/QF_NIA_2_15/20170427-VeryMax/ITS/From_T2__edn.t2__p21114_safety_0.smt2 : 902 ms.
--------------------------------------------------
Number of variables: 16406
Number of clauses: 81143
sat
real sat
../New_SAT_split/QF_NIA_2_15/20170427-VeryMax/ITS/From_T2__edn.t2__p21302_safety_0.smt2 : 284 ms.
--------------------------------------------------
Number of variables: 32939
Number of clauses: 163070
sat
real sat
../New_SAT_split/QF_NIA_2_15/20170427-VeryMax/ITS/From_T2__edn.t2__p21331_safety_0.smt2 : 1016 ms.
--------------------------------------------------
Number of variables: 28447
Number of clauses: 140957
sat
real sat
../New_SAT_split/QF_NIA_2_15/20170427-VeryMax/ITS/From_T2__edn.t2__p21361_safety_0.smt2 : 886 ms.
--------------------------------------------------
Number of variables: 21142
Number of clauses: 103465
sat
real sat
../New_SAT_split/QF_NIA_2_15/20170427-VeryMax/ITS/From_T2__edn.t2__p21367_safety_0.smt2 : 659 ms.
--------------------------------------------------
Number of variables: 21423
Number of clauses: 104772
sat
real sat
../New_SAT_split/QF_NIA_2_15/20170427-VeryMax/ITS/From_T2__edn.t2__p21369_safety_0.smt2 : 693 ms.
--------------------------------------------------
Number of variables: 33125
Number of clauses: 163767
sat
real sat
../New_SAT_split/QF_NIA_2_15/20170427-VeryMax/ITS/From_T2__edn.t2__p21371_safety_0.smt2 : 1116 ms.
--------------------------------------------------
Number of variables: 22347
Number of clauses: 109659
sat
real sat
../New_SAT_split/QF_NIA_2_15/20170427-VeryMax/ITS/From_T2__edn.t2__p21382_safety_0.smt2 : 671 ms.
--------------------------------------------------
Number of variables: 46474
Number of clauses: 234051
sat
real sat
../New_SAT_split/QF_NIA_2_15/20170427-VeryMax/ITS/From_T2__edn.t2__p21903_safety_0.smt2 : 2167 ms.
