--------------------------------------------------
Number of variables: 180737
Number of clauses: 943164
unsat in 4 bits.
Number of variables: 425723
Number of clauses: 2337300
unsat in 10 bits.
Number of variables: 920371
Number of clauses: 5260148
unsat in 18 bits.
Number of variables: 2486161
Number of clauses: 14757386
../New_SAT_split/QF_NIA_2_6/20170427-VeryMax/ITS/From_AProVE_2014__juHashMapCreateContainsValue.jar-obl-11__p32114_safety_0.smt2 : 2401214 ms.
--------------------------------------------------
Number of variables: 336275
Number of clauses: 1752076
unsat in 4 bits.
Number of variables: 814277
Number of clauses: 4478920
unsat in 10 bits.
Number of variables: 1794333
Number of clauses: 10285272
unsat in 18 bits.
Number of variables: 4930381
Number of clauses: 29346549
../New_SAT_split/QF_NIA_2_6/20170427-VeryMax/ITS/From_AProVE_2014__juHashMapCreateContainsValue.jar-obl-11__p32115_safety_0.smt2 : 2401340 ms.
--------------------------------------------------
Number of variables: 174330
Number of clauses: 888401
sat
real sat
../New_SAT_split/QF_NIA_2_6/20170427-VeryMax/ITS/From_AProVE_2014__juHashMapCreateContainsValue.jar-obl-11__p32120_safety_0.smt2 : 24635 ms.
--------------------------------------------------
Number of variables: 92842
Number of clauses: 467664
sat
real sat
../New_SAT_split/QF_NIA_2_6/20170427-VeryMax/ITS/From_AProVE_2014__juHashMapCreateContainsValue.jar-obl-11__p32124_safety_0.smt2 : 2121 ms.
--------------------------------------------------
Number of variables: 168328
Number of clauses: 854322
sat
real sat
../New_SAT_split/QF_NIA_2_6/20170427-VeryMax/ITS/From_AProVE_2014__juHashMapCreateContainsValue.jar-obl-11__p32125_safety_0.smt2 : 15814 ms.
--------------------------------------------------
Number of variables: 93224
Number of clauses: 470562
sat
real sat
../New_SAT_split/QF_NIA_2_6/20170427-VeryMax/ITS/From_AProVE_2014__juHashMapCreateContainsValue.jar-obl-11__p32129_safety_0.smt2 : 23333 ms.
--------------------------------------------------
Number of variables: 168902
Number of clauses: 858640
sat
real sat
../New_SAT_split/QF_NIA_2_6/20170427-VeryMax/ITS/From_AProVE_2014__juHashMapCreateContainsValue.jar-obl-11__p32130_safety_0.smt2 : 18556 ms.
--------------------------------------------------
Number of variables: 93764
Number of clauses: 474975
sat
real sat
../New_SAT_split/QF_NIA_2_6/20170427-VeryMax/ITS/From_AProVE_2014__juHashMapCreateContainsValue.jar-obl-11__p32139_safety_0.smt2 : 15770 ms.
--------------------------------------------------
Number of variables: 170820
Number of clauses: 870894
sat
real sat
../New_SAT_split/QF_NIA_2_6/20170427-VeryMax/ITS/From_AProVE_2014__juHashMapCreateContainsValue.jar-obl-11__p32140_safety_0.smt2 : 20612 ms.
--------------------------------------------------
Number of variables: 89918
Number of clauses: 454180
sat
real sat
../New_SAT_split/QF_NIA_2_6/20170427-VeryMax/ITS/From_AProVE_2014__juHashMapCreateContainsValue.jar-obl-11__p32144_safety_0.smt2 : 10225 ms.
--------------------------------------------------
Number of variables: 165346
Number of clauses: 840883
sat
real sat
../New_SAT_split/QF_NIA_2_6/20170427-VeryMax/ITS/From_AProVE_2014__juHashMapCreateContainsValue.jar-obl-11__p32145_safety_0.smt2 : 44643 ms.
--------------------------------------------------
Number of variables: 89950
Number of clauses: 454520
sat
real sat
../New_SAT_split/QF_NIA_2_6/20170427-VeryMax/ITS/From_AProVE_2014__juHashMapCreateContainsValue.jar-obl-11__p32149_safety_0.smt2 : 21069 ms.
--------------------------------------------------
Number of variables: 165408
Number of clauses: 841439
sat
real sat
../New_SAT_split/QF_NIA_2_6/20170427-VeryMax/ITS/From_AProVE_2014__juHashMapCreateContainsValue.jar-obl-11__p32150_safety_0.smt2 : 22081 ms.
--------------------------------------------------
Number of variables: 97377
Number of clauses: 501526
sat
real sat
../New_SAT_split/QF_NIA_2_6/20170427-VeryMax/ITS/From_AProVE_2014__juHashMapCreateContainsValue.jar-obl-11__p32156_safety_0.smt2 : 9530 ms.
--------------------------------------------------
Number of variables: 220255
Number of clauses: 1136590
sat
real sat
../New_SAT_split/QF_NIA_2_6/20170427-VeryMax/ITS/From_AProVE_2014__juHashMapCreateContainsValue.jar-obl-11__p32157_safety_0.smt2 : 68212 ms.
--------------------------------------------------
Number of variables: 390708
Number of clauses: 2018390
sat
real sat
../New_SAT_split/QF_NIA_2_6/20170427-VeryMax/ITS/From_AProVE_2014__juHashMapCreateContainsValue.jar-obl-11__p32158_safety_0.smt2 : 829686 ms.
--------------------------------------------------
Number of variables: 87625
Number of clauses: 440390
sat
real sat
../New_SAT_split/QF_NIA_2_6/20170427-VeryMax/ITS/From_AProVE_2014__juHashMapCreateContainsValue.jar-obl-11__p32162_safety_0.smt2 : 9333 ms.
--------------------------------------------------
Number of variables: 85568
Number of clauses: 429411
sat
real sat
../New_SAT_split/QF_NIA_2_6/20170427-VeryMax/ITS/From_AProVE_2014__juHashMapCreateContainsValue.jar-obl-11__p32166_safety_0.smt2 : 20426 ms.
--------------------------------------------------
Number of variables: 157595
Number of clauses: 797501
sat
real sat
../New_SAT_split/QF_NIA_2_6/20170427-VeryMax/ITS/From_AProVE_2014__juHashMapCreateContainsValue.jar-obl-11__p32167_safety_0.smt2 : 17971 ms.
--------------------------------------------------
Number of variables: 85610
Number of clauses: 429695
sat
real sat
../New_SAT_split/QF_NIA_2_6/20170427-VeryMax/ITS/From_AProVE_2014__juHashMapCreateContainsValue.jar-obl-11__p32169_safety_0.smt2 : 23288 ms.
--------------------------------------------------
Number of variables: 157658
Number of clauses: 797927
sat
real sat
../New_SAT_split/QF_NIA_2_6/20170427-VeryMax/ITS/From_AProVE_2014__juHashMapCreateContainsValue.jar-obl-11__p32170_safety_0.smt2 : 44527 ms.
--------------------------------------------------
Number of variables: 72833
Number of clauses: 381229
unsat in 4 bits.
Number of variables: 161315
Number of clauses: 880159
unsat in 10 bits.
Number of variables: 333051
Number of clauses: 1885879
unsat in 18 bits.
Number of variables: 861055
Number of clauses: 5066070
sat
real sat
../New_SAT_split/QF_NIA_2_6/20170427-VeryMax/ITS/From_AProVE_2014__juHashMapCreateContainsValue.jar-obl-11__p32171_safety_0.smt2 : 2367856 ms.
--------------------------------------------------
Number of variables: 180756
Number of clauses: 942986
unsat in 4 bits.
Number of variables: 425754
Number of clauses: 2337164
unsat in 10 bits.
Number of variables: 920418
Number of clauses: 5260068
unsat in 18 bits.
Number of variables: 2486240
Number of clauses: 14757418
../New_SAT_split/QF_NIA_2_6/20170427-VeryMax/ITS/From_AProVE_2014__juHashMapCreateContainsValue.jar-obl-11__p32172_safety_0.smt2 : 2401175 ms.
--------------------------------------------------
Number of variables: 336294
Number of clauses: 1751799
unsat in 4 bits.
Number of variables: 814308
Number of clauses: 4478685
unsat in 10 bits.
Number of variables: 1794380
Number of clauses: 10285093
unsat in 18 bits.
Number of variables: 4930460
Number of clauses: 29346482
../New_SAT_split/QF_NIA_2_6/20170427-VeryMax/ITS/From_AProVE_2014__juHashMapCreateContainsValue.jar-obl-11__p32173_safety_0.smt2 : 2401241 ms.
--------------------------------------------------
Number of variables: 93216
Number of clauses: 471816
sat
real sat
../New_SAT_split/QF_NIA_2_6/20170427-VeryMax/ITS/From_AProVE_2014__juHashMapCreateContainsValue.jar-obl-11__p32180_safety_0.smt2 : 8155 ms.
--------------------------------------------------
Number of variables: 88781
Number of clauses: 447012
sat
real sat
../New_SAT_split/QF_NIA_2_6/20170427-VeryMax/ITS/From_AProVE_2014__juHashMapCreateContainsValue.jar-obl-11__p32185_safety_0.smt2 : 1834 ms.
--------------------------------------------------
Number of variables: 163740
Number of clauses: 830693
sat
real sat
../New_SAT_split/QF_NIA_2_6/20170427-VeryMax/ITS/From_AProVE_2014__juHashMapCreateContainsValue.jar-obl-11__p32186_safety_0.smt2 : 16181 ms.
--------------------------------------------------
Number of variables: 89191
Number of clauses: 450136
sat
real sat
../New_SAT_split/QF_NIA_2_6/20170427-VeryMax/ITS/From_AProVE_2014__juHashMapCreateContainsValue.jar-obl-11__p32190_safety_0.smt2 : 8359 ms.
--------------------------------------------------
Number of variables: 164356
Number of clauses: 835350
sat
real sat
../New_SAT_split/QF_NIA_2_6/20170427-VeryMax/ITS/From_AProVE_2014__juHashMapCreateContainsValue.jar-obl-11__p32191_safety_0.smt2 : 38237 ms.
--------------------------------------------------
Number of variables: 125419
Number of clauses: 662596
sat
real sat
../New_SAT_split/QF_NIA_2_6/20170427-VeryMax/ITS/From_AProVE_2014__juHashMapCreateContainsValue.jar-obl-11__p32199_terminationG_0.smt2 : 9195 ms.
--------------------------------------------------
Number of variables: 241371
Number of clauses: 1261843
sat
real sat
../New_SAT_split/QF_NIA_2_6/20170427-VeryMax/ITS/From_AProVE_2014__juHashMapCreateContainsValue.jar-obl-11__p32200_terminationG_0.smt2 : 130825 ms.
--------------------------------------------------
Number of variables: 395527
Number of clauses: 2059714
sat
real sat
../New_SAT_split/QF_NIA_2_6/20170427-VeryMax/ITS/From_AProVE_2014__juHashMapCreateContainsValue.jar-obl-11__p32201_terminationG_0.smt2 : 76126 ms.
--------------------------------------------------
Number of variables: 95489
Number of clauses: 481986
sat
real sat
../New_SAT_split/QF_NIA_2_6/20170427-VeryMax/ITS/From_AProVE_2014__juHashMapCreateContainsValue.jar-obl-11__p32211_safety_0.smt2 : 21575 ms.
--------------------------------------------------
Number of variables: 172335
Number of clauses: 876579
sat
real sat
../New_SAT_split/QF_NIA_2_6/20170427-VeryMax/ITS/From_AProVE_2014__juHashMapCreateContainsValue.jar-obl-11__p32212_safety_0.smt2 : 16628 ms.
--------------------------------------------------
Number of variables: 169731
Number of clauses: 864027
sat
real sat
../New_SAT_split/QF_NIA_2_6/20170427-VeryMax/ITS/From_AProVE_2014__juHashMapCreateContainsValue.jar-obl-11__p32213_safety_0.smt2 : 4863 ms.
--------------------------------------------------
Number of variables: 91490
Number of clauses: 460261
sat
real sat
../New_SAT_split/QF_NIA_2_6/20170427-VeryMax/ITS/From_AProVE_2014__juHashMapCreateContainsValue.jar-obl-11__p32219_safety_0.smt2 : 8981 ms.
--------------------------------------------------
Number of variables: 166605
Number of clauses: 844991
sat
real sat
../New_SAT_split/QF_NIA_2_6/20170427-VeryMax/ITS/From_AProVE_2014__juHashMapCreateContainsValue.jar-obl-11__p32220_safety_0.smt2 : 63402 ms.
--------------------------------------------------
Number of variables: 163399
Number of clauses: 827975
sat
real sat
../New_SAT_split/QF_NIA_2_6/20170427-VeryMax/ITS/From_AProVE_2014__juHashMapCreateContainsValue.jar-obl-11__p32223_safety_0.smt2 : 36048 ms.
--------------------------------------------------
Number of variables: 163461
Number of clauses: 828531
sat
real sat
../New_SAT_split/QF_NIA_2_6/20170427-VeryMax/ITS/From_AProVE_2014__juHashMapCreateContainsValue.jar-obl-11__p32231_safety_0.smt2 : 137174 ms.
--------------------------------------------------
Number of variables: 91522
Number of clauses: 460601
sat
real sat
../New_SAT_split/QF_NIA_2_6/20170427-VeryMax/ITS/From_AProVE_2014__juHashMapCreateContainsValue.jar-obl-11__p32232_safety_0.smt2 : 25305 ms.
--------------------------------------------------
Number of variables: 166667
Number of clauses: 845547
sat
real sat
../New_SAT_split/QF_NIA_2_6/20170427-VeryMax/ITS/From_AProVE_2014__juHashMapCreateContainsValue.jar-obl-11__p32233_safety_0.smt2 : 16494 ms.
--------------------------------------------------
Number of variables: 216917
Number of clauses: 1117605
sat
real sat
../New_SAT_split/QF_NIA_2_6/20170427-VeryMax/ITS/From_AProVE_2014__juHashMapCreateContainsValue.jar-obl-11__p32245_safety_0.smt2 : 21838 ms.
--------------------------------------------------
Number of variables: 385334
Number of clauses: 1988189
sat
real sat
../New_SAT_split/QF_NIA_2_6/20170427-VeryMax/ITS/From_AProVE_2014__juHashMapCreateContainsValue.jar-obl-11__p32246_safety_0.smt2 : 7538 ms.
--------------------------------------------------
Number of variables: 73715
Number of clauses: 385058
unsat in 4 bits.
Number of variables: 164537
Number of clauses: 897488
unsat in 10 bits.
Number of variables: 341745
Number of clauses: 1936104
unsat in 18 bits.
Number of variables: 888765
Number of clauses: 5233191
sat
real sat
../New_SAT_split/QF_NIA_2_6/20170427-VeryMax/ITS/From_AProVE_2014__juHashMapCreateContainsValue.jar-obl-11__p32247_safety_0.smt2 : 156279 ms.
--------------------------------------------------
Number of variables: 181571
Number of clauses: 946099
unsat in 4 bits.
Number of variables: 430613
Number of clauses: 2364139
unsat in 10 bits.
Number of variables: 935373
Number of clauses: 5348651
unsat in 18 bits.
Number of variables: 2537523
Number of clauses: 15071393
../New_SAT_split/QF_NIA_2_6/20170427-VeryMax/ITS/From_AProVE_2014__juHashMapCreateContainsValue.jar-obl-11__p32248_safety_0.smt2 : 2401223 ms.
--------------------------------------------------
Number of variables: 336995
Number of clauses: 1753814
unsat in 4 bits.
Number of variables: 820757
Number of clauses: 4514924
unsat in 10 bits.
Number of variables: 1815549
Number of clauses: 10411652
unsat in 18 bits.
Number of variables: 5005269
Number of clauses: 29806929
../New_SAT_split/QF_NIA_2_6/20170427-VeryMax/ITS/From_AProVE_2014__juHashMapCreateContainsValue.jar-obl-11__p32249_safety_0.smt2 : 2401385 ms.
--------------------------------------------------
Number of variables: 96320
Number of clauses: 487287
sat
real sat
../New_SAT_split/QF_NIA_2_6/20170427-VeryMax/ITS/From_AProVE_2014__juHashMapCreateContainsValue.jar-obl-11__p32253_safety_0.smt2 : 9817 ms.
--------------------------------------------------
Number of variables: 173372
Number of clauses: 883174
sat
real sat
../New_SAT_split/QF_NIA_2_6/20170427-VeryMax/ITS/From_AProVE_2014__juHashMapCreateContainsValue.jar-obl-11__p32254_safety_0.smt2 : 19008 ms.
--------------------------------------------------
Number of variables: 94789
Number of clauses: 481003
sat
real sat
../New_SAT_split/QF_NIA_2_6/20170427-VeryMax/ITS/From_AProVE_2014__juHashMapCreateContainsValue.jar-obl-11__p32258_safety_0.smt2 : 7756 ms.
--------------------------------------------------
Number of variables: 172172
Number of clauses: 878949
sat
real sat
../New_SAT_split/QF_NIA_2_6/20170427-VeryMax/ITS/From_AProVE_2014__juHashMapCreateContainsValue.jar-obl-11__p32259_safety_0.smt2 : 4326 ms.
--------------------------------------------------
Number of variables: 92092
Number of clauses: 463676
sat
real sat
../New_SAT_split/QF_NIA_2_6/20170427-VeryMax/ITS/From_AProVE_2014__juHashMapCreateContainsValue.jar-obl-11__p32263_safety_0.smt2 : 2496 ms.
--------------------------------------------------
Number of variables: 167338
Number of clauses: 849014
sat
real sat
../New_SAT_split/QF_NIA_2_6/20170427-VeryMax/ITS/From_AProVE_2014__juHashMapCreateContainsValue.jar-obl-11__p32264_safety_0.smt2 : 16317 ms.
--------------------------------------------------
Number of variables: 90582
Number of clauses: 457413
sat
real sat
../New_SAT_split/QF_NIA_2_6/20170427-VeryMax/ITS/From_AProVE_2014__juHashMapCreateContainsValue.jar-obl-11__p32268_safety_0.smt2 : 9119 ms.
--------------------------------------------------
Number of variables: 166230
Number of clauses: 845173
sat
real sat
../New_SAT_split/QF_NIA_2_6/20170427-VeryMax/ITS/From_AProVE_2014__juHashMapCreateContainsValue.jar-obl-11__p32269_safety_0.smt2 : 16004 ms.
--------------------------------------------------
Number of variables: 93856
Number of clauses: 474288
sat
real sat
../New_SAT_split/QF_NIA_2_6/20170427-VeryMax/ITS/From_AProVE_2014__juHashMapCreateContainsValue.jar-obl-11__p32275_safety_0.smt2 : 7665 ms.
--------------------------------------------------
Number of variables: 169850
Number of clauses: 864209
sat
real sat
../New_SAT_split/QF_NIA_2_6/20170427-VeryMax/ITS/From_AProVE_2014__juHashMapCreateContainsValue.jar-obl-11__p32276_safety_0.smt2 : 44618 ms.
--------------------------------------------------
Number of variables: 75932
Number of clauses: 400979
unsat in 4 bits.
Number of variables: 166424
Number of clauses: 912719
unsat in 10 bits.
Number of variables: 340840
Number of clauses: 1935519
unsat in 18 bits.
Number of variables: 874204
Number of clauses: 5149870
sat
real sat
../New_SAT_split/QF_NIA_2_6/20170427-VeryMax/ITS/From_AProVE_2014__juHashMapCreateContainsValue.jar-obl-11__p32285_safety_0.smt2 : 695100 ms.
--------------------------------------------------
Number of variables: 185687
Number of clauses: 974586
unsat in 4 bits.
Number of variables: 433859
Number of clauses: 2389158
unsat in 10 bits.
Number of variables: 932755
Number of clauses: 5339254
unsat in 18 bits.
Number of variables: 2507041
Number of clauses: 14890988
../New_SAT_split/QF_NIA_2_6/20170427-VeryMax/ITS/From_AProVE_2014__juHashMapCreateContainsValue.jar-obl-11__p32286_safety_0.smt2 : 2401180 ms.
--------------------------------------------------
Number of variables: 343057
Number of clauses: 1795249
unsat in 4 bits.
Number of variables: 825409
Number of clauses: 4550113
unsat in 10 bits.
Number of variables: 1811265
Number of clauses: 10393825
unsat in 18 bits.
Number of variables: 4958913
Number of clauses: 29529822
../New_SAT_split/QF_NIA_2_6/20170427-VeryMax/ITS/From_AProVE_2014__juHashMapCreateContainsValue.jar-obl-11__p32287_safety_0.smt2 : 2401450 ms.
--------------------------------------------------
Number of variables: 98625
Number of clauses: 510144
sat
real sat
../New_SAT_split/QF_NIA_2_6/20170427-VeryMax/ITS/From_AProVE_2014__juHashMapCreateContainsValue.jar-obl-11__p32288_safety_0.smt2 : 11797 ms.
--------------------------------------------------
Number of variables: 222185
Number of clauses: 1150197
sat
real sat
../New_SAT_split/QF_NIA_2_6/20170427-VeryMax/ITS/From_AProVE_2014__juHashMapCreateContainsValue.jar-obl-11__p32289_safety_0.smt2 : 29955 ms.
--------------------------------------------------
Number of variables: 393360
Number of clauses: 2037306
sat
real sat
../New_SAT_split/QF_NIA_2_6/20170427-VeryMax/ITS/From_AProVE_2014__juHashMapCreateContainsValue.jar-obl-11__p32290_safety_0.smt2 : 80871 ms.
--------------------------------------------------
Number of variables: 187763
Number of clauses: 960362
unsat in 4 bits.
Number of variables: 428567
Number of clauses: 2344016
unsat in 10 bits.
Number of variables: 915399
Number of clauses: 5239464
unsat in 18 bits.
Number of variables: 2456479
Number of clauses: 14624419
sat
real sat
../New_SAT_split/QF_NIA_2_6/20170427-VeryMax/ITS/From_AProVE_2014__juHashMapCreateContainsValue.jar-obl-11__p32295_safety_0.smt2 : 303866 ms.
--------------------------------------------------
Number of variables: 105039
Number of clauses: 531127
unsat in 4 bits.
Number of variables: 227803
Number of clauses: 1235621
unsat in 10 bits.
Number of variables: 471019
Number of clauses: 2678845
unsat in 18 bits.
Number of variables: 1229669
Number of clauses: 7289511
../New_SAT_split/QF_NIA_2_6/20170427-VeryMax/ITS/From_AProVE_2014__juHashMapCreateContainsValue.jar-obl-11__p32299_safety_0.smt2 : 2401127 ms.
--------------------------------------------------
Number of variables: 187272
Number of clauses: 954032
unsat in 4 bits.
Number of variables: 417960
Number of clauses: 2280854
unsat in 10 bits.
Number of variables: 881128
Number of clauses: 5035622
unsat in 18 bits.
Number of variables: 2340280
Number of clauses: 13920177
sat
real sat
../New_SAT_split/QF_NIA_2_6/20170427-VeryMax/ITS/From_AProVE_2014__juHashMapCreateContainsValue.jar-obl-11__p32300_safety_0.smt2 : 1266779 ms.
--------------------------------------------------
Number of variables: 161527
Number of clauses: 819516
sat
real sat
../New_SAT_split/QF_NIA_2_6/20170427-VeryMax/ITS/From_AProVE_2014__juHashMapCreateContainsValue.jar-obl-11__p32305_safety_0.smt2 : 4378 ms.
--------------------------------------------------
Number of variables: 85847
Number of clauses: 430700
sat
real sat
../New_SAT_split/QF_NIA_2_6/20170427-VeryMax/ITS/From_AProVE_2014__juHashMapCreateContainsValue.jar-obl-11__p32312_safety_0.smt2 : 9239 ms.
--------------------------------------------------
Number of variables: 158018
Number of clauses: 799535
sat
real sat
../New_SAT_split/QF_NIA_2_6/20170427-VeryMax/ITS/From_AProVE_2014__juHashMapCreateContainsValue.jar-obl-11__p32313_safety_0.smt2 : 16227 ms.
--------------------------------------------------
Number of variables: 86243
Number of clauses: 433662
sat
real sat
../New_SAT_split/QF_NIA_2_6/20170427-VeryMax/ITS/From_AProVE_2014__juHashMapCreateContainsValue.jar-obl-11__p32315_safety_0.smt2 : 23218 ms.
--------------------------------------------------
Number of variables: 158606
Number of clauses: 803926
sat
real sat
../New_SAT_split/QF_NIA_2_6/20170427-VeryMax/ITS/From_AProVE_2014__juHashMapCreateContainsValue.jar-obl-11__p32316_safety_0.smt2 : 16205 ms.
--------------------------------------------------
Number of variables: 89100
Number of clauses: 469221
unsat in 4 bits.
Number of variables: 183666
Number of clauses: 1010781
unsat in 10 bits.
Number of variables: 363514
Number of clauses: 2073341
unsat in 18 bits.
Number of variables: 907698
Number of clauses: 5366871
../New_SAT_split/QF_NIA_2_6/20170427-VeryMax/ITS/From_AProVE_2014__juHashMapCreateContainsValue.jar-obl-11__p32320_safety_0.smt2 : 2401087 ms.
--------------------------------------------------
Number of variables: 207975
Number of clauses: 1090651
unsat in 4 bits.
Number of variables: 462969
Number of clauses: 2555299
unsat in 10 bits.
Number of variables: 970961
Number of clauses: 5572163
unsat in 18 bits.
Number of variables: 2563305
Number of clauses: 15256407
../New_SAT_split/QF_NIA_2_6/20170427-VeryMax/ITS/From_AProVE_2014__juHashMapCreateContainsValue.jar-obl-11__p32321_safety_0.smt2 : 2401189 ms.
--------------------------------------------------
Number of variables: 374593
Number of clauses: 1960161
unsat in 4 bits.
Number of variables: 866515
Number of clauses: 4785357
unsat in 10 bits.
Number of variables: 1865131
Number of clauses: 10722845
unsat in 18 bits.
Number of variables: 5038035
Number of clauses: 30044363
../New_SAT_split/QF_NIA_2_6/20170427-VeryMax/ITS/From_AProVE_2014__juHashMapCreateContainsValue.jar-obl-11__p32322_safety_0.smt2 : 2401446 ms.
--------------------------------------------------
Number of variables: 91232
Number of clauses: 460496
sat
real sat
../New_SAT_split/QF_NIA_2_6/20170427-VeryMax/ITS/From_AProVE_2014__juHashMapCreateContainsValue.jar-obl-11__p32331_safety_0.smt2 : 12707 ms.
--------------------------------------------------
Number of variables: 166402
Number of clauses: 845421
sat
real sat
../New_SAT_split/QF_NIA_2_6/20170427-VeryMax/ITS/From_AProVE_2014__juHashMapCreateContainsValue.jar-obl-11__p32332_safety_0.smt2 : 34697 ms.
--------------------------------------------------
Number of variables: 101267
Number of clauses: 527496
sat
real sat
../New_SAT_split/QF_NIA_2_6/20170427-VeryMax/ITS/From_AProVE_2014__juHashMapCreateContainsValue.jar-obl-11__p32333_safety_0.smt2 : 10408 ms.
--------------------------------------------------
Number of variables: 226731
Number of clauses: 1180412
sat
real sat
../New_SAT_split/QF_NIA_2_6/20170427-VeryMax/ITS/From_AProVE_2014__juHashMapCreateContainsValue.jar-obl-11__p32334_safety_0.smt2 : 46279 ms.
--------------------------------------------------
Number of variables: 399930
Number of clauses: 2081344
sat
real sat
../New_SAT_split/QF_NIA_2_6/20170427-VeryMax/ITS/From_AProVE_2014__juHashMapCreateContainsValue.jar-obl-11__p32335_safety_0.smt2 : 35099 ms.
--------------------------------------------------
Number of variables: 91280
Number of clauses: 460774
sat
real sat
../New_SAT_split/QF_NIA_2_6/20170427-VeryMax/ITS/From_AProVE_2014__juHashMapCreateContainsValue.jar-obl-11__p32339_safety_0.smt2 : 1935 ms.
--------------------------------------------------
Number of variables: 166474
Number of clauses: 845838
sat
real sat
../New_SAT_split/QF_NIA_2_6/20170427-VeryMax/ITS/From_AProVE_2014__juHashMapCreateContainsValue.jar-obl-11__p32340_safety_0.smt2 : 32982 ms.
--------------------------------------------------
Number of variables: 93063
Number of clauses: 469649
sat
real sat
../New_SAT_split/QF_NIA_2_6/20170427-VeryMax/ITS/From_AProVE_2014__juHashMapCreateContainsValue.jar-obl-11__p32354_safety_0.smt2 : 3849 ms.
--------------------------------------------------
Number of variables: 168434
Number of clauses: 855895
sat
real sat
../New_SAT_split/QF_NIA_2_6/20170427-VeryMax/ITS/From_AProVE_2014__juHashMapCreateContainsValue.jar-obl-11__p32355_safety_0.smt2 : 30540 ms.
--------------------------------------------------
Number of variables: 93139
Number of clauses: 470153
sat
real sat
../New_SAT_split/QF_NIA_2_6/20170427-VeryMax/ITS/From_AProVE_2014__juHashMapCreateContainsValue.jar-obl-11__p32359_safety_0.smt2 : 18361 ms.
--------------------------------------------------
Number of variables: 168548
Number of clauses: 856651
sat
real sat
../New_SAT_split/QF_NIA_2_6/20170427-VeryMax/ITS/From_AProVE_2014__juHashMapCreateContainsValue.jar-obl-11__p32360_safety_0.smt2 : 21864 ms.
--------------------------------------------------
Number of variables: 125511
Number of clauses: 663032
sat
real sat
../New_SAT_split/QF_NIA_2_6/20170427-VeryMax/ITS/From_AProVE_2014__juHashMapCreateContainsValue.jar-obl-11__p32368_terminationG_0.smt2 : 12850 ms.
--------------------------------------------------
Number of variables: 241463
Number of clauses: 1262279
sat
real sat
../New_SAT_split/QF_NIA_2_6/20170427-VeryMax/ITS/From_AProVE_2014__juHashMapCreateContainsValue.jar-obl-11__p32369_terminationG_0.smt2 : 54196 ms.
--------------------------------------------------
Number of variables: 395619
Number of clauses: 2060150
sat
real sat
../New_SAT_split/QF_NIA_2_6/20170427-VeryMax/ITS/From_AProVE_2014__juHashMapCreateContainsValue.jar-obl-11__p32370_terminationG_0.smt2 : 161047 ms.
--------------------------------------------------
Number of variables: 170824
Number of clauses: 870726
sat
real sat
../New_SAT_split/QF_NIA_2_6/20170427-VeryMax/ITS/From_AProVE_2014__juHashMapCreateContainsValue.jar-obl-11__p32381_safety_0.smt2 : 16094 ms.
--------------------------------------------------
Number of variables: 173432
Number of clauses: 883310
sat
real sat
../New_SAT_split/QF_NIA_2_6/20170427-VeryMax/ITS/From_AProVE_2014__juHashMapCreateContainsValue.jar-obl-11__p32382_safety_0.smt2 : 30428 ms.
--------------------------------------------------
Number of variables: 91878
Number of clauses: 461959
sat
real sat
../New_SAT_split/QF_NIA_2_6/20170427-VeryMax/ITS/From_AProVE_2014__juHashMapCreateContainsValue.jar-obl-11__p32386_safety_0.smt2 : 11468 ms.
--------------------------------------------------
Number of variables: 167014
Number of clauses: 846516
sat
real sat
../New_SAT_split/QF_NIA_2_6/20170427-VeryMax/ITS/From_AProVE_2014__juHashMapCreateContainsValue.jar-obl-11__p32387_safety_0.smt2 : 28205 ms.
--------------------------------------------------
Number of variables: 164418
Number of clauses: 834004
sat
real sat
../New_SAT_split/QF_NIA_2_6/20170427-VeryMax/ITS/From_AProVE_2014__juHashMapCreateContainsValue.jar-obl-11__p32392_safety_0.smt2 : 38808 ms.
--------------------------------------------------
Number of variables: 91910
Number of clauses: 462299
sat
real sat
../New_SAT_split/QF_NIA_2_6/20170427-VeryMax/ITS/From_AProVE_2014__juHashMapCreateContainsValue.jar-obl-11__p32396_safety_0.smt2 : 25596 ms.
--------------------------------------------------
Number of variables: 167076
Number of clauses: 847072
sat
real sat
../New_SAT_split/QF_NIA_2_6/20170427-VeryMax/ITS/From_AProVE_2014__juHashMapCreateContainsValue.jar-obl-11__p32397_safety_0.smt2 : 45810 ms.
--------------------------------------------------
Number of variables: 89718
Number of clauses: 452789
sat
real sat
../New_SAT_split/QF_NIA_2_6/20170427-VeryMax/ITS/From_AProVE_2014__juHashMapCreateContainsValue.jar-obl-11__p32401_safety_0.smt2 : 16945 ms.
--------------------------------------------------
Number of variables: 165084
Number of clauses: 839064
sat
real sat
../New_SAT_split/QF_NIA_2_6/20170427-VeryMax/ITS/From_AProVE_2014__juHashMapCreateContainsValue.jar-obl-11__p32402_safety_0.smt2 : 16376 ms.
--------------------------------------------------
Number of variables: 98738
Number of clauses: 510476
sat
real sat
../New_SAT_split/QF_NIA_2_6/20170427-VeryMax/ITS/From_AProVE_2014__juHashMapCreateContainsValue.jar-obl-11__p32413_safety_0.smt2 : 12507 ms.
--------------------------------------------------
Number of variables: 221162
Number of clauses: 1144596
sat
real sat
../New_SAT_split/QF_NIA_2_6/20170427-VeryMax/ITS/From_AProVE_2014__juHashMapCreateContainsValue.jar-obl-11__p32414_safety_0.smt2 : 44280 ms.
--------------------------------------------------
Number of variables: 391114
Number of clauses: 2025070
sat
real sat
../New_SAT_split/QF_NIA_2_6/20170427-VeryMax/ITS/From_AProVE_2014__juHashMapCreateContainsValue.jar-obl-11__p32415_safety_0.smt2 : 87583 ms.
--------------------------------------------------
Number of variables: 76391
Number of clauses: 401887
unsat in 4 bits.
Number of variables: 168893
Number of clauses: 924691
unsat in 10 bits.
Number of variables: 348341
Number of clauses: 1977139
unsat in 18 bits.
Number of variables: 899841
Number of clauses: 5301890
sat
real sat
../New_SAT_split/QF_NIA_2_6/20170427-VeryMax/ITS/From_AProVE_2014__juHashMapCreateContainsValue.jar-obl-11__p32416_safety_0.smt2 : 277199 ms.
--------------------------------------------------
Number of variables: 185762
Number of clauses: 972658
unsat in 4 bits.
Number of variables: 437414
Number of clauses: 2406982
unsat in 10 bits.
Number of variables: 945654
Number of clauses: 5413206
unsat in 18 bits.
Number of variables: 2554764
Number of clauses: 15179372
../New_SAT_split/QF_NIA_2_6/20170427-VeryMax/ITS/From_AProVE_2014__juHashMapCreateContainsValue.jar-obl-11__p32417_safety_0.smt2 : 2401200 ms.
--------------------------------------------------
Number of variables: 342701
Number of clauses: 1790103
unsat in 4 bits.
Number of variables: 830003
Number of clauses: 4573407
unsat in 10 bits.
Number of variables: 1829515
Number of clauses: 10499727
unsat in 18 bits.
Number of variables: 5028675
Number of clauses: 29954188
../New_SAT_split/QF_NIA_2_6/20170427-VeryMax/ITS/From_AProVE_2014__juHashMapCreateContainsValue.jar-obl-11__p32418_safety_0.smt2 : 2401340 ms.
--------------------------------------------------
Number of variables: 172984
Number of clauses: 881062
sat
real sat
../New_SAT_split/QF_NIA_2_6/20170427-VeryMax/ITS/From_AProVE_2014__juHashMapCreateContainsValue.jar-obl-11__p32425_safety_0.smt2 : 42339 ms.
--------------------------------------------------
Number of variables: 93462
Number of clauses: 473385
sat
real sat
../New_SAT_split/QF_NIA_2_6/20170427-VeryMax/ITS/From_AProVE_2014__juHashMapCreateContainsValue.jar-obl-11__p32427_safety_0.smt2 : 12380 ms.
--------------------------------------------------
Number of variables: 166598
Number of clauses: 844878
sat
real sat
../New_SAT_split/QF_NIA_2_6/20170427-VeryMax/ITS/From_AProVE_2014__juHashMapCreateContainsValue.jar-obl-11__p32433_safety_0.smt2 : 38975 ms.
--------------------------------------------------
Number of variables: 89067
Number of clauses: 448811
sat
real sat
../New_SAT_split/QF_NIA_2_6/20170427-VeryMax/ITS/From_AProVE_2014__juHashMapCreateContainsValue.jar-obl-11__p32437_safety_0.smt2 : 12484 ms.
--------------------------------------------------
Number of variables: 164046
Number of clauses: 832607
sat
real sat
../New_SAT_split/QF_NIA_2_6/20170427-VeryMax/ITS/From_AProVE_2014__juHashMapCreateContainsValue.jar-obl-11__p32438_safety_0.smt2 : 34262 ms.
--------------------------------------------------
Number of variables: 91643
Number of clauses: 461327
sat
real sat
../New_SAT_split/QF_NIA_2_6/20170427-VeryMax/ITS/From_AProVE_2014__juHashMapCreateContainsValue.jar-obl-11__p32442_safety_0.smt2 : 19104 ms.
--------------------------------------------------
Number of variables: 166612
Number of clauses: 845071
sat
real sat
../New_SAT_split/QF_NIA_2_6/20170427-VeryMax/ITS/From_AProVE_2014__juHashMapCreateContainsValue.jar-obl-11__p32443_safety_0.smt2 : 39683 ms.
--------------------------------------------------
Number of variables: 99100
Number of clauses: 512734
sat
real sat
../New_SAT_split/QF_NIA_2_6/20170427-VeryMax/ITS/From_AProVE_2014__juHashMapCreateContainsValue.jar-obl-11__p32454_safety_0.smt2 : 8591 ms.
--------------------------------------------------
Number of variables: 222712
Number of clauses: 1152738
sat
real sat
../New_SAT_split/QF_NIA_2_6/20170427-VeryMax/ITS/From_AProVE_2014__juHashMapCreateContainsValue.jar-obl-11__p32455_safety_0.smt2 : 45702 ms.
--------------------------------------------------
Number of variables: 393851
Number of clauses: 2039094
sat
real sat
../New_SAT_split/QF_NIA_2_6/20170427-VeryMax/ITS/From_AProVE_2014__juHashMapCreateContainsValue.jar-obl-11__p32456_safety_0.smt2 : 69261 ms.
--------------------------------------------------
Number of variables: 75452
Number of clauses: 397819
unsat in 4 bits.
Number of variables: 165578
Number of clauses: 906961
unsat in 10 bits.
Number of variables: 339506
Number of clauses: 1926297
unsat in 18 bits.
Number of variables: 871894
Number of clauses: 5133720
sat
real sat
../New_SAT_split/QF_NIA_2_6/20170427-VeryMax/ITS/From_AProVE_2014__juHashMapCreateContainsValue.jar-obl-11__p32457_safety_0.smt2 : 300494 ms.
--------------------------------------------------
Number of variables: 184695
Number of clauses: 968094
unsat in 4 bits.
Number of variables: 432171
Number of clauses: 2377878
unsat in 10 bits.
Number of variables: 930139
Number of clauses: 5321590
unsat in 18 bits.
Number of variables: 2502569
Number of clauses: 14860556
../New_SAT_split/QF_NIA_2_6/20170427-VeryMax/ITS/From_AProVE_2014__juHashMapCreateContainsValue.jar-obl-11__p32458_safety_0.smt2 : 2401217 ms.
--------------------------------------------------
Number of variables: 341505
Number of clauses: 1785041
unsat in 4 bits.
Number of variables: 822831
Number of clauses: 4532927
unsat in 10 bits.
Number of variables: 1807319
Number of clauses: 10367335
unsat in 18 bits.
Number of variables: 4952231
Number of clauses: 29484724
../New_SAT_split/QF_NIA_2_6/20170427-VeryMax/ITS/From_AProVE_2014__juHashMapCreateContainsValue.jar-obl-11__p32459_safety_0.smt2 : 2401358 ms.
--------------------------------------------------
Number of variables: 88177
Number of clauses: 444078
sat
real sat
../New_SAT_split/QF_NIA_2_6/20170427-VeryMax/ITS/From_AProVE_2014__juHashMapCreateContainsValue.jar-obl-11__p32463_safety_0.smt2 : 10531 ms.
--------------------------------------------------
Number of variables: 85589
Number of clauses: 431287
sat
real sat
../New_SAT_split/QF_NIA_2_6/20170427-VeryMax/ITS/From_AProVE_2014__juHashMapCreateContainsValue.jar-obl-11__p32468_safety_0.smt2 : 2464 ms.
--------------------------------------------------
Number of variables: 85757
Number of clauses: 430454
sat
real sat
../New_SAT_split/QF_NIA_2_6/20170427-VeryMax/ITS/From_AProVE_2014__juHashMapCreateContainsValue.jar-obl-11__p32471_safety_0.smt2 : 21558 ms.
--------------------------------------------------
Number of variables: 157798
Number of clauses: 798560
sat
real sat
../New_SAT_split/QF_NIA_2_6/20170427-VeryMax/ITS/From_AProVE_2014__juHashMapCreateContainsValue.jar-obl-11__p32472_safety_0.smt2 : 14834 ms.
--------------------------------------------------
Number of variables: 83333
Number of clauses: 418528
sat
real sat
../New_SAT_split/QF_NIA_2_6/20170427-VeryMax/ITS/From_AProVE_2014__juHashMapCreateContainsValue.jar-obl-11__p32474_safety_0.smt2 : 1821 ms.
--------------------------------------------------
Number of variables: 155434
Number of clauses: 786771
sat
real sat
../New_SAT_split/QF_NIA_2_6/20170427-VeryMax/ITS/From_AProVE_2014__juHashMapCreateContainsValue.jar-obl-11__p32475_safety_0.smt2 : 4155 ms.
--------------------------------------------------
Number of variables: 87250
Number of clauses: 439513
sat
real sat
../New_SAT_split/QF_NIA_2_6/20170427-VeryMax/ITS/From_AProVE_2014__juHashMapCreateContainsValue.jar-obl-11__p32477_safety_0.smt2 : 8078 ms.
--------------------------------------------------
Number of variables: 159920
Number of clauses: 811513
sat
real sat
../New_SAT_split/QF_NIA_2_6/20170427-VeryMax/ITS/From_AProVE_2014__juHashMapCreateContainsValue.jar-obl-11__p32478_safety_0.smt2 : 40077 ms.
--------------------------------------------------
Number of variables: 83319
Number of clauses: 418464
sat
real sat
../New_SAT_split/QF_NIA_2_6/20170427-VeryMax/ITS/From_AProVE_2014__juHashMapCreateContainsValue.jar-obl-11__p32480_safety_0.smt2 : 8581 ms.
--------------------------------------------------
Number of variables: 155420
Number of clauses: 786698
sat
real sat
../New_SAT_split/QF_NIA_2_6/20170427-VeryMax/ITS/From_AProVE_2014__juHashMapCreateContainsValue.jar-obl-11__p32481_safety_0.smt2 : 14724 ms.
--------------------------------------------------
Number of variables: 87690
Number of clauses: 442829
sat
real sat
../New_SAT_split/QF_NIA_2_6/20170427-VeryMax/ITS/From_AProVE_2014__juHashMapCreateContainsValue.jar-obl-11__p32486_safety_0.smt2 : 8386 ms.
--------------------------------------------------
Number of variables: 160572
Number of clauses: 816419
sat
real sat
../New_SAT_split/QF_NIA_2_6/20170427-VeryMax/ITS/From_AProVE_2014__juHashMapCreateContainsValue.jar-obl-11__p32487_safety_0.smt2 : 85902 ms.
--------------------------------------------------
Number of variables: 99259
Number of clauses: 513679
sat
real sat
../New_SAT_split/QF_NIA_2_6/20170427-VeryMax/ITS/From_AProVE_2014__juHashMapCreateContainsValue.jar-obl-11__p32488_safety_0.smt2 : 9548 ms.
--------------------------------------------------
Number of variables: 222984
Number of clauses: 1154410
sat
real sat
../New_SAT_split/QF_NIA_2_6/20170427-VeryMax/ITS/From_AProVE_2014__juHashMapCreateContainsValue.jar-obl-11__p32489_safety_0.smt2 : 59369 ms.
--------------------------------------------------
Number of variables: 394236
Number of clauses: 2041493
sat
real sat
../New_SAT_split/QF_NIA_2_6/20170427-VeryMax/ITS/From_AProVE_2014__juHashMapCreateContainsValue.jar-obl-11__p32490_safety_0.smt2 : 327077 ms.
--------------------------------------------------
Number of variables: 56007
Number of clauses: 281800
sat
real sat
../New_SAT_split/QF_NIA_2_6/20170427-VeryMax/ITS/From_AProVE_2014__juHashMapCreateContainsValue.jar-obl-11__p32497_safety_0.smt2 : 2424 ms.
--------------------------------------------------
Number of variables: 97125
Number of clauses: 491951
sat
real sat
../New_SAT_split/QF_NIA_2_6/20170427-VeryMax/ITS/From_AProVE_2014__juHashMapCreateContainsValue.jar-obl-11__p32498_safety_0.smt2 : 7753 ms.
--------------------------------------------------
Number of variables: 54376
Number of clauses: 272096
sat
real sat
../New_SAT_split/QF_NIA_2_6/20170427-VeryMax/ITS/From_AProVE_2014__juHashMapCreateContainsValue.jar-obl-11__p32503_safety_0.smt2 : 575 ms.
--------------------------------------------------
Number of variables: 94735
Number of clauses: 477636
sat
real sat
../New_SAT_split/QF_NIA_2_6/20170427-VeryMax/ITS/From_AProVE_2014__juHashMapCreateContainsValue.jar-obl-11__p32504_safety_0.smt2 : 9097 ms.
--------------------------------------------------
Number of variables: 92723
Number of clauses: 468562
sat
real sat
../New_SAT_split/QF_NIA_2_6/20170427-VeryMax/ITS/From_AProVE_2014__juHashMapCreateContainsValue.jar-obl-11__p32508_safety_0.smt2 : 9594 ms.
--------------------------------------------------
Number of variables: 168047
Number of clauses: 854775
sat
real sat
../New_SAT_split/QF_NIA_2_6/20170427-VeryMax/ITS/From_AProVE_2014__juHashMapCreateContainsValue.jar-obl-11__p32509_safety_0.smt2 : 15698 ms.
--------------------------------------------------
Number of variables: 54389
Number of clauses: 272253
sat
real sat
../New_SAT_split/QF_NIA_2_6/20170427-VeryMax/ITS/From_AProVE_2014__juHashMapCreateContainsValue.jar-obl-11__p32511_safety_0.smt2 : 16244 ms.
--------------------------------------------------
Number of variables: 94762
Number of clauses: 477898
sat
real sat
../New_SAT_split/QF_NIA_2_6/20170427-VeryMax/ITS/From_AProVE_2014__juHashMapCreateContainsValue.jar-obl-11__p32512_safety_0.smt2 : 9539 ms.
--------------------------------------------------
Number of variables: 92755
Number of clauses: 468902
sat
real sat
../New_SAT_split/QF_NIA_2_6/20170427-VeryMax/ITS/From_AProVE_2014__juHashMapCreateContainsValue.jar-obl-11__p32519_safety_0.smt2 : 10455 ms.
--------------------------------------------------
Number of variables: 168109
Number of clauses: 855331
sat
real sat
../New_SAT_split/QF_NIA_2_6/20170427-VeryMax/ITS/From_AProVE_2014__juHashMapCreateContainsValue.jar-obl-11__p32520_safety_0.smt2 : 36298 ms.
--------------------------------------------------
Number of variables: 77823
Number of clauses: 413210
unsat in 4 bits.
Number of variables: 169335
Number of clauses: 930674
unsat in 10 bits.
Number of variables: 345111
Number of clauses: 1961106
unsat in 18 bits.
Number of variables: 881195
Number of clauses: 5190721
sat
real sat
../New_SAT_split/QF_NIA_2_6/20170427-VeryMax/ITS/From_AProVE_2014__juHashMapCreateContainsValue.jar-obl-11__p32521_safety_0.smt2 : 1345157 ms.
--------------------------------------------------
Number of variables: 188712
Number of clauses: 994367
unsat in 4 bits.
Number of variables: 438474
Number of clauses: 2417945
unsat in 10 bits.
Number of variables: 939490
Number of clauses: 5380049
unsat in 18 bits.
Number of variables: 2518016
Number of clauses: 14955799
../New_SAT_split/QF_NIA_2_6/20170427-VeryMax/ITS/From_AProVE_2014__juHashMapCreateContainsValue.jar-obl-11__p32522_safety_0.smt2 : 2401179 ms.
--------------------------------------------------
Number of variables: 347224
Number of clauses: 1822644
unsat in 4 bits.
Number of variables: 831736
Number of clauses: 4589796
unsat in 10 bits.
Number of variables: 1820472
Number of clauses: 10449892
unsat in 18 bits.
Number of variables: 4973880
Number of clauses: 29618657
../New_SAT_split/QF_NIA_2_6/20170427-VeryMax/ITS/From_AProVE_2014__juHashMapCreateContainsValue.jar-obl-11__p32523_safety_0.smt2 : 2401468 ms.
--------------------------------------------------
Number of variables: 98868
Number of clauses: 503776
unsat in 4 bits.
Number of variables: 220036
Number of clauses: 1194926
unsat in 10 bits.
Number of variables: 461124
Number of clauses: 2620358
unsat in 18 bits.
Number of variables: 1215456
Number of clauses: 7194996
sat
real sat
../New_SAT_split/QF_NIA_2_6/20170427-VeryMax/ITS/From_AProVE_2014__juHashMapCreateContainsValue.jar-obl-11__p32537_safety_0.smt2 : 1912092 ms.
--------------------------------------------------
Number of variables: 178616
Number of clauses: 915523
unsat in 4 bits.
Number of variables: 407000
Number of clauses: 2223337
unsat in 10 bits.
Number of variables: 867096
Number of clauses: 4952761
unsat in 18 bits.
Number of variables: 2319990
Number of clauses: 13785782
../New_SAT_split/QF_NIA_2_6/20170427-VeryMax/ITS/From_AProVE_2014__juHashMapCreateContainsValue.jar-obl-11__p32538_safety_0.smt2 : 2401172 ms.
--------------------------------------------------
Number of variables: 41522
Number of clauses: 209381
unsat in 4 bits.
Number of variables: 88090
Number of clauses: 471655
unsat in 10 bits.
Number of variables: 177850
Number of clauses: 996695
unsat in 18 bits.
Number of variables: 451980
Number of clauses: 2645910
sat
real sat
../New_SAT_split/QF_NIA_2_6/20170427-VeryMax/ITS/From_AProVE_2014__juHashMapCreateContainsValue.jar-obl-11__p32541_safety_0.smt2 : 151749 ms.
--------------------------------------------------
Number of variables: 98900
Number of clauses: 504116
unsat in 4 bits.
Number of variables: 220092
Number of clauses: 1195566
unsat in 10 bits.
Number of variables: 461212
Number of clauses: 2621398
unsat in 18 bits.
Number of variables: 1215608
Number of clauses: 7196836
sat
real sat
../New_SAT_split/QF_NIA_2_6/20170427-VeryMax/ITS/From_AProVE_2014__juHashMapCreateContainsValue.jar-obl-11__p32542_safety_0.smt2 : 2094710 ms.
--------------------------------------------------
Number of variables: 178678
Number of clauses: 916079
unsat in 4 bits.
Number of variables: 407110
Number of clauses: 2224385
unsat in 10 bits.
Number of variables: 867270
Number of clauses: 4954465
unsat in 18 bits.
Number of variables: 2320292
Number of clauses: 13788798
../New_SAT_split/QF_NIA_2_6/20170427-VeryMax/ITS/From_AProVE_2014__juHashMapCreateContainsValue.jar-obl-11__p32543_safety_0.smt2 : 2401213 ms.
--------------------------------------------------
Number of variables: 129541
Number of clauses: 688872
sat
real sat
../New_SAT_split/QF_NIA_2_6/20170427-VeryMax/ITS/From_AProVE_2014__juHashMapCreateContainsValue.jar-obl-11__p32551_terminationG_0.smt2 : 19063 ms.
--------------------------------------------------
Number of variables: 246889
Number of clauses: 1297551
sat
real sat
../New_SAT_split/QF_NIA_2_6/20170427-VeryMax/ITS/From_AProVE_2014__juHashMapCreateContainsValue.jar-obl-11__p32552_terminationG_0.smt2 : 41515 ms.
--------------------------------------------------
Number of variables: 402521
Number of clauses: 2105494
sat
real sat
../New_SAT_split/QF_NIA_2_6/20170427-VeryMax/ITS/From_AProVE_2014__juHashMapCreateContainsValue.jar-obl-11__p32553_terminationG_0.smt2 : 62360 ms.
--------------------------------------------------
Number of variables: 96613
Number of clauses: 488778
sat
real sat
../New_SAT_split/QF_NIA_2_6/20170427-VeryMax/ITS/From_AProVE_2014__juHashMapCreateContainsValue.jar-obl-11__p32563_safety_0.smt2 : 5998 ms.
--------------------------------------------------
Number of variables: 171077
Number of clauses: 872171
sat
real sat
../New_SAT_split/QF_NIA_2_6/20170427-VeryMax/ITS/From_AProVE_2014__juHashMapCreateContainsValue.jar-obl-11__p32565_safety_0.smt2 : 8520 ms.
--------------------------------------------------
Number of variables: 89511
Number of clauses: 450693
sat
real sat
../New_SAT_split/QF_NIA_2_6/20170427-VeryMax/ITS/From_AProVE_2014__juHashMapCreateContainsValue.jar-obl-11__p32571_safety_0.smt2 : 2233 ms.
--------------------------------------------------
Number of variables: 164639
Number of clauses: 835156
sat
real sat
../New_SAT_split/QF_NIA_2_6/20170427-VeryMax/ITS/From_AProVE_2014__juHashMapCreateContainsValue.jar-obl-11__p32572_safety_0.smt2 : 23165 ms.
--------------------------------------------------
Number of variables: 92187
Number of clauses: 463809
sat
real sat
../New_SAT_split/QF_NIA_2_6/20170427-VeryMax/ITS/From_AProVE_2014__juHashMapCreateContainsValue.jar-obl-11__p32574_safety_0.smt2 : 10155 ms.
--------------------------------------------------
Number of variables: 167341
Number of clauses: 848474
sat
real sat
../New_SAT_split/QF_NIA_2_6/20170427-VeryMax/ITS/From_AProVE_2014__juHashMapCreateContainsValue.jar-obl-11__p32575_safety_0.smt2 : 30227 ms.
--------------------------------------------------
Number of variables: 89615
Number of clauses: 451423
sat
real sat
../New_SAT_split/QF_NIA_2_6/20170427-VeryMax/ITS/From_AProVE_2014__juHashMapCreateContainsValue.jar-obl-11__p32579_safety_0.smt2 : 8719 ms.
--------------------------------------------------
Number of variables: 164795
Number of clauses: 836251
sat
real sat
../New_SAT_split/QF_NIA_2_6/20170427-VeryMax/ITS/From_AProVE_2014__juHashMapCreateContainsValue.jar-obl-11__p32580_safety_0.smt2 : 16309 ms.
--------------------------------------------------
Number of variables: 92579
Number of clauses: 466787
sat
real sat
../New_SAT_split/QF_NIA_2_6/20170427-VeryMax/ITS/From_AProVE_2014__juHashMapCreateContainsValue.jar-obl-11__p32584_safety_0.smt2 : 2581 ms.
--------------------------------------------------
Number of variables: 167929
Number of clauses: 852904
sat
real sat
../New_SAT_split/QF_NIA_2_6/20170427-VeryMax/ITS/From_AProVE_2014__juHashMapCreateContainsValue.jar-obl-11__p32585_safety_0.smt2 : 16156 ms.
--------------------------------------------------
Number of variables: 79045
Number of clauses: 418550
unsat in 4 bits.
Number of variables: 173131
Number of clauses: 950798
unsat in 10 bits.
Number of variables: 354691
Number of clauses: 2015838
unsat in 18 bits.
Number of variables: 910415
Number of clauses: 5365773
sat
real sat
../New_SAT_split/QF_NIA_2_6/20170427-VeryMax/ITS/From_AProVE_2014__juHashMapCreateContainsValue.jar-obl-11__p32596_safety_0.smt2 : 320422 ms.
--------------------------------------------------
Number of variables: 189855
Number of clauses: 998596
unsat in 4 bits.
Number of variables: 443901
Number of clauses: 2447314
unsat in 10 bits.
Number of variables: 955333
Number of clauses: 5472730
unsat in 18 bits.
Number of variables: 2570827
Number of clauses: 15277280
../New_SAT_split/QF_NIA_2_6/20170427-VeryMax/ITS/From_AProVE_2014__juHashMapCreateContainsValue.jar-obl-11__p32597_safety_0.smt2 : 2401234 ms.
--------------------------------------------------
Number of variables: 348241
Number of clauses: 1825380
unsat in 4 bits.
Number of variables: 838747
Number of clauses: 4628028
unsat in 10 bits.
Number of variables: 1842531
Number of clauses: 10580140
unsat in 18 bits.
Number of variables: 5050235
Number of clauses: 30086185
../New_SAT_split/QF_NIA_2_6/20170427-VeryMax/ITS/From_AProVE_2014__juHashMapCreateContainsValue.jar-obl-11__p32598_safety_0.smt2 : 2401348 ms.
--------------------------------------------------
Number of variables: 225479
Number of clauses: 1172351
sat
real sat
../New_SAT_split/QF_NIA_2_6/20170427-VeryMax/ITS/From_AProVE_2014__juHashMapCreateContainsValue.jar-obl-11__p32600_safety_0.smt2 : 22860 ms.
--------------------------------------------------
Number of variables: 397038
Number of clauses: 2063454
sat
real sat
../New_SAT_split/QF_NIA_2_6/20170427-VeryMax/ITS/From_AProVE_2014__juHashMapCreateContainsValue.jar-obl-11__p32601_safety_0.smt2 : 29698 ms.
--------------------------------------------------
Number of variables: 173530
Number of clauses: 883366
sat
real sat
../New_SAT_split/QF_NIA_2_6/20170427-VeryMax/ITS/From_AProVE_2014__juHashMapCreateContainsValue.jar-obl-11__p32608_safety_0.smt2 : 42615 ms.
--------------------------------------------------
Number of variables: 159807
Number of clauses: 812148
sat
real sat
../New_SAT_split/QF_NIA_2_6/20170427-VeryMax/ITS/From_AProVE_2014__juHashMapCreateContainsValue.jar-obl-11__p32611_safety_0.smt2 : 19920 ms.
--------------------------------------------------
Number of variables: 92121
Number of clauses: 463240
sat
real sat
../New_SAT_split/QF_NIA_2_6/20170427-VeryMax/ITS/From_AProVE_2014__juHashMapCreateContainsValue.jar-obl-11__p32615_safety_0.smt2 : 9753 ms.
--------------------------------------------------
Number of variables: 167079
Number of clauses: 846502
sat
real sat
../New_SAT_split/QF_NIA_2_6/20170427-VeryMax/ITS/From_AProVE_2014__juHashMapCreateContainsValue.jar-obl-11__p32616_safety_0.smt2 : 15451 ms.
--------------------------------------------------
Number of variables: 156604
Number of clauses: 793801
sat
real sat
../New_SAT_split/QF_NIA_2_6/20170427-VeryMax/ITS/From_AProVE_2014__juHashMapCreateContainsValue.jar-obl-11__p32619_safety_0.smt2 : 5343 ms.
--------------------------------------------------
Number of variables: 84570
Number of clauses: 426467
sat
real sat
../New_SAT_split/QF_NIA_2_6/20170427-VeryMax/ITS/From_AProVE_2014__juHashMapCreateContainsValue.jar-obl-11__p32621_safety_0.smt2 : 9343 ms.
--------------------------------------------------
Number of variables: 157192
Number of clauses: 798192
sat
real sat
../New_SAT_split/QF_NIA_2_6/20170427-VeryMax/ITS/From_AProVE_2014__juHashMapCreateContainsValue.jar-obl-11__p32622_safety_0.smt2 : 17072 ms.
--------------------------------------------------
Number of variables: 93849
Number of clauses: 473562
sat
real sat
../New_SAT_split/QF_NIA_2_6/20170427-VeryMax/ITS/From_AProVE_2014__juHashMapCreateContainsValue.jar-obl-11__p32626_safety_0.smt2 : 11748 ms.
--------------------------------------------------
Number of variables: 169539
Number of clauses: 861278
sat
real sat
../New_SAT_split/QF_NIA_2_6/20170427-VeryMax/ITS/From_AProVE_2014__juHashMapCreateContainsValue.jar-obl-11__p32627_safety_0.smt2 : 18317 ms.
--------------------------------------------------
Number of variables: 81136
Number of clauses: 434059
unsat in 4 bits.
Number of variables: 174568
Number of clauses: 962941
unsat in 10 bits.
Number of variables: 352904
Number of clauses: 2008597
unsat in 18 bits.
Number of variables: 894108
Number of clauses: 5268660
sat
real sat
../New_SAT_split/QF_NIA_2_6/20170427-VeryMax/ITS/From_AProVE_2014__juHashMapCreateContainsValue.jar-obl-11__p32636_safety_0.smt2 : 391883 ms.
--------------------------------------------------
Number of variables: 194080
Number of clauses: 1028455
unsat in 4 bits.
Number of variables: 446860
Number of clauses: 2470057
unsat in 10 bits.
Number of variables: 951900
Number of clauses: 5456193
unsat in 18 bits.
Number of variables: 2538474
Number of clauses: 15080007
../New_SAT_split/QF_NIA_2_6/20170427-VeryMax/ITS/From_AProVE_2014__juHashMapCreateContainsValue.jar-obl-11__p32637_safety_0.smt2 : 2401233 ms.
--------------------------------------------------
Number of variables: 354727
Number of clauses: 1870611
unsat in 4 bits.
Number of variables: 843355
Number of clauses: 4662393
unsat in 10 bits.
Number of variables: 1837579
Number of clauses: 10555329
unsat in 18 bits.
Number of variables: 5001963
Number of clauses: 29789774
../New_SAT_split/QF_NIA_2_6/20170427-VeryMax/ITS/From_AProVE_2014__juHashMapCreateContainsValue.jar-obl-11__p32638_safety_0.smt2 : 2401309 ms.
--------------------------------------------------
Number of variables: 103859
Number of clauses: 542837
sat
real sat
../New_SAT_split/QF_NIA_2_6/20170427-VeryMax/ITS/From_AProVE_2014__juHashMapCreateContainsValue.jar-obl-11__p32639_safety_0.smt2 : 8218 ms.
--------------------------------------------------
Number of variables: 230570
Number of clauses: 1203056
sat
real sat
../New_SAT_split/QF_NIA_2_6/20170427-VeryMax/ITS/From_AProVE_2014__juHashMapCreateContainsValue.jar-obl-11__p32640_safety_0.smt2 : 141985 ms.
--------------------------------------------------
Number of variables: 404976
Number of clauses: 2110971
sat
real sat
../New_SAT_split/QF_NIA_2_6/20170427-VeryMax/ITS/From_AProVE_2014__juHashMapCreateContainsValue.jar-obl-11__p32641_safety_0.smt2 : 272200 ms.
--------------------------------------------------
Number of variables: 172942
Number of clauses: 880561
sat
real sat
../New_SAT_split/QF_NIA_2_6/20170427-VeryMax/ITS/From_AProVE_2014__juHashMapCreateContainsValue.jar-obl-11__p32651_safety_0.smt2 : 18120 ms.
--------------------------------------------------
Number of variables: 83140
Number of clauses: 417482
sat
real sat
../New_SAT_split/QF_NIA_2_6/20170427-VeryMax/ITS/From_AProVE_2014__juHashMapCreateContainsValue.jar-obl-11__p32653_safety_0.smt2 : 7491 ms.
--------------------------------------------------
Number of variables: 154991
Number of clauses: 784262
sat
real sat
../New_SAT_split/QF_NIA_2_6/20170427-VeryMax/ITS/From_AProVE_2014__juHashMapCreateContainsValue.jar-obl-11__p32654_safety_0.smt2 : 47306 ms.
--------------------------------------------------
Number of variables: 91760
Number of clauses: 461798
sat
real sat
../New_SAT_split/QF_NIA_2_6/20170427-VeryMax/ITS/From_AProVE_2014__juHashMapCreateContainsValue.jar-obl-11__p32658_safety_0.smt2 : 15709 ms.
--------------------------------------------------
Number of variables: 166528
Number of clauses: 844183
sat
real sat
../New_SAT_split/QF_NIA_2_6/20170427-VeryMax/ITS/From_AProVE_2014__juHashMapCreateContainsValue.jar-obl-11__p32659_safety_0.smt2 : 31641 ms.
--------------------------------------------------
Number of variables: 83153
Number of clauses: 417639
sat
real sat
../New_SAT_split/QF_NIA_2_6/20170427-VeryMax/ITS/From_AProVE_2014__juHashMapCreateContainsValue.jar-obl-11__p32661_safety_0.smt2 : 9429 ms.
--------------------------------------------------
Number of variables: 155018
Number of clauses: 784524
sat
real sat
../New_SAT_split/QF_NIA_2_6/20170427-VeryMax/ITS/From_AProVE_2014__juHashMapCreateContainsValue.jar-obl-11__p32662_safety_0.smt2 : 125409 ms.
--------------------------------------------------
Number of variables: 93504
Number of clauses: 472250
sat
real sat
../New_SAT_split/QF_NIA_2_6/20170427-VeryMax/ITS/From_AProVE_2014__juHashMapCreateContainsValue.jar-obl-11__p32669_safety_0.smt2 : 6961 ms.
--------------------------------------------------
Number of variables: 169012
Number of clauses: 859154
sat
real sat
../New_SAT_split/QF_NIA_2_6/20170427-VeryMax/ITS/From_AProVE_2014__juHashMapCreateContainsValue.jar-obl-11__p32670_safety_0.smt2 : 39416 ms.
--------------------------------------------------
Number of variables: 81280
Number of clauses: 434971
unsat in 4 bits.
Number of variables: 174802
Number of clauses: 964381
unsat in 10 bits.
Number of variables: 353258
Number of clauses: 2010741
unsat in 18 bits.
Number of variables: 894702
Number of clauses: 5272212
../New_SAT_split/QF_NIA_2_6/20170427-VeryMax/ITS/From_AProVE_2014__juHashMapCreateContainsValue.jar-obl-11__p32676_safety_0.smt2 : 2401100 ms.
--------------------------------------------------
Number of variables: 194339
Number of clauses: 1030119
unsat in 4 bits.
Number of variables: 447275
Number of clauses: 2472633
unsat in 10 bits.
Number of variables: 952523
Number of clauses: 5459985
unsat in 18 bits.
Number of variables: 2539513
Number of clauses: 15086231
../New_SAT_split/QF_NIA_2_6/20170427-VeryMax/ITS/From_AProVE_2014__juHashMapCreateContainsValue.jar-obl-11__p32677_safety_0.smt2 : 2401234 ms.
--------------------------------------------------
Number of variables: 355101
Number of clauses: 1873027
unsat in 4 bits.
Number of variables: 843951
Number of clauses: 4666105
unsat in 10 bits.
Number of variables: 1838471
Number of clauses: 10560769
unsat in 18 bits.
Number of variables: 5003447
Number of clauses: 29798670
../New_SAT_split/QF_NIA_2_6/20170427-VeryMax/ITS/From_AProVE_2014__juHashMapCreateContainsValue.jar-obl-11__p32678_safety_0.smt2 : 2401354 ms.
--------------------------------------------------
Number of variables: 104007
Number of clauses: 543781
sat
real sat
../New_SAT_split/QF_NIA_2_6/20170427-VeryMax/ITS/From_AProVE_2014__juHashMapCreateContainsValue.jar-obl-11__p32686_safety_0.smt2 : 12674 ms.
--------------------------------------------------
Number of variables: 230837
Number of clauses: 1204784
sat
real sat
../New_SAT_split/QF_NIA_2_6/20170427-VeryMax/ITS/From_AProVE_2014__juHashMapCreateContainsValue.jar-obl-11__p32687_safety_0.smt2 : 43364 ms.
--------------------------------------------------
Number of variables: 405362
Number of clauses: 2113483
sat
real sat
../New_SAT_split/QF_NIA_2_6/20170427-VeryMax/ITS/From_AProVE_2014__juHashMapCreateContainsValue.jar-obl-11__p32688_safety_0.smt2 : 86823 ms.
--------------------------------------------------
Number of variables: 91024
Number of clauses: 461082
sat
real sat
../New_SAT_split/QF_NIA_2_6/20170427-VeryMax/ITS/From_AProVE_2014__juHashMapCreateContainsValue.jar-obl-11__p32690_safety_0.smt2 : 1728 ms.
--------------------------------------------------
Number of variables: 166456
Number of clauses: 847817
sat
real sat
../New_SAT_split/QF_NIA_2_6/20170427-VeryMax/ITS/From_AProVE_2014__juHashMapCreateContainsValue.jar-obl-11__p32691_safety_0.smt2 : 16532 ms.
--------------------------------------------------
Number of variables: 91092
Number of clauses: 461522
sat
real sat
../New_SAT_split/QF_NIA_2_6/20170427-VeryMax/ITS/From_AProVE_2014__juHashMapCreateContainsValue.jar-obl-11__p32695_safety_0.smt2 : 8950 ms.
--------------------------------------------------
Number of variables: 166558
Number of clauses: 848477
sat
real sat
../New_SAT_split/QF_NIA_2_6/20170427-VeryMax/ITS/From_AProVE_2014__juHashMapCreateContainsValue.jar-obl-11__p32696_safety_0.smt2 : 37830 ms.
--------------------------------------------------
Number of variables: 175234
Number of clauses: 894517
sat
real sat
../New_SAT_split/QF_NIA_2_6/20170427-VeryMax/ITS/From_AProVE_2014__juHashMapCreateContainsValue.jar-obl-11__p32701_safety_0.smt2 : 19236 ms.
--------------------------------------------------
Number of variables: 93697
Number of clauses: 473345
sat
real sat
../New_SAT_split/QF_NIA_2_6/20170427-VeryMax/ITS/From_AProVE_2014__juHashMapCreateContainsValue.jar-obl-11__p32705_safety_0.smt2 : 2164 ms.
--------------------------------------------------
Number of variables: 169134
Number of clauses: 859882
sat
real sat
../New_SAT_split/QF_NIA_2_6/20170427-VeryMax/ITS/From_AProVE_2014__juHashMapCreateContainsValue.jar-obl-11__p32706_safety_0.smt2 : 3957 ms.
--------------------------------------------------
Number of variables: 131939
Number of clauses: 704224
sat
real sat
../New_SAT_split/QF_NIA_2_6/20170427-VeryMax/ITS/From_AProVE_2014__juHashMapCreateContainsValue.jar-obl-11__p32719_terminationG_0.smt2 : 8445 ms.
--------------------------------------------------
Number of variables: 250077
Number of clauses: 1318201
sat
real sat
../New_SAT_split/QF_NIA_2_6/20170427-VeryMax/ITS/From_AProVE_2014__juHashMapCreateContainsValue.jar-obl-11__p32720_terminationG_0.smt2 : 45563 ms.
--------------------------------------------------
Number of variables: 406531
Number of clauses: 2131698
sat
real sat
../New_SAT_split/QF_NIA_2_6/20170427-VeryMax/ITS/From_AProVE_2014__juHashMapCreateContainsValue.jar-obl-11__p32721_terminationG_0.smt2 : 441999 ms.
--------------------------------------------------
Number of variables: 170973
Number of clauses: 872031
sat
real sat
../New_SAT_split/QF_NIA_2_6/20170427-VeryMax/ITS/From_AProVE_2014__juHashMapCreateContainsValue.jar-obl-11__p32732_safety_0.smt2 : 15850 ms.
--------------------------------------------------
Number of variables: 173593
Number of clauses: 884711
sat
real sat
../New_SAT_split/QF_NIA_2_6/20170427-VeryMax/ITS/From_AProVE_2014__juHashMapCreateContainsValue.jar-obl-11__p32733_safety_0.smt2 : 16737 ms.
--------------------------------------------------
Number of variables: 92100
Number of clauses: 463772
sat
real sat
../New_SAT_split/QF_NIA_2_6/20170427-VeryMax/ITS/From_AProVE_2014__juHashMapCreateContainsValue.jar-obl-11__p32737_safety_0.smt2 : 1729 ms.
--------------------------------------------------
Number of variables: 89476
Number of clauses: 451060
sat
real sat
../New_SAT_split/QF_NIA_2_6/20170427-VeryMax/ITS/From_AProVE_2014__juHashMapCreateContainsValue.jar-obl-11__p32742_safety_0.smt2 : 1854 ms.
--------------------------------------------------
Number of variables: 164491
Number of clauses: 835040
sat
real sat
../New_SAT_split/QF_NIA_2_6/20170427-VeryMax/ITS/From_AProVE_2014__juHashMapCreateContainsValue.jar-obl-11__p32743_safety_0.smt2 : 36919 ms.
--------------------------------------------------
Number of variables: 39391
Number of clauses: 196228
sat
real sat
../New_SAT_split/QF_NIA_2_6/20170427-VeryMax/ITS/From_AProVE_2014__juHashMapCreateContainsValue.jar-obl-11__p32746_safety_0.smt2 : 847 ms.
--------------------------------------------------
Number of variables: 92544
Number of clauses: 467170
sat
real sat
../New_SAT_split/QF_NIA_2_6/20170427-VeryMax/ITS/From_AProVE_2014__juHashMapCreateContainsValue.jar-obl-11__p32747_safety_0.smt2 : 9913 ms.
--------------------------------------------------
Number of variables: 167777
Number of clauses: 852780
sat
real sat
../New_SAT_split/QF_NIA_2_6/20170427-VeryMax/ITS/From_AProVE_2014__juHashMapCreateContainsValue.jar-obl-11__p32748_safety_0.smt2 : 37870 ms.
--------------------------------------------------
Number of variables: 89920
Number of clauses: 454458
sat
real sat
../New_SAT_split/QF_NIA_2_6/20170427-VeryMax/ITS/From_AProVE_2014__juHashMapCreateContainsValue.jar-obl-11__p32752_safety_0.smt2 : 17358 ms.
--------------------------------------------------
Number of variables: 165157
Number of clauses: 840100
sat
real sat
../New_SAT_split/QF_NIA_2_6/20170427-VeryMax/ITS/From_AProVE_2014__juHashMapCreateContainsValue.jar-obl-11__p32753_safety_0.smt2 : 113814 ms.
--------------------------------------------------
Number of variables: 104000
Number of clauses: 544489
sat
real sat
../New_SAT_split/QF_NIA_2_6/20170427-VeryMax/ITS/From_AProVE_2014__juHashMapCreateContainsValue.jar-obl-11__p32764_safety_0.smt2 : 8180 ms.
--------------------------------------------------
Number of variables: 229416
Number of clauses: 1198667
sat
real sat
../New_SAT_split/QF_NIA_2_6/20170427-VeryMax/ITS/From_AProVE_2014__juHashMapCreateContainsValue.jar-obl-11__p32765_safety_0.smt2 : 19298 ms.
--------------------------------------------------
Number of variables: 402448
Number of clauses: 2099903
sat
real sat
../New_SAT_split/QF_NIA_2_6/20170427-VeryMax/ITS/From_AProVE_2014__juHashMapCreateContainsValue.jar-obl-11__p32766_safety_0.smt2 : 35025 ms.
--------------------------------------------------
Number of variables: 81507
Number of clauses: 434715
unsat in 4 bits.
Number of variables: 176937
Number of clauses: 975351
unsat in 10 bits.
Number of variables: 360289
Number of clauses: 2051575
unsat in 18 bits.
Number of variables: 919597
Number of clauses: 5423878
sat
real sat
../New_SAT_split/QF_NIA_2_6/20170427-VeryMax/ITS/From_AProVE_2014__juHashMapCreateContainsValue.jar-obl-11__p32767_safety_0.smt2 : 164243 ms.
