--------------------------------------------------
sat
../QF_NIA_split/QF_NIA_2_25//20170427-VeryMax/ITS/From_T2__fast_poll.t2_fixed__term_unfeasibility_0_0.smt2 : 7780 ms.
--------------------------------------------------
unsat
../QF_NIA_split/QF_NIA_2_25//20170427-VeryMax/ITS/From_T2__fast_poll.t2_fixed__term_unfeasibility_2_0.smt2 : 16701 ms.
--------------------------------------------------
sat
../QF_NIA_split/QF_NIA_2_25//20170427-VeryMax/ITS/From_T2__fast_poll.t2__term_unfeasibility_0_0.smt2 : 2134 ms.
--------------------------------------------------
sat
../QF_NIA_split/QF_NIA_2_25//20170427-VeryMax/ITS/From_T2__fast_poll.t2__term_unfeasibility_1_0.smt2 : 2335 ms.
--------------------------------------------------
unsat
../QF_NIA_split/QF_NIA_2_25//20170427-VeryMax/ITS/From_T2__fast_poll.t2__term_unfeasibility_2_0.smt2 : 9482 ms.
--------------------------------------------------
unsat
../QF_NIA_split/QF_NIA_2_25//20170427-VeryMax/ITS/From_T2__firewire.t2__p32277_terminationG_0.smt2 : 54295 ms.
--------------------------------------------------
timeout
../QF_NIA_split/QF_NIA_2_25//20170427-VeryMax/ITS/From_T2__firewire.t2__p32278_terminationG_0.smt2 : 60027 ms.
--------------------------------------------------
timeout
../QF_NIA_split/QF_NIA_2_25//20170427-VeryMax/ITS/From_T2__firewire.t2__p32279_terminationG_0.smt2 : 60023 ms.
--------------------------------------------------
timeout
../QF_NIA_split/QF_NIA_2_25//20170427-VeryMax/ITS/From_T2__firewire.t2__p32282_terminationG_0.smt2 : 60023 ms.
--------------------------------------------------
timeout
../QF_NIA_split/QF_NIA_2_25//20170427-VeryMax/ITS/From_T2__firewire.t2__p32283_terminationG_0.smt2 : 60026 ms.
--------------------------------------------------
timeout
../QF_NIA_split/QF_NIA_2_25//20170427-VeryMax/ITS/From_T2__firewire.t2__p32284_terminationG_0.smt2 : 60027 ms.
--------------------------------------------------
timeout
../QF_NIA_split/QF_NIA_2_25//20170427-VeryMax/ITS/From_T2__firewire.t2__p32287_terminationG_0.smt2 : 60025 ms.
--------------------------------------------------
timeout
../QF_NIA_split/QF_NIA_2_25//20170427-VeryMax/ITS/From_T2__firewire.t2__p32288_terminationG_0.smt2 : 60030 ms.
--------------------------------------------------
timeout
../QF_NIA_split/QF_NIA_2_25//20170427-VeryMax/ITS/From_T2__firewire.t2__p32289_terminationG_0.smt2 : 60029 ms.
--------------------------------------------------
timeout
../QF_NIA_split/QF_NIA_2_25//20170427-VeryMax/ITS/From_T2__firewire.t2__p32293_terminationG_0.smt2 : 60024 ms.
--------------------------------------------------
timeout
../QF_NIA_split/QF_NIA_2_25//20170427-VeryMax/ITS/From_T2__firewire.t2__p32294_terminationG_0.smt2 : 60022 ms.
--------------------------------------------------
timeout
../QF_NIA_split/QF_NIA_2_25//20170427-VeryMax/ITS/From_T2__firewire.t2__p32295_terminationG_0.smt2 : 60029 ms.
--------------------------------------------------
timeout
../QF_NIA_split/QF_NIA_2_25//20170427-VeryMax/ITS/From_T2__firewire.t2__p32297_edge_closing_0.smt2 : 60030 ms.
--------------------------------------------------
timeout
../QF_NIA_split/QF_NIA_2_25//20170427-VeryMax/ITS/From_T2__firewire.t2__p32298_edge_closing_0.smt2 : 60062 ms.
--------------------------------------------------
timeout
../QF_NIA_split/QF_NIA_2_25//20170427-VeryMax/ITS/From_T2__firewire.t2__p32299_edge_closing_0.smt2 : 60027 ms.
--------------------------------------------------
timeout
../QF_NIA_split/QF_NIA_2_25//20170427-VeryMax/ITS/From_T2__firewire.t2__p32301_edge_closing_0.smt2 : 60030 ms.
--------------------------------------------------
timeout
../QF_NIA_split/QF_NIA_2_25//20170427-VeryMax/ITS/From_T2__firewire.t2__p32302_edge_closing_0.smt2 : 60034 ms.
--------------------------------------------------
timeout
../QF_NIA_split/QF_NIA_2_25//20170427-VeryMax/ITS/From_T2__firewire.t2__p32303_edge_closing_0.smt2 : 60042 ms.
--------------------------------------------------
sat
../QF_NIA_split/QF_NIA_2_25//20170427-VeryMax/ITS/From_T2__firewire.t2__terminationQ_0_0.smt2 : 11101 ms.
--------------------------------------------------
sat
../QF_NIA_split/QF_NIA_2_25//20170427-VeryMax/ITS/From_T2__firewire.t2__terminationQ_1_0.smt2 : 27400 ms.
--------------------------------------------------
unsat
../QF_NIA_split/QF_NIA_2_25//20170427-VeryMax/ITS/From_T2__firewire.t2__terminationS_0_0.smt2 : 23469 ms.
--------------------------------------------------
timeout
../QF_NIA_split/QF_NIA_2_25//20170427-VeryMax/ITS/From_T2__firewire.t2__terminationS_10_0.smt2 : 60030 ms.
--------------------------------------------------
unsat
../QF_NIA_split/QF_NIA_2_25//20170427-VeryMax/ITS/From_T2__firewire.t2__terminationS_1_0.smt2 : 4581 ms.
--------------------------------------------------
timeout
../QF_NIA_split/QF_NIA_2_25//20170427-VeryMax/ITS/From_T2__firewire.t2__terminationS_11_0.smt2 : 60029 ms.
--------------------------------------------------
timeout
../QF_NIA_split/QF_NIA_2_25//20170427-VeryMax/ITS/From_T2__firewire.t2__terminationS_12_0.smt2 : 60029 ms.
--------------------------------------------------
timeout
../QF_NIA_split/QF_NIA_2_25//20170427-VeryMax/ITS/From_T2__firewire.t2__terminationS_13_0.smt2 : 60031 ms.
--------------------------------------------------
timeout
../QF_NIA_split/QF_NIA_2_25//20170427-VeryMax/ITS/From_T2__firewire.t2__terminationS_14_0.smt2 : 60026 ms.
--------------------------------------------------
timeout
../QF_NIA_split/QF_NIA_2_25//20170427-VeryMax/ITS/From_T2__firewire.t2__terminationS_15_0.smt2 : 60029 ms.
--------------------------------------------------
timeout
../QF_NIA_split/QF_NIA_2_25//20170427-VeryMax/ITS/From_T2__firewire.t2__terminationS_16_0.smt2 : 60035 ms.
--------------------------------------------------
timeout
../QF_NIA_split/QF_NIA_2_25//20170427-VeryMax/ITS/From_T2__firewire.t2__terminationS_17_0.smt2 : 60027 ms.
--------------------------------------------------
timeout
../QF_NIA_split/QF_NIA_2_25//20170427-VeryMax/ITS/From_T2__firewire.t2__terminationS_18_0.smt2 : 60030 ms.
--------------------------------------------------
timeout
../QF_NIA_split/QF_NIA_2_25//20170427-VeryMax/ITS/From_T2__firewire.t2__terminationS_19_0.smt2 : 60029 ms.
--------------------------------------------------
timeout
../QF_NIA_split/QF_NIA_2_25//20170427-VeryMax/ITS/From_T2__firewire.t2__terminationS_20_0.smt2 : 60028 ms.
--------------------------------------------------
timeout
../QF_NIA_split/QF_NIA_2_25//20170427-VeryMax/ITS/From_T2__firewire.t2__terminationS_2_0.smt2 : 60026 ms.
--------------------------------------------------
unsat
../QF_NIA_split/QF_NIA_2_25//20170427-VeryMax/ITS/From_T2__firewire.t2__terminationS_21_0.smt2 : 15044 ms.
--------------------------------------------------
unsat
../QF_NIA_split/QF_NIA_2_25//20170427-VeryMax/ITS/From_T2__firewire.t2__terminationS_22_0.smt2 : 33372 ms.
--------------------------------------------------
unsat
../QF_NIA_split/QF_NIA_2_25//20170427-VeryMax/ITS/From_T2__firewire.t2__terminationS_23_0.smt2 : 30949 ms.
--------------------------------------------------
unsat
../QF_NIA_split/QF_NIA_2_25//20170427-VeryMax/ITS/From_T2__firewire.t2__terminationS_24_0.smt2 : 35675 ms.
--------------------------------------------------
unsat
../QF_NIA_split/QF_NIA_2_25//20170427-VeryMax/ITS/From_T2__firewire.t2__terminationS_25_0.smt2 : 33187 ms.
--------------------------------------------------
unsat
../QF_NIA_split/QF_NIA_2_25//20170427-VeryMax/ITS/From_T2__firewire.t2__terminationS_26_0.smt2 : 36675 ms.
--------------------------------------------------
unsat
../QF_NIA_split/QF_NIA_2_25//20170427-VeryMax/ITS/From_T2__firewire.t2__terminationS_27_0.smt2 : 24341 ms.
--------------------------------------------------
unsat
../QF_NIA_split/QF_NIA_2_25//20170427-VeryMax/ITS/From_T2__firewire.t2__terminationS_28_0.smt2 : 29678 ms.
--------------------------------------------------
unsat
../QF_NIA_split/QF_NIA_2_25//20170427-VeryMax/ITS/From_T2__firewire.t2__terminationS_29_0.smt2 : 29443 ms.
--------------------------------------------------
timeout
../QF_NIA_split/QF_NIA_2_25//20170427-VeryMax/ITS/From_T2__firewire.t2__terminationS_3_0.smt2 : 60023 ms.
--------------------------------------------------
timeout
../QF_NIA_split/QF_NIA_2_25//20170427-VeryMax/ITS/From_T2__firewire.t2__terminationS_4_0.smt2 : 60023 ms.
--------------------------------------------------
timeout
../QF_NIA_split/QF_NIA_2_25//20170427-VeryMax/ITS/From_T2__firewire.t2__terminationS_5_0.smt2 : 60030 ms.
--------------------------------------------------
timeout
../QF_NIA_split/QF_NIA_2_25//20170427-VeryMax/ITS/From_T2__firewire.t2__terminationS_6_0.smt2 : 60024 ms.
--------------------------------------------------
unsat
../QF_NIA_split/QF_NIA_2_25//20170427-VeryMax/ITS/From_T2__firewire.t2__terminationS_7_0.smt2 : 56908 ms.
--------------------------------------------------
timeout
../QF_NIA_split/QF_NIA_2_25//20170427-VeryMax/ITS/From_T2__firewire.t2__terminationS_8_0.smt2 : 60037 ms.
--------------------------------------------------
timeout
../QF_NIA_split/QF_NIA_2_25//20170427-VeryMax/ITS/From_T2__firewire.t2__terminationS_9_0.smt2 : 60030 ms.
--------------------------------------------------
unsat
../QF_NIA_split/QF_NIA_2_25//20170427-VeryMax/ITS/From_T2__firewire.t2__term_unfeasibility_1_0.smt2 : 5186 ms.
--------------------------------------------------
unsat
../QF_NIA_split/QF_NIA_2_25//20170427-VeryMax/ITS/From_T2__flipflop.t2__p32330_terminationG_0.smt2 : 9194 ms.
--------------------------------------------------
sat
../QF_NIA_split/QF_NIA_2_25//20170427-VeryMax/ITS/From_T2__florian_new_ex.t2__p32352_terminationG_0.smt2 : 2785 ms.
--------------------------------------------------
sat
../QF_NIA_split/QF_NIA_2_25//20170427-VeryMax/ITS/From_T2__florian_new_ex.t2__p32353_terminationG_0.smt2 : 9639 ms.
--------------------------------------------------
timeout
../QF_NIA_split/QF_NIA_2_25//20170427-VeryMax/ITS/From_T2__florian_sas2.t2__p32368_terminationG_0.smt2 : 60041 ms.
--------------------------------------------------
timeout
../QF_NIA_split/QF_NIA_2_25//20170427-VeryMax/ITS/From_T2__florian_sas2.t2__p32369_terminationG_0.smt2 : 60068 ms.
--------------------------------------------------
timeout
../QF_NIA_split/QF_NIA_2_25//20170427-VeryMax/ITS/From_T2__florian_sas2.t2__p32370_terminationG_0.smt2 : 60031 ms.
--------------------------------------------------
sat
../QF_NIA_split/QF_NIA_2_25//20170427-VeryMax/ITS/From_T2__florian_sas2.t2__p32373_terminationG_0.smt2 : 28095 ms.
--------------------------------------------------
timeout
../QF_NIA_split/QF_NIA_2_25//20170427-VeryMax/ITS/From_T2__florian_sas2.t2__p32374_terminationG_0.smt2 : 60028 ms.
--------------------------------------------------
timeout
../QF_NIA_split/QF_NIA_2_25//20170427-VeryMax/ITS/From_T2__florian_sas2.t2__p32375_terminationG_0.smt2 : 60033 ms.
--------------------------------------------------
timeout
../QF_NIA_split/QF_NIA_2_25//20170427-VeryMax/ITS/From_T2__florian_sas2.t2__p32378_terminationG_0.smt2 : 60029 ms.
--------------------------------------------------
timeout
../QF_NIA_split/QF_NIA_2_25//20170427-VeryMax/ITS/From_T2__florian_sas2.t2__p32379_terminationG_0.smt2 : 60033 ms.
--------------------------------------------------
timeout
../QF_NIA_split/QF_NIA_2_25//20170427-VeryMax/ITS/From_T2__florian_sas2.t2__p32380_terminationG_0.smt2 : 60024 ms.
--------------------------------------------------
sat
../QF_NIA_split/QF_NIA_2_25//20170427-VeryMax/ITS/From_T2__florian_sas2.t2__p32383_terminationG_0.smt2 : 3376 ms.
--------------------------------------------------
timeout
../QF_NIA_split/QF_NIA_2_25//20170427-VeryMax/ITS/From_T2__florian_sas2.t2__p32384_terminationG_0.smt2 : 60024 ms.
--------------------------------------------------
timeout
../QF_NIA_split/QF_NIA_2_25//20170427-VeryMax/ITS/From_T2__florian_sas2.t2__p32385_terminationG_0.smt2 : 60038 ms.
--------------------------------------------------
sat
../QF_NIA_split/QF_NIA_2_25//20170427-VeryMax/ITS/From_T2__florian_sas2.t2__p32388_terminationG_0.smt2 : 3851 ms.
--------------------------------------------------
timeout
../QF_NIA_split/QF_NIA_2_25//20170427-VeryMax/ITS/From_T2__florian_sas2.t2__p32389_terminationG_0.smt2 : 60029 ms.
--------------------------------------------------
timeout
../QF_NIA_split/QF_NIA_2_25//20170427-VeryMax/ITS/From_T2__florian_sas2.t2__p32390_terminationG_0.smt2 : 60024 ms.
--------------------------------------------------
sat
../QF_NIA_split/QF_NIA_2_25//20170427-VeryMax/ITS/From_T2__florian_sas2.t2__p32392_terminationG_0.smt2 : 3638 ms.
--------------------------------------------------
timeout
../QF_NIA_split/QF_NIA_2_25//20170427-VeryMax/ITS/From_T2__florian_sas2.t2__p32394_terminationG_0.smt2 : 60033 ms.
--------------------------------------------------
timeout
../QF_NIA_split/QF_NIA_2_25//20170427-VeryMax/ITS/From_T2__florian_sas2.t2__p32395_terminationG_0.smt2 : 60034 ms.
--------------------------------------------------
timeout
../QF_NIA_split/QF_NIA_2_25//20170427-VeryMax/ITS/From_T2__florian_sas2.t2__p32398_terminationG_0.smt2 : 60021 ms.
--------------------------------------------------
timeout
../QF_NIA_split/QF_NIA_2_25//20170427-VeryMax/ITS/From_T2__florian_sas2.t2__p32399_terminationG_0.smt2 : 60019 ms.
--------------------------------------------------
timeout
../QF_NIA_split/QF_NIA_2_25//20170427-VeryMax/ITS/From_T2__florian_sas2.t2__p32400_terminationG_0.smt2 : 60029 ms.
--------------------------------------------------
sat
../QF_NIA_split/QF_NIA_2_25//20170427-VeryMax/ITS/From_T2__florian_sas2.t2__p32403_terminationG_0.smt2 : 7026 ms.
--------------------------------------------------
timeout
../QF_NIA_split/QF_NIA_2_25//20170427-VeryMax/ITS/From_T2__florian_sas2.t2__p32404_terminationG_0.smt2 : 60039 ms.
--------------------------------------------------
timeout
../QF_NIA_split/QF_NIA_2_25//20170427-VeryMax/ITS/From_T2__florian_sas2.t2__p32405_terminationG_0.smt2 : 60024 ms.
--------------------------------------------------
sat
../QF_NIA_split/QF_NIA_2_25//20170427-VeryMax/ITS/From_T2__florian_sas2.t2__p32408_terminationG_0.smt2 : 11524 ms.
--------------------------------------------------
timeout
../QF_NIA_split/QF_NIA_2_25//20170427-VeryMax/ITS/From_T2__florian_sas2.t2__p32409_terminationG_0.smt2 : 60048 ms.
--------------------------------------------------
timeout
../QF_NIA_split/QF_NIA_2_25//20170427-VeryMax/ITS/From_T2__florian_sas2.t2__p32410_terminationG_0.smt2 : 60026 ms.
--------------------------------------------------
sat
../QF_NIA_split/QF_NIA_2_25//20170427-VeryMax/ITS/From_T2__florian_sas2.t2__terminationQ_2_0.smt2 : 5932 ms.
--------------------------------------------------
sat
../QF_NIA_split/QF_NIA_2_25//20170427-VeryMax/ITS/From_T2__florian_sas2.t2__terminationQ_3_0.smt2 : 20054 ms.
--------------------------------------------------
sat
../QF_NIA_split/QF_NIA_2_25//20170427-VeryMax/ITS/From_T2__florian_sas2.t2__terminationQ_4_0.smt2 : 9185 ms.
--------------------------------------------------
sat
../QF_NIA_split/QF_NIA_2_25//20170427-VeryMax/ITS/From_T2__florian_sas2.t2__terminationQ_5_0.smt2 : 15314 ms.
--------------------------------------------------
sat
../QF_NIA_split/QF_NIA_2_25//20170427-VeryMax/ITS/From_T2__florian_sas2.t2__terminationQ_6_0.smt2 : 15686 ms.
--------------------------------------------------
unsat
../QF_NIA_split/QF_NIA_2_25//20170427-VeryMax/ITS/From_T2__florian_sas2.t2__terminationS_0_0.smt2 : 1330 ms.
--------------------------------------------------
timeout
../QF_NIA_split/QF_NIA_2_25//20170427-VeryMax/ITS/From_T2__florian_sas2.t2__terminationS_2_0.smt2 : 60031 ms.
--------------------------------------------------
unsat
../QF_NIA_split/QF_NIA_2_25//20170427-VeryMax/ITS/From_T2__florian_sas2.t2__terminationS_3_0.smt2 : 7896 ms.
--------------------------------------------------
unsat
../QF_NIA_split/QF_NIA_2_25//20170427-VeryMax/ITS/From_T2__florian_sas2.t2__terminationS_4_0.smt2 : 2333 ms.
--------------------------------------------------
timeout
../QF_NIA_split/QF_NIA_2_25//20170427-VeryMax/ITS/From_T2__florian_sas2.t2__terminationS_5_0.smt2 : 60046 ms.
--------------------------------------------------
timeout
../QF_NIA_split/QF_NIA_2_25//20170427-VeryMax/ITS/From_T2__florian_sas2.t2__terminationS_6_0.smt2 : 60039 ms.
--------------------------------------------------
unsat
../QF_NIA_split/QF_NIA_2_25//20170427-VeryMax/ITS/From_T2__florian_sas2.t2__terminationS_7_0.smt2 : 3033 ms.
--------------------------------------------------
sat
../QF_NIA_split/QF_NIA_2_25//20170427-VeryMax/ITS/From_T2__florian_sas2.t2__term_unfeasibility_0_0.smt2 : 2917 ms.
--------------------------------------------------
sat
../QF_NIA_split/QF_NIA_2_25//20170427-VeryMax/ITS/From_T2__florian_sas2.t2__term_unfeasibility_1_0.smt2 : 3296 ms.
--------------------------------------------------
unsat
../QF_NIA_split/QF_NIA_2_25//20170427-VeryMax/ITS/From_T2__florian_sas2.t2__term_unfeasibility_2_0.smt2 : 29151 ms.
--------------------------------------------------
sat
../QF_NIA_split/QF_NIA_2_25//20170427-VeryMax/ITS/From_T2__florian_sumit.t2__p32417_terminationG_0.smt2 : 1463 ms.
--------------------------------------------------
sat
../QF_NIA_split/QF_NIA_2_25//20170427-VeryMax/ITS/From_T2__florian_sumit.t2__p32418_terminationG_0.smt2 : 4916 ms.
--------------------------------------------------
sat
../QF_NIA_split/QF_NIA_2_25//20170427-VeryMax/ITS/From_T2__florian_sumit.t2__p32419_terminationG_0.smt2 : 25864 ms.
--------------------------------------------------
sat
../QF_NIA_split/QF_NIA_2_25//20170427-VeryMax/ITS/From_T2__florian_sumit.t2__p32423_terminationG_0.smt2 : 39274 ms.
--------------------------------------------------
sat
../QF_NIA_split/QF_NIA_2_25//20170427-VeryMax/ITS/From_T2__florian_sumit.t2__p32424_terminationG_0.smt2 : 27015 ms.
--------------------------------------------------
sat
../QF_NIA_split/QF_NIA_2_25//20170427-VeryMax/ITS/From_T2__florian_sumit.t2__p32428_terminationG_0.smt2 : 5529 ms.
--------------------------------------------------
sat
../QF_NIA_split/QF_NIA_2_25//20170427-VeryMax/ITS/From_T2__florian_sumit.t2__p32429_terminationG_0.smt2 : 20831 ms.
--------------------------------------------------
unsat
../QF_NIA_split/QF_NIA_2_25//20170427-VeryMax/ITS/From_T2__florian_sumit.t2__p32432_terminationG_0.smt2 : 12879 ms.
--------------------------------------------------
sat
../QF_NIA_split/QF_NIA_2_25//20170427-VeryMax/ITS/From_T2__florian_sumit.t2__p32433_terminationG_0.smt2 : 17543 ms.
--------------------------------------------------
timeout
../QF_NIA_split/QF_NIA_2_25//20170427-VeryMax/ITS/From_T2__florian_sumit.t2__p32434_terminationG_0.smt2 : 60057 ms.
--------------------------------------------------
unsat
../QF_NIA_split/QF_NIA_2_25//20170427-VeryMax/ITS/From_T2__florian_sumit.t2__p32437_terminationG_0.smt2 : 7742 ms.
--------------------------------------------------
timeout
../QF_NIA_split/QF_NIA_2_25//20170427-VeryMax/ITS/From_T2__florian_sumit.t2__p32438_terminationG_0.smt2 : 60041 ms.
--------------------------------------------------
timeout
../QF_NIA_split/QF_NIA_2_25//20170427-VeryMax/ITS/From_T2__florian_sumit.t2__p32439_terminationG_0.smt2 : 60063 ms.
--------------------------------------------------
sat
../QF_NIA_split/QF_NIA_2_25//20170427-VeryMax/ITS/From_T2__florian_sumit.t2__p32441_edge_closing_0.smt2 : 1805 ms.
--------------------------------------------------
sat
../QF_NIA_split/QF_NIA_2_25//20170427-VeryMax/ITS/From_T2__florian_sumit.t2__p32442_edge_closing_0.smt2 : 5936 ms.
--------------------------------------------------
sat
../QF_NIA_split/QF_NIA_2_25//20170427-VeryMax/ITS/From_T2__florian_sumit.t2__p32443_edge_closing_0.smt2 : 7927 ms.
--------------------------------------------------
sat
../QF_NIA_split/QF_NIA_2_25//20170427-VeryMax/ITS/From_T2__florian_sumit.t2__p32446_edge_closing_0.smt2 : 5455 ms.
--------------------------------------------------
sat
../QF_NIA_split/QF_NIA_2_25//20170427-VeryMax/ITS/From_T2__florian_sumit.t2__p32447_edge_closing_0.smt2 : 14431 ms.
--------------------------------------------------
unsat
../QF_NIA_split/QF_NIA_2_25//20170427-VeryMax/ITS/From_T2__florian_sumit.t2__p32448_edge_closing_0.smt2 : 1144 ms.
--------------------------------------------------
sat
../QF_NIA_split/QF_NIA_2_25//20170427-VeryMax/ITS/From_T2__florian_sumit.t2__p32449_edge_closing_0.smt2 : 15469 ms.
--------------------------------------------------
sat
../QF_NIA_split/QF_NIA_2_25//20170427-VeryMax/ITS/From_T2__florian_sumit.t2__p32450_edge_closing_0.smt2 : 26249 ms.
--------------------------------------------------
unsat
../QF_NIA_split/QF_NIA_2_25//20170427-VeryMax/ITS/From_T2__florian_sumit.t2__p32451_edge_closing_0.smt2 : 31801 ms.
--------------------------------------------------
timeout
../QF_NIA_split/QF_NIA_2_25//20170427-VeryMax/ITS/From_T2__florian_sumit.t2__p32452_edge_closing_0.smt2 : 60046 ms.
--------------------------------------------------
sat
../QF_NIA_split/QF_NIA_2_25//20170427-VeryMax/ITS/From_T2__florian_sumit.t2__p32453_edge_closing_0.smt2 : 59399 ms.
--------------------------------------------------
unsat
../QF_NIA_split/QF_NIA_2_25//20170427-VeryMax/ITS/From_T2__florian_sumit.t2__terminationQ_0_0.smt2 : 3117 ms.
--------------------------------------------------
unsat
../QF_NIA_split/QF_NIA_2_25//20170427-VeryMax/ITS/From_T2__florian_sumit.t2__terminationS_1_0.smt2 : 1233 ms.
--------------------------------------------------
unsat
../QF_NIA_split/QF_NIA_2_25//20170427-VeryMax/ITS/From_T2__florian_sumit.t2__terminationS_3_0.smt2 : 1008 ms.
--------------------------------------------------
timeout
../QF_NIA_split/QF_NIA_2_25//20170427-VeryMax/ITS/From_T2__foo.t2__p32572_terminationG_0.smt2 : 60056 ms.
--------------------------------------------------
timeout
../QF_NIA_split/QF_NIA_2_25//20170427-VeryMax/ITS/From_T2__foo.t2__p32573_terminationG_0.smt2 : 60080 ms.
--------------------------------------------------
timeout
../QF_NIA_split/QF_NIA_2_25//20170427-VeryMax/ITS/From_T2__foo.t2__p32574_terminationG_0.smt2 : 60086 ms.
--------------------------------------------------
timeout
../QF_NIA_split/QF_NIA_2_25//20170427-VeryMax/ITS/From_T2__foo.t2__terminationS_0_0.smt2 : 60047 ms.
--------------------------------------------------
unsat
../QF_NIA_split/QF_NIA_2_25//20170427-VeryMax/ITS/From_T2__foo.t2__terminationS_10_0.smt2 : 16255 ms.
--------------------------------------------------
timeout
../QF_NIA_split/QF_NIA_2_25//20170427-VeryMax/ITS/From_T2__foo.t2__terminationS_1_0.smt2 : 60057 ms.
--------------------------------------------------
unsat
../QF_NIA_split/QF_NIA_2_25//20170427-VeryMax/ITS/From_T2__foo.t2__terminationS_11_0.smt2 : 46156 ms.
--------------------------------------------------
timeout
../QF_NIA_split/QF_NIA_2_25//20170427-VeryMax/ITS/From_T2__foo.t2__terminationS_12_0.smt2 : 60037 ms.
--------------------------------------------------
timeout
../QF_NIA_split/QF_NIA_2_25//20170427-VeryMax/ITS/From_T2__foo.t2__terminationS_13_0.smt2 : 60047 ms.
--------------------------------------------------
timeout
../QF_NIA_split/QF_NIA_2_25//20170427-VeryMax/ITS/From_T2__foo.t2__terminationS_14_0.smt2 : 60041 ms.
--------------------------------------------------
timeout
../QF_NIA_split/QF_NIA_2_25//20170427-VeryMax/ITS/From_T2__foo.t2__terminationS_15_0.smt2 : 60040 ms.
--------------------------------------------------
timeout
../QF_NIA_split/QF_NIA_2_25//20170427-VeryMax/ITS/From_T2__foo.t2__terminationS_16_0.smt2 : 60054 ms.
--------------------------------------------------
timeout
../QF_NIA_split/QF_NIA_2_25//20170427-VeryMax/ITS/From_T2__foo.t2__terminationS_17_0.smt2 : 60046 ms.
--------------------------------------------------
timeout
../QF_NIA_split/QF_NIA_2_25//20170427-VeryMax/ITS/From_T2__foo.t2__terminationS_18_0.smt2 : 60044 ms.
--------------------------------------------------
timeout
../QF_NIA_split/QF_NIA_2_25//20170427-VeryMax/ITS/From_T2__foo.t2__terminationS_19_0.smt2 : 60040 ms.
--------------------------------------------------
timeout
../QF_NIA_split/QF_NIA_2_25//20170427-VeryMax/ITS/From_T2__foo.t2__terminationS_20_0.smt2 : 60044 ms.
--------------------------------------------------
timeout
../QF_NIA_split/QF_NIA_2_25//20170427-VeryMax/ITS/From_T2__foo.t2__terminationS_2_0.smt2 : 60038 ms.
--------------------------------------------------
timeout
../QF_NIA_split/QF_NIA_2_25//20170427-VeryMax/ITS/From_T2__foo.t2__terminationS_21_0.smt2 : 60042 ms.
--------------------------------------------------
timeout
../QF_NIA_split/QF_NIA_2_25//20170427-VeryMax/ITS/From_T2__foo.t2__terminationS_22_0.smt2 : 60038 ms.
--------------------------------------------------
timeout
../QF_NIA_split/QF_NIA_2_25//20170427-VeryMax/ITS/From_T2__foo.t2__terminationS_23_0.smt2 : 60040 ms.
--------------------------------------------------
timeout
../QF_NIA_split/QF_NIA_2_25//20170427-VeryMax/ITS/From_T2__foo.t2__terminationS_24_0.smt2 : 60050 ms.
--------------------------------------------------
timeout
../QF_NIA_split/QF_NIA_2_25//20170427-VeryMax/ITS/From_T2__foo.t2__terminationS_25_0.smt2 : 60038 ms.
--------------------------------------------------
timeout
../QF_NIA_split/QF_NIA_2_25//20170427-VeryMax/ITS/From_T2__foo.t2__terminationS_26_0.smt2 : 60048 ms.
--------------------------------------------------
timeout
../QF_NIA_split/QF_NIA_2_25//20170427-VeryMax/ITS/From_T2__foo.t2__terminationS_27_0.smt2 : 60041 ms.
--------------------------------------------------
timeout
../QF_NIA_split/QF_NIA_2_25//20170427-VeryMax/ITS/From_T2__foo.t2__terminationS_28_0.smt2 : 60043 ms.
--------------------------------------------------
timeout
../QF_NIA_split/QF_NIA_2_25//20170427-VeryMax/ITS/From_T2__foo.t2__terminationS_29_0.smt2 : 60048 ms.
--------------------------------------------------
timeout
../QF_NIA_split/QF_NIA_2_25//20170427-VeryMax/ITS/From_T2__foo.t2__terminationS_30_0.smt2 : 60052 ms.
--------------------------------------------------
timeout
../QF_NIA_split/QF_NIA_2_25//20170427-VeryMax/ITS/From_T2__foo.t2__terminationS_3_0.smt2 : 60043 ms.
--------------------------------------------------
timeout
../QF_NIA_split/QF_NIA_2_25//20170427-VeryMax/ITS/From_T2__foo.t2__terminationS_31_0.smt2 : 60038 ms.
--------------------------------------------------
timeout
../QF_NIA_split/QF_NIA_2_25//20170427-VeryMax/ITS/From_T2__foo.t2__terminationS_32_0.smt2 : 60053 ms.
--------------------------------------------------
timeout
../QF_NIA_split/QF_NIA_2_25//20170427-VeryMax/ITS/From_T2__foo.t2__terminationS_4_0.smt2 : 60048 ms.
--------------------------------------------------
timeout
../QF_NIA_split/QF_NIA_2_25//20170427-VeryMax/ITS/From_T2__foo.t2__terminationS_5_0.smt2 : 60057 ms.
--------------------------------------------------
timeout
../QF_NIA_split/QF_NIA_2_25//20170427-VeryMax/ITS/From_T2__foo.t2__terminationS_6_0.smt2 : 60048 ms.
--------------------------------------------------
timeout
../QF_NIA_split/QF_NIA_2_25//20170427-VeryMax/ITS/From_T2__foo.t2__terminationS_7_0.smt2 : 60041 ms.
--------------------------------------------------
timeout
../QF_NIA_split/QF_NIA_2_25//20170427-VeryMax/ITS/From_T2__foo.t2__terminationS_8_0.smt2 : 60045 ms.
--------------------------------------------------
timeout
../QF_NIA_split/QF_NIA_2_25//20170427-VeryMax/ITS/From_T2__foo.t2__terminationS_9_0.smt2 : 60054 ms.
--------------------------------------------------
timeout
../QF_NIA_split/QF_NIA_2_25//20170427-VeryMax/ITS/From_T2__foo.t2__term_unfeasibility_0_0.smt2 : 60042 ms.
--------------------------------------------------
sat
../QF_NIA_split/QF_NIA_2_25//20170427-VeryMax/ITS/From_T2__fourn.c.i.fourn.pl.t2.fixed.t2__p32585_terminationG_0.smt2 : 28942 ms.
--------------------------------------------------
timeout
../QF_NIA_split/QF_NIA_2_25//20170427-VeryMax/ITS/From_T2__fourn.c.i.fourn.pl.t2.fixed.t2__p32586_terminationG_0.smt2 : 60036 ms.
--------------------------------------------------
timeout
../QF_NIA_split/QF_NIA_2_25//20170427-VeryMax/ITS/From_T2__fourn.c.i.fourn.pl.t2.fixed.t2__p32587_terminationG_0.smt2 : 60040 ms.
--------------------------------------------------
sat
../QF_NIA_split/QF_NIA_2_25//20170427-VeryMax/ITS/From_T2__fourn.c.i.fourn.pl.t2.fixed.t2__p32590_terminationG_0.smt2 : 11060 ms.
--------------------------------------------------
timeout
../QF_NIA_split/QF_NIA_2_25//20170427-VeryMax/ITS/From_T2__fourn.c.i.fourn.pl.t2.fixed.t2__p32591_terminationG_0.smt2 : 60031 ms.
--------------------------------------------------
timeout
../QF_NIA_split/QF_NIA_2_25//20170427-VeryMax/ITS/From_T2__fourn.c.i.fourn.pl.t2.fixed.t2__p32592_terminationG_0.smt2 : 60040 ms.
--------------------------------------------------
sat
../QF_NIA_split/QF_NIA_2_25//20170427-VeryMax/ITS/From_T2__fourn.c.i.fourn.pl.t2.fixed.t2__p32595_terminationG_0.smt2 : 16110 ms.
--------------------------------------------------
timeout
../QF_NIA_split/QF_NIA_2_25//20170427-VeryMax/ITS/From_T2__fourn.c.i.fourn.pl.t2.fixed.t2__p32596_terminationG_0.smt2 : 60028 ms.
--------------------------------------------------
timeout
../QF_NIA_split/QF_NIA_2_25//20170427-VeryMax/ITS/From_T2__fourn.c.i.fourn.pl.t2.fixed.t2__p32597_terminationG_0.smt2 : 60037 ms.
--------------------------------------------------
sat
../QF_NIA_split/QF_NIA_2_25//20170427-VeryMax/ITS/From_T2__fourn.c.i.fourn.pl.t2.fixed.t2__p32600_terminationG_0.smt2 : 14104 ms.
--------------------------------------------------
timeout
../QF_NIA_split/QF_NIA_2_25//20170427-VeryMax/ITS/From_T2__fourn.c.i.fourn.pl.t2.fixed.t2__p32601_terminationG_0.smt2 : 60025 ms.
--------------------------------------------------
timeout
../QF_NIA_split/QF_NIA_2_25//20170427-VeryMax/ITS/From_T2__fourn.c.i.fourn.pl.t2.fixed.t2__p32602_terminationG_0.smt2 : 60027 ms.
--------------------------------------------------
timeout
../QF_NIA_split/QF_NIA_2_25//20170427-VeryMax/ITS/From_T2__fourn.c.i.fourn.pl.t2.fixed.t2__p32605_terminationG_0.smt2 : 60033 ms.
--------------------------------------------------
timeout
../QF_NIA_split/QF_NIA_2_25//20170427-VeryMax/ITS/From_T2__fourn.c.i.fourn.pl.t2.fixed.t2__p32606_terminationG_0.smt2 : 60036 ms.
--------------------------------------------------
timeout
../QF_NIA_split/QF_NIA_2_25//20170427-VeryMax/ITS/From_T2__fourn.c.i.fourn.pl.t2.fixed.t2__p32607_terminationG_0.smt2 : 60029 ms.
--------------------------------------------------
unsat
../QF_NIA_split/QF_NIA_2_25//20170427-VeryMax/ITS/From_T2__fourn.c.i.fourn.pl.t2.fixed.t2__p32613_safety_0.smt2 : 137 ms.
--------------------------------------------------
sat
../QF_NIA_split/QF_NIA_2_25//20170427-VeryMax/ITS/From_T2__fourn.c.i.fourn.pl.t2.fixed.t2__p32614_safety_0.smt2 : 267 ms.
--------------------------------------------------
sat
../QF_NIA_split/QF_NIA_2_25//20170427-VeryMax/ITS/From_T2__fourn.c.i.fourn.pl.t2.fixed.t2__p32615_safety_0.smt2 : 10198 ms.
--------------------------------------------------
unsat
../QF_NIA_split/QF_NIA_2_25//20170427-VeryMax/ITS/From_T2__fourn.c.i.fourn.pl.t2.fixed.t2__p32619_safety_0.smt2 : 196 ms.
--------------------------------------------------
unsat
../QF_NIA_split/QF_NIA_2_25//20170427-VeryMax/ITS/From_T2__fourn.c.i.fourn.pl.t2.fixed.t2__p32620_safety_0.smt2 : 4908 ms.
--------------------------------------------------
timeout
../QF_NIA_split/QF_NIA_2_25//20170427-VeryMax/ITS/From_T2__fourn.c.i.fourn.pl.t2.fixed.t2__p32621_safety_0.smt2 : 60027 ms.
--------------------------------------------------
sat
../QF_NIA_split/QF_NIA_2_25//20170427-VeryMax/ITS/From_T2__fourn.c.i.fourn.pl.t2.fixed.t2__p32623_edge_closing_0.smt2 : 15376 ms.
--------------------------------------------------
timeout
../QF_NIA_split/QF_NIA_2_25//20170427-VeryMax/ITS/From_T2__fourn.c.i.fourn.pl.t2.fixed.t2__p32624_edge_closing_0.smt2 : 60034 ms.
--------------------------------------------------
timeout
../QF_NIA_split/QF_NIA_2_25//20170427-VeryMax/ITS/From_T2__fourn.c.i.fourn.pl.t2.fixed.t2__p32626_edge_closing_0.smt2 : 60036 ms.
--------------------------------------------------
sat
../QF_NIA_split/QF_NIA_2_25//20170427-VeryMax/ITS/From_T2__fourn.c.i.fourn.pl.t2.fixed.t2__p32628_edge_closing_0.smt2 : 5290 ms.
--------------------------------------------------
timeout
../QF_NIA_split/QF_NIA_2_25//20170427-VeryMax/ITS/From_T2__fourn.c.i.fourn.pl.t2.fixed.t2__p32629_edge_closing_0.smt2 : 60064 ms.
--------------------------------------------------
timeout
../QF_NIA_split/QF_NIA_2_25//20170427-VeryMax/ITS/From_T2__fourn.c.i.fourn.pl.t2.fixed.t2__p32636_edge_closing_0.smt2 : 60045 ms.
--------------------------------------------------
timeout
../QF_NIA_split/QF_NIA_2_25//20170427-VeryMax/ITS/From_T2__fourn.c.i.fourn.pl.t2.fixed.t2__p32637_edge_closing_0.smt2 : 60066 ms.
--------------------------------------------------
timeout
../QF_NIA_split/QF_NIA_2_25//20170427-VeryMax/ITS/From_T2__fourn.c.i.fourn.pl.t2.fixed.t2__p32638_edge_closing_0.smt2 : 60082 ms.
--------------------------------------------------
timeout
../QF_NIA_split/QF_NIA_2_25//20170427-VeryMax/ITS/From_T2__fourn.c.i.fourn.pl.t2.fixed.t2__p32639_edge_closing_0.smt2 : 60039 ms.
--------------------------------------------------
timeout
../QF_NIA_split/QF_NIA_2_25//20170427-VeryMax/ITS/From_T2__fourn.c.i.fourn.pl.t2.fixed.t2__p32640_edge_closing_0.smt2 : 60039 ms.
--------------------------------------------------
unsat
../QF_NIA_split/QF_NIA_2_25//20170427-VeryMax/ITS/From_T2__fourn.c.i.fourn.pl.t2.fixed.t2__terminationQ_0_0.smt2 : 9984 ms.
--------------------------------------------------
unsat
../QF_NIA_split/QF_NIA_2_25//20170427-VeryMax/ITS/From_T2__fourn.c.i.fourn.pl.t2.fixed.t2__term_unfeasibility_1_0.smt2 : 10519 ms.
--------------------------------------------------
sat
../QF_NIA_split/QF_NIA_2_25//20170427-VeryMax/ITS/From_T2__fourn.c.i.fourn.pl.t2.nor.t2.rlgfixed.t2__p32647_terminationG_0.smt2 : 9055 ms.
--------------------------------------------------
timeout
../QF_NIA_split/QF_NIA_2_25//20170427-VeryMax/ITS/From_T2__fourn.c.i.fourn.pl.t2.nor.t2.rlgfixed.t2__p32648_terminationG_0.smt2 : 60035 ms.
--------------------------------------------------
timeout
../QF_NIA_split/QF_NIA_2_25//20170427-VeryMax/ITS/From_T2__fourn.c.i.fourn.pl.t2.nor.t2.rlgfixed.t2__p32649_terminationG_0.smt2 : 60035 ms.
--------------------------------------------------
timeout
../QF_NIA_split/QF_NIA_2_25//20170427-VeryMax/ITS/From_T2__fourn.c.i.fourn.pl.t2.nor.t2.rlgfixed.t2__p32652_terminationG_0.smt2 : 60035 ms.
--------------------------------------------------
timeout
../QF_NIA_split/QF_NIA_2_25//20170427-VeryMax/ITS/From_T2__fourn.c.i.fourn.pl.t2.nor.t2.rlgfixed.t2__p32653_terminationG_0.smt2 : 60030 ms.
--------------------------------------------------
timeout
../QF_NIA_split/QF_NIA_2_25//20170427-VeryMax/ITS/From_T2__fourn.c.i.fourn.pl.t2.nor.t2.rlgfixed.t2__p32654_terminationG_0.smt2 : 60036 ms.
--------------------------------------------------
sat
../QF_NIA_split/QF_NIA_2_25//20170427-VeryMax/ITS/From_T2__fourn.c.i.fourn.pl.t2.nor.t2.rlgfixed.t2__p32659_terminationG_0.smt2 : 13035 ms.
--------------------------------------------------
timeout
../QF_NIA_split/QF_NIA_2_25//20170427-VeryMax/ITS/From_T2__fourn.c.i.fourn.pl.t2.nor.t2.rlgfixed.t2__p32660_terminationG_0.smt2 : 60029 ms.
--------------------------------------------------
timeout
../QF_NIA_split/QF_NIA_2_25//20170427-VeryMax/ITS/From_T2__fourn.c.i.fourn.pl.t2.nor.t2.rlgfixed.t2__p32661_terminationG_0.smt2 : 60040 ms.
--------------------------------------------------
timeout
../QF_NIA_split/QF_NIA_2_25//20170427-VeryMax/ITS/From_T2__fourn.c.i.fourn.pl.t2.nor.t2.rlgfixed.t2__p32664_terminationG_0.smt2 : 60031 ms.
--------------------------------------------------
timeout
../QF_NIA_split/QF_NIA_2_25//20170427-VeryMax/ITS/From_T2__fourn.c.i.fourn.pl.t2.nor.t2.rlgfixed.t2__p32665_terminationG_0.smt2 : 60033 ms.
--------------------------------------------------
timeout
../QF_NIA_split/QF_NIA_2_25//20170427-VeryMax/ITS/From_T2__fourn.c.i.fourn.pl.t2.nor.t2.rlgfixed.t2__p32666_terminationG_0.smt2 : 60037 ms.
--------------------------------------------------
timeout
../QF_NIA_split/QF_NIA_2_25//20170427-VeryMax/ITS/From_T2__fourn.c.i.fourn.pl.t2.nor.t2.rlgfixed.t2__p32669_terminationG_0.smt2 : 60048 ms.
--------------------------------------------------
timeout
../QF_NIA_split/QF_NIA_2_25//20170427-VeryMax/ITS/From_T2__fourn.c.i.fourn.pl.t2.nor.t2.rlgfixed.t2__p32670_terminationG_0.smt2 : 60028 ms.
--------------------------------------------------
timeout
../QF_NIA_split/QF_NIA_2_25//20170427-VeryMax/ITS/From_T2__fourn.c.i.fourn.pl.t2.nor.t2.rlgfixed.t2__p32671_terminationG_0.smt2 : 60031 ms.
--------------------------------------------------
unsat
../QF_NIA_split/QF_NIA_2_25//20170427-VeryMax/ITS/From_T2__fourn.c.i.fourn.pl.t2.nor.t2.rlgfixed.t2__p32677_safety_0.smt2 : 144 ms.
--------------------------------------------------
unsat
../QF_NIA_split/QF_NIA_2_25//20170427-VeryMax/ITS/From_T2__fourn.c.i.fourn.pl.t2.nor.t2.rlgfixed.t2__p32683_safety_0.smt2 : 227 ms.
--------------------------------------------------
unsat
../QF_NIA_split/QF_NIA_2_25//20170427-VeryMax/ITS/From_T2__fourn.c.i.fourn.pl.t2.nor.t2.rlgfixed.t2__p32684_safety_0.smt2 : 4980 ms.
--------------------------------------------------
timeout
../QF_NIA_split/QF_NIA_2_25//20170427-VeryMax/ITS/From_T2__fourn.c.i.fourn.pl.t2.nor.t2.rlgfixed.t2__p32685_safety_0.smt2 : 60028 ms.
--------------------------------------------------
sat
../QF_NIA_split/QF_NIA_2_25//20170427-VeryMax/ITS/From_T2__fourn.c.i.fourn.pl.t2.nor.t2.rlgfixed.t2__p32687_edge_closing_0.smt2 : 10300 ms.
--------------------------------------------------
timeout
../QF_NIA_split/QF_NIA_2_25//20170427-VeryMax/ITS/From_T2__fourn.c.i.fourn.pl.t2.nor.t2.rlgfixed.t2__p32689_edge_closing_0.smt2 : 60030 ms.
--------------------------------------------------
timeout
../QF_NIA_split/QF_NIA_2_25//20170427-VeryMax/ITS/From_T2__fourn.c.i.fourn.pl.t2.nor.t2.rlgfixed.t2__p32691_edge_closing_0.smt2 : 60032 ms.
--------------------------------------------------
sat
../QF_NIA_split/QF_NIA_2_25//20170427-VeryMax/ITS/From_T2__fourn.c.i.fourn.pl.t2.nor.t2.rlgfixed.t2__p32697_edge_closing_0.smt2 : 15349 ms.
--------------------------------------------------
timeout
../QF_NIA_split/QF_NIA_2_25//20170427-VeryMax/ITS/From_T2__fourn.c.i.fourn.pl.t2.nor.t2.rlgfixed.t2__p32698_edge_closing_0.smt2 : 60037 ms.
--------------------------------------------------
timeout
../QF_NIA_split/QF_NIA_2_25//20170427-VeryMax/ITS/From_T2__fourn.c.i.fourn.pl.t2.nor.t2.rlgfixed.t2__p32699_edge_closing_0.smt2 : 60043 ms.
--------------------------------------------------
sat
../QF_NIA_split/QF_NIA_2_25//20170427-VeryMax/ITS/From_T2__fourn.c.i.fourn.pl.t2.nor.t2.rlgfixed.t2__terminationQ_0_0.smt2 : 9039 ms.
--------------------------------------------------
unsat
../QF_NIA_split/QF_NIA_2_25//20170427-VeryMax/ITS/From_T2__fourn.c.i.fourn.pl.t2.nor.t2.rlgfixed.t2__terminationQ_1_0.smt2 : 9598 ms.
--------------------------------------------------
unsat
../QF_NIA_split/QF_NIA_2_25//20170427-VeryMax/ITS/From_T2__fourn.c.i.fourn.pl.t2.nor.t2.rlgfixed.t2__term_unfeasibility_1_0.smt2 : 9457 ms.
--------------------------------------------------
sat
../QF_NIA_split/QF_NIA_2_25//20170427-VeryMax/ITS/From_T2__fourn.t2__p32706_terminationG_0.smt2 : 5630 ms.
--------------------------------------------------
timeout
../QF_NIA_split/QF_NIA_2_25//20170427-VeryMax/ITS/From_T2__fourn.t2__p32707_terminationG_0.smt2 : 60027 ms.
--------------------------------------------------
timeout
../QF_NIA_split/QF_NIA_2_25//20170427-VeryMax/ITS/From_T2__fourn.t2__p32708_terminationG_0.smt2 : 60031 ms.
--------------------------------------------------
sat
../QF_NIA_split/QF_NIA_2_25//20170427-VeryMax/ITS/From_T2__fourn.t2__p32711_terminationG_0.smt2 : 28215 ms.
--------------------------------------------------
timeout
../QF_NIA_split/QF_NIA_2_25//20170427-VeryMax/ITS/From_T2__fourn.t2__p32712_terminationG_0.smt2 : 60028 ms.
--------------------------------------------------
timeout
../QF_NIA_split/QF_NIA_2_25//20170427-VeryMax/ITS/From_T2__fourn.t2__p32713_terminationG_0.smt2 : 60035 ms.
--------------------------------------------------
sat
../QF_NIA_split/QF_NIA_2_25//20170427-VeryMax/ITS/From_T2__fourn.t2__p32731_safety_0.smt2 : 6338 ms.
--------------------------------------------------
timeout
../QF_NIA_split/QF_NIA_2_25//20170427-VeryMax/ITS/From_T2__fourn.t2__p32734_edge_closing_0.smt2 : 60033 ms.
--------------------------------------------------
sat
../QF_NIA_split/QF_NIA_2_25//20170427-VeryMax/ITS/From_T2__fourn.t2__p32735_edge_closing_0.smt2 : 3069 ms.
--------------------------------------------------
timeout
../QF_NIA_split/QF_NIA_2_25//20170427-VeryMax/ITS/From_T2__fourn.t2__p32736_edge_closing_0.smt2 : 60042 ms.
--------------------------------------------------
sat
../QF_NIA_split/QF_NIA_2_25//20170427-VeryMax/ITS/From_T2__fourn.t2__p32737_edge_closing_0.smt2 : 9982 ms.
--------------------------------------------------
timeout
../QF_NIA_split/QF_NIA_2_25//20170427-VeryMax/ITS/From_T2__fourn.t2__p32738_edge_closing_0.smt2 : 60042 ms.
--------------------------------------------------
timeout
../QF_NIA_split/QF_NIA_2_25//20170427-VeryMax/ITS/From_T2__fourn.t2__p32739_edge_closing_0.smt2 : 60076 ms.
--------------------------------------------------
unsat
../QF_NIA_split/QF_NIA_2_25//20170427-VeryMax/ITS/From_T2__fourn.t2__term_unfeasibility_1_0.smt2 : 19881 ms.
--------------------------------------------------
sat
../QF_NIA_split/QF_NIA_2_25//20170427-VeryMax/ITS/From_T2__fun1b.t2_fixed__p494_terminationG_0.smt2 : 10593 ms.
--------------------------------------------------
timeout
../QF_NIA_split/QF_NIA_2_25//20170427-VeryMax/ITS/From_T2__fun1b.t2_fixed__p495_terminationG_0.smt2 : 60034 ms.
--------------------------------------------------
timeout
../QF_NIA_split/QF_NIA_2_25//20170427-VeryMax/ITS/From_T2__fun1b.t2_fixed__p496_terminationG_0.smt2 : 60039 ms.
--------------------------------------------------
sat
../QF_NIA_split/QF_NIA_2_25//20170427-VeryMax/ITS/From_T2__fun1b.t2_fixed__p502_terminationG_0.smt2 : 19126 ms.
--------------------------------------------------
timeout
../QF_NIA_split/QF_NIA_2_25//20170427-VeryMax/ITS/From_T2__fun1b.t2_fixed__p503_terminationG_0.smt2 : 60033 ms.
--------------------------------------------------
timeout
../QF_NIA_split/QF_NIA_2_25//20170427-VeryMax/ITS/From_T2__fun1b.t2_fixed__p504_terminationG_0.smt2 : 60038 ms.
--------------------------------------------------
timeout
../QF_NIA_split/QF_NIA_2_25//20170427-VeryMax/ITS/From_T2__fun1b.t2_fixed__p510_terminationG_0.smt2 : 60036 ms.
--------------------------------------------------
timeout
../QF_NIA_split/QF_NIA_2_25//20170427-VeryMax/ITS/From_T2__fun1b.t2_fixed__p511_terminationG_0.smt2 : 60039 ms.
--------------------------------------------------
timeout
../QF_NIA_split/QF_NIA_2_25//20170427-VeryMax/ITS/From_T2__fun1b.t2_fixed__p512_terminationG_0.smt2 : 60041 ms.
--------------------------------------------------
timeout
../QF_NIA_split/QF_NIA_2_25//20170427-VeryMax/ITS/From_T2__fun1b.t2_fixed__p518_terminationG_0.smt2 : 60030 ms.
--------------------------------------------------
timeout
../QF_NIA_split/QF_NIA_2_25//20170427-VeryMax/ITS/From_T2__fun1b.t2_fixed__p519_terminationG_0.smt2 : 60033 ms.
--------------------------------------------------
timeout
../QF_NIA_split/QF_NIA_2_25//20170427-VeryMax/ITS/From_T2__fun1b.t2_fixed__p520_terminationG_0.smt2 : 60031 ms.
--------------------------------------------------
timeout
../QF_NIA_split/QF_NIA_2_25//20170427-VeryMax/ITS/From_T2__fun1b.t2_fixed__p526_terminationG_0.smt2 : 60028 ms.
--------------------------------------------------
timeout
../QF_NIA_split/QF_NIA_2_25//20170427-VeryMax/ITS/From_T2__fun1b.t2_fixed__p527_terminationG_0.smt2 : 60033 ms.
--------------------------------------------------
timeout
../QF_NIA_split/QF_NIA_2_25//20170427-VeryMax/ITS/From_T2__fun1b.t2_fixed__p528_terminationG_0.smt2 : 60036 ms.
--------------------------------------------------
timeout
../QF_NIA_split/QF_NIA_2_25//20170427-VeryMax/ITS/From_T2__fun1b.t2_fixed__p534_terminationG_0.smt2 : 60031 ms.
--------------------------------------------------
timeout
../QF_NIA_split/QF_NIA_2_25//20170427-VeryMax/ITS/From_T2__fun1b.t2_fixed__p535_terminationG_0.smt2 : 60037 ms.
--------------------------------------------------
timeout
../QF_NIA_split/QF_NIA_2_25//20170427-VeryMax/ITS/From_T2__fun1b.t2_fixed__p536_terminationG_0.smt2 : 60051 ms.
--------------------------------------------------
timeout
../QF_NIA_split/QF_NIA_2_25//20170427-VeryMax/ITS/From_T2__fun1b.t2_fixed__p542_terminationG_0.smt2 : 60033 ms.
--------------------------------------------------
timeout
../QF_NIA_split/QF_NIA_2_25//20170427-VeryMax/ITS/From_T2__fun1b.t2_fixed__p543_terminationG_0.smt2 : 60031 ms.
--------------------------------------------------
timeout
../QF_NIA_split/QF_NIA_2_25//20170427-VeryMax/ITS/From_T2__fun1b.t2_fixed__p544_terminationG_0.smt2 : 60045 ms.
--------------------------------------------------
timeout
../QF_NIA_split/QF_NIA_2_25//20170427-VeryMax/ITS/From_T2__fun1b.t2_fixed__p550_terminationG_0.smt2 : 60034 ms.
--------------------------------------------------
timeout
../QF_NIA_split/QF_NIA_2_25//20170427-VeryMax/ITS/From_T2__fun1b.t2_fixed__p551_terminationG_0.smt2 : 60032 ms.
--------------------------------------------------
timeout
../QF_NIA_split/QF_NIA_2_25//20170427-VeryMax/ITS/From_T2__fun1b.t2_fixed__p553_terminationG_0.smt2 : 60045 ms.
--------------------------------------------------
timeout
../QF_NIA_split/QF_NIA_2_25//20170427-VeryMax/ITS/From_T2__fun1b.t2_fixed__p561_terminationG_0.smt2 : 60042 ms.
--------------------------------------------------
timeout
../QF_NIA_split/QF_NIA_2_25//20170427-VeryMax/ITS/From_T2__fun1b.t2_fixed__p562_terminationG_0.smt2 : 60038 ms.
--------------------------------------------------
timeout
../QF_NIA_split/QF_NIA_2_25//20170427-VeryMax/ITS/From_T2__fun1b.t2_fixed__p563_terminationG_0.smt2 : 60047 ms.
--------------------------------------------------
timeout
../QF_NIA_split/QF_NIA_2_25//20170427-VeryMax/ITS/From_T2__fun1b.t2_fixed__p569_terminationG_0.smt2 : 60036 ms.
--------------------------------------------------
timeout
../QF_NIA_split/QF_NIA_2_25//20170427-VeryMax/ITS/From_T2__fun1b.t2_fixed__p570_terminationG_0.smt2 : 60034 ms.
--------------------------------------------------
timeout
../QF_NIA_split/QF_NIA_2_25//20170427-VeryMax/ITS/From_T2__fun1b.t2_fixed__p571_terminationG_0.smt2 : 60041 ms.
--------------------------------------------------
timeout
../QF_NIA_split/QF_NIA_2_25//20170427-VeryMax/ITS/From_T2__fun1b.t2_fixed__p577_terminationG_0.smt2 : 60033 ms.
--------------------------------------------------
timeout
../QF_NIA_split/QF_NIA_2_25//20170427-VeryMax/ITS/From_T2__fun1b.t2_fixed__p578_terminationG_0.smt2 : 60038 ms.
--------------------------------------------------
timeout
../QF_NIA_split/QF_NIA_2_25//20170427-VeryMax/ITS/From_T2__fun1b.t2_fixed__p579_terminationG_0.smt2 : 60038 ms.
--------------------------------------------------
unsat
../QF_NIA_split/QF_NIA_2_25//20170427-VeryMax/ITS/From_T2__fun1b.t2_fixed__terminationQ_0_0.smt2 : 45850 ms.
--------------------------------------------------
timeout
../QF_NIA_split/QF_NIA_2_25//20170427-VeryMax/ITS/From_T2__fun1b.t2_fixed__term_unfeasibility_0_0.smt2 : 60056 ms.
--------------------------------------------------
timeout
../QF_NIA_split/QF_NIA_2_25//20170427-VeryMax/ITS/From_T2__fun1b.t2__p588_terminationG_0.smt2 : 60033 ms.
--------------------------------------------------
timeout
../QF_NIA_split/QF_NIA_2_25//20170427-VeryMax/ITS/From_T2__fun1b.t2__p589_terminationG_0.smt2 : 60043 ms.
--------------------------------------------------
timeout
../QF_NIA_split/QF_NIA_2_25//20170427-VeryMax/ITS/From_T2__fun1b.t2__p590_terminationG_0.smt2 : 60041 ms.
--------------------------------------------------
timeout
../QF_NIA_split/QF_NIA_2_25//20170427-VeryMax/ITS/From_T2__fun1b.t2__p596_terminationG_0.smt2 : 60039 ms.
--------------------------------------------------
timeout
../QF_NIA_split/QF_NIA_2_25//20170427-VeryMax/ITS/From_T2__fun1b.t2__p597_terminationG_0.smt2 : 60049 ms.
--------------------------------------------------
timeout
../QF_NIA_split/QF_NIA_2_25//20170427-VeryMax/ITS/From_T2__fun1b.t2__p598_terminationG_0.smt2 : 60048 ms.
--------------------------------------------------
timeout
../QF_NIA_split/QF_NIA_2_25//20170427-VeryMax/ITS/From_T2__fun1b.t2__p601_terminationG_0.smt2 : 60042 ms.
--------------------------------------------------
timeout
../QF_NIA_split/QF_NIA_2_25//20170427-VeryMax/ITS/From_T2__fun1b.t2__p602_terminationG_0.smt2 : 60036 ms.
--------------------------------------------------
timeout
../QF_NIA_split/QF_NIA_2_25//20170427-VeryMax/ITS/From_T2__fun1b.t2__p603_terminationG_0.smt2 : 60037 ms.
--------------------------------------------------
timeout
../QF_NIA_split/QF_NIA_2_25//20170427-VeryMax/ITS/From_T2__fun1b.t2__p610_terminationG_0.smt2 : 60045 ms.
--------------------------------------------------
timeout
../QF_NIA_split/QF_NIA_2_25//20170427-VeryMax/ITS/From_T2__fun1b.t2__p611_terminationG_0.smt2 : 60051 ms.
--------------------------------------------------
timeout
../QF_NIA_split/QF_NIA_2_25//20170427-VeryMax/ITS/From_T2__fun1b.t2__p612_terminationG_0.smt2 : 60050 ms.
--------------------------------------------------
sat
../QF_NIA_split/QF_NIA_2_25//20170427-VeryMax/ITS/From_T2__fun1b.t2__p615_terminationG_0.smt2 : 28621 ms.
--------------------------------------------------
timeout
../QF_NIA_split/QF_NIA_2_25//20170427-VeryMax/ITS/From_T2__fun1b.t2__p616_terminationG_0.smt2 : 60047 ms.
--------------------------------------------------
timeout
../QF_NIA_split/QF_NIA_2_25//20170427-VeryMax/ITS/From_T2__fun1b.t2__p617_terminationG_0.smt2 : 60054 ms.
--------------------------------------------------
timeout
../QF_NIA_split/QF_NIA_2_25//20170427-VeryMax/ITS/From_T2__fun1b.t2__p624_terminationG_0.smt2 : 60059 ms.
--------------------------------------------------
timeout
../QF_NIA_split/QF_NIA_2_25//20170427-VeryMax/ITS/From_T2__fun1b.t2__p625_terminationG_0.smt2 : 60054 ms.
--------------------------------------------------
timeout
../QF_NIA_split/QF_NIA_2_25//20170427-VeryMax/ITS/From_T2__fun1b.t2__p626_terminationG_0.smt2 : 60055 ms.
--------------------------------------------------
timeout
../QF_NIA_split/QF_NIA_2_25//20170427-VeryMax/ITS/From_T2__fun1b.t2__p629_terminationG_0.smt2 : 60046 ms.
--------------------------------------------------
timeout
../QF_NIA_split/QF_NIA_2_25//20170427-VeryMax/ITS/From_T2__fun1b.t2__p630_terminationG_0.smt2 : 60050 ms.
--------------------------------------------------
timeout
../QF_NIA_split/QF_NIA_2_25//20170427-VeryMax/ITS/From_T2__fun1b.t2__p631_terminationG_0.smt2 : 60057 ms.
--------------------------------------------------
timeout
../QF_NIA_split/QF_NIA_2_25//20170427-VeryMax/ITS/From_T2__fun1b.t2__p637_terminationG_0.smt2 : 60053 ms.
--------------------------------------------------
timeout
../QF_NIA_split/QF_NIA_2_25//20170427-VeryMax/ITS/From_T2__fun1b.t2__p638_terminationG_0.smt2 : 60071 ms.
--------------------------------------------------
timeout
../QF_NIA_split/QF_NIA_2_25//20170427-VeryMax/ITS/From_T2__fun1b.t2__p639_terminationG_0.smt2 : 60062 ms.
--------------------------------------------------
timeout
../QF_NIA_split/QF_NIA_2_25//20170427-VeryMax/ITS/From_T2__fun1b.t2__p643_terminationG_0.smt2 : 60047 ms.
--------------------------------------------------
timeout
../QF_NIA_split/QF_NIA_2_25//20170427-VeryMax/ITS/From_T2__fun1b.t2__p644_terminationG_0.smt2 : 60043 ms.
--------------------------------------------------
timeout
../QF_NIA_split/QF_NIA_2_25//20170427-VeryMax/ITS/From_T2__fun1b.t2__p645_terminationG_0.smt2 : 60048 ms.
--------------------------------------------------
timeout
../QF_NIA_split/QF_NIA_2_25//20170427-VeryMax/ITS/From_T2__fun1b.t2__p653_terminationG_0.smt2 : 60054 ms.
--------------------------------------------------
timeout
../QF_NIA_split/QF_NIA_2_25//20170427-VeryMax/ITS/From_T2__fun1b.t2__p654_terminationG_0.smt2 : 60070 ms.
--------------------------------------------------
timeout
../QF_NIA_split/QF_NIA_2_25//20170427-VeryMax/ITS/From_T2__fun1b.t2__p655_terminationG_0.smt2 : 60075 ms.
--------------------------------------------------
timeout
../QF_NIA_split/QF_NIA_2_25//20170427-VeryMax/ITS/From_T2__fun1b.t2__p658_terminationG_0.smt2 : 60045 ms.
--------------------------------------------------
timeout
../QF_NIA_split/QF_NIA_2_25//20170427-VeryMax/ITS/From_T2__fun1b.t2__p659_terminationG_0.smt2 : 60054 ms.
--------------------------------------------------
timeout
../QF_NIA_split/QF_NIA_2_25//20170427-VeryMax/ITS/From_T2__fun1b.t2__p660_terminationG_0.smt2 : 60045 ms.
--------------------------------------------------
timeout
../QF_NIA_split/QF_NIA_2_25//20170427-VeryMax/ITS/From_T2__fun1b.t2__p666_terminationG_0.smt2 : 60049 ms.
--------------------------------------------------
timeout
../QF_NIA_split/QF_NIA_2_25//20170427-VeryMax/ITS/From_T2__fun1b.t2__p667_terminationG_0.smt2 : 60059 ms.
--------------------------------------------------
timeout
../QF_NIA_split/QF_NIA_2_25//20170427-VeryMax/ITS/From_T2__fun1b.t2__p668_terminationG_0.smt2 : 60053 ms.
--------------------------------------------------
timeout
../QF_NIA_split/QF_NIA_2_25//20170427-VeryMax/ITS/From_T2__fun1b.t2__p671_terminationG_0.smt2 : 60039 ms.
--------------------------------------------------
timeout
../QF_NIA_split/QF_NIA_2_25//20170427-VeryMax/ITS/From_T2__fun1b.t2__p672_terminationG_0.smt2 : 60040 ms.
--------------------------------------------------
timeout
../QF_NIA_split/QF_NIA_2_25//20170427-VeryMax/ITS/From_T2__fun1b.t2__p673_terminationG_0.smt2 : 60055 ms.
--------------------------------------------------
timeout
../QF_NIA_split/QF_NIA_2_25//20170427-VeryMax/ITS/From_T2__fun1b.t2__p679_terminationG_0.smt2 : 60061 ms.
--------------------------------------------------
timeout
../QF_NIA_split/QF_NIA_2_25//20170427-VeryMax/ITS/From_T2__fun1b.t2__p680_terminationG_0.smt2 : 60071 ms.
--------------------------------------------------
timeout
../QF_NIA_split/QF_NIA_2_25//20170427-VeryMax/ITS/From_T2__fun1b.t2__p681_terminationG_0.smt2 : 60076 ms.
--------------------------------------------------
timeout
../QF_NIA_split/QF_NIA_2_25//20170427-VeryMax/ITS/From_T2__fun1b.t2__p684_terminationG_0.smt2 : 60039 ms.
--------------------------------------------------
timeout
../QF_NIA_split/QF_NIA_2_25//20170427-VeryMax/ITS/From_T2__fun1b.t2__p685_terminationG_0.smt2 : 60046 ms.
--------------------------------------------------
timeout
../QF_NIA_split/QF_NIA_2_25//20170427-VeryMax/ITS/From_T2__fun1b.t2__p686_terminationG_0.smt2 : 60042 ms.
--------------------------------------------------
timeout
../QF_NIA_split/QF_NIA_2_25//20170427-VeryMax/ITS/From_T2__fun1b.t2__terminationQ_0_0.smt2 : 60036 ms.
--------------------------------------------------
timeout
../QF_NIA_split/QF_NIA_2_25//20170427-VeryMax/ITS/From_T2__fun1b.t2__terminationS_0_0.smt2 : 60053 ms.
--------------------------------------------------
timeout
../QF_NIA_split/QF_NIA_2_25//20170427-VeryMax/ITS/From_T2__fun1b.t2__terminationS_10_0.smt2 : 60051 ms.
--------------------------------------------------
timeout
../QF_NIA_split/QF_NIA_2_25//20170427-VeryMax/ITS/From_T2__fun1b.t2__terminationS_1_0.smt2 : 60048 ms.
--------------------------------------------------
unsat
../QF_NIA_split/QF_NIA_2_25//20170427-VeryMax/ITS/From_T2__fun1b.t2__terminationS_11_0.smt2 : 55730 ms.
--------------------------------------------------
unsat
../QF_NIA_split/QF_NIA_2_25//20170427-VeryMax/ITS/From_T2__fun1b.t2__terminationS_12_0.smt2 : 59975 ms.
--------------------------------------------------
unsat
../QF_NIA_split/QF_NIA_2_25//20170427-VeryMax/ITS/From_T2__fun1b.t2__terminationS_13_0.smt2 : 42933 ms.
--------------------------------------------------
unsat
../QF_NIA_split/QF_NIA_2_25//20170427-VeryMax/ITS/From_T2__fun1b.t2__terminationS_14_0.smt2 : 42180 ms.
--------------------------------------------------
unsat
../QF_NIA_split/QF_NIA_2_25//20170427-VeryMax/ITS/From_T2__fun1b.t2__terminationS_15_0.smt2 : 43271 ms.
--------------------------------------------------
timeout
../QF_NIA_split/QF_NIA_2_25//20170427-VeryMax/ITS/From_T2__fun1b.t2__terminationS_2_0.smt2 : 60048 ms.
--------------------------------------------------
timeout
../QF_NIA_split/QF_NIA_2_25//20170427-VeryMax/ITS/From_T2__fun1b.t2__terminationS_3_0.smt2 : 60044 ms.
--------------------------------------------------
timeout
../QF_NIA_split/QF_NIA_2_25//20170427-VeryMax/ITS/From_T2__fun1b.t2__terminationS_4_0.smt2 : 60043 ms.
--------------------------------------------------
timeout
../QF_NIA_split/QF_NIA_2_25//20170427-VeryMax/ITS/From_T2__fun1b.t2__terminationS_5_0.smt2 : 60048 ms.
--------------------------------------------------
timeout
../QF_NIA_split/QF_NIA_2_25//20170427-VeryMax/ITS/From_T2__fun1b.t2__terminationS_6_0.smt2 : 60050 ms.
--------------------------------------------------
timeout
../QF_NIA_split/QF_NIA_2_25//20170427-VeryMax/ITS/From_T2__fun1b.t2__terminationS_7_0.smt2 : 60050 ms.
--------------------------------------------------
unsat
../QF_NIA_split/QF_NIA_2_25//20170427-VeryMax/ITS/From_T2__fun1b.t2__terminationS_8_0.smt2 : 38094 ms.
--------------------------------------------------
unsat
../QF_NIA_split/QF_NIA_2_25//20170427-VeryMax/ITS/From_T2__fun1b.t2__terminationS_9_0.smt2 : 37271 ms.
--------------------------------------------------
unsat
../QF_NIA_split/QF_NIA_2_25//20170427-VeryMax/ITS/From_T2__fun1b.t2__term_unfeasibility_0_0.smt2 : 53831 ms.
--------------------------------------------------
sat
../QF_NIA_split/QF_NIA_2_25//20170427-VeryMax/ITS/From_T2__fun1.t2_fixed__p695_terminationG_0.smt2 : 13236 ms.
--------------------------------------------------
timeout
../QF_NIA_split/QF_NIA_2_25//20170427-VeryMax/ITS/From_T2__fun1.t2_fixed__p696_terminationG_0.smt2 : 60039 ms.
--------------------------------------------------
timeout
../QF_NIA_split/QF_NIA_2_25//20170427-VeryMax/ITS/From_T2__fun1.t2_fixed__p697_terminationG_0.smt2 : 60047 ms.
--------------------------------------------------
sat
../QF_NIA_split/QF_NIA_2_25//20170427-VeryMax/ITS/From_T2__fun1.t2_fixed__p703_terminationG_0.smt2 : 24180 ms.
--------------------------------------------------
timeout
../QF_NIA_split/QF_NIA_2_25//20170427-VeryMax/ITS/From_T2__fun1.t2_fixed__p704_terminationG_0.smt2 : 60054 ms.
--------------------------------------------------
timeout
../QF_NIA_split/QF_NIA_2_25//20170427-VeryMax/ITS/From_T2__fun1.t2_fixed__p705_terminationG_0.smt2 : 60043 ms.
--------------------------------------------------
timeout
../QF_NIA_split/QF_NIA_2_25//20170427-VeryMax/ITS/From_T2__fun1.t2_fixed__p711_terminationG_0.smt2 : 60035 ms.
--------------------------------------------------
timeout
../QF_NIA_split/QF_NIA_2_25//20170427-VeryMax/ITS/From_T2__fun1.t2_fixed__p712_terminationG_0.smt2 : 60035 ms.
--------------------------------------------------
timeout
../QF_NIA_split/QF_NIA_2_25//20170427-VeryMax/ITS/From_T2__fun1.t2_fixed__p713_terminationG_0.smt2 : 60050 ms.
--------------------------------------------------
timeout
../QF_NIA_split/QF_NIA_2_25//20170427-VeryMax/ITS/From_T2__fun1.t2_fixed__p719_terminationG_0.smt2 : 60044 ms.
--------------------------------------------------
timeout
../QF_NIA_split/QF_NIA_2_25//20170427-VeryMax/ITS/From_T2__fun1.t2_fixed__p720_terminationG_0.smt2 : 60048 ms.
--------------------------------------------------
timeout
../QF_NIA_split/QF_NIA_2_25//20170427-VeryMax/ITS/From_T2__fun1.t2_fixed__p721_terminationG_0.smt2 : 60051 ms.
--------------------------------------------------
timeout
../QF_NIA_split/QF_NIA_2_25//20170427-VeryMax/ITS/From_T2__fun1.t2_fixed__p727_terminationG_0.smt2 : 60066 ms.
--------------------------------------------------
timeout
../QF_NIA_split/QF_NIA_2_25//20170427-VeryMax/ITS/From_T2__fun1.t2_fixed__p728_terminationG_0.smt2 : 60050 ms.
--------------------------------------------------
timeout
../QF_NIA_split/QF_NIA_2_25//20170427-VeryMax/ITS/From_T2__fun1.t2_fixed__p729_terminationG_0.smt2 : 60046 ms.
--------------------------------------------------
timeout
../QF_NIA_split/QF_NIA_2_25//20170427-VeryMax/ITS/From_T2__fun1.t2_fixed__p736_terminationG_0.smt2 : 60039 ms.
--------------------------------------------------
timeout
../QF_NIA_split/QF_NIA_2_25//20170427-VeryMax/ITS/From_T2__fun1.t2_fixed__p737_terminationG_0.smt2 : 60044 ms.
--------------------------------------------------
timeout
../QF_NIA_split/QF_NIA_2_25//20170427-VeryMax/ITS/From_T2__fun1.t2_fixed__p738_terminationG_0.smt2 : 60050 ms.
--------------------------------------------------
timeout
../QF_NIA_split/QF_NIA_2_25//20170427-VeryMax/ITS/From_T2__fun1.t2_fixed__p744_terminationG_0.smt2 : 60039 ms.
--------------------------------------------------
timeout
../QF_NIA_split/QF_NIA_2_25//20170427-VeryMax/ITS/From_T2__fun1.t2_fixed__p745_terminationG_0.smt2 : 60045 ms.
--------------------------------------------------
timeout
../QF_NIA_split/QF_NIA_2_25//20170427-VeryMax/ITS/From_T2__fun1.t2_fixed__p746_terminationG_0.smt2 : 60044 ms.
--------------------------------------------------
timeout
../QF_NIA_split/QF_NIA_2_25//20170427-VeryMax/ITS/From_T2__fun1.t2_fixed__p752_terminationG_0.smt2 : 60039 ms.
--------------------------------------------------
timeout
../QF_NIA_split/QF_NIA_2_25//20170427-VeryMax/ITS/From_T2__fun1.t2_fixed__p753_terminationG_0.smt2 : 60045 ms.
--------------------------------------------------
timeout
../QF_NIA_split/QF_NIA_2_25//20170427-VeryMax/ITS/From_T2__fun1.t2_fixed__p754_terminationG_0.smt2 : 60062 ms.
--------------------------------------------------
timeout
../QF_NIA_split/QF_NIA_2_25//20170427-VeryMax/ITS/From_T2__fun1.t2_fixed__p760_terminationG_0.smt2 : 60042 ms.
--------------------------------------------------
timeout
../QF_NIA_split/QF_NIA_2_25//20170427-VeryMax/ITS/From_T2__fun1.t2_fixed__p761_terminationG_0.smt2 : 60050 ms.
--------------------------------------------------
timeout
../QF_NIA_split/QF_NIA_2_25//20170427-VeryMax/ITS/From_T2__fun1.t2_fixed__p763_terminationG_0.smt2 : 60051 ms.
--------------------------------------------------
timeout
../QF_NIA_split/QF_NIA_2_25//20170427-VeryMax/ITS/From_T2__fun1.t2_fixed__p770_terminationG_0.smt2 : 60035 ms.
--------------------------------------------------
timeout
../QF_NIA_split/QF_NIA_2_25//20170427-VeryMax/ITS/From_T2__fun1.t2_fixed__p771_terminationG_0.smt2 : 60046 ms.
--------------------------------------------------
timeout
../QF_NIA_split/QF_NIA_2_25//20170427-VeryMax/ITS/From_T2__fun1.t2_fixed__p772_terminationG_0.smt2 : 60040 ms.
--------------------------------------------------
timeout
../QF_NIA_split/QF_NIA_2_25//20170427-VeryMax/ITS/From_T2__fun1.t2_fixed__p784_terminationG_0.smt2 : 60039 ms.
--------------------------------------------------
timeout
../QF_NIA_split/QF_NIA_2_25//20170427-VeryMax/ITS/From_T2__fun1.t2_fixed__p785_terminationG_0.smt2 : 60037 ms.
--------------------------------------------------
timeout
../QF_NIA_split/QF_NIA_2_25//20170427-VeryMax/ITS/From_T2__fun1.t2_fixed__p786_terminationG_0.smt2 : 60038 ms.
--------------------------------------------------
timeout
../QF_NIA_split/QF_NIA_2_25//20170427-VeryMax/ITS/From_T2__fun1.t2_fixed__terminationQ_0_0.smt2 : 60042 ms.
--------------------------------------------------
unsat
../QF_NIA_split/QF_NIA_2_25//20170427-VeryMax/ITS/From_T2__fun1.t2_fixed__terminationS_0_0.smt2 : 5791 ms.
--------------------------------------------------
unsat
../QF_NIA_split/QF_NIA_2_25//20170427-VeryMax/ITS/From_T2__fun1.t2_fixed__terminationS_1_0.smt2 : 13310 ms.
--------------------------------------------------
unsat
../QF_NIA_split/QF_NIA_2_25//20170427-VeryMax/ITS/From_T2__fun1.t2_fixed__terminationS_2_0.smt2 : 14941 ms.
--------------------------------------------------
unsat
../QF_NIA_split/QF_NIA_2_25//20170427-VeryMax/ITS/From_T2__fun1.t2_fixed__terminationS_3_0.smt2 : 6068 ms.
--------------------------------------------------
unsat
../QF_NIA_split/QF_NIA_2_25//20170427-VeryMax/ITS/From_T2__fun1.t2_fixed__terminationS_4_0.smt2 : 14181 ms.
--------------------------------------------------
unsat
../QF_NIA_split/QF_NIA_2_25//20170427-VeryMax/ITS/From_T2__fun1.t2_fixed__terminationS_5_0.smt2 : 6056 ms.
--------------------------------------------------
unsat
../QF_NIA_split/QF_NIA_2_25//20170427-VeryMax/ITS/From_T2__fun1.t2_fixed__terminationS_6_0.smt2 : 14094 ms.
--------------------------------------------------
unsat
../QF_NIA_split/QF_NIA_2_25//20170427-VeryMax/ITS/From_T2__fun1.t2_fixed__terminationS_7_0.smt2 : 13171 ms.
--------------------------------------------------
timeout
../QF_NIA_split/QF_NIA_2_25//20170427-VeryMax/ITS/From_T2__fun1.t2_fixed__term_unfeasibility_0_0.smt2 : 60069 ms.
--------------------------------------------------
timeout
../QF_NIA_split/QF_NIA_2_25//20170427-VeryMax/ITS/From_T2__fun1.t2__p796_terminationG_0.smt2 : 60046 ms.
--------------------------------------------------
timeout
../QF_NIA_split/QF_NIA_2_25//20170427-VeryMax/ITS/From_T2__fun1.t2__p797_terminationG_0.smt2 : 60045 ms.
--------------------------------------------------
timeout
../QF_NIA_split/QF_NIA_2_25//20170427-VeryMax/ITS/From_T2__fun1.t2__p798_terminationG_0.smt2 : 60045 ms.
--------------------------------------------------
timeout
../QF_NIA_split/QF_NIA_2_25//20170427-VeryMax/ITS/From_T2__fun1.t2__p804_terminationG_0.smt2 : 60055 ms.
--------------------------------------------------
timeout
../QF_NIA_split/QF_NIA_2_25//20170427-VeryMax/ITS/From_T2__fun1.t2__p805_terminationG_0.smt2 : 60051 ms.
--------------------------------------------------
timeout
../QF_NIA_split/QF_NIA_2_25//20170427-VeryMax/ITS/From_T2__fun1.t2__p806_terminationG_0.smt2 : 60061 ms.
--------------------------------------------------
timeout
../QF_NIA_split/QF_NIA_2_25//20170427-VeryMax/ITS/From_T2__fun1.t2__p809_terminationG_0.smt2 : 60047 ms.
--------------------------------------------------
timeout
../QF_NIA_split/QF_NIA_2_25//20170427-VeryMax/ITS/From_T2__fun1.t2__p810_terminationG_0.smt2 : 60048 ms.
--------------------------------------------------
timeout
../QF_NIA_split/QF_NIA_2_25//20170427-VeryMax/ITS/From_T2__fun1.t2__p811_terminationG_0.smt2 : 60046 ms.
--------------------------------------------------
timeout
../QF_NIA_split/QF_NIA_2_25//20170427-VeryMax/ITS/From_T2__fun1.t2__p818_terminationG_0.smt2 : 60053 ms.
--------------------------------------------------
timeout
../QF_NIA_split/QF_NIA_2_25//20170427-VeryMax/ITS/From_T2__fun1.t2__p819_terminationG_0.smt2 : 60054 ms.
--------------------------------------------------
timeout
../QF_NIA_split/QF_NIA_2_25//20170427-VeryMax/ITS/From_T2__fun1.t2__p820_terminationG_0.smt2 : 60070 ms.
--------------------------------------------------
timeout
../QF_NIA_split/QF_NIA_2_25//20170427-VeryMax/ITS/From_T2__fun1.t2__p823_terminationG_0.smt2 : 60047 ms.
--------------------------------------------------
timeout
../QF_NIA_split/QF_NIA_2_25//20170427-VeryMax/ITS/From_T2__fun1.t2__p824_terminationG_0.smt2 : 60049 ms.
--------------------------------------------------
timeout
../QF_NIA_split/QF_NIA_2_25//20170427-VeryMax/ITS/From_T2__fun1.t2__p825_terminationG_0.smt2 : 60060 ms.
--------------------------------------------------
timeout
../QF_NIA_split/QF_NIA_2_25//20170427-VeryMax/ITS/From_T2__fun1.t2__p831_terminationG_0.smt2 : 60052 ms.
--------------------------------------------------
timeout
../QF_NIA_split/QF_NIA_2_25//20170427-VeryMax/ITS/From_T2__fun1.t2__p832_terminationG_0.smt2 : 60048 ms.
--------------------------------------------------
timeout
../QF_NIA_split/QF_NIA_2_25//20170427-VeryMax/ITS/From_T2__fun1.t2__p833_terminationG_0.smt2 : 60047 ms.
--------------------------------------------------
timeout
../QF_NIA_split/QF_NIA_2_25//20170427-VeryMax/ITS/From_T2__fun1.t2__p839_terminationG_0.smt2 : 60046 ms.
--------------------------------------------------
timeout
../QF_NIA_split/QF_NIA_2_25//20170427-VeryMax/ITS/From_T2__fun1.t2__p840_terminationG_0.smt2 : 60051 ms.
--------------------------------------------------
timeout
../QF_NIA_split/QF_NIA_2_25//20170427-VeryMax/ITS/From_T2__fun1.t2__p841_terminationG_0.smt2 : 60062 ms.
--------------------------------------------------
timeout
../QF_NIA_split/QF_NIA_2_25//20170427-VeryMax/ITS/From_T2__fun1.t2__p847_terminationG_0.smt2 : 60046 ms.
--------------------------------------------------
timeout
../QF_NIA_split/QF_NIA_2_25//20170427-VeryMax/ITS/From_T2__fun1.t2__p848_terminationG_0.smt2 : 60052 ms.
--------------------------------------------------
timeout
../QF_NIA_split/QF_NIA_2_25//20170427-VeryMax/ITS/From_T2__fun1.t2__p849_terminationG_0.smt2 : 60054 ms.
--------------------------------------------------
timeout
../QF_NIA_split/QF_NIA_2_25//20170427-VeryMax/ITS/From_T2__fun1.t2__terminationQ_0_0.smt2 : 60046 ms.
--------------------------------------------------
timeout
../QF_NIA_split/QF_NIA_2_25//20170427-VeryMax/ITS/From_T2__fun1.t2__terminationS_0_0.smt2 : 60051 ms.
--------------------------------------------------
unsat
../QF_NIA_split/QF_NIA_2_25//20170427-VeryMax/ITS/From_T2__fun1.t2__terminationS_10_0.smt2 : 51729 ms.
--------------------------------------------------
timeout
../QF_NIA_split/QF_NIA_2_25//20170427-VeryMax/ITS/From_T2__fun1.t2__terminationS_1_0.smt2 : 60051 ms.
--------------------------------------------------
unsat
../QF_NIA_split/QF_NIA_2_25//20170427-VeryMax/ITS/From_T2__fun1.t2__terminationS_11_0.smt2 : 49385 ms.
--------------------------------------------------
unsat
../QF_NIA_split/QF_NIA_2_25//20170427-VeryMax/ITS/From_T2__fun1.t2__terminationS_12_0.smt2 : 56141 ms.
--------------------------------------------------
unsat
../QF_NIA_split/QF_NIA_2_25//20170427-VeryMax/ITS/From_T2__fun1.t2__terminationS_13_0.smt2 : 52326 ms.
--------------------------------------------------
unsat
../QF_NIA_split/QF_NIA_2_25//20170427-VeryMax/ITS/From_T2__fun1.t2__terminationS_14_0.smt2 : 58282 ms.
--------------------------------------------------
unsat
../QF_NIA_split/QF_NIA_2_25//20170427-VeryMax/ITS/From_T2__fun1.t2__terminationS_15_0.smt2 : 49435 ms.
--------------------------------------------------
timeout
../QF_NIA_split/QF_NIA_2_25//20170427-VeryMax/ITS/From_T2__fun1.t2__terminationS_2_0.smt2 : 60043 ms.
--------------------------------------------------
timeout
../QF_NIA_split/QF_NIA_2_25//20170427-VeryMax/ITS/From_T2__fun1.t2__terminationS_3_0.smt2 : 60050 ms.
--------------------------------------------------
timeout
../QF_NIA_split/QF_NIA_2_25//20170427-VeryMax/ITS/From_T2__fun1.t2__terminationS_4_0.smt2 : 60045 ms.
--------------------------------------------------
timeout
../QF_NIA_split/QF_NIA_2_25//20170427-VeryMax/ITS/From_T2__fun1.t2__terminationS_5_0.smt2 : 60054 ms.
--------------------------------------------------
timeout
../QF_NIA_split/QF_NIA_2_25//20170427-VeryMax/ITS/From_T2__fun1.t2__terminationS_6_0.smt2 : 60044 ms.
--------------------------------------------------
timeout
../QF_NIA_split/QF_NIA_2_25//20170427-VeryMax/ITS/From_T2__fun1.t2__terminationS_7_0.smt2 : 60051 ms.
--------------------------------------------------
unsat
../QF_NIA_split/QF_NIA_2_25//20170427-VeryMax/ITS/From_T2__fun1.t2__terminationS_8_0.smt2 : 51314 ms.
--------------------------------------------------
timeout
../QF_NIA_split/QF_NIA_2_25//20170427-VeryMax/ITS/From_T2__fun1.t2__terminationS_9_0.smt2 : 60049 ms.
--------------------------------------------------
unsat
../QF_NIA_split/QF_NIA_2_25//20170427-VeryMax/ITS/From_T2__fun1.t2__term_unfeasibility_0_0.smt2 : 46940 ms.
--------------------------------------------------
timeout
../QF_NIA_split/QF_NIA_2_25//20170427-VeryMax/ITS/From_T2__fun2b.t2_fixed__term_unfeasibility_0_0.smt2 : 60061 ms.
--------------------------------------------------
unsat
../QF_NIA_split/QF_NIA_2_25//20170427-VeryMax/ITS/From_T2__fun2b.t2__term_unfeasibility_0_0.smt2 : 49394 ms.
--------------------------------------------------
timeout
../QF_NIA_split/QF_NIA_2_25//20170427-VeryMax/ITS/From_T2__fun2.t2_fixed__term_unfeasibility_0_0.smt2 : 60072 ms.
--------------------------------------------------
unsat
../QF_NIA_split/QF_NIA_2_25//20170427-VeryMax/ITS/From_T2__fun2.t2__term_unfeasibility_0_0.smt2 : 32201 ms.
--------------------------------------------------
unsat
../QF_NIA_split/QF_NIA_2_25//20170427-VeryMax/ITS/From_T2__fun3.t2__term_unfeasibility_0_0.smt2 : 37198 ms.
--------------------------------------------------
unsat
../QF_NIA_split/QF_NIA_2_25//20170427-VeryMax/ITS/From_T2__fun4-alt.t2__p884_terminationG_0.smt2 : 21585 ms.
--------------------------------------------------
sat
../QF_NIA_split/QF_NIA_2_25//20170427-VeryMax/ITS/From_T2__fun4-alt.t2__p885_terminationG_0.smt2 : 7888 ms.
--------------------------------------------------
sat
../QF_NIA_split/QF_NIA_2_25//20170427-VeryMax/ITS/From_T2__fun4-alt.t2__p891_terminationG_0.smt2 : 1853 ms.
--------------------------------------------------
sat
../QF_NIA_split/QF_NIA_2_25//20170427-VeryMax/ITS/From_T2__fun4-alt.t2__p896_terminationG_0.smt2 : 3269 ms.
--------------------------------------------------
timeout
../QF_NIA_split/QF_NIA_2_25//20170427-VeryMax/ITS/From_T2__fun4-alt.t2__p897_terminationG_0.smt2 : 60044 ms.
--------------------------------------------------
sat
../QF_NIA_split/QF_NIA_2_25//20170427-VeryMax/ITS/From_T2__fun4-alt.t2__p909_terminationG_0.smt2 : 5169 ms.
--------------------------------------------------
sat
../QF_NIA_split/QF_NIA_2_25//20170427-VeryMax/ITS/From_T2__fun4-alt.t2__p915_terminationG_0.smt2 : 19244 ms.
--------------------------------------------------
sat
../QF_NIA_split/QF_NIA_2_25//20170427-VeryMax/ITS/From_T2__fun4-alt.t2__p916_terminationG_0.smt2 : 33717 ms.
--------------------------------------------------
unsat
../QF_NIA_split/QF_NIA_2_25//20170427-VeryMax/ITS/From_T2__fun4.t2_fixed__p938_terminationG_0.smt2 : 21494 ms.
--------------------------------------------------
sat
../QF_NIA_split/QF_NIA_2_25//20170427-VeryMax/ITS/From_T2__fun4.t2_fixed__p939_terminationG_0.smt2 : 4495 ms.
--------------------------------------------------
sat
../QF_NIA_split/QF_NIA_2_25//20170427-VeryMax/ITS/From_T2__fun4.t2_fixed__p947_terminationG_0.smt2 : 5763 ms.
--------------------------------------------------
sat
../QF_NIA_split/QF_NIA_2_25//20170427-VeryMax/ITS/From_T2__fun4.t2_fixed__p951_terminationG_0.smt2 : 2510 ms.
--------------------------------------------------
sat
../QF_NIA_split/QF_NIA_2_25//20170427-VeryMax/ITS/From_T2__fun4.t2_fixed__p952_terminationG_0.smt2 : 4679 ms.
--------------------------------------------------
sat
../QF_NIA_split/QF_NIA_2_25//20170427-VeryMax/ITS/From_T2__fun4.t2_fixed__p970_terminationG_0.smt2 : 3130 ms.
--------------------------------------------------
sat
../QF_NIA_split/QF_NIA_2_25//20170427-VeryMax/ITS/From_T2__fun4.t2_fixed__p971_terminationG_0.smt2 : 28052 ms.
--------------------------------------------------
sat
../QF_NIA_split/QF_NIA_2_25//20170427-VeryMax/ITS/From_T2__fun4.t2_fixed__p975_terminationG_0.smt2 : 4105 ms.
--------------------------------------------------
timeout
../QF_NIA_split/QF_NIA_2_25//20170427-VeryMax/ITS/From_T2__fun4.t2__p989_terminationG_0.smt2 : 60037 ms.
--------------------------------------------------
timeout
../QF_NIA_split/QF_NIA_2_25//20170427-VeryMax/ITS/From_T2__fun4.t2__p990_terminationG_0.smt2 : 60052 ms.
--------------------------------------------------
timeout
../QF_NIA_split/QF_NIA_2_25//20170427-VeryMax/ITS/From_T2__fun4.t2__p994_terminationG_0.smt2 : 60031 ms.
--------------------------------------------------
timeout
../QF_NIA_split/QF_NIA_2_25//20170427-VeryMax/ITS/From_T2__fun4.t2__p995_terminationG_0.smt2 : 60035 ms.
--------------------------------------------------
timeout
../QF_NIA_split/QF_NIA_2_25//20170427-VeryMax/ITS/From_T2__fun5.t2_fixed__p1005_terminationG_0.smt2 : 60076 ms.
--------------------------------------------------
timeout
../QF_NIA_split/QF_NIA_2_25//20170427-VeryMax/ITS/From_T2__fun5.t2_fixed__p1006_terminationG_0.smt2 : 60040 ms.
--------------------------------------------------
timeout
../QF_NIA_split/QF_NIA_2_25//20170427-VeryMax/ITS/From_T2__fun5.t2_fixed__p1007_terminationG_0.smt2 : 60041 ms.
--------------------------------------------------
unsat
../QF_NIA_split/QF_NIA_2_25//20170427-VeryMax/ITS/From_T2__fun5.t2_fixed__p1011_edge_closing_0.smt2 : 11894 ms.
--------------------------------------------------
timeout
../QF_NIA_split/QF_NIA_2_25//20170427-VeryMax/ITS/From_T2__fun5.t2_fixed__p1012_edge_closing_0.smt2 : 60085 ms.
--------------------------------------------------
timeout
../QF_NIA_split/QF_NIA_2_25//20170427-VeryMax/ITS/From_T2__fun5.t2_fixed__p1013_edge_closing_0.smt2 : 60039 ms.
--------------------------------------------------
timeout
../QF_NIA_split/QF_NIA_2_25//20170427-VeryMax/ITS/From_T2__fun5.t2_fixed__terminationQ_0_0.smt2 : 60049 ms.
--------------------------------------------------
unsat
../QF_NIA_split/QF_NIA_2_25//20170427-VeryMax/ITS/From_T2__fun5.t2_fixed__terminationS_0_0.smt2 : 6475 ms.
--------------------------------------------------
unsat
../QF_NIA_split/QF_NIA_2_25//20170427-VeryMax/ITS/From_T2__fun5.t2_fixed__terminationS_13_0.smt2 : 15021 ms.
--------------------------------------------------
unsat
../QF_NIA_split/QF_NIA_2_25//20170427-VeryMax/ITS/From_T2__fun5.t2_fixed__terminationS_15_0.smt2 : 16671 ms.
--------------------------------------------------
unsat
../QF_NIA_split/QF_NIA_2_25//20170427-VeryMax/ITS/From_T2__fun5.t2_fixed__terminationS_7_0.smt2 : 16799 ms.
--------------------------------------------------
unsat
../QF_NIA_split/QF_NIA_2_25//20170427-VeryMax/ITS/From_T2__fun5.t2_fixed__term_unfeasibility_0_0.smt2 : 17164 ms.
--------------------------------------------------
timeout
../QF_NIA_split/QF_NIA_2_25//20170427-VeryMax/ITS/From_T2__fun5.t2__p1026_terminationG_0.smt2 : 60042 ms.
--------------------------------------------------
timeout
../QF_NIA_split/QF_NIA_2_25//20170427-VeryMax/ITS/From_T2__fun5.t2__p1027_terminationG_0.smt2 : 60038 ms.
--------------------------------------------------
timeout
../QF_NIA_split/QF_NIA_2_25//20170427-VeryMax/ITS/From_T2__fun5.t2__p1028_terminationG_0.smt2 : 60030 ms.
--------------------------------------------------
timeout
../QF_NIA_split/QF_NIA_2_25//20170427-VeryMax/ITS/From_T2__fun5.t2__terminationQ_0_0.smt2 : 60094 ms.
--------------------------------------------------
unsat
../QF_NIA_split/QF_NIA_2_25//20170427-VeryMax/ITS/From_T2__fun5.t2__terminationS_13_0.smt2 : 14708 ms.
--------------------------------------------------
unsat
../QF_NIA_split/QF_NIA_2_25//20170427-VeryMax/ITS/From_T2__fun5.t2__terminationS_26_0.smt2 : 14630 ms.
--------------------------------------------------
unsat
../QF_NIA_split/QF_NIA_2_25//20170427-VeryMax/ITS/From_T2__fun5.t2__term_unfeasibility_0_0.smt2 : 24105 ms.
--------------------------------------------------
sat
../QF_NIA_split/QF_NIA_2_25//20170427-VeryMax/ITS/From_T2__fun6.t2_fixed__p1043_terminationG_0.smt2 : 17981 ms.
--------------------------------------------------
timeout
../QF_NIA_split/QF_NIA_2_25//20170427-VeryMax/ITS/From_T2__fun6.t2_fixed__p1045_terminationG_0.smt2 : 60043 ms.
--------------------------------------------------
timeout
../QF_NIA_split/QF_NIA_2_25//20170427-VeryMax/ITS/From_T2__fun6.t2_fixed__p1046_terminationG_0.smt2 : 60037 ms.
--------------------------------------------------
sat
../QF_NIA_split/QF_NIA_2_25//20170427-VeryMax/ITS/From_T2__fun6.t2_fixed__p1051_terminationG_0.smt2 : 21028 ms.
--------------------------------------------------
timeout
../QF_NIA_split/QF_NIA_2_25//20170427-VeryMax/ITS/From_T2__fun6.t2_fixed__p1052_terminationG_0.smt2 : 60039 ms.
--------------------------------------------------
timeout
../QF_NIA_split/QF_NIA_2_25//20170427-VeryMax/ITS/From_T2__fun6.t2_fixed__p1055_terminationG_0.smt2 : 60035 ms.
--------------------------------------------------
unsat
../QF_NIA_split/QF_NIA_2_25//20170427-VeryMax/ITS/From_T2__fun6.t2_fixed__p1060_terminationG_0.smt2 : 50177 ms.
--------------------------------------------------
timeout
../QF_NIA_split/QF_NIA_2_25//20170427-VeryMax/ITS/From_T2__fun6.t2_fixed__p1061_terminationG_0.smt2 : 60040 ms.
--------------------------------------------------
timeout
../QF_NIA_split/QF_NIA_2_25//20170427-VeryMax/ITS/From_T2__fun6.t2_fixed__p1062_terminationG_0.smt2 : 60035 ms.
--------------------------------------------------
sat
../QF_NIA_split/QF_NIA_2_25//20170427-VeryMax/ITS/From_T2__fun6.t2_fixed__p1064_edge_closing_0.smt2 : 20793 ms.
--------------------------------------------------
timeout
../QF_NIA_split/QF_NIA_2_25//20170427-VeryMax/ITS/From_T2__fun6.t2_fixed__p1065_edge_closing_0.smt2 : 60045 ms.
--------------------------------------------------
timeout
../QF_NIA_split/QF_NIA_2_25//20170427-VeryMax/ITS/From_T2__fun6.t2_fixed__p1066_edge_closing_0.smt2 : 60049 ms.
--------------------------------------------------
sat
../QF_NIA_split/QF_NIA_2_25//20170427-VeryMax/ITS/From_T2__fun6.t2_fixed__p1071_edge_closing_0.smt2 : 18220 ms.
--------------------------------------------------
timeout
../QF_NIA_split/QF_NIA_2_25//20170427-VeryMax/ITS/From_T2__fun6.t2_fixed__p1072_edge_closing_0.smt2 : 60046 ms.
--------------------------------------------------
timeout
../QF_NIA_split/QF_NIA_2_25//20170427-VeryMax/ITS/From_T2__fun6.t2_fixed__p1073_edge_closing_0.smt2 : 60044 ms.
--------------------------------------------------
timeout
../QF_NIA_split/QF_NIA_2_25//20170427-VeryMax/ITS/From_T2__fun6.t2_fixed__p1074_edge_closing_0.smt2 : 60042 ms.
--------------------------------------------------
timeout
../QF_NIA_split/QF_NIA_2_25//20170427-VeryMax/ITS/From_T2__fun6.t2_fixed__p1075_edge_closing_0.smt2 : 60045 ms.
--------------------------------------------------
timeout
../QF_NIA_split/QF_NIA_2_25//20170427-VeryMax/ITS/From_T2__fun6.t2_fixed__p1076_edge_closing_0.smt2 : 60038 ms.
--------------------------------------------------
sat
../QF_NIA_split/QF_NIA_2_25//20170427-VeryMax/ITS/From_T2__fun6.t2__p1083_terminationG_0.smt2 : 12689 ms.
--------------------------------------------------
timeout
../QF_NIA_split/QF_NIA_2_25//20170427-VeryMax/ITS/From_T2__fun6.t2__p1084_terminationG_0.smt2 : 60058 ms.
--------------------------------------------------
timeout
../QF_NIA_split/QF_NIA_2_25//20170427-VeryMax/ITS/From_T2__fun6.t2__p1085_terminationG_0.smt2 : 60035 ms.
--------------------------------------------------
sat
../QF_NIA_split/QF_NIA_2_25//20170427-VeryMax/ITS/From_T2__fun6.t2__p1091_terminationG_0.smt2 : 14696 ms.
--------------------------------------------------
timeout
../QF_NIA_split/QF_NIA_2_25//20170427-VeryMax/ITS/From_T2__fun6.t2__p1092_terminationG_0.smt2 : 60037 ms.
--------------------------------------------------
timeout
../QF_NIA_split/QF_NIA_2_25//20170427-VeryMax/ITS/From_T2__fun6.t2__p1093_terminationG_0.smt2 : 60044 ms.
--------------------------------------------------
unsat
../QF_NIA_split/QF_NIA_2_25//20170427-VeryMax/ITS/From_T2__fun6.t2__p1098_terminationG_0.smt2 : 50095 ms.
--------------------------------------------------
timeout
../QF_NIA_split/QF_NIA_2_25//20170427-VeryMax/ITS/From_T2__fun6.t2__p1099_terminationG_0.smt2 : 60040 ms.
--------------------------------------------------
timeout
../QF_NIA_split/QF_NIA_2_25//20170427-VeryMax/ITS/From_T2__fun6.t2__p1100_terminationG_0.smt2 : 60039 ms.
--------------------------------------------------
sat
../QF_NIA_split/QF_NIA_2_25//20170427-VeryMax/ITS/From_T2__fun6.t2__p1102_edge_closing_0.smt2 : 19899 ms.
--------------------------------------------------
timeout
../QF_NIA_split/QF_NIA_2_25//20170427-VeryMax/ITS/From_T2__fun6.t2__p1103_edge_closing_0.smt2 : 60031 ms.
--------------------------------------------------
timeout
../QF_NIA_split/QF_NIA_2_25//20170427-VeryMax/ITS/From_T2__fun6.t2__p1105_edge_closing_0.smt2 : 60039 ms.
--------------------------------------------------
timeout
../QF_NIA_split/QF_NIA_2_25//20170427-VeryMax/ITS/From_T2__fun7.t2_fixed__p1116_terminationG_0.smt2 : 60068 ms.
--------------------------------------------------
timeout
../QF_NIA_split/QF_NIA_2_25//20170427-VeryMax/ITS/From_T2__fun7.t2_fixed__p1117_terminationG_0.smt2 : 60090 ms.
--------------------------------------------------
timeout
../QF_NIA_split/QF_NIA_2_25//20170427-VeryMax/ITS/From_T2__fun7.t2_fixed__p1123_terminationG_0.smt2 : 60060 ms.
--------------------------------------------------
timeout
../QF_NIA_split/QF_NIA_2_25//20170427-VeryMax/ITS/From_T2__fun7.t2_fixed__p1124_terminationG_0.smt2 : 60064 ms.
--------------------------------------------------
timeout
../QF_NIA_split/QF_NIA_2_25//20170427-VeryMax/ITS/From_T2__fun7.t2_fixed__p1127_edge_closing_0.smt2 : 60038 ms.
--------------------------------------------------
timeout
../QF_NIA_split/QF_NIA_2_25//20170427-VeryMax/ITS/From_T2__fun7.t2_fixed__p1128_edge_closing_0.smt2 : 60046 ms.
--------------------------------------------------
timeout
../QF_NIA_split/QF_NIA_2_25//20170427-VeryMax/ITS/From_T2__fun7.t2_fixed__p1129_edge_closing_0.smt2 : 60044 ms.
--------------------------------------------------
timeout
../QF_NIA_split/QF_NIA_2_25//20170427-VeryMax/ITS/From_T2__fun7.t2__p1141_terminationG_0.smt2 : 60057 ms.
--------------------------------------------------
timeout
../QF_NIA_split/QF_NIA_2_25//20170427-VeryMax/ITS/From_T2__fun7.t2__p1142_terminationG_0.smt2 : 60068 ms.
--------------------------------------------------
unsat
../QF_NIA_split/QF_NIA_2_25//20170427-VeryMax/ITS/From_T2__fun7.t2__p1150_terminationG_0.smt2 : 12458 ms.
--------------------------------------------------
timeout
../QF_NIA_split/QF_NIA_2_25//20170427-VeryMax/ITS/From_T2__fun7.t2__p1151_terminationG_0.smt2 : 60087 ms.
--------------------------------------------------
timeout
../QF_NIA_split/QF_NIA_2_25//20170427-VeryMax/ITS/From_T2__fun7.t2__p1152_terminationG_0.smt2 : 60042 ms.
--------------------------------------------------
unsat
../QF_NIA_split/QF_NIA_2_25//20170427-VeryMax/ITS/From_T2__fun7.t2__p1158_terminationG_0.smt2 : 15936 ms.
--------------------------------------------------
timeout
../QF_NIA_split/QF_NIA_2_25//20170427-VeryMax/ITS/From_T2__fun7.t2__p1160_terminationG_0.smt2 : 60051 ms.
--------------------------------------------------
timeout
../QF_NIA_split/QF_NIA_2_25//20170427-VeryMax/ITS/From_T2__fun7.t2__p1161_terminationG_0.smt2 : 60041 ms.
--------------------------------------------------
timeout
../QF_NIA_split/QF_NIA_2_25//20170427-VeryMax/ITS/From_T2__fun7.t2__p1164_edge_closing_0.smt2 : 60045 ms.
--------------------------------------------------
timeout
../QF_NIA_split/QF_NIA_2_25//20170427-VeryMax/ITS/From_T2__fun7.t2__p1165_edge_closing_0.smt2 : 60041 ms.
--------------------------------------------------
timeout
../QF_NIA_split/QF_NIA_2_25//20170427-VeryMax/ITS/From_T2__fun7.t2__p1167_edge_closing_0.smt2 : 60048 ms.
--------------------------------------------------
unsat
../QF_NIA_split/QF_NIA_2_25//20170427-VeryMax/ITS/From_T2__fun7.t2__terminationQ_0_0.smt2 : 5683 ms.
