--------------------------------------------------
sat
../QF_NIA_split/QF_NIA_2_9//20170427-VeryMax/ITS/From_AProVE_2014__juHashMapCreateClear.jar-obl-11__p29840_terminationG_0.smt2 : 351 ms.
--------------------------------------------------
sat
../QF_NIA_split/QF_NIA_2_9//20170427-VeryMax/ITS/From_AProVE_2014__juHashMapCreateClear.jar-obl-11__p29841_terminationG_0.smt2 : 164526 ms.
--------------------------------------------------
sat
../QF_NIA_split/QF_NIA_2_9//20170427-VeryMax/ITS/From_AProVE_2014__juHashMapCreateClear.jar-obl-11__p29842_terminationG_0.smt2 : 586054 ms.
--------------------------------------------------
sat
../QF_NIA_split/QF_NIA_2_9//20170427-VeryMax/ITS/From_AProVE_2014__juHashMapCreateClear.jar-obl-11__p29853_safety_0.smt2 : 2138 ms.
--------------------------------------------------
sat
../QF_NIA_split/QF_NIA_2_9//20170427-VeryMax/ITS/From_AProVE_2014__juHashMapCreateClear.jar-obl-11__p29854_safety_0.smt2 : 2185 ms.
--------------------------------------------------
sat
../QF_NIA_split/QF_NIA_2_9//20170427-VeryMax/ITS/From_AProVE_2014__juHashMapCreateClear.jar-obl-11__p29860_safety_0.smt2 : 18711 ms.
--------------------------------------------------
timeout
../QF_NIA_split/QF_NIA_2_9//20170427-VeryMax/ITS/From_AProVE_2014__juHashMapCreateClear.jar-obl-11__p29861_safety_0.smt2 : 600051 ms.
--------------------------------------------------
sat
../QF_NIA_split/QF_NIA_2_9//20170427-VeryMax/ITS/From_AProVE_2014__juHashMapCreateClear.jar-obl-11__p29863_safety_0.smt2 : 13950 ms.
--------------------------------------------------
timeout
../QF_NIA_split/QF_NIA_2_9//20170427-VeryMax/ITS/From_AProVE_2014__juHashMapCreateClear.jar-obl-11__p29864_safety_0.smt2 : 600040 ms.
--------------------------------------------------
sat
../QF_NIA_split/QF_NIA_2_9//20170427-VeryMax/ITS/From_AProVE_2014__juHashMapCreateClear.jar-obl-11__p29868_safety_0.smt2 : 623 ms.
--------------------------------------------------
timeout
../QF_NIA_split/QF_NIA_2_9//20170427-VeryMax/ITS/From_AProVE_2014__juHashMapCreateClear.jar-obl-11__p29869_safety_0.smt2 : 600041 ms.
--------------------------------------------------
unsat
../QF_NIA_split/QF_NIA_2_9//20170427-VeryMax/ITS/From_AProVE_2014__juHashMapCreateClear.jar-obl-11__p29872_safety_0.smt2 : 2267 ms.
--------------------------------------------------
timeout
../QF_NIA_split/QF_NIA_2_9//20170427-VeryMax/ITS/From_AProVE_2014__juHashMapCreateClear.jar-obl-11__p29873_safety_0.smt2 : 600039 ms.
--------------------------------------------------
timeout
../QF_NIA_split/QF_NIA_2_9//20170427-VeryMax/ITS/From_AProVE_2014__juHashMapCreateClear.jar-obl-11__p29874_safety_0.smt2 : 600032 ms.
--------------------------------------------------
unsat
../QF_NIA_split/QF_NIA_2_9//20170427-VeryMax/ITS/From_AProVE_2014__juHashMapCreateClear.jar-obl-11__p29877_safety_0.smt2 : 2176 ms.
--------------------------------------------------
timeout
../QF_NIA_split/QF_NIA_2_9//20170427-VeryMax/ITS/From_AProVE_2014__juHashMapCreateClear.jar-obl-11__p29878_safety_0.smt2 : 600031 ms.
--------------------------------------------------
timeout
../QF_NIA_split/QF_NIA_2_9//20170427-VeryMax/ITS/From_AProVE_2014__juHashMapCreateClear.jar-obl-11__p29879_safety_0.smt2 : 600043 ms.
--------------------------------------------------
sat
../QF_NIA_split/QF_NIA_2_9//20170427-VeryMax/ITS/From_AProVE_2014__juHashMapCreateClear.jar-obl-11__p29881_safety_0.smt2 : 2340 ms.
--------------------------------------------------
sat
../QF_NIA_split/QF_NIA_2_9//20170427-VeryMax/ITS/From_AProVE_2014__juHashMapCreateClear.jar-obl-11__p29882_safety_0.smt2 : 4019 ms.
--------------------------------------------------
sat
../QF_NIA_split/QF_NIA_2_9//20170427-VeryMax/ITS/From_AProVE_2014__juHashMapCreateClear.jar-obl-11__p29884_safety_0.smt2 : 2395 ms.
--------------------------------------------------
sat
../QF_NIA_split/QF_NIA_2_9//20170427-VeryMax/ITS/From_AProVE_2014__juHashMapCreateClear.jar-obl-11__p29885_safety_0.smt2 : 2808 ms.
--------------------------------------------------
sat
../QF_NIA_split/QF_NIA_2_9//20170427-VeryMax/ITS/From_AProVE_2014__juHashMapCreateClear.jar-obl-11__p29890_safety_0.smt2 : 533252 ms.
--------------------------------------------------
sat
../QF_NIA_split/QF_NIA_2_9//20170427-VeryMax/ITS/From_AProVE_2014__juHashMapCreateClear.jar-obl-11__p29894_safety_0.smt2 : 36713 ms.
--------------------------------------------------
timeout
../QF_NIA_split/QF_NIA_2_9//20170427-VeryMax/ITS/From_AProVE_2014__juHashMapCreateClear.jar-obl-11__p29895_safety_0.smt2 : 600041 ms.
--------------------------------------------------
sat
../QF_NIA_split/QF_NIA_2_9//20170427-VeryMax/ITS/From_AProVE_2014__juHashMapCreateClear.jar-obl-11__p29899_safety_0.smt2 : 3780 ms.
--------------------------------------------------
sat
../QF_NIA_split/QF_NIA_2_9//20170427-VeryMax/ITS/From_AProVE_2014__juHashMapCreateClear.jar-obl-11__p29900_safety_0.smt2 : 2153 ms.
--------------------------------------------------
sat
../QF_NIA_split/QF_NIA_2_9//20170427-VeryMax/ITS/From_AProVE_2014__juHashMapCreateClear.jar-obl-11__p29904_safety_0.smt2 : 6695 ms.
--------------------------------------------------
sat
../QF_NIA_split/QF_NIA_2_9//20170427-VeryMax/ITS/From_AProVE_2014__juHashMapCreateClear.jar-obl-11__p29905_safety_0.smt2 : 15812 ms.
--------------------------------------------------
unsat
../QF_NIA_split/QF_NIA_2_9//20170427-VeryMax/ITS/From_AProVE_2014__juHashMapCreateClear.jar-obl-11__p29908_safety_0.smt2 : 4848 ms.
--------------------------------------------------
timeout
../QF_NIA_split/QF_NIA_2_9//20170427-VeryMax/ITS/From_AProVE_2014__juHashMapCreateClear.jar-obl-11__p29909_safety_0.smt2 : 600044 ms.
--------------------------------------------------
timeout
../QF_NIA_split/QF_NIA_2_9//20170427-VeryMax/ITS/From_AProVE_2014__juHashMapCreateClear.jar-obl-11__p29910_safety_0.smt2 : 600067 ms.
--------------------------------------------------
sat
../QF_NIA_split/QF_NIA_2_9//20170427-VeryMax/ITS/From_AProVE_2014__juHashMapCreateClear.jar-obl-11__p29915_safety_0.smt2 : 2631 ms.
--------------------------------------------------
sat
../QF_NIA_split/QF_NIA_2_9//20170427-VeryMax/ITS/From_AProVE_2014__juHashMapCreateClear.jar-obl-11__p29919_safety_0.smt2 : 112595 ms.
--------------------------------------------------
timeout
../QF_NIA_split/QF_NIA_2_9//20170427-VeryMax/ITS/From_AProVE_2014__juHashMapCreateClear.jar-obl-11__p29920_safety_0.smt2 : 600054 ms.
--------------------------------------------------
sat
../QF_NIA_split/QF_NIA_2_9//20170427-VeryMax/ITS/From_AProVE_2014__juHashMapCreateClear.jar-obl-11__p29923_safety_0.smt2 : 57570 ms.
--------------------------------------------------
sat
../QF_NIA_split/QF_NIA_2_9//20170427-VeryMax/ITS/From_AProVE_2014__juHashMapCreateClear.jar-obl-11__p29924_safety_0.smt2 : 41058 ms.
--------------------------------------------------
sat
../QF_NIA_split/QF_NIA_2_9//20170427-VeryMax/ITS/From_AProVE_2014__juHashMapCreateClear.jar-obl-11__p29925_safety_0.smt2 : 151103 ms.
--------------------------------------------------
sat
../QF_NIA_split/QF_NIA_2_9//20170427-VeryMax/ITS/From_AProVE_2014__juHashMapCreateClear.jar-obl-11__p29933_safety_0.smt2 : 74387 ms.
--------------------------------------------------
sat
../QF_NIA_split/QF_NIA_2_9//20170427-VeryMax/ITS/From_AProVE_2014__juHashMapCreateClear.jar-obl-11__p29935_safety_0.smt2 : 70880 ms.
--------------------------------------------------
timeout
../QF_NIA_split/QF_NIA_2_9//20170427-VeryMax/ITS/From_AProVE_2014__juHashMapCreateClear.jar-obl-11__p29936_safety_0.smt2 : 600052 ms.
--------------------------------------------------
unsat
../QF_NIA_split/QF_NIA_2_9//20170427-VeryMax/ITS/From_AProVE_2014__juHashMapCreateClear.jar-obl-11__p29937_safety_0.smt2 : 5055 ms.
--------------------------------------------------
timeout
../QF_NIA_split/QF_NIA_2_9//20170427-VeryMax/ITS/From_AProVE_2014__juHashMapCreateClear.jar-obl-11__p29938_safety_0.smt2 : 600050 ms.
--------------------------------------------------
timeout
../QF_NIA_split/QF_NIA_2_9//20170427-VeryMax/ITS/From_AProVE_2014__juHashMapCreateClear.jar-obl-11__p29939_safety_0.smt2 : 600042 ms.
--------------------------------------------------
sat
../QF_NIA_split/QF_NIA_2_9//20170427-VeryMax/ITS/From_AProVE_2014__juHashMapCreateClear.jar-obl-11__p29940_safety_0.smt2 : 1247 ms.
--------------------------------------------------
sat
../QF_NIA_split/QF_NIA_2_9//20170427-VeryMax/ITS/From_AProVE_2014__juHashMapCreateClear.jar-obl-11__p29941_safety_0.smt2 : 48410 ms.
--------------------------------------------------
sat
../QF_NIA_split/QF_NIA_2_9//20170427-VeryMax/ITS/From_AProVE_2014__juHashMapCreateClear.jar-obl-11__p29942_safety_0.smt2 : 242169 ms.
--------------------------------------------------
sat
../QF_NIA_split/QF_NIA_2_9//20170427-VeryMax/ITS/From_AProVE_2014__juHashMapCreateClear.jar-obl-11__p29947_safety_0.smt2 : 2182 ms.
--------------------------------------------------
timeout
../QF_NIA_split/QF_NIA_2_9//20170427-VeryMax/ITS/From_AProVE_2014__juHashMapCreateClear.jar-obl-11__p29951_safety_0.smt2 : 600057 ms.
--------------------------------------------------
sat
../QF_NIA_split/QF_NIA_2_9//20170427-VeryMax/ITS/From_AProVE_2014__juHashMapCreateClear.jar-obl-11__p29952_safety_0.smt2 : 486852 ms.
--------------------------------------------------
unsat
../QF_NIA_split/QF_NIA_2_9//20170427-VeryMax/ITS/From_AProVE_2014__juHashMapCreateClear.jar-obl-11__p29955_safety_0.smt2 : 4142 ms.
--------------------------------------------------
timeout
../QF_NIA_split/QF_NIA_2_9//20170427-VeryMax/ITS/From_AProVE_2014__juHashMapCreateClear.jar-obl-11__p29956_safety_0.smt2 : 600075 ms.
--------------------------------------------------
timeout
../QF_NIA_split/QF_NIA_2_9//20170427-VeryMax/ITS/From_AProVE_2014__juHashMapCreateClear.jar-obl-11__p29957_safety_0.smt2 : 600064 ms.
--------------------------------------------------
sat
../QF_NIA_split/QF_NIA_2_9//20170427-VeryMax/ITS/From_AProVE_2014__juHashMapCreateClear.jar-obl-11__p29958_safety_0.smt2 : 2866 ms.
--------------------------------------------------
sat
../QF_NIA_split/QF_NIA_2_9//20170427-VeryMax/ITS/From_AProVE_2014__juHashMapCreateClear.jar-obl-11__p29959_safety_0.smt2 : 92388 ms.
--------------------------------------------------
timeout
../QF_NIA_split/QF_NIA_2_9//20170427-VeryMax/ITS/From_AProVE_2014__juHashMapCreateClear.jar-obl-11__p29960_safety_0.smt2 : 600072 ms.
--------------------------------------------------
sat
../QF_NIA_split/QF_NIA_2_9//20170427-VeryMax/ITS/From_AProVE_2014__juHashMapCreateClear.jar-obl-11__p29965_safety_0.smt2 : 2182 ms.
--------------------------------------------------
sat
../QF_NIA_split/QF_NIA_2_9//20170427-VeryMax/ITS/From_AProVE_2014__juHashMapCreateClear.jar-obl-11__p29968_safety_0.smt2 : 2515 ms.
--------------------------------------------------
sat
../QF_NIA_split/QF_NIA_2_9//20170427-VeryMax/ITS/From_AProVE_2014__juHashMapCreateClear.jar-obl-11__p29970_safety_0.smt2 : 50242 ms.
--------------------------------------------------
sat
../QF_NIA_split/QF_NIA_2_9//20170427-VeryMax/ITS/From_AProVE_2014__juHashMapCreateClear.jar-obl-11__p29971_safety_0.smt2 : 209629 ms.
--------------------------------------------------
timeout
../QF_NIA_split/QF_NIA_2_9//20170427-VeryMax/ITS/From_AProVE_2014__juHashMapCreateClear.jar-obl-11__p29973_safety_0.smt2 : 600063 ms.
--------------------------------------------------
sat
../QF_NIA_split/QF_NIA_2_9//20170427-VeryMax/ITS/From_AProVE_2014__juHashMapCreateClear.jar-obl-11__p29974_safety_0.smt2 : 200341 ms.
--------------------------------------------------
sat
../QF_NIA_split/QF_NIA_2_9//20170427-VeryMax/ITS/From_AProVE_2014__juHashMapCreateClear.jar-obl-11__p29975_safety_0.smt2 : 1765 ms.
--------------------------------------------------
sat
../QF_NIA_split/QF_NIA_2_9//20170427-VeryMax/ITS/From_AProVE_2014__juHashMapCreateClear.jar-obl-11__p29976_safety_0.smt2 : 3009 ms.
--------------------------------------------------
sat
../QF_NIA_split/QF_NIA_2_9//20170427-VeryMax/ITS/From_AProVE_2014__juHashMapCreateClear.jar-obl-11__p29977_safety_0.smt2 : 165498 ms.
--------------------------------------------------
sat
../QF_NIA_split/QF_NIA_2_9//20170427-VeryMax/ITS/From_AProVE_2014__juHashMapCreateClear.jar-obl-11__p29982_safety_0.smt2 : 2151 ms.
--------------------------------------------------
sat
../QF_NIA_split/QF_NIA_2_9//20170427-VeryMax/ITS/From_AProVE_2014__juHashMapCreateClear.jar-obl-11__p29986_safety_0.smt2 : 1920 ms.
--------------------------------------------------
timeout
../QF_NIA_split/QF_NIA_2_9//20170427-VeryMax/ITS/From_AProVE_2014__juHashMapCreateClear.jar-obl-11__p29987_safety_0.smt2 : 600057 ms.
--------------------------------------------------
sat
../QF_NIA_split/QF_NIA_2_9//20170427-VeryMax/ITS/From_AProVE_2014__juHashMapCreateClear.jar-obl-11__p29991_safety_0.smt2 : 1019 ms.
--------------------------------------------------
sat
../QF_NIA_split/QF_NIA_2_9//20170427-VeryMax/ITS/From_AProVE_2014__juHashMapCreateClear.jar-obl-11__p29996_safety_0.smt2 : 1293 ms.
--------------------------------------------------
timeout
../QF_NIA_split/QF_NIA_2_9//20170427-VeryMax/ITS/From_AProVE_2014__juHashMapCreateClear.jar-obl-11__p29997_safety_0.smt2 : 600049 ms.
--------------------------------------------------
sat
../QF_NIA_split/QF_NIA_2_9//20170427-VeryMax/ITS/From_AProVE_2014__juHashMapCreateClear.jar-obl-11__p30002_terminationG_0.smt2 : 3002 ms.
--------------------------------------------------
sat
../QF_NIA_split/QF_NIA_2_9//20170427-VeryMax/ITS/From_AProVE_2014__juHashMapCreateClear.jar-obl-11__p30003_terminationG_0.smt2 : 352552 ms.
--------------------------------------------------
sat
../QF_NIA_split/QF_NIA_2_9//20170427-VeryMax/ITS/From_AProVE_2014__juHashMapCreateClear.jar-obl-11__p30004_terminationG_0.smt2 : 421495 ms.
--------------------------------------------------
sat
../QF_NIA_split/QF_NIA_2_9//20170427-VeryMax/ITS/From_AProVE_2014__juHashMapCreateClear.jar-obl-11__p30016_safety_0.smt2 : 322 ms.
--------------------------------------------------
sat
../QF_NIA_split/QF_NIA_2_9//20170427-VeryMax/ITS/From_AProVE_2014__juHashMapCreateClear.jar-obl-11__p30020_safety_0.smt2 : 2500 ms.
--------------------------------------------------
sat
../QF_NIA_split/QF_NIA_2_9//20170427-VeryMax/ITS/From_AProVE_2014__juHashMapCreateClear.jar-obl-11__p30021_safety_0.smt2 : 2358 ms.
--------------------------------------------------
sat
../QF_NIA_split/QF_NIA_2_9//20170427-VeryMax/ITS/From_AProVE_2014__juHashMapCreateClear.jar-obl-11__p30025_safety_0.smt2 : 177235 ms.
--------------------------------------------------
sat
../QF_NIA_split/QF_NIA_2_9//20170427-VeryMax/ITS/From_AProVE_2014__juHashMapCreateClear.jar-obl-11__p30026_safety_0.smt2 : 2337 ms.
--------------------------------------------------
sat
../QF_NIA_split/QF_NIA_2_9//20170427-VeryMax/ITS/From_AProVE_2014__juHashMapCreateClear.jar-obl-11__p30030_safety_0.smt2 : 3635 ms.
--------------------------------------------------
sat
../QF_NIA_split/QF_NIA_2_9//20170427-VeryMax/ITS/From_AProVE_2014__juHashMapCreateClear.jar-obl-11__p30031_safety_0.smt2 : 42846 ms.
--------------------------------------------------
unsat
../QF_NIA_split/QF_NIA_2_9//20170427-VeryMax/ITS/From_AProVE_2014__juHashMapCreateClear.jar-obl-11__p30034_safety_0.smt2 : 4193 ms.
--------------------------------------------------
timeout
../QF_NIA_split/QF_NIA_2_9//20170427-VeryMax/ITS/From_AProVE_2014__juHashMapCreateClear.jar-obl-11__p30035_safety_0.smt2 : 600048 ms.
--------------------------------------------------
timeout
../QF_NIA_split/QF_NIA_2_9//20170427-VeryMax/ITS/From_AProVE_2014__juHashMapCreateClear.jar-obl-11__p30036_safety_0.smt2 : 600044 ms.
--------------------------------------------------
unsat
../QF_NIA_split/QF_NIA_2_9//20170427-VeryMax/ITS/From_AProVE_2014__juHashMapCreateClear.jar-obl-11__p30039_safety_0.smt2 : 3050 ms.
--------------------------------------------------
timeout
../QF_NIA_split/QF_NIA_2_9//20170427-VeryMax/ITS/From_AProVE_2014__juHashMapCreateClear.jar-obl-11__p30040_safety_0.smt2 : 600054 ms.
--------------------------------------------------
timeout
../QF_NIA_split/QF_NIA_2_9//20170427-VeryMax/ITS/From_AProVE_2014__juHashMapCreateClear.jar-obl-11__p30041_safety_0.smt2 : 600062 ms.
--------------------------------------------------
sat
../QF_NIA_split/QF_NIA_2_9//20170427-VeryMax/ITS/From_AProVE_2014__juHashMapCreateClear.jar-obl-11__p30043_safety_0.smt2 : 2077 ms.
--------------------------------------------------
sat
../QF_NIA_split/QF_NIA_2_9//20170427-VeryMax/ITS/From_AProVE_2014__juHashMapCreateClear.jar-obl-11__p30044_safety_0.smt2 : 3563 ms.
--------------------------------------------------
sat
../QF_NIA_split/QF_NIA_2_9//20170427-VeryMax/ITS/From_AProVE_2014__juHashMapCreateClear.jar-obl-11__p30045_safety_0.smt2 : 811 ms.
--------------------------------------------------
sat
../QF_NIA_split/QF_NIA_2_9//20170427-VeryMax/ITS/From_AProVE_2014__juHashMapCreateClear.jar-obl-11__p30047_safety_0.smt2 : 3294 ms.
--------------------------------------------------
sat
../QF_NIA_split/QF_NIA_2_9//20170427-VeryMax/ITS/From_AProVE_2014__juHashMapCreateClear.jar-obl-11__p30052_safety_0.smt2 : 2190 ms.
--------------------------------------------------
timeout
../QF_NIA_split/QF_NIA_2_9//20170427-VeryMax/ITS/From_AProVE_2014__juHashMapCreateClear.jar-obl-11__p30062_safety_0.smt2 : 600056 ms.
--------------------------------------------------
sat
../QF_NIA_split/QF_NIA_2_9//20170427-VeryMax/ITS/From_AProVE_2014__juHashMapCreateClear.jar-obl-11__p30066_safety_0.smt2 : 10235 ms.
--------------------------------------------------
timeout
../QF_NIA_split/QF_NIA_2_9//20170427-VeryMax/ITS/From_AProVE_2014__juHashMapCreateClear.jar-obl-11__p30067_safety_0.smt2 : 600051 ms.
--------------------------------------------------
sat
../QF_NIA_split/QF_NIA_2_9//20170427-VeryMax/ITS/From_AProVE_2014__juHashMapCreateClear.jar-obl-11__p30071_safety_0.smt2 : 131505 ms.
--------------------------------------------------
sat
../QF_NIA_split/QF_NIA_2_9//20170427-VeryMax/ITS/From_AProVE_2014__juHashMapCreateClear.jar-obl-11__p30072_safety_0.smt2 : 167726 ms.
--------------------------------------------------
timeout
../QF_NIA_split/QF_NIA_2_9//20170427-VeryMax/ITS/From_AProVE_2014__juHashMapCreateClear.jar-obl-11__p30076_safety_0.smt2 : 600045 ms.
--------------------------------------------------
sat
../QF_NIA_split/QF_NIA_2_9//20170427-VeryMax/ITS/From_AProVE_2014__juHashMapCreateClear.jar-obl-11__p30077_safety_0.smt2 : 7034 ms.
--------------------------------------------------
unsat
../QF_NIA_split/QF_NIA_2_9//20170427-VeryMax/ITS/From_AProVE_2014__juHashMapCreateClear.jar-obl-11__p30080_safety_0.smt2 : 2239 ms.
--------------------------------------------------
timeout
../QF_NIA_split/QF_NIA_2_9//20170427-VeryMax/ITS/From_AProVE_2014__juHashMapCreateClear.jar-obl-11__p30081_safety_0.smt2 : 600052 ms.
--------------------------------------------------
timeout
../QF_NIA_split/QF_NIA_2_9//20170427-VeryMax/ITS/From_AProVE_2014__juHashMapCreateClear.jar-obl-11__p30082_safety_0.smt2 : 600068 ms.
--------------------------------------------------
unsat
../QF_NIA_split/QF_NIA_2_9//20170427-VeryMax/ITS/From_AProVE_2014__juHashMapCreateClear.jar-obl-11__p30085_safety_0.smt2 : 6496 ms.
--------------------------------------------------
timeout
../QF_NIA_split/QF_NIA_2_9//20170427-VeryMax/ITS/From_AProVE_2014__juHashMapCreateClear.jar-obl-11__p30086_safety_0.smt2 : 600046 ms.
--------------------------------------------------
timeout
../QF_NIA_split/QF_NIA_2_9//20170427-VeryMax/ITS/From_AProVE_2014__juHashMapCreateClear.jar-obl-11__p30087_safety_0.smt2 : 600055 ms.
--------------------------------------------------
sat
../QF_NIA_split/QF_NIA_2_9//20170427-VeryMax/ITS/From_AProVE_2014__juHashMapCreateClear.jar-obl-11__p30088_safety_0.smt2 : 2262 ms.
--------------------------------------------------
sat
../QF_NIA_split/QF_NIA_2_9//20170427-VeryMax/ITS/From_AProVE_2014__juHashMapCreateClear.jar-obl-11__p30089_safety_0.smt2 : 3366 ms.
--------------------------------------------------
sat
../QF_NIA_split/QF_NIA_2_9//20170427-VeryMax/ITS/From_AProVE_2014__juHashMapCreateClear.jar-obl-11__p30090_safety_0.smt2 : 178247 ms.
--------------------------------------------------
sat
../QF_NIA_split/QF_NIA_2_9//20170427-VeryMax/ITS/From_AProVE_2014__juHashMapCreateClear.jar-obl-11__p30092_safety_0.smt2 : 56179 ms.
--------------------------------------------------
sat
../QF_NIA_split/QF_NIA_2_9//20170427-VeryMax/ITS/From_AProVE_2014__juHashMapCreateClear.jar-obl-11__p30093_safety_0.smt2 : 466035 ms.
--------------------------------------------------
sat
../QF_NIA_split/QF_NIA_2_9//20170427-VeryMax/ITS/From_AProVE_2014__juHashMapCreateClear.jar-obl-11__p30102_safety_0.smt2 : 2143 ms.
--------------------------------------------------
sat
../QF_NIA_split/QF_NIA_2_9//20170427-VeryMax/ITS/From_AProVE_2014__juHashMapCreateClear.jar-obl-11__p30106_safety_0.smt2 : 168642 ms.
--------------------------------------------------
sat
../QF_NIA_split/QF_NIA_2_9//20170427-VeryMax/ITS/From_AProVE_2014__juHashMapCreateClear.jar-obl-11__p30110_safety_0.smt2 : 49437 ms.
--------------------------------------------------
sat
../QF_NIA_split/QF_NIA_2_9//20170427-VeryMax/ITS/From_AProVE_2014__juHashMapCreateClear.jar-obl-11__p30111_safety_0.smt2 : 2428 ms.
--------------------------------------------------
sat
../QF_NIA_split/QF_NIA_2_9//20170427-VeryMax/ITS/From_AProVE_2014__juHashMapCreateClear.jar-obl-11__p30113_safety_0.smt2 : 2347 ms.
--------------------------------------------------
sat
../QF_NIA_split/QF_NIA_2_9//20170427-VeryMax/ITS/From_AProVE_2014__juHashMapCreateClear.jar-obl-11__p30114_safety_0.smt2 : 2529 ms.
--------------------------------------------------
unsat
../QF_NIA_split/QF_NIA_2_9//20170427-VeryMax/ITS/From_AProVE_2014__juHashMapCreateClear.jar-obl-11__p30115_safety_0.smt2 : 4690 ms.
--------------------------------------------------
timeout
../QF_NIA_split/QF_NIA_2_9//20170427-VeryMax/ITS/From_AProVE_2014__juHashMapCreateClear.jar-obl-11__p30116_safety_0.smt2 : 600053 ms.
--------------------------------------------------
timeout
../QF_NIA_split/QF_NIA_2_9//20170427-VeryMax/ITS/From_AProVE_2014__juHashMapCreateClear.jar-obl-11__p30118_safety_0.smt2 : 600073 ms.
--------------------------------------------------
sat
../QF_NIA_split/QF_NIA_2_9//20170427-VeryMax/ITS/From_AProVE_2014__juHashMapCreateClear.jar-obl-11__p30121_safety_0.smt2 : 2243 ms.
--------------------------------------------------
sat
../QF_NIA_split/QF_NIA_2_9//20170427-VeryMax/ITS/From_AProVE_2014__juHashMapCreateClear.jar-obl-11__p30122_safety_0.smt2 : 2553 ms.
--------------------------------------------------
sat
../QF_NIA_split/QF_NIA_2_9//20170427-VeryMax/ITS/From_AProVE_2014__juHashMapCreateClear.jar-obl-11__p30126_safety_0.smt2 : 2823 ms.
--------------------------------------------------
sat
../QF_NIA_split/QF_NIA_2_9//20170427-VeryMax/ITS/From_AProVE_2014__juHashMapCreateClear.jar-obl-11__p30127_safety_0.smt2 : 2532 ms.
--------------------------------------------------
sat
../QF_NIA_split/QF_NIA_2_9//20170427-VeryMax/ITS/From_AProVE_2014__juHashMapCreateClear.jar-obl-11__p30130_safety_0.smt2 : 2478 ms.
--------------------------------------------------
sat
../QF_NIA_split/QF_NIA_2_9//20170427-VeryMax/ITS/From_AProVE_2014__juHashMapCreateClear.jar-obl-11__p30131_safety_0.smt2 : 64152 ms.
--------------------------------------------------
sat
../QF_NIA_split/QF_NIA_2_9//20170427-VeryMax/ITS/From_AProVE_2014__juHashMapCreateClear.jar-obl-11__p30132_safety_0.smt2 : 512634 ms.
--------------------------------------------------
sat
../QF_NIA_split/QF_NIA_2_9//20170427-VeryMax/ITS/From_AProVE_2014__juHashMapCreateClear.jar-obl-11__p30137_safety_0.smt2 : 2180 ms.
--------------------------------------------------
sat
../QF_NIA_split/QF_NIA_2_9//20170427-VeryMax/ITS/From_AProVE_2014__juHashMapCreateClear.jar-obl-11__p30141_safety_0.smt2 : 99506 ms.
--------------------------------------------------
sat
../QF_NIA_split/QF_NIA_2_9//20170427-VeryMax/ITS/From_AProVE_2014__juHashMapCreateClear.jar-obl-11__p30142_safety_0.smt2 : 2408 ms.
--------------------------------------------------
timeout
../QF_NIA_split/QF_NIA_2_9//20170427-VeryMax/ITS/From_AProVE_2014__juHashMapCreateClear.jar-obl-11__p30146_safety_0.smt2 : 600069 ms.
--------------------------------------------------
sat
../QF_NIA_split/QF_NIA_2_9//20170427-VeryMax/ITS/From_AProVE_2014__juHashMapCreateClear.jar-obl-11__p30147_safety_0.smt2 : 2420 ms.
--------------------------------------------------
unsat
../QF_NIA_split/QF_NIA_2_9//20170427-VeryMax/ITS/From_AProVE_2014__juHashMapCreateClear.jar-obl-11__p30150_safety_0.smt2 : 2217 ms.
--------------------------------------------------
timeout
../QF_NIA_split/QF_NIA_2_9//20170427-VeryMax/ITS/From_AProVE_2014__juHashMapCreateClear.jar-obl-11__p30151_safety_0.smt2 : 600062 ms.
--------------------------------------------------
timeout
../QF_NIA_split/QF_NIA_2_9//20170427-VeryMax/ITS/From_AProVE_2014__juHashMapCreateClear.jar-obl-11__p30152_safety_0.smt2 : 600045 ms.
--------------------------------------------------
sat
../QF_NIA_split/QF_NIA_2_9//20170427-VeryMax/ITS/From_AProVE_2014__juHashMapCreateClear.jar-obl-11__p30153_safety_0.smt2 : 2320 ms.
--------------------------------------------------
sat
../QF_NIA_split/QF_NIA_2_9//20170427-VeryMax/ITS/From_AProVE_2014__juHashMapCreateClear.jar-obl-11__p30154_safety_0.smt2 : 118410 ms.
--------------------------------------------------
timeout
../QF_NIA_split/QF_NIA_2_9//20170427-VeryMax/ITS/From_AProVE_2014__juHashMapCreateClear.jar-obl-11__p30155_safety_0.smt2 : 600061 ms.
--------------------------------------------------
sat
../QF_NIA_split/QF_NIA_2_9//20170427-VeryMax/ITS/From_AProVE_2014__juHashMapCreateClear.jar-obl-11__p30160_safety_0.smt2 : 2219 ms.
--------------------------------------------------
sat
../QF_NIA_split/QF_NIA_2_9//20170427-VeryMax/ITS/From_AProVE_2014__juHashMapCreateClear.jar-obl-11__p30164_safety_0.smt2 : 3397 ms.
--------------------------------------------------
sat
../QF_NIA_split/QF_NIA_2_9//20170427-VeryMax/ITS/From_AProVE_2014__juHashMapCreateClear.jar-obl-11__p30165_safety_0.smt2 : 105722 ms.
--------------------------------------------------
sat
../QF_NIA_split/QF_NIA_2_9//20170427-VeryMax/ITS/From_AProVE_2014__juHashMapCreateClear.jar-obl-11__p30169_safety_0.smt2 : 19133 ms.
--------------------------------------------------
sat
../QF_NIA_split/QF_NIA_2_9//20170427-VeryMax/ITS/From_AProVE_2014__juHashMapCreateClear.jar-obl-11__p30170_safety_0.smt2 : 3115 ms.
--------------------------------------------------
unsat
../QF_NIA_split/QF_NIA_2_9//20170427-VeryMax/ITS/From_AProVE_2014__juHashMapCreateClear.jar-obl-11__p30173_safety_0.smt2 : 8300 ms.
--------------------------------------------------
timeout
../QF_NIA_split/QF_NIA_2_9//20170427-VeryMax/ITS/From_AProVE_2014__juHashMapCreateClear.jar-obl-11__p30174_safety_0.smt2 : 600057 ms.
--------------------------------------------------
timeout
../QF_NIA_split/QF_NIA_2_9//20170427-VeryMax/ITS/From_AProVE_2014__juHashMapCreateClear.jar-obl-11__p30175_safety_0.smt2 : 600063 ms.
--------------------------------------------------
sat
../QF_NIA_split/QF_NIA_2_9//20170427-VeryMax/ITS/From_AProVE_2014__juHashMapCreateClear.jar-obl-11__p30178_terminationG_0.smt2 : 3149 ms.
--------------------------------------------------
sat
../QF_NIA_split/QF_NIA_2_9//20170427-VeryMax/ITS/From_AProVE_2014__juHashMapCreateClear.jar-obl-11__p30179_terminationG_0.smt2 : 145790 ms.
--------------------------------------------------
timeout
../QF_NIA_split/QF_NIA_2_9//20170427-VeryMax/ITS/From_AProVE_2014__juHashMapCreateClear.jar-obl-11__p30180_terminationG_0.smt2 : 600075 ms.
--------------------------------------------------
sat
../QF_NIA_split/QF_NIA_2_9//20170427-VeryMax/ITS/From_AProVE_2014__juHashMapCreateClear.jar-obl-11__p30199_safety_0.smt2 : 2331 ms.
--------------------------------------------------
sat
../QF_NIA_split/QF_NIA_2_9//20170427-VeryMax/ITS/From_AProVE_2014__juHashMapCreateClear.jar-obl-11__p30201_safety_0.smt2 : 996 ms.
--------------------------------------------------
sat
../QF_NIA_split/QF_NIA_2_9//20170427-VeryMax/ITS/From_AProVE_2014__juHashMapCreateClear.jar-obl-11__p30202_safety_0.smt2 : 100865 ms.
--------------------------------------------------
sat
../QF_NIA_split/QF_NIA_2_9//20170427-VeryMax/ITS/From_AProVE_2014__juHashMapCreateClear.jar-obl-11__p30206_safety_0.smt2 : 1330 ms.
--------------------------------------------------
sat
../QF_NIA_split/QF_NIA_2_9//20170427-VeryMax/ITS/From_AProVE_2014__juHashMapCreateClear.jar-obl-11__p30207_safety_0.smt2 : 2437 ms.
--------------------------------------------------
sat
../QF_NIA_split/QF_NIA_2_9//20170427-VeryMax/ITS/From_AProVE_2014__juHashMapCreateClear.jar-obl-11__p30211_safety_0.smt2 : 1270 ms.
--------------------------------------------------
sat
../QF_NIA_split/QF_NIA_2_9//20170427-VeryMax/ITS/From_AProVE_2014__juHashMapCreateClear.jar-obl-11__p30212_safety_0.smt2 : 546701 ms.
--------------------------------------------------
unsat
../QF_NIA_split/QF_NIA_2_9//20170427-VeryMax/ITS/From_AProVE_2014__juHashMapCreateClear.jar-obl-11__p30215_safety_0.smt2 : 3195 ms.
--------------------------------------------------
timeout
../QF_NIA_split/QF_NIA_2_9//20170427-VeryMax/ITS/From_AProVE_2014__juHashMapCreateClear.jar-obl-11__p30216_safety_0.smt2 : 600060 ms.
--------------------------------------------------
timeout
../QF_NIA_split/QF_NIA_2_9//20170427-VeryMax/ITS/From_AProVE_2014__juHashMapCreateClear.jar-obl-11__p30217_safety_0.smt2 : 600061 ms.
--------------------------------------------------
unsat
../QF_NIA_split/QF_NIA_2_9//20170427-VeryMax/ITS/From_AProVE_2014__juHashMapCreateClear.jar-obl-11__p30220_safety_0.smt2 : 4851 ms.
--------------------------------------------------
timeout
../QF_NIA_split/QF_NIA_2_9//20170427-VeryMax/ITS/From_AProVE_2014__juHashMapCreateClear.jar-obl-11__p30221_safety_0.smt2 : 600048 ms.
--------------------------------------------------
timeout
../QF_NIA_split/QF_NIA_2_9//20170427-VeryMax/ITS/From_AProVE_2014__juHashMapCreateClear.jar-obl-11__p30222_safety_0.smt2 : 600052 ms.
--------------------------------------------------
sat
../QF_NIA_split/QF_NIA_2_9//20170427-VeryMax/ITS/From_AProVE_2014__juHashMapCreateClear.jar-obl-11__p30224_safety_0.smt2 : 2950 ms.
--------------------------------------------------
sat
../QF_NIA_split/QF_NIA_2_9//20170427-VeryMax/ITS/From_AProVE_2014__juHashMapCreateClear.jar-obl-11__p30225_safety_0.smt2 : 3931 ms.
--------------------------------------------------
sat
../QF_NIA_split/QF_NIA_2_9//20170427-VeryMax/ITS/From_AProVE_2014__juHashMapCreateClear.jar-obl-11__p30227_safety_0.smt2 : 1192 ms.
--------------------------------------------------
sat
../QF_NIA_split/QF_NIA_2_9//20170427-VeryMax/ITS/From_AProVE_2014__juHashMapCreateClear.jar-obl-11__p30228_safety_0.smt2 : 3152 ms.
--------------------------------------------------
sat
../QF_NIA_split/QF_NIA_2_9//20170427-VeryMax/ITS/From_AProVE_2014__juHashMapCreateClear.jar-obl-11__p30234_safety_0.smt2 : 88263 ms.
--------------------------------------------------
sat
../QF_NIA_split/QF_NIA_2_9//20170427-VeryMax/ITS/From_AProVE_2014__juHashMapCreateClear.jar-obl-11__p30235_safety_0.smt2 : 97668 ms.
--------------------------------------------------
sat
../QF_NIA_split/QF_NIA_2_9//20170427-VeryMax/ITS/From_AProVE_2014__juHashMapCreateClear.jar-obl-11__p30238_safety_0.smt2 : 116890 ms.
--------------------------------------------------
sat
../QF_NIA_split/QF_NIA_2_9//20170427-VeryMax/ITS/From_AProVE_2014__juHashMapCreateClear.jar-obl-11__p30240_safety_0.smt2 : 411 ms.
--------------------------------------------------
sat
../QF_NIA_split/QF_NIA_2_9//20170427-VeryMax/ITS/From_AProVE_2014__juHashMapCreateClear.jar-obl-11__p30241_safety_0.smt2 : 2437 ms.
--------------------------------------------------
sat
../QF_NIA_split/QF_NIA_2_9//20170427-VeryMax/ITS/From_AProVE_2014__juHashMapCreateClear.jar-obl-11__p30245_safety_0.smt2 : 311 ms.
--------------------------------------------------
sat
../QF_NIA_split/QF_NIA_2_9//20170427-VeryMax/ITS/From_AProVE_2014__juHashMapCreateClear.jar-obl-11__p30246_safety_0.smt2 : 881 ms.
--------------------------------------------------
sat
../QF_NIA_split/QF_NIA_2_9//20170427-VeryMax/ITS/From_AProVE_2014__juHashMapCreateClear.jar-obl-11__p30247_safety_0.smt2 : 144205 ms.
--------------------------------------------------
sat
../QF_NIA_split/QF_NIA_2_9//20170427-VeryMax/ITS/From_AProVE_2014__juHashMapCreateClear.jar-obl-11__p30249_safety_0.smt2 : 51556 ms.
--------------------------------------------------
sat
../QF_NIA_split/QF_NIA_2_9//20170427-VeryMax/ITS/From_AProVE_2014__juHashMapCreateClear.jar-obl-11__p30250_safety_0.smt2 : 2751 ms.
--------------------------------------------------
unsat
../QF_NIA_split/QF_NIA_2_9//20170427-VeryMax/ITS/From_AProVE_2014__juHashMapCreateClear.jar-obl-11__p30251_safety_0.smt2 : 6632 ms.
--------------------------------------------------
timeout
../QF_NIA_split/QF_NIA_2_9//20170427-VeryMax/ITS/From_AProVE_2014__juHashMapCreateClear.jar-obl-11__p30252_safety_0.smt2 : 600049 ms.
--------------------------------------------------
timeout
../QF_NIA_split/QF_NIA_2_9//20170427-VeryMax/ITS/From_AProVE_2014__juHashMapCreateClear.jar-obl-11__p30253_safety_0.smt2 : 600046 ms.
--------------------------------------------------
sat
../QF_NIA_split/QF_NIA_2_9//20170427-VeryMax/ITS/From_AProVE_2014__juHashMapCreateClear.jar-obl-11__p30256_safety_0.smt2 : 2644 ms.
--------------------------------------------------
sat
../QF_NIA_split/QF_NIA_2_9//20170427-VeryMax/ITS/From_AProVE_2014__juHashMapCreateClear.jar-obl-11__p30257_safety_0.smt2 : 2270 ms.
--------------------------------------------------
sat
../QF_NIA_split/QF_NIA_2_9//20170427-VeryMax/ITS/From_AProVE_2014__juHashMapCreateClear.jar-obl-11__p30258_safety_0.smt2 : 160492 ms.
--------------------------------------------------
sat
../QF_NIA_split/QF_NIA_2_9//20170427-VeryMax/ITS/From_AProVE_2014__juHashMapCreateClear.jar-obl-11__p30259_safety_0.smt2 : 365764 ms.
--------------------------------------------------
sat
../QF_NIA_split/QF_NIA_2_9//20170427-VeryMax/ITS/From_AProVE_2014__juHashMapCreateClear.jar-obl-11__p30264_safety_0.smt2 : 147929 ms.
--------------------------------------------------
sat
../QF_NIA_split/QF_NIA_2_9//20170427-VeryMax/ITS/From_AProVE_2014__juHashMapCreateClear.jar-obl-11__p30266_safety_0.smt2 : 245711 ms.
--------------------------------------------------
timeout
../QF_NIA_split/QF_NIA_2_9//20170427-VeryMax/ITS/From_AProVE_2014__juHashMapCreateClear.jar-obl-11__p30267_safety_0.smt2 : 600063 ms.
--------------------------------------------------
unsat
../QF_NIA_split/QF_NIA_2_9//20170427-VeryMax/ITS/From_AProVE_2014__juHashMapCreateClear.jar-obl-11__p30268_safety_0.smt2 : 4275 ms.
--------------------------------------------------
timeout
../QF_NIA_split/QF_NIA_2_9//20170427-VeryMax/ITS/From_AProVE_2014__juHashMapCreateClear.jar-obl-11__p30269_safety_0.smt2 : 600070 ms.
--------------------------------------------------
timeout
../QF_NIA_split/QF_NIA_2_9//20170427-VeryMax/ITS/From_AProVE_2014__juHashMapCreateClear.jar-obl-11__p30270_safety_0.smt2 : 600061 ms.
--------------------------------------------------
sat
../QF_NIA_split/QF_NIA_2_9//20170427-VeryMax/ITS/From_AProVE_2014__juHashMapCreateClear.jar-obl-11__p30271_safety_0.smt2 : 1438 ms.
--------------------------------------------------
sat
../QF_NIA_split/QF_NIA_2_9//20170427-VeryMax/ITS/From_AProVE_2014__juHashMapCreateClear.jar-obl-11__p30272_safety_0.smt2 : 4915 ms.
--------------------------------------------------
timeout
../QF_NIA_split/QF_NIA_2_9//20170427-VeryMax/ITS/From_AProVE_2014__juHashMapCreateClear.jar-obl-11__p30273_safety_0.smt2 : 600044 ms.
--------------------------------------------------
sat
../QF_NIA_split/QF_NIA_2_9//20170427-VeryMax/ITS/From_AProVE_2014__juHashMapCreateClear.jar-obl-11__p30280_safety_0.smt2 : 2161 ms.
--------------------------------------------------
sat
../QF_NIA_split/QF_NIA_2_9//20170427-VeryMax/ITS/From_AProVE_2014__juHashMapCreateClear.jar-obl-11__p30281_safety_0.smt2 : 108768 ms.
--------------------------------------------------
sat
../QF_NIA_split/QF_NIA_2_9//20170427-VeryMax/ITS/From_AProVE_2014__juHashMapCreateClear.jar-obl-11__p30283_safety_0.smt2 : 55093 ms.
--------------------------------------------------
timeout
../QF_NIA_split/QF_NIA_2_9//20170427-VeryMax/ITS/From_AProVE_2014__juHashMapCreateClear.jar-obl-11__p30284_safety_0.smt2 : 600046 ms.
--------------------------------------------------
unsat
../QF_NIA_split/QF_NIA_2_9//20170427-VeryMax/ITS/From_AProVE_2014__juHashMapCreateClear.jar-obl-11__p30285_safety_0.smt2 : 6414 ms.
--------------------------------------------------
timeout
../QF_NIA_split/QF_NIA_2_9//20170427-VeryMax/ITS/From_AProVE_2014__juHashMapCreateClear.jar-obl-11__p30286_safety_0.smt2 : 600039 ms.
--------------------------------------------------
timeout
../QF_NIA_split/QF_NIA_2_9//20170427-VeryMax/ITS/From_AProVE_2014__juHashMapCreateClear.jar-obl-11__p30287_safety_0.smt2 : 600052 ms.
--------------------------------------------------
sat
../QF_NIA_split/QF_NIA_2_9//20170427-VeryMax/ITS/From_AProVE_2014__juHashMapCreateClear.jar-obl-11__p30288_safety_0.smt2 : 2465 ms.
--------------------------------------------------
sat
../QF_NIA_split/QF_NIA_2_9//20170427-VeryMax/ITS/From_AProVE_2014__juHashMapCreateClear.jar-obl-11__p30289_safety_0.smt2 : 158696 ms.
--------------------------------------------------
timeout
../QF_NIA_split/QF_NIA_2_9//20170427-VeryMax/ITS/From_AProVE_2014__juHashMapCreateClear.jar-obl-11__p30290_safety_0.smt2 : 600055 ms.
--------------------------------------------------
sat
../QF_NIA_split/QF_NIA_2_9//20170427-VeryMax/ITS/From_AProVE_2014__juHashMapCreateClear.jar-obl-11__p30299_safety_0.smt2 : 1297 ms.
--------------------------------------------------
sat
../QF_NIA_split/QF_NIA_2_9//20170427-VeryMax/ITS/From_AProVE_2014__juHashMapCreateClear.jar-obl-11__p30300_safety_0.smt2 : 8052 ms.
--------------------------------------------------
sat
../QF_NIA_split/QF_NIA_2_9//20170427-VeryMax/ITS/From_AProVE_2014__juHashMapCreateClear.jar-obl-11__p30304_safety_0.smt2 : 37794 ms.
--------------------------------------------------
timeout
../QF_NIA_split/QF_NIA_2_9//20170427-VeryMax/ITS/From_AProVE_2014__juHashMapCreateClear.jar-obl-11__p30305_safety_0.smt2 : 600062 ms.
--------------------------------------------------
unsat
../QF_NIA_split/QF_NIA_2_9//20170427-VeryMax/ITS/From_AProVE_2014__juHashMapCreateClear.jar-obl-11__p30308_safety_0.smt2 : 7882 ms.
--------------------------------------------------
timeout
../QF_NIA_split/QF_NIA_2_9//20170427-VeryMax/ITS/From_AProVE_2014__juHashMapCreateClear.jar-obl-11__p30309_safety_0.smt2 : 600053 ms.
--------------------------------------------------
timeout
../QF_NIA_split/QF_NIA_2_9//20170427-VeryMax/ITS/From_AProVE_2014__juHashMapCreateClear.jar-obl-11__p30310_safety_0.smt2 : 600055 ms.
--------------------------------------------------
sat
../QF_NIA_split/QF_NIA_2_9//20170427-VeryMax/ITS/From_AProVE_2014__juHashMapCreateClear.jar-obl-11__p30311_safety_0.smt2 : 2449 ms.
--------------------------------------------------
sat
../QF_NIA_split/QF_NIA_2_9//20170427-VeryMax/ITS/From_AProVE_2014__juHashMapCreateClear.jar-obl-11__p30312_safety_0.smt2 : 4294 ms.
--------------------------------------------------
timeout
../QF_NIA_split/QF_NIA_2_9//20170427-VeryMax/ITS/From_AProVE_2014__juHashMapCreateClear.jar-obl-11__p30313_safety_0.smt2 : 600040 ms.
--------------------------------------------------
sat
../QF_NIA_split/QF_NIA_2_9//20170427-VeryMax/ITS/From_AProVE_2014__juHashMapCreateClear.jar-obl-11__p30318_safety_0.smt2 : 2151 ms.
--------------------------------------------------
sat
../QF_NIA_split/QF_NIA_2_9//20170427-VeryMax/ITS/From_AProVE_2014__juHashMapCreateClear.jar-obl-11__p30322_safety_0.smt2 : 8141 ms.
--------------------------------------------------
sat
../QF_NIA_split/QF_NIA_2_9//20170427-VeryMax/ITS/From_AProVE_2014__juHashMapCreateClear.jar-obl-11__p30323_safety_0.smt2 : 336680 ms.
--------------------------------------------------
sat
../QF_NIA_split/QF_NIA_2_9//20170427-VeryMax/ITS/From_AProVE_2014__juHashMapCreateClear.jar-obl-11__p30327_safety_0.smt2 : 20475 ms.
--------------------------------------------------
timeout
../QF_NIA_split/QF_NIA_2_9//20170427-VeryMax/ITS/From_AProVE_2014__juHashMapCreateClear.jar-obl-11__p30328_safety_0.smt2 : 600067 ms.
--------------------------------------------------
unsat
../QF_NIA_split/QF_NIA_2_9//20170427-VeryMax/ITS/From_AProVE_2014__juHashMapCreateClear.jar-obl-11__p30331_safety_0.smt2 : 7441 ms.
--------------------------------------------------
timeout
../QF_NIA_split/QF_NIA_2_9//20170427-VeryMax/ITS/From_AProVE_2014__juHashMapCreateClear.jar-obl-11__p30332_safety_0.smt2 : 600057 ms.
--------------------------------------------------
timeout
../QF_NIA_split/QF_NIA_2_9//20170427-VeryMax/ITS/From_AProVE_2014__juHashMapCreateClear.jar-obl-11__p30333_safety_0.smt2 : 600048 ms.
--------------------------------------------------
sat
../QF_NIA_split/QF_NIA_2_9//20170427-VeryMax/ITS/From_AProVE_2014__juHashMapCreateClear.jar-obl-11__p30336_terminationG_0.smt2 : 3076 ms.
--------------------------------------------------
sat
../QF_NIA_split/QF_NIA_2_9//20170427-VeryMax/ITS/From_AProVE_2014__juHashMapCreateClear.jar-obl-11__p30337_terminationG_0.smt2 : 536400 ms.
--------------------------------------------------
timeout
../QF_NIA_split/QF_NIA_2_9//20170427-VeryMax/ITS/From_AProVE_2014__juHashMapCreateClear.jar-obl-11__p30338_terminationG_0.smt2 : 600055 ms.
--------------------------------------------------
sat
../QF_NIA_split/QF_NIA_2_9//20170427-VeryMax/ITS/From_AProVE_2014__juHashMapCreateClear.jar-obl-11__p30347_safety_0.smt2 : 822 ms.
--------------------------------------------------
sat
../QF_NIA_split/QF_NIA_2_9//20170427-VeryMax/ITS/From_AProVE_2014__juHashMapCreateClear.jar-obl-11__p30354_safety_0.smt2 : 1067 ms.
--------------------------------------------------
timeout
../QF_NIA_split/QF_NIA_2_9//20170427-VeryMax/ITS/From_AProVE_2014__juHashMapCreateClear.jar-obl-11__p30355_safety_0.smt2 : 600062 ms.
--------------------------------------------------
sat
../QF_NIA_split/QF_NIA_2_9//20170427-VeryMax/ITS/From_AProVE_2014__juHashMapCreateClear.jar-obl-11__p30359_safety_0.smt2 : 1394 ms.
--------------------------------------------------
timeout
../QF_NIA_split/QF_NIA_2_9//20170427-VeryMax/ITS/From_AProVE_2014__juHashMapCreateClear.jar-obl-11__p30360_safety_0.smt2 : 600075 ms.
--------------------------------------------------
sat
../QF_NIA_split/QF_NIA_2_9//20170427-VeryMax/ITS/From_AProVE_2014__juHashMapCreateClear.jar-obl-11__p30366_safety_0.smt2 : 6363 ms.
--------------------------------------------------
timeout
../QF_NIA_split/QF_NIA_2_9//20170427-VeryMax/ITS/From_AProVE_2014__juHashMapCreateClear.jar-obl-11__p30367_safety_0.smt2 : 600055 ms.
--------------------------------------------------
sat
../QF_NIA_split/QF_NIA_2_9//20170427-VeryMax/ITS/From_AProVE_2014__juHashMapCreateClear.jar-obl-11__p30369_safety_0.smt2 : 1561 ms.
--------------------------------------------------
sat
../QF_NIA_split/QF_NIA_2_9//20170427-VeryMax/ITS/From_AProVE_2014__juHashMapCreateClear.jar-obl-11__p30370_safety_0.smt2 : 472500 ms.
--------------------------------------------------
unsat
../QF_NIA_split/QF_NIA_2_9//20170427-VeryMax/ITS/From_AProVE_2014__juHashMapCreateClear.jar-obl-11__p30375_safety_0.smt2 : 5353 ms.
--------------------------------------------------
timeout
../QF_NIA_split/QF_NIA_2_9//20170427-VeryMax/ITS/From_AProVE_2014__juHashMapCreateClear.jar-obl-11__p30376_safety_0.smt2 : 600052 ms.
--------------------------------------------------
timeout
../QF_NIA_split/QF_NIA_2_9//20170427-VeryMax/ITS/From_AProVE_2014__juHashMapCreateClear.jar-obl-11__p30377_safety_0.smt2 : 600044 ms.
--------------------------------------------------
unsat
../QF_NIA_split/QF_NIA_2_9//20170427-VeryMax/ITS/From_AProVE_2014__juHashMapCreateClear.jar-obl-11__p30378_safety_0.smt2 : 4943 ms.
--------------------------------------------------
timeout
../QF_NIA_split/QF_NIA_2_9//20170427-VeryMax/ITS/From_AProVE_2014__juHashMapCreateClear.jar-obl-11__p30379_safety_0.smt2 : 600055 ms.
--------------------------------------------------
timeout
../QF_NIA_split/QF_NIA_2_9//20170427-VeryMax/ITS/From_AProVE_2014__juHashMapCreateClear.jar-obl-11__p30380_safety_0.smt2 : 600058 ms.
--------------------------------------------------
sat
../QF_NIA_split/QF_NIA_2_9//20170427-VeryMax/ITS/From_AProVE_2014__juHashMapCreateClear.jar-obl-11__p30381_safety_0.smt2 : 426 ms.
--------------------------------------------------
sat
../QF_NIA_split/QF_NIA_2_9//20170427-VeryMax/ITS/From_AProVE_2014__juHashMapCreateClear.jar-obl-11__p30382_safety_0.smt2 : 4361 ms.
--------------------------------------------------
sat
../QF_NIA_split/QF_NIA_2_9//20170427-VeryMax/ITS/From_AProVE_2014__juHashMapCreateClear.jar-obl-11__p30383_safety_0.smt2 : 163851 ms.
--------------------------------------------------
sat
../QF_NIA_split/QF_NIA_2_9//20170427-VeryMax/ITS/From_AProVE_2014__juHashMapCreateClear.jar-obl-11__p30385_safety_0.smt2 : 3903 ms.
--------------------------------------------------
timeout
../QF_NIA_split/QF_NIA_2_9//20170427-VeryMax/ITS/From_AProVE_2014__juHashMapCreateClear.jar-obl-11__p30386_safety_0.smt2 : 600049 ms.
--------------------------------------------------
sat
../QF_NIA_split/QF_NIA_2_9//20170427-VeryMax/ITS/From_AProVE_2014__juHashMapCreateClear.jar-obl-11__p30393_safety_0.smt2 : 49239 ms.
--------------------------------------------------
sat
../QF_NIA_split/QF_NIA_2_9//20170427-VeryMax/ITS/From_AProVE_2014__juHashMapCreateClear.jar-obl-11__p30395_safety_0.smt2 : 2761 ms.
--------------------------------------------------
sat
../QF_NIA_split/QF_NIA_2_9//20170427-VeryMax/ITS/From_AProVE_2014__juHashMapCreateClear.jar-obl-11__p30396_safety_0.smt2 : 2200 ms.
--------------------------------------------------
timeout
../QF_NIA_split/QF_NIA_2_9//20170427-VeryMax/ITS/From_AProVE_2014__juHashMapCreateClear.jar-obl-11__p30401_safety_0.smt2 : 600056 ms.
--------------------------------------------------
sat
../QF_NIA_split/QF_NIA_2_9//20170427-VeryMax/ITS/From_AProVE_2014__juHashMapCreateClear.jar-obl-11__p30403_safety_0.smt2 : 83220 ms.
--------------------------------------------------
sat
../QF_NIA_split/QF_NIA_2_9//20170427-VeryMax/ITS/From_AProVE_2014__juHashMapCreateClear.jar-obl-11__p30404_safety_0.smt2 : 27723 ms.
--------------------------------------------------
sat
../QF_NIA_split/QF_NIA_2_9//20170427-VeryMax/ITS/From_AProVE_2014__juHashMapCreateClear.jar-obl-11__p30406_safety_0.smt2 : 2243 ms.
--------------------------------------------------
timeout
../QF_NIA_split/QF_NIA_2_9//20170427-VeryMax/ITS/From_AProVE_2014__juHashMapCreateClear.jar-obl-11__p30407_safety_0.smt2 : 600051 ms.
--------------------------------------------------
sat
../QF_NIA_split/QF_NIA_2_9//20170427-VeryMax/ITS/From_AProVE_2014__juHashMapCreateClear.jar-obl-11__p30411_safety_0.smt2 : 46101 ms.
--------------------------------------------------
timeout
../QF_NIA_split/QF_NIA_2_9//20170427-VeryMax/ITS/From_AProVE_2014__juHashMapCreateClear.jar-obl-11__p30412_safety_0.smt2 : 600050 ms.
--------------------------------------------------
unsat
../QF_NIA_split/QF_NIA_2_9//20170427-VeryMax/ITS/From_AProVE_2014__juHashMapCreateClear.jar-obl-11__p30413_safety_0.smt2 : 5592 ms.
--------------------------------------------------
timeout
../QF_NIA_split/QF_NIA_2_9//20170427-VeryMax/ITS/From_AProVE_2014__juHashMapCreateClear.jar-obl-11__p30414_safety_0.smt2 : 600060 ms.
--------------------------------------------------
timeout
../QF_NIA_split/QF_NIA_2_9//20170427-VeryMax/ITS/From_AProVE_2014__juHashMapCreateClear.jar-obl-11__p30415_safety_0.smt2 : 600063 ms.
--------------------------------------------------
unsat
../QF_NIA_split/QF_NIA_2_9//20170427-VeryMax/ITS/From_AProVE_2014__juHashMapCreateClear.jar-obl-11__p30418_safety_0.smt2 : 2884 ms.
--------------------------------------------------
timeout
../QF_NIA_split/QF_NIA_2_9//20170427-VeryMax/ITS/From_AProVE_2014__juHashMapCreateClear.jar-obl-11__p30419_safety_0.smt2 : 600054 ms.
--------------------------------------------------
timeout
../QF_NIA_split/QF_NIA_2_9//20170427-VeryMax/ITS/From_AProVE_2014__juHashMapCreateClear.jar-obl-11__p30420_safety_0.smt2 : 600048 ms.
--------------------------------------------------
sat
../QF_NIA_split/QF_NIA_2_9//20170427-VeryMax/ITS/From_AProVE_2014__juHashMapCreateClear.jar-obl-11__p30421_safety_0.smt2 : 3026 ms.
--------------------------------------------------
sat
../QF_NIA_split/QF_NIA_2_9//20170427-VeryMax/ITS/From_AProVE_2014__juHashMapCreateClear.jar-obl-11__p30422_safety_0.smt2 : 143349 ms.
--------------------------------------------------
timeout
../QF_NIA_split/QF_NIA_2_9//20170427-VeryMax/ITS/From_AProVE_2014__juHashMapCreateClear.jar-obl-11__p30423_safety_0.smt2 : 600044 ms.
--------------------------------------------------
sat
../QF_NIA_split/QF_NIA_2_9//20170427-VeryMax/ITS/From_AProVE_2014__juHashMapCreateClear.jar-obl-11__p30424_safety_0.smt2 : 1499 ms.
--------------------------------------------------
sat
../QF_NIA_split/QF_NIA_2_9//20170427-VeryMax/ITS/From_AProVE_2014__juHashMapCreateClear.jar-obl-11__p30425_safety_0.smt2 : 133186 ms.
--------------------------------------------------
sat
../QF_NIA_split/QF_NIA_2_9//20170427-VeryMax/ITS/From_AProVE_2014__juHashMapCreateClear.jar-obl-11__p30426_safety_0.smt2 : 59836 ms.
--------------------------------------------------
timeout
../QF_NIA_split/QF_NIA_2_9//20170427-VeryMax/ITS/From_AProVE_2014__juHashMapCreateClear.jar-obl-11__p30431_safety_0.smt2 : 600059 ms.
--------------------------------------------------
sat
../QF_NIA_split/QF_NIA_2_9//20170427-VeryMax/ITS/From_AProVE_2014__juHashMapCreateClear.jar-obl-11__p30433_safety_0.smt2 : 2053 ms.
--------------------------------------------------
sat
../QF_NIA_split/QF_NIA_2_9//20170427-VeryMax/ITS/From_AProVE_2014__juHashMapCreateClear.jar-obl-11__p30434_safety_0.smt2 : 2553 ms.
--------------------------------------------------
timeout
../QF_NIA_split/QF_NIA_2_9//20170427-VeryMax/ITS/From_AProVE_2014__juHashMapCreateClear.jar-obl-11__p30436_safety_0.smt2 : 600052 ms.
--------------------------------------------------
sat
../QF_NIA_split/QF_NIA_2_9//20170427-VeryMax/ITS/From_AProVE_2014__juHashMapCreateClear.jar-obl-11__p30437_safety_0.smt2 : 262497 ms.
--------------------------------------------------
unsat
../QF_NIA_split/QF_NIA_2_9//20170427-VeryMax/ITS/From_AProVE_2014__juHashMapCreateClear.jar-obl-11__p30438_safety_0.smt2 : 4911 ms.
--------------------------------------------------
timeout
../QF_NIA_split/QF_NIA_2_9//20170427-VeryMax/ITS/From_AProVE_2014__juHashMapCreateClear.jar-obl-11__p30439_safety_0.smt2 : 600040 ms.
--------------------------------------------------
timeout
../QF_NIA_split/QF_NIA_2_9//20170427-VeryMax/ITS/From_AProVE_2014__juHashMapCreateClear.jar-obl-11__p30440_safety_0.smt2 : 600045 ms.
--------------------------------------------------
sat
../QF_NIA_split/QF_NIA_2_9//20170427-VeryMax/ITS/From_AProVE_2014__juHashMapCreateClear.jar-obl-11__p30445_safety_0.smt2 : 2165 ms.
--------------------------------------------------
sat
../QF_NIA_split/QF_NIA_2_9//20170427-VeryMax/ITS/From_AProVE_2014__juHashMapCreateClear.jar-obl-11__p30449_safety_0.smt2 : 876 ms.
--------------------------------------------------
sat
../QF_NIA_split/QF_NIA_2_9//20170427-VeryMax/ITS/From_AProVE_2014__juHashMapCreateClear.jar-obl-11__p30450_safety_0.smt2 : 77404 ms.
--------------------------------------------------
sat
../QF_NIA_split/QF_NIA_2_9//20170427-VeryMax/ITS/From_AProVE_2014__juHashMapCreateClear.jar-obl-11__p30454_safety_0.smt2 : 269294 ms.
--------------------------------------------------
sat
../QF_NIA_split/QF_NIA_2_9//20170427-VeryMax/ITS/From_AProVE_2014__juHashMapCreateClear.jar-obl-11__p30455_safety_0.smt2 : 45655 ms.
--------------------------------------------------
unsat
../QF_NIA_split/QF_NIA_2_9//20170427-VeryMax/ITS/From_AProVE_2014__juHashMapCreateClear.jar-obl-11__p30458_safety_0.smt2 : 7218 ms.
--------------------------------------------------
timeout
../QF_NIA_split/QF_NIA_2_9//20170427-VeryMax/ITS/From_AProVE_2014__juHashMapCreateClear.jar-obl-11__p30459_safety_0.smt2 : 600058 ms.
--------------------------------------------------
timeout
../QF_NIA_split/QF_NIA_2_9//20170427-VeryMax/ITS/From_AProVE_2014__juHashMapCreateClear.jar-obl-11__p30460_safety_0.smt2 : 600053 ms.
--------------------------------------------------
sat
../QF_NIA_split/QF_NIA_2_9//20170427-VeryMax/ITS/From_AProVE_2014__juHashMapCreateClear.jar-obl-11__p30461_safety_0.smt2 : 2376 ms.
--------------------------------------------------
sat
../QF_NIA_split/QF_NIA_2_9//20170427-VeryMax/ITS/From_AProVE_2014__juHashMapCreateClear.jar-obl-11__p30462_safety_0.smt2 : 57077 ms.
--------------------------------------------------
sat
../QF_NIA_split/QF_NIA_2_9//20170427-VeryMax/ITS/From_AProVE_2014__juHashMapCreateClear.jar-obl-11__p30463_safety_0.smt2 : 526056 ms.
--------------------------------------------------
sat
../QF_NIA_split/QF_NIA_2_9//20170427-VeryMax/ITS/From_AProVE_2014__juHashMapCreateClear.jar-obl-11__p30472_safety_0.smt2 : 21662 ms.
--------------------------------------------------
sat
../QF_NIA_split/QF_NIA_2_9//20170427-VeryMax/ITS/From_AProVE_2014__juHashMapCreateClear.jar-obl-11__p30473_safety_0.smt2 : 3616 ms.
--------------------------------------------------
sat
../QF_NIA_split/QF_NIA_2_9//20170427-VeryMax/ITS/From_AProVE_2014__juHashMapCreateClear.jar-obl-11__p30477_safety_0.smt2 : 56342 ms.
--------------------------------------------------
sat
../QF_NIA_split/QF_NIA_2_9//20170427-VeryMax/ITS/From_AProVE_2014__juHashMapCreateClear.jar-obl-11__p30478_safety_0.smt2 : 91314 ms.
--------------------------------------------------
unsat
../QF_NIA_split/QF_NIA_2_9//20170427-VeryMax/ITS/From_AProVE_2014__juHashMapCreateClear.jar-obl-11__p30481_safety_0.smt2 : 4748 ms.
--------------------------------------------------
timeout
../QF_NIA_split/QF_NIA_2_9//20170427-VeryMax/ITS/From_AProVE_2014__juHashMapCreateClear.jar-obl-11__p30482_safety_0.smt2 : 600048 ms.
--------------------------------------------------
timeout
../QF_NIA_split/QF_NIA_2_9//20170427-VeryMax/ITS/From_AProVE_2014__juHashMapCreateClear.jar-obl-11__p30483_safety_0.smt2 : 600063 ms.
--------------------------------------------------
sat
../QF_NIA_split/QF_NIA_2_9//20170427-VeryMax/ITS/From_AProVE_2014__juHashMapCreateClear.jar-obl-11__p30484_safety_0.smt2 : 2962 ms.
--------------------------------------------------
timeout
../QF_NIA_split/QF_NIA_2_9//20170427-VeryMax/ITS/From_AProVE_2014__juHashMapCreateClear.jar-obl-11__p30485_safety_0.smt2 : 600061 ms.
--------------------------------------------------
timeout
../QF_NIA_split/QF_NIA_2_9//20170427-VeryMax/ITS/From_AProVE_2014__juHashMapCreateClear.jar-obl-11__p30486_safety_0.smt2 : 600060 ms.
--------------------------------------------------
sat
../QF_NIA_split/QF_NIA_2_9//20170427-VeryMax/ITS/From_AProVE_2014__juHashMapCreateClear.jar-obl-11__p30489_terminationG_0.smt2 : 2853 ms.
--------------------------------------------------
timeout
../QF_NIA_split/QF_NIA_2_9//20170427-VeryMax/ITS/From_AProVE_2014__juHashMapCreateClear.jar-obl-11__p30490_terminationG_0.smt2 : 600047 ms.
--------------------------------------------------
timeout
../QF_NIA_split/QF_NIA_2_9//20170427-VeryMax/ITS/From_AProVE_2014__juHashMapCreateClear.jar-obl-11__p30491_terminationG_0.smt2 : 600059 ms.
--------------------------------------------------
sat
../QF_NIA_split/QF_NIA_2_9//20170427-VeryMax/ITS/From_AProVE_2014__juHashMapCreateClear.jar-obl-11__p30499_safety_0.smt2 : 568 ms.
--------------------------------------------------
sat
../QF_NIA_split/QF_NIA_2_9//20170427-VeryMax/ITS/From_AProVE_2014__juHashMapCreateClear.jar-obl-11__p30501_safety_0.smt2 : 4735 ms.
--------------------------------------------------
sat
../QF_NIA_split/QF_NIA_2_9//20170427-VeryMax/ITS/From_AProVE_2014__juHashMapCreateClear.jar-obl-11__p30503_safety_0.smt2 : 2205 ms.
--------------------------------------------------
timeout
../QF_NIA_split/QF_NIA_2_9//20170427-VeryMax/ITS/From_AProVE_2014__juHashMapCreateClear.jar-obl-11__p30507_safety_0.smt2 : 600051 ms.
--------------------------------------------------
sat
../QF_NIA_split/QF_NIA_2_9//20170427-VeryMax/ITS/From_AProVE_2014__juHashMapCreateClear.jar-obl-11__p30508_safety_0.smt2 : 323907 ms.
--------------------------------------------------
sat
../QF_NIA_split/QF_NIA_2_9//20170427-VeryMax/ITS/From_AProVE_2014__juHashMapCreateClear.jar-obl-11__p30512_safety_0.smt2 : 2856 ms.
--------------------------------------------------
sat
../QF_NIA_split/QF_NIA_2_9//20170427-VeryMax/ITS/From_AProVE_2014__juHashMapCreateClear.jar-obl-11__p30513_safety_0.smt2 : 142868 ms.
--------------------------------------------------
sat
../QF_NIA_split/QF_NIA_2_9//20170427-VeryMax/ITS/From_AProVE_2014__juHashMapCreateClear.jar-obl-11__p30517_safety_0.smt2 : 2728 ms.
--------------------------------------------------
sat
../QF_NIA_split/QF_NIA_2_9//20170427-VeryMax/ITS/From_AProVE_2014__juHashMapCreateClear.jar-obl-11__p30518_safety_0.smt2 : 350664 ms.
--------------------------------------------------
sat
../QF_NIA_split/QF_NIA_2_9//20170427-VeryMax/ITS/From_AProVE_2014__juHashMapCreateClear.jar-obl-11__p30522_safety_0.smt2 : 79620 ms.
--------------------------------------------------
sat
../QF_NIA_split/QF_NIA_2_9//20170427-VeryMax/ITS/From_AProVE_2014__juHashMapCreateClear.jar-obl-11__p30523_safety_0.smt2 : 2872 ms.
--------------------------------------------------
unsat
../QF_NIA_split/QF_NIA_2_9//20170427-VeryMax/ITS/From_AProVE_2014__juHashMapCreateClear.jar-obl-11__p30528_safety_0.smt2 : 4423 ms.
--------------------------------------------------
timeout
../QF_NIA_split/QF_NIA_2_9//20170427-VeryMax/ITS/From_AProVE_2014__juHashMapCreateClear.jar-obl-11__p30529_safety_0.smt2 : 600068 ms.
--------------------------------------------------
timeout
../QF_NIA_split/QF_NIA_2_9//20170427-VeryMax/ITS/From_AProVE_2014__juHashMapCreateClear.jar-obl-11__p30530_safety_0.smt2 : 600064 ms.
--------------------------------------------------
unsat
../QF_NIA_split/QF_NIA_2_9//20170427-VeryMax/ITS/From_AProVE_2014__juHashMapCreateClear.jar-obl-11__p30531_safety_0.smt2 : 2133 ms.
--------------------------------------------------
timeout
../QF_NIA_split/QF_NIA_2_9//20170427-VeryMax/ITS/From_AProVE_2014__juHashMapCreateClear.jar-obl-11__p30532_safety_0.smt2 : 600058 ms.
--------------------------------------------------
timeout
../QF_NIA_split/QF_NIA_2_9//20170427-VeryMax/ITS/From_AProVE_2014__juHashMapCreateClear.jar-obl-11__p30533_safety_0.smt2 : 600052 ms.
--------------------------------------------------
sat
../QF_NIA_split/QF_NIA_2_9//20170427-VeryMax/ITS/From_AProVE_2014__juHashMapCreateClear.jar-obl-11__p30534_safety_0.smt2 : 756 ms.
--------------------------------------------------
sat
../QF_NIA_split/QF_NIA_2_9//20170427-VeryMax/ITS/From_AProVE_2014__juHashMapCreateClear.jar-obl-11__p30535_safety_0.smt2 : 20482 ms.
--------------------------------------------------
sat
../QF_NIA_split/QF_NIA_2_9//20170427-VeryMax/ITS/From_AProVE_2014__juHashMapCreateClear.jar-obl-11__p30536_safety_0.smt2 : 58553 ms.
--------------------------------------------------
sat
../QF_NIA_split/QF_NIA_2_9//20170427-VeryMax/ITS/From_AProVE_2014__juHashMapCreateClear.jar-obl-11__p30537_safety_0.smt2 : 1832 ms.
--------------------------------------------------
sat
../QF_NIA_split/QF_NIA_2_9//20170427-VeryMax/ITS/From_AProVE_2014__juHashMapCreateClear.jar-obl-11__p30538_safety_0.smt2 : 3072 ms.
--------------------------------------------------
sat
../QF_NIA_split/QF_NIA_2_9//20170427-VeryMax/ITS/From_AProVE_2014__juHashMapCreateClear.jar-obl-11__p30539_safety_0.smt2 : 373184 ms.
--------------------------------------------------
sat
../QF_NIA_split/QF_NIA_2_9//20170427-VeryMax/ITS/From_AProVE_2014__juHashMapCreateClear.jar-obl-11__p30546_safety_0.smt2 : 2163 ms.
--------------------------------------------------
sat
../QF_NIA_split/QF_NIA_2_9//20170427-VeryMax/ITS/From_AProVE_2014__juHashMapCreateClear.jar-obl-11__p30548_safety_0.smt2 : 254 ms.
--------------------------------------------------
sat
../QF_NIA_split/QF_NIA_2_9//20170427-VeryMax/ITS/From_AProVE_2014__juHashMapCreateClear.jar-obl-11__p30549_safety_0.smt2 : 16594 ms.
--------------------------------------------------
sat
../QF_NIA_split/QF_NIA_2_9//20170427-VeryMax/ITS/From_AProVE_2014__juHashMapCreateClear.jar-obl-11__p30554_safety_0.smt2 : 2546 ms.
--------------------------------------------------
timeout
../QF_NIA_split/QF_NIA_2_9//20170427-VeryMax/ITS/From_AProVE_2014__juHashMapCreateClear.jar-obl-11__p30559_safety_0.smt2 : 600042 ms.
--------------------------------------------------
unsat
../QF_NIA_split/QF_NIA_2_9//20170427-VeryMax/ITS/From_AProVE_2014__juHashMapCreateClear.jar-obl-11__p30564_safety_0.smt2 : 3167 ms.
--------------------------------------------------
timeout
../QF_NIA_split/QF_NIA_2_9//20170427-VeryMax/ITS/From_AProVE_2014__juHashMapCreateClear.jar-obl-11__p30565_safety_0.smt2 : 600059 ms.
--------------------------------------------------
timeout
../QF_NIA_split/QF_NIA_2_9//20170427-VeryMax/ITS/From_AProVE_2014__juHashMapCreateClear.jar-obl-11__p30566_safety_0.smt2 : 600047 ms.
--------------------------------------------------
sat
../QF_NIA_split/QF_NIA_2_9//20170427-VeryMax/ITS/From_AProVE_2014__juHashMapCreateClear.jar-obl-11__p30568_safety_0.smt2 : 58742 ms.
--------------------------------------------------
timeout
../QF_NIA_split/QF_NIA_2_9//20170427-VeryMax/ITS/From_AProVE_2014__juHashMapCreateClear.jar-obl-11__p30569_safety_0.smt2 : 600053 ms.
--------------------------------------------------
sat
../QF_NIA_split/QF_NIA_2_9//20170427-VeryMax/ITS/From_AProVE_2014__juHashMapCreateClear.jar-obl-11__p30573_safety_0.smt2 : 67236 ms.
--------------------------------------------------
sat
../QF_NIA_split/QF_NIA_2_9//20170427-VeryMax/ITS/From_AProVE_2014__juHashMapCreateClear.jar-obl-11__p30574_safety_0.smt2 : 309138 ms.
--------------------------------------------------
sat
../QF_NIA_split/QF_NIA_2_9//20170427-VeryMax/ITS/From_AProVE_2014__juHashMapCreateClear.jar-obl-11__p30577_safety_0.smt2 : 2402 ms.
--------------------------------------------------
sat
../QF_NIA_split/QF_NIA_2_9//20170427-VeryMax/ITS/From_AProVE_2014__juHashMapCreateClear.jar-obl-11__p30578_safety_0.smt2 : 44819 ms.
--------------------------------------------------
sat
../QF_NIA_split/QF_NIA_2_9//20170427-VeryMax/ITS/From_AProVE_2014__juHashMapCreateClear.jar-obl-11__p30579_safety_0.smt2 : 214613 ms.
--------------------------------------------------
sat
../QF_NIA_split/QF_NIA_2_9//20170427-VeryMax/ITS/From_AProVE_2014__juHashMapCreateClear.jar-obl-11__p30584_safety_0.smt2 : 420024 ms.
--------------------------------------------------
sat
../QF_NIA_split/QF_NIA_2_9//20170427-VeryMax/ITS/From_AProVE_2014__juHashMapCreateClear.jar-obl-11__p30588_safety_0.smt2 : 2233 ms.
--------------------------------------------------
timeout
../QF_NIA_split/QF_NIA_2_9//20170427-VeryMax/ITS/From_AProVE_2014__juHashMapCreateClear.jar-obl-11__p30589_safety_0.smt2 : 600049 ms.
--------------------------------------------------
sat
../QF_NIA_split/QF_NIA_2_9//20170427-VeryMax/ITS/From_AProVE_2014__juHashMapCreateClear.jar-obl-11__p30593_safety_0.smt2 : 11521 ms.
--------------------------------------------------
timeout
../QF_NIA_split/QF_NIA_2_9//20170427-VeryMax/ITS/From_AProVE_2014__juHashMapCreateClear.jar-obl-11__p30594_safety_0.smt2 : 600049 ms.
--------------------------------------------------
unsat
../QF_NIA_split/QF_NIA_2_9//20170427-VeryMax/ITS/From_AProVE_2014__juHashMapCreateClear.jar-obl-11__p30597_safety_0.smt2 : 8045 ms.
--------------------------------------------------
timeout
../QF_NIA_split/QF_NIA_2_9//20170427-VeryMax/ITS/From_AProVE_2014__juHashMapCreateClear.jar-obl-11__p30598_safety_0.smt2 : 600044 ms.
--------------------------------------------------
timeout
../QF_NIA_split/QF_NIA_2_9//20170427-VeryMax/ITS/From_AProVE_2014__juHashMapCreateClear.jar-obl-11__p30599_safety_0.smt2 : 600060 ms.
--------------------------------------------------
timeout
../QF_NIA_split/QF_NIA_2_9//20170427-VeryMax/ITS/From_AProVE_2014__juHashMapCreateClear.jar-obl-11__p30601_safety_0.smt2 : 600049 ms.
--------------------------------------------------
sat
../QF_NIA_split/QF_NIA_2_9//20170427-VeryMax/ITS/From_AProVE_2014__juHashMapCreateClear.jar-obl-11__p30602_safety_0.smt2 : 333301 ms.
--------------------------------------------------
sat
../QF_NIA_split/QF_NIA_2_9//20170427-VeryMax/ITS/From_AProVE_2014__juHashMapCreateClear.jar-obl-11__p30610_safety_0.smt2 : 788 ms.
--------------------------------------------------
sat
../QF_NIA_split/QF_NIA_2_9//20170427-VeryMax/ITS/From_AProVE_2014__juHashMapCreateClear.jar-obl-11__p30611_safety_0.smt2 : 2123 ms.
--------------------------------------------------
sat
../QF_NIA_split/QF_NIA_2_9//20170427-VeryMax/ITS/From_AProVE_2014__juHashMapCreateClear.jar-obl-11__p30613_safety_0.smt2 : 70730 ms.
--------------------------------------------------
sat
../QF_NIA_split/QF_NIA_2_9//20170427-VeryMax/ITS/From_AProVE_2014__juHashMapCreateClear.jar-obl-11__p30614_safety_0.smt2 : 57779 ms.
--------------------------------------------------
unsat
../QF_NIA_split/QF_NIA_2_9//20170427-VeryMax/ITS/From_AProVE_2014__juHashMapCreateClear.jar-obl-11__p30615_safety_0.smt2 : 2174 ms.
--------------------------------------------------
timeout
../QF_NIA_split/QF_NIA_2_9//20170427-VeryMax/ITS/From_AProVE_2014__juHashMapCreateClear.jar-obl-11__p30616_safety_0.smt2 : 600048 ms.
--------------------------------------------------
timeout
../QF_NIA_split/QF_NIA_2_9//20170427-VeryMax/ITS/From_AProVE_2014__juHashMapCreateClear.jar-obl-11__p30617_safety_0.smt2 : 600096 ms.
--------------------------------------------------
sat
../QF_NIA_split/QF_NIA_2_9//20170427-VeryMax/ITS/From_AProVE_2014__juHashMapCreateClear.jar-obl-11__p30618_safety_0.smt2 : 2698 ms.
--------------------------------------------------
sat
../QF_NIA_split/QF_NIA_2_9//20170427-VeryMax/ITS/From_AProVE_2014__juHashMapCreateClear.jar-obl-11__p30619_safety_0.smt2 : 7868 ms.
--------------------------------------------------
sat
../QF_NIA_split/QF_NIA_2_9//20170427-VeryMax/ITS/From_AProVE_2014__juHashMapCreateClear.jar-obl-11__p30620_safety_0.smt2 : 469985 ms.
--------------------------------------------------
sat
../QF_NIA_split/QF_NIA_2_9//20170427-VeryMax/ITS/From_AProVE_2014__juHashMapCreateClear.jar-obl-11__p30624_safety_0.smt2 : 699 ms.
--------------------------------------------------
sat
../QF_NIA_split/QF_NIA_2_9//20170427-VeryMax/ITS/From_AProVE_2014__juHashMapCreateClear.jar-obl-11__p30625_safety_0.smt2 : 18767 ms.
--------------------------------------------------
timeout
../QF_NIA_split/QF_NIA_2_9//20170427-VeryMax/ITS/From_AProVE_2014__juHashMapCreateClear.jar-obl-11__p30629_safety_0.smt2 : 600054 ms.
--------------------------------------------------
sat
../QF_NIA_split/QF_NIA_2_9//20170427-VeryMax/ITS/From_AProVE_2014__juHashMapCreateClear.jar-obl-11__p30630_safety_0.smt2 : 178142 ms.
--------------------------------------------------
sat
../QF_NIA_split/QF_NIA_2_9//20170427-VeryMax/ITS/From_AProVE_2014__juHashMapCreateClear.jar-obl-11__p30634_safety_0.smt2 : 55576 ms.
--------------------------------------------------
sat
../QF_NIA_split/QF_NIA_2_9//20170427-VeryMax/ITS/From_AProVE_2014__juHashMapCreateClear.jar-obl-11__p30635_safety_0.smt2 : 176915 ms.
--------------------------------------------------
sat
../QF_NIA_split/QF_NIA_2_9//20170427-VeryMax/ITS/From_AProVE_2014__juHashMapCreateClear.jar-obl-11__p30639_safety_0.smt2 : 12673 ms.
--------------------------------------------------
sat
../QF_NIA_split/QF_NIA_2_9//20170427-VeryMax/ITS/From_AProVE_2014__juHashMapCreateClear.jar-obl-11__p30640_safety_0.smt2 : 2321 ms.
--------------------------------------------------
sat
../QF_NIA_split/QF_NIA_2_9//20170427-VeryMax/ITS/From_AProVE_2014__juHashMapCreateClear.jar-obl-11__p30643_safety_0.smt2 : 2384 ms.
--------------------------------------------------
sat
../QF_NIA_split/QF_NIA_2_9//20170427-VeryMax/ITS/From_AProVE_2014__juHashMapCreateClear.jar-obl-11__p30644_safety_0.smt2 : 382913 ms.
--------------------------------------------------
sat
../QF_NIA_split/QF_NIA_2_9//20170427-VeryMax/ITS/From_AProVE_2014__juHashMapCreateClear.jar-obl-11__p30645_safety_0.smt2 : 562276 ms.
--------------------------------------------------
sat
../QF_NIA_split/QF_NIA_2_9//20170427-VeryMax/ITS/From_AProVE_2014__juHashMapCreateClear.jar-obl-11__p30649_safety_0.smt2 : 17180 ms.
--------------------------------------------------
sat
../QF_NIA_split/QF_NIA_2_9//20170427-VeryMax/ITS/From_AProVE_2014__juHashMapCreateClear.jar-obl-11__p30652_safety_0.smt2 : 1030 ms.
--------------------------------------------------
sat
../QF_NIA_split/QF_NIA_2_9//20170427-VeryMax/ITS/From_AProVE_2014__juHashMapCreateClear.jar-obl-11__p30653_safety_0.smt2 : 2491 ms.
--------------------------------------------------
sat
../QF_NIA_split/QF_NIA_2_9//20170427-VeryMax/ITS/From_AProVE_2014__juHashMapCreateClear.jar-obl-11__p30655_safety_0.smt2 : 8416 ms.
--------------------------------------------------
timeout
../QF_NIA_split/QF_NIA_2_9//20170427-VeryMax/ITS/From_AProVE_2014__juHashMapCreateClear.jar-obl-11__p30656_safety_0.smt2 : 600067 ms.
--------------------------------------------------
sat
../QF_NIA_split/QF_NIA_2_9//20170427-VeryMax/ITS/From_AProVE_2014__juHashMapCreateClear.jar-obl-11__p30658_safety_0.smt2 : 42542 ms.
--------------------------------------------------
sat
../QF_NIA_split/QF_NIA_2_9//20170427-VeryMax/ITS/From_AProVE_2014__juHashMapCreateClear.jar-obl-11__p30659_safety_0.smt2 : 2494 ms.
--------------------------------------------------
sat
../QF_NIA_split/QF_NIA_2_9//20170427-VeryMax/ITS/From_AProVE_2014__juHashMapCreateClear.jar-obl-11__p30662_terminationG_0.smt2 : 3071 ms.
--------------------------------------------------
timeout
../QF_NIA_split/QF_NIA_2_9//20170427-VeryMax/ITS/From_AProVE_2014__juHashMapCreateClear.jar-obl-11__p30663_terminationG_0.smt2 : 600028 ms.
--------------------------------------------------
timeout
../QF_NIA_split/QF_NIA_2_9//20170427-VeryMax/ITS/From_AProVE_2014__juHashMapCreateClear.jar-obl-11__p30664_terminationG_0.smt2 : 600069 ms.
--------------------------------------------------
sat
../QF_NIA_split/QF_NIA_2_9//20170427-VeryMax/ITS/From_AProVE_2014__juHashMapCreateClear.jar-obl-11__p30674_safety_0.smt2 : 775 ms.
--------------------------------------------------
sat
../QF_NIA_split/QF_NIA_2_9//20170427-VeryMax/ITS/From_AProVE_2014__juHashMapCreateClear.jar-obl-11__p30675_safety_0.smt2 : 5244 ms.
--------------------------------------------------
sat
../QF_NIA_split/QF_NIA_2_9//20170427-VeryMax/ITS/From_AProVE_2014__juHashMapCreateClear.jar-obl-11__p30676_safety_0.smt2 : 1502 ms.
--------------------------------------------------
sat
../QF_NIA_split/QF_NIA_2_9//20170427-VeryMax/ITS/From_AProVE_2014__juHashMapCreateClear.jar-obl-11__p30680_safety_0.smt2 : 4115 ms.
--------------------------------------------------
sat
../QF_NIA_split/QF_NIA_2_9//20170427-VeryMax/ITS/From_AProVE_2014__juHashMapCreateClear.jar-obl-11__p30681_safety_0.smt2 : 61906 ms.
--------------------------------------------------
sat
../QF_NIA_split/QF_NIA_2_9//20170427-VeryMax/ITS/From_AProVE_2014__juHashMapCreateClear.jar-obl-11__p30685_safety_0.smt2 : 16423 ms.
--------------------------------------------------
sat
../QF_NIA_split/QF_NIA_2_9//20170427-VeryMax/ITS/From_AProVE_2014__juHashMapCreateClear.jar-obl-11__p30686_safety_0.smt2 : 2289 ms.
--------------------------------------------------
timeout
../QF_NIA_split/QF_NIA_2_9//20170427-VeryMax/ITS/From_AProVE_2014__juHashMapCreateClear.jar-obl-11__p30692_safety_0.smt2 : 600042 ms.
--------------------------------------------------
timeout
../QF_NIA_split/QF_NIA_2_9//20170427-VeryMax/ITS/From_AProVE_2014__juHashMapCreateClear.jar-obl-11__p30693_safety_0.smt2 : 600061 ms.
--------------------------------------------------
sat
../QF_NIA_split/QF_NIA_2_9//20170427-VeryMax/ITS/From_AProVE_2014__juHashMapCreateClear.jar-obl-11__p30696_safety_0.smt2 : 442248 ms.
--------------------------------------------------
unsat
../QF_NIA_split/QF_NIA_2_9//20170427-VeryMax/ITS/From_AProVE_2014__juHashMapCreateClear.jar-obl-11__p30699_safety_0.smt2 : 2268 ms.
--------------------------------------------------
timeout
../QF_NIA_split/QF_NIA_2_9//20170427-VeryMax/ITS/From_AProVE_2014__juHashMapCreateClear.jar-obl-11__p30700_safety_0.smt2 : 600044 ms.
--------------------------------------------------
timeout
../QF_NIA_split/QF_NIA_2_9//20170427-VeryMax/ITS/From_AProVE_2014__juHashMapCreateClear.jar-obl-11__p30701_safety_0.smt2 : 600051 ms.
--------------------------------------------------
unsat
../QF_NIA_split/QF_NIA_2_9//20170427-VeryMax/ITS/From_AProVE_2014__juHashMapCreateClear.jar-obl-11__p30704_safety_0.smt2 : 5844 ms.
--------------------------------------------------
timeout
../QF_NIA_split/QF_NIA_2_9//20170427-VeryMax/ITS/From_AProVE_2014__juHashMapCreateClear.jar-obl-11__p30705_safety_0.smt2 : 600037 ms.
--------------------------------------------------
timeout
../QF_NIA_split/QF_NIA_2_9//20170427-VeryMax/ITS/From_AProVE_2014__juHashMapCreateClear.jar-obl-11__p30706_safety_0.smt2 : 600055 ms.
--------------------------------------------------
sat
../QF_NIA_split/QF_NIA_2_9//20170427-VeryMax/ITS/From_AProVE_2014__juHashMapCreateClear.jar-obl-11__p30709_safety_0.smt2 : 2972 ms.
--------------------------------------------------
sat
../QF_NIA_split/QF_NIA_2_9//20170427-VeryMax/ITS/From_AProVE_2014__juHashMapCreateClear.jar-obl-11__p30710_safety_0.smt2 : 3781 ms.
--------------------------------------------------
sat
../QF_NIA_split/QF_NIA_2_9//20170427-VeryMax/ITS/From_AProVE_2014__juHashMapCreateClear.jar-obl-11__p30711_safety_0.smt2 : 418 ms.
--------------------------------------------------
sat
../QF_NIA_split/QF_NIA_2_9//20170427-VeryMax/ITS/From_AProVE_2014__juHashMapCreateClear.jar-obl-11__p30712_safety_0.smt2 : 54516 ms.
--------------------------------------------------
sat
../QF_NIA_split/QF_NIA_2_9//20170427-VeryMax/ITS/From_AProVE_2014__juHashMapCreateClear.jar-obl-11__p30713_safety_0.smt2 : 2837 ms.
--------------------------------------------------
sat
../QF_NIA_split/QF_NIA_2_9//20170427-VeryMax/ITS/From_AProVE_2014__juHashMapCreateClear.jar-obl-11__p30718_safety_0.smt2 : 9782 ms.
--------------------------------------------------
sat
../QF_NIA_split/QF_NIA_2_9//20170427-VeryMax/ITS/From_AProVE_2014__juHashMapCreateClear.jar-obl-11__p30722_safety_0.smt2 : 3051 ms.
--------------------------------------------------
timeout
../QF_NIA_split/QF_NIA_2_9//20170427-VeryMax/ITS/From_AProVE_2014__juHashMapCreateClear.jar-obl-11__p30726_safety_0.smt2 : 600054 ms.
--------------------------------------------------
timeout
../QF_NIA_split/QF_NIA_2_9//20170427-VeryMax/ITS/From_AProVE_2014__juHashMapCreateClear.jar-obl-11__p30731_safety_0.smt2 : 600048 ms.
--------------------------------------------------
sat
../QF_NIA_split/QF_NIA_2_9//20170427-VeryMax/ITS/From_AProVE_2014__juHashMapCreateClear.jar-obl-11__p30733_safety_0.smt2 : 170993 ms.
--------------------------------------------------
sat
../QF_NIA_split/QF_NIA_2_9//20170427-VeryMax/ITS/From_AProVE_2014__juHashMapCreateClear.jar-obl-11__p30734_safety_0.smt2 : 5487 ms.
--------------------------------------------------
sat
../QF_NIA_split/QF_NIA_2_9//20170427-VeryMax/ITS/From_AProVE_2014__juHashMapCreateClear.jar-obl-11__p30738_safety_0.smt2 : 40916 ms.
--------------------------------------------------
sat
../QF_NIA_split/QF_NIA_2_9//20170427-VeryMax/ITS/From_AProVE_2014__juHashMapCreateClear.jar-obl-11__p30739_safety_0.smt2 : 90226 ms.
--------------------------------------------------
sat
../QF_NIA_split/QF_NIA_2_9//20170427-VeryMax/ITS/From_AProVE_2014__juHashMapCreateClear.jar-obl-11__p30741_safety_0.smt2 : 220388 ms.
--------------------------------------------------
sat
../QF_NIA_split/QF_NIA_2_9//20170427-VeryMax/ITS/From_AProVE_2014__juHashMapCreateClear.jar-obl-11__p30742_safety_0.smt2 : 2866 ms.
--------------------------------------------------
sat
../QF_NIA_split/QF_NIA_2_9//20170427-VeryMax/ITS/From_AProVE_2014__juHashMapCreateClear.jar-obl-11__p30745_safety_0.smt2 : 1412 ms.
--------------------------------------------------
sat
../QF_NIA_split/QF_NIA_2_9//20170427-VeryMax/ITS/From_AProVE_2014__juHashMapCreateClear.jar-obl-11__p30746_safety_0.smt2 : 77692 ms.
--------------------------------------------------
sat
../QF_NIA_split/QF_NIA_2_9//20170427-VeryMax/ITS/From_AProVE_2014__juHashMapCreateClear.jar-obl-11__p30747_safety_0.smt2 : 562173 ms.
--------------------------------------------------
unsat
../QF_NIA_split/QF_NIA_2_9//20170427-VeryMax/ITS/From_AProVE_2014__juHashMapCreateClear.jar-obl-11__p30748_safety_0.smt2 : 4230 ms.
--------------------------------------------------
timeout
../QF_NIA_split/QF_NIA_2_9//20170427-VeryMax/ITS/From_AProVE_2014__juHashMapCreateClear.jar-obl-11__p30749_safety_0.smt2 : 600047 ms.
--------------------------------------------------
timeout
../QF_NIA_split/QF_NIA_2_9//20170427-VeryMax/ITS/From_AProVE_2014__juHashMapCreateClear.jar-obl-11__p30750_safety_0.smt2 : 600048 ms.
--------------------------------------------------
sat
../QF_NIA_split/QF_NIA_2_9//20170427-VeryMax/ITS/From_AProVE_2014__juHashMapCreateClear.jar-obl-11__p30751_safety_0.smt2 : 1715 ms.
--------------------------------------------------
sat
../QF_NIA_split/QF_NIA_2_9//20170427-VeryMax/ITS/From_AProVE_2014__juHashMapCreateClear.jar-obl-11__p30752_safety_0.smt2 : 1937 ms.
--------------------------------------------------
sat
../QF_NIA_split/QF_NIA_2_9//20170427-VeryMax/ITS/From_AProVE_2014__juHashMapCreateClear.jar-obl-11__p30753_safety_0.smt2 : 562855 ms.
--------------------------------------------------
sat
../QF_NIA_split/QF_NIA_2_9//20170427-VeryMax/ITS/From_AProVE_2014__juHashMapCreateClear.jar-obl-11__p30762_safety_0.smt2 : 10534 ms.
--------------------------------------------------
sat
../QF_NIA_split/QF_NIA_2_9//20170427-VeryMax/ITS/From_AProVE_2014__juHashMapCreateClear.jar-obl-11__p30763_safety_0.smt2 : 2364 ms.
--------------------------------------------------
timeout
../QF_NIA_split/QF_NIA_2_9//20170427-VeryMax/ITS/From_AProVE_2014__juHashMapCreateClear.jar-obl-11__p30767_safety_0.smt2 : 600057 ms.
--------------------------------------------------
timeout
../QF_NIA_split/QF_NIA_2_9//20170427-VeryMax/ITS/From_AProVE_2014__juHashMapCreateClear.jar-obl-11__p30768_safety_0.smt2 : 600058 ms.
--------------------------------------------------
unsat
../QF_NIA_split/QF_NIA_2_9//20170427-VeryMax/ITS/From_AProVE_2014__juHashMapCreateClear.jar-obl-11__p30771_safety_0.smt2 : 4941 ms.
--------------------------------------------------
timeout
../QF_NIA_split/QF_NIA_2_9//20170427-VeryMax/ITS/From_AProVE_2014__juHashMapCreateClear.jar-obl-11__p30772_safety_0.smt2 : 600061 ms.
--------------------------------------------------
timeout
../QF_NIA_split/QF_NIA_2_9//20170427-VeryMax/ITS/From_AProVE_2014__juHashMapCreateClear.jar-obl-11__p30773_safety_0.smt2 : 600056 ms.
--------------------------------------------------
sat
../QF_NIA_split/QF_NIA_2_9//20170427-VeryMax/ITS/From_AProVE_2014__juHashMapCreateClear.jar-obl-11__p30780_safety_0.smt2 : 6015 ms.
--------------------------------------------------
timeout
../QF_NIA_split/QF_NIA_2_9//20170427-VeryMax/ITS/From_AProVE_2014__juHashMapCreateClear.jar-obl-11__p30781_safety_0.smt2 : 600054 ms.
--------------------------------------------------
timeout
../QF_NIA_split/QF_NIA_2_9//20170427-VeryMax/ITS/From_AProVE_2014__juHashMapCreateClear.jar-obl-11__p30784_safety_0.smt2 : 600058 ms.
--------------------------------------------------
sat
../QF_NIA_split/QF_NIA_2_9//20170427-VeryMax/ITS/From_AProVE_2014__juHashMapCreateClear.jar-obl-11__p30786_safety_0.smt2 : 1565 ms.
--------------------------------------------------
sat
../QF_NIA_split/QF_NIA_2_9//20170427-VeryMax/ITS/From_AProVE_2014__juHashMapCreateClear.jar-obl-11__p30787_safety_0.smt2 : 22619 ms.
--------------------------------------------------
sat
../QF_NIA_split/QF_NIA_2_9//20170427-VeryMax/ITS/From_AProVE_2014__juHashMapCreateClear.jar-obl-11__p30788_safety_0.smt2 : 928 ms.
--------------------------------------------------
sat
../QF_NIA_split/QF_NIA_2_9//20170427-VeryMax/ITS/From_AProVE_2014__juHashMapCreateClear.jar-obl-11__p30789_safety_0.smt2 : 3357 ms.
--------------------------------------------------
timeout
../QF_NIA_split/QF_NIA_2_9//20170427-VeryMax/ITS/From_AProVE_2014__juHashMapCreateClear.jar-obl-11__p30790_safety_0.smt2 : 600049 ms.
--------------------------------------------------
sat
../QF_NIA_split/QF_NIA_2_9//20170427-VeryMax/ITS/From_AProVE_2014__juHashMapCreateClear.jar-obl-11__p30797_safety_0.smt2 : 22744 ms.
--------------------------------------------------
timeout
../QF_NIA_split/QF_NIA_2_9//20170427-VeryMax/ITS/From_AProVE_2014__juHashMapCreateClear.jar-obl-11__p30798_safety_0.smt2 : 600055 ms.
--------------------------------------------------
sat
../QF_NIA_split/QF_NIA_2_9//20170427-VeryMax/ITS/From_AProVE_2014__juHashMapCreateClear.jar-obl-11__p30800_safety_0.smt2 : 374840 ms.
--------------------------------------------------
timeout
../QF_NIA_split/QF_NIA_2_9//20170427-VeryMax/ITS/From_AProVE_2014__juHashMapCreateClear.jar-obl-11__p30801_safety_0.smt2 : 600052 ms.
--------------------------------------------------
sat
../QF_NIA_split/QF_NIA_2_9//20170427-VeryMax/ITS/From_AProVE_2014__juHashMapCreateClear.jar-obl-11__p30803_safety_0.smt2 : 23545 ms.
--------------------------------------------------
sat
../QF_NIA_split/QF_NIA_2_9//20170427-VeryMax/ITS/From_AProVE_2014__juHashMapCreateClear.jar-obl-11__p30804_safety_0.smt2 : 2543 ms.
--------------------------------------------------
sat
../QF_NIA_split/QF_NIA_2_9//20170427-VeryMax/ITS/From_AProVE_2014__juHashMapCreateClear.jar-obl-11__p30805_safety_0.smt2 : 2674 ms.
--------------------------------------------------
sat
../QF_NIA_split/QF_NIA_2_9//20170427-VeryMax/ITS/From_AProVE_2014__juHashMapCreateClear.jar-obl-11__p30806_safety_0.smt2 : 257594 ms.
--------------------------------------------------
timeout
../QF_NIA_split/QF_NIA_2_9//20170427-VeryMax/ITS/From_AProVE_2014__juHashMapCreateClear.jar-obl-11__p30807_safety_0.smt2 : 600047 ms.
--------------------------------------------------
sat
../QF_NIA_split/QF_NIA_2_9//20170427-VeryMax/ITS/From_AProVE_2014__juHashMapCreateClear.jar-obl-11__p30811_safety_0.smt2 : 1669 ms.
--------------------------------------------------
sat
../QF_NIA_split/QF_NIA_2_9//20170427-VeryMax/ITS/From_AProVE_2014__juHashMapCreateClear.jar-obl-11__p30814_safety_0.smt2 : 1210 ms.
--------------------------------------------------
timeout
../QF_NIA_split/QF_NIA_2_9//20170427-VeryMax/ITS/From_AProVE_2014__juHashMapCreateClear.jar-obl-11__p30815_safety_0.smt2 : 600050 ms.
--------------------------------------------------
sat
../QF_NIA_split/QF_NIA_2_9//20170427-VeryMax/ITS/From_AProVE_2014__juHashMapCreateClear.jar-obl-11__p30817_safety_0.smt2 : 2196 ms.
--------------------------------------------------
sat
../QF_NIA_split/QF_NIA_2_9//20170427-VeryMax/ITS/From_AProVE_2014__juHashMapCreateClear.jar-obl-11__p30818_safety_0.smt2 : 198004 ms.
--------------------------------------------------
unsat
../QF_NIA_split/QF_NIA_2_9//20170427-VeryMax/ITS/From_AProVE_2014__juHashMapCreateClear.jar-obl-11__p30819_safety_0.smt2 : 8491 ms.
--------------------------------------------------
timeout
../QF_NIA_split/QF_NIA_2_9//20170427-VeryMax/ITS/From_AProVE_2014__juHashMapCreateClear.jar-obl-11__p30820_safety_0.smt2 : 600056 ms.
--------------------------------------------------
timeout
../QF_NIA_split/QF_NIA_2_9//20170427-VeryMax/ITS/From_AProVE_2014__juHashMapCreateClear.jar-obl-11__p30821_safety_0.smt2 : 600055 ms.
--------------------------------------------------
timeout
../QF_NIA_split/QF_NIA_2_9//20170427-VeryMax/ITS/From_AProVE_2014__juHashMapCreateClear.jar-obl-11__p30824_terminationG_0.smt2 : 600040 ms.
--------------------------------------------------
timeout
../QF_NIA_split/QF_NIA_2_9//20170427-VeryMax/ITS/From_AProVE_2014__juHashMapCreateClear.jar-obl-11__p30825_terminationG_0.smt2 : 600041 ms.
--------------------------------------------------
timeout
../QF_NIA_split/QF_NIA_2_9//20170427-VeryMax/ITS/From_AProVE_2014__juHashMapCreateClear.jar-obl-11__p30826_terminationG_0.smt2 : 600043 ms.
--------------------------------------------------
timeout
../QF_NIA_split/QF_NIA_2_9//20170427-VeryMax/ITS/From_AProVE_2014__juHashMapCreateClear.jar-obl-11__p30828_edge_closing_0.smt2 : 600051 ms.
--------------------------------------------------
timeout
../QF_NIA_split/QF_NIA_2_9//20170427-VeryMax/ITS/From_AProVE_2014__juHashMapCreateClear.jar-obl-11__p30829_edge_closing_0.smt2 : 600041 ms.
--------------------------------------------------
timeout
../QF_NIA_split/QF_NIA_2_9//20170427-VeryMax/ITS/From_AProVE_2014__juHashMapCreateClear.jar-obl-11__p30830_edge_closing_0.smt2 : 600046 ms.
--------------------------------------------------
unsat
../QF_NIA_split/QF_NIA_2_9//20170427-VeryMax/ITS/From_AProVE_2014__juHashMapCreateClear.jar-obl-11__terminationQ_0_0.smt2 : 8349 ms.
--------------------------------------------------
unsat
../QF_NIA_split/QF_NIA_2_9//20170427-VeryMax/ITS/From_AProVE_2014__juHashMapCreateClear.jar-obl-11__terminationS_0_0.smt2 : 13238 ms.
--------------------------------------------------
unsat
../QF_NIA_split/QF_NIA_2_9//20170427-VeryMax/ITS/From_AProVE_2014__juHashMapCreateClear.jar-obl-11__terminationS_1_0.smt2 : 12778 ms.
--------------------------------------------------
unsat
../QF_NIA_split/QF_NIA_2_9//20170427-VeryMax/ITS/From_AProVE_2014__juHashMapCreateClear.jar-obl-11__terminationS_2_0.smt2 : 9804 ms.
--------------------------------------------------
unsat
../QF_NIA_split/QF_NIA_2_9//20170427-VeryMax/ITS/From_AProVE_2014__juHashMapCreateClear.jar-obl-11__terminationS_3_0.smt2 : 14446 ms.
--------------------------------------------------
unsat
../QF_NIA_split/QF_NIA_2_9//20170427-VeryMax/ITS/From_AProVE_2014__juHashMapCreateClear.jar-obl-11__term_unfeasibility_0_0.smt2 : 119 ms.
--------------------------------------------------
unsat
../QF_NIA_split/QF_NIA_2_9//20170427-VeryMax/ITS/From_AProVE_2014__juHashMapCreateClear.jar-obl-11__term_unfeasibility_2_0.smt2 : 999 ms.
